2021-07-01 16:12:12.821399: I tensorflow/stream_executor/platform/default/dso_loader.cc:48] Successfully opened dynamic library libcudart.so.10.1
2021-07-01 16:13:33.221228: I tensorflow/stream_executor/platform/default/dso_loader.cc:48] Successfully opened dynamic library libcuda.so.1
2021-07-01 16:13:33.245380: I tensorflow/core/common_runtime/gpu/gpu_device.cc:1716] Found device 0 with properties: 
pciBusID: 0000:82:00.0 name: NVIDIA TITAN Xp computeCapability: 6.1
coreClock: 1.582GHz coreCount: 30 deviceMemorySize: 11.91GiB deviceMemoryBandwidth: 510.07GiB/s
2021-07-01 16:13:33.245458: I tensorflow/stream_executor/platform/default/dso_loader.cc:48] Successfully opened dynamic library libcudart.so.10.1
2021-07-01 16:13:33.287912: I tensorflow/stream_executor/platform/default/dso_loader.cc:48] Successfully opened dynamic library libcublas.so.10
2021-07-01 16:13:33.309074: I tensorflow/stream_executor/platform/default/dso_loader.cc:48] Successfully opened dynamic library libcufft.so.10
2021-07-01 16:13:34.554883: I tensorflow/stream_executor/platform/default/dso_loader.cc:48] Successfully opened dynamic library libcurand.so.10
2021-07-01 16:13:34.648010: I tensorflow/stream_executor/platform/default/dso_loader.cc:48] Successfully opened dynamic library libcusolver.so.10
2021-07-01 16:13:34.667137: I tensorflow/stream_executor/platform/default/dso_loader.cc:48] Successfully opened dynamic library libcusparse.so.10
2021-07-01 16:13:34.787586: I tensorflow/stream_executor/platform/default/dso_loader.cc:48] Successfully opened dynamic library libcudnn.so.7
2021-07-01 16:13:34.792928: I tensorflow/core/common_runtime/gpu/gpu_device.cc:1858] Adding visible gpu devices: 0
2021-07-01 16:13:34.797197: I tensorflow/core/platform/cpu_feature_guard.cc:142] This TensorFlow binary is optimized with oneAPI Deep Neural Network Library (oneDNN)to use the following CPU instructions in performance-critical operations:  AVX2 FMA
To enable them in other operations, rebuild TensorFlow with the appropriate compiler flags.
2021-07-01 16:13:34.815965: I tensorflow/core/platform/profile_utils/cpu_utils.cc:104] CPU Frequency: 2599870000 Hz
2021-07-01 16:13:34.816105: I tensorflow/compiler/xla/service/service.cc:168] XLA service 0x46e4850 initialized for platform Host (this does not guarantee that XLA will be used). Devices:
2021-07-01 16:13:34.816130: I tensorflow/compiler/xla/service/service.cc:176]   StreamExecutor device (0): Host, Default Version
2021-07-01 16:13:35.066468: I tensorflow/compiler/xla/service/service.cc:168] XLA service 0x46c4f10 initialized for platform CUDA (this does not guarantee that XLA will be used). Devices:
2021-07-01 16:13:35.066542: I tensorflow/compiler/xla/service/service.cc:176]   StreamExecutor device (0): NVIDIA TITAN Xp, Compute Capability 6.1
2021-07-01 16:13:35.069782: I tensorflow/core/common_runtime/gpu/gpu_device.cc:1716] Found device 0 with properties: 
pciBusID: 0000:82:00.0 name: NVIDIA TITAN Xp computeCapability: 6.1
coreClock: 1.582GHz coreCount: 30 deviceMemorySize: 11.91GiB deviceMemoryBandwidth: 510.07GiB/s
2021-07-01 16:13:35.069828: I tensorflow/stream_executor/platform/default/dso_loader.cc:48] Successfully opened dynamic library libcudart.so.10.1
2021-07-01 16:13:35.069864: I tensorflow/stream_executor/platform/default/dso_loader.cc:48] Successfully opened dynamic library libcublas.so.10
2021-07-01 16:13:35.069889: I tensorflow/stream_executor/platform/default/dso_loader.cc:48] Successfully opened dynamic library libcufft.so.10
2021-07-01 16:13:35.069913: I tensorflow/stream_executor/platform/default/dso_loader.cc:48] Successfully opened dynamic library libcurand.so.10
2021-07-01 16:13:35.069937: I tensorflow/stream_executor/platform/default/dso_loader.cc:48] Successfully opened dynamic library libcusolver.so.10
2021-07-01 16:13:35.069961: I tensorflow/stream_executor/platform/default/dso_loader.cc:48] Successfully opened dynamic library libcusparse.so.10
2021-07-01 16:13:35.069985: I tensorflow/stream_executor/platform/default/dso_loader.cc:48] Successfully opened dynamic library libcudnn.so.7
2021-07-01 16:13:35.074366: I tensorflow/core/common_runtime/gpu/gpu_device.cc:1858] Adding visible gpu devices: 0
2021-07-01 16:13:35.076382: I tensorflow/stream_executor/platform/default/dso_loader.cc:48] Successfully opened dynamic library libcudart.so.10.1
2021-07-01 16:13:40.965813: I tensorflow/core/common_runtime/gpu/gpu_device.cc:1257] Device interconnect StreamExecutor with strength 1 edge matrix:
2021-07-01 16:13:40.965897: I tensorflow/core/common_runtime/gpu/gpu_device.cc:1263]      0 
2021-07-01 16:13:40.965912: I tensorflow/core/common_runtime/gpu/gpu_device.cc:1276] 0:   N 
2021-07-01 16:13:40.975636: I tensorflow/core/common_runtime/gpu/gpu_device.cc:1402] Created TensorFlow device (/job:localhost/replica:0/task:0/device:GPU:0 with 11218 MB memory) -> physical GPU (device: 0, name: NVIDIA TITAN Xp, pci bus id: 0000:82:00.0, compute capability: 6.1)
2021-07-01 16:13:47.143231: I tensorflow/stream_executor/platform/default/dso_loader.cc:48] Successfully opened dynamic library libcudnn.so.7
2021-07-01 16:14:04.508000: I tensorflow/stream_executor/platform/default/dso_loader.cc:48] Successfully opened dynamic library libcublas.so.10
Using model index: 5
Making train data...
GCN...
ZCA...
Done!
Making test data...
Done!
Epoch 1/350


Snapshot weight 5 shuffle 0 at epoch 1
Layer 11
Getting activations...


391/391 - 24s - loss: 2.3075 - accuracy: 0.1147 - val_loss: 2.2389 - val_accuracy: 0.1670
Epoch 2/350


Snapshot weight 5 shuffle 0 at epoch 2
Layer 11
Getting activations...


391/391 - 23s - loss: 2.1734 - accuracy: 0.2016 - val_loss: 2.1145 - val_accuracy: 0.2395
Epoch 3/350


Snapshot weight 5 shuffle 0 at epoch 3
Layer 11
Getting activations...


391/391 - 24s - loss: 1.9171 - accuracy: 0.3193 - val_loss: 1.8052 - val_accuracy: 0.3587
Epoch 4/350


Snapshot weight 5 shuffle 0 at epoch 4
Layer 11
Getting activations...


391/391 - 24s - loss: 1.6098 - accuracy: 0.4263 - val_loss: 1.4065 - val_accuracy: 0.5036
Epoch 5/350


Snapshot weight 5 shuffle 0 at epoch 5
Layer 11
Getting activations...


391/391 - 24s - loss: 1.4181 - accuracy: 0.4970 - val_loss: 1.3432 - val_accuracy: 0.5272
Epoch 6/350


Snapshot weight 5 shuffle 0 at epoch 6
Layer 11
Getting activations...


391/391 - 24s - loss: 1.3135 - accuracy: 0.5384 - val_loss: 1.1515 - val_accuracy: 0.5986
Epoch 7/350


Snapshot weight 5 shuffle 0 at epoch 7
Layer 11
Getting activations...


391/391 - 24s - loss: 1.2229 - accuracy: 0.5731 - val_loss: 1.0854 - val_accuracy: 0.6164
Epoch 8/350


Snapshot weight 5 shuffle 0 at epoch 8
Layer 11
Getting activations...


391/391 - 24s - loss: 1.1358 - accuracy: 0.6042 - val_loss: 1.1659 - val_accuracy: 0.6084
Epoch 9/350


Snapshot weight 5 shuffle 0 at epoch 9
Layer 11
Getting activations...


391/391 - 24s - loss: 1.0939 - accuracy: 0.6191 - val_loss: 1.0212 - val_accuracy: 0.6489
Epoch 10/350


Snapshot weight 5 shuffle 0 at epoch 10
Layer 11
Getting activations...


391/391 - 24s - loss: 1.0370 - accuracy: 0.6382 - val_loss: 0.9809 - val_accuracy: 0.6556
Epoch 11/350
391/391 - 24s - loss: 0.9906 - accuracy: 0.6574 - val_loss: 0.8809 - val_accuracy: 0.7002
Epoch 12/350
391/391 - 24s - loss: 0.9517 - accuracy: 0.6721 - val_loss: 0.8950 - val_accuracy: 0.6940
Epoch 13/350
391/391 - 24s - loss: 0.9087 - accuracy: 0.6886 - val_loss: 0.8208 - val_accuracy: 0.7267
Epoch 14/350
391/391 - 24s - loss: 0.8765 - accuracy: 0.7000 - val_loss: 0.7799 - val_accuracy: 0.7344
Epoch 15/350
391/391 - 24s - loss: 0.8412 - accuracy: 0.7126 - val_loss: 0.8376 - val_accuracy: 0.7261
Epoch 16/350
391/391 - 24s - loss: 0.8110 - accuracy: 0.7242 - val_loss: 0.7461 - val_accuracy: 0.7477
Epoch 17/350
391/391 - 24s - loss: 0.7785 - accuracy: 0.7352 - val_loss: 0.8252 - val_accuracy: 0.7351
Epoch 18/350
391/391 - 24s - loss: 0.7488 - accuracy: 0.7488 - val_loss: 0.6832 - val_accuracy: 0.7730
Epoch 19/350
391/391 - 24s - loss: 0.7406 - accuracy: 0.7518 - val_loss: 0.6677 - val_accuracy: 0.7762
Epoch 20/350
391/391 - 24s - loss: 0.7106 - accuracy: 0.7630 - val_loss: 0.6717 - val_accuracy: 0.7767
Epoch 21/350
391/391 - 24s - loss: 0.6897 - accuracy: 0.7677 - val_loss: 0.6999 - val_accuracy: 0.7766
Epoch 22/350
391/391 - 24s - loss: 0.6656 - accuracy: 0.7772 - val_loss: 0.6303 - val_accuracy: 0.7888
Epoch 23/350
391/391 - 24s - loss: 0.6464 - accuracy: 0.7862 - val_loss: 0.6004 - val_accuracy: 0.8042
Epoch 24/350
391/391 - 24s - loss: 0.6350 - accuracy: 0.7898 - val_loss: 0.5928 - val_accuracy: 0.8100
Epoch 25/350
391/391 - 24s - loss: 0.6094 - accuracy: 0.8018 - val_loss: 0.6290 - val_accuracy: 0.7969
Epoch 26/350
391/391 - 24s - loss: 0.6043 - accuracy: 0.7991 - val_loss: 0.5883 - val_accuracy: 0.8133
Epoch 27/350
391/391 - 24s - loss: 0.5849 - accuracy: 0.8063 - val_loss: 0.5666 - val_accuracy: 0.8192
Epoch 28/350
391/391 - 24s - loss: 0.5767 - accuracy: 0.8095 - val_loss: 0.5277 - val_accuracy: 0.8275
Epoch 29/350
391/391 - 24s - loss: 0.5661 - accuracy: 0.8141 - val_loss: 0.5377 - val_accuracy: 0.8273
Epoch 30/350
391/391 - 24s - loss: 0.5634 - accuracy: 0.8163 - val_loss: 0.5960 - val_accuracy: 0.8037
Epoch 31/350
391/391 - 24s - loss: 0.5462 - accuracy: 0.8214 - val_loss: 0.5305 - val_accuracy: 0.8312
Epoch 32/350
391/391 - 24s - loss: 0.5295 - accuracy: 0.8273 - val_loss: 0.5193 - val_accuracy: 0.8359
Epoch 33/350
391/391 - 24s - loss: 0.5316 - accuracy: 0.8249 - val_loss: 0.5394 - val_accuracy: 0.8234
Epoch 34/350
391/391 - 24s - loss: 0.5183 - accuracy: 0.8304 - val_loss: 0.5062 - val_accuracy: 0.8371
Epoch 35/350
391/391 - 24s - loss: 0.5095 - accuracy: 0.8324 - val_loss: 0.4887 - val_accuracy: 0.8466
Epoch 36/350
391/391 - 24s - loss: 0.4943 - accuracy: 0.8388 - val_loss: 0.5050 - val_accuracy: 0.8393
Epoch 37/350
391/391 - 24s - loss: 0.4784 - accuracy: 0.8443 - val_loss: 0.4899 - val_accuracy: 0.8419
Epoch 38/350
391/391 - 24s - loss: 0.4902 - accuracy: 0.8403 - val_loss: 0.5402 - val_accuracy: 0.8343
Epoch 39/350
391/391 - 24s - loss: 0.4712 - accuracy: 0.8457 - val_loss: 0.5029 - val_accuracy: 0.8394
Epoch 40/350
391/391 - 24s - loss: 0.4656 - accuracy: 0.8481 - val_loss: 0.4703 - val_accuracy: 0.8508
Epoch 41/350
391/391 - 24s - loss: 0.4629 - accuracy: 0.8496 - val_loss: 0.4661 - val_accuracy: 0.8522
Epoch 42/350
391/391 - 24s - loss: 0.4594 - accuracy: 0.8510 - val_loss: 0.5473 - val_accuracy: 0.8358
Epoch 43/350
391/391 - 24s - loss: 0.4477 - accuracy: 0.8552 - val_loss: 0.5077 - val_accuracy: 0.8428
Epoch 44/350
391/391 - 24s - loss: 0.4392 - accuracy: 0.8593 - val_loss: 0.4844 - val_accuracy: 0.8435
Epoch 45/350
391/391 - 24s - loss: 0.4339 - accuracy: 0.8604 - val_loss: 0.5095 - val_accuracy: 0.8344
Epoch 46/350
391/391 - 24s - loss: 0.4277 - accuracy: 0.8615 - val_loss: 0.4594 - val_accuracy: 0.8568
Epoch 47/350
391/391 - 24s - loss: 0.4218 - accuracy: 0.8628 - val_loss: 0.4692 - val_accuracy: 0.8536
Epoch 48/350
391/391 - 24s - loss: 0.4156 - accuracy: 0.8651 - val_loss: 0.5275 - val_accuracy: 0.8411
Epoch 49/350
391/391 - 24s - loss: 0.4174 - accuracy: 0.8661 - val_loss: 0.4821 - val_accuracy: 0.8516
Epoch 50/350


Snapshot weight 5 shuffle 0 at epoch 50
Layer 11
Getting activations...


391/391 - 24s - loss: 0.4104 - accuracy: 0.8672 - val_loss: 0.5213 - val_accuracy: 0.8421
Epoch 51/350
391/391 - 24s - loss: 0.4040 - accuracy: 0.8706 - val_loss: 0.4578 - val_accuracy: 0.8561
Epoch 52/350
391/391 - 24s - loss: 0.4035 - accuracy: 0.8710 - val_loss: 0.4428 - val_accuracy: 0.8619
Epoch 53/350
391/391 - 24s - loss: 0.3906 - accuracy: 0.8755 - val_loss: 0.4528 - val_accuracy: 0.8603
Epoch 54/350
391/391 - 23s - loss: 0.3916 - accuracy: 0.8768 - val_loss: 0.4321 - val_accuracy: 0.8659
Epoch 55/350
391/391 - 24s - loss: 0.3818 - accuracy: 0.8790 - val_loss: 0.4745 - val_accuracy: 0.8583
Epoch 56/350
391/391 - 24s - loss: 0.3800 - accuracy: 0.8774 - val_loss: 0.4481 - val_accuracy: 0.8615
Epoch 57/350
391/391 - 24s - loss: 0.3742 - accuracy: 0.8797 - val_loss: 0.4336 - val_accuracy: 0.8653
Epoch 58/350
391/391 - 24s - loss: 0.3692 - accuracy: 0.8830 - val_loss: 0.4241 - val_accuracy: 0.8710
Epoch 59/350
391/391 - 24s - loss: 0.3706 - accuracy: 0.8823 - val_loss: 0.4443 - val_accuracy: 0.8642
Epoch 60/350
391/391 - 24s - loss: 0.3603 - accuracy: 0.8856 - val_loss: 0.4345 - val_accuracy: 0.8677
Epoch 61/350
391/391 - 24s - loss: 0.3580 - accuracy: 0.8856 - val_loss: 0.4426 - val_accuracy: 0.8657
Epoch 62/350
391/391 - 24s - loss: 0.3627 - accuracy: 0.8844 - val_loss: 0.4213 - val_accuracy: 0.8707
Epoch 63/350
391/391 - 24s - loss: 0.3531 - accuracy: 0.8879 - val_loss: 0.4206 - val_accuracy: 0.8744
Epoch 64/350
391/391 - 24s - loss: 0.3481 - accuracy: 0.8889 - val_loss: 0.4542 - val_accuracy: 0.8619
Epoch 65/350
391/391 - 24s - loss: 0.3433 - accuracy: 0.8913 - val_loss: 0.4054 - val_accuracy: 0.8783
Epoch 66/350
391/391 - 24s - loss: 0.3439 - accuracy: 0.8900 - val_loss: 0.4264 - val_accuracy: 0.8672
Epoch 67/350
391/391 - 24s - loss: 0.3425 - accuracy: 0.8916 - val_loss: 0.4403 - val_accuracy: 0.8705
Epoch 68/350
391/391 - 24s - loss: 0.3426 - accuracy: 0.8911 - val_loss: 0.4549 - val_accuracy: 0.8688
Epoch 69/350
391/391 - 24s - loss: 0.3311 - accuracy: 0.8954 - val_loss: 0.4239 - val_accuracy: 0.8786
Epoch 70/350
391/391 - 24s - loss: 0.3317 - accuracy: 0.8954 - val_loss: 0.4486 - val_accuracy: 0.8671
Epoch 71/350
391/391 - 24s - loss: 0.3310 - accuracy: 0.8965 - val_loss: 0.4476 - val_accuracy: 0.8698
Epoch 72/350
391/391 - 24s - loss: 0.3285 - accuracy: 0.8973 - val_loss: 0.4302 - val_accuracy: 0.8766
Epoch 73/350
391/391 - 24s - loss: 0.3183 - accuracy: 0.9000 - val_loss: 0.4249 - val_accuracy: 0.8805
Epoch 74/350
391/391 - 24s - loss: 0.3172 - accuracy: 0.9002 - val_loss: 0.4081 - val_accuracy: 0.8782
Epoch 75/350
391/391 - 24s - loss: 0.3155 - accuracy: 0.9018 - val_loss: 0.4689 - val_accuracy: 0.8718
Epoch 76/350
391/391 - 24s - loss: 0.3168 - accuracy: 0.9003 - val_loss: 0.4657 - val_accuracy: 0.8641
Epoch 77/350
391/391 - 24s - loss: 0.3170 - accuracy: 0.9009 - val_loss: 0.4167 - val_accuracy: 0.8793
Epoch 78/350
391/391 - 24s - loss: 0.3042 - accuracy: 0.9067 - val_loss: 0.4190 - val_accuracy: 0.8802
Epoch 79/350
391/391 - 24s - loss: 0.3056 - accuracy: 0.9028 - val_loss: 0.4548 - val_accuracy: 0.8701
Epoch 80/350
391/391 - 23s - loss: 0.3063 - accuracy: 0.9050 - val_loss: 0.4589 - val_accuracy: 0.8743
Epoch 81/350
391/391 - 24s - loss: 0.2960 - accuracy: 0.9075 - val_loss: 0.4288 - val_accuracy: 0.8768
Epoch 82/350
391/391 - 23s - loss: 0.3016 - accuracy: 0.9050 - val_loss: 0.4374 - val_accuracy: 0.8747
Epoch 83/350
391/391 - 24s - loss: 0.2970 - accuracy: 0.9081 - val_loss: 0.4109 - val_accuracy: 0.8795
Epoch 84/350
391/391 - 23s - loss: 0.2971 - accuracy: 0.9090 - val_loss: 0.4204 - val_accuracy: 0.8801
Epoch 85/350
391/391 - 24s - loss: 0.2896 - accuracy: 0.9104 - val_loss: 0.4013 - val_accuracy: 0.8815
Epoch 86/350
391/391 - 23s - loss: 0.2896 - accuracy: 0.9102 - val_loss: 0.4358 - val_accuracy: 0.8792
Epoch 87/350
391/391 - 24s - loss: 0.2860 - accuracy: 0.9112 - val_loss: 0.4306 - val_accuracy: 0.8752
Epoch 88/350
391/391 - 24s - loss: 0.2848 - accuracy: 0.9121 - val_loss: 0.4370 - val_accuracy: 0.8778
Epoch 89/350
391/391 - 23s - loss: 0.2838 - accuracy: 0.9114 - val_loss: 0.4228 - val_accuracy: 0.8813
Epoch 90/350
391/391 - 24s - loss: 0.2740 - accuracy: 0.9160 - val_loss: 0.4111 - val_accuracy: 0.8813
Epoch 91/350
391/391 - 24s - loss: 0.2786 - accuracy: 0.9146 - val_loss: 0.4258 - val_accuracy: 0.8787
Epoch 92/350
391/391 - 24s - loss: 0.2768 - accuracy: 0.9146 - val_loss: 0.4145 - val_accuracy: 0.8787
Epoch 93/350
391/391 - 24s - loss: 0.2694 - accuracy: 0.9173 - val_loss: 0.4560 - val_accuracy: 0.8720
Epoch 94/350
391/391 - 24s - loss: 0.2735 - accuracy: 0.9160 - val_loss: 0.4416 - val_accuracy: 0.8785
Epoch 95/350
391/391 - 24s - loss: 0.2743 - accuracy: 0.9164 - val_loss: 0.4707 - val_accuracy: 0.8764
Epoch 96/350
391/391 - 24s - loss: 0.2698 - accuracy: 0.9182 - val_loss: 0.4175 - val_accuracy: 0.8868
Epoch 97/350
391/391 - 24s - loss: 0.2635 - accuracy: 0.9207 - val_loss: 0.4224 - val_accuracy: 0.8859
Epoch 98/350
391/391 - 24s - loss: 0.2621 - accuracy: 0.9212 - val_loss: 0.4254 - val_accuracy: 0.8827
Epoch 99/350
391/391 - 24s - loss: 0.2616 - accuracy: 0.9209 - val_loss: 0.4321 - val_accuracy: 0.8878
Epoch 100/350


Snapshot weight 5 shuffle 0 at epoch 100
Layer 11
Getting activations...


391/391 - 24s - loss: 0.2646 - accuracy: 0.9200 - val_loss: 0.4216 - val_accuracy: 0.8841
Epoch 101/350
391/391 - 24s - loss: 0.2530 - accuracy: 0.9246 - val_loss: 0.4382 - val_accuracy: 0.8848
Epoch 102/350
391/391 - 24s - loss: 0.2564 - accuracy: 0.9220 - val_loss: 0.4447 - val_accuracy: 0.8835
Epoch 103/350
391/391 - 24s - loss: 0.2547 - accuracy: 0.9232 - val_loss: 0.4483 - val_accuracy: 0.8805
Epoch 104/350
391/391 - 24s - loss: 0.2521 - accuracy: 0.9246 - val_loss: 0.4384 - val_accuracy: 0.8866
Epoch 105/350
391/391 - 24s - loss: 0.2556 - accuracy: 0.9219 - val_loss: 0.4073 - val_accuracy: 0.8901
Epoch 106/350
391/391 - 24s - loss: 0.2523 - accuracy: 0.9230 - val_loss: 0.4881 - val_accuracy: 0.8753
Epoch 107/350
391/391 - 24s - loss: 0.2458 - accuracy: 0.9265 - val_loss: 0.4361 - val_accuracy: 0.8859
Epoch 108/350
391/391 - 24s - loss: 0.2473 - accuracy: 0.9262 - val_loss: 0.4201 - val_accuracy: 0.8883
Epoch 109/350
391/391 - 24s - loss: 0.2440 - accuracy: 0.9267 - val_loss: 0.4216 - val_accuracy: 0.8898
Epoch 110/350
391/391 - 24s - loss: 0.2453 - accuracy: 0.9262 - val_loss: 0.4773 - val_accuracy: 0.8753
Epoch 111/350
391/391 - 24s - loss: 0.2436 - accuracy: 0.9280 - val_loss: 0.4748 - val_accuracy: 0.8781
Epoch 112/350
391/391 - 24s - loss: 0.2456 - accuracy: 0.9266 - val_loss: 0.4258 - val_accuracy: 0.8867
Epoch 113/350
391/391 - 24s - loss: 0.2412 - accuracy: 0.9270 - val_loss: 0.4306 - val_accuracy: 0.8867
Epoch 114/350
391/391 - 24s - loss: 0.2383 - accuracy: 0.9293 - val_loss: 0.4716 - val_accuracy: 0.8768
Epoch 115/350
391/391 - 23s - loss: 0.2390 - accuracy: 0.9309 - val_loss: 0.4667 - val_accuracy: 0.8852
Epoch 116/350
391/391 - 24s - loss: 0.2389 - accuracy: 0.9291 - val_loss: 0.4149 - val_accuracy: 0.8922
Epoch 117/350
391/391 - 23s - loss: 0.2319 - accuracy: 0.9312 - val_loss: 0.4114 - val_accuracy: 0.8910
Epoch 118/350
391/391 - 24s - loss: 0.2353 - accuracy: 0.9297 - val_loss: 0.4491 - val_accuracy: 0.8836
Epoch 119/350
391/391 - 24s - loss: 0.2320 - accuracy: 0.9322 - val_loss: 0.4186 - val_accuracy: 0.8898
Epoch 120/350
391/391 - 24s - loss: 0.2290 - accuracy: 0.9328 - val_loss: 0.4138 - val_accuracy: 0.8916
Epoch 121/350
391/391 - 24s - loss: 0.2262 - accuracy: 0.9338 - val_loss: 0.4451 - val_accuracy: 0.8879
Epoch 122/350
391/391 - 24s - loss: 0.2271 - accuracy: 0.9329 - val_loss: 0.4529 - val_accuracy: 0.8868
Epoch 123/350
391/391 - 24s - loss: 0.2222 - accuracy: 0.9347 - val_loss: 0.4390 - val_accuracy: 0.8877
Epoch 124/350
391/391 - 24s - loss: 0.2285 - accuracy: 0.9322 - val_loss: 0.4345 - val_accuracy: 0.8899
Epoch 125/350
391/391 - 24s - loss: 0.2225 - accuracy: 0.9358 - val_loss: 0.4595 - val_accuracy: 0.8886
Epoch 126/350
391/391 - 24s - loss: 0.2202 - accuracy: 0.9372 - val_loss: 0.4392 - val_accuracy: 0.8939
Epoch 127/350
391/391 - 24s - loss: 0.2215 - accuracy: 0.9357 - val_loss: 0.4113 - val_accuracy: 0.8937
Epoch 128/350
391/391 - 24s - loss: 0.2223 - accuracy: 0.9356 - val_loss: 0.4578 - val_accuracy: 0.8869
Epoch 129/350
391/391 - 24s - loss: 0.2183 - accuracy: 0.9358 - val_loss: 0.4696 - val_accuracy: 0.8827
Epoch 130/350
391/391 - 24s - loss: 0.2173 - accuracy: 0.9375 - val_loss: 0.4395 - val_accuracy: 0.8909
Epoch 131/350
391/391 - 24s - loss: 0.2164 - accuracy: 0.9377 - val_loss: 0.4407 - val_accuracy: 0.8915
Epoch 132/350
391/391 - 24s - loss: 0.2195 - accuracy: 0.9372 - val_loss: 0.4516 - val_accuracy: 0.8905
Epoch 133/350
391/391 - 24s - loss: 0.2137 - accuracy: 0.9387 - val_loss: 0.4543 - val_accuracy: 0.8894
Epoch 134/350
391/391 - 24s - loss: 0.2175 - accuracy: 0.9374 - val_loss: 0.4177 - val_accuracy: 0.8986
Epoch 135/350
391/391 - 24s - loss: 0.2108 - accuracy: 0.9391 - val_loss: 0.4198 - val_accuracy: 0.8936
Epoch 136/350
391/391 - 24s - loss: 0.2113 - accuracy: 0.9404 - val_loss: 0.4368 - val_accuracy: 0.8910
Epoch 137/350
391/391 - 23s - loss: 0.2146 - accuracy: 0.9397 - val_loss: 0.4343 - val_accuracy: 0.8920
Epoch 138/350
391/391 - 24s - loss: 0.2110 - accuracy: 0.9402 - val_loss: 0.4382 - val_accuracy: 0.8897
Epoch 139/350
391/391 - 24s - loss: 0.2078 - accuracy: 0.9411 - val_loss: 0.4354 - val_accuracy: 0.8928
Epoch 140/350
391/391 - 24s - loss: 0.2065 - accuracy: 0.9410 - val_loss: 0.4442 - val_accuracy: 0.8909
Epoch 141/350
391/391 - 24s - loss: 0.2106 - accuracy: 0.9401 - val_loss: 0.4340 - val_accuracy: 0.8900
Epoch 142/350
391/391 - 24s - loss: 0.2108 - accuracy: 0.9400 - val_loss: 0.4144 - val_accuracy: 0.8928
Epoch 143/350
391/391 - 24s - loss: 0.2047 - accuracy: 0.9422 - val_loss: 0.4353 - val_accuracy: 0.8959
Epoch 144/350
391/391 - 24s - loss: 0.2036 - accuracy: 0.9422 - val_loss: 0.4279 - val_accuracy: 0.8933
Epoch 145/350
391/391 - 24s - loss: 0.2038 - accuracy: 0.9421 - val_loss: 0.4689 - val_accuracy: 0.8887
Epoch 146/350
391/391 - 24s - loss: 0.1966 - accuracy: 0.9463 - val_loss: 0.4271 - val_accuracy: 0.8913
Epoch 147/350
391/391 - 23s - loss: 0.2008 - accuracy: 0.9443 - val_loss: 0.4557 - val_accuracy: 0.8959
Epoch 148/350
391/391 - 24s - loss: 0.1992 - accuracy: 0.9439 - val_loss: 0.4247 - val_accuracy: 0.8906
Epoch 149/350
391/391 - 24s - loss: 0.1973 - accuracy: 0.9446 - val_loss: 0.4309 - val_accuracy: 0.8961
Epoch 150/350


Snapshot weight 5 shuffle 0 at epoch 150
Layer 11
Getting activations...


391/391 - 24s - loss: 0.1953 - accuracy: 0.9460 - val_loss: 0.4875 - val_accuracy: 0.8847
Epoch 151/350
391/391 - 24s - loss: 0.1955 - accuracy: 0.9454 - val_loss: 0.4454 - val_accuracy: 0.8966
Epoch 152/350
391/391 - 24s - loss: 0.1917 - accuracy: 0.9471 - val_loss: 0.4472 - val_accuracy: 0.8926
Epoch 153/350
391/391 - 24s - loss: 0.1966 - accuracy: 0.9446 - val_loss: 0.4277 - val_accuracy: 0.8948
Epoch 154/350
391/391 - 24s - loss: 0.1901 - accuracy: 0.9478 - val_loss: 0.4361 - val_accuracy: 0.8958
Epoch 155/350
391/391 - 24s - loss: 0.1929 - accuracy: 0.9462 - val_loss: 0.4436 - val_accuracy: 0.8900
Epoch 156/350
391/391 - 24s - loss: 0.1905 - accuracy: 0.9458 - val_loss: 0.4655 - val_accuracy: 0.8903
Epoch 157/350
391/391 - 24s - loss: 0.1969 - accuracy: 0.9458 - val_loss: 0.4501 - val_accuracy: 0.8931
Epoch 158/350
391/391 - 23s - loss: 0.1943 - accuracy: 0.9469 - val_loss: 0.4540 - val_accuracy: 0.8946
Epoch 159/350
391/391 - 24s - loss: 0.1899 - accuracy: 0.9488 - val_loss: 0.4712 - val_accuracy: 0.8874
Epoch 160/350
391/391 - 23s - loss: 0.1949 - accuracy: 0.9463 - val_loss: 0.4517 - val_accuracy: 0.8925
Epoch 161/350
391/391 - 24s - loss: 0.1893 - accuracy: 0.9475 - val_loss: 0.4318 - val_accuracy: 0.8989
Epoch 162/350
391/391 - 24s - loss: 0.1839 - accuracy: 0.9502 - val_loss: 0.4556 - val_accuracy: 0.8938
Epoch 163/350
391/391 - 23s - loss: 0.1900 - accuracy: 0.9480 - val_loss: 0.4336 - val_accuracy: 0.8925
Epoch 164/350
391/391 - 24s - loss: 0.1880 - accuracy: 0.9487 - val_loss: 0.4493 - val_accuracy: 0.8965
Epoch 165/350
391/391 - 23s - loss: 0.1890 - accuracy: 0.9484 - val_loss: 0.4346 - val_accuracy: 0.8983
Epoch 166/350
391/391 - 24s - loss: 0.1846 - accuracy: 0.9503 - val_loss: 0.4173 - val_accuracy: 0.8953
Epoch 167/350
391/391 - 24s - loss: 0.1858 - accuracy: 0.9498 - val_loss: 0.4570 - val_accuracy: 0.8918
Epoch 168/350
391/391 - 24s - loss: 0.1831 - accuracy: 0.9504 - val_loss: 0.4472 - val_accuracy: 0.8943
Epoch 169/350
391/391 - 24s - loss: 0.1839 - accuracy: 0.9496 - val_loss: 0.4923 - val_accuracy: 0.8896
Epoch 170/350
391/391 - 24s - loss: 0.1798 - accuracy: 0.9518 - val_loss: 0.4854 - val_accuracy: 0.8920
Epoch 171/350
391/391 - 24s - loss: 0.1823 - accuracy: 0.9509 - val_loss: 0.4449 - val_accuracy: 0.8962
Epoch 172/350
391/391 - 24s - loss: 0.1833 - accuracy: 0.9510 - val_loss: 0.4651 - val_accuracy: 0.8946
Epoch 173/350
391/391 - 24s - loss: 0.1826 - accuracy: 0.9512 - val_loss: 0.4536 - val_accuracy: 0.8952
Epoch 174/350
391/391 - 24s - loss: 0.1793 - accuracy: 0.9521 - val_loss: 0.4535 - val_accuracy: 0.8948
Epoch 175/350
391/391 - 24s - loss: 0.1789 - accuracy: 0.9517 - val_loss: 0.4742 - val_accuracy: 0.8942
Epoch 176/350
391/391 - 24s - loss: 0.1843 - accuracy: 0.9499 - val_loss: 0.4624 - val_accuracy: 0.8919
Epoch 177/350
391/391 - 24s - loss: 0.1798 - accuracy: 0.9527 - val_loss: 0.4322 - val_accuracy: 0.8994
Epoch 178/350
391/391 - 24s - loss: 0.1770 - accuracy: 0.9527 - val_loss: 0.4605 - val_accuracy: 0.8932
Epoch 179/350
391/391 - 24s - loss: 0.1765 - accuracy: 0.9522 - val_loss: 0.4664 - val_accuracy: 0.8977
Epoch 180/350
391/391 - 24s - loss: 0.1770 - accuracy: 0.9538 - val_loss: 0.5057 - val_accuracy: 0.8894
Epoch 181/350
391/391 - 24s - loss: 0.1749 - accuracy: 0.9544 - val_loss: 0.4939 - val_accuracy: 0.8954
Epoch 182/350
391/391 - 23s - loss: 0.1778 - accuracy: 0.9521 - val_loss: 0.4792 - val_accuracy: 0.8880
Epoch 183/350
391/391 - 24s - loss: 0.1771 - accuracy: 0.9531 - val_loss: 0.4406 - val_accuracy: 0.8977
Epoch 184/350
391/391 - 24s - loss: 0.1817 - accuracy: 0.9525 - val_loss: 0.4525 - val_accuracy: 0.8958
Epoch 185/350
391/391 - 24s - loss: 0.1741 - accuracy: 0.9540 - val_loss: 0.4540 - val_accuracy: 0.8979
Epoch 186/350
391/391 - 24s - loss: 0.1744 - accuracy: 0.9530 - val_loss: 0.4607 - val_accuracy: 0.8954
Epoch 187/350
391/391 - 24s - loss: 0.1774 - accuracy: 0.9534 - val_loss: 0.4582 - val_accuracy: 0.8970
Epoch 188/350
391/391 - 24s - loss: 0.1737 - accuracy: 0.9543 - val_loss: 0.4721 - val_accuracy: 0.8909
Epoch 189/350
391/391 - 24s - loss: 0.1728 - accuracy: 0.9548 - val_loss: 0.4667 - val_accuracy: 0.8932
Epoch 190/350
391/391 - 24s - loss: 0.1770 - accuracy: 0.9535 - val_loss: 0.4569 - val_accuracy: 0.8994
Epoch 191/350
391/391 - 24s - loss: 0.1663 - accuracy: 0.9565 - val_loss: 0.4469 - val_accuracy: 0.9017
Epoch 192/350
391/391 - 24s - loss: 0.1696 - accuracy: 0.9563 - val_loss: 0.5077 - val_accuracy: 0.8900
Epoch 193/350
391/391 - 23s - loss: 0.1696 - accuracy: 0.9574 - val_loss: 0.4550 - val_accuracy: 0.8990
Epoch 194/350
391/391 - 24s - loss: 0.1711 - accuracy: 0.9554 - val_loss: 0.4599 - val_accuracy: 0.8999
Epoch 195/350
391/391 - 24s - loss: 0.1676 - accuracy: 0.9571 - val_loss: 0.5051 - val_accuracy: 0.8911
Epoch 196/350
391/391 - 24s - loss: 0.1680 - accuracy: 0.9568 - val_loss: 0.4513 - val_accuracy: 0.9010
Epoch 197/350
391/391 - 24s - loss: 0.1669 - accuracy: 0.9580 - val_loss: 0.4954 - val_accuracy: 0.8945
Epoch 198/350
391/391 - 24s - loss: 0.1699 - accuracy: 0.9550 - val_loss: 0.5134 - val_accuracy: 0.8889
Epoch 199/350
391/391 - 23s - loss: 0.1646 - accuracy: 0.9574 - val_loss: 0.4725 - val_accuracy: 0.8990
Epoch 200/350


Snapshot weight 5 shuffle 0 at epoch 200
Layer 11
Getting activations...


391/391 - 24s - loss: 0.1670 - accuracy: 0.9582 - val_loss: 0.4856 - val_accuracy: 0.8938
Epoch 201/350
391/391 - 24s - loss: 0.1384 - accuracy: 0.9671 - val_loss: 0.4438 - val_accuracy: 0.9053
Epoch 202/350
391/391 - 24s - loss: 0.1270 - accuracy: 0.9717 - val_loss: 0.4649 - val_accuracy: 0.9063
Epoch 203/350
391/391 - 23s - loss: 0.1277 - accuracy: 0.9711 - val_loss: 0.4596 - val_accuracy: 0.9059
Epoch 204/350
391/391 - 24s - loss: 0.1221 - accuracy: 0.9733 - val_loss: 0.4628 - val_accuracy: 0.9057
Epoch 205/350
391/391 - 24s - loss: 0.1218 - accuracy: 0.9734 - val_loss: 0.4658 - val_accuracy: 0.9057
Epoch 206/350
391/391 - 24s - loss: 0.1195 - accuracy: 0.9741 - val_loss: 0.4684 - val_accuracy: 0.9059
Epoch 207/350
391/391 - 24s - loss: 0.1202 - accuracy: 0.9738 - val_loss: 0.4620 - val_accuracy: 0.9079
Epoch 208/350
391/391 - 24s - loss: 0.1162 - accuracy: 0.9752 - val_loss: 0.4842 - val_accuracy: 0.9065
Epoch 209/350
391/391 - 24s - loss: 0.1183 - accuracy: 0.9743 - val_loss: 0.4722 - val_accuracy: 0.9082
Epoch 210/350
391/391 - 24s - loss: 0.1163 - accuracy: 0.9753 - val_loss: 0.4738 - val_accuracy: 0.9062
Epoch 211/350
391/391 - 24s - loss: 0.1165 - accuracy: 0.9754 - val_loss: 0.4723 - val_accuracy: 0.9075
Epoch 212/350
391/391 - 24s - loss: 0.1155 - accuracy: 0.9758 - val_loss: 0.4742 - val_accuracy: 0.9090
Epoch 213/350
391/391 - 24s - loss: 0.1157 - accuracy: 0.9747 - val_loss: 0.4806 - val_accuracy: 0.9090
Epoch 214/350
391/391 - 24s - loss: 0.1127 - accuracy: 0.9763 - val_loss: 0.4811 - val_accuracy: 0.9082
Epoch 215/350
391/391 - 24s - loss: 0.1135 - accuracy: 0.9761 - val_loss: 0.4780 - val_accuracy: 0.9088
Epoch 216/350
391/391 - 24s - loss: 0.1113 - accuracy: 0.9771 - val_loss: 0.4805 - val_accuracy: 0.9083
Epoch 217/350
391/391 - 24s - loss: 0.1121 - accuracy: 0.9768 - val_loss: 0.4797 - val_accuracy: 0.9081
Epoch 218/350
391/391 - 24s - loss: 0.1119 - accuracy: 0.9770 - val_loss: 0.4790 - val_accuracy: 0.9096
Epoch 219/350
391/391 - 24s - loss: 0.1102 - accuracy: 0.9776 - val_loss: 0.4878 - val_accuracy: 0.9073
Epoch 220/350
391/391 - 24s - loss: 0.1128 - accuracy: 0.9756 - val_loss: 0.4807 - val_accuracy: 0.9071
Epoch 221/350
391/391 - 24s - loss: 0.1106 - accuracy: 0.9782 - val_loss: 0.4813 - val_accuracy: 0.9069
Epoch 222/350
391/391 - 24s - loss: 0.1113 - accuracy: 0.9766 - val_loss: 0.4861 - val_accuracy: 0.9090
Epoch 223/350
391/391 - 24s - loss: 0.1100 - accuracy: 0.9775 - val_loss: 0.4802 - val_accuracy: 0.9081
Epoch 224/350
391/391 - 24s - loss: 0.1101 - accuracy: 0.9772 - val_loss: 0.4817 - val_accuracy: 0.9090
Epoch 225/350
391/391 - 24s - loss: 0.1080 - accuracy: 0.9784 - val_loss: 0.4868 - val_accuracy: 0.9062
Epoch 226/350
391/391 - 24s - loss: 0.1107 - accuracy: 0.9777 - val_loss: 0.4875 - val_accuracy: 0.9074
Epoch 227/350
391/391 - 24s - loss: 0.1108 - accuracy: 0.9774 - val_loss: 0.4892 - val_accuracy: 0.9080
Epoch 228/350
391/391 - 24s - loss: 0.1112 - accuracy: 0.9769 - val_loss: 0.4785 - val_accuracy: 0.9089
Epoch 229/350
391/391 - 24s - loss: 0.1100 - accuracy: 0.9771 - val_loss: 0.4905 - val_accuracy: 0.9096
Epoch 230/350
391/391 - 24s - loss: 0.1101 - accuracy: 0.9774 - val_loss: 0.4792 - val_accuracy: 0.9077
Epoch 231/350
391/391 - 24s - loss: 0.1065 - accuracy: 0.9788 - val_loss: 0.4895 - val_accuracy: 0.9078
Epoch 232/350
391/391 - 24s - loss: 0.1075 - accuracy: 0.9787 - val_loss: 0.4925 - val_accuracy: 0.9096
Epoch 233/350
391/391 - 24s - loss: 0.1092 - accuracy: 0.9781 - val_loss: 0.4878 - val_accuracy: 0.9082
Epoch 234/350
391/391 - 24s - loss: 0.1082 - accuracy: 0.9781 - val_loss: 0.4858 - val_accuracy: 0.9084
Epoch 235/350
391/391 - 24s - loss: 0.1076 - accuracy: 0.9782 - val_loss: 0.4918 - val_accuracy: 0.9095
Epoch 236/350
391/391 - 24s - loss: 0.1078 - accuracy: 0.9785 - val_loss: 0.4880 - val_accuracy: 0.9097
Epoch 237/350
391/391 - 24s - loss: 0.1076 - accuracy: 0.9789 - val_loss: 0.4819 - val_accuracy: 0.9099
Epoch 238/350
391/391 - 24s - loss: 0.1087 - accuracy: 0.9770 - val_loss: 0.4804 - val_accuracy: 0.9113
Epoch 239/350
391/391 - 24s - loss: 0.1069 - accuracy: 0.9782 - val_loss: 0.4910 - val_accuracy: 0.9075
Epoch 240/350
391/391 - 24s - loss: 0.1053 - accuracy: 0.9789 - val_loss: 0.4918 - val_accuracy: 0.9097
Epoch 241/350
391/391 - 24s - loss: 0.1086 - accuracy: 0.9777 - val_loss: 0.4842 - val_accuracy: 0.9102
Epoch 242/350
391/391 - 24s - loss: 0.1072 - accuracy: 0.9784 - val_loss: 0.4870 - val_accuracy: 0.9102
Epoch 243/350
391/391 - 24s - loss: 0.1057 - accuracy: 0.9791 - val_loss: 0.4918 - val_accuracy: 0.9083
Epoch 244/350
391/391 - 24s - loss: 0.1061 - accuracy: 0.9785 - val_loss: 0.4853 - val_accuracy: 0.9089
Epoch 245/350
391/391 - 23s - loss: 0.1068 - accuracy: 0.9783 - val_loss: 0.4847 - val_accuracy: 0.9084
Epoch 246/350
391/391 - 24s - loss: 0.1063 - accuracy: 0.9786 - val_loss: 0.4947 - val_accuracy: 0.9082
Epoch 247/350
391/391 - 24s - loss: 0.1037 - accuracy: 0.9797 - val_loss: 0.4887 - val_accuracy: 0.9079
Epoch 248/350
391/391 - 24s - loss: 0.1075 - accuracy: 0.9786 - val_loss: 0.4939 - val_accuracy: 0.9097
Epoch 249/350
391/391 - 23s - loss: 0.1037 - accuracy: 0.9795 - val_loss: 0.4956 - val_accuracy: 0.9082
Epoch 250/350


Snapshot weight 5 shuffle 0 at epoch 250
Layer 11
Getting activations...


391/391 - 24s - loss: 0.1056 - accuracy: 0.9785 - val_loss: 0.4939 - val_accuracy: 0.9089
Epoch 251/350
391/391 - 24s - loss: 0.1022 - accuracy: 0.9794 - val_loss: 0.4894 - val_accuracy: 0.9092
Epoch 252/350
391/391 - 24s - loss: 0.0999 - accuracy: 0.9809 - val_loss: 0.4910 - val_accuracy: 0.9100
Epoch 253/350
391/391 - 23s - loss: 0.1027 - accuracy: 0.9791 - val_loss: 0.4925 - val_accuracy: 0.9092
Epoch 254/350
391/391 - 24s - loss: 0.1034 - accuracy: 0.9796 - val_loss: 0.4885 - val_accuracy: 0.9086
Epoch 255/350
391/391 - 23s - loss: 0.1037 - accuracy: 0.9793 - val_loss: 0.4905 - val_accuracy: 0.9100
Epoch 256/350
391/391 - 23s - loss: 0.1021 - accuracy: 0.9803 - val_loss: 0.4869 - val_accuracy: 0.9102
Epoch 257/350
391/391 - 23s - loss: 0.1000 - accuracy: 0.9816 - val_loss: 0.4882 - val_accuracy: 0.9101
Epoch 258/350
391/391 - 24s - loss: 0.1011 - accuracy: 0.9809 - val_loss: 0.4897 - val_accuracy: 0.9101
Epoch 259/350
391/391 - 24s - loss: 0.1024 - accuracy: 0.9801 - val_loss: 0.4906 - val_accuracy: 0.9100
Epoch 260/350
391/391 - 23s - loss: 0.1004 - accuracy: 0.9804 - val_loss: 0.4931 - val_accuracy: 0.9100
Epoch 261/350
391/391 - 24s - loss: 0.1021 - accuracy: 0.9805 - val_loss: 0.4933 - val_accuracy: 0.9106
Epoch 262/350
391/391 - 24s - loss: 0.1016 - accuracy: 0.9801 - val_loss: 0.4921 - val_accuracy: 0.9095
Epoch 263/350
391/391 - 23s - loss: 0.1020 - accuracy: 0.9800 - val_loss: 0.4932 - val_accuracy: 0.9099
Epoch 264/350
391/391 - 24s - loss: 0.1017 - accuracy: 0.9804 - val_loss: 0.4912 - val_accuracy: 0.9093
Epoch 265/350
391/391 - 24s - loss: 0.1015 - accuracy: 0.9804 - val_loss: 0.4944 - val_accuracy: 0.9101
Epoch 266/350
391/391 - 24s - loss: 0.0995 - accuracy: 0.9824 - val_loss: 0.4935 - val_accuracy: 0.9091
Epoch 267/350
391/391 - 24s - loss: 0.0992 - accuracy: 0.9815 - val_loss: 0.4937 - val_accuracy: 0.9102
Epoch 268/350
391/391 - 24s - loss: 0.1013 - accuracy: 0.9804 - val_loss: 0.4928 - val_accuracy: 0.9099
Epoch 269/350
391/391 - 23s - loss: 0.1033 - accuracy: 0.9798 - val_loss: 0.4939 - val_accuracy: 0.9090
Epoch 270/350
391/391 - 24s - loss: 0.1002 - accuracy: 0.9815 - val_loss: 0.4919 - val_accuracy: 0.9098
Epoch 271/350
391/391 - 24s - loss: 0.1001 - accuracy: 0.9807 - val_loss: 0.4937 - val_accuracy: 0.9096
Epoch 272/350
391/391 - 24s - loss: 0.1013 - accuracy: 0.9794 - val_loss: 0.4941 - val_accuracy: 0.9095
Epoch 273/350
391/391 - 24s - loss: 0.1022 - accuracy: 0.9800 - val_loss: 0.4938 - val_accuracy: 0.9104
Epoch 274/350
391/391 - 24s - loss: 0.1010 - accuracy: 0.9804 - val_loss: 0.4943 - val_accuracy: 0.9093
Epoch 275/350
391/391 - 24s - loss: 0.1007 - accuracy: 0.9806 - val_loss: 0.4926 - val_accuracy: 0.9097
Epoch 276/350
391/391 - 24s - loss: 0.1008 - accuracy: 0.9801 - val_loss: 0.4942 - val_accuracy: 0.9100
Epoch 277/350
391/391 - 24s - loss: 0.1028 - accuracy: 0.9800 - val_loss: 0.4923 - val_accuracy: 0.9102
Epoch 278/350
391/391 - 24s - loss: 0.1001 - accuracy: 0.9809 - val_loss: 0.4946 - val_accuracy: 0.9102
Epoch 279/350
391/391 - 24s - loss: 0.1010 - accuracy: 0.9805 - val_loss: 0.4924 - val_accuracy: 0.9103
Epoch 280/350
391/391 - 24s - loss: 0.0988 - accuracy: 0.9818 - val_loss: 0.4946 - val_accuracy: 0.9099
Epoch 281/350
391/391 - 24s - loss: 0.1014 - accuracy: 0.9802 - val_loss: 0.4938 - val_accuracy: 0.9100
Epoch 282/350
391/391 - 24s - loss: 0.1007 - accuracy: 0.9805 - val_loss: 0.4954 - val_accuracy: 0.9098
Epoch 283/350
391/391 - 24s - loss: 0.0984 - accuracy: 0.9816 - val_loss: 0.4963 - val_accuracy: 0.9096
Epoch 284/350
391/391 - 24s - loss: 0.1005 - accuracy: 0.9808 - val_loss: 0.4983 - val_accuracy: 0.9097
Epoch 285/350
391/391 - 24s - loss: 0.0991 - accuracy: 0.9809 - val_loss: 0.4981 - val_accuracy: 0.9100
Epoch 286/350
391/391 - 24s - loss: 0.0999 - accuracy: 0.9810 - val_loss: 0.4989 - val_accuracy: 0.9095
Epoch 287/350
391/391 - 24s - loss: 0.1013 - accuracy: 0.9814 - val_loss: 0.4967 - val_accuracy: 0.9097
Epoch 288/350
391/391 - 24s - loss: 0.1003 - accuracy: 0.9813 - val_loss: 0.4965 - val_accuracy: 0.9099
Epoch 289/350
391/391 - 24s - loss: 0.1022 - accuracy: 0.9802 - val_loss: 0.4939 - val_accuracy: 0.9106
Epoch 290/350
391/391 - 24s - loss: 0.1010 - accuracy: 0.9812 - val_loss: 0.4959 - val_accuracy: 0.9099
Epoch 291/350
391/391 - 24s - loss: 0.0997 - accuracy: 0.9817 - val_loss: 0.4973 - val_accuracy: 0.9109
Epoch 292/350
391/391 - 23s - loss: 0.0999 - accuracy: 0.9810 - val_loss: 0.4975 - val_accuracy: 0.9100
Epoch 293/350
391/391 - 24s - loss: 0.1010 - accuracy: 0.9810 - val_loss: 0.4968 - val_accuracy: 0.9103
Epoch 294/350
391/391 - 24s - loss: 0.1012 - accuracy: 0.9806 - val_loss: 0.4963 - val_accuracy: 0.9106
Epoch 295/350
391/391 - 24s - loss: 0.0991 - accuracy: 0.9813 - val_loss: 0.4957 - val_accuracy: 0.9102
Epoch 296/350
391/391 - 24s - loss: 0.1006 - accuracy: 0.9808 - val_loss: 0.4960 - val_accuracy: 0.9104
Epoch 297/350
391/391 - 24s - loss: 0.1012 - accuracy: 0.9814 - val_loss: 0.4970 - val_accuracy: 0.9107
Epoch 298/350
391/391 - 24s - loss: 0.0986 - accuracy: 0.9814 - val_loss: 0.4958 - val_accuracy: 0.9105
Epoch 299/350
391/391 - 24s - loss: 0.1003 - accuracy: 0.9806 - val_loss: 0.4970 - val_accuracy: 0.9099
Epoch 300/350


Snapshot weight 5 shuffle 0 at epoch 300
Layer 11
Getting activations...


391/391 - 24s - loss: 0.1013 - accuracy: 0.9813 - val_loss: 0.4960 - val_accuracy: 0.9102
Epoch 301/350
391/391 - 24s - loss: 0.1007 - accuracy: 0.9809 - val_loss: 0.4956 - val_accuracy: 0.9105
Epoch 302/350
391/391 - 24s - loss: 0.1012 - accuracy: 0.9808 - val_loss: 0.4955 - val_accuracy: 0.9103
Epoch 303/350
391/391 - 24s - loss: 0.1011 - accuracy: 0.9808 - val_loss: 0.4954 - val_accuracy: 0.9103
Epoch 304/350
391/391 - 24s - loss: 0.1007 - accuracy: 0.9805 - val_loss: 0.4957 - val_accuracy: 0.9107
Epoch 305/350
391/391 - 24s - loss: 0.1010 - accuracy: 0.9811 - val_loss: 0.4958 - val_accuracy: 0.9108
Epoch 306/350
391/391 - 24s - loss: 0.1004 - accuracy: 0.9808 - val_loss: 0.4956 - val_accuracy: 0.9104
Epoch 307/350
391/391 - 24s - loss: 0.0986 - accuracy: 0.9810 - val_loss: 0.4959 - val_accuracy: 0.9104
Epoch 308/350
391/391 - 24s - loss: 0.1015 - accuracy: 0.9807 - val_loss: 0.4962 - val_accuracy: 0.9102
Epoch 309/350
391/391 - 24s - loss: 0.1000 - accuracy: 0.9814 - val_loss: 0.4960 - val_accuracy: 0.9102
Epoch 310/350
391/391 - 24s - loss: 0.1006 - accuracy: 0.9816 - val_loss: 0.4963 - val_accuracy: 0.9102
Epoch 311/350
391/391 - 24s - loss: 0.0981 - accuracy: 0.9819 - val_loss: 0.4962 - val_accuracy: 0.9102
Epoch 312/350
391/391 - 24s - loss: 0.0992 - accuracy: 0.9813 - val_loss: 0.4967 - val_accuracy: 0.9103
Epoch 313/350
391/391 - 24s - loss: 0.0991 - accuracy: 0.9808 - val_loss: 0.4966 - val_accuracy: 0.9103
Epoch 314/350
391/391 - 24s - loss: 0.0996 - accuracy: 0.9804 - val_loss: 0.4966 - val_accuracy: 0.9104
Epoch 315/350
391/391 - 24s - loss: 0.0980 - accuracy: 0.9820 - val_loss: 0.4966 - val_accuracy: 0.9103
Epoch 316/350
391/391 - 24s - loss: 0.1018 - accuracy: 0.9808 - val_loss: 0.4967 - val_accuracy: 0.9104
Epoch 317/350
391/391 - 24s - loss: 0.0971 - accuracy: 0.9819 - val_loss: 0.4969 - val_accuracy: 0.9104
Epoch 318/350
391/391 - 24s - loss: 0.0992 - accuracy: 0.9811 - val_loss: 0.4973 - val_accuracy: 0.9101
Epoch 319/350
391/391 - 24s - loss: 0.1002 - accuracy: 0.9805 - val_loss: 0.4973 - val_accuracy: 0.9102
Epoch 320/350
391/391 - 24s - loss: 0.0989 - accuracy: 0.9815 - val_loss: 0.4972 - val_accuracy: 0.9103
Epoch 321/350
391/391 - 24s - loss: 0.1007 - accuracy: 0.9807 - val_loss: 0.4974 - val_accuracy: 0.9103
Epoch 322/350
391/391 - 24s - loss: 0.1003 - accuracy: 0.9804 - val_loss: 0.4972 - val_accuracy: 0.9105
Epoch 323/350
391/391 - 24s - loss: 0.1009 - accuracy: 0.9804 - val_loss: 0.4968 - val_accuracy: 0.9101
Epoch 324/350
391/391 - 24s - loss: 0.0991 - accuracy: 0.9814 - val_loss: 0.4971 - val_accuracy: 0.9100
Epoch 325/350
391/391 - 24s - loss: 0.0991 - accuracy: 0.9815 - val_loss: 0.4972 - val_accuracy: 0.9098
Epoch 326/350
391/391 - 24s - loss: 0.0997 - accuracy: 0.9811 - val_loss: 0.4974 - val_accuracy: 0.9099
Epoch 327/350
391/391 - 24s - loss: 0.1007 - accuracy: 0.9804 - val_loss: 0.4972 - val_accuracy: 0.9103
Epoch 328/350
391/391 - 24s - loss: 0.0993 - accuracy: 0.9813 - val_loss: 0.4970 - val_accuracy: 0.9100
Epoch 329/350
391/391 - 24s - loss: 0.0984 - accuracy: 0.9824 - val_loss: 0.4969 - val_accuracy: 0.9102
Epoch 330/350
391/391 - 24s - loss: 0.1006 - accuracy: 0.9808 - val_loss: 0.4968 - val_accuracy: 0.9102
Epoch 331/350
391/391 - 24s - loss: 0.1008 - accuracy: 0.9801 - val_loss: 0.4969 - val_accuracy: 0.9099
Epoch 332/350
391/391 - 24s - loss: 0.0990 - accuracy: 0.9816 - val_loss: 0.4972 - val_accuracy: 0.9100
Epoch 333/350
391/391 - 24s - loss: 0.0983 - accuracy: 0.9816 - val_loss: 0.4973 - val_accuracy: 0.9101
Epoch 334/350
391/391 - 24s - loss: 0.0981 - accuracy: 0.9816 - val_loss: 0.4972 - val_accuracy: 0.9101
Epoch 335/350
391/391 - 24s - loss: 0.0997 - accuracy: 0.9810 - val_loss: 0.4971 - val_accuracy: 0.9100
Epoch 336/350
391/391 - 24s - loss: 0.1000 - accuracy: 0.9814 - val_loss: 0.4969 - val_accuracy: 0.9102
Epoch 337/350
391/391 - 24s - loss: 0.1009 - accuracy: 0.9800 - val_loss: 0.4970 - val_accuracy: 0.9102
Epoch 338/350
391/391 - 24s - loss: 0.1014 - accuracy: 0.9804 - val_loss: 0.4968 - val_accuracy: 0.9101
Epoch 339/350
391/391 - 24s - loss: 0.1001 - accuracy: 0.9808 - val_loss: 0.4964 - val_accuracy: 0.9102
Epoch 340/350
391/391 - 24s - loss: 0.1007 - accuracy: 0.9808 - val_loss: 0.4965 - val_accuracy: 0.9101
Epoch 341/350
391/391 - 24s - loss: 0.1003 - accuracy: 0.9804 - val_loss: 0.4964 - val_accuracy: 0.9103
Epoch 342/350
391/391 - 24s - loss: 0.1012 - accuracy: 0.9803 - val_loss: 0.4963 - val_accuracy: 0.9101
Epoch 343/350
391/391 - 24s - loss: 0.1005 - accuracy: 0.9811 - val_loss: 0.4958 - val_accuracy: 0.9105
Epoch 344/350
391/391 - 24s - loss: 0.1006 - accuracy: 0.9806 - val_loss: 0.4960 - val_accuracy: 0.9103
Epoch 345/350
391/391 - 23s - loss: 0.1028 - accuracy: 0.9796 - val_loss: 0.4960 - val_accuracy: 0.9103
Epoch 346/350
391/391 - 24s - loss: 0.0967 - accuracy: 0.9821 - val_loss: 0.4961 - val_accuracy: 0.9103
Epoch 347/350
391/391 - 23s - loss: 0.0992 - accuracy: 0.9817 - val_loss: 0.4964 - val_accuracy: 0.9104
Epoch 348/350
391/391 - 24s - loss: 0.0993 - accuracy: 0.9806 - val_loss: 0.4965 - val_accuracy: 0.9103
Epoch 349/350
391/391 - 24s - loss: 0.1003 - accuracy: 0.9812 - val_loss: 0.4964 - val_accuracy: 0.9102
Epoch 350/350


Snapshot weight 5 shuffle 0 at epoch 350
Layer 11
Getting activations...


391/391 - 24s - loss: 0.0993 - accuracy: 0.9803 - val_loss: 0.4963 - val_accuracy: 0.9101
/usr/local/lib/python3.6/dist-packages/tensorflow/python/autograph/impl/api.py:493: UserWarning: fill_value is not supported and is always 0 for TensorFlow < 2.4.0.
  return py_builtins.overload_of(f)(*args)
WARNING:tensorflow:From /usr/local/lib/python3.6/dist-packages/tensorflow/python/training/tracking/tracking.py:111: Model.state_updates (from tensorflow.python.keras.engine.training) is deprecated and will be removed in a future version.
Instructions for updating:
This property should not be used in TensorFlow 2.0, as updates are applied automatically.
2021-07-01 18:38:51.624199: W tensorflow/python/util/util.cc:348] Sets are not currently considered sequences, but this may change in the future, so consider avoiding using them.
WARNING:tensorflow:From /usr/local/lib/python3.6/dist-packages/tensorflow/python/training/tracking/tracking.py:111: Layer.updates (from tensorflow.python.keras.engine.base_layer) is deprecated and will be removed in a future version.
Instructions for updating:
This property should not be used in TensorFlow 2.0, as updates are applied automatically.
Saving, final validation acc: 0.910099983215332
