2021-07-01 21:14:28.792994: I tensorflow/stream_executor/platform/default/dso_loader.cc:48] Successfully opened dynamic library libcudart.so.10.1
2021-07-01 21:16:03.034710: I tensorflow/stream_executor/platform/default/dso_loader.cc:48] Successfully opened dynamic library libcuda.so.1
2021-07-01 21:16:03.057667: I tensorflow/core/common_runtime/gpu/gpu_device.cc:1716] Found device 0 with properties: 
pciBusID: 0000:02:00.0 name: NVIDIA TITAN Xp computeCapability: 6.1
coreClock: 1.582GHz coreCount: 30 deviceMemorySize: 11.91GiB deviceMemoryBandwidth: 510.07GiB/s
2021-07-01 21:16:03.057747: I tensorflow/stream_executor/platform/default/dso_loader.cc:48] Successfully opened dynamic library libcudart.so.10.1
2021-07-01 21:16:03.096907: I tensorflow/stream_executor/platform/default/dso_loader.cc:48] Successfully opened dynamic library libcublas.so.10
2021-07-01 21:16:03.116673: I tensorflow/stream_executor/platform/default/dso_loader.cc:48] Successfully opened dynamic library libcufft.so.10
2021-07-01 21:16:03.124740: I tensorflow/stream_executor/platform/default/dso_loader.cc:48] Successfully opened dynamic library libcurand.so.10
2021-07-01 21:16:03.166322: I tensorflow/stream_executor/platform/default/dso_loader.cc:48] Successfully opened dynamic library libcusolver.so.10
2021-07-01 21:16:03.174424: I tensorflow/stream_executor/platform/default/dso_loader.cc:48] Successfully opened dynamic library libcusparse.so.10
2021-07-01 21:16:03.247607: I tensorflow/stream_executor/platform/default/dso_loader.cc:48] Successfully opened dynamic library libcudnn.so.7
2021-07-01 21:16:03.252362: I tensorflow/core/common_runtime/gpu/gpu_device.cc:1858] Adding visible gpu devices: 0
2021-07-01 21:16:03.255876: I tensorflow/core/platform/cpu_feature_guard.cc:142] This TensorFlow binary is optimized with oneAPI Deep Neural Network Library (oneDNN)to use the following CPU instructions in performance-critical operations:  AVX2 FMA
To enable them in other operations, rebuild TensorFlow with the appropriate compiler flags.
2021-07-01 21:16:03.270902: I tensorflow/core/platform/profile_utils/cpu_utils.cc:104] CPU Frequency: 2599870000 Hz
2021-07-01 21:16:03.271015: I tensorflow/compiler/xla/service/service.cc:168] XLA service 0x57e9630 initialized for platform Host (this does not guarantee that XLA will be used). Devices:
2021-07-01 21:16:03.271034: I tensorflow/compiler/xla/service/service.cc:176]   StreamExecutor device (0): Host, Default Version
2021-07-01 21:16:03.412245: I tensorflow/compiler/xla/service/service.cc:168] XLA service 0x57caab0 initialized for platform CUDA (this does not guarantee that XLA will be used). Devices:
2021-07-01 21:16:03.412326: I tensorflow/compiler/xla/service/service.cc:176]   StreamExecutor device (0): NVIDIA TITAN Xp, Compute Capability 6.1
2021-07-01 21:16:03.415554: I tensorflow/core/common_runtime/gpu/gpu_device.cc:1716] Found device 0 with properties: 
pciBusID: 0000:02:00.0 name: NVIDIA TITAN Xp computeCapability: 6.1
coreClock: 1.582GHz coreCount: 30 deviceMemorySize: 11.91GiB deviceMemoryBandwidth: 510.07GiB/s
2021-07-01 21:16:03.415594: I tensorflow/stream_executor/platform/default/dso_loader.cc:48] Successfully opened dynamic library libcudart.so.10.1
2021-07-01 21:16:03.415626: I tensorflow/stream_executor/platform/default/dso_loader.cc:48] Successfully opened dynamic library libcublas.so.10
2021-07-01 21:16:03.415646: I tensorflow/stream_executor/platform/default/dso_loader.cc:48] Successfully opened dynamic library libcufft.so.10
2021-07-01 21:16:03.415665: I tensorflow/stream_executor/platform/default/dso_loader.cc:48] Successfully opened dynamic library libcurand.so.10
2021-07-01 21:16:03.415683: I tensorflow/stream_executor/platform/default/dso_loader.cc:48] Successfully opened dynamic library libcusolver.so.10
2021-07-01 21:16:03.415701: I tensorflow/stream_executor/platform/default/dso_loader.cc:48] Successfully opened dynamic library libcusparse.so.10
2021-07-01 21:16:03.415720: I tensorflow/stream_executor/platform/default/dso_loader.cc:48] Successfully opened dynamic library libcudnn.so.7
2021-07-01 21:16:03.419030: I tensorflow/core/common_runtime/gpu/gpu_device.cc:1858] Adding visible gpu devices: 0
2021-07-01 21:16:03.420785: I tensorflow/stream_executor/platform/default/dso_loader.cc:48] Successfully opened dynamic library libcudart.so.10.1
2021-07-01 21:16:08.378834: I tensorflow/core/common_runtime/gpu/gpu_device.cc:1257] Device interconnect StreamExecutor with strength 1 edge matrix:
2021-07-01 21:16:08.378915: I tensorflow/core/common_runtime/gpu/gpu_device.cc:1263]      0 
2021-07-01 21:16:08.378929: I tensorflow/core/common_runtime/gpu/gpu_device.cc:1276] 0:   N 
2021-07-01 21:16:08.384686: I tensorflow/core/common_runtime/gpu/gpu_device.cc:1402] Created TensorFlow device (/job:localhost/replica:0/task:0/device:GPU:0 with 11218 MB memory) -> physical GPU (device: 0, name: NVIDIA TITAN Xp, pci bus id: 0000:02:00.0, compute capability: 6.1)
2021-07-01 21:16:14.023152: I tensorflow/stream_executor/platform/default/dso_loader.cc:48] Successfully opened dynamic library libcudnn.so.7
2021-07-01 21:16:16.436132: I tensorflow/stream_executor/platform/default/dso_loader.cc:48] Successfully opened dynamic library libcublas.so.10
Using model index: 22
Making train data...
GCN...
ZCA...
Done!
Making test data...
Done!
Epoch 1/350


Snapshot weight 2 shuffle 2 at epoch 1
Layer 11
Getting activations...


391/391 - 23s - loss: 2.2848 - accuracy: 0.1416 - val_loss: 2.2616 - val_accuracy: 0.1688
Epoch 2/350


Snapshot weight 2 shuffle 2 at epoch 2
Layer 11
Getting activations...


391/391 - 23s - loss: 2.0652 - accuracy: 0.2578 - val_loss: 1.7678 - val_accuracy: 0.3673
Epoch 3/350


Snapshot weight 2 shuffle 2 at epoch 3
Layer 11
Getting activations...


391/391 - 23s - loss: 1.6796 - accuracy: 0.3925 - val_loss: 1.5414 - val_accuracy: 0.4602
Epoch 4/350


Snapshot weight 2 shuffle 2 at epoch 4
Layer 11
Getting activations...


391/391 - 23s - loss: 1.4515 - accuracy: 0.4853 - val_loss: 1.4319 - val_accuracy: 0.5200
Epoch 5/350


Snapshot weight 2 shuffle 2 at epoch 5
Layer 11
Getting activations...


391/391 - 24s - loss: 1.3096 - accuracy: 0.5356 - val_loss: 1.2370 - val_accuracy: 0.5658
Epoch 6/350


Snapshot weight 2 shuffle 2 at epoch 6
Layer 11
Getting activations...


391/391 - 24s - loss: 1.2156 - accuracy: 0.5738 - val_loss: 1.1625 - val_accuracy: 0.5965
Epoch 7/350


Snapshot weight 2 shuffle 2 at epoch 7
Layer 11
Getting activations...


391/391 - 24s - loss: 1.1474 - accuracy: 0.5998 - val_loss: 1.1225 - val_accuracy: 0.6069
Epoch 8/350


Snapshot weight 2 shuffle 2 at epoch 8
Layer 11
Getting activations...


391/391 - 23s - loss: 1.0837 - accuracy: 0.6217 - val_loss: 1.1488 - val_accuracy: 0.6146
Epoch 9/350


Snapshot weight 2 shuffle 2 at epoch 9
Layer 11
Getting activations...


391/391 - 24s - loss: 1.0282 - accuracy: 0.6451 - val_loss: 0.9966 - val_accuracy: 0.6510
Epoch 10/350


Snapshot weight 2 shuffle 2 at epoch 10
Layer 11
Getting activations...


391/391 - 24s - loss: 0.9945 - accuracy: 0.6559 - val_loss: 1.0584 - val_accuracy: 0.6511
Epoch 11/350
391/391 - 23s - loss: 0.9565 - accuracy: 0.6694 - val_loss: 0.9029 - val_accuracy: 0.6877
Epoch 12/350
391/391 - 23s - loss: 0.9263 - accuracy: 0.6802 - val_loss: 0.9556 - val_accuracy: 0.6825
Epoch 13/350
391/391 - 23s - loss: 0.8858 - accuracy: 0.6965 - val_loss: 0.8500 - val_accuracy: 0.7009
Epoch 14/350
391/391 - 23s - loss: 0.8648 - accuracy: 0.7039 - val_loss: 0.8225 - val_accuracy: 0.7190
Epoch 15/350
391/391 - 23s - loss: 0.8280 - accuracy: 0.7191 - val_loss: 0.7842 - val_accuracy: 0.7386
Epoch 16/350
391/391 - 23s - loss: 0.7980 - accuracy: 0.7301 - val_loss: 0.7512 - val_accuracy: 0.7457
Epoch 17/350
391/391 - 23s - loss: 0.7714 - accuracy: 0.7380 - val_loss: 0.7070 - val_accuracy: 0.7624
Epoch 18/350
391/391 - 23s - loss: 0.7414 - accuracy: 0.7488 - val_loss: 0.6983 - val_accuracy: 0.7684
Epoch 19/350
391/391 - 23s - loss: 0.7252 - accuracy: 0.7549 - val_loss: 0.7174 - val_accuracy: 0.7637
Epoch 20/350
391/391 - 23s - loss: 0.7080 - accuracy: 0.7630 - val_loss: 0.6427 - val_accuracy: 0.7874
Epoch 21/350
391/391 - 24s - loss: 0.6888 - accuracy: 0.7716 - val_loss: 0.6741 - val_accuracy: 0.7736
Epoch 22/350
391/391 - 23s - loss: 0.6648 - accuracy: 0.7774 - val_loss: 0.6383 - val_accuracy: 0.7893
Epoch 23/350
391/391 - 23s - loss: 0.6455 - accuracy: 0.7842 - val_loss: 0.6485 - val_accuracy: 0.7843
Epoch 24/350
391/391 - 23s - loss: 0.6370 - accuracy: 0.7896 - val_loss: 0.5847 - val_accuracy: 0.8127
Epoch 25/350
391/391 - 24s - loss: 0.6147 - accuracy: 0.7961 - val_loss: 0.6104 - val_accuracy: 0.8042
Epoch 26/350
391/391 - 23s - loss: 0.5947 - accuracy: 0.8034 - val_loss: 0.5798 - val_accuracy: 0.8115
Epoch 27/350
391/391 - 24s - loss: 0.5836 - accuracy: 0.8053 - val_loss: 0.5902 - val_accuracy: 0.8045
Epoch 28/350
391/391 - 23s - loss: 0.5792 - accuracy: 0.8110 - val_loss: 0.6085 - val_accuracy: 0.8083
Epoch 29/350
391/391 - 24s - loss: 0.5664 - accuracy: 0.8134 - val_loss: 0.5373 - val_accuracy: 0.8267
Epoch 30/350
391/391 - 23s - loss: 0.5490 - accuracy: 0.8178 - val_loss: 0.5614 - val_accuracy: 0.8196
Epoch 31/350
391/391 - 24s - loss: 0.5417 - accuracy: 0.8218 - val_loss: 0.5752 - val_accuracy: 0.8176
Epoch 32/350
391/391 - 23s - loss: 0.5298 - accuracy: 0.8258 - val_loss: 0.5268 - val_accuracy: 0.8342
Epoch 33/350
391/391 - 24s - loss: 0.5197 - accuracy: 0.8309 - val_loss: 0.5496 - val_accuracy: 0.8267
Epoch 34/350
391/391 - 24s - loss: 0.5199 - accuracy: 0.8308 - val_loss: 0.5601 - val_accuracy: 0.8246
Epoch 35/350
391/391 - 24s - loss: 0.5026 - accuracy: 0.8354 - val_loss: 0.5067 - val_accuracy: 0.8396
Epoch 36/350
391/391 - 24s - loss: 0.4920 - accuracy: 0.8385 - val_loss: 0.5047 - val_accuracy: 0.8398
Epoch 37/350
391/391 - 23s - loss: 0.4884 - accuracy: 0.8407 - val_loss: 0.5474 - val_accuracy: 0.8336
Epoch 38/350
391/391 - 23s - loss: 0.4756 - accuracy: 0.8448 - val_loss: 0.5251 - val_accuracy: 0.8365
Epoch 39/350
391/391 - 23s - loss: 0.4675 - accuracy: 0.8487 - val_loss: 0.5410 - val_accuracy: 0.8323
Epoch 40/350
391/391 - 23s - loss: 0.4675 - accuracy: 0.8488 - val_loss: 0.5348 - val_accuracy: 0.8335
Epoch 41/350
391/391 - 23s - loss: 0.4626 - accuracy: 0.8490 - val_loss: 0.5207 - val_accuracy: 0.8409
Epoch 42/350
391/391 - 24s - loss: 0.4509 - accuracy: 0.8537 - val_loss: 0.5022 - val_accuracy: 0.8439
Epoch 43/350
391/391 - 23s - loss: 0.4430 - accuracy: 0.8554 - val_loss: 0.4956 - val_accuracy: 0.8483
Epoch 44/350
391/391 - 23s - loss: 0.4394 - accuracy: 0.8567 - val_loss: 0.4619 - val_accuracy: 0.8521
Epoch 45/350
391/391 - 23s - loss: 0.4382 - accuracy: 0.8594 - val_loss: 0.4803 - val_accuracy: 0.8517
Epoch 46/350
391/391 - 23s - loss: 0.4311 - accuracy: 0.8601 - val_loss: 0.5069 - val_accuracy: 0.8471
Epoch 47/350
391/391 - 24s - loss: 0.4293 - accuracy: 0.8617 - val_loss: 0.4355 - val_accuracy: 0.8638
Epoch 48/350
391/391 - 24s - loss: 0.4121 - accuracy: 0.8689 - val_loss: 0.4445 - val_accuracy: 0.8618
Epoch 49/350
391/391 - 23s - loss: 0.4146 - accuracy: 0.8663 - val_loss: 0.4662 - val_accuracy: 0.8584
Epoch 50/350


Snapshot weight 2 shuffle 2 at epoch 50
Layer 11
Getting activations...


391/391 - 24s - loss: 0.4073 - accuracy: 0.8708 - val_loss: 0.4571 - val_accuracy: 0.8563
Epoch 51/350
391/391 - 24s - loss: 0.4061 - accuracy: 0.8689 - val_loss: 0.4605 - val_accuracy: 0.8564
Epoch 52/350
391/391 - 23s - loss: 0.4001 - accuracy: 0.8724 - val_loss: 0.4607 - val_accuracy: 0.8619
Epoch 53/350
391/391 - 23s - loss: 0.3910 - accuracy: 0.8738 - val_loss: 0.4486 - val_accuracy: 0.8652
Epoch 54/350
391/391 - 24s - loss: 0.3926 - accuracy: 0.8754 - val_loss: 0.4612 - val_accuracy: 0.8542
Epoch 55/350
391/391 - 23s - loss: 0.3800 - accuracy: 0.8769 - val_loss: 0.4698 - val_accuracy: 0.8575
Epoch 56/350
391/391 - 24s - loss: 0.3824 - accuracy: 0.8777 - val_loss: 0.4494 - val_accuracy: 0.8658
Epoch 57/350
391/391 - 23s - loss: 0.3792 - accuracy: 0.8779 - val_loss: 0.4873 - val_accuracy: 0.8555
Epoch 58/350
391/391 - 23s - loss: 0.3704 - accuracy: 0.8836 - val_loss: 0.4559 - val_accuracy: 0.8656
Epoch 59/350
391/391 - 23s - loss: 0.3642 - accuracy: 0.8848 - val_loss: 0.4685 - val_accuracy: 0.8590
Epoch 60/350
391/391 - 24s - loss: 0.3606 - accuracy: 0.8852 - val_loss: 0.4409 - val_accuracy: 0.8658
Epoch 61/350
391/391 - 23s - loss: 0.3582 - accuracy: 0.8849 - val_loss: 0.4563 - val_accuracy: 0.8682
Epoch 62/350
391/391 - 23s - loss: 0.3562 - accuracy: 0.8860 - val_loss: 0.4212 - val_accuracy: 0.8764
Epoch 63/350
391/391 - 23s - loss: 0.3529 - accuracy: 0.8876 - val_loss: 0.4545 - val_accuracy: 0.8710
Epoch 64/350
391/391 - 23s - loss: 0.3504 - accuracy: 0.8893 - val_loss: 0.4271 - val_accuracy: 0.8764
Epoch 65/350
391/391 - 24s - loss: 0.3467 - accuracy: 0.8907 - val_loss: 0.4437 - val_accuracy: 0.8719
Epoch 66/350
391/391 - 24s - loss: 0.3430 - accuracy: 0.8932 - val_loss: 0.4641 - val_accuracy: 0.8648
Epoch 67/350
391/391 - 23s - loss: 0.3442 - accuracy: 0.8913 - val_loss: 0.4265 - val_accuracy: 0.8747
Epoch 68/350
391/391 - 24s - loss: 0.3346 - accuracy: 0.8955 - val_loss: 0.4356 - val_accuracy: 0.8715
Epoch 69/350
391/391 - 23s - loss: 0.3319 - accuracy: 0.8948 - val_loss: 0.4449 - val_accuracy: 0.8730
Epoch 70/350
391/391 - 24s - loss: 0.3333 - accuracy: 0.8937 - val_loss: 0.4251 - val_accuracy: 0.8776
Epoch 71/350
391/391 - 24s - loss: 0.3187 - accuracy: 0.9015 - val_loss: 0.4228 - val_accuracy: 0.8802
Epoch 72/350
391/391 - 23s - loss: 0.3248 - accuracy: 0.8976 - val_loss: 0.4213 - val_accuracy: 0.8798
Epoch 73/350
391/391 - 23s - loss: 0.3212 - accuracy: 0.8980 - val_loss: 0.4171 - val_accuracy: 0.8813
Epoch 74/350
391/391 - 23s - loss: 0.3162 - accuracy: 0.9010 - val_loss: 0.4558 - val_accuracy: 0.8726
Epoch 75/350
391/391 - 24s - loss: 0.3114 - accuracy: 0.9025 - val_loss: 0.4272 - val_accuracy: 0.8797
Epoch 76/350
391/391 - 23s - loss: 0.3077 - accuracy: 0.9039 - val_loss: 0.4212 - val_accuracy: 0.8760
Epoch 77/350
391/391 - 23s - loss: 0.3102 - accuracy: 0.9030 - val_loss: 0.4264 - val_accuracy: 0.8810
Epoch 78/350
391/391 - 23s - loss: 0.3115 - accuracy: 0.9037 - val_loss: 0.4471 - val_accuracy: 0.8724
Epoch 79/350
391/391 - 23s - loss: 0.3018 - accuracy: 0.9066 - val_loss: 0.4346 - val_accuracy: 0.8792
Epoch 80/350
391/391 - 24s - loss: 0.2975 - accuracy: 0.9071 - val_loss: 0.4206 - val_accuracy: 0.8811
Epoch 81/350
391/391 - 23s - loss: 0.2951 - accuracy: 0.9081 - val_loss: 0.4359 - val_accuracy: 0.8760
Epoch 82/350
391/391 - 23s - loss: 0.2957 - accuracy: 0.9076 - val_loss: 0.4132 - val_accuracy: 0.8788
Epoch 83/350
391/391 - 24s - loss: 0.2961 - accuracy: 0.9091 - val_loss: 0.4268 - val_accuracy: 0.8840
Epoch 84/350
391/391 - 24s - loss: 0.2902 - accuracy: 0.9111 - val_loss: 0.4591 - val_accuracy: 0.8746
Epoch 85/350
391/391 - 24s - loss: 0.2890 - accuracy: 0.9115 - val_loss: 0.4000 - val_accuracy: 0.8828
Epoch 86/350
391/391 - 23s - loss: 0.2854 - accuracy: 0.9118 - val_loss: 0.3925 - val_accuracy: 0.8901
Epoch 87/350
391/391 - 23s - loss: 0.2815 - accuracy: 0.9138 - val_loss: 0.4412 - val_accuracy: 0.8820
Epoch 88/350
391/391 - 24s - loss: 0.2882 - accuracy: 0.9106 - val_loss: 0.4052 - val_accuracy: 0.8851
Epoch 89/350
391/391 - 23s - loss: 0.2789 - accuracy: 0.9143 - val_loss: 0.4529 - val_accuracy: 0.8756
Epoch 90/350
391/391 - 24s - loss: 0.2789 - accuracy: 0.9146 - val_loss: 0.4313 - val_accuracy: 0.8819
Epoch 91/350
391/391 - 23s - loss: 0.2779 - accuracy: 0.9153 - val_loss: 0.4379 - val_accuracy: 0.8839
Epoch 92/350
391/391 - 24s - loss: 0.2721 - accuracy: 0.9179 - val_loss: 0.3985 - val_accuracy: 0.8897
Epoch 93/350
391/391 - 23s - loss: 0.2722 - accuracy: 0.9170 - val_loss: 0.3985 - val_accuracy: 0.8889
Epoch 94/350
391/391 - 23s - loss: 0.2680 - accuracy: 0.9189 - val_loss: 0.4095 - val_accuracy: 0.8861
Epoch 95/350
391/391 - 23s - loss: 0.2663 - accuracy: 0.9182 - val_loss: 0.4217 - val_accuracy: 0.8871
Epoch 96/350
391/391 - 23s - loss: 0.2662 - accuracy: 0.9188 - val_loss: 0.4679 - val_accuracy: 0.8775
Epoch 97/350
391/391 - 24s - loss: 0.2605 - accuracy: 0.9199 - val_loss: 0.4464 - val_accuracy: 0.8825
Epoch 98/350
391/391 - 23s - loss: 0.2625 - accuracy: 0.9198 - val_loss: 0.4303 - val_accuracy: 0.8880
Epoch 99/350
391/391 - 23s - loss: 0.2623 - accuracy: 0.9205 - val_loss: 0.4335 - val_accuracy: 0.8836
Epoch 100/350


Snapshot weight 2 shuffle 2 at epoch 100
Layer 11
Getting activations...


391/391 - 24s - loss: 0.2595 - accuracy: 0.9222 - val_loss: 0.4245 - val_accuracy: 0.8873
Epoch 101/350
391/391 - 23s - loss: 0.2595 - accuracy: 0.9213 - val_loss: 0.4075 - val_accuracy: 0.8905
Epoch 102/350
391/391 - 23s - loss: 0.2521 - accuracy: 0.9256 - val_loss: 0.4499 - val_accuracy: 0.8855
Epoch 103/350
391/391 - 24s - loss: 0.2500 - accuracy: 0.9251 - val_loss: 0.4543 - val_accuracy: 0.8868
Epoch 104/350
391/391 - 23s - loss: 0.2548 - accuracy: 0.9237 - val_loss: 0.4283 - val_accuracy: 0.8890
Epoch 105/350
391/391 - 23s - loss: 0.2571 - accuracy: 0.9219 - val_loss: 0.3891 - val_accuracy: 0.8896
Epoch 106/350
391/391 - 23s - loss: 0.2455 - accuracy: 0.9264 - val_loss: 0.4165 - val_accuracy: 0.8932
Epoch 107/350
391/391 - 24s - loss: 0.2429 - accuracy: 0.9277 - val_loss: 0.4608 - val_accuracy: 0.8826
Epoch 108/350
391/391 - 24s - loss: 0.2495 - accuracy: 0.9251 - val_loss: 0.4222 - val_accuracy: 0.8896
Epoch 109/350
391/391 - 23s - loss: 0.2469 - accuracy: 0.9252 - val_loss: 0.4405 - val_accuracy: 0.8838
Epoch 110/350
391/391 - 24s - loss: 0.2407 - accuracy: 0.9281 - val_loss: 0.4113 - val_accuracy: 0.8904
Epoch 111/350
391/391 - 23s - loss: 0.2416 - accuracy: 0.9278 - val_loss: 0.4335 - val_accuracy: 0.8926
Epoch 112/350
391/391 - 24s - loss: 0.2408 - accuracy: 0.9293 - val_loss: 0.4114 - val_accuracy: 0.8919
Epoch 113/350
391/391 - 23s - loss: 0.2366 - accuracy: 0.9313 - val_loss: 0.4030 - val_accuracy: 0.8940
Epoch 114/350
391/391 - 24s - loss: 0.2399 - accuracy: 0.9292 - val_loss: 0.4271 - val_accuracy: 0.8899
Epoch 115/350
391/391 - 23s - loss: 0.2351 - accuracy: 0.9309 - val_loss: 0.4319 - val_accuracy: 0.8914
Epoch 116/350
391/391 - 23s - loss: 0.2339 - accuracy: 0.9314 - val_loss: 0.4310 - val_accuracy: 0.8943
Epoch 117/350
391/391 - 23s - loss: 0.2300 - accuracy: 0.9331 - val_loss: 0.4081 - val_accuracy: 0.8924
Epoch 118/350
391/391 - 24s - loss: 0.2393 - accuracy: 0.9282 - val_loss: 0.4330 - val_accuracy: 0.8876
Epoch 119/350
391/391 - 23s - loss: 0.2284 - accuracy: 0.9325 - val_loss: 0.4114 - val_accuracy: 0.8886
Epoch 120/350
391/391 - 23s - loss: 0.2242 - accuracy: 0.9351 - val_loss: 0.4228 - val_accuracy: 0.8929
Epoch 121/350
391/391 - 23s - loss: 0.2291 - accuracy: 0.9320 - val_loss: 0.4384 - val_accuracy: 0.8876
Epoch 122/350
391/391 - 23s - loss: 0.2275 - accuracy: 0.9331 - val_loss: 0.4417 - val_accuracy: 0.8905
Epoch 123/350
391/391 - 24s - loss: 0.2263 - accuracy: 0.9334 - val_loss: 0.4355 - val_accuracy: 0.8865
Epoch 124/350
391/391 - 23s - loss: 0.2204 - accuracy: 0.9360 - val_loss: 0.4154 - val_accuracy: 0.8954
Epoch 125/350
391/391 - 23s - loss: 0.2213 - accuracy: 0.9358 - val_loss: 0.4395 - val_accuracy: 0.8828
Epoch 126/350
391/391 - 24s - loss: 0.2202 - accuracy: 0.9358 - val_loss: 0.4506 - val_accuracy: 0.8942
Epoch 127/350
391/391 - 24s - loss: 0.2230 - accuracy: 0.9356 - val_loss: 0.4556 - val_accuracy: 0.8880
Epoch 128/350
391/391 - 23s - loss: 0.2177 - accuracy: 0.9375 - val_loss: 0.4365 - val_accuracy: 0.8899
Epoch 129/350
391/391 - 23s - loss: 0.2146 - accuracy: 0.9385 - val_loss: 0.4544 - val_accuracy: 0.8867
Epoch 130/350
391/391 - 24s - loss: 0.2180 - accuracy: 0.9380 - val_loss: 0.4181 - val_accuracy: 0.8957
Epoch 131/350
391/391 - 23s - loss: 0.2149 - accuracy: 0.9377 - val_loss: 0.4210 - val_accuracy: 0.8937
Epoch 132/350
391/391 - 23s - loss: 0.2144 - accuracy: 0.9381 - val_loss: 0.4448 - val_accuracy: 0.8926
Epoch 133/350
391/391 - 23s - loss: 0.2143 - accuracy: 0.9376 - val_loss: 0.4265 - val_accuracy: 0.8937
Epoch 134/350
391/391 - 23s - loss: 0.2117 - accuracy: 0.9381 - val_loss: 0.4317 - val_accuracy: 0.8962
Epoch 135/350
391/391 - 23s - loss: 0.2085 - accuracy: 0.9402 - val_loss: 0.4672 - val_accuracy: 0.8873
Epoch 136/350
391/391 - 23s - loss: 0.2065 - accuracy: 0.9415 - val_loss: 0.4345 - val_accuracy: 0.8931
Epoch 137/350
391/391 - 24s - loss: 0.2053 - accuracy: 0.9417 - val_loss: 0.4568 - val_accuracy: 0.8924
Epoch 138/350
391/391 - 24s - loss: 0.2102 - accuracy: 0.9403 - val_loss: 0.4526 - val_accuracy: 0.8943
Epoch 139/350
391/391 - 23s - loss: 0.2085 - accuracy: 0.9411 - val_loss: 0.4413 - val_accuracy: 0.8923
Epoch 140/350
391/391 - 23s - loss: 0.2058 - accuracy: 0.9411 - val_loss: 0.4227 - val_accuracy: 0.8963
Epoch 141/350
391/391 - 23s - loss: 0.2018 - accuracy: 0.9441 - val_loss: 0.4336 - val_accuracy: 0.8931
Epoch 142/350
391/391 - 23s - loss: 0.2014 - accuracy: 0.9439 - val_loss: 0.4506 - val_accuracy: 0.8960
Epoch 143/350
391/391 - 24s - loss: 0.1997 - accuracy: 0.9437 - val_loss: 0.4723 - val_accuracy: 0.8902
Epoch 144/350
391/391 - 24s - loss: 0.2000 - accuracy: 0.9430 - val_loss: 0.4313 - val_accuracy: 0.8963
Epoch 145/350
391/391 - 24s - loss: 0.2036 - accuracy: 0.9428 - val_loss: 0.4220 - val_accuracy: 0.8968
Epoch 146/350
391/391 - 23s - loss: 0.2003 - accuracy: 0.9445 - val_loss: 0.4720 - val_accuracy: 0.8890
Epoch 147/350
391/391 - 23s - loss: 0.1959 - accuracy: 0.9464 - val_loss: 0.4439 - val_accuracy: 0.8951
Epoch 148/350
391/391 - 23s - loss: 0.1966 - accuracy: 0.9446 - val_loss: 0.4537 - val_accuracy: 0.8938
Epoch 149/350
391/391 - 24s - loss: 0.1977 - accuracy: 0.9446 - val_loss: 0.4297 - val_accuracy: 0.8967
Epoch 150/350


Snapshot weight 2 shuffle 2 at epoch 150
Layer 11
Getting activations...


391/391 - 24s - loss: 0.1975 - accuracy: 0.9439 - val_loss: 0.4192 - val_accuracy: 0.8944
Epoch 151/350
391/391 - 23s - loss: 0.1941 - accuracy: 0.9448 - val_loss: 0.4360 - val_accuracy: 0.8948
Epoch 152/350
391/391 - 23s - loss: 0.1909 - accuracy: 0.9478 - val_loss: 0.4471 - val_accuracy: 0.8938
Epoch 153/350
391/391 - 24s - loss: 0.1962 - accuracy: 0.9452 - val_loss: 0.5030 - val_accuracy: 0.8895
Epoch 154/350
391/391 - 24s - loss: 0.1948 - accuracy: 0.9453 - val_loss: 0.4239 - val_accuracy: 0.8988
Epoch 155/350
391/391 - 24s - loss: 0.1894 - accuracy: 0.9480 - val_loss: 0.4283 - val_accuracy: 0.8963
Epoch 156/350
391/391 - 23s - loss: 0.1963 - accuracy: 0.9454 - val_loss: 0.4377 - val_accuracy: 0.8976
Epoch 157/350
391/391 - 23s - loss: 0.1945 - accuracy: 0.9457 - val_loss: 0.4318 - val_accuracy: 0.8948
Epoch 158/350
391/391 - 23s - loss: 0.1873 - accuracy: 0.9494 - val_loss: 0.4433 - val_accuracy: 0.8963
Epoch 159/350
391/391 - 23s - loss: 0.1912 - accuracy: 0.9484 - val_loss: 0.4434 - val_accuracy: 0.8974
Epoch 160/350
391/391 - 24s - loss: 0.1863 - accuracy: 0.9501 - val_loss: 0.4787 - val_accuracy: 0.8913
Epoch 161/350
391/391 - 23s - loss: 0.1892 - accuracy: 0.9478 - val_loss: 0.4322 - val_accuracy: 0.9008
Epoch 162/350
391/391 - 24s - loss: 0.1831 - accuracy: 0.9506 - val_loss: 0.4412 - val_accuracy: 0.8987
Epoch 163/350
391/391 - 23s - loss: 0.1823 - accuracy: 0.9499 - val_loss: 0.4503 - val_accuracy: 0.8950
Epoch 164/350
391/391 - 23s - loss: 0.1897 - accuracy: 0.9485 - val_loss: 0.4363 - val_accuracy: 0.8993
Epoch 165/350
391/391 - 23s - loss: 0.1775 - accuracy: 0.9521 - val_loss: 0.4429 - val_accuracy: 0.8961
Epoch 166/350
391/391 - 23s - loss: 0.1853 - accuracy: 0.9495 - val_loss: 0.4365 - val_accuracy: 0.8988
Epoch 167/350
391/391 - 24s - loss: 0.1821 - accuracy: 0.9517 - val_loss: 0.4605 - val_accuracy: 0.8946
Epoch 168/350
391/391 - 23s - loss: 0.1859 - accuracy: 0.9496 - val_loss: 0.4623 - val_accuracy: 0.8974
Epoch 169/350
391/391 - 24s - loss: 0.1827 - accuracy: 0.9501 - val_loss: 0.4506 - val_accuracy: 0.8972
Epoch 170/350
391/391 - 23s - loss: 0.1775 - accuracy: 0.9515 - val_loss: 0.4436 - val_accuracy: 0.8979
Epoch 171/350
391/391 - 23s - loss: 0.1790 - accuracy: 0.9527 - val_loss: 0.4213 - val_accuracy: 0.8985
Epoch 172/350
391/391 - 23s - loss: 0.1791 - accuracy: 0.9520 - val_loss: 0.4544 - val_accuracy: 0.8938
Epoch 173/350
391/391 - 23s - loss: 0.1799 - accuracy: 0.9510 - val_loss: 0.4638 - val_accuracy: 0.8961
Epoch 174/350
391/391 - 23s - loss: 0.1790 - accuracy: 0.9521 - val_loss: 0.4315 - val_accuracy: 0.8970
Epoch 175/350
391/391 - 23s - loss: 0.1778 - accuracy: 0.9517 - val_loss: 0.4620 - val_accuracy: 0.8999
Epoch 176/350
391/391 - 24s - loss: 0.1778 - accuracy: 0.9539 - val_loss: 0.4562 - val_accuracy: 0.8927
Epoch 177/350
391/391 - 24s - loss: 0.1764 - accuracy: 0.9527 - val_loss: 0.4491 - val_accuracy: 0.8943
Epoch 178/350
391/391 - 23s - loss: 0.1797 - accuracy: 0.9524 - val_loss: 0.4189 - val_accuracy: 0.9020
Epoch 179/350
391/391 - 23s - loss: 0.1728 - accuracy: 0.9553 - val_loss: 0.4752 - val_accuracy: 0.8982
Epoch 180/350
391/391 - 24s - loss: 0.1798 - accuracy: 0.9531 - val_loss: 0.4408 - val_accuracy: 0.8971
Epoch 181/350
391/391 - 24s - loss: 0.1738 - accuracy: 0.9536 - val_loss: 0.4546 - val_accuracy: 0.8932
Epoch 182/350
391/391 - 24s - loss: 0.1756 - accuracy: 0.9548 - val_loss: 0.4659 - val_accuracy: 0.8942
Epoch 183/350
391/391 - 23s - loss: 0.1747 - accuracy: 0.9543 - val_loss: 0.4681 - val_accuracy: 0.8956
Epoch 184/350
391/391 - 23s - loss: 0.1698 - accuracy: 0.9561 - val_loss: 0.4667 - val_accuracy: 0.9015
Epoch 185/350
391/391 - 23s - loss: 0.1764 - accuracy: 0.9537 - val_loss: 0.4594 - val_accuracy: 0.8944
Epoch 186/350
391/391 - 23s - loss: 0.1702 - accuracy: 0.9565 - val_loss: 0.4589 - val_accuracy: 0.9012
Epoch 187/350
391/391 - 24s - loss: 0.1698 - accuracy: 0.9557 - val_loss: 0.4487 - val_accuracy: 0.9015
Epoch 188/350
391/391 - 23s - loss: 0.1701 - accuracy: 0.9558 - val_loss: 0.4551 - val_accuracy: 0.8983
Epoch 189/350
391/391 - 23s - loss: 0.1690 - accuracy: 0.9572 - val_loss: 0.4374 - val_accuracy: 0.8996
Epoch 190/350
391/391 - 24s - loss: 0.1688 - accuracy: 0.9562 - val_loss: 0.4750 - val_accuracy: 0.8968
Epoch 191/350
391/391 - 23s - loss: 0.1659 - accuracy: 0.9580 - val_loss: 0.4528 - val_accuracy: 0.8986
Epoch 192/350
391/391 - 23s - loss: 0.1748 - accuracy: 0.9549 - val_loss: 0.4770 - val_accuracy: 0.8975
Epoch 193/350
391/391 - 23s - loss: 0.1675 - accuracy: 0.9569 - val_loss: 0.4730 - val_accuracy: 0.8998
Epoch 194/350
391/391 - 23s - loss: 0.1712 - accuracy: 0.9560 - val_loss: 0.4480 - val_accuracy: 0.8977
Epoch 195/350
391/391 - 23s - loss: 0.1643 - accuracy: 0.9584 - val_loss: 0.4728 - val_accuracy: 0.8997
Epoch 196/350
391/391 - 24s - loss: 0.1660 - accuracy: 0.9576 - val_loss: 0.4313 - val_accuracy: 0.9036
Epoch 197/350
391/391 - 23s - loss: 0.1607 - accuracy: 0.9589 - val_loss: 0.4792 - val_accuracy: 0.8973
Epoch 198/350
391/391 - 23s - loss: 0.1682 - accuracy: 0.9568 - val_loss: 0.4596 - val_accuracy: 0.9020
Epoch 199/350
391/391 - 23s - loss: 0.1673 - accuracy: 0.9575 - val_loss: 0.4696 - val_accuracy: 0.8941
Epoch 200/350


Snapshot weight 2 shuffle 2 at epoch 200
Layer 11
Getting activations...


391/391 - 24s - loss: 0.1685 - accuracy: 0.9561 - val_loss: 0.4636 - val_accuracy: 0.9014
Epoch 201/350
391/391 - 23s - loss: 0.1349 - accuracy: 0.9692 - val_loss: 0.4533 - val_accuracy: 0.9064
Epoch 202/350
391/391 - 24s - loss: 0.1239 - accuracy: 0.9719 - val_loss: 0.4512 - val_accuracy: 0.9084
Epoch 203/350
391/391 - 23s - loss: 0.1205 - accuracy: 0.9749 - val_loss: 0.4612 - val_accuracy: 0.9081
Epoch 204/350
391/391 - 23s - loss: 0.1217 - accuracy: 0.9733 - val_loss: 0.4628 - val_accuracy: 0.9074
Epoch 205/350
391/391 - 23s - loss: 0.1181 - accuracy: 0.9745 - val_loss: 0.4674 - val_accuracy: 0.9072
Epoch 206/350
391/391 - 24s - loss: 0.1191 - accuracy: 0.9746 - val_loss: 0.4668 - val_accuracy: 0.9081
Epoch 207/350
391/391 - 23s - loss: 0.1171 - accuracy: 0.9757 - val_loss: 0.4632 - val_accuracy: 0.9080
Epoch 208/350
391/391 - 23s - loss: 0.1138 - accuracy: 0.9759 - val_loss: 0.4716 - val_accuracy: 0.9069
Epoch 209/350
391/391 - 23s - loss: 0.1154 - accuracy: 0.9757 - val_loss: 0.4709 - val_accuracy: 0.9053
Epoch 210/350
391/391 - 23s - loss: 0.1142 - accuracy: 0.9760 - val_loss: 0.4700 - val_accuracy: 0.9092
Epoch 211/350
391/391 - 23s - loss: 0.1144 - accuracy: 0.9763 - val_loss: 0.4712 - val_accuracy: 0.9093
Epoch 212/350
391/391 - 23s - loss: 0.1142 - accuracy: 0.9762 - val_loss: 0.4748 - val_accuracy: 0.9073
Epoch 213/350
391/391 - 23s - loss: 0.1108 - accuracy: 0.9778 - val_loss: 0.4780 - val_accuracy: 0.9088
Epoch 214/350
391/391 - 23s - loss: 0.1127 - accuracy: 0.9765 - val_loss: 0.4822 - val_accuracy: 0.9091
Epoch 215/350
391/391 - 23s - loss: 0.1132 - accuracy: 0.9760 - val_loss: 0.4799 - val_accuracy: 0.9073
Epoch 216/350
391/391 - 24s - loss: 0.1133 - accuracy: 0.9760 - val_loss: 0.4729 - val_accuracy: 0.9079
Epoch 217/350
391/391 - 23s - loss: 0.1124 - accuracy: 0.9767 - val_loss: 0.4753 - val_accuracy: 0.9088
Epoch 218/350
391/391 - 23s - loss: 0.1122 - accuracy: 0.9772 - val_loss: 0.4842 - val_accuracy: 0.9074
Epoch 219/350
391/391 - 23s - loss: 0.1106 - accuracy: 0.9772 - val_loss: 0.4825 - val_accuracy: 0.9095
Epoch 220/350
391/391 - 23s - loss: 0.1094 - accuracy: 0.9773 - val_loss: 0.4884 - val_accuracy: 0.9084
Epoch 221/350
391/391 - 24s - loss: 0.1101 - accuracy: 0.9764 - val_loss: 0.4825 - val_accuracy: 0.9084
Epoch 222/350
391/391 - 24s - loss: 0.1109 - accuracy: 0.9778 - val_loss: 0.4843 - val_accuracy: 0.9092
Epoch 223/350
391/391 - 24s - loss: 0.1097 - accuracy: 0.9773 - val_loss: 0.4853 - val_accuracy: 0.9095
Epoch 224/350
391/391 - 23s - loss: 0.1104 - accuracy: 0.9774 - val_loss: 0.4807 - val_accuracy: 0.9088
Epoch 225/350
391/391 - 24s - loss: 0.1083 - accuracy: 0.9779 - val_loss: 0.4775 - val_accuracy: 0.9101
Epoch 226/350
391/391 - 23s - loss: 0.1074 - accuracy: 0.9779 - val_loss: 0.4912 - val_accuracy: 0.9075
Epoch 227/350
391/391 - 23s - loss: 0.1048 - accuracy: 0.9790 - val_loss: 0.4938 - val_accuracy: 0.9096
Epoch 228/350
391/391 - 23s - loss: 0.1077 - accuracy: 0.9787 - val_loss: 0.4849 - val_accuracy: 0.9103
Epoch 229/350
391/391 - 23s - loss: 0.1061 - accuracy: 0.9786 - val_loss: 0.4890 - val_accuracy: 0.9089
Epoch 230/350
391/391 - 23s - loss: 0.1079 - accuracy: 0.9783 - val_loss: 0.4912 - val_accuracy: 0.9077
Epoch 231/350
391/391 - 23s - loss: 0.1074 - accuracy: 0.9782 - val_loss: 0.5011 - val_accuracy: 0.9076
Epoch 232/350
391/391 - 23s - loss: 0.1060 - accuracy: 0.9791 - val_loss: 0.4840 - val_accuracy: 0.9098
Epoch 233/350
391/391 - 23s - loss: 0.1055 - accuracy: 0.9790 - val_loss: 0.4890 - val_accuracy: 0.9098
Epoch 234/350
391/391 - 24s - loss: 0.1049 - accuracy: 0.9789 - val_loss: 0.4950 - val_accuracy: 0.9096
Epoch 235/350
391/391 - 23s - loss: 0.1044 - accuracy: 0.9795 - val_loss: 0.4954 - val_accuracy: 0.9074
Epoch 236/350
391/391 - 23s - loss: 0.1088 - accuracy: 0.9778 - val_loss: 0.4845 - val_accuracy: 0.9092
Epoch 237/350
391/391 - 24s - loss: 0.1064 - accuracy: 0.9788 - val_loss: 0.4958 - val_accuracy: 0.9080
Epoch 238/350
391/391 - 24s - loss: 0.1049 - accuracy: 0.9795 - val_loss: 0.4994 - val_accuracy: 0.9099
Epoch 239/350
391/391 - 24s - loss: 0.1054 - accuracy: 0.9785 - val_loss: 0.5000 - val_accuracy: 0.9110
Epoch 240/350
391/391 - 24s - loss: 0.1024 - accuracy: 0.9800 - val_loss: 0.4937 - val_accuracy: 0.9103
Epoch 241/350
391/391 - 23s - loss: 0.1049 - accuracy: 0.9793 - val_loss: 0.4969 - val_accuracy: 0.9106
Epoch 242/350
391/391 - 23s - loss: 0.1050 - accuracy: 0.9792 - val_loss: 0.4954 - val_accuracy: 0.9109
Epoch 243/350
391/391 - 24s - loss: 0.1035 - accuracy: 0.9799 - val_loss: 0.4975 - val_accuracy: 0.9108
Epoch 244/350
391/391 - 24s - loss: 0.1032 - accuracy: 0.9791 - val_loss: 0.5003 - val_accuracy: 0.9101
Epoch 245/350
391/391 - 23s - loss: 0.1046 - accuracy: 0.9793 - val_loss: 0.4950 - val_accuracy: 0.9100
Epoch 246/350
391/391 - 23s - loss: 0.1044 - accuracy: 0.9802 - val_loss: 0.4943 - val_accuracy: 0.9100
Epoch 247/350
391/391 - 24s - loss: 0.1031 - accuracy: 0.9798 - val_loss: 0.4981 - val_accuracy: 0.9111
Epoch 248/350
391/391 - 23s - loss: 0.1049 - accuracy: 0.9796 - val_loss: 0.4958 - val_accuracy: 0.9099
Epoch 249/350
391/391 - 23s - loss: 0.1047 - accuracy: 0.9794 - val_loss: 0.4952 - val_accuracy: 0.9111
Epoch 250/350


Snapshot weight 2 shuffle 2 at epoch 250
Layer 11
Getting activations...


391/391 - 24s - loss: 0.1038 - accuracy: 0.9791 - val_loss: 0.4976 - val_accuracy: 0.9110
Epoch 251/350
391/391 - 23s - loss: 0.1033 - accuracy: 0.9802 - val_loss: 0.4959 - val_accuracy: 0.9105
Epoch 252/350
391/391 - 24s - loss: 0.1017 - accuracy: 0.9814 - val_loss: 0.4987 - val_accuracy: 0.9104
Epoch 253/350
391/391 - 23s - loss: 0.1018 - accuracy: 0.9808 - val_loss: 0.4979 - val_accuracy: 0.9109
Epoch 254/350
391/391 - 24s - loss: 0.1019 - accuracy: 0.9801 - val_loss: 0.4957 - val_accuracy: 0.9106
Epoch 255/350
391/391 - 23s - loss: 0.0986 - accuracy: 0.9815 - val_loss: 0.4953 - val_accuracy: 0.9118
Epoch 256/350
391/391 - 24s - loss: 0.1004 - accuracy: 0.9812 - val_loss: 0.4983 - val_accuracy: 0.9116
Epoch 257/350
391/391 - 23s - loss: 0.1021 - accuracy: 0.9806 - val_loss: 0.4938 - val_accuracy: 0.9116
Epoch 258/350
391/391 - 23s - loss: 0.1003 - accuracy: 0.9810 - val_loss: 0.4946 - val_accuracy: 0.9106
Epoch 259/350
391/391 - 23s - loss: 0.1002 - accuracy: 0.9810 - val_loss: 0.4953 - val_accuracy: 0.9111
Epoch 260/350
391/391 - 23s - loss: 0.0998 - accuracy: 0.9814 - val_loss: 0.4973 - val_accuracy: 0.9108
Epoch 261/350
391/391 - 24s - loss: 0.1014 - accuracy: 0.9809 - val_loss: 0.4988 - val_accuracy: 0.9109
Epoch 262/350
391/391 - 24s - loss: 0.0990 - accuracy: 0.9811 - val_loss: 0.4985 - val_accuracy: 0.9119
Epoch 263/350
391/391 - 23s - loss: 0.0990 - accuracy: 0.9817 - val_loss: 0.4960 - val_accuracy: 0.9123
Epoch 264/350
391/391 - 23s - loss: 0.1007 - accuracy: 0.9812 - val_loss: 0.4971 - val_accuracy: 0.9123
Epoch 265/350
391/391 - 23s - loss: 0.1011 - accuracy: 0.9815 - val_loss: 0.4971 - val_accuracy: 0.9116
Epoch 266/350
391/391 - 23s - loss: 0.0990 - accuracy: 0.9812 - val_loss: 0.4957 - val_accuracy: 0.9120
Epoch 267/350
391/391 - 23s - loss: 0.0983 - accuracy: 0.9813 - val_loss: 0.4984 - val_accuracy: 0.9115
Epoch 268/350
391/391 - 23s - loss: 0.0987 - accuracy: 0.9815 - val_loss: 0.4992 - val_accuracy: 0.9116
Epoch 269/350
391/391 - 24s - loss: 0.0990 - accuracy: 0.9811 - val_loss: 0.5007 - val_accuracy: 0.9116
Epoch 270/350
391/391 - 24s - loss: 0.0991 - accuracy: 0.9816 - val_loss: 0.4984 - val_accuracy: 0.9115
Epoch 271/350
391/391 - 23s - loss: 0.0983 - accuracy: 0.9815 - val_loss: 0.4979 - val_accuracy: 0.9115
Epoch 272/350
391/391 - 23s - loss: 0.0999 - accuracy: 0.9805 - val_loss: 0.4985 - val_accuracy: 0.9116
Epoch 273/350
391/391 - 23s - loss: 0.0968 - accuracy: 0.9823 - val_loss: 0.4985 - val_accuracy: 0.9123
Epoch 274/350
391/391 - 23s - loss: 0.1004 - accuracy: 0.9810 - val_loss: 0.5013 - val_accuracy: 0.9114
Epoch 275/350
391/391 - 23s - loss: 0.0984 - accuracy: 0.9811 - val_loss: 0.5028 - val_accuracy: 0.9114
Epoch 276/350
391/391 - 23s - loss: 0.1002 - accuracy: 0.9813 - val_loss: 0.5021 - val_accuracy: 0.9114
Epoch 277/350
391/391 - 23s - loss: 0.0996 - accuracy: 0.9809 - val_loss: 0.5002 - val_accuracy: 0.9118
Epoch 278/350
391/391 - 23s - loss: 0.0984 - accuracy: 0.9816 - val_loss: 0.5014 - val_accuracy: 0.9118
Epoch 279/350
391/391 - 23s - loss: 0.0987 - accuracy: 0.9811 - val_loss: 0.5007 - val_accuracy: 0.9117
Epoch 280/350
391/391 - 23s - loss: 0.0966 - accuracy: 0.9824 - val_loss: 0.5036 - val_accuracy: 0.9117
Epoch 281/350
391/391 - 23s - loss: 0.0980 - accuracy: 0.9816 - val_loss: 0.5033 - val_accuracy: 0.9119
Epoch 282/350
391/391 - 23s - loss: 0.0996 - accuracy: 0.9812 - val_loss: 0.5020 - val_accuracy: 0.9115
Epoch 283/350
391/391 - 23s - loss: 0.0964 - accuracy: 0.9827 - val_loss: 0.5016 - val_accuracy: 0.9123
Epoch 284/350
391/391 - 23s - loss: 0.0988 - accuracy: 0.9814 - val_loss: 0.5015 - val_accuracy: 0.9118
Epoch 285/350
391/391 - 23s - loss: 0.0978 - accuracy: 0.9820 - val_loss: 0.5043 - val_accuracy: 0.9120
Epoch 286/350
391/391 - 23s - loss: 0.0990 - accuracy: 0.9812 - val_loss: 0.5050 - val_accuracy: 0.9115
Epoch 287/350
391/391 - 23s - loss: 0.1010 - accuracy: 0.9805 - val_loss: 0.5034 - val_accuracy: 0.9122
Epoch 288/350
391/391 - 24s - loss: 0.0986 - accuracy: 0.9813 - val_loss: 0.5042 - val_accuracy: 0.9118
Epoch 289/350
391/391 - 23s - loss: 0.0984 - accuracy: 0.9819 - val_loss: 0.5020 - val_accuracy: 0.9118
Epoch 290/350
391/391 - 23s - loss: 0.0980 - accuracy: 0.9816 - val_loss: 0.5058 - val_accuracy: 0.9118
Epoch 291/350
391/391 - 23s - loss: 0.1007 - accuracy: 0.9801 - val_loss: 0.5032 - val_accuracy: 0.9119
Epoch 292/350
391/391 - 23s - loss: 0.0992 - accuracy: 0.9813 - val_loss: 0.5037 - val_accuracy: 0.9121
Epoch 293/350
391/391 - 23s - loss: 0.0982 - accuracy: 0.9820 - val_loss: 0.5042 - val_accuracy: 0.9118
Epoch 294/350
391/391 - 24s - loss: 0.0996 - accuracy: 0.9813 - val_loss: 0.5019 - val_accuracy: 0.9118
Epoch 295/350
391/391 - 23s - loss: 0.0991 - accuracy: 0.9811 - val_loss: 0.5029 - val_accuracy: 0.9117
Epoch 296/350
391/391 - 23s - loss: 0.0971 - accuracy: 0.9821 - val_loss: 0.5025 - val_accuracy: 0.9113
Epoch 297/350
391/391 - 24s - loss: 0.0993 - accuracy: 0.9812 - val_loss: 0.5049 - val_accuracy: 0.9109
Epoch 298/350
391/391 - 23s - loss: 0.0993 - accuracy: 0.9811 - val_loss: 0.5021 - val_accuracy: 0.9122
Epoch 299/350
391/391 - 24s - loss: 0.0994 - accuracy: 0.9805 - val_loss: 0.5034 - val_accuracy: 0.9112
Epoch 300/350


Snapshot weight 2 shuffle 2 at epoch 300
Layer 11
Getting activations...


391/391 - 24s - loss: 0.0987 - accuracy: 0.9816 - val_loss: 0.5032 - val_accuracy: 0.9113
Epoch 301/350
391/391 - 23s - loss: 0.0989 - accuracy: 0.9811 - val_loss: 0.5028 - val_accuracy: 0.9112
Epoch 302/350
391/391 - 23s - loss: 0.0996 - accuracy: 0.9808 - val_loss: 0.5030 - val_accuracy: 0.9118
Epoch 303/350
391/391 - 23s - loss: 0.0986 - accuracy: 0.9817 - val_loss: 0.5029 - val_accuracy: 0.9119
Epoch 304/350
391/391 - 23s - loss: 0.1000 - accuracy: 0.9807 - val_loss: 0.5032 - val_accuracy: 0.9117
Epoch 305/350
391/391 - 24s - loss: 0.0998 - accuracy: 0.9813 - val_loss: 0.5033 - val_accuracy: 0.9116
Epoch 306/350
391/391 - 23s - loss: 0.0999 - accuracy: 0.9809 - val_loss: 0.5029 - val_accuracy: 0.9116
Epoch 307/350
391/391 - 24s - loss: 0.0986 - accuracy: 0.9812 - val_loss: 0.5030 - val_accuracy: 0.9118
Epoch 308/350
391/391 - 23s - loss: 0.0993 - accuracy: 0.9813 - val_loss: 0.5030 - val_accuracy: 0.9117
Epoch 309/350
391/391 - 23s - loss: 0.0994 - accuracy: 0.9809 - val_loss: 0.5030 - val_accuracy: 0.9114
Epoch 310/350
391/391 - 23s - loss: 0.0961 - accuracy: 0.9825 - val_loss: 0.5030 - val_accuracy: 0.9117
Epoch 311/350
391/391 - 23s - loss: 0.0962 - accuracy: 0.9823 - val_loss: 0.5033 - val_accuracy: 0.9120
Epoch 312/350
391/391 - 23s - loss: 0.0976 - accuracy: 0.9814 - val_loss: 0.5031 - val_accuracy: 0.9120
Epoch 313/350
391/391 - 23s - loss: 0.0965 - accuracy: 0.9820 - val_loss: 0.5035 - val_accuracy: 0.9120
Epoch 314/350
391/391 - 23s - loss: 0.0965 - accuracy: 0.9824 - val_loss: 0.5041 - val_accuracy: 0.9116
Epoch 315/350
391/391 - 23s - loss: 0.0989 - accuracy: 0.9816 - val_loss: 0.5039 - val_accuracy: 0.9116
Epoch 316/350
391/391 - 23s - loss: 0.0963 - accuracy: 0.9828 - val_loss: 0.5037 - val_accuracy: 0.9120
Epoch 317/350
391/391 - 23s - loss: 0.0976 - accuracy: 0.9818 - val_loss: 0.5040 - val_accuracy: 0.9119
Epoch 318/350
391/391 - 23s - loss: 0.0985 - accuracy: 0.9822 - val_loss: 0.5040 - val_accuracy: 0.9114
Epoch 319/350
391/391 - 24s - loss: 0.0989 - accuracy: 0.9809 - val_loss: 0.5041 - val_accuracy: 0.9112
Epoch 320/350
391/391 - 23s - loss: 0.0981 - accuracy: 0.9812 - val_loss: 0.5046 - val_accuracy: 0.9115
Epoch 321/350
391/391 - 23s - loss: 0.0968 - accuracy: 0.9812 - val_loss: 0.5045 - val_accuracy: 0.9115
Epoch 322/350
391/391 - 23s - loss: 0.0986 - accuracy: 0.9819 - val_loss: 0.5037 - val_accuracy: 0.9119
Epoch 323/350
391/391 - 24s - loss: 0.0995 - accuracy: 0.9816 - val_loss: 0.5037 - val_accuracy: 0.9121
Epoch 324/350
391/391 - 23s - loss: 0.0975 - accuracy: 0.9819 - val_loss: 0.5040 - val_accuracy: 0.9120
Epoch 325/350
391/391 - 24s - loss: 0.0994 - accuracy: 0.9813 - val_loss: 0.5038 - val_accuracy: 0.9121
Epoch 326/350
391/391 - 23s - loss: 0.0981 - accuracy: 0.9820 - val_loss: 0.5040 - val_accuracy: 0.9116
Epoch 327/350
391/391 - 23s - loss: 0.0988 - accuracy: 0.9809 - val_loss: 0.5034 - val_accuracy: 0.9118
Epoch 328/350
391/391 - 23s - loss: 0.0984 - accuracy: 0.9815 - val_loss: 0.5038 - val_accuracy: 0.9121
Epoch 329/350
391/391 - 23s - loss: 0.1001 - accuracy: 0.9812 - val_loss: 0.5035 - val_accuracy: 0.9119
Epoch 330/350
391/391 - 23s - loss: 0.0996 - accuracy: 0.9811 - val_loss: 0.5035 - val_accuracy: 0.9118
Epoch 331/350
391/391 - 24s - loss: 0.0995 - accuracy: 0.9814 - val_loss: 0.5034 - val_accuracy: 0.9119
Epoch 332/350
391/391 - 23s - loss: 0.0971 - accuracy: 0.9824 - val_loss: 0.5032 - val_accuracy: 0.9119
Epoch 333/350
391/391 - 23s - loss: 0.0973 - accuracy: 0.9821 - val_loss: 0.5029 - val_accuracy: 0.9118
Epoch 334/350
391/391 - 24s - loss: 0.0967 - accuracy: 0.9813 - val_loss: 0.5038 - val_accuracy: 0.9119
Epoch 335/350
391/391 - 24s - loss: 0.0965 - accuracy: 0.9820 - val_loss: 0.5039 - val_accuracy: 0.9121
Epoch 336/350
391/391 - 24s - loss: 0.0975 - accuracy: 0.9818 - val_loss: 0.5041 - val_accuracy: 0.9120
Epoch 337/350
391/391 - 24s - loss: 0.0979 - accuracy: 0.9816 - val_loss: 0.5038 - val_accuracy: 0.9120
Epoch 338/350
391/391 - 24s - loss: 0.0985 - accuracy: 0.9816 - val_loss: 0.5035 - val_accuracy: 0.9119
Epoch 339/350
391/391 - 23s - loss: 0.0975 - accuracy: 0.9819 - val_loss: 0.5036 - val_accuracy: 0.9117
Epoch 340/350
391/391 - 23s - loss: 0.1010 - accuracy: 0.9808 - val_loss: 0.5033 - val_accuracy: 0.9119
Epoch 341/350
391/391 - 23s - loss: 0.0976 - accuracy: 0.9817 - val_loss: 0.5036 - val_accuracy: 0.9119
Epoch 342/350
391/391 - 24s - loss: 0.0995 - accuracy: 0.9812 - val_loss: 0.5029 - val_accuracy: 0.9119
Epoch 343/350
391/391 - 24s - loss: 0.0982 - accuracy: 0.9811 - val_loss: 0.5032 - val_accuracy: 0.9117
Epoch 344/350
391/391 - 24s - loss: 0.0993 - accuracy: 0.9815 - val_loss: 0.5031 - val_accuracy: 0.9119
Epoch 345/350
391/391 - 24s - loss: 0.0979 - accuracy: 0.9819 - val_loss: 0.5029 - val_accuracy: 0.9122
Epoch 346/350
391/391 - 24s - loss: 0.0973 - accuracy: 0.9819 - val_loss: 0.5032 - val_accuracy: 0.9119
Epoch 347/350
391/391 - 24s - loss: 0.0960 - accuracy: 0.9824 - val_loss: 0.5035 - val_accuracy: 0.9116
Epoch 348/350
391/391 - 23s - loss: 0.0982 - accuracy: 0.9825 - val_loss: 0.5037 - val_accuracy: 0.9114
Epoch 349/350
391/391 - 24s - loss: 0.0966 - accuracy: 0.9817 - val_loss: 0.5041 - val_accuracy: 0.9118
Epoch 350/350


Snapshot weight 2 shuffle 2 at epoch 350
Layer 11
Getting activations...


391/391 - 24s - loss: 0.0985 - accuracy: 0.9811 - val_loss: 0.5038 - val_accuracy: 0.9117
/usr/local/lib/python3.6/dist-packages/tensorflow/python/autograph/impl/api.py:493: UserWarning: fill_value is not supported and is always 0 for TensorFlow < 2.4.0.
  return py_builtins.overload_of(f)(*args)
WARNING:tensorflow:From /usr/local/lib/python3.6/dist-packages/tensorflow/python/training/tracking/tracking.py:111: Model.state_updates (from tensorflow.python.keras.engine.training) is deprecated and will be removed in a future version.
Instructions for updating:
This property should not be used in TensorFlow 2.0, as updates are applied automatically.
2021-07-01 23:39:57.337937: W tensorflow/python/util/util.cc:348] Sets are not currently considered sequences, but this may change in the future, so consider avoiding using them.
WARNING:tensorflow:From /usr/local/lib/python3.6/dist-packages/tensorflow/python/training/tracking/tracking.py:111: Layer.updates (from tensorflow.python.keras.engine.base_layer) is deprecated and will be removed in a future version.
Instructions for updating:
This property should not be used in TensorFlow 2.0, as updates are applied automatically.
Saving, final validation acc: 0.9117000102996826
