2021-07-02 11:50:39.910593: I tensorflow/stream_executor/platform/default/dso_loader.cc:48] Successfully opened dynamic library libcudart.so.10.1
2021-07-02 11:51:53.926938: I tensorflow/stream_executor/platform/default/dso_loader.cc:48] Successfully opened dynamic library libcuda.so.1
2021-07-02 11:51:53.946688: I tensorflow/core/common_runtime/gpu/gpu_device.cc:1716] Found device 0 with properties: 
pciBusID: 0000:03:00.0 name: NVIDIA TITAN Xp computeCapability: 6.1
coreClock: 1.582GHz coreCount: 30 deviceMemorySize: 11.91GiB deviceMemoryBandwidth: 510.07GiB/s
2021-07-02 11:51:53.946775: I tensorflow/stream_executor/platform/default/dso_loader.cc:48] Successfully opened dynamic library libcudart.so.10.1
2021-07-02 11:51:53.986761: I tensorflow/stream_executor/platform/default/dso_loader.cc:48] Successfully opened dynamic library libcublas.so.10
2021-07-02 11:51:54.006466: I tensorflow/stream_executor/platform/default/dso_loader.cc:48] Successfully opened dynamic library libcufft.so.10
2021-07-02 11:51:54.014623: I tensorflow/stream_executor/platform/default/dso_loader.cc:48] Successfully opened dynamic library libcurand.so.10
2021-07-02 11:51:54.056407: I tensorflow/stream_executor/platform/default/dso_loader.cc:48] Successfully opened dynamic library libcusolver.so.10
2021-07-02 11:51:54.064646: I tensorflow/stream_executor/platform/default/dso_loader.cc:48] Successfully opened dynamic library libcusparse.so.10
2021-07-02 11:51:54.138039: I tensorflow/stream_executor/platform/default/dso_loader.cc:48] Successfully opened dynamic library libcudnn.so.7
2021-07-02 11:51:54.140495: I tensorflow/core/common_runtime/gpu/gpu_device.cc:1858] Adding visible gpu devices: 0
2021-07-02 11:51:54.144037: I tensorflow/core/platform/cpu_feature_guard.cc:142] This TensorFlow binary is optimized with oneAPI Deep Neural Network Library (oneDNN)to use the following CPU instructions in performance-critical operations:  AVX2 FMA
To enable them in other operations, rebuild TensorFlow with the appropriate compiler flags.
2021-07-02 11:51:54.159176: I tensorflow/core/platform/profile_utils/cpu_utils.cc:104] CPU Frequency: 2600090000 Hz
2021-07-02 11:51:54.159282: I tensorflow/compiler/xla/service/service.cc:168] XLA service 0x4754dc0 initialized for platform Host (this does not guarantee that XLA will be used). Devices:
2021-07-02 11:51:54.159301: I tensorflow/compiler/xla/service/service.cc:176]   StreamExecutor device (0): Host, Default Version
2021-07-02 11:51:54.267285: I tensorflow/compiler/xla/service/service.cc:168] XLA service 0x473c320 initialized for platform CUDA (this does not guarantee that XLA will be used). Devices:
2021-07-02 11:51:54.267382: I tensorflow/compiler/xla/service/service.cc:176]   StreamExecutor device (0): NVIDIA TITAN Xp, Compute Capability 6.1
2021-07-02 11:51:54.269764: I tensorflow/core/common_runtime/gpu/gpu_device.cc:1716] Found device 0 with properties: 
pciBusID: 0000:03:00.0 name: NVIDIA TITAN Xp computeCapability: 6.1
coreClock: 1.582GHz coreCount: 30 deviceMemorySize: 11.91GiB deviceMemoryBandwidth: 510.07GiB/s
2021-07-02 11:51:54.269801: I tensorflow/stream_executor/platform/default/dso_loader.cc:48] Successfully opened dynamic library libcudart.so.10.1
2021-07-02 11:51:54.269831: I tensorflow/stream_executor/platform/default/dso_loader.cc:48] Successfully opened dynamic library libcublas.so.10
2021-07-02 11:51:54.269849: I tensorflow/stream_executor/platform/default/dso_loader.cc:48] Successfully opened dynamic library libcufft.so.10
2021-07-02 11:51:54.269866: I tensorflow/stream_executor/platform/default/dso_loader.cc:48] Successfully opened dynamic library libcurand.so.10
2021-07-02 11:51:54.269883: I tensorflow/stream_executor/platform/default/dso_loader.cc:48] Successfully opened dynamic library libcusolver.so.10
2021-07-02 11:51:54.269899: I tensorflow/stream_executor/platform/default/dso_loader.cc:48] Successfully opened dynamic library libcusparse.so.10
2021-07-02 11:51:54.269916: I tensorflow/stream_executor/platform/default/dso_loader.cc:48] Successfully opened dynamic library libcudnn.so.7
2021-07-02 11:51:54.275614: I tensorflow/core/common_runtime/gpu/gpu_device.cc:1858] Adding visible gpu devices: 0
2021-07-02 11:51:54.277289: I tensorflow/stream_executor/platform/default/dso_loader.cc:48] Successfully opened dynamic library libcudart.so.10.1
2021-07-02 11:51:55.964596: I tensorflow/core/common_runtime/gpu/gpu_device.cc:1257] Device interconnect StreamExecutor with strength 1 edge matrix:
2021-07-02 11:51:55.964679: I tensorflow/core/common_runtime/gpu/gpu_device.cc:1263]      0 
2021-07-02 11:51:55.964691: I tensorflow/core/common_runtime/gpu/gpu_device.cc:1276] 0:   N 
2021-07-02 11:51:55.970415: I tensorflow/core/common_runtime/gpu/gpu_device.cc:1402] Created TensorFlow device (/job:localhost/replica:0/task:0/device:GPU:0 with 11218 MB memory) -> physical GPU (device: 0, name: NVIDIA TITAN Xp, pci bus id: 0000:03:00.0, compute capability: 6.1)
2021-07-02 11:52:01.591351: I tensorflow/stream_executor/platform/default/dso_loader.cc:48] Successfully opened dynamic library libcudnn.so.7
2021-07-02 11:52:03.962022: I tensorflow/stream_executor/platform/default/dso_loader.cc:48] Successfully opened dynamic library libcublas.so.10
Using model index: 65
Making train data...
GCN...
ZCA...
Done!
Making test data...
Done!
Epoch 1/350


Snapshot weight 5 shuffle 6 at epoch 1
Layer 11
Getting activations...


391/391 - 23s - loss: 2.3058 - accuracy: 0.1203 - val_loss: 2.2420 - val_accuracy: 0.1360
Epoch 2/350


Snapshot weight 5 shuffle 6 at epoch 2
Layer 11
Getting activations...


391/391 - 22s - loss: 2.3134 - accuracy: 0.1143 - val_loss: 2.3107 - val_accuracy: 0.1456
Epoch 3/350


Snapshot weight 5 shuffle 6 at epoch 3
Layer 11
Getting activations...


391/391 - 22s - loss: 2.2920 - accuracy: 0.1368 - val_loss: 2.2833 - val_accuracy: 0.1651
Epoch 4/350


Snapshot weight 5 shuffle 6 at epoch 4
Layer 11
Getting activations...


391/391 - 23s - loss: 2.1772 - accuracy: 0.2026 - val_loss: 2.0867 - val_accuracy: 0.2453
Epoch 5/350


Snapshot weight 5 shuffle 6 at epoch 5
Layer 11
Getting activations...


391/391 - 23s - loss: 1.9136 - accuracy: 0.3085 - val_loss: 1.6227 - val_accuracy: 0.4331
Epoch 6/350


Snapshot weight 5 shuffle 6 at epoch 6
Layer 11
Getting activations...


391/391 - 23s - loss: 1.5545 - accuracy: 0.4418 - val_loss: 1.3500 - val_accuracy: 0.5100
Epoch 7/350


Snapshot weight 5 shuffle 6 at epoch 7
Layer 11
Getting activations...


391/391 - 23s - loss: 1.3760 - accuracy: 0.5158 - val_loss: 1.2214 - val_accuracy: 0.5756
Epoch 8/350


Snapshot weight 5 shuffle 6 at epoch 8
Layer 11
Getting activations...


391/391 - 23s - loss: 1.2641 - accuracy: 0.5595 - val_loss: 1.1961 - val_accuracy: 0.5937
Epoch 9/350


Snapshot weight 5 shuffle 6 at epoch 9
Layer 11
Getting activations...


391/391 - 23s - loss: 1.1780 - accuracy: 0.5870 - val_loss: 1.0936 - val_accuracy: 0.6162
Epoch 10/350


Snapshot weight 5 shuffle 6 at epoch 10
Layer 11
Getting activations...


391/391 - 23s - loss: 1.0978 - accuracy: 0.6186 - val_loss: 1.0152 - val_accuracy: 0.6507
Epoch 11/350
391/391 - 23s - loss: 1.0563 - accuracy: 0.6343 - val_loss: 0.9816 - val_accuracy: 0.6598
Epoch 12/350
391/391 - 23s - loss: 1.0090 - accuracy: 0.6531 - val_loss: 0.9043 - val_accuracy: 0.6882
Epoch 13/350
391/391 - 23s - loss: 0.9631 - accuracy: 0.6699 - val_loss: 0.9636 - val_accuracy: 0.6713
Epoch 14/350
391/391 - 23s - loss: 0.9272 - accuracy: 0.6839 - val_loss: 0.8501 - val_accuracy: 0.7165
Epoch 15/350
391/391 - 23s - loss: 0.8968 - accuracy: 0.6927 - val_loss: 0.7783 - val_accuracy: 0.7435
Epoch 16/350
391/391 - 23s - loss: 0.8625 - accuracy: 0.7064 - val_loss: 0.7462 - val_accuracy: 0.7460
Epoch 17/350
391/391 - 23s - loss: 0.8210 - accuracy: 0.7201 - val_loss: 0.7775 - val_accuracy: 0.7344
Epoch 18/350
391/391 - 23s - loss: 0.8094 - accuracy: 0.7264 - val_loss: 0.7024 - val_accuracy: 0.7636
Epoch 19/350
391/391 - 23s - loss: 0.7742 - accuracy: 0.7360 - val_loss: 0.7298 - val_accuracy: 0.7563
Epoch 20/350
391/391 - 23s - loss: 0.7528 - accuracy: 0.7471 - val_loss: 0.6963 - val_accuracy: 0.7662
Epoch 21/350
391/391 - 23s - loss: 0.7218 - accuracy: 0.7572 - val_loss: 0.7016 - val_accuracy: 0.7670
Epoch 22/350
391/391 - 23s - loss: 0.7057 - accuracy: 0.7630 - val_loss: 0.6844 - val_accuracy: 0.7743
Epoch 23/350
391/391 - 23s - loss: 0.6818 - accuracy: 0.7715 - val_loss: 0.6182 - val_accuracy: 0.8015
Epoch 24/350
391/391 - 23s - loss: 0.6695 - accuracy: 0.7759 - val_loss: 0.6428 - val_accuracy: 0.7930
Epoch 25/350
391/391 - 23s - loss: 0.6459 - accuracy: 0.7867 - val_loss: 0.6308 - val_accuracy: 0.7963
Epoch 26/350
391/391 - 23s - loss: 0.6360 - accuracy: 0.7884 - val_loss: 0.5728 - val_accuracy: 0.8124
Epoch 27/350
391/391 - 23s - loss: 0.6216 - accuracy: 0.7949 - val_loss: 0.5821 - val_accuracy: 0.8135
Epoch 28/350
391/391 - 23s - loss: 0.5994 - accuracy: 0.8029 - val_loss: 0.5497 - val_accuracy: 0.8258
Epoch 29/350
391/391 - 23s - loss: 0.5940 - accuracy: 0.8043 - val_loss: 0.5560 - val_accuracy: 0.8251
Epoch 30/350
391/391 - 23s - loss: 0.5774 - accuracy: 0.8096 - val_loss: 0.5475 - val_accuracy: 0.8252
Epoch 31/350
391/391 - 23s - loss: 0.5682 - accuracy: 0.8139 - val_loss: 0.5372 - val_accuracy: 0.8283
Epoch 32/350
391/391 - 23s - loss: 0.5526 - accuracy: 0.8167 - val_loss: 0.5643 - val_accuracy: 0.8281
Epoch 33/350
391/391 - 23s - loss: 0.5504 - accuracy: 0.8191 - val_loss: 0.5482 - val_accuracy: 0.8271
Epoch 34/350
391/391 - 23s - loss: 0.5305 - accuracy: 0.8275 - val_loss: 0.4989 - val_accuracy: 0.8451
Epoch 35/350
391/391 - 23s - loss: 0.5246 - accuracy: 0.8291 - val_loss: 0.4985 - val_accuracy: 0.8400
Epoch 36/350
391/391 - 23s - loss: 0.5177 - accuracy: 0.8307 - val_loss: 0.5335 - val_accuracy: 0.8308
Epoch 37/350
391/391 - 23s - loss: 0.5068 - accuracy: 0.8350 - val_loss: 0.4977 - val_accuracy: 0.8427
Epoch 38/350
391/391 - 23s - loss: 0.5003 - accuracy: 0.8354 - val_loss: 0.5121 - val_accuracy: 0.8382
Epoch 39/350
391/391 - 23s - loss: 0.4912 - accuracy: 0.8403 - val_loss: 0.5006 - val_accuracy: 0.8458
Epoch 40/350
391/391 - 23s - loss: 0.4796 - accuracy: 0.8444 - val_loss: 0.5363 - val_accuracy: 0.8336
Epoch 41/350
391/391 - 23s - loss: 0.4791 - accuracy: 0.8457 - val_loss: 0.4794 - val_accuracy: 0.8514
Epoch 42/350
391/391 - 23s - loss: 0.4703 - accuracy: 0.8480 - val_loss: 0.4809 - val_accuracy: 0.8497
Epoch 43/350
391/391 - 23s - loss: 0.4641 - accuracy: 0.8501 - val_loss: 0.5086 - val_accuracy: 0.8436
Epoch 44/350
391/391 - 23s - loss: 0.4542 - accuracy: 0.8527 - val_loss: 0.5094 - val_accuracy: 0.8391
Epoch 45/350
391/391 - 23s - loss: 0.4455 - accuracy: 0.8559 - val_loss: 0.4692 - val_accuracy: 0.8552
Epoch 46/350
391/391 - 23s - loss: 0.4408 - accuracy: 0.8584 - val_loss: 0.4883 - val_accuracy: 0.8480
Epoch 47/350
391/391 - 23s - loss: 0.4421 - accuracy: 0.8568 - val_loss: 0.4682 - val_accuracy: 0.8530
Epoch 48/350
391/391 - 23s - loss: 0.4314 - accuracy: 0.8619 - val_loss: 0.4504 - val_accuracy: 0.8625
Epoch 49/350
391/391 - 23s - loss: 0.4266 - accuracy: 0.8625 - val_loss: 0.4413 - val_accuracy: 0.8673
Epoch 50/350


Snapshot weight 5 shuffle 6 at epoch 50
Layer 11
Getting activations...


391/391 - 23s - loss: 0.4166 - accuracy: 0.8672 - val_loss: 0.4894 - val_accuracy: 0.8528
Epoch 51/350
391/391 - 23s - loss: 0.4175 - accuracy: 0.8664 - val_loss: 0.4489 - val_accuracy: 0.8615
Epoch 52/350
391/391 - 23s - loss: 0.4066 - accuracy: 0.8689 - val_loss: 0.4642 - val_accuracy: 0.8583
Epoch 53/350
391/391 - 23s - loss: 0.4053 - accuracy: 0.8689 - val_loss: 0.4490 - val_accuracy: 0.8616
Epoch 54/350
391/391 - 23s - loss: 0.3989 - accuracy: 0.8716 - val_loss: 0.4133 - val_accuracy: 0.8718
Epoch 55/350
391/391 - 23s - loss: 0.3909 - accuracy: 0.8742 - val_loss: 0.4525 - val_accuracy: 0.8561
Epoch 56/350
391/391 - 23s - loss: 0.3938 - accuracy: 0.8744 - val_loss: 0.4257 - val_accuracy: 0.8695
Epoch 57/350
391/391 - 23s - loss: 0.3881 - accuracy: 0.8772 - val_loss: 0.4635 - val_accuracy: 0.8591
Epoch 58/350
391/391 - 23s - loss: 0.3776 - accuracy: 0.8798 - val_loss: 0.4495 - val_accuracy: 0.8636
Epoch 59/350
391/391 - 23s - loss: 0.3779 - accuracy: 0.8785 - val_loss: 0.4327 - val_accuracy: 0.8699
Epoch 60/350
391/391 - 23s - loss: 0.3825 - accuracy: 0.8765 - val_loss: 0.4379 - val_accuracy: 0.8697
Epoch 61/350
391/391 - 23s - loss: 0.3658 - accuracy: 0.8840 - val_loss: 0.4300 - val_accuracy: 0.8727
Epoch 62/350
391/391 - 23s - loss: 0.3644 - accuracy: 0.8854 - val_loss: 0.4417 - val_accuracy: 0.8671
Epoch 63/350
391/391 - 23s - loss: 0.3644 - accuracy: 0.8849 - val_loss: 0.4066 - val_accuracy: 0.8773
Epoch 64/350
391/391 - 23s - loss: 0.3553 - accuracy: 0.8876 - val_loss: 0.4151 - val_accuracy: 0.8739
Epoch 65/350
391/391 - 23s - loss: 0.3523 - accuracy: 0.8892 - val_loss: 0.4541 - val_accuracy: 0.8669
Epoch 66/350
391/391 - 23s - loss: 0.3480 - accuracy: 0.8890 - val_loss: 0.4264 - val_accuracy: 0.8761
Epoch 67/350
391/391 - 23s - loss: 0.3467 - accuracy: 0.8907 - val_loss: 0.4111 - val_accuracy: 0.8787
Epoch 68/350
391/391 - 23s - loss: 0.3412 - accuracy: 0.8927 - val_loss: 0.4722 - val_accuracy: 0.8675
Epoch 69/350
391/391 - 23s - loss: 0.3455 - accuracy: 0.8915 - val_loss: 0.4453 - val_accuracy: 0.8703
Epoch 70/350
391/391 - 23s - loss: 0.3340 - accuracy: 0.8933 - val_loss: 0.4029 - val_accuracy: 0.8817
Epoch 71/350
391/391 - 23s - loss: 0.3371 - accuracy: 0.8947 - val_loss: 0.4007 - val_accuracy: 0.8817
Epoch 72/350
391/391 - 23s - loss: 0.3331 - accuracy: 0.8950 - val_loss: 0.4075 - val_accuracy: 0.8800
Epoch 73/350
391/391 - 23s - loss: 0.3253 - accuracy: 0.8988 - val_loss: 0.4127 - val_accuracy: 0.8802
Epoch 74/350
391/391 - 23s - loss: 0.3195 - accuracy: 0.9005 - val_loss: 0.4160 - val_accuracy: 0.8824
Epoch 75/350
391/391 - 23s - loss: 0.3224 - accuracy: 0.8998 - val_loss: 0.4206 - val_accuracy: 0.8806
Epoch 76/350
391/391 - 23s - loss: 0.3175 - accuracy: 0.9006 - val_loss: 0.4400 - val_accuracy: 0.8773
Epoch 77/350
391/391 - 23s - loss: 0.3160 - accuracy: 0.8998 - val_loss: 0.4284 - val_accuracy: 0.8793
Epoch 78/350
391/391 - 23s - loss: 0.3123 - accuracy: 0.9011 - val_loss: 0.4200 - val_accuracy: 0.8812
Epoch 79/350
391/391 - 23s - loss: 0.3114 - accuracy: 0.9021 - val_loss: 0.4448 - val_accuracy: 0.8785
Epoch 80/350
391/391 - 23s - loss: 0.3091 - accuracy: 0.9037 - val_loss: 0.3953 - val_accuracy: 0.8871
Epoch 81/350
391/391 - 23s - loss: 0.3087 - accuracy: 0.9037 - val_loss: 0.4059 - val_accuracy: 0.8819
Epoch 82/350
391/391 - 23s - loss: 0.3047 - accuracy: 0.9063 - val_loss: 0.4521 - val_accuracy: 0.8724
Epoch 83/350
391/391 - 23s - loss: 0.3024 - accuracy: 0.9065 - val_loss: 0.4120 - val_accuracy: 0.8832
Epoch 84/350
391/391 - 23s - loss: 0.3008 - accuracy: 0.9075 - val_loss: 0.3949 - val_accuracy: 0.8869
Epoch 85/350
391/391 - 23s - loss: 0.2975 - accuracy: 0.9078 - val_loss: 0.4899 - val_accuracy: 0.8680
Epoch 86/350
391/391 - 23s - loss: 0.2950 - accuracy: 0.9091 - val_loss: 0.4167 - val_accuracy: 0.8787
Epoch 87/350
391/391 - 23s - loss: 0.2970 - accuracy: 0.9079 - val_loss: 0.4020 - val_accuracy: 0.8849
Epoch 88/350
391/391 - 23s - loss: 0.2904 - accuracy: 0.9094 - val_loss: 0.3908 - val_accuracy: 0.8872
Epoch 89/350
391/391 - 23s - loss: 0.2887 - accuracy: 0.9114 - val_loss: 0.4109 - val_accuracy: 0.8867
Epoch 90/350
391/391 - 23s - loss: 0.2814 - accuracy: 0.9126 - val_loss: 0.4087 - val_accuracy: 0.8906
Epoch 91/350
391/391 - 23s - loss: 0.2848 - accuracy: 0.9131 - val_loss: 0.4217 - val_accuracy: 0.8813
Epoch 92/350
391/391 - 23s - loss: 0.2823 - accuracy: 0.9122 - val_loss: 0.4163 - val_accuracy: 0.8813
Epoch 93/350
391/391 - 23s - loss: 0.2772 - accuracy: 0.9154 - val_loss: 0.3899 - val_accuracy: 0.8876
Epoch 94/350
391/391 - 23s - loss: 0.2753 - accuracy: 0.9162 - val_loss: 0.4199 - val_accuracy: 0.8868
Epoch 95/350
391/391 - 23s - loss: 0.2709 - accuracy: 0.9191 - val_loss: 0.4178 - val_accuracy: 0.8872
Epoch 96/350
391/391 - 23s - loss: 0.2728 - accuracy: 0.9166 - val_loss: 0.3996 - val_accuracy: 0.8912
Epoch 97/350
391/391 - 23s - loss: 0.2684 - accuracy: 0.9190 - val_loss: 0.4027 - val_accuracy: 0.8857
Epoch 98/350
391/391 - 23s - loss: 0.2652 - accuracy: 0.9189 - val_loss: 0.4162 - val_accuracy: 0.8861
Epoch 99/350
391/391 - 22s - loss: 0.2663 - accuracy: 0.9192 - val_loss: 0.4186 - val_accuracy: 0.8864
Epoch 100/350


Snapshot weight 5 shuffle 6 at epoch 100
Layer 11
Getting activations...


391/391 - 23s - loss: 0.2664 - accuracy: 0.9182 - val_loss: 0.4035 - val_accuracy: 0.8880
Epoch 101/350
391/391 - 23s - loss: 0.2647 - accuracy: 0.9205 - val_loss: 0.4217 - val_accuracy: 0.8882
Epoch 102/350
391/391 - 23s - loss: 0.2586 - accuracy: 0.9217 - val_loss: 0.4258 - val_accuracy: 0.8869
Epoch 103/350
391/391 - 23s - loss: 0.2564 - accuracy: 0.9225 - val_loss: 0.4178 - val_accuracy: 0.8848
Epoch 104/350
391/391 - 23s - loss: 0.2590 - accuracy: 0.9221 - val_loss: 0.4272 - val_accuracy: 0.8826
Epoch 105/350
391/391 - 23s - loss: 0.2577 - accuracy: 0.9222 - val_loss: 0.4017 - val_accuracy: 0.8902
Epoch 106/350
391/391 - 23s - loss: 0.2524 - accuracy: 0.9254 - val_loss: 0.4010 - val_accuracy: 0.8907
Epoch 107/350
391/391 - 23s - loss: 0.2515 - accuracy: 0.9247 - val_loss: 0.4334 - val_accuracy: 0.8895
Epoch 108/350
391/391 - 23s - loss: 0.2503 - accuracy: 0.9253 - val_loss: 0.4425 - val_accuracy: 0.8879
Epoch 109/350
391/391 - 23s - loss: 0.2459 - accuracy: 0.9264 - val_loss: 0.3985 - val_accuracy: 0.8879
Epoch 110/350
391/391 - 23s - loss: 0.2480 - accuracy: 0.9268 - val_loss: 0.4163 - val_accuracy: 0.8892
Epoch 111/350
391/391 - 22s - loss: 0.2475 - accuracy: 0.9258 - val_loss: 0.4453 - val_accuracy: 0.8785
Epoch 112/350
391/391 - 23s - loss: 0.2438 - accuracy: 0.9268 - val_loss: 0.4139 - val_accuracy: 0.8909
Epoch 113/350
391/391 - 23s - loss: 0.2410 - accuracy: 0.9293 - val_loss: 0.4238 - val_accuracy: 0.8869
Epoch 114/350
391/391 - 23s - loss: 0.2403 - accuracy: 0.9295 - val_loss: 0.4228 - val_accuracy: 0.8920
Epoch 115/350
391/391 - 23s - loss: 0.2379 - accuracy: 0.9303 - val_loss: 0.4222 - val_accuracy: 0.8916
Epoch 116/350
391/391 - 23s - loss: 0.2389 - accuracy: 0.9303 - val_loss: 0.4511 - val_accuracy: 0.8833
Epoch 117/350
391/391 - 23s - loss: 0.2419 - accuracy: 0.9285 - val_loss: 0.4163 - val_accuracy: 0.8926
Epoch 118/350
391/391 - 23s - loss: 0.2367 - accuracy: 0.9298 - val_loss: 0.4593 - val_accuracy: 0.8836
Epoch 119/350
391/391 - 23s - loss: 0.2338 - accuracy: 0.9312 - val_loss: 0.4580 - val_accuracy: 0.8839
Epoch 120/350
391/391 - 23s - loss: 0.2313 - accuracy: 0.9313 - val_loss: 0.4231 - val_accuracy: 0.8918
Epoch 121/350
391/391 - 23s - loss: 0.2279 - accuracy: 0.9336 - val_loss: 0.4210 - val_accuracy: 0.8951
Epoch 122/350
391/391 - 23s - loss: 0.2288 - accuracy: 0.9334 - val_loss: 0.4357 - val_accuracy: 0.8884
Epoch 123/350
391/391 - 23s - loss: 0.2303 - accuracy: 0.9324 - val_loss: 0.4185 - val_accuracy: 0.8955
Epoch 124/350
391/391 - 23s - loss: 0.2282 - accuracy: 0.9337 - val_loss: 0.4228 - val_accuracy: 0.8909
Epoch 125/350
391/391 - 23s - loss: 0.2292 - accuracy: 0.9326 - val_loss: 0.4283 - val_accuracy: 0.8891
Epoch 126/350
391/391 - 23s - loss: 0.2293 - accuracy: 0.9329 - val_loss: 0.4616 - val_accuracy: 0.8873
Epoch 127/350
391/391 - 23s - loss: 0.2279 - accuracy: 0.9325 - val_loss: 0.4417 - val_accuracy: 0.8847
Epoch 128/350
391/391 - 23s - loss: 0.2272 - accuracy: 0.9334 - val_loss: 0.4517 - val_accuracy: 0.8925
Epoch 129/350
391/391 - 23s - loss: 0.2219 - accuracy: 0.9356 - val_loss: 0.4650 - val_accuracy: 0.8900
Epoch 130/350
391/391 - 23s - loss: 0.2197 - accuracy: 0.9362 - val_loss: 0.4375 - val_accuracy: 0.8914
Epoch 131/350
391/391 - 23s - loss: 0.2215 - accuracy: 0.9357 - val_loss: 0.4318 - val_accuracy: 0.8900
Epoch 132/350
391/391 - 23s - loss: 0.2137 - accuracy: 0.9378 - val_loss: 0.4730 - val_accuracy: 0.8891
Epoch 133/350
391/391 - 23s - loss: 0.2227 - accuracy: 0.9341 - val_loss: 0.4239 - val_accuracy: 0.8971
Epoch 134/350
391/391 - 23s - loss: 0.2147 - accuracy: 0.9398 - val_loss: 0.4448 - val_accuracy: 0.8892
Epoch 135/350
391/391 - 23s - loss: 0.2180 - accuracy: 0.9377 - val_loss: 0.4271 - val_accuracy: 0.8908
Epoch 136/350
391/391 - 23s - loss: 0.2155 - accuracy: 0.9387 - val_loss: 0.4046 - val_accuracy: 0.8997
Epoch 137/350
391/391 - 23s - loss: 0.2134 - accuracy: 0.9385 - val_loss: 0.4116 - val_accuracy: 0.8961
Epoch 138/350
391/391 - 23s - loss: 0.2101 - accuracy: 0.9401 - val_loss: 0.4605 - val_accuracy: 0.8897
Epoch 139/350
391/391 - 23s - loss: 0.2122 - accuracy: 0.9384 - val_loss: 0.4468 - val_accuracy: 0.8922
Epoch 140/350
391/391 - 23s - loss: 0.2124 - accuracy: 0.9392 - val_loss: 0.4390 - val_accuracy: 0.8911
Epoch 141/350
391/391 - 23s - loss: 0.2099 - accuracy: 0.9399 - val_loss: 0.4738 - val_accuracy: 0.8870
Epoch 142/350
391/391 - 23s - loss: 0.2047 - accuracy: 0.9427 - val_loss: 0.4297 - val_accuracy: 0.8960
Epoch 143/350
391/391 - 23s - loss: 0.2085 - accuracy: 0.9406 - val_loss: 0.4268 - val_accuracy: 0.8961
Epoch 144/350
391/391 - 23s - loss: 0.2086 - accuracy: 0.9396 - val_loss: 0.4446 - val_accuracy: 0.8923
Epoch 145/350
391/391 - 23s - loss: 0.2049 - accuracy: 0.9418 - val_loss: 0.4620 - val_accuracy: 0.8910
Epoch 146/350
391/391 - 23s - loss: 0.2031 - accuracy: 0.9432 - val_loss: 0.4447 - val_accuracy: 0.8927
Epoch 147/350
391/391 - 23s - loss: 0.2021 - accuracy: 0.9420 - val_loss: 0.4566 - val_accuracy: 0.8943
Epoch 148/350
391/391 - 23s - loss: 0.2028 - accuracy: 0.9425 - val_loss: 0.4237 - val_accuracy: 0.8954
Epoch 149/350
391/391 - 23s - loss: 0.2009 - accuracy: 0.9437 - val_loss: 0.4524 - val_accuracy: 0.8948
Epoch 150/350


Snapshot weight 5 shuffle 6 at epoch 150
Layer 11
Getting activations...


391/391 - 23s - loss: 0.2024 - accuracy: 0.9438 - val_loss: 0.4571 - val_accuracy: 0.8921
Epoch 151/350
391/391 - 23s - loss: 0.2033 - accuracy: 0.9433 - val_loss: 0.4492 - val_accuracy: 0.8932
Epoch 152/350
391/391 - 23s - loss: 0.2016 - accuracy: 0.9435 - val_loss: 0.4512 - val_accuracy: 0.8981
Epoch 153/350
391/391 - 23s - loss: 0.1941 - accuracy: 0.9462 - val_loss: 0.4335 - val_accuracy: 0.8939
Epoch 154/350
391/391 - 23s - loss: 0.1948 - accuracy: 0.9469 - val_loss: 0.4656 - val_accuracy: 0.8932
Epoch 155/350
391/391 - 22s - loss: 0.1960 - accuracy: 0.9455 - val_loss: 0.4354 - val_accuracy: 0.8985
Epoch 156/350
391/391 - 23s - loss: 0.1933 - accuracy: 0.9469 - val_loss: 0.4191 - val_accuracy: 0.8961
Epoch 157/350
391/391 - 23s - loss: 0.1943 - accuracy: 0.9450 - val_loss: 0.4639 - val_accuracy: 0.8883
Epoch 158/350
391/391 - 23s - loss: 0.1891 - accuracy: 0.9488 - val_loss: 0.4406 - val_accuracy: 0.8980
Epoch 159/350
391/391 - 23s - loss: 0.1922 - accuracy: 0.9469 - val_loss: 0.4372 - val_accuracy: 0.8977
Epoch 160/350
391/391 - 23s - loss: 0.1935 - accuracy: 0.9473 - val_loss: 0.4694 - val_accuracy: 0.8931
Epoch 161/350
391/391 - 23s - loss: 0.1934 - accuracy: 0.9475 - val_loss: 0.4305 - val_accuracy: 0.8998
Epoch 162/350
391/391 - 23s - loss: 0.1860 - accuracy: 0.9488 - val_loss: 0.4953 - val_accuracy: 0.8898
Epoch 163/350
391/391 - 23s - loss: 0.1897 - accuracy: 0.9485 - val_loss: 0.4206 - val_accuracy: 0.8985
Epoch 164/350
391/391 - 23s - loss: 0.1861 - accuracy: 0.9491 - val_loss: 0.4365 - val_accuracy: 0.8947
Epoch 165/350
391/391 - 23s - loss: 0.1896 - accuracy: 0.9481 - val_loss: 0.4674 - val_accuracy: 0.8961
Epoch 166/350
391/391 - 23s - loss: 0.1887 - accuracy: 0.9474 - val_loss: 0.4468 - val_accuracy: 0.8959
Epoch 167/350
391/391 - 23s - loss: 0.1859 - accuracy: 0.9495 - val_loss: 0.4667 - val_accuracy: 0.8940
Epoch 168/350
391/391 - 23s - loss: 0.1830 - accuracy: 0.9513 - val_loss: 0.4732 - val_accuracy: 0.8947
Epoch 169/350
391/391 - 23s - loss: 0.1818 - accuracy: 0.9516 - val_loss: 0.4747 - val_accuracy: 0.8922
Epoch 170/350
391/391 - 23s - loss: 0.1836 - accuracy: 0.9503 - val_loss: 0.4714 - val_accuracy: 0.8957
Epoch 171/350
391/391 - 23s - loss: 0.1861 - accuracy: 0.9489 - val_loss: 0.4403 - val_accuracy: 0.8949
Epoch 172/350
391/391 - 23s - loss: 0.1821 - accuracy: 0.9506 - val_loss: 0.4896 - val_accuracy: 0.8916
Epoch 173/350
391/391 - 23s - loss: 0.1821 - accuracy: 0.9510 - val_loss: 0.4591 - val_accuracy: 0.8975
Epoch 174/350
391/391 - 23s - loss: 0.1842 - accuracy: 0.9499 - val_loss: 0.4509 - val_accuracy: 0.8964
Epoch 175/350
391/391 - 23s - loss: 0.1728 - accuracy: 0.9542 - val_loss: 0.4735 - val_accuracy: 0.8918
Epoch 176/350
391/391 - 23s - loss: 0.1824 - accuracy: 0.9511 - val_loss: 0.4492 - val_accuracy: 0.8956
Epoch 177/350
391/391 - 23s - loss: 0.1776 - accuracy: 0.9532 - val_loss: 0.4715 - val_accuracy: 0.8951
Epoch 178/350
391/391 - 23s - loss: 0.1817 - accuracy: 0.9517 - val_loss: 0.4839 - val_accuracy: 0.8924
Epoch 179/350
391/391 - 23s - loss: 0.1789 - accuracy: 0.9513 - val_loss: 0.4698 - val_accuracy: 0.8950
Epoch 180/350
391/391 - 23s - loss: 0.1766 - accuracy: 0.9534 - val_loss: 0.4412 - val_accuracy: 0.8963
Epoch 181/350
391/391 - 23s - loss: 0.1759 - accuracy: 0.9529 - val_loss: 0.4775 - val_accuracy: 0.8944
Epoch 182/350
391/391 - 23s - loss: 0.1741 - accuracy: 0.9538 - val_loss: 0.4555 - val_accuracy: 0.8960
Epoch 183/350
391/391 - 23s - loss: 0.1761 - accuracy: 0.9536 - val_loss: 0.4792 - val_accuracy: 0.8986
Epoch 184/350
391/391 - 23s - loss: 0.1736 - accuracy: 0.9543 - val_loss: 0.4757 - val_accuracy: 0.8957
Epoch 185/350
391/391 - 23s - loss: 0.1750 - accuracy: 0.9550 - val_loss: 0.4908 - val_accuracy: 0.8941
Epoch 186/350
391/391 - 23s - loss: 0.1713 - accuracy: 0.9554 - val_loss: 0.4631 - val_accuracy: 0.8978
Epoch 187/350
391/391 - 23s - loss: 0.1732 - accuracy: 0.9538 - val_loss: 0.4496 - val_accuracy: 0.8966
Epoch 188/350
391/391 - 23s - loss: 0.1773 - accuracy: 0.9528 - val_loss: 0.4347 - val_accuracy: 0.8979
Epoch 189/350
391/391 - 23s - loss: 0.1764 - accuracy: 0.9546 - val_loss: 0.4751 - val_accuracy: 0.8954
Epoch 190/350
391/391 - 23s - loss: 0.1714 - accuracy: 0.9544 - val_loss: 0.4823 - val_accuracy: 0.8997
Epoch 191/350
391/391 - 23s - loss: 0.1739 - accuracy: 0.9539 - val_loss: 0.4691 - val_accuracy: 0.8987
Epoch 192/350
391/391 - 23s - loss: 0.1743 - accuracy: 0.9546 - val_loss: 0.5052 - val_accuracy: 0.8952
Epoch 193/350
391/391 - 23s - loss: 0.1695 - accuracy: 0.9563 - val_loss: 0.4743 - val_accuracy: 0.8956
Epoch 194/350
391/391 - 23s - loss: 0.1734 - accuracy: 0.9542 - val_loss: 0.4903 - val_accuracy: 0.8943
Epoch 195/350
391/391 - 23s - loss: 0.1728 - accuracy: 0.9553 - val_loss: 0.4679 - val_accuracy: 0.8974
Epoch 196/350
391/391 - 23s - loss: 0.1700 - accuracy: 0.9561 - val_loss: 0.4706 - val_accuracy: 0.8963
Epoch 197/350
391/391 - 23s - loss: 0.1697 - accuracy: 0.9555 - val_loss: 0.4812 - val_accuracy: 0.8971
Epoch 198/350
391/391 - 23s - loss: 0.1695 - accuracy: 0.9567 - val_loss: 0.5050 - val_accuracy: 0.8909
Epoch 199/350
391/391 - 24s - loss: 0.1701 - accuracy: 0.9562 - val_loss: 0.4456 - val_accuracy: 0.8970
Epoch 200/350


Snapshot weight 5 shuffle 6 at epoch 200
Layer 11
Getting activations...


391/391 - 23s - loss: 0.1678 - accuracy: 0.9575 - val_loss: 0.4653 - val_accuracy: 0.8982
Epoch 201/350
391/391 - 23s - loss: 0.1367 - accuracy: 0.9688 - val_loss: 0.4586 - val_accuracy: 0.9051
Epoch 202/350
391/391 - 23s - loss: 0.1287 - accuracy: 0.9703 - val_loss: 0.4633 - val_accuracy: 0.9066
Epoch 203/350
391/391 - 23s - loss: 0.1260 - accuracy: 0.9724 - val_loss: 0.4633 - val_accuracy: 0.9068
Epoch 204/350
391/391 - 23s - loss: 0.1231 - accuracy: 0.9726 - val_loss: 0.4682 - val_accuracy: 0.9095
Epoch 205/350
391/391 - 23s - loss: 0.1227 - accuracy: 0.9729 - val_loss: 0.4702 - val_accuracy: 0.9072
Epoch 206/350
391/391 - 23s - loss: 0.1177 - accuracy: 0.9738 - val_loss: 0.4768 - val_accuracy: 0.9086
Epoch 207/350
391/391 - 23s - loss: 0.1177 - accuracy: 0.9751 - val_loss: 0.4745 - val_accuracy: 0.9086
Epoch 208/350
391/391 - 23s - loss: 0.1199 - accuracy: 0.9743 - val_loss: 0.4718 - val_accuracy: 0.9077
Epoch 209/350
391/391 - 22s - loss: 0.1190 - accuracy: 0.9735 - val_loss: 0.4740 - val_accuracy: 0.9079
Epoch 210/350
391/391 - 23s - loss: 0.1181 - accuracy: 0.9743 - val_loss: 0.4703 - val_accuracy: 0.9100
Epoch 211/350
391/391 - 23s - loss: 0.1175 - accuracy: 0.9749 - val_loss: 0.4693 - val_accuracy: 0.9101
Epoch 212/350
391/391 - 23s - loss: 0.1160 - accuracy: 0.9743 - val_loss: 0.4789 - val_accuracy: 0.9083
Epoch 213/350
391/391 - 23s - loss: 0.1154 - accuracy: 0.9757 - val_loss: 0.4727 - val_accuracy: 0.9098
Epoch 214/350
391/391 - 22s - loss: 0.1187 - accuracy: 0.9743 - val_loss: 0.4738 - val_accuracy: 0.9087
Epoch 215/350
391/391 - 23s - loss: 0.1155 - accuracy: 0.9758 - val_loss: 0.4776 - val_accuracy: 0.9081
Epoch 216/350
391/391 - 23s - loss: 0.1147 - accuracy: 0.9759 - val_loss: 0.4739 - val_accuracy: 0.9109
Epoch 217/350
391/391 - 22s - loss: 0.1155 - accuracy: 0.9751 - val_loss: 0.4748 - val_accuracy: 0.9095
Epoch 218/350
391/391 - 23s - loss: 0.1154 - accuracy: 0.9752 - val_loss: 0.4839 - val_accuracy: 0.9087
Epoch 219/350
391/391 - 23s - loss: 0.1142 - accuracy: 0.9758 - val_loss: 0.4782 - val_accuracy: 0.9108
Epoch 220/350
391/391 - 23s - loss: 0.1132 - accuracy: 0.9760 - val_loss: 0.4775 - val_accuracy: 0.9089
Epoch 221/350
391/391 - 23s - loss: 0.1078 - accuracy: 0.9782 - val_loss: 0.4875 - val_accuracy: 0.9105
Epoch 222/350
391/391 - 23s - loss: 0.1114 - accuracy: 0.9769 - val_loss: 0.4898 - val_accuracy: 0.9099
Epoch 223/350
391/391 - 23s - loss: 0.1119 - accuracy: 0.9766 - val_loss: 0.4886 - val_accuracy: 0.9104
Epoch 224/350
391/391 - 23s - loss: 0.1121 - accuracy: 0.9768 - val_loss: 0.4889 - val_accuracy: 0.9096
Epoch 225/350
391/391 - 22s - loss: 0.1123 - accuracy: 0.9761 - val_loss: 0.4801 - val_accuracy: 0.9098
Epoch 226/350
391/391 - 23s - loss: 0.1103 - accuracy: 0.9776 - val_loss: 0.4788 - val_accuracy: 0.9105
Epoch 227/350
391/391 - 23s - loss: 0.1107 - accuracy: 0.9770 - val_loss: 0.4924 - val_accuracy: 0.9096
Epoch 228/350
391/391 - 23s - loss: 0.1083 - accuracy: 0.9779 - val_loss: 0.4927 - val_accuracy: 0.9116
Epoch 229/350
391/391 - 23s - loss: 0.1118 - accuracy: 0.9767 - val_loss: 0.4809 - val_accuracy: 0.9112
Epoch 230/350
391/391 - 23s - loss: 0.1105 - accuracy: 0.9769 - val_loss: 0.4841 - val_accuracy: 0.9116
Epoch 231/350
391/391 - 23s - loss: 0.1128 - accuracy: 0.9762 - val_loss: 0.4790 - val_accuracy: 0.9094
Epoch 232/350
391/391 - 23s - loss: 0.1102 - accuracy: 0.9776 - val_loss: 0.4888 - val_accuracy: 0.9102
Epoch 233/350
391/391 - 23s - loss: 0.1096 - accuracy: 0.9779 - val_loss: 0.4822 - val_accuracy: 0.9090
Epoch 234/350
391/391 - 23s - loss: 0.1030 - accuracy: 0.9798 - val_loss: 0.4992 - val_accuracy: 0.9098
Epoch 235/350
391/391 - 23s - loss: 0.1104 - accuracy: 0.9771 - val_loss: 0.4997 - val_accuracy: 0.9092
Epoch 236/350
391/391 - 23s - loss: 0.1104 - accuracy: 0.9771 - val_loss: 0.4919 - val_accuracy: 0.9093
Epoch 237/350
391/391 - 23s - loss: 0.1073 - accuracy: 0.9785 - val_loss: 0.4815 - val_accuracy: 0.9103
Epoch 238/350
391/391 - 23s - loss: 0.1082 - accuracy: 0.9782 - val_loss: 0.4866 - val_accuracy: 0.9092
Epoch 239/350
391/391 - 23s - loss: 0.1076 - accuracy: 0.9790 - val_loss: 0.5037 - val_accuracy: 0.9088
Epoch 240/350
391/391 - 23s - loss: 0.1053 - accuracy: 0.9798 - val_loss: 0.4880 - val_accuracy: 0.9085
Epoch 241/350
391/391 - 23s - loss: 0.1075 - accuracy: 0.9771 - val_loss: 0.4958 - val_accuracy: 0.9092
Epoch 242/350
391/391 - 23s - loss: 0.1078 - accuracy: 0.9774 - val_loss: 0.4883 - val_accuracy: 0.9105
Epoch 243/350
391/391 - 23s - loss: 0.1071 - accuracy: 0.9787 - val_loss: 0.5039 - val_accuracy: 0.9114
Epoch 244/350
391/391 - 23s - loss: 0.1060 - accuracy: 0.9787 - val_loss: 0.4893 - val_accuracy: 0.9089
Epoch 245/350
391/391 - 23s - loss: 0.1078 - accuracy: 0.9784 - val_loss: 0.4906 - val_accuracy: 0.9104
Epoch 246/350
391/391 - 23s - loss: 0.1059 - accuracy: 0.9786 - val_loss: 0.4989 - val_accuracy: 0.9107
Epoch 247/350
391/391 - 23s - loss: 0.1054 - accuracy: 0.9790 - val_loss: 0.5023 - val_accuracy: 0.9106
Epoch 248/350
391/391 - 23s - loss: 0.1076 - accuracy: 0.9782 - val_loss: 0.4938 - val_accuracy: 0.9106
Epoch 249/350
391/391 - 23s - loss: 0.1035 - accuracy: 0.9789 - val_loss: 0.4969 - val_accuracy: 0.9111
Epoch 250/350


Snapshot weight 5 shuffle 6 at epoch 250
Layer 11
Getting activations...


391/391 - 23s - loss: 0.1084 - accuracy: 0.9778 - val_loss: 0.5018 - val_accuracy: 0.9087
Epoch 251/350
391/391 - 23s - loss: 0.1054 - accuracy: 0.9789 - val_loss: 0.4938 - val_accuracy: 0.9093
Epoch 252/350
391/391 - 22s - loss: 0.1049 - accuracy: 0.9792 - val_loss: 0.4928 - val_accuracy: 0.9098
Epoch 253/350
391/391 - 23s - loss: 0.1037 - accuracy: 0.9800 - val_loss: 0.4965 - val_accuracy: 0.9107
Epoch 254/350
391/391 - 23s - loss: 0.1033 - accuracy: 0.9795 - val_loss: 0.4975 - val_accuracy: 0.9104
Epoch 255/350
391/391 - 23s - loss: 0.1027 - accuracy: 0.9800 - val_loss: 0.4967 - val_accuracy: 0.9099
Epoch 256/350
391/391 - 23s - loss: 0.1018 - accuracy: 0.9802 - val_loss: 0.4960 - val_accuracy: 0.9101
Epoch 257/350
391/391 - 23s - loss: 0.1039 - accuracy: 0.9802 - val_loss: 0.4974 - val_accuracy: 0.9099
Epoch 258/350
391/391 - 23s - loss: 0.1025 - accuracy: 0.9797 - val_loss: 0.4972 - val_accuracy: 0.9109
Epoch 259/350
391/391 - 23s - loss: 0.1016 - accuracy: 0.9804 - val_loss: 0.4968 - val_accuracy: 0.9100
Epoch 260/350
391/391 - 23s - loss: 0.1016 - accuracy: 0.9804 - val_loss: 0.4981 - val_accuracy: 0.9107
Epoch 261/350
391/391 - 23s - loss: 0.1027 - accuracy: 0.9794 - val_loss: 0.4969 - val_accuracy: 0.9106
Epoch 262/350
391/391 - 23s - loss: 0.1029 - accuracy: 0.9802 - val_loss: 0.4973 - val_accuracy: 0.9113
Epoch 263/350
391/391 - 23s - loss: 0.1013 - accuracy: 0.9800 - val_loss: 0.4973 - val_accuracy: 0.9108
Epoch 264/350
391/391 - 23s - loss: 0.1033 - accuracy: 0.9799 - val_loss: 0.4974 - val_accuracy: 0.9112
Epoch 265/350
391/391 - 23s - loss: 0.1006 - accuracy: 0.9807 - val_loss: 0.4982 - val_accuracy: 0.9111
Epoch 266/350
391/391 - 23s - loss: 0.1038 - accuracy: 0.9788 - val_loss: 0.4984 - val_accuracy: 0.9106
Epoch 267/350
391/391 - 23s - loss: 0.1003 - accuracy: 0.9804 - val_loss: 0.4986 - val_accuracy: 0.9112
Epoch 268/350
391/391 - 23s - loss: 0.1003 - accuracy: 0.9807 - val_loss: 0.4986 - val_accuracy: 0.9120
Epoch 269/350
391/391 - 23s - loss: 0.1036 - accuracy: 0.9797 - val_loss: 0.4979 - val_accuracy: 0.9110
Epoch 270/350
391/391 - 23s - loss: 0.1003 - accuracy: 0.9804 - val_loss: 0.4994 - val_accuracy: 0.9118
Epoch 271/350
391/391 - 23s - loss: 0.1028 - accuracy: 0.9798 - val_loss: 0.4984 - val_accuracy: 0.9114
Epoch 272/350
391/391 - 23s - loss: 0.1020 - accuracy: 0.9805 - val_loss: 0.4982 - val_accuracy: 0.9114
Epoch 273/350
391/391 - 23s - loss: 0.1023 - accuracy: 0.9801 - val_loss: 0.4997 - val_accuracy: 0.9112
Epoch 274/350
391/391 - 23s - loss: 0.1000 - accuracy: 0.9805 - val_loss: 0.5007 - val_accuracy: 0.9116
Epoch 275/350
391/391 - 23s - loss: 0.1017 - accuracy: 0.9805 - val_loss: 0.4998 - val_accuracy: 0.9114
Epoch 276/350
391/391 - 23s - loss: 0.1011 - accuracy: 0.9798 - val_loss: 0.4989 - val_accuracy: 0.9119
Epoch 277/350
391/391 - 23s - loss: 0.1014 - accuracy: 0.9803 - val_loss: 0.5001 - val_accuracy: 0.9111
Epoch 278/350
391/391 - 23s - loss: 0.1016 - accuracy: 0.9803 - val_loss: 0.4991 - val_accuracy: 0.9116
Epoch 279/350
391/391 - 23s - loss: 0.1031 - accuracy: 0.9798 - val_loss: 0.4984 - val_accuracy: 0.9108
Epoch 280/350
391/391 - 23s - loss: 0.1017 - accuracy: 0.9804 - val_loss: 0.5011 - val_accuracy: 0.9117
Epoch 281/350
391/391 - 24s - loss: 0.1004 - accuracy: 0.9808 - val_loss: 0.5036 - val_accuracy: 0.9118
Epoch 282/350
391/391 - 23s - loss: 0.1038 - accuracy: 0.9797 - val_loss: 0.5004 - val_accuracy: 0.9115
Epoch 283/350
391/391 - 23s - loss: 0.1003 - accuracy: 0.9809 - val_loss: 0.5015 - val_accuracy: 0.9111
Epoch 284/350
391/391 - 23s - loss: 0.1028 - accuracy: 0.9803 - val_loss: 0.4991 - val_accuracy: 0.9114
Epoch 285/350
391/391 - 23s - loss: 0.1019 - accuracy: 0.9801 - val_loss: 0.5013 - val_accuracy: 0.9118
Epoch 286/350
391/391 - 23s - loss: 0.1017 - accuracy: 0.9799 - val_loss: 0.5004 - val_accuracy: 0.9114
Epoch 287/350
391/391 - 23s - loss: 0.1010 - accuracy: 0.9803 - val_loss: 0.5006 - val_accuracy: 0.9114
Epoch 288/350
391/391 - 23s - loss: 0.0991 - accuracy: 0.9813 - val_loss: 0.5020 - val_accuracy: 0.9116
Epoch 289/350
391/391 - 23s - loss: 0.1036 - accuracy: 0.9791 - val_loss: 0.5024 - val_accuracy: 0.9112
Epoch 290/350
391/391 - 23s - loss: 0.1028 - accuracy: 0.9796 - val_loss: 0.5007 - val_accuracy: 0.9111
Epoch 291/350
391/391 - 23s - loss: 0.1027 - accuracy: 0.9798 - val_loss: 0.5005 - val_accuracy: 0.9114
Epoch 292/350
391/391 - 23s - loss: 0.1002 - accuracy: 0.9800 - val_loss: 0.5018 - val_accuracy: 0.9118
Epoch 293/350
391/391 - 23s - loss: 0.1028 - accuracy: 0.9804 - val_loss: 0.5014 - val_accuracy: 0.9115
Epoch 294/350
391/391 - 23s - loss: 0.1034 - accuracy: 0.9797 - val_loss: 0.5032 - val_accuracy: 0.9121
Epoch 295/350
391/391 - 23s - loss: 0.0988 - accuracy: 0.9810 - val_loss: 0.5012 - val_accuracy: 0.9121
Epoch 296/350
391/391 - 23s - loss: 0.1010 - accuracy: 0.9802 - val_loss: 0.5020 - val_accuracy: 0.9109
Epoch 297/350
391/391 - 23s - loss: 0.1018 - accuracy: 0.9802 - val_loss: 0.5035 - val_accuracy: 0.9116
Epoch 298/350
391/391 - 23s - loss: 0.1022 - accuracy: 0.9803 - val_loss: 0.5018 - val_accuracy: 0.9110
Epoch 299/350
391/391 - 23s - loss: 0.0996 - accuracy: 0.9812 - val_loss: 0.5019 - val_accuracy: 0.9115
Epoch 300/350


Snapshot weight 5 shuffle 6 at epoch 300
Layer 11
Getting activations...


391/391 - 24s - loss: 0.0987 - accuracy: 0.9813 - val_loss: 0.5045 - val_accuracy: 0.9111
Epoch 301/350
391/391 - 23s - loss: 0.0998 - accuracy: 0.9814 - val_loss: 0.5046 - val_accuracy: 0.9112
Epoch 302/350
391/391 - 23s - loss: 0.1000 - accuracy: 0.9815 - val_loss: 0.5043 - val_accuracy: 0.9112
Epoch 303/350
391/391 - 23s - loss: 0.1023 - accuracy: 0.9803 - val_loss: 0.5042 - val_accuracy: 0.9113
Epoch 304/350
391/391 - 23s - loss: 0.1006 - accuracy: 0.9810 - val_loss: 0.5041 - val_accuracy: 0.9113
Epoch 305/350
391/391 - 23s - loss: 0.0999 - accuracy: 0.9808 - val_loss: 0.5040 - val_accuracy: 0.9115
Epoch 306/350
391/391 - 23s - loss: 0.1006 - accuracy: 0.9807 - val_loss: 0.5042 - val_accuracy: 0.9115
Epoch 307/350
391/391 - 23s - loss: 0.1006 - accuracy: 0.9806 - val_loss: 0.5044 - val_accuracy: 0.9113
Epoch 308/350
391/391 - 23s - loss: 0.1021 - accuracy: 0.9802 - val_loss: 0.5043 - val_accuracy: 0.9114
Epoch 309/350
391/391 - 23s - loss: 0.1022 - accuracy: 0.9800 - val_loss: 0.5044 - val_accuracy: 0.9112
Epoch 310/350
391/391 - 23s - loss: 0.1022 - accuracy: 0.9803 - val_loss: 0.5039 - val_accuracy: 0.9113
Epoch 311/350
391/391 - 23s - loss: 0.1012 - accuracy: 0.9801 - val_loss: 0.5037 - val_accuracy: 0.9112
Epoch 312/350
391/391 - 23s - loss: 0.1029 - accuracy: 0.9795 - val_loss: 0.5035 - val_accuracy: 0.9110
Epoch 313/350
391/391 - 23s - loss: 0.0983 - accuracy: 0.9816 - val_loss: 0.5038 - val_accuracy: 0.9110
Epoch 314/350
391/391 - 23s - loss: 0.0998 - accuracy: 0.9799 - val_loss: 0.5038 - val_accuracy: 0.9110
Epoch 315/350
391/391 - 23s - loss: 0.1001 - accuracy: 0.9809 - val_loss: 0.5035 - val_accuracy: 0.9108
Epoch 316/350
391/391 - 23s - loss: 0.1001 - accuracy: 0.9802 - val_loss: 0.5033 - val_accuracy: 0.9113
Epoch 317/350
391/391 - 23s - loss: 0.0995 - accuracy: 0.9810 - val_loss: 0.5035 - val_accuracy: 0.9110
Epoch 318/350
391/391 - 23s - loss: 0.1017 - accuracy: 0.9799 - val_loss: 0.5036 - val_accuracy: 0.9112
Epoch 319/350
391/391 - 23s - loss: 0.0998 - accuracy: 0.9810 - val_loss: 0.5035 - val_accuracy: 0.9110
Epoch 320/350
391/391 - 23s - loss: 0.1025 - accuracy: 0.9800 - val_loss: 0.5033 - val_accuracy: 0.9109
Epoch 321/350
391/391 - 23s - loss: 0.1000 - accuracy: 0.9804 - val_loss: 0.5034 - val_accuracy: 0.9112
Epoch 322/350
391/391 - 23s - loss: 0.0999 - accuracy: 0.9805 - val_loss: 0.5034 - val_accuracy: 0.9110
Epoch 323/350
391/391 - 24s - loss: 0.1009 - accuracy: 0.9808 - val_loss: 0.5035 - val_accuracy: 0.9113
Epoch 324/350
391/391 - 23s - loss: 0.1004 - accuracy: 0.9810 - val_loss: 0.5035 - val_accuracy: 0.9113
Epoch 325/350
391/391 - 23s - loss: 0.1011 - accuracy: 0.9802 - val_loss: 0.5034 - val_accuracy: 0.9113
Epoch 326/350
391/391 - 23s - loss: 0.1008 - accuracy: 0.9800 - val_loss: 0.5035 - val_accuracy: 0.9112
Epoch 327/350
391/391 - 23s - loss: 0.0991 - accuracy: 0.9813 - val_loss: 0.5035 - val_accuracy: 0.9110
Epoch 328/350
391/391 - 23s - loss: 0.1018 - accuracy: 0.9800 - val_loss: 0.5034 - val_accuracy: 0.9112
Epoch 329/350
391/391 - 23s - loss: 0.1011 - accuracy: 0.9804 - val_loss: 0.5034 - val_accuracy: 0.9112
Epoch 330/350
391/391 - 23s - loss: 0.0998 - accuracy: 0.9804 - val_loss: 0.5033 - val_accuracy: 0.9111
Epoch 331/350
391/391 - 24s - loss: 0.0992 - accuracy: 0.9816 - val_loss: 0.5032 - val_accuracy: 0.9112
Epoch 332/350
391/391 - 23s - loss: 0.0990 - accuracy: 0.9811 - val_loss: 0.5033 - val_accuracy: 0.9111
Epoch 333/350
391/391 - 23s - loss: 0.1011 - accuracy: 0.9808 - val_loss: 0.5035 - val_accuracy: 0.9111
Epoch 334/350
391/391 - 23s - loss: 0.0982 - accuracy: 0.9812 - val_loss: 0.5038 - val_accuracy: 0.9112
Epoch 335/350
391/391 - 23s - loss: 0.1005 - accuracy: 0.9806 - val_loss: 0.5034 - val_accuracy: 0.9113
Epoch 336/350
391/391 - 23s - loss: 0.0991 - accuracy: 0.9805 - val_loss: 0.5037 - val_accuracy: 0.9112
Epoch 337/350
391/391 - 23s - loss: 0.1021 - accuracy: 0.9801 - val_loss: 0.5040 - val_accuracy: 0.9110
Epoch 338/350
391/391 - 23s - loss: 0.1002 - accuracy: 0.9808 - val_loss: 0.5039 - val_accuracy: 0.9111
Epoch 339/350
391/391 - 23s - loss: 0.1017 - accuracy: 0.9797 - val_loss: 0.5035 - val_accuracy: 0.9112
Epoch 340/350
391/391 - 23s - loss: 0.0986 - accuracy: 0.9811 - val_loss: 0.5034 - val_accuracy: 0.9113
Epoch 341/350
391/391 - 23s - loss: 0.1022 - accuracy: 0.9804 - val_loss: 0.5035 - val_accuracy: 0.9113
Epoch 342/350
391/391 - 23s - loss: 0.1005 - accuracy: 0.9809 - val_loss: 0.5035 - val_accuracy: 0.9112
Epoch 343/350
391/391 - 23s - loss: 0.0991 - accuracy: 0.9814 - val_loss: 0.5037 - val_accuracy: 0.9113
Epoch 344/350
391/391 - 23s - loss: 0.0992 - accuracy: 0.9813 - val_loss: 0.5037 - val_accuracy: 0.9111
Epoch 345/350
391/391 - 23s - loss: 0.1038 - accuracy: 0.9791 - val_loss: 0.5036 - val_accuracy: 0.9113
Epoch 346/350
391/391 - 23s - loss: 0.1002 - accuracy: 0.9813 - val_loss: 0.5033 - val_accuracy: 0.9110
Epoch 347/350
391/391 - 23s - loss: 0.0988 - accuracy: 0.9811 - val_loss: 0.5039 - val_accuracy: 0.9110
Epoch 348/350
391/391 - 23s - loss: 0.1007 - accuracy: 0.9805 - val_loss: 0.5038 - val_accuracy: 0.9109
Epoch 349/350
391/391 - 23s - loss: 0.1006 - accuracy: 0.9806 - val_loss: 0.5036 - val_accuracy: 0.9109
Epoch 350/350


Snapshot weight 5 shuffle 6 at epoch 350
Layer 11
Getting activations...


391/391 - 23s - loss: 0.1006 - accuracy: 0.9811 - val_loss: 0.5038 - val_accuracy: 0.9109
/usr/local/lib/python3.6/dist-packages/tensorflow/python/autograph/impl/api.py:493: UserWarning: fill_value is not supported and is always 0 for TensorFlow < 2.4.0.
  return py_builtins.overload_of(f)(*args)
WARNING:tensorflow:From /usr/local/lib/python3.6/dist-packages/tensorflow/python/training/tracking/tracking.py:111: Model.state_updates (from tensorflow.python.keras.engine.training) is deprecated and will be removed in a future version.
Instructions for updating:
This property should not be used in TensorFlow 2.0, as updates are applied automatically.
2021-07-02 14:12:20.834061: W tensorflow/python/util/util.cc:348] Sets are not currently considered sequences, but this may change in the future, so consider avoiding using them.
WARNING:tensorflow:From /usr/local/lib/python3.6/dist-packages/tensorflow/python/training/tracking/tracking.py:111: Layer.updates (from tensorflow.python.keras.engine.base_layer) is deprecated and will be removed in a future version.
Instructions for updating:
This property should not be used in TensorFlow 2.0, as updates are applied automatically.
Saving, final validation acc: 0.9108999967575073
