2021-07-02 14:18:23.316332: I tensorflow/stream_executor/platform/default/dso_loader.cc:48] Successfully opened dynamic library libcudart.so.10.1
2021-07-02 14:19:55.625280: I tensorflow/stream_executor/platform/default/dso_loader.cc:48] Successfully opened dynamic library libcuda.so.1
2021-07-02 14:19:55.662665: I tensorflow/core/common_runtime/gpu/gpu_device.cc:1716] Found device 0 with properties: 
pciBusID: 0000:02:00.0 name: NVIDIA TITAN Xp computeCapability: 6.1
coreClock: 1.582GHz coreCount: 30 deviceMemorySize: 11.91GiB deviceMemoryBandwidth: 510.07GiB/s
2021-07-02 14:19:55.662738: I tensorflow/stream_executor/platform/default/dso_loader.cc:48] Successfully opened dynamic library libcudart.so.10.1
2021-07-02 14:19:55.705220: I tensorflow/stream_executor/platform/default/dso_loader.cc:48] Successfully opened dynamic library libcublas.so.10
2021-07-02 14:19:55.727033: I tensorflow/stream_executor/platform/default/dso_loader.cc:48] Successfully opened dynamic library libcufft.so.10
2021-07-02 14:19:55.735694: I tensorflow/stream_executor/platform/default/dso_loader.cc:48] Successfully opened dynamic library libcurand.so.10
2021-07-02 14:19:55.781697: I tensorflow/stream_executor/platform/default/dso_loader.cc:48] Successfully opened dynamic library libcusolver.so.10
2021-07-02 14:19:55.790562: I tensorflow/stream_executor/platform/default/dso_loader.cc:48] Successfully opened dynamic library libcusparse.so.10
2021-07-02 14:19:55.870450: I tensorflow/stream_executor/platform/default/dso_loader.cc:48] Successfully opened dynamic library libcudnn.so.7
2021-07-02 14:19:55.883941: I tensorflow/core/common_runtime/gpu/gpu_device.cc:1858] Adding visible gpu devices: 0
2021-07-02 14:19:55.887716: I tensorflow/core/platform/cpu_feature_guard.cc:142] This TensorFlow binary is optimized with oneAPI Deep Neural Network Library (oneDNN)to use the following CPU instructions in performance-critical operations:  AVX2 FMA
To enable them in other operations, rebuild TensorFlow with the appropriate compiler flags.
2021-07-02 14:19:55.903700: I tensorflow/core/platform/profile_utils/cpu_utils.cc:104] CPU Frequency: 2600205000 Hz
2021-07-02 14:19:55.903827: I tensorflow/compiler/xla/service/service.cc:168] XLA service 0x4bee900 initialized for platform Host (this does not guarantee that XLA will be used). Devices:
2021-07-02 14:19:55.903847: I tensorflow/compiler/xla/service/service.cc:176]   StreamExecutor device (0): Host, Default Version
2021-07-02 14:19:56.077365: I tensorflow/compiler/xla/service/service.cc:168] XLA service 0x4be7490 initialized for platform CUDA (this does not guarantee that XLA will be used). Devices:
2021-07-02 14:19:56.077427: I tensorflow/compiler/xla/service/service.cc:176]   StreamExecutor device (0): NVIDIA TITAN Xp, Compute Capability 6.1
2021-07-02 14:19:56.083279: I tensorflow/core/common_runtime/gpu/gpu_device.cc:1716] Found device 0 with properties: 
pciBusID: 0000:02:00.0 name: NVIDIA TITAN Xp computeCapability: 6.1
coreClock: 1.582GHz coreCount: 30 deviceMemorySize: 11.91GiB deviceMemoryBandwidth: 510.07GiB/s
2021-07-02 14:19:56.083320: I tensorflow/stream_executor/platform/default/dso_loader.cc:48] Successfully opened dynamic library libcudart.so.10.1
2021-07-02 14:19:56.083351: I tensorflow/stream_executor/platform/default/dso_loader.cc:48] Successfully opened dynamic library libcublas.so.10
2021-07-02 14:19:56.083370: I tensorflow/stream_executor/platform/default/dso_loader.cc:48] Successfully opened dynamic library libcufft.so.10
2021-07-02 14:19:56.083387: I tensorflow/stream_executor/platform/default/dso_loader.cc:48] Successfully opened dynamic library libcurand.so.10
2021-07-02 14:19:56.083405: I tensorflow/stream_executor/platform/default/dso_loader.cc:48] Successfully opened dynamic library libcusolver.so.10
2021-07-02 14:19:56.083421: I tensorflow/stream_executor/platform/default/dso_loader.cc:48] Successfully opened dynamic library libcusparse.so.10
2021-07-02 14:19:56.083438: I tensorflow/stream_executor/platform/default/dso_loader.cc:48] Successfully opened dynamic library libcudnn.so.7
2021-07-02 14:19:56.086969: I tensorflow/core/common_runtime/gpu/gpu_device.cc:1858] Adding visible gpu devices: 0
2021-07-02 14:19:56.088788: I tensorflow/stream_executor/platform/default/dso_loader.cc:48] Successfully opened dynamic library libcudart.so.10.1
2021-07-02 14:19:57.896250: I tensorflow/core/common_runtime/gpu/gpu_device.cc:1257] Device interconnect StreamExecutor with strength 1 edge matrix:
2021-07-02 14:19:57.896325: I tensorflow/core/common_runtime/gpu/gpu_device.cc:1263]      0 
2021-07-02 14:19:57.896338: I tensorflow/core/common_runtime/gpu/gpu_device.cc:1276] 0:   N 
2021-07-02 14:19:57.906130: I tensorflow/core/common_runtime/gpu/gpu_device.cc:1402] Created TensorFlow device (/job:localhost/replica:0/task:0/device:GPU:0 with 11218 MB memory) -> physical GPU (device: 0, name: NVIDIA TITAN Xp, pci bus id: 0000:02:00.0, compute capability: 6.1)
2021-07-02 14:20:03.746021: I tensorflow/stream_executor/platform/default/dso_loader.cc:48] Successfully opened dynamic library libcudnn.so.7
2021-07-02 14:20:06.386931: I tensorflow/stream_executor/platform/default/dso_loader.cc:48] Successfully opened dynamic library libcublas.so.10
Using model index: 75
Making train data...
GCN...
ZCA...
Done!
Making test data...
Done!
Epoch 1/350


Snapshot weight 5 shuffle 7 at epoch 1
Layer 11
Getting activations...


391/391 - 24s - loss: 2.3150 - accuracy: 0.1136 - val_loss: 2.2552 - val_accuracy: 0.1476
Epoch 2/350


Snapshot weight 5 shuffle 7 at epoch 2
Layer 11
Getting activations...


391/391 - 23s - loss: 2.2132 - accuracy: 0.1787 - val_loss: 2.0701 - val_accuracy: 0.2445
Epoch 3/350


Snapshot weight 5 shuffle 7 at epoch 3
Layer 11
Getting activations...


391/391 - 23s - loss: 1.8789 - accuracy: 0.3099 - val_loss: 1.6988 - val_accuracy: 0.3690
Epoch 4/350


Snapshot weight 5 shuffle 7 at epoch 4
Layer 11
Getting activations...


391/391 - 23s - loss: 1.6108 - accuracy: 0.4189 - val_loss: 1.5240 - val_accuracy: 0.4562
Epoch 5/350


Snapshot weight 5 shuffle 7 at epoch 5
Layer 11
Getting activations...


391/391 - 23s - loss: 1.4451 - accuracy: 0.4842 - val_loss: 1.4477 - val_accuracy: 0.4786
Epoch 6/350


Snapshot weight 5 shuffle 7 at epoch 6
Layer 11
Getting activations...


391/391 - 23s - loss: 1.3096 - accuracy: 0.5378 - val_loss: 1.1989 - val_accuracy: 0.5799
Epoch 7/350


Snapshot weight 5 shuffle 7 at epoch 7
Layer 11
Getting activations...


391/391 - 23s - loss: 1.2252 - accuracy: 0.5699 - val_loss: 1.1601 - val_accuracy: 0.5969
Epoch 8/350


Snapshot weight 5 shuffle 7 at epoch 8
Layer 11
Getting activations...


391/391 - 23s - loss: 1.1546 - accuracy: 0.5947 - val_loss: 1.1753 - val_accuracy: 0.5876
Epoch 9/350


Snapshot weight 5 shuffle 7 at epoch 9
Layer 11
Getting activations...


391/391 - 23s - loss: 1.0997 - accuracy: 0.6138 - val_loss: 1.0136 - val_accuracy: 0.6491
Epoch 10/350


Snapshot weight 5 shuffle 7 at epoch 10
Layer 11
Getting activations...


391/391 - 23s - loss: 1.0457 - accuracy: 0.6368 - val_loss: 1.0201 - val_accuracy: 0.6463
Epoch 11/350
391/391 - 23s - loss: 1.0033 - accuracy: 0.6525 - val_loss: 0.9499 - val_accuracy: 0.6680
Epoch 12/350
391/391 - 23s - loss: 0.9481 - accuracy: 0.6720 - val_loss: 0.8616 - val_accuracy: 0.7030
Epoch 13/350
391/391 - 23s - loss: 0.9098 - accuracy: 0.6881 - val_loss: 0.7858 - val_accuracy: 0.7329
Epoch 14/350
391/391 - 23s - loss: 0.8694 - accuracy: 0.7033 - val_loss: 0.8544 - val_accuracy: 0.7231
Epoch 15/350
391/391 - 23s - loss: 0.8379 - accuracy: 0.7138 - val_loss: 0.7522 - val_accuracy: 0.7439
Epoch 16/350
391/391 - 23s - loss: 0.8116 - accuracy: 0.7244 - val_loss: 0.8281 - val_accuracy: 0.7215
Epoch 17/350
391/391 - 23s - loss: 0.7735 - accuracy: 0.7378 - val_loss: 0.6893 - val_accuracy: 0.7705
Epoch 18/350
391/391 - 23s - loss: 0.7512 - accuracy: 0.7477 - val_loss: 0.6793 - val_accuracy: 0.7747
Epoch 19/350
391/391 - 23s - loss: 0.7172 - accuracy: 0.7599 - val_loss: 0.7300 - val_accuracy: 0.7534
Epoch 20/350
391/391 - 23s - loss: 0.7027 - accuracy: 0.7662 - val_loss: 0.6255 - val_accuracy: 0.7914
Epoch 21/350
391/391 - 23s - loss: 0.6790 - accuracy: 0.7733 - val_loss: 0.6468 - val_accuracy: 0.7904
Epoch 22/350
391/391 - 23s - loss: 0.6610 - accuracy: 0.7790 - val_loss: 0.5954 - val_accuracy: 0.8014
Epoch 23/350
391/391 - 23s - loss: 0.6527 - accuracy: 0.7825 - val_loss: 0.5784 - val_accuracy: 0.8091
Epoch 24/350
391/391 - 23s - loss: 0.6330 - accuracy: 0.7895 - val_loss: 0.5870 - val_accuracy: 0.8093
Epoch 25/350
391/391 - 23s - loss: 0.6179 - accuracy: 0.7950 - val_loss: 0.6106 - val_accuracy: 0.8017
Epoch 26/350
391/391 - 23s - loss: 0.6075 - accuracy: 0.7994 - val_loss: 0.6255 - val_accuracy: 0.7944
Epoch 27/350
391/391 - 23s - loss: 0.5829 - accuracy: 0.8086 - val_loss: 0.5691 - val_accuracy: 0.8178
Epoch 28/350
391/391 - 23s - loss: 0.5783 - accuracy: 0.8084 - val_loss: 0.5335 - val_accuracy: 0.8234
Epoch 29/350
391/391 - 23s - loss: 0.5685 - accuracy: 0.8133 - val_loss: 0.5354 - val_accuracy: 0.8241
Epoch 30/350
391/391 - 23s - loss: 0.5520 - accuracy: 0.8186 - val_loss: 0.5435 - val_accuracy: 0.8216
Epoch 31/350
391/391 - 23s - loss: 0.5447 - accuracy: 0.8191 - val_loss: 0.5678 - val_accuracy: 0.8157
Epoch 32/350
391/391 - 23s - loss: 0.5369 - accuracy: 0.8215 - val_loss: 0.5615 - val_accuracy: 0.8166
Epoch 33/350
391/391 - 23s - loss: 0.5279 - accuracy: 0.8272 - val_loss: 0.5787 - val_accuracy: 0.8174
Epoch 34/350
391/391 - 23s - loss: 0.5201 - accuracy: 0.8287 - val_loss: 0.5164 - val_accuracy: 0.8382
Epoch 35/350
391/391 - 23s - loss: 0.5048 - accuracy: 0.8367 - val_loss: 0.4956 - val_accuracy: 0.8408
Epoch 36/350
391/391 - 23s - loss: 0.4944 - accuracy: 0.8393 - val_loss: 0.4633 - val_accuracy: 0.8516
Epoch 37/350
391/391 - 23s - loss: 0.4939 - accuracy: 0.8378 - val_loss: 0.5174 - val_accuracy: 0.8357
Epoch 38/350
391/391 - 23s - loss: 0.4858 - accuracy: 0.8422 - val_loss: 0.4691 - val_accuracy: 0.8525
Epoch 39/350
391/391 - 23s - loss: 0.4715 - accuracy: 0.8468 - val_loss: 0.4893 - val_accuracy: 0.8485
Epoch 40/350
391/391 - 23s - loss: 0.4677 - accuracy: 0.8494 - val_loss: 0.4708 - val_accuracy: 0.8507
Epoch 41/350
391/391 - 23s - loss: 0.4649 - accuracy: 0.8502 - val_loss: 0.4865 - val_accuracy: 0.8462
Epoch 42/350
391/391 - 23s - loss: 0.4577 - accuracy: 0.8511 - val_loss: 0.4827 - val_accuracy: 0.8498
Epoch 43/350
391/391 - 23s - loss: 0.4504 - accuracy: 0.8545 - val_loss: 0.4598 - val_accuracy: 0.8591
Epoch 44/350
391/391 - 23s - loss: 0.4446 - accuracy: 0.8552 - val_loss: 0.4684 - val_accuracy: 0.8565
Epoch 45/350
391/391 - 23s - loss: 0.4415 - accuracy: 0.8562 - val_loss: 0.4572 - val_accuracy: 0.8558
Epoch 46/350
391/391 - 23s - loss: 0.4296 - accuracy: 0.8617 - val_loss: 0.4842 - val_accuracy: 0.8567
Epoch 47/350
391/391 - 23s - loss: 0.4218 - accuracy: 0.8642 - val_loss: 0.4649 - val_accuracy: 0.8573
Epoch 48/350
391/391 - 23s - loss: 0.4173 - accuracy: 0.8654 - val_loss: 0.4438 - val_accuracy: 0.8602
Epoch 49/350
391/391 - 23s - loss: 0.4200 - accuracy: 0.8640 - val_loss: 0.4515 - val_accuracy: 0.8625
Epoch 50/350


Snapshot weight 5 shuffle 7 at epoch 50
Layer 11
Getting activations...


391/391 - 23s - loss: 0.4123 - accuracy: 0.8669 - val_loss: 0.4564 - val_accuracy: 0.8586
Epoch 51/350
391/391 - 23s - loss: 0.4040 - accuracy: 0.8704 - val_loss: 0.4387 - val_accuracy: 0.8663
Epoch 52/350
391/391 - 23s - loss: 0.4003 - accuracy: 0.8724 - val_loss: 0.4578 - val_accuracy: 0.8679
Epoch 53/350
391/391 - 23s - loss: 0.4004 - accuracy: 0.8716 - val_loss: 0.4676 - val_accuracy: 0.8583
Epoch 54/350
391/391 - 23s - loss: 0.3933 - accuracy: 0.8738 - val_loss: 0.4291 - val_accuracy: 0.8717
Epoch 55/350
391/391 - 23s - loss: 0.3880 - accuracy: 0.8759 - val_loss: 0.4423 - val_accuracy: 0.8631
Epoch 56/350
391/391 - 23s - loss: 0.3828 - accuracy: 0.8769 - val_loss: 0.4363 - val_accuracy: 0.8634
Epoch 57/350
391/391 - 23s - loss: 0.3813 - accuracy: 0.8796 - val_loss: 0.4774 - val_accuracy: 0.8599
Epoch 58/350
391/391 - 23s - loss: 0.3713 - accuracy: 0.8827 - val_loss: 0.4310 - val_accuracy: 0.8713
Epoch 59/350
391/391 - 23s - loss: 0.3676 - accuracy: 0.8834 - val_loss: 0.4644 - val_accuracy: 0.8633
Epoch 60/350
391/391 - 23s - loss: 0.3705 - accuracy: 0.8820 - val_loss: 0.4476 - val_accuracy: 0.8696
Epoch 61/350
391/391 - 23s - loss: 0.3619 - accuracy: 0.8833 - val_loss: 0.4272 - val_accuracy: 0.8784
Epoch 62/350
391/391 - 23s - loss: 0.3627 - accuracy: 0.8843 - val_loss: 0.4561 - val_accuracy: 0.8665
Epoch 63/350
391/391 - 23s - loss: 0.3572 - accuracy: 0.8872 - val_loss: 0.4189 - val_accuracy: 0.8769
Epoch 64/350
391/391 - 23s - loss: 0.3546 - accuracy: 0.8875 - val_loss: 0.4242 - val_accuracy: 0.8725
Epoch 65/350
391/391 - 23s - loss: 0.3468 - accuracy: 0.8898 - val_loss: 0.4425 - val_accuracy: 0.8718
Epoch 66/350
391/391 - 23s - loss: 0.3477 - accuracy: 0.8896 - val_loss: 0.4404 - val_accuracy: 0.8727
Epoch 67/350
391/391 - 23s - loss: 0.3412 - accuracy: 0.8914 - val_loss: 0.4117 - val_accuracy: 0.8787
Epoch 68/350
391/391 - 23s - loss: 0.3395 - accuracy: 0.8922 - val_loss: 0.4778 - val_accuracy: 0.8649
Epoch 69/350
391/391 - 23s - loss: 0.3356 - accuracy: 0.8935 - val_loss: 0.4220 - val_accuracy: 0.8806
Epoch 70/350
391/391 - 23s - loss: 0.3336 - accuracy: 0.8945 - val_loss: 0.4129 - val_accuracy: 0.8811
Epoch 71/350
391/391 - 23s - loss: 0.3329 - accuracy: 0.8945 - val_loss: 0.4174 - val_accuracy: 0.8819
Epoch 72/350
391/391 - 23s - loss: 0.3323 - accuracy: 0.8943 - val_loss: 0.4316 - val_accuracy: 0.8718
Epoch 73/350
391/391 - 23s - loss: 0.3217 - accuracy: 0.8997 - val_loss: 0.4046 - val_accuracy: 0.8785
Epoch 74/350
391/391 - 23s - loss: 0.3215 - accuracy: 0.8995 - val_loss: 0.4142 - val_accuracy: 0.8786
Epoch 75/350
391/391 - 23s - loss: 0.3193 - accuracy: 0.8997 - val_loss: 0.4411 - val_accuracy: 0.8805
Epoch 76/350
391/391 - 23s - loss: 0.3167 - accuracy: 0.9005 - val_loss: 0.4055 - val_accuracy: 0.8814
Epoch 77/350
391/391 - 23s - loss: 0.3120 - accuracy: 0.9017 - val_loss: 0.4271 - val_accuracy: 0.8712
Epoch 78/350
391/391 - 23s - loss: 0.3064 - accuracy: 0.9031 - val_loss: 0.4269 - val_accuracy: 0.8779
Epoch 79/350
391/391 - 23s - loss: 0.3144 - accuracy: 0.9019 - val_loss: 0.4562 - val_accuracy: 0.8742
Epoch 80/350
391/391 - 23s - loss: 0.3051 - accuracy: 0.9046 - val_loss: 0.4188 - val_accuracy: 0.8868
Epoch 81/350
391/391 - 23s - loss: 0.2977 - accuracy: 0.9061 - val_loss: 0.4150 - val_accuracy: 0.8855
Epoch 82/350
391/391 - 23s - loss: 0.3020 - accuracy: 0.9040 - val_loss: 0.3903 - val_accuracy: 0.8886
Epoch 83/350
391/391 - 23s - loss: 0.2966 - accuracy: 0.9082 - val_loss: 0.4195 - val_accuracy: 0.8819
Epoch 84/350
391/391 - 23s - loss: 0.2931 - accuracy: 0.9099 - val_loss: 0.4076 - val_accuracy: 0.8869
Epoch 85/350
391/391 - 23s - loss: 0.2928 - accuracy: 0.9097 - val_loss: 0.4155 - val_accuracy: 0.8827
Epoch 86/350
391/391 - 23s - loss: 0.2898 - accuracy: 0.9103 - val_loss: 0.4053 - val_accuracy: 0.8885
Epoch 87/350
391/391 - 23s - loss: 0.2931 - accuracy: 0.9108 - val_loss: 0.4084 - val_accuracy: 0.8871
Epoch 88/350
391/391 - 23s - loss: 0.2912 - accuracy: 0.9101 - val_loss: 0.4169 - val_accuracy: 0.8899
Epoch 89/350
391/391 - 23s - loss: 0.2858 - accuracy: 0.9127 - val_loss: 0.4570 - val_accuracy: 0.8747
Epoch 90/350
391/391 - 23s - loss: 0.2840 - accuracy: 0.9131 - val_loss: 0.4079 - val_accuracy: 0.8864
Epoch 91/350
391/391 - 23s - loss: 0.2805 - accuracy: 0.9145 - val_loss: 0.4230 - val_accuracy: 0.8837
Epoch 92/350
391/391 - 23s - loss: 0.2757 - accuracy: 0.9171 - val_loss: 0.4742 - val_accuracy: 0.8806
Epoch 93/350
391/391 - 23s - loss: 0.2765 - accuracy: 0.9162 - val_loss: 0.3991 - val_accuracy: 0.8871
Epoch 94/350
391/391 - 23s - loss: 0.2755 - accuracy: 0.9159 - val_loss: 0.4481 - val_accuracy: 0.8843
Epoch 95/350
391/391 - 23s - loss: 0.2745 - accuracy: 0.9160 - val_loss: 0.4061 - val_accuracy: 0.8891
Epoch 96/350
391/391 - 23s - loss: 0.2666 - accuracy: 0.9187 - val_loss: 0.3991 - val_accuracy: 0.8900
Epoch 97/350
391/391 - 23s - loss: 0.2663 - accuracy: 0.9185 - val_loss: 0.4192 - val_accuracy: 0.8933
Epoch 98/350
391/391 - 23s - loss: 0.2660 - accuracy: 0.9183 - val_loss: 0.4062 - val_accuracy: 0.8874
Epoch 99/350
391/391 - 23s - loss: 0.2621 - accuracy: 0.9192 - val_loss: 0.4168 - val_accuracy: 0.8909
Epoch 100/350


Snapshot weight 5 shuffle 7 at epoch 100
Layer 11
Getting activations...


391/391 - 23s - loss: 0.2641 - accuracy: 0.9200 - val_loss: 0.4359 - val_accuracy: 0.8844
Epoch 101/350
391/391 - 23s - loss: 0.2632 - accuracy: 0.9200 - val_loss: 0.4362 - val_accuracy: 0.8862
Epoch 102/350
391/391 - 23s - loss: 0.2590 - accuracy: 0.9226 - val_loss: 0.4049 - val_accuracy: 0.8918
Epoch 103/350
391/391 - 23s - loss: 0.2639 - accuracy: 0.9205 - val_loss: 0.4110 - val_accuracy: 0.8878
Epoch 104/350
391/391 - 23s - loss: 0.2522 - accuracy: 0.9245 - val_loss: 0.4066 - val_accuracy: 0.8918
Epoch 105/350
391/391 - 23s - loss: 0.2583 - accuracy: 0.9221 - val_loss: 0.4302 - val_accuracy: 0.8884
Epoch 106/350
391/391 - 23s - loss: 0.2522 - accuracy: 0.9236 - val_loss: 0.4232 - val_accuracy: 0.8872
Epoch 107/350
391/391 - 23s - loss: 0.2525 - accuracy: 0.9249 - val_loss: 0.4165 - val_accuracy: 0.8875
Epoch 108/350
391/391 - 23s - loss: 0.2458 - accuracy: 0.9265 - val_loss: 0.4595 - val_accuracy: 0.8829
Epoch 109/350
391/391 - 23s - loss: 0.2568 - accuracy: 0.9234 - val_loss: 0.4150 - val_accuracy: 0.8890
Epoch 110/350
391/391 - 23s - loss: 0.2478 - accuracy: 0.9260 - val_loss: 0.4043 - val_accuracy: 0.8927
Epoch 111/350
391/391 - 23s - loss: 0.2477 - accuracy: 0.9255 - val_loss: 0.4319 - val_accuracy: 0.8878
Epoch 112/350
391/391 - 23s - loss: 0.2449 - accuracy: 0.9277 - val_loss: 0.3931 - val_accuracy: 0.8940
Epoch 113/350
391/391 - 23s - loss: 0.2395 - accuracy: 0.9293 - val_loss: 0.4335 - val_accuracy: 0.8923
Epoch 114/350
391/391 - 23s - loss: 0.2399 - accuracy: 0.9299 - val_loss: 0.4189 - val_accuracy: 0.8957
Epoch 115/350
391/391 - 23s - loss: 0.2381 - accuracy: 0.9280 - val_loss: 0.4477 - val_accuracy: 0.8879
Epoch 116/350
391/391 - 23s - loss: 0.2356 - accuracy: 0.9315 - val_loss: 0.4207 - val_accuracy: 0.8931
Epoch 117/350
391/391 - 23s - loss: 0.2439 - accuracy: 0.9280 - val_loss: 0.4098 - val_accuracy: 0.8961
Epoch 118/350
391/391 - 23s - loss: 0.2368 - accuracy: 0.9294 - val_loss: 0.4149 - val_accuracy: 0.8931
Epoch 119/350
391/391 - 23s - loss: 0.2345 - accuracy: 0.9321 - val_loss: 0.4345 - val_accuracy: 0.8885
Epoch 120/350
391/391 - 23s - loss: 0.2311 - accuracy: 0.9321 - val_loss: 0.4257 - val_accuracy: 0.8931
Epoch 121/350
391/391 - 23s - loss: 0.2325 - accuracy: 0.9308 - val_loss: 0.4068 - val_accuracy: 0.8935
Epoch 122/350
391/391 - 23s - loss: 0.2274 - accuracy: 0.9332 - val_loss: 0.4328 - val_accuracy: 0.8901
Epoch 123/350
391/391 - 23s - loss: 0.2306 - accuracy: 0.9332 - val_loss: 0.4288 - val_accuracy: 0.8911
Epoch 124/350
391/391 - 23s - loss: 0.2316 - accuracy: 0.9324 - val_loss: 0.4149 - val_accuracy: 0.8936
Epoch 125/350
391/391 - 23s - loss: 0.2243 - accuracy: 0.9347 - val_loss: 0.4128 - val_accuracy: 0.9015
Epoch 126/350
391/391 - 23s - loss: 0.2256 - accuracy: 0.9343 - val_loss: 0.4351 - val_accuracy: 0.8909
Epoch 127/350
391/391 - 23s - loss: 0.2259 - accuracy: 0.9340 - val_loss: 0.4623 - val_accuracy: 0.8811
Epoch 128/350
391/391 - 23s - loss: 0.2246 - accuracy: 0.9341 - val_loss: 0.3981 - val_accuracy: 0.8991
Epoch 129/350
391/391 - 23s - loss: 0.2211 - accuracy: 0.9355 - val_loss: 0.4059 - val_accuracy: 0.9001
Epoch 130/350
391/391 - 23s - loss: 0.2210 - accuracy: 0.9345 - val_loss: 0.4319 - val_accuracy: 0.8939
Epoch 131/350
391/391 - 23s - loss: 0.2191 - accuracy: 0.9366 - val_loss: 0.4307 - val_accuracy: 0.8967
Epoch 132/350
391/391 - 23s - loss: 0.2193 - accuracy: 0.9372 - val_loss: 0.4362 - val_accuracy: 0.8895
Epoch 133/350
391/391 - 23s - loss: 0.2175 - accuracy: 0.9374 - val_loss: 0.4280 - val_accuracy: 0.8957
Epoch 134/350
391/391 - 23s - loss: 0.2155 - accuracy: 0.9384 - val_loss: 0.4330 - val_accuracy: 0.8973
Epoch 135/350
391/391 - 23s - loss: 0.2167 - accuracy: 0.9378 - val_loss: 0.4793 - val_accuracy: 0.8887
Epoch 136/350
391/391 - 23s - loss: 0.2191 - accuracy: 0.9383 - val_loss: 0.4573 - val_accuracy: 0.8944
Epoch 137/350
391/391 - 23s - loss: 0.2137 - accuracy: 0.9385 - val_loss: 0.4231 - val_accuracy: 0.8962
Epoch 138/350
391/391 - 23s - loss: 0.2096 - accuracy: 0.9406 - val_loss: 0.4684 - val_accuracy: 0.8913
Epoch 139/350
391/391 - 23s - loss: 0.2134 - accuracy: 0.9387 - val_loss: 0.4305 - val_accuracy: 0.8954
Epoch 140/350
391/391 - 23s - loss: 0.2077 - accuracy: 0.9407 - val_loss: 0.4344 - val_accuracy: 0.8953
Epoch 141/350
391/391 - 23s - loss: 0.2065 - accuracy: 0.9414 - val_loss: 0.4502 - val_accuracy: 0.8903
Epoch 142/350
391/391 - 23s - loss: 0.2071 - accuracy: 0.9415 - val_loss: 0.4605 - val_accuracy: 0.8939
Epoch 143/350
391/391 - 23s - loss: 0.2061 - accuracy: 0.9406 - val_loss: 0.4558 - val_accuracy: 0.8894
Epoch 144/350
391/391 - 23s - loss: 0.2056 - accuracy: 0.9410 - val_loss: 0.4196 - val_accuracy: 0.8950
Epoch 145/350
391/391 - 23s - loss: 0.2056 - accuracy: 0.9426 - val_loss: 0.4619 - val_accuracy: 0.8939
Epoch 146/350
391/391 - 23s - loss: 0.2035 - accuracy: 0.9429 - val_loss: 0.4291 - val_accuracy: 0.8965
Epoch 147/350
391/391 - 23s - loss: 0.2022 - accuracy: 0.9436 - val_loss: 0.4445 - val_accuracy: 0.8950
Epoch 148/350
391/391 - 23s - loss: 0.2034 - accuracy: 0.9428 - val_loss: 0.4446 - val_accuracy: 0.8908
Epoch 149/350
391/391 - 23s - loss: 0.2025 - accuracy: 0.9431 - val_loss: 0.4515 - val_accuracy: 0.8967
Epoch 150/350


Snapshot weight 5 shuffle 7 at epoch 150
Layer 11
Getting activations...


391/391 - 23s - loss: 0.2005 - accuracy: 0.9444 - val_loss: 0.4614 - val_accuracy: 0.8951
Epoch 151/350
391/391 - 23s - loss: 0.2019 - accuracy: 0.9438 - val_loss: 0.4211 - val_accuracy: 0.8975
Epoch 152/350
391/391 - 23s - loss: 0.2034 - accuracy: 0.9435 - val_loss: 0.4383 - val_accuracy: 0.8956
Epoch 153/350
391/391 - 23s - loss: 0.1937 - accuracy: 0.9463 - val_loss: 0.4594 - val_accuracy: 0.8903
Epoch 154/350
391/391 - 23s - loss: 0.1964 - accuracy: 0.9456 - val_loss: 0.4516 - val_accuracy: 0.8949
Epoch 155/350
391/391 - 23s - loss: 0.1937 - accuracy: 0.9465 - val_loss: 0.4294 - val_accuracy: 0.8993
Epoch 156/350
391/391 - 23s - loss: 0.2002 - accuracy: 0.9447 - val_loss: 0.4457 - val_accuracy: 0.8919
Epoch 157/350
391/391 - 23s - loss: 0.1986 - accuracy: 0.9450 - val_loss: 0.4555 - val_accuracy: 0.8941
Epoch 158/350
391/391 - 23s - loss: 0.1957 - accuracy: 0.9462 - val_loss: 0.4589 - val_accuracy: 0.8949
Epoch 159/350
391/391 - 23s - loss: 0.1916 - accuracy: 0.9466 - val_loss: 0.4941 - val_accuracy: 0.8897
Epoch 160/350
391/391 - 23s - loss: 0.1924 - accuracy: 0.9469 - val_loss: 0.4564 - val_accuracy: 0.8943
Epoch 161/350
391/391 - 23s - loss: 0.1919 - accuracy: 0.9484 - val_loss: 0.4728 - val_accuracy: 0.8907
Epoch 162/350
391/391 - 23s - loss: 0.1917 - accuracy: 0.9482 - val_loss: 0.4226 - val_accuracy: 0.8989
Epoch 163/350
391/391 - 23s - loss: 0.1873 - accuracy: 0.9504 - val_loss: 0.4549 - val_accuracy: 0.8988
Epoch 164/350
391/391 - 23s - loss: 0.1898 - accuracy: 0.9478 - val_loss: 0.4496 - val_accuracy: 0.8904
Epoch 165/350
391/391 - 23s - loss: 0.1885 - accuracy: 0.9483 - val_loss: 0.4541 - val_accuracy: 0.8953
Epoch 166/350
391/391 - 23s - loss: 0.1892 - accuracy: 0.9492 - val_loss: 0.4823 - val_accuracy: 0.8943
Epoch 167/350
391/391 - 23s - loss: 0.1897 - accuracy: 0.9488 - val_loss: 0.4714 - val_accuracy: 0.8932
Epoch 168/350
391/391 - 23s - loss: 0.1886 - accuracy: 0.9487 - val_loss: 0.4570 - val_accuracy: 0.8961
Epoch 169/350
391/391 - 23s - loss: 0.1913 - accuracy: 0.9469 - val_loss: 0.4531 - val_accuracy: 0.8916
Epoch 170/350
391/391 - 23s - loss: 0.1838 - accuracy: 0.9507 - val_loss: 0.4934 - val_accuracy: 0.8932
Epoch 171/350
391/391 - 23s - loss: 0.1848 - accuracy: 0.9497 - val_loss: 0.4467 - val_accuracy: 0.8997
Epoch 172/350
391/391 - 23s - loss: 0.1849 - accuracy: 0.9509 - val_loss: 0.4406 - val_accuracy: 0.8957
Epoch 173/350
391/391 - 23s - loss: 0.1811 - accuracy: 0.9522 - val_loss: 0.4801 - val_accuracy: 0.8929
Epoch 174/350
391/391 - 23s - loss: 0.1815 - accuracy: 0.9520 - val_loss: 0.4489 - val_accuracy: 0.8941
Epoch 175/350
391/391 - 23s - loss: 0.1818 - accuracy: 0.9502 - val_loss: 0.4397 - val_accuracy: 0.8961
Epoch 176/350
391/391 - 23s - loss: 0.1814 - accuracy: 0.9505 - val_loss: 0.4327 - val_accuracy: 0.9002
Epoch 177/350
391/391 - 23s - loss: 0.1843 - accuracy: 0.9518 - val_loss: 0.4558 - val_accuracy: 0.8980
Epoch 178/350
391/391 - 23s - loss: 0.1812 - accuracy: 0.9522 - val_loss: 0.4423 - val_accuracy: 0.9007
Epoch 179/350
391/391 - 23s - loss: 0.1783 - accuracy: 0.9522 - val_loss: 0.4489 - val_accuracy: 0.9011
Epoch 180/350
391/391 - 23s - loss: 0.1786 - accuracy: 0.9518 - val_loss: 0.4339 - val_accuracy: 0.9030
Epoch 181/350
391/391 - 23s - loss: 0.1762 - accuracy: 0.9533 - val_loss: 0.4443 - val_accuracy: 0.8974
Epoch 182/350
391/391 - 23s - loss: 0.1753 - accuracy: 0.9539 - val_loss: 0.4610 - val_accuracy: 0.9015
Epoch 183/350
391/391 - 23s - loss: 0.1767 - accuracy: 0.9527 - val_loss: 0.4671 - val_accuracy: 0.8899
Epoch 184/350
391/391 - 23s - loss: 0.1802 - accuracy: 0.9506 - val_loss: 0.4562 - val_accuracy: 0.8996
Epoch 185/350
391/391 - 23s - loss: 0.1713 - accuracy: 0.9553 - val_loss: 0.4763 - val_accuracy: 0.9009
Epoch 186/350
391/391 - 23s - loss: 0.1748 - accuracy: 0.9541 - val_loss: 0.4823 - val_accuracy: 0.8949
Epoch 187/350
391/391 - 23s - loss: 0.1765 - accuracy: 0.9532 - val_loss: 0.4573 - val_accuracy: 0.8981
Epoch 188/350
391/391 - 23s - loss: 0.1763 - accuracy: 0.9538 - val_loss: 0.4477 - val_accuracy: 0.8967
Epoch 189/350
391/391 - 23s - loss: 0.1728 - accuracy: 0.9542 - val_loss: 0.5013 - val_accuracy: 0.8901
Epoch 190/350
391/391 - 23s - loss: 0.1772 - accuracy: 0.9529 - val_loss: 0.4623 - val_accuracy: 0.8969
Epoch 191/350
391/391 - 23s - loss: 0.1711 - accuracy: 0.9557 - val_loss: 0.4551 - val_accuracy: 0.8972
Epoch 192/350
391/391 - 23s - loss: 0.1723 - accuracy: 0.9551 - val_loss: 0.4492 - val_accuracy: 0.8997
Epoch 193/350
391/391 - 23s - loss: 0.1722 - accuracy: 0.9552 - val_loss: 0.5271 - val_accuracy: 0.8959
Epoch 194/350
391/391 - 23s - loss: 0.1783 - accuracy: 0.9534 - val_loss: 0.4852 - val_accuracy: 0.9011
Epoch 195/350
391/391 - 23s - loss: 0.1731 - accuracy: 0.9530 - val_loss: 0.4728 - val_accuracy: 0.8990
Epoch 196/350
391/391 - 23s - loss: 0.1736 - accuracy: 0.9545 - val_loss: 0.4820 - val_accuracy: 0.8944
Epoch 197/350
391/391 - 23s - loss: 0.1730 - accuracy: 0.9563 - val_loss: 0.4475 - val_accuracy: 0.8992
Epoch 198/350
391/391 - 23s - loss: 0.1670 - accuracy: 0.9574 - val_loss: 0.4650 - val_accuracy: 0.8966
Epoch 199/350
391/391 - 23s - loss: 0.1667 - accuracy: 0.9589 - val_loss: 0.4673 - val_accuracy: 0.8992
Epoch 200/350


Snapshot weight 5 shuffle 7 at epoch 200
Layer 11
Getting activations...


391/391 - 23s - loss: 0.1709 - accuracy: 0.9554 - val_loss: 0.4897 - val_accuracy: 0.8977
Epoch 201/350
391/391 - 23s - loss: 0.1423 - accuracy: 0.9668 - val_loss: 0.4470 - val_accuracy: 0.9082
Epoch 202/350
391/391 - 23s - loss: 0.1284 - accuracy: 0.9703 - val_loss: 0.4678 - val_accuracy: 0.9089
Epoch 203/350
391/391 - 23s - loss: 0.1272 - accuracy: 0.9715 - val_loss: 0.4565 - val_accuracy: 0.9088
Epoch 204/350
391/391 - 23s - loss: 0.1231 - accuracy: 0.9732 - val_loss: 0.4717 - val_accuracy: 0.9076
Epoch 205/350
391/391 - 23s - loss: 0.1229 - accuracy: 0.9727 - val_loss: 0.4647 - val_accuracy: 0.9093
Epoch 206/350
391/391 - 23s - loss: 0.1228 - accuracy: 0.9730 - val_loss: 0.4719 - val_accuracy: 0.9081
Epoch 207/350
391/391 - 23s - loss: 0.1218 - accuracy: 0.9735 - val_loss: 0.4770 - val_accuracy: 0.9096
Epoch 208/350
391/391 - 23s - loss: 0.1202 - accuracy: 0.9743 - val_loss: 0.4735 - val_accuracy: 0.9100
Epoch 209/350
391/391 - 23s - loss: 0.1209 - accuracy: 0.9732 - val_loss: 0.4708 - val_accuracy: 0.9086
Epoch 210/350
391/391 - 23s - loss: 0.1207 - accuracy: 0.9741 - val_loss: 0.4736 - val_accuracy: 0.9113
Epoch 211/350
391/391 - 23s - loss: 0.1200 - accuracy: 0.9740 - val_loss: 0.4794 - val_accuracy: 0.9107
Epoch 212/350
391/391 - 23s - loss: 0.1166 - accuracy: 0.9745 - val_loss: 0.4728 - val_accuracy: 0.9087
Epoch 213/350
391/391 - 23s - loss: 0.1166 - accuracy: 0.9757 - val_loss: 0.4826 - val_accuracy: 0.9091
Epoch 214/350
391/391 - 23s - loss: 0.1143 - accuracy: 0.9759 - val_loss: 0.4813 - val_accuracy: 0.9089
Epoch 215/350
391/391 - 23s - loss: 0.1147 - accuracy: 0.9757 - val_loss: 0.4935 - val_accuracy: 0.9090
Epoch 216/350
391/391 - 23s - loss: 0.1129 - accuracy: 0.9758 - val_loss: 0.4874 - val_accuracy: 0.9088
Epoch 217/350
391/391 - 23s - loss: 0.1131 - accuracy: 0.9761 - val_loss: 0.4859 - val_accuracy: 0.9076
Epoch 218/350
391/391 - 23s - loss: 0.1150 - accuracy: 0.9753 - val_loss: 0.4909 - val_accuracy: 0.9096
Epoch 219/350
391/391 - 23s - loss: 0.1136 - accuracy: 0.9752 - val_loss: 0.4789 - val_accuracy: 0.9097
Epoch 220/350
391/391 - 23s - loss: 0.1135 - accuracy: 0.9755 - val_loss: 0.4919 - val_accuracy: 0.9082
Epoch 221/350
391/391 - 23s - loss: 0.1152 - accuracy: 0.9756 - val_loss: 0.4881 - val_accuracy: 0.9078
Epoch 222/350
391/391 - 23s - loss: 0.1159 - accuracy: 0.9752 - val_loss: 0.4920 - val_accuracy: 0.9083
Epoch 223/350
391/391 - 23s - loss: 0.1148 - accuracy: 0.9753 - val_loss: 0.4831 - val_accuracy: 0.9084
Epoch 224/350
391/391 - 23s - loss: 0.1118 - accuracy: 0.9770 - val_loss: 0.4931 - val_accuracy: 0.9075
Epoch 225/350
391/391 - 23s - loss: 0.1131 - accuracy: 0.9762 - val_loss: 0.4927 - val_accuracy: 0.9078
Epoch 226/350
391/391 - 23s - loss: 0.1116 - accuracy: 0.9766 - val_loss: 0.5011 - val_accuracy: 0.9071
Epoch 227/350
391/391 - 23s - loss: 0.1133 - accuracy: 0.9762 - val_loss: 0.5054 - val_accuracy: 0.9077
Epoch 228/350
391/391 - 23s - loss: 0.1108 - accuracy: 0.9765 - val_loss: 0.4999 - val_accuracy: 0.9056
Epoch 229/350
391/391 - 23s - loss: 0.1129 - accuracy: 0.9760 - val_loss: 0.5051 - val_accuracy: 0.9086
Epoch 230/350
391/391 - 23s - loss: 0.1123 - accuracy: 0.9764 - val_loss: 0.4884 - val_accuracy: 0.9079
Epoch 231/350
391/391 - 23s - loss: 0.1137 - accuracy: 0.9763 - val_loss: 0.4961 - val_accuracy: 0.9069
Epoch 232/350
391/391 - 23s - loss: 0.1136 - accuracy: 0.9758 - val_loss: 0.4948 - val_accuracy: 0.9080
Epoch 233/350
391/391 - 23s - loss: 0.1098 - accuracy: 0.9781 - val_loss: 0.4952 - val_accuracy: 0.9090
Epoch 234/350
391/391 - 23s - loss: 0.1086 - accuracy: 0.9778 - val_loss: 0.4966 - val_accuracy: 0.9096
Epoch 235/350
391/391 - 23s - loss: 0.1105 - accuracy: 0.9773 - val_loss: 0.4865 - val_accuracy: 0.9082
Epoch 236/350
391/391 - 23s - loss: 0.1086 - accuracy: 0.9779 - val_loss: 0.5023 - val_accuracy: 0.9077
Epoch 237/350
391/391 - 23s - loss: 0.1107 - accuracy: 0.9772 - val_loss: 0.4976 - val_accuracy: 0.9079
Epoch 238/350
391/391 - 23s - loss: 0.1095 - accuracy: 0.9775 - val_loss: 0.4960 - val_accuracy: 0.9087
Epoch 239/350
391/391 - 23s - loss: 0.1056 - accuracy: 0.9793 - val_loss: 0.4981 - val_accuracy: 0.9081
Epoch 240/350
391/391 - 23s - loss: 0.1092 - accuracy: 0.9782 - val_loss: 0.5034 - val_accuracy: 0.9089
Epoch 241/350
391/391 - 23s - loss: 0.1124 - accuracy: 0.9763 - val_loss: 0.4960 - val_accuracy: 0.9087
Epoch 242/350
391/391 - 23s - loss: 0.1059 - accuracy: 0.9788 - val_loss: 0.5108 - val_accuracy: 0.9074
Epoch 243/350
391/391 - 23s - loss: 0.1071 - accuracy: 0.9786 - val_loss: 0.5080 - val_accuracy: 0.9073
Epoch 244/350
391/391 - 23s - loss: 0.1093 - accuracy: 0.9778 - val_loss: 0.4984 - val_accuracy: 0.9102
Epoch 245/350
391/391 - 23s - loss: 0.1088 - accuracy: 0.9775 - val_loss: 0.5091 - val_accuracy: 0.9061
Epoch 246/350
391/391 - 23s - loss: 0.1068 - accuracy: 0.9786 - val_loss: 0.5091 - val_accuracy: 0.9081
Epoch 247/350
391/391 - 23s - loss: 0.1061 - accuracy: 0.9777 - val_loss: 0.5087 - val_accuracy: 0.9068
Epoch 248/350
391/391 - 23s - loss: 0.1090 - accuracy: 0.9778 - val_loss: 0.5087 - val_accuracy: 0.9082
Epoch 249/350
391/391 - 23s - loss: 0.1054 - accuracy: 0.9791 - val_loss: 0.5026 - val_accuracy: 0.9070
Epoch 250/350


Snapshot weight 5 shuffle 7 at epoch 250
Layer 11
Getting activations...


391/391 - 23s - loss: 0.1072 - accuracy: 0.9782 - val_loss: 0.5159 - val_accuracy: 0.9075
Epoch 251/350
391/391 - 23s - loss: 0.1072 - accuracy: 0.9790 - val_loss: 0.5081 - val_accuracy: 0.9080
Epoch 252/350
391/391 - 23s - loss: 0.1062 - accuracy: 0.9783 - val_loss: 0.5058 - val_accuracy: 0.9079
Epoch 253/350
391/391 - 23s - loss: 0.1044 - accuracy: 0.9789 - val_loss: 0.5040 - val_accuracy: 0.9087
Epoch 254/350
391/391 - 23s - loss: 0.1062 - accuracy: 0.9783 - val_loss: 0.5050 - val_accuracy: 0.9084
Epoch 255/350
391/391 - 23s - loss: 0.1033 - accuracy: 0.9794 - val_loss: 0.5068 - val_accuracy: 0.9076
Epoch 256/350
391/391 - 23s - loss: 0.1022 - accuracy: 0.9803 - val_loss: 0.5064 - val_accuracy: 0.9074
Epoch 257/350
391/391 - 23s - loss: 0.1052 - accuracy: 0.9787 - val_loss: 0.5051 - val_accuracy: 0.9072
Epoch 258/350
391/391 - 23s - loss: 0.1017 - accuracy: 0.9802 - val_loss: 0.5041 - val_accuracy: 0.9086
Epoch 259/350
391/391 - 23s - loss: 0.1049 - accuracy: 0.9791 - val_loss: 0.5033 - val_accuracy: 0.9075
Epoch 260/350
391/391 - 23s - loss: 0.1033 - accuracy: 0.9798 - val_loss: 0.5052 - val_accuracy: 0.9075
Epoch 261/350
391/391 - 23s - loss: 0.1034 - accuracy: 0.9797 - val_loss: 0.5080 - val_accuracy: 0.9073
Epoch 262/350
391/391 - 23s - loss: 0.1029 - accuracy: 0.9792 - val_loss: 0.5078 - val_accuracy: 0.9086
Epoch 263/350
391/391 - 23s - loss: 0.1024 - accuracy: 0.9795 - val_loss: 0.5071 - val_accuracy: 0.9080
Epoch 264/350
391/391 - 23s - loss: 0.1045 - accuracy: 0.9796 - val_loss: 0.5066 - val_accuracy: 0.9078
Epoch 265/350
391/391 - 23s - loss: 0.1058 - accuracy: 0.9787 - val_loss: 0.5065 - val_accuracy: 0.9083
Epoch 266/350
391/391 - 23s - loss: 0.1028 - accuracy: 0.9793 - val_loss: 0.5054 - val_accuracy: 0.9083
Epoch 267/350
391/391 - 23s - loss: 0.1064 - accuracy: 0.9790 - val_loss: 0.5025 - val_accuracy: 0.9084
Epoch 268/350
391/391 - 23s - loss: 0.1034 - accuracy: 0.9795 - val_loss: 0.5020 - val_accuracy: 0.9080
Epoch 269/350
391/391 - 23s - loss: 0.1037 - accuracy: 0.9799 - val_loss: 0.5049 - val_accuracy: 0.9073
Epoch 270/350
391/391 - 23s - loss: 0.1053 - accuracy: 0.9791 - val_loss: 0.5068 - val_accuracy: 0.9080
Epoch 271/350
391/391 - 23s - loss: 0.1051 - accuracy: 0.9790 - val_loss: 0.5042 - val_accuracy: 0.9079
Epoch 272/350
391/391 - 23s - loss: 0.1039 - accuracy: 0.9798 - val_loss: 0.5062 - val_accuracy: 0.9079
Epoch 273/350
391/391 - 23s - loss: 0.1036 - accuracy: 0.9794 - val_loss: 0.5058 - val_accuracy: 0.9079
Epoch 274/350
391/391 - 23s - loss: 0.1037 - accuracy: 0.9802 - val_loss: 0.5027 - val_accuracy: 0.9086
Epoch 275/350
391/391 - 23s - loss: 0.1013 - accuracy: 0.9798 - val_loss: 0.5055 - val_accuracy: 0.9084
Epoch 276/350
391/391 - 23s - loss: 0.1047 - accuracy: 0.9789 - val_loss: 0.5053 - val_accuracy: 0.9077
Epoch 277/350
391/391 - 23s - loss: 0.1026 - accuracy: 0.9791 - val_loss: 0.5042 - val_accuracy: 0.9073
Epoch 278/350
391/391 - 23s - loss: 0.1039 - accuracy: 0.9794 - val_loss: 0.5029 - val_accuracy: 0.9076
Epoch 279/350
391/391 - 23s - loss: 0.1045 - accuracy: 0.9800 - val_loss: 0.5030 - val_accuracy: 0.9078
Epoch 280/350
391/391 - 23s - loss: 0.1023 - accuracy: 0.9802 - val_loss: 0.5034 - val_accuracy: 0.9075
Epoch 281/350
391/391 - 23s - loss: 0.1020 - accuracy: 0.9801 - val_loss: 0.5060 - val_accuracy: 0.9073
Epoch 282/350
391/391 - 23s - loss: 0.1034 - accuracy: 0.9795 - val_loss: 0.5042 - val_accuracy: 0.9082
Epoch 283/350
391/391 - 23s - loss: 0.1040 - accuracy: 0.9798 - val_loss: 0.5043 - val_accuracy: 0.9076
Epoch 284/350
391/391 - 23s - loss: 0.1012 - accuracy: 0.9808 - val_loss: 0.5086 - val_accuracy: 0.9077
Epoch 285/350
391/391 - 23s - loss: 0.1048 - accuracy: 0.9792 - val_loss: 0.5076 - val_accuracy: 0.9083
Epoch 286/350
391/391 - 23s - loss: 0.1036 - accuracy: 0.9794 - val_loss: 0.5071 - val_accuracy: 0.9082
Epoch 287/350
391/391 - 23s - loss: 0.1034 - accuracy: 0.9805 - val_loss: 0.5091 - val_accuracy: 0.9081
Epoch 288/350
391/391 - 23s - loss: 0.1021 - accuracy: 0.9802 - val_loss: 0.5073 - val_accuracy: 0.9071
Epoch 289/350
391/391 - 23s - loss: 0.1024 - accuracy: 0.9797 - val_loss: 0.5075 - val_accuracy: 0.9084
Epoch 290/350
391/391 - 23s - loss: 0.1029 - accuracy: 0.9797 - val_loss: 0.5074 - val_accuracy: 0.9080
Epoch 291/350
391/391 - 23s - loss: 0.1043 - accuracy: 0.9800 - val_loss: 0.5061 - val_accuracy: 0.9076
Epoch 292/350
391/391 - 23s - loss: 0.1037 - accuracy: 0.9795 - val_loss: 0.5081 - val_accuracy: 0.9078
Epoch 293/350
391/391 - 23s - loss: 0.1021 - accuracy: 0.9807 - val_loss: 0.5063 - val_accuracy: 0.9074
Epoch 294/350
391/391 - 23s - loss: 0.1029 - accuracy: 0.9802 - val_loss: 0.5060 - val_accuracy: 0.9080
Epoch 295/350
391/391 - 23s - loss: 0.1019 - accuracy: 0.9797 - val_loss: 0.5074 - val_accuracy: 0.9075
Epoch 296/350
391/391 - 23s - loss: 0.1038 - accuracy: 0.9800 - val_loss: 0.5066 - val_accuracy: 0.9068
Epoch 297/350
391/391 - 23s - loss: 0.1047 - accuracy: 0.9792 - val_loss: 0.5064 - val_accuracy: 0.9075
Epoch 298/350
391/391 - 23s - loss: 0.1027 - accuracy: 0.9803 - val_loss: 0.5055 - val_accuracy: 0.9085
Epoch 299/350
391/391 - 23s - loss: 0.1020 - accuracy: 0.9800 - val_loss: 0.5058 - val_accuracy: 0.9081
Epoch 300/350


Snapshot weight 5 shuffle 7 at epoch 300
Layer 11
Getting activations...


391/391 - 23s - loss: 0.1023 - accuracy: 0.9799 - val_loss: 0.5085 - val_accuracy: 0.9080
Epoch 301/350
391/391 - 23s - loss: 0.1018 - accuracy: 0.9806 - val_loss: 0.5086 - val_accuracy: 0.9084
Epoch 302/350
391/391 - 23s - loss: 0.1030 - accuracy: 0.9798 - val_loss: 0.5084 - val_accuracy: 0.9078
Epoch 303/350
391/391 - 23s - loss: 0.1029 - accuracy: 0.9803 - val_loss: 0.5085 - val_accuracy: 0.9078
Epoch 304/350
391/391 - 23s - loss: 0.1013 - accuracy: 0.9807 - val_loss: 0.5086 - val_accuracy: 0.9074
Epoch 305/350
391/391 - 23s - loss: 0.1040 - accuracy: 0.9795 - val_loss: 0.5087 - val_accuracy: 0.9073
Epoch 306/350
391/391 - 23s - loss: 0.1016 - accuracy: 0.9802 - val_loss: 0.5084 - val_accuracy: 0.9078
Epoch 307/350
391/391 - 23s - loss: 0.1029 - accuracy: 0.9801 - val_loss: 0.5082 - val_accuracy: 0.9073
Epoch 308/350
391/391 - 23s - loss: 0.1015 - accuracy: 0.9800 - val_loss: 0.5080 - val_accuracy: 0.9076
Epoch 309/350
391/391 - 23s - loss: 0.1022 - accuracy: 0.9803 - val_loss: 0.5083 - val_accuracy: 0.9076
Epoch 310/350
391/391 - 23s - loss: 0.1026 - accuracy: 0.9797 - val_loss: 0.5085 - val_accuracy: 0.9074
Epoch 311/350
391/391 - 23s - loss: 0.1026 - accuracy: 0.9795 - val_loss: 0.5083 - val_accuracy: 0.9074
Epoch 312/350
391/391 - 23s - loss: 0.1009 - accuracy: 0.9804 - val_loss: 0.5083 - val_accuracy: 0.9075
Epoch 313/350
391/391 - 23s - loss: 0.1033 - accuracy: 0.9792 - val_loss: 0.5084 - val_accuracy: 0.9074
Epoch 314/350
391/391 - 23s - loss: 0.1018 - accuracy: 0.9812 - val_loss: 0.5085 - val_accuracy: 0.9074
Epoch 315/350
391/391 - 23s - loss: 0.1051 - accuracy: 0.9790 - val_loss: 0.5086 - val_accuracy: 0.9074
Epoch 316/350
391/391 - 23s - loss: 0.1023 - accuracy: 0.9804 - val_loss: 0.5085 - val_accuracy: 0.9073
Epoch 317/350
391/391 - 23s - loss: 0.1043 - accuracy: 0.9795 - val_loss: 0.5083 - val_accuracy: 0.9075
Epoch 318/350
391/391 - 23s - loss: 0.1016 - accuracy: 0.9800 - val_loss: 0.5085 - val_accuracy: 0.9076
Epoch 319/350
391/391 - 23s - loss: 0.1026 - accuracy: 0.9801 - val_loss: 0.5083 - val_accuracy: 0.9076
Epoch 320/350
391/391 - 23s - loss: 0.1030 - accuracy: 0.9797 - val_loss: 0.5083 - val_accuracy: 0.9075
Epoch 321/350
391/391 - 23s - loss: 0.1009 - accuracy: 0.9807 - val_loss: 0.5082 - val_accuracy: 0.9075
Epoch 322/350
391/391 - 23s - loss: 0.1005 - accuracy: 0.9809 - val_loss: 0.5079 - val_accuracy: 0.9075
Epoch 323/350
391/391 - 23s - loss: 0.1037 - accuracy: 0.9795 - val_loss: 0.5078 - val_accuracy: 0.9073
Epoch 324/350
391/391 - 23s - loss: 0.1002 - accuracy: 0.9806 - val_loss: 0.5076 - val_accuracy: 0.9077
Epoch 325/350
391/391 - 23s - loss: 0.1026 - accuracy: 0.9798 - val_loss: 0.5077 - val_accuracy: 0.9078
Epoch 326/350
391/391 - 23s - loss: 0.1021 - accuracy: 0.9798 - val_loss: 0.5078 - val_accuracy: 0.9078
Epoch 327/350
391/391 - 23s - loss: 0.1029 - accuracy: 0.9801 - val_loss: 0.5079 - val_accuracy: 0.9078
Epoch 328/350
391/391 - 23s - loss: 0.1021 - accuracy: 0.9802 - val_loss: 0.5080 - val_accuracy: 0.9074
Epoch 329/350
391/391 - 23s - loss: 0.1024 - accuracy: 0.9804 - val_loss: 0.5075 - val_accuracy: 0.9073
Epoch 330/350
391/391 - 23s - loss: 0.1031 - accuracy: 0.9797 - val_loss: 0.5078 - val_accuracy: 0.9076
Epoch 331/350
391/391 - 23s - loss: 0.1004 - accuracy: 0.9817 - val_loss: 0.5077 - val_accuracy: 0.9075
Epoch 332/350
391/391 - 23s - loss: 0.1031 - accuracy: 0.9799 - val_loss: 0.5082 - val_accuracy: 0.9073
Epoch 333/350
391/391 - 23s - loss: 0.1040 - accuracy: 0.9787 - val_loss: 0.5082 - val_accuracy: 0.9074
Epoch 334/350
391/391 - 23s - loss: 0.1044 - accuracy: 0.9791 - val_loss: 0.5079 - val_accuracy: 0.9077
Epoch 335/350
391/391 - 23s - loss: 0.1034 - accuracy: 0.9796 - val_loss: 0.5080 - val_accuracy: 0.9074
Epoch 336/350
391/391 - 23s - loss: 0.1019 - accuracy: 0.9801 - val_loss: 0.5078 - val_accuracy: 0.9077
Epoch 337/350
391/391 - 23s - loss: 0.1009 - accuracy: 0.9808 - val_loss: 0.5075 - val_accuracy: 0.9076
Epoch 338/350
391/391 - 23s - loss: 0.1021 - accuracy: 0.9801 - val_loss: 0.5073 - val_accuracy: 0.9080
Epoch 339/350
391/391 - 23s - loss: 0.1007 - accuracy: 0.9807 - val_loss: 0.5075 - val_accuracy: 0.9076
Epoch 340/350
391/391 - 23s - loss: 0.1035 - accuracy: 0.9798 - val_loss: 0.5077 - val_accuracy: 0.9074
Epoch 341/350
391/391 - 23s - loss: 0.1021 - accuracy: 0.9798 - val_loss: 0.5080 - val_accuracy: 0.9073
Epoch 342/350
391/391 - 23s - loss: 0.1012 - accuracy: 0.9806 - val_loss: 0.5083 - val_accuracy: 0.9071
Epoch 343/350
391/391 - 23s - loss: 0.1003 - accuracy: 0.9803 - val_loss: 0.5084 - val_accuracy: 0.9072
Epoch 344/350
391/391 - 23s - loss: 0.1029 - accuracy: 0.9801 - val_loss: 0.5084 - val_accuracy: 0.9073
Epoch 345/350
391/391 - 23s - loss: 0.1040 - accuracy: 0.9795 - val_loss: 0.5082 - val_accuracy: 0.9076
Epoch 346/350
391/391 - 23s - loss: 0.1015 - accuracy: 0.9799 - val_loss: 0.5086 - val_accuracy: 0.9075
Epoch 347/350
391/391 - 23s - loss: 0.1035 - accuracy: 0.9801 - val_loss: 0.5088 - val_accuracy: 0.9075
Epoch 348/350
391/391 - 23s - loss: 0.1033 - accuracy: 0.9798 - val_loss: 0.5090 - val_accuracy: 0.9073
Epoch 349/350
391/391 - 23s - loss: 0.1022 - accuracy: 0.9799 - val_loss: 0.5087 - val_accuracy: 0.9074
Epoch 350/350


Snapshot weight 5 shuffle 7 at epoch 350
Layer 11
Getting activations...


391/391 - 23s - loss: 0.1042 - accuracy: 0.9803 - val_loss: 0.5088 - val_accuracy: 0.9076
/usr/local/lib/python3.6/dist-packages/tensorflow/python/autograph/impl/api.py:493: UserWarning: fill_value is not supported and is always 0 for TensorFlow < 2.4.0.
  return py_builtins.overload_of(f)(*args)
WARNING:tensorflow:From /usr/local/lib/python3.6/dist-packages/tensorflow/python/training/tracking/tracking.py:111: Model.state_updates (from tensorflow.python.keras.engine.training) is deprecated and will be removed in a future version.
Instructions for updating:
This property should not be used in TensorFlow 2.0, as updates are applied automatically.
2021-07-02 16:40:04.937129: W tensorflow/python/util/util.cc:348] Sets are not currently considered sequences, but this may change in the future, so consider avoiding using them.
WARNING:tensorflow:From /usr/local/lib/python3.6/dist-packages/tensorflow/python/training/tracking/tracking.py:111: Layer.updates (from tensorflow.python.keras.engine.base_layer) is deprecated and will be removed in a future version.
Instructions for updating:
This property should not be used in TensorFlow 2.0, as updates are applied automatically.
Saving, final validation acc: 0.9075999855995178
