2021-07-02 10:02:15.151732: I tensorflow/stream_executor/platform/default/dso_loader.cc:48] Successfully opened dynamic library libcudart.so.10.1
2021-07-02 10:03:47.393564: I tensorflow/stream_executor/platform/default/dso_loader.cc:48] Successfully opened dynamic library libcuda.so.1
2021-07-02 10:03:47.414940: I tensorflow/core/common_runtime/gpu/gpu_device.cc:1716] Found device 0 with properties: 
pciBusID: 0000:03:00.0 name: NVIDIA TITAN Xp computeCapability: 6.1
coreClock: 1.582GHz coreCount: 30 deviceMemorySize: 11.91GiB deviceMemoryBandwidth: 510.07GiB/s
2021-07-02 10:03:47.415019: I tensorflow/stream_executor/platform/default/dso_loader.cc:48] Successfully opened dynamic library libcudart.so.10.1
2021-07-02 10:03:47.453924: I tensorflow/stream_executor/platform/default/dso_loader.cc:48] Successfully opened dynamic library libcublas.so.10
2021-07-02 10:03:47.474303: I tensorflow/stream_executor/platform/default/dso_loader.cc:48] Successfully opened dynamic library libcufft.so.10
2021-07-02 10:03:47.482382: I tensorflow/stream_executor/platform/default/dso_loader.cc:48] Successfully opened dynamic library libcurand.so.10
2021-07-02 10:03:47.523147: I tensorflow/stream_executor/platform/default/dso_loader.cc:48] Successfully opened dynamic library libcusolver.so.10
2021-07-02 10:03:47.531097: I tensorflow/stream_executor/platform/default/dso_loader.cc:48] Successfully opened dynamic library libcusparse.so.10
2021-07-02 10:03:47.603249: I tensorflow/stream_executor/platform/default/dso_loader.cc:48] Successfully opened dynamic library libcudnn.so.7
2021-07-02 10:03:47.605326: I tensorflow/core/common_runtime/gpu/gpu_device.cc:1858] Adding visible gpu devices: 0
2021-07-02 10:03:47.608848: I tensorflow/core/platform/cpu_feature_guard.cc:142] This TensorFlow binary is optimized with oneAPI Deep Neural Network Library (oneDNN)to use the following CPU instructions in performance-critical operations:  AVX2 FMA
To enable them in other operations, rebuild TensorFlow with the appropriate compiler flags.
2021-07-02 10:03:47.623912: I tensorflow/core/platform/profile_utils/cpu_utils.cc:104] CPU Frequency: 2600205000 Hz
2021-07-02 10:03:47.624031: I tensorflow/compiler/xla/service/service.cc:168] XLA service 0x3ed8890 initialized for platform Host (this does not guarantee that XLA will be used). Devices:
2021-07-02 10:03:47.624051: I tensorflow/compiler/xla/service/service.cc:176]   StreamExecutor device (0): Host, Default Version
2021-07-02 10:03:47.764550: I tensorflow/compiler/xla/service/service.cc:168] XLA service 0x3eca9a0 initialized for platform CUDA (this does not guarantee that XLA will be used). Devices:
2021-07-02 10:03:47.764614: I tensorflow/compiler/xla/service/service.cc:176]   StreamExecutor device (0): NVIDIA TITAN Xp, Compute Capability 6.1
2021-07-02 10:03:47.766918: I tensorflow/core/common_runtime/gpu/gpu_device.cc:1716] Found device 0 with properties: 
pciBusID: 0000:03:00.0 name: NVIDIA TITAN Xp computeCapability: 6.1
coreClock: 1.582GHz coreCount: 30 deviceMemorySize: 11.91GiB deviceMemoryBandwidth: 510.07GiB/s
2021-07-02 10:03:47.766962: I tensorflow/stream_executor/platform/default/dso_loader.cc:48] Successfully opened dynamic library libcudart.so.10.1
2021-07-02 10:03:47.766995: I tensorflow/stream_executor/platform/default/dso_loader.cc:48] Successfully opened dynamic library libcublas.so.10
2021-07-02 10:03:47.767014: I tensorflow/stream_executor/platform/default/dso_loader.cc:48] Successfully opened dynamic library libcufft.so.10
2021-07-02 10:03:47.767032: I tensorflow/stream_executor/platform/default/dso_loader.cc:48] Successfully opened dynamic library libcurand.so.10
2021-07-02 10:03:47.767049: I tensorflow/stream_executor/platform/default/dso_loader.cc:48] Successfully opened dynamic library libcusolver.so.10
2021-07-02 10:03:47.767067: I tensorflow/stream_executor/platform/default/dso_loader.cc:48] Successfully opened dynamic library libcusparse.so.10
2021-07-02 10:03:47.767085: I tensorflow/stream_executor/platform/default/dso_loader.cc:48] Successfully opened dynamic library libcudnn.so.7
2021-07-02 10:03:47.769577: I tensorflow/core/common_runtime/gpu/gpu_device.cc:1858] Adding visible gpu devices: 0
2021-07-02 10:03:47.771309: I tensorflow/stream_executor/platform/default/dso_loader.cc:48] Successfully opened dynamic library libcudart.so.10.1
2021-07-02 10:03:49.495403: I tensorflow/core/common_runtime/gpu/gpu_device.cc:1257] Device interconnect StreamExecutor with strength 1 edge matrix:
2021-07-02 10:03:49.495481: I tensorflow/core/common_runtime/gpu/gpu_device.cc:1263]      0 
2021-07-02 10:03:49.495494: I tensorflow/core/common_runtime/gpu/gpu_device.cc:1276] 0:   N 
2021-07-02 10:03:49.501269: I tensorflow/core/common_runtime/gpu/gpu_device.cc:1402] Created TensorFlow device (/job:localhost/replica:0/task:0/device:GPU:0 with 11218 MB memory) -> physical GPU (device: 0, name: NVIDIA TITAN Xp, pci bus id: 0000:03:00.0, compute capability: 6.1)
2021-07-02 10:03:55.114028: I tensorflow/stream_executor/platform/default/dso_loader.cc:48] Successfully opened dynamic library libcudnn.so.7
2021-07-02 10:03:57.503622: I tensorflow/stream_executor/platform/default/dso_loader.cc:48] Successfully opened dynamic library libcublas.so.10
Using model index: 63
Making train data...
GCN...
ZCA...
Done!
Making test data...
Done!
Epoch 1/350


Snapshot weight 3 shuffle 6 at epoch 1
Layer 11
Getting activations...


391/391 - 23s - loss: 2.2949 - accuracy: 0.1197 - val_loss: 2.1548 - val_accuracy: 0.2027
Epoch 2/350


Snapshot weight 3 shuffle 6 at epoch 2
Layer 11
Getting activations...


391/391 - 23s - loss: 2.0939 - accuracy: 0.2479 - val_loss: 2.0270 - val_accuracy: 0.2791
Epoch 3/350


Snapshot weight 3 shuffle 6 at epoch 3
Layer 11
Getting activations...


391/391 - 23s - loss: 1.9049 - accuracy: 0.3428 - val_loss: 1.7205 - val_accuracy: 0.4115
Epoch 4/350


Snapshot weight 3 shuffle 6 at epoch 4
Layer 11
Getting activations...


391/391 - 23s - loss: 1.6548 - accuracy: 0.4244 - val_loss: 1.5002 - val_accuracy: 0.4732
Epoch 5/350


Snapshot weight 3 shuffle 6 at epoch 5
Layer 11
Getting activations...


391/391 - 23s - loss: 1.4295 - accuracy: 0.4962 - val_loss: 1.2410 - val_accuracy: 0.5716
Epoch 6/350


Snapshot weight 3 shuffle 6 at epoch 6
Layer 11
Getting activations...


391/391 - 23s - loss: 1.3146 - accuracy: 0.5360 - val_loss: 1.2512 - val_accuracy: 0.5641
Epoch 7/350


Snapshot weight 3 shuffle 6 at epoch 7
Layer 11
Getting activations...


391/391 - 23s - loss: 1.2266 - accuracy: 0.5686 - val_loss: 1.1948 - val_accuracy: 0.5940
Epoch 8/350


Snapshot weight 3 shuffle 6 at epoch 8
Layer 11
Getting activations...


391/391 - 23s - loss: 1.1589 - accuracy: 0.5941 - val_loss: 1.0738 - val_accuracy: 0.6234
Epoch 9/350


Snapshot weight 3 shuffle 6 at epoch 9
Layer 11
Getting activations...


391/391 - 24s - loss: 1.0963 - accuracy: 0.6180 - val_loss: 0.9576 - val_accuracy: 0.6675
Epoch 10/350


Snapshot weight 3 shuffle 6 at epoch 10
Layer 11
Getting activations...


391/391 - 23s - loss: 1.0440 - accuracy: 0.6395 - val_loss: 0.9469 - val_accuracy: 0.6720
Epoch 11/350
391/391 - 23s - loss: 1.0016 - accuracy: 0.6502 - val_loss: 0.9581 - val_accuracy: 0.6717
Epoch 12/350
391/391 - 23s - loss: 0.9534 - accuracy: 0.6707 - val_loss: 0.9424 - val_accuracy: 0.6752
Epoch 13/350
391/391 - 23s - loss: 0.9256 - accuracy: 0.6804 - val_loss: 0.8633 - val_accuracy: 0.7076
Epoch 14/350
391/391 - 23s - loss: 0.8862 - accuracy: 0.6954 - val_loss: 0.8321 - val_accuracy: 0.7185
Epoch 15/350
391/391 - 23s - loss: 0.8528 - accuracy: 0.7091 - val_loss: 0.7606 - val_accuracy: 0.7408
Epoch 16/350
391/391 - 23s - loss: 0.8162 - accuracy: 0.7232 - val_loss: 0.7769 - val_accuracy: 0.7400
Epoch 17/350
391/391 - 23s - loss: 0.7880 - accuracy: 0.7323 - val_loss: 0.7356 - val_accuracy: 0.7531
Epoch 18/350
391/391 - 23s - loss: 0.7656 - accuracy: 0.7411 - val_loss: 0.6740 - val_accuracy: 0.7758
Epoch 19/350
391/391 - 23s - loss: 0.7481 - accuracy: 0.7474 - val_loss: 0.6879 - val_accuracy: 0.7728
Epoch 20/350
391/391 - 23s - loss: 0.7281 - accuracy: 0.7548 - val_loss: 0.7182 - val_accuracy: 0.7648
Epoch 21/350
391/391 - 23s - loss: 0.6963 - accuracy: 0.7644 - val_loss: 0.7063 - val_accuracy: 0.7693
Epoch 22/350
391/391 - 23s - loss: 0.6745 - accuracy: 0.7749 - val_loss: 0.6759 - val_accuracy: 0.7805
Epoch 23/350
391/391 - 23s - loss: 0.6570 - accuracy: 0.7809 - val_loss: 0.6346 - val_accuracy: 0.7938
Epoch 24/350
391/391 - 23s - loss: 0.6517 - accuracy: 0.7824 - val_loss: 0.6571 - val_accuracy: 0.7861
Epoch 25/350
391/391 - 23s - loss: 0.6338 - accuracy: 0.7888 - val_loss: 0.6142 - val_accuracy: 0.8067
Epoch 26/350
391/391 - 23s - loss: 0.6162 - accuracy: 0.7974 - val_loss: 0.5938 - val_accuracy: 0.8037
Epoch 27/350
391/391 - 23s - loss: 0.6050 - accuracy: 0.7997 - val_loss: 0.5623 - val_accuracy: 0.8163
Epoch 28/350
391/391 - 23s - loss: 0.5834 - accuracy: 0.8085 - val_loss: 0.5429 - val_accuracy: 0.8236
Epoch 29/350
391/391 - 23s - loss: 0.5786 - accuracy: 0.8098 - val_loss: 0.5837 - val_accuracy: 0.8213
Epoch 30/350
391/391 - 23s - loss: 0.5661 - accuracy: 0.8143 - val_loss: 0.5858 - val_accuracy: 0.8151
Epoch 31/350
391/391 - 23s - loss: 0.5594 - accuracy: 0.8161 - val_loss: 0.5549 - val_accuracy: 0.8230
Epoch 32/350
391/391 - 24s - loss: 0.5418 - accuracy: 0.8225 - val_loss: 0.5576 - val_accuracy: 0.8244
Epoch 33/350
391/391 - 23s - loss: 0.5296 - accuracy: 0.8256 - val_loss: 0.5372 - val_accuracy: 0.8324
Epoch 34/350
391/391 - 23s - loss: 0.5238 - accuracy: 0.8299 - val_loss: 0.5350 - val_accuracy: 0.8313
Epoch 35/350
391/391 - 23s - loss: 0.5175 - accuracy: 0.8302 - val_loss: 0.4980 - val_accuracy: 0.8446
Epoch 36/350
391/391 - 23s - loss: 0.5092 - accuracy: 0.8330 - val_loss: 0.4976 - val_accuracy: 0.8393
Epoch 37/350
391/391 - 23s - loss: 0.4957 - accuracy: 0.8388 - val_loss: 0.5006 - val_accuracy: 0.8410
Epoch 38/350
391/391 - 23s - loss: 0.4900 - accuracy: 0.8393 - val_loss: 0.5036 - val_accuracy: 0.8450
Epoch 39/350
391/391 - 23s - loss: 0.4831 - accuracy: 0.8434 - val_loss: 0.4992 - val_accuracy: 0.8425
Epoch 40/350
391/391 - 23s - loss: 0.4727 - accuracy: 0.8463 - val_loss: 0.5404 - val_accuracy: 0.8360
Epoch 41/350
391/391 - 23s - loss: 0.4705 - accuracy: 0.8472 - val_loss: 0.4764 - val_accuracy: 0.8493
Epoch 42/350
391/391 - 23s - loss: 0.4597 - accuracy: 0.8499 - val_loss: 0.5003 - val_accuracy: 0.8467
Epoch 43/350
391/391 - 23s - loss: 0.4584 - accuracy: 0.8512 - val_loss: 0.5417 - val_accuracy: 0.8382
Epoch 44/350
391/391 - 23s - loss: 0.4549 - accuracy: 0.8508 - val_loss: 0.4962 - val_accuracy: 0.8453
Epoch 45/350
391/391 - 23s - loss: 0.4407 - accuracy: 0.8567 - val_loss: 0.4875 - val_accuracy: 0.8525
Epoch 46/350
391/391 - 23s - loss: 0.4407 - accuracy: 0.8589 - val_loss: 0.4720 - val_accuracy: 0.8536
Epoch 47/350
391/391 - 23s - loss: 0.4363 - accuracy: 0.8588 - val_loss: 0.4814 - val_accuracy: 0.8496
Epoch 48/350
391/391 - 23s - loss: 0.4295 - accuracy: 0.8600 - val_loss: 0.4572 - val_accuracy: 0.8560
Epoch 49/350
391/391 - 23s - loss: 0.4291 - accuracy: 0.8599 - val_loss: 0.5124 - val_accuracy: 0.8444
Epoch 50/350


Snapshot weight 3 shuffle 6 at epoch 50
Layer 11
Getting activations...


391/391 - 23s - loss: 0.4105 - accuracy: 0.8683 - val_loss: 0.5106 - val_accuracy: 0.8466
Epoch 51/350
391/391 - 23s - loss: 0.4141 - accuracy: 0.8680 - val_loss: 0.4548 - val_accuracy: 0.8558
Epoch 52/350
391/391 - 23s - loss: 0.4050 - accuracy: 0.8705 - val_loss: 0.4480 - val_accuracy: 0.8602
Epoch 53/350
391/391 - 23s - loss: 0.4015 - accuracy: 0.8709 - val_loss: 0.4910 - val_accuracy: 0.8533
Epoch 54/350
391/391 - 23s - loss: 0.3980 - accuracy: 0.8708 - val_loss: 0.4670 - val_accuracy: 0.8594
Epoch 55/350
391/391 - 23s - loss: 0.3905 - accuracy: 0.8748 - val_loss: 0.4408 - val_accuracy: 0.8662
Epoch 56/350
391/391 - 23s - loss: 0.3863 - accuracy: 0.8758 - val_loss: 0.4597 - val_accuracy: 0.8582
Epoch 57/350
391/391 - 23s - loss: 0.3845 - accuracy: 0.8773 - val_loss: 0.4570 - val_accuracy: 0.8647
Epoch 58/350
391/391 - 23s - loss: 0.3802 - accuracy: 0.8763 - val_loss: 0.4761 - val_accuracy: 0.8602
Epoch 59/350
391/391 - 23s - loss: 0.3791 - accuracy: 0.8788 - val_loss: 0.4485 - val_accuracy: 0.8637
Epoch 60/350
391/391 - 23s - loss: 0.3783 - accuracy: 0.8802 - val_loss: 0.4726 - val_accuracy: 0.8585
Epoch 61/350
391/391 - 23s - loss: 0.3696 - accuracy: 0.8823 - val_loss: 0.4532 - val_accuracy: 0.8661
Epoch 62/350
391/391 - 23s - loss: 0.3629 - accuracy: 0.8838 - val_loss: 0.4951 - val_accuracy: 0.8556
Epoch 63/350
391/391 - 23s - loss: 0.3625 - accuracy: 0.8847 - val_loss: 0.4591 - val_accuracy: 0.8617
Epoch 64/350
391/391 - 23s - loss: 0.3607 - accuracy: 0.8843 - val_loss: 0.4361 - val_accuracy: 0.8690
Epoch 65/350
391/391 - 23s - loss: 0.3499 - accuracy: 0.8889 - val_loss: 0.4897 - val_accuracy: 0.8588
Epoch 66/350
391/391 - 23s - loss: 0.3462 - accuracy: 0.8901 - val_loss: 0.4581 - val_accuracy: 0.8664
Epoch 67/350
391/391 - 23s - loss: 0.3497 - accuracy: 0.8905 - val_loss: 0.4374 - val_accuracy: 0.8723
Epoch 68/350
391/391 - 23s - loss: 0.3425 - accuracy: 0.8928 - val_loss: 0.4799 - val_accuracy: 0.8636
Epoch 69/350
391/391 - 23s - loss: 0.3368 - accuracy: 0.8947 - val_loss: 0.4456 - val_accuracy: 0.8727
Epoch 70/350
391/391 - 23s - loss: 0.3352 - accuracy: 0.8939 - val_loss: 0.4283 - val_accuracy: 0.8757
Epoch 71/350
391/391 - 23s - loss: 0.3314 - accuracy: 0.8968 - val_loss: 0.4468 - val_accuracy: 0.8676
Epoch 72/350
391/391 - 23s - loss: 0.3281 - accuracy: 0.8973 - val_loss: 0.4340 - val_accuracy: 0.8721
Epoch 73/350
391/391 - 23s - loss: 0.3287 - accuracy: 0.8973 - val_loss: 0.4401 - val_accuracy: 0.8702
Epoch 74/350
391/391 - 23s - loss: 0.3273 - accuracy: 0.8964 - val_loss: 0.4555 - val_accuracy: 0.8700
Epoch 75/350
391/391 - 24s - loss: 0.3229 - accuracy: 0.8983 - val_loss: 0.4378 - val_accuracy: 0.8772
Epoch 76/350
391/391 - 23s - loss: 0.3160 - accuracy: 0.9012 - val_loss: 0.4569 - val_accuracy: 0.8751
Epoch 77/350
391/391 - 23s - loss: 0.3136 - accuracy: 0.9024 - val_loss: 0.4710 - val_accuracy: 0.8682
Epoch 78/350
391/391 - 23s - loss: 0.3111 - accuracy: 0.9033 - val_loss: 0.4310 - val_accuracy: 0.8759
Epoch 79/350
391/391 - 23s - loss: 0.3109 - accuracy: 0.9040 - val_loss: 0.4454 - val_accuracy: 0.8717
Epoch 80/350
391/391 - 23s - loss: 0.3095 - accuracy: 0.9027 - val_loss: 0.4407 - val_accuracy: 0.8757
Epoch 81/350
391/391 - 23s - loss: 0.3022 - accuracy: 0.9064 - val_loss: 0.4705 - val_accuracy: 0.8675
Epoch 82/350
391/391 - 23s - loss: 0.3036 - accuracy: 0.9058 - val_loss: 0.4213 - val_accuracy: 0.8787
Epoch 83/350
391/391 - 23s - loss: 0.2996 - accuracy: 0.9064 - val_loss: 0.4522 - val_accuracy: 0.8742
Epoch 84/350
391/391 - 23s - loss: 0.2948 - accuracy: 0.9093 - val_loss: 0.4132 - val_accuracy: 0.8813
Epoch 85/350
391/391 - 23s - loss: 0.2989 - accuracy: 0.9071 - val_loss: 0.4433 - val_accuracy: 0.8764
Epoch 86/350
391/391 - 23s - loss: 0.3001 - accuracy: 0.9084 - val_loss: 0.4556 - val_accuracy: 0.8699
Epoch 87/350
391/391 - 23s - loss: 0.2936 - accuracy: 0.9094 - val_loss: 0.4479 - val_accuracy: 0.8757
Epoch 88/350
391/391 - 23s - loss: 0.2887 - accuracy: 0.9125 - val_loss: 0.4326 - val_accuracy: 0.8712
Epoch 89/350
391/391 - 23s - loss: 0.2943 - accuracy: 0.9097 - val_loss: 0.4281 - val_accuracy: 0.8828
Epoch 90/350
391/391 - 23s - loss: 0.2839 - accuracy: 0.9117 - val_loss: 0.4388 - val_accuracy: 0.8784
Epoch 91/350
391/391 - 23s - loss: 0.2849 - accuracy: 0.9125 - val_loss: 0.4400 - val_accuracy: 0.8782
Epoch 92/350
391/391 - 23s - loss: 0.2782 - accuracy: 0.9138 - val_loss: 0.4497 - val_accuracy: 0.8783
Epoch 93/350
391/391 - 23s - loss: 0.2823 - accuracy: 0.9128 - val_loss: 0.4457 - val_accuracy: 0.8790
Epoch 94/350
391/391 - 23s - loss: 0.2740 - accuracy: 0.9155 - val_loss: 0.4773 - val_accuracy: 0.8690
Epoch 95/350
391/391 - 23s - loss: 0.2694 - accuracy: 0.9193 - val_loss: 0.4314 - val_accuracy: 0.8817
Epoch 96/350
391/391 - 23s - loss: 0.2743 - accuracy: 0.9166 - val_loss: 0.4247 - val_accuracy: 0.8816
Epoch 97/350
391/391 - 23s - loss: 0.2693 - accuracy: 0.9173 - val_loss: 0.4182 - val_accuracy: 0.8867
Epoch 98/350
391/391 - 23s - loss: 0.2685 - accuracy: 0.9180 - val_loss: 0.4318 - val_accuracy: 0.8829
Epoch 99/350
391/391 - 23s - loss: 0.2617 - accuracy: 0.9213 - val_loss: 0.4495 - val_accuracy: 0.8778
Epoch 100/350


Snapshot weight 3 shuffle 6 at epoch 100
Layer 11
Getting activations...


391/391 - 23s - loss: 0.2681 - accuracy: 0.9182 - val_loss: 0.4496 - val_accuracy: 0.8790
Epoch 101/350
391/391 - 23s - loss: 0.2666 - accuracy: 0.9188 - val_loss: 0.4312 - val_accuracy: 0.8808
Epoch 102/350
391/391 - 23s - loss: 0.2597 - accuracy: 0.9208 - val_loss: 0.4551 - val_accuracy: 0.8776
Epoch 103/350
391/391 - 23s - loss: 0.2528 - accuracy: 0.9237 - val_loss: 0.4407 - val_accuracy: 0.8829
Epoch 104/350
391/391 - 23s - loss: 0.2534 - accuracy: 0.9237 - val_loss: 0.4257 - val_accuracy: 0.8868
Epoch 105/350
391/391 - 23s - loss: 0.2627 - accuracy: 0.9192 - val_loss: 0.4140 - val_accuracy: 0.8871
Epoch 106/350
391/391 - 23s - loss: 0.2556 - accuracy: 0.9234 - val_loss: 0.4232 - val_accuracy: 0.8834
Epoch 107/350
391/391 - 23s - loss: 0.2514 - accuracy: 0.9232 - val_loss: 0.4482 - val_accuracy: 0.8839
Epoch 108/350
391/391 - 23s - loss: 0.2548 - accuracy: 0.9221 - val_loss: 0.4517 - val_accuracy: 0.8820
Epoch 109/350
391/391 - 23s - loss: 0.2472 - accuracy: 0.9262 - val_loss: 0.4720 - val_accuracy: 0.8774
Epoch 110/350
391/391 - 23s - loss: 0.2447 - accuracy: 0.9267 - val_loss: 0.4731 - val_accuracy: 0.8802
Epoch 111/350
391/391 - 23s - loss: 0.2468 - accuracy: 0.9260 - val_loss: 0.4476 - val_accuracy: 0.8836
Epoch 112/350
391/391 - 23s - loss: 0.2441 - accuracy: 0.9263 - val_loss: 0.4197 - val_accuracy: 0.8907
Epoch 113/350
391/391 - 23s - loss: 0.2464 - accuracy: 0.9272 - val_loss: 0.4369 - val_accuracy: 0.8857
Epoch 114/350
391/391 - 23s - loss: 0.2399 - accuracy: 0.9293 - val_loss: 0.4240 - val_accuracy: 0.8877
Epoch 115/350
391/391 - 23s - loss: 0.2392 - accuracy: 0.9295 - val_loss: 0.4399 - val_accuracy: 0.8880
Epoch 116/350
391/391 - 23s - loss: 0.2412 - accuracy: 0.9272 - val_loss: 0.4627 - val_accuracy: 0.8833
Epoch 117/350
391/391 - 23s - loss: 0.2374 - accuracy: 0.9291 - val_loss: 0.4577 - val_accuracy: 0.8836
Epoch 118/350
391/391 - 23s - loss: 0.2328 - accuracy: 0.9318 - val_loss: 0.4728 - val_accuracy: 0.8814
Epoch 119/350
391/391 - 23s - loss: 0.2309 - accuracy: 0.9320 - val_loss: 0.4610 - val_accuracy: 0.8844
Epoch 120/350
391/391 - 23s - loss: 0.2386 - accuracy: 0.9293 - val_loss: 0.4319 - val_accuracy: 0.8875
Epoch 121/350
391/391 - 23s - loss: 0.2272 - accuracy: 0.9327 - val_loss: 0.5042 - val_accuracy: 0.8807
Epoch 122/350
391/391 - 23s - loss: 0.2344 - accuracy: 0.9308 - val_loss: 0.4331 - val_accuracy: 0.8895
Epoch 123/350
391/391 - 23s - loss: 0.2279 - accuracy: 0.9327 - val_loss: 0.4435 - val_accuracy: 0.8924
Epoch 124/350
391/391 - 23s - loss: 0.2292 - accuracy: 0.9341 - val_loss: 0.4151 - val_accuracy: 0.8864
Epoch 125/350
391/391 - 23s - loss: 0.2320 - accuracy: 0.9309 - val_loss: 0.4488 - val_accuracy: 0.8853
Epoch 126/350
391/391 - 23s - loss: 0.2226 - accuracy: 0.9355 - val_loss: 0.4214 - val_accuracy: 0.8892
Epoch 127/350
391/391 - 23s - loss: 0.2229 - accuracy: 0.9341 - val_loss: 0.4635 - val_accuracy: 0.8858
Epoch 128/350
391/391 - 23s - loss: 0.2226 - accuracy: 0.9352 - val_loss: 0.4397 - val_accuracy: 0.8876
Epoch 129/350
391/391 - 23s - loss: 0.2225 - accuracy: 0.9360 - val_loss: 0.4287 - val_accuracy: 0.8879
Epoch 130/350
391/391 - 23s - loss: 0.2244 - accuracy: 0.9346 - val_loss: 0.4454 - val_accuracy: 0.8876
Epoch 131/350
391/391 - 23s - loss: 0.2231 - accuracy: 0.9362 - val_loss: 0.4573 - val_accuracy: 0.8900
Epoch 132/350
391/391 - 23s - loss: 0.2170 - accuracy: 0.9382 - val_loss: 0.4424 - val_accuracy: 0.8930
Epoch 133/350
391/391 - 23s - loss: 0.2162 - accuracy: 0.9365 - val_loss: 0.4616 - val_accuracy: 0.8891
Epoch 134/350
391/391 - 23s - loss: 0.2162 - accuracy: 0.9368 - val_loss: 0.4454 - val_accuracy: 0.8912
Epoch 135/350
391/391 - 23s - loss: 0.2148 - accuracy: 0.9379 - val_loss: 0.4194 - val_accuracy: 0.8911
Epoch 136/350
391/391 - 23s - loss: 0.2113 - accuracy: 0.9406 - val_loss: 0.4847 - val_accuracy: 0.8875
Epoch 137/350
391/391 - 23s - loss: 0.2100 - accuracy: 0.9408 - val_loss: 0.4309 - val_accuracy: 0.8930
Epoch 138/350
391/391 - 23s - loss: 0.2092 - accuracy: 0.9397 - val_loss: 0.4628 - val_accuracy: 0.8870
Epoch 139/350
391/391 - 23s - loss: 0.2152 - accuracy: 0.9382 - val_loss: 0.4521 - val_accuracy: 0.8889
Epoch 140/350
391/391 - 23s - loss: 0.2073 - accuracy: 0.9416 - val_loss: 0.4311 - val_accuracy: 0.8952
Epoch 141/350
391/391 - 23s - loss: 0.2112 - accuracy: 0.9396 - val_loss: 0.4529 - val_accuracy: 0.8874
Epoch 142/350
391/391 - 23s - loss: 0.2052 - accuracy: 0.9435 - val_loss: 0.4505 - val_accuracy: 0.8936
Epoch 143/350
391/391 - 23s - loss: 0.2133 - accuracy: 0.9399 - val_loss: 0.4482 - val_accuracy: 0.8950
Epoch 144/350
391/391 - 23s - loss: 0.2107 - accuracy: 0.9397 - val_loss: 0.4657 - val_accuracy: 0.8918
Epoch 145/350
391/391 - 23s - loss: 0.2055 - accuracy: 0.9402 - val_loss: 0.4593 - val_accuracy: 0.8894
Epoch 146/350
391/391 - 23s - loss: 0.2063 - accuracy: 0.9431 - val_loss: 0.4426 - val_accuracy: 0.8961
Epoch 147/350
391/391 - 23s - loss: 0.1996 - accuracy: 0.9436 - val_loss: 0.4593 - val_accuracy: 0.8921
Epoch 148/350
391/391 - 23s - loss: 0.2038 - accuracy: 0.9420 - val_loss: 0.4442 - val_accuracy: 0.8919
Epoch 149/350
391/391 - 23s - loss: 0.2028 - accuracy: 0.9426 - val_loss: 0.4503 - val_accuracy: 0.8884
Epoch 150/350


Snapshot weight 3 shuffle 6 at epoch 150
Layer 11
Getting activations...


391/391 - 23s - loss: 0.2044 - accuracy: 0.9431 - val_loss: 0.4335 - val_accuracy: 0.8928
Epoch 151/350
391/391 - 23s - loss: 0.2049 - accuracy: 0.9423 - val_loss: 0.4360 - val_accuracy: 0.8960
Epoch 152/350
391/391 - 23s - loss: 0.1996 - accuracy: 0.9450 - val_loss: 0.4794 - val_accuracy: 0.8902
Epoch 153/350
391/391 - 23s - loss: 0.1964 - accuracy: 0.9463 - val_loss: 0.4344 - val_accuracy: 0.8932
Epoch 154/350
391/391 - 23s - loss: 0.1938 - accuracy: 0.9457 - val_loss: 0.4507 - val_accuracy: 0.8948
Epoch 155/350
391/391 - 23s - loss: 0.1929 - accuracy: 0.9470 - val_loss: 0.4672 - val_accuracy: 0.8929
Epoch 156/350
391/391 - 23s - loss: 0.1955 - accuracy: 0.9463 - val_loss: 0.4457 - val_accuracy: 0.8954
Epoch 157/350
391/391 - 23s - loss: 0.1961 - accuracy: 0.9459 - val_loss: 0.4447 - val_accuracy: 0.8928
Epoch 158/350
391/391 - 23s - loss: 0.1962 - accuracy: 0.9459 - val_loss: 0.4479 - val_accuracy: 0.8925
Epoch 159/350
391/391 - 23s - loss: 0.1939 - accuracy: 0.9465 - val_loss: 0.4350 - val_accuracy: 0.8965
Epoch 160/350
391/391 - 23s - loss: 0.1942 - accuracy: 0.9477 - val_loss: 0.4530 - val_accuracy: 0.8966
Epoch 161/350
391/391 - 23s - loss: 0.1906 - accuracy: 0.9482 - val_loss: 0.4405 - val_accuracy: 0.8967
Epoch 162/350
391/391 - 23s - loss: 0.1902 - accuracy: 0.9466 - val_loss: 0.4543 - val_accuracy: 0.8953
Epoch 163/350
391/391 - 23s - loss: 0.1936 - accuracy: 0.9458 - val_loss: 0.4453 - val_accuracy: 0.8972
Epoch 164/350
391/391 - 23s - loss: 0.1885 - accuracy: 0.9480 - val_loss: 0.4235 - val_accuracy: 0.8970
Epoch 165/350
391/391 - 23s - loss: 0.1899 - accuracy: 0.9482 - val_loss: 0.4361 - val_accuracy: 0.8979
Epoch 166/350
391/391 - 23s - loss: 0.1922 - accuracy: 0.9463 - val_loss: 0.4670 - val_accuracy: 0.8971
Epoch 167/350
391/391 - 23s - loss: 0.1879 - accuracy: 0.9477 - val_loss: 0.4427 - val_accuracy: 0.8981
Epoch 168/350
391/391 - 23s - loss: 0.1906 - accuracy: 0.9474 - val_loss: 0.4546 - val_accuracy: 0.8935
Epoch 169/350
391/391 - 23s - loss: 0.1868 - accuracy: 0.9491 - val_loss: 0.4344 - val_accuracy: 0.8992
Epoch 170/350
391/391 - 23s - loss: 0.1852 - accuracy: 0.9497 - val_loss: 0.4783 - val_accuracy: 0.8958
Epoch 171/350
391/391 - 23s - loss: 0.1897 - accuracy: 0.9473 - val_loss: 0.4664 - val_accuracy: 0.8947
Epoch 172/350
391/391 - 23s - loss: 0.1821 - accuracy: 0.9499 - val_loss: 0.4822 - val_accuracy: 0.8937
Epoch 173/350
391/391 - 23s - loss: 0.1864 - accuracy: 0.9493 - val_loss: 0.4518 - val_accuracy: 0.8935
Epoch 174/350
391/391 - 23s - loss: 0.1797 - accuracy: 0.9527 - val_loss: 0.4455 - val_accuracy: 0.8977
Epoch 175/350
391/391 - 23s - loss: 0.1788 - accuracy: 0.9523 - val_loss: 0.4637 - val_accuracy: 0.8920
Epoch 176/350
391/391 - 23s - loss: 0.1833 - accuracy: 0.9510 - val_loss: 0.4417 - val_accuracy: 0.8935
Epoch 177/350
391/391 - 23s - loss: 0.1812 - accuracy: 0.9521 - val_loss: 0.4405 - val_accuracy: 0.8991
Epoch 178/350
391/391 - 23s - loss: 0.1774 - accuracy: 0.9528 - val_loss: 0.4738 - val_accuracy: 0.8961
Epoch 179/350
391/391 - 23s - loss: 0.1779 - accuracy: 0.9528 - val_loss: 0.4672 - val_accuracy: 0.8955
Epoch 180/350
391/391 - 23s - loss: 0.1764 - accuracy: 0.9532 - val_loss: 0.4545 - val_accuracy: 0.9028
Epoch 181/350
391/391 - 23s - loss: 0.1776 - accuracy: 0.9535 - val_loss: 0.5112 - val_accuracy: 0.8910
Epoch 182/350
391/391 - 23s - loss: 0.1752 - accuracy: 0.9527 - val_loss: 0.4760 - val_accuracy: 0.8866
Epoch 183/350
391/391 - 23s - loss: 0.1807 - accuracy: 0.9525 - val_loss: 0.4525 - val_accuracy: 0.8985
Epoch 184/350
391/391 - 23s - loss: 0.1775 - accuracy: 0.9532 - val_loss: 0.4699 - val_accuracy: 0.8994
Epoch 185/350
391/391 - 23s - loss: 0.1757 - accuracy: 0.9533 - val_loss: 0.5027 - val_accuracy: 0.8911
Epoch 186/350
391/391 - 23s - loss: 0.1753 - accuracy: 0.9531 - val_loss: 0.4517 - val_accuracy: 0.9012
Epoch 187/350
391/391 - 23s - loss: 0.1732 - accuracy: 0.9542 - val_loss: 0.4788 - val_accuracy: 0.8918
Epoch 188/350
391/391 - 23s - loss: 0.1747 - accuracy: 0.9543 - val_loss: 0.4596 - val_accuracy: 0.8936
Epoch 189/350
391/391 - 23s - loss: 0.1730 - accuracy: 0.9544 - val_loss: 0.4519 - val_accuracy: 0.8975
Epoch 190/350
391/391 - 23s - loss: 0.1747 - accuracy: 0.9534 - val_loss: 0.4546 - val_accuracy: 0.8995
Epoch 191/350
391/391 - 23s - loss: 0.1698 - accuracy: 0.9557 - val_loss: 0.4987 - val_accuracy: 0.8951
Epoch 192/350
391/391 - 23s - loss: 0.1773 - accuracy: 0.9531 - val_loss: 0.5018 - val_accuracy: 0.8930
Epoch 193/350
391/391 - 23s - loss: 0.1732 - accuracy: 0.9551 - val_loss: 0.4567 - val_accuracy: 0.8991
Epoch 194/350
391/391 - 23s - loss: 0.1720 - accuracy: 0.9550 - val_loss: 0.4309 - val_accuracy: 0.9007
Epoch 195/350
391/391 - 23s - loss: 0.1676 - accuracy: 0.9573 - val_loss: 0.4683 - val_accuracy: 0.8966
Epoch 196/350
391/391 - 23s - loss: 0.1659 - accuracy: 0.9569 - val_loss: 0.4640 - val_accuracy: 0.8989
Epoch 197/350
391/391 - 23s - loss: 0.1657 - accuracy: 0.9570 - val_loss: 0.4658 - val_accuracy: 0.8953
Epoch 198/350
391/391 - 23s - loss: 0.1706 - accuracy: 0.9562 - val_loss: 0.4427 - val_accuracy: 0.9003
Epoch 199/350
391/391 - 23s - loss: 0.1691 - accuracy: 0.9562 - val_loss: 0.4528 - val_accuracy: 0.8978
Epoch 200/350


Snapshot weight 3 shuffle 6 at epoch 200
Layer 11
Getting activations...


391/391 - 23s - loss: 0.1714 - accuracy: 0.9552 - val_loss: 0.4396 - val_accuracy: 0.8992
Epoch 201/350
391/391 - 23s - loss: 0.1387 - accuracy: 0.9665 - val_loss: 0.4438 - val_accuracy: 0.9033
Epoch 202/350
391/391 - 23s - loss: 0.1282 - accuracy: 0.9709 - val_loss: 0.4369 - val_accuracy: 0.9038
Epoch 203/350
391/391 - 23s - loss: 0.1262 - accuracy: 0.9714 - val_loss: 0.4535 - val_accuracy: 0.9066
Epoch 204/350
391/391 - 23s - loss: 0.1253 - accuracy: 0.9723 - val_loss: 0.4459 - val_accuracy: 0.9084
Epoch 205/350
391/391 - 23s - loss: 0.1219 - accuracy: 0.9731 - val_loss: 0.4626 - val_accuracy: 0.9059
Epoch 206/350
391/391 - 23s - loss: 0.1205 - accuracy: 0.9737 - val_loss: 0.4573 - val_accuracy: 0.9090
Epoch 207/350
391/391 - 23s - loss: 0.1184 - accuracy: 0.9744 - val_loss: 0.4662 - val_accuracy: 0.9056
Epoch 208/350
391/391 - 23s - loss: 0.1199 - accuracy: 0.9744 - val_loss: 0.4670 - val_accuracy: 0.9062
Epoch 209/350
391/391 - 23s - loss: 0.1205 - accuracy: 0.9741 - val_loss: 0.4744 - val_accuracy: 0.9068
Epoch 210/350
391/391 - 23s - loss: 0.1201 - accuracy: 0.9730 - val_loss: 0.4621 - val_accuracy: 0.9077
Epoch 211/350
391/391 - 23s - loss: 0.1174 - accuracy: 0.9753 - val_loss: 0.4624 - val_accuracy: 0.9072
Epoch 212/350
391/391 - 23s - loss: 0.1150 - accuracy: 0.9758 - val_loss: 0.4749 - val_accuracy: 0.9070
Epoch 213/350
391/391 - 23s - loss: 0.1146 - accuracy: 0.9755 - val_loss: 0.4709 - val_accuracy: 0.9082
Epoch 214/350
391/391 - 23s - loss: 0.1181 - accuracy: 0.9751 - val_loss: 0.4681 - val_accuracy: 0.9087
Epoch 215/350
391/391 - 23s - loss: 0.1152 - accuracy: 0.9758 - val_loss: 0.4688 - val_accuracy: 0.9087
Epoch 216/350
391/391 - 23s - loss: 0.1134 - accuracy: 0.9759 - val_loss: 0.4738 - val_accuracy: 0.9091
Epoch 217/350
391/391 - 23s - loss: 0.1136 - accuracy: 0.9762 - val_loss: 0.4624 - val_accuracy: 0.9097
Epoch 218/350
391/391 - 23s - loss: 0.1126 - accuracy: 0.9759 - val_loss: 0.4797 - val_accuracy: 0.9093
Epoch 219/350
391/391 - 23s - loss: 0.1135 - accuracy: 0.9762 - val_loss: 0.4684 - val_accuracy: 0.9095
Epoch 220/350
391/391 - 23s - loss: 0.1105 - accuracy: 0.9765 - val_loss: 0.4701 - val_accuracy: 0.9099
Epoch 221/350
391/391 - 23s - loss: 0.1128 - accuracy: 0.9761 - val_loss: 0.4745 - val_accuracy: 0.9097
Epoch 222/350
391/391 - 23s - loss: 0.1147 - accuracy: 0.9754 - val_loss: 0.4756 - val_accuracy: 0.9090
Epoch 223/350
391/391 - 23s - loss: 0.1114 - accuracy: 0.9775 - val_loss: 0.4684 - val_accuracy: 0.9100
Epoch 224/350
391/391 - 23s - loss: 0.1145 - accuracy: 0.9761 - val_loss: 0.4746 - val_accuracy: 0.9089
Epoch 225/350
391/391 - 23s - loss: 0.1116 - accuracy: 0.9769 - val_loss: 0.4737 - val_accuracy: 0.9097
Epoch 226/350
391/391 - 23s - loss: 0.1119 - accuracy: 0.9771 - val_loss: 0.4831 - val_accuracy: 0.9099
Epoch 227/350
391/391 - 23s - loss: 0.1099 - accuracy: 0.9769 - val_loss: 0.4699 - val_accuracy: 0.9101
Epoch 228/350
391/391 - 23s - loss: 0.1106 - accuracy: 0.9775 - val_loss: 0.4785 - val_accuracy: 0.9097
Epoch 229/350
391/391 - 23s - loss: 0.1084 - accuracy: 0.9779 - val_loss: 0.4836 - val_accuracy: 0.9111
Epoch 230/350
391/391 - 23s - loss: 0.1096 - accuracy: 0.9775 - val_loss: 0.4784 - val_accuracy: 0.9086
Epoch 231/350
391/391 - 23s - loss: 0.1113 - accuracy: 0.9773 - val_loss: 0.4770 - val_accuracy: 0.9099
Epoch 232/350
391/391 - 23s - loss: 0.1101 - accuracy: 0.9771 - val_loss: 0.4903 - val_accuracy: 0.9085
Epoch 233/350
391/391 - 23s - loss: 0.1092 - accuracy: 0.9769 - val_loss: 0.4892 - val_accuracy: 0.9091
Epoch 234/350
391/391 - 23s - loss: 0.1113 - accuracy: 0.9777 - val_loss: 0.4852 - val_accuracy: 0.9094
Epoch 235/350
391/391 - 23s - loss: 0.1106 - accuracy: 0.9776 - val_loss: 0.4895 - val_accuracy: 0.9087
Epoch 236/350
391/391 - 23s - loss: 0.1078 - accuracy: 0.9775 - val_loss: 0.4865 - val_accuracy: 0.9104
Epoch 237/350
391/391 - 23s - loss: 0.1077 - accuracy: 0.9780 - val_loss: 0.4777 - val_accuracy: 0.9112
Epoch 238/350
391/391 - 23s - loss: 0.1089 - accuracy: 0.9774 - val_loss: 0.4807 - val_accuracy: 0.9092
Epoch 239/350
391/391 - 23s - loss: 0.1077 - accuracy: 0.9788 - val_loss: 0.4910 - val_accuracy: 0.9075
Epoch 240/350
391/391 - 23s - loss: 0.1071 - accuracy: 0.9787 - val_loss: 0.4930 - val_accuracy: 0.9087
Epoch 241/350
391/391 - 23s - loss: 0.1063 - accuracy: 0.9789 - val_loss: 0.4980 - val_accuracy: 0.9085
Epoch 242/350
391/391 - 23s - loss: 0.1110 - accuracy: 0.9773 - val_loss: 0.4886 - val_accuracy: 0.9093
Epoch 243/350
391/391 - 23s - loss: 0.1068 - accuracy: 0.9786 - val_loss: 0.4950 - val_accuracy: 0.9082
Epoch 244/350
391/391 - 23s - loss: 0.1065 - accuracy: 0.9786 - val_loss: 0.4942 - val_accuracy: 0.9087
Epoch 245/350
391/391 - 23s - loss: 0.1077 - accuracy: 0.9782 - val_loss: 0.4797 - val_accuracy: 0.9101
Epoch 246/350
391/391 - 23s - loss: 0.1049 - accuracy: 0.9784 - val_loss: 0.4861 - val_accuracy: 0.9120
Epoch 247/350
391/391 - 23s - loss: 0.1059 - accuracy: 0.9789 - val_loss: 0.4970 - val_accuracy: 0.9102
Epoch 248/350
391/391 - 23s - loss: 0.1075 - accuracy: 0.9783 - val_loss: 0.4886 - val_accuracy: 0.9094
Epoch 249/350
391/391 - 23s - loss: 0.1056 - accuracy: 0.9792 - val_loss: 0.4913 - val_accuracy: 0.9084
Epoch 250/350


Snapshot weight 3 shuffle 6 at epoch 250
Layer 11
Getting activations...


391/391 - 23s - loss: 0.1067 - accuracy: 0.9790 - val_loss: 0.4979 - val_accuracy: 0.9084
Epoch 251/350
391/391 - 23s - loss: 0.1040 - accuracy: 0.9799 - val_loss: 0.4891 - val_accuracy: 0.9097
Epoch 252/350
391/391 - 23s - loss: 0.1030 - accuracy: 0.9802 - val_loss: 0.4878 - val_accuracy: 0.9100
Epoch 253/350
391/391 - 23s - loss: 0.1044 - accuracy: 0.9791 - val_loss: 0.4900 - val_accuracy: 0.9092
Epoch 254/350
391/391 - 23s - loss: 0.1035 - accuracy: 0.9802 - val_loss: 0.4879 - val_accuracy: 0.9102
Epoch 255/350
391/391 - 23s - loss: 0.1035 - accuracy: 0.9796 - val_loss: 0.4896 - val_accuracy: 0.9103
Epoch 256/350
391/391 - 23s - loss: 0.1045 - accuracy: 0.9793 - val_loss: 0.4899 - val_accuracy: 0.9102
Epoch 257/350
391/391 - 23s - loss: 0.0997 - accuracy: 0.9809 - val_loss: 0.4909 - val_accuracy: 0.9106
Epoch 258/350
391/391 - 23s - loss: 0.1024 - accuracy: 0.9802 - val_loss: 0.4908 - val_accuracy: 0.9100
Epoch 259/350
391/391 - 23s - loss: 0.1030 - accuracy: 0.9809 - val_loss: 0.4928 - val_accuracy: 0.9100
Epoch 260/350
391/391 - 23s - loss: 0.1017 - accuracy: 0.9807 - val_loss: 0.4915 - val_accuracy: 0.9107
Epoch 261/350
391/391 - 23s - loss: 0.1011 - accuracy: 0.9804 - val_loss: 0.4931 - val_accuracy: 0.9101
Epoch 262/350
391/391 - 23s - loss: 0.1005 - accuracy: 0.9809 - val_loss: 0.4930 - val_accuracy: 0.9091
Epoch 263/350
391/391 - 23s - loss: 0.1034 - accuracy: 0.9792 - val_loss: 0.4939 - val_accuracy: 0.9092
Epoch 264/350
391/391 - 23s - loss: 0.1035 - accuracy: 0.9795 - val_loss: 0.4941 - val_accuracy: 0.9100
Epoch 265/350
391/391 - 23s - loss: 0.1029 - accuracy: 0.9802 - val_loss: 0.4929 - val_accuracy: 0.9097
Epoch 266/350
391/391 - 23s - loss: 0.1034 - accuracy: 0.9805 - val_loss: 0.4920 - val_accuracy: 0.9097
Epoch 267/350
391/391 - 23s - loss: 0.1010 - accuracy: 0.9802 - val_loss: 0.4921 - val_accuracy: 0.9106
Epoch 268/350
391/391 - 23s - loss: 0.1021 - accuracy: 0.9802 - val_loss: 0.4924 - val_accuracy: 0.9098
Epoch 269/350
391/391 - 23s - loss: 0.1014 - accuracy: 0.9804 - val_loss: 0.4944 - val_accuracy: 0.9102
Epoch 270/350
391/391 - 23s - loss: 0.1018 - accuracy: 0.9804 - val_loss: 0.4934 - val_accuracy: 0.9101
Epoch 271/350
391/391 - 23s - loss: 0.1016 - accuracy: 0.9809 - val_loss: 0.4954 - val_accuracy: 0.9099
Epoch 272/350
391/391 - 23s - loss: 0.1000 - accuracy: 0.9808 - val_loss: 0.4960 - val_accuracy: 0.9093
Epoch 273/350
391/391 - 23s - loss: 0.1025 - accuracy: 0.9803 - val_loss: 0.4934 - val_accuracy: 0.9106
Epoch 274/350
391/391 - 23s - loss: 0.1035 - accuracy: 0.9797 - val_loss: 0.4919 - val_accuracy: 0.9102
Epoch 275/350
391/391 - 23s - loss: 0.1029 - accuracy: 0.9797 - val_loss: 0.4944 - val_accuracy: 0.9105
Epoch 276/350
391/391 - 23s - loss: 0.1014 - accuracy: 0.9806 - val_loss: 0.4916 - val_accuracy: 0.9103
Epoch 277/350
391/391 - 23s - loss: 0.1019 - accuracy: 0.9797 - val_loss: 0.4947 - val_accuracy: 0.9105
Epoch 278/350
391/391 - 23s - loss: 0.1035 - accuracy: 0.9792 - val_loss: 0.4932 - val_accuracy: 0.9106
Epoch 279/350
391/391 - 23s - loss: 0.1021 - accuracy: 0.9796 - val_loss: 0.4959 - val_accuracy: 0.9104
Epoch 280/350
391/391 - 23s - loss: 0.1030 - accuracy: 0.9797 - val_loss: 0.4943 - val_accuracy: 0.9101
Epoch 281/350
391/391 - 23s - loss: 0.1002 - accuracy: 0.9809 - val_loss: 0.4965 - val_accuracy: 0.9105
Epoch 282/350
391/391 - 23s - loss: 0.1020 - accuracy: 0.9811 - val_loss: 0.4938 - val_accuracy: 0.9110
Epoch 283/350
391/391 - 23s - loss: 0.0998 - accuracy: 0.9811 - val_loss: 0.4950 - val_accuracy: 0.9108
Epoch 284/350
391/391 - 23s - loss: 0.1001 - accuracy: 0.9812 - val_loss: 0.4984 - val_accuracy: 0.9096
Epoch 285/350
391/391 - 23s - loss: 0.1013 - accuracy: 0.9805 - val_loss: 0.4981 - val_accuracy: 0.9114
Epoch 286/350
391/391 - 23s - loss: 0.1019 - accuracy: 0.9805 - val_loss: 0.4954 - val_accuracy: 0.9106
Epoch 287/350
391/391 - 23s - loss: 0.1007 - accuracy: 0.9808 - val_loss: 0.4964 - val_accuracy: 0.9101
Epoch 288/350
391/391 - 23s - loss: 0.1008 - accuracy: 0.9814 - val_loss: 0.4971 - val_accuracy: 0.9110
Epoch 289/350
391/391 - 23s - loss: 0.1027 - accuracy: 0.9798 - val_loss: 0.4979 - val_accuracy: 0.9109
Epoch 290/350
391/391 - 23s - loss: 0.1004 - accuracy: 0.9804 - val_loss: 0.4978 - val_accuracy: 0.9102
Epoch 291/350
391/391 - 23s - loss: 0.1020 - accuracy: 0.9799 - val_loss: 0.4957 - val_accuracy: 0.9109
Epoch 292/350
391/391 - 23s - loss: 0.1017 - accuracy: 0.9809 - val_loss: 0.4951 - val_accuracy: 0.9111
Epoch 293/350
391/391 - 23s - loss: 0.1005 - accuracy: 0.9805 - val_loss: 0.4963 - val_accuracy: 0.9114
Epoch 294/350
391/391 - 23s - loss: 0.1012 - accuracy: 0.9806 - val_loss: 0.4974 - val_accuracy: 0.9108
Epoch 295/350
391/391 - 24s - loss: 0.1031 - accuracy: 0.9802 - val_loss: 0.4949 - val_accuracy: 0.9108
Epoch 296/350
391/391 - 23s - loss: 0.1010 - accuracy: 0.9799 - val_loss: 0.4969 - val_accuracy: 0.9107
Epoch 297/350
391/391 - 23s - loss: 0.1021 - accuracy: 0.9800 - val_loss: 0.4944 - val_accuracy: 0.9109
Epoch 298/350
391/391 - 24s - loss: 0.1003 - accuracy: 0.9806 - val_loss: 0.4977 - val_accuracy: 0.9105
Epoch 299/350
391/391 - 23s - loss: 0.1011 - accuracy: 0.9804 - val_loss: 0.4974 - val_accuracy: 0.9115
Epoch 300/350


Snapshot weight 3 shuffle 6 at epoch 300
Layer 11
Getting activations...


391/391 - 24s - loss: 0.1027 - accuracy: 0.9801 - val_loss: 0.4973 - val_accuracy: 0.9104
Epoch 301/350
391/391 - 24s - loss: 0.1022 - accuracy: 0.9809 - val_loss: 0.4970 - val_accuracy: 0.9109
Epoch 302/350
391/391 - 23s - loss: 0.1001 - accuracy: 0.9803 - val_loss: 0.4970 - val_accuracy: 0.9110
Epoch 303/350
391/391 - 23s - loss: 0.1013 - accuracy: 0.9802 - val_loss: 0.4967 - val_accuracy: 0.9107
Epoch 304/350
391/391 - 23s - loss: 0.1003 - accuracy: 0.9809 - val_loss: 0.4966 - val_accuracy: 0.9107
Epoch 305/350
391/391 - 24s - loss: 0.1016 - accuracy: 0.9798 - val_loss: 0.4964 - val_accuracy: 0.9107
Epoch 306/350
391/391 - 23s - loss: 0.1012 - accuracy: 0.9803 - val_loss: 0.4964 - val_accuracy: 0.9108
Epoch 307/350
391/391 - 23s - loss: 0.1023 - accuracy: 0.9793 - val_loss: 0.4963 - val_accuracy: 0.9108
Epoch 308/350
391/391 - 24s - loss: 0.1019 - accuracy: 0.9801 - val_loss: 0.4960 - val_accuracy: 0.9109
Epoch 309/350
391/391 - 23s - loss: 0.1007 - accuracy: 0.9811 - val_loss: 0.4959 - val_accuracy: 0.9105
Epoch 310/350
391/391 - 24s - loss: 0.1027 - accuracy: 0.9807 - val_loss: 0.4955 - val_accuracy: 0.9107
Epoch 311/350
391/391 - 24s - loss: 0.1006 - accuracy: 0.9814 - val_loss: 0.4956 - val_accuracy: 0.9106
Epoch 312/350
391/391 - 23s - loss: 0.1020 - accuracy: 0.9806 - val_loss: 0.4952 - val_accuracy: 0.9111
Epoch 313/350
391/391 - 23s - loss: 0.1017 - accuracy: 0.9802 - val_loss: 0.4955 - val_accuracy: 0.9110
Epoch 314/350
391/391 - 23s - loss: 0.1015 - accuracy: 0.9803 - val_loss: 0.4954 - val_accuracy: 0.9108
Epoch 315/350
391/391 - 24s - loss: 0.1021 - accuracy: 0.9802 - val_loss: 0.4955 - val_accuracy: 0.9108
Epoch 316/350
391/391 - 23s - loss: 0.1005 - accuracy: 0.9812 - val_loss: 0.4953 - val_accuracy: 0.9109
Epoch 317/350
391/391 - 23s - loss: 0.1010 - accuracy: 0.9803 - val_loss: 0.4955 - val_accuracy: 0.9111
Epoch 318/350
391/391 - 24s - loss: 0.1016 - accuracy: 0.9801 - val_loss: 0.4956 - val_accuracy: 0.9110
Epoch 319/350
391/391 - 23s - loss: 0.1030 - accuracy: 0.9802 - val_loss: 0.4958 - val_accuracy: 0.9112
Epoch 320/350
391/391 - 23s - loss: 0.0988 - accuracy: 0.9811 - val_loss: 0.4962 - val_accuracy: 0.9111
Epoch 321/350
391/391 - 23s - loss: 0.1036 - accuracy: 0.9797 - val_loss: 0.4963 - val_accuracy: 0.9112
Epoch 322/350
391/391 - 23s - loss: 0.1019 - accuracy: 0.9805 - val_loss: 0.4959 - val_accuracy: 0.9114
Epoch 323/350
391/391 - 23s - loss: 0.1008 - accuracy: 0.9802 - val_loss: 0.4965 - val_accuracy: 0.9112
Epoch 324/350
391/391 - 23s - loss: 0.0992 - accuracy: 0.9820 - val_loss: 0.4962 - val_accuracy: 0.9111
Epoch 325/350
391/391 - 23s - loss: 0.1024 - accuracy: 0.9806 - val_loss: 0.4957 - val_accuracy: 0.9114
Epoch 326/350
391/391 - 23s - loss: 0.0975 - accuracy: 0.9816 - val_loss: 0.4962 - val_accuracy: 0.9113
Epoch 327/350
391/391 - 23s - loss: 0.1020 - accuracy: 0.9801 - val_loss: 0.4961 - val_accuracy: 0.9110
Epoch 328/350
391/391 - 23s - loss: 0.1021 - accuracy: 0.9805 - val_loss: 0.4963 - val_accuracy: 0.9111
Epoch 329/350
391/391 - 23s - loss: 0.1009 - accuracy: 0.9807 - val_loss: 0.4961 - val_accuracy: 0.9110
Epoch 330/350
391/391 - 23s - loss: 0.0991 - accuracy: 0.9811 - val_loss: 0.4965 - val_accuracy: 0.9111
Epoch 331/350
391/391 - 23s - loss: 0.1030 - accuracy: 0.9806 - val_loss: 0.4962 - val_accuracy: 0.9108
Epoch 332/350
391/391 - 23s - loss: 0.1009 - accuracy: 0.9803 - val_loss: 0.4962 - val_accuracy: 0.9110
Epoch 333/350
391/391 - 23s - loss: 0.0999 - accuracy: 0.9805 - val_loss: 0.4960 - val_accuracy: 0.9113
Epoch 334/350
391/391 - 23s - loss: 0.0987 - accuracy: 0.9814 - val_loss: 0.4960 - val_accuracy: 0.9113
Epoch 335/350
391/391 - 23s - loss: 0.0985 - accuracy: 0.9822 - val_loss: 0.4961 - val_accuracy: 0.9117
Epoch 336/350
391/391 - 23s - loss: 0.1022 - accuracy: 0.9796 - val_loss: 0.4962 - val_accuracy: 0.9114
Epoch 337/350
391/391 - 23s - loss: 0.1008 - accuracy: 0.9806 - val_loss: 0.4958 - val_accuracy: 0.9115
Epoch 338/350
391/391 - 23s - loss: 0.1018 - accuracy: 0.9803 - val_loss: 0.4958 - val_accuracy: 0.9117
Epoch 339/350
391/391 - 23s - loss: 0.1003 - accuracy: 0.9807 - val_loss: 0.4960 - val_accuracy: 0.9117
Epoch 340/350
391/391 - 24s - loss: 0.0997 - accuracy: 0.9810 - val_loss: 0.4962 - val_accuracy: 0.9111
Epoch 341/350
391/391 - 23s - loss: 0.1020 - accuracy: 0.9807 - val_loss: 0.4964 - val_accuracy: 0.9111
Epoch 342/350
391/391 - 23s - loss: 0.0999 - accuracy: 0.9814 - val_loss: 0.4961 - val_accuracy: 0.9115
Epoch 343/350
391/391 - 23s - loss: 0.1016 - accuracy: 0.9796 - val_loss: 0.4961 - val_accuracy: 0.9115
Epoch 344/350
391/391 - 24s - loss: 0.1015 - accuracy: 0.9807 - val_loss: 0.4963 - val_accuracy: 0.9114
Epoch 345/350
391/391 - 24s - loss: 0.1006 - accuracy: 0.9807 - val_loss: 0.4961 - val_accuracy: 0.9112
Epoch 346/350
391/391 - 23s - loss: 0.0992 - accuracy: 0.9815 - val_loss: 0.4961 - val_accuracy: 0.9107
Epoch 347/350
391/391 - 23s - loss: 0.1002 - accuracy: 0.9811 - val_loss: 0.4962 - val_accuracy: 0.9109
Epoch 348/350
391/391 - 23s - loss: 0.1000 - accuracy: 0.9810 - val_loss: 0.4962 - val_accuracy: 0.9114
Epoch 349/350
391/391 - 23s - loss: 0.0998 - accuracy: 0.9804 - val_loss: 0.4963 - val_accuracy: 0.9113
Epoch 350/350


Snapshot weight 3 shuffle 6 at epoch 350
Layer 11
Getting activations...


391/391 - 24s - loss: 0.0991 - accuracy: 0.9811 - val_loss: 0.4961 - val_accuracy: 0.9112
/usr/local/lib/python3.6/dist-packages/tensorflow/python/autograph/impl/api.py:493: UserWarning: fill_value is not supported and is always 0 for TensorFlow < 2.4.0.
  return py_builtins.overload_of(f)(*args)
WARNING:tensorflow:From /usr/local/lib/python3.6/dist-packages/tensorflow/python/training/tracking/tracking.py:111: Model.state_updates (from tensorflow.python.keras.engine.training) is deprecated and will be removed in a future version.
Instructions for updating:
This property should not be used in TensorFlow 2.0, as updates are applied automatically.
2021-07-02 12:25:28.744775: W tensorflow/python/util/util.cc:348] Sets are not currently considered sequences, but this may change in the future, so consider avoiding using them.
WARNING:tensorflow:From /usr/local/lib/python3.6/dist-packages/tensorflow/python/training/tracking/tracking.py:111: Layer.updates (from tensorflow.python.keras.engine.base_layer) is deprecated and will be removed in a future version.
Instructions for updating:
This property should not be used in TensorFlow 2.0, as updates are applied automatically.
Saving, final validation acc: 0.9111999869346619
