2021-07-02 05:27:29.686725: I tensorflow/stream_executor/platform/default/dso_loader.cc:48] Successfully opened dynamic library libcudart.so.10.1
2021-07-02 05:29:27.210262: I tensorflow/stream_executor/platform/default/dso_loader.cc:48] Successfully opened dynamic library libcuda.so.1
2021-07-02 05:29:27.249926: I tensorflow/core/common_runtime/gpu/gpu_device.cc:1716] Found device 0 with properties: 
pciBusID: 0000:83:00.0 name: NVIDIA TITAN Xp computeCapability: 6.1
coreClock: 1.582GHz coreCount: 30 deviceMemorySize: 11.91GiB deviceMemoryBandwidth: 510.07GiB/s
2021-07-02 05:29:27.250006: I tensorflow/stream_executor/platform/default/dso_loader.cc:48] Successfully opened dynamic library libcudart.so.10.1
2021-07-02 05:29:27.338137: I tensorflow/stream_executor/platform/default/dso_loader.cc:48] Successfully opened dynamic library libcublas.so.10
2021-07-02 05:29:27.367348: I tensorflow/stream_executor/platform/default/dso_loader.cc:48] Successfully opened dynamic library libcufft.so.10
2021-07-02 05:29:30.083950: I tensorflow/stream_executor/platform/default/dso_loader.cc:48] Successfully opened dynamic library libcurand.so.10
2021-07-02 05:29:36.382898: I tensorflow/stream_executor/platform/default/dso_loader.cc:48] Successfully opened dynamic library libcusolver.so.10
2021-07-02 05:29:36.401553: I tensorflow/stream_executor/platform/default/dso_loader.cc:48] Successfully opened dynamic library libcusparse.so.10
2021-07-02 05:29:36.516118: I tensorflow/stream_executor/platform/default/dso_loader.cc:48] Successfully opened dynamic library libcudnn.so.7
2021-07-02 05:29:36.520729: I tensorflow/core/common_runtime/gpu/gpu_device.cc:1858] Adding visible gpu devices: 0
2021-07-02 05:29:36.524986: I tensorflow/core/platform/cpu_feature_guard.cc:142] This TensorFlow binary is optimized with oneAPI Deep Neural Network Library (oneDNN)to use the following CPU instructions in performance-critical operations:  AVX2 FMA
To enable them in other operations, rebuild TensorFlow with the appropriate compiler flags.
2021-07-02 05:29:36.543543: I tensorflow/core/platform/profile_utils/cpu_utils.cc:104] CPU Frequency: 2599990000 Hz
2021-07-02 05:29:36.543675: I tensorflow/compiler/xla/service/service.cc:168] XLA service 0x47a5550 initialized for platform Host (this does not guarantee that XLA will be used). Devices:
2021-07-02 05:29:36.543697: I tensorflow/compiler/xla/service/service.cc:176]   StreamExecutor device (0): Host, Default Version
2021-07-02 05:29:36.685222: I tensorflow/compiler/xla/service/service.cc:168] XLA service 0x479e0e0 initialized for platform CUDA (this does not guarantee that XLA will be used). Devices:
2021-07-02 05:29:36.685292: I tensorflow/compiler/xla/service/service.cc:176]   StreamExecutor device (0): NVIDIA TITAN Xp, Compute Capability 6.1
2021-07-02 05:29:36.687780: I tensorflow/core/common_runtime/gpu/gpu_device.cc:1716] Found device 0 with properties: 
pciBusID: 0000:83:00.0 name: NVIDIA TITAN Xp computeCapability: 6.1
coreClock: 1.582GHz coreCount: 30 deviceMemorySize: 11.91GiB deviceMemoryBandwidth: 510.07GiB/s
2021-07-02 05:29:36.687820: I tensorflow/stream_executor/platform/default/dso_loader.cc:48] Successfully opened dynamic library libcudart.so.10.1
2021-07-02 05:29:36.687855: I tensorflow/stream_executor/platform/default/dso_loader.cc:48] Successfully opened dynamic library libcublas.so.10
2021-07-02 05:29:36.687875: I tensorflow/stream_executor/platform/default/dso_loader.cc:48] Successfully opened dynamic library libcufft.so.10
2021-07-02 05:29:36.687894: I tensorflow/stream_executor/platform/default/dso_loader.cc:48] Successfully opened dynamic library libcurand.so.10
2021-07-02 05:29:36.687913: I tensorflow/stream_executor/platform/default/dso_loader.cc:48] Successfully opened dynamic library libcusolver.so.10
2021-07-02 05:29:36.687932: I tensorflow/stream_executor/platform/default/dso_loader.cc:48] Successfully opened dynamic library libcusparse.so.10
2021-07-02 05:29:36.687951: I tensorflow/stream_executor/platform/default/dso_loader.cc:48] Successfully opened dynamic library libcudnn.so.7
2021-07-02 05:29:36.691347: I tensorflow/core/common_runtime/gpu/gpu_device.cc:1858] Adding visible gpu devices: 0
2021-07-02 05:29:36.693139: I tensorflow/stream_executor/platform/default/dso_loader.cc:48] Successfully opened dynamic library libcudart.so.10.1
2021-07-02 05:30:03.758297: I tensorflow/core/common_runtime/gpu/gpu_device.cc:1257] Device interconnect StreamExecutor with strength 1 edge matrix:
2021-07-02 05:30:03.758375: I tensorflow/core/common_runtime/gpu/gpu_device.cc:1263]      0 
2021-07-02 05:30:03.758398: I tensorflow/core/common_runtime/gpu/gpu_device.cc:1276] 0:   N 
2021-07-02 05:30:03.765250: I tensorflow/core/common_runtime/gpu/gpu_device.cc:1402] Created TensorFlow device (/job:localhost/replica:0/task:0/device:GPU:0 with 11218 MB memory) -> physical GPU (device: 0, name: NVIDIA TITAN Xp, pci bus id: 0000:83:00.0, compute capability: 6.1)
2021-07-02 05:30:18.159459: I tensorflow/stream_executor/platform/default/dso_loader.cc:48] Successfully opened dynamic library libcudnn.so.7
2021-07-02 05:31:02.475966: I tensorflow/stream_executor/platform/default/dso_loader.cc:48] Successfully opened dynamic library libcublas.so.10
Using model index: 48
Making train data...
GCN...
ZCA...
Done!
Making test data...
Done!
Epoch 1/350


Snapshot weight 8 shuffle 4 at epoch 1
Layer 11
Getting activations...


391/391 - 24s - loss: 2.3108 - accuracy: 0.1268 - val_loss: 2.2301 - val_accuracy: 0.1807
Epoch 2/350


Snapshot weight 8 shuffle 4 at epoch 2
Layer 11
Getting activations...


391/391 - 23s - loss: 2.0980 - accuracy: 0.2509 - val_loss: 1.9706 - val_accuracy: 0.2965
Epoch 3/350


Snapshot weight 8 shuffle 4 at epoch 3
Layer 11
Getting activations...


391/391 - 24s - loss: 1.8245 - accuracy: 0.3544 - val_loss: 1.5302 - val_accuracy: 0.4436
Epoch 4/350


Snapshot weight 8 shuffle 4 at epoch 4
Layer 11
Getting activations...


391/391 - 24s - loss: 1.5431 - accuracy: 0.4503 - val_loss: 1.3880 - val_accuracy: 0.5045
Epoch 5/350


Snapshot weight 8 shuffle 4 at epoch 5
Layer 11
Getting activations...


391/391 - 24s - loss: 1.4083 - accuracy: 0.5024 - val_loss: 1.3090 - val_accuracy: 0.5436
Epoch 6/350


Snapshot weight 8 shuffle 4 at epoch 6
Layer 11
Getting activations...


391/391 - 23s - loss: 1.3106 - accuracy: 0.5373 - val_loss: 1.1963 - val_accuracy: 0.5786
Epoch 7/350


Snapshot weight 8 shuffle 4 at epoch 7
Layer 11
Getting activations...


391/391 - 23s - loss: 1.2176 - accuracy: 0.5730 - val_loss: 1.1691 - val_accuracy: 0.5953
Epoch 8/350


Snapshot weight 8 shuffle 4 at epoch 8
Layer 11
Getting activations...


391/391 - 24s - loss: 1.1593 - accuracy: 0.5939 - val_loss: 1.1406 - val_accuracy: 0.6120
Epoch 9/350


Snapshot weight 8 shuffle 4 at epoch 9
Layer 11
Getting activations...


391/391 - 24s - loss: 1.1118 - accuracy: 0.6124 - val_loss: 1.0933 - val_accuracy: 0.6297
Epoch 10/350


Snapshot weight 8 shuffle 4 at epoch 10
Layer 11
Getting activations...


391/391 - 23s - loss: 1.0452 - accuracy: 0.6377 - val_loss: 1.0244 - val_accuracy: 0.6475
Epoch 11/350
391/391 - 23s - loss: 1.0111 - accuracy: 0.6505 - val_loss: 0.9403 - val_accuracy: 0.6698
Epoch 12/350
391/391 - 23s - loss: 0.9773 - accuracy: 0.6616 - val_loss: 0.8991 - val_accuracy: 0.6919
Epoch 13/350
391/391 - 23s - loss: 0.9370 - accuracy: 0.6763 - val_loss: 0.8661 - val_accuracy: 0.6956
Epoch 14/350
391/391 - 23s - loss: 0.9095 - accuracy: 0.6871 - val_loss: 0.9464 - val_accuracy: 0.6891
Epoch 15/350
391/391 - 24s - loss: 0.8693 - accuracy: 0.7045 - val_loss: 0.8003 - val_accuracy: 0.7319
Epoch 16/350
391/391 - 24s - loss: 0.8437 - accuracy: 0.7142 - val_loss: 0.8659 - val_accuracy: 0.7172
Epoch 17/350
391/391 - 23s - loss: 0.8010 - accuracy: 0.7277 - val_loss: 0.7598 - val_accuracy: 0.7463
Epoch 18/350
391/391 - 23s - loss: 0.7818 - accuracy: 0.7356 - val_loss: 0.7288 - val_accuracy: 0.7580
Epoch 19/350
391/391 - 23s - loss: 0.7593 - accuracy: 0.7464 - val_loss: 0.6974 - val_accuracy: 0.7656
Epoch 20/350
391/391 - 23s - loss: 0.7307 - accuracy: 0.7530 - val_loss: 0.6835 - val_accuracy: 0.7737
Epoch 21/350
391/391 - 23s - loss: 0.7140 - accuracy: 0.7579 - val_loss: 0.7426 - val_accuracy: 0.7546
Epoch 22/350
391/391 - 23s - loss: 0.6974 - accuracy: 0.7644 - val_loss: 0.6688 - val_accuracy: 0.7764
Epoch 23/350
391/391 - 23s - loss: 0.6664 - accuracy: 0.7775 - val_loss: 0.6552 - val_accuracy: 0.7890
Epoch 24/350
391/391 - 23s - loss: 0.6581 - accuracy: 0.7811 - val_loss: 0.6676 - val_accuracy: 0.7878
Epoch 25/350
391/391 - 23s - loss: 0.6397 - accuracy: 0.7870 - val_loss: 0.6882 - val_accuracy: 0.7831
Epoch 26/350
391/391 - 23s - loss: 0.6239 - accuracy: 0.7927 - val_loss: 0.5864 - val_accuracy: 0.8110
Epoch 27/350
391/391 - 23s - loss: 0.6099 - accuracy: 0.8003 - val_loss: 0.6287 - val_accuracy: 0.8056
Epoch 28/350
391/391 - 23s - loss: 0.5973 - accuracy: 0.8026 - val_loss: 0.5758 - val_accuracy: 0.8177
Epoch 29/350
391/391 - 23s - loss: 0.5788 - accuracy: 0.8098 - val_loss: 0.5780 - val_accuracy: 0.8149
Epoch 30/350
391/391 - 24s - loss: 0.5764 - accuracy: 0.8099 - val_loss: 0.5834 - val_accuracy: 0.8127
Epoch 31/350
391/391 - 24s - loss: 0.5651 - accuracy: 0.8143 - val_loss: 0.5434 - val_accuracy: 0.8285
Epoch 32/350
391/391 - 23s - loss: 0.5458 - accuracy: 0.8212 - val_loss: 0.6382 - val_accuracy: 0.8021
Epoch 33/350
391/391 - 24s - loss: 0.5414 - accuracy: 0.8212 - val_loss: 0.5155 - val_accuracy: 0.8353
Epoch 34/350
391/391 - 23s - loss: 0.5307 - accuracy: 0.8270 - val_loss: 0.5404 - val_accuracy: 0.8278
Epoch 35/350
391/391 - 23s - loss: 0.5189 - accuracy: 0.8300 - val_loss: 0.5381 - val_accuracy: 0.8288
Epoch 36/350
391/391 - 23s - loss: 0.5101 - accuracy: 0.8332 - val_loss: 0.4952 - val_accuracy: 0.8425
Epoch 37/350
391/391 - 23s - loss: 0.5052 - accuracy: 0.8343 - val_loss: 0.5696 - val_accuracy: 0.8218
Epoch 38/350
391/391 - 23s - loss: 0.4963 - accuracy: 0.8387 - val_loss: 0.5731 - val_accuracy: 0.8247
Epoch 39/350
391/391 - 23s - loss: 0.4867 - accuracy: 0.8398 - val_loss: 0.5296 - val_accuracy: 0.8390
Epoch 40/350
391/391 - 24s - loss: 0.4789 - accuracy: 0.8433 - val_loss: 0.5418 - val_accuracy: 0.8325
Epoch 41/350
391/391 - 23s - loss: 0.4795 - accuracy: 0.8433 - val_loss: 0.5015 - val_accuracy: 0.8387
Epoch 42/350
391/391 - 23s - loss: 0.4676 - accuracy: 0.8486 - val_loss: 0.5530 - val_accuracy: 0.8346
Epoch 43/350
391/391 - 23s - loss: 0.4607 - accuracy: 0.8519 - val_loss: 0.4802 - val_accuracy: 0.8502
Epoch 44/350
391/391 - 23s - loss: 0.4495 - accuracy: 0.8540 - val_loss: 0.5148 - val_accuracy: 0.8420
Epoch 45/350
391/391 - 23s - loss: 0.4527 - accuracy: 0.8531 - val_loss: 0.4708 - val_accuracy: 0.8534
Epoch 46/350
391/391 - 23s - loss: 0.4412 - accuracy: 0.8563 - val_loss: 0.5099 - val_accuracy: 0.8445
Epoch 47/350
391/391 - 23s - loss: 0.4373 - accuracy: 0.8583 - val_loss: 0.4730 - val_accuracy: 0.8506
Epoch 48/350
391/391 - 24s - loss: 0.4320 - accuracy: 0.8585 - val_loss: 0.4480 - val_accuracy: 0.8611
Epoch 49/350
391/391 - 23s - loss: 0.4302 - accuracy: 0.8610 - val_loss: 0.4501 - val_accuracy: 0.8613
Epoch 50/350


Snapshot weight 8 shuffle 4 at epoch 50
Layer 11
Getting activations...


391/391 - 24s - loss: 0.4146 - accuracy: 0.8669 - val_loss: 0.4889 - val_accuracy: 0.8524
Epoch 51/350
391/391 - 23s - loss: 0.4144 - accuracy: 0.8671 - val_loss: 0.4655 - val_accuracy: 0.8580
Epoch 52/350
391/391 - 23s - loss: 0.4047 - accuracy: 0.8707 - val_loss: 0.5045 - val_accuracy: 0.8467
Epoch 53/350
391/391 - 23s - loss: 0.4029 - accuracy: 0.8711 - val_loss: 0.4529 - val_accuracy: 0.8614
Epoch 54/350
391/391 - 23s - loss: 0.3991 - accuracy: 0.8722 - val_loss: 0.4595 - val_accuracy: 0.8580
Epoch 55/350
391/391 - 23s - loss: 0.3983 - accuracy: 0.8716 - val_loss: 0.4495 - val_accuracy: 0.8666
Epoch 56/350
391/391 - 23s - loss: 0.3897 - accuracy: 0.8749 - val_loss: 0.4726 - val_accuracy: 0.8650
Epoch 57/350
391/391 - 23s - loss: 0.3895 - accuracy: 0.8761 - val_loss: 0.4618 - val_accuracy: 0.8584
Epoch 58/350
391/391 - 23s - loss: 0.3871 - accuracy: 0.8768 - val_loss: 0.4372 - val_accuracy: 0.8635
Epoch 59/350
391/391 - 23s - loss: 0.3800 - accuracy: 0.8775 - val_loss: 0.4438 - val_accuracy: 0.8669
Epoch 60/350
391/391 - 23s - loss: 0.3716 - accuracy: 0.8828 - val_loss: 0.4705 - val_accuracy: 0.8594
Epoch 61/350
391/391 - 23s - loss: 0.3708 - accuracy: 0.8820 - val_loss: 0.4518 - val_accuracy: 0.8629
Epoch 62/350
391/391 - 23s - loss: 0.3637 - accuracy: 0.8842 - val_loss: 0.4669 - val_accuracy: 0.8587
Epoch 63/350
391/391 - 23s - loss: 0.3612 - accuracy: 0.8850 - val_loss: 0.4431 - val_accuracy: 0.8684
Epoch 64/350
391/391 - 24s - loss: 0.3579 - accuracy: 0.8866 - val_loss: 0.4316 - val_accuracy: 0.8729
Epoch 65/350
391/391 - 23s - loss: 0.3532 - accuracy: 0.8872 - val_loss: 0.4429 - val_accuracy: 0.8712
Epoch 66/350
391/391 - 23s - loss: 0.3493 - accuracy: 0.8894 - val_loss: 0.4338 - val_accuracy: 0.8746
Epoch 67/350
391/391 - 24s - loss: 0.3500 - accuracy: 0.8902 - val_loss: 0.4449 - val_accuracy: 0.8734
Epoch 68/350
391/391 - 23s - loss: 0.3509 - accuracy: 0.8896 - val_loss: 0.4293 - val_accuracy: 0.8721
Epoch 69/350
391/391 - 23s - loss: 0.3398 - accuracy: 0.8922 - val_loss: 0.4614 - val_accuracy: 0.8664
Epoch 70/350
391/391 - 23s - loss: 0.3414 - accuracy: 0.8924 - val_loss: 0.4706 - val_accuracy: 0.8699
Epoch 71/350
391/391 - 23s - loss: 0.3384 - accuracy: 0.8946 - val_loss: 0.4732 - val_accuracy: 0.8636
Epoch 72/350
391/391 - 23s - loss: 0.3295 - accuracy: 0.8967 - val_loss: 0.4463 - val_accuracy: 0.8793
Epoch 73/350
391/391 - 23s - loss: 0.3294 - accuracy: 0.8970 - val_loss: 0.4833 - val_accuracy: 0.8674
Epoch 74/350
391/391 - 23s - loss: 0.3256 - accuracy: 0.8976 - val_loss: 0.4394 - val_accuracy: 0.8796
Epoch 75/350
391/391 - 23s - loss: 0.3227 - accuracy: 0.8979 - val_loss: 0.4306 - val_accuracy: 0.8709
Epoch 76/350
391/391 - 23s - loss: 0.3221 - accuracy: 0.8997 - val_loss: 0.4250 - val_accuracy: 0.8777
Epoch 77/350
391/391 - 23s - loss: 0.3129 - accuracy: 0.9016 - val_loss: 0.4387 - val_accuracy: 0.8720
Epoch 78/350
391/391 - 23s - loss: 0.3158 - accuracy: 0.9028 - val_loss: 0.4243 - val_accuracy: 0.8816
Epoch 79/350
391/391 - 24s - loss: 0.3142 - accuracy: 0.9035 - val_loss: 0.4130 - val_accuracy: 0.8825
Epoch 80/350
391/391 - 23s - loss: 0.3113 - accuracy: 0.9042 - val_loss: 0.4351 - val_accuracy: 0.8768
Epoch 81/350
391/391 - 23s - loss: 0.3063 - accuracy: 0.9049 - val_loss: 0.4303 - val_accuracy: 0.8754
Epoch 82/350
391/391 - 23s - loss: 0.3071 - accuracy: 0.9048 - val_loss: 0.4481 - val_accuracy: 0.8800
Epoch 83/350
391/391 - 23s - loss: 0.3022 - accuracy: 0.9064 - val_loss: 0.4431 - val_accuracy: 0.8760
Epoch 84/350
391/391 - 24s - loss: 0.3041 - accuracy: 0.9042 - val_loss: 0.4324 - val_accuracy: 0.8768
Epoch 85/350
391/391 - 23s - loss: 0.3028 - accuracy: 0.9066 - val_loss: 0.4436 - val_accuracy: 0.8780
Epoch 86/350
391/391 - 23s - loss: 0.2932 - accuracy: 0.9092 - val_loss: 0.4446 - val_accuracy: 0.8767
Epoch 87/350
391/391 - 23s - loss: 0.2988 - accuracy: 0.9073 - val_loss: 0.4509 - val_accuracy: 0.8735
Epoch 88/350
391/391 - 23s - loss: 0.2964 - accuracy: 0.9067 - val_loss: 0.4517 - val_accuracy: 0.8732
Epoch 89/350
391/391 - 23s - loss: 0.2900 - accuracy: 0.9110 - val_loss: 0.4099 - val_accuracy: 0.8794
Epoch 90/350
391/391 - 23s - loss: 0.2875 - accuracy: 0.9117 - val_loss: 0.4416 - val_accuracy: 0.8796
Epoch 91/350
391/391 - 23s - loss: 0.2847 - accuracy: 0.9121 - val_loss: 0.4262 - val_accuracy: 0.8809
Epoch 92/350
391/391 - 23s - loss: 0.2785 - accuracy: 0.9146 - val_loss: 0.4467 - val_accuracy: 0.8804
Epoch 93/350
391/391 - 23s - loss: 0.2788 - accuracy: 0.9137 - val_loss: 0.4430 - val_accuracy: 0.8771
Epoch 94/350
391/391 - 23s - loss: 0.2825 - accuracy: 0.9133 - val_loss: 0.4327 - val_accuracy: 0.8793
Epoch 95/350
391/391 - 23s - loss: 0.2759 - accuracy: 0.9155 - val_loss: 0.4335 - val_accuracy: 0.8831
Epoch 96/350
391/391 - 23s - loss: 0.2754 - accuracy: 0.9152 - val_loss: 0.4217 - val_accuracy: 0.8843
Epoch 97/350
391/391 - 23s - loss: 0.2769 - accuracy: 0.9156 - val_loss: 0.4539 - val_accuracy: 0.8803
Epoch 98/350
391/391 - 23s - loss: 0.2738 - accuracy: 0.9155 - val_loss: 0.4126 - val_accuracy: 0.8862
Epoch 99/350
391/391 - 23s - loss: 0.2702 - accuracy: 0.9168 - val_loss: 0.4447 - val_accuracy: 0.8839
Epoch 100/350


Snapshot weight 8 shuffle 4 at epoch 100
Layer 11
Getting activations...


391/391 - 24s - loss: 0.2682 - accuracy: 0.9177 - val_loss: 0.4249 - val_accuracy: 0.8842
Epoch 101/350
391/391 - 24s - loss: 0.2652 - accuracy: 0.9198 - val_loss: 0.4205 - val_accuracy: 0.8836
Epoch 102/350
391/391 - 24s - loss: 0.2648 - accuracy: 0.9187 - val_loss: 0.4292 - val_accuracy: 0.8771
Epoch 103/350
391/391 - 23s - loss: 0.2629 - accuracy: 0.9222 - val_loss: 0.4678 - val_accuracy: 0.8768
Epoch 104/350
391/391 - 23s - loss: 0.2618 - accuracy: 0.9203 - val_loss: 0.4105 - val_accuracy: 0.8896
Epoch 105/350
391/391 - 24s - loss: 0.2566 - accuracy: 0.9212 - val_loss: 0.4071 - val_accuracy: 0.8852
Epoch 106/350
391/391 - 23s - loss: 0.2571 - accuracy: 0.9221 - val_loss: 0.4380 - val_accuracy: 0.8855
Epoch 107/350
391/391 - 23s - loss: 0.2533 - accuracy: 0.9228 - val_loss: 0.4408 - val_accuracy: 0.8826
Epoch 108/350
391/391 - 23s - loss: 0.2485 - accuracy: 0.9257 - val_loss: 0.4146 - val_accuracy: 0.8853
Epoch 109/350
391/391 - 24s - loss: 0.2533 - accuracy: 0.9246 - val_loss: 0.4489 - val_accuracy: 0.8836
Epoch 110/350
391/391 - 23s - loss: 0.2533 - accuracy: 0.9234 - val_loss: 0.4358 - val_accuracy: 0.8863
Epoch 111/350
391/391 - 23s - loss: 0.2500 - accuracy: 0.9246 - val_loss: 0.4300 - val_accuracy: 0.8885
Epoch 112/350
391/391 - 23s - loss: 0.2478 - accuracy: 0.9261 - val_loss: 0.4150 - val_accuracy: 0.8892
Epoch 113/350
391/391 - 23s - loss: 0.2440 - accuracy: 0.9273 - val_loss: 0.4230 - val_accuracy: 0.8868
Epoch 114/350
391/391 - 23s - loss: 0.2461 - accuracy: 0.9263 - val_loss: 0.4631 - val_accuracy: 0.8874
Epoch 115/350
391/391 - 24s - loss: 0.2459 - accuracy: 0.9254 - val_loss: 0.4353 - val_accuracy: 0.8866
Epoch 116/350
391/391 - 23s - loss: 0.2429 - accuracy: 0.9271 - val_loss: 0.4620 - val_accuracy: 0.8827
Epoch 117/350
391/391 - 23s - loss: 0.2386 - accuracy: 0.9287 - val_loss: 0.4263 - val_accuracy: 0.8887
Epoch 118/350
391/391 - 24s - loss: 0.2395 - accuracy: 0.9296 - val_loss: 0.4661 - val_accuracy: 0.8805
Epoch 119/350
391/391 - 24s - loss: 0.2394 - accuracy: 0.9282 - val_loss: 0.4752 - val_accuracy: 0.8794
Epoch 120/350
391/391 - 23s - loss: 0.2365 - accuracy: 0.9302 - val_loss: 0.4253 - val_accuracy: 0.8907
Epoch 121/350
391/391 - 23s - loss: 0.2331 - accuracy: 0.9301 - val_loss: 0.4544 - val_accuracy: 0.8836
Epoch 122/350
391/391 - 24s - loss: 0.2314 - accuracy: 0.9319 - val_loss: 0.4227 - val_accuracy: 0.8919
Epoch 123/350
391/391 - 23s - loss: 0.2308 - accuracy: 0.9319 - val_loss: 0.4086 - val_accuracy: 0.8930
Epoch 124/350
391/391 - 23s - loss: 0.2275 - accuracy: 0.9339 - val_loss: 0.4426 - val_accuracy: 0.8894
Epoch 125/350
391/391 - 23s - loss: 0.2298 - accuracy: 0.9324 - val_loss: 0.4293 - val_accuracy: 0.8941
Epoch 126/350
391/391 - 24s - loss: 0.2296 - accuracy: 0.9320 - val_loss: 0.4611 - val_accuracy: 0.8875
Epoch 127/350
391/391 - 23s - loss: 0.2271 - accuracy: 0.9345 - val_loss: 0.4306 - val_accuracy: 0.8919
Epoch 128/350
391/391 - 23s - loss: 0.2245 - accuracy: 0.9343 - val_loss: 0.4621 - val_accuracy: 0.8866
Epoch 129/350
391/391 - 23s - loss: 0.2217 - accuracy: 0.9347 - val_loss: 0.4331 - val_accuracy: 0.8905
Epoch 130/350
391/391 - 23s - loss: 0.2250 - accuracy: 0.9352 - val_loss: 0.4450 - val_accuracy: 0.8874
Epoch 131/350
391/391 - 23s - loss: 0.2260 - accuracy: 0.9341 - val_loss: 0.4594 - val_accuracy: 0.8905
Epoch 132/350
391/391 - 23s - loss: 0.2191 - accuracy: 0.9363 - val_loss: 0.4341 - val_accuracy: 0.8902
Epoch 133/350
391/391 - 23s - loss: 0.2190 - accuracy: 0.9372 - val_loss: 0.4500 - val_accuracy: 0.8849
Epoch 134/350
391/391 - 23s - loss: 0.2228 - accuracy: 0.9352 - val_loss: 0.4307 - val_accuracy: 0.8920
Epoch 135/350
391/391 - 23s - loss: 0.2157 - accuracy: 0.9375 - val_loss: 0.4582 - val_accuracy: 0.8876
Epoch 136/350
391/391 - 24s - loss: 0.2186 - accuracy: 0.9358 - val_loss: 0.4190 - val_accuracy: 0.8918
Epoch 137/350
391/391 - 23s - loss: 0.2170 - accuracy: 0.9367 - val_loss: 0.4475 - val_accuracy: 0.8864
Epoch 138/350
391/391 - 23s - loss: 0.2154 - accuracy: 0.9373 - val_loss: 0.4615 - val_accuracy: 0.8914
Epoch 139/350
391/391 - 23s - loss: 0.2139 - accuracy: 0.9371 - val_loss: 0.4440 - val_accuracy: 0.8926
Epoch 140/350
391/391 - 23s - loss: 0.2197 - accuracy: 0.9365 - val_loss: 0.4414 - val_accuracy: 0.8881
Epoch 141/350
391/391 - 24s - loss: 0.2109 - accuracy: 0.9398 - val_loss: 0.4387 - val_accuracy: 0.8958
Epoch 142/350
391/391 - 24s - loss: 0.2095 - accuracy: 0.9390 - val_loss: 0.4673 - val_accuracy: 0.8884
Epoch 143/350
391/391 - 23s - loss: 0.2064 - accuracy: 0.9421 - val_loss: 0.4553 - val_accuracy: 0.8892
Epoch 144/350
391/391 - 23s - loss: 0.2052 - accuracy: 0.9417 - val_loss: 0.4144 - val_accuracy: 0.8976
Epoch 145/350
391/391 - 23s - loss: 0.2097 - accuracy: 0.9401 - val_loss: 0.4480 - val_accuracy: 0.8926
Epoch 146/350
391/391 - 24s - loss: 0.2055 - accuracy: 0.9417 - val_loss: 0.4503 - val_accuracy: 0.8902
Epoch 147/350
391/391 - 24s - loss: 0.2080 - accuracy: 0.9406 - val_loss: 0.4452 - val_accuracy: 0.8939
Epoch 148/350
391/391 - 23s - loss: 0.2031 - accuracy: 0.9426 - val_loss: 0.4900 - val_accuracy: 0.8881
Epoch 149/350
391/391 - 24s - loss: 0.2046 - accuracy: 0.9432 - val_loss: 0.4605 - val_accuracy: 0.8879
Epoch 150/350


Snapshot weight 8 shuffle 4 at epoch 150
Layer 11
Getting activations...


391/391 - 24s - loss: 0.1991 - accuracy: 0.9434 - val_loss: 0.4490 - val_accuracy: 0.8904
Epoch 151/350
391/391 - 24s - loss: 0.2023 - accuracy: 0.9435 - val_loss: 0.4443 - val_accuracy: 0.8936
Epoch 152/350
391/391 - 23s - loss: 0.2030 - accuracy: 0.9421 - val_loss: 0.4776 - val_accuracy: 0.8883
Epoch 153/350
391/391 - 24s - loss: 0.1960 - accuracy: 0.9459 - val_loss: 0.4579 - val_accuracy: 0.8935
Epoch 154/350
391/391 - 23s - loss: 0.1999 - accuracy: 0.9449 - val_loss: 0.4484 - val_accuracy: 0.8972
Epoch 155/350
391/391 - 23s - loss: 0.1982 - accuracy: 0.9446 - val_loss: 0.5003 - val_accuracy: 0.8860
Epoch 156/350
391/391 - 23s - loss: 0.1960 - accuracy: 0.9447 - val_loss: 0.4453 - val_accuracy: 0.8939
Epoch 157/350
391/391 - 23s - loss: 0.1929 - accuracy: 0.9461 - val_loss: 0.4790 - val_accuracy: 0.8906
Epoch 158/350
391/391 - 23s - loss: 0.1972 - accuracy: 0.9445 - val_loss: 0.4407 - val_accuracy: 0.8908
Epoch 159/350
391/391 - 23s - loss: 0.1950 - accuracy: 0.9457 - val_loss: 0.4916 - val_accuracy: 0.8876
Epoch 160/350
391/391 - 23s - loss: 0.2009 - accuracy: 0.9427 - val_loss: 0.4385 - val_accuracy: 0.8983
Epoch 161/350
391/391 - 23s - loss: 0.1903 - accuracy: 0.9490 - val_loss: 0.4668 - val_accuracy: 0.8929
Epoch 162/350
391/391 - 23s - loss: 0.1953 - accuracy: 0.9460 - val_loss: 0.4619 - val_accuracy: 0.8938
Epoch 163/350
391/391 - 23s - loss: 0.1934 - accuracy: 0.9459 - val_loss: 0.4589 - val_accuracy: 0.8971
Epoch 164/350
391/391 - 23s - loss: 0.1911 - accuracy: 0.9478 - val_loss: 0.4510 - val_accuracy: 0.8966
Epoch 165/350
391/391 - 24s - loss: 0.1909 - accuracy: 0.9470 - val_loss: 0.4416 - val_accuracy: 0.8944
Epoch 166/350
391/391 - 23s - loss: 0.1878 - accuracy: 0.9486 - val_loss: 0.4893 - val_accuracy: 0.8910
Epoch 167/350
391/391 - 23s - loss: 0.1906 - accuracy: 0.9479 - val_loss: 0.4407 - val_accuracy: 0.8954
Epoch 168/350
391/391 - 23s - loss: 0.1869 - accuracy: 0.9486 - val_loss: 0.4871 - val_accuracy: 0.8883
Epoch 169/350
391/391 - 23s - loss: 0.1875 - accuracy: 0.9486 - val_loss: 0.4699 - val_accuracy: 0.8952
Epoch 170/350
391/391 - 24s - loss: 0.1845 - accuracy: 0.9500 - val_loss: 0.4565 - val_accuracy: 0.8972
Epoch 171/350
391/391 - 23s - loss: 0.1851 - accuracy: 0.9504 - val_loss: 0.4817 - val_accuracy: 0.8958
Epoch 172/350
391/391 - 23s - loss: 0.1871 - accuracy: 0.9485 - val_loss: 0.4342 - val_accuracy: 0.8991
Epoch 173/350
391/391 - 23s - loss: 0.1870 - accuracy: 0.9499 - val_loss: 0.4688 - val_accuracy: 0.8938
Epoch 174/350
391/391 - 23s - loss: 0.1859 - accuracy: 0.9493 - val_loss: 0.4352 - val_accuracy: 0.8985
Epoch 175/350
391/391 - 24s - loss: 0.1805 - accuracy: 0.9513 - val_loss: 0.5112 - val_accuracy: 0.8893
Epoch 176/350
391/391 - 23s - loss: 0.1804 - accuracy: 0.9511 - val_loss: 0.4853 - val_accuracy: 0.8940
Epoch 177/350
391/391 - 24s - loss: 0.1812 - accuracy: 0.9511 - val_loss: 0.4593 - val_accuracy: 0.8956
Epoch 178/350
391/391 - 23s - loss: 0.1785 - accuracy: 0.9518 - val_loss: 0.4349 - val_accuracy: 0.8979
Epoch 179/350
391/391 - 23s - loss: 0.1812 - accuracy: 0.9506 - val_loss: 0.4680 - val_accuracy: 0.8953
Epoch 180/350
391/391 - 23s - loss: 0.1750 - accuracy: 0.9537 - val_loss: 0.4951 - val_accuracy: 0.8943
Epoch 181/350
391/391 - 23s - loss: 0.1813 - accuracy: 0.9513 - val_loss: 0.4792 - val_accuracy: 0.8931
Epoch 182/350
391/391 - 23s - loss: 0.1755 - accuracy: 0.9541 - val_loss: 0.5034 - val_accuracy: 0.8890
Epoch 183/350
391/391 - 23s - loss: 0.1799 - accuracy: 0.9525 - val_loss: 0.4894 - val_accuracy: 0.8924
Epoch 184/350
391/391 - 24s - loss: 0.1775 - accuracy: 0.9536 - val_loss: 0.4824 - val_accuracy: 0.8917
Epoch 185/350
391/391 - 23s - loss: 0.1816 - accuracy: 0.9519 - val_loss: 0.4606 - val_accuracy: 0.8977
Epoch 186/350
391/391 - 23s - loss: 0.1750 - accuracy: 0.9536 - val_loss: 0.4992 - val_accuracy: 0.8911
Epoch 187/350
391/391 - 23s - loss: 0.1724 - accuracy: 0.9553 - val_loss: 0.4956 - val_accuracy: 0.8952
Epoch 188/350
391/391 - 24s - loss: 0.1733 - accuracy: 0.9539 - val_loss: 0.4742 - val_accuracy: 0.8958
Epoch 189/350
391/391 - 23s - loss: 0.1778 - accuracy: 0.9531 - val_loss: 0.4641 - val_accuracy: 0.8940
Epoch 190/350
391/391 - 23s - loss: 0.1718 - accuracy: 0.9557 - val_loss: 0.4615 - val_accuracy: 0.8946
Epoch 191/350
391/391 - 23s - loss: 0.1756 - accuracy: 0.9544 - val_loss: 0.4919 - val_accuracy: 0.8930
Epoch 192/350
391/391 - 23s - loss: 0.1715 - accuracy: 0.9561 - val_loss: 0.5139 - val_accuracy: 0.8900
Epoch 193/350
391/391 - 23s - loss: 0.1698 - accuracy: 0.9556 - val_loss: 0.4906 - val_accuracy: 0.8953
Epoch 194/350
391/391 - 23s - loss: 0.1711 - accuracy: 0.9561 - val_loss: 0.4943 - val_accuracy: 0.8923
Epoch 195/350
391/391 - 23s - loss: 0.1791 - accuracy: 0.9526 - val_loss: 0.4532 - val_accuracy: 0.8939
Epoch 196/350
391/391 - 23s - loss: 0.1710 - accuracy: 0.9564 - val_loss: 0.4736 - val_accuracy: 0.8966
Epoch 197/350
391/391 - 23s - loss: 0.1702 - accuracy: 0.9559 - val_loss: 0.5083 - val_accuracy: 0.8865
Epoch 198/350
391/391 - 23s - loss: 0.1677 - accuracy: 0.9570 - val_loss: 0.4983 - val_accuracy: 0.8945
Epoch 199/350
391/391 - 24s - loss: 0.1700 - accuracy: 0.9562 - val_loss: 0.4955 - val_accuracy: 0.8914
Epoch 200/350


Snapshot weight 8 shuffle 4 at epoch 200
Layer 11
Getting activations...


391/391 - 24s - loss: 0.1705 - accuracy: 0.9565 - val_loss: 0.4765 - val_accuracy: 0.8970
Epoch 201/350
391/391 - 24s - loss: 0.1405 - accuracy: 0.9665 - val_loss: 0.4508 - val_accuracy: 0.9030
Epoch 202/350
391/391 - 23s - loss: 0.1307 - accuracy: 0.9692 - val_loss: 0.4539 - val_accuracy: 0.9031
Epoch 203/350
391/391 - 23s - loss: 0.1308 - accuracy: 0.9703 - val_loss: 0.4583 - val_accuracy: 0.9038
Epoch 204/350
391/391 - 24s - loss: 0.1260 - accuracy: 0.9716 - val_loss: 0.4532 - val_accuracy: 0.9033
Epoch 205/350
391/391 - 23s - loss: 0.1249 - accuracy: 0.9730 - val_loss: 0.4598 - val_accuracy: 0.9033
Epoch 206/350
391/391 - 23s - loss: 0.1228 - accuracy: 0.9728 - val_loss: 0.4722 - val_accuracy: 0.9035
Epoch 207/350
391/391 - 23s - loss: 0.1221 - accuracy: 0.9733 - val_loss: 0.4589 - val_accuracy: 0.9037
Epoch 208/350
391/391 - 23s - loss: 0.1202 - accuracy: 0.9737 - val_loss: 0.4714 - val_accuracy: 0.9032
Epoch 209/350
391/391 - 23s - loss: 0.1199 - accuracy: 0.9739 - val_loss: 0.4686 - val_accuracy: 0.9035
Epoch 210/350
391/391 - 23s - loss: 0.1170 - accuracy: 0.9750 - val_loss: 0.4756 - val_accuracy: 0.9023
Epoch 211/350
391/391 - 23s - loss: 0.1195 - accuracy: 0.9740 - val_loss: 0.4736 - val_accuracy: 0.9040
Epoch 212/350
391/391 - 23s - loss: 0.1175 - accuracy: 0.9751 - val_loss: 0.4755 - val_accuracy: 0.9033
Epoch 213/350
391/391 - 23s - loss: 0.1196 - accuracy: 0.9742 - val_loss: 0.4873 - val_accuracy: 0.9044
Epoch 214/350
391/391 - 23s - loss: 0.1146 - accuracy: 0.9757 - val_loss: 0.4790 - val_accuracy: 0.9049
Epoch 215/350
391/391 - 23s - loss: 0.1172 - accuracy: 0.9753 - val_loss: 0.4830 - val_accuracy: 0.9048
Epoch 216/350
391/391 - 23s - loss: 0.1156 - accuracy: 0.9754 - val_loss: 0.4851 - val_accuracy: 0.9063
Epoch 217/350
391/391 - 23s - loss: 0.1145 - accuracy: 0.9758 - val_loss: 0.4761 - val_accuracy: 0.9049
Epoch 218/350
391/391 - 23s - loss: 0.1135 - accuracy: 0.9761 - val_loss: 0.4849 - val_accuracy: 0.9043
Epoch 219/350
391/391 - 23s - loss: 0.1135 - accuracy: 0.9764 - val_loss: 0.4861 - val_accuracy: 0.9053
Epoch 220/350
391/391 - 23s - loss: 0.1147 - accuracy: 0.9753 - val_loss: 0.4843 - val_accuracy: 0.9067
Epoch 221/350
391/391 - 23s - loss: 0.1135 - accuracy: 0.9760 - val_loss: 0.4894 - val_accuracy: 0.9052
Epoch 222/350
391/391 - 23s - loss: 0.1103 - accuracy: 0.9775 - val_loss: 0.4925 - val_accuracy: 0.9032
Epoch 223/350
391/391 - 23s - loss: 0.1124 - accuracy: 0.9765 - val_loss: 0.4841 - val_accuracy: 0.9038
Epoch 224/350
391/391 - 23s - loss: 0.1123 - accuracy: 0.9762 - val_loss: 0.4828 - val_accuracy: 0.9045
Epoch 225/350
391/391 - 23s - loss: 0.1126 - accuracy: 0.9767 - val_loss: 0.4891 - val_accuracy: 0.9047
Epoch 226/350
391/391 - 23s - loss: 0.1124 - accuracy: 0.9754 - val_loss: 0.5085 - val_accuracy: 0.9041
Epoch 227/350
391/391 - 23s - loss: 0.1115 - accuracy: 0.9769 - val_loss: 0.4967 - val_accuracy: 0.9043
Epoch 228/350
391/391 - 23s - loss: 0.1111 - accuracy: 0.9775 - val_loss: 0.4952 - val_accuracy: 0.9058
Epoch 229/350
391/391 - 23s - loss: 0.1104 - accuracy: 0.9769 - val_loss: 0.4936 - val_accuracy: 0.9051
Epoch 230/350
391/391 - 23s - loss: 0.1128 - accuracy: 0.9758 - val_loss: 0.4888 - val_accuracy: 0.9062
Epoch 231/350
391/391 - 23s - loss: 0.1072 - accuracy: 0.9780 - val_loss: 0.5015 - val_accuracy: 0.9036
Epoch 232/350
391/391 - 23s - loss: 0.1099 - accuracy: 0.9770 - val_loss: 0.4953 - val_accuracy: 0.9057
Epoch 233/350
391/391 - 23s - loss: 0.1108 - accuracy: 0.9773 - val_loss: 0.5057 - val_accuracy: 0.9055
Epoch 234/350
391/391 - 24s - loss: 0.1091 - accuracy: 0.9773 - val_loss: 0.4996 - val_accuracy: 0.9053
Epoch 235/350
391/391 - 23s - loss: 0.1080 - accuracy: 0.9780 - val_loss: 0.4997 - val_accuracy: 0.9051
Epoch 236/350
391/391 - 23s - loss: 0.1108 - accuracy: 0.9765 - val_loss: 0.5014 - val_accuracy: 0.9054
Epoch 237/350
391/391 - 23s - loss: 0.1073 - accuracy: 0.9781 - val_loss: 0.5214 - val_accuracy: 0.9034
Epoch 238/350
391/391 - 23s - loss: 0.1075 - accuracy: 0.9784 - val_loss: 0.5165 - val_accuracy: 0.9027
Epoch 239/350
391/391 - 23s - loss: 0.1090 - accuracy: 0.9777 - val_loss: 0.4942 - val_accuracy: 0.9061
Epoch 240/350
391/391 - 23s - loss: 0.1068 - accuracy: 0.9796 - val_loss: 0.5146 - val_accuracy: 0.9038
Epoch 241/350
391/391 - 23s - loss: 0.1076 - accuracy: 0.9778 - val_loss: 0.5028 - val_accuracy: 0.9035
Epoch 242/350
391/391 - 23s - loss: 0.1065 - accuracy: 0.9779 - val_loss: 0.5033 - val_accuracy: 0.9065
Epoch 243/350
391/391 - 24s - loss: 0.1081 - accuracy: 0.9780 - val_loss: 0.5100 - val_accuracy: 0.9042
Epoch 244/350
391/391 - 23s - loss: 0.1072 - accuracy: 0.9781 - val_loss: 0.5055 - val_accuracy: 0.9027
Epoch 245/350
391/391 - 23s - loss: 0.1050 - accuracy: 0.9794 - val_loss: 0.5118 - val_accuracy: 0.9025
Epoch 246/350
391/391 - 23s - loss: 0.1071 - accuracy: 0.9785 - val_loss: 0.5050 - val_accuracy: 0.9054
Epoch 247/350
391/391 - 23s - loss: 0.1063 - accuracy: 0.9783 - val_loss: 0.5100 - val_accuracy: 0.9051
Epoch 248/350
391/391 - 23s - loss: 0.1072 - accuracy: 0.9780 - val_loss: 0.5071 - val_accuracy: 0.9032
Epoch 249/350
391/391 - 23s - loss: 0.1073 - accuracy: 0.9789 - val_loss: 0.4997 - val_accuracy: 0.9047
Epoch 250/350


Snapshot weight 8 shuffle 4 at epoch 250
Layer 11
Getting activations...


391/391 - 24s - loss: 0.1084 - accuracy: 0.9785 - val_loss: 0.5053 - val_accuracy: 0.9050
Epoch 251/350
391/391 - 23s - loss: 0.1056 - accuracy: 0.9784 - val_loss: 0.5081 - val_accuracy: 0.9051
Epoch 252/350
391/391 - 23s - loss: 0.1043 - accuracy: 0.9797 - val_loss: 0.5083 - val_accuracy: 0.9042
Epoch 253/350
391/391 - 23s - loss: 0.1053 - accuracy: 0.9788 - val_loss: 0.5067 - val_accuracy: 0.9051
Epoch 254/350
391/391 - 23s - loss: 0.1052 - accuracy: 0.9789 - val_loss: 0.5080 - val_accuracy: 0.9053
Epoch 255/350
391/391 - 23s - loss: 0.1052 - accuracy: 0.9787 - val_loss: 0.5066 - val_accuracy: 0.9045
Epoch 256/350
391/391 - 23s - loss: 0.1019 - accuracy: 0.9796 - val_loss: 0.5069 - val_accuracy: 0.9049
Epoch 257/350
391/391 - 23s - loss: 0.1038 - accuracy: 0.9802 - val_loss: 0.5096 - val_accuracy: 0.9051
Epoch 258/350
391/391 - 23s - loss: 0.1034 - accuracy: 0.9793 - val_loss: 0.5069 - val_accuracy: 0.9046
Epoch 259/350
391/391 - 23s - loss: 0.1042 - accuracy: 0.9787 - val_loss: 0.5066 - val_accuracy: 0.9045
Epoch 260/350
391/391 - 23s - loss: 0.1045 - accuracy: 0.9791 - val_loss: 0.5063 - val_accuracy: 0.9050
Epoch 261/350
391/391 - 23s - loss: 0.1010 - accuracy: 0.9801 - val_loss: 0.5092 - val_accuracy: 0.9045
Epoch 262/350
391/391 - 23s - loss: 0.1036 - accuracy: 0.9791 - val_loss: 0.5092 - val_accuracy: 0.9053
Epoch 263/350
391/391 - 23s - loss: 0.1027 - accuracy: 0.9806 - val_loss: 0.5096 - val_accuracy: 0.9052
Epoch 264/350
391/391 - 23s - loss: 0.1046 - accuracy: 0.9789 - val_loss: 0.5071 - val_accuracy: 0.9053
Epoch 265/350
391/391 - 23s - loss: 0.1046 - accuracy: 0.9792 - val_loss: 0.5078 - val_accuracy: 0.9054
Epoch 266/350
391/391 - 23s - loss: 0.1018 - accuracy: 0.9806 - val_loss: 0.5088 - val_accuracy: 0.9053
Epoch 267/350
391/391 - 24s - loss: 0.1038 - accuracy: 0.9796 - val_loss: 0.5112 - val_accuracy: 0.9048
Epoch 268/350
391/391 - 23s - loss: 0.1007 - accuracy: 0.9803 - val_loss: 0.5111 - val_accuracy: 0.9052
Epoch 269/350
391/391 - 23s - loss: 0.1032 - accuracy: 0.9800 - val_loss: 0.5089 - val_accuracy: 0.9057
Epoch 270/350
391/391 - 23s - loss: 0.1014 - accuracy: 0.9804 - val_loss: 0.5118 - val_accuracy: 0.9060
Epoch 271/350
391/391 - 23s - loss: 0.1017 - accuracy: 0.9801 - val_loss: 0.5094 - val_accuracy: 0.9051
Epoch 272/350
391/391 - 23s - loss: 0.1039 - accuracy: 0.9797 - val_loss: 0.5107 - val_accuracy: 0.9056
Epoch 273/350
391/391 - 23s - loss: 0.1025 - accuracy: 0.9795 - val_loss: 0.5096 - val_accuracy: 0.9052
Epoch 274/350
391/391 - 23s - loss: 0.1026 - accuracy: 0.9802 - val_loss: 0.5089 - val_accuracy: 0.9056
Epoch 275/350
391/391 - 24s - loss: 0.1046 - accuracy: 0.9793 - val_loss: 0.5113 - val_accuracy: 0.9058
Epoch 276/350
391/391 - 23s - loss: 0.1055 - accuracy: 0.9788 - val_loss: 0.5108 - val_accuracy: 0.9056
Epoch 277/350
391/391 - 23s - loss: 0.1041 - accuracy: 0.9793 - val_loss: 0.5098 - val_accuracy: 0.9059
Epoch 278/350
391/391 - 23s - loss: 0.1047 - accuracy: 0.9797 - val_loss: 0.5096 - val_accuracy: 0.9058
Epoch 279/350
391/391 - 23s - loss: 0.1047 - accuracy: 0.9794 - val_loss: 0.5085 - val_accuracy: 0.9057
Epoch 280/350
391/391 - 23s - loss: 0.1014 - accuracy: 0.9795 - val_loss: 0.5081 - val_accuracy: 0.9057
Epoch 281/350
391/391 - 23s - loss: 0.1029 - accuracy: 0.9799 - val_loss: 0.5114 - val_accuracy: 0.9065
Epoch 282/350
391/391 - 23s - loss: 0.1013 - accuracy: 0.9801 - val_loss: 0.5093 - val_accuracy: 0.9056
Epoch 283/350
391/391 - 23s - loss: 0.1028 - accuracy: 0.9799 - val_loss: 0.5108 - val_accuracy: 0.9063
Epoch 284/350
391/391 - 23s - loss: 0.1059 - accuracy: 0.9787 - val_loss: 0.5088 - val_accuracy: 0.9049
Epoch 285/350
391/391 - 23s - loss: 0.1022 - accuracy: 0.9801 - val_loss: 0.5079 - val_accuracy: 0.9052
Epoch 286/350
391/391 - 23s - loss: 0.1036 - accuracy: 0.9797 - val_loss: 0.5076 - val_accuracy: 0.9054
Epoch 287/350
391/391 - 23s - loss: 0.1026 - accuracy: 0.9800 - val_loss: 0.5076 - val_accuracy: 0.9052
Epoch 288/350
391/391 - 23s - loss: 0.1032 - accuracy: 0.9800 - val_loss: 0.5062 - val_accuracy: 0.9045
Epoch 289/350
391/391 - 23s - loss: 0.1033 - accuracy: 0.9791 - val_loss: 0.5099 - val_accuracy: 0.9060
Epoch 290/350
391/391 - 23s - loss: 0.1052 - accuracy: 0.9796 - val_loss: 0.5099 - val_accuracy: 0.9058
Epoch 291/350
391/391 - 23s - loss: 0.1004 - accuracy: 0.9807 - val_loss: 0.5125 - val_accuracy: 0.9059
Epoch 292/350
391/391 - 23s - loss: 0.1028 - accuracy: 0.9794 - val_loss: 0.5112 - val_accuracy: 0.9057
Epoch 293/350
391/391 - 23s - loss: 0.1020 - accuracy: 0.9804 - val_loss: 0.5123 - val_accuracy: 0.9056
Epoch 294/350
391/391 - 23s - loss: 0.1006 - accuracy: 0.9807 - val_loss: 0.5105 - val_accuracy: 0.9061
Epoch 295/350
391/391 - 23s - loss: 0.1016 - accuracy: 0.9797 - val_loss: 0.5121 - val_accuracy: 0.9058
Epoch 296/350
391/391 - 23s - loss: 0.1034 - accuracy: 0.9795 - val_loss: 0.5124 - val_accuracy: 0.9063
Epoch 297/350
391/391 - 23s - loss: 0.1030 - accuracy: 0.9804 - val_loss: 0.5130 - val_accuracy: 0.9062
Epoch 298/350
391/391 - 23s - loss: 0.1020 - accuracy: 0.9809 - val_loss: 0.5117 - val_accuracy: 0.9062
Epoch 299/350
391/391 - 23s - loss: 0.1004 - accuracy: 0.9805 - val_loss: 0.5140 - val_accuracy: 0.9066
Epoch 300/350


Snapshot weight 8 shuffle 4 at epoch 300
Layer 11
Getting activations...


391/391 - 23s - loss: 0.1023 - accuracy: 0.9803 - val_loss: 0.5119 - val_accuracy: 0.9064
Epoch 301/350
391/391 - 23s - loss: 0.1025 - accuracy: 0.9797 - val_loss: 0.5119 - val_accuracy: 0.9065
Epoch 302/350
391/391 - 23s - loss: 0.1013 - accuracy: 0.9808 - val_loss: 0.5116 - val_accuracy: 0.9065
Epoch 303/350
391/391 - 24s - loss: 0.1025 - accuracy: 0.9798 - val_loss: 0.5117 - val_accuracy: 0.9068
Epoch 304/350
391/391 - 23s - loss: 0.1007 - accuracy: 0.9806 - val_loss: 0.5118 - val_accuracy: 0.9068
Epoch 305/350
391/391 - 23s - loss: 0.1007 - accuracy: 0.9803 - val_loss: 0.5118 - val_accuracy: 0.9068
Epoch 306/350
391/391 - 23s - loss: 0.1038 - accuracy: 0.9792 - val_loss: 0.5117 - val_accuracy: 0.9065
Epoch 307/350
391/391 - 23s - loss: 0.1024 - accuracy: 0.9806 - val_loss: 0.5115 - val_accuracy: 0.9067
Epoch 308/350
391/391 - 23s - loss: 0.1031 - accuracy: 0.9798 - val_loss: 0.5116 - val_accuracy: 0.9069
Epoch 309/350
391/391 - 23s - loss: 0.1006 - accuracy: 0.9799 - val_loss: 0.5116 - val_accuracy: 0.9069
Epoch 310/350
391/391 - 23s - loss: 0.1027 - accuracy: 0.9804 - val_loss: 0.5120 - val_accuracy: 0.9065
Epoch 311/350
391/391 - 23s - loss: 0.1035 - accuracy: 0.9796 - val_loss: 0.5120 - val_accuracy: 0.9067
Epoch 312/350
391/391 - 23s - loss: 0.1048 - accuracy: 0.9790 - val_loss: 0.5122 - val_accuracy: 0.9063
Epoch 313/350
391/391 - 23s - loss: 0.1029 - accuracy: 0.9805 - val_loss: 0.5120 - val_accuracy: 0.9063
Epoch 314/350
391/391 - 23s - loss: 0.1030 - accuracy: 0.9801 - val_loss: 0.5123 - val_accuracy: 0.9066
Epoch 315/350
391/391 - 23s - loss: 0.0994 - accuracy: 0.9805 - val_loss: 0.5124 - val_accuracy: 0.9069
Epoch 316/350
391/391 - 23s - loss: 0.1026 - accuracy: 0.9802 - val_loss: 0.5127 - val_accuracy: 0.9069
Epoch 317/350
391/391 - 23s - loss: 0.1024 - accuracy: 0.9804 - val_loss: 0.5124 - val_accuracy: 0.9065
Epoch 318/350
391/391 - 23s - loss: 0.1039 - accuracy: 0.9791 - val_loss: 0.5125 - val_accuracy: 0.9065
Epoch 319/350
391/391 - 23s - loss: 0.1044 - accuracy: 0.9794 - val_loss: 0.5123 - val_accuracy: 0.9064
Epoch 320/350
391/391 - 23s - loss: 0.0985 - accuracy: 0.9811 - val_loss: 0.5123 - val_accuracy: 0.9068
Epoch 321/350
391/391 - 23s - loss: 0.1015 - accuracy: 0.9802 - val_loss: 0.5123 - val_accuracy: 0.9068
Epoch 322/350
391/391 - 23s - loss: 0.1035 - accuracy: 0.9798 - val_loss: 0.5127 - val_accuracy: 0.9062
Epoch 323/350
391/391 - 23s - loss: 0.1000 - accuracy: 0.9804 - val_loss: 0.5127 - val_accuracy: 0.9064
Epoch 324/350
391/391 - 24s - loss: 0.1022 - accuracy: 0.9801 - val_loss: 0.5129 - val_accuracy: 0.9061
Epoch 325/350
391/391 - 23s - loss: 0.1018 - accuracy: 0.9803 - val_loss: 0.5129 - val_accuracy: 0.9059
Epoch 326/350
391/391 - 23s - loss: 0.1002 - accuracy: 0.9811 - val_loss: 0.5129 - val_accuracy: 0.9062
Epoch 327/350
391/391 - 23s - loss: 0.1007 - accuracy: 0.9808 - val_loss: 0.5131 - val_accuracy: 0.9065
Epoch 328/350
391/391 - 23s - loss: 0.0996 - accuracy: 0.9809 - val_loss: 0.5130 - val_accuracy: 0.9064
Epoch 329/350
391/391 - 23s - loss: 0.1051 - accuracy: 0.9794 - val_loss: 0.5128 - val_accuracy: 0.9062
Epoch 330/350
391/391 - 23s - loss: 0.1022 - accuracy: 0.9808 - val_loss: 0.5129 - val_accuracy: 0.9061
Epoch 331/350
391/391 - 23s - loss: 0.1023 - accuracy: 0.9811 - val_loss: 0.5126 - val_accuracy: 0.9061
Epoch 332/350
391/391 - 23s - loss: 0.1027 - accuracy: 0.9794 - val_loss: 0.5126 - val_accuracy: 0.9060
Epoch 333/350
391/391 - 23s - loss: 0.1012 - accuracy: 0.9803 - val_loss: 0.5122 - val_accuracy: 0.9062
Epoch 334/350
391/391 - 23s - loss: 0.1002 - accuracy: 0.9808 - val_loss: 0.5118 - val_accuracy: 0.9062
Epoch 335/350
391/391 - 23s - loss: 0.1005 - accuracy: 0.9808 - val_loss: 0.5120 - val_accuracy: 0.9063
Epoch 336/350
391/391 - 23s - loss: 0.1045 - accuracy: 0.9790 - val_loss: 0.5118 - val_accuracy: 0.9065
Epoch 337/350
391/391 - 23s - loss: 0.1008 - accuracy: 0.9805 - val_loss: 0.5118 - val_accuracy: 0.9061
Epoch 338/350
391/391 - 23s - loss: 0.1029 - accuracy: 0.9796 - val_loss: 0.5118 - val_accuracy: 0.9060
Epoch 339/350
391/391 - 23s - loss: 0.1005 - accuracy: 0.9808 - val_loss: 0.5120 - val_accuracy: 0.9059
Epoch 340/350
391/391 - 23s - loss: 0.1037 - accuracy: 0.9799 - val_loss: 0.5119 - val_accuracy: 0.9063
Epoch 341/350
391/391 - 23s - loss: 0.0991 - accuracy: 0.9807 - val_loss: 0.5125 - val_accuracy: 0.9062
Epoch 342/350
391/391 - 23s - loss: 0.1035 - accuracy: 0.9797 - val_loss: 0.5122 - val_accuracy: 0.9060
Epoch 343/350
391/391 - 23s - loss: 0.0998 - accuracy: 0.9802 - val_loss: 0.5123 - val_accuracy: 0.9059
Epoch 344/350
391/391 - 24s - loss: 0.1015 - accuracy: 0.9804 - val_loss: 0.5118 - val_accuracy: 0.9060
Epoch 345/350
391/391 - 24s - loss: 0.1006 - accuracy: 0.9803 - val_loss: 0.5113 - val_accuracy: 0.9059
Epoch 346/350
391/391 - 23s - loss: 0.1022 - accuracy: 0.9799 - val_loss: 0.5113 - val_accuracy: 0.9061
Epoch 347/350
391/391 - 23s - loss: 0.0995 - accuracy: 0.9810 - val_loss: 0.5116 - val_accuracy: 0.9060
Epoch 348/350
391/391 - 23s - loss: 0.1042 - accuracy: 0.9792 - val_loss: 0.5113 - val_accuracy: 0.9059
Epoch 349/350
391/391 - 23s - loss: 0.1013 - accuracy: 0.9799 - val_loss: 0.5113 - val_accuracy: 0.9060
Epoch 350/350


Snapshot weight 8 shuffle 4 at epoch 350
Layer 11
Getting activations...


391/391 - 24s - loss: 0.1032 - accuracy: 0.9796 - val_loss: 0.5114 - val_accuracy: 0.9057
/usr/local/lib/python3.6/dist-packages/tensorflow/python/autograph/impl/api.py:493: UserWarning: fill_value is not supported and is always 0 for TensorFlow < 2.4.0.
  return py_builtins.overload_of(f)(*args)
WARNING:tensorflow:From /usr/local/lib/python3.6/dist-packages/tensorflow/python/training/tracking/tracking.py:111: Model.state_updates (from tensorflow.python.keras.engine.training) is deprecated and will be removed in a future version.
Instructions for updating:
This property should not be used in TensorFlow 2.0, as updates are applied automatically.
2021-07-02 07:53:58.081398: W tensorflow/python/util/util.cc:348] Sets are not currently considered sequences, but this may change in the future, so consider avoiding using them.
WARNING:tensorflow:From /usr/local/lib/python3.6/dist-packages/tensorflow/python/training/tracking/tracking.py:111: Layer.updates (from tensorflow.python.keras.engine.base_layer) is deprecated and will be removed in a future version.
Instructions for updating:
This property should not be used in TensorFlow 2.0, as updates are applied automatically.
Saving, final validation acc: 0.9057000279426575
