2021-07-01 23:34:18.852122: I tensorflow/stream_executor/platform/default/dso_loader.cc:48] Successfully opened dynamic library libcudart.so.10.1
2021-07-01 23:35:49.164482: I tensorflow/stream_executor/platform/default/dso_loader.cc:48] Successfully opened dynamic library libcuda.so.1
2021-07-01 23:35:49.196295: I tensorflow/core/common_runtime/gpu/gpu_device.cc:1716] Found device 0 with properties: 
pciBusID: 0000:82:00.0 name: NVIDIA TITAN Xp computeCapability: 6.1
coreClock: 1.582GHz coreCount: 30 deviceMemorySize: 11.91GiB deviceMemoryBandwidth: 510.07GiB/s
2021-07-01 23:35:49.196390: I tensorflow/stream_executor/platform/default/dso_loader.cc:48] Successfully opened dynamic library libcudart.so.10.1
2021-07-01 23:35:49.235959: I tensorflow/stream_executor/platform/default/dso_loader.cc:48] Successfully opened dynamic library libcublas.so.10
2021-07-01 23:35:49.256028: I tensorflow/stream_executor/platform/default/dso_loader.cc:48] Successfully opened dynamic library libcufft.so.10
2021-07-01 23:35:49.264708: I tensorflow/stream_executor/platform/default/dso_loader.cc:48] Successfully opened dynamic library libcurand.so.10
2021-07-01 23:35:49.306516: I tensorflow/stream_executor/platform/default/dso_loader.cc:48] Successfully opened dynamic library libcusolver.so.10
2021-07-01 23:35:49.314834: I tensorflow/stream_executor/platform/default/dso_loader.cc:48] Successfully opened dynamic library libcusparse.so.10
2021-07-01 23:35:49.388699: I tensorflow/stream_executor/platform/default/dso_loader.cc:48] Successfully opened dynamic library libcudnn.so.7
2021-07-01 23:35:49.393021: I tensorflow/core/common_runtime/gpu/gpu_device.cc:1858] Adding visible gpu devices: 0
2021-07-01 23:35:49.396610: I tensorflow/core/platform/cpu_feature_guard.cc:142] This TensorFlow binary is optimized with oneAPI Deep Neural Network Library (oneDNN)to use the following CPU instructions in performance-critical operations:  AVX2 FMA
To enable them in other operations, rebuild TensorFlow with the appropriate compiler flags.
2021-07-01 23:35:49.412450: I tensorflow/core/platform/profile_utils/cpu_utils.cc:104] CPU Frequency: 2599870000 Hz
2021-07-01 23:35:49.412568: I tensorflow/compiler/xla/service/service.cc:168] XLA service 0x4c0eeb0 initialized for platform Host (this does not guarantee that XLA will be used). Devices:
2021-07-01 23:35:49.412589: I tensorflow/compiler/xla/service/service.cc:176]   StreamExecutor device (0): Host, Default Version
2021-07-01 23:35:49.543230: I tensorflow/compiler/xla/service/service.cc:168] XLA service 0x4befcb0 initialized for platform CUDA (this does not guarantee that XLA will be used). Devices:
2021-07-01 23:35:49.543297: I tensorflow/compiler/xla/service/service.cc:176]   StreamExecutor device (0): NVIDIA TITAN Xp, Compute Capability 6.1
2021-07-01 23:35:49.547376: I tensorflow/core/common_runtime/gpu/gpu_device.cc:1716] Found device 0 with properties: 
pciBusID: 0000:82:00.0 name: NVIDIA TITAN Xp computeCapability: 6.1
coreClock: 1.582GHz coreCount: 30 deviceMemorySize: 11.91GiB deviceMemoryBandwidth: 510.07GiB/s
2021-07-01 23:35:49.547422: I tensorflow/stream_executor/platform/default/dso_loader.cc:48] Successfully opened dynamic library libcudart.so.10.1
2021-07-01 23:35:49.547461: I tensorflow/stream_executor/platform/default/dso_loader.cc:48] Successfully opened dynamic library libcublas.so.10
2021-07-01 23:35:49.547486: I tensorflow/stream_executor/platform/default/dso_loader.cc:48] Successfully opened dynamic library libcufft.so.10
2021-07-01 23:35:49.547509: I tensorflow/stream_executor/platform/default/dso_loader.cc:48] Successfully opened dynamic library libcurand.so.10
2021-07-01 23:35:49.547532: I tensorflow/stream_executor/platform/default/dso_loader.cc:48] Successfully opened dynamic library libcusolver.so.10
2021-07-01 23:35:49.547555: I tensorflow/stream_executor/platform/default/dso_loader.cc:48] Successfully opened dynamic library libcusparse.so.10
2021-07-01 23:35:49.547578: I tensorflow/stream_executor/platform/default/dso_loader.cc:48] Successfully opened dynamic library libcudnn.so.7
2021-07-01 23:35:49.554273: I tensorflow/core/common_runtime/gpu/gpu_device.cc:1858] Adding visible gpu devices: 0
2021-07-01 23:35:49.555959: I tensorflow/stream_executor/platform/default/dso_loader.cc:48] Successfully opened dynamic library libcudart.so.10.1
2021-07-01 23:35:51.329434: I tensorflow/core/common_runtime/gpu/gpu_device.cc:1257] Device interconnect StreamExecutor with strength 1 edge matrix:
2021-07-01 23:35:51.329512: I tensorflow/core/common_runtime/gpu/gpu_device.cc:1263]      0 
2021-07-01 23:35:51.329527: I tensorflow/core/common_runtime/gpu/gpu_device.cc:1276] 0:   N 
2021-07-01 23:35:51.335314: I tensorflow/core/common_runtime/gpu/gpu_device.cc:1402] Created TensorFlow device (/job:localhost/replica:0/task:0/device:GPU:0 with 11218 MB memory) -> physical GPU (device: 0, name: NVIDIA TITAN Xp, pci bus id: 0000:82:00.0, compute capability: 6.1)
2021-07-01 23:35:57.177046: I tensorflow/stream_executor/platform/default/dso_loader.cc:48] Successfully opened dynamic library libcudnn.so.7
2021-07-01 23:35:59.652664: I tensorflow/stream_executor/platform/default/dso_loader.cc:48] Successfully opened dynamic library libcublas.so.10
Using model index: 27
Making train data...
GCN...
ZCA...
Done!
Making test data...
Done!
Epoch 1/350


Snapshot weight 7 shuffle 2 at epoch 1
Layer 11
Getting activations...


391/391 - 24s - loss: 2.3184 - accuracy: 0.1063 - val_loss: 2.2753 - val_accuracy: 0.1156
Epoch 2/350


Snapshot weight 7 shuffle 2 at epoch 2
Layer 11
Getting activations...


391/391 - 23s - loss: 2.2036 - accuracy: 0.1926 - val_loss: 2.0903 - val_accuracy: 0.2556
Epoch 3/350


Snapshot weight 7 shuffle 2 at epoch 3
Layer 11
Getting activations...


391/391 - 23s - loss: 2.0625 - accuracy: 0.2682 - val_loss: 1.9054 - val_accuracy: 0.3560
Epoch 4/350


Snapshot weight 7 shuffle 2 at epoch 4
Layer 11
Getting activations...


391/391 - 24s - loss: 1.8494 - accuracy: 0.3607 - val_loss: 1.5893 - val_accuracy: 0.4509
Epoch 5/350


Snapshot weight 7 shuffle 2 at epoch 5
Layer 11
Getting activations...


391/391 - 24s - loss: 1.5250 - accuracy: 0.4626 - val_loss: 1.4119 - val_accuracy: 0.5038
Epoch 6/350


Snapshot weight 7 shuffle 2 at epoch 6
Layer 11
Getting activations...


391/391 - 24s - loss: 1.3421 - accuracy: 0.5301 - val_loss: 1.2722 - val_accuracy: 0.5633
Epoch 7/350


Snapshot weight 7 shuffle 2 at epoch 7
Layer 11
Getting activations...


391/391 - 24s - loss: 1.2308 - accuracy: 0.5707 - val_loss: 1.1412 - val_accuracy: 0.6014
Epoch 8/350


Snapshot weight 7 shuffle 2 at epoch 8
Layer 11
Getting activations...


391/391 - 24s - loss: 1.1650 - accuracy: 0.5957 - val_loss: 1.2251 - val_accuracy: 0.5873
Epoch 9/350


Snapshot weight 7 shuffle 2 at epoch 9
Layer 11
Getting activations...


391/391 - 24s - loss: 1.0993 - accuracy: 0.6178 - val_loss: 0.9853 - val_accuracy: 0.6560
Epoch 10/350


Snapshot weight 7 shuffle 2 at epoch 10
Layer 11
Getting activations...


391/391 - 24s - loss: 1.0445 - accuracy: 0.6380 - val_loss: 1.0862 - val_accuracy: 0.6417
Epoch 11/350
391/391 - 24s - loss: 1.0060 - accuracy: 0.6527 - val_loss: 0.9624 - val_accuracy: 0.6707
Epoch 12/350
391/391 - 24s - loss: 0.9645 - accuracy: 0.6659 - val_loss: 0.9445 - val_accuracy: 0.6787
Epoch 13/350
391/391 - 24s - loss: 0.9175 - accuracy: 0.6854 - val_loss: 0.9186 - val_accuracy: 0.6849
Epoch 14/350
391/391 - 24s - loss: 0.8994 - accuracy: 0.6907 - val_loss: 0.8785 - val_accuracy: 0.7097
Epoch 15/350
391/391 - 24s - loss: 0.8647 - accuracy: 0.7055 - val_loss: 0.8850 - val_accuracy: 0.7012
Epoch 16/350
391/391 - 24s - loss: 0.8337 - accuracy: 0.7157 - val_loss: 0.8366 - val_accuracy: 0.7191
Epoch 17/350
391/391 - 24s - loss: 0.8019 - accuracy: 0.7287 - val_loss: 0.7236 - val_accuracy: 0.7561
Epoch 18/350
391/391 - 24s - loss: 0.7754 - accuracy: 0.7358 - val_loss: 0.6999 - val_accuracy: 0.7645
Epoch 19/350
391/391 - 24s - loss: 0.7534 - accuracy: 0.7464 - val_loss: 0.6806 - val_accuracy: 0.7736
Epoch 20/350
391/391 - 24s - loss: 0.7358 - accuracy: 0.7518 - val_loss: 0.6663 - val_accuracy: 0.7812
Epoch 21/350
391/391 - 24s - loss: 0.7110 - accuracy: 0.7610 - val_loss: 0.6699 - val_accuracy: 0.7794
Epoch 22/350
391/391 - 24s - loss: 0.6805 - accuracy: 0.7733 - val_loss: 0.6677 - val_accuracy: 0.7848
Epoch 23/350
391/391 - 24s - loss: 0.6583 - accuracy: 0.7801 - val_loss: 0.6240 - val_accuracy: 0.7962
Epoch 24/350
391/391 - 24s - loss: 0.6503 - accuracy: 0.7834 - val_loss: 0.6092 - val_accuracy: 0.8025
Epoch 25/350
391/391 - 24s - loss: 0.6360 - accuracy: 0.7906 - val_loss: 0.6522 - val_accuracy: 0.7914
Epoch 26/350
391/391 - 24s - loss: 0.6067 - accuracy: 0.7996 - val_loss: 0.5974 - val_accuracy: 0.8076
Epoch 27/350
391/391 - 24s - loss: 0.6016 - accuracy: 0.8016 - val_loss: 0.6193 - val_accuracy: 0.7983
Epoch 28/350
391/391 - 24s - loss: 0.5834 - accuracy: 0.8094 - val_loss: 0.6007 - val_accuracy: 0.8094
Epoch 29/350
391/391 - 24s - loss: 0.5779 - accuracy: 0.8099 - val_loss: 0.5388 - val_accuracy: 0.8247
Epoch 30/350
391/391 - 24s - loss: 0.5583 - accuracy: 0.8163 - val_loss: 0.5162 - val_accuracy: 0.8321
Epoch 31/350
391/391 - 24s - loss: 0.5513 - accuracy: 0.8204 - val_loss: 0.5731 - val_accuracy: 0.8147
Epoch 32/350
391/391 - 24s - loss: 0.5343 - accuracy: 0.8252 - val_loss: 0.5366 - val_accuracy: 0.8287
Epoch 33/350
391/391 - 24s - loss: 0.5284 - accuracy: 0.8257 - val_loss: 0.4956 - val_accuracy: 0.8435
Epoch 34/350
391/391 - 24s - loss: 0.5270 - accuracy: 0.8267 - val_loss: 0.5453 - val_accuracy: 0.8282
Epoch 35/350
391/391 - 24s - loss: 0.5126 - accuracy: 0.8317 - val_loss: 0.4954 - val_accuracy: 0.8466
Epoch 36/350
391/391 - 24s - loss: 0.5043 - accuracy: 0.8352 - val_loss: 0.4772 - val_accuracy: 0.8478
Epoch 37/350
391/391 - 24s - loss: 0.5003 - accuracy: 0.8356 - val_loss: 0.5214 - val_accuracy: 0.8363
Epoch 38/350
391/391 - 24s - loss: 0.4797 - accuracy: 0.8444 - val_loss: 0.5023 - val_accuracy: 0.8435
Epoch 39/350
391/391 - 24s - loss: 0.4792 - accuracy: 0.8453 - val_loss: 0.5097 - val_accuracy: 0.8393
Epoch 40/350
391/391 - 24s - loss: 0.4725 - accuracy: 0.8465 - val_loss: 0.5369 - val_accuracy: 0.8326
Epoch 41/350
391/391 - 24s - loss: 0.4715 - accuracy: 0.8476 - val_loss: 0.5164 - val_accuracy: 0.8390
Epoch 42/350
391/391 - 24s - loss: 0.4556 - accuracy: 0.8539 - val_loss: 0.4834 - val_accuracy: 0.8488
Epoch 43/350
391/391 - 24s - loss: 0.4500 - accuracy: 0.8545 - val_loss: 0.4874 - val_accuracy: 0.8504
Epoch 44/350
391/391 - 24s - loss: 0.4454 - accuracy: 0.8565 - val_loss: 0.4385 - val_accuracy: 0.8647
Epoch 45/350
391/391 - 24s - loss: 0.4450 - accuracy: 0.8571 - val_loss: 0.4961 - val_accuracy: 0.8444
Epoch 46/350
391/391 - 24s - loss: 0.4376 - accuracy: 0.8594 - val_loss: 0.4886 - val_accuracy: 0.8532
Epoch 47/350
391/391 - 24s - loss: 0.4327 - accuracy: 0.8602 - val_loss: 0.4544 - val_accuracy: 0.8623
Epoch 48/350
391/391 - 24s - loss: 0.4249 - accuracy: 0.8633 - val_loss: 0.4337 - val_accuracy: 0.8644
Epoch 49/350
391/391 - 24s - loss: 0.4155 - accuracy: 0.8656 - val_loss: 0.4767 - val_accuracy: 0.8562
Epoch 50/350


Snapshot weight 7 shuffle 2 at epoch 50
Layer 11
Getting activations...


391/391 - 24s - loss: 0.4123 - accuracy: 0.8667 - val_loss: 0.4494 - val_accuracy: 0.8667
Epoch 51/350
391/391 - 23s - loss: 0.4089 - accuracy: 0.8692 - val_loss: 0.4611 - val_accuracy: 0.8619
Epoch 52/350
391/391 - 24s - loss: 0.4026 - accuracy: 0.8708 - val_loss: 0.4892 - val_accuracy: 0.8528
Epoch 53/350
391/391 - 24s - loss: 0.3972 - accuracy: 0.8717 - val_loss: 0.4641 - val_accuracy: 0.8591
Epoch 54/350
391/391 - 24s - loss: 0.3975 - accuracy: 0.8741 - val_loss: 0.4825 - val_accuracy: 0.8533
Epoch 55/350
391/391 - 24s - loss: 0.3893 - accuracy: 0.8751 - val_loss: 0.4444 - val_accuracy: 0.8629
Epoch 56/350
391/391 - 24s - loss: 0.3836 - accuracy: 0.8778 - val_loss: 0.4371 - val_accuracy: 0.8689
Epoch 57/350
391/391 - 24s - loss: 0.3775 - accuracy: 0.8784 - val_loss: 0.4384 - val_accuracy: 0.8690
Epoch 58/350
391/391 - 24s - loss: 0.3721 - accuracy: 0.8804 - val_loss: 0.5040 - val_accuracy: 0.8555
Epoch 59/350
391/391 - 24s - loss: 0.3757 - accuracy: 0.8804 - val_loss: 0.4724 - val_accuracy: 0.8576
Epoch 60/350
391/391 - 24s - loss: 0.3691 - accuracy: 0.8824 - val_loss: 0.4279 - val_accuracy: 0.8690
Epoch 61/350
391/391 - 24s - loss: 0.3647 - accuracy: 0.8838 - val_loss: 0.5066 - val_accuracy: 0.8591
Epoch 62/350
391/391 - 24s - loss: 0.3614 - accuracy: 0.8850 - val_loss: 0.4585 - val_accuracy: 0.8643
Epoch 63/350
391/391 - 24s - loss: 0.3566 - accuracy: 0.8855 - val_loss: 0.4633 - val_accuracy: 0.8655
Epoch 64/350
391/391 - 24s - loss: 0.3576 - accuracy: 0.8864 - val_loss: 0.4530 - val_accuracy: 0.8701
Epoch 65/350
391/391 - 24s - loss: 0.3439 - accuracy: 0.8904 - val_loss: 0.4781 - val_accuracy: 0.8590
Epoch 66/350
391/391 - 24s - loss: 0.3461 - accuracy: 0.8910 - val_loss: 0.4603 - val_accuracy: 0.8705
Epoch 67/350
391/391 - 24s - loss: 0.3463 - accuracy: 0.8919 - val_loss: 0.4157 - val_accuracy: 0.8759
Epoch 68/350
391/391 - 24s - loss: 0.3414 - accuracy: 0.8928 - val_loss: 0.4138 - val_accuracy: 0.8753
Epoch 69/350
391/391 - 24s - loss: 0.3391 - accuracy: 0.8926 - val_loss: 0.4802 - val_accuracy: 0.8604
Epoch 70/350
391/391 - 24s - loss: 0.3354 - accuracy: 0.8930 - val_loss: 0.4021 - val_accuracy: 0.8837
Epoch 71/350
391/391 - 24s - loss: 0.3285 - accuracy: 0.8973 - val_loss: 0.4210 - val_accuracy: 0.8774
Epoch 72/350
391/391 - 24s - loss: 0.3265 - accuracy: 0.8976 - val_loss: 0.4045 - val_accuracy: 0.8794
Epoch 73/350
391/391 - 24s - loss: 0.3204 - accuracy: 0.8983 - val_loss: 0.4596 - val_accuracy: 0.8680
Epoch 74/350
391/391 - 24s - loss: 0.3214 - accuracy: 0.8980 - val_loss: 0.4537 - val_accuracy: 0.8716
Epoch 75/350
391/391 - 24s - loss: 0.3142 - accuracy: 0.9008 - val_loss: 0.4176 - val_accuracy: 0.8831
Epoch 76/350
391/391 - 24s - loss: 0.3148 - accuracy: 0.9011 - val_loss: 0.4211 - val_accuracy: 0.8818
Epoch 77/350
391/391 - 24s - loss: 0.3112 - accuracy: 0.9036 - val_loss: 0.4297 - val_accuracy: 0.8794
Epoch 78/350
391/391 - 24s - loss: 0.3092 - accuracy: 0.9037 - val_loss: 0.4393 - val_accuracy: 0.8783
Epoch 79/350
391/391 - 24s - loss: 0.3074 - accuracy: 0.9049 - val_loss: 0.4269 - val_accuracy: 0.8757
Epoch 80/350
391/391 - 24s - loss: 0.3057 - accuracy: 0.9044 - val_loss: 0.3948 - val_accuracy: 0.8873
Epoch 81/350
391/391 - 24s - loss: 0.3017 - accuracy: 0.9063 - val_loss: 0.4335 - val_accuracy: 0.8745
Epoch 82/350
391/391 - 24s - loss: 0.2984 - accuracy: 0.9069 - val_loss: 0.4597 - val_accuracy: 0.8711
Epoch 83/350
391/391 - 24s - loss: 0.2983 - accuracy: 0.9070 - val_loss: 0.4263 - val_accuracy: 0.8848
Epoch 84/350
391/391 - 24s - loss: 0.2945 - accuracy: 0.9084 - val_loss: 0.4200 - val_accuracy: 0.8849
Epoch 85/350
391/391 - 24s - loss: 0.2921 - accuracy: 0.9104 - val_loss: 0.3939 - val_accuracy: 0.8877
Epoch 86/350
391/391 - 24s - loss: 0.2904 - accuracy: 0.9106 - val_loss: 0.4240 - val_accuracy: 0.8805
Epoch 87/350
391/391 - 24s - loss: 0.2849 - accuracy: 0.9133 - val_loss: 0.4523 - val_accuracy: 0.8788
Epoch 88/350
391/391 - 23s - loss: 0.2824 - accuracy: 0.9130 - val_loss: 0.4156 - val_accuracy: 0.8828
Epoch 89/350
391/391 - 24s - loss: 0.2838 - accuracy: 0.9122 - val_loss: 0.4014 - val_accuracy: 0.8819
Epoch 90/350
391/391 - 24s - loss: 0.2797 - accuracy: 0.9156 - val_loss: 0.4288 - val_accuracy: 0.8808
Epoch 91/350
391/391 - 24s - loss: 0.2818 - accuracy: 0.9130 - val_loss: 0.4097 - val_accuracy: 0.8866
Epoch 92/350
391/391 - 24s - loss: 0.2793 - accuracy: 0.9138 - val_loss: 0.4001 - val_accuracy: 0.8889
Epoch 93/350
391/391 - 24s - loss: 0.2761 - accuracy: 0.9164 - val_loss: 0.4233 - val_accuracy: 0.8813
Epoch 94/350
391/391 - 24s - loss: 0.2751 - accuracy: 0.9161 - val_loss: 0.4265 - val_accuracy: 0.8813
Epoch 95/350
391/391 - 24s - loss: 0.2662 - accuracy: 0.9198 - val_loss: 0.4288 - val_accuracy: 0.8824
Epoch 96/350
391/391 - 24s - loss: 0.2721 - accuracy: 0.9163 - val_loss: 0.4376 - val_accuracy: 0.8806
Epoch 97/350
391/391 - 24s - loss: 0.2650 - accuracy: 0.9191 - val_loss: 0.4127 - val_accuracy: 0.8912
Epoch 98/350
391/391 - 23s - loss: 0.2669 - accuracy: 0.9190 - val_loss: 0.4119 - val_accuracy: 0.8857
Epoch 99/350
391/391 - 24s - loss: 0.2641 - accuracy: 0.9199 - val_loss: 0.4324 - val_accuracy: 0.8833
Epoch 100/350


Snapshot weight 7 shuffle 2 at epoch 100
Layer 11
Getting activations...


391/391 - 24s - loss: 0.2607 - accuracy: 0.9209 - val_loss: 0.4279 - val_accuracy: 0.8857
Epoch 101/350
391/391 - 24s - loss: 0.2554 - accuracy: 0.9220 - val_loss: 0.3942 - val_accuracy: 0.8896
Epoch 102/350
391/391 - 24s - loss: 0.2604 - accuracy: 0.9208 - val_loss: 0.4271 - val_accuracy: 0.8847
Epoch 103/350
391/391 - 24s - loss: 0.2591 - accuracy: 0.9209 - val_loss: 0.3886 - val_accuracy: 0.8914
Epoch 104/350
391/391 - 24s - loss: 0.2554 - accuracy: 0.9227 - val_loss: 0.4046 - val_accuracy: 0.8887
Epoch 105/350
391/391 - 24s - loss: 0.2557 - accuracy: 0.9230 - val_loss: 0.4145 - val_accuracy: 0.8879
Epoch 106/350
391/391 - 24s - loss: 0.2514 - accuracy: 0.9253 - val_loss: 0.4390 - val_accuracy: 0.8821
Epoch 107/350
391/391 - 23s - loss: 0.2484 - accuracy: 0.9271 - val_loss: 0.4096 - val_accuracy: 0.8893
Epoch 108/350
391/391 - 24s - loss: 0.2443 - accuracy: 0.9274 - val_loss: 0.4158 - val_accuracy: 0.8871
Epoch 109/350
391/391 - 24s - loss: 0.2441 - accuracy: 0.9268 - val_loss: 0.4292 - val_accuracy: 0.8864
Epoch 110/350
391/391 - 24s - loss: 0.2507 - accuracy: 0.9251 - val_loss: 0.3927 - val_accuracy: 0.8900
Epoch 111/350
391/391 - 24s - loss: 0.2431 - accuracy: 0.9279 - val_loss: 0.4596 - val_accuracy: 0.8825
Epoch 112/350
391/391 - 24s - loss: 0.2437 - accuracy: 0.9271 - val_loss: 0.4181 - val_accuracy: 0.8903
Epoch 113/350
391/391 - 24s - loss: 0.2388 - accuracy: 0.9279 - val_loss: 0.4380 - val_accuracy: 0.8885
Epoch 114/350
391/391 - 24s - loss: 0.2388 - accuracy: 0.9292 - val_loss: 0.4207 - val_accuracy: 0.8925
Epoch 115/350
391/391 - 24s - loss: 0.2353 - accuracy: 0.9313 - val_loss: 0.3927 - val_accuracy: 0.8962
Epoch 116/350
391/391 - 24s - loss: 0.2433 - accuracy: 0.9275 - val_loss: 0.4118 - val_accuracy: 0.8939
Epoch 117/350
391/391 - 24s - loss: 0.2317 - accuracy: 0.9327 - val_loss: 0.4169 - val_accuracy: 0.8958
Epoch 118/350
391/391 - 24s - loss: 0.2317 - accuracy: 0.9327 - val_loss: 0.4094 - val_accuracy: 0.8912
Epoch 119/350
391/391 - 24s - loss: 0.2333 - accuracy: 0.9307 - val_loss: 0.4217 - val_accuracy: 0.8889
Epoch 120/350
391/391 - 23s - loss: 0.2277 - accuracy: 0.9336 - val_loss: 0.4551 - val_accuracy: 0.8872
Epoch 121/350
391/391 - 24s - loss: 0.2339 - accuracy: 0.9312 - val_loss: 0.3980 - val_accuracy: 0.8948
Epoch 122/350
391/391 - 24s - loss: 0.2309 - accuracy: 0.9325 - val_loss: 0.4219 - val_accuracy: 0.8875
Epoch 123/350
391/391 - 24s - loss: 0.2283 - accuracy: 0.9335 - val_loss: 0.4389 - val_accuracy: 0.8855
Epoch 124/350
391/391 - 24s - loss: 0.2289 - accuracy: 0.9339 - val_loss: 0.4361 - val_accuracy: 0.8903
Epoch 125/350
391/391 - 24s - loss: 0.2266 - accuracy: 0.9353 - val_loss: 0.4564 - val_accuracy: 0.8829
Epoch 126/350
391/391 - 24s - loss: 0.2248 - accuracy: 0.9344 - val_loss: 0.4404 - val_accuracy: 0.8899
Epoch 127/350
391/391 - 24s - loss: 0.2200 - accuracy: 0.9355 - val_loss: 0.4458 - val_accuracy: 0.8899
Epoch 128/350
391/391 - 24s - loss: 0.2209 - accuracy: 0.9349 - val_loss: 0.4400 - val_accuracy: 0.8899
Epoch 129/350
391/391 - 23s - loss: 0.2202 - accuracy: 0.9355 - val_loss: 0.4294 - val_accuracy: 0.8944
Epoch 130/350
391/391 - 24s - loss: 0.2168 - accuracy: 0.9370 - val_loss: 0.4080 - val_accuracy: 0.8942
Epoch 131/350
391/391 - 24s - loss: 0.2192 - accuracy: 0.9372 - val_loss: 0.4102 - val_accuracy: 0.8942
Epoch 132/350
391/391 - 24s - loss: 0.2159 - accuracy: 0.9390 - val_loss: 0.4304 - val_accuracy: 0.8894
Epoch 133/350
391/391 - 23s - loss: 0.2134 - accuracy: 0.9391 - val_loss: 0.4357 - val_accuracy: 0.8909
Epoch 134/350
391/391 - 24s - loss: 0.2130 - accuracy: 0.9389 - val_loss: 0.4380 - val_accuracy: 0.8918
Epoch 135/350
391/391 - 24s - loss: 0.2122 - accuracy: 0.9381 - val_loss: 0.4278 - val_accuracy: 0.8920
Epoch 136/350
391/391 - 24s - loss: 0.2099 - accuracy: 0.9399 - val_loss: 0.4395 - val_accuracy: 0.8913
Epoch 137/350
391/391 - 24s - loss: 0.2142 - accuracy: 0.9386 - val_loss: 0.4205 - val_accuracy: 0.8953
Epoch 138/350
391/391 - 24s - loss: 0.2112 - accuracy: 0.9398 - val_loss: 0.4172 - val_accuracy: 0.8936
Epoch 139/350
391/391 - 24s - loss: 0.2113 - accuracy: 0.9400 - val_loss: 0.4319 - val_accuracy: 0.8963
Epoch 140/350
391/391 - 24s - loss: 0.2077 - accuracy: 0.9401 - val_loss: 0.4089 - val_accuracy: 0.8975
Epoch 141/350
391/391 - 24s - loss: 0.2075 - accuracy: 0.9407 - val_loss: 0.4199 - val_accuracy: 0.8894
Epoch 142/350
391/391 - 24s - loss: 0.2072 - accuracy: 0.9405 - val_loss: 0.4262 - val_accuracy: 0.8967
Epoch 143/350
391/391 - 24s - loss: 0.2000 - accuracy: 0.9449 - val_loss: 0.4208 - val_accuracy: 0.8950
Epoch 144/350
391/391 - 24s - loss: 0.2000 - accuracy: 0.9450 - val_loss: 0.4230 - val_accuracy: 0.8931
Epoch 145/350
391/391 - 23s - loss: 0.2046 - accuracy: 0.9422 - val_loss: 0.4420 - val_accuracy: 0.8924
Epoch 146/350
391/391 - 23s - loss: 0.1996 - accuracy: 0.9424 - val_loss: 0.4386 - val_accuracy: 0.8954
Epoch 147/350
391/391 - 24s - loss: 0.2016 - accuracy: 0.9432 - val_loss: 0.4344 - val_accuracy: 0.8896
Epoch 148/350
391/391 - 23s - loss: 0.2001 - accuracy: 0.9440 - val_loss: 0.4773 - val_accuracy: 0.8861
Epoch 149/350
391/391 - 24s - loss: 0.1988 - accuracy: 0.9439 - val_loss: 0.4238 - val_accuracy: 0.8983
Epoch 150/350


Snapshot weight 7 shuffle 2 at epoch 150
Layer 11
Getting activations...


391/391 - 24s - loss: 0.1986 - accuracy: 0.9448 - val_loss: 0.4074 - val_accuracy: 0.8980
Epoch 151/350
391/391 - 24s - loss: 0.1942 - accuracy: 0.9453 - val_loss: 0.4505 - val_accuracy: 0.8879
Epoch 152/350
391/391 - 23s - loss: 0.1948 - accuracy: 0.9458 - val_loss: 0.4379 - val_accuracy: 0.8967
Epoch 153/350
391/391 - 24s - loss: 0.1914 - accuracy: 0.9473 - val_loss: 0.4398 - val_accuracy: 0.8955
Epoch 154/350
391/391 - 24s - loss: 0.1951 - accuracy: 0.9453 - val_loss: 0.4259 - val_accuracy: 0.8989
Epoch 155/350
391/391 - 24s - loss: 0.1926 - accuracy: 0.9474 - val_loss: 0.4850 - val_accuracy: 0.8881
Epoch 156/350
391/391 - 24s - loss: 0.1947 - accuracy: 0.9458 - val_loss: 0.4773 - val_accuracy: 0.8833
Epoch 157/350
391/391 - 24s - loss: 0.1942 - accuracy: 0.9459 - val_loss: 0.4246 - val_accuracy: 0.8973
Epoch 158/350
391/391 - 23s - loss: 0.1920 - accuracy: 0.9466 - val_loss: 0.4564 - val_accuracy: 0.8952
Epoch 159/350
391/391 - 24s - loss: 0.1886 - accuracy: 0.9480 - val_loss: 0.4614 - val_accuracy: 0.8955
Epoch 160/350
391/391 - 24s - loss: 0.1880 - accuracy: 0.9488 - val_loss: 0.4419 - val_accuracy: 0.8935
Epoch 161/350
391/391 - 24s - loss: 0.1851 - accuracy: 0.9492 - val_loss: 0.4369 - val_accuracy: 0.8946
Epoch 162/350
391/391 - 23s - loss: 0.1856 - accuracy: 0.9502 - val_loss: 0.4746 - val_accuracy: 0.8926
Epoch 163/350
391/391 - 23s - loss: 0.1881 - accuracy: 0.9485 - val_loss: 0.4144 - val_accuracy: 0.8962
Epoch 164/350
391/391 - 24s - loss: 0.1834 - accuracy: 0.9508 - val_loss: 0.4549 - val_accuracy: 0.8955
Epoch 165/350
391/391 - 24s - loss: 0.1847 - accuracy: 0.9490 - val_loss: 0.4627 - val_accuracy: 0.8937
Epoch 166/350
391/391 - 24s - loss: 0.1860 - accuracy: 0.9497 - val_loss: 0.4775 - val_accuracy: 0.8896
Epoch 167/350
391/391 - 24s - loss: 0.1837 - accuracy: 0.9499 - val_loss: 0.4686 - val_accuracy: 0.8932
Epoch 168/350
391/391 - 24s - loss: 0.1828 - accuracy: 0.9495 - val_loss: 0.4342 - val_accuracy: 0.9015
Epoch 169/350
391/391 - 23s - loss: 0.1809 - accuracy: 0.9519 - val_loss: 0.4289 - val_accuracy: 0.8991
Epoch 170/350
391/391 - 24s - loss: 0.1857 - accuracy: 0.9500 - val_loss: 0.4507 - val_accuracy: 0.8959
Epoch 171/350
391/391 - 24s - loss: 0.1787 - accuracy: 0.9512 - val_loss: 0.4679 - val_accuracy: 0.8900
Epoch 172/350
391/391 - 24s - loss: 0.1788 - accuracy: 0.9529 - val_loss: 0.4471 - val_accuracy: 0.8999
Epoch 173/350
391/391 - 24s - loss: 0.1787 - accuracy: 0.9520 - val_loss: 0.4695 - val_accuracy: 0.8936
Epoch 174/350
391/391 - 24s - loss: 0.1824 - accuracy: 0.9512 - val_loss: 0.4286 - val_accuracy: 0.8955
Epoch 175/350
391/391 - 24s - loss: 0.1753 - accuracy: 0.9543 - val_loss: 0.4598 - val_accuracy: 0.8952
Epoch 176/350
391/391 - 24s - loss: 0.1788 - accuracy: 0.9529 - val_loss: 0.4526 - val_accuracy: 0.8937
Epoch 177/350
391/391 - 24s - loss: 0.1736 - accuracy: 0.9534 - val_loss: 0.4309 - val_accuracy: 0.8956
Epoch 178/350
391/391 - 24s - loss: 0.1745 - accuracy: 0.9534 - val_loss: 0.4548 - val_accuracy: 0.8958
Epoch 179/350
391/391 - 23s - loss: 0.1762 - accuracy: 0.9525 - val_loss: 0.4312 - val_accuracy: 0.8984
Epoch 180/350
391/391 - 24s - loss: 0.1735 - accuracy: 0.9550 - val_loss: 0.4746 - val_accuracy: 0.8927
Epoch 181/350
391/391 - 24s - loss: 0.1763 - accuracy: 0.9530 - val_loss: 0.4439 - val_accuracy: 0.8954
Epoch 182/350
391/391 - 24s - loss: 0.1770 - accuracy: 0.9535 - val_loss: 0.4461 - val_accuracy: 0.8976
Epoch 183/350
391/391 - 23s - loss: 0.1698 - accuracy: 0.9555 - val_loss: 0.4423 - val_accuracy: 0.8977
Epoch 184/350
391/391 - 23s - loss: 0.1738 - accuracy: 0.9540 - val_loss: 0.4549 - val_accuracy: 0.8995
Epoch 185/350
391/391 - 24s - loss: 0.1752 - accuracy: 0.9543 - val_loss: 0.4821 - val_accuracy: 0.8883
Epoch 186/350
391/391 - 24s - loss: 0.1730 - accuracy: 0.9552 - val_loss: 0.4658 - val_accuracy: 0.8977
Epoch 187/350
391/391 - 24s - loss: 0.1719 - accuracy: 0.9552 - val_loss: 0.4509 - val_accuracy: 0.8989
Epoch 188/350
391/391 - 24s - loss: 0.1707 - accuracy: 0.9555 - val_loss: 0.4353 - val_accuracy: 0.8986
Epoch 189/350
391/391 - 24s - loss: 0.1673 - accuracy: 0.9579 - val_loss: 0.4855 - val_accuracy: 0.8913
Epoch 190/350
391/391 - 24s - loss: 0.1764 - accuracy: 0.9527 - val_loss: 0.4811 - val_accuracy: 0.8911
Epoch 191/350
391/391 - 23s - loss: 0.1707 - accuracy: 0.9557 - val_loss: 0.4582 - val_accuracy: 0.8971
Epoch 192/350
391/391 - 24s - loss: 0.1664 - accuracy: 0.9574 - val_loss: 0.4540 - val_accuracy: 0.9015
Epoch 193/350
391/391 - 24s - loss: 0.1702 - accuracy: 0.9563 - val_loss: 0.4832 - val_accuracy: 0.8928
Epoch 194/350
391/391 - 24s - loss: 0.1665 - accuracy: 0.9571 - val_loss: 0.4579 - val_accuracy: 0.8943
Epoch 195/350
391/391 - 24s - loss: 0.1709 - accuracy: 0.9555 - val_loss: 0.4606 - val_accuracy: 0.8970
Epoch 196/350
391/391 - 24s - loss: 0.1689 - accuracy: 0.9561 - val_loss: 0.4437 - val_accuracy: 0.9024
Epoch 197/350
391/391 - 24s - loss: 0.1649 - accuracy: 0.9580 - val_loss: 0.4506 - val_accuracy: 0.8956
Epoch 198/350
391/391 - 23s - loss: 0.1652 - accuracy: 0.9571 - val_loss: 0.4679 - val_accuracy: 0.9015
Epoch 199/350
391/391 - 24s - loss: 0.1665 - accuracy: 0.9565 - val_loss: 0.4840 - val_accuracy: 0.8980
Epoch 200/350


Snapshot weight 7 shuffle 2 at epoch 200
Layer 11
Getting activations...


391/391 - 24s - loss: 0.1656 - accuracy: 0.9577 - val_loss: 0.4949 - val_accuracy: 0.8939
Epoch 201/350
391/391 - 24s - loss: 0.1399 - accuracy: 0.9674 - val_loss: 0.4537 - val_accuracy: 0.9045
Epoch 202/350
391/391 - 24s - loss: 0.1290 - accuracy: 0.9710 - val_loss: 0.4513 - val_accuracy: 0.9060
Epoch 203/350
391/391 - 24s - loss: 0.1231 - accuracy: 0.9732 - val_loss: 0.4514 - val_accuracy: 0.9059
Epoch 204/350
391/391 - 24s - loss: 0.1198 - accuracy: 0.9736 - val_loss: 0.4658 - val_accuracy: 0.9058
Epoch 205/350
391/391 - 24s - loss: 0.1205 - accuracy: 0.9731 - val_loss: 0.4518 - val_accuracy: 0.9088
Epoch 206/350
391/391 - 24s - loss: 0.1215 - accuracy: 0.9732 - val_loss: 0.4641 - val_accuracy: 0.9059
Epoch 207/350
391/391 - 24s - loss: 0.1179 - accuracy: 0.9750 - val_loss: 0.4661 - val_accuracy: 0.9065
Epoch 208/350
391/391 - 24s - loss: 0.1181 - accuracy: 0.9743 - val_loss: 0.4647 - val_accuracy: 0.9075
Epoch 209/350
391/391 - 24s - loss: 0.1129 - accuracy: 0.9766 - val_loss: 0.4644 - val_accuracy: 0.9075
Epoch 210/350
391/391 - 23s - loss: 0.1149 - accuracy: 0.9753 - val_loss: 0.4650 - val_accuracy: 0.9073
Epoch 211/350
391/391 - 24s - loss: 0.1144 - accuracy: 0.9752 - val_loss: 0.4744 - val_accuracy: 0.9085
Epoch 212/350
391/391 - 24s - loss: 0.1144 - accuracy: 0.9753 - val_loss: 0.4767 - val_accuracy: 0.9078
Epoch 213/350
391/391 - 24s - loss: 0.1136 - accuracy: 0.9755 - val_loss: 0.4739 - val_accuracy: 0.9080
Epoch 214/350
391/391 - 24s - loss: 0.1155 - accuracy: 0.9752 - val_loss: 0.4686 - val_accuracy: 0.9079
Epoch 215/350
391/391 - 24s - loss: 0.1125 - accuracy: 0.9768 - val_loss: 0.4705 - val_accuracy: 0.9080
Epoch 216/350
391/391 - 24s - loss: 0.1125 - accuracy: 0.9769 - val_loss: 0.4776 - val_accuracy: 0.9075
Epoch 217/350
391/391 - 24s - loss: 0.1101 - accuracy: 0.9773 - val_loss: 0.4770 - val_accuracy: 0.9067
Epoch 218/350
391/391 - 23s - loss: 0.1070 - accuracy: 0.9781 - val_loss: 0.4813 - val_accuracy: 0.9060
Epoch 219/350
391/391 - 24s - loss: 0.1106 - accuracy: 0.9765 - val_loss: 0.4861 - val_accuracy: 0.9075
Epoch 220/350
391/391 - 24s - loss: 0.1101 - accuracy: 0.9772 - val_loss: 0.4827 - val_accuracy: 0.9083
Epoch 221/350
391/391 - 24s - loss: 0.1114 - accuracy: 0.9764 - val_loss: 0.4827 - val_accuracy: 0.9072
Epoch 222/350
391/391 - 24s - loss: 0.1112 - accuracy: 0.9774 - val_loss: 0.4753 - val_accuracy: 0.9069
Epoch 223/350
391/391 - 24s - loss: 0.1107 - accuracy: 0.9772 - val_loss: 0.4774 - val_accuracy: 0.9082
Epoch 224/350
391/391 - 23s - loss: 0.1065 - accuracy: 0.9784 - val_loss: 0.4823 - val_accuracy: 0.9079
Epoch 225/350
391/391 - 24s - loss: 0.1103 - accuracy: 0.9775 - val_loss: 0.4901 - val_accuracy: 0.9069
Epoch 226/350
391/391 - 23s - loss: 0.1081 - accuracy: 0.9790 - val_loss: 0.4889 - val_accuracy: 0.9085
Epoch 227/350
391/391 - 24s - loss: 0.1077 - accuracy: 0.9777 - val_loss: 0.4783 - val_accuracy: 0.9085
Epoch 228/350
391/391 - 24s - loss: 0.1091 - accuracy: 0.9778 - val_loss: 0.4821 - val_accuracy: 0.9083
Epoch 229/350
391/391 - 24s - loss: 0.1083 - accuracy: 0.9776 - val_loss: 0.4778 - val_accuracy: 0.9087
Epoch 230/350
391/391 - 24s - loss: 0.1086 - accuracy: 0.9783 - val_loss: 0.4906 - val_accuracy: 0.9073
Epoch 231/350
391/391 - 24s - loss: 0.1089 - accuracy: 0.9782 - val_loss: 0.4826 - val_accuracy: 0.9083
Epoch 232/350
391/391 - 24s - loss: 0.1042 - accuracy: 0.9792 - val_loss: 0.4874 - val_accuracy: 0.9089
Epoch 233/350
391/391 - 23s - loss: 0.1064 - accuracy: 0.9788 - val_loss: 0.4889 - val_accuracy: 0.9087
Epoch 234/350
391/391 - 24s - loss: 0.1080 - accuracy: 0.9778 - val_loss: 0.4905 - val_accuracy: 0.9072
Epoch 235/350
391/391 - 24s - loss: 0.1079 - accuracy: 0.9782 - val_loss: 0.4855 - val_accuracy: 0.9080
Epoch 236/350
391/391 - 24s - loss: 0.1047 - accuracy: 0.9792 - val_loss: 0.4920 - val_accuracy: 0.9072
Epoch 237/350
391/391 - 24s - loss: 0.1032 - accuracy: 0.9797 - val_loss: 0.4877 - val_accuracy: 0.9088
Epoch 238/350
391/391 - 24s - loss: 0.1073 - accuracy: 0.9783 - val_loss: 0.4892 - val_accuracy: 0.9073
Epoch 239/350
391/391 - 23s - loss: 0.1072 - accuracy: 0.9787 - val_loss: 0.4830 - val_accuracy: 0.9102
Epoch 240/350
391/391 - 24s - loss: 0.1053 - accuracy: 0.9789 - val_loss: 0.4854 - val_accuracy: 0.9091
Epoch 241/350
391/391 - 23s - loss: 0.1036 - accuracy: 0.9797 - val_loss: 0.4910 - val_accuracy: 0.9105
Epoch 242/350
391/391 - 24s - loss: 0.1057 - accuracy: 0.9789 - val_loss: 0.4863 - val_accuracy: 0.9092
Epoch 243/350
391/391 - 23s - loss: 0.1068 - accuracy: 0.9784 - val_loss: 0.4779 - val_accuracy: 0.9093
Epoch 244/350
391/391 - 24s - loss: 0.1088 - accuracy: 0.9774 - val_loss: 0.4850 - val_accuracy: 0.9074
Epoch 245/350
391/391 - 24s - loss: 0.1038 - accuracy: 0.9787 - val_loss: 0.5005 - val_accuracy: 0.9069
Epoch 246/350
391/391 - 24s - loss: 0.1031 - accuracy: 0.9790 - val_loss: 0.5091 - val_accuracy: 0.9068
Epoch 247/350
391/391 - 24s - loss: 0.1040 - accuracy: 0.9794 - val_loss: 0.4903 - val_accuracy: 0.9084
Epoch 248/350
391/391 - 24s - loss: 0.1023 - accuracy: 0.9806 - val_loss: 0.5023 - val_accuracy: 0.9060
Epoch 249/350
391/391 - 24s - loss: 0.1060 - accuracy: 0.9783 - val_loss: 0.4900 - val_accuracy: 0.9076
Epoch 250/350


Snapshot weight 7 shuffle 2 at epoch 250
Layer 11
Getting activations...


391/391 - 24s - loss: 0.1052 - accuracy: 0.9788 - val_loss: 0.4827 - val_accuracy: 0.9073
Epoch 251/350
391/391 - 24s - loss: 0.1019 - accuracy: 0.9804 - val_loss: 0.4871 - val_accuracy: 0.9078
Epoch 252/350
391/391 - 24s - loss: 0.1022 - accuracy: 0.9797 - val_loss: 0.4851 - val_accuracy: 0.9096
Epoch 253/350
391/391 - 24s - loss: 0.1017 - accuracy: 0.9800 - val_loss: 0.4851 - val_accuracy: 0.9082
Epoch 254/350
391/391 - 24s - loss: 0.1025 - accuracy: 0.9796 - val_loss: 0.4892 - val_accuracy: 0.9088
Epoch 255/350
391/391 - 24s - loss: 0.1007 - accuracy: 0.9806 - val_loss: 0.4918 - val_accuracy: 0.9081
Epoch 256/350
391/391 - 23s - loss: 0.1036 - accuracy: 0.9799 - val_loss: 0.4910 - val_accuracy: 0.9078
Epoch 257/350
391/391 - 24s - loss: 0.1027 - accuracy: 0.9799 - val_loss: 0.4889 - val_accuracy: 0.9088
Epoch 258/350
391/391 - 24s - loss: 0.1003 - accuracy: 0.9810 - val_loss: 0.4915 - val_accuracy: 0.9085
Epoch 259/350
391/391 - 24s - loss: 0.1024 - accuracy: 0.9800 - val_loss: 0.4912 - val_accuracy: 0.9093
Epoch 260/350
391/391 - 24s - loss: 0.1014 - accuracy: 0.9802 - val_loss: 0.4906 - val_accuracy: 0.9080
Epoch 261/350
391/391 - 24s - loss: 0.1024 - accuracy: 0.9803 - val_loss: 0.4890 - val_accuracy: 0.9082
Epoch 262/350
391/391 - 24s - loss: 0.1017 - accuracy: 0.9803 - val_loss: 0.4921 - val_accuracy: 0.9090
Epoch 263/350
391/391 - 23s - loss: 0.0996 - accuracy: 0.9815 - val_loss: 0.4924 - val_accuracy: 0.9085
Epoch 264/350
391/391 - 24s - loss: 0.0988 - accuracy: 0.9810 - val_loss: 0.4959 - val_accuracy: 0.9084
Epoch 265/350
391/391 - 24s - loss: 0.0987 - accuracy: 0.9815 - val_loss: 0.4930 - val_accuracy: 0.9085
Epoch 266/350
391/391 - 24s - loss: 0.0993 - accuracy: 0.9810 - val_loss: 0.4926 - val_accuracy: 0.9092
Epoch 267/350
391/391 - 24s - loss: 0.0991 - accuracy: 0.9813 - val_loss: 0.4931 - val_accuracy: 0.9083
Epoch 268/350
391/391 - 24s - loss: 0.1004 - accuracy: 0.9803 - val_loss: 0.4924 - val_accuracy: 0.9087
Epoch 269/350
391/391 - 24s - loss: 0.1006 - accuracy: 0.9805 - val_loss: 0.4942 - val_accuracy: 0.9085
Epoch 270/350
391/391 - 23s - loss: 0.0996 - accuracy: 0.9809 - val_loss: 0.4952 - val_accuracy: 0.9081
Epoch 271/350
391/391 - 24s - loss: 0.1008 - accuracy: 0.9810 - val_loss: 0.4928 - val_accuracy: 0.9088
Epoch 272/350
391/391 - 24s - loss: 0.0989 - accuracy: 0.9814 - val_loss: 0.4952 - val_accuracy: 0.9092
Epoch 273/350
391/391 - 24s - loss: 0.0990 - accuracy: 0.9806 - val_loss: 0.4955 - val_accuracy: 0.9090
Epoch 274/350
391/391 - 24s - loss: 0.0996 - accuracy: 0.9806 - val_loss: 0.4952 - val_accuracy: 0.9092
Epoch 275/350
391/391 - 24s - loss: 0.0988 - accuracy: 0.9823 - val_loss: 0.4960 - val_accuracy: 0.9086
Epoch 276/350
391/391 - 24s - loss: 0.0976 - accuracy: 0.9823 - val_loss: 0.4945 - val_accuracy: 0.9093
Epoch 277/350
391/391 - 24s - loss: 0.0980 - accuracy: 0.9814 - val_loss: 0.4949 - val_accuracy: 0.9077
Epoch 278/350
391/391 - 24s - loss: 0.0975 - accuracy: 0.9818 - val_loss: 0.4984 - val_accuracy: 0.9096
Epoch 279/350
391/391 - 24s - loss: 0.1002 - accuracy: 0.9812 - val_loss: 0.4965 - val_accuracy: 0.9091
Epoch 280/350
391/391 - 24s - loss: 0.0988 - accuracy: 0.9819 - val_loss: 0.4958 - val_accuracy: 0.9082
Epoch 281/350
391/391 - 24s - loss: 0.1014 - accuracy: 0.9804 - val_loss: 0.4984 - val_accuracy: 0.9088
Epoch 282/350
391/391 - 24s - loss: 0.0996 - accuracy: 0.9813 - val_loss: 0.4967 - val_accuracy: 0.9087
Epoch 283/350
391/391 - 24s - loss: 0.1002 - accuracy: 0.9807 - val_loss: 0.4965 - val_accuracy: 0.9087
Epoch 284/350
391/391 - 24s - loss: 0.0986 - accuracy: 0.9806 - val_loss: 0.4979 - val_accuracy: 0.9083
Epoch 285/350
391/391 - 24s - loss: 0.1004 - accuracy: 0.9810 - val_loss: 0.4970 - val_accuracy: 0.9085
Epoch 286/350
391/391 - 24s - loss: 0.0999 - accuracy: 0.9812 - val_loss: 0.4964 - val_accuracy: 0.9088
Epoch 287/350
391/391 - 24s - loss: 0.0988 - accuracy: 0.9820 - val_loss: 0.4988 - val_accuracy: 0.9096
Epoch 288/350
391/391 - 24s - loss: 0.1022 - accuracy: 0.9806 - val_loss: 0.4965 - val_accuracy: 0.9101
Epoch 289/350
391/391 - 24s - loss: 0.0966 - accuracy: 0.9818 - val_loss: 0.4976 - val_accuracy: 0.9091
Epoch 290/350
391/391 - 24s - loss: 0.0987 - accuracy: 0.9810 - val_loss: 0.4969 - val_accuracy: 0.9094
Epoch 291/350
391/391 - 24s - loss: 0.0993 - accuracy: 0.9815 - val_loss: 0.4953 - val_accuracy: 0.9086
Epoch 292/350
391/391 - 24s - loss: 0.0993 - accuracy: 0.9814 - val_loss: 0.4959 - val_accuracy: 0.9090
Epoch 293/350
391/391 - 24s - loss: 0.0975 - accuracy: 0.9817 - val_loss: 0.4974 - val_accuracy: 0.9085
Epoch 294/350
391/391 - 24s - loss: 0.1001 - accuracy: 0.9813 - val_loss: 0.4988 - val_accuracy: 0.9102
Epoch 295/350
391/391 - 24s - loss: 0.0981 - accuracy: 0.9812 - val_loss: 0.4984 - val_accuracy: 0.9096
Epoch 296/350
391/391 - 24s - loss: 0.0986 - accuracy: 0.9813 - val_loss: 0.4967 - val_accuracy: 0.9087
Epoch 297/350
391/391 - 24s - loss: 0.1006 - accuracy: 0.9808 - val_loss: 0.4977 - val_accuracy: 0.9090
Epoch 298/350
391/391 - 24s - loss: 0.0988 - accuracy: 0.9814 - val_loss: 0.4985 - val_accuracy: 0.9088
Epoch 299/350
391/391 - 24s - loss: 0.0983 - accuracy: 0.9807 - val_loss: 0.4993 - val_accuracy: 0.9092
Epoch 300/350


Snapshot weight 7 shuffle 2 at epoch 300
Layer 11
Getting activations...


391/391 - 24s - loss: 0.1006 - accuracy: 0.9813 - val_loss: 0.4999 - val_accuracy: 0.9080
Epoch 301/350
391/391 - 24s - loss: 0.1017 - accuracy: 0.9800 - val_loss: 0.4996 - val_accuracy: 0.9077
Epoch 302/350
391/391 - 24s - loss: 0.1012 - accuracy: 0.9810 - val_loss: 0.4992 - val_accuracy: 0.9079
Epoch 303/350
391/391 - 24s - loss: 0.0993 - accuracy: 0.9814 - val_loss: 0.4992 - val_accuracy: 0.9077
Epoch 304/350
391/391 - 24s - loss: 0.1002 - accuracy: 0.9807 - val_loss: 0.4992 - val_accuracy: 0.9078
Epoch 305/350
391/391 - 24s - loss: 0.0979 - accuracy: 0.9818 - val_loss: 0.4992 - val_accuracy: 0.9080
Epoch 306/350
391/391 - 24s - loss: 0.1003 - accuracy: 0.9809 - val_loss: 0.4994 - val_accuracy: 0.9082
Epoch 307/350
391/391 - 24s - loss: 0.0969 - accuracy: 0.9828 - val_loss: 0.4994 - val_accuracy: 0.9083
Epoch 308/350
391/391 - 24s - loss: 0.0977 - accuracy: 0.9812 - val_loss: 0.4994 - val_accuracy: 0.9086
Epoch 309/350
391/391 - 24s - loss: 0.0989 - accuracy: 0.9808 - val_loss: 0.4991 - val_accuracy: 0.9087
Epoch 310/350
391/391 - 24s - loss: 0.0977 - accuracy: 0.9815 - val_loss: 0.4996 - val_accuracy: 0.9086
Epoch 311/350
391/391 - 24s - loss: 0.0989 - accuracy: 0.9816 - val_loss: 0.4994 - val_accuracy: 0.9083
Epoch 312/350
391/391 - 24s - loss: 0.0984 - accuracy: 0.9814 - val_loss: 0.4997 - val_accuracy: 0.9082
Epoch 313/350
391/391 - 24s - loss: 0.0982 - accuracy: 0.9815 - val_loss: 0.4995 - val_accuracy: 0.9084
Epoch 314/350
391/391 - 24s - loss: 0.0984 - accuracy: 0.9817 - val_loss: 0.4994 - val_accuracy: 0.9087
Epoch 315/350
391/391 - 24s - loss: 0.0973 - accuracy: 0.9815 - val_loss: 0.4993 - val_accuracy: 0.9082
Epoch 316/350
391/391 - 24s - loss: 0.0999 - accuracy: 0.9810 - val_loss: 0.4992 - val_accuracy: 0.9082
Epoch 317/350
391/391 - 24s - loss: 0.0980 - accuracy: 0.9818 - val_loss: 0.4996 - val_accuracy: 0.9084
Epoch 318/350
391/391 - 24s - loss: 0.0994 - accuracy: 0.9807 - val_loss: 0.4995 - val_accuracy: 0.9083
Epoch 319/350
391/391 - 24s - loss: 0.1005 - accuracy: 0.9798 - val_loss: 0.4989 - val_accuracy: 0.9084
Epoch 320/350
391/391 - 24s - loss: 0.0991 - accuracy: 0.9809 - val_loss: 0.4991 - val_accuracy: 0.9085
Epoch 321/350
391/391 - 24s - loss: 0.1010 - accuracy: 0.9804 - val_loss: 0.4990 - val_accuracy: 0.9088
Epoch 322/350
391/391 - 24s - loss: 0.0997 - accuracy: 0.9805 - val_loss: 0.4991 - val_accuracy: 0.9086
Epoch 323/350
391/391 - 24s - loss: 0.0987 - accuracy: 0.9814 - val_loss: 0.4991 - val_accuracy: 0.9088
Epoch 324/350
391/391 - 23s - loss: 0.0989 - accuracy: 0.9812 - val_loss: 0.4992 - val_accuracy: 0.9088
Epoch 325/350
391/391 - 24s - loss: 0.0987 - accuracy: 0.9811 - val_loss: 0.4996 - val_accuracy: 0.9087
Epoch 326/350
391/391 - 24s - loss: 0.0992 - accuracy: 0.9810 - val_loss: 0.4994 - val_accuracy: 0.9087
Epoch 327/350
391/391 - 24s - loss: 0.0991 - accuracy: 0.9811 - val_loss: 0.4991 - val_accuracy: 0.9086
Epoch 328/350
391/391 - 24s - loss: 0.0979 - accuracy: 0.9823 - val_loss: 0.4989 - val_accuracy: 0.9087
Epoch 329/350
391/391 - 24s - loss: 0.0991 - accuracy: 0.9805 - val_loss: 0.4990 - val_accuracy: 0.9085
Epoch 330/350
391/391 - 24s - loss: 0.1004 - accuracy: 0.9810 - val_loss: 0.4987 - val_accuracy: 0.9088
Epoch 331/350
391/391 - 24s - loss: 0.0980 - accuracy: 0.9814 - val_loss: 0.4985 - val_accuracy: 0.9084
Epoch 332/350
391/391 - 24s - loss: 0.1004 - accuracy: 0.9807 - val_loss: 0.4987 - val_accuracy: 0.9084
Epoch 333/350
391/391 - 24s - loss: 0.1013 - accuracy: 0.9803 - val_loss: 0.4987 - val_accuracy: 0.9085
Epoch 334/350
391/391 - 24s - loss: 0.1019 - accuracy: 0.9803 - val_loss: 0.4986 - val_accuracy: 0.9084
Epoch 335/350
391/391 - 24s - loss: 0.0976 - accuracy: 0.9817 - val_loss: 0.4986 - val_accuracy: 0.9085
Epoch 336/350
391/391 - 24s - loss: 0.0984 - accuracy: 0.9813 - val_loss: 0.4983 - val_accuracy: 0.9085
Epoch 337/350
391/391 - 24s - loss: 0.1000 - accuracy: 0.9814 - val_loss: 0.4984 - val_accuracy: 0.9087
Epoch 338/350
391/391 - 24s - loss: 0.1008 - accuracy: 0.9800 - val_loss: 0.4980 - val_accuracy: 0.9083
Epoch 339/350
391/391 - 24s - loss: 0.0969 - accuracy: 0.9824 - val_loss: 0.4979 - val_accuracy: 0.9082
Epoch 340/350
391/391 - 24s - loss: 0.1016 - accuracy: 0.9806 - val_loss: 0.4978 - val_accuracy: 0.9085
Epoch 341/350
391/391 - 24s - loss: 0.0977 - accuracy: 0.9820 - val_loss: 0.4977 - val_accuracy: 0.9084
Epoch 342/350
391/391 - 24s - loss: 0.0981 - accuracy: 0.9816 - val_loss: 0.4975 - val_accuracy: 0.9083
Epoch 343/350
391/391 - 24s - loss: 0.0985 - accuracy: 0.9806 - val_loss: 0.4977 - val_accuracy: 0.9084
Epoch 344/350
391/391 - 24s - loss: 0.0998 - accuracy: 0.9808 - val_loss: 0.4980 - val_accuracy: 0.9082
Epoch 345/350
391/391 - 24s - loss: 0.0981 - accuracy: 0.9816 - val_loss: 0.4986 - val_accuracy: 0.9082
Epoch 346/350
391/391 - 24s - loss: 0.0992 - accuracy: 0.9812 - val_loss: 0.4986 - val_accuracy: 0.9083
Epoch 347/350
391/391 - 24s - loss: 0.0993 - accuracy: 0.9811 - val_loss: 0.4983 - val_accuracy: 0.9088
Epoch 348/350
391/391 - 24s - loss: 0.0994 - accuracy: 0.9815 - val_loss: 0.4982 - val_accuracy: 0.9088
Epoch 349/350
391/391 - 24s - loss: 0.1000 - accuracy: 0.9809 - val_loss: 0.4979 - val_accuracy: 0.9087
Epoch 350/350


Snapshot weight 7 shuffle 2 at epoch 350
Layer 11
Getting activations...


391/391 - 24s - loss: 0.0978 - accuracy: 0.9817 - val_loss: 0.4979 - val_accuracy: 0.9084
/usr/local/lib/python3.6/dist-packages/tensorflow/python/autograph/impl/api.py:493: UserWarning: fill_value is not supported and is always 0 for TensorFlow < 2.4.0.
  return py_builtins.overload_of(f)(*args)
WARNING:tensorflow:From /usr/local/lib/python3.6/dist-packages/tensorflow/python/training/tracking/tracking.py:111: Model.state_updates (from tensorflow.python.keras.engine.training) is deprecated and will be removed in a future version.
Instructions for updating:
This property should not be used in TensorFlow 2.0, as updates are applied automatically.
2021-07-02 02:00:37.734044: W tensorflow/python/util/util.cc:348] Sets are not currently considered sequences, but this may change in the future, so consider avoiding using them.
WARNING:tensorflow:From /usr/local/lib/python3.6/dist-packages/tensorflow/python/training/tracking/tracking.py:111: Layer.updates (from tensorflow.python.keras.engine.base_layer) is deprecated and will be removed in a future version.
Instructions for updating:
This property should not be used in TensorFlow 2.0, as updates are applied automatically.
Saving, final validation acc: 0.9083999991416931
