2021-07-02 14:51:47.906375: I tensorflow/stream_executor/platform/default/dso_loader.cc:48] Successfully opened dynamic library libcudart.so.10.1
2021-07-02 14:53:11.423103: I tensorflow/stream_executor/platform/default/dso_loader.cc:48] Successfully opened dynamic library libcuda.so.1
2021-07-02 14:53:11.459146: I tensorflow/core/common_runtime/gpu/gpu_device.cc:1716] Found device 0 with properties: 
pciBusID: 0000:03:00.0 name: NVIDIA TITAN Xp computeCapability: 6.1
coreClock: 1.582GHz coreCount: 30 deviceMemorySize: 11.91GiB deviceMemoryBandwidth: 510.07GiB/s
2021-07-02 14:53:11.459223: I tensorflow/stream_executor/platform/default/dso_loader.cc:48] Successfully opened dynamic library libcudart.so.10.1
2021-07-02 14:53:11.503518: I tensorflow/stream_executor/platform/default/dso_loader.cc:48] Successfully opened dynamic library libcublas.so.10
2021-07-02 14:53:11.526305: I tensorflow/stream_executor/platform/default/dso_loader.cc:48] Successfully opened dynamic library libcufft.so.10
2021-07-02 14:53:11.535021: I tensorflow/stream_executor/platform/default/dso_loader.cc:48] Successfully opened dynamic library libcurand.so.10
2021-07-02 14:53:11.581927: I tensorflow/stream_executor/platform/default/dso_loader.cc:48] Successfully opened dynamic library libcusolver.so.10
2021-07-02 14:53:11.590714: I tensorflow/stream_executor/platform/default/dso_loader.cc:48] Successfully opened dynamic library libcusparse.so.10
2021-07-02 14:53:11.671308: I tensorflow/stream_executor/platform/default/dso_loader.cc:48] Successfully opened dynamic library libcudnn.so.7
2021-07-02 14:53:11.675195: I tensorflow/core/common_runtime/gpu/gpu_device.cc:1858] Adding visible gpu devices: 0
2021-07-02 14:53:11.679035: I tensorflow/core/platform/cpu_feature_guard.cc:142] This TensorFlow binary is optimized with oneAPI Deep Neural Network Library (oneDNN)to use the following CPU instructions in performance-critical operations:  AVX2 FMA
To enable them in other operations, rebuild TensorFlow with the appropriate compiler flags.
2021-07-02 14:53:11.695111: I tensorflow/core/platform/profile_utils/cpu_utils.cc:104] CPU Frequency: 2600205000 Hz
2021-07-02 14:53:11.695230: I tensorflow/compiler/xla/service/service.cc:168] XLA service 0x4d9d4d0 initialized for platform Host (this does not guarantee that XLA will be used). Devices:
2021-07-02 14:53:11.695250: I tensorflow/compiler/xla/service/service.cc:176]   StreamExecutor device (0): Host, Default Version
2021-07-02 14:53:11.811314: I tensorflow/compiler/xla/service/service.cc:168] XLA service 0x4d7e650 initialized for platform CUDA (this does not guarantee that XLA will be used). Devices:
2021-07-02 14:53:11.811393: I tensorflow/compiler/xla/service/service.cc:176]   StreamExecutor device (0): NVIDIA TITAN Xp, Compute Capability 6.1
2021-07-02 14:53:11.815178: I tensorflow/core/common_runtime/gpu/gpu_device.cc:1716] Found device 0 with properties: 
pciBusID: 0000:03:00.0 name: NVIDIA TITAN Xp computeCapability: 6.1
coreClock: 1.582GHz coreCount: 30 deviceMemorySize: 11.91GiB deviceMemoryBandwidth: 510.07GiB/s
2021-07-02 14:53:11.815219: I tensorflow/stream_executor/platform/default/dso_loader.cc:48] Successfully opened dynamic library libcudart.so.10.1
2021-07-02 14:53:11.815249: I tensorflow/stream_executor/platform/default/dso_loader.cc:48] Successfully opened dynamic library libcublas.so.10
2021-07-02 14:53:11.815267: I tensorflow/stream_executor/platform/default/dso_loader.cc:48] Successfully opened dynamic library libcufft.so.10
2021-07-02 14:53:11.815284: I tensorflow/stream_executor/platform/default/dso_loader.cc:48] Successfully opened dynamic library libcurand.so.10
2021-07-02 14:53:11.815301: I tensorflow/stream_executor/platform/default/dso_loader.cc:48] Successfully opened dynamic library libcusolver.so.10
2021-07-02 14:53:11.815317: I tensorflow/stream_executor/platform/default/dso_loader.cc:48] Successfully opened dynamic library libcusparse.so.10
2021-07-02 14:53:11.815334: I tensorflow/stream_executor/platform/default/dso_loader.cc:48] Successfully opened dynamic library libcudnn.so.7
2021-07-02 14:53:11.823490: I tensorflow/core/common_runtime/gpu/gpu_device.cc:1858] Adding visible gpu devices: 0
2021-07-02 14:53:11.825316: I tensorflow/stream_executor/platform/default/dso_loader.cc:48] Successfully opened dynamic library libcudart.so.10.1
2021-07-02 14:53:13.643180: I tensorflow/core/common_runtime/gpu/gpu_device.cc:1257] Device interconnect StreamExecutor with strength 1 edge matrix:
2021-07-02 14:53:13.643263: I tensorflow/core/common_runtime/gpu/gpu_device.cc:1263]      0 
2021-07-02 14:53:13.643277: I tensorflow/core/common_runtime/gpu/gpu_device.cc:1276] 0:   N 
2021-07-02 14:53:13.650317: I tensorflow/core/common_runtime/gpu/gpu_device.cc:1402] Created TensorFlow device (/job:localhost/replica:0/task:0/device:GPU:0 with 11218 MB memory) -> physical GPU (device: 0, name: NVIDIA TITAN Xp, pci bus id: 0000:03:00.0, compute capability: 6.1)
2021-07-02 14:53:19.364856: I tensorflow/stream_executor/platform/default/dso_loader.cc:48] Successfully opened dynamic library libcudnn.so.7
2021-07-02 14:53:21.869712: I tensorflow/stream_executor/platform/default/dso_loader.cc:48] Successfully opened dynamic library libcublas.so.10
Using model index: 78
Making train data...
GCN...
ZCA...
Done!
Making test data...
Done!
Epoch 1/350


Snapshot weight 8 shuffle 7 at epoch 1
Layer 11
Getting activations...


391/391 - 24s - loss: 2.3122 - accuracy: 0.1196 - val_loss: 2.2668 - val_accuracy: 0.1973
Epoch 2/350


Snapshot weight 8 shuffle 7 at epoch 2
Layer 11
Getting activations...


391/391 - 23s - loss: 2.1474 - accuracy: 0.2162 - val_loss: 2.0107 - val_accuracy: 0.2828
Epoch 3/350


Snapshot weight 8 shuffle 7 at epoch 3
Layer 11
Getting activations...


391/391 - 23s - loss: 1.9542 - accuracy: 0.2969 - val_loss: 1.8038 - val_accuracy: 0.3516
Epoch 4/350


Snapshot weight 8 shuffle 7 at epoch 4
Layer 11
Getting activations...


391/391 - 23s - loss: 1.7218 - accuracy: 0.3896 - val_loss: 1.5837 - val_accuracy: 0.4409
Epoch 5/350


Snapshot weight 8 shuffle 7 at epoch 5
Layer 11
Getting activations...


391/391 - 24s - loss: 1.5969 - accuracy: 0.4380 - val_loss: 1.5667 - val_accuracy: 0.4589
Epoch 6/350


Snapshot weight 8 shuffle 7 at epoch 6
Layer 11
Getting activations...


391/391 - 23s - loss: 1.4857 - accuracy: 0.4815 - val_loss: 1.3235 - val_accuracy: 0.5206
Epoch 7/350


Snapshot weight 8 shuffle 7 at epoch 7
Layer 11
Getting activations...


391/391 - 24s - loss: 1.2924 - accuracy: 0.5439 - val_loss: 1.1168 - val_accuracy: 0.6083
Epoch 8/350


Snapshot weight 8 shuffle 7 at epoch 8
Layer 11
Getting activations...


391/391 - 24s - loss: 1.2043 - accuracy: 0.5770 - val_loss: 1.2926 - val_accuracy: 0.5709
Epoch 9/350


Snapshot weight 8 shuffle 7 at epoch 9
Layer 11
Getting activations...


391/391 - 24s - loss: 1.1352 - accuracy: 0.6039 - val_loss: 1.0820 - val_accuracy: 0.6328
Epoch 10/350


Snapshot weight 8 shuffle 7 at epoch 10
Layer 11
Getting activations...


391/391 - 24s - loss: 1.0908 - accuracy: 0.6218 - val_loss: 1.0499 - val_accuracy: 0.6388
Epoch 11/350
391/391 - 23s - loss: 1.0359 - accuracy: 0.6396 - val_loss: 1.0721 - val_accuracy: 0.6383
Epoch 12/350
391/391 - 23s - loss: 0.9876 - accuracy: 0.6581 - val_loss: 0.9473 - val_accuracy: 0.6774
Epoch 13/350
391/391 - 23s - loss: 0.9402 - accuracy: 0.6758 - val_loss: 0.8464 - val_accuracy: 0.7099
Epoch 14/350
391/391 - 23s - loss: 0.9059 - accuracy: 0.6892 - val_loss: 0.9026 - val_accuracy: 0.6983
Epoch 15/350
391/391 - 23s - loss: 0.8827 - accuracy: 0.6988 - val_loss: 0.8227 - val_accuracy: 0.7275
Epoch 16/350
391/391 - 23s - loss: 0.8485 - accuracy: 0.7099 - val_loss: 0.8159 - val_accuracy: 0.7262
Epoch 17/350
391/391 - 23s - loss: 0.8117 - accuracy: 0.7223 - val_loss: 0.7565 - val_accuracy: 0.7457
Epoch 18/350
391/391 - 23s - loss: 0.7841 - accuracy: 0.7353 - val_loss: 0.7235 - val_accuracy: 0.7594
Epoch 19/350
391/391 - 24s - loss: 0.7564 - accuracy: 0.7446 - val_loss: 0.7385 - val_accuracy: 0.7608
Epoch 20/350
391/391 - 23s - loss: 0.7360 - accuracy: 0.7502 - val_loss: 0.7054 - val_accuracy: 0.7707
Epoch 21/350
391/391 - 23s - loss: 0.7029 - accuracy: 0.7646 - val_loss: 0.6849 - val_accuracy: 0.7827
Epoch 22/350
391/391 - 23s - loss: 0.6841 - accuracy: 0.7726 - val_loss: 0.6415 - val_accuracy: 0.7914
Epoch 23/350
391/391 - 24s - loss: 0.6696 - accuracy: 0.7775 - val_loss: 0.6200 - val_accuracy: 0.7979
Epoch 24/350
391/391 - 23s - loss: 0.6528 - accuracy: 0.7808 - val_loss: 0.6583 - val_accuracy: 0.7904
Epoch 25/350
391/391 - 23s - loss: 0.6358 - accuracy: 0.7882 - val_loss: 0.6645 - val_accuracy: 0.7850
Epoch 26/350
391/391 - 23s - loss: 0.6246 - accuracy: 0.7939 - val_loss: 0.6511 - val_accuracy: 0.7926
Epoch 27/350
391/391 - 23s - loss: 0.6035 - accuracy: 0.8023 - val_loss: 0.5653 - val_accuracy: 0.8158
Epoch 28/350
391/391 - 23s - loss: 0.5918 - accuracy: 0.8051 - val_loss: 0.6146 - val_accuracy: 0.8037
Epoch 29/350
391/391 - 23s - loss: 0.5812 - accuracy: 0.8089 - val_loss: 0.5806 - val_accuracy: 0.8196
Epoch 30/350
391/391 - 23s - loss: 0.5624 - accuracy: 0.8139 - val_loss: 0.5763 - val_accuracy: 0.8209
Epoch 31/350
391/391 - 23s - loss: 0.5578 - accuracy: 0.8152 - val_loss: 0.5881 - val_accuracy: 0.8122
Epoch 32/350
391/391 - 23s - loss: 0.5521 - accuracy: 0.8185 - val_loss: 0.5574 - val_accuracy: 0.8212
Epoch 33/350
391/391 - 23s - loss: 0.5402 - accuracy: 0.8223 - val_loss: 0.5461 - val_accuracy: 0.8309
Epoch 34/350
391/391 - 24s - loss: 0.5291 - accuracy: 0.8268 - val_loss: 0.5777 - val_accuracy: 0.8200
Epoch 35/350
391/391 - 23s - loss: 0.5148 - accuracy: 0.8320 - val_loss: 0.5037 - val_accuracy: 0.8400
Epoch 36/350
391/391 - 24s - loss: 0.5054 - accuracy: 0.8349 - val_loss: 0.5126 - val_accuracy: 0.8368
Epoch 37/350
391/391 - 23s - loss: 0.5071 - accuracy: 0.8347 - val_loss: 0.5365 - val_accuracy: 0.8309
Epoch 38/350
391/391 - 23s - loss: 0.4879 - accuracy: 0.8415 - val_loss: 0.5322 - val_accuracy: 0.8345
Epoch 39/350
391/391 - 23s - loss: 0.4874 - accuracy: 0.8407 - val_loss: 0.5329 - val_accuracy: 0.8366
Epoch 40/350
391/391 - 23s - loss: 0.4790 - accuracy: 0.8459 - val_loss: 0.4969 - val_accuracy: 0.8431
Epoch 41/350
391/391 - 23s - loss: 0.4721 - accuracy: 0.8462 - val_loss: 0.5018 - val_accuracy: 0.8422
Epoch 42/350
391/391 - 23s - loss: 0.4709 - accuracy: 0.8467 - val_loss: 0.5174 - val_accuracy: 0.8392
Epoch 43/350
391/391 - 23s - loss: 0.4602 - accuracy: 0.8507 - val_loss: 0.4796 - val_accuracy: 0.8484
Epoch 44/350
391/391 - 23s - loss: 0.4497 - accuracy: 0.8538 - val_loss: 0.5051 - val_accuracy: 0.8455
Epoch 45/350
391/391 - 24s - loss: 0.4446 - accuracy: 0.8573 - val_loss: 0.5415 - val_accuracy: 0.8378
Epoch 46/350
391/391 - 23s - loss: 0.4371 - accuracy: 0.8584 - val_loss: 0.4811 - val_accuracy: 0.8524
Epoch 47/350
391/391 - 24s - loss: 0.4289 - accuracy: 0.8614 - val_loss: 0.4791 - val_accuracy: 0.8495
Epoch 48/350
391/391 - 23s - loss: 0.4277 - accuracy: 0.8625 - val_loss: 0.4873 - val_accuracy: 0.8477
Epoch 49/350
391/391 - 23s - loss: 0.4268 - accuracy: 0.8626 - val_loss: 0.4440 - val_accuracy: 0.8634
Epoch 50/350


Snapshot weight 8 shuffle 7 at epoch 50
Layer 11
Getting activations...


391/391 - 24s - loss: 0.4153 - accuracy: 0.8659 - val_loss: 0.4726 - val_accuracy: 0.8552
Epoch 51/350
391/391 - 23s - loss: 0.4113 - accuracy: 0.8677 - val_loss: 0.4489 - val_accuracy: 0.8631
Epoch 52/350
391/391 - 24s - loss: 0.4106 - accuracy: 0.8676 - val_loss: 0.4486 - val_accuracy: 0.8648
Epoch 53/350
391/391 - 23s - loss: 0.4031 - accuracy: 0.8712 - val_loss: 0.4799 - val_accuracy: 0.8547
Epoch 54/350
391/391 - 24s - loss: 0.3934 - accuracy: 0.8748 - val_loss: 0.4439 - val_accuracy: 0.8657
Epoch 55/350
391/391 - 23s - loss: 0.3873 - accuracy: 0.8749 - val_loss: 0.4301 - val_accuracy: 0.8683
Epoch 56/350
391/391 - 23s - loss: 0.3930 - accuracy: 0.8734 - val_loss: 0.4550 - val_accuracy: 0.8626
Epoch 57/350
391/391 - 24s - loss: 0.3813 - accuracy: 0.8778 - val_loss: 0.4690 - val_accuracy: 0.8596
Epoch 58/350
391/391 - 23s - loss: 0.3763 - accuracy: 0.8804 - val_loss: 0.4373 - val_accuracy: 0.8649
Epoch 59/350
391/391 - 24s - loss: 0.3728 - accuracy: 0.8809 - val_loss: 0.4857 - val_accuracy: 0.8591
Epoch 60/350
391/391 - 23s - loss: 0.3758 - accuracy: 0.8809 - val_loss: 0.4253 - val_accuracy: 0.8706
Epoch 61/350
391/391 - 23s - loss: 0.3664 - accuracy: 0.8839 - val_loss: 0.4307 - val_accuracy: 0.8681
Epoch 62/350
391/391 - 23s - loss: 0.3627 - accuracy: 0.8845 - val_loss: 0.4410 - val_accuracy: 0.8669
Epoch 63/350
391/391 - 23s - loss: 0.3599 - accuracy: 0.8856 - val_loss: 0.4332 - val_accuracy: 0.8708
Epoch 64/350
391/391 - 24s - loss: 0.3579 - accuracy: 0.8868 - val_loss: 0.4207 - val_accuracy: 0.8739
Epoch 65/350
391/391 - 23s - loss: 0.3537 - accuracy: 0.8873 - val_loss: 0.4379 - val_accuracy: 0.8762
Epoch 66/350
391/391 - 23s - loss: 0.3449 - accuracy: 0.8916 - val_loss: 0.4391 - val_accuracy: 0.8693
Epoch 67/350
391/391 - 23s - loss: 0.3439 - accuracy: 0.8913 - val_loss: 0.4180 - val_accuracy: 0.8748
Epoch 68/350
391/391 - 23s - loss: 0.3391 - accuracy: 0.8924 - val_loss: 0.5109 - val_accuracy: 0.8587
Epoch 69/350
391/391 - 23s - loss: 0.3371 - accuracy: 0.8937 - val_loss: 0.4334 - val_accuracy: 0.8731
Epoch 70/350
391/391 - 24s - loss: 0.3312 - accuracy: 0.8942 - val_loss: 0.4427 - val_accuracy: 0.8696
Epoch 71/350
391/391 - 23s - loss: 0.3345 - accuracy: 0.8946 - val_loss: 0.4253 - val_accuracy: 0.8760
Epoch 72/350
391/391 - 23s - loss: 0.3298 - accuracy: 0.8944 - val_loss: 0.4457 - val_accuracy: 0.8705
Epoch 73/350
391/391 - 23s - loss: 0.3244 - accuracy: 0.8984 - val_loss: 0.4274 - val_accuracy: 0.8767
Epoch 74/350
391/391 - 23s - loss: 0.3201 - accuracy: 0.9010 - val_loss: 0.4245 - val_accuracy: 0.8723
Epoch 75/350
391/391 - 23s - loss: 0.3190 - accuracy: 0.9007 - val_loss: 0.4161 - val_accuracy: 0.8794
Epoch 76/350
391/391 - 24s - loss: 0.3206 - accuracy: 0.9000 - val_loss: 0.4201 - val_accuracy: 0.8731
Epoch 77/350
391/391 - 23s - loss: 0.3136 - accuracy: 0.9018 - val_loss: 0.4478 - val_accuracy: 0.8723
Epoch 78/350
391/391 - 23s - loss: 0.3090 - accuracy: 0.9036 - val_loss: 0.4057 - val_accuracy: 0.8811
Epoch 79/350
391/391 - 23s - loss: 0.3101 - accuracy: 0.9024 - val_loss: 0.4560 - val_accuracy: 0.8689
Epoch 80/350
391/391 - 23s - loss: 0.3055 - accuracy: 0.9060 - val_loss: 0.4054 - val_accuracy: 0.8808
Epoch 81/350
391/391 - 23s - loss: 0.3023 - accuracy: 0.9061 - val_loss: 0.4122 - val_accuracy: 0.8823
Epoch 82/350
391/391 - 23s - loss: 0.3014 - accuracy: 0.9052 - val_loss: 0.4372 - val_accuracy: 0.8746
Epoch 83/350
391/391 - 24s - loss: 0.2985 - accuracy: 0.9080 - val_loss: 0.4104 - val_accuracy: 0.8812
Epoch 84/350
391/391 - 23s - loss: 0.2957 - accuracy: 0.9084 - val_loss: 0.4054 - val_accuracy: 0.8849
Epoch 85/350
391/391 - 23s - loss: 0.2953 - accuracy: 0.9087 - val_loss: 0.4140 - val_accuracy: 0.8824
Epoch 86/350
391/391 - 23s - loss: 0.2960 - accuracy: 0.9090 - val_loss: 0.3996 - val_accuracy: 0.8877
Epoch 87/350
391/391 - 23s - loss: 0.2881 - accuracy: 0.9117 - val_loss: 0.4221 - val_accuracy: 0.8850
Epoch 88/350
391/391 - 23s - loss: 0.2878 - accuracy: 0.9113 - val_loss: 0.4198 - val_accuracy: 0.8816
Epoch 89/350
391/391 - 24s - loss: 0.2835 - accuracy: 0.9131 - val_loss: 0.4587 - val_accuracy: 0.8731
Epoch 90/350
391/391 - 23s - loss: 0.2826 - accuracy: 0.9142 - val_loss: 0.4146 - val_accuracy: 0.8814
Epoch 91/350
391/391 - 23s - loss: 0.2852 - accuracy: 0.9121 - val_loss: 0.4295 - val_accuracy: 0.8822
Epoch 92/350
391/391 - 23s - loss: 0.2822 - accuracy: 0.9137 - val_loss: 0.4245 - val_accuracy: 0.8811
Epoch 93/350
391/391 - 24s - loss: 0.2806 - accuracy: 0.9132 - val_loss: 0.3996 - val_accuracy: 0.8856
Epoch 94/350
391/391 - 23s - loss: 0.2747 - accuracy: 0.9161 - val_loss: 0.4437 - val_accuracy: 0.8803
Epoch 95/350
391/391 - 23s - loss: 0.2744 - accuracy: 0.9157 - val_loss: 0.4110 - val_accuracy: 0.8857
Epoch 96/350
391/391 - 24s - loss: 0.2722 - accuracy: 0.9172 - val_loss: 0.3975 - val_accuracy: 0.8856
Epoch 97/350
391/391 - 23s - loss: 0.2672 - accuracy: 0.9167 - val_loss: 0.4747 - val_accuracy: 0.8748
Epoch 98/350
391/391 - 24s - loss: 0.2656 - accuracy: 0.9188 - val_loss: 0.4543 - val_accuracy: 0.8778
Epoch 99/350
391/391 - 23s - loss: 0.2647 - accuracy: 0.9212 - val_loss: 0.4252 - val_accuracy: 0.8873
Epoch 100/350


Snapshot weight 8 shuffle 7 at epoch 100
Layer 11
Getting activations...


391/391 - 24s - loss: 0.2651 - accuracy: 0.9194 - val_loss: 0.4405 - val_accuracy: 0.8795
Epoch 101/350
391/391 - 23s - loss: 0.2620 - accuracy: 0.9207 - val_loss: 0.4200 - val_accuracy: 0.8886
Epoch 102/350
391/391 - 23s - loss: 0.2606 - accuracy: 0.9215 - val_loss: 0.3972 - val_accuracy: 0.8858
Epoch 103/350
391/391 - 24s - loss: 0.2606 - accuracy: 0.9214 - val_loss: 0.3945 - val_accuracy: 0.8877
Epoch 104/350
391/391 - 23s - loss: 0.2558 - accuracy: 0.9226 - val_loss: 0.4097 - val_accuracy: 0.8864
Epoch 105/350
391/391 - 23s - loss: 0.2545 - accuracy: 0.9229 - val_loss: 0.4334 - val_accuracy: 0.8873
Epoch 106/350
391/391 - 23s - loss: 0.2516 - accuracy: 0.9239 - val_loss: 0.4480 - val_accuracy: 0.8750
Epoch 107/350
391/391 - 23s - loss: 0.2540 - accuracy: 0.9230 - val_loss: 0.4080 - val_accuracy: 0.8862
Epoch 108/350
391/391 - 23s - loss: 0.2531 - accuracy: 0.9241 - val_loss: 0.4284 - val_accuracy: 0.8860
Epoch 109/350
391/391 - 23s - loss: 0.2505 - accuracy: 0.9239 - val_loss: 0.4256 - val_accuracy: 0.8842
Epoch 110/350
391/391 - 24s - loss: 0.2500 - accuracy: 0.9240 - val_loss: 0.4056 - val_accuracy: 0.8915
Epoch 111/350
391/391 - 23s - loss: 0.2499 - accuracy: 0.9261 - val_loss: 0.4133 - val_accuracy: 0.8886
Epoch 112/350
391/391 - 23s - loss: 0.2462 - accuracy: 0.9256 - val_loss: 0.4070 - val_accuracy: 0.8921
Epoch 113/350
391/391 - 23s - loss: 0.2387 - accuracy: 0.9267 - val_loss: 0.4620 - val_accuracy: 0.8825
Epoch 114/350
391/391 - 23s - loss: 0.2403 - accuracy: 0.9287 - val_loss: 0.4141 - val_accuracy: 0.8884
Epoch 115/350
391/391 - 23s - loss: 0.2346 - accuracy: 0.9306 - val_loss: 0.4085 - val_accuracy: 0.8899
Epoch 116/350
391/391 - 24s - loss: 0.2394 - accuracy: 0.9288 - val_loss: 0.4269 - val_accuracy: 0.8868
Epoch 117/350
391/391 - 23s - loss: 0.2336 - accuracy: 0.9301 - val_loss: 0.4081 - val_accuracy: 0.8917
Epoch 118/350
391/391 - 24s - loss: 0.2336 - accuracy: 0.9322 - val_loss: 0.4293 - val_accuracy: 0.8879
Epoch 119/350
391/391 - 23s - loss: 0.2301 - accuracy: 0.9322 - val_loss: 0.4417 - val_accuracy: 0.8842
Epoch 120/350
391/391 - 23s - loss: 0.2331 - accuracy: 0.9320 - val_loss: 0.4366 - val_accuracy: 0.8836
Epoch 121/350
391/391 - 24s - loss: 0.2365 - accuracy: 0.9309 - val_loss: 0.4067 - val_accuracy: 0.8939
Epoch 122/350
391/391 - 23s - loss: 0.2306 - accuracy: 0.9319 - val_loss: 0.4353 - val_accuracy: 0.8925
Epoch 123/350
391/391 - 23s - loss: 0.2299 - accuracy: 0.9319 - val_loss: 0.4385 - val_accuracy: 0.8807
Epoch 124/350
391/391 - 23s - loss: 0.2241 - accuracy: 0.9345 - val_loss: 0.4491 - val_accuracy: 0.8840
Epoch 125/350
391/391 - 23s - loss: 0.2278 - accuracy: 0.9327 - val_loss: 0.4053 - val_accuracy: 0.8875
Epoch 126/350
391/391 - 23s - loss: 0.2243 - accuracy: 0.9361 - val_loss: 0.4200 - val_accuracy: 0.8949
Epoch 127/350
391/391 - 23s - loss: 0.2222 - accuracy: 0.9356 - val_loss: 0.4067 - val_accuracy: 0.8940
Epoch 128/350
391/391 - 23s - loss: 0.2220 - accuracy: 0.9350 - val_loss: 0.4602 - val_accuracy: 0.8876
Epoch 129/350
391/391 - 23s - loss: 0.2208 - accuracy: 0.9357 - val_loss: 0.4200 - val_accuracy: 0.8923
Epoch 130/350
391/391 - 23s - loss: 0.2188 - accuracy: 0.9367 - val_loss: 0.4473 - val_accuracy: 0.8889
Epoch 131/350
391/391 - 24s - loss: 0.2188 - accuracy: 0.9371 - val_loss: 0.4065 - val_accuracy: 0.8947
Epoch 132/350
391/391 - 24s - loss: 0.2241 - accuracy: 0.9352 - val_loss: 0.4245 - val_accuracy: 0.8907
Epoch 133/350
391/391 - 23s - loss: 0.2174 - accuracy: 0.9365 - val_loss: 0.4392 - val_accuracy: 0.8903
Epoch 134/350
391/391 - 23s - loss: 0.2191 - accuracy: 0.9361 - val_loss: 0.4218 - val_accuracy: 0.8907
Epoch 135/350
391/391 - 23s - loss: 0.2136 - accuracy: 0.9386 - val_loss: 0.4858 - val_accuracy: 0.8909
Epoch 136/350
391/391 - 23s - loss: 0.2149 - accuracy: 0.9378 - val_loss: 0.4247 - val_accuracy: 0.8874
Epoch 137/350
391/391 - 23s - loss: 0.2101 - accuracy: 0.9402 - val_loss: 0.4358 - val_accuracy: 0.8942
Epoch 138/350
391/391 - 24s - loss: 0.2077 - accuracy: 0.9407 - val_loss: 0.4305 - val_accuracy: 0.8925
Epoch 139/350
391/391 - 23s - loss: 0.2035 - accuracy: 0.9417 - val_loss: 0.4474 - val_accuracy: 0.8923
Epoch 140/350
391/391 - 23s - loss: 0.2108 - accuracy: 0.9391 - val_loss: 0.4502 - val_accuracy: 0.8896
Epoch 141/350
391/391 - 24s - loss: 0.2034 - accuracy: 0.9423 - val_loss: 0.4367 - val_accuracy: 0.8902
Epoch 142/350
391/391 - 23s - loss: 0.2082 - accuracy: 0.9404 - val_loss: 0.4103 - val_accuracy: 0.8979
Epoch 143/350
391/391 - 24s - loss: 0.2069 - accuracy: 0.9414 - val_loss: 0.4669 - val_accuracy: 0.8919
Epoch 144/350
391/391 - 23s - loss: 0.1980 - accuracy: 0.9436 - val_loss: 0.4407 - val_accuracy: 0.8923
Epoch 145/350
391/391 - 23s - loss: 0.2009 - accuracy: 0.9435 - val_loss: 0.4398 - val_accuracy: 0.8924
Epoch 146/350
391/391 - 23s - loss: 0.2005 - accuracy: 0.9433 - val_loss: 0.4518 - val_accuracy: 0.8904
Epoch 147/350
391/391 - 23s - loss: 0.2000 - accuracy: 0.9429 - val_loss: 0.4253 - val_accuracy: 0.8914
Epoch 148/350
391/391 - 23s - loss: 0.2025 - accuracy: 0.9428 - val_loss: 0.4744 - val_accuracy: 0.8880
Epoch 149/350
391/391 - 23s - loss: 0.1987 - accuracy: 0.9457 - val_loss: 0.4351 - val_accuracy: 0.8934
Epoch 150/350


Snapshot weight 8 shuffle 7 at epoch 150
Layer 11
Getting activations...


391/391 - 24s - loss: 0.2009 - accuracy: 0.9441 - val_loss: 0.4414 - val_accuracy: 0.8941
Epoch 151/350
391/391 - 23s - loss: 0.2043 - accuracy: 0.9417 - val_loss: 0.4331 - val_accuracy: 0.8929
Epoch 152/350
391/391 - 23s - loss: 0.1913 - accuracy: 0.9474 - val_loss: 0.4391 - val_accuracy: 0.8950
Epoch 153/350
391/391 - 24s - loss: 0.1920 - accuracy: 0.9459 - val_loss: 0.4437 - val_accuracy: 0.8908
Epoch 154/350
391/391 - 23s - loss: 0.1911 - accuracy: 0.9459 - val_loss: 0.4581 - val_accuracy: 0.8894
Epoch 155/350
391/391 - 23s - loss: 0.1973 - accuracy: 0.9448 - val_loss: 0.4534 - val_accuracy: 0.8936
Epoch 156/350
391/391 - 23s - loss: 0.1925 - accuracy: 0.9475 - val_loss: 0.4465 - val_accuracy: 0.8931
Epoch 157/350
391/391 - 23s - loss: 0.1947 - accuracy: 0.9458 - val_loss: 0.4702 - val_accuracy: 0.8931
Epoch 158/350
391/391 - 24s - loss: 0.1941 - accuracy: 0.9467 - val_loss: 0.4472 - val_accuracy: 0.8932
Epoch 159/350
391/391 - 23s - loss: 0.1902 - accuracy: 0.9474 - val_loss: 0.4637 - val_accuracy: 0.8953
Epoch 160/350
391/391 - 23s - loss: 0.1917 - accuracy: 0.9483 - val_loss: 0.4958 - val_accuracy: 0.8879
Epoch 161/350
391/391 - 23s - loss: 0.1864 - accuracy: 0.9487 - val_loss: 0.4486 - val_accuracy: 0.8945
Epoch 162/350
391/391 - 23s - loss: 0.1893 - accuracy: 0.9488 - val_loss: 0.4252 - val_accuracy: 0.8985
Epoch 163/350
391/391 - 23s - loss: 0.1903 - accuracy: 0.9476 - val_loss: 0.4438 - val_accuracy: 0.8954
Epoch 164/350
391/391 - 23s - loss: 0.1876 - accuracy: 0.9488 - val_loss: 0.4531 - val_accuracy: 0.8936
Epoch 165/350
391/391 - 23s - loss: 0.1883 - accuracy: 0.9479 - val_loss: 0.4933 - val_accuracy: 0.8823
Epoch 166/350
391/391 - 24s - loss: 0.1808 - accuracy: 0.9518 - val_loss: 0.4525 - val_accuracy: 0.8946
Epoch 167/350
391/391 - 23s - loss: 0.1863 - accuracy: 0.9476 - val_loss: 0.4600 - val_accuracy: 0.8977
Epoch 168/350
391/391 - 23s - loss: 0.1873 - accuracy: 0.9490 - val_loss: 0.4608 - val_accuracy: 0.8918
Epoch 169/350
391/391 - 23s - loss: 0.1843 - accuracy: 0.9497 - val_loss: 0.4660 - val_accuracy: 0.8924
Epoch 170/350
391/391 - 23s - loss: 0.1848 - accuracy: 0.9502 - val_loss: 0.4672 - val_accuracy: 0.8951
Epoch 171/350
391/391 - 23s - loss: 0.1818 - accuracy: 0.9508 - val_loss: 0.4498 - val_accuracy: 0.8937
Epoch 172/350
391/391 - 23s - loss: 0.1821 - accuracy: 0.9514 - val_loss: 0.4768 - val_accuracy: 0.8931
Epoch 173/350
391/391 - 23s - loss: 0.1794 - accuracy: 0.9521 - val_loss: 0.4539 - val_accuracy: 0.8955
Epoch 174/350
391/391 - 23s - loss: 0.1831 - accuracy: 0.9496 - val_loss: 0.4248 - val_accuracy: 0.9033
Epoch 175/350
391/391 - 23s - loss: 0.1842 - accuracy: 0.9506 - val_loss: 0.4326 - val_accuracy: 0.8971
Epoch 176/350
391/391 - 23s - loss: 0.1745 - accuracy: 0.9542 - val_loss: 0.4439 - val_accuracy: 0.8968
Epoch 177/350
391/391 - 23s - loss: 0.1802 - accuracy: 0.9528 - val_loss: 0.4652 - val_accuracy: 0.9005
Epoch 178/350
391/391 - 23s - loss: 0.1770 - accuracy: 0.9528 - val_loss: 0.4509 - val_accuracy: 0.8975
Epoch 179/350
391/391 - 23s - loss: 0.1702 - accuracy: 0.9562 - val_loss: 0.4599 - val_accuracy: 0.8999
Epoch 180/350
391/391 - 24s - loss: 0.1772 - accuracy: 0.9532 - val_loss: 0.4397 - val_accuracy: 0.8950
Epoch 181/350
391/391 - 24s - loss: 0.1802 - accuracy: 0.9509 - val_loss: 0.4626 - val_accuracy: 0.8918
Epoch 182/350
391/391 - 23s - loss: 0.1715 - accuracy: 0.9548 - val_loss: 0.4501 - val_accuracy: 0.9022
Epoch 183/350
391/391 - 23s - loss: 0.1767 - accuracy: 0.9541 - val_loss: 0.4702 - val_accuracy: 0.8921
Epoch 184/350
391/391 - 23s - loss: 0.1711 - accuracy: 0.9554 - val_loss: 0.4742 - val_accuracy: 0.8950
Epoch 185/350
391/391 - 23s - loss: 0.1748 - accuracy: 0.9542 - val_loss: 0.4756 - val_accuracy: 0.8968
Epoch 186/350
391/391 - 23s - loss: 0.1752 - accuracy: 0.9535 - val_loss: 0.4508 - val_accuracy: 0.8957
Epoch 187/350
391/391 - 23s - loss: 0.1706 - accuracy: 0.9561 - val_loss: 0.4416 - val_accuracy: 0.9005
Epoch 188/350
391/391 - 23s - loss: 0.1696 - accuracy: 0.9563 - val_loss: 0.4465 - val_accuracy: 0.9013
Epoch 189/350
391/391 - 23s - loss: 0.1737 - accuracy: 0.9552 - val_loss: 0.4591 - val_accuracy: 0.8956
Epoch 190/350
391/391 - 23s - loss: 0.1706 - accuracy: 0.9552 - val_loss: 0.4733 - val_accuracy: 0.8956
Epoch 191/350
391/391 - 23s - loss: 0.1710 - accuracy: 0.9559 - val_loss: 0.4724 - val_accuracy: 0.8980
Epoch 192/350
391/391 - 24s - loss: 0.1750 - accuracy: 0.9534 - val_loss: 0.4404 - val_accuracy: 0.8976
Epoch 193/350
391/391 - 23s - loss: 0.1675 - accuracy: 0.9573 - val_loss: 0.4887 - val_accuracy: 0.8921
Epoch 194/350
391/391 - 24s - loss: 0.1688 - accuracy: 0.9563 - val_loss: 0.4673 - val_accuracy: 0.9014
Epoch 195/350
391/391 - 23s - loss: 0.1678 - accuracy: 0.9566 - val_loss: 0.4678 - val_accuracy: 0.8959
Epoch 196/350
391/391 - 23s - loss: 0.1684 - accuracy: 0.9570 - val_loss: 0.4744 - val_accuracy: 0.8988
Epoch 197/350
391/391 - 23s - loss: 0.1645 - accuracy: 0.9581 - val_loss: 0.4493 - val_accuracy: 0.8989
Epoch 198/350
391/391 - 24s - loss: 0.1611 - accuracy: 0.9587 - val_loss: 0.4759 - val_accuracy: 0.8975
Epoch 199/350
391/391 - 23s - loss: 0.1690 - accuracy: 0.9570 - val_loss: 0.4512 - val_accuracy: 0.9002
Epoch 200/350


Snapshot weight 8 shuffle 7 at epoch 200
Layer 11
Getting activations...


391/391 - 24s - loss: 0.1682 - accuracy: 0.9572 - val_loss: 0.4430 - val_accuracy: 0.9001
Epoch 201/350
391/391 - 23s - loss: 0.1395 - accuracy: 0.9670 - val_loss: 0.4368 - val_accuracy: 0.9047
Epoch 202/350
391/391 - 23s - loss: 0.1294 - accuracy: 0.9698 - val_loss: 0.4360 - val_accuracy: 0.9071
Epoch 203/350
391/391 - 23s - loss: 0.1234 - accuracy: 0.9731 - val_loss: 0.4463 - val_accuracy: 0.9055
Epoch 204/350
391/391 - 23s - loss: 0.1230 - accuracy: 0.9722 - val_loss: 0.4516 - val_accuracy: 0.9078
Epoch 205/350
391/391 - 24s - loss: 0.1218 - accuracy: 0.9730 - val_loss: 0.4613 - val_accuracy: 0.9055
Epoch 206/350
391/391 - 23s - loss: 0.1189 - accuracy: 0.9741 - val_loss: 0.4604 - val_accuracy: 0.9069
Epoch 207/350
391/391 - 23s - loss: 0.1208 - accuracy: 0.9728 - val_loss: 0.4533 - val_accuracy: 0.9069
Epoch 208/350
391/391 - 23s - loss: 0.1197 - accuracy: 0.9743 - val_loss: 0.4599 - val_accuracy: 0.9082
Epoch 209/350
391/391 - 23s - loss: 0.1157 - accuracy: 0.9753 - val_loss: 0.4563 - val_accuracy: 0.9096
Epoch 210/350
391/391 - 23s - loss: 0.1204 - accuracy: 0.9736 - val_loss: 0.4585 - val_accuracy: 0.9090
Epoch 211/350
391/391 - 23s - loss: 0.1154 - accuracy: 0.9756 - val_loss: 0.4576 - val_accuracy: 0.9082
Epoch 212/350
391/391 - 23s - loss: 0.1146 - accuracy: 0.9762 - val_loss: 0.4597 - val_accuracy: 0.9082
Epoch 213/350
391/391 - 23s - loss: 0.1132 - accuracy: 0.9761 - val_loss: 0.4671 - val_accuracy: 0.9068
Epoch 214/350
391/391 - 23s - loss: 0.1130 - accuracy: 0.9761 - val_loss: 0.4679 - val_accuracy: 0.9069
Epoch 215/350
391/391 - 23s - loss: 0.1154 - accuracy: 0.9749 - val_loss: 0.4560 - val_accuracy: 0.9095
Epoch 216/350
391/391 - 23s - loss: 0.1126 - accuracy: 0.9776 - val_loss: 0.4623 - val_accuracy: 0.9094
Epoch 217/350
391/391 - 23s - loss: 0.1144 - accuracy: 0.9758 - val_loss: 0.4677 - val_accuracy: 0.9074
Epoch 218/350
391/391 - 24s - loss: 0.1114 - accuracy: 0.9769 - val_loss: 0.4675 - val_accuracy: 0.9079
Epoch 219/350
391/391 - 23s - loss: 0.1124 - accuracy: 0.9759 - val_loss: 0.4650 - val_accuracy: 0.9092
Epoch 220/350
391/391 - 23s - loss: 0.1113 - accuracy: 0.9772 - val_loss: 0.4834 - val_accuracy: 0.9077
Epoch 221/350
391/391 - 23s - loss: 0.1102 - accuracy: 0.9778 - val_loss: 0.4847 - val_accuracy: 0.9079
Epoch 222/350
391/391 - 23s - loss: 0.1130 - accuracy: 0.9763 - val_loss: 0.4638 - val_accuracy: 0.9085
Epoch 223/350
391/391 - 23s - loss: 0.1102 - accuracy: 0.9766 - val_loss: 0.4726 - val_accuracy: 0.9079
Epoch 224/350
391/391 - 23s - loss: 0.1105 - accuracy: 0.9772 - val_loss: 0.4789 - val_accuracy: 0.9087
Epoch 225/350
391/391 - 23s - loss: 0.1085 - accuracy: 0.9780 - val_loss: 0.4799 - val_accuracy: 0.9075
Epoch 226/350
391/391 - 23s - loss: 0.1111 - accuracy: 0.9773 - val_loss: 0.4707 - val_accuracy: 0.9079
Epoch 227/350
391/391 - 24s - loss: 0.1096 - accuracy: 0.9778 - val_loss: 0.4802 - val_accuracy: 0.9078
Epoch 228/350
391/391 - 24s - loss: 0.1064 - accuracy: 0.9784 - val_loss: 0.4828 - val_accuracy: 0.9064
Epoch 229/350
391/391 - 23s - loss: 0.1088 - accuracy: 0.9775 - val_loss: 0.4731 - val_accuracy: 0.9076
Epoch 230/350
391/391 - 23s - loss: 0.1108 - accuracy: 0.9773 - val_loss: 0.4826 - val_accuracy: 0.9081
Epoch 231/350
391/391 - 23s - loss: 0.1078 - accuracy: 0.9773 - val_loss: 0.4871 - val_accuracy: 0.9075
Epoch 232/350
391/391 - 23s - loss: 0.1062 - accuracy: 0.9779 - val_loss: 0.4853 - val_accuracy: 0.9093
Epoch 233/350
391/391 - 23s - loss: 0.1080 - accuracy: 0.9781 - val_loss: 0.4823 - val_accuracy: 0.9087
Epoch 234/350
391/391 - 23s - loss: 0.1072 - accuracy: 0.9787 - val_loss: 0.4852 - val_accuracy: 0.9081
Epoch 235/350
391/391 - 23s - loss: 0.1085 - accuracy: 0.9771 - val_loss: 0.4922 - val_accuracy: 0.9065
Epoch 236/350
391/391 - 23s - loss: 0.1049 - accuracy: 0.9784 - val_loss: 0.4911 - val_accuracy: 0.9063
Epoch 237/350
391/391 - 23s - loss: 0.1097 - accuracy: 0.9777 - val_loss: 0.4853 - val_accuracy: 0.9085
Epoch 238/350
391/391 - 23s - loss: 0.1073 - accuracy: 0.9779 - val_loss: 0.4857 - val_accuracy: 0.9099
Epoch 239/350
391/391 - 23s - loss: 0.1069 - accuracy: 0.9785 - val_loss: 0.4755 - val_accuracy: 0.9089
Epoch 240/350
391/391 - 23s - loss: 0.1042 - accuracy: 0.9794 - val_loss: 0.4866 - val_accuracy: 0.9093
Epoch 241/350
391/391 - 24s - loss: 0.1078 - accuracy: 0.9775 - val_loss: 0.4803 - val_accuracy: 0.9106
Epoch 242/350
391/391 - 23s - loss: 0.1045 - accuracy: 0.9795 - val_loss: 0.4887 - val_accuracy: 0.9085
Epoch 243/350
391/391 - 23s - loss: 0.1063 - accuracy: 0.9789 - val_loss: 0.4848 - val_accuracy: 0.9087
Epoch 244/350
391/391 - 23s - loss: 0.1044 - accuracy: 0.9794 - val_loss: 0.4930 - val_accuracy: 0.9096
Epoch 245/350
391/391 - 23s - loss: 0.1060 - accuracy: 0.9788 - val_loss: 0.4847 - val_accuracy: 0.9089
Epoch 246/350
391/391 - 23s - loss: 0.1037 - accuracy: 0.9799 - val_loss: 0.4859 - val_accuracy: 0.9093
Epoch 247/350
391/391 - 23s - loss: 0.1032 - accuracy: 0.9799 - val_loss: 0.4898 - val_accuracy: 0.9081
Epoch 248/350
391/391 - 23s - loss: 0.1049 - accuracy: 0.9787 - val_loss: 0.4904 - val_accuracy: 0.9099
Epoch 249/350
391/391 - 23s - loss: 0.1064 - accuracy: 0.9783 - val_loss: 0.4798 - val_accuracy: 0.9086
Epoch 250/350


Snapshot weight 8 shuffle 7 at epoch 250
Layer 11
Getting activations...


391/391 - 23s - loss: 0.1035 - accuracy: 0.9794 - val_loss: 0.4920 - val_accuracy: 0.9076
Epoch 251/350
391/391 - 23s - loss: 0.1029 - accuracy: 0.9797 - val_loss: 0.4878 - val_accuracy: 0.9082
Epoch 252/350
391/391 - 23s - loss: 0.1047 - accuracy: 0.9795 - val_loss: 0.4865 - val_accuracy: 0.9088
Epoch 253/350
391/391 - 23s - loss: 0.1034 - accuracy: 0.9799 - val_loss: 0.4866 - val_accuracy: 0.9088
Epoch 254/350
391/391 - 24s - loss: 0.1025 - accuracy: 0.9802 - val_loss: 0.4868 - val_accuracy: 0.9091
Epoch 255/350
391/391 - 23s - loss: 0.1030 - accuracy: 0.9798 - val_loss: 0.4885 - val_accuracy: 0.9088
Epoch 256/350
391/391 - 23s - loss: 0.1020 - accuracy: 0.9800 - val_loss: 0.4887 - val_accuracy: 0.9095
Epoch 257/350
391/391 - 23s - loss: 0.1005 - accuracy: 0.9804 - val_loss: 0.4871 - val_accuracy: 0.9098
Epoch 258/350
391/391 - 23s - loss: 0.1027 - accuracy: 0.9796 - val_loss: 0.4867 - val_accuracy: 0.9099
Epoch 259/350
391/391 - 23s - loss: 0.1014 - accuracy: 0.9808 - val_loss: 0.4853 - val_accuracy: 0.9093
Epoch 260/350
391/391 - 23s - loss: 0.0994 - accuracy: 0.9807 - val_loss: 0.4882 - val_accuracy: 0.9097
Epoch 261/350
391/391 - 23s - loss: 0.1008 - accuracy: 0.9812 - val_loss: 0.4905 - val_accuracy: 0.9104
Epoch 262/350
391/391 - 23s - loss: 0.1025 - accuracy: 0.9795 - val_loss: 0.4874 - val_accuracy: 0.9085
Epoch 263/350
391/391 - 23s - loss: 0.1010 - accuracy: 0.9805 - val_loss: 0.4861 - val_accuracy: 0.9093
Epoch 264/350
391/391 - 24s - loss: 0.0996 - accuracy: 0.9813 - val_loss: 0.4870 - val_accuracy: 0.9087
Epoch 265/350
391/391 - 24s - loss: 0.1024 - accuracy: 0.9799 - val_loss: 0.4883 - val_accuracy: 0.9095
Epoch 266/350
391/391 - 23s - loss: 0.0998 - accuracy: 0.9814 - val_loss: 0.4892 - val_accuracy: 0.9087
Epoch 267/350
391/391 - 23s - loss: 0.1020 - accuracy: 0.9804 - val_loss: 0.4892 - val_accuracy: 0.9101
Epoch 268/350
391/391 - 23s - loss: 0.1010 - accuracy: 0.9801 - val_loss: 0.4895 - val_accuracy: 0.9100
Epoch 269/350
391/391 - 23s - loss: 0.1010 - accuracy: 0.9804 - val_loss: 0.4904 - val_accuracy: 0.9092
Epoch 270/350
391/391 - 23s - loss: 0.1010 - accuracy: 0.9806 - val_loss: 0.4905 - val_accuracy: 0.9093
Epoch 271/350
391/391 - 23s - loss: 0.1025 - accuracy: 0.9796 - val_loss: 0.4908 - val_accuracy: 0.9100
Epoch 272/350
391/391 - 23s - loss: 0.1021 - accuracy: 0.9802 - val_loss: 0.4907 - val_accuracy: 0.9092
Epoch 273/350
391/391 - 23s - loss: 0.1014 - accuracy: 0.9805 - val_loss: 0.4908 - val_accuracy: 0.9092
Epoch 274/350
391/391 - 23s - loss: 0.0989 - accuracy: 0.9811 - val_loss: 0.4910 - val_accuracy: 0.9093
Epoch 275/350
391/391 - 23s - loss: 0.0997 - accuracy: 0.9807 - val_loss: 0.4904 - val_accuracy: 0.9090
Epoch 276/350
391/391 - 23s - loss: 0.1006 - accuracy: 0.9806 - val_loss: 0.4937 - val_accuracy: 0.9098
Epoch 277/350
391/391 - 23s - loss: 0.1006 - accuracy: 0.9801 - val_loss: 0.4916 - val_accuracy: 0.9089
Epoch 278/350
391/391 - 24s - loss: 0.1027 - accuracy: 0.9791 - val_loss: 0.4917 - val_accuracy: 0.9090
Epoch 279/350
391/391 - 23s - loss: 0.0999 - accuracy: 0.9807 - val_loss: 0.4907 - val_accuracy: 0.9094
Epoch 280/350
391/391 - 23s - loss: 0.1017 - accuracy: 0.9805 - val_loss: 0.4911 - val_accuracy: 0.9086
Epoch 281/350
391/391 - 23s - loss: 0.1003 - accuracy: 0.9809 - val_loss: 0.4898 - val_accuracy: 0.9095
Epoch 282/350
391/391 - 24s - loss: 0.1001 - accuracy: 0.9808 - val_loss: 0.4920 - val_accuracy: 0.9099
Epoch 283/350
391/391 - 23s - loss: 0.1009 - accuracy: 0.9806 - val_loss: 0.4922 - val_accuracy: 0.9088
Epoch 284/350
391/391 - 23s - loss: 0.0995 - accuracy: 0.9813 - val_loss: 0.4915 - val_accuracy: 0.9091
Epoch 285/350
391/391 - 23s - loss: 0.1011 - accuracy: 0.9803 - val_loss: 0.4907 - val_accuracy: 0.9099
Epoch 286/350
391/391 - 23s - loss: 0.1023 - accuracy: 0.9801 - val_loss: 0.4909 - val_accuracy: 0.9093
Epoch 287/350
391/391 - 23s - loss: 0.1012 - accuracy: 0.9808 - val_loss: 0.4913 - val_accuracy: 0.9093
Epoch 288/350
391/391 - 23s - loss: 0.1017 - accuracy: 0.9799 - val_loss: 0.4908 - val_accuracy: 0.9096
Epoch 289/350
391/391 - 23s - loss: 0.1001 - accuracy: 0.9815 - val_loss: 0.4901 - val_accuracy: 0.9098
Epoch 290/350
391/391 - 24s - loss: 0.1010 - accuracy: 0.9806 - val_loss: 0.4901 - val_accuracy: 0.9090
Epoch 291/350
391/391 - 23s - loss: 0.1038 - accuracy: 0.9789 - val_loss: 0.4894 - val_accuracy: 0.9099
Epoch 292/350
391/391 - 23s - loss: 0.0978 - accuracy: 0.9812 - val_loss: 0.4916 - val_accuracy: 0.9097
Epoch 293/350
391/391 - 23s - loss: 0.1016 - accuracy: 0.9802 - val_loss: 0.4908 - val_accuracy: 0.9095
Epoch 294/350
391/391 - 23s - loss: 0.0987 - accuracy: 0.9815 - val_loss: 0.4931 - val_accuracy: 0.9092
Epoch 295/350
391/391 - 23s - loss: 0.1003 - accuracy: 0.9809 - val_loss: 0.4903 - val_accuracy: 0.9091
Epoch 296/350
391/391 - 23s - loss: 0.0999 - accuracy: 0.9805 - val_loss: 0.4914 - val_accuracy: 0.9088
Epoch 297/350
391/391 - 23s - loss: 0.1014 - accuracy: 0.9807 - val_loss: 0.4914 - val_accuracy: 0.9088
Epoch 298/350
391/391 - 23s - loss: 0.1014 - accuracy: 0.9794 - val_loss: 0.4915 - val_accuracy: 0.9094
Epoch 299/350
391/391 - 23s - loss: 0.0996 - accuracy: 0.9810 - val_loss: 0.4922 - val_accuracy: 0.9093
Epoch 300/350


Snapshot weight 8 shuffle 7 at epoch 300
Layer 11
Getting activations...


391/391 - 24s - loss: 0.1005 - accuracy: 0.9810 - val_loss: 0.4936 - val_accuracy: 0.9090
Epoch 301/350
391/391 - 23s - loss: 0.1006 - accuracy: 0.9810 - val_loss: 0.4937 - val_accuracy: 0.9087
Epoch 302/350
391/391 - 23s - loss: 0.0993 - accuracy: 0.9815 - val_loss: 0.4934 - val_accuracy: 0.9088
Epoch 303/350
391/391 - 24s - loss: 0.1002 - accuracy: 0.9810 - val_loss: 0.4935 - val_accuracy: 0.9087
Epoch 304/350
391/391 - 23s - loss: 0.0986 - accuracy: 0.9813 - val_loss: 0.4933 - val_accuracy: 0.9087
Epoch 305/350
391/391 - 23s - loss: 0.1005 - accuracy: 0.9810 - val_loss: 0.4932 - val_accuracy: 0.9090
Epoch 306/350
391/391 - 23s - loss: 0.0991 - accuracy: 0.9816 - val_loss: 0.4927 - val_accuracy: 0.9089
Epoch 307/350
391/391 - 23s - loss: 0.0986 - accuracy: 0.9814 - val_loss: 0.4929 - val_accuracy: 0.9091
Epoch 308/350
391/391 - 23s - loss: 0.0983 - accuracy: 0.9814 - val_loss: 0.4929 - val_accuracy: 0.9092
Epoch 309/350
391/391 - 23s - loss: 0.1013 - accuracy: 0.9803 - val_loss: 0.4931 - val_accuracy: 0.9089
Epoch 310/350
391/391 - 23s - loss: 0.1032 - accuracy: 0.9798 - val_loss: 0.4927 - val_accuracy: 0.9090
Epoch 311/350
391/391 - 23s - loss: 0.0990 - accuracy: 0.9803 - val_loss: 0.4928 - val_accuracy: 0.9091
Epoch 312/350
391/391 - 23s - loss: 0.0999 - accuracy: 0.9806 - val_loss: 0.4931 - val_accuracy: 0.9088
Epoch 313/350
391/391 - 23s - loss: 0.0998 - accuracy: 0.9807 - val_loss: 0.4933 - val_accuracy: 0.9088
Epoch 314/350
391/391 - 23s - loss: 0.0994 - accuracy: 0.9813 - val_loss: 0.4934 - val_accuracy: 0.9092
Epoch 315/350
391/391 - 23s - loss: 0.1015 - accuracy: 0.9805 - val_loss: 0.4932 - val_accuracy: 0.9089
Epoch 316/350
391/391 - 23s - loss: 0.0974 - accuracy: 0.9816 - val_loss: 0.4933 - val_accuracy: 0.9088
Epoch 317/350
391/391 - 24s - loss: 0.0981 - accuracy: 0.9811 - val_loss: 0.4935 - val_accuracy: 0.9089
Epoch 318/350
391/391 - 23s - loss: 0.0997 - accuracy: 0.9810 - val_loss: 0.4932 - val_accuracy: 0.9090
Epoch 319/350
391/391 - 23s - loss: 0.0981 - accuracy: 0.9815 - val_loss: 0.4931 - val_accuracy: 0.9093
Epoch 320/350
391/391 - 23s - loss: 0.1008 - accuracy: 0.9796 - val_loss: 0.4934 - val_accuracy: 0.9091
Epoch 321/350
391/391 - 23s - loss: 0.0993 - accuracy: 0.9813 - val_loss: 0.4932 - val_accuracy: 0.9091
Epoch 322/350
391/391 - 23s - loss: 0.0995 - accuracy: 0.9811 - val_loss: 0.4931 - val_accuracy: 0.9091
Epoch 323/350
391/391 - 23s - loss: 0.0979 - accuracy: 0.9818 - val_loss: 0.4933 - val_accuracy: 0.9094
Epoch 324/350
391/391 - 23s - loss: 0.0986 - accuracy: 0.9811 - val_loss: 0.4935 - val_accuracy: 0.9093
Epoch 325/350
391/391 - 23s - loss: 0.0990 - accuracy: 0.9809 - val_loss: 0.4936 - val_accuracy: 0.9092
Epoch 326/350
391/391 - 23s - loss: 0.0986 - accuracy: 0.9815 - val_loss: 0.4934 - val_accuracy: 0.9090
Epoch 327/350
391/391 - 23s - loss: 0.0983 - accuracy: 0.9816 - val_loss: 0.4935 - val_accuracy: 0.9090
Epoch 328/350
391/391 - 23s - loss: 0.0987 - accuracy: 0.9816 - val_loss: 0.4937 - val_accuracy: 0.9091
Epoch 329/350
391/391 - 23s - loss: 0.0981 - accuracy: 0.9815 - val_loss: 0.4937 - val_accuracy: 0.9090
Epoch 330/350
391/391 - 23s - loss: 0.0982 - accuracy: 0.9816 - val_loss: 0.4933 - val_accuracy: 0.9096
Epoch 331/350
391/391 - 23s - loss: 0.0981 - accuracy: 0.9813 - val_loss: 0.4935 - val_accuracy: 0.9093
Epoch 332/350
391/391 - 23s - loss: 0.1010 - accuracy: 0.9799 - val_loss: 0.4937 - val_accuracy: 0.9091
Epoch 333/350
391/391 - 23s - loss: 0.0989 - accuracy: 0.9812 - val_loss: 0.4940 - val_accuracy: 0.9087
Epoch 334/350
391/391 - 24s - loss: 0.1006 - accuracy: 0.9802 - val_loss: 0.4942 - val_accuracy: 0.9090
Epoch 335/350
391/391 - 23s - loss: 0.1002 - accuracy: 0.9808 - val_loss: 0.4940 - val_accuracy: 0.9090
Epoch 336/350
391/391 - 23s - loss: 0.0983 - accuracy: 0.9816 - val_loss: 0.4938 - val_accuracy: 0.9092
Epoch 337/350
391/391 - 23s - loss: 0.0989 - accuracy: 0.9815 - val_loss: 0.4934 - val_accuracy: 0.9090
Epoch 338/350
391/391 - 23s - loss: 0.0978 - accuracy: 0.9813 - val_loss: 0.4937 - val_accuracy: 0.9093
Epoch 339/350
391/391 - 23s - loss: 0.1005 - accuracy: 0.9807 - val_loss: 0.4934 - val_accuracy: 0.9093
Epoch 340/350
391/391 - 24s - loss: 0.0997 - accuracy: 0.9812 - val_loss: 0.4936 - val_accuracy: 0.9098
Epoch 341/350
391/391 - 23s - loss: 0.1029 - accuracy: 0.9800 - val_loss: 0.4931 - val_accuracy: 0.9097
Epoch 342/350
391/391 - 23s - loss: 0.0995 - accuracy: 0.9810 - val_loss: 0.4932 - val_accuracy: 0.9098
Epoch 343/350
391/391 - 23s - loss: 0.1003 - accuracy: 0.9807 - val_loss: 0.4933 - val_accuracy: 0.9099
Epoch 344/350
391/391 - 23s - loss: 0.0998 - accuracy: 0.9811 - val_loss: 0.4938 - val_accuracy: 0.9094
Epoch 345/350
391/391 - 23s - loss: 0.0990 - accuracy: 0.9807 - val_loss: 0.4941 - val_accuracy: 0.9097
Epoch 346/350
391/391 - 24s - loss: 0.0980 - accuracy: 0.9814 - val_loss: 0.4936 - val_accuracy: 0.9098
Epoch 347/350
391/391 - 23s - loss: 0.0994 - accuracy: 0.9810 - val_loss: 0.4937 - val_accuracy: 0.9098
Epoch 348/350
391/391 - 23s - loss: 0.0989 - accuracy: 0.9817 - val_loss: 0.4935 - val_accuracy: 0.9097
Epoch 349/350
391/391 - 23s - loss: 0.1008 - accuracy: 0.9806 - val_loss: 0.4935 - val_accuracy: 0.9098
Epoch 350/350


Snapshot weight 8 shuffle 7 at epoch 350
Layer 11
Getting activations...


391/391 - 24s - loss: 0.1019 - accuracy: 0.9807 - val_loss: 0.4933 - val_accuracy: 0.9095
/usr/local/lib/python3.6/dist-packages/tensorflow/python/autograph/impl/api.py:493: UserWarning: fill_value is not supported and is always 0 for TensorFlow < 2.4.0.
  return py_builtins.overload_of(f)(*args)
WARNING:tensorflow:From /usr/local/lib/python3.6/dist-packages/tensorflow/python/training/tracking/tracking.py:111: Model.state_updates (from tensorflow.python.keras.engine.training) is deprecated and will be removed in a future version.
Instructions for updating:
This property should not be used in TensorFlow 2.0, as updates are applied automatically.
2021-07-02 17:16:08.285088: W tensorflow/python/util/util.cc:348] Sets are not currently considered sequences, but this may change in the future, so consider avoiding using them.
WARNING:tensorflow:From /usr/local/lib/python3.6/dist-packages/tensorflow/python/training/tracking/tracking.py:111: Layer.updates (from tensorflow.python.keras.engine.base_layer) is deprecated and will be removed in a future version.
Instructions for updating:
This property should not be used in TensorFlow 2.0, as updates are applied automatically.
Saving, final validation acc: 0.909500002861023
