2021-07-01 16:11:53.904346: I tensorflow/stream_executor/platform/default/dso_loader.cc:48] Successfully opened dynamic library libcudart.so.10.1
2021-07-01 16:13:19.017732: I tensorflow/stream_executor/platform/default/dso_loader.cc:48] Successfully opened dynamic library libcuda.so.1
2021-07-01 16:13:19.063484: I tensorflow/core/common_runtime/gpu/gpu_device.cc:1716] Found device 0 with properties: 
pciBusID: 0000:02:00.0 name: NVIDIA TITAN X (Pascal) computeCapability: 6.1
coreClock: 1.531GHz coreCount: 28 deviceMemorySize: 11.91GiB deviceMemoryBandwidth: 447.48GiB/s
2021-07-01 16:13:19.063619: I tensorflow/stream_executor/platform/default/dso_loader.cc:48] Successfully opened dynamic library libcudart.so.10.1
2021-07-01 16:13:19.106673: I tensorflow/stream_executor/platform/default/dso_loader.cc:48] Successfully opened dynamic library libcublas.so.10
2021-07-01 16:13:19.128569: I tensorflow/stream_executor/platform/default/dso_loader.cc:48] Successfully opened dynamic library libcufft.so.10
2021-07-01 16:13:19.137225: I tensorflow/stream_executor/platform/default/dso_loader.cc:48] Successfully opened dynamic library libcurand.so.10
2021-07-01 16:13:19.183014: I tensorflow/stream_executor/platform/default/dso_loader.cc:48] Successfully opened dynamic library libcusolver.so.10
2021-07-01 16:13:19.191778: I tensorflow/stream_executor/platform/default/dso_loader.cc:48] Successfully opened dynamic library libcusparse.so.10
2021-07-01 16:13:19.272857: I tensorflow/stream_executor/platform/default/dso_loader.cc:48] Successfully opened dynamic library libcudnn.so.7
2021-07-01 16:13:19.276560: I tensorflow/core/common_runtime/gpu/gpu_device.cc:1858] Adding visible gpu devices: 0
2021-07-01 16:13:19.280423: I tensorflow/core/platform/cpu_feature_guard.cc:142] This TensorFlow binary is optimized with oneAPI Deep Neural Network Library (oneDNN)to use the following CPU instructions in performance-critical operations:  AVX2 FMA
To enable them in other operations, rebuild TensorFlow with the appropriate compiler flags.
2021-07-01 16:13:19.296361: I tensorflow/core/platform/profile_utils/cpu_utils.cc:104] CPU Frequency: 2600150000 Hz
2021-07-01 16:13:19.296483: I tensorflow/compiler/xla/service/service.cc:168] XLA service 0x5759e20 initialized for platform Host (this does not guarantee that XLA will be used). Devices:
2021-07-01 16:13:19.296503: I tensorflow/compiler/xla/service/service.cc:176]   StreamExecutor device (0): Host, Default Version
2021-07-01 16:13:19.443419: I tensorflow/compiler/xla/service/service.cc:168] XLA service 0x573afa0 initialized for platform CUDA (this does not guarantee that XLA will be used). Devices:
2021-07-01 16:13:19.443481: I tensorflow/compiler/xla/service/service.cc:176]   StreamExecutor device (0): NVIDIA TITAN X (Pascal), Compute Capability 6.1
2021-07-01 16:13:19.445998: I tensorflow/core/common_runtime/gpu/gpu_device.cc:1716] Found device 0 with properties: 
pciBusID: 0000:02:00.0 name: NVIDIA TITAN X (Pascal) computeCapability: 6.1
coreClock: 1.531GHz coreCount: 28 deviceMemorySize: 11.91GiB deviceMemoryBandwidth: 447.48GiB/s
2021-07-01 16:13:19.446035: I tensorflow/stream_executor/platform/default/dso_loader.cc:48] Successfully opened dynamic library libcudart.so.10.1
2021-07-01 16:13:19.446064: I tensorflow/stream_executor/platform/default/dso_loader.cc:48] Successfully opened dynamic library libcublas.so.10
2021-07-01 16:13:19.446081: I tensorflow/stream_executor/platform/default/dso_loader.cc:48] Successfully opened dynamic library libcufft.so.10
2021-07-01 16:13:19.446098: I tensorflow/stream_executor/platform/default/dso_loader.cc:48] Successfully opened dynamic library libcurand.so.10
2021-07-01 16:13:19.446115: I tensorflow/stream_executor/platform/default/dso_loader.cc:48] Successfully opened dynamic library libcusolver.so.10
2021-07-01 16:13:19.446131: I tensorflow/stream_executor/platform/default/dso_loader.cc:48] Successfully opened dynamic library libcusparse.so.10
2021-07-01 16:13:19.449931: I tensorflow/stream_executor/platform/default/dso_loader.cc:48] Successfully opened dynamic library libcudnn.so.7
2021-07-01 16:13:19.451691: I tensorflow/core/common_runtime/gpu/gpu_device.cc:1858] Adding visible gpu devices: 0
2021-07-01 16:13:19.453451: I tensorflow/stream_executor/platform/default/dso_loader.cc:48] Successfully opened dynamic library libcudart.so.10.1
2021-07-01 16:13:21.300473: I tensorflow/core/common_runtime/gpu/gpu_device.cc:1257] Device interconnect StreamExecutor with strength 1 edge matrix:
2021-07-01 16:13:21.300570: I tensorflow/core/common_runtime/gpu/gpu_device.cc:1263]      0 
2021-07-01 16:13:21.300583: I tensorflow/core/common_runtime/gpu/gpu_device.cc:1276] 0:   N 
2021-07-01 16:13:21.314592: I tensorflow/core/common_runtime/gpu/gpu_device.cc:1402] Created TensorFlow device (/job:localhost/replica:0/task:0/device:GPU:0 with 11228 MB memory) -> physical GPU (device: 0, name: NVIDIA TITAN X (Pascal), pci bus id: 0000:02:00.0, compute capability: 6.1)
2021-07-01 16:13:27.101427: I tensorflow/stream_executor/platform/default/dso_loader.cc:48] Successfully opened dynamic library libcudnn.so.7
2021-07-01 16:13:29.739922: I tensorflow/stream_executor/platform/default/dso_loader.cc:48] Successfully opened dynamic library libcublas.so.10
Using model index: 3
Making train data...
GCN...
ZCA...
Done!
Making test data...
Done!
Epoch 1/350


Snapshot weight 3 shuffle 0 at epoch 1
Layer 11
Getting activations...


391/391 - 25s - loss: 2.3234 - accuracy: 0.1103 - val_loss: 2.3086 - val_accuracy: 0.1288
Epoch 2/350


Snapshot weight 3 shuffle 0 at epoch 2
Layer 11
Getting activations...


391/391 - 24s - loss: 2.3025 - accuracy: 0.1461 - val_loss: 2.2757 - val_accuracy: 0.1980
Epoch 3/350


Snapshot weight 3 shuffle 0 at epoch 3
Layer 11
Getting activations...


391/391 - 24s - loss: 2.2877 - accuracy: 0.1392 - val_loss: 2.2465 - val_accuracy: 0.1944
Epoch 4/350


Snapshot weight 3 shuffle 0 at epoch 4
Layer 11
Getting activations...


391/391 - 25s - loss: 2.2031 - accuracy: 0.2072 - val_loss: 2.1149 - val_accuracy: 0.2622
Epoch 5/350


Snapshot weight 3 shuffle 0 at epoch 5
Layer 11
Getting activations...


391/391 - 25s - loss: 1.9315 - accuracy: 0.3175 - val_loss: 1.8087 - val_accuracy: 0.3730
Epoch 6/350


Snapshot weight 3 shuffle 0 at epoch 6
Layer 11
Getting activations...


391/391 - 25s - loss: 1.7317 - accuracy: 0.3927 - val_loss: 1.5858 - val_accuracy: 0.4534
Epoch 7/350


Snapshot weight 3 shuffle 0 at epoch 7
Layer 11
Getting activations...


391/391 - 25s - loss: 1.5971 - accuracy: 0.4519 - val_loss: 1.5029 - val_accuracy: 0.4905
Epoch 8/350


Snapshot weight 3 shuffle 0 at epoch 8
Layer 11
Getting activations...


391/391 - 25s - loss: 1.4394 - accuracy: 0.5007 - val_loss: 1.3918 - val_accuracy: 0.5275
Epoch 9/350


Snapshot weight 3 shuffle 0 at epoch 9
Layer 11
Getting activations...


391/391 - 25s - loss: 1.2534 - accuracy: 0.5600 - val_loss: 1.2442 - val_accuracy: 0.5774
Epoch 10/350


Snapshot weight 3 shuffle 0 at epoch 10
Layer 11
Getting activations...


391/391 - 25s - loss: 1.1614 - accuracy: 0.5948 - val_loss: 1.1004 - val_accuracy: 0.6189
Epoch 11/350
391/391 - 25s - loss: 1.0984 - accuracy: 0.6176 - val_loss: 0.9915 - val_accuracy: 0.6567
Epoch 12/350
391/391 - 25s - loss: 1.0416 - accuracy: 0.6408 - val_loss: 0.9961 - val_accuracy: 0.6610
Epoch 13/350
391/391 - 25s - loss: 0.9983 - accuracy: 0.6554 - val_loss: 0.9538 - val_accuracy: 0.6757
Epoch 14/350
391/391 - 25s - loss: 0.9519 - accuracy: 0.6721 - val_loss: 0.8987 - val_accuracy: 0.6883
Epoch 15/350
391/391 - 25s - loss: 0.9263 - accuracy: 0.6837 - val_loss: 0.9594 - val_accuracy: 0.6837
Epoch 16/350
391/391 - 24s - loss: 0.8828 - accuracy: 0.6991 - val_loss: 0.9313 - val_accuracy: 0.6880
Epoch 17/350
391/391 - 24s - loss: 0.8396 - accuracy: 0.7102 - val_loss: 0.9802 - val_accuracy: 0.6764
Epoch 18/350
391/391 - 25s - loss: 0.8115 - accuracy: 0.7239 - val_loss: 0.7724 - val_accuracy: 0.7386
Epoch 19/350
391/391 - 25s - loss: 0.7882 - accuracy: 0.7347 - val_loss: 0.7972 - val_accuracy: 0.7322
Epoch 20/350
391/391 - 25s - loss: 0.7646 - accuracy: 0.7425 - val_loss: 0.7558 - val_accuracy: 0.7520
Epoch 21/350
391/391 - 24s - loss: 0.7334 - accuracy: 0.7539 - val_loss: 0.7555 - val_accuracy: 0.7561
Epoch 22/350
391/391 - 24s - loss: 0.7073 - accuracy: 0.7638 - val_loss: 0.7833 - val_accuracy: 0.7442
Epoch 23/350
391/391 - 25s - loss: 0.6899 - accuracy: 0.7722 - val_loss: 0.7449 - val_accuracy: 0.7587
Epoch 24/350
391/391 - 25s - loss: 0.6698 - accuracy: 0.7776 - val_loss: 0.7104 - val_accuracy: 0.7703
Epoch 25/350
391/391 - 24s - loss: 0.6508 - accuracy: 0.7834 - val_loss: 0.7208 - val_accuracy: 0.7692
Epoch 26/350
391/391 - 25s - loss: 0.6424 - accuracy: 0.7869 - val_loss: 0.5867 - val_accuracy: 0.8078
Epoch 27/350
391/391 - 24s - loss: 0.6193 - accuracy: 0.7956 - val_loss: 0.6051 - val_accuracy: 0.8076
Epoch 28/350
391/391 - 24s - loss: 0.6116 - accuracy: 0.7973 - val_loss: 0.5995 - val_accuracy: 0.8056
Epoch 29/350
391/391 - 24s - loss: 0.5963 - accuracy: 0.8021 - val_loss: 0.5631 - val_accuracy: 0.8162
Epoch 30/350
391/391 - 25s - loss: 0.5848 - accuracy: 0.8081 - val_loss: 0.6151 - val_accuracy: 0.8032
Epoch 31/350
391/391 - 25s - loss: 0.5678 - accuracy: 0.8139 - val_loss: 0.5393 - val_accuracy: 0.8274
Epoch 32/350
391/391 - 24s - loss: 0.5623 - accuracy: 0.8159 - val_loss: 0.5707 - val_accuracy: 0.8146
Epoch 33/350
391/391 - 24s - loss: 0.5566 - accuracy: 0.8172 - val_loss: 0.6351 - val_accuracy: 0.8062
Epoch 34/350
391/391 - 24s - loss: 0.5353 - accuracy: 0.8251 - val_loss: 0.5733 - val_accuracy: 0.8168
Epoch 35/350
391/391 - 25s - loss: 0.5297 - accuracy: 0.8266 - val_loss: 0.5787 - val_accuracy: 0.8186
Epoch 36/350
391/391 - 24s - loss: 0.5184 - accuracy: 0.8313 - val_loss: 0.5157 - val_accuracy: 0.8352
Epoch 37/350
391/391 - 25s - loss: 0.5079 - accuracy: 0.8336 - val_loss: 0.5410 - val_accuracy: 0.8316
Epoch 38/350
391/391 - 25s - loss: 0.5110 - accuracy: 0.8338 - val_loss: 0.5285 - val_accuracy: 0.8391
Epoch 39/350
391/391 - 24s - loss: 0.4937 - accuracy: 0.8398 - val_loss: 0.5439 - val_accuracy: 0.8305
Epoch 40/350
391/391 - 24s - loss: 0.4862 - accuracy: 0.8429 - val_loss: 0.4783 - val_accuracy: 0.8471
Epoch 41/350
391/391 - 25s - loss: 0.4794 - accuracy: 0.8438 - val_loss: 0.5331 - val_accuracy: 0.8297
Epoch 42/350
391/391 - 25s - loss: 0.4746 - accuracy: 0.8462 - val_loss: 0.4865 - val_accuracy: 0.8440
Epoch 43/350
391/391 - 25s - loss: 0.4654 - accuracy: 0.8478 - val_loss: 0.4946 - val_accuracy: 0.8396
Epoch 44/350
391/391 - 25s - loss: 0.4586 - accuracy: 0.8499 - val_loss: 0.5145 - val_accuracy: 0.8415
Epoch 45/350
391/391 - 24s - loss: 0.4578 - accuracy: 0.8518 - val_loss: 0.5593 - val_accuracy: 0.8209
Epoch 46/350
391/391 - 24s - loss: 0.4442 - accuracy: 0.8571 - val_loss: 0.5308 - val_accuracy: 0.8399
Epoch 47/350
391/391 - 24s - loss: 0.4392 - accuracy: 0.8587 - val_loss: 0.4700 - val_accuracy: 0.8558
Epoch 48/350
391/391 - 25s - loss: 0.4343 - accuracy: 0.8596 - val_loss: 0.4891 - val_accuracy: 0.8486
Epoch 49/350
391/391 - 24s - loss: 0.4313 - accuracy: 0.8603 - val_loss: 0.4807 - val_accuracy: 0.8551
Epoch 50/350


Snapshot weight 3 shuffle 0 at epoch 50
Layer 11
Getting activations...


391/391 - 25s - loss: 0.4212 - accuracy: 0.8643 - val_loss: 0.4771 - val_accuracy: 0.8531
Epoch 51/350
391/391 - 25s - loss: 0.4135 - accuracy: 0.8667 - val_loss: 0.4682 - val_accuracy: 0.8553
Epoch 52/350
391/391 - 24s - loss: 0.4127 - accuracy: 0.8677 - val_loss: 0.5017 - val_accuracy: 0.8489
Epoch 53/350
391/391 - 25s - loss: 0.4129 - accuracy: 0.8657 - val_loss: 0.5002 - val_accuracy: 0.8505
Epoch 54/350
391/391 - 25s - loss: 0.4074 - accuracy: 0.8686 - val_loss: 0.4783 - val_accuracy: 0.8520
Epoch 55/350
391/391 - 24s - loss: 0.4027 - accuracy: 0.8704 - val_loss: 0.4645 - val_accuracy: 0.8608
Epoch 56/350
391/391 - 25s - loss: 0.3961 - accuracy: 0.8739 - val_loss: 0.4856 - val_accuracy: 0.8558
Epoch 57/350
391/391 - 25s - loss: 0.3932 - accuracy: 0.8731 - val_loss: 0.4391 - val_accuracy: 0.8671
Epoch 58/350
391/391 - 24s - loss: 0.3893 - accuracy: 0.8755 - val_loss: 0.4582 - val_accuracy: 0.8629
Epoch 59/350
391/391 - 25s - loss: 0.3837 - accuracy: 0.8777 - val_loss: 0.4614 - val_accuracy: 0.8601
Epoch 60/350
391/391 - 24s - loss: 0.3789 - accuracy: 0.8789 - val_loss: 0.4602 - val_accuracy: 0.8614
Epoch 61/350
391/391 - 24s - loss: 0.3735 - accuracy: 0.8813 - val_loss: 0.5055 - val_accuracy: 0.8539
Epoch 62/350
391/391 - 25s - loss: 0.3730 - accuracy: 0.8796 - val_loss: 0.4212 - val_accuracy: 0.8721
Epoch 63/350
391/391 - 24s - loss: 0.3652 - accuracy: 0.8842 - val_loss: 0.5056 - val_accuracy: 0.8532
Epoch 64/350
391/391 - 25s - loss: 0.3622 - accuracy: 0.8856 - val_loss: 0.4317 - val_accuracy: 0.8683
Epoch 65/350
391/391 - 25s - loss: 0.3587 - accuracy: 0.8860 - val_loss: 0.4463 - val_accuracy: 0.8645
Epoch 66/350
391/391 - 24s - loss: 0.3539 - accuracy: 0.8889 - val_loss: 0.4555 - val_accuracy: 0.8638
Epoch 67/350
391/391 - 25s - loss: 0.3542 - accuracy: 0.8861 - val_loss: 0.4544 - val_accuracy: 0.8700
Epoch 68/350
391/391 - 25s - loss: 0.3447 - accuracy: 0.8908 - val_loss: 0.4484 - val_accuracy: 0.8705
Epoch 69/350
391/391 - 24s - loss: 0.3456 - accuracy: 0.8905 - val_loss: 0.4461 - val_accuracy: 0.8701
Epoch 70/350
391/391 - 24s - loss: 0.3455 - accuracy: 0.8907 - val_loss: 0.4401 - val_accuracy: 0.8675
Epoch 71/350
391/391 - 25s - loss: 0.3381 - accuracy: 0.8933 - val_loss: 0.4378 - val_accuracy: 0.8739
Epoch 72/350
391/391 - 25s - loss: 0.3365 - accuracy: 0.8938 - val_loss: 0.4729 - val_accuracy: 0.8658
Epoch 73/350
391/391 - 25s - loss: 0.3330 - accuracy: 0.8950 - val_loss: 0.4282 - val_accuracy: 0.8754
Epoch 74/350
391/391 - 24s - loss: 0.3364 - accuracy: 0.8959 - val_loss: 0.4289 - val_accuracy: 0.8725
Epoch 75/350
391/391 - 24s - loss: 0.3260 - accuracy: 0.8963 - val_loss: 0.4338 - val_accuracy: 0.8754
Epoch 76/350
391/391 - 24s - loss: 0.3241 - accuracy: 0.8982 - val_loss: 0.4725 - val_accuracy: 0.8651
Epoch 77/350
391/391 - 25s - loss: 0.3256 - accuracy: 0.8987 - val_loss: 0.4022 - val_accuracy: 0.8842
Epoch 78/350
391/391 - 25s - loss: 0.3218 - accuracy: 0.8996 - val_loss: 0.4357 - val_accuracy: 0.8740
Epoch 79/350
391/391 - 24s - loss: 0.3131 - accuracy: 0.9030 - val_loss: 0.4779 - val_accuracy: 0.8706
Epoch 80/350
391/391 - 25s - loss: 0.3135 - accuracy: 0.9020 - val_loss: 0.4186 - val_accuracy: 0.8781
Epoch 81/350
391/391 - 24s - loss: 0.3040 - accuracy: 0.9044 - val_loss: 0.4552 - val_accuracy: 0.8692
Epoch 82/350
391/391 - 24s - loss: 0.3078 - accuracy: 0.9040 - val_loss: 0.4226 - val_accuracy: 0.8807
Epoch 83/350
391/391 - 25s - loss: 0.3059 - accuracy: 0.9037 - val_loss: 0.4457 - val_accuracy: 0.8732
Epoch 84/350
391/391 - 24s - loss: 0.3074 - accuracy: 0.9038 - val_loss: 0.4196 - val_accuracy: 0.8811
Epoch 85/350
391/391 - 24s - loss: 0.3020 - accuracy: 0.9068 - val_loss: 0.4095 - val_accuracy: 0.8831
Epoch 86/350
391/391 - 25s - loss: 0.3028 - accuracy: 0.9063 - val_loss: 0.4331 - val_accuracy: 0.8818
Epoch 87/350
391/391 - 24s - loss: 0.2982 - accuracy: 0.9066 - val_loss: 0.4262 - val_accuracy: 0.8783
Epoch 88/350
391/391 - 25s - loss: 0.2947 - accuracy: 0.9083 - val_loss: 0.4120 - val_accuracy: 0.8806
Epoch 89/350
391/391 - 25s - loss: 0.2909 - accuracy: 0.9100 - val_loss: 0.4358 - val_accuracy: 0.8798
Epoch 90/350
391/391 - 24s - loss: 0.2889 - accuracy: 0.9109 - val_loss: 0.4524 - val_accuracy: 0.8760
Epoch 91/350
391/391 - 24s - loss: 0.2842 - accuracy: 0.9127 - val_loss: 0.4397 - val_accuracy: 0.8783
Epoch 92/350
391/391 - 25s - loss: 0.2860 - accuracy: 0.9125 - val_loss: 0.4114 - val_accuracy: 0.8828
Epoch 93/350
391/391 - 24s - loss: 0.2782 - accuracy: 0.9134 - val_loss: 0.4370 - val_accuracy: 0.8834
Epoch 94/350
391/391 - 24s - loss: 0.2825 - accuracy: 0.9140 - val_loss: 0.4329 - val_accuracy: 0.8788
Epoch 95/350
391/391 - 24s - loss: 0.2844 - accuracy: 0.9120 - val_loss: 0.4661 - val_accuracy: 0.8701
Epoch 96/350
391/391 - 24s - loss: 0.2772 - accuracy: 0.9149 - val_loss: 0.4379 - val_accuracy: 0.8804
Epoch 97/350
391/391 - 24s - loss: 0.2742 - accuracy: 0.9166 - val_loss: 0.4789 - val_accuracy: 0.8710
Epoch 98/350
391/391 - 25s - loss: 0.2722 - accuracy: 0.9170 - val_loss: 0.4127 - val_accuracy: 0.8850
Epoch 99/350
391/391 - 25s - loss: 0.2723 - accuracy: 0.9184 - val_loss: 0.4131 - val_accuracy: 0.8878
Epoch 100/350


Snapshot weight 3 shuffle 0 at epoch 100
Layer 11
Getting activations...


391/391 - 25s - loss: 0.2682 - accuracy: 0.9191 - val_loss: 0.4278 - val_accuracy: 0.8831
Epoch 101/350
391/391 - 24s - loss: 0.2655 - accuracy: 0.9196 - val_loss: 0.4411 - val_accuracy: 0.8783
Epoch 102/350
391/391 - 24s - loss: 0.2702 - accuracy: 0.9167 - val_loss: 0.4236 - val_accuracy: 0.8863
Epoch 103/350
391/391 - 25s - loss: 0.2645 - accuracy: 0.9180 - val_loss: 0.4205 - val_accuracy: 0.8858
Epoch 104/350
391/391 - 25s - loss: 0.2588 - accuracy: 0.9219 - val_loss: 0.4316 - val_accuracy: 0.8813
Epoch 105/350
391/391 - 24s - loss: 0.2651 - accuracy: 0.9192 - val_loss: 0.4021 - val_accuracy: 0.8903
Epoch 106/350
391/391 - 24s - loss: 0.2599 - accuracy: 0.9202 - val_loss: 0.4238 - val_accuracy: 0.8843
Epoch 107/350
391/391 - 24s - loss: 0.2557 - accuracy: 0.9219 - val_loss: 0.4081 - val_accuracy: 0.8895
Epoch 108/350
391/391 - 25s - loss: 0.2579 - accuracy: 0.9233 - val_loss: 0.4477 - val_accuracy: 0.8806
Epoch 109/350
391/391 - 24s - loss: 0.2539 - accuracy: 0.9239 - val_loss: 0.4214 - val_accuracy: 0.8913
Epoch 110/350
391/391 - 24s - loss: 0.2517 - accuracy: 0.9247 - val_loss: 0.4805 - val_accuracy: 0.8787
Epoch 111/350
391/391 - 24s - loss: 0.2474 - accuracy: 0.9251 - val_loss: 0.4957 - val_accuracy: 0.8729
Epoch 112/350
391/391 - 25s - loss: 0.2456 - accuracy: 0.9250 - val_loss: 0.4655 - val_accuracy: 0.8762
Epoch 113/350
391/391 - 24s - loss: 0.2452 - accuracy: 0.9266 - val_loss: 0.4502 - val_accuracy: 0.8805
Epoch 114/350
391/391 - 25s - loss: 0.2462 - accuracy: 0.9253 - val_loss: 0.4337 - val_accuracy: 0.8818
Epoch 115/350
391/391 - 24s - loss: 0.2494 - accuracy: 0.9247 - val_loss: 0.4409 - val_accuracy: 0.8827
Epoch 116/350
391/391 - 24s - loss: 0.2414 - accuracy: 0.9284 - val_loss: 0.4450 - val_accuracy: 0.8857
Epoch 117/350
391/391 - 25s - loss: 0.2424 - accuracy: 0.9273 - val_loss: 0.4265 - val_accuracy: 0.8896
Epoch 118/350
391/391 - 24s - loss: 0.2432 - accuracy: 0.9266 - val_loss: 0.4086 - val_accuracy: 0.8887
Epoch 119/350
391/391 - 24s - loss: 0.2335 - accuracy: 0.9314 - val_loss: 0.4443 - val_accuracy: 0.8841
Epoch 120/350
391/391 - 25s - loss: 0.2398 - accuracy: 0.9290 - val_loss: 0.4253 - val_accuracy: 0.8935
Epoch 121/350
391/391 - 24s - loss: 0.2342 - accuracy: 0.9310 - val_loss: 0.4596 - val_accuracy: 0.8838
Epoch 122/350
391/391 - 24s - loss: 0.2355 - accuracy: 0.9306 - val_loss: 0.4562 - val_accuracy: 0.8860
Epoch 123/350
391/391 - 24s - loss: 0.2289 - accuracy: 0.9316 - val_loss: 0.4267 - val_accuracy: 0.8898
Epoch 124/350
391/391 - 25s - loss: 0.2363 - accuracy: 0.9299 - val_loss: 0.4456 - val_accuracy: 0.8816
Epoch 125/350
391/391 - 25s - loss: 0.2281 - accuracy: 0.9333 - val_loss: 0.4326 - val_accuracy: 0.8904
Epoch 126/350
391/391 - 24s - loss: 0.2304 - accuracy: 0.9321 - val_loss: 0.4299 - val_accuracy: 0.8874
Epoch 127/350
391/391 - 24s - loss: 0.2311 - accuracy: 0.9310 - val_loss: 0.4365 - val_accuracy: 0.8885
Epoch 128/350
391/391 - 24s - loss: 0.2243 - accuracy: 0.9336 - val_loss: 0.4397 - val_accuracy: 0.8903
Epoch 129/350
391/391 - 24s - loss: 0.2255 - accuracy: 0.9351 - val_loss: 0.4487 - val_accuracy: 0.8817
Epoch 130/350
391/391 - 24s - loss: 0.2204 - accuracy: 0.9352 - val_loss: 0.4161 - val_accuracy: 0.8904
Epoch 131/350
391/391 - 24s - loss: 0.2217 - accuracy: 0.9350 - val_loss: 0.4188 - val_accuracy: 0.8850
Epoch 132/350
391/391 - 24s - loss: 0.2238 - accuracy: 0.9353 - val_loss: 0.4245 - val_accuracy: 0.8892
Epoch 133/350
391/391 - 24s - loss: 0.2189 - accuracy: 0.9368 - val_loss: 0.4327 - val_accuracy: 0.8892
Epoch 134/350
391/391 - 24s - loss: 0.2218 - accuracy: 0.9366 - val_loss: 0.4567 - val_accuracy: 0.8860
Epoch 135/350
391/391 - 25s - loss: 0.2179 - accuracy: 0.9377 - val_loss: 0.4509 - val_accuracy: 0.8915
Epoch 136/350
391/391 - 24s - loss: 0.2119 - accuracy: 0.9388 - val_loss: 0.4291 - val_accuracy: 0.8945
Epoch 137/350
391/391 - 24s - loss: 0.2164 - accuracy: 0.9358 - val_loss: 0.4658 - val_accuracy: 0.8882
Epoch 138/350
391/391 - 25s - loss: 0.2168 - accuracy: 0.9368 - val_loss: 0.4789 - val_accuracy: 0.8798
Epoch 139/350
391/391 - 24s - loss: 0.2120 - accuracy: 0.9390 - val_loss: 0.4673 - val_accuracy: 0.8871
Epoch 140/350
391/391 - 24s - loss: 0.2162 - accuracy: 0.9399 - val_loss: 0.4272 - val_accuracy: 0.8929
Epoch 141/350
391/391 - 24s - loss: 0.2099 - accuracy: 0.9406 - val_loss: 0.4481 - val_accuracy: 0.8926
Epoch 142/350
391/391 - 24s - loss: 0.2093 - accuracy: 0.9412 - val_loss: 0.4209 - val_accuracy: 0.8940
Epoch 143/350
391/391 - 24s - loss: 0.2120 - accuracy: 0.9397 - val_loss: 0.4157 - val_accuracy: 0.8941
Epoch 144/350
391/391 - 24s - loss: 0.2134 - accuracy: 0.9390 - val_loss: 0.4476 - val_accuracy: 0.8848
Epoch 145/350
391/391 - 24s - loss: 0.2082 - accuracy: 0.9404 - val_loss: 0.4765 - val_accuracy: 0.8851
Epoch 146/350
391/391 - 24s - loss: 0.2068 - accuracy: 0.9418 - val_loss: 0.4312 - val_accuracy: 0.8913
Epoch 147/350
391/391 - 25s - loss: 0.2061 - accuracy: 0.9416 - val_loss: 0.4426 - val_accuracy: 0.8910
Epoch 148/350
391/391 - 24s - loss: 0.2029 - accuracy: 0.9430 - val_loss: 0.4397 - val_accuracy: 0.8905
Epoch 149/350
391/391 - 24s - loss: 0.2062 - accuracy: 0.9408 - val_loss: 0.4270 - val_accuracy: 0.8970
Epoch 150/350


Snapshot weight 3 shuffle 0 at epoch 150
Layer 11
Getting activations...


391/391 - 25s - loss: 0.1960 - accuracy: 0.9448 - val_loss: 0.4549 - val_accuracy: 0.8912
Epoch 151/350
391/391 - 24s - loss: 0.1999 - accuracy: 0.9426 - val_loss: 0.4796 - val_accuracy: 0.8868
Epoch 152/350
391/391 - 24s - loss: 0.2016 - accuracy: 0.9437 - val_loss: 0.5243 - val_accuracy: 0.8802
Epoch 153/350
391/391 - 25s - loss: 0.2035 - accuracy: 0.9431 - val_loss: 0.4385 - val_accuracy: 0.8910
Epoch 154/350
391/391 - 24s - loss: 0.2027 - accuracy: 0.9425 - val_loss: 0.4319 - val_accuracy: 0.8962
Epoch 155/350
391/391 - 24s - loss: 0.2008 - accuracy: 0.9434 - val_loss: 0.4644 - val_accuracy: 0.8865
Epoch 156/350
391/391 - 25s - loss: 0.2004 - accuracy: 0.9437 - val_loss: 0.4362 - val_accuracy: 0.8941
Epoch 157/350
391/391 - 24s - loss: 0.1951 - accuracy: 0.9456 - val_loss: 0.4712 - val_accuracy: 0.8877
Epoch 158/350
391/391 - 24s - loss: 0.1895 - accuracy: 0.9476 - val_loss: 0.4609 - val_accuracy: 0.8936
Epoch 159/350
391/391 - 24s - loss: 0.1974 - accuracy: 0.9450 - val_loss: 0.4354 - val_accuracy: 0.8938
Epoch 160/350
391/391 - 24s - loss: 0.1963 - accuracy: 0.9448 - val_loss: 0.4438 - val_accuracy: 0.8922
Epoch 161/350
391/391 - 24s - loss: 0.1933 - accuracy: 0.9474 - val_loss: 0.4622 - val_accuracy: 0.8894
Epoch 162/350
391/391 - 25s - loss: 0.1919 - accuracy: 0.9468 - val_loss: 0.4419 - val_accuracy: 0.8923
Epoch 163/350
391/391 - 24s - loss: 0.1917 - accuracy: 0.9470 - val_loss: 0.4421 - val_accuracy: 0.8925
Epoch 164/350
391/391 - 24s - loss: 0.1914 - accuracy: 0.9481 - val_loss: 0.4603 - val_accuracy: 0.8922
Epoch 165/350
391/391 - 24s - loss: 0.1904 - accuracy: 0.9474 - val_loss: 0.4254 - val_accuracy: 0.8947
Epoch 166/350
391/391 - 24s - loss: 0.1908 - accuracy: 0.9474 - val_loss: 0.4342 - val_accuracy: 0.8935
Epoch 167/350
391/391 - 25s - loss: 0.1862 - accuracy: 0.9500 - val_loss: 0.4531 - val_accuracy: 0.8974
Epoch 168/350
391/391 - 24s - loss: 0.1897 - accuracy: 0.9480 - val_loss: 0.4671 - val_accuracy: 0.8868
Epoch 169/350
391/391 - 25s - loss: 0.1921 - accuracy: 0.9467 - val_loss: 0.4629 - val_accuracy: 0.8968
Epoch 170/350
391/391 - 24s - loss: 0.1865 - accuracy: 0.9500 - val_loss: 0.4512 - val_accuracy: 0.8968
Epoch 171/350
391/391 - 25s - loss: 0.1865 - accuracy: 0.9492 - val_loss: 0.4815 - val_accuracy: 0.8916
Epoch 172/350
391/391 - 24s - loss: 0.1813 - accuracy: 0.9502 - val_loss: 0.4548 - val_accuracy: 0.8950
Epoch 173/350
391/391 - 24s - loss: 0.1849 - accuracy: 0.9506 - val_loss: 0.4530 - val_accuracy: 0.8920
Epoch 174/350
391/391 - 25s - loss: 0.1861 - accuracy: 0.9494 - val_loss: 0.4540 - val_accuracy: 0.8945
Epoch 175/350
391/391 - 24s - loss: 0.1826 - accuracy: 0.9509 - val_loss: 0.4501 - val_accuracy: 0.8893
Epoch 176/350
391/391 - 24s - loss: 0.1820 - accuracy: 0.9509 - val_loss: 0.4575 - val_accuracy: 0.8983
Epoch 177/350
391/391 - 24s - loss: 0.1827 - accuracy: 0.9504 - val_loss: 0.4528 - val_accuracy: 0.8968
Epoch 178/350
391/391 - 25s - loss: 0.1834 - accuracy: 0.9511 - val_loss: 0.4242 - val_accuracy: 0.8983
Epoch 179/350
391/391 - 24s - loss: 0.1845 - accuracy: 0.9516 - val_loss: 0.4414 - val_accuracy: 0.8982
Epoch 180/350
391/391 - 24s - loss: 0.1829 - accuracy: 0.9507 - val_loss: 0.4828 - val_accuracy: 0.8874
Epoch 181/350
391/391 - 24s - loss: 0.1736 - accuracy: 0.9545 - val_loss: 0.5103 - val_accuracy: 0.8881
Epoch 182/350
391/391 - 25s - loss: 0.1794 - accuracy: 0.9525 - val_loss: 0.4951 - val_accuracy: 0.8898
Epoch 183/350
391/391 - 24s - loss: 0.1785 - accuracy: 0.9514 - val_loss: 0.4579 - val_accuracy: 0.8983
Epoch 184/350
391/391 - 24s - loss: 0.1786 - accuracy: 0.9520 - val_loss: 0.5178 - val_accuracy: 0.8878
Epoch 185/350
391/391 - 24s - loss: 0.1763 - accuracy: 0.9537 - val_loss: 0.4596 - val_accuracy: 0.8976
Epoch 186/350
391/391 - 24s - loss: 0.1798 - accuracy: 0.9525 - val_loss: 0.4580 - val_accuracy: 0.8942
Epoch 187/350
391/391 - 24s - loss: 0.1746 - accuracy: 0.9535 - val_loss: 0.4546 - val_accuracy: 0.9003
Epoch 188/350
391/391 - 24s - loss: 0.1779 - accuracy: 0.9519 - val_loss: 0.4781 - val_accuracy: 0.8920
Epoch 189/350
391/391 - 25s - loss: 0.1722 - accuracy: 0.9534 - val_loss: 0.4997 - val_accuracy: 0.8944
Epoch 190/350
391/391 - 24s - loss: 0.1759 - accuracy: 0.9543 - val_loss: 0.4422 - val_accuracy: 0.8965
Epoch 191/350
391/391 - 24s - loss: 0.1730 - accuracy: 0.9549 - val_loss: 0.4515 - val_accuracy: 0.8965
Epoch 192/350
391/391 - 25s - loss: 0.1729 - accuracy: 0.9553 - val_loss: 0.4569 - val_accuracy: 0.8992
Epoch 193/350
391/391 - 24s - loss: 0.1752 - accuracy: 0.9540 - val_loss: 0.4657 - val_accuracy: 0.8952
Epoch 194/350
391/391 - 25s - loss: 0.1719 - accuracy: 0.9552 - val_loss: 0.4700 - val_accuracy: 0.8940
Epoch 195/350
391/391 - 25s - loss: 0.1680 - accuracy: 0.9566 - val_loss: 0.4540 - val_accuracy: 0.8931
Epoch 196/350
391/391 - 24s - loss: 0.1711 - accuracy: 0.9560 - val_loss: 0.4660 - val_accuracy: 0.8939
Epoch 197/350
391/391 - 24s - loss: 0.1649 - accuracy: 0.9570 - val_loss: 0.4822 - val_accuracy: 0.8949
Epoch 198/350
391/391 - 24s - loss: 0.1715 - accuracy: 0.9554 - val_loss: 0.4803 - val_accuracy: 0.8962
Epoch 199/350
391/391 - 25s - loss: 0.1712 - accuracy: 0.9546 - val_loss: 0.4505 - val_accuracy: 0.8970
Epoch 200/350


Snapshot weight 3 shuffle 0 at epoch 200
Layer 11
Getting activations...


391/391 - 25s - loss: 0.1722 - accuracy: 0.9555 - val_loss: 0.4444 - val_accuracy: 0.8985
Epoch 201/350
391/391 - 25s - loss: 0.1376 - accuracy: 0.9673 - val_loss: 0.4409 - val_accuracy: 0.9056
Epoch 202/350
391/391 - 25s - loss: 0.1292 - accuracy: 0.9702 - val_loss: 0.4480 - val_accuracy: 0.9061
Epoch 203/350
391/391 - 24s - loss: 0.1275 - accuracy: 0.9713 - val_loss: 0.4419 - val_accuracy: 0.9074
Epoch 204/350
391/391 - 25s - loss: 0.1249 - accuracy: 0.9715 - val_loss: 0.4543 - val_accuracy: 0.9061
Epoch 205/350
391/391 - 24s - loss: 0.1264 - accuracy: 0.9723 - val_loss: 0.4518 - val_accuracy: 0.9066
Epoch 206/350
391/391 - 25s - loss: 0.1223 - accuracy: 0.9731 - val_loss: 0.4584 - val_accuracy: 0.9063
Epoch 207/350
391/391 - 24s - loss: 0.1197 - accuracy: 0.9733 - val_loss: 0.4577 - val_accuracy: 0.9085
Epoch 208/350
391/391 - 25s - loss: 0.1210 - accuracy: 0.9738 - val_loss: 0.4644 - val_accuracy: 0.9069
Epoch 209/350
391/391 - 25s - loss: 0.1204 - accuracy: 0.9747 - val_loss: 0.4587 - val_accuracy: 0.9070
Epoch 210/350
391/391 - 25s - loss: 0.1206 - accuracy: 0.9738 - val_loss: 0.4662 - val_accuracy: 0.9076
Epoch 211/350
391/391 - 24s - loss: 0.1187 - accuracy: 0.9744 - val_loss: 0.4714 - val_accuracy: 0.9066
Epoch 212/350
391/391 - 24s - loss: 0.1176 - accuracy: 0.9746 - val_loss: 0.4706 - val_accuracy: 0.9074
Epoch 213/350
391/391 - 24s - loss: 0.1172 - accuracy: 0.9752 - val_loss: 0.4696 - val_accuracy: 0.9063
Epoch 214/350
391/391 - 24s - loss: 0.1184 - accuracy: 0.9746 - val_loss: 0.4776 - val_accuracy: 0.9052
Epoch 215/350
391/391 - 24s - loss: 0.1150 - accuracy: 0.9753 - val_loss: 0.4766 - val_accuracy: 0.9047
Epoch 216/350
391/391 - 24s - loss: 0.1178 - accuracy: 0.9749 - val_loss: 0.4612 - val_accuracy: 0.9067
Epoch 217/350
391/391 - 24s - loss: 0.1145 - accuracy: 0.9760 - val_loss: 0.4729 - val_accuracy: 0.9064
Epoch 218/350
391/391 - 25s - loss: 0.1113 - accuracy: 0.9772 - val_loss: 0.4760 - val_accuracy: 0.9060
Epoch 219/350
391/391 - 24s - loss: 0.1121 - accuracy: 0.9762 - val_loss: 0.4759 - val_accuracy: 0.9067
Epoch 220/350
391/391 - 25s - loss: 0.1133 - accuracy: 0.9757 - val_loss: 0.4793 - val_accuracy: 0.9062
Epoch 221/350
391/391 - 24s - loss: 0.1163 - accuracy: 0.9753 - val_loss: 0.4731 - val_accuracy: 0.9065
Epoch 222/350
391/391 - 24s - loss: 0.1108 - accuracy: 0.9761 - val_loss: 0.4877 - val_accuracy: 0.9060
Epoch 223/350
391/391 - 25s - loss: 0.1126 - accuracy: 0.9762 - val_loss: 0.4813 - val_accuracy: 0.9068
Epoch 224/350
391/391 - 24s - loss: 0.1123 - accuracy: 0.9759 - val_loss: 0.4802 - val_accuracy: 0.9071
Epoch 225/350
391/391 - 25s - loss: 0.1111 - accuracy: 0.9768 - val_loss: 0.4893 - val_accuracy: 0.9054
Epoch 226/350
391/391 - 24s - loss: 0.1119 - accuracy: 0.9772 - val_loss: 0.4824 - val_accuracy: 0.9060
Epoch 227/350
391/391 - 24s - loss: 0.1132 - accuracy: 0.9766 - val_loss: 0.4801 - val_accuracy: 0.9068
Epoch 228/350
391/391 - 24s - loss: 0.1113 - accuracy: 0.9769 - val_loss: 0.4865 - val_accuracy: 0.9060
Epoch 229/350
391/391 - 24s - loss: 0.1094 - accuracy: 0.9778 - val_loss: 0.4941 - val_accuracy: 0.9052
Epoch 230/350
391/391 - 24s - loss: 0.1103 - accuracy: 0.9770 - val_loss: 0.4763 - val_accuracy: 0.9079
Epoch 231/350
391/391 - 25s - loss: 0.1111 - accuracy: 0.9766 - val_loss: 0.4925 - val_accuracy: 0.9072
Epoch 232/350
391/391 - 24s - loss: 0.1096 - accuracy: 0.9771 - val_loss: 0.4861 - val_accuracy: 0.9071
Epoch 233/350
391/391 - 24s - loss: 0.1070 - accuracy: 0.9784 - val_loss: 0.4945 - val_accuracy: 0.9070
Epoch 234/350
391/391 - 24s - loss: 0.1092 - accuracy: 0.9775 - val_loss: 0.4927 - val_accuracy: 0.9071
Epoch 235/350
391/391 - 24s - loss: 0.1083 - accuracy: 0.9782 - val_loss: 0.4991 - val_accuracy: 0.9063
Epoch 236/350
391/391 - 24s - loss: 0.1085 - accuracy: 0.9776 - val_loss: 0.4883 - val_accuracy: 0.9064
Epoch 237/350
391/391 - 24s - loss: 0.1101 - accuracy: 0.9759 - val_loss: 0.4965 - val_accuracy: 0.9066
Epoch 238/350
391/391 - 24s - loss: 0.1125 - accuracy: 0.9766 - val_loss: 0.4912 - val_accuracy: 0.9054
Epoch 239/350
391/391 - 24s - loss: 0.1065 - accuracy: 0.9790 - val_loss: 0.4881 - val_accuracy: 0.9057
Epoch 240/350
391/391 - 24s - loss: 0.1069 - accuracy: 0.9781 - val_loss: 0.4939 - val_accuracy: 0.9059
Epoch 241/350
391/391 - 24s - loss: 0.1083 - accuracy: 0.9777 - val_loss: 0.5030 - val_accuracy: 0.9060
Epoch 242/350
391/391 - 24s - loss: 0.1064 - accuracy: 0.9781 - val_loss: 0.4982 - val_accuracy: 0.9066
Epoch 243/350
391/391 - 24s - loss: 0.1066 - accuracy: 0.9788 - val_loss: 0.4997 - val_accuracy: 0.9049
Epoch 244/350
391/391 - 24s - loss: 0.1073 - accuracy: 0.9782 - val_loss: 0.4989 - val_accuracy: 0.9051
Epoch 245/350
391/391 - 24s - loss: 0.1081 - accuracy: 0.9784 - val_loss: 0.4898 - val_accuracy: 0.9078
Epoch 246/350
391/391 - 24s - loss: 0.1076 - accuracy: 0.9784 - val_loss: 0.5037 - val_accuracy: 0.9059
Epoch 247/350
391/391 - 24s - loss: 0.1063 - accuracy: 0.9785 - val_loss: 0.4891 - val_accuracy: 0.9079
Epoch 248/350
391/391 - 24s - loss: 0.1064 - accuracy: 0.9786 - val_loss: 0.4978 - val_accuracy: 0.9068
Epoch 249/350
391/391 - 24s - loss: 0.1044 - accuracy: 0.9794 - val_loss: 0.4950 - val_accuracy: 0.9085
Epoch 250/350


Snapshot weight 3 shuffle 0 at epoch 250
Layer 11
Getting activations...


391/391 - 25s - loss: 0.1069 - accuracy: 0.9784 - val_loss: 0.4847 - val_accuracy: 0.9080
Epoch 251/350
391/391 - 24s - loss: 0.1034 - accuracy: 0.9793 - val_loss: 0.4912 - val_accuracy: 0.9067
Epoch 252/350
391/391 - 25s - loss: 0.1048 - accuracy: 0.9792 - val_loss: 0.4928 - val_accuracy: 0.9071
Epoch 253/350
391/391 - 24s - loss: 0.1033 - accuracy: 0.9793 - val_loss: 0.4948 - val_accuracy: 0.9073
Epoch 254/350
391/391 - 24s - loss: 0.1055 - accuracy: 0.9791 - val_loss: 0.4925 - val_accuracy: 0.9069
Epoch 255/350
391/391 - 25s - loss: 0.1010 - accuracy: 0.9798 - val_loss: 0.4966 - val_accuracy: 0.9067
Epoch 256/350
391/391 - 24s - loss: 0.1032 - accuracy: 0.9798 - val_loss: 0.4960 - val_accuracy: 0.9065
Epoch 257/350
391/391 - 24s - loss: 0.1020 - accuracy: 0.9803 - val_loss: 0.4981 - val_accuracy: 0.9077
Epoch 258/350
391/391 - 24s - loss: 0.1016 - accuracy: 0.9803 - val_loss: 0.4989 - val_accuracy: 0.9070
Epoch 259/350
391/391 - 24s - loss: 0.1036 - accuracy: 0.9799 - val_loss: 0.4962 - val_accuracy: 0.9073
Epoch 260/350
391/391 - 24s - loss: 0.0998 - accuracy: 0.9803 - val_loss: 0.4991 - val_accuracy: 0.9078
Epoch 261/350
391/391 - 24s - loss: 0.1042 - accuracy: 0.9788 - val_loss: 0.5005 - val_accuracy: 0.9069
Epoch 262/350
391/391 - 24s - loss: 0.1013 - accuracy: 0.9809 - val_loss: 0.4973 - val_accuracy: 0.9075
Epoch 263/350
391/391 - 24s - loss: 0.1041 - accuracy: 0.9802 - val_loss: 0.4969 - val_accuracy: 0.9079
Epoch 264/350
391/391 - 24s - loss: 0.1050 - accuracy: 0.9787 - val_loss: 0.4953 - val_accuracy: 0.9084
Epoch 265/350
391/391 - 24s - loss: 0.1051 - accuracy: 0.9795 - val_loss: 0.4973 - val_accuracy: 0.9081
Epoch 266/350
391/391 - 24s - loss: 0.1015 - accuracy: 0.9807 - val_loss: 0.4974 - val_accuracy: 0.9075
Epoch 267/350
391/391 - 25s - loss: 0.1052 - accuracy: 0.9788 - val_loss: 0.4941 - val_accuracy: 0.9072
Epoch 268/350
391/391 - 24s - loss: 0.1028 - accuracy: 0.9798 - val_loss: 0.4967 - val_accuracy: 0.9075
Epoch 269/350
391/391 - 25s - loss: 0.1029 - accuracy: 0.9798 - val_loss: 0.4959 - val_accuracy: 0.9078
Epoch 270/350
391/391 - 24s - loss: 0.1025 - accuracy: 0.9800 - val_loss: 0.4974 - val_accuracy: 0.9084
Epoch 271/350
391/391 - 24s - loss: 0.1028 - accuracy: 0.9800 - val_loss: 0.4983 - val_accuracy: 0.9078
Epoch 272/350
391/391 - 24s - loss: 0.1019 - accuracy: 0.9798 - val_loss: 0.5000 - val_accuracy: 0.9077
Epoch 273/350
391/391 - 24s - loss: 0.1034 - accuracy: 0.9790 - val_loss: 0.4996 - val_accuracy: 0.9078
Epoch 274/350
391/391 - 25s - loss: 0.1023 - accuracy: 0.9805 - val_loss: 0.4978 - val_accuracy: 0.9077
Epoch 275/350
391/391 - 24s - loss: 0.1014 - accuracy: 0.9805 - val_loss: 0.4990 - val_accuracy: 0.9072
Epoch 276/350
391/391 - 24s - loss: 0.1018 - accuracy: 0.9797 - val_loss: 0.5004 - val_accuracy: 0.9071
Epoch 277/350
391/391 - 24s - loss: 0.1025 - accuracy: 0.9801 - val_loss: 0.5015 - val_accuracy: 0.9080
Epoch 278/350
391/391 - 24s - loss: 0.1033 - accuracy: 0.9796 - val_loss: 0.5001 - val_accuracy: 0.9078
Epoch 279/350
391/391 - 25s - loss: 0.1013 - accuracy: 0.9809 - val_loss: 0.5013 - val_accuracy: 0.9073
Epoch 280/350
391/391 - 25s - loss: 0.1022 - accuracy: 0.9800 - val_loss: 0.5008 - val_accuracy: 0.9077
Epoch 281/350
391/391 - 24s - loss: 0.1018 - accuracy: 0.9805 - val_loss: 0.5013 - val_accuracy: 0.9077
Epoch 282/350
391/391 - 24s - loss: 0.1022 - accuracy: 0.9797 - val_loss: 0.5003 - val_accuracy: 0.9075
Epoch 283/350
391/391 - 25s - loss: 0.1005 - accuracy: 0.9804 - val_loss: 0.5013 - val_accuracy: 0.9077
Epoch 284/350
391/391 - 24s - loss: 0.1026 - accuracy: 0.9794 - val_loss: 0.5022 - val_accuracy: 0.9078
Epoch 285/350
391/391 - 24s - loss: 0.1023 - accuracy: 0.9803 - val_loss: 0.5013 - val_accuracy: 0.9080
Epoch 286/350
391/391 - 24s - loss: 0.1035 - accuracy: 0.9797 - val_loss: 0.4991 - val_accuracy: 0.9088
Epoch 287/350
391/391 - 24s - loss: 0.1024 - accuracy: 0.9800 - val_loss: 0.4999 - val_accuracy: 0.9079
Epoch 288/350
391/391 - 24s - loss: 0.1022 - accuracy: 0.9799 - val_loss: 0.5021 - val_accuracy: 0.9070
Epoch 289/350
391/391 - 24s - loss: 0.1010 - accuracy: 0.9811 - val_loss: 0.4998 - val_accuracy: 0.9081
Epoch 290/350
391/391 - 25s - loss: 0.1047 - accuracy: 0.9786 - val_loss: 0.4986 - val_accuracy: 0.9076
Epoch 291/350
391/391 - 25s - loss: 0.1015 - accuracy: 0.9798 - val_loss: 0.4992 - val_accuracy: 0.9077
Epoch 292/350
391/391 - 24s - loss: 0.1027 - accuracy: 0.9799 - val_loss: 0.4991 - val_accuracy: 0.9081
Epoch 293/350
391/391 - 24s - loss: 0.1018 - accuracy: 0.9804 - val_loss: 0.5014 - val_accuracy: 0.9089
Epoch 294/350
391/391 - 24s - loss: 0.1002 - accuracy: 0.9804 - val_loss: 0.5037 - val_accuracy: 0.9081
Epoch 295/350
391/391 - 25s - loss: 0.1030 - accuracy: 0.9793 - val_loss: 0.5025 - val_accuracy: 0.9083
Epoch 296/350
391/391 - 24s - loss: 0.1039 - accuracy: 0.9797 - val_loss: 0.5008 - val_accuracy: 0.9082
Epoch 297/350
391/391 - 25s - loss: 0.1013 - accuracy: 0.9801 - val_loss: 0.4992 - val_accuracy: 0.9081
Epoch 298/350
391/391 - 24s - loss: 0.1002 - accuracy: 0.9811 - val_loss: 0.5026 - val_accuracy: 0.9078
Epoch 299/350
391/391 - 24s - loss: 0.1012 - accuracy: 0.9806 - val_loss: 0.5020 - val_accuracy: 0.9083
Epoch 300/350


Snapshot weight 3 shuffle 0 at epoch 300
Layer 11
Getting activations...


391/391 - 25s - loss: 0.1043 - accuracy: 0.9793 - val_loss: 0.4998 - val_accuracy: 0.9082
Epoch 301/350
391/391 - 24s - loss: 0.1015 - accuracy: 0.9807 - val_loss: 0.4998 - val_accuracy: 0.9081
Epoch 302/350
391/391 - 25s - loss: 0.1006 - accuracy: 0.9802 - val_loss: 0.5002 - val_accuracy: 0.9081
Epoch 303/350
391/391 - 24s - loss: 0.1034 - accuracy: 0.9798 - val_loss: 0.5001 - val_accuracy: 0.9081
Epoch 304/350
391/391 - 24s - loss: 0.1021 - accuracy: 0.9792 - val_loss: 0.5003 - val_accuracy: 0.9079
Epoch 305/350
391/391 - 24s - loss: 0.0990 - accuracy: 0.9806 - val_loss: 0.5002 - val_accuracy: 0.9080
Epoch 306/350
391/391 - 24s - loss: 0.1008 - accuracy: 0.9806 - val_loss: 0.5004 - val_accuracy: 0.9080
Epoch 307/350
391/391 - 24s - loss: 0.0989 - accuracy: 0.9819 - val_loss: 0.5006 - val_accuracy: 0.9079
Epoch 308/350
391/391 - 24s - loss: 0.1016 - accuracy: 0.9796 - val_loss: 0.5007 - val_accuracy: 0.9078
Epoch 309/350
391/391 - 25s - loss: 0.1020 - accuracy: 0.9792 - val_loss: 0.5011 - val_accuracy: 0.9078
Epoch 310/350
391/391 - 24s - loss: 0.1015 - accuracy: 0.9798 - val_loss: 0.5015 - val_accuracy: 0.9079
Epoch 311/350
391/391 - 25s - loss: 0.1009 - accuracy: 0.9810 - val_loss: 0.5014 - val_accuracy: 0.9080
Epoch 312/350
391/391 - 24s - loss: 0.1041 - accuracy: 0.9803 - val_loss: 0.5013 - val_accuracy: 0.9080
Epoch 313/350
391/391 - 24s - loss: 0.0989 - accuracy: 0.9812 - val_loss: 0.5016 - val_accuracy: 0.9078
Epoch 314/350
391/391 - 25s - loss: 0.1036 - accuracy: 0.9793 - val_loss: 0.5013 - val_accuracy: 0.9078
Epoch 315/350
391/391 - 24s - loss: 0.1025 - accuracy: 0.9803 - val_loss: 0.5009 - val_accuracy: 0.9080
Epoch 316/350
391/391 - 24s - loss: 0.1019 - accuracy: 0.9804 - val_loss: 0.5013 - val_accuracy: 0.9080
Epoch 317/350
391/391 - 24s - loss: 0.1019 - accuracy: 0.9800 - val_loss: 0.5015 - val_accuracy: 0.9080
Epoch 318/350
391/391 - 24s - loss: 0.1019 - accuracy: 0.9803 - val_loss: 0.5018 - val_accuracy: 0.9081
Epoch 319/350
391/391 - 25s - loss: 0.1013 - accuracy: 0.9801 - val_loss: 0.5019 - val_accuracy: 0.9079
Epoch 320/350
391/391 - 24s - loss: 0.0994 - accuracy: 0.9809 - val_loss: 0.5022 - val_accuracy: 0.9080
Epoch 321/350
391/391 - 24s - loss: 0.1018 - accuracy: 0.9801 - val_loss: 0.5019 - val_accuracy: 0.9081
Epoch 322/350
391/391 - 24s - loss: 0.1035 - accuracy: 0.9792 - val_loss: 0.5017 - val_accuracy: 0.9084
Epoch 323/350
391/391 - 24s - loss: 0.1004 - accuracy: 0.9803 - val_loss: 0.5018 - val_accuracy: 0.9084
Epoch 324/350
391/391 - 24s - loss: 0.1033 - accuracy: 0.9792 - val_loss: 0.5016 - val_accuracy: 0.9083
Epoch 325/350
391/391 - 24s - loss: 0.1034 - accuracy: 0.9801 - val_loss: 0.5014 - val_accuracy: 0.9082
Epoch 326/350
391/391 - 24s - loss: 0.1003 - accuracy: 0.9805 - val_loss: 0.5014 - val_accuracy: 0.9081
Epoch 327/350
391/391 - 24s - loss: 0.1003 - accuracy: 0.9810 - val_loss: 0.5016 - val_accuracy: 0.9080
Epoch 328/350
391/391 - 24s - loss: 0.1019 - accuracy: 0.9798 - val_loss: 0.5019 - val_accuracy: 0.9080
Epoch 329/350
391/391 - 24s - loss: 0.1024 - accuracy: 0.9799 - val_loss: 0.5019 - val_accuracy: 0.9082
Epoch 330/350
391/391 - 24s - loss: 0.0996 - accuracy: 0.9809 - val_loss: 0.5017 - val_accuracy: 0.9080
Epoch 331/350
391/391 - 24s - loss: 0.1021 - accuracy: 0.9796 - val_loss: 0.5021 - val_accuracy: 0.9081
Epoch 332/350
391/391 - 24s - loss: 0.1019 - accuracy: 0.9800 - val_loss: 0.5021 - val_accuracy: 0.9081
Epoch 333/350
391/391 - 24s - loss: 0.1029 - accuracy: 0.9803 - val_loss: 0.5018 - val_accuracy: 0.9081
Epoch 334/350
391/391 - 24s - loss: 0.1010 - accuracy: 0.9808 - val_loss: 0.5020 - val_accuracy: 0.9079
Epoch 335/350
391/391 - 24s - loss: 0.1026 - accuracy: 0.9806 - val_loss: 0.5018 - val_accuracy: 0.9080
Epoch 336/350
391/391 - 24s - loss: 0.1015 - accuracy: 0.9799 - val_loss: 0.5018 - val_accuracy: 0.9079
Epoch 337/350
391/391 - 25s - loss: 0.1007 - accuracy: 0.9809 - val_loss: 0.5017 - val_accuracy: 0.9079
Epoch 338/350
391/391 - 24s - loss: 0.1024 - accuracy: 0.9801 - val_loss: 0.5015 - val_accuracy: 0.9082
Epoch 339/350
391/391 - 24s - loss: 0.1020 - accuracy: 0.9801 - val_loss: 0.5016 - val_accuracy: 0.9079
Epoch 340/350
391/391 - 24s - loss: 0.1011 - accuracy: 0.9804 - val_loss: 0.5019 - val_accuracy: 0.9079
Epoch 341/350
391/391 - 24s - loss: 0.0991 - accuracy: 0.9809 - val_loss: 0.5020 - val_accuracy: 0.9079
Epoch 342/350
391/391 - 24s - loss: 0.1024 - accuracy: 0.9802 - val_loss: 0.5019 - val_accuracy: 0.9079
Epoch 343/350
391/391 - 24s - loss: 0.1002 - accuracy: 0.9811 - val_loss: 0.5023 - val_accuracy: 0.9082
Epoch 344/350
391/391 - 24s - loss: 0.1026 - accuracy: 0.9800 - val_loss: 0.5019 - val_accuracy: 0.9081
Epoch 345/350
391/391 - 24s - loss: 0.1026 - accuracy: 0.9799 - val_loss: 0.5020 - val_accuracy: 0.9081
Epoch 346/350
391/391 - 24s - loss: 0.0983 - accuracy: 0.9808 - val_loss: 0.5021 - val_accuracy: 0.9081
Epoch 347/350
391/391 - 24s - loss: 0.1019 - accuracy: 0.9803 - val_loss: 0.5024 - val_accuracy: 0.9081
Epoch 348/350
391/391 - 24s - loss: 0.1020 - accuracy: 0.9799 - val_loss: 0.5022 - val_accuracy: 0.9082
Epoch 349/350
391/391 - 25s - loss: 0.1001 - accuracy: 0.9807 - val_loss: 0.5021 - val_accuracy: 0.9082
Epoch 350/350


Snapshot weight 3 shuffle 0 at epoch 350
Layer 11
Getting activations...


391/391 - 25s - loss: 0.1025 - accuracy: 0.9797 - val_loss: 0.5021 - val_accuracy: 0.9083
/usr/local/lib/python3.6/dist-packages/tensorflow/python/autograph/impl/api.py:493: UserWarning: fill_value is not supported and is always 0 for TensorFlow < 2.4.0.
  return py_builtins.overload_of(f)(*args)
WARNING:tensorflow:From /usr/local/lib/python3.6/dist-packages/tensorflow/python/training/tracking/tracking.py:111: Model.state_updates (from tensorflow.python.keras.engine.training) is deprecated and will be removed in a future version.
Instructions for updating:
This property should not be used in TensorFlow 2.0, as updates are applied automatically.
2021-07-01 18:42:33.814284: W tensorflow/python/util/util.cc:348] Sets are not currently considered sequences, but this may change in the future, so consider avoiding using them.
WARNING:tensorflow:From /usr/local/lib/python3.6/dist-packages/tensorflow/python/training/tracking/tracking.py:111: Layer.updates (from tensorflow.python.keras.engine.base_layer) is deprecated and will be removed in a future version.
Instructions for updating:
This property should not be used in TensorFlow 2.0, as updates are applied automatically.
Saving, final validation acc: 0.90829998254776
