2021-07-01 23:36:01.281348: I tensorflow/stream_executor/platform/default/dso_loader.cc:48] Successfully opened dynamic library libcudart.so.10.1
2021-07-01 23:37:31.138965: I tensorflow/stream_executor/platform/default/dso_loader.cc:48] Successfully opened dynamic library libcuda.so.1
2021-07-01 23:37:31.170468: I tensorflow/core/common_runtime/gpu/gpu_device.cc:1716] Found device 0 with properties: 
pciBusID: 0000:82:00.0 name: NVIDIA TITAN Xp computeCapability: 6.1
coreClock: 1.582GHz coreCount: 30 deviceMemorySize: 11.91GiB deviceMemoryBandwidth: 510.07GiB/s
2021-07-01 23:37:31.170551: I tensorflow/stream_executor/platform/default/dso_loader.cc:48] Successfully opened dynamic library libcudart.so.10.1
2021-07-01 23:37:31.212060: I tensorflow/stream_executor/platform/default/dso_loader.cc:48] Successfully opened dynamic library libcublas.so.10
2021-07-01 23:37:31.233262: I tensorflow/stream_executor/platform/default/dso_loader.cc:48] Successfully opened dynamic library libcufft.so.10
2021-07-01 23:37:31.242044: I tensorflow/stream_executor/platform/default/dso_loader.cc:48] Successfully opened dynamic library libcurand.so.10
2021-07-01 23:37:31.286460: I tensorflow/stream_executor/platform/default/dso_loader.cc:48] Successfully opened dynamic library libcusolver.so.10
2021-07-01 23:37:31.295040: I tensorflow/stream_executor/platform/default/dso_loader.cc:48] Successfully opened dynamic library libcusparse.so.10
2021-07-01 23:37:31.374964: I tensorflow/stream_executor/platform/default/dso_loader.cc:48] Successfully opened dynamic library libcudnn.so.7
2021-07-01 23:37:31.377235: I tensorflow/core/common_runtime/gpu/gpu_device.cc:1858] Adding visible gpu devices: 0
2021-07-01 23:37:31.380957: I tensorflow/core/platform/cpu_feature_guard.cc:142] This TensorFlow binary is optimized with oneAPI Deep Neural Network Library (oneDNN)to use the following CPU instructions in performance-critical operations:  AVX2 FMA
To enable them in other operations, rebuild TensorFlow with the appropriate compiler flags.
2021-07-01 23:37:31.397342: I tensorflow/core/platform/profile_utils/cpu_utils.cc:104] CPU Frequency: 2600265000 Hz
2021-07-01 23:37:31.397466: I tensorflow/compiler/xla/service/service.cc:168] XLA service 0x40109c0 initialized for platform Host (this does not guarantee that XLA will be used). Devices:
2021-07-01 23:37:31.397487: I tensorflow/compiler/xla/service/service.cc:176]   StreamExecutor device (0): Host, Default Version
2021-07-01 23:37:31.518236: I tensorflow/compiler/xla/service/service.cc:168] XLA service 0x3fdc370 initialized for platform CUDA (this does not guarantee that XLA will be used). Devices:
2021-07-01 23:37:31.518306: I tensorflow/compiler/xla/service/service.cc:176]   StreamExecutor device (0): NVIDIA TITAN Xp, Compute Capability 6.1
2021-07-01 23:37:31.520721: I tensorflow/core/common_runtime/gpu/gpu_device.cc:1716] Found device 0 with properties: 
pciBusID: 0000:82:00.0 name: NVIDIA TITAN Xp computeCapability: 6.1
coreClock: 1.582GHz coreCount: 30 deviceMemorySize: 11.91GiB deviceMemoryBandwidth: 510.07GiB/s
2021-07-01 23:37:31.520763: I tensorflow/stream_executor/platform/default/dso_loader.cc:48] Successfully opened dynamic library libcudart.so.10.1
2021-07-01 23:37:31.520819: I tensorflow/stream_executor/platform/default/dso_loader.cc:48] Successfully opened dynamic library libcublas.so.10
2021-07-01 23:37:31.520842: I tensorflow/stream_executor/platform/default/dso_loader.cc:48] Successfully opened dynamic library libcufft.so.10
2021-07-01 23:37:31.520863: I tensorflow/stream_executor/platform/default/dso_loader.cc:48] Successfully opened dynamic library libcurand.so.10
2021-07-01 23:37:31.520884: I tensorflow/stream_executor/platform/default/dso_loader.cc:48] Successfully opened dynamic library libcusolver.so.10
2021-07-01 23:37:31.520904: I tensorflow/stream_executor/platform/default/dso_loader.cc:48] Successfully opened dynamic library libcusparse.so.10
2021-07-01 23:37:31.520925: I tensorflow/stream_executor/platform/default/dso_loader.cc:48] Successfully opened dynamic library libcudnn.so.7
2021-07-01 23:37:31.525293: I tensorflow/core/common_runtime/gpu/gpu_device.cc:1858] Adding visible gpu devices: 0
2021-07-01 23:37:31.527090: I tensorflow/stream_executor/platform/default/dso_loader.cc:48] Successfully opened dynamic library libcudart.so.10.1
2021-07-01 23:37:33.290161: I tensorflow/core/common_runtime/gpu/gpu_device.cc:1257] Device interconnect StreamExecutor with strength 1 edge matrix:
2021-07-01 23:37:33.290242: I tensorflow/core/common_runtime/gpu/gpu_device.cc:1263]      0 
2021-07-01 23:37:33.290256: I tensorflow/core/common_runtime/gpu/gpu_device.cc:1276] 0:   N 
2021-07-01 23:37:33.296136: I tensorflow/core/common_runtime/gpu/gpu_device.cc:1402] Created TensorFlow device (/job:localhost/replica:0/task:0/device:GPU:0 with 11218 MB memory) -> physical GPU (device: 0, name: NVIDIA TITAN Xp, pci bus id: 0000:82:00.0, compute capability: 6.1)
2021-07-01 23:37:39.175855: I tensorflow/stream_executor/platform/default/dso_loader.cc:48] Successfully opened dynamic library libcudnn.so.7
2021-07-01 23:37:41.657969: I tensorflow/stream_executor/platform/default/dso_loader.cc:48] Successfully opened dynamic library libcublas.so.10
Using model index: 28
Making train data...
GCN...
ZCA...
Done!
Making test data...
Done!
Epoch 1/350


Snapshot weight 8 shuffle 2 at epoch 1
Layer 11
Getting activations...


391/391 - 24s - loss: 2.3152 - accuracy: 0.1180 - val_loss: 2.2640 - val_accuracy: 0.1738
Epoch 2/350


Snapshot weight 8 shuffle 2 at epoch 2
Layer 11
Getting activations...


391/391 - 24s - loss: 2.1206 - accuracy: 0.2406 - val_loss: 2.0707 - val_accuracy: 0.2565
Epoch 3/350


Snapshot weight 8 shuffle 2 at epoch 3
Layer 11
Getting activations...


391/391 - 24s - loss: 1.8875 - accuracy: 0.3258 - val_loss: 1.6027 - val_accuracy: 0.4155
Epoch 4/350


Snapshot weight 8 shuffle 2 at epoch 4
Layer 11
Getting activations...


391/391 - 24s - loss: 1.5658 - accuracy: 0.4370 - val_loss: 1.5097 - val_accuracy: 0.4535
Epoch 5/350


Snapshot weight 8 shuffle 2 at epoch 5
Layer 11
Getting activations...


391/391 - 24s - loss: 1.4156 - accuracy: 0.4978 - val_loss: 1.3551 - val_accuracy: 0.5272
Epoch 6/350


Snapshot weight 8 shuffle 2 at epoch 6
Layer 11
Getting activations...


391/391 - 24s - loss: 1.3115 - accuracy: 0.5405 - val_loss: 1.1804 - val_accuracy: 0.5909
Epoch 7/350


Snapshot weight 8 shuffle 2 at epoch 7
Layer 11
Getting activations...


391/391 - 24s - loss: 1.2261 - accuracy: 0.5729 - val_loss: 1.1435 - val_accuracy: 0.5956
Epoch 8/350


Snapshot weight 8 shuffle 2 at epoch 8
Layer 11
Getting activations...


391/391 - 24s - loss: 1.1634 - accuracy: 0.5930 - val_loss: 1.1656 - val_accuracy: 0.6103
Epoch 9/350


Snapshot weight 8 shuffle 2 at epoch 9
Layer 11
Getting activations...


391/391 - 24s - loss: 1.1138 - accuracy: 0.6122 - val_loss: 1.0708 - val_accuracy: 0.6312
Epoch 10/350


Snapshot weight 8 shuffle 2 at epoch 10
Layer 11
Getting activations...


391/391 - 24s - loss: 1.0552 - accuracy: 0.6338 - val_loss: 1.2204 - val_accuracy: 0.6155
Epoch 11/350
391/391 - 24s - loss: 1.0183 - accuracy: 0.6462 - val_loss: 0.9445 - val_accuracy: 0.6754
Epoch 12/350
391/391 - 24s - loss: 0.9816 - accuracy: 0.6606 - val_loss: 1.0686 - val_accuracy: 0.6472
Epoch 13/350
391/391 - 24s - loss: 0.9423 - accuracy: 0.6757 - val_loss: 0.9100 - val_accuracy: 0.6930
Epoch 14/350
391/391 - 24s - loss: 0.9112 - accuracy: 0.6861 - val_loss: 0.8778 - val_accuracy: 0.7038
Epoch 15/350
391/391 - 24s - loss: 0.8665 - accuracy: 0.7057 - val_loss: 0.8905 - val_accuracy: 0.6990
Epoch 16/350
391/391 - 24s - loss: 0.8325 - accuracy: 0.7196 - val_loss: 0.8075 - val_accuracy: 0.7276
Epoch 17/350
391/391 - 24s - loss: 0.8079 - accuracy: 0.7268 - val_loss: 0.7558 - val_accuracy: 0.7489
Epoch 18/350
391/391 - 24s - loss: 0.7759 - accuracy: 0.7398 - val_loss: 0.7224 - val_accuracy: 0.7592
Epoch 19/350
391/391 - 24s - loss: 0.7477 - accuracy: 0.7460 - val_loss: 0.6991 - val_accuracy: 0.7683
Epoch 20/350
391/391 - 24s - loss: 0.7307 - accuracy: 0.7550 - val_loss: 0.7506 - val_accuracy: 0.7623
Epoch 21/350
391/391 - 24s - loss: 0.7050 - accuracy: 0.7633 - val_loss: 0.6754 - val_accuracy: 0.7831
Epoch 22/350
391/391 - 24s - loss: 0.6815 - accuracy: 0.7723 - val_loss: 0.6667 - val_accuracy: 0.7860
Epoch 23/350
391/391 - 24s - loss: 0.6576 - accuracy: 0.7813 - val_loss: 0.6318 - val_accuracy: 0.7908
Epoch 24/350
391/391 - 24s - loss: 0.6528 - accuracy: 0.7827 - val_loss: 0.6970 - val_accuracy: 0.7799
Epoch 25/350
391/391 - 24s - loss: 0.6335 - accuracy: 0.7904 - val_loss: 0.6705 - val_accuracy: 0.7835
Epoch 26/350
391/391 - 24s - loss: 0.6133 - accuracy: 0.7977 - val_loss: 0.6131 - val_accuracy: 0.8044
Epoch 27/350
391/391 - 24s - loss: 0.6062 - accuracy: 0.7994 - val_loss: 0.6118 - val_accuracy: 0.7988
Epoch 28/350
391/391 - 24s - loss: 0.5849 - accuracy: 0.8072 - val_loss: 0.5862 - val_accuracy: 0.8149
Epoch 29/350
391/391 - 24s - loss: 0.5779 - accuracy: 0.8087 - val_loss: 0.5629 - val_accuracy: 0.8171
Epoch 30/350
391/391 - 24s - loss: 0.5666 - accuracy: 0.8137 - val_loss: 0.5486 - val_accuracy: 0.8217
Epoch 31/350
391/391 - 24s - loss: 0.5567 - accuracy: 0.8177 - val_loss: 0.6225 - val_accuracy: 0.8023
Epoch 32/350
391/391 - 24s - loss: 0.5369 - accuracy: 0.8235 - val_loss: 0.5721 - val_accuracy: 0.8201
Epoch 33/350
391/391 - 24s - loss: 0.5308 - accuracy: 0.8245 - val_loss: 0.5528 - val_accuracy: 0.8239
Epoch 34/350
391/391 - 24s - loss: 0.5337 - accuracy: 0.8258 - val_loss: 0.6149 - val_accuracy: 0.8075
Epoch 35/350
391/391 - 24s - loss: 0.5200 - accuracy: 0.8293 - val_loss: 0.5069 - val_accuracy: 0.8369
Epoch 36/350
391/391 - 24s - loss: 0.5078 - accuracy: 0.8341 - val_loss: 0.4827 - val_accuracy: 0.8429
Epoch 37/350
391/391 - 24s - loss: 0.5043 - accuracy: 0.8370 - val_loss: 0.5465 - val_accuracy: 0.8300
Epoch 38/350
391/391 - 24s - loss: 0.4919 - accuracy: 0.8393 - val_loss: 0.5391 - val_accuracy: 0.8329
Epoch 39/350
391/391 - 24s - loss: 0.4821 - accuracy: 0.8442 - val_loss: 0.5572 - val_accuracy: 0.8293
Epoch 40/350
391/391 - 24s - loss: 0.4822 - accuracy: 0.8447 - val_loss: 0.5359 - val_accuracy: 0.8292
Epoch 41/350
391/391 - 24s - loss: 0.4703 - accuracy: 0.8466 - val_loss: 0.5894 - val_accuracy: 0.8198
Epoch 42/350
391/391 - 24s - loss: 0.4692 - accuracy: 0.8489 - val_loss: 0.5082 - val_accuracy: 0.8398
Epoch 43/350
391/391 - 24s - loss: 0.4598 - accuracy: 0.8516 - val_loss: 0.4868 - val_accuracy: 0.8473
Epoch 44/350
391/391 - 24s - loss: 0.4493 - accuracy: 0.8537 - val_loss: 0.4752 - val_accuracy: 0.8511
Epoch 45/350
391/391 - 24s - loss: 0.4461 - accuracy: 0.8551 - val_loss: 0.4859 - val_accuracy: 0.8478
Epoch 46/350
391/391 - 24s - loss: 0.4373 - accuracy: 0.8579 - val_loss: 0.4849 - val_accuracy: 0.8501
Epoch 47/350
391/391 - 24s - loss: 0.4408 - accuracy: 0.8567 - val_loss: 0.5009 - val_accuracy: 0.8437
Epoch 48/350
391/391 - 24s - loss: 0.4304 - accuracy: 0.8618 - val_loss: 0.4555 - val_accuracy: 0.8573
Epoch 49/350
391/391 - 24s - loss: 0.4249 - accuracy: 0.8640 - val_loss: 0.5353 - val_accuracy: 0.8401
Epoch 50/350


Snapshot weight 8 shuffle 2 at epoch 50
Layer 11
Getting activations...


391/391 - 24s - loss: 0.4143 - accuracy: 0.8669 - val_loss: 0.4725 - val_accuracy: 0.8524
Epoch 51/350
391/391 - 24s - loss: 0.4111 - accuracy: 0.8687 - val_loss: 0.4612 - val_accuracy: 0.8634
Epoch 52/350
391/391 - 24s - loss: 0.4081 - accuracy: 0.8689 - val_loss: 0.5005 - val_accuracy: 0.8541
Epoch 53/350
391/391 - 24s - loss: 0.4016 - accuracy: 0.8712 - val_loss: 0.4693 - val_accuracy: 0.8616
Epoch 54/350
391/391 - 24s - loss: 0.4001 - accuracy: 0.8714 - val_loss: 0.4742 - val_accuracy: 0.8588
Epoch 55/350
391/391 - 24s - loss: 0.3865 - accuracy: 0.8765 - val_loss: 0.4574 - val_accuracy: 0.8641
Epoch 56/350
391/391 - 24s - loss: 0.3870 - accuracy: 0.8773 - val_loss: 0.4469 - val_accuracy: 0.8659
Epoch 57/350
391/391 - 24s - loss: 0.3873 - accuracy: 0.8756 - val_loss: 0.4698 - val_accuracy: 0.8617
Epoch 58/350
391/391 - 24s - loss: 0.3845 - accuracy: 0.8751 - val_loss: 0.4766 - val_accuracy: 0.8600
Epoch 59/350
391/391 - 24s - loss: 0.3785 - accuracy: 0.8775 - val_loss: 0.4762 - val_accuracy: 0.8546
Epoch 60/350
391/391 - 24s - loss: 0.3720 - accuracy: 0.8810 - val_loss: 0.4643 - val_accuracy: 0.8632
Epoch 61/350
391/391 - 24s - loss: 0.3662 - accuracy: 0.8825 - val_loss: 0.5023 - val_accuracy: 0.8477
Epoch 62/350
391/391 - 24s - loss: 0.3667 - accuracy: 0.8826 - val_loss: 0.4955 - val_accuracy: 0.8569
Epoch 63/350
391/391 - 24s - loss: 0.3597 - accuracy: 0.8855 - val_loss: 0.5035 - val_accuracy: 0.8600
Epoch 64/350
391/391 - 24s - loss: 0.3570 - accuracy: 0.8867 - val_loss: 0.4432 - val_accuracy: 0.8713
Epoch 65/350
391/391 - 24s - loss: 0.3562 - accuracy: 0.8882 - val_loss: 0.4702 - val_accuracy: 0.8679
Epoch 66/350
391/391 - 24s - loss: 0.3461 - accuracy: 0.8908 - val_loss: 0.4944 - val_accuracy: 0.8620
Epoch 67/350
391/391 - 24s - loss: 0.3521 - accuracy: 0.8887 - val_loss: 0.4503 - val_accuracy: 0.8673
Epoch 68/350
391/391 - 24s - loss: 0.3495 - accuracy: 0.8893 - val_loss: 0.4601 - val_accuracy: 0.8643
Epoch 69/350
391/391 - 24s - loss: 0.3459 - accuracy: 0.8903 - val_loss: 0.4761 - val_accuracy: 0.8620
Epoch 70/350
391/391 - 24s - loss: 0.3383 - accuracy: 0.8932 - val_loss: 0.4321 - val_accuracy: 0.8711
Epoch 71/350
391/391 - 24s - loss: 0.3315 - accuracy: 0.8940 - val_loss: 0.4835 - val_accuracy: 0.8641
Epoch 72/350
391/391 - 24s - loss: 0.3329 - accuracy: 0.8952 - val_loss: 0.4384 - val_accuracy: 0.8711
Epoch 73/350
391/391 - 24s - loss: 0.3305 - accuracy: 0.8964 - val_loss: 0.4977 - val_accuracy: 0.8611
Epoch 74/350
391/391 - 24s - loss: 0.3299 - accuracy: 0.8956 - val_loss: 0.4919 - val_accuracy: 0.8621
Epoch 75/350
391/391 - 24s - loss: 0.3209 - accuracy: 0.9000 - val_loss: 0.4344 - val_accuracy: 0.8767
Epoch 76/350
391/391 - 24s - loss: 0.3210 - accuracy: 0.8992 - val_loss: 0.4155 - val_accuracy: 0.8786
Epoch 77/350
391/391 - 24s - loss: 0.3183 - accuracy: 0.8999 - val_loss: 0.4187 - val_accuracy: 0.8823
Epoch 78/350
391/391 - 24s - loss: 0.3150 - accuracy: 0.9022 - val_loss: 0.4498 - val_accuracy: 0.8717
Epoch 79/350
391/391 - 24s - loss: 0.3150 - accuracy: 0.9033 - val_loss: 0.4629 - val_accuracy: 0.8750
Epoch 80/350
391/391 - 24s - loss: 0.3075 - accuracy: 0.9043 - val_loss: 0.4376 - val_accuracy: 0.8777
Epoch 81/350
391/391 - 24s - loss: 0.3094 - accuracy: 0.9026 - val_loss: 0.4632 - val_accuracy: 0.8697
Epoch 82/350
391/391 - 24s - loss: 0.3029 - accuracy: 0.9058 - val_loss: 0.4163 - val_accuracy: 0.8807
Epoch 83/350
391/391 - 24s - loss: 0.3054 - accuracy: 0.9051 - val_loss: 0.4398 - val_accuracy: 0.8821
Epoch 84/350
391/391 - 24s - loss: 0.2995 - accuracy: 0.9083 - val_loss: 0.4561 - val_accuracy: 0.8661
Epoch 85/350
391/391 - 24s - loss: 0.2963 - accuracy: 0.9075 - val_loss: 0.4034 - val_accuracy: 0.8841
Epoch 86/350
391/391 - 24s - loss: 0.2930 - accuracy: 0.9087 - val_loss: 0.4677 - val_accuracy: 0.8759
Epoch 87/350
391/391 - 24s - loss: 0.2880 - accuracy: 0.9101 - val_loss: 0.4381 - val_accuracy: 0.8765
Epoch 88/350
391/391 - 24s - loss: 0.2930 - accuracy: 0.9090 - val_loss: 0.4171 - val_accuracy: 0.8765
Epoch 89/350
391/391 - 24s - loss: 0.2909 - accuracy: 0.9096 - val_loss: 0.4179 - val_accuracy: 0.8734
Epoch 90/350
391/391 - 23s - loss: 0.2842 - accuracy: 0.9134 - val_loss: 0.4354 - val_accuracy: 0.8837
Epoch 91/350
391/391 - 23s - loss: 0.2836 - accuracy: 0.9128 - val_loss: 0.4233 - val_accuracy: 0.8800
Epoch 92/350
391/391 - 24s - loss: 0.2833 - accuracy: 0.9126 - val_loss: 0.4313 - val_accuracy: 0.8819
Epoch 93/350
391/391 - 24s - loss: 0.2791 - accuracy: 0.9137 - val_loss: 0.4527 - val_accuracy: 0.8770
Epoch 94/350
391/391 - 24s - loss: 0.2774 - accuracy: 0.9149 - val_loss: 0.4333 - val_accuracy: 0.8781
Epoch 95/350
391/391 - 24s - loss: 0.2755 - accuracy: 0.9156 - val_loss: 0.4348 - val_accuracy: 0.8828
Epoch 96/350
391/391 - 24s - loss: 0.2732 - accuracy: 0.9157 - val_loss: 0.4440 - val_accuracy: 0.8840
Epoch 97/350
391/391 - 23s - loss: 0.2711 - accuracy: 0.9179 - val_loss: 0.4290 - val_accuracy: 0.8793
Epoch 98/350
391/391 - 24s - loss: 0.2663 - accuracy: 0.9198 - val_loss: 0.4182 - val_accuracy: 0.8851
Epoch 99/350
391/391 - 24s - loss: 0.2680 - accuracy: 0.9186 - val_loss: 0.4131 - val_accuracy: 0.8871
Epoch 100/350


Snapshot weight 8 shuffle 2 at epoch 100
Layer 11
Getting activations...


391/391 - 24s - loss: 0.2660 - accuracy: 0.9192 - val_loss: 0.4269 - val_accuracy: 0.8833
Epoch 101/350
391/391 - 24s - loss: 0.2608 - accuracy: 0.9208 - val_loss: 0.4467 - val_accuracy: 0.8795
Epoch 102/350
391/391 - 24s - loss: 0.2593 - accuracy: 0.9213 - val_loss: 0.4501 - val_accuracy: 0.8783
Epoch 103/350
391/391 - 24s - loss: 0.2591 - accuracy: 0.9217 - val_loss: 0.4523 - val_accuracy: 0.8788
Epoch 104/350
391/391 - 23s - loss: 0.2562 - accuracy: 0.9233 - val_loss: 0.4193 - val_accuracy: 0.8864
Epoch 105/350
391/391 - 24s - loss: 0.2568 - accuracy: 0.9229 - val_loss: 0.4300 - val_accuracy: 0.8829
Epoch 106/350
391/391 - 24s - loss: 0.2551 - accuracy: 0.9239 - val_loss: 0.4519 - val_accuracy: 0.8824
Epoch 107/350
391/391 - 23s - loss: 0.2563 - accuracy: 0.9242 - val_loss: 0.4259 - val_accuracy: 0.8850
Epoch 108/350
391/391 - 24s - loss: 0.2525 - accuracy: 0.9248 - val_loss: 0.4298 - val_accuracy: 0.8846
Epoch 109/350
391/391 - 24s - loss: 0.2469 - accuracy: 0.9257 - val_loss: 0.4113 - val_accuracy: 0.8821
Epoch 110/350
391/391 - 24s - loss: 0.2492 - accuracy: 0.9259 - val_loss: 0.4442 - val_accuracy: 0.8825
Epoch 111/350
391/391 - 23s - loss: 0.2447 - accuracy: 0.9275 - val_loss: 0.4384 - val_accuracy: 0.8870
Epoch 112/350
391/391 - 24s - loss: 0.2433 - accuracy: 0.9281 - val_loss: 0.4410 - val_accuracy: 0.8888
Epoch 113/350
391/391 - 24s - loss: 0.2450 - accuracy: 0.9267 - val_loss: 0.4312 - val_accuracy: 0.8869
Epoch 114/350
391/391 - 24s - loss: 0.2448 - accuracy: 0.9261 - val_loss: 0.4432 - val_accuracy: 0.8863
Epoch 115/350
391/391 - 24s - loss: 0.2429 - accuracy: 0.9276 - val_loss: 0.4308 - val_accuracy: 0.8853
Epoch 116/350
391/391 - 24s - loss: 0.2452 - accuracy: 0.9265 - val_loss: 0.4466 - val_accuracy: 0.8806
Epoch 117/350
391/391 - 24s - loss: 0.2338 - accuracy: 0.9309 - val_loss: 0.4280 - val_accuracy: 0.8891
Epoch 118/350
391/391 - 24s - loss: 0.2427 - accuracy: 0.9277 - val_loss: 0.4374 - val_accuracy: 0.8846
Epoch 119/350
391/391 - 24s - loss: 0.2325 - accuracy: 0.9315 - val_loss: 0.4279 - val_accuracy: 0.8921
Epoch 120/350
391/391 - 24s - loss: 0.2356 - accuracy: 0.9311 - val_loss: 0.4160 - val_accuracy: 0.8905
Epoch 121/350
391/391 - 24s - loss: 0.2307 - accuracy: 0.9327 - val_loss: 0.4445 - val_accuracy: 0.8854
Epoch 122/350
391/391 - 24s - loss: 0.2402 - accuracy: 0.9301 - val_loss: 0.4424 - val_accuracy: 0.8873
Epoch 123/350
391/391 - 24s - loss: 0.2280 - accuracy: 0.9326 - val_loss: 0.4730 - val_accuracy: 0.8857
Epoch 124/350
391/391 - 24s - loss: 0.2315 - accuracy: 0.9318 - val_loss: 0.4240 - val_accuracy: 0.8875
Epoch 125/350
391/391 - 24s - loss: 0.2285 - accuracy: 0.9334 - val_loss: 0.4437 - val_accuracy: 0.8848
Epoch 126/350
391/391 - 24s - loss: 0.2265 - accuracy: 0.9335 - val_loss: 0.4281 - val_accuracy: 0.8880
Epoch 127/350
391/391 - 24s - loss: 0.2284 - accuracy: 0.9327 - val_loss: 0.4621 - val_accuracy: 0.8839
Epoch 128/350
391/391 - 24s - loss: 0.2261 - accuracy: 0.9340 - val_loss: 0.4491 - val_accuracy: 0.8873
Epoch 129/350
391/391 - 24s - loss: 0.2229 - accuracy: 0.9340 - val_loss: 0.4366 - val_accuracy: 0.8897
Epoch 130/350
391/391 - 24s - loss: 0.2236 - accuracy: 0.9346 - val_loss: 0.4347 - val_accuracy: 0.8892
Epoch 131/350
391/391 - 24s - loss: 0.2205 - accuracy: 0.9356 - val_loss: 0.4649 - val_accuracy: 0.8823
Epoch 132/350
391/391 - 24s - loss: 0.2213 - accuracy: 0.9370 - val_loss: 0.4347 - val_accuracy: 0.8916
Epoch 133/350
391/391 - 24s - loss: 0.2170 - accuracy: 0.9376 - val_loss: 0.4463 - val_accuracy: 0.8919
Epoch 134/350
391/391 - 24s - loss: 0.2219 - accuracy: 0.9351 - val_loss: 0.4373 - val_accuracy: 0.8899
Epoch 135/350
391/391 - 24s - loss: 0.2159 - accuracy: 0.9376 - val_loss: 0.4432 - val_accuracy: 0.8882
Epoch 136/350
391/391 - 24s - loss: 0.2127 - accuracy: 0.9392 - val_loss: 0.4440 - val_accuracy: 0.8913
Epoch 137/350
391/391 - 24s - loss: 0.2153 - accuracy: 0.9376 - val_loss: 0.4721 - val_accuracy: 0.8853
Epoch 138/350
391/391 - 24s - loss: 0.2074 - accuracy: 0.9414 - val_loss: 0.4492 - val_accuracy: 0.8881
Epoch 139/350
391/391 - 24s - loss: 0.2127 - accuracy: 0.9391 - val_loss: 0.4525 - val_accuracy: 0.8917
Epoch 140/350
391/391 - 24s - loss: 0.2123 - accuracy: 0.9402 - val_loss: 0.4427 - val_accuracy: 0.8928
Epoch 141/350
391/391 - 24s - loss: 0.2115 - accuracy: 0.9402 - val_loss: 0.4619 - val_accuracy: 0.8888
Epoch 142/350
391/391 - 24s - loss: 0.2122 - accuracy: 0.9389 - val_loss: 0.4690 - val_accuracy: 0.8841
Epoch 143/350
391/391 - 24s - loss: 0.2121 - accuracy: 0.9393 - val_loss: 0.4492 - val_accuracy: 0.8926
Epoch 144/350
391/391 - 24s - loss: 0.2091 - accuracy: 0.9411 - val_loss: 0.4626 - val_accuracy: 0.8890
Epoch 145/350
391/391 - 24s - loss: 0.2055 - accuracy: 0.9413 - val_loss: 0.4145 - val_accuracy: 0.8946
Epoch 146/350
391/391 - 24s - loss: 0.2083 - accuracy: 0.9409 - val_loss: 0.4530 - val_accuracy: 0.8878
Epoch 147/350
391/391 - 24s - loss: 0.2072 - accuracy: 0.9412 - val_loss: 0.4485 - val_accuracy: 0.8881
Epoch 148/350
391/391 - 24s - loss: 0.2060 - accuracy: 0.9419 - val_loss: 0.4787 - val_accuracy: 0.8824
Epoch 149/350
391/391 - 24s - loss: 0.2023 - accuracy: 0.9427 - val_loss: 0.4715 - val_accuracy: 0.8855
Epoch 150/350


Snapshot weight 8 shuffle 2 at epoch 150
Layer 11
Getting activations...


391/391 - 24s - loss: 0.2044 - accuracy: 0.9426 - val_loss: 0.4195 - val_accuracy: 0.8953
Epoch 151/350
391/391 - 24s - loss: 0.2016 - accuracy: 0.9431 - val_loss: 0.4640 - val_accuracy: 0.8875
Epoch 152/350
391/391 - 24s - loss: 0.1995 - accuracy: 0.9442 - val_loss: 0.4833 - val_accuracy: 0.8862
Epoch 153/350
391/391 - 24s - loss: 0.1996 - accuracy: 0.9439 - val_loss: 0.4412 - val_accuracy: 0.8940
Epoch 154/350
391/391 - 24s - loss: 0.2004 - accuracy: 0.9437 - val_loss: 0.4598 - val_accuracy: 0.8896
Epoch 155/350
391/391 - 24s - loss: 0.1931 - accuracy: 0.9465 - val_loss: 0.4555 - val_accuracy: 0.8911
Epoch 156/350
391/391 - 24s - loss: 0.1990 - accuracy: 0.9449 - val_loss: 0.4616 - val_accuracy: 0.8891
Epoch 157/350
391/391 - 24s - loss: 0.1936 - accuracy: 0.9463 - val_loss: 0.4517 - val_accuracy: 0.8946
Epoch 158/350
391/391 - 24s - loss: 0.1955 - accuracy: 0.9457 - val_loss: 0.4363 - val_accuracy: 0.8940
Epoch 159/350
391/391 - 24s - loss: 0.1997 - accuracy: 0.9438 - val_loss: 0.4399 - val_accuracy: 0.8945
Epoch 160/350
391/391 - 24s - loss: 0.1913 - accuracy: 0.9477 - val_loss: 0.4435 - val_accuracy: 0.8957
Epoch 161/350
391/391 - 24s - loss: 0.1914 - accuracy: 0.9464 - val_loss: 0.4705 - val_accuracy: 0.8936
Epoch 162/350
391/391 - 24s - loss: 0.1950 - accuracy: 0.9466 - val_loss: 0.4427 - val_accuracy: 0.8937
Epoch 163/350
391/391 - 24s - loss: 0.1903 - accuracy: 0.9468 - val_loss: 0.4444 - val_accuracy: 0.9002
Epoch 164/350
391/391 - 24s - loss: 0.1869 - accuracy: 0.9490 - val_loss: 0.4523 - val_accuracy: 0.8947
Epoch 165/350
391/391 - 24s - loss: 0.1905 - accuracy: 0.9474 - val_loss: 0.4114 - val_accuracy: 0.8971
Epoch 166/350
391/391 - 24s - loss: 0.1894 - accuracy: 0.9491 - val_loss: 0.4424 - val_accuracy: 0.8929
Epoch 167/350
391/391 - 24s - loss: 0.1900 - accuracy: 0.9480 - val_loss: 0.4514 - val_accuracy: 0.8981
Epoch 168/350
391/391 - 24s - loss: 0.1867 - accuracy: 0.9495 - val_loss: 0.4355 - val_accuracy: 0.8974
Epoch 169/350
391/391 - 24s - loss: 0.1882 - accuracy: 0.9480 - val_loss: 0.4596 - val_accuracy: 0.8941
Epoch 170/350
391/391 - 24s - loss: 0.1843 - accuracy: 0.9498 - val_loss: 0.4286 - val_accuracy: 0.8956
Epoch 171/350
391/391 - 24s - loss: 0.1839 - accuracy: 0.9507 - val_loss: 0.4586 - val_accuracy: 0.8967
Epoch 172/350
391/391 - 24s - loss: 0.1814 - accuracy: 0.9517 - val_loss: 0.4436 - val_accuracy: 0.9000
Epoch 173/350
391/391 - 24s - loss: 0.1862 - accuracy: 0.9497 - val_loss: 0.4621 - val_accuracy: 0.8919
Epoch 174/350
391/391 - 24s - loss: 0.1855 - accuracy: 0.9501 - val_loss: 0.4279 - val_accuracy: 0.8980
Epoch 175/350
391/391 - 24s - loss: 0.1812 - accuracy: 0.9521 - val_loss: 0.4588 - val_accuracy: 0.8968
Epoch 176/350
391/391 - 24s - loss: 0.1848 - accuracy: 0.9505 - val_loss: 0.4751 - val_accuracy: 0.8954
Epoch 177/350
391/391 - 24s - loss: 0.1848 - accuracy: 0.9497 - val_loss: 0.4325 - val_accuracy: 0.8964
Epoch 178/350
391/391 - 24s - loss: 0.1821 - accuracy: 0.9511 - val_loss: 0.4457 - val_accuracy: 0.9042
Epoch 179/350
391/391 - 24s - loss: 0.1816 - accuracy: 0.9504 - val_loss: 0.4298 - val_accuracy: 0.8995
Epoch 180/350
391/391 - 24s - loss: 0.1755 - accuracy: 0.9537 - val_loss: 0.5100 - val_accuracy: 0.8880
Epoch 181/350
391/391 - 24s - loss: 0.1791 - accuracy: 0.9518 - val_loss: 0.4351 - val_accuracy: 0.8964
Epoch 182/350
391/391 - 24s - loss: 0.1759 - accuracy: 0.9538 - val_loss: 0.4876 - val_accuracy: 0.8921
Epoch 183/350
391/391 - 23s - loss: 0.1774 - accuracy: 0.9524 - val_loss: 0.4613 - val_accuracy: 0.8966
Epoch 184/350
391/391 - 24s - loss: 0.1753 - accuracy: 0.9529 - val_loss: 0.4597 - val_accuracy: 0.8994
Epoch 185/350
391/391 - 24s - loss: 0.1759 - accuracy: 0.9531 - val_loss: 0.4444 - val_accuracy: 0.8968
Epoch 186/350
391/391 - 24s - loss: 0.1744 - accuracy: 0.9543 - val_loss: 0.5050 - val_accuracy: 0.8882
Epoch 187/350
391/391 - 24s - loss: 0.1746 - accuracy: 0.9543 - val_loss: 0.4414 - val_accuracy: 0.8992
Epoch 188/350
391/391 - 24s - loss: 0.1732 - accuracy: 0.9548 - val_loss: 0.5043 - val_accuracy: 0.8940
Epoch 189/350
391/391 - 24s - loss: 0.1792 - accuracy: 0.9529 - val_loss: 0.4761 - val_accuracy: 0.8910
Epoch 190/350
391/391 - 24s - loss: 0.1696 - accuracy: 0.9561 - val_loss: 0.4740 - val_accuracy: 0.8940
Epoch 191/350
391/391 - 24s - loss: 0.1728 - accuracy: 0.9545 - val_loss: 0.4677 - val_accuracy: 0.8977
Epoch 192/350
391/391 - 24s - loss: 0.1756 - accuracy: 0.9540 - val_loss: 0.4765 - val_accuracy: 0.8946
Epoch 193/350
391/391 - 24s - loss: 0.1696 - accuracy: 0.9554 - val_loss: 0.4582 - val_accuracy: 0.9023
Epoch 194/350
391/391 - 24s - loss: 0.1715 - accuracy: 0.9549 - val_loss: 0.4756 - val_accuracy: 0.8948
Epoch 195/350
391/391 - 24s - loss: 0.1684 - accuracy: 0.9557 - val_loss: 0.4575 - val_accuracy: 0.8994
Epoch 196/350
391/391 - 24s - loss: 0.1733 - accuracy: 0.9546 - val_loss: 0.4600 - val_accuracy: 0.8975
Epoch 197/350
391/391 - 24s - loss: 0.1693 - accuracy: 0.9551 - val_loss: 0.4613 - val_accuracy: 0.8970
Epoch 198/350
391/391 - 23s - loss: 0.1710 - accuracy: 0.9556 - val_loss: 0.4503 - val_accuracy: 0.8977
Epoch 199/350
391/391 - 24s - loss: 0.1682 - accuracy: 0.9572 - val_loss: 0.5069 - val_accuracy: 0.8955
Epoch 200/350


Snapshot weight 8 shuffle 2 at epoch 200
Layer 11
Getting activations...


391/391 - 24s - loss: 0.1666 - accuracy: 0.9573 - val_loss: 0.4731 - val_accuracy: 0.8962
Epoch 201/350
391/391 - 24s - loss: 0.1388 - accuracy: 0.9672 - val_loss: 0.4620 - val_accuracy: 0.9036
Epoch 202/350
391/391 - 24s - loss: 0.1280 - accuracy: 0.9706 - val_loss: 0.4590 - val_accuracy: 0.9066
Epoch 203/350
391/391 - 24s - loss: 0.1276 - accuracy: 0.9714 - val_loss: 0.4634 - val_accuracy: 0.9064
Epoch 204/350
391/391 - 24s - loss: 0.1254 - accuracy: 0.9713 - val_loss: 0.4691 - val_accuracy: 0.9071
Epoch 205/350
391/391 - 24s - loss: 0.1242 - accuracy: 0.9728 - val_loss: 0.4628 - val_accuracy: 0.9076
Epoch 206/350
391/391 - 24s - loss: 0.1229 - accuracy: 0.9725 - val_loss: 0.4707 - val_accuracy: 0.9075
Epoch 207/350
391/391 - 24s - loss: 0.1198 - accuracy: 0.9740 - val_loss: 0.4721 - val_accuracy: 0.9055
Epoch 208/350
391/391 - 24s - loss: 0.1203 - accuracy: 0.9735 - val_loss: 0.4674 - val_accuracy: 0.9073
Epoch 209/350
391/391 - 24s - loss: 0.1175 - accuracy: 0.9745 - val_loss: 0.4759 - val_accuracy: 0.9086
Epoch 210/350
391/391 - 24s - loss: 0.1187 - accuracy: 0.9751 - val_loss: 0.4742 - val_accuracy: 0.9079
Epoch 211/350
391/391 - 24s - loss: 0.1171 - accuracy: 0.9747 - val_loss: 0.4715 - val_accuracy: 0.9089
Epoch 212/350
391/391 - 24s - loss: 0.1179 - accuracy: 0.9732 - val_loss: 0.4727 - val_accuracy: 0.9083
Epoch 213/350
391/391 - 24s - loss: 0.1171 - accuracy: 0.9741 - val_loss: 0.4762 - val_accuracy: 0.9085
Epoch 214/350
391/391 - 24s - loss: 0.1138 - accuracy: 0.9761 - val_loss: 0.4879 - val_accuracy: 0.9076
Epoch 215/350
391/391 - 24s - loss: 0.1165 - accuracy: 0.9740 - val_loss: 0.4880 - val_accuracy: 0.9077
Epoch 216/350
391/391 - 24s - loss: 0.1174 - accuracy: 0.9748 - val_loss: 0.4859 - val_accuracy: 0.9080
Epoch 217/350
391/391 - 24s - loss: 0.1138 - accuracy: 0.9759 - val_loss: 0.4957 - val_accuracy: 0.9065
Epoch 218/350
391/391 - 24s - loss: 0.1159 - accuracy: 0.9753 - val_loss: 0.4802 - val_accuracy: 0.9085
Epoch 219/350
391/391 - 24s - loss: 0.1158 - accuracy: 0.9750 - val_loss: 0.5001 - val_accuracy: 0.9058
Epoch 220/350
391/391 - 24s - loss: 0.1129 - accuracy: 0.9768 - val_loss: 0.4779 - val_accuracy: 0.9067
Epoch 221/350
391/391 - 24s - loss: 0.1137 - accuracy: 0.9757 - val_loss: 0.4879 - val_accuracy: 0.9068
Epoch 222/350
391/391 - 24s - loss: 0.1122 - accuracy: 0.9769 - val_loss: 0.4853 - val_accuracy: 0.9051
Epoch 223/350
391/391 - 24s - loss: 0.1152 - accuracy: 0.9748 - val_loss: 0.4790 - val_accuracy: 0.9060
Epoch 224/350
391/391 - 24s - loss: 0.1128 - accuracy: 0.9770 - val_loss: 0.4883 - val_accuracy: 0.9073
Epoch 225/350
391/391 - 24s - loss: 0.1120 - accuracy: 0.9763 - val_loss: 0.4858 - val_accuracy: 0.9073
Epoch 226/350
391/391 - 24s - loss: 0.1115 - accuracy: 0.9771 - val_loss: 0.4850 - val_accuracy: 0.9072
Epoch 227/350
391/391 - 24s - loss: 0.1106 - accuracy: 0.9773 - val_loss: 0.4895 - val_accuracy: 0.9076
Epoch 228/350
391/391 - 24s - loss: 0.1125 - accuracy: 0.9766 - val_loss: 0.4927 - val_accuracy: 0.9069
Epoch 229/350
391/391 - 24s - loss: 0.1121 - accuracy: 0.9772 - val_loss: 0.4932 - val_accuracy: 0.9061
Epoch 230/350
391/391 - 24s - loss: 0.1109 - accuracy: 0.9774 - val_loss: 0.4869 - val_accuracy: 0.9060
Epoch 231/350
391/391 - 24s - loss: 0.1096 - accuracy: 0.9775 - val_loss: 0.4990 - val_accuracy: 0.9057
Epoch 232/350
391/391 - 24s - loss: 0.1076 - accuracy: 0.9781 - val_loss: 0.4969 - val_accuracy: 0.9071
Epoch 233/350
391/391 - 24s - loss: 0.1095 - accuracy: 0.9779 - val_loss: 0.5003 - val_accuracy: 0.9056
Epoch 234/350
391/391 - 24s - loss: 0.1107 - accuracy: 0.9775 - val_loss: 0.5032 - val_accuracy: 0.9061
Epoch 235/350
391/391 - 24s - loss: 0.1116 - accuracy: 0.9773 - val_loss: 0.4865 - val_accuracy: 0.9078
Epoch 236/350
391/391 - 24s - loss: 0.1107 - accuracy: 0.9769 - val_loss: 0.4878 - val_accuracy: 0.9071
Epoch 237/350
391/391 - 24s - loss: 0.1087 - accuracy: 0.9773 - val_loss: 0.5023 - val_accuracy: 0.9082
Epoch 238/350
391/391 - 24s - loss: 0.1078 - accuracy: 0.9779 - val_loss: 0.4973 - val_accuracy: 0.9070
Epoch 239/350
391/391 - 24s - loss: 0.1088 - accuracy: 0.9772 - val_loss: 0.5025 - val_accuracy: 0.9067
Epoch 240/350
391/391 - 24s - loss: 0.1083 - accuracy: 0.9776 - val_loss: 0.4860 - val_accuracy: 0.9070
Epoch 241/350
391/391 - 24s - loss: 0.1085 - accuracy: 0.9781 - val_loss: 0.4890 - val_accuracy: 0.9084
Epoch 242/350
391/391 - 24s - loss: 0.1067 - accuracy: 0.9790 - val_loss: 0.4916 - val_accuracy: 0.9092
Epoch 243/350
391/391 - 24s - loss: 0.1088 - accuracy: 0.9775 - val_loss: 0.5024 - val_accuracy: 0.9066
Epoch 244/350
391/391 - 24s - loss: 0.1060 - accuracy: 0.9787 - val_loss: 0.5053 - val_accuracy: 0.9063
Epoch 245/350
391/391 - 24s - loss: 0.1065 - accuracy: 0.9789 - val_loss: 0.4893 - val_accuracy: 0.9081
Epoch 246/350
391/391 - 24s - loss: 0.1067 - accuracy: 0.9783 - val_loss: 0.5069 - val_accuracy: 0.9071
Epoch 247/350
391/391 - 24s - loss: 0.1090 - accuracy: 0.9782 - val_loss: 0.4983 - val_accuracy: 0.9064
Epoch 248/350
391/391 - 24s - loss: 0.1055 - accuracy: 0.9793 - val_loss: 0.5068 - val_accuracy: 0.9061
Epoch 249/350
391/391 - 24s - loss: 0.1076 - accuracy: 0.9784 - val_loss: 0.5042 - val_accuracy: 0.9061
Epoch 250/350


Snapshot weight 8 shuffle 2 at epoch 250
Layer 11
Getting activations...


391/391 - 24s - loss: 0.1089 - accuracy: 0.9774 - val_loss: 0.4960 - val_accuracy: 0.9065
Epoch 251/350
391/391 - 24s - loss: 0.1065 - accuracy: 0.9784 - val_loss: 0.4936 - val_accuracy: 0.9068
Epoch 252/350
391/391 - 24s - loss: 0.1038 - accuracy: 0.9796 - val_loss: 0.4971 - val_accuracy: 0.9071
Epoch 253/350
391/391 - 24s - loss: 0.1032 - accuracy: 0.9792 - val_loss: 0.4982 - val_accuracy: 0.9078
Epoch 254/350
391/391 - 24s - loss: 0.1055 - accuracy: 0.9787 - val_loss: 0.4996 - val_accuracy: 0.9084
Epoch 255/350
391/391 - 24s - loss: 0.1041 - accuracy: 0.9800 - val_loss: 0.5001 - val_accuracy: 0.9073
Epoch 256/350
391/391 - 23s - loss: 0.1053 - accuracy: 0.9782 - val_loss: 0.5005 - val_accuracy: 0.9072
Epoch 257/350
391/391 - 24s - loss: 0.1059 - accuracy: 0.9782 - val_loss: 0.5013 - val_accuracy: 0.9068
Epoch 258/350
391/391 - 24s - loss: 0.1028 - accuracy: 0.9797 - val_loss: 0.5023 - val_accuracy: 0.9074
Epoch 259/350
391/391 - 24s - loss: 0.1046 - accuracy: 0.9791 - val_loss: 0.5009 - val_accuracy: 0.9076
Epoch 260/350
391/391 - 24s - loss: 0.1028 - accuracy: 0.9802 - val_loss: 0.5016 - val_accuracy: 0.9077
Epoch 261/350
391/391 - 24s - loss: 0.1033 - accuracy: 0.9795 - val_loss: 0.5012 - val_accuracy: 0.9077
Epoch 262/350
391/391 - 24s - loss: 0.1045 - accuracy: 0.9793 - val_loss: 0.5049 - val_accuracy: 0.9071
Epoch 263/350
391/391 - 24s - loss: 0.1052 - accuracy: 0.9788 - val_loss: 0.5008 - val_accuracy: 0.9067
Epoch 264/350
391/391 - 24s - loss: 0.1048 - accuracy: 0.9789 - val_loss: 0.5030 - val_accuracy: 0.9073
Epoch 265/350
391/391 - 24s - loss: 0.1029 - accuracy: 0.9794 - val_loss: 0.5011 - val_accuracy: 0.9073
Epoch 266/350
391/391 - 24s - loss: 0.1023 - accuracy: 0.9803 - val_loss: 0.5022 - val_accuracy: 0.9076
Epoch 267/350
391/391 - 24s - loss: 0.1021 - accuracy: 0.9803 - val_loss: 0.5033 - val_accuracy: 0.9084
Epoch 268/350
391/391 - 24s - loss: 0.1024 - accuracy: 0.9805 - val_loss: 0.5029 - val_accuracy: 0.9075
Epoch 269/350
391/391 - 24s - loss: 0.1031 - accuracy: 0.9794 - val_loss: 0.5042 - val_accuracy: 0.9078
Epoch 270/350
391/391 - 24s - loss: 0.1029 - accuracy: 0.9796 - val_loss: 0.5028 - val_accuracy: 0.9087
Epoch 271/350
391/391 - 24s - loss: 0.1034 - accuracy: 0.9797 - val_loss: 0.5022 - val_accuracy: 0.9076
Epoch 272/350
391/391 - 24s - loss: 0.1016 - accuracy: 0.9807 - val_loss: 0.5015 - val_accuracy: 0.9076
Epoch 273/350
391/391 - 24s - loss: 0.1004 - accuracy: 0.9813 - val_loss: 0.5057 - val_accuracy: 0.9076
Epoch 274/350
391/391 - 24s - loss: 0.1009 - accuracy: 0.9802 - val_loss: 0.5059 - val_accuracy: 0.9072
Epoch 275/350
391/391 - 24s - loss: 0.1017 - accuracy: 0.9802 - val_loss: 0.5064 - val_accuracy: 0.9078
Epoch 276/350
391/391 - 24s - loss: 0.1023 - accuracy: 0.9809 - val_loss: 0.5062 - val_accuracy: 0.9086
Epoch 277/350
391/391 - 24s - loss: 0.1025 - accuracy: 0.9794 - val_loss: 0.5066 - val_accuracy: 0.9074
Epoch 278/350
391/391 - 23s - loss: 0.1006 - accuracy: 0.9806 - val_loss: 0.5098 - val_accuracy: 0.9078
Epoch 279/350
391/391 - 24s - loss: 0.1024 - accuracy: 0.9798 - val_loss: 0.5057 - val_accuracy: 0.9083
Epoch 280/350
391/391 - 24s - loss: 0.1016 - accuracy: 0.9798 - val_loss: 0.5049 - val_accuracy: 0.9083
Epoch 281/350
391/391 - 24s - loss: 0.1000 - accuracy: 0.9803 - val_loss: 0.5071 - val_accuracy: 0.9072
Epoch 282/350
391/391 - 24s - loss: 0.1018 - accuracy: 0.9803 - val_loss: 0.5048 - val_accuracy: 0.9080
Epoch 283/350
391/391 - 24s - loss: 0.1033 - accuracy: 0.9787 - val_loss: 0.5080 - val_accuracy: 0.9082
Epoch 284/350
391/391 - 24s - loss: 0.1027 - accuracy: 0.9791 - val_loss: 0.5059 - val_accuracy: 0.9080
Epoch 285/350
391/391 - 24s - loss: 0.1013 - accuracy: 0.9802 - val_loss: 0.5087 - val_accuracy: 0.9086
Epoch 286/350
391/391 - 24s - loss: 0.1020 - accuracy: 0.9798 - val_loss: 0.5088 - val_accuracy: 0.9080
Epoch 287/350
391/391 - 24s - loss: 0.1019 - accuracy: 0.9802 - val_loss: 0.5036 - val_accuracy: 0.9065
Epoch 288/350
391/391 - 24s - loss: 0.1031 - accuracy: 0.9798 - val_loss: 0.5039 - val_accuracy: 0.9065
Epoch 289/350
391/391 - 24s - loss: 0.1032 - accuracy: 0.9800 - val_loss: 0.5077 - val_accuracy: 0.9070
Epoch 290/350
391/391 - 24s - loss: 0.1023 - accuracy: 0.9796 - val_loss: 0.5073 - val_accuracy: 0.9081
Epoch 291/350
391/391 - 24s - loss: 0.1035 - accuracy: 0.9793 - val_loss: 0.5044 - val_accuracy: 0.9075
Epoch 292/350
391/391 - 24s - loss: 0.1039 - accuracy: 0.9793 - val_loss: 0.5059 - val_accuracy: 0.9071
Epoch 293/350
391/391 - 24s - loss: 0.1005 - accuracy: 0.9802 - val_loss: 0.5080 - val_accuracy: 0.9077
Epoch 294/350
391/391 - 24s - loss: 0.1025 - accuracy: 0.9806 - val_loss: 0.5058 - val_accuracy: 0.9083
Epoch 295/350
391/391 - 24s - loss: 0.1012 - accuracy: 0.9801 - val_loss: 0.5055 - val_accuracy: 0.9081
Epoch 296/350
391/391 - 24s - loss: 0.1009 - accuracy: 0.9801 - val_loss: 0.5085 - val_accuracy: 0.9081
Epoch 297/350
391/391 - 24s - loss: 0.1019 - accuracy: 0.9801 - val_loss: 0.5073 - val_accuracy: 0.9083
Epoch 298/350
391/391 - 24s - loss: 0.1022 - accuracy: 0.9799 - val_loss: 0.5060 - val_accuracy: 0.9076
Epoch 299/350
391/391 - 23s - loss: 0.1036 - accuracy: 0.9801 - val_loss: 0.5053 - val_accuracy: 0.9078
Epoch 300/350


Snapshot weight 8 shuffle 2 at epoch 300
Layer 11
Getting activations...


391/391 - 24s - loss: 0.1018 - accuracy: 0.9802 - val_loss: 0.5061 - val_accuracy: 0.9077
Epoch 301/350
391/391 - 24s - loss: 0.1002 - accuracy: 0.9806 - val_loss: 0.5066 - val_accuracy: 0.9078
Epoch 302/350
391/391 - 24s - loss: 0.1013 - accuracy: 0.9804 - val_loss: 0.5064 - val_accuracy: 0.9074
Epoch 303/350
391/391 - 24s - loss: 0.0998 - accuracy: 0.9811 - val_loss: 0.5065 - val_accuracy: 0.9076
Epoch 304/350
391/391 - 24s - loss: 0.1015 - accuracy: 0.9800 - val_loss: 0.5069 - val_accuracy: 0.9078
Epoch 305/350
391/391 - 24s - loss: 0.1020 - accuracy: 0.9805 - val_loss: 0.5066 - val_accuracy: 0.9078
Epoch 306/350
391/391 - 24s - loss: 0.1032 - accuracy: 0.9801 - val_loss: 0.5061 - val_accuracy: 0.9078
Epoch 307/350
391/391 - 24s - loss: 0.1021 - accuracy: 0.9794 - val_loss: 0.5054 - val_accuracy: 0.9078
Epoch 308/350
391/391 - 24s - loss: 0.1023 - accuracy: 0.9802 - val_loss: 0.5055 - val_accuracy: 0.9078
Epoch 309/350
391/391 - 24s - loss: 0.1039 - accuracy: 0.9795 - val_loss: 0.5052 - val_accuracy: 0.9079
Epoch 310/350
391/391 - 24s - loss: 0.1029 - accuracy: 0.9796 - val_loss: 0.5053 - val_accuracy: 0.9077
Epoch 311/350
391/391 - 24s - loss: 0.1004 - accuracy: 0.9806 - val_loss: 0.5047 - val_accuracy: 0.9078
Epoch 312/350
391/391 - 24s - loss: 0.1012 - accuracy: 0.9807 - val_loss: 0.5045 - val_accuracy: 0.9081
Epoch 313/350
391/391 - 24s - loss: 0.1009 - accuracy: 0.9808 - val_loss: 0.5039 - val_accuracy: 0.9081
Epoch 314/350
391/391 - 24s - loss: 0.1042 - accuracy: 0.9796 - val_loss: 0.5039 - val_accuracy: 0.9079
Epoch 315/350
391/391 - 24s - loss: 0.1016 - accuracy: 0.9798 - val_loss: 0.5041 - val_accuracy: 0.9080
Epoch 316/350
391/391 - 24s - loss: 0.1013 - accuracy: 0.9805 - val_loss: 0.5043 - val_accuracy: 0.9079
Epoch 317/350
391/391 - 24s - loss: 0.1016 - accuracy: 0.9797 - val_loss: 0.5044 - val_accuracy: 0.9080
Epoch 318/350
391/391 - 24s - loss: 0.1019 - accuracy: 0.9799 - val_loss: 0.5043 - val_accuracy: 0.9080
Epoch 319/350
391/391 - 24s - loss: 0.1031 - accuracy: 0.9788 - val_loss: 0.5038 - val_accuracy: 0.9080
Epoch 320/350
391/391 - 24s - loss: 0.1014 - accuracy: 0.9804 - val_loss: 0.5038 - val_accuracy: 0.9078
Epoch 321/350
391/391 - 24s - loss: 0.1022 - accuracy: 0.9803 - val_loss: 0.5038 - val_accuracy: 0.9077
Epoch 322/350
391/391 - 24s - loss: 0.1028 - accuracy: 0.9791 - val_loss: 0.5040 - val_accuracy: 0.9076
Epoch 323/350
391/391 - 24s - loss: 0.1020 - accuracy: 0.9796 - val_loss: 0.5045 - val_accuracy: 0.9077
Epoch 324/350
391/391 - 24s - loss: 0.1026 - accuracy: 0.9794 - val_loss: 0.5049 - val_accuracy: 0.9076
Epoch 325/350
391/391 - 24s - loss: 0.0994 - accuracy: 0.9812 - val_loss: 0.5052 - val_accuracy: 0.9076
Epoch 326/350
391/391 - 24s - loss: 0.1009 - accuracy: 0.9803 - val_loss: 0.5051 - val_accuracy: 0.9076
Epoch 327/350
391/391 - 24s - loss: 0.0997 - accuracy: 0.9811 - val_loss: 0.5049 - val_accuracy: 0.9080
Epoch 328/350
391/391 - 24s - loss: 0.1005 - accuracy: 0.9805 - val_loss: 0.5051 - val_accuracy: 0.9078
Epoch 329/350
391/391 - 24s - loss: 0.1005 - accuracy: 0.9806 - val_loss: 0.5052 - val_accuracy: 0.9077
Epoch 330/350
391/391 - 24s - loss: 0.1003 - accuracy: 0.9804 - val_loss: 0.5054 - val_accuracy: 0.9079
Epoch 331/350
391/391 - 24s - loss: 0.1029 - accuracy: 0.9800 - val_loss: 0.5055 - val_accuracy: 0.9078
Epoch 332/350
391/391 - 24s - loss: 0.1019 - accuracy: 0.9803 - val_loss: 0.5051 - val_accuracy: 0.9077
Epoch 333/350
391/391 - 24s - loss: 0.1029 - accuracy: 0.9796 - val_loss: 0.5049 - val_accuracy: 0.9080
Epoch 334/350
391/391 - 24s - loss: 0.1002 - accuracy: 0.9812 - val_loss: 0.5051 - val_accuracy: 0.9078
Epoch 335/350
391/391 - 24s - loss: 0.1021 - accuracy: 0.9800 - val_loss: 0.5055 - val_accuracy: 0.9077
Epoch 336/350
391/391 - 24s - loss: 0.1028 - accuracy: 0.9797 - val_loss: 0.5054 - val_accuracy: 0.9076
Epoch 337/350
391/391 - 24s - loss: 0.1037 - accuracy: 0.9802 - val_loss: 0.5050 - val_accuracy: 0.9077
Epoch 338/350
391/391 - 24s - loss: 0.1026 - accuracy: 0.9799 - val_loss: 0.5053 - val_accuracy: 0.9077
Epoch 339/350
391/391 - 24s - loss: 0.0990 - accuracy: 0.9812 - val_loss: 0.5050 - val_accuracy: 0.9076
Epoch 340/350
391/391 - 23s - loss: 0.1051 - accuracy: 0.9789 - val_loss: 0.5050 - val_accuracy: 0.9076
Epoch 341/350
391/391 - 24s - loss: 0.1012 - accuracy: 0.9806 - val_loss: 0.5052 - val_accuracy: 0.9077
Epoch 342/350
391/391 - 24s - loss: 0.1022 - accuracy: 0.9802 - val_loss: 0.5052 - val_accuracy: 0.9078
Epoch 343/350
391/391 - 24s - loss: 0.1005 - accuracy: 0.9802 - val_loss: 0.5053 - val_accuracy: 0.9077
Epoch 344/350
391/391 - 24s - loss: 0.1020 - accuracy: 0.9800 - val_loss: 0.5052 - val_accuracy: 0.9080
Epoch 345/350
391/391 - 24s - loss: 0.1039 - accuracy: 0.9794 - val_loss: 0.5053 - val_accuracy: 0.9078
Epoch 346/350
391/391 - 24s - loss: 0.1010 - accuracy: 0.9798 - val_loss: 0.5052 - val_accuracy: 0.9083
Epoch 347/350
391/391 - 24s - loss: 0.0997 - accuracy: 0.9809 - val_loss: 0.5054 - val_accuracy: 0.9080
Epoch 348/350
391/391 - 24s - loss: 0.1008 - accuracy: 0.9800 - val_loss: 0.5053 - val_accuracy: 0.9078
Epoch 349/350
391/391 - 24s - loss: 0.0998 - accuracy: 0.9808 - val_loss: 0.5053 - val_accuracy: 0.9080
Epoch 350/350


Snapshot weight 8 shuffle 2 at epoch 350
Layer 11
Getting activations...


391/391 - 24s - loss: 0.1002 - accuracy: 0.9812 - val_loss: 0.5054 - val_accuracy: 0.9081
/usr/local/lib/python3.6/dist-packages/tensorflow/python/autograph/impl/api.py:493: UserWarning: fill_value is not supported and is always 0 for TensorFlow < 2.4.0.
  return py_builtins.overload_of(f)(*args)
WARNING:tensorflow:From /usr/local/lib/python3.6/dist-packages/tensorflow/python/training/tracking/tracking.py:111: Model.state_updates (from tensorflow.python.keras.engine.training) is deprecated and will be removed in a future version.
Instructions for updating:
This property should not be used in TensorFlow 2.0, as updates are applied automatically.
2021-07-02 02:02:28.775363: W tensorflow/python/util/util.cc:348] Sets are not currently considered sequences, but this may change in the future, so consider avoiding using them.
WARNING:tensorflow:From /usr/local/lib/python3.6/dist-packages/tensorflow/python/training/tracking/tracking.py:111: Layer.updates (from tensorflow.python.keras.engine.base_layer) is deprecated and will be removed in a future version.
Instructions for updating:
This property should not be used in TensorFlow 2.0, as updates are applied automatically.
Saving, final validation acc: 0.9081000089645386
