2021-07-01 23:47:46.429421: I tensorflow/stream_executor/platform/default/dso_loader.cc:48] Successfully opened dynamic library libcudart.so.10.1
2021-07-01 23:49:09.802993: I tensorflow/stream_executor/platform/default/dso_loader.cc:48] Successfully opened dynamic library libcuda.so.1
2021-07-01 23:49:09.856521: I tensorflow/core/common_runtime/gpu/gpu_device.cc:1716] Found device 0 with properties: 
pciBusID: 0000:02:00.0 name: NVIDIA TITAN X (Pascal) computeCapability: 6.1
coreClock: 1.531GHz coreCount: 28 deviceMemorySize: 11.91GiB deviceMemoryBandwidth: 447.48GiB/s
2021-07-01 23:49:09.856596: I tensorflow/stream_executor/platform/default/dso_loader.cc:48] Successfully opened dynamic library libcudart.so.10.1
2021-07-01 23:49:09.899253: I tensorflow/stream_executor/platform/default/dso_loader.cc:48] Successfully opened dynamic library libcublas.so.10
2021-07-01 23:49:09.920940: I tensorflow/stream_executor/platform/default/dso_loader.cc:48] Successfully opened dynamic library libcufft.so.10
2021-07-01 23:49:09.929713: I tensorflow/stream_executor/platform/default/dso_loader.cc:48] Successfully opened dynamic library libcurand.so.10
2021-07-01 23:49:09.974315: I tensorflow/stream_executor/platform/default/dso_loader.cc:48] Successfully opened dynamic library libcusolver.so.10
2021-07-01 23:49:09.983008: I tensorflow/stream_executor/platform/default/dso_loader.cc:48] Successfully opened dynamic library libcusparse.so.10
2021-07-01 23:49:10.062316: I tensorflow/stream_executor/platform/default/dso_loader.cc:48] Successfully opened dynamic library libcudnn.so.7
2021-07-01 23:49:10.068612: I tensorflow/core/common_runtime/gpu/gpu_device.cc:1858] Adding visible gpu devices: 0
2021-07-01 23:49:10.072594: I tensorflow/core/platform/cpu_feature_guard.cc:142] This TensorFlow binary is optimized with oneAPI Deep Neural Network Library (oneDNN)to use the following CPU instructions in performance-critical operations:  AVX2 FMA
To enable them in other operations, rebuild TensorFlow with the appropriate compiler flags.
2021-07-01 23:49:10.088661: I tensorflow/core/platform/profile_utils/cpu_utils.cc:104] CPU Frequency: 2600235000 Hz
2021-07-01 23:49:10.088781: I tensorflow/compiler/xla/service/service.cc:168] XLA service 0x480d2a0 initialized for platform Host (this does not guarantee that XLA will be used). Devices:
2021-07-01 23:49:10.088802: I tensorflow/compiler/xla/service/service.cc:176]   StreamExecutor device (0): Host, Default Version
2021-07-01 23:49:10.213963: I tensorflow/compiler/xla/service/service.cc:168] XLA service 0x47a56d0 initialized for platform CUDA (this does not guarantee that XLA will be used). Devices:
2021-07-01 23:49:10.214042: I tensorflow/compiler/xla/service/service.cc:176]   StreamExecutor device (0): NVIDIA TITAN X (Pascal), Compute Capability 6.1
2021-07-01 23:49:10.216447: I tensorflow/core/common_runtime/gpu/gpu_device.cc:1716] Found device 0 with properties: 
pciBusID: 0000:02:00.0 name: NVIDIA TITAN X (Pascal) computeCapability: 6.1
coreClock: 1.531GHz coreCount: 28 deviceMemorySize: 11.91GiB deviceMemoryBandwidth: 447.48GiB/s
2021-07-01 23:49:10.216485: I tensorflow/stream_executor/platform/default/dso_loader.cc:48] Successfully opened dynamic library libcudart.so.10.1
2021-07-01 23:49:10.216516: I tensorflow/stream_executor/platform/default/dso_loader.cc:48] Successfully opened dynamic library libcublas.so.10
2021-07-01 23:49:10.216534: I tensorflow/stream_executor/platform/default/dso_loader.cc:48] Successfully opened dynamic library libcufft.so.10
2021-07-01 23:49:10.216552: I tensorflow/stream_executor/platform/default/dso_loader.cc:48] Successfully opened dynamic library libcurand.so.10
2021-07-01 23:49:10.216569: I tensorflow/stream_executor/platform/default/dso_loader.cc:48] Successfully opened dynamic library libcusolver.so.10
2021-07-01 23:49:10.216585: I tensorflow/stream_executor/platform/default/dso_loader.cc:48] Successfully opened dynamic library libcusparse.so.10
2021-07-01 23:49:10.217195: I tensorflow/stream_executor/platform/default/dso_loader.cc:48] Successfully opened dynamic library libcudnn.so.7
2021-07-01 23:49:10.218798: I tensorflow/core/common_runtime/gpu/gpu_device.cc:1858] Adding visible gpu devices: 0
2021-07-01 23:49:10.220569: I tensorflow/stream_executor/platform/default/dso_loader.cc:48] Successfully opened dynamic library libcudart.so.10.1
2021-07-01 23:49:12.027487: I tensorflow/core/common_runtime/gpu/gpu_device.cc:1257] Device interconnect StreamExecutor with strength 1 edge matrix:
2021-07-01 23:49:12.027559: I tensorflow/core/common_runtime/gpu/gpu_device.cc:1263]      0 
2021-07-01 23:49:12.027573: I tensorflow/core/common_runtime/gpu/gpu_device.cc:1276] 0:   N 
2021-07-01 23:49:12.038614: I tensorflow/core/common_runtime/gpu/gpu_device.cc:1402] Created TensorFlow device (/job:localhost/replica:0/task:0/device:GPU:0 with 11228 MB memory) -> physical GPU (device: 0, name: NVIDIA TITAN X (Pascal), pci bus id: 0000:02:00.0, compute capability: 6.1)
2021-07-01 23:49:17.845959: I tensorflow/stream_executor/platform/default/dso_loader.cc:48] Successfully opened dynamic library libcudnn.so.7
2021-07-01 23:49:20.447516: I tensorflow/stream_executor/platform/default/dso_loader.cc:48] Successfully opened dynamic library libcublas.so.10
/usr/local/lib/python3.6/dist-packages/tensorflow/python/autograph/impl/api.py:493: UserWarning: fill_value is not supported and is always 0 for TensorFlow < 2.4.0.
  return py_builtins.overload_of(f)(*args)
WARNING:tensorflow:Callbacks method `on_train_batch_end` is slow compared to the batch time (batch time: 0.0217s vs `on_train_batch_end` time: 0.0379s). Check your callbacks.
Using model index: 31
Making train data...
GCN...
ZCA...
Done!
Making test data...
Done!
Epoch 1/350


Snapshot weight 1 shuffle 3 at epoch 1
Layer 11
Getting activations...


391/391 - 25s - loss: 2.3098 - accuracy: 0.1187 - val_loss: 2.2143 - val_accuracy: 0.1973
Epoch 2/350


Snapshot weight 1 shuffle 3 at epoch 2
Layer 11
Getting activations...


391/391 - 25s - loss: 2.1686 - accuracy: 0.2255 - val_loss: 1.9544 - val_accuracy: 0.2983
Epoch 3/350


Snapshot weight 1 shuffle 3 at epoch 3
Layer 11
Getting activations...


391/391 - 25s - loss: 1.8982 - accuracy: 0.3234 - val_loss: 1.9043 - val_accuracy: 0.3596
Epoch 4/350


Snapshot weight 1 shuffle 3 at epoch 4
Layer 11
Getting activations...


391/391 - 25s - loss: 1.6865 - accuracy: 0.4229 - val_loss: 1.5379 - val_accuracy: 0.4435
Epoch 5/350


Snapshot weight 1 shuffle 3 at epoch 5
Layer 11
Getting activations...


391/391 - 25s - loss: 1.4487 - accuracy: 0.4882 - val_loss: 1.2548 - val_accuracy: 0.5570
Epoch 6/350


Snapshot weight 1 shuffle 3 at epoch 6
Layer 11
Getting activations...


391/391 - 25s - loss: 1.3109 - accuracy: 0.5379 - val_loss: 1.1773 - val_accuracy: 0.5821
Epoch 7/350


Snapshot weight 1 shuffle 3 at epoch 7
Layer 11
Getting activations...


391/391 - 25s - loss: 1.2138 - accuracy: 0.5729 - val_loss: 1.2185 - val_accuracy: 0.5935
Epoch 8/350


Snapshot weight 1 shuffle 3 at epoch 8
Layer 11
Getting activations...


391/391 - 25s - loss: 1.1447 - accuracy: 0.6013 - val_loss: 1.0331 - val_accuracy: 0.6392
Epoch 9/350


Snapshot weight 1 shuffle 3 at epoch 9
Layer 11
Getting activations...


391/391 - 25s - loss: 1.0893 - accuracy: 0.6208 - val_loss: 0.9860 - val_accuracy: 0.6568
Epoch 10/350


Snapshot weight 1 shuffle 3 at epoch 10
Layer 11
Getting activations...


391/391 - 25s - loss: 1.0372 - accuracy: 0.6392 - val_loss: 0.9400 - val_accuracy: 0.6749
Epoch 11/350
391/391 - 24s - loss: 0.9945 - accuracy: 0.6552 - val_loss: 0.9293 - val_accuracy: 0.6797
Epoch 12/350
391/391 - 25s - loss: 0.9578 - accuracy: 0.6693 - val_loss: 0.9721 - val_accuracy: 0.6746
Epoch 13/350
391/391 - 25s - loss: 0.9107 - accuracy: 0.6872 - val_loss: 0.8951 - val_accuracy: 0.7024
Epoch 14/350
391/391 - 25s - loss: 0.8788 - accuracy: 0.6992 - val_loss: 0.8381 - val_accuracy: 0.7203
Epoch 15/350
391/391 - 25s - loss: 0.8450 - accuracy: 0.7131 - val_loss: 0.7715 - val_accuracy: 0.7439
Epoch 16/350
391/391 - 24s - loss: 0.8112 - accuracy: 0.7259 - val_loss: 0.7669 - val_accuracy: 0.7459
Epoch 17/350
391/391 - 24s - loss: 0.7881 - accuracy: 0.7346 - val_loss: 0.7259 - val_accuracy: 0.7599
Epoch 18/350
391/391 - 25s - loss: 0.7488 - accuracy: 0.7472 - val_loss: 0.7071 - val_accuracy: 0.7673
Epoch 19/350
391/391 - 25s - loss: 0.7307 - accuracy: 0.7533 - val_loss: 0.6566 - val_accuracy: 0.7859
Epoch 20/350
391/391 - 25s - loss: 0.7243 - accuracy: 0.7568 - val_loss: 0.6727 - val_accuracy: 0.7848
Epoch 21/350
391/391 - 25s - loss: 0.6806 - accuracy: 0.7729 - val_loss: 0.6694 - val_accuracy: 0.7854
Epoch 22/350
391/391 - 25s - loss: 0.6588 - accuracy: 0.7805 - val_loss: 0.6173 - val_accuracy: 0.8016
Epoch 23/350
391/391 - 24s - loss: 0.6538 - accuracy: 0.7842 - val_loss: 0.6526 - val_accuracy: 0.7933
Epoch 24/350
391/391 - 24s - loss: 0.6376 - accuracy: 0.7860 - val_loss: 0.5962 - val_accuracy: 0.8053
Epoch 25/350
391/391 - 25s - loss: 0.6247 - accuracy: 0.7931 - val_loss: 0.6023 - val_accuracy: 0.8111
Epoch 26/350
391/391 - 25s - loss: 0.6009 - accuracy: 0.8009 - val_loss: 0.6280 - val_accuracy: 0.8015
Epoch 27/350
391/391 - 24s - loss: 0.5910 - accuracy: 0.8043 - val_loss: 0.6021 - val_accuracy: 0.8083
Epoch 28/350
391/391 - 25s - loss: 0.5753 - accuracy: 0.8101 - val_loss: 0.5528 - val_accuracy: 0.8217
Epoch 29/350
391/391 - 24s - loss: 0.5674 - accuracy: 0.8127 - val_loss: 0.5789 - val_accuracy: 0.8115
Epoch 30/350
391/391 - 25s - loss: 0.5602 - accuracy: 0.8148 - val_loss: 0.5726 - val_accuracy: 0.8229
Epoch 31/350
391/391 - 24s - loss: 0.5355 - accuracy: 0.8239 - val_loss: 0.5759 - val_accuracy: 0.8187
Epoch 32/350
391/391 - 25s - loss: 0.5286 - accuracy: 0.8257 - val_loss: 0.5694 - val_accuracy: 0.8172
Epoch 33/350
391/391 - 25s - loss: 0.5168 - accuracy: 0.8298 - val_loss: 0.5373 - val_accuracy: 0.8258
Epoch 34/350
391/391 - 25s - loss: 0.5195 - accuracy: 0.8307 - val_loss: 0.5219 - val_accuracy: 0.8366
Epoch 35/350
391/391 - 25s - loss: 0.5068 - accuracy: 0.8348 - val_loss: 0.5146 - val_accuracy: 0.8400
Epoch 36/350
391/391 - 25s - loss: 0.4978 - accuracy: 0.8381 - val_loss: 0.5035 - val_accuracy: 0.8404
Epoch 37/350
391/391 - 25s - loss: 0.4903 - accuracy: 0.8393 - val_loss: 0.5080 - val_accuracy: 0.8385
Epoch 38/350
391/391 - 25s - loss: 0.4828 - accuracy: 0.8439 - val_loss: 0.5044 - val_accuracy: 0.8395
Epoch 39/350
391/391 - 25s - loss: 0.4745 - accuracy: 0.8461 - val_loss: 0.4847 - val_accuracy: 0.8475
Epoch 40/350
391/391 - 24s - loss: 0.4700 - accuracy: 0.8475 - val_loss: 0.4964 - val_accuracy: 0.8433
Epoch 41/350
391/391 - 25s - loss: 0.4606 - accuracy: 0.8495 - val_loss: 0.5082 - val_accuracy: 0.8457
Epoch 42/350
391/391 - 25s - loss: 0.4528 - accuracy: 0.8527 - val_loss: 0.4865 - val_accuracy: 0.8535
Epoch 43/350
391/391 - 25s - loss: 0.4459 - accuracy: 0.8551 - val_loss: 0.4923 - val_accuracy: 0.8447
Epoch 44/350
391/391 - 24s - loss: 0.4395 - accuracy: 0.8589 - val_loss: 0.4905 - val_accuracy: 0.8485
Epoch 45/350
391/391 - 25s - loss: 0.4388 - accuracy: 0.8571 - val_loss: 0.4906 - val_accuracy: 0.8445
Epoch 46/350
391/391 - 25s - loss: 0.4328 - accuracy: 0.8601 - val_loss: 0.4895 - val_accuracy: 0.8493
Epoch 47/350
391/391 - 25s - loss: 0.4243 - accuracy: 0.8622 - val_loss: 0.4856 - val_accuracy: 0.8514
Epoch 48/350
391/391 - 25s - loss: 0.4171 - accuracy: 0.8644 - val_loss: 0.4747 - val_accuracy: 0.8588
Epoch 49/350
391/391 - 25s - loss: 0.4126 - accuracy: 0.8661 - val_loss: 0.4533 - val_accuracy: 0.8670
Epoch 50/350


Snapshot weight 1 shuffle 3 at epoch 50
Layer 11
Getting activations...


391/391 - 25s - loss: 0.4110 - accuracy: 0.8678 - val_loss: 0.4532 - val_accuracy: 0.8634
Epoch 51/350
391/391 - 25s - loss: 0.4062 - accuracy: 0.8687 - val_loss: 0.4456 - val_accuracy: 0.8617
Epoch 52/350
391/391 - 24s - loss: 0.3997 - accuracy: 0.8711 - val_loss: 0.4540 - val_accuracy: 0.8613
Epoch 53/350
391/391 - 24s - loss: 0.3957 - accuracy: 0.8733 - val_loss: 0.4627 - val_accuracy: 0.8587
Epoch 54/350
391/391 - 25s - loss: 0.3881 - accuracy: 0.8761 - val_loss: 0.4466 - val_accuracy: 0.8635
Epoch 55/350
391/391 - 25s - loss: 0.3889 - accuracy: 0.8752 - val_loss: 0.4581 - val_accuracy: 0.8638
Epoch 56/350
391/391 - 25s - loss: 0.3820 - accuracy: 0.8764 - val_loss: 0.4672 - val_accuracy: 0.8649
Epoch 57/350
391/391 - 25s - loss: 0.3754 - accuracy: 0.8798 - val_loss: 0.4413 - val_accuracy: 0.8650
Epoch 58/350
391/391 - 24s - loss: 0.3728 - accuracy: 0.8806 - val_loss: 0.4695 - val_accuracy: 0.8613
Epoch 59/350
391/391 - 25s - loss: 0.3653 - accuracy: 0.8848 - val_loss: 0.4390 - val_accuracy: 0.8670
Epoch 60/350
391/391 - 24s - loss: 0.3621 - accuracy: 0.8858 - val_loss: 0.4475 - val_accuracy: 0.8685
Epoch 61/350
391/391 - 24s - loss: 0.3703 - accuracy: 0.8813 - val_loss: 0.4442 - val_accuracy: 0.8707
Epoch 62/350
391/391 - 25s - loss: 0.3581 - accuracy: 0.8864 - val_loss: 0.4478 - val_accuracy: 0.8660
Epoch 63/350
391/391 - 24s - loss: 0.3524 - accuracy: 0.8880 - val_loss: 0.4850 - val_accuracy: 0.8581
Epoch 64/350
391/391 - 25s - loss: 0.3561 - accuracy: 0.8864 - val_loss: 0.4284 - val_accuracy: 0.8746
Epoch 65/350
391/391 - 24s - loss: 0.3502 - accuracy: 0.8898 - val_loss: 0.4472 - val_accuracy: 0.8681
Epoch 66/350
391/391 - 25s - loss: 0.3446 - accuracy: 0.8905 - val_loss: 0.4468 - val_accuracy: 0.8717
Epoch 67/350
391/391 - 25s - loss: 0.3412 - accuracy: 0.8919 - val_loss: 0.4372 - val_accuracy: 0.8696
Epoch 68/350
391/391 - 24s - loss: 0.3400 - accuracy: 0.8929 - val_loss: 0.4217 - val_accuracy: 0.8766
Epoch 69/350
391/391 - 24s - loss: 0.3288 - accuracy: 0.8958 - val_loss: 0.4486 - val_accuracy: 0.8710
Epoch 70/350
391/391 - 25s - loss: 0.3329 - accuracy: 0.8944 - val_loss: 0.4602 - val_accuracy: 0.8683
Epoch 71/350
391/391 - 24s - loss: 0.3256 - accuracy: 0.8966 - val_loss: 0.4217 - val_accuracy: 0.8769
Epoch 72/350
391/391 - 24s - loss: 0.3255 - accuracy: 0.8974 - val_loss: 0.4213 - val_accuracy: 0.8781
Epoch 73/350
391/391 - 24s - loss: 0.3207 - accuracy: 0.8994 - val_loss: 0.4311 - val_accuracy: 0.8773
Epoch 74/350
391/391 - 25s - loss: 0.3216 - accuracy: 0.8984 - val_loss: 0.4161 - val_accuracy: 0.8800
Epoch 75/350
391/391 - 24s - loss: 0.3156 - accuracy: 0.9015 - val_loss: 0.4241 - val_accuracy: 0.8757
Epoch 76/350
391/391 - 24s - loss: 0.3145 - accuracy: 0.9012 - val_loss: 0.4357 - val_accuracy: 0.8774
Epoch 77/350
391/391 - 25s - loss: 0.3116 - accuracy: 0.9023 - val_loss: 0.4447 - val_accuracy: 0.8726
Epoch 78/350
391/391 - 25s - loss: 0.3102 - accuracy: 0.9021 - val_loss: 0.4555 - val_accuracy: 0.8696
Epoch 79/350
391/391 - 25s - loss: 0.3068 - accuracy: 0.9039 - val_loss: 0.4094 - val_accuracy: 0.8828
Epoch 80/350
391/391 - 24s - loss: 0.2996 - accuracy: 0.9062 - val_loss: 0.4230 - val_accuracy: 0.8762
Epoch 81/350
391/391 - 25s - loss: 0.3025 - accuracy: 0.9061 - val_loss: 0.4414 - val_accuracy: 0.8786
Epoch 82/350
391/391 - 25s - loss: 0.2981 - accuracy: 0.9070 - val_loss: 0.4076 - val_accuracy: 0.8882
Epoch 83/350
391/391 - 25s - loss: 0.2939 - accuracy: 0.9088 - val_loss: 0.4455 - val_accuracy: 0.8724
Epoch 84/350
391/391 - 25s - loss: 0.2951 - accuracy: 0.9068 - val_loss: 0.4014 - val_accuracy: 0.8845
Epoch 85/350
391/391 - 24s - loss: 0.2871 - accuracy: 0.9116 - val_loss: 0.4209 - val_accuracy: 0.8816
Epoch 86/350
391/391 - 24s - loss: 0.2878 - accuracy: 0.9106 - val_loss: 0.4432 - val_accuracy: 0.8803
Epoch 87/350
391/391 - 24s - loss: 0.2866 - accuracy: 0.9114 - val_loss: 0.4338 - val_accuracy: 0.8763
Epoch 88/350
391/391 - 25s - loss: 0.2845 - accuracy: 0.9127 - val_loss: 0.4273 - val_accuracy: 0.8840
Epoch 89/350
391/391 - 25s - loss: 0.2795 - accuracy: 0.9140 - val_loss: 0.4254 - val_accuracy: 0.8820
Epoch 90/350
391/391 - 24s - loss: 0.2802 - accuracy: 0.9144 - val_loss: 0.4272 - val_accuracy: 0.8874
Epoch 91/350
391/391 - 25s - loss: 0.2774 - accuracy: 0.9146 - val_loss: 0.4604 - val_accuracy: 0.8775
Epoch 92/350
391/391 - 25s - loss: 0.2787 - accuracy: 0.9145 - val_loss: 0.4615 - val_accuracy: 0.8751
Epoch 93/350
391/391 - 25s - loss: 0.2746 - accuracy: 0.9168 - val_loss: 0.4248 - val_accuracy: 0.8810
Epoch 94/350
391/391 - 25s - loss: 0.2679 - accuracy: 0.9190 - val_loss: 0.4309 - val_accuracy: 0.8758
Epoch 95/350
391/391 - 25s - loss: 0.2636 - accuracy: 0.9187 - val_loss: 0.4321 - val_accuracy: 0.8865
Epoch 96/350
391/391 - 25s - loss: 0.2630 - accuracy: 0.9213 - val_loss: 0.4588 - val_accuracy: 0.8751
Epoch 97/350
391/391 - 24s - loss: 0.2671 - accuracy: 0.9187 - val_loss: 0.4584 - val_accuracy: 0.8786
Epoch 98/350
391/391 - 25s - loss: 0.2629 - accuracy: 0.9200 - val_loss: 0.4432 - val_accuracy: 0.8808
Epoch 99/350
391/391 - 24s - loss: 0.2660 - accuracy: 0.9201 - val_loss: 0.4070 - val_accuracy: 0.8839
Epoch 100/350


Snapshot weight 1 shuffle 3 at epoch 100
Layer 11
Getting activations...


391/391 - 25s - loss: 0.2612 - accuracy: 0.9216 - val_loss: 0.4046 - val_accuracy: 0.8895
Epoch 101/350
391/391 - 25s - loss: 0.2560 - accuracy: 0.9226 - val_loss: 0.4534 - val_accuracy: 0.8752
Epoch 102/350
391/391 - 24s - loss: 0.2541 - accuracy: 0.9221 - val_loss: 0.4360 - val_accuracy: 0.8872
Epoch 103/350
391/391 - 24s - loss: 0.2579 - accuracy: 0.9230 - val_loss: 0.4184 - val_accuracy: 0.8882
Epoch 104/350
391/391 - 25s - loss: 0.2595 - accuracy: 0.9218 - val_loss: 0.4285 - val_accuracy: 0.8839
Epoch 105/350
391/391 - 25s - loss: 0.2514 - accuracy: 0.9246 - val_loss: 0.4348 - val_accuracy: 0.8873
Epoch 106/350
391/391 - 24s - loss: 0.2459 - accuracy: 0.9260 - val_loss: 0.4371 - val_accuracy: 0.8873
Epoch 107/350
391/391 - 24s - loss: 0.2427 - accuracy: 0.9279 - val_loss: 0.4508 - val_accuracy: 0.8783
Epoch 108/350
391/391 - 25s - loss: 0.2482 - accuracy: 0.9254 - val_loss: 0.4520 - val_accuracy: 0.8867
Epoch 109/350
391/391 - 25s - loss: 0.2438 - accuracy: 0.9268 - val_loss: 0.4615 - val_accuracy: 0.8810
Epoch 110/350
391/391 - 24s - loss: 0.2449 - accuracy: 0.9261 - val_loss: 0.4243 - val_accuracy: 0.8884
Epoch 111/350
391/391 - 25s - loss: 0.2453 - accuracy: 0.9264 - val_loss: 0.4293 - val_accuracy: 0.8888
Epoch 112/350
391/391 - 24s - loss: 0.2390 - accuracy: 0.9285 - val_loss: 0.4657 - val_accuracy: 0.8805
Epoch 113/350
391/391 - 25s - loss: 0.2347 - accuracy: 0.9315 - val_loss: 0.4811 - val_accuracy: 0.8790
Epoch 114/350
391/391 - 24s - loss: 0.2377 - accuracy: 0.9300 - val_loss: 0.4392 - val_accuracy: 0.8874
Epoch 115/350
391/391 - 24s - loss: 0.2396 - accuracy: 0.9287 - val_loss: 0.4164 - val_accuracy: 0.8927
Epoch 116/350
391/391 - 25s - loss: 0.2301 - accuracy: 0.9313 - val_loss: 0.4470 - val_accuracy: 0.8874
Epoch 117/350
391/391 - 24s - loss: 0.2379 - accuracy: 0.9295 - val_loss: 0.4517 - val_accuracy: 0.8856
Epoch 118/350
391/391 - 25s - loss: 0.2329 - accuracy: 0.9309 - val_loss: 0.4238 - val_accuracy: 0.8909
Epoch 119/350
391/391 - 24s - loss: 0.2275 - accuracy: 0.9343 - val_loss: 0.4364 - val_accuracy: 0.8916
Epoch 120/350
391/391 - 24s - loss: 0.2297 - accuracy: 0.9330 - val_loss: 0.4241 - val_accuracy: 0.8855
Epoch 121/350
391/391 - 25s - loss: 0.2311 - accuracy: 0.9312 - val_loss: 0.4896 - val_accuracy: 0.8822
Epoch 122/350
391/391 - 24s - loss: 0.2318 - accuracy: 0.9312 - val_loss: 0.4920 - val_accuracy: 0.8787
Epoch 123/350
391/391 - 25s - loss: 0.2212 - accuracy: 0.9357 - val_loss: 0.4108 - val_accuracy: 0.8894
Epoch 124/350
391/391 - 25s - loss: 0.2263 - accuracy: 0.9344 - val_loss: 0.4180 - val_accuracy: 0.8928
Epoch 125/350
391/391 - 25s - loss: 0.2209 - accuracy: 0.9353 - val_loss: 0.4844 - val_accuracy: 0.8785
Epoch 126/350
391/391 - 24s - loss: 0.2199 - accuracy: 0.9367 - val_loss: 0.4423 - val_accuracy: 0.8906
Epoch 127/350
391/391 - 25s - loss: 0.2236 - accuracy: 0.9346 - val_loss: 0.4244 - val_accuracy: 0.8911
Epoch 128/350
391/391 - 24s - loss: 0.2222 - accuracy: 0.9346 - val_loss: 0.4694 - val_accuracy: 0.8865
Epoch 129/350
391/391 - 24s - loss: 0.2225 - accuracy: 0.9348 - val_loss: 0.4206 - val_accuracy: 0.8879
Epoch 130/350
391/391 - 25s - loss: 0.2178 - accuracy: 0.9376 - val_loss: 0.4177 - val_accuracy: 0.8942
Epoch 131/350
391/391 - 24s - loss: 0.2176 - accuracy: 0.9369 - val_loss: 0.4452 - val_accuracy: 0.8883
Epoch 132/350
391/391 - 24s - loss: 0.2180 - accuracy: 0.9365 - val_loss: 0.4458 - val_accuracy: 0.8905
Epoch 133/350
391/391 - 25s - loss: 0.2136 - accuracy: 0.9379 - val_loss: 0.4256 - val_accuracy: 0.8923
Epoch 134/350
391/391 - 24s - loss: 0.2070 - accuracy: 0.9410 - val_loss: 0.4737 - val_accuracy: 0.8849
Epoch 135/350
391/391 - 25s - loss: 0.2105 - accuracy: 0.9392 - val_loss: 0.4449 - val_accuracy: 0.8896
Epoch 136/350
391/391 - 25s - loss: 0.2097 - accuracy: 0.9381 - val_loss: 0.4279 - val_accuracy: 0.8940
Epoch 137/350
391/391 - 25s - loss: 0.2090 - accuracy: 0.9411 - val_loss: 0.4551 - val_accuracy: 0.8896
Epoch 138/350
391/391 - 25s - loss: 0.2111 - accuracy: 0.9402 - val_loss: 0.4315 - val_accuracy: 0.8932
Epoch 139/350
391/391 - 24s - loss: 0.2086 - accuracy: 0.9411 - val_loss: 0.4260 - val_accuracy: 0.8917
Epoch 140/350
391/391 - 25s - loss: 0.2091 - accuracy: 0.9406 - val_loss: 0.4473 - val_accuracy: 0.8897
Epoch 141/350
391/391 - 25s - loss: 0.2047 - accuracy: 0.9414 - val_loss: 0.4310 - val_accuracy: 0.8919
Epoch 142/350
391/391 - 25s - loss: 0.1998 - accuracy: 0.9431 - val_loss: 0.4392 - val_accuracy: 0.8906
Epoch 143/350
391/391 - 24s - loss: 0.2080 - accuracy: 0.9401 - val_loss: 0.4266 - val_accuracy: 0.8927
Epoch 144/350
391/391 - 24s - loss: 0.2040 - accuracy: 0.9413 - val_loss: 0.4404 - val_accuracy: 0.8906
Epoch 145/350
391/391 - 24s - loss: 0.2032 - accuracy: 0.9425 - val_loss: 0.4133 - val_accuracy: 0.8980
Epoch 146/350
391/391 - 25s - loss: 0.2005 - accuracy: 0.9437 - val_loss: 0.4281 - val_accuracy: 0.8956
Epoch 147/350
391/391 - 25s - loss: 0.2007 - accuracy: 0.9435 - val_loss: 0.4528 - val_accuracy: 0.8900
Epoch 148/350
391/391 - 24s - loss: 0.1968 - accuracy: 0.9445 - val_loss: 0.4620 - val_accuracy: 0.8917
Epoch 149/350
391/391 - 25s - loss: 0.1931 - accuracy: 0.9468 - val_loss: 0.4274 - val_accuracy: 0.8953
Epoch 150/350


Snapshot weight 1 shuffle 3 at epoch 150
Layer 11
Getting activations...


391/391 - 25s - loss: 0.1962 - accuracy: 0.9465 - val_loss: 0.4442 - val_accuracy: 0.8914
Epoch 151/350
391/391 - 25s - loss: 0.2046 - accuracy: 0.9419 - val_loss: 0.4716 - val_accuracy: 0.8864
Epoch 152/350
391/391 - 24s - loss: 0.1908 - accuracy: 0.9481 - val_loss: 0.4417 - val_accuracy: 0.8942
Epoch 153/350
391/391 - 24s - loss: 0.1993 - accuracy: 0.9455 - val_loss: 0.4267 - val_accuracy: 0.8949
Epoch 154/350
391/391 - 25s - loss: 0.1907 - accuracy: 0.9481 - val_loss: 0.4624 - val_accuracy: 0.8928
Epoch 155/350
391/391 - 25s - loss: 0.1915 - accuracy: 0.9476 - val_loss: 0.4604 - val_accuracy: 0.8874
Epoch 156/350
391/391 - 24s - loss: 0.1942 - accuracy: 0.9462 - val_loss: 0.4488 - val_accuracy: 0.8852
Epoch 157/350
391/391 - 25s - loss: 0.1873 - accuracy: 0.9488 - val_loss: 0.4695 - val_accuracy: 0.8895
Epoch 158/350
391/391 - 24s - loss: 0.1923 - accuracy: 0.9470 - val_loss: 0.4415 - val_accuracy: 0.8905
Epoch 159/350
391/391 - 25s - loss: 0.1917 - accuracy: 0.9481 - val_loss: 0.4371 - val_accuracy: 0.8941
Epoch 160/350
391/391 - 24s - loss: 0.1933 - accuracy: 0.9467 - val_loss: 0.4306 - val_accuracy: 0.8964
Epoch 161/350
391/391 - 25s - loss: 0.1842 - accuracy: 0.9502 - val_loss: 0.4446 - val_accuracy: 0.8931
Epoch 162/350
391/391 - 25s - loss: 0.1909 - accuracy: 0.9481 - val_loss: 0.4643 - val_accuracy: 0.8866
Epoch 163/350
391/391 - 25s - loss: 0.1895 - accuracy: 0.9479 - val_loss: 0.4575 - val_accuracy: 0.8892
Epoch 164/350
391/391 - 24s - loss: 0.1828 - accuracy: 0.9504 - val_loss: 0.4618 - val_accuracy: 0.8956
Epoch 165/350
391/391 - 24s - loss: 0.1863 - accuracy: 0.9478 - val_loss: 0.4412 - val_accuracy: 0.8943
Epoch 166/350
391/391 - 24s - loss: 0.1833 - accuracy: 0.9505 - val_loss: 0.4500 - val_accuracy: 0.8884
Epoch 167/350
391/391 - 25s - loss: 0.1818 - accuracy: 0.9503 - val_loss: 0.4537 - val_accuracy: 0.8957
Epoch 168/350
391/391 - 24s - loss: 0.1869 - accuracy: 0.9484 - val_loss: 0.4788 - val_accuracy: 0.8938
Epoch 169/350
391/391 - 24s - loss: 0.1812 - accuracy: 0.9509 - val_loss: 0.4983 - val_accuracy: 0.8854
Epoch 170/350
391/391 - 24s - loss: 0.1819 - accuracy: 0.9519 - val_loss: 0.5001 - val_accuracy: 0.8863
Epoch 171/350
391/391 - 25s - loss: 0.1828 - accuracy: 0.9502 - val_loss: 0.4632 - val_accuracy: 0.8939
Epoch 172/350
391/391 - 24s - loss: 0.1789 - accuracy: 0.9521 - val_loss: 0.4647 - val_accuracy: 0.8907
Epoch 173/350
391/391 - 25s - loss: 0.1812 - accuracy: 0.9505 - val_loss: 0.4690 - val_accuracy: 0.8899
Epoch 174/350
391/391 - 24s - loss: 0.1795 - accuracy: 0.9515 - val_loss: 0.4920 - val_accuracy: 0.8891
Epoch 175/350
391/391 - 24s - loss: 0.1791 - accuracy: 0.9522 - val_loss: 0.4993 - val_accuracy: 0.8881
Epoch 176/350
391/391 - 24s - loss: 0.1798 - accuracy: 0.9517 - val_loss: 0.4730 - val_accuracy: 0.8894
Epoch 177/350
391/391 - 24s - loss: 0.1804 - accuracy: 0.9513 - val_loss: 0.5466 - val_accuracy: 0.8815
Epoch 178/350
391/391 - 24s - loss: 0.1761 - accuracy: 0.9545 - val_loss: 0.4435 - val_accuracy: 0.8952
Epoch 179/350
391/391 - 25s - loss: 0.1765 - accuracy: 0.9531 - val_loss: 0.4477 - val_accuracy: 0.8999
Epoch 180/350
391/391 - 24s - loss: 0.1746 - accuracy: 0.9548 - val_loss: 0.4450 - val_accuracy: 0.8963
Epoch 181/350
391/391 - 25s - loss: 0.1735 - accuracy: 0.9555 - val_loss: 0.4623 - val_accuracy: 0.8955
Epoch 182/350
391/391 - 24s - loss: 0.1746 - accuracy: 0.9539 - val_loss: 0.4666 - val_accuracy: 0.8950
Epoch 183/350
391/391 - 25s - loss: 0.1741 - accuracy: 0.9536 - val_loss: 0.4505 - val_accuracy: 0.8943
Epoch 184/350
391/391 - 25s - loss: 0.1780 - accuracy: 0.9530 - val_loss: 0.4181 - val_accuracy: 0.8984
Epoch 185/350
391/391 - 24s - loss: 0.1757 - accuracy: 0.9542 - val_loss: 0.4091 - val_accuracy: 0.9005
Epoch 186/350
391/391 - 24s - loss: 0.1688 - accuracy: 0.9563 - val_loss: 0.4571 - val_accuracy: 0.8929
Epoch 187/350
391/391 - 24s - loss: 0.1736 - accuracy: 0.9534 - val_loss: 0.4737 - val_accuracy: 0.8978
Epoch 188/350
391/391 - 24s - loss: 0.1704 - accuracy: 0.9552 - val_loss: 0.4704 - val_accuracy: 0.8971
Epoch 189/350
391/391 - 25s - loss: 0.1729 - accuracy: 0.9555 - val_loss: 0.4406 - val_accuracy: 0.9018
Epoch 190/350
391/391 - 24s - loss: 0.1645 - accuracy: 0.9580 - val_loss: 0.4913 - val_accuracy: 0.8960
Epoch 191/350
391/391 - 24s - loss: 0.1651 - accuracy: 0.9578 - val_loss: 0.4991 - val_accuracy: 0.8944
Epoch 192/350
391/391 - 24s - loss: 0.1678 - accuracy: 0.9568 - val_loss: 0.4584 - val_accuracy: 0.8984
Epoch 193/350
391/391 - 24s - loss: 0.1690 - accuracy: 0.9566 - val_loss: 0.4725 - val_accuracy: 0.9013
Epoch 194/350
391/391 - 25s - loss: 0.1643 - accuracy: 0.9573 - val_loss: 0.5186 - val_accuracy: 0.8896
Epoch 195/350
391/391 - 25s - loss: 0.1658 - accuracy: 0.9581 - val_loss: 0.4988 - val_accuracy: 0.8917
Epoch 196/350
391/391 - 25s - loss: 0.1721 - accuracy: 0.9552 - val_loss: 0.4612 - val_accuracy: 0.8953
Epoch 197/350
391/391 - 24s - loss: 0.1633 - accuracy: 0.9578 - val_loss: 0.4592 - val_accuracy: 0.9006
Epoch 198/350
391/391 - 25s - loss: 0.1665 - accuracy: 0.9569 - val_loss: 0.4882 - val_accuracy: 0.8932
Epoch 199/350
391/391 - 25s - loss: 0.1657 - accuracy: 0.9584 - val_loss: 0.4564 - val_accuracy: 0.8981
Epoch 200/350


Snapshot weight 1 shuffle 3 at epoch 200
Layer 11
Getting activations...


391/391 - 25s - loss: 0.1650 - accuracy: 0.9581 - val_loss: 0.4599 - val_accuracy: 0.8968
Epoch 201/350
391/391 - 24s - loss: 0.1356 - accuracy: 0.9677 - val_loss: 0.4450 - val_accuracy: 0.9060
Epoch 202/350
391/391 - 24s - loss: 0.1233 - accuracy: 0.9727 - val_loss: 0.4556 - val_accuracy: 0.9056
Epoch 203/350
391/391 - 24s - loss: 0.1254 - accuracy: 0.9721 - val_loss: 0.4572 - val_accuracy: 0.9051
Epoch 204/350
391/391 - 25s - loss: 0.1221 - accuracy: 0.9730 - val_loss: 0.4529 - val_accuracy: 0.9074
Epoch 205/350
391/391 - 24s - loss: 0.1219 - accuracy: 0.9735 - val_loss: 0.4627 - val_accuracy: 0.9071
Epoch 206/350
391/391 - 24s - loss: 0.1209 - accuracy: 0.9740 - val_loss: 0.4624 - val_accuracy: 0.9064
Epoch 207/350
391/391 - 25s - loss: 0.1170 - accuracy: 0.9754 - val_loss: 0.4630 - val_accuracy: 0.9048
Epoch 208/350
391/391 - 25s - loss: 0.1174 - accuracy: 0.9756 - val_loss: 0.4730 - val_accuracy: 0.9043
Epoch 209/350
391/391 - 24s - loss: 0.1151 - accuracy: 0.9752 - val_loss: 0.4655 - val_accuracy: 0.9064
Epoch 210/350
391/391 - 24s - loss: 0.1180 - accuracy: 0.9745 - val_loss: 0.4703 - val_accuracy: 0.9057
Epoch 211/350
391/391 - 25s - loss: 0.1151 - accuracy: 0.9757 - val_loss: 0.4659 - val_accuracy: 0.9071
Epoch 212/350
391/391 - 24s - loss: 0.1141 - accuracy: 0.9763 - val_loss: 0.4748 - val_accuracy: 0.9066
Epoch 213/350
391/391 - 25s - loss: 0.1135 - accuracy: 0.9756 - val_loss: 0.4747 - val_accuracy: 0.9053
Epoch 214/350
391/391 - 24s - loss: 0.1121 - accuracy: 0.9772 - val_loss: 0.4758 - val_accuracy: 0.9066
Epoch 215/350
391/391 - 25s - loss: 0.1156 - accuracy: 0.9751 - val_loss: 0.4783 - val_accuracy: 0.9065
Epoch 216/350
391/391 - 25s - loss: 0.1131 - accuracy: 0.9767 - val_loss: 0.4762 - val_accuracy: 0.9072
Epoch 217/350
391/391 - 24s - loss: 0.1112 - accuracy: 0.9766 - val_loss: 0.4703 - val_accuracy: 0.9058
Epoch 218/350
391/391 - 25s - loss: 0.1112 - accuracy: 0.9768 - val_loss: 0.4712 - val_accuracy: 0.9061
Epoch 219/350
391/391 - 25s - loss: 0.1121 - accuracy: 0.9769 - val_loss: 0.4719 - val_accuracy: 0.9075
Epoch 220/350
391/391 - 25s - loss: 0.1100 - accuracy: 0.9778 - val_loss: 0.4786 - val_accuracy: 0.9065
Epoch 221/350
391/391 - 24s - loss: 0.1121 - accuracy: 0.9761 - val_loss: 0.4758 - val_accuracy: 0.9053
Epoch 222/350
391/391 - 24s - loss: 0.1109 - accuracy: 0.9760 - val_loss: 0.4749 - val_accuracy: 0.9072
Epoch 223/350
391/391 - 25s - loss: 0.1092 - accuracy: 0.9770 - val_loss: 0.4726 - val_accuracy: 0.9071
Epoch 224/350
391/391 - 24s - loss: 0.1096 - accuracy: 0.9775 - val_loss: 0.4821 - val_accuracy: 0.9057
Epoch 225/350
391/391 - 24s - loss: 0.1099 - accuracy: 0.9777 - val_loss: 0.4766 - val_accuracy: 0.9062
Epoch 226/350
391/391 - 24s - loss: 0.1093 - accuracy: 0.9774 - val_loss: 0.4793 - val_accuracy: 0.9070
Epoch 227/350
391/391 - 24s - loss: 0.1095 - accuracy: 0.9779 - val_loss: 0.4792 - val_accuracy: 0.9062
Epoch 228/350
391/391 - 24s - loss: 0.1080 - accuracy: 0.9785 - val_loss: 0.4863 - val_accuracy: 0.9066
Epoch 229/350
391/391 - 25s - loss: 0.1119 - accuracy: 0.9771 - val_loss: 0.4829 - val_accuracy: 0.9065
Epoch 230/350
391/391 - 25s - loss: 0.1077 - accuracy: 0.9775 - val_loss: 0.4879 - val_accuracy: 0.9077
Epoch 231/350
391/391 - 25s - loss: 0.1084 - accuracy: 0.9781 - val_loss: 0.4883 - val_accuracy: 0.9070
Epoch 232/350
391/391 - 24s - loss: 0.1065 - accuracy: 0.9786 - val_loss: 0.4867 - val_accuracy: 0.9056
Epoch 233/350
391/391 - 25s - loss: 0.1065 - accuracy: 0.9789 - val_loss: 0.4861 - val_accuracy: 0.9067
Epoch 234/350
391/391 - 24s - loss: 0.1079 - accuracy: 0.9769 - val_loss: 0.4866 - val_accuracy: 0.9071
Epoch 235/350
391/391 - 24s - loss: 0.1076 - accuracy: 0.9784 - val_loss: 0.4883 - val_accuracy: 0.9071
Epoch 236/350
391/391 - 24s - loss: 0.1067 - accuracy: 0.9779 - val_loss: 0.4878 - val_accuracy: 0.9067
Epoch 237/350
391/391 - 25s - loss: 0.1088 - accuracy: 0.9778 - val_loss: 0.4958 - val_accuracy: 0.9062
Epoch 238/350
391/391 - 25s - loss: 0.1099 - accuracy: 0.9786 - val_loss: 0.4826 - val_accuracy: 0.9063
Epoch 239/350
391/391 - 24s - loss: 0.1034 - accuracy: 0.9793 - val_loss: 0.4902 - val_accuracy: 0.9076
Epoch 240/350
391/391 - 25s - loss: 0.1068 - accuracy: 0.9788 - val_loss: 0.4936 - val_accuracy: 0.9069
Epoch 241/350
391/391 - 25s - loss: 0.1076 - accuracy: 0.9780 - val_loss: 0.4958 - val_accuracy: 0.9066
Epoch 242/350
391/391 - 25s - loss: 0.1042 - accuracy: 0.9789 - val_loss: 0.4908 - val_accuracy: 0.9090
Epoch 243/350
391/391 - 25s - loss: 0.1050 - accuracy: 0.9793 - val_loss: 0.4990 - val_accuracy: 0.9092
Epoch 244/350
391/391 - 24s - loss: 0.1063 - accuracy: 0.9787 - val_loss: 0.4962 - val_accuracy: 0.9079
Epoch 245/350
391/391 - 24s - loss: 0.1070 - accuracy: 0.9783 - val_loss: 0.4890 - val_accuracy: 0.9074
Epoch 246/350
391/391 - 25s - loss: 0.1050 - accuracy: 0.9794 - val_loss: 0.4918 - val_accuracy: 0.9076
Epoch 247/350
391/391 - 24s - loss: 0.1049 - accuracy: 0.9801 - val_loss: 0.4918 - val_accuracy: 0.9082
Epoch 248/350
391/391 - 24s - loss: 0.1037 - accuracy: 0.9797 - val_loss: 0.4988 - val_accuracy: 0.9065
Epoch 249/350
391/391 - 25s - loss: 0.1048 - accuracy: 0.9789 - val_loss: 0.4934 - val_accuracy: 0.9060
Epoch 250/350


Snapshot weight 1 shuffle 3 at epoch 250
Layer 11
Getting activations...


391/391 - 25s - loss: 0.1036 - accuracy: 0.9800 - val_loss: 0.4964 - val_accuracy: 0.9068
Epoch 251/350
391/391 - 24s - loss: 0.1028 - accuracy: 0.9800 - val_loss: 0.4957 - val_accuracy: 0.9079
Epoch 252/350
391/391 - 25s - loss: 0.1018 - accuracy: 0.9807 - val_loss: 0.4953 - val_accuracy: 0.9081
Epoch 253/350
391/391 - 24s - loss: 0.1008 - accuracy: 0.9805 - val_loss: 0.4960 - val_accuracy: 0.9079
Epoch 254/350
391/391 - 25s - loss: 0.1011 - accuracy: 0.9801 - val_loss: 0.4971 - val_accuracy: 0.9075
Epoch 255/350
391/391 - 25s - loss: 0.0999 - accuracy: 0.9804 - val_loss: 0.4973 - val_accuracy: 0.9075
Epoch 256/350
391/391 - 24s - loss: 0.1003 - accuracy: 0.9812 - val_loss: 0.4976 - val_accuracy: 0.9075
Epoch 257/350
391/391 - 24s - loss: 0.1012 - accuracy: 0.9806 - val_loss: 0.4987 - val_accuracy: 0.9084
Epoch 258/350
391/391 - 24s - loss: 0.1014 - accuracy: 0.9807 - val_loss: 0.4989 - val_accuracy: 0.9075
Epoch 259/350
391/391 - 24s - loss: 0.1010 - accuracy: 0.9808 - val_loss: 0.4966 - val_accuracy: 0.9072
Epoch 260/350
391/391 - 25s - loss: 0.0988 - accuracy: 0.9818 - val_loss: 0.4998 - val_accuracy: 0.9081
Epoch 261/350
391/391 - 25s - loss: 0.0989 - accuracy: 0.9809 - val_loss: 0.4969 - val_accuracy: 0.9080
Epoch 262/350
391/391 - 24s - loss: 0.1006 - accuracy: 0.9807 - val_loss: 0.4981 - val_accuracy: 0.9080
Epoch 263/350
391/391 - 24s - loss: 0.1028 - accuracy: 0.9795 - val_loss: 0.4963 - val_accuracy: 0.9083
Epoch 264/350
391/391 - 24s - loss: 0.1008 - accuracy: 0.9807 - val_loss: 0.4982 - val_accuracy: 0.9077
Epoch 265/350
391/391 - 24s - loss: 0.1034 - accuracy: 0.9796 - val_loss: 0.4958 - val_accuracy: 0.9078
Epoch 266/350
391/391 - 25s - loss: 0.1019 - accuracy: 0.9805 - val_loss: 0.4961 - val_accuracy: 0.9074
Epoch 267/350
391/391 - 25s - loss: 0.1013 - accuracy: 0.9810 - val_loss: 0.4958 - val_accuracy: 0.9082
Epoch 268/350
391/391 - 24s - loss: 0.1006 - accuracy: 0.9807 - val_loss: 0.4937 - val_accuracy: 0.9077
Epoch 269/350
391/391 - 24s - loss: 0.1014 - accuracy: 0.9808 - val_loss: 0.4956 - val_accuracy: 0.9082
Epoch 270/350
391/391 - 24s - loss: 0.1006 - accuracy: 0.9804 - val_loss: 0.4953 - val_accuracy: 0.9075
Epoch 271/350
391/391 - 25s - loss: 0.1005 - accuracy: 0.9811 - val_loss: 0.4964 - val_accuracy: 0.9072
Epoch 272/350
391/391 - 24s - loss: 0.1003 - accuracy: 0.9806 - val_loss: 0.4961 - val_accuracy: 0.9082
Epoch 273/350
391/391 - 24s - loss: 0.1007 - accuracy: 0.9804 - val_loss: 0.5002 - val_accuracy: 0.9070
Epoch 274/350
391/391 - 25s - loss: 0.1000 - accuracy: 0.9809 - val_loss: 0.5005 - val_accuracy: 0.9068
Epoch 275/350
391/391 - 24s - loss: 0.1013 - accuracy: 0.9809 - val_loss: 0.4994 - val_accuracy: 0.9078
Epoch 276/350
391/391 - 24s - loss: 0.1019 - accuracy: 0.9802 - val_loss: 0.4981 - val_accuracy: 0.9079
Epoch 277/350
391/391 - 25s - loss: 0.1021 - accuracy: 0.9793 - val_loss: 0.4980 - val_accuracy: 0.9078
Epoch 278/350
391/391 - 24s - loss: 0.1003 - accuracy: 0.9811 - val_loss: 0.4973 - val_accuracy: 0.9080
Epoch 279/350
391/391 - 25s - loss: 0.0998 - accuracy: 0.9810 - val_loss: 0.4979 - val_accuracy: 0.9080
Epoch 280/350
391/391 - 24s - loss: 0.0994 - accuracy: 0.9812 - val_loss: 0.4977 - val_accuracy: 0.9076
Epoch 281/350
391/391 - 24s - loss: 0.0992 - accuracy: 0.9814 - val_loss: 0.4988 - val_accuracy: 0.9093
Epoch 282/350
391/391 - 25s - loss: 0.1028 - accuracy: 0.9802 - val_loss: 0.4975 - val_accuracy: 0.9091
Epoch 283/350
391/391 - 25s - loss: 0.0978 - accuracy: 0.9817 - val_loss: 0.4994 - val_accuracy: 0.9083
Epoch 284/350
391/391 - 25s - loss: 0.0988 - accuracy: 0.9810 - val_loss: 0.4981 - val_accuracy: 0.9086
Epoch 285/350
391/391 - 25s - loss: 0.1005 - accuracy: 0.9806 - val_loss: 0.4978 - val_accuracy: 0.9090
Epoch 286/350
391/391 - 24s - loss: 0.0966 - accuracy: 0.9818 - val_loss: 0.4995 - val_accuracy: 0.9082
Epoch 287/350
391/391 - 25s - loss: 0.1006 - accuracy: 0.9808 - val_loss: 0.4985 - val_accuracy: 0.9084
Epoch 288/350
391/391 - 25s - loss: 0.0961 - accuracy: 0.9823 - val_loss: 0.4994 - val_accuracy: 0.9089
Epoch 289/350
391/391 - 25s - loss: 0.0997 - accuracy: 0.9814 - val_loss: 0.4976 - val_accuracy: 0.9084
Epoch 290/350
391/391 - 25s - loss: 0.1014 - accuracy: 0.9807 - val_loss: 0.4998 - val_accuracy: 0.9085
Epoch 291/350
391/391 - 25s - loss: 0.0995 - accuracy: 0.9814 - val_loss: 0.5004 - val_accuracy: 0.9084
Epoch 292/350
391/391 - 24s - loss: 0.0992 - accuracy: 0.9808 - val_loss: 0.5005 - val_accuracy: 0.9084
Epoch 293/350
391/391 - 25s - loss: 0.0998 - accuracy: 0.9814 - val_loss: 0.4998 - val_accuracy: 0.9083
Epoch 294/350
391/391 - 24s - loss: 0.0970 - accuracy: 0.9821 - val_loss: 0.4980 - val_accuracy: 0.9083
Epoch 295/350
391/391 - 25s - loss: 0.1013 - accuracy: 0.9800 - val_loss: 0.4969 - val_accuracy: 0.9097
Epoch 296/350
391/391 - 25s - loss: 0.1008 - accuracy: 0.9805 - val_loss: 0.4973 - val_accuracy: 0.9087
Epoch 297/350
391/391 - 24s - loss: 0.1008 - accuracy: 0.9808 - val_loss: 0.4979 - val_accuracy: 0.9078
Epoch 298/350
391/391 - 24s - loss: 0.0983 - accuracy: 0.9820 - val_loss: 0.4971 - val_accuracy: 0.9083
Epoch 299/350
391/391 - 24s - loss: 0.0976 - accuracy: 0.9817 - val_loss: 0.5008 - val_accuracy: 0.9087
Epoch 300/350


Snapshot weight 1 shuffle 3 at epoch 300
Layer 11
Getting activations...


391/391 - 25s - loss: 0.0989 - accuracy: 0.9817 - val_loss: 0.5001 - val_accuracy: 0.9088
Epoch 301/350
391/391 - 25s - loss: 0.0987 - accuracy: 0.9815 - val_loss: 0.5007 - val_accuracy: 0.9085
Epoch 302/350
391/391 - 24s - loss: 0.0993 - accuracy: 0.9818 - val_loss: 0.5005 - val_accuracy: 0.9085
Epoch 303/350
391/391 - 25s - loss: 0.1004 - accuracy: 0.9808 - val_loss: 0.5000 - val_accuracy: 0.9088
Epoch 304/350
391/391 - 25s - loss: 0.0998 - accuracy: 0.9808 - val_loss: 0.5002 - val_accuracy: 0.9084
Epoch 305/350
391/391 - 25s - loss: 0.0972 - accuracy: 0.9817 - val_loss: 0.5003 - val_accuracy: 0.9083
Epoch 306/350
391/391 - 24s - loss: 0.0980 - accuracy: 0.9816 - val_loss: 0.5002 - val_accuracy: 0.9085
Epoch 307/350
391/391 - 25s - loss: 0.1005 - accuracy: 0.9807 - val_loss: 0.5004 - val_accuracy: 0.9081
Epoch 308/350
391/391 - 24s - loss: 0.0978 - accuracy: 0.9816 - val_loss: 0.5004 - val_accuracy: 0.9082
Epoch 309/350
391/391 - 25s - loss: 0.1012 - accuracy: 0.9800 - val_loss: 0.5006 - val_accuracy: 0.9081
Epoch 310/350
391/391 - 24s - loss: 0.1013 - accuracy: 0.9805 - val_loss: 0.5003 - val_accuracy: 0.9083
Epoch 311/350
391/391 - 24s - loss: 0.0977 - accuracy: 0.9817 - val_loss: 0.5006 - val_accuracy: 0.9083
Epoch 312/350
391/391 - 25s - loss: 0.0986 - accuracy: 0.9817 - val_loss: 0.5001 - val_accuracy: 0.9083
Epoch 313/350
391/391 - 25s - loss: 0.0977 - accuracy: 0.9812 - val_loss: 0.4999 - val_accuracy: 0.9083
Epoch 314/350
391/391 - 24s - loss: 0.0995 - accuracy: 0.9808 - val_loss: 0.4998 - val_accuracy: 0.9085
Epoch 315/350
391/391 - 24s - loss: 0.0992 - accuracy: 0.9812 - val_loss: 0.5002 - val_accuracy: 0.9084
Epoch 316/350
391/391 - 25s - loss: 0.0994 - accuracy: 0.9807 - val_loss: 0.4998 - val_accuracy: 0.9082
Epoch 317/350
391/391 - 24s - loss: 0.0997 - accuracy: 0.9812 - val_loss: 0.4996 - val_accuracy: 0.9081
Epoch 318/350
391/391 - 25s - loss: 0.1007 - accuracy: 0.9800 - val_loss: 0.4997 - val_accuracy: 0.9083
Epoch 319/350
391/391 - 24s - loss: 0.0964 - accuracy: 0.9820 - val_loss: 0.4999 - val_accuracy: 0.9083
Epoch 320/350
391/391 - 24s - loss: 0.0982 - accuracy: 0.9816 - val_loss: 0.5000 - val_accuracy: 0.9083
Epoch 321/350
391/391 - 24s - loss: 0.0993 - accuracy: 0.9806 - val_loss: 0.5001 - val_accuracy: 0.9085
Epoch 322/350
391/391 - 25s - loss: 0.0986 - accuracy: 0.9811 - val_loss: 0.5000 - val_accuracy: 0.9086
Epoch 323/350
391/391 - 24s - loss: 0.1004 - accuracy: 0.9809 - val_loss: 0.5001 - val_accuracy: 0.9085
Epoch 324/350
391/391 - 25s - loss: 0.0983 - accuracy: 0.9818 - val_loss: 0.4999 - val_accuracy: 0.9083
Epoch 325/350
391/391 - 25s - loss: 0.0967 - accuracy: 0.9823 - val_loss: 0.5000 - val_accuracy: 0.9083
Epoch 326/350
391/391 - 24s - loss: 0.0996 - accuracy: 0.9805 - val_loss: 0.4997 - val_accuracy: 0.9084
Epoch 327/350
391/391 - 25s - loss: 0.1002 - accuracy: 0.9811 - val_loss: 0.4994 - val_accuracy: 0.9082
Epoch 328/350
391/391 - 24s - loss: 0.1026 - accuracy: 0.9806 - val_loss: 0.4990 - val_accuracy: 0.9084
Epoch 329/350
391/391 - 24s - loss: 0.0987 - accuracy: 0.9811 - val_loss: 0.4994 - val_accuracy: 0.9083
Epoch 330/350
391/391 - 25s - loss: 0.0999 - accuracy: 0.9813 - val_loss: 0.4997 - val_accuracy: 0.9083
Epoch 331/350
391/391 - 24s - loss: 0.0968 - accuracy: 0.9824 - val_loss: 0.5003 - val_accuracy: 0.9084
Epoch 332/350
391/391 - 25s - loss: 0.0961 - accuracy: 0.9825 - val_loss: 0.5002 - val_accuracy: 0.9082
Epoch 333/350
391/391 - 25s - loss: 0.0993 - accuracy: 0.9804 - val_loss: 0.5003 - val_accuracy: 0.9078
Epoch 334/350
391/391 - 25s - loss: 0.0996 - accuracy: 0.9808 - val_loss: 0.5003 - val_accuracy: 0.9079
Epoch 335/350
391/391 - 25s - loss: 0.0991 - accuracy: 0.9812 - val_loss: 0.5003 - val_accuracy: 0.9082
Epoch 336/350
391/391 - 25s - loss: 0.0983 - accuracy: 0.9811 - val_loss: 0.5002 - val_accuracy: 0.9082
Epoch 337/350
391/391 - 25s - loss: 0.0997 - accuracy: 0.9810 - val_loss: 0.5000 - val_accuracy: 0.9083
Epoch 338/350
391/391 - 25s - loss: 0.1015 - accuracy: 0.9803 - val_loss: 0.4999 - val_accuracy: 0.9084
Epoch 339/350
391/391 - 25s - loss: 0.0981 - accuracy: 0.9813 - val_loss: 0.4999 - val_accuracy: 0.9085
Epoch 340/350
391/391 - 25s - loss: 0.1008 - accuracy: 0.9800 - val_loss: 0.4999 - val_accuracy: 0.9084
Epoch 341/350
391/391 - 25s - loss: 0.1005 - accuracy: 0.9805 - val_loss: 0.4999 - val_accuracy: 0.9081
Epoch 342/350
391/391 - 25s - loss: 0.0999 - accuracy: 0.9809 - val_loss: 0.4999 - val_accuracy: 0.9081
Epoch 343/350
391/391 - 24s - loss: 0.0983 - accuracy: 0.9812 - val_loss: 0.5002 - val_accuracy: 0.9083
Epoch 344/350
391/391 - 24s - loss: 0.1001 - accuracy: 0.9811 - val_loss: 0.5000 - val_accuracy: 0.9081
Epoch 345/350
391/391 - 24s - loss: 0.1007 - accuracy: 0.9806 - val_loss: 0.5002 - val_accuracy: 0.9080
Epoch 346/350
391/391 - 25s - loss: 0.0993 - accuracy: 0.9804 - val_loss: 0.5000 - val_accuracy: 0.9079
Epoch 347/350
391/391 - 25s - loss: 0.1008 - accuracy: 0.9808 - val_loss: 0.5000 - val_accuracy: 0.9082
Epoch 348/350
391/391 - 24s - loss: 0.0978 - accuracy: 0.9815 - val_loss: 0.5002 - val_accuracy: 0.9081
Epoch 349/350
391/391 - 25s - loss: 0.0995 - accuracy: 0.9811 - val_loss: 0.5000 - val_accuracy: 0.9082
Epoch 350/350


Snapshot weight 1 shuffle 3 at epoch 350
Layer 11
Getting activations...


391/391 - 25s - loss: 0.1004 - accuracy: 0.9804 - val_loss: 0.5000 - val_accuracy: 0.9081
WARNING:tensorflow:From /usr/local/lib/python3.6/dist-packages/tensorflow/python/training/tracking/tracking.py:111: Model.state_updates (from tensorflow.python.keras.engine.training) is deprecated and will be removed in a future version.
Instructions for updating:
This property should not be used in TensorFlow 2.0, as updates are applied automatically.
2021-07-02 02:19:03.605417: W tensorflow/python/util/util.cc:348] Sets are not currently considered sequences, but this may change in the future, so consider avoiding using them.
WARNING:tensorflow:From /usr/local/lib/python3.6/dist-packages/tensorflow/python/training/tracking/tracking.py:111: Layer.updates (from tensorflow.python.keras.engine.base_layer) is deprecated and will be removed in a future version.
Instructions for updating:
This property should not be used in TensorFlow 2.0, as updates are applied automatically.
Saving, final validation acc: 0.9081000089645386
