2021-07-02 11:57:48.079818: I tensorflow/stream_executor/platform/default/dso_loader.cc:48] Successfully opened dynamic library libcudart.so.10.1
2021-07-02 11:59:16.238107: I tensorflow/stream_executor/platform/default/dso_loader.cc:48] Successfully opened dynamic library libcuda.so.1
2021-07-02 11:59:16.270919: I tensorflow/core/common_runtime/gpu/gpu_device.cc:1716] Found device 0 with properties: 
pciBusID: 0000:02:00.0 name: NVIDIA TITAN Xp computeCapability: 6.1
coreClock: 1.582GHz coreCount: 30 deviceMemorySize: 11.91GiB deviceMemoryBandwidth: 510.07GiB/s
2021-07-02 11:59:16.271018: I tensorflow/stream_executor/platform/default/dso_loader.cc:48] Successfully opened dynamic library libcudart.so.10.1
2021-07-02 11:59:16.311586: I tensorflow/stream_executor/platform/default/dso_loader.cc:48] Successfully opened dynamic library libcublas.so.10
2021-07-02 11:59:16.332049: I tensorflow/stream_executor/platform/default/dso_loader.cc:48] Successfully opened dynamic library libcufft.so.10
2021-07-02 11:59:16.340496: I tensorflow/stream_executor/platform/default/dso_loader.cc:48] Successfully opened dynamic library libcurand.so.10
2021-07-02 11:59:16.383308: I tensorflow/stream_executor/platform/default/dso_loader.cc:48] Successfully opened dynamic library libcusolver.so.10
2021-07-02 11:59:16.391625: I tensorflow/stream_executor/platform/default/dso_loader.cc:48] Successfully opened dynamic library libcusparse.so.10
2021-07-02 11:59:16.466885: I tensorflow/stream_executor/platform/default/dso_loader.cc:48] Successfully opened dynamic library libcudnn.so.7
2021-07-02 11:59:16.469129: I tensorflow/core/common_runtime/gpu/gpu_device.cc:1858] Adding visible gpu devices: 0
2021-07-02 11:59:16.472762: I tensorflow/core/platform/cpu_feature_guard.cc:142] This TensorFlow binary is optimized with oneAPI Deep Neural Network Library (oneDNN)to use the following CPU instructions in performance-critical operations:  AVX2 FMA
To enable them in other operations, rebuild TensorFlow with the appropriate compiler flags.
2021-07-02 11:59:16.488793: I tensorflow/core/platform/profile_utils/cpu_utils.cc:104] CPU Frequency: 2600205000 Hz
2021-07-02 11:59:16.488936: I tensorflow/compiler/xla/service/service.cc:168] XLA service 0x435a640 initialized for platform Host (this does not guarantee that XLA will be used). Devices:
2021-07-02 11:59:16.488981: I tensorflow/compiler/xla/service/service.cc:176]   StreamExecutor device (0): Host, Default Version
2021-07-02 11:59:16.620347: I tensorflow/compiler/xla/service/service.cc:168] XLA service 0x43263f0 initialized for platform CUDA (this does not guarantee that XLA will be used). Devices:
2021-07-02 11:59:16.620410: I tensorflow/compiler/xla/service/service.cc:176]   StreamExecutor device (0): NVIDIA TITAN Xp, Compute Capability 6.1
2021-07-02 11:59:16.622803: I tensorflow/core/common_runtime/gpu/gpu_device.cc:1716] Found device 0 with properties: 
pciBusID: 0000:02:00.0 name: NVIDIA TITAN Xp computeCapability: 6.1
coreClock: 1.582GHz coreCount: 30 deviceMemorySize: 11.91GiB deviceMemoryBandwidth: 510.07GiB/s
2021-07-02 11:59:16.622839: I tensorflow/stream_executor/platform/default/dso_loader.cc:48] Successfully opened dynamic library libcudart.so.10.1
2021-07-02 11:59:16.622869: I tensorflow/stream_executor/platform/default/dso_loader.cc:48] Successfully opened dynamic library libcublas.so.10
2021-07-02 11:59:16.622886: I tensorflow/stream_executor/platform/default/dso_loader.cc:48] Successfully opened dynamic library libcufft.so.10
2021-07-02 11:59:16.622903: I tensorflow/stream_executor/platform/default/dso_loader.cc:48] Successfully opened dynamic library libcurand.so.10
2021-07-02 11:59:16.622920: I tensorflow/stream_executor/platform/default/dso_loader.cc:48] Successfully opened dynamic library libcusolver.so.10
2021-07-02 11:59:16.622936: I tensorflow/stream_executor/platform/default/dso_loader.cc:48] Successfully opened dynamic library libcusparse.so.10
2021-07-02 11:59:16.622960: I tensorflow/stream_executor/platform/default/dso_loader.cc:48] Successfully opened dynamic library libcudnn.so.7
2021-07-02 11:59:16.627571: I tensorflow/core/common_runtime/gpu/gpu_device.cc:1858] Adding visible gpu devices: 0
2021-07-02 11:59:16.629996: I tensorflow/stream_executor/platform/default/dso_loader.cc:48] Successfully opened dynamic library libcudart.so.10.1
2021-07-02 11:59:18.429359: I tensorflow/core/common_runtime/gpu/gpu_device.cc:1257] Device interconnect StreamExecutor with strength 1 edge matrix:
2021-07-02 11:59:18.429432: I tensorflow/core/common_runtime/gpu/gpu_device.cc:1263]      0 
2021-07-02 11:59:18.429445: I tensorflow/core/common_runtime/gpu/gpu_device.cc:1276] 0:   N 
2021-07-02 11:59:18.435396: I tensorflow/core/common_runtime/gpu/gpu_device.cc:1402] Created TensorFlow device (/job:localhost/replica:0/task:0/device:GPU:0 with 11218 MB memory) -> physical GPU (device: 0, name: NVIDIA TITAN Xp, pci bus id: 0000:02:00.0, compute capability: 6.1)
2021-07-02 11:59:24.367344: I tensorflow/stream_executor/platform/default/dso_loader.cc:48] Successfully opened dynamic library libcudnn.so.7
2021-07-02 11:59:26.899708: I tensorflow/stream_executor/platform/default/dso_loader.cc:48] Successfully opened dynamic library libcublas.so.10
Using model index: 67
Making train data...
GCN...
ZCA...
Done!
Making test data...
Done!
Epoch 1/350


Snapshot weight 7 shuffle 6 at epoch 1
Layer 11
Getting activations...


391/391 - 23s - loss: 2.2955 - accuracy: 0.1264 - val_loss: 2.2548 - val_accuracy: 0.1787
Epoch 2/350


Snapshot weight 7 shuffle 6 at epoch 2
Layer 11
Getting activations...


391/391 - 23s - loss: 2.0291 - accuracy: 0.2676 - val_loss: 1.8441 - val_accuracy: 0.3046
Epoch 3/350


Snapshot weight 7 shuffle 6 at epoch 3
Layer 11
Getting activations...


391/391 - 23s - loss: 1.6931 - accuracy: 0.3917 - val_loss: 1.6146 - val_accuracy: 0.4221
Epoch 4/350


Snapshot weight 7 shuffle 6 at epoch 4
Layer 11
Getting activations...


391/391 - 23s - loss: 1.4874 - accuracy: 0.4737 - val_loss: 1.3980 - val_accuracy: 0.5114
Epoch 5/350


Snapshot weight 7 shuffle 6 at epoch 5
Layer 11
Getting activations...


391/391 - 23s - loss: 1.3581 - accuracy: 0.5214 - val_loss: 1.2805 - val_accuracy: 0.5531
Epoch 6/350


Snapshot weight 7 shuffle 6 at epoch 6
Layer 11
Getting activations...


391/391 - 23s - loss: 1.2584 - accuracy: 0.5598 - val_loss: 1.1384 - val_accuracy: 0.6077
Epoch 7/350


Snapshot weight 7 shuffle 6 at epoch 7
Layer 11
Getting activations...


391/391 - 23s - loss: 1.1931 - accuracy: 0.5832 - val_loss: 1.1333 - val_accuracy: 0.6088
Epoch 8/350


Snapshot weight 7 shuffle 6 at epoch 8
Layer 11
Getting activations...


391/391 - 23s - loss: 1.1167 - accuracy: 0.6111 - val_loss: 1.0150 - val_accuracy: 0.6418
Epoch 9/350


Snapshot weight 7 shuffle 6 at epoch 9
Layer 11
Getting activations...


391/391 - 23s - loss: 1.0653 - accuracy: 0.6330 - val_loss: 1.0045 - val_accuracy: 0.6523
Epoch 10/350


Snapshot weight 7 shuffle 6 at epoch 10
Layer 11
Getting activations...


391/391 - 23s - loss: 1.0107 - accuracy: 0.6511 - val_loss: 0.9187 - val_accuracy: 0.6868
Epoch 11/350
391/391 - 23s - loss: 0.9762 - accuracy: 0.6634 - val_loss: 0.9753 - val_accuracy: 0.6693
Epoch 12/350
391/391 - 23s - loss: 0.9319 - accuracy: 0.6809 - val_loss: 0.9326 - val_accuracy: 0.6854
Epoch 13/350
391/391 - 23s - loss: 0.8994 - accuracy: 0.6929 - val_loss: 0.9028 - val_accuracy: 0.6972
Epoch 14/350
391/391 - 23s - loss: 0.8655 - accuracy: 0.7029 - val_loss: 0.8318 - val_accuracy: 0.7195
Epoch 15/350
391/391 - 23s - loss: 0.8402 - accuracy: 0.7115 - val_loss: 0.7616 - val_accuracy: 0.7481
Epoch 16/350
391/391 - 23s - loss: 0.8058 - accuracy: 0.7277 - val_loss: 0.7443 - val_accuracy: 0.7504
Epoch 17/350
391/391 - 23s - loss: 0.7730 - accuracy: 0.7372 - val_loss: 0.7137 - val_accuracy: 0.7617
Epoch 18/350
391/391 - 23s - loss: 0.7625 - accuracy: 0.7419 - val_loss: 0.7022 - val_accuracy: 0.7642
Epoch 19/350
391/391 - 23s - loss: 0.7337 - accuracy: 0.7519 - val_loss: 0.6779 - val_accuracy: 0.7755
Epoch 20/350
391/391 - 23s - loss: 0.7089 - accuracy: 0.7603 - val_loss: 0.6680 - val_accuracy: 0.7733
Epoch 21/350
391/391 - 23s - loss: 0.6800 - accuracy: 0.7715 - val_loss: 0.6374 - val_accuracy: 0.7903
Epoch 22/350
391/391 - 23s - loss: 0.6724 - accuracy: 0.7760 - val_loss: 0.6732 - val_accuracy: 0.7759
Epoch 23/350
391/391 - 23s - loss: 0.6554 - accuracy: 0.7809 - val_loss: 0.6639 - val_accuracy: 0.7793
Epoch 24/350
391/391 - 23s - loss: 0.6433 - accuracy: 0.7852 - val_loss: 0.6572 - val_accuracy: 0.7857
Epoch 25/350
391/391 - 23s - loss: 0.6184 - accuracy: 0.7934 - val_loss: 0.5591 - val_accuracy: 0.8171
Epoch 26/350
391/391 - 23s - loss: 0.6071 - accuracy: 0.7992 - val_loss: 0.5720 - val_accuracy: 0.8085
Epoch 27/350
391/391 - 23s - loss: 0.5957 - accuracy: 0.8027 - val_loss: 0.5581 - val_accuracy: 0.8205
Epoch 28/350
391/391 - 23s - loss: 0.5856 - accuracy: 0.8078 - val_loss: 0.5469 - val_accuracy: 0.8212
Epoch 29/350
391/391 - 23s - loss: 0.5716 - accuracy: 0.8123 - val_loss: 0.5511 - val_accuracy: 0.8179
Epoch 30/350
391/391 - 23s - loss: 0.5519 - accuracy: 0.8177 - val_loss: 0.5262 - val_accuracy: 0.8317
Epoch 31/350
391/391 - 23s - loss: 0.5456 - accuracy: 0.8215 - val_loss: 0.5476 - val_accuracy: 0.8257
Epoch 32/350
391/391 - 23s - loss: 0.5322 - accuracy: 0.8265 - val_loss: 0.5628 - val_accuracy: 0.8248
Epoch 33/350
391/391 - 23s - loss: 0.5234 - accuracy: 0.8297 - val_loss: 0.6136 - val_accuracy: 0.8105
Epoch 34/350
391/391 - 23s - loss: 0.5136 - accuracy: 0.8316 - val_loss: 0.4834 - val_accuracy: 0.8437
Epoch 35/350
391/391 - 23s - loss: 0.5059 - accuracy: 0.8350 - val_loss: 0.4917 - val_accuracy: 0.8444
Epoch 36/350
391/391 - 23s - loss: 0.4998 - accuracy: 0.8369 - val_loss: 0.5193 - val_accuracy: 0.8386
Epoch 37/350
391/391 - 23s - loss: 0.4922 - accuracy: 0.8388 - val_loss: 0.4897 - val_accuracy: 0.8452
Epoch 38/350
391/391 - 23s - loss: 0.4940 - accuracy: 0.8373 - val_loss: 0.4841 - val_accuracy: 0.8490
Epoch 39/350
391/391 - 23s - loss: 0.4776 - accuracy: 0.8461 - val_loss: 0.4892 - val_accuracy: 0.8458
Epoch 40/350
391/391 - 23s - loss: 0.4646 - accuracy: 0.8482 - val_loss: 0.5510 - val_accuracy: 0.8315
Epoch 41/350
391/391 - 23s - loss: 0.4630 - accuracy: 0.8493 - val_loss: 0.4870 - val_accuracy: 0.8440
Epoch 42/350
391/391 - 23s - loss: 0.4555 - accuracy: 0.8517 - val_loss: 0.4999 - val_accuracy: 0.8471
Epoch 43/350
391/391 - 23s - loss: 0.4478 - accuracy: 0.8536 - val_loss: 0.5017 - val_accuracy: 0.8484
Epoch 44/350
391/391 - 23s - loss: 0.4463 - accuracy: 0.8560 - val_loss: 0.5132 - val_accuracy: 0.8406
Epoch 45/350
391/391 - 23s - loss: 0.4325 - accuracy: 0.8616 - val_loss: 0.4638 - val_accuracy: 0.8555
Epoch 46/350
391/391 - 23s - loss: 0.4293 - accuracy: 0.8616 - val_loss: 0.4714 - val_accuracy: 0.8531
Epoch 47/350
391/391 - 23s - loss: 0.4242 - accuracy: 0.8622 - val_loss: 0.4615 - val_accuracy: 0.8577
Epoch 48/350
391/391 - 23s - loss: 0.4252 - accuracy: 0.8621 - val_loss: 0.4581 - val_accuracy: 0.8627
Epoch 49/350
391/391 - 23s - loss: 0.4170 - accuracy: 0.8648 - val_loss: 0.4600 - val_accuracy: 0.8593
Epoch 50/350


Snapshot weight 7 shuffle 6 at epoch 50
Layer 11
Getting activations...


391/391 - 23s - loss: 0.4069 - accuracy: 0.8679 - val_loss: 0.4838 - val_accuracy: 0.8589
Epoch 51/350
391/391 - 23s - loss: 0.4040 - accuracy: 0.8695 - val_loss: 0.4655 - val_accuracy: 0.8603
Epoch 52/350
391/391 - 23s - loss: 0.3958 - accuracy: 0.8728 - val_loss: 0.4706 - val_accuracy: 0.8571
Epoch 53/350
391/391 - 23s - loss: 0.3975 - accuracy: 0.8714 - val_loss: 0.4706 - val_accuracy: 0.8579
Epoch 54/350
391/391 - 23s - loss: 0.3923 - accuracy: 0.8748 - val_loss: 0.4658 - val_accuracy: 0.8627
Epoch 55/350
391/391 - 23s - loss: 0.3854 - accuracy: 0.8763 - val_loss: 0.4725 - val_accuracy: 0.8568
Epoch 56/350
391/391 - 23s - loss: 0.3847 - accuracy: 0.8758 - val_loss: 0.4422 - val_accuracy: 0.8680
Epoch 57/350
391/391 - 23s - loss: 0.3833 - accuracy: 0.8782 - val_loss: 0.4251 - val_accuracy: 0.8734
Epoch 58/350
391/391 - 23s - loss: 0.3753 - accuracy: 0.8809 - val_loss: 0.4577 - val_accuracy: 0.8669
Epoch 59/350
391/391 - 23s - loss: 0.3729 - accuracy: 0.8811 - val_loss: 0.4263 - val_accuracy: 0.8692
Epoch 60/350
391/391 - 23s - loss: 0.3644 - accuracy: 0.8825 - val_loss: 0.4457 - val_accuracy: 0.8685
Epoch 61/350
391/391 - 23s - loss: 0.3573 - accuracy: 0.8874 - val_loss: 0.4250 - val_accuracy: 0.8769
Epoch 62/350
391/391 - 23s - loss: 0.3596 - accuracy: 0.8862 - val_loss: 0.4554 - val_accuracy: 0.8665
Epoch 63/350
391/391 - 23s - loss: 0.3554 - accuracy: 0.8885 - val_loss: 0.4294 - val_accuracy: 0.8735
Epoch 64/350
391/391 - 23s - loss: 0.3495 - accuracy: 0.8901 - val_loss: 0.4338 - val_accuracy: 0.8738
Epoch 65/350
391/391 - 23s - loss: 0.3486 - accuracy: 0.8888 - val_loss: 0.4391 - val_accuracy: 0.8725
Epoch 66/350
391/391 - 23s - loss: 0.3492 - accuracy: 0.8888 - val_loss: 0.4835 - val_accuracy: 0.8655
Epoch 67/350
391/391 - 23s - loss: 0.3388 - accuracy: 0.8921 - val_loss: 0.4265 - val_accuracy: 0.8728
Epoch 68/350
391/391 - 23s - loss: 0.3319 - accuracy: 0.8965 - val_loss: 0.4738 - val_accuracy: 0.8699
Epoch 69/350
391/391 - 23s - loss: 0.3391 - accuracy: 0.8921 - val_loss: 0.4572 - val_accuracy: 0.8706
Epoch 70/350
391/391 - 23s - loss: 0.3303 - accuracy: 0.8956 - val_loss: 0.4178 - val_accuracy: 0.8791
Epoch 71/350
391/391 - 23s - loss: 0.3274 - accuracy: 0.8972 - val_loss: 0.4270 - val_accuracy: 0.8743
Epoch 72/350
391/391 - 23s - loss: 0.3269 - accuracy: 0.8973 - val_loss: 0.4299 - val_accuracy: 0.8765
Epoch 73/350
391/391 - 23s - loss: 0.3252 - accuracy: 0.8975 - val_loss: 0.4376 - val_accuracy: 0.8749
Epoch 74/350
391/391 - 23s - loss: 0.3178 - accuracy: 0.8996 - val_loss: 0.4801 - val_accuracy: 0.8643
Epoch 75/350
391/391 - 23s - loss: 0.3237 - accuracy: 0.8988 - val_loss: 0.4111 - val_accuracy: 0.8805
Epoch 76/350
391/391 - 23s - loss: 0.3142 - accuracy: 0.9021 - val_loss: 0.4323 - val_accuracy: 0.8791
Epoch 77/350
391/391 - 23s - loss: 0.3105 - accuracy: 0.9026 - val_loss: 0.4148 - val_accuracy: 0.8831
Epoch 78/350
391/391 - 23s - loss: 0.3092 - accuracy: 0.9033 - val_loss: 0.4029 - val_accuracy: 0.8805
Epoch 79/350
391/391 - 23s - loss: 0.3088 - accuracy: 0.9026 - val_loss: 0.4397 - val_accuracy: 0.8776
Epoch 80/350
391/391 - 23s - loss: 0.3051 - accuracy: 0.9059 - val_loss: 0.4475 - val_accuracy: 0.8760
Epoch 81/350
391/391 - 23s - loss: 0.3056 - accuracy: 0.9045 - val_loss: 0.4401 - val_accuracy: 0.8728
Epoch 82/350
391/391 - 23s - loss: 0.3037 - accuracy: 0.9063 - val_loss: 0.3968 - val_accuracy: 0.8854
Epoch 83/350
391/391 - 23s - loss: 0.3017 - accuracy: 0.9060 - val_loss: 0.4389 - val_accuracy: 0.8741
Epoch 84/350
391/391 - 23s - loss: 0.2959 - accuracy: 0.9086 - val_loss: 0.3952 - val_accuracy: 0.8862
Epoch 85/350
391/391 - 23s - loss: 0.2968 - accuracy: 0.9090 - val_loss: 0.4374 - val_accuracy: 0.8766
Epoch 86/350
391/391 - 23s - loss: 0.2920 - accuracy: 0.9095 - val_loss: 0.4238 - val_accuracy: 0.8760
Epoch 87/350
391/391 - 23s - loss: 0.2910 - accuracy: 0.9082 - val_loss: 0.4373 - val_accuracy: 0.8819
Epoch 88/350
391/391 - 23s - loss: 0.2840 - accuracy: 0.9136 - val_loss: 0.3980 - val_accuracy: 0.8864
Epoch 89/350
391/391 - 23s - loss: 0.2830 - accuracy: 0.9135 - val_loss: 0.4152 - val_accuracy: 0.8830
Epoch 90/350
391/391 - 23s - loss: 0.2849 - accuracy: 0.9118 - val_loss: 0.4093 - val_accuracy: 0.8834
Epoch 91/350
391/391 - 23s - loss: 0.2810 - accuracy: 0.9130 - val_loss: 0.4434 - val_accuracy: 0.8786
Epoch 92/350
391/391 - 23s - loss: 0.2818 - accuracy: 0.9135 - val_loss: 0.4359 - val_accuracy: 0.8835
Epoch 93/350
391/391 - 23s - loss: 0.2758 - accuracy: 0.9163 - val_loss: 0.4210 - val_accuracy: 0.8832
Epoch 94/350
391/391 - 23s - loss: 0.2737 - accuracy: 0.9167 - val_loss: 0.4059 - val_accuracy: 0.8870
Epoch 95/350
391/391 - 23s - loss: 0.2701 - accuracy: 0.9175 - val_loss: 0.4455 - val_accuracy: 0.8842
Epoch 96/350
391/391 - 23s - loss: 0.2746 - accuracy: 0.9153 - val_loss: 0.4514 - val_accuracy: 0.8790
Epoch 97/350
391/391 - 23s - loss: 0.2703 - accuracy: 0.9183 - val_loss: 0.3946 - val_accuracy: 0.8906
Epoch 98/350
391/391 - 23s - loss: 0.2628 - accuracy: 0.9202 - val_loss: 0.4380 - val_accuracy: 0.8839
Epoch 99/350
391/391 - 23s - loss: 0.2643 - accuracy: 0.9192 - val_loss: 0.4161 - val_accuracy: 0.8862
Epoch 100/350


Snapshot weight 7 shuffle 6 at epoch 100
Layer 11
Getting activations...


391/391 - 23s - loss: 0.2596 - accuracy: 0.9214 - val_loss: 0.4176 - val_accuracy: 0.8867
Epoch 101/350
391/391 - 23s - loss: 0.2601 - accuracy: 0.9214 - val_loss: 0.4298 - val_accuracy: 0.8895
Epoch 102/350
391/391 - 23s - loss: 0.2598 - accuracy: 0.9211 - val_loss: 0.4077 - val_accuracy: 0.8878
Epoch 103/350
391/391 - 23s - loss: 0.2518 - accuracy: 0.9249 - val_loss: 0.4354 - val_accuracy: 0.8836
Epoch 104/350
391/391 - 23s - loss: 0.2558 - accuracy: 0.9236 - val_loss: 0.4086 - val_accuracy: 0.8903
Epoch 105/350
391/391 - 23s - loss: 0.2519 - accuracy: 0.9255 - val_loss: 0.4041 - val_accuracy: 0.8890
Epoch 106/350
391/391 - 23s - loss: 0.2534 - accuracy: 0.9237 - val_loss: 0.4263 - val_accuracy: 0.8850
Epoch 107/350
391/391 - 23s - loss: 0.2459 - accuracy: 0.9261 - val_loss: 0.4357 - val_accuracy: 0.8869
Epoch 108/350
391/391 - 23s - loss: 0.2462 - accuracy: 0.9257 - val_loss: 0.4197 - val_accuracy: 0.8882
Epoch 109/350
391/391 - 23s - loss: 0.2443 - accuracy: 0.9268 - val_loss: 0.4169 - val_accuracy: 0.8891
Epoch 110/350
391/391 - 23s - loss: 0.2433 - accuracy: 0.9276 - val_loss: 0.4367 - val_accuracy: 0.8825
Epoch 111/350
391/391 - 23s - loss: 0.2427 - accuracy: 0.9274 - val_loss: 0.4124 - val_accuracy: 0.8900
Epoch 112/350
391/391 - 23s - loss: 0.2455 - accuracy: 0.9264 - val_loss: 0.4095 - val_accuracy: 0.8929
Epoch 113/350
391/391 - 23s - loss: 0.2407 - accuracy: 0.9289 - val_loss: 0.4004 - val_accuracy: 0.8948
Epoch 114/350
391/391 - 23s - loss: 0.2363 - accuracy: 0.9297 - val_loss: 0.4052 - val_accuracy: 0.8939
Epoch 115/350
391/391 - 23s - loss: 0.2354 - accuracy: 0.9315 - val_loss: 0.4053 - val_accuracy: 0.8915
Epoch 116/350
391/391 - 23s - loss: 0.2377 - accuracy: 0.9285 - val_loss: 0.4353 - val_accuracy: 0.8852
Epoch 117/350
391/391 - 23s - loss: 0.2397 - accuracy: 0.9302 - val_loss: 0.4447 - val_accuracy: 0.8841
Epoch 118/350
391/391 - 23s - loss: 0.2295 - accuracy: 0.9324 - val_loss: 0.4478 - val_accuracy: 0.8851
Epoch 119/350
391/391 - 23s - loss: 0.2314 - accuracy: 0.9327 - val_loss: 0.4956 - val_accuracy: 0.8772
Epoch 120/350
391/391 - 23s - loss: 0.2344 - accuracy: 0.9313 - val_loss: 0.4173 - val_accuracy: 0.8896
Epoch 121/350
391/391 - 23s - loss: 0.2241 - accuracy: 0.9350 - val_loss: 0.4530 - val_accuracy: 0.8865
Epoch 122/350
391/391 - 23s - loss: 0.2284 - accuracy: 0.9329 - val_loss: 0.4344 - val_accuracy: 0.8898
Epoch 123/350
391/391 - 23s - loss: 0.2279 - accuracy: 0.9330 - val_loss: 0.4165 - val_accuracy: 0.8936
Epoch 124/350
391/391 - 23s - loss: 0.2300 - accuracy: 0.9335 - val_loss: 0.4350 - val_accuracy: 0.8895
Epoch 125/350
391/391 - 23s - loss: 0.2285 - accuracy: 0.9321 - val_loss: 0.4436 - val_accuracy: 0.8847
Epoch 126/350
391/391 - 23s - loss: 0.2211 - accuracy: 0.9355 - val_loss: 0.4375 - val_accuracy: 0.8854
Epoch 127/350
391/391 - 23s - loss: 0.2226 - accuracy: 0.9342 - val_loss: 0.4243 - val_accuracy: 0.8891
Epoch 128/350
391/391 - 23s - loss: 0.2206 - accuracy: 0.9352 - val_loss: 0.4792 - val_accuracy: 0.8837
Epoch 129/350
391/391 - 23s - loss: 0.2248 - accuracy: 0.9351 - val_loss: 0.4272 - val_accuracy: 0.8921
Epoch 130/350
391/391 - 23s - loss: 0.2194 - accuracy: 0.9362 - val_loss: 0.4241 - val_accuracy: 0.8953
Epoch 131/350
391/391 - 23s - loss: 0.2150 - accuracy: 0.9383 - val_loss: 0.4336 - val_accuracy: 0.8919
Epoch 132/350
391/391 - 23s - loss: 0.2163 - accuracy: 0.9383 - val_loss: 0.4343 - val_accuracy: 0.8928
Epoch 133/350
391/391 - 23s - loss: 0.2151 - accuracy: 0.9392 - val_loss: 0.4330 - val_accuracy: 0.8936
Epoch 134/350
391/391 - 23s - loss: 0.2162 - accuracy: 0.9372 - val_loss: 0.4007 - val_accuracy: 0.8952
Epoch 135/350
391/391 - 23s - loss: 0.2137 - accuracy: 0.9385 - val_loss: 0.4094 - val_accuracy: 0.8959
Epoch 136/350
391/391 - 23s - loss: 0.2149 - accuracy: 0.9388 - val_loss: 0.4387 - val_accuracy: 0.8924
Epoch 137/350
391/391 - 23s - loss: 0.2106 - accuracy: 0.9397 - val_loss: 0.4235 - val_accuracy: 0.8894
Epoch 138/350
391/391 - 23s - loss: 0.2096 - accuracy: 0.9410 - val_loss: 0.4169 - val_accuracy: 0.8933
Epoch 139/350
391/391 - 23s - loss: 0.2060 - accuracy: 0.9417 - val_loss: 0.4197 - val_accuracy: 0.8951
Epoch 140/350
391/391 - 23s - loss: 0.2068 - accuracy: 0.9419 - val_loss: 0.4632 - val_accuracy: 0.8880
Epoch 141/350
391/391 - 23s - loss: 0.2085 - accuracy: 0.9419 - val_loss: 0.4517 - val_accuracy: 0.8912
Epoch 142/350
391/391 - 23s - loss: 0.2070 - accuracy: 0.9408 - val_loss: 0.4726 - val_accuracy: 0.8899
Epoch 143/350
391/391 - 23s - loss: 0.2086 - accuracy: 0.9403 - val_loss: 0.4291 - val_accuracy: 0.8938
Epoch 144/350
391/391 - 23s - loss: 0.2021 - accuracy: 0.9434 - val_loss: 0.4680 - val_accuracy: 0.8816
Epoch 145/350
391/391 - 23s - loss: 0.2047 - accuracy: 0.9415 - val_loss: 0.4166 - val_accuracy: 0.8951
Epoch 146/350
391/391 - 23s - loss: 0.2026 - accuracy: 0.9436 - val_loss: 0.4269 - val_accuracy: 0.8971
Epoch 147/350
391/391 - 23s - loss: 0.1982 - accuracy: 0.9443 - val_loss: 0.4836 - val_accuracy: 0.8888
Epoch 148/350
391/391 - 23s - loss: 0.2008 - accuracy: 0.9431 - val_loss: 0.4295 - val_accuracy: 0.8906
Epoch 149/350
391/391 - 23s - loss: 0.2015 - accuracy: 0.9442 - val_loss: 0.4473 - val_accuracy: 0.8872
Epoch 150/350


Snapshot weight 7 shuffle 6 at epoch 150
Layer 11
Getting activations...


391/391 - 23s - loss: 0.2031 - accuracy: 0.9426 - val_loss: 0.4134 - val_accuracy: 0.8949
Epoch 151/350
391/391 - 23s - loss: 0.1979 - accuracy: 0.9444 - val_loss: 0.4329 - val_accuracy: 0.8943
Epoch 152/350
391/391 - 23s - loss: 0.1963 - accuracy: 0.9451 - val_loss: 0.4335 - val_accuracy: 0.8983
Epoch 153/350
391/391 - 23s - loss: 0.1970 - accuracy: 0.9456 - val_loss: 0.4223 - val_accuracy: 0.8962
Epoch 154/350
391/391 - 23s - loss: 0.1922 - accuracy: 0.9481 - val_loss: 0.4677 - val_accuracy: 0.8907
Epoch 155/350
391/391 - 23s - loss: 0.1994 - accuracy: 0.9437 - val_loss: 0.4375 - val_accuracy: 0.8956
Epoch 156/350
391/391 - 23s - loss: 0.1930 - accuracy: 0.9463 - val_loss: 0.4454 - val_accuracy: 0.8953
Epoch 157/350
391/391 - 23s - loss: 0.1945 - accuracy: 0.9464 - val_loss: 0.4375 - val_accuracy: 0.8922
Epoch 158/350
391/391 - 23s - loss: 0.1951 - accuracy: 0.9457 - val_loss: 0.4258 - val_accuracy: 0.8967
Epoch 159/350
391/391 - 23s - loss: 0.1919 - accuracy: 0.9468 - val_loss: 0.5028 - val_accuracy: 0.8897
Epoch 160/350
391/391 - 23s - loss: 0.1918 - accuracy: 0.9461 - val_loss: 0.4495 - val_accuracy: 0.8972
Epoch 161/350
391/391 - 23s - loss: 0.1934 - accuracy: 0.9469 - val_loss: 0.4034 - val_accuracy: 0.9009
Epoch 162/350
391/391 - 23s - loss: 0.1862 - accuracy: 0.9496 - val_loss: 0.4639 - val_accuracy: 0.8927
Epoch 163/350
391/391 - 23s - loss: 0.1879 - accuracy: 0.9486 - val_loss: 0.4317 - val_accuracy: 0.8948
Epoch 164/350
391/391 - 23s - loss: 0.1907 - accuracy: 0.9484 - val_loss: 0.4379 - val_accuracy: 0.8911
Epoch 165/350
391/391 - 23s - loss: 0.1876 - accuracy: 0.9492 - val_loss: 0.4219 - val_accuracy: 0.8989
Epoch 166/350
391/391 - 23s - loss: 0.1849 - accuracy: 0.9503 - val_loss: 0.4675 - val_accuracy: 0.8930
Epoch 167/350
391/391 - 23s - loss: 0.1871 - accuracy: 0.9495 - val_loss: 0.4543 - val_accuracy: 0.8901
Epoch 168/350
391/391 - 23s - loss: 0.1849 - accuracy: 0.9499 - val_loss: 0.4540 - val_accuracy: 0.8946
Epoch 169/350
391/391 - 23s - loss: 0.1826 - accuracy: 0.9519 - val_loss: 0.4786 - val_accuracy: 0.8891
Epoch 170/350
391/391 - 23s - loss: 0.1793 - accuracy: 0.9519 - val_loss: 0.4673 - val_accuracy: 0.8933
Epoch 171/350
391/391 - 23s - loss: 0.1911 - accuracy: 0.9476 - val_loss: 0.4321 - val_accuracy: 0.8998
Epoch 172/350
391/391 - 23s - loss: 0.1822 - accuracy: 0.9512 - val_loss: 0.5001 - val_accuracy: 0.8810
Epoch 173/350
391/391 - 23s - loss: 0.1857 - accuracy: 0.9500 - val_loss: 0.4547 - val_accuracy: 0.8935
Epoch 174/350
391/391 - 23s - loss: 0.1797 - accuracy: 0.9527 - val_loss: 0.4819 - val_accuracy: 0.8907
Epoch 175/350
391/391 - 23s - loss: 0.1737 - accuracy: 0.9534 - val_loss: 0.4681 - val_accuracy: 0.8973
Epoch 176/350
391/391 - 23s - loss: 0.1817 - accuracy: 0.9519 - val_loss: 0.4445 - val_accuracy: 0.8981
Epoch 177/350
391/391 - 23s - loss: 0.1858 - accuracy: 0.9499 - val_loss: 0.4728 - val_accuracy: 0.8958
Epoch 178/350
391/391 - 23s - loss: 0.1781 - accuracy: 0.9517 - val_loss: 0.4324 - val_accuracy: 0.8996
Epoch 179/350
391/391 - 23s - loss: 0.1807 - accuracy: 0.9522 - val_loss: 0.4345 - val_accuracy: 0.8991
Epoch 180/350
391/391 - 23s - loss: 0.1772 - accuracy: 0.9540 - val_loss: 0.4396 - val_accuracy: 0.8990
Epoch 181/350
391/391 - 23s - loss: 0.1793 - accuracy: 0.9527 - val_loss: 0.4680 - val_accuracy: 0.8973
Epoch 182/350
391/391 - 23s - loss: 0.1793 - accuracy: 0.9521 - val_loss: 0.4520 - val_accuracy: 0.8966
Epoch 183/350
391/391 - 23s - loss: 0.1779 - accuracy: 0.9526 - val_loss: 0.4891 - val_accuracy: 0.8903
Epoch 184/350
391/391 - 23s - loss: 0.1700 - accuracy: 0.9547 - val_loss: 0.4465 - val_accuracy: 0.9007
Epoch 185/350
391/391 - 23s - loss: 0.1765 - accuracy: 0.9525 - val_loss: 0.4471 - val_accuracy: 0.8963
Epoch 186/350
391/391 - 23s - loss: 0.1729 - accuracy: 0.9552 - val_loss: 0.4689 - val_accuracy: 0.8917
Epoch 187/350
391/391 - 23s - loss: 0.1749 - accuracy: 0.9536 - val_loss: 0.4196 - val_accuracy: 0.9029
Epoch 188/350
391/391 - 23s - loss: 0.1692 - accuracy: 0.9552 - val_loss: 0.4289 - val_accuracy: 0.8993
Epoch 189/350
391/391 - 23s - loss: 0.1707 - accuracy: 0.9558 - val_loss: 0.4506 - val_accuracy: 0.8963
Epoch 190/350
391/391 - 23s - loss: 0.1698 - accuracy: 0.9564 - val_loss: 0.4610 - val_accuracy: 0.8977
Epoch 191/350
391/391 - 23s - loss: 0.1730 - accuracy: 0.9549 - val_loss: 0.4277 - val_accuracy: 0.9009
Epoch 192/350
391/391 - 23s - loss: 0.1727 - accuracy: 0.9538 - val_loss: 0.4555 - val_accuracy: 0.8990
Epoch 193/350
391/391 - 23s - loss: 0.1704 - accuracy: 0.9543 - val_loss: 0.4407 - val_accuracy: 0.9022
Epoch 194/350
391/391 - 23s - loss: 0.1679 - accuracy: 0.9569 - val_loss: 0.4482 - val_accuracy: 0.8993
Epoch 195/350
391/391 - 23s - loss: 0.1673 - accuracy: 0.9570 - val_loss: 0.4661 - val_accuracy: 0.9011
Epoch 196/350
391/391 - 23s - loss: 0.1660 - accuracy: 0.9572 - val_loss: 0.4573 - val_accuracy: 0.9013
Epoch 197/350
391/391 - 23s - loss: 0.1678 - accuracy: 0.9572 - val_loss: 0.5051 - val_accuracy: 0.8903
Epoch 198/350
391/391 - 23s - loss: 0.1665 - accuracy: 0.9585 - val_loss: 0.4881 - val_accuracy: 0.8914
Epoch 199/350
391/391 - 23s - loss: 0.1678 - accuracy: 0.9576 - val_loss: 0.4631 - val_accuracy: 0.8979
Epoch 200/350


Snapshot weight 7 shuffle 6 at epoch 200
Layer 11
Getting activations...


391/391 - 23s - loss: 0.1649 - accuracy: 0.9577 - val_loss: 0.4935 - val_accuracy: 0.8983
Epoch 201/350
391/391 - 23s - loss: 0.1385 - accuracy: 0.9670 - val_loss: 0.4346 - val_accuracy: 0.9082
Epoch 202/350
391/391 - 23s - loss: 0.1305 - accuracy: 0.9700 - val_loss: 0.4479 - val_accuracy: 0.9070
Epoch 203/350
391/391 - 23s - loss: 0.1219 - accuracy: 0.9736 - val_loss: 0.4460 - val_accuracy: 0.9078
Epoch 204/350
391/391 - 23s - loss: 0.1219 - accuracy: 0.9735 - val_loss: 0.4428 - val_accuracy: 0.9077
Epoch 205/350
391/391 - 23s - loss: 0.1224 - accuracy: 0.9735 - val_loss: 0.4559 - val_accuracy: 0.9072
Epoch 206/350
391/391 - 23s - loss: 0.1169 - accuracy: 0.9755 - val_loss: 0.4592 - val_accuracy: 0.9082
Epoch 207/350
391/391 - 23s - loss: 0.1199 - accuracy: 0.9729 - val_loss: 0.4557 - val_accuracy: 0.9062
Epoch 208/350
391/391 - 23s - loss: 0.1192 - accuracy: 0.9737 - val_loss: 0.4563 - val_accuracy: 0.9088
Epoch 209/350
391/391 - 23s - loss: 0.1179 - accuracy: 0.9748 - val_loss: 0.4569 - val_accuracy: 0.9093
Epoch 210/350
391/391 - 23s - loss: 0.1172 - accuracy: 0.9750 - val_loss: 0.4553 - val_accuracy: 0.9060
Epoch 211/350
391/391 - 23s - loss: 0.1180 - accuracy: 0.9738 - val_loss: 0.4593 - val_accuracy: 0.9071
Epoch 212/350
391/391 - 23s - loss: 0.1142 - accuracy: 0.9757 - val_loss: 0.4759 - val_accuracy: 0.9058
Epoch 213/350
391/391 - 23s - loss: 0.1150 - accuracy: 0.9755 - val_loss: 0.4740 - val_accuracy: 0.9066
Epoch 214/350
391/391 - 23s - loss: 0.1135 - accuracy: 0.9766 - val_loss: 0.4572 - val_accuracy: 0.9085
Epoch 215/350
391/391 - 23s - loss: 0.1152 - accuracy: 0.9750 - val_loss: 0.4596 - val_accuracy: 0.9086
Epoch 216/350
391/391 - 23s - loss: 0.1119 - accuracy: 0.9768 - val_loss: 0.4665 - val_accuracy: 0.9072
Epoch 217/350
391/391 - 23s - loss: 0.1127 - accuracy: 0.9761 - val_loss: 0.4652 - val_accuracy: 0.9086
Epoch 218/350
391/391 - 23s - loss: 0.1132 - accuracy: 0.9757 - val_loss: 0.4625 - val_accuracy: 0.9079
Epoch 219/350
391/391 - 23s - loss: 0.1138 - accuracy: 0.9759 - val_loss: 0.4639 - val_accuracy: 0.9092
Epoch 220/350
391/391 - 23s - loss: 0.1090 - accuracy: 0.9778 - val_loss: 0.4729 - val_accuracy: 0.9081
Epoch 221/350
391/391 - 23s - loss: 0.1116 - accuracy: 0.9765 - val_loss: 0.4534 - val_accuracy: 0.9100
Epoch 222/350
391/391 - 23s - loss: 0.1103 - accuracy: 0.9771 - val_loss: 0.4738 - val_accuracy: 0.9089
Epoch 223/350
391/391 - 23s - loss: 0.1128 - accuracy: 0.9758 - val_loss: 0.4531 - val_accuracy: 0.9084
Epoch 224/350
391/391 - 23s - loss: 0.1085 - accuracy: 0.9784 - val_loss: 0.4630 - val_accuracy: 0.9088
Epoch 225/350
391/391 - 23s - loss: 0.1090 - accuracy: 0.9784 - val_loss: 0.4724 - val_accuracy: 0.9074
Epoch 226/350
391/391 - 23s - loss: 0.1102 - accuracy: 0.9779 - val_loss: 0.4569 - val_accuracy: 0.9104
Epoch 227/350
391/391 - 23s - loss: 0.1104 - accuracy: 0.9768 - val_loss: 0.4552 - val_accuracy: 0.9092
Epoch 228/350
391/391 - 23s - loss: 0.1093 - accuracy: 0.9772 - val_loss: 0.4627 - val_accuracy: 0.9092
Epoch 229/350
391/391 - 23s - loss: 0.1101 - accuracy: 0.9766 - val_loss: 0.4782 - val_accuracy: 0.9099
Epoch 230/350
391/391 - 23s - loss: 0.1100 - accuracy: 0.9770 - val_loss: 0.4625 - val_accuracy: 0.9085
Epoch 231/350
391/391 - 23s - loss: 0.1118 - accuracy: 0.9770 - val_loss: 0.4573 - val_accuracy: 0.9089
Epoch 232/350
391/391 - 23s - loss: 0.1099 - accuracy: 0.9779 - val_loss: 0.4736 - val_accuracy: 0.9082
Epoch 233/350
391/391 - 23s - loss: 0.1108 - accuracy: 0.9772 - val_loss: 0.4667 - val_accuracy: 0.9078
Epoch 234/350
391/391 - 23s - loss: 0.1093 - accuracy: 0.9780 - val_loss: 0.4630 - val_accuracy: 0.9096
Epoch 235/350
391/391 - 23s - loss: 0.1050 - accuracy: 0.9792 - val_loss: 0.4714 - val_accuracy: 0.9106
Epoch 236/350
391/391 - 23s - loss: 0.1065 - accuracy: 0.9786 - val_loss: 0.4744 - val_accuracy: 0.9080
Epoch 237/350
391/391 - 23s - loss: 0.1068 - accuracy: 0.9784 - val_loss: 0.4683 - val_accuracy: 0.9075
Epoch 238/350
391/391 - 23s - loss: 0.1082 - accuracy: 0.9776 - val_loss: 0.4700 - val_accuracy: 0.9111
Epoch 239/350
391/391 - 23s - loss: 0.1052 - accuracy: 0.9790 - val_loss: 0.4734 - val_accuracy: 0.9106
Epoch 240/350
391/391 - 23s - loss: 0.1077 - accuracy: 0.9781 - val_loss: 0.4660 - val_accuracy: 0.9071
Epoch 241/350
391/391 - 23s - loss: 0.1062 - accuracy: 0.9784 - val_loss: 0.4797 - val_accuracy: 0.9090
Epoch 242/350
391/391 - 23s - loss: 0.1062 - accuracy: 0.9791 - val_loss: 0.4745 - val_accuracy: 0.9082
Epoch 243/350
391/391 - 23s - loss: 0.1057 - accuracy: 0.9786 - val_loss: 0.4801 - val_accuracy: 0.9085
Epoch 244/350
391/391 - 23s - loss: 0.1054 - accuracy: 0.9788 - val_loss: 0.4843 - val_accuracy: 0.9089
Epoch 245/350
391/391 - 23s - loss: 0.1068 - accuracy: 0.9781 - val_loss: 0.4769 - val_accuracy: 0.9073
Epoch 246/350
391/391 - 23s - loss: 0.1034 - accuracy: 0.9795 - val_loss: 0.4774 - val_accuracy: 0.9088
Epoch 247/350
391/391 - 23s - loss: 0.1065 - accuracy: 0.9787 - val_loss: 0.4801 - val_accuracy: 0.9094
Epoch 248/350
391/391 - 23s - loss: 0.1037 - accuracy: 0.9798 - val_loss: 0.4903 - val_accuracy: 0.9084
Epoch 249/350
391/391 - 23s - loss: 0.1044 - accuracy: 0.9790 - val_loss: 0.4893 - val_accuracy: 0.9078
Epoch 250/350


Snapshot weight 7 shuffle 6 at epoch 250
Layer 11
Getting activations...


391/391 - 23s - loss: 0.1054 - accuracy: 0.9793 - val_loss: 0.4809 - val_accuracy: 0.9091
Epoch 251/350
391/391 - 23s - loss: 0.1056 - accuracy: 0.9787 - val_loss: 0.4784 - val_accuracy: 0.9095
Epoch 252/350
391/391 - 23s - loss: 0.1022 - accuracy: 0.9807 - val_loss: 0.4785 - val_accuracy: 0.9090
Epoch 253/350
391/391 - 23s - loss: 0.1039 - accuracy: 0.9788 - val_loss: 0.4783 - val_accuracy: 0.9082
Epoch 254/350
391/391 - 23s - loss: 0.1026 - accuracy: 0.9796 - val_loss: 0.4766 - val_accuracy: 0.9086
Epoch 255/350
391/391 - 23s - loss: 0.1019 - accuracy: 0.9814 - val_loss: 0.4806 - val_accuracy: 0.9090
Epoch 256/350
391/391 - 23s - loss: 0.1036 - accuracy: 0.9787 - val_loss: 0.4768 - val_accuracy: 0.9083
Epoch 257/350
391/391 - 23s - loss: 0.1025 - accuracy: 0.9796 - val_loss: 0.4759 - val_accuracy: 0.9090
Epoch 258/350
391/391 - 23s - loss: 0.1004 - accuracy: 0.9812 - val_loss: 0.4783 - val_accuracy: 0.9090
Epoch 259/350
391/391 - 23s - loss: 0.1002 - accuracy: 0.9807 - val_loss: 0.4776 - val_accuracy: 0.9096
Epoch 260/350
391/391 - 23s - loss: 0.0995 - accuracy: 0.9817 - val_loss: 0.4794 - val_accuracy: 0.9090
Epoch 261/350
391/391 - 23s - loss: 0.1009 - accuracy: 0.9802 - val_loss: 0.4813 - val_accuracy: 0.9094
Epoch 262/350
391/391 - 23s - loss: 0.1007 - accuracy: 0.9806 - val_loss: 0.4772 - val_accuracy: 0.9088
Epoch 263/350
391/391 - 22s - loss: 0.1029 - accuracy: 0.9807 - val_loss: 0.4743 - val_accuracy: 0.9089
Epoch 264/350
391/391 - 23s - loss: 0.0994 - accuracy: 0.9810 - val_loss: 0.4789 - val_accuracy: 0.9087
Epoch 265/350
391/391 - 23s - loss: 0.1011 - accuracy: 0.9805 - val_loss: 0.4771 - val_accuracy: 0.9086
Epoch 266/350
391/391 - 23s - loss: 0.1031 - accuracy: 0.9793 - val_loss: 0.4791 - val_accuracy: 0.9089
Epoch 267/350
391/391 - 23s - loss: 0.1004 - accuracy: 0.9808 - val_loss: 0.4789 - val_accuracy: 0.9088
Epoch 268/350
391/391 - 23s - loss: 0.1005 - accuracy: 0.9803 - val_loss: 0.4794 - val_accuracy: 0.9084
Epoch 269/350
391/391 - 23s - loss: 0.1008 - accuracy: 0.9801 - val_loss: 0.4789 - val_accuracy: 0.9097
Epoch 270/350
391/391 - 23s - loss: 0.1025 - accuracy: 0.9803 - val_loss: 0.4792 - val_accuracy: 0.9091
Epoch 271/350
391/391 - 23s - loss: 0.1012 - accuracy: 0.9799 - val_loss: 0.4767 - val_accuracy: 0.9093
Epoch 272/350
391/391 - 23s - loss: 0.1018 - accuracy: 0.9798 - val_loss: 0.4778 - val_accuracy: 0.9092
Epoch 273/350
391/391 - 23s - loss: 0.1011 - accuracy: 0.9812 - val_loss: 0.4746 - val_accuracy: 0.9105
Epoch 274/350
391/391 - 23s - loss: 0.1000 - accuracy: 0.9810 - val_loss: 0.4749 - val_accuracy: 0.9100
Epoch 275/350
391/391 - 23s - loss: 0.1018 - accuracy: 0.9803 - val_loss: 0.4790 - val_accuracy: 0.9089
Epoch 276/350
391/391 - 23s - loss: 0.1025 - accuracy: 0.9803 - val_loss: 0.4742 - val_accuracy: 0.9097
Epoch 277/350
391/391 - 23s - loss: 0.0996 - accuracy: 0.9811 - val_loss: 0.4777 - val_accuracy: 0.9099
Epoch 278/350
391/391 - 23s - loss: 0.0996 - accuracy: 0.9807 - val_loss: 0.4785 - val_accuracy: 0.9091
Epoch 279/350
391/391 - 23s - loss: 0.1012 - accuracy: 0.9805 - val_loss: 0.4779 - val_accuracy: 0.9092
Epoch 280/350
391/391 - 23s - loss: 0.1032 - accuracy: 0.9794 - val_loss: 0.4785 - val_accuracy: 0.9089
Epoch 281/350
391/391 - 23s - loss: 0.1000 - accuracy: 0.9806 - val_loss: 0.4766 - val_accuracy: 0.9100
Epoch 282/350
391/391 - 23s - loss: 0.1019 - accuracy: 0.9805 - val_loss: 0.4776 - val_accuracy: 0.9094
Epoch 283/350
391/391 - 23s - loss: 0.0998 - accuracy: 0.9809 - val_loss: 0.4819 - val_accuracy: 0.9087
Epoch 284/350
391/391 - 23s - loss: 0.1013 - accuracy: 0.9802 - val_loss: 0.4803 - val_accuracy: 0.9094
Epoch 285/350
391/391 - 23s - loss: 0.1004 - accuracy: 0.9805 - val_loss: 0.4801 - val_accuracy: 0.9096
Epoch 286/350
391/391 - 23s - loss: 0.0993 - accuracy: 0.9812 - val_loss: 0.4811 - val_accuracy: 0.9100
Epoch 287/350
391/391 - 23s - loss: 0.1001 - accuracy: 0.9808 - val_loss: 0.4785 - val_accuracy: 0.9100
Epoch 288/350
391/391 - 23s - loss: 0.1002 - accuracy: 0.9814 - val_loss: 0.4809 - val_accuracy: 0.9095
Epoch 289/350
391/391 - 23s - loss: 0.1011 - accuracy: 0.9800 - val_loss: 0.4800 - val_accuracy: 0.9097
Epoch 290/350
391/391 - 23s - loss: 0.0998 - accuracy: 0.9808 - val_loss: 0.4794 - val_accuracy: 0.9099
Epoch 291/350
391/391 - 23s - loss: 0.0996 - accuracy: 0.9809 - val_loss: 0.4792 - val_accuracy: 0.9104
Epoch 292/350
391/391 - 23s - loss: 0.1006 - accuracy: 0.9808 - val_loss: 0.4798 - val_accuracy: 0.9099
Epoch 293/350
391/391 - 23s - loss: 0.1014 - accuracy: 0.9805 - val_loss: 0.4810 - val_accuracy: 0.9092
Epoch 294/350
391/391 - 23s - loss: 0.1010 - accuracy: 0.9803 - val_loss: 0.4805 - val_accuracy: 0.9095
Epoch 295/350
391/391 - 23s - loss: 0.0997 - accuracy: 0.9805 - val_loss: 0.4811 - val_accuracy: 0.9098
Epoch 296/350
391/391 - 23s - loss: 0.0996 - accuracy: 0.9814 - val_loss: 0.4821 - val_accuracy: 0.9093
Epoch 297/350
391/391 - 23s - loss: 0.0993 - accuracy: 0.9806 - val_loss: 0.4825 - val_accuracy: 0.9098
Epoch 298/350
391/391 - 23s - loss: 0.1009 - accuracy: 0.9805 - val_loss: 0.4817 - val_accuracy: 0.9099
Epoch 299/350
391/391 - 23s - loss: 0.1016 - accuracy: 0.9811 - val_loss: 0.4825 - val_accuracy: 0.9096
Epoch 300/350


Snapshot weight 7 shuffle 6 at epoch 300
Layer 11
Getting activations...


391/391 - 23s - loss: 0.0975 - accuracy: 0.9816 - val_loss: 0.4833 - val_accuracy: 0.9092
Epoch 301/350
391/391 - 23s - loss: 0.1009 - accuracy: 0.9800 - val_loss: 0.4830 - val_accuracy: 0.9091
Epoch 302/350
391/391 - 23s - loss: 0.1019 - accuracy: 0.9805 - val_loss: 0.4829 - val_accuracy: 0.9095
Epoch 303/350
391/391 - 23s - loss: 0.1002 - accuracy: 0.9809 - val_loss: 0.4826 - val_accuracy: 0.9094
Epoch 304/350
391/391 - 23s - loss: 0.1016 - accuracy: 0.9805 - val_loss: 0.4821 - val_accuracy: 0.9093
Epoch 305/350
391/391 - 23s - loss: 0.1005 - accuracy: 0.9800 - val_loss: 0.4819 - val_accuracy: 0.9095
Epoch 306/350
391/391 - 23s - loss: 0.1012 - accuracy: 0.9799 - val_loss: 0.4815 - val_accuracy: 0.9095
Epoch 307/350
391/391 - 23s - loss: 0.1004 - accuracy: 0.9806 - val_loss: 0.4816 - val_accuracy: 0.9093
Epoch 308/350
391/391 - 23s - loss: 0.0992 - accuracy: 0.9805 - val_loss: 0.4815 - val_accuracy: 0.9093
Epoch 309/350
391/391 - 23s - loss: 0.0981 - accuracy: 0.9815 - val_loss: 0.4816 - val_accuracy: 0.9095
Epoch 310/350
391/391 - 23s - loss: 0.1000 - accuracy: 0.9801 - val_loss: 0.4810 - val_accuracy: 0.9094
Epoch 311/350
391/391 - 23s - loss: 0.1008 - accuracy: 0.9810 - val_loss: 0.4812 - val_accuracy: 0.9094
Epoch 312/350
391/391 - 23s - loss: 0.0986 - accuracy: 0.9818 - val_loss: 0.4812 - val_accuracy: 0.9095
Epoch 313/350
391/391 - 23s - loss: 0.0993 - accuracy: 0.9809 - val_loss: 0.4812 - val_accuracy: 0.9095
Epoch 314/350
391/391 - 23s - loss: 0.1003 - accuracy: 0.9809 - val_loss: 0.4809 - val_accuracy: 0.9096
Epoch 315/350
391/391 - 23s - loss: 0.1004 - accuracy: 0.9802 - val_loss: 0.4804 - val_accuracy: 0.9094
Epoch 316/350
391/391 - 23s - loss: 0.1012 - accuracy: 0.9804 - val_loss: 0.4810 - val_accuracy: 0.9096
Epoch 317/350
391/391 - 23s - loss: 0.0997 - accuracy: 0.9813 - val_loss: 0.4806 - val_accuracy: 0.9099
Epoch 318/350
391/391 - 23s - loss: 0.1003 - accuracy: 0.9810 - val_loss: 0.4810 - val_accuracy: 0.9100
Epoch 319/350
391/391 - 23s - loss: 0.0999 - accuracy: 0.9814 - val_loss: 0.4804 - val_accuracy: 0.9100
Epoch 320/350
391/391 - 23s - loss: 0.0996 - accuracy: 0.9808 - val_loss: 0.4803 - val_accuracy: 0.9100
Epoch 321/350
391/391 - 23s - loss: 0.0990 - accuracy: 0.9812 - val_loss: 0.4805 - val_accuracy: 0.9098
Epoch 322/350
391/391 - 23s - loss: 0.0986 - accuracy: 0.9811 - val_loss: 0.4806 - val_accuracy: 0.9100
Epoch 323/350
391/391 - 23s - loss: 0.1012 - accuracy: 0.9807 - val_loss: 0.4807 - val_accuracy: 0.9097
Epoch 324/350
391/391 - 23s - loss: 0.0980 - accuracy: 0.9812 - val_loss: 0.4804 - val_accuracy: 0.9098
Epoch 325/350
391/391 - 23s - loss: 0.1010 - accuracy: 0.9805 - val_loss: 0.4807 - val_accuracy: 0.9097
Epoch 326/350
391/391 - 23s - loss: 0.0991 - accuracy: 0.9812 - val_loss: 0.4804 - val_accuracy: 0.9100
Epoch 327/350
391/391 - 23s - loss: 0.0986 - accuracy: 0.9809 - val_loss: 0.4804 - val_accuracy: 0.9100
Epoch 328/350
391/391 - 23s - loss: 0.0992 - accuracy: 0.9809 - val_loss: 0.4808 - val_accuracy: 0.9098
Epoch 329/350
391/391 - 23s - loss: 0.1014 - accuracy: 0.9808 - val_loss: 0.4804 - val_accuracy: 0.9097
Epoch 330/350
391/391 - 23s - loss: 0.0995 - accuracy: 0.9815 - val_loss: 0.4802 - val_accuracy: 0.9096
Epoch 331/350
391/391 - 23s - loss: 0.1017 - accuracy: 0.9803 - val_loss: 0.4801 - val_accuracy: 0.9097
Epoch 332/350
391/391 - 23s - loss: 0.1002 - accuracy: 0.9814 - val_loss: 0.4803 - val_accuracy: 0.9096
Epoch 333/350
391/391 - 23s - loss: 0.1014 - accuracy: 0.9801 - val_loss: 0.4806 - val_accuracy: 0.9095
Epoch 334/350
391/391 - 23s - loss: 0.1002 - accuracy: 0.9808 - val_loss: 0.4807 - val_accuracy: 0.9097
Epoch 335/350
391/391 - 23s - loss: 0.1007 - accuracy: 0.9808 - val_loss: 0.4804 - val_accuracy: 0.9098
Epoch 336/350
391/391 - 23s - loss: 0.1007 - accuracy: 0.9803 - val_loss: 0.4808 - val_accuracy: 0.9096
Epoch 337/350
391/391 - 23s - loss: 0.0997 - accuracy: 0.9818 - val_loss: 0.4809 - val_accuracy: 0.9097
Epoch 338/350
391/391 - 23s - loss: 0.0984 - accuracy: 0.9814 - val_loss: 0.4809 - val_accuracy: 0.9097
Epoch 339/350
391/391 - 23s - loss: 0.0966 - accuracy: 0.9816 - val_loss: 0.4816 - val_accuracy: 0.9097
Epoch 340/350
391/391 - 23s - loss: 0.0989 - accuracy: 0.9811 - val_loss: 0.4814 - val_accuracy: 0.9095
Epoch 341/350
391/391 - 23s - loss: 0.1022 - accuracy: 0.9797 - val_loss: 0.4810 - val_accuracy: 0.9098
Epoch 342/350
391/391 - 23s - loss: 0.0998 - accuracy: 0.9812 - val_loss: 0.4806 - val_accuracy: 0.9099
Epoch 343/350
391/391 - 23s - loss: 0.1006 - accuracy: 0.9810 - val_loss: 0.4802 - val_accuracy: 0.9098
Epoch 344/350
391/391 - 23s - loss: 0.1009 - accuracy: 0.9805 - val_loss: 0.4803 - val_accuracy: 0.9097
Epoch 345/350
391/391 - 23s - loss: 0.1004 - accuracy: 0.9806 - val_loss: 0.4804 - val_accuracy: 0.9097
Epoch 346/350
391/391 - 23s - loss: 0.0997 - accuracy: 0.9808 - val_loss: 0.4808 - val_accuracy: 0.9097
Epoch 347/350
391/391 - 23s - loss: 0.1008 - accuracy: 0.9797 - val_loss: 0.4804 - val_accuracy: 0.9098
Epoch 348/350
391/391 - 23s - loss: 0.0998 - accuracy: 0.9811 - val_loss: 0.4807 - val_accuracy: 0.9099
Epoch 349/350
391/391 - 23s - loss: 0.1000 - accuracy: 0.9810 - val_loss: 0.4804 - val_accuracy: 0.9098
Epoch 350/350


Snapshot weight 7 shuffle 6 at epoch 350
Layer 11
Getting activations...


391/391 - 23s - loss: 0.1007 - accuracy: 0.9807 - val_loss: 0.4807 - val_accuracy: 0.9099
/usr/local/lib/python3.6/dist-packages/tensorflow/python/autograph/impl/api.py:493: UserWarning: fill_value is not supported and is always 0 for TensorFlow < 2.4.0.
  return py_builtins.overload_of(f)(*args)
WARNING:tensorflow:From /usr/local/lib/python3.6/dist-packages/tensorflow/python/training/tracking/tracking.py:111: Model.state_updates (from tensorflow.python.keras.engine.training) is deprecated and will be removed in a future version.
Instructions for updating:
This property should not be used in TensorFlow 2.0, as updates are applied automatically.
2021-07-02 14:18:10.289819: W tensorflow/python/util/util.cc:348] Sets are not currently considered sequences, but this may change in the future, so consider avoiding using them.
WARNING:tensorflow:From /usr/local/lib/python3.6/dist-packages/tensorflow/python/training/tracking/tracking.py:111: Layer.updates (from tensorflow.python.keras.engine.base_layer) is deprecated and will be removed in a future version.
Instructions for updating:
This property should not be used in TensorFlow 2.0, as updates are applied automatically.
Saving, final validation acc: 0.9099000096321106
