2021-07-01 16:11:53.032194: I tensorflow/stream_executor/platform/default/dso_loader.cc:48] Successfully opened dynamic library libcudart.so.10.1
2021-07-01 16:13:14.595924: I tensorflow/stream_executor/platform/default/dso_loader.cc:48] Successfully opened dynamic library libcuda.so.1
2021-07-01 16:13:14.623694: I tensorflow/core/common_runtime/gpu/gpu_device.cc:1716] Found device 0 with properties: 
pciBusID: 0000:03:00.0 name: NVIDIA TITAN X (Pascal) computeCapability: 6.1
coreClock: 1.531GHz coreCount: 28 deviceMemorySize: 11.91GiB deviceMemoryBandwidth: 447.48GiB/s
2021-07-01 16:13:14.623777: I tensorflow/stream_executor/platform/default/dso_loader.cc:48] Successfully opened dynamic library libcudart.so.10.1
2021-07-01 16:13:14.666307: I tensorflow/stream_executor/platform/default/dso_loader.cc:48] Successfully opened dynamic library libcublas.so.10
2021-07-01 16:13:14.687633: I tensorflow/stream_executor/platform/default/dso_loader.cc:48] Successfully opened dynamic library libcufft.so.10
2021-07-01 16:13:14.695955: I tensorflow/stream_executor/platform/default/dso_loader.cc:48] Successfully opened dynamic library libcurand.so.10
2021-07-01 16:13:14.740348: I tensorflow/stream_executor/platform/default/dso_loader.cc:48] Successfully opened dynamic library libcusolver.so.10
2021-07-01 16:13:14.749181: I tensorflow/stream_executor/platform/default/dso_loader.cc:48] Successfully opened dynamic library libcusparse.so.10
2021-07-01 16:13:14.828435: I tensorflow/stream_executor/platform/default/dso_loader.cc:48] Successfully opened dynamic library libcudnn.so.7
2021-07-01 16:13:14.830994: I tensorflow/core/common_runtime/gpu/gpu_device.cc:1858] Adding visible gpu devices: 0
2021-07-01 16:13:14.834907: I tensorflow/core/platform/cpu_feature_guard.cc:142] This TensorFlow binary is optimized with oneAPI Deep Neural Network Library (oneDNN)to use the following CPU instructions in performance-critical operations:  AVX2 FMA
To enable them in other operations, rebuild TensorFlow with the appropriate compiler flags.
2021-07-01 16:13:14.851314: I tensorflow/core/platform/profile_utils/cpu_utils.cc:104] CPU Frequency: 2599865000 Hz
2021-07-01 16:13:14.851446: I tensorflow/compiler/xla/service/service.cc:168] XLA service 0x44c7390 initialized for platform Host (this does not guarantee that XLA will be used). Devices:
2021-07-01 16:13:14.851481: I tensorflow/compiler/xla/service/service.cc:176]   StreamExecutor device (0): Host, Default Version
2021-07-01 16:13:15.004141: I tensorflow/compiler/xla/service/service.cc:168] XLA service 0x44c4fa0 initialized for platform CUDA (this does not guarantee that XLA will be used). Devices:
2021-07-01 16:13:15.004210: I tensorflow/compiler/xla/service/service.cc:176]   StreamExecutor device (0): NVIDIA TITAN X (Pascal), Compute Capability 6.1
2021-07-01 16:13:15.006491: I tensorflow/core/common_runtime/gpu/gpu_device.cc:1716] Found device 0 with properties: 
pciBusID: 0000:03:00.0 name: NVIDIA TITAN X (Pascal) computeCapability: 6.1
coreClock: 1.531GHz coreCount: 28 deviceMemorySize: 11.91GiB deviceMemoryBandwidth: 447.48GiB/s
2021-07-01 16:13:15.006531: I tensorflow/stream_executor/platform/default/dso_loader.cc:48] Successfully opened dynamic library libcudart.so.10.1
2021-07-01 16:13:15.006565: I tensorflow/stream_executor/platform/default/dso_loader.cc:48] Successfully opened dynamic library libcublas.so.10
2021-07-01 16:13:15.006585: I tensorflow/stream_executor/platform/default/dso_loader.cc:48] Successfully opened dynamic library libcufft.so.10
2021-07-01 16:13:15.006603: I tensorflow/stream_executor/platform/default/dso_loader.cc:48] Successfully opened dynamic library libcurand.so.10
2021-07-01 16:13:15.006622: I tensorflow/stream_executor/platform/default/dso_loader.cc:48] Successfully opened dynamic library libcusolver.so.10
2021-07-01 16:13:15.006640: I tensorflow/stream_executor/platform/default/dso_loader.cc:48] Successfully opened dynamic library libcusparse.so.10
2021-07-01 16:13:15.011186: I tensorflow/stream_executor/platform/default/dso_loader.cc:48] Successfully opened dynamic library libcudnn.so.7
2021-07-01 16:13:15.012865: I tensorflow/core/common_runtime/gpu/gpu_device.cc:1858] Adding visible gpu devices: 0
2021-07-01 16:13:15.014602: I tensorflow/stream_executor/platform/default/dso_loader.cc:48] Successfully opened dynamic library libcudart.so.10.1
2021-07-01 16:13:16.781626: I tensorflow/core/common_runtime/gpu/gpu_device.cc:1257] Device interconnect StreamExecutor with strength 1 edge matrix:
2021-07-01 16:13:16.781710: I tensorflow/core/common_runtime/gpu/gpu_device.cc:1263]      0 
2021-07-01 16:13:16.781723: I tensorflow/core/common_runtime/gpu/gpu_device.cc:1276] 0:   N 
2021-07-01 16:13:16.787441: I tensorflow/core/common_runtime/gpu/gpu_device.cc:1402] Created TensorFlow device (/job:localhost/replica:0/task:0/device:GPU:0 with 11228 MB memory) -> physical GPU (device: 0, name: NVIDIA TITAN X (Pascal), pci bus id: 0000:03:00.0, compute capability: 6.1)
2021-07-01 16:13:22.412682: I tensorflow/stream_executor/platform/default/dso_loader.cc:48] Successfully opened dynamic library libcudnn.so.7
2021-07-01 16:13:24.831972: I tensorflow/stream_executor/platform/default/dso_loader.cc:48] Successfully opened dynamic library libcublas.so.10
Using model index: 1
Making train data...
GCN...
ZCA...
Done!
Making test data...
Done!
Epoch 1/350


Snapshot weight 1 shuffle 0 at epoch 1
Layer 11
Getting activations...


391/391 - 25s - loss: 2.3181 - accuracy: 0.1099 - val_loss: 2.2710 - val_accuracy: 0.1379
Epoch 2/350


Snapshot weight 1 shuffle 0 at epoch 2
Layer 11
Getting activations...


391/391 - 24s - loss: 2.2430 - accuracy: 0.1446 - val_loss: 2.1977 - val_accuracy: 0.1618
Epoch 3/350


Snapshot weight 1 shuffle 0 at epoch 3
Layer 11
Getting activations...


391/391 - 25s - loss: 2.2332 - accuracy: 0.1283 - val_loss: 2.2157 - val_accuracy: 0.1129
Epoch 4/350


Snapshot weight 1 shuffle 0 at epoch 4
Layer 11
Getting activations...


391/391 - 25s - loss: 2.2171 - accuracy: 0.1302 - val_loss: 2.1927 - val_accuracy: 0.1260
Epoch 5/350


Snapshot weight 1 shuffle 0 at epoch 5
Layer 11
Getting activations...


391/391 - 25s - loss: 2.2045 - accuracy: 0.1325 - val_loss: 2.1748 - val_accuracy: 0.1310
Epoch 6/350


Snapshot weight 1 shuffle 0 at epoch 6
Layer 11
Getting activations...


391/391 - 25s - loss: 2.1875 - accuracy: 0.1349 - val_loss: 2.1753 - val_accuracy: 0.1382
Epoch 7/350


Snapshot weight 1 shuffle 0 at epoch 7
Layer 11
Getting activations...


391/391 - 25s - loss: 2.1749 - accuracy: 0.1423 - val_loss: 2.2710 - val_accuracy: 0.1442
Epoch 8/350


Snapshot weight 1 shuffle 0 at epoch 8
Layer 11
Getting activations...


391/391 - 25s - loss: 2.1594 - accuracy: 0.1488 - val_loss: 2.1507 - val_accuracy: 0.1474
Epoch 9/350


Snapshot weight 1 shuffle 0 at epoch 9
Layer 11
Getting activations...


391/391 - 25s - loss: 2.1484 - accuracy: 0.1539 - val_loss: 2.1961 - val_accuracy: 0.1492
Epoch 10/350


Snapshot weight 1 shuffle 0 at epoch 10
Layer 11
Getting activations...


391/391 - 25s - loss: 2.1329 - accuracy: 0.1869 - val_loss: 2.1371 - val_accuracy: 0.1541
Epoch 11/350
391/391 - 25s - loss: 2.1286 - accuracy: 0.1588 - val_loss: 2.1172 - val_accuracy: 0.1606
Epoch 12/350
391/391 - 25s - loss: 2.1177 - accuracy: 0.1623 - val_loss: 2.1252 - val_accuracy: 0.1578
Epoch 13/350
391/391 - 25s - loss: 2.1088 - accuracy: 0.1645 - val_loss: 2.1203 - val_accuracy: 0.1680
Epoch 14/350
391/391 - 25s - loss: 2.1077 - accuracy: 0.1637 - val_loss: 2.1429 - val_accuracy: 0.1621
Epoch 15/350
391/391 - 25s - loss: 2.0970 - accuracy: 0.1675 - val_loss: 2.1422 - val_accuracy: 0.1538
Epoch 16/350
391/391 - 25s - loss: 2.0936 - accuracy: 0.1689 - val_loss: 2.0814 - val_accuracy: 0.1688
Epoch 17/350
391/391 - 25s - loss: 2.0846 - accuracy: 0.1706 - val_loss: 2.0885 - val_accuracy: 0.1673
Epoch 18/350
391/391 - 25s - loss: 2.0839 - accuracy: 0.1712 - val_loss: 2.0737 - val_accuracy: 0.1689
Epoch 19/350
391/391 - 24s - loss: 2.0763 - accuracy: 0.1721 - val_loss: 2.1298 - val_accuracy: 0.1629
Epoch 20/350
391/391 - 25s - loss: 2.0711 - accuracy: 0.1736 - val_loss: 2.2980 - val_accuracy: 0.1487
Epoch 21/350
391/391 - 25s - loss: 2.0674 - accuracy: 0.1743 - val_loss: 2.0976 - val_accuracy: 0.1717
Epoch 22/350
391/391 - 25s - loss: 2.0656 - accuracy: 0.1754 - val_loss: 2.0602 - val_accuracy: 0.1726
Epoch 23/350
391/391 - 25s - loss: 2.0622 - accuracy: 0.1764 - val_loss: 2.1127 - val_accuracy: 0.1660
Epoch 24/350
391/391 - 25s - loss: 2.0454 - accuracy: 0.1997 - val_loss: 2.0803 - val_accuracy: 0.2242
Epoch 25/350
391/391 - 25s - loss: 1.9214 - accuracy: 0.2636 - val_loss: 1.9884 - val_accuracy: 0.2351
Epoch 26/350
391/391 - 25s - loss: 1.8164 - accuracy: 0.3103 - val_loss: 1.7423 - val_accuracy: 0.3136
Epoch 27/350
391/391 - 25s - loss: 1.7731 - accuracy: 0.3098 - val_loss: 1.7781 - val_accuracy: 0.3198
Epoch 28/350
391/391 - 25s - loss: 1.7344 - accuracy: 0.3213 - val_loss: 1.6997 - val_accuracy: 0.3330
Epoch 29/350
391/391 - 25s - loss: 1.7095 - accuracy: 0.3344 - val_loss: 1.6805 - val_accuracy: 0.3344
Epoch 30/350
391/391 - 25s - loss: 1.6927 - accuracy: 0.3347 - val_loss: 1.7405 - val_accuracy: 0.3369
Epoch 31/350
391/391 - 25s - loss: 1.6824 - accuracy: 0.3376 - val_loss: 1.6633 - val_accuracy: 0.3484
Epoch 32/350
391/391 - 25s - loss: 1.6655 - accuracy: 0.3744 - val_loss: 1.7063 - val_accuracy: 0.3413
Epoch 33/350
391/391 - 25s - loss: 1.6614 - accuracy: 0.3444 - val_loss: 1.6554 - val_accuracy: 0.3641
Epoch 34/350
391/391 - 25s - loss: 1.5994 - accuracy: 0.4467 - val_loss: 1.5100 - val_accuracy: 0.4898
Epoch 35/350
391/391 - 25s - loss: 1.5437 - accuracy: 0.4858 - val_loss: 1.4950 - val_accuracy: 0.5024
Epoch 36/350
391/391 - 25s - loss: 1.4670 - accuracy: 0.5084 - val_loss: 1.4817 - val_accuracy: 0.5122
Epoch 37/350
391/391 - 25s - loss: 1.4317 - accuracy: 0.5201 - val_loss: 1.4092 - val_accuracy: 0.5354
Epoch 38/350
391/391 - 25s - loss: 1.3752 - accuracy: 0.5443 - val_loss: 1.2320 - val_accuracy: 0.6073
Epoch 39/350
391/391 - 25s - loss: 1.2538 - accuracy: 0.5946 - val_loss: 1.2857 - val_accuracy: 0.5943
Epoch 40/350
391/391 - 25s - loss: 1.1013 - accuracy: 0.6495 - val_loss: 1.0478 - val_accuracy: 0.6738
Epoch 41/350
391/391 - 25s - loss: 1.0445 - accuracy: 0.6682 - val_loss: 1.0205 - val_accuracy: 0.6800
Epoch 42/350
391/391 - 25s - loss: 1.0060 - accuracy: 0.6812 - val_loss: 0.9322 - val_accuracy: 0.7051
Epoch 43/350
391/391 - 25s - loss: 0.9792 - accuracy: 0.6929 - val_loss: 0.9961 - val_accuracy: 0.6863
Epoch 44/350
391/391 - 25s - loss: 0.9529 - accuracy: 0.7023 - val_loss: 1.0380 - val_accuracy: 0.6987
Epoch 45/350
391/391 - 25s - loss: 0.9358 - accuracy: 0.7053 - val_loss: 1.0211 - val_accuracy: 0.6828
Epoch 46/350
391/391 - 25s - loss: 0.9117 - accuracy: 0.7151 - val_loss: 0.9708 - val_accuracy: 0.6941
Epoch 47/350
391/391 - 25s - loss: 0.8923 - accuracy: 0.7206 - val_loss: 0.8551 - val_accuracy: 0.7335
Epoch 48/350
391/391 - 25s - loss: 0.8810 - accuracy: 0.7228 - val_loss: 0.9426 - val_accuracy: 0.7212
Epoch 49/350
391/391 - 25s - loss: 0.8643 - accuracy: 0.7295 - val_loss: 0.9148 - val_accuracy: 0.7142
Epoch 50/350


Snapshot weight 1 shuffle 0 at epoch 50
Layer 11
Getting activations...


391/391 - 25s - loss: 0.8505 - accuracy: 0.7319 - val_loss: 0.8607 - val_accuracy: 0.7329
Epoch 51/350
391/391 - 25s - loss: 0.8365 - accuracy: 0.7360 - val_loss: 0.9185 - val_accuracy: 0.7299
Epoch 52/350
391/391 - 25s - loss: 0.7993 - accuracy: 0.7489 - val_loss: 0.7609 - val_accuracy: 0.7626
Epoch 53/350
391/391 - 25s - loss: 0.6600 - accuracy: 0.7862 - val_loss: 0.6186 - val_accuracy: 0.8018
Epoch 54/350
391/391 - 25s - loss: 0.6272 - accuracy: 0.7973 - val_loss: 0.6311 - val_accuracy: 0.7949
Epoch 55/350
391/391 - 25s - loss: 0.6084 - accuracy: 0.8014 - val_loss: 0.5691 - val_accuracy: 0.8201
Epoch 56/350
391/391 - 24s - loss: 0.5910 - accuracy: 0.8075 - val_loss: 0.5706 - val_accuracy: 0.8184
Epoch 57/350
391/391 - 25s - loss: 0.5744 - accuracy: 0.8116 - val_loss: 0.5786 - val_accuracy: 0.8155
Epoch 58/350
391/391 - 25s - loss: 0.5637 - accuracy: 0.8175 - val_loss: 0.5595 - val_accuracy: 0.8284
Epoch 59/350
391/391 - 25s - loss: 0.5607 - accuracy: 0.8180 - val_loss: 0.5414 - val_accuracy: 0.8263
Epoch 60/350
391/391 - 25s - loss: 0.5458 - accuracy: 0.8214 - val_loss: 0.5448 - val_accuracy: 0.8251
Epoch 61/350
391/391 - 25s - loss: 0.5260 - accuracy: 0.8292 - val_loss: 0.6205 - val_accuracy: 0.8082
Epoch 62/350
391/391 - 25s - loss: 0.5194 - accuracy: 0.8320 - val_loss: 0.5270 - val_accuracy: 0.8312
Epoch 63/350
391/391 - 25s - loss: 0.5117 - accuracy: 0.8344 - val_loss: 0.5391 - val_accuracy: 0.8303
Epoch 64/350
391/391 - 25s - loss: 0.4967 - accuracy: 0.8384 - val_loss: 0.4961 - val_accuracy: 0.8421
Epoch 65/350
391/391 - 25s - loss: 0.4892 - accuracy: 0.8419 - val_loss: 0.4615 - val_accuracy: 0.8533
Epoch 66/350
391/391 - 25s - loss: 0.4824 - accuracy: 0.8428 - val_loss: 0.5234 - val_accuracy: 0.8342
Epoch 67/350
391/391 - 25s - loss: 0.4772 - accuracy: 0.8475 - val_loss: 0.5141 - val_accuracy: 0.8403
Epoch 68/350
391/391 - 25s - loss: 0.4694 - accuracy: 0.8475 - val_loss: 0.5180 - val_accuracy: 0.8358
Epoch 69/350
391/391 - 25s - loss: 0.4610 - accuracy: 0.8497 - val_loss: 0.5038 - val_accuracy: 0.8435
Epoch 70/350
391/391 - 25s - loss: 0.4546 - accuracy: 0.8555 - val_loss: 0.4906 - val_accuracy: 0.8495
Epoch 71/350
391/391 - 25s - loss: 0.4445 - accuracy: 0.8568 - val_loss: 0.4656 - val_accuracy: 0.8520
Epoch 72/350
391/391 - 25s - loss: 0.4404 - accuracy: 0.8564 - val_loss: 0.4403 - val_accuracy: 0.8640
Epoch 73/350
391/391 - 25s - loss: 0.4320 - accuracy: 0.8608 - val_loss: 0.4835 - val_accuracy: 0.8534
Epoch 74/350
391/391 - 25s - loss: 0.4290 - accuracy: 0.8636 - val_loss: 0.4450 - val_accuracy: 0.8618
Epoch 75/350
391/391 - 24s - loss: 0.4215 - accuracy: 0.8663 - val_loss: 0.4559 - val_accuracy: 0.8608
Epoch 76/350
391/391 - 25s - loss: 0.4174 - accuracy: 0.8661 - val_loss: 0.4839 - val_accuracy: 0.8489
Epoch 77/350
391/391 - 25s - loss: 0.4133 - accuracy: 0.8677 - val_loss: 0.4305 - val_accuracy: 0.8687
Epoch 78/350
391/391 - 25s - loss: 0.4061 - accuracy: 0.8707 - val_loss: 0.4189 - val_accuracy: 0.8683
Epoch 79/350
391/391 - 25s - loss: 0.3964 - accuracy: 0.8742 - val_loss: 0.4221 - val_accuracy: 0.8700
Epoch 80/350
391/391 - 25s - loss: 0.3956 - accuracy: 0.8741 - val_loss: 0.4218 - val_accuracy: 0.8726
Epoch 81/350
391/391 - 25s - loss: 0.3853 - accuracy: 0.8770 - val_loss: 0.4407 - val_accuracy: 0.8642
Epoch 82/350
391/391 - 25s - loss: 0.3824 - accuracy: 0.8791 - val_loss: 0.4468 - val_accuracy: 0.8659
Epoch 83/350
391/391 - 25s - loss: 0.3826 - accuracy: 0.8790 - val_loss: 0.4308 - val_accuracy: 0.8630
Epoch 84/350
391/391 - 25s - loss: 0.3795 - accuracy: 0.8795 - val_loss: 0.4299 - val_accuracy: 0.8720
Epoch 85/350
391/391 - 25s - loss: 0.3703 - accuracy: 0.8819 - val_loss: 0.4597 - val_accuracy: 0.8567
Epoch 86/350
391/391 - 24s - loss: 0.3712 - accuracy: 0.8817 - val_loss: 0.4312 - val_accuracy: 0.8666
Epoch 87/350
391/391 - 25s - loss: 0.3649 - accuracy: 0.8852 - val_loss: 0.4223 - val_accuracy: 0.8704
Epoch 88/350
391/391 - 25s - loss: 0.3647 - accuracy: 0.8845 - val_loss: 0.4405 - val_accuracy: 0.8687
Epoch 89/350
391/391 - 25s - loss: 0.3511 - accuracy: 0.8889 - val_loss: 0.4181 - val_accuracy: 0.8731
Epoch 90/350
391/391 - 25s - loss: 0.3528 - accuracy: 0.8887 - val_loss: 0.4291 - val_accuracy: 0.8738
Epoch 91/350
391/391 - 25s - loss: 0.3517 - accuracy: 0.8881 - val_loss: 0.4831 - val_accuracy: 0.8536
Epoch 92/350
391/391 - 25s - loss: 0.3465 - accuracy: 0.8898 - val_loss: 0.4261 - val_accuracy: 0.8724
Epoch 93/350
391/391 - 25s - loss: 0.3347 - accuracy: 0.8949 - val_loss: 0.4119 - val_accuracy: 0.8767
Epoch 94/350
391/391 - 25s - loss: 0.3375 - accuracy: 0.8933 - val_loss: 0.4182 - val_accuracy: 0.8732
Epoch 95/350
391/391 - 25s - loss: 0.3335 - accuracy: 0.8937 - val_loss: 0.4411 - val_accuracy: 0.8722
Epoch 96/350
391/391 - 25s - loss: 0.3273 - accuracy: 0.8974 - val_loss: 0.4101 - val_accuracy: 0.8802
Epoch 97/350
391/391 - 25s - loss: 0.3307 - accuracy: 0.8961 - val_loss: 0.4557 - val_accuracy: 0.8702
Epoch 98/350
391/391 - 25s - loss: 0.3260 - accuracy: 0.8972 - val_loss: 0.4280 - val_accuracy: 0.8765
Epoch 99/350
391/391 - 25s - loss: 0.3205 - accuracy: 0.8994 - val_loss: 0.4148 - val_accuracy: 0.8794
Epoch 100/350


Snapshot weight 1 shuffle 0 at epoch 100
Layer 11
Getting activations...


391/391 - 25s - loss: 0.3200 - accuracy: 0.9005 - val_loss: 0.4165 - val_accuracy: 0.8797
Epoch 101/350
391/391 - 25s - loss: 0.3168 - accuracy: 0.9004 - val_loss: 0.4250 - val_accuracy: 0.8772
Epoch 102/350
391/391 - 25s - loss: 0.3141 - accuracy: 0.9018 - val_loss: 0.3873 - val_accuracy: 0.8879
Epoch 103/350
391/391 - 25s - loss: 0.3085 - accuracy: 0.9040 - val_loss: 0.3915 - val_accuracy: 0.8868
Epoch 104/350
391/391 - 25s - loss: 0.3093 - accuracy: 0.9032 - val_loss: 0.3909 - val_accuracy: 0.8844
Epoch 105/350
391/391 - 25s - loss: 0.3061 - accuracy: 0.9051 - val_loss: 0.3906 - val_accuracy: 0.8883
Epoch 106/350
391/391 - 25s - loss: 0.3046 - accuracy: 0.9059 - val_loss: 0.3928 - val_accuracy: 0.8858
Epoch 107/350
391/391 - 24s - loss: 0.2997 - accuracy: 0.9061 - val_loss: 0.3878 - val_accuracy: 0.8903
Epoch 108/350
391/391 - 25s - loss: 0.2970 - accuracy: 0.9086 - val_loss: 0.4152 - val_accuracy: 0.8845
Epoch 109/350
391/391 - 25s - loss: 0.2939 - accuracy: 0.9073 - val_loss: 0.3864 - val_accuracy: 0.8892
Epoch 110/350
391/391 - 25s - loss: 0.2922 - accuracy: 0.9100 - val_loss: 0.4061 - val_accuracy: 0.8863
Epoch 111/350
391/391 - 25s - loss: 0.2892 - accuracy: 0.9104 - val_loss: 0.4214 - val_accuracy: 0.8833
Epoch 112/350
391/391 - 25s - loss: 0.2910 - accuracy: 0.9093 - val_loss: 0.4505 - val_accuracy: 0.8756
Epoch 113/350
391/391 - 25s - loss: 0.2900 - accuracy: 0.9106 - val_loss: 0.3929 - val_accuracy: 0.8878
Epoch 114/350
391/391 - 25s - loss: 0.2828 - accuracy: 0.9117 - val_loss: 0.4349 - val_accuracy: 0.8776
Epoch 115/350
391/391 - 25s - loss: 0.2767 - accuracy: 0.9162 - val_loss: 0.4513 - val_accuracy: 0.8777
Epoch 116/350
391/391 - 25s - loss: 0.2767 - accuracy: 0.9144 - val_loss: 0.4256 - val_accuracy: 0.8853
Epoch 117/350
391/391 - 25s - loss: 0.2757 - accuracy: 0.9156 - val_loss: 0.4060 - val_accuracy: 0.8853
Epoch 118/350
391/391 - 25s - loss: 0.2743 - accuracy: 0.9153 - val_loss: 0.4122 - val_accuracy: 0.8824
Epoch 119/350
391/391 - 25s - loss: 0.2651 - accuracy: 0.9186 - val_loss: 0.4250 - val_accuracy: 0.8818
Epoch 120/350
391/391 - 25s - loss: 0.2609 - accuracy: 0.9187 - val_loss: 0.4174 - val_accuracy: 0.8863
Epoch 121/350
391/391 - 25s - loss: 0.2663 - accuracy: 0.9182 - val_loss: 0.3864 - val_accuracy: 0.8954
Epoch 122/350
391/391 - 25s - loss: 0.2685 - accuracy: 0.9173 - val_loss: 0.4152 - val_accuracy: 0.8906
Epoch 123/350
391/391 - 25s - loss: 0.2631 - accuracy: 0.9191 - val_loss: 0.4066 - val_accuracy: 0.8863
Epoch 124/350
391/391 - 25s - loss: 0.2635 - accuracy: 0.9203 - val_loss: 0.4130 - val_accuracy: 0.8891
Epoch 125/350
391/391 - 25s - loss: 0.2568 - accuracy: 0.9227 - val_loss: 0.4085 - val_accuracy: 0.8904
Epoch 126/350
391/391 - 25s - loss: 0.2587 - accuracy: 0.9225 - val_loss: 0.3980 - val_accuracy: 0.8928
Epoch 127/350
391/391 - 25s - loss: 0.2605 - accuracy: 0.9222 - val_loss: 0.3938 - val_accuracy: 0.8932
Epoch 128/350
391/391 - 25s - loss: 0.2583 - accuracy: 0.9219 - val_loss: 0.4055 - val_accuracy: 0.8877
Epoch 129/350
391/391 - 25s - loss: 0.2515 - accuracy: 0.9244 - val_loss: 0.4521 - val_accuracy: 0.8792
Epoch 130/350
391/391 - 25s - loss: 0.2479 - accuracy: 0.9257 - val_loss: 0.3895 - val_accuracy: 0.8922
Epoch 131/350
391/391 - 25s - loss: 0.2500 - accuracy: 0.9248 - val_loss: 0.3861 - val_accuracy: 0.8958
Epoch 132/350
391/391 - 25s - loss: 0.2509 - accuracy: 0.9249 - val_loss: 0.4133 - val_accuracy: 0.8913
Epoch 133/350
391/391 - 25s - loss: 0.2412 - accuracy: 0.9267 - val_loss: 0.4040 - val_accuracy: 0.8885
Epoch 134/350
391/391 - 25s - loss: 0.2413 - accuracy: 0.9284 - val_loss: 0.4219 - val_accuracy: 0.8889
Epoch 135/350
391/391 - 25s - loss: 0.2417 - accuracy: 0.9271 - val_loss: 0.4337 - val_accuracy: 0.8847
Epoch 136/350
391/391 - 25s - loss: 0.2372 - accuracy: 0.9300 - val_loss: 0.4210 - val_accuracy: 0.8883
Epoch 137/350
391/391 - 25s - loss: 0.2373 - accuracy: 0.9282 - val_loss: 0.3764 - val_accuracy: 0.8960
Epoch 138/350
391/391 - 25s - loss: 0.2380 - accuracy: 0.9290 - val_loss: 0.4271 - val_accuracy: 0.8845
Epoch 139/350
391/391 - 25s - loss: 0.2351 - accuracy: 0.9310 - val_loss: 0.4144 - val_accuracy: 0.8905
Epoch 140/350
391/391 - 24s - loss: 0.2318 - accuracy: 0.9311 - val_loss: 0.3997 - val_accuracy: 0.8923
Epoch 141/350
391/391 - 25s - loss: 0.2340 - accuracy: 0.9302 - val_loss: 0.4125 - val_accuracy: 0.8895
Epoch 142/350
391/391 - 25s - loss: 0.2304 - accuracy: 0.9325 - val_loss: 0.3974 - val_accuracy: 0.8929
Epoch 143/350
391/391 - 25s - loss: 0.2300 - accuracy: 0.9319 - val_loss: 0.4165 - val_accuracy: 0.8976
Epoch 144/350
391/391 - 25s - loss: 0.2283 - accuracy: 0.9326 - val_loss: 0.4366 - val_accuracy: 0.8885
Epoch 145/350
391/391 - 25s - loss: 0.2283 - accuracy: 0.9329 - val_loss: 0.4556 - val_accuracy: 0.8834
Epoch 146/350
391/391 - 25s - loss: 0.2284 - accuracy: 0.9334 - val_loss: 0.4359 - val_accuracy: 0.8845
Epoch 147/350
391/391 - 25s - loss: 0.2262 - accuracy: 0.9333 - val_loss: 0.3848 - val_accuracy: 0.8944
Epoch 148/350
391/391 - 25s - loss: 0.2146 - accuracy: 0.9375 - val_loss: 0.4189 - val_accuracy: 0.8892
Epoch 149/350
391/391 - 25s - loss: 0.2205 - accuracy: 0.9353 - val_loss: 0.3917 - val_accuracy: 0.8975
Epoch 150/350


Snapshot weight 1 shuffle 0 at epoch 150
Layer 11
Getting activations...


391/391 - 25s - loss: 0.2226 - accuracy: 0.9345 - val_loss: 0.4257 - val_accuracy: 0.8894
Epoch 151/350
391/391 - 25s - loss: 0.2196 - accuracy: 0.9376 - val_loss: 0.4036 - val_accuracy: 0.8967
Epoch 152/350
391/391 - 25s - loss: 0.2135 - accuracy: 0.9382 - val_loss: 0.4224 - val_accuracy: 0.8898
Epoch 153/350
391/391 - 25s - loss: 0.2181 - accuracy: 0.9365 - val_loss: 0.4379 - val_accuracy: 0.8878
Epoch 154/350
391/391 - 25s - loss: 0.2153 - accuracy: 0.9369 - val_loss: 0.4114 - val_accuracy: 0.8956
Epoch 155/350
391/391 - 25s - loss: 0.2153 - accuracy: 0.9383 - val_loss: 0.4178 - val_accuracy: 0.8924
Epoch 156/350
391/391 - 25s - loss: 0.2145 - accuracy: 0.9377 - val_loss: 0.4208 - val_accuracy: 0.8932
Epoch 157/350
391/391 - 25s - loss: 0.2107 - accuracy: 0.9402 - val_loss: 0.4382 - val_accuracy: 0.8915
Epoch 158/350
391/391 - 25s - loss: 0.2122 - accuracy: 0.9387 - val_loss: 0.4501 - val_accuracy: 0.8924
Epoch 159/350
391/391 - 25s - loss: 0.2079 - accuracy: 0.9410 - val_loss: 0.4154 - val_accuracy: 0.8943
Epoch 160/350
391/391 - 25s - loss: 0.2079 - accuracy: 0.9398 - val_loss: 0.4051 - val_accuracy: 0.8968
Epoch 161/350
391/391 - 25s - loss: 0.2037 - accuracy: 0.9412 - val_loss: 0.4132 - val_accuracy: 0.8958
Epoch 162/350
391/391 - 25s - loss: 0.2060 - accuracy: 0.9405 - val_loss: 0.4024 - val_accuracy: 0.8990
Epoch 163/350
391/391 - 25s - loss: 0.2018 - accuracy: 0.9438 - val_loss: 0.4202 - val_accuracy: 0.8893
Epoch 164/350
391/391 - 25s - loss: 0.2057 - accuracy: 0.9418 - val_loss: 0.4064 - val_accuracy: 0.8976
Epoch 165/350
391/391 - 25s - loss: 0.2056 - accuracy: 0.9407 - val_loss: 0.4221 - val_accuracy: 0.8940
Epoch 166/350
391/391 - 25s - loss: 0.2035 - accuracy: 0.9417 - val_loss: 0.4173 - val_accuracy: 0.9002
Epoch 167/350
391/391 - 25s - loss: 0.2005 - accuracy: 0.9434 - val_loss: 0.4344 - val_accuracy: 0.8949
Epoch 168/350
391/391 - 25s - loss: 0.1996 - accuracy: 0.9437 - val_loss: 0.4337 - val_accuracy: 0.8951
Epoch 169/350
391/391 - 25s - loss: 0.1984 - accuracy: 0.9431 - val_loss: 0.4145 - val_accuracy: 0.8954
Epoch 170/350
391/391 - 25s - loss: 0.1993 - accuracy: 0.9441 - val_loss: 0.4181 - val_accuracy: 0.8997
Epoch 171/350
391/391 - 25s - loss: 0.1954 - accuracy: 0.9461 - val_loss: 0.4485 - val_accuracy: 0.8925
Epoch 172/350
391/391 - 25s - loss: 0.1951 - accuracy: 0.9447 - val_loss: 0.4448 - val_accuracy: 0.8922
Epoch 173/350
391/391 - 25s - loss: 0.1947 - accuracy: 0.9451 - val_loss: 0.4503 - val_accuracy: 0.8904
Epoch 174/350
391/391 - 25s - loss: 0.1963 - accuracy: 0.9446 - val_loss: 0.4539 - val_accuracy: 0.8931
Epoch 175/350
391/391 - 25s - loss: 0.1886 - accuracy: 0.9477 - val_loss: 0.4513 - val_accuracy: 0.8955
Epoch 176/350
391/391 - 25s - loss: 0.1914 - accuracy: 0.9464 - val_loss: 0.4540 - val_accuracy: 0.8938
Epoch 177/350
391/391 - 25s - loss: 0.1902 - accuracy: 0.9470 - val_loss: 0.4181 - val_accuracy: 0.8993
Epoch 178/350
391/391 - 25s - loss: 0.1907 - accuracy: 0.9470 - val_loss: 0.4420 - val_accuracy: 0.8953
Epoch 179/350
391/391 - 25s - loss: 0.1917 - accuracy: 0.9459 - val_loss: 0.4119 - val_accuracy: 0.9006
Epoch 180/350
391/391 - 25s - loss: 0.1906 - accuracy: 0.9483 - val_loss: 0.4149 - val_accuracy: 0.8927
Epoch 181/350
391/391 - 25s - loss: 0.1870 - accuracy: 0.9484 - val_loss: 0.4321 - val_accuracy: 0.8968
Epoch 182/350
391/391 - 25s - loss: 0.1929 - accuracy: 0.9468 - val_loss: 0.4767 - val_accuracy: 0.8865
Epoch 183/350
391/391 - 25s - loss: 0.1882 - accuracy: 0.9478 - val_loss: 0.4325 - val_accuracy: 0.8977
Epoch 184/350
391/391 - 25s - loss: 0.1884 - accuracy: 0.9483 - val_loss: 0.4213 - val_accuracy: 0.8978
Epoch 185/350
391/391 - 25s - loss: 0.1832 - accuracy: 0.9499 - val_loss: 0.4195 - val_accuracy: 0.8990
Epoch 186/350
391/391 - 25s - loss: 0.1867 - accuracy: 0.9479 - val_loss: 0.4310 - val_accuracy: 0.8993
Epoch 187/350
391/391 - 25s - loss: 0.1831 - accuracy: 0.9507 - val_loss: 0.4176 - val_accuracy: 0.9007
Epoch 188/350
391/391 - 25s - loss: 0.1847 - accuracy: 0.9497 - val_loss: 0.4468 - val_accuracy: 0.8924
Epoch 189/350
391/391 - 25s - loss: 0.1810 - accuracy: 0.9509 - val_loss: 0.4480 - val_accuracy: 0.8908
Epoch 190/350
391/391 - 25s - loss: 0.1821 - accuracy: 0.9502 - val_loss: 0.4469 - val_accuracy: 0.8962
Epoch 191/350
391/391 - 25s - loss: 0.1811 - accuracy: 0.9516 - val_loss: 0.4098 - val_accuracy: 0.8996
Epoch 192/350
391/391 - 25s - loss: 0.1771 - accuracy: 0.9523 - val_loss: 0.4140 - val_accuracy: 0.9002
Epoch 193/350
391/391 - 25s - loss: 0.1823 - accuracy: 0.9505 - val_loss: 0.4079 - val_accuracy: 0.8932
Epoch 194/350
391/391 - 25s - loss: 0.1778 - accuracy: 0.9524 - val_loss: 0.4196 - val_accuracy: 0.9003
Epoch 195/350
391/391 - 25s - loss: 0.1814 - accuracy: 0.9515 - val_loss: 0.4585 - val_accuracy: 0.8952
Epoch 196/350
391/391 - 25s - loss: 0.1769 - accuracy: 0.9530 - val_loss: 0.4481 - val_accuracy: 0.8956
Epoch 197/350
391/391 - 25s - loss: 0.1770 - accuracy: 0.9529 - val_loss: 0.4329 - val_accuracy: 0.8977
Epoch 198/350
391/391 - 25s - loss: 0.1703 - accuracy: 0.9550 - val_loss: 0.4133 - val_accuracy: 0.9039
Epoch 199/350
391/391 - 25s - loss: 0.1728 - accuracy: 0.9527 - val_loss: 0.4776 - val_accuracy: 0.8944
Epoch 200/350


Snapshot weight 1 shuffle 0 at epoch 200
Layer 11
Getting activations...


391/391 - 25s - loss: 0.1793 - accuracy: 0.9514 - val_loss: 0.4406 - val_accuracy: 0.8928
Epoch 201/350
391/391 - 25s - loss: 0.1496 - accuracy: 0.9623 - val_loss: 0.4139 - val_accuracy: 0.9065
Epoch 202/350
391/391 - 25s - loss: 0.1347 - accuracy: 0.9668 - val_loss: 0.4205 - val_accuracy: 0.9076
Epoch 203/350
391/391 - 25s - loss: 0.1323 - accuracy: 0.9691 - val_loss: 0.4134 - val_accuracy: 0.9085
Epoch 204/350
391/391 - 25s - loss: 0.1299 - accuracy: 0.9689 - val_loss: 0.4251 - val_accuracy: 0.9068
Epoch 205/350
391/391 - 25s - loss: 0.1300 - accuracy: 0.9697 - val_loss: 0.4249 - val_accuracy: 0.9093
Epoch 206/350
391/391 - 25s - loss: 0.1268 - accuracy: 0.9701 - val_loss: 0.4286 - val_accuracy: 0.9074
Epoch 207/350
391/391 - 25s - loss: 0.1249 - accuracy: 0.9712 - val_loss: 0.4266 - val_accuracy: 0.9083
Epoch 208/350
391/391 - 25s - loss: 0.1241 - accuracy: 0.9712 - val_loss: 0.4221 - val_accuracy: 0.9110
Epoch 209/350
391/391 - 25s - loss: 0.1248 - accuracy: 0.9697 - val_loss: 0.4272 - val_accuracy: 0.9096
Epoch 210/350
391/391 - 25s - loss: 0.1228 - accuracy: 0.9713 - val_loss: 0.4332 - val_accuracy: 0.9096
Epoch 211/350
391/391 - 25s - loss: 0.1242 - accuracy: 0.9710 - val_loss: 0.4408 - val_accuracy: 0.9076
Epoch 212/350
391/391 - 25s - loss: 0.1216 - accuracy: 0.9716 - val_loss: 0.4354 - val_accuracy: 0.9104
Epoch 213/350
391/391 - 25s - loss: 0.1207 - accuracy: 0.9724 - val_loss: 0.4346 - val_accuracy: 0.9103
Epoch 214/350
391/391 - 25s - loss: 0.1191 - accuracy: 0.9724 - val_loss: 0.4437 - val_accuracy: 0.9092
Epoch 215/350
391/391 - 25s - loss: 0.1223 - accuracy: 0.9722 - val_loss: 0.4305 - val_accuracy: 0.9116
Epoch 216/350
391/391 - 25s - loss: 0.1210 - accuracy: 0.9725 - val_loss: 0.4336 - val_accuracy: 0.9111
Epoch 217/350
391/391 - 25s - loss: 0.1209 - accuracy: 0.9722 - val_loss: 0.4367 - val_accuracy: 0.9106
Epoch 218/350
391/391 - 25s - loss: 0.1179 - accuracy: 0.9735 - val_loss: 0.4427 - val_accuracy: 0.9102
Epoch 219/350
391/391 - 25s - loss: 0.1165 - accuracy: 0.9740 - val_loss: 0.4458 - val_accuracy: 0.9089
Epoch 220/350
391/391 - 25s - loss: 0.1184 - accuracy: 0.9740 - val_loss: 0.4447 - val_accuracy: 0.9093
Epoch 221/350
391/391 - 25s - loss: 0.1183 - accuracy: 0.9735 - val_loss: 0.4453 - val_accuracy: 0.9094
Epoch 222/350
391/391 - 25s - loss: 0.1155 - accuracy: 0.9741 - val_loss: 0.4418 - val_accuracy: 0.9100
Epoch 223/350
391/391 - 25s - loss: 0.1150 - accuracy: 0.9745 - val_loss: 0.4435 - val_accuracy: 0.9107
Epoch 224/350
391/391 - 25s - loss: 0.1168 - accuracy: 0.9739 - val_loss: 0.4510 - val_accuracy: 0.9091
Epoch 225/350
391/391 - 25s - loss: 0.1154 - accuracy: 0.9740 - val_loss: 0.4434 - val_accuracy: 0.9105
Epoch 226/350
391/391 - 25s - loss: 0.1176 - accuracy: 0.9736 - val_loss: 0.4520 - val_accuracy: 0.9100
Epoch 227/350
391/391 - 25s - loss: 0.1130 - accuracy: 0.9745 - val_loss: 0.4507 - val_accuracy: 0.9087
Epoch 228/350
391/391 - 25s - loss: 0.1149 - accuracy: 0.9746 - val_loss: 0.4512 - val_accuracy: 0.9115
Epoch 229/350
391/391 - 25s - loss: 0.1155 - accuracy: 0.9740 - val_loss: 0.4539 - val_accuracy: 0.9094
Epoch 230/350
391/391 - 25s - loss: 0.1156 - accuracy: 0.9741 - val_loss: 0.4526 - val_accuracy: 0.9094
Epoch 231/350
391/391 - 25s - loss: 0.1147 - accuracy: 0.9745 - val_loss: 0.4542 - val_accuracy: 0.9092
Epoch 232/350
391/391 - 25s - loss: 0.1145 - accuracy: 0.9742 - val_loss: 0.4428 - val_accuracy: 0.9090
Epoch 233/350
391/391 - 25s - loss: 0.1132 - accuracy: 0.9752 - val_loss: 0.4479 - val_accuracy: 0.9081
Epoch 234/350
391/391 - 25s - loss: 0.1124 - accuracy: 0.9749 - val_loss: 0.4513 - val_accuracy: 0.9081
Epoch 235/350
391/391 - 25s - loss: 0.1153 - accuracy: 0.9743 - val_loss: 0.4546 - val_accuracy: 0.9101
Epoch 236/350
391/391 - 25s - loss: 0.1125 - accuracy: 0.9749 - val_loss: 0.4486 - val_accuracy: 0.9110
Epoch 237/350
391/391 - 25s - loss: 0.1149 - accuracy: 0.9746 - val_loss: 0.4414 - val_accuracy: 0.9104
Epoch 238/350
391/391 - 25s - loss: 0.1122 - accuracy: 0.9757 - val_loss: 0.4497 - val_accuracy: 0.9103
Epoch 239/350
391/391 - 25s - loss: 0.1106 - accuracy: 0.9766 - val_loss: 0.4588 - val_accuracy: 0.9103
Epoch 240/350
391/391 - 25s - loss: 0.1078 - accuracy: 0.9769 - val_loss: 0.4630 - val_accuracy: 0.9105
Epoch 241/350
391/391 - 25s - loss: 0.1106 - accuracy: 0.9763 - val_loss: 0.4616 - val_accuracy: 0.9089
Epoch 242/350
391/391 - 25s - loss: 0.1121 - accuracy: 0.9755 - val_loss: 0.4589 - val_accuracy: 0.9113
Epoch 243/350
391/391 - 25s - loss: 0.1102 - accuracy: 0.9764 - val_loss: 0.4505 - val_accuracy: 0.9098
Epoch 244/350
391/391 - 25s - loss: 0.1094 - accuracy: 0.9761 - val_loss: 0.4592 - val_accuracy: 0.9096
Epoch 245/350
391/391 - 25s - loss: 0.1104 - accuracy: 0.9764 - val_loss: 0.4593 - val_accuracy: 0.9120
Epoch 246/350
391/391 - 25s - loss: 0.1127 - accuracy: 0.9749 - val_loss: 0.4672 - val_accuracy: 0.9096
Epoch 247/350
391/391 - 25s - loss: 0.1103 - accuracy: 0.9752 - val_loss: 0.4545 - val_accuracy: 0.9107
Epoch 248/350
391/391 - 25s - loss: 0.1105 - accuracy: 0.9750 - val_loss: 0.4507 - val_accuracy: 0.9114
Epoch 249/350
391/391 - 25s - loss: 0.1080 - accuracy: 0.9775 - val_loss: 0.4625 - val_accuracy: 0.9085
Epoch 250/350


Snapshot weight 1 shuffle 0 at epoch 250
Layer 11
Getting activations...


391/391 - 25s - loss: 0.1094 - accuracy: 0.9761 - val_loss: 0.4663 - val_accuracy: 0.9090
Epoch 251/350
391/391 - 25s - loss: 0.1078 - accuracy: 0.9760 - val_loss: 0.4630 - val_accuracy: 0.9098
Epoch 252/350
391/391 - 25s - loss: 0.1063 - accuracy: 0.9778 - val_loss: 0.4617 - val_accuracy: 0.9097
Epoch 253/350
391/391 - 25s - loss: 0.1071 - accuracy: 0.9767 - val_loss: 0.4625 - val_accuracy: 0.9087
Epoch 254/350
391/391 - 25s - loss: 0.1054 - accuracy: 0.9779 - val_loss: 0.4628 - val_accuracy: 0.9083
Epoch 255/350
391/391 - 25s - loss: 0.1064 - accuracy: 0.9775 - val_loss: 0.4627 - val_accuracy: 0.9089
Epoch 256/350
391/391 - 25s - loss: 0.1081 - accuracy: 0.9764 - val_loss: 0.4615 - val_accuracy: 0.9084
Epoch 257/350
391/391 - 25s - loss: 0.1047 - accuracy: 0.9782 - val_loss: 0.4611 - val_accuracy: 0.9088
Epoch 258/350
391/391 - 26s - loss: 0.1054 - accuracy: 0.9781 - val_loss: 0.4611 - val_accuracy: 0.9098
Epoch 259/350
391/391 - 25s - loss: 0.1053 - accuracy: 0.9781 - val_loss: 0.4635 - val_accuracy: 0.9090
Epoch 260/350
391/391 - 25s - loss: 0.1049 - accuracy: 0.9773 - val_loss: 0.4610 - val_accuracy: 0.9093
Epoch 261/350
391/391 - 25s - loss: 0.1044 - accuracy: 0.9772 - val_loss: 0.4645 - val_accuracy: 0.9087
Epoch 262/350
391/391 - 25s - loss: 0.1062 - accuracy: 0.9774 - val_loss: 0.4632 - val_accuracy: 0.9096
Epoch 263/350
391/391 - 25s - loss: 0.1066 - accuracy: 0.9783 - val_loss: 0.4610 - val_accuracy: 0.9092
Epoch 264/350
391/391 - 25s - loss: 0.1071 - accuracy: 0.9771 - val_loss: 0.4597 - val_accuracy: 0.9096
Epoch 265/350
391/391 - 25s - loss: 0.1056 - accuracy: 0.9773 - val_loss: 0.4607 - val_accuracy: 0.9100
Epoch 266/350
391/391 - 25s - loss: 0.1058 - accuracy: 0.9775 - val_loss: 0.4634 - val_accuracy: 0.9089
Epoch 267/350
391/391 - 25s - loss: 0.1066 - accuracy: 0.9774 - val_loss: 0.4617 - val_accuracy: 0.9094
Epoch 268/350
391/391 - 25s - loss: 0.1062 - accuracy: 0.9773 - val_loss: 0.4615 - val_accuracy: 0.9092
Epoch 269/350
391/391 - 25s - loss: 0.1070 - accuracy: 0.9777 - val_loss: 0.4640 - val_accuracy: 0.9094
Epoch 270/350
391/391 - 26s - loss: 0.1069 - accuracy: 0.9779 - val_loss: 0.4620 - val_accuracy: 0.9090
Epoch 271/350
391/391 - 25s - loss: 0.1053 - accuracy: 0.9782 - val_loss: 0.4593 - val_accuracy: 0.9088
Epoch 272/350
391/391 - 25s - loss: 0.1040 - accuracy: 0.9787 - val_loss: 0.4601 - val_accuracy: 0.9092
Epoch 273/350
391/391 - 26s - loss: 0.1059 - accuracy: 0.9772 - val_loss: 0.4619 - val_accuracy: 0.9092
Epoch 274/350
391/391 - 25s - loss: 0.1052 - accuracy: 0.9776 - val_loss: 0.4619 - val_accuracy: 0.9095
Epoch 275/350
391/391 - 25s - loss: 0.1069 - accuracy: 0.9769 - val_loss: 0.4631 - val_accuracy: 0.9092
Epoch 276/350
391/391 - 25s - loss: 0.1040 - accuracy: 0.9790 - val_loss: 0.4656 - val_accuracy: 0.9088
Epoch 277/350
391/391 - 25s - loss: 0.1074 - accuracy: 0.9774 - val_loss: 0.4639 - val_accuracy: 0.9099
Epoch 278/350
391/391 - 25s - loss: 0.1083 - accuracy: 0.9763 - val_loss: 0.4646 - val_accuracy: 0.9089
Epoch 279/350
391/391 - 25s - loss: 0.1081 - accuracy: 0.9762 - val_loss: 0.4650 - val_accuracy: 0.9103
Epoch 280/350
391/391 - 25s - loss: 0.1037 - accuracy: 0.9790 - val_loss: 0.4646 - val_accuracy: 0.9098
Epoch 281/350
391/391 - 25s - loss: 0.1063 - accuracy: 0.9775 - val_loss: 0.4628 - val_accuracy: 0.9100
Epoch 282/350
391/391 - 25s - loss: 0.1064 - accuracy: 0.9776 - val_loss: 0.4619 - val_accuracy: 0.9094
Epoch 283/350
391/391 - 25s - loss: 0.1046 - accuracy: 0.9786 - val_loss: 0.4626 - val_accuracy: 0.9102
Epoch 284/350
391/391 - 25s - loss: 0.1069 - accuracy: 0.9767 - val_loss: 0.4645 - val_accuracy: 0.9098
Epoch 285/350
391/391 - 25s - loss: 0.1085 - accuracy: 0.9767 - val_loss: 0.4619 - val_accuracy: 0.9098
Epoch 286/350
391/391 - 25s - loss: 0.1072 - accuracy: 0.9773 - val_loss: 0.4627 - val_accuracy: 0.9097
Epoch 287/350
391/391 - 25s - loss: 0.1067 - accuracy: 0.9776 - val_loss: 0.4621 - val_accuracy: 0.9094
Epoch 288/350
391/391 - 25s - loss: 0.1047 - accuracy: 0.9782 - val_loss: 0.4606 - val_accuracy: 0.9093
Epoch 289/350
391/391 - 25s - loss: 0.1027 - accuracy: 0.9785 - val_loss: 0.4629 - val_accuracy: 0.9098
Epoch 290/350
391/391 - 25s - loss: 0.1028 - accuracy: 0.9789 - val_loss: 0.4634 - val_accuracy: 0.9103
Epoch 291/350
391/391 - 26s - loss: 0.1021 - accuracy: 0.9795 - val_loss: 0.4649 - val_accuracy: 0.9100
Epoch 292/350
391/391 - 25s - loss: 0.1040 - accuracy: 0.9775 - val_loss: 0.4672 - val_accuracy: 0.9098
Epoch 293/350
391/391 - 25s - loss: 0.1037 - accuracy: 0.9782 - val_loss: 0.4639 - val_accuracy: 0.9103
Epoch 294/350
391/391 - 25s - loss: 0.1058 - accuracy: 0.9774 - val_loss: 0.4657 - val_accuracy: 0.9103
Epoch 295/350
391/391 - 25s - loss: 0.1044 - accuracy: 0.9785 - val_loss: 0.4635 - val_accuracy: 0.9102
Epoch 296/350
391/391 - 25s - loss: 0.1044 - accuracy: 0.9781 - val_loss: 0.4659 - val_accuracy: 0.9096
Epoch 297/350
391/391 - 25s - loss: 0.1031 - accuracy: 0.9783 - val_loss: 0.4662 - val_accuracy: 0.9089
Epoch 298/350
391/391 - 25s - loss: 0.1056 - accuracy: 0.9781 - val_loss: 0.4666 - val_accuracy: 0.9089
Epoch 299/350
391/391 - 25s - loss: 0.1051 - accuracy: 0.9774 - val_loss: 0.4655 - val_accuracy: 0.9097
Epoch 300/350


Snapshot weight 1 shuffle 0 at epoch 300
Layer 11
Getting activations...


391/391 - 25s - loss: 0.1040 - accuracy: 0.9776 - val_loss: 0.4644 - val_accuracy: 0.9099
Epoch 301/350
391/391 - 25s - loss: 0.1037 - accuracy: 0.9787 - val_loss: 0.4647 - val_accuracy: 0.9101
Epoch 302/350
391/391 - 25s - loss: 0.1024 - accuracy: 0.9791 - val_loss: 0.4650 - val_accuracy: 0.9101
Epoch 303/350
391/391 - 25s - loss: 0.1041 - accuracy: 0.9780 - val_loss: 0.4654 - val_accuracy: 0.9098
Epoch 304/350
391/391 - 25s - loss: 0.1037 - accuracy: 0.9780 - val_loss: 0.4654 - val_accuracy: 0.9097
Epoch 305/350
391/391 - 25s - loss: 0.1045 - accuracy: 0.9783 - val_loss: 0.4650 - val_accuracy: 0.9100
Epoch 306/350
391/391 - 25s - loss: 0.1055 - accuracy: 0.9772 - val_loss: 0.4653 - val_accuracy: 0.9097
Epoch 307/350
391/391 - 25s - loss: 0.1049 - accuracy: 0.9779 - val_loss: 0.4655 - val_accuracy: 0.9099
Epoch 308/350
391/391 - 25s - loss: 0.1075 - accuracy: 0.9774 - val_loss: 0.4652 - val_accuracy: 0.9099
Epoch 309/350
391/391 - 25s - loss: 0.1030 - accuracy: 0.9789 - val_loss: 0.4653 - val_accuracy: 0.9098
Epoch 310/350
391/391 - 25s - loss: 0.1035 - accuracy: 0.9787 - val_loss: 0.4651 - val_accuracy: 0.9097
Epoch 311/350
391/391 - 25s - loss: 0.1023 - accuracy: 0.9786 - val_loss: 0.4657 - val_accuracy: 0.9096
Epoch 312/350
391/391 - 25s - loss: 0.1057 - accuracy: 0.9771 - val_loss: 0.4648 - val_accuracy: 0.9096
Epoch 313/350
391/391 - 25s - loss: 0.1051 - accuracy: 0.9775 - val_loss: 0.4650 - val_accuracy: 0.9094
Epoch 314/350
391/391 - 25s - loss: 0.1027 - accuracy: 0.9780 - val_loss: 0.4648 - val_accuracy: 0.9100
Epoch 315/350
391/391 - 25s - loss: 0.1042 - accuracy: 0.9778 - val_loss: 0.4652 - val_accuracy: 0.9099
Epoch 316/350
391/391 - 25s - loss: 0.1048 - accuracy: 0.9777 - val_loss: 0.4654 - val_accuracy: 0.9098
Epoch 317/350
391/391 - 25s - loss: 0.1055 - accuracy: 0.9781 - val_loss: 0.4652 - val_accuracy: 0.9097
Epoch 318/350
391/391 - 25s - loss: 0.1040 - accuracy: 0.9783 - val_loss: 0.4654 - val_accuracy: 0.9098
Epoch 319/350
391/391 - 25s - loss: 0.1040 - accuracy: 0.9779 - val_loss: 0.4651 - val_accuracy: 0.9097
Epoch 320/350
391/391 - 25s - loss: 0.1055 - accuracy: 0.9777 - val_loss: 0.4649 - val_accuracy: 0.9096
Epoch 321/350
391/391 - 25s - loss: 0.1051 - accuracy: 0.9778 - val_loss: 0.4651 - val_accuracy: 0.9095
Epoch 322/350
391/391 - 25s - loss: 0.1049 - accuracy: 0.9787 - val_loss: 0.4652 - val_accuracy: 0.9097
Epoch 323/350
391/391 - 25s - loss: 0.1051 - accuracy: 0.9777 - val_loss: 0.4646 - val_accuracy: 0.9096
Epoch 324/350
391/391 - 25s - loss: 0.1037 - accuracy: 0.9783 - val_loss: 0.4643 - val_accuracy: 0.9101
Epoch 325/350
391/391 - 25s - loss: 0.1044 - accuracy: 0.9786 - val_loss: 0.4642 - val_accuracy: 0.9102
Epoch 326/350
391/391 - 25s - loss: 0.1021 - accuracy: 0.9792 - val_loss: 0.4647 - val_accuracy: 0.9100
Epoch 327/350
391/391 - 25s - loss: 0.1055 - accuracy: 0.9781 - val_loss: 0.4646 - val_accuracy: 0.9101
Epoch 328/350
391/391 - 25s - loss: 0.1028 - accuracy: 0.9780 - val_loss: 0.4653 - val_accuracy: 0.9100
Epoch 329/350
391/391 - 25s - loss: 0.1061 - accuracy: 0.9778 - val_loss: 0.4649 - val_accuracy: 0.9098
Epoch 330/350
391/391 - 25s - loss: 0.1031 - accuracy: 0.9787 - val_loss: 0.4657 - val_accuracy: 0.9099
Epoch 331/350
391/391 - 25s - loss: 0.1045 - accuracy: 0.9780 - val_loss: 0.4659 - val_accuracy: 0.9097
Epoch 332/350
391/391 - 25s - loss: 0.1041 - accuracy: 0.9782 - val_loss: 0.4658 - val_accuracy: 0.9096
Epoch 333/350
391/391 - 25s - loss: 0.1035 - accuracy: 0.9786 - val_loss: 0.4655 - val_accuracy: 0.9098
Epoch 334/350
391/391 - 25s - loss: 0.1040 - accuracy: 0.9781 - val_loss: 0.4653 - val_accuracy: 0.9098
Epoch 335/350
391/391 - 25s - loss: 0.1038 - accuracy: 0.9785 - val_loss: 0.4656 - val_accuracy: 0.9094
Epoch 336/350
391/391 - 25s - loss: 0.1077 - accuracy: 0.9766 - val_loss: 0.4656 - val_accuracy: 0.9097
Epoch 337/350
391/391 - 25s - loss: 0.1040 - accuracy: 0.9777 - val_loss: 0.4653 - val_accuracy: 0.9095
Epoch 338/350
391/391 - 25s - loss: 0.1057 - accuracy: 0.9781 - val_loss: 0.4650 - val_accuracy: 0.9095
Epoch 339/350
391/391 - 25s - loss: 0.1027 - accuracy: 0.9791 - val_loss: 0.4647 - val_accuracy: 0.9096
Epoch 340/350
391/391 - 25s - loss: 0.1053 - accuracy: 0.9780 - val_loss: 0.4647 - val_accuracy: 0.9095
Epoch 341/350
391/391 - 25s - loss: 0.1032 - accuracy: 0.9789 - val_loss: 0.4647 - val_accuracy: 0.9096
Epoch 342/350
391/391 - 25s - loss: 0.1052 - accuracy: 0.9784 - val_loss: 0.4648 - val_accuracy: 0.9097
Epoch 343/350
391/391 - 25s - loss: 0.1038 - accuracy: 0.9787 - val_loss: 0.4648 - val_accuracy: 0.9097
Epoch 344/350
391/391 - 25s - loss: 0.1053 - accuracy: 0.9779 - val_loss: 0.4651 - val_accuracy: 0.9097
Epoch 345/350
391/391 - 25s - loss: 0.1040 - accuracy: 0.9778 - val_loss: 0.4652 - val_accuracy: 0.9097
Epoch 346/350
391/391 - 25s - loss: 0.1023 - accuracy: 0.9788 - val_loss: 0.4654 - val_accuracy: 0.9098
Epoch 347/350
391/391 - 25s - loss: 0.1023 - accuracy: 0.9791 - val_loss: 0.4655 - val_accuracy: 0.9100
Epoch 348/350
391/391 - 25s - loss: 0.1038 - accuracy: 0.9786 - val_loss: 0.4657 - val_accuracy: 0.9097
Epoch 349/350
391/391 - 25s - loss: 0.1059 - accuracy: 0.9779 - val_loss: 0.4653 - val_accuracy: 0.9099
Epoch 350/350


Snapshot weight 1 shuffle 0 at epoch 350
Layer 11
Getting activations...


391/391 - 25s - loss: 0.1019 - accuracy: 0.9791 - val_loss: 0.4657 - val_accuracy: 0.9099
/usr/local/lib/python3.6/dist-packages/tensorflow/python/autograph/impl/api.py:493: UserWarning: fill_value is not supported and is always 0 for TensorFlow < 2.4.0.
  return py_builtins.overload_of(f)(*args)
WARNING:tensorflow:From /usr/local/lib/python3.6/dist-packages/tensorflow/python/training/tracking/tracking.py:111: Model.state_updates (from tensorflow.python.keras.engine.training) is deprecated and will be removed in a future version.
Instructions for updating:
This property should not be used in TensorFlow 2.0, as updates are applied automatically.
2021-07-01 18:45:52.420637: W tensorflow/python/util/util.cc:348] Sets are not currently considered sequences, but this may change in the future, so consider avoiding using them.
WARNING:tensorflow:From /usr/local/lib/python3.6/dist-packages/tensorflow/python/training/tracking/tracking.py:111: Layer.updates (from tensorflow.python.keras.engine.base_layer) is deprecated and will be removed in a future version.
Instructions for updating:
This property should not be used in TensorFlow 2.0, as updates are applied automatically.
Saving, final validation acc: 0.9099000096321106
