2021-07-02 18:20:52.666813: I tensorflow/stream_executor/platform/default/dso_loader.cc:48] Successfully opened dynamic library libcudart.so.10.1
2021-07-02 18:22:20.482497: I tensorflow/stream_executor/platform/default/dso_loader.cc:48] Successfully opened dynamic library libcuda.so.1
2021-07-02 18:22:20.513137: I tensorflow/core/common_runtime/gpu/gpu_device.cc:1716] Found device 0 with properties: 
pciBusID: 0000:83:00.0 name: NVIDIA TITAN X (Pascal) computeCapability: 6.1
coreClock: 1.531GHz coreCount: 28 deviceMemorySize: 11.91GiB deviceMemoryBandwidth: 447.48GiB/s
2021-07-02 18:22:20.513212: I tensorflow/stream_executor/platform/default/dso_loader.cc:48] Successfully opened dynamic library libcudart.so.10.1
2021-07-02 18:22:20.554647: I tensorflow/stream_executor/platform/default/dso_loader.cc:48] Successfully opened dynamic library libcublas.so.10
2021-07-02 18:22:20.574900: I tensorflow/stream_executor/platform/default/dso_loader.cc:48] Successfully opened dynamic library libcufft.so.10
2021-07-02 18:22:20.583338: I tensorflow/stream_executor/platform/default/dso_loader.cc:48] Successfully opened dynamic library libcurand.so.10
2021-07-02 18:22:20.626003: I tensorflow/stream_executor/platform/default/dso_loader.cc:48] Successfully opened dynamic library libcusolver.so.10
2021-07-02 18:22:20.634312: I tensorflow/stream_executor/platform/default/dso_loader.cc:48] Successfully opened dynamic library libcusparse.so.10
2021-07-02 18:22:20.710935: I tensorflow/stream_executor/platform/default/dso_loader.cc:48] Successfully opened dynamic library libcudnn.so.7
2021-07-02 18:22:20.713317: I tensorflow/core/common_runtime/gpu/gpu_device.cc:1858] Adding visible gpu devices: 0
2021-07-02 18:22:20.716978: I tensorflow/core/platform/cpu_feature_guard.cc:142] This TensorFlow binary is optimized with oneAPI Deep Neural Network Library (oneDNN)to use the following CPU instructions in performance-critical operations:  AVX2 FMA
To enable them in other operations, rebuild TensorFlow with the appropriate compiler flags.
2021-07-02 18:22:20.733305: I tensorflow/core/platform/profile_utils/cpu_utils.cc:104] CPU Frequency: 2599940000 Hz
2021-07-02 18:22:20.733471: I tensorflow/compiler/xla/service/service.cc:168] XLA service 0x54b0530 initialized for platform Host (this does not guarantee that XLA will be used). Devices:
2021-07-02 18:22:20.733491: I tensorflow/compiler/xla/service/service.cc:176]   StreamExecutor device (0): Host, Default Version
2021-07-02 18:22:20.873665: I tensorflow/compiler/xla/service/service.cc:168] XLA service 0x54ae730 initialized for platform CUDA (this does not guarantee that XLA will be used). Devices:
2021-07-02 18:22:20.873740: I tensorflow/compiler/xla/service/service.cc:176]   StreamExecutor device (0): NVIDIA TITAN X (Pascal), Compute Capability 6.1
2021-07-02 18:22:20.878008: I tensorflow/core/common_runtime/gpu/gpu_device.cc:1716] Found device 0 with properties: 
pciBusID: 0000:83:00.0 name: NVIDIA TITAN X (Pascal) computeCapability: 6.1
coreClock: 1.531GHz coreCount: 28 deviceMemorySize: 11.91GiB deviceMemoryBandwidth: 447.48GiB/s
2021-07-02 18:22:20.878097: I tensorflow/stream_executor/platform/default/dso_loader.cc:48] Successfully opened dynamic library libcudart.so.10.1
2021-07-02 18:22:20.878137: I tensorflow/stream_executor/platform/default/dso_loader.cc:48] Successfully opened dynamic library libcublas.so.10
2021-07-02 18:22:20.878156: I tensorflow/stream_executor/platform/default/dso_loader.cc:48] Successfully opened dynamic library libcufft.so.10
2021-07-02 18:22:20.878173: I tensorflow/stream_executor/platform/default/dso_loader.cc:48] Successfully opened dynamic library libcurand.so.10
2021-07-02 18:22:20.878189: I tensorflow/stream_executor/platform/default/dso_loader.cc:48] Successfully opened dynamic library libcusolver.so.10
2021-07-02 18:22:20.878205: I tensorflow/stream_executor/platform/default/dso_loader.cc:48] Successfully opened dynamic library libcusparse.so.10
2021-07-02 18:22:20.878998: I tensorflow/stream_executor/platform/default/dso_loader.cc:48] Successfully opened dynamic library libcudnn.so.7
2021-07-02 18:22:20.885381: I tensorflow/core/common_runtime/gpu/gpu_device.cc:1858] Adding visible gpu devices: 0
2021-07-02 18:22:20.887268: I tensorflow/stream_executor/platform/default/dso_loader.cc:48] Successfully opened dynamic library libcudart.so.10.1
2021-07-02 18:22:22.731659: I tensorflow/core/common_runtime/gpu/gpu_device.cc:1257] Device interconnect StreamExecutor with strength 1 edge matrix:
2021-07-02 18:22:22.731738: I tensorflow/core/common_runtime/gpu/gpu_device.cc:1263]      0 
2021-07-02 18:22:22.731750: I tensorflow/core/common_runtime/gpu/gpu_device.cc:1276] 0:   N 
2021-07-02 18:22:22.738139: I tensorflow/core/common_runtime/gpu/gpu_device.cc:1402] Created TensorFlow device (/job:localhost/replica:0/task:0/device:GPU:0 with 11228 MB memory) -> physical GPU (device: 0, name: NVIDIA TITAN X (Pascal), pci bus id: 0000:83:00.0, compute capability: 6.1)
2021-07-02 18:22:28.707262: I tensorflow/stream_executor/platform/default/dso_loader.cc:48] Successfully opened dynamic library libcudnn.so.7
2021-07-02 18:22:31.240527: I tensorflow/stream_executor/platform/default/dso_loader.cc:48] Successfully opened dynamic library libcublas.so.10
/usr/local/lib/python3.6/dist-packages/tensorflow/python/autograph/impl/api.py:493: UserWarning: fill_value is not supported and is always 0 for TensorFlow < 2.4.0.
  return py_builtins.overload_of(f)(*args)
WARNING:tensorflow:Callbacks method `on_train_batch_end` is slow compared to the batch time (batch time: 0.0215s vs `on_train_batch_end` time: 0.0330s). Check your callbacks.
Using model index: 89
Making train data...
GCN...
ZCA...
Done!
Making test data...
Done!
Epoch 1/350


Snapshot weight 9 shuffle 8 at epoch 1
Layer 11
Getting activations...


391/391 - 25s - loss: 2.3095 - accuracy: 0.1165 - val_loss: 2.2419 - val_accuracy: 0.1752
Epoch 2/350


Snapshot weight 9 shuffle 8 at epoch 2
Layer 11
Getting activations...


391/391 - 25s - loss: 2.1185 - accuracy: 0.2406 - val_loss: 1.8591 - val_accuracy: 0.3385
Epoch 3/350


Snapshot weight 9 shuffle 8 at epoch 3
Layer 11
Getting activations...


391/391 - 25s - loss: 1.7808 - accuracy: 0.3629 - val_loss: 1.5947 - val_accuracy: 0.4210
Epoch 4/350


Snapshot weight 9 shuffle 8 at epoch 4
Layer 11
Getting activations...


391/391 - 25s - loss: 1.5294 - accuracy: 0.4533 - val_loss: 1.3577 - val_accuracy: 0.5184
Epoch 5/350


Snapshot weight 9 shuffle 8 at epoch 5
Layer 11
Getting activations...


391/391 - 25s - loss: 1.3839 - accuracy: 0.5126 - val_loss: 1.2027 - val_accuracy: 0.5728
Epoch 6/350


Snapshot weight 9 shuffle 8 at epoch 6
Layer 11
Getting activations...


391/391 - 25s - loss: 1.2786 - accuracy: 0.5495 - val_loss: 1.1881 - val_accuracy: 0.5841
Epoch 7/350


Snapshot weight 9 shuffle 8 at epoch 7
Layer 11
Getting activations...


391/391 - 25s - loss: 1.1860 - accuracy: 0.5829 - val_loss: 1.1656 - val_accuracy: 0.5953
Epoch 8/350


Snapshot weight 9 shuffle 8 at epoch 8
Layer 11
Getting activations...


391/391 - 25s - loss: 1.1322 - accuracy: 0.6058 - val_loss: 1.0704 - val_accuracy: 0.6244
Epoch 9/350


Snapshot weight 9 shuffle 8 at epoch 9
Layer 11
Getting activations...


391/391 - 25s - loss: 1.0755 - accuracy: 0.6277 - val_loss: 1.0425 - val_accuracy: 0.6365
Epoch 10/350


Snapshot weight 9 shuffle 8 at epoch 10
Layer 11
Getting activations...


391/391 - 25s - loss: 1.0212 - accuracy: 0.6456 - val_loss: 0.9461 - val_accuracy: 0.6760
Epoch 11/350
391/391 - 25s - loss: 0.9833 - accuracy: 0.6605 - val_loss: 0.8734 - val_accuracy: 0.7005
Epoch 12/350
391/391 - 25s - loss: 0.9402 - accuracy: 0.6750 - val_loss: 0.8699 - val_accuracy: 0.7009
Epoch 13/350
391/391 - 25s - loss: 0.8992 - accuracy: 0.6897 - val_loss: 0.8607 - val_accuracy: 0.7127
Epoch 14/350
391/391 - 25s - loss: 0.8752 - accuracy: 0.7021 - val_loss: 0.8284 - val_accuracy: 0.7238
Epoch 15/350
391/391 - 25s - loss: 0.8327 - accuracy: 0.7149 - val_loss: 0.7870 - val_accuracy: 0.7409
Epoch 16/350
391/391 - 25s - loss: 0.8095 - accuracy: 0.7251 - val_loss: 0.7319 - val_accuracy: 0.7542
Epoch 17/350
391/391 - 25s - loss: 0.7710 - accuracy: 0.7387 - val_loss: 0.7030 - val_accuracy: 0.7650
Epoch 18/350
391/391 - 25s - loss: 0.7473 - accuracy: 0.7488 - val_loss: 0.7140 - val_accuracy: 0.7660
Epoch 19/350
391/391 - 25s - loss: 0.7296 - accuracy: 0.7532 - val_loss: 0.6968 - val_accuracy: 0.7683
Epoch 20/350
391/391 - 25s - loss: 0.7015 - accuracy: 0.7655 - val_loss: 0.6449 - val_accuracy: 0.7882
Epoch 21/350
391/391 - 25s - loss: 0.6812 - accuracy: 0.7749 - val_loss: 0.6459 - val_accuracy: 0.7862
Epoch 22/350
391/391 - 25s - loss: 0.6649 - accuracy: 0.7755 - val_loss: 0.6403 - val_accuracy: 0.7969
Epoch 23/350
391/391 - 25s - loss: 0.6443 - accuracy: 0.7859 - val_loss: 0.6042 - val_accuracy: 0.8033
Epoch 24/350
391/391 - 25s - loss: 0.6288 - accuracy: 0.7900 - val_loss: 0.5898 - val_accuracy: 0.8085
Epoch 25/350
391/391 - 25s - loss: 0.6165 - accuracy: 0.7948 - val_loss: 0.6221 - val_accuracy: 0.8041
Epoch 26/350
391/391 - 25s - loss: 0.5950 - accuracy: 0.8043 - val_loss: 0.5885 - val_accuracy: 0.8099
Epoch 27/350
391/391 - 25s - loss: 0.5945 - accuracy: 0.8034 - val_loss: 0.5461 - val_accuracy: 0.8222
Epoch 28/350
391/391 - 25s - loss: 0.5715 - accuracy: 0.8110 - val_loss: 0.5465 - val_accuracy: 0.8256
Epoch 29/350
391/391 - 25s - loss: 0.5635 - accuracy: 0.8143 - val_loss: 0.5972 - val_accuracy: 0.8172
Epoch 30/350
391/391 - 25s - loss: 0.5548 - accuracy: 0.8171 - val_loss: 0.5663 - val_accuracy: 0.8219
Epoch 31/350
391/391 - 25s - loss: 0.5432 - accuracy: 0.8221 - val_loss: 0.5827 - val_accuracy: 0.8103
Epoch 32/350
391/391 - 25s - loss: 0.5328 - accuracy: 0.8256 - val_loss: 0.5346 - val_accuracy: 0.8294
Epoch 33/350
391/391 - 25s - loss: 0.5300 - accuracy: 0.8268 - val_loss: 0.5248 - val_accuracy: 0.8317
Epoch 34/350
391/391 - 25s - loss: 0.5120 - accuracy: 0.8323 - val_loss: 0.5243 - val_accuracy: 0.8346
Epoch 35/350
391/391 - 25s - loss: 0.5039 - accuracy: 0.8354 - val_loss: 0.4985 - val_accuracy: 0.8413
Epoch 36/350
391/391 - 25s - loss: 0.4973 - accuracy: 0.8369 - val_loss: 0.5095 - val_accuracy: 0.8368
Epoch 37/350
391/391 - 25s - loss: 0.4940 - accuracy: 0.8388 - val_loss: 0.4786 - val_accuracy: 0.8453
Epoch 38/350
391/391 - 25s - loss: 0.4783 - accuracy: 0.8459 - val_loss: 0.5016 - val_accuracy: 0.8423
Epoch 39/350
391/391 - 25s - loss: 0.4784 - accuracy: 0.8452 - val_loss: 0.5288 - val_accuracy: 0.8371
Epoch 40/350
391/391 - 25s - loss: 0.4651 - accuracy: 0.8491 - val_loss: 0.4746 - val_accuracy: 0.8491
Epoch 41/350
391/391 - 25s - loss: 0.4630 - accuracy: 0.8480 - val_loss: 0.4825 - val_accuracy: 0.8476
Epoch 42/350
391/391 - 25s - loss: 0.4583 - accuracy: 0.8498 - val_loss: 0.4665 - val_accuracy: 0.8556
Epoch 43/350
391/391 - 25s - loss: 0.4491 - accuracy: 0.8553 - val_loss: 0.4692 - val_accuracy: 0.8541
Epoch 44/350
391/391 - 25s - loss: 0.4473 - accuracy: 0.8551 - val_loss: 0.5069 - val_accuracy: 0.8491
Epoch 45/350
391/391 - 25s - loss: 0.4389 - accuracy: 0.8581 - val_loss: 0.4788 - val_accuracy: 0.8502
Epoch 46/350
391/391 - 25s - loss: 0.4267 - accuracy: 0.8618 - val_loss: 0.4716 - val_accuracy: 0.8542
Epoch 47/350
391/391 - 25s - loss: 0.4189 - accuracy: 0.8653 - val_loss: 0.4309 - val_accuracy: 0.8691
Epoch 48/350
391/391 - 25s - loss: 0.4254 - accuracy: 0.8630 - val_loss: 0.4872 - val_accuracy: 0.8534
Epoch 49/350
391/391 - 25s - loss: 0.4108 - accuracy: 0.8677 - val_loss: 0.4490 - val_accuracy: 0.8585
Epoch 50/350


Snapshot weight 9 shuffle 8 at epoch 50
Layer 11
Getting activations...


391/391 - 25s - loss: 0.4093 - accuracy: 0.8688 - val_loss: 0.4692 - val_accuracy: 0.8569
Epoch 51/350
391/391 - 25s - loss: 0.4075 - accuracy: 0.8683 - val_loss: 0.4643 - val_accuracy: 0.8588
Epoch 52/350
391/391 - 25s - loss: 0.4009 - accuracy: 0.8714 - val_loss: 0.4858 - val_accuracy: 0.8521
Epoch 53/350
391/391 - 25s - loss: 0.3959 - accuracy: 0.8735 - val_loss: 0.4581 - val_accuracy: 0.8578
Epoch 54/350
391/391 - 25s - loss: 0.3920 - accuracy: 0.8748 - val_loss: 0.4422 - val_accuracy: 0.8636
Epoch 55/350
391/391 - 25s - loss: 0.3865 - accuracy: 0.8747 - val_loss: 0.4285 - val_accuracy: 0.8699
Epoch 56/350
391/391 - 25s - loss: 0.3817 - accuracy: 0.8788 - val_loss: 0.4346 - val_accuracy: 0.8696
Epoch 57/350
391/391 - 25s - loss: 0.3741 - accuracy: 0.8808 - val_loss: 0.4717 - val_accuracy: 0.8594
Epoch 58/350
391/391 - 25s - loss: 0.3713 - accuracy: 0.8806 - val_loss: 0.4685 - val_accuracy: 0.8619
Epoch 59/350
391/391 - 25s - loss: 0.3742 - accuracy: 0.8815 - val_loss: 0.4340 - val_accuracy: 0.8662
Epoch 60/350
391/391 - 25s - loss: 0.3649 - accuracy: 0.8834 - val_loss: 0.4522 - val_accuracy: 0.8648
Epoch 61/350
391/391 - 25s - loss: 0.3544 - accuracy: 0.8866 - val_loss: 0.4694 - val_accuracy: 0.8647
Epoch 62/350
391/391 - 25s - loss: 0.3573 - accuracy: 0.8861 - val_loss: 0.4326 - val_accuracy: 0.8702
Epoch 63/350
391/391 - 25s - loss: 0.3576 - accuracy: 0.8854 - val_loss: 0.4550 - val_accuracy: 0.8617
Epoch 64/350
391/391 - 25s - loss: 0.3503 - accuracy: 0.8877 - val_loss: 0.4375 - val_accuracy: 0.8681
Epoch 65/350
391/391 - 25s - loss: 0.3456 - accuracy: 0.8912 - val_loss: 0.4253 - val_accuracy: 0.8710
Epoch 66/350
391/391 - 25s - loss: 0.3441 - accuracy: 0.8903 - val_loss: 0.4206 - val_accuracy: 0.8744
Epoch 67/350
391/391 - 25s - loss: 0.3386 - accuracy: 0.8937 - val_loss: 0.4081 - val_accuracy: 0.8806
Epoch 68/350
391/391 - 25s - loss: 0.3389 - accuracy: 0.8922 - val_loss: 0.4074 - val_accuracy: 0.8740
Epoch 69/350
391/391 - 25s - loss: 0.3353 - accuracy: 0.8946 - val_loss: 0.4089 - val_accuracy: 0.8764
Epoch 70/350
391/391 - 25s - loss: 0.3327 - accuracy: 0.8955 - val_loss: 0.4289 - val_accuracy: 0.8743
Epoch 71/350
391/391 - 25s - loss: 0.3295 - accuracy: 0.8959 - val_loss: 0.4376 - val_accuracy: 0.8746
Epoch 72/350
391/391 - 25s - loss: 0.3295 - accuracy: 0.8957 - val_loss: 0.4309 - val_accuracy: 0.8750
Epoch 73/350
391/391 - 25s - loss: 0.3198 - accuracy: 0.8985 - val_loss: 0.3984 - val_accuracy: 0.8872
Epoch 74/350
391/391 - 25s - loss: 0.3192 - accuracy: 0.8996 - val_loss: 0.4481 - val_accuracy: 0.8716
Epoch 75/350
391/391 - 25s - loss: 0.3158 - accuracy: 0.9024 - val_loss: 0.4334 - val_accuracy: 0.8752
Epoch 76/350
391/391 - 25s - loss: 0.3138 - accuracy: 0.9019 - val_loss: 0.4067 - val_accuracy: 0.8791
Epoch 77/350
391/391 - 25s - loss: 0.3084 - accuracy: 0.9036 - val_loss: 0.4411 - val_accuracy: 0.8705
Epoch 78/350
391/391 - 25s - loss: 0.3043 - accuracy: 0.9053 - val_loss: 0.4564 - val_accuracy: 0.8696
Epoch 79/350
391/391 - 25s - loss: 0.3096 - accuracy: 0.9043 - val_loss: 0.4192 - val_accuracy: 0.8787
Epoch 80/350
391/391 - 25s - loss: 0.3057 - accuracy: 0.9050 - val_loss: 0.4410 - val_accuracy: 0.8758
Epoch 81/350
391/391 - 25s - loss: 0.3008 - accuracy: 0.9061 - val_loss: 0.4602 - val_accuracy: 0.8716
Epoch 82/350
391/391 - 25s - loss: 0.2983 - accuracy: 0.9070 - val_loss: 0.4260 - val_accuracy: 0.8779
Epoch 83/350
391/391 - 25s - loss: 0.2981 - accuracy: 0.9078 - val_loss: 0.4202 - val_accuracy: 0.8800
Epoch 84/350
391/391 - 25s - loss: 0.2906 - accuracy: 0.9104 - val_loss: 0.3992 - val_accuracy: 0.8833
Epoch 85/350
391/391 - 25s - loss: 0.2886 - accuracy: 0.9112 - val_loss: 0.4343 - val_accuracy: 0.8750
Epoch 86/350
391/391 - 25s - loss: 0.2873 - accuracy: 0.9114 - val_loss: 0.4114 - val_accuracy: 0.8853
Epoch 87/350
391/391 - 25s - loss: 0.2838 - accuracy: 0.9125 - val_loss: 0.4472 - val_accuracy: 0.8825
Epoch 88/350
391/391 - 25s - loss: 0.2862 - accuracy: 0.9119 - val_loss: 0.4285 - val_accuracy: 0.8833
Epoch 89/350
391/391 - 25s - loss: 0.2790 - accuracy: 0.9145 - val_loss: 0.4046 - val_accuracy: 0.8868
Epoch 90/350
391/391 - 25s - loss: 0.2828 - accuracy: 0.9150 - val_loss: 0.4441 - val_accuracy: 0.8795
Epoch 91/350
391/391 - 25s - loss: 0.2826 - accuracy: 0.9124 - val_loss: 0.4119 - val_accuracy: 0.8838
Epoch 92/350
391/391 - 25s - loss: 0.2734 - accuracy: 0.9163 - val_loss: 0.4121 - val_accuracy: 0.8880
Epoch 93/350
391/391 - 25s - loss: 0.2710 - accuracy: 0.9171 - val_loss: 0.4147 - val_accuracy: 0.8805
Epoch 94/350
391/391 - 25s - loss: 0.2748 - accuracy: 0.9156 - val_loss: 0.4383 - val_accuracy: 0.8819
Epoch 95/350
391/391 - 25s - loss: 0.2786 - accuracy: 0.9131 - val_loss: 0.4421 - val_accuracy: 0.8780
Epoch 96/350
391/391 - 25s - loss: 0.2699 - accuracy: 0.9171 - val_loss: 0.4225 - val_accuracy: 0.8849
Epoch 97/350
391/391 - 25s - loss: 0.2708 - accuracy: 0.9173 - val_loss: 0.4250 - val_accuracy: 0.8856
Epoch 98/350
391/391 - 25s - loss: 0.2648 - accuracy: 0.9195 - val_loss: 0.4070 - val_accuracy: 0.8884
Epoch 99/350
391/391 - 25s - loss: 0.2603 - accuracy: 0.9226 - val_loss: 0.4436 - val_accuracy: 0.8794
Epoch 100/350


Snapshot weight 9 shuffle 8 at epoch 100
Layer 11
Getting activations...


391/391 - 25s - loss: 0.2629 - accuracy: 0.9203 - val_loss: 0.4129 - val_accuracy: 0.8860
Epoch 101/350
391/391 - 25s - loss: 0.2625 - accuracy: 0.9208 - val_loss: 0.4516 - val_accuracy: 0.8789
Epoch 102/350
391/391 - 25s - loss: 0.2614 - accuracy: 0.9217 - val_loss: 0.4725 - val_accuracy: 0.8780
Epoch 103/350
391/391 - 25s - loss: 0.2557 - accuracy: 0.9229 - val_loss: 0.4166 - val_accuracy: 0.8875
Epoch 104/350
391/391 - 25s - loss: 0.2575 - accuracy: 0.9215 - val_loss: 0.4479 - val_accuracy: 0.8827
Epoch 105/350
391/391 - 25s - loss: 0.2509 - accuracy: 0.9249 - val_loss: 0.4712 - val_accuracy: 0.8757
Epoch 106/350
391/391 - 25s - loss: 0.2548 - accuracy: 0.9224 - val_loss: 0.4163 - val_accuracy: 0.8876
Epoch 107/350
391/391 - 25s - loss: 0.2487 - accuracy: 0.9251 - val_loss: 0.4477 - val_accuracy: 0.8807
Epoch 108/350
391/391 - 25s - loss: 0.2512 - accuracy: 0.9250 - val_loss: 0.4067 - val_accuracy: 0.8892
Epoch 109/350
391/391 - 25s - loss: 0.2431 - accuracy: 0.9272 - val_loss: 0.4678 - val_accuracy: 0.8807
Epoch 110/350
391/391 - 25s - loss: 0.2408 - accuracy: 0.9280 - val_loss: 0.4199 - val_accuracy: 0.8886
Epoch 111/350
391/391 - 25s - loss: 0.2430 - accuracy: 0.9276 - val_loss: 0.4550 - val_accuracy: 0.8800
Epoch 112/350
391/391 - 25s - loss: 0.2421 - accuracy: 0.9287 - val_loss: 0.4087 - val_accuracy: 0.8912
Epoch 113/350
391/391 - 25s - loss: 0.2404 - accuracy: 0.9280 - val_loss: 0.4432 - val_accuracy: 0.8868
Epoch 114/350
391/391 - 25s - loss: 0.2364 - accuracy: 0.9304 - val_loss: 0.4505 - val_accuracy: 0.8871
Epoch 115/350
391/391 - 25s - loss: 0.2369 - accuracy: 0.9294 - val_loss: 0.4060 - val_accuracy: 0.8932
Epoch 116/350
391/391 - 25s - loss: 0.2338 - accuracy: 0.9309 - val_loss: 0.4472 - val_accuracy: 0.8877
Epoch 117/350
391/391 - 25s - loss: 0.2331 - accuracy: 0.9303 - val_loss: 0.4543 - val_accuracy: 0.8821
Epoch 118/350
391/391 - 25s - loss: 0.2326 - accuracy: 0.9315 - val_loss: 0.4472 - val_accuracy: 0.8871
Epoch 119/350
391/391 - 25s - loss: 0.2275 - accuracy: 0.9331 - val_loss: 0.4590 - val_accuracy: 0.8857
Epoch 120/350
391/391 - 25s - loss: 0.2294 - accuracy: 0.9324 - val_loss: 0.4402 - val_accuracy: 0.8841
Epoch 121/350
391/391 - 25s - loss: 0.2298 - accuracy: 0.9340 - val_loss: 0.4266 - val_accuracy: 0.8895
Epoch 122/350
391/391 - 25s - loss: 0.2282 - accuracy: 0.9326 - val_loss: 0.4043 - val_accuracy: 0.8900
Epoch 123/350
391/391 - 25s - loss: 0.2256 - accuracy: 0.9333 - val_loss: 0.4379 - val_accuracy: 0.8911
Epoch 124/350
391/391 - 25s - loss: 0.2248 - accuracy: 0.9342 - val_loss: 0.4517 - val_accuracy: 0.8903
Epoch 125/350
391/391 - 25s - loss: 0.2282 - accuracy: 0.9342 - val_loss: 0.4271 - val_accuracy: 0.8886
Epoch 126/350
391/391 - 25s - loss: 0.2174 - accuracy: 0.9366 - val_loss: 0.4347 - val_accuracy: 0.8887
Epoch 127/350
391/391 - 25s - loss: 0.2209 - accuracy: 0.9353 - val_loss: 0.4366 - val_accuracy: 0.8897
Epoch 128/350
391/391 - 25s - loss: 0.2212 - accuracy: 0.9356 - val_loss: 0.4535 - val_accuracy: 0.8850
Epoch 129/350
391/391 - 25s - loss: 0.2178 - accuracy: 0.9366 - val_loss: 0.4749 - val_accuracy: 0.8839
Epoch 130/350
391/391 - 25s - loss: 0.2187 - accuracy: 0.9361 - val_loss: 0.4218 - val_accuracy: 0.8909
Epoch 131/350
391/391 - 25s - loss: 0.2159 - accuracy: 0.9380 - val_loss: 0.4788 - val_accuracy: 0.8815
Epoch 132/350
391/391 - 25s - loss: 0.2135 - accuracy: 0.9389 - val_loss: 0.4686 - val_accuracy: 0.8805
Epoch 133/350
391/391 - 25s - loss: 0.2182 - accuracy: 0.9379 - val_loss: 0.4352 - val_accuracy: 0.8930
Epoch 134/350
391/391 - 25s - loss: 0.2128 - accuracy: 0.9383 - val_loss: 0.4333 - val_accuracy: 0.8909
Epoch 135/350
391/391 - 25s - loss: 0.2160 - accuracy: 0.9375 - val_loss: 0.4287 - val_accuracy: 0.8911
Epoch 136/350
391/391 - 25s - loss: 0.2134 - accuracy: 0.9387 - val_loss: 0.4298 - val_accuracy: 0.8901
Epoch 137/350
391/391 - 25s - loss: 0.2089 - accuracy: 0.9408 - val_loss: 0.4352 - val_accuracy: 0.8930
Epoch 138/350
391/391 - 25s - loss: 0.2071 - accuracy: 0.9406 - val_loss: 0.4346 - val_accuracy: 0.8945
Epoch 139/350
391/391 - 25s - loss: 0.2137 - accuracy: 0.9399 - val_loss: 0.4316 - val_accuracy: 0.8941
Epoch 140/350
391/391 - 25s - loss: 0.2033 - accuracy: 0.9430 - val_loss: 0.4531 - val_accuracy: 0.8929
Epoch 141/350
391/391 - 25s - loss: 0.2058 - accuracy: 0.9418 - val_loss: 0.4698 - val_accuracy: 0.8919
Epoch 142/350
391/391 - 25s - loss: 0.2109 - accuracy: 0.9398 - val_loss: 0.4698 - val_accuracy: 0.8867
Epoch 143/350
391/391 - 25s - loss: 0.2038 - accuracy: 0.9418 - val_loss: 0.4475 - val_accuracy: 0.8922
Epoch 144/350
391/391 - 25s - loss: 0.2007 - accuracy: 0.9440 - val_loss: 0.4377 - val_accuracy: 0.8930
Epoch 145/350
391/391 - 25s - loss: 0.2052 - accuracy: 0.9416 - val_loss: 0.4287 - val_accuracy: 0.8913
Epoch 146/350
391/391 - 25s - loss: 0.2046 - accuracy: 0.9422 - val_loss: 0.4258 - val_accuracy: 0.8924
Epoch 147/350
391/391 - 25s - loss: 0.2008 - accuracy: 0.9430 - val_loss: 0.4380 - val_accuracy: 0.8946
Epoch 148/350
391/391 - 25s - loss: 0.2008 - accuracy: 0.9448 - val_loss: 0.4784 - val_accuracy: 0.8862
Epoch 149/350
391/391 - 25s - loss: 0.1965 - accuracy: 0.9451 - val_loss: 0.4574 - val_accuracy: 0.8926
Epoch 150/350


Snapshot weight 9 shuffle 8 at epoch 150
Layer 11
Getting activations...


391/391 - 25s - loss: 0.1999 - accuracy: 0.9443 - val_loss: 0.4569 - val_accuracy: 0.8904
Epoch 151/350
391/391 - 25s - loss: 0.1995 - accuracy: 0.9446 - val_loss: 0.4484 - val_accuracy: 0.8878
Epoch 152/350
391/391 - 25s - loss: 0.1962 - accuracy: 0.9458 - val_loss: 0.4667 - val_accuracy: 0.8890
Epoch 153/350
391/391 - 25s - loss: 0.1933 - accuracy: 0.9466 - val_loss: 0.4316 - val_accuracy: 0.8936
Epoch 154/350
391/391 - 25s - loss: 0.1945 - accuracy: 0.9465 - val_loss: 0.4586 - val_accuracy: 0.8914
Epoch 155/350
391/391 - 25s - loss: 0.1923 - accuracy: 0.9461 - val_loss: 0.4246 - val_accuracy: 0.8975
Epoch 156/350
391/391 - 25s - loss: 0.1910 - accuracy: 0.9468 - val_loss: 0.4610 - val_accuracy: 0.8883
Epoch 157/350
391/391 - 25s - loss: 0.1912 - accuracy: 0.9472 - val_loss: 0.4313 - val_accuracy: 0.8937
Epoch 158/350
391/391 - 25s - loss: 0.1915 - accuracy: 0.9489 - val_loss: 0.4272 - val_accuracy: 0.8960
Epoch 159/350
391/391 - 25s - loss: 0.1918 - accuracy: 0.9477 - val_loss: 0.5041 - val_accuracy: 0.8872
Epoch 160/350
391/391 - 25s - loss: 0.1914 - accuracy: 0.9488 - val_loss: 0.4496 - val_accuracy: 0.8895
Epoch 161/350
391/391 - 25s - loss: 0.1882 - accuracy: 0.9480 - val_loss: 0.4466 - val_accuracy: 0.8892
Epoch 162/350
391/391 - 25s - loss: 0.1882 - accuracy: 0.9491 - val_loss: 0.4602 - val_accuracy: 0.8935
Epoch 163/350
391/391 - 25s - loss: 0.1857 - accuracy: 0.9492 - val_loss: 0.4536 - val_accuracy: 0.8900
Epoch 164/350
391/391 - 25s - loss: 0.1869 - accuracy: 0.9489 - val_loss: 0.4579 - val_accuracy: 0.8883
Epoch 165/350
391/391 - 25s - loss: 0.1888 - accuracy: 0.9484 - val_loss: 0.4485 - val_accuracy: 0.8968
Epoch 166/350
391/391 - 25s - loss: 0.1831 - accuracy: 0.9504 - val_loss: 0.4602 - val_accuracy: 0.8953
Epoch 167/350
391/391 - 25s - loss: 0.1850 - accuracy: 0.9502 - val_loss: 0.4234 - val_accuracy: 0.8981
Epoch 168/350
391/391 - 25s - loss: 0.1838 - accuracy: 0.9496 - val_loss: 0.4727 - val_accuracy: 0.8913
Epoch 169/350
391/391 - 25s - loss: 0.1837 - accuracy: 0.9513 - val_loss: 0.4458 - val_accuracy: 0.8915
Epoch 170/350
391/391 - 25s - loss: 0.1836 - accuracy: 0.9505 - val_loss: 0.4420 - val_accuracy: 0.8979
Epoch 171/350
391/391 - 25s - loss: 0.1817 - accuracy: 0.9501 - val_loss: 0.4363 - val_accuracy: 0.8967
Epoch 172/350
391/391 - 25s - loss: 0.1845 - accuracy: 0.9503 - val_loss: 0.4919 - val_accuracy: 0.8891
Epoch 173/350
391/391 - 25s - loss: 0.1791 - accuracy: 0.9518 - val_loss: 0.4791 - val_accuracy: 0.8895
Epoch 174/350
391/391 - 25s - loss: 0.1839 - accuracy: 0.9509 - val_loss: 0.4721 - val_accuracy: 0.8907
Epoch 175/350
391/391 - 25s - loss: 0.1799 - accuracy: 0.9519 - val_loss: 0.4942 - val_accuracy: 0.8883
Epoch 176/350
391/391 - 25s - loss: 0.1809 - accuracy: 0.9519 - val_loss: 0.4356 - val_accuracy: 0.8992
Epoch 177/350
391/391 - 25s - loss: 0.1736 - accuracy: 0.9544 - val_loss: 0.4817 - val_accuracy: 0.8949
Epoch 178/350
391/391 - 25s - loss: 0.1745 - accuracy: 0.9531 - val_loss: 0.4795 - val_accuracy: 0.8923
Epoch 179/350
391/391 - 25s - loss: 0.1790 - accuracy: 0.9519 - val_loss: 0.4543 - val_accuracy: 0.8957
Epoch 180/350
391/391 - 25s - loss: 0.1795 - accuracy: 0.9522 - val_loss: 0.4788 - val_accuracy: 0.8917
Epoch 181/350
391/391 - 25s - loss: 0.1791 - accuracy: 0.9521 - val_loss: 0.4591 - val_accuracy: 0.8948
Epoch 182/350
391/391 - 25s - loss: 0.1707 - accuracy: 0.9549 - val_loss: 0.4780 - val_accuracy: 0.8949
Epoch 183/350
391/391 - 25s - loss: 0.1694 - accuracy: 0.9558 - val_loss: 0.4966 - val_accuracy: 0.8908
Epoch 184/350
391/391 - 25s - loss: 0.1702 - accuracy: 0.9559 - val_loss: 0.4898 - val_accuracy: 0.8904
Epoch 185/350
391/391 - 25s - loss: 0.1728 - accuracy: 0.9546 - val_loss: 0.4587 - val_accuracy: 0.8973
Epoch 186/350
391/391 - 25s - loss: 0.1746 - accuracy: 0.9546 - val_loss: 0.4670 - val_accuracy: 0.8946
Epoch 187/350
391/391 - 25s - loss: 0.1713 - accuracy: 0.9561 - val_loss: 0.4713 - val_accuracy: 0.8953
Epoch 188/350
391/391 - 25s - loss: 0.1736 - accuracy: 0.9553 - val_loss: 0.4812 - val_accuracy: 0.8916
Epoch 189/350
391/391 - 25s - loss: 0.1676 - accuracy: 0.9571 - val_loss: 0.4525 - val_accuracy: 0.8972
Epoch 190/350
391/391 - 25s - loss: 0.1725 - accuracy: 0.9552 - val_loss: 0.4570 - val_accuracy: 0.8966
Epoch 191/350
391/391 - 25s - loss: 0.1690 - accuracy: 0.9558 - val_loss: 0.4727 - val_accuracy: 0.8943
Epoch 192/350
391/391 - 25s - loss: 0.1718 - accuracy: 0.9552 - val_loss: 0.4788 - val_accuracy: 0.8959
Epoch 193/350
391/391 - 25s - loss: 0.1680 - accuracy: 0.9561 - val_loss: 0.4805 - val_accuracy: 0.8904
Epoch 194/350
391/391 - 25s - loss: 0.1689 - accuracy: 0.9567 - val_loss: 0.4905 - val_accuracy: 0.8953
Epoch 195/350
391/391 - 25s - loss: 0.1710 - accuracy: 0.9547 - val_loss: 0.4620 - val_accuracy: 0.8975
Epoch 196/350
391/391 - 25s - loss: 0.1679 - accuracy: 0.9568 - val_loss: 0.5086 - val_accuracy: 0.8912
Epoch 197/350
391/391 - 25s - loss: 0.1653 - accuracy: 0.9574 - val_loss: 0.4646 - val_accuracy: 0.8971
Epoch 198/350
391/391 - 25s - loss: 0.1607 - accuracy: 0.9591 - val_loss: 0.4923 - val_accuracy: 0.8989
Epoch 199/350
391/391 - 25s - loss: 0.1672 - accuracy: 0.9567 - val_loss: 0.4735 - val_accuracy: 0.9000
Epoch 200/350


Snapshot weight 9 shuffle 8 at epoch 200
Layer 11
Getting activations...


391/391 - 25s - loss: 0.1687 - accuracy: 0.9554 - val_loss: 0.4564 - val_accuracy: 0.8943
Epoch 201/350
391/391 - 25s - loss: 0.1392 - accuracy: 0.9675 - val_loss: 0.4494 - val_accuracy: 0.9030
Epoch 202/350
391/391 - 25s - loss: 0.1282 - accuracy: 0.9710 - val_loss: 0.4450 - val_accuracy: 0.9042
Epoch 203/350
391/391 - 25s - loss: 0.1241 - accuracy: 0.9727 - val_loss: 0.4528 - val_accuracy: 0.9049
Epoch 204/350
391/391 - 25s - loss: 0.1197 - accuracy: 0.9745 - val_loss: 0.4613 - val_accuracy: 0.9042
Epoch 205/350
391/391 - 25s - loss: 0.1213 - accuracy: 0.9730 - val_loss: 0.4680 - val_accuracy: 0.9057
Epoch 206/350
391/391 - 25s - loss: 0.1168 - accuracy: 0.9750 - val_loss: 0.4800 - val_accuracy: 0.9021
Epoch 207/350
391/391 - 25s - loss: 0.1185 - accuracy: 0.9749 - val_loss: 0.4692 - val_accuracy: 0.9044
Epoch 208/350
391/391 - 25s - loss: 0.1165 - accuracy: 0.9750 - val_loss: 0.4744 - val_accuracy: 0.9039
Epoch 209/350
391/391 - 25s - loss: 0.1171 - accuracy: 0.9742 - val_loss: 0.4718 - val_accuracy: 0.9047
Epoch 210/350
391/391 - 25s - loss: 0.1158 - accuracy: 0.9755 - val_loss: 0.4840 - val_accuracy: 0.9053
Epoch 211/350
391/391 - 25s - loss: 0.1147 - accuracy: 0.9751 - val_loss: 0.4860 - val_accuracy: 0.9042
Epoch 212/350
391/391 - 25s - loss: 0.1145 - accuracy: 0.9766 - val_loss: 0.4776 - val_accuracy: 0.9063
Epoch 213/350
391/391 - 25s - loss: 0.1170 - accuracy: 0.9752 - val_loss: 0.4891 - val_accuracy: 0.9056
Epoch 214/350
391/391 - 25s - loss: 0.1114 - accuracy: 0.9757 - val_loss: 0.4833 - val_accuracy: 0.9065
Epoch 215/350
391/391 - 25s - loss: 0.1148 - accuracy: 0.9766 - val_loss: 0.4819 - val_accuracy: 0.9061
Epoch 216/350
391/391 - 25s - loss: 0.1130 - accuracy: 0.9764 - val_loss: 0.4811 - val_accuracy: 0.9055
Epoch 217/350
391/391 - 25s - loss: 0.1141 - accuracy: 0.9765 - val_loss: 0.4761 - val_accuracy: 0.9069
Epoch 218/350
391/391 - 25s - loss: 0.1103 - accuracy: 0.9773 - val_loss: 0.4807 - val_accuracy: 0.9049
Epoch 219/350
391/391 - 25s - loss: 0.1139 - accuracy: 0.9761 - val_loss: 0.4771 - val_accuracy: 0.9043
Epoch 220/350
391/391 - 25s - loss: 0.1132 - accuracy: 0.9759 - val_loss: 0.4915 - val_accuracy: 0.9048
Epoch 221/350
391/391 - 25s - loss: 0.1106 - accuracy: 0.9773 - val_loss: 0.4791 - val_accuracy: 0.9061
Epoch 222/350
391/391 - 25s - loss: 0.1096 - accuracy: 0.9777 - val_loss: 0.4797 - val_accuracy: 0.9064
Epoch 223/350
391/391 - 25s - loss: 0.1106 - accuracy: 0.9770 - val_loss: 0.4813 - val_accuracy: 0.9060
Epoch 224/350
391/391 - 25s - loss: 0.1093 - accuracy: 0.9763 - val_loss: 0.4819 - val_accuracy: 0.9075
Epoch 225/350
391/391 - 25s - loss: 0.1095 - accuracy: 0.9780 - val_loss: 0.4805 - val_accuracy: 0.9072
Epoch 226/350
391/391 - 25s - loss: 0.1087 - accuracy: 0.9780 - val_loss: 0.4903 - val_accuracy: 0.9037
Epoch 227/350
391/391 - 25s - loss: 0.1104 - accuracy: 0.9768 - val_loss: 0.5021 - val_accuracy: 0.9024
Epoch 228/350
391/391 - 25s - loss: 0.1101 - accuracy: 0.9769 - val_loss: 0.4998 - val_accuracy: 0.9049
Epoch 229/350
391/391 - 25s - loss: 0.1093 - accuracy: 0.9777 - val_loss: 0.4938 - val_accuracy: 0.9045
Epoch 230/350
391/391 - 25s - loss: 0.1084 - accuracy: 0.9784 - val_loss: 0.4920 - val_accuracy: 0.9055
Epoch 231/350
391/391 - 25s - loss: 0.1079 - accuracy: 0.9773 - val_loss: 0.4941 - val_accuracy: 0.9047
Epoch 232/350
391/391 - 25s - loss: 0.1068 - accuracy: 0.9784 - val_loss: 0.5061 - val_accuracy: 0.9043
Epoch 233/350
391/391 - 25s - loss: 0.1109 - accuracy: 0.9770 - val_loss: 0.4995 - val_accuracy: 0.9044
Epoch 234/350
391/391 - 25s - loss: 0.1108 - accuracy: 0.9777 - val_loss: 0.4805 - val_accuracy: 0.9059
Epoch 235/350
391/391 - 25s - loss: 0.1083 - accuracy: 0.9775 - val_loss: 0.4869 - val_accuracy: 0.9051
Epoch 236/350
391/391 - 25s - loss: 0.1072 - accuracy: 0.9788 - val_loss: 0.4908 - val_accuracy: 0.9042
Epoch 237/350
391/391 - 25s - loss: 0.1063 - accuracy: 0.9795 - val_loss: 0.4921 - val_accuracy: 0.9050
Epoch 238/350
391/391 - 25s - loss: 0.1070 - accuracy: 0.9781 - val_loss: 0.4904 - val_accuracy: 0.9065
Epoch 239/350
391/391 - 25s - loss: 0.1062 - accuracy: 0.9787 - val_loss: 0.4941 - val_accuracy: 0.9068
Epoch 240/350
391/391 - 25s - loss: 0.1075 - accuracy: 0.9788 - val_loss: 0.5029 - val_accuracy: 0.9057
Epoch 241/350
391/391 - 25s - loss: 0.1063 - accuracy: 0.9787 - val_loss: 0.4900 - val_accuracy: 0.9062
Epoch 242/350
391/391 - 25s - loss: 0.1064 - accuracy: 0.9784 - val_loss: 0.5064 - val_accuracy: 0.9058
Epoch 243/350
391/391 - 25s - loss: 0.1036 - accuracy: 0.9803 - val_loss: 0.4998 - val_accuracy: 0.9074
Epoch 244/350
391/391 - 25s - loss: 0.1057 - accuracy: 0.9786 - val_loss: 0.4933 - val_accuracy: 0.9061
Epoch 245/350
391/391 - 25s - loss: 0.1062 - accuracy: 0.9784 - val_loss: 0.4984 - val_accuracy: 0.9060
Epoch 246/350
391/391 - 25s - loss: 0.1078 - accuracy: 0.9781 - val_loss: 0.4879 - val_accuracy: 0.9064
Epoch 247/350
391/391 - 25s - loss: 0.1043 - accuracy: 0.9790 - val_loss: 0.5005 - val_accuracy: 0.9053
Epoch 248/350
391/391 - 25s - loss: 0.1042 - accuracy: 0.9791 - val_loss: 0.4979 - val_accuracy: 0.9065
Epoch 249/350
391/391 - 25s - loss: 0.1060 - accuracy: 0.9785 - val_loss: 0.4980 - val_accuracy: 0.9055
Epoch 250/350


Snapshot weight 9 shuffle 8 at epoch 250
Layer 11
Getting activations...


391/391 - 25s - loss: 0.1018 - accuracy: 0.9802 - val_loss: 0.4952 - val_accuracy: 0.9065
Epoch 251/350
391/391 - 25s - loss: 0.1053 - accuracy: 0.9790 - val_loss: 0.4905 - val_accuracy: 0.9074
Epoch 252/350
391/391 - 25s - loss: 0.1045 - accuracy: 0.9800 - val_loss: 0.4922 - val_accuracy: 0.9068
Epoch 253/350
391/391 - 25s - loss: 0.1028 - accuracy: 0.9795 - val_loss: 0.4918 - val_accuracy: 0.9077
Epoch 254/350
391/391 - 25s - loss: 0.1020 - accuracy: 0.9801 - val_loss: 0.4928 - val_accuracy: 0.9077
Epoch 255/350
391/391 - 25s - loss: 0.1015 - accuracy: 0.9799 - val_loss: 0.4949 - val_accuracy: 0.9079
Epoch 256/350
391/391 - 25s - loss: 0.1024 - accuracy: 0.9800 - val_loss: 0.4954 - val_accuracy: 0.9072
Epoch 257/350
391/391 - 25s - loss: 0.1003 - accuracy: 0.9804 - val_loss: 0.4981 - val_accuracy: 0.9065
Epoch 258/350
391/391 - 24s - loss: 0.1029 - accuracy: 0.9802 - val_loss: 0.4960 - val_accuracy: 0.9063
Epoch 259/350
391/391 - 25s - loss: 0.1004 - accuracy: 0.9806 - val_loss: 0.4958 - val_accuracy: 0.9065
Epoch 260/350
391/391 - 25s - loss: 0.1026 - accuracy: 0.9803 - val_loss: 0.4949 - val_accuracy: 0.9061
Epoch 261/350
391/391 - 25s - loss: 0.1025 - accuracy: 0.9793 - val_loss: 0.4962 - val_accuracy: 0.9070
Epoch 262/350
391/391 - 25s - loss: 0.0998 - accuracy: 0.9807 - val_loss: 0.4975 - val_accuracy: 0.9062
Epoch 263/350
391/391 - 25s - loss: 0.1024 - accuracy: 0.9797 - val_loss: 0.4962 - val_accuracy: 0.9061
Epoch 264/350
391/391 - 25s - loss: 0.1012 - accuracy: 0.9804 - val_loss: 0.4952 - val_accuracy: 0.9069
Epoch 265/350
391/391 - 25s - loss: 0.1023 - accuracy: 0.9801 - val_loss: 0.4945 - val_accuracy: 0.9063
Epoch 266/350
391/391 - 25s - loss: 0.1004 - accuracy: 0.9801 - val_loss: 0.4938 - val_accuracy: 0.9062
Epoch 267/350
391/391 - 25s - loss: 0.1026 - accuracy: 0.9804 - val_loss: 0.4973 - val_accuracy: 0.9065
Epoch 268/350
391/391 - 25s - loss: 0.0995 - accuracy: 0.9805 - val_loss: 0.4966 - val_accuracy: 0.9065
Epoch 269/350
391/391 - 25s - loss: 0.1004 - accuracy: 0.9806 - val_loss: 0.4969 - val_accuracy: 0.9070
Epoch 270/350
391/391 - 25s - loss: 0.1025 - accuracy: 0.9801 - val_loss: 0.4978 - val_accuracy: 0.9067
Epoch 271/350
391/391 - 25s - loss: 0.1014 - accuracy: 0.9805 - val_loss: 0.4958 - val_accuracy: 0.9068
Epoch 272/350
391/391 - 25s - loss: 0.1025 - accuracy: 0.9799 - val_loss: 0.4988 - val_accuracy: 0.9064
Epoch 273/350
391/391 - 25s - loss: 0.1013 - accuracy: 0.9804 - val_loss: 0.4968 - val_accuracy: 0.9066
Epoch 274/350
391/391 - 25s - loss: 0.1021 - accuracy: 0.9803 - val_loss: 0.4965 - val_accuracy: 0.9071
Epoch 275/350
391/391 - 25s - loss: 0.1013 - accuracy: 0.9805 - val_loss: 0.4950 - val_accuracy: 0.9065
Epoch 276/350
391/391 - 25s - loss: 0.1021 - accuracy: 0.9800 - val_loss: 0.4969 - val_accuracy: 0.9068
Epoch 277/350
391/391 - 25s - loss: 0.1006 - accuracy: 0.9810 - val_loss: 0.4985 - val_accuracy: 0.9066
Epoch 278/350
391/391 - 25s - loss: 0.1002 - accuracy: 0.9816 - val_loss: 0.4965 - val_accuracy: 0.9067
Epoch 279/350
391/391 - 25s - loss: 0.1007 - accuracy: 0.9803 - val_loss: 0.4998 - val_accuracy: 0.9069
Epoch 280/350
391/391 - 25s - loss: 0.1005 - accuracy: 0.9815 - val_loss: 0.4998 - val_accuracy: 0.9067
Epoch 281/350
391/391 - 25s - loss: 0.1001 - accuracy: 0.9806 - val_loss: 0.5008 - val_accuracy: 0.9061
Epoch 282/350
391/391 - 25s - loss: 0.1006 - accuracy: 0.9808 - val_loss: 0.5026 - val_accuracy: 0.9058
Epoch 283/350
391/391 - 25s - loss: 0.0998 - accuracy: 0.9816 - val_loss: 0.5011 - val_accuracy: 0.9058
Epoch 284/350
391/391 - 25s - loss: 0.0999 - accuracy: 0.9808 - val_loss: 0.5032 - val_accuracy: 0.9061
Epoch 285/350
391/391 - 25s - loss: 0.0999 - accuracy: 0.9806 - val_loss: 0.5018 - val_accuracy: 0.9064
Epoch 286/350
391/391 - 25s - loss: 0.1012 - accuracy: 0.9803 - val_loss: 0.5014 - val_accuracy: 0.9057
Epoch 287/350
391/391 - 25s - loss: 0.1001 - accuracy: 0.9807 - val_loss: 0.5018 - val_accuracy: 0.9059
Epoch 288/350
391/391 - 25s - loss: 0.1013 - accuracy: 0.9807 - val_loss: 0.5024 - val_accuracy: 0.9060
Epoch 289/350
391/391 - 25s - loss: 0.0991 - accuracy: 0.9812 - val_loss: 0.5009 - val_accuracy: 0.9065
Epoch 290/350
391/391 - 25s - loss: 0.1040 - accuracy: 0.9795 - val_loss: 0.5016 - val_accuracy: 0.9063
Epoch 291/350
391/391 - 25s - loss: 0.0993 - accuracy: 0.9808 - val_loss: 0.5007 - val_accuracy: 0.9068
Epoch 292/350
391/391 - 25s - loss: 0.0987 - accuracy: 0.9812 - val_loss: 0.5042 - val_accuracy: 0.9059
Epoch 293/350
391/391 - 25s - loss: 0.0987 - accuracy: 0.9816 - val_loss: 0.5018 - val_accuracy: 0.9064
Epoch 294/350
391/391 - 25s - loss: 0.0999 - accuracy: 0.9810 - val_loss: 0.5028 - val_accuracy: 0.9066
Epoch 295/350
391/391 - 25s - loss: 0.1011 - accuracy: 0.9804 - val_loss: 0.5027 - val_accuracy: 0.9067
Epoch 296/350
391/391 - 25s - loss: 0.1012 - accuracy: 0.9805 - val_loss: 0.4997 - val_accuracy: 0.9071
Epoch 297/350
391/391 - 25s - loss: 0.1005 - accuracy: 0.9808 - val_loss: 0.5006 - val_accuracy: 0.9069
Epoch 298/350
391/391 - 25s - loss: 0.1000 - accuracy: 0.9806 - val_loss: 0.5016 - val_accuracy: 0.9072
Epoch 299/350
391/391 - 25s - loss: 0.1006 - accuracy: 0.9806 - val_loss: 0.4995 - val_accuracy: 0.9074
Epoch 300/350


Snapshot weight 9 shuffle 8 at epoch 300
Layer 11
Getting activations...


391/391 - 25s - loss: 0.0980 - accuracy: 0.9814 - val_loss: 0.5051 - val_accuracy: 0.9065
Epoch 301/350
391/391 - 25s - loss: 0.0987 - accuracy: 0.9816 - val_loss: 0.5040 - val_accuracy: 0.9073
Epoch 302/350
391/391 - 25s - loss: 0.1008 - accuracy: 0.9814 - val_loss: 0.5034 - val_accuracy: 0.9071
Epoch 303/350
391/391 - 25s - loss: 0.0998 - accuracy: 0.9811 - val_loss: 0.5031 - val_accuracy: 0.9072
Epoch 304/350
391/391 - 25s - loss: 0.0978 - accuracy: 0.9819 - val_loss: 0.5030 - val_accuracy: 0.9070
Epoch 305/350
391/391 - 25s - loss: 0.1016 - accuracy: 0.9808 - val_loss: 0.5027 - val_accuracy: 0.9072
Epoch 306/350
391/391 - 25s - loss: 0.0987 - accuracy: 0.9813 - val_loss: 0.5026 - val_accuracy: 0.9073
Epoch 307/350
391/391 - 25s - loss: 0.0987 - accuracy: 0.9810 - val_loss: 0.5026 - val_accuracy: 0.9074
Epoch 308/350
391/391 - 25s - loss: 0.0998 - accuracy: 0.9805 - val_loss: 0.5023 - val_accuracy: 0.9075
Epoch 309/350
391/391 - 25s - loss: 0.1009 - accuracy: 0.9807 - val_loss: 0.5026 - val_accuracy: 0.9073
Epoch 310/350
391/391 - 25s - loss: 0.0982 - accuracy: 0.9819 - val_loss: 0.5023 - val_accuracy: 0.9074
Epoch 311/350
391/391 - 25s - loss: 0.0992 - accuracy: 0.9808 - val_loss: 0.5023 - val_accuracy: 0.9076
Epoch 312/350
391/391 - 25s - loss: 0.1028 - accuracy: 0.9797 - val_loss: 0.5021 - val_accuracy: 0.9075
Epoch 313/350
391/391 - 25s - loss: 0.1005 - accuracy: 0.9814 - val_loss: 0.5017 - val_accuracy: 0.9076
Epoch 314/350
391/391 - 25s - loss: 0.1009 - accuracy: 0.9805 - val_loss: 0.5016 - val_accuracy: 0.9076
Epoch 315/350
391/391 - 25s - loss: 0.0998 - accuracy: 0.9810 - val_loss: 0.5017 - val_accuracy: 0.9075
Epoch 316/350
391/391 - 25s - loss: 0.0993 - accuracy: 0.9816 - val_loss: 0.5016 - val_accuracy: 0.9074
Epoch 317/350
391/391 - 25s - loss: 0.1009 - accuracy: 0.9804 - val_loss: 0.5014 - val_accuracy: 0.9077
Epoch 318/350
391/391 - 25s - loss: 0.1007 - accuracy: 0.9803 - val_loss: 0.5013 - val_accuracy: 0.9076
Epoch 319/350
391/391 - 25s - loss: 0.0979 - accuracy: 0.9816 - val_loss: 0.5015 - val_accuracy: 0.9072
Epoch 320/350
391/391 - 25s - loss: 0.0998 - accuracy: 0.9811 - val_loss: 0.5013 - val_accuracy: 0.9073
Epoch 321/350
391/391 - 25s - loss: 0.1010 - accuracy: 0.9810 - val_loss: 0.5014 - val_accuracy: 0.9073
Epoch 322/350
391/391 - 25s - loss: 0.0995 - accuracy: 0.9816 - val_loss: 0.5016 - val_accuracy: 0.9070
Epoch 323/350
391/391 - 25s - loss: 0.0993 - accuracy: 0.9809 - val_loss: 0.5015 - val_accuracy: 0.9073
Epoch 324/350
391/391 - 25s - loss: 0.1005 - accuracy: 0.9808 - val_loss: 0.5016 - val_accuracy: 0.9074
Epoch 325/350
391/391 - 25s - loss: 0.1007 - accuracy: 0.9808 - val_loss: 0.5015 - val_accuracy: 0.9072
Epoch 326/350
391/391 - 25s - loss: 0.0987 - accuracy: 0.9811 - val_loss: 0.5015 - val_accuracy: 0.9074
Epoch 327/350
391/391 - 25s - loss: 0.0979 - accuracy: 0.9820 - val_loss: 0.5012 - val_accuracy: 0.9075
Epoch 328/350
391/391 - 25s - loss: 0.0997 - accuracy: 0.9809 - val_loss: 0.5013 - val_accuracy: 0.9072
Epoch 329/350
391/391 - 25s - loss: 0.0991 - accuracy: 0.9813 - val_loss: 0.5013 - val_accuracy: 0.9076
Epoch 330/350
391/391 - 25s - loss: 0.0978 - accuracy: 0.9812 - val_loss: 0.5013 - val_accuracy: 0.9075
Epoch 331/350
391/391 - 25s - loss: 0.0985 - accuracy: 0.9808 - val_loss: 0.5013 - val_accuracy: 0.9072
Epoch 332/350
391/391 - 25s - loss: 0.0990 - accuracy: 0.9811 - val_loss: 0.5015 - val_accuracy: 0.9071
Epoch 333/350
391/391 - 25s - loss: 0.1010 - accuracy: 0.9812 - val_loss: 0.5012 - val_accuracy: 0.9073
Epoch 334/350
391/391 - 25s - loss: 0.1004 - accuracy: 0.9807 - val_loss: 0.5010 - val_accuracy: 0.9074
Epoch 335/350
391/391 - 25s - loss: 0.0994 - accuracy: 0.9813 - val_loss: 0.5008 - val_accuracy: 0.9073
Epoch 336/350
391/391 - 25s - loss: 0.0983 - accuracy: 0.9811 - val_loss: 0.5012 - val_accuracy: 0.9072
Epoch 337/350
391/391 - 25s - loss: 0.1017 - accuracy: 0.9799 - val_loss: 0.5012 - val_accuracy: 0.9073
Epoch 338/350
391/391 - 25s - loss: 0.0983 - accuracy: 0.9810 - val_loss: 0.5011 - val_accuracy: 0.9073
Epoch 339/350
391/391 - 25s - loss: 0.1006 - accuracy: 0.9809 - val_loss: 0.5012 - val_accuracy: 0.9072
Epoch 340/350
391/391 - 25s - loss: 0.0978 - accuracy: 0.9814 - val_loss: 0.5012 - val_accuracy: 0.9070
Epoch 341/350
391/391 - 25s - loss: 0.0991 - accuracy: 0.9809 - val_loss: 0.5012 - val_accuracy: 0.9070
Epoch 342/350
391/391 - 25s - loss: 0.0992 - accuracy: 0.9806 - val_loss: 0.5012 - val_accuracy: 0.9071
Epoch 343/350
391/391 - 25s - loss: 0.1010 - accuracy: 0.9805 - val_loss: 0.5010 - val_accuracy: 0.9071
Epoch 344/350
391/391 - 25s - loss: 0.1014 - accuracy: 0.9806 - val_loss: 0.5013 - val_accuracy: 0.9068
Epoch 345/350
391/391 - 25s - loss: 0.0995 - accuracy: 0.9807 - val_loss: 0.5014 - val_accuracy: 0.9066
Epoch 346/350
391/391 - 25s - loss: 0.0984 - accuracy: 0.9821 - val_loss: 0.5010 - val_accuracy: 0.9066
Epoch 347/350
391/391 - 25s - loss: 0.1002 - accuracy: 0.9808 - val_loss: 0.5013 - val_accuracy: 0.9066
Epoch 348/350
391/391 - 25s - loss: 0.1013 - accuracy: 0.9798 - val_loss: 0.5015 - val_accuracy: 0.9067
Epoch 349/350
391/391 - 25s - loss: 0.0996 - accuracy: 0.9813 - val_loss: 0.5016 - val_accuracy: 0.9069
Epoch 350/350


Snapshot weight 9 shuffle 8 at epoch 350
Layer 11
Getting activations...


391/391 - 25s - loss: 0.0978 - accuracy: 0.9814 - val_loss: 0.5017 - val_accuracy: 0.9065
WARNING:tensorflow:From /usr/local/lib/python3.6/dist-packages/tensorflow/python/training/tracking/tracking.py:111: Model.state_updates (from tensorflow.python.keras.engine.training) is deprecated and will be removed in a future version.
Instructions for updating:
This property should not be used in TensorFlow 2.0, as updates are applied automatically.
2021-07-02 20:53:31.622379: W tensorflow/python/util/util.cc:348] Sets are not currently considered sequences, but this may change in the future, so consider avoiding using them.
WARNING:tensorflow:From /usr/local/lib/python3.6/dist-packages/tensorflow/python/training/tracking/tracking.py:111: Layer.updates (from tensorflow.python.keras.engine.base_layer) is deprecated and will be removed in a future version.
Instructions for updating:
This property should not be used in TensorFlow 2.0, as updates are applied automatically.
Saving, final validation acc: 0.906499981880188
