2021-07-02 02:01:58.042707: I tensorflow/stream_executor/platform/default/dso_loader.cc:48] Successfully opened dynamic library libcudart.so.10.1
2021-07-02 02:03:20.876454: I tensorflow/stream_executor/platform/default/dso_loader.cc:48] Successfully opened dynamic library libcuda.so.1
2021-07-02 02:03:20.910711: I tensorflow/core/common_runtime/gpu/gpu_device.cc:1716] Found device 0 with properties: 
pciBusID: 0000:02:00.0 name: NVIDIA TITAN Xp computeCapability: 6.1
coreClock: 1.582GHz coreCount: 30 deviceMemorySize: 11.91GiB deviceMemoryBandwidth: 510.07GiB/s
2021-07-02 02:03:20.910779: I tensorflow/stream_executor/platform/default/dso_loader.cc:48] Successfully opened dynamic library libcudart.so.10.1
2021-07-02 02:03:20.953437: I tensorflow/stream_executor/platform/default/dso_loader.cc:48] Successfully opened dynamic library libcublas.so.10
2021-07-02 02:03:20.975300: I tensorflow/stream_executor/platform/default/dso_loader.cc:48] Successfully opened dynamic library libcufft.so.10
2021-07-02 02:03:20.984074: I tensorflow/stream_executor/platform/default/dso_loader.cc:48] Successfully opened dynamic library libcurand.so.10
2021-07-02 02:03:21.029326: I tensorflow/stream_executor/platform/default/dso_loader.cc:48] Successfully opened dynamic library libcusolver.so.10
2021-07-02 02:03:21.038182: I tensorflow/stream_executor/platform/default/dso_loader.cc:48] Successfully opened dynamic library libcusparse.so.10
2021-07-02 02:03:21.119222: I tensorflow/stream_executor/platform/default/dso_loader.cc:48] Successfully opened dynamic library libcudnn.so.7
2021-07-02 02:03:21.121921: I tensorflow/core/common_runtime/gpu/gpu_device.cc:1858] Adding visible gpu devices: 0
2021-07-02 02:03:21.125763: I tensorflow/core/platform/cpu_feature_guard.cc:142] This TensorFlow binary is optimized with oneAPI Deep Neural Network Library (oneDNN)to use the following CPU instructions in performance-critical operations:  AVX2 FMA
To enable them in other operations, rebuild TensorFlow with the appropriate compiler flags.
2021-07-02 02:03:21.142678: I tensorflow/core/platform/profile_utils/cpu_utils.cc:104] CPU Frequency: 2600000000 Hz
2021-07-02 02:03:21.142829: I tensorflow/compiler/xla/service/service.cc:168] XLA service 0x4dce440 initialized for platform Host (this does not guarantee that XLA will be used). Devices:
2021-07-02 02:03:21.142847: I tensorflow/compiler/xla/service/service.cc:176]   StreamExecutor device (0): Host, Default Version
2021-07-02 02:03:21.274871: I tensorflow/compiler/xla/service/service.cc:168] XLA service 0x4dae9a0 initialized for platform CUDA (this does not guarantee that XLA will be used). Devices:
2021-07-02 02:03:21.274949: I tensorflow/compiler/xla/service/service.cc:176]   StreamExecutor device (0): NVIDIA TITAN Xp, Compute Capability 6.1
2021-07-02 02:03:21.277691: I tensorflow/core/common_runtime/gpu/gpu_device.cc:1716] Found device 0 with properties: 
pciBusID: 0000:02:00.0 name: NVIDIA TITAN Xp computeCapability: 6.1
coreClock: 1.582GHz coreCount: 30 deviceMemorySize: 11.91GiB deviceMemoryBandwidth: 510.07GiB/s
2021-07-02 02:03:21.277737: I tensorflow/stream_executor/platform/default/dso_loader.cc:48] Successfully opened dynamic library libcudart.so.10.1
2021-07-02 02:03:21.277773: I tensorflow/stream_executor/platform/default/dso_loader.cc:48] Successfully opened dynamic library libcublas.so.10
2021-07-02 02:03:21.277791: I tensorflow/stream_executor/platform/default/dso_loader.cc:48] Successfully opened dynamic library libcufft.so.10
2021-07-02 02:03:21.277808: I tensorflow/stream_executor/platform/default/dso_loader.cc:48] Successfully opened dynamic library libcurand.so.10
2021-07-02 02:03:21.277825: I tensorflow/stream_executor/platform/default/dso_loader.cc:48] Successfully opened dynamic library libcusolver.so.10
2021-07-02 02:03:21.277841: I tensorflow/stream_executor/platform/default/dso_loader.cc:48] Successfully opened dynamic library libcusparse.so.10
2021-07-02 02:03:21.277858: I tensorflow/stream_executor/platform/default/dso_loader.cc:48] Successfully opened dynamic library libcudnn.so.7
2021-07-02 02:03:21.285460: I tensorflow/core/common_runtime/gpu/gpu_device.cc:1858] Adding visible gpu devices: 0
2021-07-02 02:03:21.287333: I tensorflow/stream_executor/platform/default/dso_loader.cc:48] Successfully opened dynamic library libcudart.so.10.1
2021-07-02 02:03:23.126529: I tensorflow/core/common_runtime/gpu/gpu_device.cc:1257] Device interconnect StreamExecutor with strength 1 edge matrix:
2021-07-02 02:03:23.126611: I tensorflow/core/common_runtime/gpu/gpu_device.cc:1263]      0 
2021-07-02 02:03:23.126624: I tensorflow/core/common_runtime/gpu/gpu_device.cc:1276] 0:   N 
2021-07-02 02:03:23.134571: I tensorflow/core/common_runtime/gpu/gpu_device.cc:1402] Created TensorFlow device (/job:localhost/replica:0/task:0/device:GPU:0 with 11218 MB memory) -> physical GPU (device: 0, name: NVIDIA TITAN Xp, pci bus id: 0000:02:00.0, compute capability: 6.1)
2021-07-02 02:03:29.118435: I tensorflow/stream_executor/platform/default/dso_loader.cc:48] Successfully opened dynamic library libcudnn.so.7
2021-07-02 02:03:31.701272: I tensorflow/stream_executor/platform/default/dso_loader.cc:48] Successfully opened dynamic library libcublas.so.10
Using model index: 34
Making train data...
GCN...
ZCA...
Done!
Making test data...
Done!
Epoch 1/350


Snapshot weight 4 shuffle 3 at epoch 1
Layer 11
Getting activations...


391/391 - 23s - loss: 2.3183 - accuracy: 0.1073 - val_loss: 2.2957 - val_accuracy: 0.1057
Epoch 2/350


Snapshot weight 4 shuffle 3 at epoch 2
Layer 11
Getting activations...


391/391 - 23s - loss: 2.2913 - accuracy: 0.1267 - val_loss: 2.3251 - val_accuracy: 0.1163
Epoch 3/350


Snapshot weight 4 shuffle 3 at epoch 3
Layer 11
Getting activations...


391/391 - 23s - loss: 2.2441 - accuracy: 0.1622 - val_loss: 2.2113 - val_accuracy: 0.1773
Epoch 4/350


Snapshot weight 4 shuffle 3 at epoch 4
Layer 11
Getting activations...


391/391 - 23s - loss: 2.1450 - accuracy: 0.2060 - val_loss: 1.8763 - val_accuracy: 0.3074
Epoch 5/350


Snapshot weight 4 shuffle 3 at epoch 5
Layer 11
Getting activations...


391/391 - 23s - loss: 1.7086 - accuracy: 0.3764 - val_loss: 1.4361 - val_accuracy: 0.4854
Epoch 6/350


Snapshot weight 4 shuffle 3 at epoch 6
Layer 11
Getting activations...


391/391 - 23s - loss: 1.4542 - accuracy: 0.4806 - val_loss: 1.2832 - val_accuracy: 0.5554
Epoch 7/350


Snapshot weight 4 shuffle 3 at epoch 7
Layer 11
Getting activations...


391/391 - 23s - loss: 1.3125 - accuracy: 0.5345 - val_loss: 1.3766 - val_accuracy: 0.5482
Epoch 8/350


Snapshot weight 4 shuffle 3 at epoch 8
Layer 11
Getting activations...


391/391 - 23s - loss: 1.2122 - accuracy: 0.5751 - val_loss: 1.1341 - val_accuracy: 0.6090
Epoch 9/350


Snapshot weight 4 shuffle 3 at epoch 9
Layer 11
Getting activations...


391/391 - 23s - loss: 1.1534 - accuracy: 0.5979 - val_loss: 1.0688 - val_accuracy: 0.6234
Epoch 10/350


Snapshot weight 4 shuffle 3 at epoch 10
Layer 11
Getting activations...


391/391 - 24s - loss: 1.0847 - accuracy: 0.6240 - val_loss: 1.0148 - val_accuracy: 0.6499
Epoch 11/350
391/391 - 23s - loss: 1.0403 - accuracy: 0.6401 - val_loss: 1.0229 - val_accuracy: 0.6452
Epoch 12/350
391/391 - 23s - loss: 0.9971 - accuracy: 0.6552 - val_loss: 0.9770 - val_accuracy: 0.6678
Epoch 13/350
391/391 - 23s - loss: 0.9462 - accuracy: 0.6754 - val_loss: 0.8604 - val_accuracy: 0.7078
Epoch 14/350
391/391 - 23s - loss: 0.9093 - accuracy: 0.6898 - val_loss: 0.8626 - val_accuracy: 0.7050
Epoch 15/350
391/391 - 23s - loss: 0.8756 - accuracy: 0.7015 - val_loss: 0.8280 - val_accuracy: 0.7209
Epoch 16/350
391/391 - 23s - loss: 0.8466 - accuracy: 0.7109 - val_loss: 0.7551 - val_accuracy: 0.7472
Epoch 17/350
391/391 - 23s - loss: 0.8119 - accuracy: 0.7229 - val_loss: 0.7546 - val_accuracy: 0.7535
Epoch 18/350
391/391 - 23s - loss: 0.7812 - accuracy: 0.7381 - val_loss: 0.7656 - val_accuracy: 0.7477
Epoch 19/350
391/391 - 23s - loss: 0.7602 - accuracy: 0.7443 - val_loss: 0.7158 - val_accuracy: 0.7647
Epoch 20/350
391/391 - 23s - loss: 0.7381 - accuracy: 0.7516 - val_loss: 0.7033 - val_accuracy: 0.7660
Epoch 21/350
391/391 - 23s - loss: 0.7021 - accuracy: 0.7658 - val_loss: 0.7670 - val_accuracy: 0.7582
Epoch 22/350
391/391 - 23s - loss: 0.6893 - accuracy: 0.7684 - val_loss: 0.6310 - val_accuracy: 0.7905
Epoch 23/350
391/391 - 23s - loss: 0.6722 - accuracy: 0.7759 - val_loss: 0.7012 - val_accuracy: 0.7729
Epoch 24/350
391/391 - 23s - loss: 0.6497 - accuracy: 0.7820 - val_loss: 0.6848 - val_accuracy: 0.7766
Epoch 25/350
391/391 - 23s - loss: 0.6317 - accuracy: 0.7901 - val_loss: 0.7168 - val_accuracy: 0.7719
Epoch 26/350
391/391 - 23s - loss: 0.6214 - accuracy: 0.7929 - val_loss: 0.5975 - val_accuracy: 0.8065
Epoch 27/350
391/391 - 23s - loss: 0.6053 - accuracy: 0.8001 - val_loss: 0.5744 - val_accuracy: 0.8118
Epoch 28/350
391/391 - 23s - loss: 0.5970 - accuracy: 0.8033 - val_loss: 0.5671 - val_accuracy: 0.8130
Epoch 29/350
391/391 - 23s - loss: 0.5866 - accuracy: 0.8067 - val_loss: 0.6400 - val_accuracy: 0.7924
Epoch 30/350
391/391 - 23s - loss: 0.5723 - accuracy: 0.8110 - val_loss: 0.5861 - val_accuracy: 0.8155
Epoch 31/350
391/391 - 23s - loss: 0.5561 - accuracy: 0.8171 - val_loss: 0.5442 - val_accuracy: 0.8247
Epoch 32/350
391/391 - 23s - loss: 0.5471 - accuracy: 0.8185 - val_loss: 0.5479 - val_accuracy: 0.8222
Epoch 33/350
391/391 - 23s - loss: 0.5336 - accuracy: 0.8255 - val_loss: 0.5207 - val_accuracy: 0.8325
Epoch 34/350
391/391 - 23s - loss: 0.5297 - accuracy: 0.8251 - val_loss: 0.5058 - val_accuracy: 0.8392
Epoch 35/350
391/391 - 23s - loss: 0.5230 - accuracy: 0.8285 - val_loss: 0.5148 - val_accuracy: 0.8350
Epoch 36/350
391/391 - 23s - loss: 0.5097 - accuracy: 0.8324 - val_loss: 0.4949 - val_accuracy: 0.8442
Epoch 37/350
391/391 - 23s - loss: 0.5005 - accuracy: 0.8364 - val_loss: 0.5269 - val_accuracy: 0.8383
Epoch 38/350
391/391 - 23s - loss: 0.4885 - accuracy: 0.8393 - val_loss: 0.4933 - val_accuracy: 0.8410
Epoch 39/350
391/391 - 23s - loss: 0.4881 - accuracy: 0.8396 - val_loss: 0.5023 - val_accuracy: 0.8449
Epoch 40/350
391/391 - 23s - loss: 0.4800 - accuracy: 0.8430 - val_loss: 0.4764 - val_accuracy: 0.8468
Epoch 41/350
391/391 - 23s - loss: 0.4704 - accuracy: 0.8455 - val_loss: 0.4854 - val_accuracy: 0.8480
Epoch 42/350
391/391 - 23s - loss: 0.4657 - accuracy: 0.8494 - val_loss: 0.4710 - val_accuracy: 0.8531
Epoch 43/350
391/391 - 23s - loss: 0.4592 - accuracy: 0.8502 - val_loss: 0.4953 - val_accuracy: 0.8431
Epoch 44/350
391/391 - 23s - loss: 0.4498 - accuracy: 0.8539 - val_loss: 0.5217 - val_accuracy: 0.8385
Epoch 45/350
391/391 - 23s - loss: 0.4449 - accuracy: 0.8552 - val_loss: 0.4679 - val_accuracy: 0.8537
Epoch 46/350
391/391 - 23s - loss: 0.4404 - accuracy: 0.8574 - val_loss: 0.4823 - val_accuracy: 0.8473
Epoch 47/350
391/391 - 23s - loss: 0.4366 - accuracy: 0.8582 - val_loss: 0.4771 - val_accuracy: 0.8532
Epoch 48/350
391/391 - 23s - loss: 0.4250 - accuracy: 0.8631 - val_loss: 0.5285 - val_accuracy: 0.8402
Epoch 49/350
391/391 - 23s - loss: 0.4226 - accuracy: 0.8637 - val_loss: 0.4453 - val_accuracy: 0.8616
Epoch 50/350


Snapshot weight 4 shuffle 3 at epoch 50
Layer 11
Getting activations...


391/391 - 23s - loss: 0.4149 - accuracy: 0.8654 - val_loss: 0.4619 - val_accuracy: 0.8581
Epoch 51/350
391/391 - 23s - loss: 0.4150 - accuracy: 0.8651 - val_loss: 0.4811 - val_accuracy: 0.8497
Epoch 52/350
391/391 - 23s - loss: 0.4055 - accuracy: 0.8691 - val_loss: 0.4418 - val_accuracy: 0.8638
Epoch 53/350
391/391 - 23s - loss: 0.4034 - accuracy: 0.8708 - val_loss: 0.4693 - val_accuracy: 0.8525
Epoch 54/350
391/391 - 23s - loss: 0.3990 - accuracy: 0.8716 - val_loss: 0.4944 - val_accuracy: 0.8502
Epoch 55/350
391/391 - 23s - loss: 0.3939 - accuracy: 0.8741 - val_loss: 0.4724 - val_accuracy: 0.8595
Epoch 56/350
391/391 - 23s - loss: 0.3896 - accuracy: 0.8741 - val_loss: 0.4379 - val_accuracy: 0.8696
Epoch 57/350
391/391 - 23s - loss: 0.3834 - accuracy: 0.8770 - val_loss: 0.4465 - val_accuracy: 0.8606
Epoch 58/350
391/391 - 23s - loss: 0.3764 - accuracy: 0.8781 - val_loss: 0.4706 - val_accuracy: 0.8590
Epoch 59/350
391/391 - 23s - loss: 0.3784 - accuracy: 0.8777 - val_loss: 0.4453 - val_accuracy: 0.8606
Epoch 60/350
391/391 - 23s - loss: 0.3683 - accuracy: 0.8826 - val_loss: 0.4412 - val_accuracy: 0.8690
Epoch 61/350
391/391 - 23s - loss: 0.3658 - accuracy: 0.8831 - val_loss: 0.4673 - val_accuracy: 0.8661
Epoch 62/350
391/391 - 23s - loss: 0.3626 - accuracy: 0.8840 - val_loss: 0.4588 - val_accuracy: 0.8665
Epoch 63/350
391/391 - 23s - loss: 0.3604 - accuracy: 0.8855 - val_loss: 0.4466 - val_accuracy: 0.8675
Epoch 64/350
391/391 - 23s - loss: 0.3602 - accuracy: 0.8844 - val_loss: 0.5104 - val_accuracy: 0.8530
Epoch 65/350
391/391 - 23s - loss: 0.3524 - accuracy: 0.8880 - val_loss: 0.4552 - val_accuracy: 0.8660
Epoch 66/350
391/391 - 23s - loss: 0.3518 - accuracy: 0.8877 - val_loss: 0.4604 - val_accuracy: 0.8649
Epoch 67/350
391/391 - 23s - loss: 0.3481 - accuracy: 0.8914 - val_loss: 0.4653 - val_accuracy: 0.8645
Epoch 68/350
391/391 - 23s - loss: 0.3423 - accuracy: 0.8914 - val_loss: 0.4487 - val_accuracy: 0.8712
Epoch 69/350
391/391 - 23s - loss: 0.3417 - accuracy: 0.8918 - val_loss: 0.4361 - val_accuracy: 0.8706
Epoch 70/350
391/391 - 23s - loss: 0.3269 - accuracy: 0.8975 - val_loss: 0.4265 - val_accuracy: 0.8709
Epoch 71/350
391/391 - 23s - loss: 0.3354 - accuracy: 0.8946 - val_loss: 0.4437 - val_accuracy: 0.8644
Epoch 72/350
391/391 - 23s - loss: 0.3288 - accuracy: 0.8977 - val_loss: 0.4098 - val_accuracy: 0.8811
Epoch 73/350
391/391 - 23s - loss: 0.3205 - accuracy: 0.8986 - val_loss: 0.4318 - val_accuracy: 0.8763
Epoch 74/350
391/391 - 23s - loss: 0.3268 - accuracy: 0.8979 - val_loss: 0.4258 - val_accuracy: 0.8702
Epoch 75/350
391/391 - 23s - loss: 0.3254 - accuracy: 0.8970 - val_loss: 0.4533 - val_accuracy: 0.8701
Epoch 76/350
391/391 - 23s - loss: 0.3204 - accuracy: 0.8987 - val_loss: 0.4344 - val_accuracy: 0.8725
Epoch 77/350
391/391 - 23s - loss: 0.3204 - accuracy: 0.8997 - val_loss: 0.4340 - val_accuracy: 0.8758
Epoch 78/350
391/391 - 23s - loss: 0.3120 - accuracy: 0.9017 - val_loss: 0.4344 - val_accuracy: 0.8773
Epoch 79/350
391/391 - 23s - loss: 0.3068 - accuracy: 0.9047 - val_loss: 0.4486 - val_accuracy: 0.8723
Epoch 80/350
391/391 - 23s - loss: 0.3101 - accuracy: 0.9033 - val_loss: 0.4017 - val_accuracy: 0.8828
Epoch 81/350
391/391 - 23s - loss: 0.3065 - accuracy: 0.9034 - val_loss: 0.4630 - val_accuracy: 0.8692
Epoch 82/350
391/391 - 23s - loss: 0.3032 - accuracy: 0.9064 - val_loss: 0.4224 - val_accuracy: 0.8806
Epoch 83/350
391/391 - 23s - loss: 0.2969 - accuracy: 0.9080 - val_loss: 0.4666 - val_accuracy: 0.8736
Epoch 84/350
391/391 - 23s - loss: 0.2996 - accuracy: 0.9070 - val_loss: 0.4036 - val_accuracy: 0.8851
Epoch 85/350
391/391 - 23s - loss: 0.2971 - accuracy: 0.9075 - val_loss: 0.4102 - val_accuracy: 0.8829
Epoch 86/350
391/391 - 23s - loss: 0.2942 - accuracy: 0.9087 - val_loss: 0.4209 - val_accuracy: 0.8809
Epoch 87/350
391/391 - 23s - loss: 0.2876 - accuracy: 0.9113 - val_loss: 0.4659 - val_accuracy: 0.8733
Epoch 88/350
391/391 - 23s - loss: 0.2876 - accuracy: 0.9107 - val_loss: 0.4313 - val_accuracy: 0.8813
Epoch 89/350
391/391 - 23s - loss: 0.2829 - accuracy: 0.9118 - val_loss: 0.4444 - val_accuracy: 0.8726
Epoch 90/350
391/391 - 23s - loss: 0.2862 - accuracy: 0.9130 - val_loss: 0.4180 - val_accuracy: 0.8852
Epoch 91/350
391/391 - 23s - loss: 0.2760 - accuracy: 0.9156 - val_loss: 0.4355 - val_accuracy: 0.8822
Epoch 92/350
391/391 - 23s - loss: 0.2763 - accuracy: 0.9156 - val_loss: 0.4325 - val_accuracy: 0.8770
Epoch 93/350
391/391 - 23s - loss: 0.2770 - accuracy: 0.9154 - val_loss: 0.4143 - val_accuracy: 0.8837
Epoch 94/350
391/391 - 23s - loss: 0.2749 - accuracy: 0.9148 - val_loss: 0.4487 - val_accuracy: 0.8804
Epoch 95/350
391/391 - 23s - loss: 0.2740 - accuracy: 0.9160 - val_loss: 0.4301 - val_accuracy: 0.8816
Epoch 96/350
391/391 - 23s - loss: 0.2693 - accuracy: 0.9179 - val_loss: 0.4231 - val_accuracy: 0.8849
Epoch 97/350
391/391 - 23s - loss: 0.2694 - accuracy: 0.9170 - val_loss: 0.4279 - val_accuracy: 0.8856
Epoch 98/350
391/391 - 23s - loss: 0.2659 - accuracy: 0.9182 - val_loss: 0.4305 - val_accuracy: 0.8839
Epoch 99/350
391/391 - 23s - loss: 0.2655 - accuracy: 0.9202 - val_loss: 0.4208 - val_accuracy: 0.8885
Epoch 100/350


Snapshot weight 4 shuffle 3 at epoch 100
Layer 11
Getting activations...


391/391 - 23s - loss: 0.2621 - accuracy: 0.9197 - val_loss: 0.4469 - val_accuracy: 0.8803
Epoch 101/350
391/391 - 23s - loss: 0.2648 - accuracy: 0.9186 - val_loss: 0.4116 - val_accuracy: 0.8859
Epoch 102/350
391/391 - 23s - loss: 0.2628 - accuracy: 0.9191 - val_loss: 0.4291 - val_accuracy: 0.8843
Epoch 103/350
391/391 - 23s - loss: 0.2587 - accuracy: 0.9221 - val_loss: 0.4170 - val_accuracy: 0.8857
Epoch 104/350
391/391 - 23s - loss: 0.2569 - accuracy: 0.9215 - val_loss: 0.4660 - val_accuracy: 0.8772
Epoch 105/350
391/391 - 23s - loss: 0.2562 - accuracy: 0.9220 - val_loss: 0.4221 - val_accuracy: 0.8882
Epoch 106/350
391/391 - 23s - loss: 0.2589 - accuracy: 0.9224 - val_loss: 0.4271 - val_accuracy: 0.8879
Epoch 107/350
391/391 - 23s - loss: 0.2484 - accuracy: 0.9246 - val_loss: 0.4373 - val_accuracy: 0.8825
Epoch 108/350
391/391 - 23s - loss: 0.2490 - accuracy: 0.9257 - val_loss: 0.4160 - val_accuracy: 0.8861
Epoch 109/350
391/391 - 23s - loss: 0.2487 - accuracy: 0.9255 - val_loss: 0.4243 - val_accuracy: 0.8899
Epoch 110/350
391/391 - 23s - loss: 0.2481 - accuracy: 0.9251 - val_loss: 0.3839 - val_accuracy: 0.8922
Epoch 111/350
391/391 - 23s - loss: 0.2421 - accuracy: 0.9282 - val_loss: 0.4752 - val_accuracy: 0.8821
Epoch 112/350
391/391 - 23s - loss: 0.2493 - accuracy: 0.9254 - val_loss: 0.4778 - val_accuracy: 0.8738
Epoch 113/350
391/391 - 23s - loss: 0.2410 - accuracy: 0.9285 - val_loss: 0.4042 - val_accuracy: 0.8901
Epoch 114/350
391/391 - 23s - loss: 0.2412 - accuracy: 0.9277 - val_loss: 0.4305 - val_accuracy: 0.8878
Epoch 115/350
391/391 - 23s - loss: 0.2440 - accuracy: 0.9262 - val_loss: 0.4237 - val_accuracy: 0.8906
Epoch 116/350
391/391 - 23s - loss: 0.2360 - accuracy: 0.9304 - val_loss: 0.4802 - val_accuracy: 0.8855
Epoch 117/350
391/391 - 23s - loss: 0.2380 - accuracy: 0.9300 - val_loss: 0.4744 - val_accuracy: 0.8814
Epoch 118/350
391/391 - 23s - loss: 0.2379 - accuracy: 0.9308 - val_loss: 0.4087 - val_accuracy: 0.8944
Epoch 119/350
391/391 - 23s - loss: 0.2360 - accuracy: 0.9310 - val_loss: 0.4384 - val_accuracy: 0.8872
Epoch 120/350
391/391 - 23s - loss: 0.2357 - accuracy: 0.9297 - val_loss: 0.4589 - val_accuracy: 0.8834
Epoch 121/350
391/391 - 23s - loss: 0.2311 - accuracy: 0.9322 - val_loss: 0.4122 - val_accuracy: 0.8940
Epoch 122/350
391/391 - 23s - loss: 0.2288 - accuracy: 0.9327 - val_loss: 0.4499 - val_accuracy: 0.8840
Epoch 123/350
391/391 - 23s - loss: 0.2289 - accuracy: 0.9325 - val_loss: 0.4660 - val_accuracy: 0.8812
Epoch 124/350
391/391 - 23s - loss: 0.2291 - accuracy: 0.9323 - val_loss: 0.4420 - val_accuracy: 0.8900
Epoch 125/350
391/391 - 23s - loss: 0.2263 - accuracy: 0.9342 - val_loss: 0.4373 - val_accuracy: 0.8895
Epoch 126/350
391/391 - 23s - loss: 0.2218 - accuracy: 0.9355 - val_loss: 0.4221 - val_accuracy: 0.8908
Epoch 127/350
391/391 - 23s - loss: 0.2232 - accuracy: 0.9344 - val_loss: 0.4120 - val_accuracy: 0.8962
Epoch 128/350
391/391 - 23s - loss: 0.2248 - accuracy: 0.9348 - val_loss: 0.4443 - val_accuracy: 0.8857
Epoch 129/350
391/391 - 23s - loss: 0.2213 - accuracy: 0.9363 - val_loss: 0.4858 - val_accuracy: 0.8770
Epoch 130/350
391/391 - 23s - loss: 0.2224 - accuracy: 0.9356 - val_loss: 0.4088 - val_accuracy: 0.8917
Epoch 131/350
391/391 - 23s - loss: 0.2134 - accuracy: 0.9395 - val_loss: 0.4882 - val_accuracy: 0.8837
Epoch 132/350
391/391 - 23s - loss: 0.2201 - accuracy: 0.9352 - val_loss: 0.4288 - val_accuracy: 0.8897
Epoch 133/350
391/391 - 23s - loss: 0.2202 - accuracy: 0.9363 - val_loss: 0.4722 - val_accuracy: 0.8837
Epoch 134/350
391/391 - 23s - loss: 0.2182 - accuracy: 0.9368 - val_loss: 0.4202 - val_accuracy: 0.8924
Epoch 135/350
391/391 - 23s - loss: 0.2139 - accuracy: 0.9383 - val_loss: 0.4460 - val_accuracy: 0.8896
Epoch 136/350
391/391 - 23s - loss: 0.2140 - accuracy: 0.9390 - val_loss: 0.4339 - val_accuracy: 0.8923
Epoch 137/350
391/391 - 23s - loss: 0.2122 - accuracy: 0.9386 - val_loss: 0.4231 - val_accuracy: 0.8943
Epoch 138/350
391/391 - 23s - loss: 0.2133 - accuracy: 0.9388 - val_loss: 0.4407 - val_accuracy: 0.8897
Epoch 139/350
391/391 - 23s - loss: 0.2106 - accuracy: 0.9401 - val_loss: 0.4564 - val_accuracy: 0.8908
Epoch 140/350
391/391 - 23s - loss: 0.2097 - accuracy: 0.9398 - val_loss: 0.4467 - val_accuracy: 0.8918
Epoch 141/350
391/391 - 23s - loss: 0.2075 - accuracy: 0.9420 - val_loss: 0.4379 - val_accuracy: 0.8932
Epoch 142/350
391/391 - 23s - loss: 0.2067 - accuracy: 0.9415 - val_loss: 0.5321 - val_accuracy: 0.8789
Epoch 143/350
391/391 - 23s - loss: 0.2063 - accuracy: 0.9413 - val_loss: 0.4250 - val_accuracy: 0.8949
Epoch 144/350
391/391 - 23s - loss: 0.2022 - accuracy: 0.9426 - val_loss: 0.4119 - val_accuracy: 0.8970
Epoch 145/350
391/391 - 24s - loss: 0.2040 - accuracy: 0.9420 - val_loss: 0.4818 - val_accuracy: 0.8891
Epoch 146/350
391/391 - 23s - loss: 0.2068 - accuracy: 0.9401 - val_loss: 0.4221 - val_accuracy: 0.8947
Epoch 147/350
391/391 - 23s - loss: 0.2010 - accuracy: 0.9432 - val_loss: 0.4565 - val_accuracy: 0.8928
Epoch 148/350
391/391 - 23s - loss: 0.1999 - accuracy: 0.9432 - val_loss: 0.4528 - val_accuracy: 0.8907
Epoch 149/350
391/391 - 23s - loss: 0.2058 - accuracy: 0.9413 - val_loss: 0.4494 - val_accuracy: 0.8895
Epoch 150/350


Snapshot weight 4 shuffle 3 at epoch 150
Layer 11
Getting activations...


391/391 - 23s - loss: 0.1973 - accuracy: 0.9447 - val_loss: 0.4160 - val_accuracy: 0.8968
Epoch 151/350
391/391 - 23s - loss: 0.1969 - accuracy: 0.9451 - val_loss: 0.4804 - val_accuracy: 0.8882
Epoch 152/350
391/391 - 23s - loss: 0.1962 - accuracy: 0.9437 - val_loss: 0.4498 - val_accuracy: 0.8960
Epoch 153/350
391/391 - 23s - loss: 0.1975 - accuracy: 0.9441 - val_loss: 0.4296 - val_accuracy: 0.8954
Epoch 154/350
391/391 - 23s - loss: 0.1962 - accuracy: 0.9454 - val_loss: 0.4512 - val_accuracy: 0.8930
Epoch 155/350
391/391 - 23s - loss: 0.1983 - accuracy: 0.9441 - val_loss: 0.4361 - val_accuracy: 0.8911
Epoch 156/350
391/391 - 23s - loss: 0.1939 - accuracy: 0.9471 - val_loss: 0.4285 - val_accuracy: 0.8935
Epoch 157/350
391/391 - 23s - loss: 0.1945 - accuracy: 0.9462 - val_loss: 0.4512 - val_accuracy: 0.8947
Epoch 158/350
391/391 - 23s - loss: 0.1958 - accuracy: 0.9455 - val_loss: 0.4557 - val_accuracy: 0.8936
Epoch 159/350
391/391 - 23s - loss: 0.1928 - accuracy: 0.9465 - val_loss: 0.4740 - val_accuracy: 0.8873
Epoch 160/350
391/391 - 23s - loss: 0.1935 - accuracy: 0.9469 - val_loss: 0.4400 - val_accuracy: 0.8959
Epoch 161/350
391/391 - 23s - loss: 0.1873 - accuracy: 0.9486 - val_loss: 0.4394 - val_accuracy: 0.8934
Epoch 162/350
391/391 - 23s - loss: 0.1907 - accuracy: 0.9472 - val_loss: 0.4325 - val_accuracy: 0.8984
Epoch 163/350
391/391 - 23s - loss: 0.1916 - accuracy: 0.9473 - val_loss: 0.4545 - val_accuracy: 0.8952
Epoch 164/350
391/391 - 23s - loss: 0.1909 - accuracy: 0.9479 - val_loss: 0.4387 - val_accuracy: 0.8993
Epoch 165/350
391/391 - 23s - loss: 0.1855 - accuracy: 0.9497 - val_loss: 0.4586 - val_accuracy: 0.8948
Epoch 166/350
391/391 - 23s - loss: 0.1890 - accuracy: 0.9480 - val_loss: 0.4455 - val_accuracy: 0.8980
Epoch 167/350
391/391 - 23s - loss: 0.1860 - accuracy: 0.9486 - val_loss: 0.4499 - val_accuracy: 0.8979
Epoch 168/350
391/391 - 23s - loss: 0.1870 - accuracy: 0.9490 - val_loss: 0.4457 - val_accuracy: 0.8985
Epoch 169/350
391/391 - 23s - loss: 0.1833 - accuracy: 0.9515 - val_loss: 0.4597 - val_accuracy: 0.9001
Epoch 170/350
391/391 - 23s - loss: 0.1884 - accuracy: 0.9491 - val_loss: 0.4801 - val_accuracy: 0.8909
Epoch 171/350
391/391 - 23s - loss: 0.1837 - accuracy: 0.9500 - val_loss: 0.4606 - val_accuracy: 0.8974
Epoch 172/350
391/391 - 23s - loss: 0.1799 - accuracy: 0.9518 - val_loss: 0.4636 - val_accuracy: 0.8991
Epoch 173/350
391/391 - 23s - loss: 0.1790 - accuracy: 0.9520 - val_loss: 0.4581 - val_accuracy: 0.8969
Epoch 174/350
391/391 - 23s - loss: 0.1850 - accuracy: 0.9495 - val_loss: 0.4498 - val_accuracy: 0.8953
Epoch 175/350
391/391 - 23s - loss: 0.1828 - accuracy: 0.9504 - val_loss: 0.4651 - val_accuracy: 0.8979
Epoch 176/350
391/391 - 23s - loss: 0.1832 - accuracy: 0.9504 - val_loss: 0.4393 - val_accuracy: 0.8995
Epoch 177/350
391/391 - 23s - loss: 0.1837 - accuracy: 0.9500 - val_loss: 0.5335 - val_accuracy: 0.8808
Epoch 178/350
391/391 - 23s - loss: 0.1811 - accuracy: 0.9513 - val_loss: 0.4426 - val_accuracy: 0.8979
Epoch 179/350
391/391 - 23s - loss: 0.1760 - accuracy: 0.9532 - val_loss: 0.4847 - val_accuracy: 0.8972
Epoch 180/350
391/391 - 23s - loss: 0.1772 - accuracy: 0.9533 - val_loss: 0.4631 - val_accuracy: 0.8952
Epoch 181/350
391/391 - 23s - loss: 0.1765 - accuracy: 0.9529 - val_loss: 0.5180 - val_accuracy: 0.8869
Epoch 182/350
391/391 - 23s - loss: 0.1759 - accuracy: 0.9540 - val_loss: 0.4746 - val_accuracy: 0.8938
Epoch 183/350
391/391 - 23s - loss: 0.1768 - accuracy: 0.9537 - val_loss: 0.4715 - val_accuracy: 0.8971
Epoch 184/350
391/391 - 23s - loss: 0.1745 - accuracy: 0.9540 - val_loss: 0.4592 - val_accuracy: 0.8979
Epoch 185/350
391/391 - 23s - loss: 0.1739 - accuracy: 0.9544 - val_loss: 0.4491 - val_accuracy: 0.8986
Epoch 186/350
391/391 - 23s - loss: 0.1726 - accuracy: 0.9552 - val_loss: 0.4853 - val_accuracy: 0.8930
Epoch 187/350
391/391 - 23s - loss: 0.1766 - accuracy: 0.9542 - val_loss: 0.4484 - val_accuracy: 0.9005
Epoch 188/350
391/391 - 23s - loss: 0.1694 - accuracy: 0.9559 - val_loss: 0.4755 - val_accuracy: 0.8954
Epoch 189/350
391/391 - 23s - loss: 0.1736 - accuracy: 0.9535 - val_loss: 0.4226 - val_accuracy: 0.9036
Epoch 190/350
391/391 - 23s - loss: 0.1687 - accuracy: 0.9562 - val_loss: 0.4549 - val_accuracy: 0.8979
Epoch 191/350
391/391 - 23s - loss: 0.1746 - accuracy: 0.9546 - val_loss: 0.4786 - val_accuracy: 0.8939
Epoch 192/350
391/391 - 23s - loss: 0.1688 - accuracy: 0.9559 - val_loss: 0.4384 - val_accuracy: 0.9005
Epoch 193/350
391/391 - 23s - loss: 0.1687 - accuracy: 0.9564 - val_loss: 0.4516 - val_accuracy: 0.8973
Epoch 194/350
391/391 - 23s - loss: 0.1708 - accuracy: 0.9558 - val_loss: 0.4647 - val_accuracy: 0.8962
Epoch 195/350
391/391 - 23s - loss: 0.1698 - accuracy: 0.9559 - val_loss: 0.4803 - val_accuracy: 0.8951
Epoch 196/350
391/391 - 23s - loss: 0.1698 - accuracy: 0.9571 - val_loss: 0.4406 - val_accuracy: 0.8972
Epoch 197/350
391/391 - 23s - loss: 0.1665 - accuracy: 0.9579 - val_loss: 0.4856 - val_accuracy: 0.8950
Epoch 198/350
391/391 - 23s - loss: 0.1660 - accuracy: 0.9575 - val_loss: 0.4691 - val_accuracy: 0.8994
Epoch 199/350
391/391 - 23s - loss: 0.1739 - accuracy: 0.9555 - val_loss: 0.4717 - val_accuracy: 0.8938
Epoch 200/350


Snapshot weight 4 shuffle 3 at epoch 200
Layer 11
Getting activations...


391/391 - 23s - loss: 0.1657 - accuracy: 0.9570 - val_loss: 0.4745 - val_accuracy: 0.8965
Epoch 201/350
391/391 - 23s - loss: 0.1436 - accuracy: 0.9652 - val_loss: 0.4419 - val_accuracy: 0.9038
Epoch 202/350
391/391 - 23s - loss: 0.1272 - accuracy: 0.9717 - val_loss: 0.4549 - val_accuracy: 0.9039
Epoch 203/350
391/391 - 23s - loss: 0.1239 - accuracy: 0.9718 - val_loss: 0.4495 - val_accuracy: 0.9066
Epoch 204/350
391/391 - 23s - loss: 0.1243 - accuracy: 0.9721 - val_loss: 0.4420 - val_accuracy: 0.9052
Epoch 205/350
391/391 - 23s - loss: 0.1257 - accuracy: 0.9721 - val_loss: 0.4586 - val_accuracy: 0.9035
Epoch 206/350
391/391 - 23s - loss: 0.1223 - accuracy: 0.9732 - val_loss: 0.4534 - val_accuracy: 0.9053
Epoch 207/350
391/391 - 23s - loss: 0.1226 - accuracy: 0.9721 - val_loss: 0.4611 - val_accuracy: 0.9054
Epoch 208/350
391/391 - 23s - loss: 0.1189 - accuracy: 0.9745 - val_loss: 0.4638 - val_accuracy: 0.9050
Epoch 209/350
391/391 - 23s - loss: 0.1175 - accuracy: 0.9744 - val_loss: 0.4603 - val_accuracy: 0.9057
Epoch 210/350
391/391 - 23s - loss: 0.1157 - accuracy: 0.9756 - val_loss: 0.4657 - val_accuracy: 0.9065
Epoch 211/350
391/391 - 23s - loss: 0.1188 - accuracy: 0.9743 - val_loss: 0.4584 - val_accuracy: 0.9067
Epoch 212/350
391/391 - 23s - loss: 0.1143 - accuracy: 0.9760 - val_loss: 0.4696 - val_accuracy: 0.9075
Epoch 213/350
391/391 - 23s - loss: 0.1172 - accuracy: 0.9750 - val_loss: 0.4599 - val_accuracy: 0.9077
Epoch 214/350
391/391 - 23s - loss: 0.1136 - accuracy: 0.9761 - val_loss: 0.4638 - val_accuracy: 0.9066
Epoch 215/350
391/391 - 24s - loss: 0.1146 - accuracy: 0.9756 - val_loss: 0.4674 - val_accuracy: 0.9071
Epoch 216/350
391/391 - 23s - loss: 0.1115 - accuracy: 0.9769 - val_loss: 0.4801 - val_accuracy: 0.9077
Epoch 217/350
391/391 - 23s - loss: 0.1135 - accuracy: 0.9763 - val_loss: 0.4655 - val_accuracy: 0.9080
Epoch 218/350
391/391 - 23s - loss: 0.1155 - accuracy: 0.9760 - val_loss: 0.4700 - val_accuracy: 0.9065
Epoch 219/350
391/391 - 23s - loss: 0.1142 - accuracy: 0.9752 - val_loss: 0.4679 - val_accuracy: 0.9075
Epoch 220/350
391/391 - 23s - loss: 0.1113 - accuracy: 0.9769 - val_loss: 0.4702 - val_accuracy: 0.9068
Epoch 221/350
391/391 - 23s - loss: 0.1130 - accuracy: 0.9766 - val_loss: 0.4729 - val_accuracy: 0.9067
Epoch 222/350
391/391 - 23s - loss: 0.1135 - accuracy: 0.9762 - val_loss: 0.4763 - val_accuracy: 0.9063
Epoch 223/350
391/391 - 23s - loss: 0.1125 - accuracy: 0.9770 - val_loss: 0.4688 - val_accuracy: 0.9075
Epoch 224/350
391/391 - 23s - loss: 0.1135 - accuracy: 0.9758 - val_loss: 0.4790 - val_accuracy: 0.9073
Epoch 225/350
391/391 - 23s - loss: 0.1083 - accuracy: 0.9789 - val_loss: 0.4742 - val_accuracy: 0.9073
Epoch 226/350
391/391 - 23s - loss: 0.1099 - accuracy: 0.9777 - val_loss: 0.4843 - val_accuracy: 0.9079
Epoch 227/350
391/391 - 23s - loss: 0.1105 - accuracy: 0.9775 - val_loss: 0.4856 - val_accuracy: 0.9079
Epoch 228/350
391/391 - 23s - loss: 0.1077 - accuracy: 0.9784 - val_loss: 0.4872 - val_accuracy: 0.9074
Epoch 229/350
391/391 - 23s - loss: 0.1084 - accuracy: 0.9781 - val_loss: 0.4834 - val_accuracy: 0.9090
Epoch 230/350
391/391 - 23s - loss: 0.1086 - accuracy: 0.9777 - val_loss: 0.4884 - val_accuracy: 0.9064
Epoch 231/350
391/391 - 23s - loss: 0.1096 - accuracy: 0.9775 - val_loss: 0.4904 - val_accuracy: 0.9061
Epoch 232/350
391/391 - 23s - loss: 0.1087 - accuracy: 0.9778 - val_loss: 0.4932 - val_accuracy: 0.9072
Epoch 233/350
391/391 - 23s - loss: 0.1088 - accuracy: 0.9777 - val_loss: 0.4874 - val_accuracy: 0.9085
Epoch 234/350
391/391 - 23s - loss: 0.1054 - accuracy: 0.9785 - val_loss: 0.4927 - val_accuracy: 0.9053
Epoch 235/350
391/391 - 23s - loss: 0.1069 - accuracy: 0.9782 - val_loss: 0.4889 - val_accuracy: 0.9050
Epoch 236/350
391/391 - 23s - loss: 0.1050 - accuracy: 0.9787 - val_loss: 0.5000 - val_accuracy: 0.9061
Epoch 237/350
391/391 - 23s - loss: 0.1069 - accuracy: 0.9785 - val_loss: 0.4912 - val_accuracy: 0.9085
Epoch 238/350
391/391 - 23s - loss: 0.1069 - accuracy: 0.9781 - val_loss: 0.5005 - val_accuracy: 0.9064
Epoch 239/350
391/391 - 23s - loss: 0.1066 - accuracy: 0.9786 - val_loss: 0.4937 - val_accuracy: 0.9065
Epoch 240/350
391/391 - 23s - loss: 0.1053 - accuracy: 0.9790 - val_loss: 0.4882 - val_accuracy: 0.9079
Epoch 241/350
391/391 - 23s - loss: 0.1069 - accuracy: 0.9785 - val_loss: 0.4958 - val_accuracy: 0.9072
Epoch 242/350
391/391 - 23s - loss: 0.1061 - accuracy: 0.9789 - val_loss: 0.4952 - val_accuracy: 0.9056
Epoch 243/350
391/391 - 23s - loss: 0.1076 - accuracy: 0.9782 - val_loss: 0.4863 - val_accuracy: 0.9067
Epoch 244/350
391/391 - 23s - loss: 0.1091 - accuracy: 0.9779 - val_loss: 0.4863 - val_accuracy: 0.9075
Epoch 245/350
391/391 - 23s - loss: 0.1069 - accuracy: 0.9782 - val_loss: 0.4890 - val_accuracy: 0.9070
Epoch 246/350
391/391 - 23s - loss: 0.1069 - accuracy: 0.9789 - val_loss: 0.4940 - val_accuracy: 0.9071
Epoch 247/350
391/391 - 23s - loss: 0.1049 - accuracy: 0.9789 - val_loss: 0.4960 - val_accuracy: 0.9071
Epoch 248/350
391/391 - 23s - loss: 0.1025 - accuracy: 0.9801 - val_loss: 0.5040 - val_accuracy: 0.9063
Epoch 249/350
391/391 - 23s - loss: 0.1046 - accuracy: 0.9791 - val_loss: 0.5049 - val_accuracy: 0.9057
Epoch 250/350


Snapshot weight 4 shuffle 3 at epoch 250
Layer 11
Getting activations...


391/391 - 23s - loss: 0.1048 - accuracy: 0.9785 - val_loss: 0.4887 - val_accuracy: 0.9072
Epoch 251/350
391/391 - 23s - loss: 0.1025 - accuracy: 0.9793 - val_loss: 0.4966 - val_accuracy: 0.9079
Epoch 252/350
391/391 - 23s - loss: 0.1022 - accuracy: 0.9796 - val_loss: 0.4971 - val_accuracy: 0.9074
Epoch 253/350
391/391 - 23s - loss: 0.1049 - accuracy: 0.9789 - val_loss: 0.4959 - val_accuracy: 0.9076
Epoch 254/350
391/391 - 23s - loss: 0.1013 - accuracy: 0.9808 - val_loss: 0.4967 - val_accuracy: 0.9068
Epoch 255/350
391/391 - 23s - loss: 0.1021 - accuracy: 0.9794 - val_loss: 0.4956 - val_accuracy: 0.9073
Epoch 256/350
391/391 - 23s - loss: 0.1023 - accuracy: 0.9793 - val_loss: 0.4950 - val_accuracy: 0.9077
Epoch 257/350
391/391 - 23s - loss: 0.1012 - accuracy: 0.9803 - val_loss: 0.4973 - val_accuracy: 0.9075
Epoch 258/350
391/391 - 23s - loss: 0.1026 - accuracy: 0.9795 - val_loss: 0.4965 - val_accuracy: 0.9074
Epoch 259/350
391/391 - 23s - loss: 0.1023 - accuracy: 0.9797 - val_loss: 0.4958 - val_accuracy: 0.9076
Epoch 260/350
391/391 - 23s - loss: 0.1028 - accuracy: 0.9798 - val_loss: 0.4978 - val_accuracy: 0.9076
Epoch 261/350
391/391 - 23s - loss: 0.1020 - accuracy: 0.9794 - val_loss: 0.4924 - val_accuracy: 0.9080
Epoch 262/350
391/391 - 23s - loss: 0.1004 - accuracy: 0.9806 - val_loss: 0.4995 - val_accuracy: 0.9071
Epoch 263/350
391/391 - 23s - loss: 0.1023 - accuracy: 0.9804 - val_loss: 0.4979 - val_accuracy: 0.9076
Epoch 264/350
391/391 - 23s - loss: 0.1008 - accuracy: 0.9807 - val_loss: 0.4966 - val_accuracy: 0.9074
Epoch 265/350
391/391 - 23s - loss: 0.1031 - accuracy: 0.9797 - val_loss: 0.4956 - val_accuracy: 0.9072
Epoch 266/350
391/391 - 23s - loss: 0.1020 - accuracy: 0.9800 - val_loss: 0.4973 - val_accuracy: 0.9072
Epoch 267/350
391/391 - 23s - loss: 0.1016 - accuracy: 0.9800 - val_loss: 0.4971 - val_accuracy: 0.9073
Epoch 268/350
391/391 - 23s - loss: 0.0979 - accuracy: 0.9822 - val_loss: 0.4968 - val_accuracy: 0.9074
Epoch 269/350
391/391 - 23s - loss: 0.1008 - accuracy: 0.9807 - val_loss: 0.4949 - val_accuracy: 0.9074
Epoch 270/350
391/391 - 23s - loss: 0.1020 - accuracy: 0.9801 - val_loss: 0.4952 - val_accuracy: 0.9073
Epoch 271/350
391/391 - 23s - loss: 0.1015 - accuracy: 0.9802 - val_loss: 0.4977 - val_accuracy: 0.9071
Epoch 272/350
391/391 - 23s - loss: 0.1027 - accuracy: 0.9796 - val_loss: 0.4969 - val_accuracy: 0.9072
Epoch 273/350
391/391 - 23s - loss: 0.0994 - accuracy: 0.9808 - val_loss: 0.4983 - val_accuracy: 0.9077
Epoch 274/350
391/391 - 23s - loss: 0.1007 - accuracy: 0.9808 - val_loss: 0.5005 - val_accuracy: 0.9071
Epoch 275/350
391/391 - 23s - loss: 0.1011 - accuracy: 0.9808 - val_loss: 0.4983 - val_accuracy: 0.9071
Epoch 276/350
391/391 - 23s - loss: 0.1013 - accuracy: 0.9807 - val_loss: 0.4984 - val_accuracy: 0.9074
Epoch 277/350
391/391 - 23s - loss: 0.1017 - accuracy: 0.9796 - val_loss: 0.4986 - val_accuracy: 0.9075
Epoch 278/350
391/391 - 23s - loss: 0.1004 - accuracy: 0.9811 - val_loss: 0.4988 - val_accuracy: 0.9078
Epoch 279/350
391/391 - 23s - loss: 0.1010 - accuracy: 0.9807 - val_loss: 0.4973 - val_accuracy: 0.9072
Epoch 280/350
391/391 - 23s - loss: 0.0992 - accuracy: 0.9811 - val_loss: 0.4987 - val_accuracy: 0.9081
Epoch 281/350
391/391 - 23s - loss: 0.1015 - accuracy: 0.9804 - val_loss: 0.5007 - val_accuracy: 0.9080
Epoch 282/350
391/391 - 23s - loss: 0.0992 - accuracy: 0.9814 - val_loss: 0.5013 - val_accuracy: 0.9074
Epoch 283/350
391/391 - 23s - loss: 0.0992 - accuracy: 0.9808 - val_loss: 0.5004 - val_accuracy: 0.9074
Epoch 284/350
391/391 - 23s - loss: 0.0999 - accuracy: 0.9811 - val_loss: 0.4986 - val_accuracy: 0.9081
Epoch 285/350
391/391 - 23s - loss: 0.1005 - accuracy: 0.9813 - val_loss: 0.4993 - val_accuracy: 0.9075
Epoch 286/350
391/391 - 23s - loss: 0.1024 - accuracy: 0.9802 - val_loss: 0.4996 - val_accuracy: 0.9072
Epoch 287/350
391/391 - 23s - loss: 0.1006 - accuracy: 0.9803 - val_loss: 0.4958 - val_accuracy: 0.9077
Epoch 288/350
391/391 - 23s - loss: 0.1030 - accuracy: 0.9799 - val_loss: 0.4979 - val_accuracy: 0.9077
Epoch 289/350
391/391 - 23s - loss: 0.1030 - accuracy: 0.9800 - val_loss: 0.4975 - val_accuracy: 0.9073
Epoch 290/350
391/391 - 23s - loss: 0.1005 - accuracy: 0.9804 - val_loss: 0.4962 - val_accuracy: 0.9073
Epoch 291/350
391/391 - 23s - loss: 0.1007 - accuracy: 0.9799 - val_loss: 0.4969 - val_accuracy: 0.9078
Epoch 292/350
391/391 - 23s - loss: 0.0990 - accuracy: 0.9814 - val_loss: 0.4975 - val_accuracy: 0.9074
Epoch 293/350
391/391 - 23s - loss: 0.1000 - accuracy: 0.9809 - val_loss: 0.4987 - val_accuracy: 0.9078
Epoch 294/350
391/391 - 23s - loss: 0.1001 - accuracy: 0.9809 - val_loss: 0.5012 - val_accuracy: 0.9077
Epoch 295/350
391/391 - 23s - loss: 0.1020 - accuracy: 0.9801 - val_loss: 0.5002 - val_accuracy: 0.9075
Epoch 296/350
391/391 - 23s - loss: 0.1008 - accuracy: 0.9804 - val_loss: 0.4970 - val_accuracy: 0.9077
Epoch 297/350
391/391 - 23s - loss: 0.0999 - accuracy: 0.9803 - val_loss: 0.4989 - val_accuracy: 0.9080
Epoch 298/350
391/391 - 23s - loss: 0.1016 - accuracy: 0.9803 - val_loss: 0.4981 - val_accuracy: 0.9079
Epoch 299/350
391/391 - 23s - loss: 0.1006 - accuracy: 0.9812 - val_loss: 0.4986 - val_accuracy: 0.9077
Epoch 300/350


Snapshot weight 4 shuffle 3 at epoch 300
Layer 11
Getting activations...


391/391 - 23s - loss: 0.1018 - accuracy: 0.9806 - val_loss: 0.4967 - val_accuracy: 0.9083
Epoch 301/350
391/391 - 23s - loss: 0.0985 - accuracy: 0.9818 - val_loss: 0.4976 - val_accuracy: 0.9083
Epoch 302/350
391/391 - 23s - loss: 0.0994 - accuracy: 0.9816 - val_loss: 0.4981 - val_accuracy: 0.9081
Epoch 303/350
391/391 - 23s - loss: 0.0996 - accuracy: 0.9813 - val_loss: 0.4977 - val_accuracy: 0.9079
Epoch 304/350
391/391 - 23s - loss: 0.1023 - accuracy: 0.9801 - val_loss: 0.4981 - val_accuracy: 0.9077
Epoch 305/350
391/391 - 23s - loss: 0.1009 - accuracy: 0.9810 - val_loss: 0.4983 - val_accuracy: 0.9082
Epoch 306/350
391/391 - 23s - loss: 0.1012 - accuracy: 0.9802 - val_loss: 0.4984 - val_accuracy: 0.9080
Epoch 307/350
391/391 - 23s - loss: 0.1027 - accuracy: 0.9795 - val_loss: 0.4984 - val_accuracy: 0.9082
Epoch 308/350
391/391 - 24s - loss: 0.1005 - accuracy: 0.9807 - val_loss: 0.4981 - val_accuracy: 0.9086
Epoch 309/350
391/391 - 23s - loss: 0.1021 - accuracy: 0.9802 - val_loss: 0.4984 - val_accuracy: 0.9083
Epoch 310/350
391/391 - 23s - loss: 0.1013 - accuracy: 0.9798 - val_loss: 0.4984 - val_accuracy: 0.9083
Epoch 311/350
391/391 - 23s - loss: 0.1000 - accuracy: 0.9809 - val_loss: 0.4985 - val_accuracy: 0.9080
Epoch 312/350
391/391 - 23s - loss: 0.1000 - accuracy: 0.9807 - val_loss: 0.4988 - val_accuracy: 0.9077
Epoch 313/350
391/391 - 23s - loss: 0.1015 - accuracy: 0.9806 - val_loss: 0.4987 - val_accuracy: 0.9079
Epoch 314/350
391/391 - 23s - loss: 0.1006 - accuracy: 0.9808 - val_loss: 0.4987 - val_accuracy: 0.9081
Epoch 315/350
391/391 - 23s - loss: 0.1001 - accuracy: 0.9807 - val_loss: 0.4987 - val_accuracy: 0.9081
Epoch 316/350
391/391 - 23s - loss: 0.1015 - accuracy: 0.9799 - val_loss: 0.4989 - val_accuracy: 0.9082
Epoch 317/350
391/391 - 23s - loss: 0.1007 - accuracy: 0.9798 - val_loss: 0.4987 - val_accuracy: 0.9083
Epoch 318/350
391/391 - 23s - loss: 0.0997 - accuracy: 0.9807 - val_loss: 0.4987 - val_accuracy: 0.9083
Epoch 319/350
391/391 - 23s - loss: 0.1000 - accuracy: 0.9805 - val_loss: 0.4990 - val_accuracy: 0.9082
Epoch 320/350
391/391 - 23s - loss: 0.1007 - accuracy: 0.9804 - val_loss: 0.4984 - val_accuracy: 0.9083
Epoch 321/350
391/391 - 23s - loss: 0.0978 - accuracy: 0.9818 - val_loss: 0.4989 - val_accuracy: 0.9083
Epoch 322/350
391/391 - 23s - loss: 0.1005 - accuracy: 0.9804 - val_loss: 0.4992 - val_accuracy: 0.9082
Epoch 323/350
391/391 - 23s - loss: 0.1019 - accuracy: 0.9795 - val_loss: 0.4992 - val_accuracy: 0.9079
Epoch 324/350
391/391 - 23s - loss: 0.1015 - accuracy: 0.9804 - val_loss: 0.4992 - val_accuracy: 0.9082
Epoch 325/350
391/391 - 23s - loss: 0.0994 - accuracy: 0.9809 - val_loss: 0.4995 - val_accuracy: 0.9080
Epoch 326/350
391/391 - 23s - loss: 0.1013 - accuracy: 0.9804 - val_loss: 0.4993 - val_accuracy: 0.9082
Epoch 327/350
391/391 - 23s - loss: 0.1011 - accuracy: 0.9803 - val_loss: 0.4995 - val_accuracy: 0.9080
Epoch 328/350
391/391 - 23s - loss: 0.1010 - accuracy: 0.9810 - val_loss: 0.4994 - val_accuracy: 0.9080
Epoch 329/350
391/391 - 23s - loss: 0.1007 - accuracy: 0.9805 - val_loss: 0.4994 - val_accuracy: 0.9082
Epoch 330/350
391/391 - 23s - loss: 0.0991 - accuracy: 0.9812 - val_loss: 0.4993 - val_accuracy: 0.9083
Epoch 331/350
391/391 - 23s - loss: 0.0998 - accuracy: 0.9809 - val_loss: 0.4998 - val_accuracy: 0.9083
Epoch 332/350
391/391 - 23s - loss: 0.0984 - accuracy: 0.9811 - val_loss: 0.4997 - val_accuracy: 0.9085
Epoch 333/350
391/391 - 23s - loss: 0.0994 - accuracy: 0.9806 - val_loss: 0.4995 - val_accuracy: 0.9082
Epoch 334/350
391/391 - 23s - loss: 0.1005 - accuracy: 0.9805 - val_loss: 0.4994 - val_accuracy: 0.9081
Epoch 335/350
391/391 - 23s - loss: 0.0996 - accuracy: 0.9805 - val_loss: 0.4991 - val_accuracy: 0.9080
Epoch 336/350
391/391 - 23s - loss: 0.1023 - accuracy: 0.9807 - val_loss: 0.4988 - val_accuracy: 0.9083
Epoch 337/350
391/391 - 23s - loss: 0.1031 - accuracy: 0.9799 - val_loss: 0.4987 - val_accuracy: 0.9080
Epoch 338/350
391/391 - 23s - loss: 0.0982 - accuracy: 0.9808 - val_loss: 0.4986 - val_accuracy: 0.9079
Epoch 339/350
391/391 - 23s - loss: 0.1002 - accuracy: 0.9802 - val_loss: 0.4987 - val_accuracy: 0.9079
Epoch 340/350
391/391 - 23s - loss: 0.1015 - accuracy: 0.9806 - val_loss: 0.4987 - val_accuracy: 0.9079
Epoch 341/350
391/391 - 23s - loss: 0.1002 - accuracy: 0.9808 - val_loss: 0.4987 - val_accuracy: 0.9080
Epoch 342/350
391/391 - 23s - loss: 0.0988 - accuracy: 0.9817 - val_loss: 0.4992 - val_accuracy: 0.9079
Epoch 343/350
391/391 - 23s - loss: 0.0982 - accuracy: 0.9815 - val_loss: 0.4992 - val_accuracy: 0.9080
Epoch 344/350
391/391 - 23s - loss: 0.1003 - accuracy: 0.9805 - val_loss: 0.4989 - val_accuracy: 0.9084
Epoch 345/350
391/391 - 23s - loss: 0.1014 - accuracy: 0.9806 - val_loss: 0.4992 - val_accuracy: 0.9081
Epoch 346/350
391/391 - 23s - loss: 0.0994 - accuracy: 0.9808 - val_loss: 0.4991 - val_accuracy: 0.9079
Epoch 347/350
391/391 - 23s - loss: 0.0983 - accuracy: 0.9814 - val_loss: 0.4992 - val_accuracy: 0.9080
Epoch 348/350
391/391 - 23s - loss: 0.0976 - accuracy: 0.9823 - val_loss: 0.4992 - val_accuracy: 0.9080
Epoch 349/350
391/391 - 23s - loss: 0.1005 - accuracy: 0.9813 - val_loss: 0.4991 - val_accuracy: 0.9080
Epoch 350/350


Snapshot weight 4 shuffle 3 at epoch 350
Layer 11
Getting activations...


391/391 - 23s - loss: 0.1019 - accuracy: 0.9805 - val_loss: 0.4989 - val_accuracy: 0.9079
/usr/local/lib/python3.6/dist-packages/tensorflow/python/autograph/impl/api.py:493: UserWarning: fill_value is not supported and is always 0 for TensorFlow < 2.4.0.
  return py_builtins.overload_of(f)(*args)
WARNING:tensorflow:From /usr/local/lib/python3.6/dist-packages/tensorflow/python/training/tracking/tracking.py:111: Model.state_updates (from tensorflow.python.keras.engine.training) is deprecated and will be removed in a future version.
Instructions for updating:
This property should not be used in TensorFlow 2.0, as updates are applied automatically.
2021-07-02 04:26:04.514788: W tensorflow/python/util/util.cc:348] Sets are not currently considered sequences, but this may change in the future, so consider avoiding using them.
WARNING:tensorflow:From /usr/local/lib/python3.6/dist-packages/tensorflow/python/training/tracking/tracking.py:111: Layer.updates (from tensorflow.python.keras.engine.base_layer) is deprecated and will be removed in a future version.
Instructions for updating:
This property should not be used in TensorFlow 2.0, as updates are applied automatically.
Saving, final validation acc: 0.9078999757766724
