2021-07-02 19:04:18.107516: I tensorflow/stream_executor/platform/default/dso_loader.cc:48] Successfully opened dynamic library libcudart.so.10.1
2021-07-02 19:05:31.573716: I tensorflow/stream_executor/platform/default/dso_loader.cc:48] Successfully opened dynamic library libcuda.so.1
2021-07-02 19:05:31.608719: I tensorflow/core/common_runtime/gpu/gpu_device.cc:1716] Found device 0 with properties: 
pciBusID: 0000:03:00.0 name: NVIDIA TITAN Xp computeCapability: 6.1
coreClock: 1.582GHz coreCount: 30 deviceMemorySize: 11.91GiB deviceMemoryBandwidth: 510.07GiB/s
2021-07-02 19:05:31.608790: I tensorflow/stream_executor/platform/default/dso_loader.cc:48] Successfully opened dynamic library libcudart.so.10.1
2021-07-02 19:05:31.649704: I tensorflow/stream_executor/platform/default/dso_loader.cc:48] Successfully opened dynamic library libcublas.so.10
2021-07-02 19:05:31.670406: I tensorflow/stream_executor/platform/default/dso_loader.cc:48] Successfully opened dynamic library libcufft.so.10
2021-07-02 19:05:31.679068: I tensorflow/stream_executor/platform/default/dso_loader.cc:48] Successfully opened dynamic library libcurand.so.10
2021-07-02 19:05:31.722079: I tensorflow/stream_executor/platform/default/dso_loader.cc:48] Successfully opened dynamic library libcusolver.so.10
2021-07-02 19:05:31.730590: I tensorflow/stream_executor/platform/default/dso_loader.cc:48] Successfully opened dynamic library libcusparse.so.10
2021-07-02 19:05:31.806728: I tensorflow/stream_executor/platform/default/dso_loader.cc:48] Successfully opened dynamic library libcudnn.so.7
2021-07-02 19:05:31.808713: I tensorflow/core/common_runtime/gpu/gpu_device.cc:1858] Adding visible gpu devices: 0
2021-07-02 19:05:31.812652: I tensorflow/core/platform/cpu_feature_guard.cc:142] This TensorFlow binary is optimized with oneAPI Deep Neural Network Library (oneDNN)to use the following CPU instructions in performance-critical operations:  AVX2 FMA
To enable them in other operations, rebuild TensorFlow with the appropriate compiler flags.
2021-07-02 19:05:31.829084: I tensorflow/core/platform/profile_utils/cpu_utils.cc:104] CPU Frequency: 2600090000 Hz
2021-07-02 19:05:31.829250: I tensorflow/compiler/xla/service/service.cc:168] XLA service 0x574a2d0 initialized for platform Host (this does not guarantee that XLA will be used). Devices:
2021-07-02 19:05:31.829269: I tensorflow/compiler/xla/service/service.cc:176]   StreamExecutor device (0): Host, Default Version
2021-07-02 19:05:31.970628: I tensorflow/compiler/xla/service/service.cc:168] XLA service 0x5742330 initialized for platform CUDA (this does not guarantee that XLA will be used). Devices:
2021-07-02 19:05:31.970725: I tensorflow/compiler/xla/service/service.cc:176]   StreamExecutor device (0): NVIDIA TITAN Xp, Compute Capability 6.1
2021-07-02 19:05:31.973158: I tensorflow/core/common_runtime/gpu/gpu_device.cc:1716] Found device 0 with properties: 
pciBusID: 0000:03:00.0 name: NVIDIA TITAN Xp computeCapability: 6.1
coreClock: 1.582GHz coreCount: 30 deviceMemorySize: 11.91GiB deviceMemoryBandwidth: 510.07GiB/s
2021-07-02 19:05:31.973215: I tensorflow/stream_executor/platform/default/dso_loader.cc:48] Successfully opened dynamic library libcudart.so.10.1
2021-07-02 19:05:31.973250: I tensorflow/stream_executor/platform/default/dso_loader.cc:48] Successfully opened dynamic library libcublas.so.10
2021-07-02 19:05:31.973269: I tensorflow/stream_executor/platform/default/dso_loader.cc:48] Successfully opened dynamic library libcufft.so.10
2021-07-02 19:05:31.973286: I tensorflow/stream_executor/platform/default/dso_loader.cc:48] Successfully opened dynamic library libcurand.so.10
2021-07-02 19:05:31.973304: I tensorflow/stream_executor/platform/default/dso_loader.cc:48] Successfully opened dynamic library libcusolver.so.10
2021-07-02 19:05:31.973347: I tensorflow/stream_executor/platform/default/dso_loader.cc:48] Successfully opened dynamic library libcusparse.so.10
2021-07-02 19:05:31.973369: I tensorflow/stream_executor/platform/default/dso_loader.cc:48] Successfully opened dynamic library libcudnn.so.7
2021-07-02 19:05:31.975587: I tensorflow/core/common_runtime/gpu/gpu_device.cc:1858] Adding visible gpu devices: 0
2021-07-02 19:05:31.977356: I tensorflow/stream_executor/platform/default/dso_loader.cc:48] Successfully opened dynamic library libcudart.so.10.1
2021-07-02 19:05:33.790560: I tensorflow/core/common_runtime/gpu/gpu_device.cc:1257] Device interconnect StreamExecutor with strength 1 edge matrix:
2021-07-02 19:05:33.790652: I tensorflow/core/common_runtime/gpu/gpu_device.cc:1263]      0 
2021-07-02 19:05:33.790665: I tensorflow/core/common_runtime/gpu/gpu_device.cc:1276] 0:   N 
2021-07-02 19:05:33.796638: I tensorflow/core/common_runtime/gpu/gpu_device.cc:1402] Created TensorFlow device (/job:localhost/replica:0/task:0/device:GPU:0 with 11218 MB memory) -> physical GPU (device: 0, name: NVIDIA TITAN Xp, pci bus id: 0000:03:00.0, compute capability: 6.1)
2021-07-02 19:05:39.796643: I tensorflow/stream_executor/platform/default/dso_loader.cc:48] Successfully opened dynamic library libcudnn.so.7
2021-07-02 19:05:42.396492: I tensorflow/stream_executor/platform/default/dso_loader.cc:48] Successfully opened dynamic library libcublas.so.10
Using model index: 91
Making train data...
GCN...
ZCA...
Done!
Making test data...
Done!
Epoch 1/350


Snapshot weight 1 shuffle 9 at epoch 1
Layer 11
Getting activations...


391/391 - 24s - loss: 2.3211 - accuracy: 0.1047 - val_loss: 2.2870 - val_accuracy: 0.1274
Epoch 2/350


Snapshot weight 1 shuffle 9 at epoch 2
Layer 11
Getting activations...


391/391 - 23s - loss: 2.2762 - accuracy: 0.1311 - val_loss: 2.2420 - val_accuracy: 0.1072
Epoch 3/350


Snapshot weight 1 shuffle 9 at epoch 3
Layer 11
Getting activations...


391/391 - 23s - loss: 2.2415 - accuracy: 0.1053 - val_loss: 2.2174 - val_accuracy: 0.1024
Epoch 4/350


Snapshot weight 1 shuffle 9 at epoch 4
Layer 11
Getting activations...


391/391 - 24s - loss: 2.2258 - accuracy: 0.1099 - val_loss: 2.2016 - val_accuracy: 0.1169
Epoch 5/350


Snapshot weight 1 shuffle 9 at epoch 5
Layer 11
Getting activations...


391/391 - 24s - loss: 2.2163 - accuracy: 0.1145 - val_loss: 2.2027 - val_accuracy: 0.1173
Epoch 6/350


Snapshot weight 1 shuffle 9 at epoch 6
Layer 11
Getting activations...


391/391 - 23s - loss: 2.2034 - accuracy: 0.1194 - val_loss: 2.1765 - val_accuracy: 0.1287
Epoch 7/350


Snapshot weight 1 shuffle 9 at epoch 7
Layer 11
Getting activations...


391/391 - 24s - loss: 2.1909 - accuracy: 0.1326 - val_loss: 2.1807 - val_accuracy: 0.1344
Epoch 8/350


Snapshot weight 1 shuffle 9 at epoch 8
Layer 11
Getting activations...


391/391 - 24s - loss: 2.1794 - accuracy: 0.1459 - val_loss: 2.1606 - val_accuracy: 0.1434
Epoch 9/350


Snapshot weight 1 shuffle 9 at epoch 9
Layer 11
Getting activations...


391/391 - 23s - loss: 2.1640 - accuracy: 0.1457 - val_loss: 2.1373 - val_accuracy: 0.1514
Epoch 10/350


Snapshot weight 1 shuffle 9 at epoch 10
Layer 11
Getting activations...


391/391 - 24s - loss: 2.1538 - accuracy: 0.1510 - val_loss: 2.1542 - val_accuracy: 0.1407
Epoch 11/350
391/391 - 23s - loss: 2.1429 - accuracy: 0.1546 - val_loss: 2.1457 - val_accuracy: 0.1544
Epoch 12/350
391/391 - 23s - loss: 2.1329 - accuracy: 0.1563 - val_loss: 2.1199 - val_accuracy: 0.1603
Epoch 13/350
391/391 - 23s - loss: 2.1259 - accuracy: 0.1604 - val_loss: 2.1272 - val_accuracy: 0.1614
Epoch 14/350
391/391 - 23s - loss: 2.1172 - accuracy: 0.1618 - val_loss: 2.2543 - val_accuracy: 0.1415
Epoch 15/350
391/391 - 23s - loss: 2.1093 - accuracy: 0.1656 - val_loss: 2.1123 - val_accuracy: 0.1687
Epoch 16/350
391/391 - 23s - loss: 2.1055 - accuracy: 0.1657 - val_loss: 2.0903 - val_accuracy: 0.1646
Epoch 17/350
391/391 - 23s - loss: 2.0989 - accuracy: 0.1674 - val_loss: 2.0985 - val_accuracy: 0.1696
Epoch 18/350
391/391 - 23s - loss: 2.0904 - accuracy: 0.1699 - val_loss: 2.0915 - val_accuracy: 0.1686
Epoch 19/350
391/391 - 24s - loss: 2.0854 - accuracy: 0.1695 - val_loss: 2.2035 - val_accuracy: 0.1487
Epoch 20/350
391/391 - 23s - loss: 2.0796 - accuracy: 0.1720 - val_loss: 2.0629 - val_accuracy: 0.1713
Epoch 21/350
391/391 - 23s - loss: 2.0739 - accuracy: 0.1733 - val_loss: 2.1386 - val_accuracy: 0.1669
Epoch 22/350
391/391 - 23s - loss: 2.0665 - accuracy: 0.1745 - val_loss: 2.0822 - val_accuracy: 0.1660
Epoch 23/350
391/391 - 23s - loss: 2.0638 - accuracy: 0.1743 - val_loss: 2.0757 - val_accuracy: 0.1755
Epoch 24/350
391/391 - 23s - loss: 2.0615 - accuracy: 0.1752 - val_loss: 2.0731 - val_accuracy: 0.1707
Epoch 25/350
391/391 - 23s - loss: 2.0049 - accuracy: 0.2251 - val_loss: 1.9252 - val_accuracy: 0.2590
Epoch 26/350
391/391 - 23s - loss: 1.8591 - accuracy: 0.2863 - val_loss: 1.8400 - val_accuracy: 0.2894
Epoch 27/350
391/391 - 23s - loss: 1.7834 - accuracy: 0.3089 - val_loss: 1.7119 - val_accuracy: 0.3245
Epoch 28/350
391/391 - 23s - loss: 1.7419 - accuracy: 0.3200 - val_loss: 1.7085 - val_accuracy: 0.3344
Epoch 29/350
391/391 - 23s - loss: 1.7123 - accuracy: 0.3272 - val_loss: 1.7335 - val_accuracy: 0.3231
Epoch 30/350
391/391 - 23s - loss: 1.6937 - accuracy: 0.3348 - val_loss: 1.8794 - val_accuracy: 0.2968
Epoch 31/350
391/391 - 23s - loss: 1.6811 - accuracy: 0.3409 - val_loss: 1.6612 - val_accuracy: 0.3391
Epoch 32/350
391/391 - 23s - loss: 1.6609 - accuracy: 0.3822 - val_loss: 1.6409 - val_accuracy: 0.4088
Epoch 33/350
391/391 - 24s - loss: 1.6286 - accuracy: 0.4172 - val_loss: 1.6020 - val_accuracy: 0.4257
Epoch 34/350
391/391 - 24s - loss: 1.5671 - accuracy: 0.4590 - val_loss: 1.5260 - val_accuracy: 0.4907
Epoch 35/350
391/391 - 23s - loss: 1.4962 - accuracy: 0.4908 - val_loss: 1.4644 - val_accuracy: 0.5067
Epoch 36/350
391/391 - 23s - loss: 1.4681 - accuracy: 0.5026 - val_loss: 1.5279 - val_accuracy: 0.5337
Epoch 37/350
391/391 - 23s - loss: 1.3944 - accuracy: 0.5496 - val_loss: 1.2616 - val_accuracy: 0.6066
Epoch 38/350
391/391 - 23s - loss: 1.1439 - accuracy: 0.6310 - val_loss: 1.1601 - val_accuracy: 0.6415
Epoch 39/350
391/391 - 23s - loss: 1.0828 - accuracy: 0.6530 - val_loss: 1.0375 - val_accuracy: 0.6678
Epoch 40/350
391/391 - 23s - loss: 1.0426 - accuracy: 0.6701 - val_loss: 1.0128 - val_accuracy: 0.6901
Epoch 41/350
391/391 - 24s - loss: 1.0061 - accuracy: 0.6807 - val_loss: 0.9902 - val_accuracy: 0.7036
Epoch 42/350
391/391 - 23s - loss: 0.9778 - accuracy: 0.6906 - val_loss: 0.9828 - val_accuracy: 0.6872
Epoch 43/350
391/391 - 23s - loss: 0.9483 - accuracy: 0.7004 - val_loss: 0.9089 - val_accuracy: 0.7241
Epoch 44/350
391/391 - 23s - loss: 0.9273 - accuracy: 0.7084 - val_loss: 0.8972 - val_accuracy: 0.7222
Epoch 45/350
391/391 - 24s - loss: 0.9102 - accuracy: 0.7138 - val_loss: 0.9363 - val_accuracy: 0.7156
Epoch 46/350
391/391 - 23s - loss: 0.8865 - accuracy: 0.7223 - val_loss: 0.8879 - val_accuracy: 0.7210
Epoch 47/350
391/391 - 23s - loss: 0.8830 - accuracy: 0.7237 - val_loss: 0.8758 - val_accuracy: 0.7343
Epoch 48/350
391/391 - 23s - loss: 0.8612 - accuracy: 0.7278 - val_loss: 0.8105 - val_accuracy: 0.7524
Epoch 49/350
391/391 - 24s - loss: 0.8486 - accuracy: 0.7344 - val_loss: 0.8337 - val_accuracy: 0.7383
Epoch 50/350


Snapshot weight 1 shuffle 9 at epoch 50
Layer 11
Getting activations...


391/391 - 24s - loss: 0.8325 - accuracy: 0.7392 - val_loss: 0.7781 - val_accuracy: 0.7496
Epoch 51/350
391/391 - 23s - loss: 0.8122 - accuracy: 0.7442 - val_loss: 0.7795 - val_accuracy: 0.7545
Epoch 52/350
391/391 - 24s - loss: 0.8144 - accuracy: 0.7436 - val_loss: 0.8473 - val_accuracy: 0.7427
Epoch 53/350
391/391 - 23s - loss: 0.7956 - accuracy: 0.7496 - val_loss: 0.7592 - val_accuracy: 0.7602
Epoch 54/350
391/391 - 23s - loss: 0.7906 - accuracy: 0.7514 - val_loss: 0.7990 - val_accuracy: 0.7519
Epoch 55/350
391/391 - 23s - loss: 0.7782 - accuracy: 0.7562 - val_loss: 0.7346 - val_accuracy: 0.7679
Epoch 56/350
391/391 - 23s - loss: 0.7656 - accuracy: 0.7587 - val_loss: 0.7394 - val_accuracy: 0.7658
Epoch 57/350
391/391 - 23s - loss: 0.7566 - accuracy: 0.7615 - val_loss: 0.7724 - val_accuracy: 0.7585
Epoch 58/350
391/391 - 24s - loss: 0.6482 - accuracy: 0.7929 - val_loss: 0.5766 - val_accuracy: 0.8173
Epoch 59/350
391/391 - 23s - loss: 0.5616 - accuracy: 0.8189 - val_loss: 0.5655 - val_accuracy: 0.8229
Epoch 60/350
391/391 - 24s - loss: 0.5426 - accuracy: 0.8248 - val_loss: 0.5626 - val_accuracy: 0.8224
Epoch 61/350
391/391 - 23s - loss: 0.5356 - accuracy: 0.8277 - val_loss: 0.5354 - val_accuracy: 0.8344
Epoch 62/350
391/391 - 24s - loss: 0.5129 - accuracy: 0.8329 - val_loss: 0.5241 - val_accuracy: 0.8373
Epoch 63/350
391/391 - 23s - loss: 0.5148 - accuracy: 0.8344 - val_loss: 0.5781 - val_accuracy: 0.8224
Epoch 64/350
391/391 - 24s - loss: 0.4966 - accuracy: 0.8398 - val_loss: 0.5528 - val_accuracy: 0.8330
Epoch 65/350
391/391 - 23s - loss: 0.4844 - accuracy: 0.8432 - val_loss: 0.5079 - val_accuracy: 0.8433
Epoch 66/350
391/391 - 23s - loss: 0.4808 - accuracy: 0.8464 - val_loss: 0.4825 - val_accuracy: 0.8497
Epoch 67/350
391/391 - 23s - loss: 0.4766 - accuracy: 0.8466 - val_loss: 0.4815 - val_accuracy: 0.8457
Epoch 68/350
391/391 - 24s - loss: 0.4617 - accuracy: 0.8516 - val_loss: 0.4554 - val_accuracy: 0.8573
Epoch 69/350
391/391 - 23s - loss: 0.4547 - accuracy: 0.8553 - val_loss: 0.4875 - val_accuracy: 0.8482
Epoch 70/350
391/391 - 24s - loss: 0.4505 - accuracy: 0.8575 - val_loss: 0.4445 - val_accuracy: 0.8576
Epoch 71/350
391/391 - 23s - loss: 0.4362 - accuracy: 0.8605 - val_loss: 0.5254 - val_accuracy: 0.8426
Epoch 72/350
391/391 - 23s - loss: 0.4304 - accuracy: 0.8622 - val_loss: 0.4404 - val_accuracy: 0.8621
Epoch 73/350
391/391 - 23s - loss: 0.4338 - accuracy: 0.8627 - val_loss: 0.4281 - val_accuracy: 0.8635
Epoch 74/350
391/391 - 24s - loss: 0.4234 - accuracy: 0.8641 - val_loss: 0.4633 - val_accuracy: 0.8556
Epoch 75/350
391/391 - 23s - loss: 0.4216 - accuracy: 0.8659 - val_loss: 0.4637 - val_accuracy: 0.8598
Epoch 76/350
391/391 - 24s - loss: 0.4134 - accuracy: 0.8688 - val_loss: 0.4340 - val_accuracy: 0.8671
Epoch 77/350
391/391 - 23s - loss: 0.4073 - accuracy: 0.8701 - val_loss: 0.4533 - val_accuracy: 0.8594
Epoch 78/350
391/391 - 23s - loss: 0.3991 - accuracy: 0.8733 - val_loss: 0.4151 - val_accuracy: 0.8706
Epoch 79/350
391/391 - 23s - loss: 0.3969 - accuracy: 0.8734 - val_loss: 0.4634 - val_accuracy: 0.8604
Epoch 80/350
391/391 - 24s - loss: 0.3893 - accuracy: 0.8765 - val_loss: 0.4450 - val_accuracy: 0.8667
Epoch 81/350
391/391 - 24s - loss: 0.3822 - accuracy: 0.8786 - val_loss: 0.4094 - val_accuracy: 0.8725
Epoch 82/350
391/391 - 23s - loss: 0.3830 - accuracy: 0.8776 - val_loss: 0.4367 - val_accuracy: 0.8687
Epoch 83/350
391/391 - 23s - loss: 0.3801 - accuracy: 0.8796 - val_loss: 0.4395 - val_accuracy: 0.8738
Epoch 84/350
391/391 - 24s - loss: 0.3657 - accuracy: 0.8842 - val_loss: 0.4173 - val_accuracy: 0.8736
Epoch 85/350
391/391 - 23s - loss: 0.3656 - accuracy: 0.8842 - val_loss: 0.4140 - val_accuracy: 0.8715
Epoch 86/350
391/391 - 23s - loss: 0.3592 - accuracy: 0.8860 - val_loss: 0.4607 - val_accuracy: 0.8625
Epoch 87/350
391/391 - 23s - loss: 0.3537 - accuracy: 0.8879 - val_loss: 0.4110 - val_accuracy: 0.8794
Epoch 88/350
391/391 - 23s - loss: 0.3517 - accuracy: 0.8883 - val_loss: 0.4050 - val_accuracy: 0.8811
Epoch 89/350
391/391 - 23s - loss: 0.3516 - accuracy: 0.8880 - val_loss: 0.4120 - val_accuracy: 0.8781
Epoch 90/350
391/391 - 24s - loss: 0.3488 - accuracy: 0.8899 - val_loss: 0.4364 - val_accuracy: 0.8781
Epoch 91/350
391/391 - 23s - loss: 0.3482 - accuracy: 0.8903 - val_loss: 0.4067 - val_accuracy: 0.8810
Epoch 92/350
391/391 - 23s - loss: 0.3434 - accuracy: 0.8916 - val_loss: 0.4305 - val_accuracy: 0.8734
Epoch 93/350
391/391 - 23s - loss: 0.3340 - accuracy: 0.8954 - val_loss: 0.4057 - val_accuracy: 0.8796
Epoch 94/350
391/391 - 24s - loss: 0.3321 - accuracy: 0.8976 - val_loss: 0.4124 - val_accuracy: 0.8806
Epoch 95/350
391/391 - 24s - loss: 0.3360 - accuracy: 0.8954 - val_loss: 0.3984 - val_accuracy: 0.8828
Epoch 96/350
391/391 - 23s - loss: 0.3266 - accuracy: 0.8987 - val_loss: 0.4322 - val_accuracy: 0.8740
Epoch 97/350
391/391 - 23s - loss: 0.3200 - accuracy: 0.9006 - val_loss: 0.3920 - val_accuracy: 0.8865
Epoch 98/350
391/391 - 23s - loss: 0.3237 - accuracy: 0.8988 - val_loss: 0.3980 - val_accuracy: 0.8842
Epoch 99/350
391/391 - 24s - loss: 0.3125 - accuracy: 0.9021 - val_loss: 0.4301 - val_accuracy: 0.8737
Epoch 100/350


Snapshot weight 1 shuffle 9 at epoch 100
Layer 11
Getting activations...


391/391 - 24s - loss: 0.3186 - accuracy: 0.9004 - val_loss: 0.4599 - val_accuracy: 0.8702
Epoch 101/350
391/391 - 23s - loss: 0.3147 - accuracy: 0.9018 - val_loss: 0.4061 - val_accuracy: 0.8838
Epoch 102/350
391/391 - 23s - loss: 0.3105 - accuracy: 0.9032 - val_loss: 0.4185 - val_accuracy: 0.8792
Epoch 103/350
391/391 - 23s - loss: 0.3047 - accuracy: 0.9056 - val_loss: 0.3924 - val_accuracy: 0.8880
Epoch 104/350
391/391 - 23s - loss: 0.2986 - accuracy: 0.9071 - val_loss: 0.3947 - val_accuracy: 0.8834
Epoch 105/350
391/391 - 23s - loss: 0.2976 - accuracy: 0.9072 - val_loss: 0.3902 - val_accuracy: 0.8867
Epoch 106/350
391/391 - 24s - loss: 0.3015 - accuracy: 0.9076 - val_loss: 0.4303 - val_accuracy: 0.8742
Epoch 107/350
391/391 - 23s - loss: 0.2991 - accuracy: 0.9078 - val_loss: 0.3857 - val_accuracy: 0.8879
Epoch 108/350
391/391 - 23s - loss: 0.2900 - accuracy: 0.9109 - val_loss: 0.4134 - val_accuracy: 0.8822
Epoch 109/350
391/391 - 23s - loss: 0.2879 - accuracy: 0.9113 - val_loss: 0.3946 - val_accuracy: 0.8851
Epoch 110/350
391/391 - 23s - loss: 0.2908 - accuracy: 0.9092 - val_loss: 0.3992 - val_accuracy: 0.8866
Epoch 111/350
391/391 - 23s - loss: 0.2881 - accuracy: 0.9107 - val_loss: 0.3960 - val_accuracy: 0.8909
Epoch 112/350
391/391 - 23s - loss: 0.2850 - accuracy: 0.9116 - val_loss: 0.4253 - val_accuracy: 0.8818
Epoch 113/350
391/391 - 23s - loss: 0.2753 - accuracy: 0.9160 - val_loss: 0.4049 - val_accuracy: 0.8837
Epoch 114/350
391/391 - 23s - loss: 0.2755 - accuracy: 0.9165 - val_loss: 0.3998 - val_accuracy: 0.8866
Epoch 115/350
391/391 - 23s - loss: 0.2720 - accuracy: 0.9170 - val_loss: 0.3975 - val_accuracy: 0.8916
Epoch 116/350
391/391 - 23s - loss: 0.2723 - accuracy: 0.9178 - val_loss: 0.3987 - val_accuracy: 0.8941
Epoch 117/350
391/391 - 23s - loss: 0.2692 - accuracy: 0.9192 - val_loss: 0.3909 - val_accuracy: 0.8926
Epoch 118/350
391/391 - 24s - loss: 0.2671 - accuracy: 0.9181 - val_loss: 0.4312 - val_accuracy: 0.8797
Epoch 119/350
391/391 - 23s - loss: 0.2694 - accuracy: 0.9174 - val_loss: 0.4192 - val_accuracy: 0.8829
Epoch 120/350
391/391 - 24s - loss: 0.2650 - accuracy: 0.9185 - val_loss: 0.4382 - val_accuracy: 0.8792
Epoch 121/350
391/391 - 23s - loss: 0.2629 - accuracy: 0.9199 - val_loss: 0.3850 - val_accuracy: 0.8962
Epoch 122/350
391/391 - 23s - loss: 0.2570 - accuracy: 0.9222 - val_loss: 0.3968 - val_accuracy: 0.8950
Epoch 123/350
391/391 - 23s - loss: 0.2617 - accuracy: 0.9200 - val_loss: 0.4182 - val_accuracy: 0.8862
Epoch 124/350
391/391 - 23s - loss: 0.2543 - accuracy: 0.9239 - val_loss: 0.4235 - val_accuracy: 0.8867
Epoch 125/350
391/391 - 23s - loss: 0.2589 - accuracy: 0.9218 - val_loss: 0.3995 - val_accuracy: 0.8884
Epoch 126/350
391/391 - 24s - loss: 0.2525 - accuracy: 0.9242 - val_loss: 0.4207 - val_accuracy: 0.8895
Epoch 127/350
391/391 - 23s - loss: 0.2587 - accuracy: 0.9224 - val_loss: 0.3844 - val_accuracy: 0.8914
Epoch 128/350
391/391 - 23s - loss: 0.2487 - accuracy: 0.9248 - val_loss: 0.4071 - val_accuracy: 0.8906
Epoch 129/350
391/391 - 23s - loss: 0.2470 - accuracy: 0.9256 - val_loss: 0.4012 - val_accuracy: 0.8950
Epoch 130/350
391/391 - 23s - loss: 0.2491 - accuracy: 0.9255 - val_loss: 0.4344 - val_accuracy: 0.8903
Epoch 131/350
391/391 - 24s - loss: 0.2436 - accuracy: 0.9277 - val_loss: 0.4069 - val_accuracy: 0.8930
Epoch 132/350
391/391 - 23s - loss: 0.2419 - accuracy: 0.9281 - val_loss: 0.4210 - val_accuracy: 0.8875
Epoch 133/350
391/391 - 23s - loss: 0.2386 - accuracy: 0.9303 - val_loss: 0.4202 - val_accuracy: 0.8914
Epoch 134/350
391/391 - 24s - loss: 0.2434 - accuracy: 0.9285 - val_loss: 0.4303 - val_accuracy: 0.8889
Epoch 135/350
391/391 - 23s - loss: 0.2391 - accuracy: 0.9290 - val_loss: 0.3968 - val_accuracy: 0.8975
Epoch 136/350
391/391 - 23s - loss: 0.2358 - accuracy: 0.9315 - val_loss: 0.3784 - val_accuracy: 0.9028
Epoch 137/350
391/391 - 23s - loss: 0.2331 - accuracy: 0.9303 - val_loss: 0.3857 - val_accuracy: 0.8951
Epoch 138/350
391/391 - 24s - loss: 0.2340 - accuracy: 0.9308 - val_loss: 0.4196 - val_accuracy: 0.8892
Epoch 139/350
391/391 - 23s - loss: 0.2344 - accuracy: 0.9309 - val_loss: 0.3989 - val_accuracy: 0.8957
Epoch 140/350
391/391 - 23s - loss: 0.2276 - accuracy: 0.9338 - val_loss: 0.3988 - val_accuracy: 0.8933
Epoch 141/350
391/391 - 24s - loss: 0.2287 - accuracy: 0.9329 - val_loss: 0.4164 - val_accuracy: 0.8884
Epoch 142/350
391/391 - 24s - loss: 0.2268 - accuracy: 0.9329 - val_loss: 0.4258 - val_accuracy: 0.8886
Epoch 143/350
391/391 - 23s - loss: 0.2240 - accuracy: 0.9351 - val_loss: 0.4269 - val_accuracy: 0.8902
Epoch 144/350
391/391 - 23s - loss: 0.2231 - accuracy: 0.9345 - val_loss: 0.3978 - val_accuracy: 0.8979
Epoch 145/350
391/391 - 23s - loss: 0.2282 - accuracy: 0.9327 - val_loss: 0.4190 - val_accuracy: 0.8893
Epoch 146/350
391/391 - 23s - loss: 0.2207 - accuracy: 0.9353 - val_loss: 0.4275 - val_accuracy: 0.8932
Epoch 147/350
391/391 - 23s - loss: 0.2187 - accuracy: 0.9364 - val_loss: 0.4081 - val_accuracy: 0.8954
Epoch 148/350
391/391 - 23s - loss: 0.2158 - accuracy: 0.9373 - val_loss: 0.4252 - val_accuracy: 0.8910
Epoch 149/350
391/391 - 24s - loss: 0.2216 - accuracy: 0.9366 - val_loss: 0.3858 - val_accuracy: 0.8987
Epoch 150/350


Snapshot weight 1 shuffle 9 at epoch 150
Layer 11
Getting activations...


391/391 - 24s - loss: 0.2179 - accuracy: 0.9377 - val_loss: 0.4264 - val_accuracy: 0.8944
Epoch 151/350
391/391 - 23s - loss: 0.2195 - accuracy: 0.9367 - val_loss: 0.4473 - val_accuracy: 0.8867
Epoch 152/350
391/391 - 23s - loss: 0.2110 - accuracy: 0.9389 - val_loss: 0.3967 - val_accuracy: 0.8988
Epoch 153/350
391/391 - 23s - loss: 0.2111 - accuracy: 0.9386 - val_loss: 0.4252 - val_accuracy: 0.8965
Epoch 154/350
391/391 - 23s - loss: 0.2137 - accuracy: 0.9402 - val_loss: 0.4155 - val_accuracy: 0.8946
Epoch 155/350
391/391 - 23s - loss: 0.2103 - accuracy: 0.9387 - val_loss: 0.4128 - val_accuracy: 0.8958
Epoch 156/350
391/391 - 23s - loss: 0.2080 - accuracy: 0.9406 - val_loss: 0.3985 - val_accuracy: 0.8989
Epoch 157/350
391/391 - 23s - loss: 0.2110 - accuracy: 0.9399 - val_loss: 0.4434 - val_accuracy: 0.8922
Epoch 158/350
391/391 - 23s - loss: 0.2068 - accuracy: 0.9412 - val_loss: 0.4140 - val_accuracy: 0.8976
Epoch 159/350
391/391 - 23s - loss: 0.2028 - accuracy: 0.9412 - val_loss: 0.4022 - val_accuracy: 0.8987
Epoch 160/350
391/391 - 24s - loss: 0.2023 - accuracy: 0.9432 - val_loss: 0.4086 - val_accuracy: 0.9010
Epoch 161/350
391/391 - 23s - loss: 0.2037 - accuracy: 0.9430 - val_loss: 0.3968 - val_accuracy: 0.9009
Epoch 162/350
391/391 - 23s - loss: 0.2051 - accuracy: 0.9427 - val_loss: 0.4424 - val_accuracy: 0.8933
Epoch 163/350
391/391 - 23s - loss: 0.2012 - accuracy: 0.9435 - val_loss: 0.4249 - val_accuracy: 0.8991
Epoch 164/350
391/391 - 23s - loss: 0.1996 - accuracy: 0.9437 - val_loss: 0.4210 - val_accuracy: 0.8980
Epoch 165/350
391/391 - 23s - loss: 0.2013 - accuracy: 0.9425 - val_loss: 0.4126 - val_accuracy: 0.8990
Epoch 166/350
391/391 - 24s - loss: 0.1985 - accuracy: 0.9436 - val_loss: 0.4226 - val_accuracy: 0.8985
Epoch 167/350
391/391 - 23s - loss: 0.1983 - accuracy: 0.9435 - val_loss: 0.4230 - val_accuracy: 0.8942
Epoch 168/350
391/391 - 23s - loss: 0.1984 - accuracy: 0.9441 - val_loss: 0.4593 - val_accuracy: 0.8834
Epoch 169/350
391/391 - 23s - loss: 0.2008 - accuracy: 0.9428 - val_loss: 0.4271 - val_accuracy: 0.8970
Epoch 170/350
391/391 - 23s - loss: 0.1974 - accuracy: 0.9447 - val_loss: 0.4158 - val_accuracy: 0.8994
Epoch 171/350
391/391 - 24s - loss: 0.1966 - accuracy: 0.9445 - val_loss: 0.4750 - val_accuracy: 0.8887
Epoch 172/350
391/391 - 23s - loss: 0.1871 - accuracy: 0.9482 - val_loss: 0.4242 - val_accuracy: 0.8972
Epoch 173/350
391/391 - 23s - loss: 0.1965 - accuracy: 0.9443 - val_loss: 0.4495 - val_accuracy: 0.8978
Epoch 174/350
391/391 - 23s - loss: 0.1893 - accuracy: 0.9477 - val_loss: 0.4373 - val_accuracy: 0.8979
Epoch 175/350
391/391 - 23s - loss: 0.1905 - accuracy: 0.9469 - val_loss: 0.4089 - val_accuracy: 0.8961
Epoch 176/350
391/391 - 23s - loss: 0.1913 - accuracy: 0.9458 - val_loss: 0.4574 - val_accuracy: 0.8908
Epoch 177/350
391/391 - 23s - loss: 0.1858 - accuracy: 0.9495 - val_loss: 0.4165 - val_accuracy: 0.9003
Epoch 178/350
391/391 - 23s - loss: 0.1905 - accuracy: 0.9488 - val_loss: 0.4158 - val_accuracy: 0.8952
Epoch 179/350
391/391 - 24s - loss: 0.1911 - accuracy: 0.9482 - val_loss: 0.4195 - val_accuracy: 0.8996
Epoch 180/350
391/391 - 23s - loss: 0.1850 - accuracy: 0.9498 - val_loss: 0.4369 - val_accuracy: 0.8978
Epoch 181/350
391/391 - 23s - loss: 0.1857 - accuracy: 0.9495 - val_loss: 0.4305 - val_accuracy: 0.9015
Epoch 182/350
391/391 - 23s - loss: 0.1866 - accuracy: 0.9496 - val_loss: 0.3952 - val_accuracy: 0.9037
Epoch 183/350
391/391 - 23s - loss: 0.1863 - accuracy: 0.9489 - val_loss: 0.4286 - val_accuracy: 0.8971
Epoch 184/350
391/391 - 23s - loss: 0.1848 - accuracy: 0.9497 - val_loss: 0.4473 - val_accuracy: 0.8973
Epoch 185/350
391/391 - 23s - loss: 0.1807 - accuracy: 0.9508 - val_loss: 0.4199 - val_accuracy: 0.8977
Epoch 186/350
391/391 - 23s - loss: 0.1804 - accuracy: 0.9512 - val_loss: 0.4069 - val_accuracy: 0.9034
Epoch 187/350
391/391 - 23s - loss: 0.1817 - accuracy: 0.9502 - val_loss: 0.4232 - val_accuracy: 0.9033
Epoch 188/350
391/391 - 23s - loss: 0.1856 - accuracy: 0.9493 - val_loss: 0.4103 - val_accuracy: 0.8997
Epoch 189/350
391/391 - 23s - loss: 0.1795 - accuracy: 0.9507 - val_loss: 0.4290 - val_accuracy: 0.9005
Epoch 190/350
391/391 - 23s - loss: 0.1799 - accuracy: 0.9511 - val_loss: 0.4413 - val_accuracy: 0.8953
Epoch 191/350
391/391 - 23s - loss: 0.1785 - accuracy: 0.9522 - val_loss: 0.4362 - val_accuracy: 0.8991
Epoch 192/350
391/391 - 23s - loss: 0.1797 - accuracy: 0.9499 - val_loss: 0.4117 - val_accuracy: 0.9022
Epoch 193/350
391/391 - 23s - loss: 0.1774 - accuracy: 0.9522 - val_loss: 0.4351 - val_accuracy: 0.9010
Epoch 194/350
391/391 - 23s - loss: 0.1809 - accuracy: 0.9521 - val_loss: 0.4139 - val_accuracy: 0.8996
Epoch 195/350
391/391 - 23s - loss: 0.1754 - accuracy: 0.9538 - val_loss: 0.4094 - val_accuracy: 0.9052
Epoch 196/350
391/391 - 23s - loss: 0.1750 - accuracy: 0.9548 - val_loss: 0.4312 - val_accuracy: 0.9038
Epoch 197/350
391/391 - 23s - loss: 0.1752 - accuracy: 0.9538 - val_loss: 0.4673 - val_accuracy: 0.8997
Epoch 198/350
391/391 - 23s - loss: 0.1740 - accuracy: 0.9523 - val_loss: 0.4872 - val_accuracy: 0.8924
Epoch 199/350
391/391 - 23s - loss: 0.1764 - accuracy: 0.9532 - val_loss: 0.4014 - val_accuracy: 0.9022
Epoch 200/350


Snapshot weight 1 shuffle 9 at epoch 200
Layer 11
Getting activations...


391/391 - 23s - loss: 0.1712 - accuracy: 0.9539 - val_loss: 0.4340 - val_accuracy: 0.8961
Epoch 201/350
391/391 - 23s - loss: 0.1463 - accuracy: 0.9637 - val_loss: 0.4182 - val_accuracy: 0.9086
Epoch 202/350
391/391 - 23s - loss: 0.1310 - accuracy: 0.9691 - val_loss: 0.4142 - val_accuracy: 0.9102
Epoch 203/350
391/391 - 23s - loss: 0.1289 - accuracy: 0.9692 - val_loss: 0.4201 - val_accuracy: 0.9113
Epoch 204/350
391/391 - 24s - loss: 0.1262 - accuracy: 0.9702 - val_loss: 0.4302 - val_accuracy: 0.9111
Epoch 205/350
391/391 - 23s - loss: 0.1267 - accuracy: 0.9695 - val_loss: 0.4216 - val_accuracy: 0.9107
Epoch 206/350
391/391 - 23s - loss: 0.1238 - accuracy: 0.9724 - val_loss: 0.4341 - val_accuracy: 0.9112
Epoch 207/350
391/391 - 23s - loss: 0.1247 - accuracy: 0.9710 - val_loss: 0.4302 - val_accuracy: 0.9111
Epoch 208/350
391/391 - 23s - loss: 0.1242 - accuracy: 0.9713 - val_loss: 0.4252 - val_accuracy: 0.9112
Epoch 209/350
391/391 - 23s - loss: 0.1214 - accuracy: 0.9721 - val_loss: 0.4328 - val_accuracy: 0.9110
Epoch 210/350
391/391 - 23s - loss: 0.1247 - accuracy: 0.9711 - val_loss: 0.4267 - val_accuracy: 0.9123
Epoch 211/350
391/391 - 23s - loss: 0.1192 - accuracy: 0.9730 - val_loss: 0.4365 - val_accuracy: 0.9103
Epoch 212/350
391/391 - 23s - loss: 0.1197 - accuracy: 0.9732 - val_loss: 0.4381 - val_accuracy: 0.9112
Epoch 213/350
391/391 - 23s - loss: 0.1223 - accuracy: 0.9717 - val_loss: 0.4344 - val_accuracy: 0.9106
Epoch 214/350
391/391 - 23s - loss: 0.1198 - accuracy: 0.9732 - val_loss: 0.4387 - val_accuracy: 0.9097
Epoch 215/350
391/391 - 24s - loss: 0.1179 - accuracy: 0.9740 - val_loss: 0.4412 - val_accuracy: 0.9107
Epoch 216/350
391/391 - 23s - loss: 0.1169 - accuracy: 0.9731 - val_loss: 0.4485 - val_accuracy: 0.9109
Epoch 217/350
391/391 - 24s - loss: 0.1164 - accuracy: 0.9749 - val_loss: 0.4447 - val_accuracy: 0.9104
Epoch 218/350
391/391 - 23s - loss: 0.1177 - accuracy: 0.9737 - val_loss: 0.4354 - val_accuracy: 0.9128
Epoch 219/350
391/391 - 23s - loss: 0.1175 - accuracy: 0.9741 - val_loss: 0.4467 - val_accuracy: 0.9103
Epoch 220/350
391/391 - 23s - loss: 0.1187 - accuracy: 0.9734 - val_loss: 0.4449 - val_accuracy: 0.9119
Epoch 221/350
391/391 - 23s - loss: 0.1156 - accuracy: 0.9743 - val_loss: 0.4578 - val_accuracy: 0.9100
Epoch 222/350
391/391 - 23s - loss: 0.1150 - accuracy: 0.9748 - val_loss: 0.4532 - val_accuracy: 0.9099
Epoch 223/350
391/391 - 23s - loss: 0.1136 - accuracy: 0.9749 - val_loss: 0.4586 - val_accuracy: 0.9100
Epoch 224/350
391/391 - 23s - loss: 0.1125 - accuracy: 0.9755 - val_loss: 0.4488 - val_accuracy: 0.9105
Epoch 225/350
391/391 - 23s - loss: 0.1152 - accuracy: 0.9738 - val_loss: 0.4460 - val_accuracy: 0.9122
Epoch 226/350
391/391 - 23s - loss: 0.1134 - accuracy: 0.9746 - val_loss: 0.4491 - val_accuracy: 0.9135
Epoch 227/350
391/391 - 23s - loss: 0.1136 - accuracy: 0.9750 - val_loss: 0.4529 - val_accuracy: 0.9111
Epoch 228/350
391/391 - 23s - loss: 0.1138 - accuracy: 0.9758 - val_loss: 0.4476 - val_accuracy: 0.9113
Epoch 229/350
391/391 - 23s - loss: 0.1110 - accuracy: 0.9756 - val_loss: 0.4443 - val_accuracy: 0.9122
Epoch 230/350
391/391 - 23s - loss: 0.1139 - accuracy: 0.9753 - val_loss: 0.4515 - val_accuracy: 0.9117
Epoch 231/350
391/391 - 23s - loss: 0.1112 - accuracy: 0.9755 - val_loss: 0.4510 - val_accuracy: 0.9116
Epoch 232/350
391/391 - 23s - loss: 0.1133 - accuracy: 0.9746 - val_loss: 0.4484 - val_accuracy: 0.9110
Epoch 233/350
391/391 - 23s - loss: 0.1108 - accuracy: 0.9756 - val_loss: 0.4543 - val_accuracy: 0.9114
Epoch 234/350
391/391 - 23s - loss: 0.1112 - accuracy: 0.9757 - val_loss: 0.4521 - val_accuracy: 0.9116
Epoch 235/350
391/391 - 23s - loss: 0.1100 - accuracy: 0.9767 - val_loss: 0.4562 - val_accuracy: 0.9124
Epoch 236/350
391/391 - 23s - loss: 0.1119 - accuracy: 0.9756 - val_loss: 0.4525 - val_accuracy: 0.9102
Epoch 237/350
391/391 - 23s - loss: 0.1110 - accuracy: 0.9754 - val_loss: 0.4523 - val_accuracy: 0.9115
Epoch 238/350
391/391 - 23s - loss: 0.1112 - accuracy: 0.9767 - val_loss: 0.4554 - val_accuracy: 0.9109
Epoch 239/350
391/391 - 24s - loss: 0.1079 - accuracy: 0.9771 - val_loss: 0.4574 - val_accuracy: 0.9104
Epoch 240/350
391/391 - 23s - loss: 0.1116 - accuracy: 0.9754 - val_loss: 0.4559 - val_accuracy: 0.9101
Epoch 241/350
391/391 - 23s - loss: 0.1100 - accuracy: 0.9774 - val_loss: 0.4550 - val_accuracy: 0.9102
Epoch 242/350
391/391 - 23s - loss: 0.1103 - accuracy: 0.9770 - val_loss: 0.4529 - val_accuracy: 0.9097
Epoch 243/350
391/391 - 23s - loss: 0.1104 - accuracy: 0.9756 - val_loss: 0.4651 - val_accuracy: 0.9108
Epoch 244/350
391/391 - 23s - loss: 0.1092 - accuracy: 0.9765 - val_loss: 0.4522 - val_accuracy: 0.9108
Epoch 245/350
391/391 - 24s - loss: 0.1118 - accuracy: 0.9759 - val_loss: 0.4507 - val_accuracy: 0.9119
Epoch 246/350
391/391 - 23s - loss: 0.1099 - accuracy: 0.9763 - val_loss: 0.4582 - val_accuracy: 0.9119
Epoch 247/350
391/391 - 23s - loss: 0.1092 - accuracy: 0.9769 - val_loss: 0.4583 - val_accuracy: 0.9122
Epoch 248/350
391/391 - 23s - loss: 0.1085 - accuracy: 0.9776 - val_loss: 0.4669 - val_accuracy: 0.9105
Epoch 249/350
391/391 - 23s - loss: 0.1065 - accuracy: 0.9770 - val_loss: 0.4611 - val_accuracy: 0.9111
Epoch 250/350


Snapshot weight 1 shuffle 9 at epoch 250
Layer 11
Getting activations...


391/391 - 24s - loss: 0.1093 - accuracy: 0.9766 - val_loss: 0.4568 - val_accuracy: 0.9095
Epoch 251/350
391/391 - 23s - loss: 0.1065 - accuracy: 0.9777 - val_loss: 0.4568 - val_accuracy: 0.9115
Epoch 252/350
391/391 - 23s - loss: 0.1079 - accuracy: 0.9772 - val_loss: 0.4572 - val_accuracy: 0.9109
Epoch 253/350
391/391 - 24s - loss: 0.1042 - accuracy: 0.9788 - val_loss: 0.4566 - val_accuracy: 0.9116
Epoch 254/350
391/391 - 23s - loss: 0.1073 - accuracy: 0.9776 - val_loss: 0.4589 - val_accuracy: 0.9106
Epoch 255/350
391/391 - 23s - loss: 0.1054 - accuracy: 0.9787 - val_loss: 0.4543 - val_accuracy: 0.9110
Epoch 256/350
391/391 - 23s - loss: 0.1065 - accuracy: 0.9772 - val_loss: 0.4535 - val_accuracy: 0.9114
Epoch 257/350
391/391 - 23s - loss: 0.1046 - accuracy: 0.9784 - val_loss: 0.4556 - val_accuracy: 0.9115
Epoch 258/350
391/391 - 23s - loss: 0.1025 - accuracy: 0.9788 - val_loss: 0.4559 - val_accuracy: 0.9112
Epoch 259/350
391/391 - 24s - loss: 0.1028 - accuracy: 0.9786 - val_loss: 0.4608 - val_accuracy: 0.9104
Epoch 260/350
391/391 - 23s - loss: 0.1051 - accuracy: 0.9782 - val_loss: 0.4578 - val_accuracy: 0.9117
Epoch 261/350
391/391 - 23s - loss: 0.1050 - accuracy: 0.9784 - val_loss: 0.4587 - val_accuracy: 0.9115
Epoch 262/350
391/391 - 24s - loss: 0.1052 - accuracy: 0.9778 - val_loss: 0.4558 - val_accuracy: 0.9110
Epoch 263/350
391/391 - 23s - loss: 0.1034 - accuracy: 0.9788 - val_loss: 0.4581 - val_accuracy: 0.9117
Epoch 264/350
391/391 - 23s - loss: 0.1016 - accuracy: 0.9798 - val_loss: 0.4593 - val_accuracy: 0.9125
Epoch 265/350
391/391 - 23s - loss: 0.1058 - accuracy: 0.9776 - val_loss: 0.4608 - val_accuracy: 0.9115
Epoch 266/350
391/391 - 24s - loss: 0.1037 - accuracy: 0.9780 - val_loss: 0.4623 - val_accuracy: 0.9110
Epoch 267/350
391/391 - 23s - loss: 0.1039 - accuracy: 0.9787 - val_loss: 0.4599 - val_accuracy: 0.9113
Epoch 268/350
391/391 - 23s - loss: 0.1039 - accuracy: 0.9785 - val_loss: 0.4614 - val_accuracy: 0.9116
Epoch 269/350
391/391 - 23s - loss: 0.1052 - accuracy: 0.9780 - val_loss: 0.4596 - val_accuracy: 0.9119
Epoch 270/350
391/391 - 23s - loss: 0.1070 - accuracy: 0.9774 - val_loss: 0.4591 - val_accuracy: 0.9116
Epoch 271/350
391/391 - 23s - loss: 0.1027 - accuracy: 0.9790 - val_loss: 0.4604 - val_accuracy: 0.9108
Epoch 272/350
391/391 - 23s - loss: 0.1080 - accuracy: 0.9771 - val_loss: 0.4613 - val_accuracy: 0.9116
Epoch 273/350
391/391 - 24s - loss: 0.1031 - accuracy: 0.9786 - val_loss: 0.4600 - val_accuracy: 0.9116
Epoch 274/350
391/391 - 23s - loss: 0.1060 - accuracy: 0.9775 - val_loss: 0.4573 - val_accuracy: 0.9115
Epoch 275/350
391/391 - 23s - loss: 0.1042 - accuracy: 0.9780 - val_loss: 0.4605 - val_accuracy: 0.9115
Epoch 276/350
391/391 - 24s - loss: 0.1032 - accuracy: 0.9789 - val_loss: 0.4590 - val_accuracy: 0.9119
Epoch 277/350
391/391 - 23s - loss: 0.1041 - accuracy: 0.9780 - val_loss: 0.4618 - val_accuracy: 0.9118
Epoch 278/350
391/391 - 23s - loss: 0.1051 - accuracy: 0.9783 - val_loss: 0.4638 - val_accuracy: 0.9118
Epoch 279/350
391/391 - 23s - loss: 0.1032 - accuracy: 0.9788 - val_loss: 0.4598 - val_accuracy: 0.9110
Epoch 280/350
391/391 - 24s - loss: 0.1044 - accuracy: 0.9788 - val_loss: 0.4619 - val_accuracy: 0.9119
Epoch 281/350
391/391 - 23s - loss: 0.1058 - accuracy: 0.9777 - val_loss: 0.4591 - val_accuracy: 0.9123
Epoch 282/350
391/391 - 23s - loss: 0.1045 - accuracy: 0.9783 - val_loss: 0.4607 - val_accuracy: 0.9113
Epoch 283/350
391/391 - 23s - loss: 0.1048 - accuracy: 0.9784 - val_loss: 0.4611 - val_accuracy: 0.9118
Epoch 284/350
391/391 - 24s - loss: 0.1047 - accuracy: 0.9778 - val_loss: 0.4622 - val_accuracy: 0.9112
Epoch 285/350
391/391 - 23s - loss: 0.1043 - accuracy: 0.9782 - val_loss: 0.4584 - val_accuracy: 0.9114
Epoch 286/350
391/391 - 23s - loss: 0.1035 - accuracy: 0.9789 - val_loss: 0.4597 - val_accuracy: 0.9116
Epoch 287/350
391/391 - 23s - loss: 0.1056 - accuracy: 0.9776 - val_loss: 0.4573 - val_accuracy: 0.9112
Epoch 288/350
391/391 - 23s - loss: 0.1043 - accuracy: 0.9781 - val_loss: 0.4586 - val_accuracy: 0.9109
Epoch 289/350
391/391 - 23s - loss: 0.1055 - accuracy: 0.9782 - val_loss: 0.4592 - val_accuracy: 0.9121
Epoch 290/350
391/391 - 23s - loss: 0.1048 - accuracy: 0.9784 - val_loss: 0.4614 - val_accuracy: 0.9115
Epoch 291/350
391/391 - 23s - loss: 0.1035 - accuracy: 0.9789 - val_loss: 0.4615 - val_accuracy: 0.9113
Epoch 292/350
391/391 - 23s - loss: 0.1053 - accuracy: 0.9777 - val_loss: 0.4593 - val_accuracy: 0.9118
Epoch 293/350
391/391 - 24s - loss: 0.1050 - accuracy: 0.9784 - val_loss: 0.4580 - val_accuracy: 0.9120
Epoch 294/350
391/391 - 23s - loss: 0.1041 - accuracy: 0.9784 - val_loss: 0.4581 - val_accuracy: 0.9113
Epoch 295/350
391/391 - 23s - loss: 0.1023 - accuracy: 0.9791 - val_loss: 0.4610 - val_accuracy: 0.9110
Epoch 296/350
391/391 - 23s - loss: 0.1039 - accuracy: 0.9788 - val_loss: 0.4600 - val_accuracy: 0.9116
Epoch 297/350
391/391 - 23s - loss: 0.1038 - accuracy: 0.9788 - val_loss: 0.4607 - val_accuracy: 0.9115
Epoch 298/350
391/391 - 23s - loss: 0.1009 - accuracy: 0.9796 - val_loss: 0.4602 - val_accuracy: 0.9112
Epoch 299/350
391/391 - 23s - loss: 0.1044 - accuracy: 0.9780 - val_loss: 0.4608 - val_accuracy: 0.9110
Epoch 300/350


Snapshot weight 1 shuffle 9 at epoch 300
Layer 11
Getting activations...


391/391 - 24s - loss: 0.1019 - accuracy: 0.9799 - val_loss: 0.4622 - val_accuracy: 0.9100
Epoch 301/350
391/391 - 23s - loss: 0.1044 - accuracy: 0.9783 - val_loss: 0.4614 - val_accuracy: 0.9099
Epoch 302/350
391/391 - 23s - loss: 0.1018 - accuracy: 0.9792 - val_loss: 0.4612 - val_accuracy: 0.9100
Epoch 303/350
391/391 - 23s - loss: 0.1030 - accuracy: 0.9782 - val_loss: 0.4613 - val_accuracy: 0.9106
Epoch 304/350
391/391 - 23s - loss: 0.1020 - accuracy: 0.9794 - val_loss: 0.4609 - val_accuracy: 0.9103
Epoch 305/350
391/391 - 24s - loss: 0.1037 - accuracy: 0.9789 - val_loss: 0.4605 - val_accuracy: 0.9100
Epoch 306/350
391/391 - 23s - loss: 0.1012 - accuracy: 0.9796 - val_loss: 0.4605 - val_accuracy: 0.9102
Epoch 307/350
391/391 - 23s - loss: 0.1018 - accuracy: 0.9792 - val_loss: 0.4604 - val_accuracy: 0.9105
Epoch 308/350
391/391 - 23s - loss: 0.1041 - accuracy: 0.9783 - val_loss: 0.4606 - val_accuracy: 0.9104
Epoch 309/350
391/391 - 23s - loss: 0.1028 - accuracy: 0.9793 - val_loss: 0.4608 - val_accuracy: 0.9104
Epoch 310/350
391/391 - 23s - loss: 0.1025 - accuracy: 0.9789 - val_loss: 0.4608 - val_accuracy: 0.9103
Epoch 311/350
391/391 - 23s - loss: 0.1033 - accuracy: 0.9790 - val_loss: 0.4610 - val_accuracy: 0.9105
Epoch 312/350
391/391 - 23s - loss: 0.1021 - accuracy: 0.9784 - val_loss: 0.4608 - val_accuracy: 0.9105
Epoch 313/350
391/391 - 23s - loss: 0.1014 - accuracy: 0.9787 - val_loss: 0.4611 - val_accuracy: 0.9104
Epoch 314/350
391/391 - 23s - loss: 0.1037 - accuracy: 0.9787 - val_loss: 0.4612 - val_accuracy: 0.9104
Epoch 315/350
391/391 - 23s - loss: 0.1018 - accuracy: 0.9786 - val_loss: 0.4614 - val_accuracy: 0.9107
Epoch 316/350
391/391 - 23s - loss: 0.1013 - accuracy: 0.9792 - val_loss: 0.4612 - val_accuracy: 0.9107
Epoch 317/350
391/391 - 23s - loss: 0.1024 - accuracy: 0.9793 - val_loss: 0.4615 - val_accuracy: 0.9107
Epoch 318/350
391/391 - 23s - loss: 0.1060 - accuracy: 0.9778 - val_loss: 0.4614 - val_accuracy: 0.9107
Epoch 319/350
391/391 - 23s - loss: 0.1035 - accuracy: 0.9777 - val_loss: 0.4616 - val_accuracy: 0.9109
Epoch 320/350
391/391 - 23s - loss: 0.1022 - accuracy: 0.9790 - val_loss: 0.4621 - val_accuracy: 0.9111
Epoch 321/350
391/391 - 23s - loss: 0.1020 - accuracy: 0.9785 - val_loss: 0.4622 - val_accuracy: 0.9109
Epoch 322/350
391/391 - 23s - loss: 0.1023 - accuracy: 0.9794 - val_loss: 0.4616 - val_accuracy: 0.9109
Epoch 323/350
391/391 - 23s - loss: 0.1040 - accuracy: 0.9793 - val_loss: 0.4616 - val_accuracy: 0.9110
Epoch 324/350
391/391 - 23s - loss: 0.1020 - accuracy: 0.9785 - val_loss: 0.4617 - val_accuracy: 0.9113
Epoch 325/350
391/391 - 23s - loss: 0.1035 - accuracy: 0.9785 - val_loss: 0.4616 - val_accuracy: 0.9113
Epoch 326/350
391/391 - 23s - loss: 0.1027 - accuracy: 0.9784 - val_loss: 0.4614 - val_accuracy: 0.9110
Epoch 327/350
391/391 - 23s - loss: 0.1037 - accuracy: 0.9781 - val_loss: 0.4615 - val_accuracy: 0.9109
Epoch 328/350
391/391 - 23s - loss: 0.1056 - accuracy: 0.9778 - val_loss: 0.4616 - val_accuracy: 0.9107
Epoch 329/350
391/391 - 23s - loss: 0.1028 - accuracy: 0.9791 - val_loss: 0.4615 - val_accuracy: 0.9111
Epoch 330/350
391/391 - 23s - loss: 0.1026 - accuracy: 0.9789 - val_loss: 0.4617 - val_accuracy: 0.9108
Epoch 331/350
391/391 - 23s - loss: 0.1021 - accuracy: 0.9787 - val_loss: 0.4617 - val_accuracy: 0.9108
Epoch 332/350
391/391 - 23s - loss: 0.1023 - accuracy: 0.9788 - val_loss: 0.4619 - val_accuracy: 0.9108
Epoch 333/350
391/391 - 23s - loss: 0.1031 - accuracy: 0.9793 - val_loss: 0.4617 - val_accuracy: 0.9106
Epoch 334/350
391/391 - 23s - loss: 0.1036 - accuracy: 0.9787 - val_loss: 0.4620 - val_accuracy: 0.9107
Epoch 335/350
391/391 - 23s - loss: 0.1055 - accuracy: 0.9781 - val_loss: 0.4618 - val_accuracy: 0.9107
Epoch 336/350
391/391 - 23s - loss: 0.1017 - accuracy: 0.9789 - val_loss: 0.4626 - val_accuracy: 0.9109
Epoch 337/350
391/391 - 23s - loss: 0.1018 - accuracy: 0.9791 - val_loss: 0.4628 - val_accuracy: 0.9112
Epoch 338/350
391/391 - 24s - loss: 0.1022 - accuracy: 0.9787 - val_loss: 0.4629 - val_accuracy: 0.9108
Epoch 339/350
391/391 - 23s - loss: 0.1035 - accuracy: 0.9786 - val_loss: 0.4621 - val_accuracy: 0.9110
Epoch 340/350
391/391 - 23s - loss: 0.1040 - accuracy: 0.9781 - val_loss: 0.4621 - val_accuracy: 0.9110
Epoch 341/350
391/391 - 23s - loss: 0.1040 - accuracy: 0.9789 - val_loss: 0.4625 - val_accuracy: 0.9107
Epoch 342/350
391/391 - 23s - loss: 0.1017 - accuracy: 0.9794 - val_loss: 0.4627 - val_accuracy: 0.9108
Epoch 343/350
391/391 - 24s - loss: 0.1045 - accuracy: 0.9782 - val_loss: 0.4626 - val_accuracy: 0.9107
Epoch 344/350
391/391 - 23s - loss: 0.1041 - accuracy: 0.9781 - val_loss: 0.4622 - val_accuracy: 0.9108
Epoch 345/350
391/391 - 23s - loss: 0.1025 - accuracy: 0.9790 - val_loss: 0.4620 - val_accuracy: 0.9104
Epoch 346/350
391/391 - 23s - loss: 0.1024 - accuracy: 0.9790 - val_loss: 0.4617 - val_accuracy: 0.9105
Epoch 347/350
391/391 - 23s - loss: 0.1046 - accuracy: 0.9783 - val_loss: 0.4612 - val_accuracy: 0.9109
Epoch 348/350
391/391 - 23s - loss: 0.1035 - accuracy: 0.9784 - val_loss: 0.4615 - val_accuracy: 0.9108
Epoch 349/350
391/391 - 23s - loss: 0.1016 - accuracy: 0.9796 - val_loss: 0.4616 - val_accuracy: 0.9106
Epoch 350/350


Snapshot weight 1 shuffle 9 at epoch 350
Layer 11
Getting activations...


391/391 - 24s - loss: 0.1029 - accuracy: 0.9788 - val_loss: 0.4618 - val_accuracy: 0.9108
/usr/local/lib/python3.6/dist-packages/tensorflow/python/autograph/impl/api.py:493: UserWarning: fill_value is not supported and is always 0 for TensorFlow < 2.4.0.
  return py_builtins.overload_of(f)(*args)
WARNING:tensorflow:From /usr/local/lib/python3.6/dist-packages/tensorflow/python/training/tracking/tracking.py:111: Model.state_updates (from tensorflow.python.keras.engine.training) is deprecated and will be removed in a future version.
Instructions for updating:
This property should not be used in TensorFlow 2.0, as updates are applied automatically.
2021-07-02 21:28:41.818939: W tensorflow/python/util/util.cc:348] Sets are not currently considered sequences, but this may change in the future, so consider avoiding using them.
WARNING:tensorflow:From /usr/local/lib/python3.6/dist-packages/tensorflow/python/training/tracking/tracking.py:111: Layer.updates (from tensorflow.python.keras.engine.base_layer) is deprecated and will be removed in a future version.
Instructions for updating:
This property should not be used in TensorFlow 2.0, as updates are applied automatically.
Saving, final validation acc: 0.9107999801635742
