2021-07-02 15:35:02.715614: I tensorflow/stream_executor/platform/default/dso_loader.cc:48] Successfully opened dynamic library libcudart.so.10.1
2021-07-02 15:36:17.466502: I tensorflow/stream_executor/platform/default/dso_loader.cc:48] Successfully opened dynamic library libcuda.so.1
2021-07-02 15:36:17.503455: I tensorflow/core/common_runtime/gpu/gpu_device.cc:1716] Found device 0 with properties: 
pciBusID: 0000:02:00.0 name: NVIDIA TITAN X (Pascal) computeCapability: 6.1
coreClock: 1.531GHz coreCount: 28 deviceMemorySize: 11.91GiB deviceMemoryBandwidth: 447.48GiB/s
2021-07-02 15:36:17.503550: I tensorflow/stream_executor/platform/default/dso_loader.cc:48] Successfully opened dynamic library libcudart.so.10.1
2021-07-02 15:36:17.546752: I tensorflow/stream_executor/platform/default/dso_loader.cc:48] Successfully opened dynamic library libcublas.so.10
2021-07-02 15:36:17.568997: I tensorflow/stream_executor/platform/default/dso_loader.cc:48] Successfully opened dynamic library libcufft.so.10
2021-07-02 15:36:17.577979: I tensorflow/stream_executor/platform/default/dso_loader.cc:48] Successfully opened dynamic library libcurand.so.10
2021-07-02 15:36:17.623812: I tensorflow/stream_executor/platform/default/dso_loader.cc:48] Successfully opened dynamic library libcusolver.so.10
2021-07-02 15:36:17.632685: I tensorflow/stream_executor/platform/default/dso_loader.cc:48] Successfully opened dynamic library libcusparse.so.10
2021-07-02 15:36:17.713315: I tensorflow/stream_executor/platform/default/dso_loader.cc:48] Successfully opened dynamic library libcudnn.so.7
2021-07-02 15:36:17.715691: I tensorflow/core/common_runtime/gpu/gpu_device.cc:1858] Adding visible gpu devices: 0
2021-07-02 15:36:17.719512: I tensorflow/core/platform/cpu_feature_guard.cc:142] This TensorFlow binary is optimized with oneAPI Deep Neural Network Library (oneDNN)to use the following CPU instructions in performance-critical operations:  AVX2 FMA
To enable them in other operations, rebuild TensorFlow with the appropriate compiler flags.
2021-07-02 15:36:17.736692: I tensorflow/core/platform/profile_utils/cpu_utils.cc:104] CPU Frequency: 2599865000 Hz
2021-07-02 15:36:17.736877: I tensorflow/compiler/xla/service/service.cc:168] XLA service 0x45d21e0 initialized for platform Host (this does not guarantee that XLA will be used). Devices:
2021-07-02 15:36:17.736899: I tensorflow/compiler/xla/service/service.cc:176]   StreamExecutor device (0): Host, Default Version
2021-07-02 15:36:17.896889: I tensorflow/compiler/xla/service/service.cc:168] XLA service 0x45cad70 initialized for platform CUDA (this does not guarantee that XLA will be used). Devices:
2021-07-02 15:36:17.896974: I tensorflow/compiler/xla/service/service.cc:176]   StreamExecutor device (0): NVIDIA TITAN X (Pascal), Compute Capability 6.1
2021-07-02 15:36:17.899769: I tensorflow/core/common_runtime/gpu/gpu_device.cc:1716] Found device 0 with properties: 
pciBusID: 0000:02:00.0 name: NVIDIA TITAN X (Pascal) computeCapability: 6.1
coreClock: 1.531GHz coreCount: 28 deviceMemorySize: 11.91GiB deviceMemoryBandwidth: 447.48GiB/s
2021-07-02 15:36:17.899847: I tensorflow/stream_executor/platform/default/dso_loader.cc:48] Successfully opened dynamic library libcudart.so.10.1
2021-07-02 15:36:17.899888: I tensorflow/stream_executor/platform/default/dso_loader.cc:48] Successfully opened dynamic library libcublas.so.10
2021-07-02 15:36:17.899906: I tensorflow/stream_executor/platform/default/dso_loader.cc:48] Successfully opened dynamic library libcufft.so.10
2021-07-02 15:36:17.899925: I tensorflow/stream_executor/platform/default/dso_loader.cc:48] Successfully opened dynamic library libcurand.so.10
2021-07-02 15:36:17.899942: I tensorflow/stream_executor/platform/default/dso_loader.cc:48] Successfully opened dynamic library libcusolver.so.10
2021-07-02 15:36:17.899959: I tensorflow/stream_executor/platform/default/dso_loader.cc:48] Successfully opened dynamic library libcusparse.so.10
2021-07-02 15:36:17.900660: I tensorflow/stream_executor/platform/default/dso_loader.cc:48] Successfully opened dynamic library libcudnn.so.7
2021-07-02 15:36:17.902484: I tensorflow/core/common_runtime/gpu/gpu_device.cc:1858] Adding visible gpu devices: 0
2021-07-02 15:36:17.904388: I tensorflow/stream_executor/platform/default/dso_loader.cc:48] Successfully opened dynamic library libcudart.so.10.1
2021-07-02 15:36:19.777302: I tensorflow/core/common_runtime/gpu/gpu_device.cc:1257] Device interconnect StreamExecutor with strength 1 edge matrix:
2021-07-02 15:36:19.777408: I tensorflow/core/common_runtime/gpu/gpu_device.cc:1263]      0 
2021-07-02 15:36:19.777423: I tensorflow/core/common_runtime/gpu/gpu_device.cc:1276] 0:   N 
2021-07-02 15:36:19.783572: I tensorflow/core/common_runtime/gpu/gpu_device.cc:1402] Created TensorFlow device (/job:localhost/replica:0/task:0/device:GPU:0 with 11228 MB memory) -> physical GPU (device: 0, name: NVIDIA TITAN X (Pascal), pci bus id: 0000:02:00.0, compute capability: 6.1)
2021-07-02 15:36:25.822319: I tensorflow/stream_executor/platform/default/dso_loader.cc:48] Successfully opened dynamic library libcudnn.so.7
2021-07-02 15:36:28.454203: I tensorflow/stream_executor/platform/default/dso_loader.cc:48] Successfully opened dynamic library libcublas.so.10
Using model index: 80
Making train data...
GCN...
ZCA...
Done!
Making test data...
Done!
Epoch 1/350


Snapshot weight 0 shuffle 8 at epoch 1
Layer 11
Getting activations...


391/391 - 26s - loss: 2.3231 - accuracy: 0.1003 - val_loss: 2.3187 - val_accuracy: 0.1127
Epoch 2/350


Snapshot weight 0 shuffle 8 at epoch 2
Layer 11
Getting activations...


391/391 - 25s - loss: 2.3130 - accuracy: 0.1044 - val_loss: 2.3267 - val_accuracy: 0.1000
Epoch 3/350


Snapshot weight 0 shuffle 8 at epoch 3
Layer 11
Getting activations...


391/391 - 25s - loss: 2.3267 - accuracy: 0.0977 - val_loss: 2.3266 - val_accuracy: 0.1000
Epoch 4/350


Snapshot weight 0 shuffle 8 at epoch 4
Layer 11
Getting activations...


391/391 - 25s - loss: 2.3266 - accuracy: 0.0990 - val_loss: 2.3266 - val_accuracy: 0.1000
Epoch 5/350


Snapshot weight 0 shuffle 8 at epoch 5
Layer 11
Getting activations...


391/391 - 25s - loss: 2.3266 - accuracy: 0.0995 - val_loss: 2.3266 - val_accuracy: 0.1000
Epoch 6/350


Snapshot weight 0 shuffle 8 at epoch 6
Layer 11
Getting activations...


391/391 - 25s - loss: 2.3266 - accuracy: 0.0992 - val_loss: 2.3265 - val_accuracy: 0.1000
Epoch 7/350


Snapshot weight 0 shuffle 8 at epoch 7
Layer 11
Getting activations...


391/391 - 25s - loss: 2.3265 - accuracy: 0.0994 - val_loss: 2.3265 - val_accuracy: 0.0998
Epoch 8/350


Snapshot weight 0 shuffle 8 at epoch 8
Layer 11
Getting activations...


391/391 - 26s - loss: 2.3203 - accuracy: 0.1051 - val_loss: 2.2921 - val_accuracy: 0.1085
Epoch 9/350


Snapshot weight 0 shuffle 8 at epoch 9
Layer 11
Getting activations...


391/391 - 25s - loss: 2.3047 - accuracy: 0.1120 - val_loss: 2.2842 - val_accuracy: 0.1053
Epoch 10/350


Snapshot weight 0 shuffle 8 at epoch 10
Layer 11
Getting activations...


391/391 - 25s - loss: 2.2851 - accuracy: 0.1146 - val_loss: 2.2738 - val_accuracy: 0.1185
Epoch 11/350
391/391 - 25s - loss: 2.2766 - accuracy: 0.1206 - val_loss: 2.2700 - val_accuracy: 0.1322
Epoch 12/350
391/391 - 25s - loss: 2.2629 - accuracy: 0.1565 - val_loss: 2.2487 - val_accuracy: 0.1667
Epoch 13/350
391/391 - 25s - loss: 2.2289 - accuracy: 0.1953 - val_loss: 2.1792 - val_accuracy: 0.2400
Epoch 14/350
391/391 - 25s - loss: 2.1488 - accuracy: 0.2418 - val_loss: 2.0221 - val_accuracy: 0.3131
Epoch 15/350
391/391 - 25s - loss: 1.9222 - accuracy: 0.3407 - val_loss: 1.7185 - val_accuracy: 0.4262
Epoch 16/350
391/391 - 25s - loss: 1.6806 - accuracy: 0.4267 - val_loss: 1.6204 - val_accuracy: 0.4530
Epoch 17/350
391/391 - 25s - loss: 1.5459 - accuracy: 0.4744 - val_loss: 1.4484 - val_accuracy: 0.5104
Epoch 18/350
391/391 - 25s - loss: 1.3295 - accuracy: 0.5353 - val_loss: 1.2979 - val_accuracy: 0.5437
Epoch 19/350
391/391 - 25s - loss: 1.2200 - accuracy: 0.5734 - val_loss: 1.2040 - val_accuracy: 0.5797
Epoch 20/350
391/391 - 25s - loss: 1.1331 - accuracy: 0.6069 - val_loss: 0.9976 - val_accuracy: 0.6602
Epoch 21/350
391/391 - 25s - loss: 1.0905 - accuracy: 0.6221 - val_loss: 1.0492 - val_accuracy: 0.6434
Epoch 22/350
391/391 - 25s - loss: 1.0322 - accuracy: 0.6424 - val_loss: 0.9203 - val_accuracy: 0.6838
Epoch 23/350
391/391 - 25s - loss: 0.9782 - accuracy: 0.6619 - val_loss: 0.9341 - val_accuracy: 0.6841
Epoch 24/350
391/391 - 25s - loss: 0.9401 - accuracy: 0.6778 - val_loss: 0.8719 - val_accuracy: 0.6970
Epoch 25/350
391/391 - 25s - loss: 0.8984 - accuracy: 0.6928 - val_loss: 0.7925 - val_accuracy: 0.7247
Epoch 26/350
391/391 - 25s - loss: 0.8723 - accuracy: 0.7032 - val_loss: 0.8340 - val_accuracy: 0.7208
Epoch 27/350
391/391 - 25s - loss: 0.8293 - accuracy: 0.7186 - val_loss: 0.8278 - val_accuracy: 0.7197
Epoch 28/350
391/391 - 25s - loss: 0.8039 - accuracy: 0.7282 - val_loss: 0.7069 - val_accuracy: 0.7646
Epoch 29/350
391/391 - 25s - loss: 0.7759 - accuracy: 0.7384 - val_loss: 0.7552 - val_accuracy: 0.7549
Epoch 30/350
391/391 - 25s - loss: 0.7460 - accuracy: 0.7507 - val_loss: 0.7204 - val_accuracy: 0.7624
Epoch 31/350
391/391 - 25s - loss: 0.7225 - accuracy: 0.7580 - val_loss: 0.7463 - val_accuracy: 0.7592
Epoch 32/350
391/391 - 25s - loss: 0.7026 - accuracy: 0.7643 - val_loss: 0.6772 - val_accuracy: 0.7783
Epoch 33/350
391/391 - 25s - loss: 0.6824 - accuracy: 0.7706 - val_loss: 0.6360 - val_accuracy: 0.7895
Epoch 34/350
391/391 - 25s - loss: 0.6627 - accuracy: 0.7794 - val_loss: 0.6404 - val_accuracy: 0.7925
Epoch 35/350
391/391 - 25s - loss: 0.6482 - accuracy: 0.7864 - val_loss: 0.6086 - val_accuracy: 0.8036
Epoch 36/350
391/391 - 25s - loss: 0.6265 - accuracy: 0.7934 - val_loss: 0.5936 - val_accuracy: 0.8063
Epoch 37/350
391/391 - 25s - loss: 0.6149 - accuracy: 0.7973 - val_loss: 0.5513 - val_accuracy: 0.8222
Epoch 38/350
391/391 - 25s - loss: 0.6064 - accuracy: 0.7979 - val_loss: 0.5889 - val_accuracy: 0.8076
Epoch 39/350
391/391 - 25s - loss: 0.5901 - accuracy: 0.8045 - val_loss: 0.5965 - val_accuracy: 0.8136
Epoch 40/350
391/391 - 25s - loss: 0.5823 - accuracy: 0.8077 - val_loss: 0.6151 - val_accuracy: 0.8078
Epoch 41/350
391/391 - 25s - loss: 0.5687 - accuracy: 0.8133 - val_loss: 0.5953 - val_accuracy: 0.8177
Epoch 42/350
391/391 - 25s - loss: 0.5589 - accuracy: 0.8173 - val_loss: 0.5932 - val_accuracy: 0.8064
Epoch 43/350
391/391 - 25s - loss: 0.5428 - accuracy: 0.8234 - val_loss: 0.5369 - val_accuracy: 0.8291
Epoch 44/350
391/391 - 25s - loss: 0.5401 - accuracy: 0.8237 - val_loss: 0.5177 - val_accuracy: 0.8366
Epoch 45/350
391/391 - 25s - loss: 0.5305 - accuracy: 0.8262 - val_loss: 0.5415 - val_accuracy: 0.8287
Epoch 46/350
391/391 - 25s - loss: 0.5187 - accuracy: 0.8301 - val_loss: 0.4985 - val_accuracy: 0.8430
Epoch 47/350
391/391 - 25s - loss: 0.5100 - accuracy: 0.8323 - val_loss: 0.5224 - val_accuracy: 0.8373
Epoch 48/350
391/391 - 25s - loss: 0.5045 - accuracy: 0.8336 - val_loss: 0.5222 - val_accuracy: 0.8384
Epoch 49/350
391/391 - 25s - loss: 0.4932 - accuracy: 0.8404 - val_loss: 0.4960 - val_accuracy: 0.8446
Epoch 50/350


Snapshot weight 0 shuffle 8 at epoch 50
Layer 11
Getting activations...


391/391 - 26s - loss: 0.4850 - accuracy: 0.8410 - val_loss: 0.5232 - val_accuracy: 0.8440
Epoch 51/350
391/391 - 25s - loss: 0.4816 - accuracy: 0.8425 - val_loss: 0.5570 - val_accuracy: 0.8269
Epoch 52/350
391/391 - 25s - loss: 0.4734 - accuracy: 0.8460 - val_loss: 0.5325 - val_accuracy: 0.8390
Epoch 53/350
391/391 - 25s - loss: 0.4661 - accuracy: 0.8500 - val_loss: 0.5115 - val_accuracy: 0.8437
Epoch 54/350
391/391 - 25s - loss: 0.4637 - accuracy: 0.8497 - val_loss: 0.5142 - val_accuracy: 0.8425
Epoch 55/350
391/391 - 25s - loss: 0.4582 - accuracy: 0.8508 - val_loss: 0.4708 - val_accuracy: 0.8573
Epoch 56/350
391/391 - 25s - loss: 0.4466 - accuracy: 0.8553 - val_loss: 0.4718 - val_accuracy: 0.8515
Epoch 57/350
391/391 - 25s - loss: 0.4394 - accuracy: 0.8571 - val_loss: 0.5395 - val_accuracy: 0.8414
Epoch 58/350
391/391 - 26s - loss: 0.4357 - accuracy: 0.8591 - val_loss: 0.4748 - val_accuracy: 0.8566
Epoch 59/350
391/391 - 25s - loss: 0.4245 - accuracy: 0.8639 - val_loss: 0.4412 - val_accuracy: 0.8625
Epoch 60/350
391/391 - 25s - loss: 0.4257 - accuracy: 0.8634 - val_loss: 0.4734 - val_accuracy: 0.8577
Epoch 61/350
391/391 - 25s - loss: 0.4179 - accuracy: 0.8663 - val_loss: 0.4740 - val_accuracy: 0.8586
Epoch 62/350
391/391 - 26s - loss: 0.4139 - accuracy: 0.8663 - val_loss: 0.4700 - val_accuracy: 0.8568
Epoch 63/350
391/391 - 25s - loss: 0.4131 - accuracy: 0.8674 - val_loss: 0.4513 - val_accuracy: 0.8604
Epoch 64/350
391/391 - 25s - loss: 0.4059 - accuracy: 0.8687 - val_loss: 0.5032 - val_accuracy: 0.8508
Epoch 65/350
391/391 - 25s - loss: 0.4013 - accuracy: 0.8716 - val_loss: 0.4631 - val_accuracy: 0.8623
Epoch 66/350
391/391 - 25s - loss: 0.3942 - accuracy: 0.8739 - val_loss: 0.4272 - val_accuracy: 0.8722
Epoch 67/350
391/391 - 25s - loss: 0.3892 - accuracy: 0.8759 - val_loss: 0.4471 - val_accuracy: 0.8645
Epoch 68/350
391/391 - 25s - loss: 0.3853 - accuracy: 0.8768 - val_loss: 0.4667 - val_accuracy: 0.8602
Epoch 69/350
391/391 - 25s - loss: 0.3836 - accuracy: 0.8771 - val_loss: 0.4805 - val_accuracy: 0.8583
Epoch 70/350
391/391 - 25s - loss: 0.3732 - accuracy: 0.8801 - val_loss: 0.4556 - val_accuracy: 0.8663
Epoch 71/350
391/391 - 25s - loss: 0.3746 - accuracy: 0.8803 - val_loss: 0.4303 - val_accuracy: 0.8715
Epoch 72/350
391/391 - 25s - loss: 0.3675 - accuracy: 0.8837 - val_loss: 0.4574 - val_accuracy: 0.8686
Epoch 73/350
391/391 - 25s - loss: 0.3639 - accuracy: 0.8856 - val_loss: 0.4450 - val_accuracy: 0.8660
Epoch 74/350
391/391 - 25s - loss: 0.3640 - accuracy: 0.8853 - val_loss: 0.4642 - val_accuracy: 0.8651
Epoch 75/350
391/391 - 25s - loss: 0.3551 - accuracy: 0.8866 - val_loss: 0.4775 - val_accuracy: 0.8573
Epoch 76/350
391/391 - 25s - loss: 0.3519 - accuracy: 0.8870 - val_loss: 0.4339 - val_accuracy: 0.8731
Epoch 77/350
391/391 - 25s - loss: 0.3492 - accuracy: 0.8896 - val_loss: 0.4316 - val_accuracy: 0.8726
Epoch 78/350
391/391 - 25s - loss: 0.3406 - accuracy: 0.8911 - val_loss: 0.4597 - val_accuracy: 0.8647
Epoch 79/350
391/391 - 25s - loss: 0.3472 - accuracy: 0.8902 - val_loss: 0.4264 - val_accuracy: 0.8778
Epoch 80/350
391/391 - 25s - loss: 0.3402 - accuracy: 0.8923 - val_loss: 0.4407 - val_accuracy: 0.8656
Epoch 81/350
391/391 - 25s - loss: 0.3294 - accuracy: 0.8965 - val_loss: 0.4333 - val_accuracy: 0.8711
Epoch 82/350
391/391 - 25s - loss: 0.3404 - accuracy: 0.8937 - val_loss: 0.4325 - val_accuracy: 0.8721
Epoch 83/350
391/391 - 25s - loss: 0.3303 - accuracy: 0.8954 - val_loss: 0.4235 - val_accuracy: 0.8761
Epoch 84/350
391/391 - 25s - loss: 0.3281 - accuracy: 0.8958 - val_loss: 0.4435 - val_accuracy: 0.8710
Epoch 85/350
391/391 - 25s - loss: 0.3255 - accuracy: 0.8976 - val_loss: 0.4168 - val_accuracy: 0.8759
Epoch 86/350
391/391 - 25s - loss: 0.3200 - accuracy: 0.8992 - val_loss: 0.3985 - val_accuracy: 0.8821
Epoch 87/350
391/391 - 25s - loss: 0.3148 - accuracy: 0.9007 - val_loss: 0.4220 - val_accuracy: 0.8772
Epoch 88/350
391/391 - 26s - loss: 0.3170 - accuracy: 0.9010 - val_loss: 0.4235 - val_accuracy: 0.8819
Epoch 89/350
391/391 - 25s - loss: 0.3176 - accuracy: 0.8999 - val_loss: 0.4144 - val_accuracy: 0.8809
Epoch 90/350
391/391 - 25s - loss: 0.3121 - accuracy: 0.9022 - val_loss: 0.4655 - val_accuracy: 0.8693
Epoch 91/350
391/391 - 25s - loss: 0.3029 - accuracy: 0.9051 - val_loss: 0.4421 - val_accuracy: 0.8737
Epoch 92/350
391/391 - 25s - loss: 0.3103 - accuracy: 0.9034 - val_loss: 0.4021 - val_accuracy: 0.8849
Epoch 93/350
391/391 - 25s - loss: 0.3039 - accuracy: 0.9063 - val_loss: 0.4212 - val_accuracy: 0.8820
Epoch 94/350
391/391 - 25s - loss: 0.3007 - accuracy: 0.9063 - val_loss: 0.4189 - val_accuracy: 0.8788
Epoch 95/350
391/391 - 25s - loss: 0.3037 - accuracy: 0.9063 - val_loss: 0.4293 - val_accuracy: 0.8805
Epoch 96/350
391/391 - 25s - loss: 0.3032 - accuracy: 0.9050 - val_loss: 0.4154 - val_accuracy: 0.8834
Epoch 97/350
391/391 - 25s - loss: 0.2918 - accuracy: 0.9101 - val_loss: 0.4311 - val_accuracy: 0.8774
Epoch 98/350
391/391 - 25s - loss: 0.2949 - accuracy: 0.9071 - val_loss: 0.4275 - val_accuracy: 0.8769
Epoch 99/350
391/391 - 26s - loss: 0.2907 - accuracy: 0.9095 - val_loss: 0.4283 - val_accuracy: 0.8787
Epoch 100/350


Snapshot weight 0 shuffle 8 at epoch 100
Layer 11
Getting activations...


391/391 - 25s - loss: 0.2892 - accuracy: 0.9102 - val_loss: 0.4330 - val_accuracy: 0.8772
Epoch 101/350
391/391 - 25s - loss: 0.2829 - accuracy: 0.9125 - val_loss: 0.4495 - val_accuracy: 0.8776
Epoch 102/350
391/391 - 25s - loss: 0.2815 - accuracy: 0.9136 - val_loss: 0.4392 - val_accuracy: 0.8796
Epoch 103/350
391/391 - 25s - loss: 0.2788 - accuracy: 0.9137 - val_loss: 0.4170 - val_accuracy: 0.8879
Epoch 104/350
391/391 - 25s - loss: 0.2760 - accuracy: 0.9147 - val_loss: 0.4343 - val_accuracy: 0.8806
Epoch 105/350
391/391 - 25s - loss: 0.2785 - accuracy: 0.9139 - val_loss: 0.4447 - val_accuracy: 0.8794
Epoch 106/350
391/391 - 25s - loss: 0.2760 - accuracy: 0.9154 - val_loss: 0.4006 - val_accuracy: 0.8863
Epoch 107/350
391/391 - 25s - loss: 0.2785 - accuracy: 0.9137 - val_loss: 0.4322 - val_accuracy: 0.8822
Epoch 108/350
391/391 - 25s - loss: 0.2706 - accuracy: 0.9168 - val_loss: 0.4520 - val_accuracy: 0.8799
Epoch 109/350
391/391 - 25s - loss: 0.2678 - accuracy: 0.9186 - val_loss: 0.4357 - val_accuracy: 0.8768
Epoch 110/350
391/391 - 25s - loss: 0.2712 - accuracy: 0.9174 - val_loss: 0.4043 - val_accuracy: 0.8824
Epoch 111/350
391/391 - 25s - loss: 0.2616 - accuracy: 0.9207 - val_loss: 0.4398 - val_accuracy: 0.8855
Epoch 112/350
391/391 - 25s - loss: 0.2632 - accuracy: 0.9198 - val_loss: 0.4184 - val_accuracy: 0.8857
Epoch 113/350
391/391 - 25s - loss: 0.2603 - accuracy: 0.9207 - val_loss: 0.4198 - val_accuracy: 0.8846
Epoch 114/350
391/391 - 25s - loss: 0.2574 - accuracy: 0.9218 - val_loss: 0.4308 - val_accuracy: 0.8846
Epoch 115/350
391/391 - 25s - loss: 0.2561 - accuracy: 0.9223 - val_loss: 0.4743 - val_accuracy: 0.8792
Epoch 116/350
391/391 - 25s - loss: 0.2517 - accuracy: 0.9246 - val_loss: 0.4556 - val_accuracy: 0.8837
Epoch 117/350
391/391 - 25s - loss: 0.2518 - accuracy: 0.9242 - val_loss: 0.4157 - val_accuracy: 0.8867
Epoch 118/350
391/391 - 25s - loss: 0.2519 - accuracy: 0.9244 - val_loss: 0.4315 - val_accuracy: 0.8832
Epoch 119/350
391/391 - 25s - loss: 0.2502 - accuracy: 0.9250 - val_loss: 0.4267 - val_accuracy: 0.8884
Epoch 120/350
391/391 - 25s - loss: 0.2446 - accuracy: 0.9268 - val_loss: 0.4120 - val_accuracy: 0.8907
Epoch 121/350
391/391 - 26s - loss: 0.2477 - accuracy: 0.9266 - val_loss: 0.4276 - val_accuracy: 0.8822
Epoch 122/350
391/391 - 25s - loss: 0.2502 - accuracy: 0.9253 - val_loss: 0.4225 - val_accuracy: 0.8844
Epoch 123/350
391/391 - 25s - loss: 0.2405 - accuracy: 0.9278 - val_loss: 0.4415 - val_accuracy: 0.8889
Epoch 124/350
391/391 - 25s - loss: 0.2432 - accuracy: 0.9277 - val_loss: 0.4211 - val_accuracy: 0.8879
Epoch 125/350
391/391 - 25s - loss: 0.2434 - accuracy: 0.9271 - val_loss: 0.4146 - val_accuracy: 0.8899
Epoch 126/350
391/391 - 25s - loss: 0.2355 - accuracy: 0.9307 - val_loss: 0.4260 - val_accuracy: 0.8890
Epoch 127/350
391/391 - 25s - loss: 0.2413 - accuracy: 0.9274 - val_loss: 0.4330 - val_accuracy: 0.8908
Epoch 128/350
391/391 - 25s - loss: 0.2323 - accuracy: 0.9313 - val_loss: 0.4427 - val_accuracy: 0.8896
Epoch 129/350
391/391 - 25s - loss: 0.2365 - accuracy: 0.9297 - val_loss: 0.4182 - val_accuracy: 0.8922
Epoch 130/350
391/391 - 25s - loss: 0.2338 - accuracy: 0.9316 - val_loss: 0.4480 - val_accuracy: 0.8890
Epoch 131/350
391/391 - 25s - loss: 0.2367 - accuracy: 0.9301 - val_loss: 0.4351 - val_accuracy: 0.8877
Epoch 132/350
391/391 - 25s - loss: 0.2293 - accuracy: 0.9319 - val_loss: 0.4323 - val_accuracy: 0.8890
Epoch 133/350
391/391 - 25s - loss: 0.2325 - accuracy: 0.9321 - val_loss: 0.4771 - val_accuracy: 0.8822
Epoch 134/350
391/391 - 25s - loss: 0.2340 - accuracy: 0.9308 - val_loss: 0.4201 - val_accuracy: 0.8887
Epoch 135/350
391/391 - 25s - loss: 0.2262 - accuracy: 0.9338 - val_loss: 0.4415 - val_accuracy: 0.8871
Epoch 136/350
391/391 - 25s - loss: 0.2293 - accuracy: 0.9313 - val_loss: 0.4037 - val_accuracy: 0.8974
Epoch 137/350
391/391 - 25s - loss: 0.2258 - accuracy: 0.9329 - val_loss: 0.4501 - val_accuracy: 0.8913
Epoch 138/350
391/391 - 25s - loss: 0.2263 - accuracy: 0.9325 - val_loss: 0.4199 - val_accuracy: 0.8949
Epoch 139/350
391/391 - 25s - loss: 0.2204 - accuracy: 0.9367 - val_loss: 0.4339 - val_accuracy: 0.8914
Epoch 140/350
391/391 - 25s - loss: 0.2229 - accuracy: 0.9348 - val_loss: 0.4442 - val_accuracy: 0.8922
Epoch 141/350
391/391 - 25s - loss: 0.2227 - accuracy: 0.9348 - val_loss: 0.4379 - val_accuracy: 0.8896
Epoch 142/350
391/391 - 25s - loss: 0.2208 - accuracy: 0.9354 - val_loss: 0.4631 - val_accuracy: 0.8851
Epoch 143/350
391/391 - 25s - loss: 0.2208 - accuracy: 0.9358 - val_loss: 0.4832 - val_accuracy: 0.8858
Epoch 144/350
391/391 - 25s - loss: 0.2199 - accuracy: 0.9355 - val_loss: 0.4374 - val_accuracy: 0.8901
Epoch 145/350
391/391 - 25s - loss: 0.2184 - accuracy: 0.9364 - val_loss: 0.4461 - val_accuracy: 0.8928
Epoch 146/350
391/391 - 25s - loss: 0.2107 - accuracy: 0.9402 - val_loss: 0.4451 - val_accuracy: 0.8875
Epoch 147/350
391/391 - 25s - loss: 0.2170 - accuracy: 0.9372 - val_loss: 0.4149 - val_accuracy: 0.8949
Epoch 148/350
391/391 - 25s - loss: 0.2101 - accuracy: 0.9397 - val_loss: 0.4461 - val_accuracy: 0.8904
Epoch 149/350
391/391 - 25s - loss: 0.2136 - accuracy: 0.9391 - val_loss: 0.4516 - val_accuracy: 0.8897
Epoch 150/350


Snapshot weight 0 shuffle 8 at epoch 150
Layer 11
Getting activations...


391/391 - 26s - loss: 0.2163 - accuracy: 0.9365 - val_loss: 0.4335 - val_accuracy: 0.8896
Epoch 151/350
391/391 - 25s - loss: 0.2125 - accuracy: 0.9384 - val_loss: 0.4314 - val_accuracy: 0.8972
Epoch 152/350
391/391 - 25s - loss: 0.2089 - accuracy: 0.9414 - val_loss: 0.4380 - val_accuracy: 0.8898
Epoch 153/350
391/391 - 25s - loss: 0.2022 - accuracy: 0.9431 - val_loss: 0.4550 - val_accuracy: 0.8915
Epoch 154/350
391/391 - 25s - loss: 0.2040 - accuracy: 0.9412 - val_loss: 0.4342 - val_accuracy: 0.8947
Epoch 155/350
391/391 - 25s - loss: 0.2078 - accuracy: 0.9408 - val_loss: 0.4358 - val_accuracy: 0.8919
Epoch 156/350
391/391 - 25s - loss: 0.1998 - accuracy: 0.9444 - val_loss: 0.4526 - val_accuracy: 0.8926
Epoch 157/350
391/391 - 25s - loss: 0.2021 - accuracy: 0.9427 - val_loss: 0.4334 - val_accuracy: 0.8945
Epoch 158/350
391/391 - 25s - loss: 0.1992 - accuracy: 0.9439 - val_loss: 0.4621 - val_accuracy: 0.8943
Epoch 159/350
391/391 - 25s - loss: 0.2027 - accuracy: 0.9427 - val_loss: 0.4520 - val_accuracy: 0.8902
Epoch 160/350
391/391 - 26s - loss: 0.2053 - accuracy: 0.9433 - val_loss: 0.4799 - val_accuracy: 0.8851
Epoch 161/350
391/391 - 25s - loss: 0.2006 - accuracy: 0.9427 - val_loss: 0.4349 - val_accuracy: 0.8951
Epoch 162/350
391/391 - 25s - loss: 0.1948 - accuracy: 0.9466 - val_loss: 0.4907 - val_accuracy: 0.8861
Epoch 163/350
391/391 - 25s - loss: 0.1993 - accuracy: 0.9444 - val_loss: 0.4440 - val_accuracy: 0.8929
Epoch 164/350
391/391 - 25s - loss: 0.1968 - accuracy: 0.9447 - val_loss: 0.4349 - val_accuracy: 0.8959
Epoch 165/350
391/391 - 25s - loss: 0.1937 - accuracy: 0.9458 - val_loss: 0.4844 - val_accuracy: 0.8860
Epoch 166/350
391/391 - 25s - loss: 0.1999 - accuracy: 0.9441 - val_loss: 0.4637 - val_accuracy: 0.8907
Epoch 167/350
391/391 - 25s - loss: 0.1981 - accuracy: 0.9451 - val_loss: 0.4420 - val_accuracy: 0.8924
Epoch 168/350
391/391 - 25s - loss: 0.1937 - accuracy: 0.9465 - val_loss: 0.4074 - val_accuracy: 0.8966
Epoch 169/350
391/391 - 25s - loss: 0.1949 - accuracy: 0.9460 - val_loss: 0.4531 - val_accuracy: 0.8928
Epoch 170/350
391/391 - 25s - loss: 0.1998 - accuracy: 0.9442 - val_loss: 0.4746 - val_accuracy: 0.8869
Epoch 171/350
391/391 - 25s - loss: 0.1877 - accuracy: 0.9489 - val_loss: 0.4527 - val_accuracy: 0.8934
Epoch 172/350
391/391 - 25s - loss: 0.1948 - accuracy: 0.9461 - val_loss: 0.4396 - val_accuracy: 0.8951
Epoch 173/350
391/391 - 25s - loss: 0.1908 - accuracy: 0.9467 - val_loss: 0.4454 - val_accuracy: 0.8959
Epoch 174/350
391/391 - 25s - loss: 0.1885 - accuracy: 0.9490 - val_loss: 0.4429 - val_accuracy: 0.8971
Epoch 175/350
391/391 - 25s - loss: 0.1889 - accuracy: 0.9477 - val_loss: 0.4418 - val_accuracy: 0.8961
Epoch 176/350
391/391 - 25s - loss: 0.1859 - accuracy: 0.9487 - val_loss: 0.4588 - val_accuracy: 0.8886
Epoch 177/350
391/391 - 25s - loss: 0.1888 - accuracy: 0.9485 - val_loss: 0.4439 - val_accuracy: 0.8934
Epoch 178/350
391/391 - 25s - loss: 0.1887 - accuracy: 0.9485 - val_loss: 0.5131 - val_accuracy: 0.8844
Epoch 179/350
391/391 - 25s - loss: 0.1842 - accuracy: 0.9503 - val_loss: 0.4681 - val_accuracy: 0.8887
Epoch 180/350
391/391 - 25s - loss: 0.1863 - accuracy: 0.9494 - val_loss: 0.4330 - val_accuracy: 0.8950
Epoch 181/350
391/391 - 25s - loss: 0.1822 - accuracy: 0.9515 - val_loss: 0.4648 - val_accuracy: 0.8934
Epoch 182/350
391/391 - 25s - loss: 0.1827 - accuracy: 0.9504 - val_loss: 0.4556 - val_accuracy: 0.8966
Epoch 183/350
391/391 - 26s - loss: 0.1818 - accuracy: 0.9511 - val_loss: 0.4687 - val_accuracy: 0.8920
Epoch 184/350
391/391 - 25s - loss: 0.1860 - accuracy: 0.9500 - val_loss: 0.4631 - val_accuracy: 0.8931
Epoch 185/350
391/391 - 25s - loss: 0.1801 - accuracy: 0.9517 - val_loss: 0.4314 - val_accuracy: 0.8976
Epoch 186/350
391/391 - 25s - loss: 0.1836 - accuracy: 0.9504 - val_loss: 0.4812 - val_accuracy: 0.8941
Epoch 187/350
391/391 - 25s - loss: 0.1837 - accuracy: 0.9501 - val_loss: 0.4455 - val_accuracy: 0.8954
Epoch 188/350
391/391 - 25s - loss: 0.1816 - accuracy: 0.9509 - val_loss: 0.4418 - val_accuracy: 0.8989
Epoch 189/350
391/391 - 25s - loss: 0.1789 - accuracy: 0.9522 - val_loss: 0.4325 - val_accuracy: 0.8969
Epoch 190/350
391/391 - 25s - loss: 0.1772 - accuracy: 0.9527 - val_loss: 0.4529 - val_accuracy: 0.8945
Epoch 191/350
391/391 - 25s - loss: 0.1757 - accuracy: 0.9532 - val_loss: 0.4410 - val_accuracy: 0.8978
Epoch 192/350
391/391 - 25s - loss: 0.1786 - accuracy: 0.9531 - val_loss: 0.4501 - val_accuracy: 0.8954
Epoch 193/350
391/391 - 25s - loss: 0.1751 - accuracy: 0.9530 - val_loss: 0.4578 - val_accuracy: 0.8996
Epoch 194/350
391/391 - 25s - loss: 0.1716 - accuracy: 0.9547 - val_loss: 0.4905 - val_accuracy: 0.8961
Epoch 195/350
391/391 - 25s - loss: 0.1737 - accuracy: 0.9545 - val_loss: 0.4709 - val_accuracy: 0.8954
Epoch 196/350
391/391 - 25s - loss: 0.1723 - accuracy: 0.9541 - val_loss: 0.4750 - val_accuracy: 0.8961
Epoch 197/350
391/391 - 25s - loss: 0.1728 - accuracy: 0.9535 - val_loss: 0.4529 - val_accuracy: 0.9001
Epoch 198/350
391/391 - 25s - loss: 0.1762 - accuracy: 0.9531 - val_loss: 0.4711 - val_accuracy: 0.8924
Epoch 199/350
391/391 - 25s - loss: 0.1739 - accuracy: 0.9550 - val_loss: 0.4443 - val_accuracy: 0.8996
Epoch 200/350


Snapshot weight 0 shuffle 8 at epoch 200
Layer 11
Getting activations...


391/391 - 25s - loss: 0.1743 - accuracy: 0.9540 - val_loss: 0.4622 - val_accuracy: 0.8936
Epoch 201/350
391/391 - 25s - loss: 0.1508 - accuracy: 0.9626 - val_loss: 0.4318 - val_accuracy: 0.9044
Epoch 202/350
391/391 - 25s - loss: 0.1334 - accuracy: 0.9700 - val_loss: 0.4376 - val_accuracy: 0.9043
Epoch 203/350
391/391 - 25s - loss: 0.1309 - accuracy: 0.9693 - val_loss: 0.4359 - val_accuracy: 0.9056
Epoch 204/350
391/391 - 25s - loss: 0.1257 - accuracy: 0.9717 - val_loss: 0.4426 - val_accuracy: 0.9059
Epoch 205/350
391/391 - 25s - loss: 0.1264 - accuracy: 0.9721 - val_loss: 0.4489 - val_accuracy: 0.9061
Epoch 206/350
391/391 - 25s - loss: 0.1229 - accuracy: 0.9733 - val_loss: 0.4488 - val_accuracy: 0.9068
Epoch 207/350
391/391 - 25s - loss: 0.1231 - accuracy: 0.9718 - val_loss: 0.4551 - val_accuracy: 0.9059
Epoch 208/350
391/391 - 25s - loss: 0.1204 - accuracy: 0.9727 - val_loss: 0.4532 - val_accuracy: 0.9054
Epoch 209/350
391/391 - 25s - loss: 0.1245 - accuracy: 0.9722 - val_loss: 0.4521 - val_accuracy: 0.9060
Epoch 210/350
391/391 - 25s - loss: 0.1228 - accuracy: 0.9720 - val_loss: 0.4614 - val_accuracy: 0.9059
Epoch 211/350
391/391 - 25s - loss: 0.1202 - accuracy: 0.9721 - val_loss: 0.4643 - val_accuracy: 0.9059
Epoch 212/350
391/391 - 25s - loss: 0.1199 - accuracy: 0.9736 - val_loss: 0.4634 - val_accuracy: 0.9065
Epoch 213/350
391/391 - 25s - loss: 0.1191 - accuracy: 0.9740 - val_loss: 0.4655 - val_accuracy: 0.9050
Epoch 214/350
391/391 - 25s - loss: 0.1200 - accuracy: 0.9731 - val_loss: 0.4556 - val_accuracy: 0.9073
Epoch 215/350
391/391 - 25s - loss: 0.1189 - accuracy: 0.9729 - val_loss: 0.4655 - val_accuracy: 0.9052
Epoch 216/350
391/391 - 25s - loss: 0.1186 - accuracy: 0.9739 - val_loss: 0.4689 - val_accuracy: 0.9065
Epoch 217/350
391/391 - 25s - loss: 0.1194 - accuracy: 0.9741 - val_loss: 0.4595 - val_accuracy: 0.9078
Epoch 218/350
391/391 - 25s - loss: 0.1171 - accuracy: 0.9745 - val_loss: 0.4628 - val_accuracy: 0.9068
Epoch 219/350
391/391 - 25s - loss: 0.1168 - accuracy: 0.9743 - val_loss: 0.4692 - val_accuracy: 0.9062
Epoch 220/350
391/391 - 25s - loss: 0.1176 - accuracy: 0.9746 - val_loss: 0.4606 - val_accuracy: 0.9058
Epoch 221/350
391/391 - 25s - loss: 0.1151 - accuracy: 0.9753 - val_loss: 0.4608 - val_accuracy: 0.9060
Epoch 222/350
391/391 - 25s - loss: 0.1164 - accuracy: 0.9749 - val_loss: 0.4761 - val_accuracy: 0.9073
Epoch 223/350
391/391 - 25s - loss: 0.1160 - accuracy: 0.9744 - val_loss: 0.4658 - val_accuracy: 0.9067
Epoch 224/350
391/391 - 25s - loss: 0.1153 - accuracy: 0.9743 - val_loss: 0.4641 - val_accuracy: 0.9072
Epoch 225/350
391/391 - 25s - loss: 0.1161 - accuracy: 0.9754 - val_loss: 0.4648 - val_accuracy: 0.9057
Epoch 226/350
391/391 - 25s - loss: 0.1166 - accuracy: 0.9741 - val_loss: 0.4675 - val_accuracy: 0.9058
Epoch 227/350
391/391 - 25s - loss: 0.1159 - accuracy: 0.9755 - val_loss: 0.4692 - val_accuracy: 0.9062
Epoch 228/350
391/391 - 25s - loss: 0.1158 - accuracy: 0.9751 - val_loss: 0.4754 - val_accuracy: 0.9067
Epoch 229/350
391/391 - 25s - loss: 0.1149 - accuracy: 0.9753 - val_loss: 0.4681 - val_accuracy: 0.9069
Epoch 230/350
391/391 - 25s - loss: 0.1145 - accuracy: 0.9754 - val_loss: 0.4729 - val_accuracy: 0.9066
Epoch 231/350
391/391 - 25s - loss: 0.1116 - accuracy: 0.9765 - val_loss: 0.4714 - val_accuracy: 0.9061
Epoch 232/350
391/391 - 25s - loss: 0.1109 - accuracy: 0.9760 - val_loss: 0.4798 - val_accuracy: 0.9067
Epoch 233/350
391/391 - 25s - loss: 0.1144 - accuracy: 0.9748 - val_loss: 0.4728 - val_accuracy: 0.9074
Epoch 234/350
391/391 - 25s - loss: 0.1124 - accuracy: 0.9763 - val_loss: 0.4793 - val_accuracy: 0.9069
Epoch 235/350
391/391 - 25s - loss: 0.1139 - accuracy: 0.9752 - val_loss: 0.4724 - val_accuracy: 0.9078
Epoch 236/350
391/391 - 25s - loss: 0.1117 - accuracy: 0.9758 - val_loss: 0.4744 - val_accuracy: 0.9082
Epoch 237/350
391/391 - 25s - loss: 0.1115 - accuracy: 0.9763 - val_loss: 0.4723 - val_accuracy: 0.9067
Epoch 238/350
391/391 - 25s - loss: 0.1144 - accuracy: 0.9755 - val_loss: 0.4723 - val_accuracy: 0.9055
Epoch 239/350
391/391 - 25s - loss: 0.1115 - accuracy: 0.9762 - val_loss: 0.4768 - val_accuracy: 0.9078
Epoch 240/350
391/391 - 25s - loss: 0.1115 - accuracy: 0.9769 - val_loss: 0.4763 - val_accuracy: 0.9060
Epoch 241/350
391/391 - 25s - loss: 0.1132 - accuracy: 0.9756 - val_loss: 0.4769 - val_accuracy: 0.9053
Epoch 242/350
391/391 - 25s - loss: 0.1103 - accuracy: 0.9765 - val_loss: 0.4833 - val_accuracy: 0.9052
Epoch 243/350
391/391 - 25s - loss: 0.1116 - accuracy: 0.9762 - val_loss: 0.4727 - val_accuracy: 0.9072
Epoch 244/350
391/391 - 25s - loss: 0.1112 - accuracy: 0.9762 - val_loss: 0.4739 - val_accuracy: 0.9081
Epoch 245/350
391/391 - 25s - loss: 0.1100 - accuracy: 0.9769 - val_loss: 0.4829 - val_accuracy: 0.9063
Epoch 246/350
391/391 - 25s - loss: 0.1126 - accuracy: 0.9754 - val_loss: 0.4834 - val_accuracy: 0.9053
Epoch 247/350
391/391 - 25s - loss: 0.1053 - accuracy: 0.9785 - val_loss: 0.4838 - val_accuracy: 0.9076
Epoch 248/350
391/391 - 25s - loss: 0.1105 - accuracy: 0.9771 - val_loss: 0.4792 - val_accuracy: 0.9063
Epoch 249/350
391/391 - 25s - loss: 0.1094 - accuracy: 0.9772 - val_loss: 0.4811 - val_accuracy: 0.9059
Epoch 250/350


Snapshot weight 0 shuffle 8 at epoch 250
Layer 11
Getting activations...


391/391 - 25s - loss: 0.1098 - accuracy: 0.9772 - val_loss: 0.4837 - val_accuracy: 0.9077
Epoch 251/350
391/391 - 25s - loss: 0.1070 - accuracy: 0.9785 - val_loss: 0.4779 - val_accuracy: 0.9082
Epoch 252/350
391/391 - 25s - loss: 0.1057 - accuracy: 0.9784 - val_loss: 0.4806 - val_accuracy: 0.9083
Epoch 253/350
391/391 - 25s - loss: 0.1042 - accuracy: 0.9790 - val_loss: 0.4798 - val_accuracy: 0.9079
Epoch 254/350
391/391 - 25s - loss: 0.1073 - accuracy: 0.9777 - val_loss: 0.4808 - val_accuracy: 0.9076
Epoch 255/350
391/391 - 25s - loss: 0.1042 - accuracy: 0.9785 - val_loss: 0.4794 - val_accuracy: 0.9086
Epoch 256/350
391/391 - 25s - loss: 0.1062 - accuracy: 0.9789 - val_loss: 0.4810 - val_accuracy: 0.9076
Epoch 257/350
391/391 - 25s - loss: 0.1037 - accuracy: 0.9785 - val_loss: 0.4824 - val_accuracy: 0.9066
Epoch 258/350
391/391 - 25s - loss: 0.1057 - accuracy: 0.9785 - val_loss: 0.4821 - val_accuracy: 0.9065
Epoch 259/350
391/391 - 25s - loss: 0.1040 - accuracy: 0.9783 - val_loss: 0.4844 - val_accuracy: 0.9063
Epoch 260/350
391/391 - 25s - loss: 0.1059 - accuracy: 0.9782 - val_loss: 0.4822 - val_accuracy: 0.9075
Epoch 261/350
391/391 - 25s - loss: 0.1057 - accuracy: 0.9785 - val_loss: 0.4822 - val_accuracy: 0.9074
Epoch 262/350
391/391 - 25s - loss: 0.1029 - accuracy: 0.9792 - val_loss: 0.4832 - val_accuracy: 0.9073
Epoch 263/350
391/391 - 25s - loss: 0.1052 - accuracy: 0.9787 - val_loss: 0.4841 - val_accuracy: 0.9071
Epoch 264/350
391/391 - 25s - loss: 0.1048 - accuracy: 0.9790 - val_loss: 0.4835 - val_accuracy: 0.9074
Epoch 265/350
391/391 - 25s - loss: 0.1058 - accuracy: 0.9783 - val_loss: 0.4856 - val_accuracy: 0.9074
Epoch 266/350
391/391 - 25s - loss: 0.1052 - accuracy: 0.9784 - val_loss: 0.4831 - val_accuracy: 0.9075
Epoch 267/350
391/391 - 25s - loss: 0.1059 - accuracy: 0.9786 - val_loss: 0.4831 - val_accuracy: 0.9067
Epoch 268/350
391/391 - 25s - loss: 0.1045 - accuracy: 0.9786 - val_loss: 0.4828 - val_accuracy: 0.9076
Epoch 269/350
391/391 - 25s - loss: 0.1050 - accuracy: 0.9785 - val_loss: 0.4805 - val_accuracy: 0.9077
Epoch 270/350
391/391 - 25s - loss: 0.1076 - accuracy: 0.9777 - val_loss: 0.4819 - val_accuracy: 0.9075
Epoch 271/350
391/391 - 25s - loss: 0.1038 - accuracy: 0.9793 - val_loss: 0.4841 - val_accuracy: 0.9067
Epoch 272/350
391/391 - 25s - loss: 0.1037 - accuracy: 0.9794 - val_loss: 0.4841 - val_accuracy: 0.9070
Epoch 273/350
391/391 - 25s - loss: 0.1059 - accuracy: 0.9779 - val_loss: 0.4827 - val_accuracy: 0.9077
Epoch 274/350
391/391 - 25s - loss: 0.1060 - accuracy: 0.9785 - val_loss: 0.4833 - val_accuracy: 0.9083
Epoch 275/350
391/391 - 25s - loss: 0.1046 - accuracy: 0.9789 - val_loss: 0.4839 - val_accuracy: 0.9076
Epoch 276/350
391/391 - 25s - loss: 0.1067 - accuracy: 0.9779 - val_loss: 0.4833 - val_accuracy: 0.9077
Epoch 277/350
391/391 - 25s - loss: 0.1031 - accuracy: 0.9790 - val_loss: 0.4841 - val_accuracy: 0.9074
Epoch 278/350
391/391 - 25s - loss: 0.1060 - accuracy: 0.9776 - val_loss: 0.4823 - val_accuracy: 0.9069
Epoch 279/350
391/391 - 25s - loss: 0.1067 - accuracy: 0.9777 - val_loss: 0.4851 - val_accuracy: 0.9070
Epoch 280/350
391/391 - 25s - loss: 0.1041 - accuracy: 0.9792 - val_loss: 0.4863 - val_accuracy: 0.9068
Epoch 281/350
391/391 - 25s - loss: 0.1052 - accuracy: 0.9786 - val_loss: 0.4844 - val_accuracy: 0.9069
Epoch 282/350
391/391 - 25s - loss: 0.1058 - accuracy: 0.9784 - val_loss: 0.4832 - val_accuracy: 0.9072
Epoch 283/350
391/391 - 25s - loss: 0.1040 - accuracy: 0.9791 - val_loss: 0.4816 - val_accuracy: 0.9075
Epoch 284/350
391/391 - 25s - loss: 0.1056 - accuracy: 0.9792 - val_loss: 0.4841 - val_accuracy: 0.9068
Epoch 285/350
391/391 - 25s - loss: 0.1054 - accuracy: 0.9778 - val_loss: 0.4836 - val_accuracy: 0.9072
Epoch 286/350
391/391 - 25s - loss: 0.1052 - accuracy: 0.9793 - val_loss: 0.4841 - val_accuracy: 0.9080
Epoch 287/350
391/391 - 25s - loss: 0.1046 - accuracy: 0.9787 - val_loss: 0.4867 - val_accuracy: 0.9074
Epoch 288/350
391/391 - 25s - loss: 0.1065 - accuracy: 0.9782 - val_loss: 0.4839 - val_accuracy: 0.9080
Epoch 289/350
391/391 - 25s - loss: 0.1034 - accuracy: 0.9795 - val_loss: 0.4884 - val_accuracy: 0.9064
Epoch 290/350
391/391 - 25s - loss: 0.1021 - accuracy: 0.9800 - val_loss: 0.4854 - val_accuracy: 0.9075
Epoch 291/350
391/391 - 25s - loss: 0.1041 - accuracy: 0.9785 - val_loss: 0.4875 - val_accuracy: 0.9066
Epoch 292/350
391/391 - 25s - loss: 0.1061 - accuracy: 0.9786 - val_loss: 0.4850 - val_accuracy: 0.9063
Epoch 293/350
391/391 - 25s - loss: 0.1038 - accuracy: 0.9788 - val_loss: 0.4855 - val_accuracy: 0.9069
Epoch 294/350
391/391 - 25s - loss: 0.1039 - accuracy: 0.9794 - val_loss: 0.4841 - val_accuracy: 0.9070
Epoch 295/350
391/391 - 25s - loss: 0.1063 - accuracy: 0.9780 - val_loss: 0.4875 - val_accuracy: 0.9070
Epoch 296/350
391/391 - 25s - loss: 0.1030 - accuracy: 0.9786 - val_loss: 0.4889 - val_accuracy: 0.9071
Epoch 297/350
391/391 - 25s - loss: 0.1045 - accuracy: 0.9785 - val_loss: 0.4876 - val_accuracy: 0.9078
Epoch 298/350
391/391 - 25s - loss: 0.1058 - accuracy: 0.9789 - val_loss: 0.4838 - val_accuracy: 0.9077
Epoch 299/350
391/391 - 25s - loss: 0.1035 - accuracy: 0.9796 - val_loss: 0.4864 - val_accuracy: 0.9071
Epoch 300/350


Snapshot weight 0 shuffle 8 at epoch 300
Layer 11
Getting activations...


391/391 - 25s - loss: 0.1042 - accuracy: 0.9786 - val_loss: 0.4876 - val_accuracy: 0.9076
Epoch 301/350
391/391 - 25s - loss: 0.1021 - accuracy: 0.9794 - val_loss: 0.4869 - val_accuracy: 0.9077
Epoch 302/350
391/391 - 25s - loss: 0.1031 - accuracy: 0.9799 - val_loss: 0.4869 - val_accuracy: 0.9075
Epoch 303/350
391/391 - 25s - loss: 0.1047 - accuracy: 0.9782 - val_loss: 0.4867 - val_accuracy: 0.9075
Epoch 304/350
391/391 - 25s - loss: 0.1048 - accuracy: 0.9795 - val_loss: 0.4869 - val_accuracy: 0.9077
Epoch 305/350
391/391 - 25s - loss: 0.1022 - accuracy: 0.9799 - val_loss: 0.4868 - val_accuracy: 0.9075
Epoch 306/350
391/391 - 25s - loss: 0.1042 - accuracy: 0.9792 - val_loss: 0.4866 - val_accuracy: 0.9072
Epoch 307/350
391/391 - 25s - loss: 0.1051 - accuracy: 0.9781 - val_loss: 0.4867 - val_accuracy: 0.9074
Epoch 308/350
391/391 - 25s - loss: 0.1059 - accuracy: 0.9780 - val_loss: 0.4869 - val_accuracy: 0.9073
Epoch 309/350
391/391 - 25s - loss: 0.1044 - accuracy: 0.9791 - val_loss: 0.4866 - val_accuracy: 0.9073
Epoch 310/350
391/391 - 25s - loss: 0.1041 - accuracy: 0.9789 - val_loss: 0.4865 - val_accuracy: 0.9074
Epoch 311/350
391/391 - 25s - loss: 0.1043 - accuracy: 0.9795 - val_loss: 0.4867 - val_accuracy: 0.9075
Epoch 312/350
391/391 - 25s - loss: 0.1054 - accuracy: 0.9780 - val_loss: 0.4869 - val_accuracy: 0.9074
Epoch 313/350
391/391 - 25s - loss: 0.1023 - accuracy: 0.9791 - val_loss: 0.4867 - val_accuracy: 0.9074
Epoch 314/350
391/391 - 25s - loss: 0.1040 - accuracy: 0.9793 - val_loss: 0.4866 - val_accuracy: 0.9078
Epoch 315/350
391/391 - 25s - loss: 0.1047 - accuracy: 0.9789 - val_loss: 0.4866 - val_accuracy: 0.9078
Epoch 316/350
391/391 - 25s - loss: 0.1041 - accuracy: 0.9793 - val_loss: 0.4867 - val_accuracy: 0.9073
Epoch 317/350
391/391 - 25s - loss: 0.1043 - accuracy: 0.9790 - val_loss: 0.4865 - val_accuracy: 0.9074
Epoch 318/350
391/391 - 25s - loss: 0.1063 - accuracy: 0.9774 - val_loss: 0.4867 - val_accuracy: 0.9075
Epoch 319/350
391/391 - 25s - loss: 0.1044 - accuracy: 0.9789 - val_loss: 0.4864 - val_accuracy: 0.9075
Epoch 320/350
391/391 - 25s - loss: 0.1027 - accuracy: 0.9791 - val_loss: 0.4865 - val_accuracy: 0.9074
Epoch 321/350
391/391 - 25s - loss: 0.1035 - accuracy: 0.9797 - val_loss: 0.4865 - val_accuracy: 0.9076
Epoch 322/350
391/391 - 25s - loss: 0.1057 - accuracy: 0.9786 - val_loss: 0.4865 - val_accuracy: 0.9074
Epoch 323/350
391/391 - 25s - loss: 0.1071 - accuracy: 0.9776 - val_loss: 0.4868 - val_accuracy: 0.9076
Epoch 324/350
391/391 - 25s - loss: 0.1039 - accuracy: 0.9787 - val_loss: 0.4864 - val_accuracy: 0.9077
Epoch 325/350
391/391 - 25s - loss: 0.1029 - accuracy: 0.9796 - val_loss: 0.4864 - val_accuracy: 0.9079
Epoch 326/350
391/391 - 25s - loss: 0.1034 - accuracy: 0.9788 - val_loss: 0.4864 - val_accuracy: 0.9080
Epoch 327/350
391/391 - 25s - loss: 0.1024 - accuracy: 0.9798 - val_loss: 0.4864 - val_accuracy: 0.9079
Epoch 328/350
391/391 - 25s - loss: 0.1041 - accuracy: 0.9792 - val_loss: 0.4866 - val_accuracy: 0.9077
Epoch 329/350
391/391 - 25s - loss: 0.1043 - accuracy: 0.9790 - val_loss: 0.4866 - val_accuracy: 0.9081
Epoch 330/350
391/391 - 25s - loss: 0.1052 - accuracy: 0.9792 - val_loss: 0.4865 - val_accuracy: 0.9078
Epoch 331/350
391/391 - 25s - loss: 0.1032 - accuracy: 0.9792 - val_loss: 0.4864 - val_accuracy: 0.9079
Epoch 332/350
391/391 - 25s - loss: 0.1022 - accuracy: 0.9797 - val_loss: 0.4861 - val_accuracy: 0.9080
Epoch 333/350
391/391 - 25s - loss: 0.1042 - accuracy: 0.9790 - val_loss: 0.4860 - val_accuracy: 0.9080
Epoch 334/350
391/391 - 25s - loss: 0.1055 - accuracy: 0.9783 - val_loss: 0.4857 - val_accuracy: 0.9082
Epoch 335/350
391/391 - 25s - loss: 0.1059 - accuracy: 0.9785 - val_loss: 0.4857 - val_accuracy: 0.9079
Epoch 336/350
391/391 - 25s - loss: 0.1040 - accuracy: 0.9793 - val_loss: 0.4858 - val_accuracy: 0.9079
Epoch 337/350
391/391 - 25s - loss: 0.1027 - accuracy: 0.9793 - val_loss: 0.4861 - val_accuracy: 0.9076
Epoch 338/350
391/391 - 25s - loss: 0.1025 - accuracy: 0.9797 - val_loss: 0.4865 - val_accuracy: 0.9075
Epoch 339/350
391/391 - 25s - loss: 0.1058 - accuracy: 0.9783 - val_loss: 0.4866 - val_accuracy: 0.9076
Epoch 340/350
391/391 - 25s - loss: 0.1033 - accuracy: 0.9786 - val_loss: 0.4869 - val_accuracy: 0.9074
Epoch 341/350
391/391 - 25s - loss: 0.1036 - accuracy: 0.9794 - val_loss: 0.4868 - val_accuracy: 0.9075
Epoch 342/350
391/391 - 25s - loss: 0.1023 - accuracy: 0.9796 - val_loss: 0.4867 - val_accuracy: 0.9077
Epoch 343/350
391/391 - 25s - loss: 0.1037 - accuracy: 0.9792 - val_loss: 0.4869 - val_accuracy: 0.9075
Epoch 344/350
391/391 - 25s - loss: 0.1041 - accuracy: 0.9782 - val_loss: 0.4867 - val_accuracy: 0.9076
Epoch 345/350
391/391 - 25s - loss: 0.1040 - accuracy: 0.9785 - val_loss: 0.4870 - val_accuracy: 0.9079
Epoch 346/350
391/391 - 25s - loss: 0.1036 - accuracy: 0.9790 - val_loss: 0.4868 - val_accuracy: 0.9078
Epoch 347/350
391/391 - 25s - loss: 0.1031 - accuracy: 0.9798 - val_loss: 0.4868 - val_accuracy: 0.9077
Epoch 348/350
391/391 - 25s - loss: 0.1019 - accuracy: 0.9795 - val_loss: 0.4868 - val_accuracy: 0.9077
Epoch 349/350
391/391 - 25s - loss: 0.1029 - accuracy: 0.9794 - val_loss: 0.4868 - val_accuracy: 0.9074
Epoch 350/350


Snapshot weight 0 shuffle 8 at epoch 350
Layer 11
Getting activations...


391/391 - 25s - loss: 0.1025 - accuracy: 0.9795 - val_loss: 0.4869 - val_accuracy: 0.9075
/usr/local/lib/python3.6/dist-packages/tensorflow/python/autograph/impl/api.py:493: UserWarning: fill_value is not supported and is always 0 for TensorFlow < 2.4.0.
  return py_builtins.overload_of(f)(*args)
WARNING:tensorflow:From /usr/local/lib/python3.6/dist-packages/tensorflow/python/training/tracking/tracking.py:111: Model.state_updates (from tensorflow.python.keras.engine.training) is deprecated and will be removed in a future version.
Instructions for updating:
This property should not be used in TensorFlow 2.0, as updates are applied automatically.
2021-07-02 18:10:05.825034: W tensorflow/python/util/util.cc:348] Sets are not currently considered sequences, but this may change in the future, so consider avoiding using them.
WARNING:tensorflow:From /usr/local/lib/python3.6/dist-packages/tensorflow/python/training/tracking/tracking.py:111: Layer.updates (from tensorflow.python.keras.engine.base_layer) is deprecated and will be removed in a future version.
Instructions for updating:
This property should not be used in TensorFlow 2.0, as updates are applied automatically.
Saving, final validation acc: 0.9075000286102295
