2021-07-02 02:02:56.896770: I tensorflow/stream_executor/platform/default/dso_loader.cc:48] Successfully opened dynamic library libcudart.so.10.1
2021-07-02 02:04:13.506925: I tensorflow/stream_executor/platform/default/dso_loader.cc:48] Successfully opened dynamic library libcuda.so.1
2021-07-02 02:04:13.537295: I tensorflow/core/common_runtime/gpu/gpu_device.cc:1716] Found device 0 with properties: 
pciBusID: 0000:82:00.0 name: NVIDIA TITAN Xp computeCapability: 6.1
coreClock: 1.582GHz coreCount: 30 deviceMemorySize: 11.91GiB deviceMemoryBandwidth: 510.07GiB/s
2021-07-02 02:04:13.537375: I tensorflow/stream_executor/platform/default/dso_loader.cc:48] Successfully opened dynamic library libcudart.so.10.1
2021-07-02 02:04:13.580405: I tensorflow/stream_executor/platform/default/dso_loader.cc:48] Successfully opened dynamic library libcublas.so.10
2021-07-02 02:04:13.603019: I tensorflow/stream_executor/platform/default/dso_loader.cc:48] Successfully opened dynamic library libcufft.so.10
2021-07-02 02:04:13.611540: I tensorflow/stream_executor/platform/default/dso_loader.cc:48] Successfully opened dynamic library libcurand.so.10
2021-07-02 02:04:13.655641: I tensorflow/stream_executor/platform/default/dso_loader.cc:48] Successfully opened dynamic library libcusolver.so.10
2021-07-02 02:04:13.664508: I tensorflow/stream_executor/platform/default/dso_loader.cc:48] Successfully opened dynamic library libcusparse.so.10
2021-07-02 02:04:13.746396: I tensorflow/stream_executor/platform/default/dso_loader.cc:48] Successfully opened dynamic library libcudnn.so.7
2021-07-02 02:04:13.748888: I tensorflow/core/common_runtime/gpu/gpu_device.cc:1858] Adding visible gpu devices: 0
2021-07-02 02:04:13.752663: I tensorflow/core/platform/cpu_feature_guard.cc:142] This TensorFlow binary is optimized with oneAPI Deep Neural Network Library (oneDNN)to use the following CPU instructions in performance-critical operations:  AVX2 FMA
To enable them in other operations, rebuild TensorFlow with the appropriate compiler flags.
2021-07-02 02:04:13.768702: I tensorflow/core/platform/profile_utils/cpu_utils.cc:104] CPU Frequency: 2600265000 Hz
2021-07-02 02:04:13.768844: I tensorflow/compiler/xla/service/service.cc:168] XLA service 0x50632b0 initialized for platform Host (this does not guarantee that XLA will be used). Devices:
2021-07-02 02:04:13.768865: I tensorflow/compiler/xla/service/service.cc:176]   StreamExecutor device (0): Host, Default Version
2021-07-02 02:04:13.872321: I tensorflow/compiler/xla/service/service.cc:168] XLA service 0x5043870 initialized for platform CUDA (this does not guarantee that XLA will be used). Devices:
2021-07-02 02:04:13.872389: I tensorflow/compiler/xla/service/service.cc:176]   StreamExecutor device (0): NVIDIA TITAN Xp, Compute Capability 6.1
2021-07-02 02:04:13.874748: I tensorflow/core/common_runtime/gpu/gpu_device.cc:1716] Found device 0 with properties: 
pciBusID: 0000:82:00.0 name: NVIDIA TITAN Xp computeCapability: 6.1
coreClock: 1.582GHz coreCount: 30 deviceMemorySize: 11.91GiB deviceMemoryBandwidth: 510.07GiB/s
2021-07-02 02:04:13.874812: I tensorflow/stream_executor/platform/default/dso_loader.cc:48] Successfully opened dynamic library libcudart.so.10.1
2021-07-02 02:04:13.874846: I tensorflow/stream_executor/platform/default/dso_loader.cc:48] Successfully opened dynamic library libcublas.so.10
2021-07-02 02:04:13.874867: I tensorflow/stream_executor/platform/default/dso_loader.cc:48] Successfully opened dynamic library libcufft.so.10
2021-07-02 02:04:13.874888: I tensorflow/stream_executor/platform/default/dso_loader.cc:48] Successfully opened dynamic library libcurand.so.10
2021-07-02 02:04:13.874908: I tensorflow/stream_executor/platform/default/dso_loader.cc:48] Successfully opened dynamic library libcusolver.so.10
2021-07-02 02:04:13.874928: I tensorflow/stream_executor/platform/default/dso_loader.cc:48] Successfully opened dynamic library libcusparse.so.10
2021-07-02 02:04:13.874949: I tensorflow/stream_executor/platform/default/dso_loader.cc:48] Successfully opened dynamic library libcudnn.so.7
2021-07-02 02:04:13.877385: I tensorflow/core/common_runtime/gpu/gpu_device.cc:1858] Adding visible gpu devices: 0
2021-07-02 02:04:13.879154: I tensorflow/stream_executor/platform/default/dso_loader.cc:48] Successfully opened dynamic library libcudart.so.10.1
2021-07-02 02:04:15.600920: I tensorflow/core/common_runtime/gpu/gpu_device.cc:1257] Device interconnect StreamExecutor with strength 1 edge matrix:
2021-07-02 02:04:15.601000: I tensorflow/core/common_runtime/gpu/gpu_device.cc:1263]      0 
2021-07-02 02:04:15.601014: I tensorflow/core/common_runtime/gpu/gpu_device.cc:1276] 0:   N 
2021-07-02 02:04:15.606764: I tensorflow/core/common_runtime/gpu/gpu_device.cc:1402] Created TensorFlow device (/job:localhost/replica:0/task:0/device:GPU:0 with 11218 MB memory) -> physical GPU (device: 0, name: NVIDIA TITAN Xp, pci bus id: 0000:82:00.0, compute capability: 6.1)
2021-07-02 02:04:21.495194: I tensorflow/stream_executor/platform/default/dso_loader.cc:48] Successfully opened dynamic library libcudnn.so.7
2021-07-02 02:04:23.905634: I tensorflow/stream_executor/platform/default/dso_loader.cc:48] Successfully opened dynamic library libcublas.so.10
Using model index: 35
Making train data...
GCN...
ZCA...
Done!
Making test data...
Done!
Epoch 1/350


Snapshot weight 5 shuffle 3 at epoch 1
Layer 11
Getting activations...


391/391 - 24s - loss: 2.3099 - accuracy: 0.1149 - val_loss: 2.2621 - val_accuracy: 0.1654
Epoch 2/350


Snapshot weight 5 shuffle 3 at epoch 2
Layer 11
Getting activations...


391/391 - 24s - loss: 2.2193 - accuracy: 0.1888 - val_loss: 2.1114 - val_accuracy: 0.2283
Epoch 3/350


Snapshot weight 5 shuffle 3 at epoch 3
Layer 11
Getting activations...


391/391 - 24s - loss: 1.9145 - accuracy: 0.3090 - val_loss: 1.6302 - val_accuracy: 0.4195
Epoch 4/350


Snapshot weight 5 shuffle 3 at epoch 4
Layer 11
Getting activations...


391/391 - 24s - loss: 1.5947 - accuracy: 0.4250 - val_loss: 1.4714 - val_accuracy: 0.4857
Epoch 5/350


Snapshot weight 5 shuffle 3 at epoch 5
Layer 11
Getting activations...


391/391 - 24s - loss: 1.4270 - accuracy: 0.4961 - val_loss: 1.2641 - val_accuracy: 0.5535
Epoch 6/350


Snapshot weight 5 shuffle 3 at epoch 6
Layer 11
Getting activations...


391/391 - 24s - loss: 1.2897 - accuracy: 0.5476 - val_loss: 1.1526 - val_accuracy: 0.5970
Epoch 7/350


Snapshot weight 5 shuffle 3 at epoch 7
Layer 11
Getting activations...


391/391 - 24s - loss: 1.2017 - accuracy: 0.5761 - val_loss: 1.1124 - val_accuracy: 0.6205
Epoch 8/350


Snapshot weight 5 shuffle 3 at epoch 8
Layer 11
Getting activations...


391/391 - 24s - loss: 1.1458 - accuracy: 0.5993 - val_loss: 1.0396 - val_accuracy: 0.6355
Epoch 9/350


Snapshot weight 5 shuffle 3 at epoch 9
Layer 11
Getting activations...


391/391 - 24s - loss: 1.0892 - accuracy: 0.6204 - val_loss: 0.9863 - val_accuracy: 0.6546
Epoch 10/350


Snapshot weight 5 shuffle 3 at epoch 10
Layer 11
Getting activations...


391/391 - 24s - loss: 1.0291 - accuracy: 0.6430 - val_loss: 0.9930 - val_accuracy: 0.6616
Epoch 11/350
391/391 - 24s - loss: 0.9933 - accuracy: 0.6560 - val_loss: 0.9474 - val_accuracy: 0.6720
Epoch 12/350
391/391 - 24s - loss: 0.9585 - accuracy: 0.6698 - val_loss: 0.9291 - val_accuracy: 0.6804
Epoch 13/350
391/391 - 24s - loss: 0.9061 - accuracy: 0.6876 - val_loss: 0.8365 - val_accuracy: 0.7080
Epoch 14/350
391/391 - 24s - loss: 0.8736 - accuracy: 0.6982 - val_loss: 0.8077 - val_accuracy: 0.7209
Epoch 15/350
391/391 - 24s - loss: 0.8413 - accuracy: 0.7131 - val_loss: 0.7504 - val_accuracy: 0.7455
Epoch 16/350
391/391 - 24s - loss: 0.8113 - accuracy: 0.7225 - val_loss: 0.7525 - val_accuracy: 0.7483
Epoch 17/350
391/391 - 24s - loss: 0.7779 - accuracy: 0.7369 - val_loss: 0.7021 - val_accuracy: 0.7692
Epoch 18/350
391/391 - 24s - loss: 0.7507 - accuracy: 0.7472 - val_loss: 0.7222 - val_accuracy: 0.7679
Epoch 19/350
391/391 - 24s - loss: 0.7338 - accuracy: 0.7560 - val_loss: 0.6627 - val_accuracy: 0.7787
Epoch 20/350
391/391 - 24s - loss: 0.7169 - accuracy: 0.7600 - val_loss: 0.6757 - val_accuracy: 0.7812
Epoch 21/350
391/391 - 24s - loss: 0.6754 - accuracy: 0.7755 - val_loss: 0.6572 - val_accuracy: 0.7865
Epoch 22/350
391/391 - 24s - loss: 0.6625 - accuracy: 0.7802 - val_loss: 0.6258 - val_accuracy: 0.8013
Epoch 23/350
391/391 - 24s - loss: 0.6448 - accuracy: 0.7865 - val_loss: 0.6502 - val_accuracy: 0.7947
Epoch 24/350
391/391 - 24s - loss: 0.6340 - accuracy: 0.7891 - val_loss: 0.6140 - val_accuracy: 0.7995
Epoch 25/350
391/391 - 24s - loss: 0.6182 - accuracy: 0.7956 - val_loss: 0.6912 - val_accuracy: 0.7816
Epoch 26/350
391/391 - 24s - loss: 0.6006 - accuracy: 0.8030 - val_loss: 0.5906 - val_accuracy: 0.8135
Epoch 27/350
391/391 - 24s - loss: 0.5849 - accuracy: 0.8080 - val_loss: 0.5577 - val_accuracy: 0.8209
Epoch 28/350
391/391 - 24s - loss: 0.5716 - accuracy: 0.8131 - val_loss: 0.5318 - val_accuracy: 0.8283
Epoch 29/350
391/391 - 24s - loss: 0.5614 - accuracy: 0.8160 - val_loss: 0.5827 - val_accuracy: 0.8167
Epoch 30/350
391/391 - 24s - loss: 0.5572 - accuracy: 0.8166 - val_loss: 0.5525 - val_accuracy: 0.8292
Epoch 31/350
391/391 - 24s - loss: 0.5412 - accuracy: 0.8225 - val_loss: 0.5412 - val_accuracy: 0.8318
Epoch 32/350
391/391 - 24s - loss: 0.5318 - accuracy: 0.8246 - val_loss: 0.5453 - val_accuracy: 0.8268
Epoch 33/350
391/391 - 24s - loss: 0.5226 - accuracy: 0.8304 - val_loss: 0.5089 - val_accuracy: 0.8382
Epoch 34/350
391/391 - 24s - loss: 0.5164 - accuracy: 0.8305 - val_loss: 0.5374 - val_accuracy: 0.8297
Epoch 35/350
391/391 - 23s - loss: 0.5034 - accuracy: 0.8361 - val_loss: 0.5194 - val_accuracy: 0.8355
Epoch 36/350
391/391 - 24s - loss: 0.4951 - accuracy: 0.8390 - val_loss: 0.5090 - val_accuracy: 0.8360
Epoch 37/350
391/391 - 24s - loss: 0.4935 - accuracy: 0.8396 - val_loss: 0.5017 - val_accuracy: 0.8421
Epoch 38/350
391/391 - 24s - loss: 0.4745 - accuracy: 0.8451 - val_loss: 0.4849 - val_accuracy: 0.8450
Epoch 39/350
391/391 - 24s - loss: 0.4763 - accuracy: 0.8444 - val_loss: 0.4813 - val_accuracy: 0.8485
Epoch 40/350
391/391 - 24s - loss: 0.4726 - accuracy: 0.8464 - val_loss: 0.4969 - val_accuracy: 0.8406
Epoch 41/350
391/391 - 24s - loss: 0.4609 - accuracy: 0.8492 - val_loss: 0.4906 - val_accuracy: 0.8476
Epoch 42/350
391/391 - 24s - loss: 0.4540 - accuracy: 0.8531 - val_loss: 0.4613 - val_accuracy: 0.8517
Epoch 43/350
391/391 - 24s - loss: 0.4478 - accuracy: 0.8542 - val_loss: 0.4875 - val_accuracy: 0.8455
Epoch 44/350
391/391 - 24s - loss: 0.4416 - accuracy: 0.8573 - val_loss: 0.4494 - val_accuracy: 0.8595
Epoch 45/350
391/391 - 24s - loss: 0.4385 - accuracy: 0.8567 - val_loss: 0.4763 - val_accuracy: 0.8504
Epoch 46/350
391/391 - 24s - loss: 0.4323 - accuracy: 0.8603 - val_loss: 0.4894 - val_accuracy: 0.8503
Epoch 47/350
391/391 - 24s - loss: 0.4271 - accuracy: 0.8613 - val_loss: 0.4757 - val_accuracy: 0.8553
Epoch 48/350
391/391 - 24s - loss: 0.4239 - accuracy: 0.8626 - val_loss: 0.4877 - val_accuracy: 0.8559
Epoch 49/350
391/391 - 24s - loss: 0.4184 - accuracy: 0.8637 - val_loss: 0.4608 - val_accuracy: 0.8568
Epoch 50/350


Snapshot weight 5 shuffle 3 at epoch 50
Layer 11
Getting activations...


391/391 - 24s - loss: 0.4106 - accuracy: 0.8676 - val_loss: 0.4673 - val_accuracy: 0.8551
Epoch 51/350
391/391 - 24s - loss: 0.4056 - accuracy: 0.8713 - val_loss: 0.4515 - val_accuracy: 0.8550
Epoch 52/350
391/391 - 24s - loss: 0.4083 - accuracy: 0.8691 - val_loss: 0.4524 - val_accuracy: 0.8611
Epoch 53/350
391/391 - 24s - loss: 0.3971 - accuracy: 0.8723 - val_loss: 0.4730 - val_accuracy: 0.8565
Epoch 54/350
391/391 - 24s - loss: 0.3971 - accuracy: 0.8732 - val_loss: 0.4430 - val_accuracy: 0.8626
Epoch 55/350
391/391 - 24s - loss: 0.3906 - accuracy: 0.8751 - val_loss: 0.4779 - val_accuracy: 0.8507
Epoch 56/350
391/391 - 24s - loss: 0.3821 - accuracy: 0.8768 - val_loss: 0.4547 - val_accuracy: 0.8636
Epoch 57/350
391/391 - 24s - loss: 0.3747 - accuracy: 0.8799 - val_loss: 0.4623 - val_accuracy: 0.8591
Epoch 58/350
391/391 - 24s - loss: 0.3784 - accuracy: 0.8796 - val_loss: 0.4636 - val_accuracy: 0.8606
Epoch 59/350
391/391 - 24s - loss: 0.3684 - accuracy: 0.8822 - val_loss: 0.4394 - val_accuracy: 0.8666
Epoch 60/350
391/391 - 24s - loss: 0.3702 - accuracy: 0.8814 - val_loss: 0.4383 - val_accuracy: 0.8653
Epoch 61/350
391/391 - 24s - loss: 0.3677 - accuracy: 0.8823 - val_loss: 0.4764 - val_accuracy: 0.8619
Epoch 62/350
391/391 - 24s - loss: 0.3644 - accuracy: 0.8840 - val_loss: 0.4163 - val_accuracy: 0.8745
Epoch 63/350
391/391 - 24s - loss: 0.3531 - accuracy: 0.8884 - val_loss: 0.4510 - val_accuracy: 0.8654
Epoch 64/350
391/391 - 24s - loss: 0.3604 - accuracy: 0.8848 - val_loss: 0.4368 - val_accuracy: 0.8722
Epoch 65/350
391/391 - 24s - loss: 0.3474 - accuracy: 0.8898 - val_loss: 0.4488 - val_accuracy: 0.8631
Epoch 66/350
391/391 - 24s - loss: 0.3503 - accuracy: 0.8880 - val_loss: 0.4326 - val_accuracy: 0.8731
Epoch 67/350
391/391 - 24s - loss: 0.3447 - accuracy: 0.8910 - val_loss: 0.4560 - val_accuracy: 0.8649
Epoch 68/350
391/391 - 24s - loss: 0.3388 - accuracy: 0.8919 - val_loss: 0.4238 - val_accuracy: 0.8741
Epoch 69/350
391/391 - 24s - loss: 0.3372 - accuracy: 0.8941 - val_loss: 0.4486 - val_accuracy: 0.8710
Epoch 70/350
391/391 - 24s - loss: 0.3313 - accuracy: 0.8962 - val_loss: 0.4342 - val_accuracy: 0.8705
Epoch 71/350
391/391 - 24s - loss: 0.3380 - accuracy: 0.8927 - val_loss: 0.4285 - val_accuracy: 0.8760
Epoch 72/350
391/391 - 24s - loss: 0.3332 - accuracy: 0.8946 - val_loss: 0.4245 - val_accuracy: 0.8754
Epoch 73/350
391/391 - 24s - loss: 0.3246 - accuracy: 0.8978 - val_loss: 0.4227 - val_accuracy: 0.8777
Epoch 74/350
391/391 - 24s - loss: 0.3272 - accuracy: 0.8982 - val_loss: 0.4181 - val_accuracy: 0.8753
Epoch 75/350
391/391 - 24s - loss: 0.3223 - accuracy: 0.8984 - val_loss: 0.4487 - val_accuracy: 0.8715
Epoch 76/350
391/391 - 24s - loss: 0.3177 - accuracy: 0.8996 - val_loss: 0.4374 - val_accuracy: 0.8749
Epoch 77/350
391/391 - 24s - loss: 0.3112 - accuracy: 0.9021 - val_loss: 0.4119 - val_accuracy: 0.8807
Epoch 78/350
391/391 - 23s - loss: 0.3083 - accuracy: 0.9026 - val_loss: 0.4686 - val_accuracy: 0.8677
Epoch 79/350
391/391 - 24s - loss: 0.3038 - accuracy: 0.9056 - val_loss: 0.4279 - val_accuracy: 0.8802
Epoch 80/350
391/391 - 24s - loss: 0.3084 - accuracy: 0.9040 - val_loss: 0.4023 - val_accuracy: 0.8784
Epoch 81/350
391/391 - 24s - loss: 0.3030 - accuracy: 0.9057 - val_loss: 0.4446 - val_accuracy: 0.8741
Epoch 82/350
391/391 - 24s - loss: 0.3036 - accuracy: 0.9042 - val_loss: 0.4237 - val_accuracy: 0.8786
Epoch 83/350
391/391 - 24s - loss: 0.2978 - accuracy: 0.9075 - val_loss: 0.4096 - val_accuracy: 0.8832
Epoch 84/350
391/391 - 24s - loss: 0.3030 - accuracy: 0.9052 - val_loss: 0.4256 - val_accuracy: 0.8764
Epoch 85/350
391/391 - 24s - loss: 0.2911 - accuracy: 0.9105 - val_loss: 0.4178 - val_accuracy: 0.8782
Epoch 86/350
391/391 - 24s - loss: 0.2933 - accuracy: 0.9097 - val_loss: 0.4158 - val_accuracy: 0.8816
Epoch 87/350
391/391 - 24s - loss: 0.2889 - accuracy: 0.9110 - val_loss: 0.4282 - val_accuracy: 0.8763
Epoch 88/350
391/391 - 24s - loss: 0.2868 - accuracy: 0.9108 - val_loss: 0.4125 - val_accuracy: 0.8821
Epoch 89/350
391/391 - 24s - loss: 0.2835 - accuracy: 0.9128 - val_loss: 0.4161 - val_accuracy: 0.8834
Epoch 90/350
391/391 - 24s - loss: 0.2827 - accuracy: 0.9123 - val_loss: 0.4105 - val_accuracy: 0.8823
Epoch 91/350
391/391 - 24s - loss: 0.2821 - accuracy: 0.9123 - val_loss: 0.4127 - val_accuracy: 0.8800
Epoch 92/350
391/391 - 24s - loss: 0.2804 - accuracy: 0.9141 - val_loss: 0.3933 - val_accuracy: 0.8868
Epoch 93/350
391/391 - 24s - loss: 0.2795 - accuracy: 0.9147 - val_loss: 0.4315 - val_accuracy: 0.8805
Epoch 94/350
391/391 - 24s - loss: 0.2799 - accuracy: 0.9144 - val_loss: 0.4115 - val_accuracy: 0.8859
Epoch 95/350
391/391 - 24s - loss: 0.2807 - accuracy: 0.9144 - val_loss: 0.4201 - val_accuracy: 0.8854
Epoch 96/350
391/391 - 24s - loss: 0.2689 - accuracy: 0.9187 - val_loss: 0.4286 - val_accuracy: 0.8846
Epoch 97/350
391/391 - 24s - loss: 0.2694 - accuracy: 0.9188 - val_loss: 0.4227 - val_accuracy: 0.8857
Epoch 98/350
391/391 - 24s - loss: 0.2680 - accuracy: 0.9170 - val_loss: 0.4303 - val_accuracy: 0.8833
Epoch 99/350
391/391 - 24s - loss: 0.2712 - accuracy: 0.9176 - val_loss: 0.4461 - val_accuracy: 0.8846
Epoch 100/350


Snapshot weight 5 shuffle 3 at epoch 100
Layer 11
Getting activations...


391/391 - 24s - loss: 0.2653 - accuracy: 0.9184 - val_loss: 0.4421 - val_accuracy: 0.8806
Epoch 101/350
391/391 - 24s - loss: 0.2642 - accuracy: 0.9198 - val_loss: 0.4141 - val_accuracy: 0.8869
Epoch 102/350
391/391 - 24s - loss: 0.2560 - accuracy: 0.9217 - val_loss: 0.4399 - val_accuracy: 0.8836
Epoch 103/350
391/391 - 24s - loss: 0.2617 - accuracy: 0.9221 - val_loss: 0.4245 - val_accuracy: 0.8834
Epoch 104/350
391/391 - 24s - loss: 0.2569 - accuracy: 0.9224 - val_loss: 0.4160 - val_accuracy: 0.8884
Epoch 105/350
391/391 - 24s - loss: 0.2533 - accuracy: 0.9241 - val_loss: 0.4151 - val_accuracy: 0.8917
Epoch 106/350
391/391 - 24s - loss: 0.2531 - accuracy: 0.9237 - val_loss: 0.4205 - val_accuracy: 0.8910
Epoch 107/350
391/391 - 24s - loss: 0.2531 - accuracy: 0.9226 - val_loss: 0.4134 - val_accuracy: 0.8882
Epoch 108/350
391/391 - 24s - loss: 0.2518 - accuracy: 0.9231 - val_loss: 0.4272 - val_accuracy: 0.8838
Epoch 109/350
391/391 - 24s - loss: 0.2493 - accuracy: 0.9260 - val_loss: 0.4242 - val_accuracy: 0.8824
Epoch 110/350
391/391 - 24s - loss: 0.2469 - accuracy: 0.9256 - val_loss: 0.4028 - val_accuracy: 0.8908
Epoch 111/350
391/391 - 24s - loss: 0.2441 - accuracy: 0.9265 - val_loss: 0.4316 - val_accuracy: 0.8884
Epoch 112/350
391/391 - 24s - loss: 0.2439 - accuracy: 0.9263 - val_loss: 0.4500 - val_accuracy: 0.8814
Epoch 113/350
391/391 - 24s - loss: 0.2446 - accuracy: 0.9270 - val_loss: 0.4210 - val_accuracy: 0.8896
Epoch 114/350
391/391 - 24s - loss: 0.2439 - accuracy: 0.9258 - val_loss: 0.4465 - val_accuracy: 0.8847
Epoch 115/350
391/391 - 24s - loss: 0.2410 - accuracy: 0.9287 - val_loss: 0.4363 - val_accuracy: 0.8842
Epoch 116/350
391/391 - 24s - loss: 0.2425 - accuracy: 0.9266 - val_loss: 0.4638 - val_accuracy: 0.8811
Epoch 117/350
391/391 - 24s - loss: 0.2420 - accuracy: 0.9282 - val_loss: 0.4207 - val_accuracy: 0.8878
Epoch 118/350
391/391 - 24s - loss: 0.2328 - accuracy: 0.9311 - val_loss: 0.4538 - val_accuracy: 0.8839
Epoch 119/350
391/391 - 24s - loss: 0.2384 - accuracy: 0.9285 - val_loss: 0.4077 - val_accuracy: 0.8886
Epoch 120/350
391/391 - 24s - loss: 0.2310 - accuracy: 0.9321 - val_loss: 0.4432 - val_accuracy: 0.8824
Epoch 121/350
391/391 - 24s - loss: 0.2332 - accuracy: 0.9312 - val_loss: 0.4753 - val_accuracy: 0.8792
Epoch 122/350
391/391 - 24s - loss: 0.2311 - accuracy: 0.9319 - val_loss: 0.4305 - val_accuracy: 0.8847
Epoch 123/350
391/391 - 24s - loss: 0.2255 - accuracy: 0.9339 - val_loss: 0.4261 - val_accuracy: 0.8907
Epoch 124/350
391/391 - 24s - loss: 0.2254 - accuracy: 0.9331 - val_loss: 0.4531 - val_accuracy: 0.8860
Epoch 125/350
391/391 - 24s - loss: 0.2276 - accuracy: 0.9338 - val_loss: 0.4376 - val_accuracy: 0.8899
Epoch 126/350
391/391 - 24s - loss: 0.2283 - accuracy: 0.9316 - val_loss: 0.4313 - val_accuracy: 0.8893
Epoch 127/350
391/391 - 24s - loss: 0.2270 - accuracy: 0.9350 - val_loss: 0.4803 - val_accuracy: 0.8750
Epoch 128/350
391/391 - 24s - loss: 0.2288 - accuracy: 0.9333 - val_loss: 0.4278 - val_accuracy: 0.8915
Epoch 129/350
391/391 - 24s - loss: 0.2235 - accuracy: 0.9337 - val_loss: 0.4449 - val_accuracy: 0.8875
Epoch 130/350
391/391 - 24s - loss: 0.2231 - accuracy: 0.9354 - val_loss: 0.4173 - val_accuracy: 0.8918
Epoch 131/350
391/391 - 24s - loss: 0.2167 - accuracy: 0.9376 - val_loss: 0.4549 - val_accuracy: 0.8858
Epoch 132/350
391/391 - 24s - loss: 0.2244 - accuracy: 0.9359 - val_loss: 0.4378 - val_accuracy: 0.8857
Epoch 133/350
391/391 - 24s - loss: 0.2198 - accuracy: 0.9368 - val_loss: 0.4329 - val_accuracy: 0.8914
Epoch 134/350
391/391 - 24s - loss: 0.2206 - accuracy: 0.9355 - val_loss: 0.4633 - val_accuracy: 0.8825
Epoch 135/350
391/391 - 24s - loss: 0.2138 - accuracy: 0.9386 - val_loss: 0.4448 - val_accuracy: 0.8916
Epoch 136/350
391/391 - 24s - loss: 0.2153 - accuracy: 0.9371 - val_loss: 0.4107 - val_accuracy: 0.8942
Epoch 137/350
391/391 - 24s - loss: 0.2177 - accuracy: 0.9365 - val_loss: 0.4486 - val_accuracy: 0.8886
Epoch 138/350
391/391 - 24s - loss: 0.2129 - accuracy: 0.9399 - val_loss: 0.4097 - val_accuracy: 0.8906
Epoch 139/350
391/391 - 24s - loss: 0.2100 - accuracy: 0.9399 - val_loss: 0.4147 - val_accuracy: 0.8930
Epoch 140/350
391/391 - 24s - loss: 0.2087 - accuracy: 0.9413 - val_loss: 0.4619 - val_accuracy: 0.8889
Epoch 141/350
391/391 - 24s - loss: 0.2093 - accuracy: 0.9404 - val_loss: 0.4127 - val_accuracy: 0.8927
Epoch 142/350
391/391 - 24s - loss: 0.2103 - accuracy: 0.9400 - val_loss: 0.4519 - val_accuracy: 0.8880
Epoch 143/350
391/391 - 24s - loss: 0.2038 - accuracy: 0.9426 - val_loss: 0.4415 - val_accuracy: 0.8900
Epoch 144/350
391/391 - 24s - loss: 0.2091 - accuracy: 0.9416 - val_loss: 0.4804 - val_accuracy: 0.8869
Epoch 145/350
391/391 - 24s - loss: 0.2100 - accuracy: 0.9397 - val_loss: 0.4369 - val_accuracy: 0.8918
Epoch 146/350
391/391 - 24s - loss: 0.2053 - accuracy: 0.9422 - val_loss: 0.4139 - val_accuracy: 0.8961
Epoch 147/350
391/391 - 24s - loss: 0.2017 - accuracy: 0.9416 - val_loss: 0.4186 - val_accuracy: 0.8946
Epoch 148/350
391/391 - 24s - loss: 0.2038 - accuracy: 0.9425 - val_loss: 0.4078 - val_accuracy: 0.8956
Epoch 149/350
391/391 - 24s - loss: 0.2044 - accuracy: 0.9424 - val_loss: 0.4524 - val_accuracy: 0.8859
Epoch 150/350


Snapshot weight 5 shuffle 3 at epoch 150
Layer 11
Getting activations...


391/391 - 24s - loss: 0.2035 - accuracy: 0.9424 - val_loss: 0.4066 - val_accuracy: 0.8941
Epoch 151/350
391/391 - 24s - loss: 0.2028 - accuracy: 0.9431 - val_loss: 0.4486 - val_accuracy: 0.8927
Epoch 152/350
391/391 - 24s - loss: 0.1997 - accuracy: 0.9424 - val_loss: 0.4482 - val_accuracy: 0.8903
Epoch 153/350
391/391 - 24s - loss: 0.1957 - accuracy: 0.9440 - val_loss: 0.4403 - val_accuracy: 0.8937
Epoch 154/350
391/391 - 24s - loss: 0.1958 - accuracy: 0.9451 - val_loss: 0.4721 - val_accuracy: 0.8877
Epoch 155/350
391/391 - 24s - loss: 0.1981 - accuracy: 0.9431 - val_loss: 0.4425 - val_accuracy: 0.8901
Epoch 156/350
391/391 - 24s - loss: 0.2018 - accuracy: 0.9434 - val_loss: 0.4392 - val_accuracy: 0.8897
Epoch 157/350
391/391 - 24s - loss: 0.1954 - accuracy: 0.9458 - val_loss: 0.4721 - val_accuracy: 0.8926
Epoch 158/350
391/391 - 24s - loss: 0.1961 - accuracy: 0.9454 - val_loss: 0.4303 - val_accuracy: 0.8970
Epoch 159/350
391/391 - 24s - loss: 0.1916 - accuracy: 0.9465 - val_loss: 0.4504 - val_accuracy: 0.8898
Epoch 160/350
391/391 - 24s - loss: 0.1945 - accuracy: 0.9459 - val_loss: 0.4394 - val_accuracy: 0.8951
Epoch 161/350
391/391 - 24s - loss: 0.1882 - accuracy: 0.9491 - val_loss: 0.4151 - val_accuracy: 0.8977
Epoch 162/350
391/391 - 24s - loss: 0.1953 - accuracy: 0.9451 - val_loss: 0.4394 - val_accuracy: 0.8949
Epoch 163/350
391/391 - 24s - loss: 0.1953 - accuracy: 0.9457 - val_loss: 0.4415 - val_accuracy: 0.8951
Epoch 164/350
391/391 - 24s - loss: 0.1907 - accuracy: 0.9476 - val_loss: 0.4364 - val_accuracy: 0.8945
Epoch 165/350
391/391 - 24s - loss: 0.1932 - accuracy: 0.9475 - val_loss: 0.4560 - val_accuracy: 0.8937
Epoch 166/350
391/391 - 24s - loss: 0.1856 - accuracy: 0.9493 - val_loss: 0.4564 - val_accuracy: 0.8938
Epoch 167/350
391/391 - 24s - loss: 0.1877 - accuracy: 0.9480 - val_loss: 0.4810 - val_accuracy: 0.8892
Epoch 168/350
391/391 - 24s - loss: 0.1852 - accuracy: 0.9495 - val_loss: 0.4458 - val_accuracy: 0.8963
Epoch 169/350
391/391 - 24s - loss: 0.1849 - accuracy: 0.9496 - val_loss: 0.4381 - val_accuracy: 0.8958
Epoch 170/350
391/391 - 24s - loss: 0.1873 - accuracy: 0.9483 - val_loss: 0.4845 - val_accuracy: 0.8913
Epoch 171/350
391/391 - 24s - loss: 0.1819 - accuracy: 0.9499 - val_loss: 0.4269 - val_accuracy: 0.8924
Epoch 172/350
391/391 - 24s - loss: 0.1862 - accuracy: 0.9493 - val_loss: 0.4685 - val_accuracy: 0.8926
Epoch 173/350
391/391 - 24s - loss: 0.1856 - accuracy: 0.9492 - val_loss: 0.4395 - val_accuracy: 0.8940
Epoch 174/350
391/391 - 24s - loss: 0.1822 - accuracy: 0.9502 - val_loss: 0.4214 - val_accuracy: 0.8992
Epoch 175/350
391/391 - 24s - loss: 0.1861 - accuracy: 0.9505 - val_loss: 0.4936 - val_accuracy: 0.8886
Epoch 176/350
391/391 - 24s - loss: 0.1790 - accuracy: 0.9506 - val_loss: 0.4582 - val_accuracy: 0.8997
Epoch 177/350
391/391 - 24s - loss: 0.1810 - accuracy: 0.9510 - val_loss: 0.4830 - val_accuracy: 0.8898
Epoch 178/350
391/391 - 24s - loss: 0.1853 - accuracy: 0.9507 - val_loss: 0.4400 - val_accuracy: 0.8948
Epoch 179/350
391/391 - 24s - loss: 0.1750 - accuracy: 0.9533 - val_loss: 0.4426 - val_accuracy: 0.8977
Epoch 180/350
391/391 - 24s - loss: 0.1821 - accuracy: 0.9504 - val_loss: 0.4231 - val_accuracy: 0.8982
Epoch 181/350
391/391 - 24s - loss: 0.1779 - accuracy: 0.9525 - val_loss: 0.4477 - val_accuracy: 0.8985
Epoch 182/350
391/391 - 24s - loss: 0.1800 - accuracy: 0.9517 - val_loss: 0.4569 - val_accuracy: 0.8955
Epoch 183/350
391/391 - 24s - loss: 0.1790 - accuracy: 0.9512 - val_loss: 0.4343 - val_accuracy: 0.8952
Epoch 184/350
391/391 - 24s - loss: 0.1770 - accuracy: 0.9523 - val_loss: 0.4531 - val_accuracy: 0.8935
Epoch 185/350
391/391 - 24s - loss: 0.1800 - accuracy: 0.9523 - val_loss: 0.4421 - val_accuracy: 0.8948
Epoch 186/350
391/391 - 24s - loss: 0.1742 - accuracy: 0.9544 - val_loss: 0.4587 - val_accuracy: 0.8960
Epoch 187/350
391/391 - 24s - loss: 0.1716 - accuracy: 0.9545 - val_loss: 0.4667 - val_accuracy: 0.8944
Epoch 188/350
391/391 - 24s - loss: 0.1799 - accuracy: 0.9520 - val_loss: 0.4603 - val_accuracy: 0.8953
Epoch 189/350
391/391 - 24s - loss: 0.1784 - accuracy: 0.9530 - val_loss: 0.4662 - val_accuracy: 0.8903
Epoch 190/350
391/391 - 24s - loss: 0.1770 - accuracy: 0.9530 - val_loss: 0.4507 - val_accuracy: 0.8970
Epoch 191/350
391/391 - 24s - loss: 0.1697 - accuracy: 0.9547 - val_loss: 0.4505 - val_accuracy: 0.8988
Epoch 192/350
391/391 - 24s - loss: 0.1715 - accuracy: 0.9546 - val_loss: 0.4730 - val_accuracy: 0.8935
Epoch 193/350
391/391 - 23s - loss: 0.1686 - accuracy: 0.9560 - val_loss: 0.4929 - val_accuracy: 0.8924
Epoch 194/350
391/391 - 24s - loss: 0.1712 - accuracy: 0.9558 - val_loss: 0.4583 - val_accuracy: 0.8986
Epoch 195/350
391/391 - 24s - loss: 0.1717 - accuracy: 0.9560 - val_loss: 0.4602 - val_accuracy: 0.8965
Epoch 196/350
391/391 - 24s - loss: 0.1726 - accuracy: 0.9555 - val_loss: 0.4757 - val_accuracy: 0.8940
Epoch 197/350
391/391 - 24s - loss: 0.1724 - accuracy: 0.9545 - val_loss: 0.4517 - val_accuracy: 0.8949
Epoch 198/350
391/391 - 24s - loss: 0.1728 - accuracy: 0.9546 - val_loss: 0.4412 - val_accuracy: 0.8989
Epoch 199/350
391/391 - 24s - loss: 0.1701 - accuracy: 0.9565 - val_loss: 0.4259 - val_accuracy: 0.8982
Epoch 200/350


Snapshot weight 5 shuffle 3 at epoch 200
Layer 11
Getting activations...


391/391 - 24s - loss: 0.1690 - accuracy: 0.9563 - val_loss: 0.4634 - val_accuracy: 0.9000
Epoch 201/350
391/391 - 24s - loss: 0.1454 - accuracy: 0.9649 - val_loss: 0.4387 - val_accuracy: 0.9032
Epoch 202/350
391/391 - 24s - loss: 0.1283 - accuracy: 0.9707 - val_loss: 0.4391 - val_accuracy: 0.9065
Epoch 203/350
391/391 - 24s - loss: 0.1272 - accuracy: 0.9717 - val_loss: 0.4427 - val_accuracy: 0.9056
Epoch 204/350
391/391 - 24s - loss: 0.1251 - accuracy: 0.9716 - val_loss: 0.4514 - val_accuracy: 0.9077
Epoch 205/350
391/391 - 24s - loss: 0.1231 - accuracy: 0.9730 - val_loss: 0.4529 - val_accuracy: 0.9065
Epoch 206/350
391/391 - 24s - loss: 0.1219 - accuracy: 0.9733 - val_loss: 0.4556 - val_accuracy: 0.9084
Epoch 207/350
391/391 - 24s - loss: 0.1208 - accuracy: 0.9735 - val_loss: 0.4607 - val_accuracy: 0.9063
Epoch 208/350
391/391 - 23s - loss: 0.1197 - accuracy: 0.9728 - val_loss: 0.4595 - val_accuracy: 0.9074
Epoch 209/350
391/391 - 24s - loss: 0.1207 - accuracy: 0.9736 - val_loss: 0.4534 - val_accuracy: 0.9070
Epoch 210/350
391/391 - 24s - loss: 0.1219 - accuracy: 0.9733 - val_loss: 0.4587 - val_accuracy: 0.9052
Epoch 211/350
391/391 - 24s - loss: 0.1182 - accuracy: 0.9738 - val_loss: 0.4590 - val_accuracy: 0.9070
Epoch 212/350
391/391 - 24s - loss: 0.1178 - accuracy: 0.9749 - val_loss: 0.4621 - val_accuracy: 0.9053
Epoch 213/350
391/391 - 24s - loss: 0.1183 - accuracy: 0.9749 - val_loss: 0.4593 - val_accuracy: 0.9053
Epoch 214/350
391/391 - 24s - loss: 0.1148 - accuracy: 0.9760 - val_loss: 0.4674 - val_accuracy: 0.9054
Epoch 215/350
391/391 - 24s - loss: 0.1186 - accuracy: 0.9747 - val_loss: 0.4658 - val_accuracy: 0.9057
Epoch 216/350
391/391 - 24s - loss: 0.1156 - accuracy: 0.9753 - val_loss: 0.4657 - val_accuracy: 0.9074
Epoch 217/350
391/391 - 24s - loss: 0.1130 - accuracy: 0.9761 - val_loss: 0.4748 - val_accuracy: 0.9058
Epoch 218/350
391/391 - 24s - loss: 0.1170 - accuracy: 0.9753 - val_loss: 0.4647 - val_accuracy: 0.9054
Epoch 219/350
391/391 - 24s - loss: 0.1121 - accuracy: 0.9759 - val_loss: 0.4645 - val_accuracy: 0.9056
Epoch 220/350
391/391 - 24s - loss: 0.1145 - accuracy: 0.9760 - val_loss: 0.4708 - val_accuracy: 0.9067
Epoch 221/350
391/391 - 24s - loss: 0.1135 - accuracy: 0.9760 - val_loss: 0.4736 - val_accuracy: 0.9055
Epoch 222/350
391/391 - 24s - loss: 0.1149 - accuracy: 0.9758 - val_loss: 0.4704 - val_accuracy: 0.9052
Epoch 223/350
391/391 - 24s - loss: 0.1149 - accuracy: 0.9754 - val_loss: 0.4747 - val_accuracy: 0.9061
Epoch 224/350
391/391 - 24s - loss: 0.1138 - accuracy: 0.9758 - val_loss: 0.4786 - val_accuracy: 0.9053
Epoch 225/350
391/391 - 24s - loss: 0.1119 - accuracy: 0.9770 - val_loss: 0.4731 - val_accuracy: 0.9056
Epoch 226/350
391/391 - 24s - loss: 0.1132 - accuracy: 0.9757 - val_loss: 0.4766 - val_accuracy: 0.9059
Epoch 227/350
391/391 - 24s - loss: 0.1121 - accuracy: 0.9771 - val_loss: 0.4704 - val_accuracy: 0.9073
Epoch 228/350
391/391 - 24s - loss: 0.1116 - accuracy: 0.9764 - val_loss: 0.4779 - val_accuracy: 0.9067
Epoch 229/350
391/391 - 24s - loss: 0.1125 - accuracy: 0.9769 - val_loss: 0.4814 - val_accuracy: 0.9045
Epoch 230/350
391/391 - 24s - loss: 0.1137 - accuracy: 0.9762 - val_loss: 0.4698 - val_accuracy: 0.9064
Epoch 231/350
391/391 - 24s - loss: 0.1100 - accuracy: 0.9770 - val_loss: 0.4829 - val_accuracy: 0.9053
Epoch 232/350
391/391 - 24s - loss: 0.1092 - accuracy: 0.9779 - val_loss: 0.4864 - val_accuracy: 0.9054
Epoch 233/350
391/391 - 24s - loss: 0.1107 - accuracy: 0.9772 - val_loss: 0.4768 - val_accuracy: 0.9047
Epoch 234/350
391/391 - 24s - loss: 0.1102 - accuracy: 0.9775 - val_loss: 0.4767 - val_accuracy: 0.9054
Epoch 235/350
391/391 - 24s - loss: 0.1098 - accuracy: 0.9775 - val_loss: 0.4790 - val_accuracy: 0.9077
Epoch 236/350
391/391 - 24s - loss: 0.1092 - accuracy: 0.9779 - val_loss: 0.4812 - val_accuracy: 0.9061
Epoch 237/350
391/391 - 24s - loss: 0.1109 - accuracy: 0.9771 - val_loss: 0.4895 - val_accuracy: 0.9050
Epoch 238/350
391/391 - 24s - loss: 0.1088 - accuracy: 0.9781 - val_loss: 0.4775 - val_accuracy: 0.9068
Epoch 239/350
391/391 - 24s - loss: 0.1070 - accuracy: 0.9781 - val_loss: 0.4869 - val_accuracy: 0.9056
Epoch 240/350
391/391 - 24s - loss: 0.1075 - accuracy: 0.9788 - val_loss: 0.4911 - val_accuracy: 0.9058
Epoch 241/350
391/391 - 24s - loss: 0.1091 - accuracy: 0.9776 - val_loss: 0.4896 - val_accuracy: 0.9063
Epoch 242/350
391/391 - 24s - loss: 0.1054 - accuracy: 0.9789 - val_loss: 0.4937 - val_accuracy: 0.9061
Epoch 243/350
391/391 - 24s - loss: 0.1085 - accuracy: 0.9785 - val_loss: 0.4853 - val_accuracy: 0.9072
Epoch 244/350
391/391 - 24s - loss: 0.1069 - accuracy: 0.9785 - val_loss: 0.4862 - val_accuracy: 0.9059
Epoch 245/350
391/391 - 24s - loss: 0.1068 - accuracy: 0.9787 - val_loss: 0.4822 - val_accuracy: 0.9074
Epoch 246/350
391/391 - 24s - loss: 0.1082 - accuracy: 0.9784 - val_loss: 0.4698 - val_accuracy: 0.9083
Epoch 247/350
391/391 - 24s - loss: 0.1072 - accuracy: 0.9788 - val_loss: 0.4806 - val_accuracy: 0.9051
Epoch 248/350
391/391 - 24s - loss: 0.1054 - accuracy: 0.9793 - val_loss: 0.4841 - val_accuracy: 0.9083
Epoch 249/350
391/391 - 24s - loss: 0.1075 - accuracy: 0.9783 - val_loss: 0.4880 - val_accuracy: 0.9060
Epoch 250/350


Snapshot weight 5 shuffle 3 at epoch 250
Layer 11
Getting activations...


391/391 - 24s - loss: 0.1068 - accuracy: 0.9781 - val_loss: 0.4838 - val_accuracy: 0.9079
Epoch 251/350
391/391 - 24s - loss: 0.1060 - accuracy: 0.9788 - val_loss: 0.4865 - val_accuracy: 0.9074
Epoch 252/350
391/391 - 24s - loss: 0.1032 - accuracy: 0.9802 - val_loss: 0.4863 - val_accuracy: 0.9066
Epoch 253/350
391/391 - 24s - loss: 0.1048 - accuracy: 0.9789 - val_loss: 0.4842 - val_accuracy: 0.9070
Epoch 254/350
391/391 - 24s - loss: 0.1040 - accuracy: 0.9798 - val_loss: 0.4845 - val_accuracy: 0.9068
Epoch 255/350
391/391 - 24s - loss: 0.1049 - accuracy: 0.9790 - val_loss: 0.4852 - val_accuracy: 0.9071
Epoch 256/350
391/391 - 24s - loss: 0.1023 - accuracy: 0.9807 - val_loss: 0.4855 - val_accuracy: 0.9072
Epoch 257/350
391/391 - 24s - loss: 0.1037 - accuracy: 0.9796 - val_loss: 0.4863 - val_accuracy: 0.9071
Epoch 258/350
391/391 - 24s - loss: 0.1043 - accuracy: 0.9793 - val_loss: 0.4839 - val_accuracy: 0.9080
Epoch 259/350
391/391 - 24s - loss: 0.1053 - accuracy: 0.9786 - val_loss: 0.4834 - val_accuracy: 0.9078
Epoch 260/350
391/391 - 24s - loss: 0.1031 - accuracy: 0.9800 - val_loss: 0.4834 - val_accuracy: 0.9079
Epoch 261/350
391/391 - 24s - loss: 0.1061 - accuracy: 0.9780 - val_loss: 0.4837 - val_accuracy: 0.9077
Epoch 262/350
391/391 - 24s - loss: 0.1050 - accuracy: 0.9790 - val_loss: 0.4826 - val_accuracy: 0.9075
Epoch 263/350
391/391 - 24s - loss: 0.1051 - accuracy: 0.9789 - val_loss: 0.4813 - val_accuracy: 0.9083
Epoch 264/350
391/391 - 24s - loss: 0.1018 - accuracy: 0.9806 - val_loss: 0.4837 - val_accuracy: 0.9073
Epoch 265/350
391/391 - 23s - loss: 0.1020 - accuracy: 0.9802 - val_loss: 0.4824 - val_accuracy: 0.9079
Epoch 266/350
391/391 - 24s - loss: 0.1044 - accuracy: 0.9794 - val_loss: 0.4837 - val_accuracy: 0.9078
Epoch 267/350
391/391 - 24s - loss: 0.1035 - accuracy: 0.9796 - val_loss: 0.4847 - val_accuracy: 0.9074
Epoch 268/350
391/391 - 24s - loss: 0.1015 - accuracy: 0.9801 - val_loss: 0.4849 - val_accuracy: 0.9082
Epoch 269/350
391/391 - 24s - loss: 0.1028 - accuracy: 0.9800 - val_loss: 0.4845 - val_accuracy: 0.9081
Epoch 270/350
391/391 - 24s - loss: 0.1022 - accuracy: 0.9801 - val_loss: 0.4836 - val_accuracy: 0.9080
Epoch 271/350
391/391 - 24s - loss: 0.1035 - accuracy: 0.9798 - val_loss: 0.4823 - val_accuracy: 0.9084
Epoch 272/350
391/391 - 24s - loss: 0.1025 - accuracy: 0.9796 - val_loss: 0.4858 - val_accuracy: 0.9078
Epoch 273/350
391/391 - 24s - loss: 0.1028 - accuracy: 0.9794 - val_loss: 0.4853 - val_accuracy: 0.9079
Epoch 274/350
391/391 - 24s - loss: 0.1029 - accuracy: 0.9793 - val_loss: 0.4852 - val_accuracy: 0.9074
Epoch 275/350
391/391 - 24s - loss: 0.1036 - accuracy: 0.9796 - val_loss: 0.4868 - val_accuracy: 0.9066
Epoch 276/350
391/391 - 24s - loss: 0.1012 - accuracy: 0.9805 - val_loss: 0.4887 - val_accuracy: 0.9073
Epoch 277/350
391/391 - 24s - loss: 0.1035 - accuracy: 0.9794 - val_loss: 0.4873 - val_accuracy: 0.9070
Epoch 278/350
391/391 - 24s - loss: 0.1031 - accuracy: 0.9798 - val_loss: 0.4872 - val_accuracy: 0.9080
Epoch 279/350
391/391 - 24s - loss: 0.1009 - accuracy: 0.9803 - val_loss: 0.4906 - val_accuracy: 0.9068
Epoch 280/350
391/391 - 24s - loss: 0.1015 - accuracy: 0.9801 - val_loss: 0.4900 - val_accuracy: 0.9068
Epoch 281/350
391/391 - 24s - loss: 0.1025 - accuracy: 0.9804 - val_loss: 0.4882 - val_accuracy: 0.9067
Epoch 282/350
391/391 - 24s - loss: 0.1041 - accuracy: 0.9799 - val_loss: 0.4874 - val_accuracy: 0.9071
Epoch 283/350
391/391 - 24s - loss: 0.1018 - accuracy: 0.9807 - val_loss: 0.4892 - val_accuracy: 0.9067
Epoch 284/350
391/391 - 24s - loss: 0.1034 - accuracy: 0.9791 - val_loss: 0.4877 - val_accuracy: 0.9076
Epoch 285/350
391/391 - 24s - loss: 0.1043 - accuracy: 0.9792 - val_loss: 0.4861 - val_accuracy: 0.9083
Epoch 286/350
391/391 - 24s - loss: 0.1014 - accuracy: 0.9806 - val_loss: 0.4887 - val_accuracy: 0.9077
Epoch 287/350
391/391 - 24s - loss: 0.1033 - accuracy: 0.9794 - val_loss: 0.4898 - val_accuracy: 0.9073
Epoch 288/350
391/391 - 24s - loss: 0.1021 - accuracy: 0.9795 - val_loss: 0.4882 - val_accuracy: 0.9068
Epoch 289/350
391/391 - 24s - loss: 0.1014 - accuracy: 0.9800 - val_loss: 0.4869 - val_accuracy: 0.9076
Epoch 290/350
391/391 - 24s - loss: 0.1040 - accuracy: 0.9794 - val_loss: 0.4855 - val_accuracy: 0.9077
Epoch 291/350
391/391 - 24s - loss: 0.1038 - accuracy: 0.9792 - val_loss: 0.4860 - val_accuracy: 0.9070
Epoch 292/350
391/391 - 24s - loss: 0.0996 - accuracy: 0.9810 - val_loss: 0.4895 - val_accuracy: 0.9072
Epoch 293/350
391/391 - 23s - loss: 0.1045 - accuracy: 0.9792 - val_loss: 0.4878 - val_accuracy: 0.9082
Epoch 294/350
391/391 - 24s - loss: 0.0990 - accuracy: 0.9816 - val_loss: 0.4888 - val_accuracy: 0.9072
Epoch 295/350
391/391 - 24s - loss: 0.1046 - accuracy: 0.9795 - val_loss: 0.4891 - val_accuracy: 0.9069
Epoch 296/350
391/391 - 24s - loss: 0.1026 - accuracy: 0.9804 - val_loss: 0.4875 - val_accuracy: 0.9077
Epoch 297/350
391/391 - 24s - loss: 0.1022 - accuracy: 0.9794 - val_loss: 0.4874 - val_accuracy: 0.9075
Epoch 298/350
391/391 - 24s - loss: 0.1012 - accuracy: 0.9803 - val_loss: 0.4886 - val_accuracy: 0.9078
Epoch 299/350
391/391 - 24s - loss: 0.1036 - accuracy: 0.9799 - val_loss: 0.4894 - val_accuracy: 0.9072
Epoch 300/350


Snapshot weight 5 shuffle 3 at epoch 300
Layer 11
Getting activations...


391/391 - 24s - loss: 0.1053 - accuracy: 0.9789 - val_loss: 0.4871 - val_accuracy: 0.9075
Epoch 301/350
391/391 - 24s - loss: 0.1007 - accuracy: 0.9811 - val_loss: 0.4868 - val_accuracy: 0.9068
Epoch 302/350
391/391 - 24s - loss: 0.1032 - accuracy: 0.9799 - val_loss: 0.4870 - val_accuracy: 0.9072
Epoch 303/350
391/391 - 24s - loss: 0.1011 - accuracy: 0.9805 - val_loss: 0.4871 - val_accuracy: 0.9077
Epoch 304/350
391/391 - 24s - loss: 0.1021 - accuracy: 0.9798 - val_loss: 0.4872 - val_accuracy: 0.9077
Epoch 305/350
391/391 - 24s - loss: 0.1004 - accuracy: 0.9803 - val_loss: 0.4875 - val_accuracy: 0.9077
Epoch 306/350
391/391 - 24s - loss: 0.1009 - accuracy: 0.9809 - val_loss: 0.4878 - val_accuracy: 0.9075
Epoch 307/350
391/391 - 24s - loss: 0.1013 - accuracy: 0.9809 - val_loss: 0.4877 - val_accuracy: 0.9076
Epoch 308/350
391/391 - 24s - loss: 0.1048 - accuracy: 0.9792 - val_loss: 0.4876 - val_accuracy: 0.9076
Epoch 309/350
391/391 - 24s - loss: 0.1027 - accuracy: 0.9798 - val_loss: 0.4881 - val_accuracy: 0.9076
Epoch 310/350
391/391 - 24s - loss: 0.1031 - accuracy: 0.9801 - val_loss: 0.4884 - val_accuracy: 0.9076
Epoch 311/350
391/391 - 24s - loss: 0.1027 - accuracy: 0.9801 - val_loss: 0.4885 - val_accuracy: 0.9075
Epoch 312/350
391/391 - 24s - loss: 0.1029 - accuracy: 0.9796 - val_loss: 0.4878 - val_accuracy: 0.9075
Epoch 313/350
391/391 - 24s - loss: 0.1014 - accuracy: 0.9803 - val_loss: 0.4875 - val_accuracy: 0.9077
Epoch 314/350
391/391 - 24s - loss: 0.1036 - accuracy: 0.9799 - val_loss: 0.4874 - val_accuracy: 0.9079
Epoch 315/350
391/391 - 24s - loss: 0.1019 - accuracy: 0.9803 - val_loss: 0.4874 - val_accuracy: 0.9078
Epoch 316/350
391/391 - 24s - loss: 0.1019 - accuracy: 0.9801 - val_loss: 0.4876 - val_accuracy: 0.9076
Epoch 317/350
391/391 - 24s - loss: 0.1032 - accuracy: 0.9792 - val_loss: 0.4878 - val_accuracy: 0.9077
Epoch 318/350
391/391 - 24s - loss: 0.1026 - accuracy: 0.9800 - val_loss: 0.4879 - val_accuracy: 0.9075
Epoch 319/350
391/391 - 24s - loss: 0.1010 - accuracy: 0.9808 - val_loss: 0.4879 - val_accuracy: 0.9075
Epoch 320/350
391/391 - 24s - loss: 0.1007 - accuracy: 0.9806 - val_loss: 0.4880 - val_accuracy: 0.9077
Epoch 321/350
391/391 - 24s - loss: 0.1029 - accuracy: 0.9809 - val_loss: 0.4880 - val_accuracy: 0.9074
Epoch 322/350
391/391 - 24s - loss: 0.0997 - accuracy: 0.9802 - val_loss: 0.4880 - val_accuracy: 0.9077
Epoch 323/350
391/391 - 24s - loss: 0.1027 - accuracy: 0.9799 - val_loss: 0.4880 - val_accuracy: 0.9076
Epoch 324/350
391/391 - 24s - loss: 0.1019 - accuracy: 0.9796 - val_loss: 0.4879 - val_accuracy: 0.9075
Epoch 325/350
391/391 - 24s - loss: 0.1021 - accuracy: 0.9803 - val_loss: 0.4880 - val_accuracy: 0.9075
Epoch 326/350
391/391 - 24s - loss: 0.1011 - accuracy: 0.9804 - val_loss: 0.4879 - val_accuracy: 0.9075
Epoch 327/350
391/391 - 24s - loss: 0.1036 - accuracy: 0.9806 - val_loss: 0.4879 - val_accuracy: 0.9072
Epoch 328/350
391/391 - 23s - loss: 0.1016 - accuracy: 0.9802 - val_loss: 0.4879 - val_accuracy: 0.9073
Epoch 329/350
391/391 - 24s - loss: 0.1026 - accuracy: 0.9798 - val_loss: 0.4878 - val_accuracy: 0.9076
Epoch 330/350
391/391 - 24s - loss: 0.1013 - accuracy: 0.9806 - val_loss: 0.4879 - val_accuracy: 0.9075
Epoch 331/350
391/391 - 24s - loss: 0.1009 - accuracy: 0.9818 - val_loss: 0.4880 - val_accuracy: 0.9074
Epoch 332/350
391/391 - 24s - loss: 0.0996 - accuracy: 0.9810 - val_loss: 0.4883 - val_accuracy: 0.9075
Epoch 333/350
391/391 - 24s - loss: 0.1007 - accuracy: 0.9805 - val_loss: 0.4886 - val_accuracy: 0.9075
Epoch 334/350
391/391 - 24s - loss: 0.1012 - accuracy: 0.9801 - val_loss: 0.4889 - val_accuracy: 0.9072
Epoch 335/350
391/391 - 24s - loss: 0.1030 - accuracy: 0.9800 - val_loss: 0.4883 - val_accuracy: 0.9070
Epoch 336/350
391/391 - 24s - loss: 0.1019 - accuracy: 0.9802 - val_loss: 0.4883 - val_accuracy: 0.9071
Epoch 337/350
391/391 - 24s - loss: 0.1041 - accuracy: 0.9798 - val_loss: 0.4882 - val_accuracy: 0.9070
Epoch 338/350
391/391 - 24s - loss: 0.1022 - accuracy: 0.9797 - val_loss: 0.4882 - val_accuracy: 0.9071
Epoch 339/350
391/391 - 24s - loss: 0.1017 - accuracy: 0.9798 - val_loss: 0.4879 - val_accuracy: 0.9073
Epoch 340/350
391/391 - 24s - loss: 0.1042 - accuracy: 0.9795 - val_loss: 0.4877 - val_accuracy: 0.9073
Epoch 341/350
391/391 - 24s - loss: 0.1010 - accuracy: 0.9803 - val_loss: 0.4880 - val_accuracy: 0.9074
Epoch 342/350
391/391 - 24s - loss: 0.1023 - accuracy: 0.9800 - val_loss: 0.4879 - val_accuracy: 0.9075
Epoch 343/350
391/391 - 24s - loss: 0.1037 - accuracy: 0.9794 - val_loss: 0.4877 - val_accuracy: 0.9074
Epoch 344/350
391/391 - 24s - loss: 0.1024 - accuracy: 0.9800 - val_loss: 0.4879 - val_accuracy: 0.9076
Epoch 345/350
391/391 - 24s - loss: 0.1025 - accuracy: 0.9808 - val_loss: 0.4881 - val_accuracy: 0.9079
Epoch 346/350
391/391 - 24s - loss: 0.1044 - accuracy: 0.9796 - val_loss: 0.4881 - val_accuracy: 0.9075
Epoch 347/350
391/391 - 24s - loss: 0.1023 - accuracy: 0.9794 - val_loss: 0.4881 - val_accuracy: 0.9073
Epoch 348/350
391/391 - 24s - loss: 0.1038 - accuracy: 0.9792 - val_loss: 0.4882 - val_accuracy: 0.9075
Epoch 349/350
391/391 - 24s - loss: 0.1033 - accuracy: 0.9803 - val_loss: 0.4877 - val_accuracy: 0.9074
Epoch 350/350


Snapshot weight 5 shuffle 3 at epoch 350
Layer 11
Getting activations...


391/391 - 24s - loss: 0.1030 - accuracy: 0.9802 - val_loss: 0.4876 - val_accuracy: 0.9075
/usr/local/lib/python3.6/dist-packages/tensorflow/python/autograph/impl/api.py:493: UserWarning: fill_value is not supported and is always 0 for TensorFlow < 2.4.0.
  return py_builtins.overload_of(f)(*args)
WARNING:tensorflow:From /usr/local/lib/python3.6/dist-packages/tensorflow/python/training/tracking/tracking.py:111: Model.state_updates (from tensorflow.python.keras.engine.training) is deprecated and will be removed in a future version.
Instructions for updating:
This property should not be used in TensorFlow 2.0, as updates are applied automatically.
2021-07-02 04:29:28.205378: W tensorflow/python/util/util.cc:348] Sets are not currently considered sequences, but this may change in the future, so consider avoiding using them.
WARNING:tensorflow:From /usr/local/lib/python3.6/dist-packages/tensorflow/python/training/tracking/tracking.py:111: Layer.updates (from tensorflow.python.keras.engine.base_layer) is deprecated and will be removed in a future version.
Instructions for updating:
This property should not be used in TensorFlow 2.0, as updates are applied automatically.
Saving, final validation acc: 0.9075000286102295
