2021-07-01 21:58:21.954264: I tensorflow/stream_executor/platform/default/dso_loader.cc:48] Successfully opened dynamic library libcudart.so.10.1
2021-07-01 21:59:46.065455: I tensorflow/stream_executor/platform/default/dso_loader.cc:48] Successfully opened dynamic library libcuda.so.1
2021-07-01 21:59:46.102543: I tensorflow/core/common_runtime/gpu/gpu_device.cc:1716] Found device 0 with properties: 
pciBusID: 0000:02:00.0 name: NVIDIA TITAN X (Pascal) computeCapability: 6.1
coreClock: 1.531GHz coreCount: 28 deviceMemorySize: 11.91GiB deviceMemoryBandwidth: 447.48GiB/s
2021-07-01 21:59:46.102642: I tensorflow/stream_executor/platform/default/dso_loader.cc:48] Successfully opened dynamic library libcudart.so.10.1
2021-07-01 21:59:46.146768: I tensorflow/stream_executor/platform/default/dso_loader.cc:48] Successfully opened dynamic library libcublas.so.10
2021-07-01 21:59:46.168614: I tensorflow/stream_executor/platform/default/dso_loader.cc:48] Successfully opened dynamic library libcufft.so.10
2021-07-01 21:59:46.177196: I tensorflow/stream_executor/platform/default/dso_loader.cc:48] Successfully opened dynamic library libcurand.so.10
2021-07-01 21:59:46.222530: I tensorflow/stream_executor/platform/default/dso_loader.cc:48] Successfully opened dynamic library libcusolver.so.10
2021-07-01 21:59:46.231568: I tensorflow/stream_executor/platform/default/dso_loader.cc:48] Successfully opened dynamic library libcusparse.so.10
2021-07-01 21:59:46.311730: I tensorflow/stream_executor/platform/default/dso_loader.cc:48] Successfully opened dynamic library libcudnn.so.7
2021-07-01 21:59:46.314245: I tensorflow/core/common_runtime/gpu/gpu_device.cc:1858] Adding visible gpu devices: 0
2021-07-01 21:59:46.318088: I tensorflow/core/platform/cpu_feature_guard.cc:142] This TensorFlow binary is optimized with oneAPI Deep Neural Network Library (oneDNN)to use the following CPU instructions in performance-critical operations:  AVX2 FMA
To enable them in other operations, rebuild TensorFlow with the appropriate compiler flags.
2021-07-01 21:59:46.334611: I tensorflow/core/platform/profile_utils/cpu_utils.cc:104] CPU Frequency: 2599940000 Hz
2021-07-01 21:59:46.334778: I tensorflow/compiler/xla/service/service.cc:168] XLA service 0x5876370 initialized for platform Host (this does not guarantee that XLA will be used). Devices:
2021-07-01 21:59:46.334799: I tensorflow/compiler/xla/service/service.cc:176]   StreamExecutor device (0): Host, Default Version
2021-07-01 21:59:46.506993: I tensorflow/compiler/xla/service/service.cc:168] XLA service 0x58582f0 initialized for platform CUDA (this does not guarantee that XLA will be used). Devices:
2021-07-01 21:59:46.507084: I tensorflow/compiler/xla/service/service.cc:176]   StreamExecutor device (0): NVIDIA TITAN X (Pascal), Compute Capability 6.1
2021-07-01 21:59:46.510578: I tensorflow/core/common_runtime/gpu/gpu_device.cc:1716] Found device 0 with properties: 
pciBusID: 0000:02:00.0 name: NVIDIA TITAN X (Pascal) computeCapability: 6.1
coreClock: 1.531GHz coreCount: 28 deviceMemorySize: 11.91GiB deviceMemoryBandwidth: 447.48GiB/s
2021-07-01 21:59:46.510620: I tensorflow/stream_executor/platform/default/dso_loader.cc:48] Successfully opened dynamic library libcudart.so.10.1
2021-07-01 21:59:46.510651: I tensorflow/stream_executor/platform/default/dso_loader.cc:48] Successfully opened dynamic library libcublas.so.10
2021-07-01 21:59:46.510671: I tensorflow/stream_executor/platform/default/dso_loader.cc:48] Successfully opened dynamic library libcufft.so.10
2021-07-01 21:59:46.510689: I tensorflow/stream_executor/platform/default/dso_loader.cc:48] Successfully opened dynamic library libcurand.so.10
2021-07-01 21:59:46.510706: I tensorflow/stream_executor/platform/default/dso_loader.cc:48] Successfully opened dynamic library libcusolver.so.10
2021-07-01 21:59:46.510724: I tensorflow/stream_executor/platform/default/dso_loader.cc:48] Successfully opened dynamic library libcusparse.so.10
2021-07-01 21:59:46.511404: I tensorflow/stream_executor/platform/default/dso_loader.cc:48] Successfully opened dynamic library libcudnn.so.7
2021-07-01 21:59:46.514908: I tensorflow/core/common_runtime/gpu/gpu_device.cc:1858] Adding visible gpu devices: 0
2021-07-01 21:59:46.516592: I tensorflow/stream_executor/platform/default/dso_loader.cc:48] Successfully opened dynamic library libcudart.so.10.1
2021-07-01 21:59:48.379265: I tensorflow/core/common_runtime/gpu/gpu_device.cc:1257] Device interconnect StreamExecutor with strength 1 edge matrix:
2021-07-01 21:59:48.379363: I tensorflow/core/common_runtime/gpu/gpu_device.cc:1263]      0 
2021-07-01 21:59:48.379377: I tensorflow/core/common_runtime/gpu/gpu_device.cc:1276] 0:   N 
2021-07-01 21:59:48.385987: I tensorflow/core/common_runtime/gpu/gpu_device.cc:1402] Created TensorFlow device (/job:localhost/replica:0/task:0/device:GPU:0 with 11228 MB memory) -> physical GPU (device: 0, name: NVIDIA TITAN X (Pascal), pci bus id: 0000:02:00.0, compute capability: 6.1)
2021-07-01 21:59:54.338946: I tensorflow/stream_executor/platform/default/dso_loader.cc:48] Successfully opened dynamic library libcudnn.so.7
2021-07-01 21:59:56.941935: I tensorflow/stream_executor/platform/default/dso_loader.cc:48] Successfully opened dynamic library libcublas.so.10
Using model index: 24
Making train data...
GCN...
ZCA...
Done!
Making test data...
Done!
Epoch 1/350


Snapshot weight 4 shuffle 2 at epoch 1
Layer 11
Getting activations...


391/391 - 25s - loss: 2.3256 - accuracy: 0.1023 - val_loss: 2.3241 - val_accuracy: 0.1021
Epoch 2/350


Snapshot weight 4 shuffle 2 at epoch 2
Layer 11
Getting activations...


391/391 - 24s - loss: 2.3183 - accuracy: 0.1148 - val_loss: 2.3110 - val_accuracy: 0.1161
Epoch 3/350


Snapshot weight 4 shuffle 2 at epoch 3
Layer 11
Getting activations...


391/391 - 25s - loss: 2.3007 - accuracy: 0.1496 - val_loss: 2.2724 - val_accuracy: 0.1828
Epoch 4/350


Snapshot weight 4 shuffle 2 at epoch 4
Layer 11
Getting activations...


391/391 - 25s - loss: 2.1825 - accuracy: 0.2235 - val_loss: 1.9516 - val_accuracy: 0.2863
Epoch 5/350


Snapshot weight 4 shuffle 2 at epoch 5
Layer 11
Getting activations...


391/391 - 24s - loss: 1.8958 - accuracy: 0.3389 - val_loss: 1.8694 - val_accuracy: 0.3789
Epoch 6/350


Snapshot weight 4 shuffle 2 at epoch 6
Layer 11
Getting activations...


391/391 - 25s - loss: 1.6175 - accuracy: 0.4229 - val_loss: 1.3964 - val_accuracy: 0.5027
Epoch 7/350


Snapshot weight 4 shuffle 2 at epoch 7
Layer 11
Getting activations...


391/391 - 24s - loss: 1.4208 - accuracy: 0.4942 - val_loss: 1.2529 - val_accuracy: 0.5541
Epoch 8/350


Snapshot weight 4 shuffle 2 at epoch 8
Layer 11
Getting activations...


391/391 - 25s - loss: 1.3167 - accuracy: 0.5345 - val_loss: 1.1758 - val_accuracy: 0.5792
Epoch 9/350


Snapshot weight 4 shuffle 2 at epoch 9
Layer 11
Getting activations...


391/391 - 25s - loss: 1.2176 - accuracy: 0.5740 - val_loss: 1.0991 - val_accuracy: 0.6130
Epoch 10/350


Snapshot weight 4 shuffle 2 at epoch 10
Layer 11
Getting activations...


391/391 - 25s - loss: 1.1423 - accuracy: 0.5988 - val_loss: 1.1752 - val_accuracy: 0.6093
Epoch 11/350
391/391 - 24s - loss: 1.0894 - accuracy: 0.6196 - val_loss: 0.9514 - val_accuracy: 0.6687
Epoch 12/350
391/391 - 24s - loss: 1.0512 - accuracy: 0.6354 - val_loss: 1.0244 - val_accuracy: 0.6494
Epoch 13/350
391/391 - 24s - loss: 0.9961 - accuracy: 0.6554 - val_loss: 0.9381 - val_accuracy: 0.6767
Epoch 14/350
391/391 - 24s - loss: 0.9655 - accuracy: 0.6677 - val_loss: 0.9037 - val_accuracy: 0.6894
Epoch 15/350
391/391 - 24s - loss: 0.9271 - accuracy: 0.6811 - val_loss: 0.8762 - val_accuracy: 0.6997
Epoch 16/350
391/391 - 24s - loss: 0.8949 - accuracy: 0.6922 - val_loss: 0.8305 - val_accuracy: 0.7152
Epoch 17/350
391/391 - 24s - loss: 0.8569 - accuracy: 0.7065 - val_loss: 0.8070 - val_accuracy: 0.7234
Epoch 18/350
391/391 - 24s - loss: 0.8227 - accuracy: 0.7196 - val_loss: 0.7897 - val_accuracy: 0.7354
Epoch 19/350
391/391 - 24s - loss: 0.8007 - accuracy: 0.7274 - val_loss: 0.7681 - val_accuracy: 0.7490
Epoch 20/350
391/391 - 24s - loss: 0.7760 - accuracy: 0.7391 - val_loss: 0.7001 - val_accuracy: 0.7673
Epoch 21/350
391/391 - 24s - loss: 0.7518 - accuracy: 0.7474 - val_loss: 0.7346 - val_accuracy: 0.7537
Epoch 22/350
391/391 - 24s - loss: 0.7164 - accuracy: 0.7593 - val_loss: 0.6947 - val_accuracy: 0.7696
Epoch 23/350
391/391 - 25s - loss: 0.7029 - accuracy: 0.7643 - val_loss: 0.6343 - val_accuracy: 0.7883
Epoch 24/350
391/391 - 24s - loss: 0.6863 - accuracy: 0.7679 - val_loss: 0.6491 - val_accuracy: 0.7862
Epoch 25/350
391/391 - 24s - loss: 0.6627 - accuracy: 0.7794 - val_loss: 0.6302 - val_accuracy: 0.7900
Epoch 26/350
391/391 - 24s - loss: 0.6418 - accuracy: 0.7869 - val_loss: 0.6004 - val_accuracy: 0.8050
Epoch 27/350
391/391 - 24s - loss: 0.6253 - accuracy: 0.7921 - val_loss: 0.6030 - val_accuracy: 0.8016
Epoch 28/350
391/391 - 24s - loss: 0.6102 - accuracy: 0.7961 - val_loss: 0.6068 - val_accuracy: 0.8032
Epoch 29/350
391/391 - 24s - loss: 0.6021 - accuracy: 0.8008 - val_loss: 0.5568 - val_accuracy: 0.8150
Epoch 30/350
391/391 - 24s - loss: 0.5816 - accuracy: 0.8075 - val_loss: 0.5600 - val_accuracy: 0.8175
Epoch 31/350
391/391 - 25s - loss: 0.5687 - accuracy: 0.8133 - val_loss: 0.5968 - val_accuracy: 0.8079
Epoch 32/350
391/391 - 24s - loss: 0.5551 - accuracy: 0.8168 - val_loss: 0.5527 - val_accuracy: 0.8218
Epoch 33/350
391/391 - 24s - loss: 0.5479 - accuracy: 0.8186 - val_loss: 0.5528 - val_accuracy: 0.8273
Epoch 34/350
391/391 - 24s - loss: 0.5429 - accuracy: 0.8221 - val_loss: 0.6000 - val_accuracy: 0.8108
Epoch 35/350
391/391 - 24s - loss: 0.5274 - accuracy: 0.8283 - val_loss: 0.5215 - val_accuracy: 0.8331
Epoch 36/350
391/391 - 24s - loss: 0.5190 - accuracy: 0.8302 - val_loss: 0.4901 - val_accuracy: 0.8448
Epoch 37/350
391/391 - 24s - loss: 0.5092 - accuracy: 0.8332 - val_loss: 0.5327 - val_accuracy: 0.8340
Epoch 38/350
391/391 - 24s - loss: 0.5029 - accuracy: 0.8375 - val_loss: 0.4836 - val_accuracy: 0.8479
Epoch 39/350
391/391 - 24s - loss: 0.4924 - accuracy: 0.8399 - val_loss: 0.5214 - val_accuracy: 0.8374
Epoch 40/350
391/391 - 24s - loss: 0.4882 - accuracy: 0.8415 - val_loss: 0.5167 - val_accuracy: 0.8359
Epoch 41/350
391/391 - 24s - loss: 0.4777 - accuracy: 0.8447 - val_loss: 0.5539 - val_accuracy: 0.8290
Epoch 42/350
391/391 - 24s - loss: 0.4644 - accuracy: 0.8516 - val_loss: 0.4871 - val_accuracy: 0.8478
Epoch 43/350
391/391 - 24s - loss: 0.4573 - accuracy: 0.8526 - val_loss: 0.4866 - val_accuracy: 0.8487
Epoch 44/350
391/391 - 24s - loss: 0.4567 - accuracy: 0.8521 - val_loss: 0.4615 - val_accuracy: 0.8577
Epoch 45/350
391/391 - 24s - loss: 0.4519 - accuracy: 0.8545 - val_loss: 0.4855 - val_accuracy: 0.8501
Epoch 46/350
391/391 - 25s - loss: 0.4402 - accuracy: 0.8551 - val_loss: 0.4930 - val_accuracy: 0.8533
Epoch 47/350
391/391 - 24s - loss: 0.4421 - accuracy: 0.8580 - val_loss: 0.4524 - val_accuracy: 0.8633
Epoch 48/350
391/391 - 24s - loss: 0.4311 - accuracy: 0.8619 - val_loss: 0.4494 - val_accuracy: 0.8583
Epoch 49/350
391/391 - 24s - loss: 0.4236 - accuracy: 0.8636 - val_loss: 0.5061 - val_accuracy: 0.8501
Epoch 50/350


Snapshot weight 4 shuffle 2 at epoch 50
Layer 11
Getting activations...


391/391 - 25s - loss: 0.4092 - accuracy: 0.8680 - val_loss: 0.4822 - val_accuracy: 0.8559
Epoch 51/350
391/391 - 24s - loss: 0.4091 - accuracy: 0.8685 - val_loss: 0.4613 - val_accuracy: 0.8560
Epoch 52/350
391/391 - 24s - loss: 0.4061 - accuracy: 0.8686 - val_loss: 0.4676 - val_accuracy: 0.8571
Epoch 53/350
391/391 - 24s - loss: 0.3988 - accuracy: 0.8708 - val_loss: 0.4550 - val_accuracy: 0.8635
Epoch 54/350
391/391 - 24s - loss: 0.4061 - accuracy: 0.8707 - val_loss: 0.4692 - val_accuracy: 0.8577
Epoch 55/350
391/391 - 24s - loss: 0.3944 - accuracy: 0.8747 - val_loss: 0.4488 - val_accuracy: 0.8633
Epoch 56/350
391/391 - 24s - loss: 0.3825 - accuracy: 0.8765 - val_loss: 0.4450 - val_accuracy: 0.8665
Epoch 57/350
391/391 - 24s - loss: 0.3911 - accuracy: 0.8736 - val_loss: 0.4655 - val_accuracy: 0.8657
Epoch 58/350
391/391 - 24s - loss: 0.3830 - accuracy: 0.8770 - val_loss: 0.4782 - val_accuracy: 0.8584
Epoch 59/350
391/391 - 24s - loss: 0.3761 - accuracy: 0.8810 - val_loss: 0.4733 - val_accuracy: 0.8584
Epoch 60/350
391/391 - 24s - loss: 0.3691 - accuracy: 0.8828 - val_loss: 0.4402 - val_accuracy: 0.8702
Epoch 61/350
391/391 - 24s - loss: 0.3693 - accuracy: 0.8824 - val_loss: 0.4345 - val_accuracy: 0.8717
Epoch 62/350
391/391 - 24s - loss: 0.3639 - accuracy: 0.8842 - val_loss: 0.4401 - val_accuracy: 0.8732
Epoch 63/350
391/391 - 24s - loss: 0.3543 - accuracy: 0.8871 - val_loss: 0.4452 - val_accuracy: 0.8710
Epoch 64/350
391/391 - 24s - loss: 0.3579 - accuracy: 0.8874 - val_loss: 0.4500 - val_accuracy: 0.8732
Epoch 65/350
391/391 - 24s - loss: 0.3527 - accuracy: 0.8879 - val_loss: 0.4481 - val_accuracy: 0.8709
Epoch 66/350
391/391 - 24s - loss: 0.3467 - accuracy: 0.8892 - val_loss: 0.4387 - val_accuracy: 0.8685
Epoch 67/350
391/391 - 24s - loss: 0.3474 - accuracy: 0.8899 - val_loss: 0.4118 - val_accuracy: 0.8802
Epoch 68/350
391/391 - 24s - loss: 0.3417 - accuracy: 0.8901 - val_loss: 0.4423 - val_accuracy: 0.8674
Epoch 69/350
391/391 - 24s - loss: 0.3398 - accuracy: 0.8911 - val_loss: 0.4521 - val_accuracy: 0.8764
Epoch 70/350
391/391 - 24s - loss: 0.3362 - accuracy: 0.8932 - val_loss: 0.4330 - val_accuracy: 0.8777
Epoch 71/350
391/391 - 24s - loss: 0.3269 - accuracy: 0.8968 - val_loss: 0.4420 - val_accuracy: 0.8731
Epoch 72/350
391/391 - 24s - loss: 0.3285 - accuracy: 0.8970 - val_loss: 0.3996 - val_accuracy: 0.8790
Epoch 73/350
391/391 - 24s - loss: 0.3243 - accuracy: 0.8986 - val_loss: 0.4268 - val_accuracy: 0.8776
Epoch 74/350
391/391 - 24s - loss: 0.3246 - accuracy: 0.8975 - val_loss: 0.4591 - val_accuracy: 0.8725
Epoch 75/350
391/391 - 24s - loss: 0.3185 - accuracy: 0.8998 - val_loss: 0.4240 - val_accuracy: 0.8835
Epoch 76/350
391/391 - 25s - loss: 0.3169 - accuracy: 0.9008 - val_loss: 0.4368 - val_accuracy: 0.8779
Epoch 77/350
391/391 - 24s - loss: 0.3152 - accuracy: 0.9026 - val_loss: 0.4114 - val_accuracy: 0.8813
Epoch 78/350
391/391 - 24s - loss: 0.3162 - accuracy: 0.8999 - val_loss: 0.4459 - val_accuracy: 0.8726
Epoch 79/350
391/391 - 24s - loss: 0.3047 - accuracy: 0.9055 - val_loss: 0.4440 - val_accuracy: 0.8723
Epoch 80/350
391/391 - 24s - loss: 0.3083 - accuracy: 0.9037 - val_loss: 0.4078 - val_accuracy: 0.8847
Epoch 81/350
391/391 - 24s - loss: 0.3031 - accuracy: 0.9057 - val_loss: 0.4507 - val_accuracy: 0.8759
Epoch 82/350
391/391 - 24s - loss: 0.3018 - accuracy: 0.9058 - val_loss: 0.4453 - val_accuracy: 0.8736
Epoch 83/350
391/391 - 24s - loss: 0.2990 - accuracy: 0.9067 - val_loss: 0.4235 - val_accuracy: 0.8847
Epoch 84/350
391/391 - 24s - loss: 0.2925 - accuracy: 0.9100 - val_loss: 0.4176 - val_accuracy: 0.8822
Epoch 85/350
391/391 - 24s - loss: 0.2918 - accuracy: 0.9091 - val_loss: 0.4031 - val_accuracy: 0.8882
Epoch 86/350
391/391 - 24s - loss: 0.2925 - accuracy: 0.9104 - val_loss: 0.4208 - val_accuracy: 0.8799
Epoch 87/350
391/391 - 24s - loss: 0.2839 - accuracy: 0.9125 - val_loss: 0.4874 - val_accuracy: 0.8739
Epoch 88/350
391/391 - 24s - loss: 0.2884 - accuracy: 0.9113 - val_loss: 0.4152 - val_accuracy: 0.8875
Epoch 89/350
391/391 - 24s - loss: 0.2848 - accuracy: 0.9114 - val_loss: 0.3964 - val_accuracy: 0.8884
Epoch 90/350
391/391 - 24s - loss: 0.2831 - accuracy: 0.9138 - val_loss: 0.4096 - val_accuracy: 0.8864
Epoch 91/350
391/391 - 24s - loss: 0.2821 - accuracy: 0.9122 - val_loss: 0.4085 - val_accuracy: 0.8865
Epoch 92/350
391/391 - 24s - loss: 0.2765 - accuracy: 0.9157 - val_loss: 0.4304 - val_accuracy: 0.8795
Epoch 93/350
391/391 - 24s - loss: 0.2786 - accuracy: 0.9154 - val_loss: 0.4531 - val_accuracy: 0.8772
Epoch 94/350
391/391 - 25s - loss: 0.2711 - accuracy: 0.9182 - val_loss: 0.4158 - val_accuracy: 0.8849
Epoch 95/350
391/391 - 24s - loss: 0.2703 - accuracy: 0.9179 - val_loss: 0.4216 - val_accuracy: 0.8830
Epoch 96/350
391/391 - 24s - loss: 0.2715 - accuracy: 0.9175 - val_loss: 0.4303 - val_accuracy: 0.8871
Epoch 97/350
391/391 - 24s - loss: 0.2690 - accuracy: 0.9180 - val_loss: 0.4145 - val_accuracy: 0.8869
Epoch 98/350
391/391 - 24s - loss: 0.2660 - accuracy: 0.9193 - val_loss: 0.3879 - val_accuracy: 0.8946
Epoch 99/350
391/391 - 24s - loss: 0.2658 - accuracy: 0.9197 - val_loss: 0.4143 - val_accuracy: 0.8829
Epoch 100/350


Snapshot weight 4 shuffle 2 at epoch 100
Layer 11
Getting activations...


391/391 - 25s - loss: 0.2580 - accuracy: 0.9223 - val_loss: 0.4090 - val_accuracy: 0.8926
Epoch 101/350
391/391 - 24s - loss: 0.2599 - accuracy: 0.9212 - val_loss: 0.4185 - val_accuracy: 0.8859
Epoch 102/350
391/391 - 24s - loss: 0.2577 - accuracy: 0.9218 - val_loss: 0.4242 - val_accuracy: 0.8841
Epoch 103/350
391/391 - 24s - loss: 0.2533 - accuracy: 0.9233 - val_loss: 0.4561 - val_accuracy: 0.8847
Epoch 104/350
391/391 - 24s - loss: 0.2570 - accuracy: 0.9224 - val_loss: 0.4164 - val_accuracy: 0.8902
Epoch 105/350
391/391 - 24s - loss: 0.2506 - accuracy: 0.9249 - val_loss: 0.4538 - val_accuracy: 0.8850
Epoch 106/350
391/391 - 24s - loss: 0.2528 - accuracy: 0.9246 - val_loss: 0.4430 - val_accuracy: 0.8788
Epoch 107/350
391/391 - 24s - loss: 0.2483 - accuracy: 0.9258 - val_loss: 0.4413 - val_accuracy: 0.8851
Epoch 108/350
391/391 - 25s - loss: 0.2494 - accuracy: 0.9264 - val_loss: 0.4013 - val_accuracy: 0.8933
Epoch 109/350
391/391 - 24s - loss: 0.2449 - accuracy: 0.9271 - val_loss: 0.4387 - val_accuracy: 0.8869
Epoch 110/350
391/391 - 24s - loss: 0.2461 - accuracy: 0.9267 - val_loss: 0.4225 - val_accuracy: 0.8938
Epoch 111/350
391/391 - 24s - loss: 0.2426 - accuracy: 0.9278 - val_loss: 0.4131 - val_accuracy: 0.8914
Epoch 112/350
391/391 - 24s - loss: 0.2406 - accuracy: 0.9283 - val_loss: 0.4365 - val_accuracy: 0.8897
Epoch 113/350
391/391 - 24s - loss: 0.2419 - accuracy: 0.9282 - val_loss: 0.4040 - val_accuracy: 0.8914
Epoch 114/350
391/391 - 24s - loss: 0.2425 - accuracy: 0.9277 - val_loss: 0.4174 - val_accuracy: 0.8908
Epoch 115/350
391/391 - 24s - loss: 0.2366 - accuracy: 0.9292 - val_loss: 0.4316 - val_accuracy: 0.8912
Epoch 116/350
391/391 - 24s - loss: 0.2415 - accuracy: 0.9281 - val_loss: 0.4374 - val_accuracy: 0.8914
Epoch 117/350
391/391 - 24s - loss: 0.2373 - accuracy: 0.9301 - val_loss: 0.4416 - val_accuracy: 0.8846
Epoch 118/350
391/391 - 24s - loss: 0.2362 - accuracy: 0.9289 - val_loss: 0.4282 - val_accuracy: 0.8859
Epoch 119/350
391/391 - 24s - loss: 0.2393 - accuracy: 0.9304 - val_loss: 0.4121 - val_accuracy: 0.8934
Epoch 120/350
391/391 - 24s - loss: 0.2284 - accuracy: 0.9322 - val_loss: 0.4616 - val_accuracy: 0.8862
Epoch 121/350
391/391 - 24s - loss: 0.2285 - accuracy: 0.9325 - val_loss: 0.4223 - val_accuracy: 0.8896
Epoch 122/350
391/391 - 25s - loss: 0.2321 - accuracy: 0.9319 - val_loss: 0.4316 - val_accuracy: 0.8905
Epoch 123/350
391/391 - 24s - loss: 0.2266 - accuracy: 0.9341 - val_loss: 0.4907 - val_accuracy: 0.8830
Epoch 124/350
391/391 - 24s - loss: 0.2261 - accuracy: 0.9327 - val_loss: 0.4486 - val_accuracy: 0.8901
Epoch 125/350
391/391 - 24s - loss: 0.2256 - accuracy: 0.9360 - val_loss: 0.4279 - val_accuracy: 0.8895
Epoch 126/350
391/391 - 24s - loss: 0.2220 - accuracy: 0.9355 - val_loss: 0.4252 - val_accuracy: 0.8909
Epoch 127/350
391/391 - 24s - loss: 0.2206 - accuracy: 0.9364 - val_loss: 0.4289 - val_accuracy: 0.8938
Epoch 128/350
391/391 - 24s - loss: 0.2257 - accuracy: 0.9330 - val_loss: 0.4374 - val_accuracy: 0.8921
Epoch 129/350
391/391 - 25s - loss: 0.2196 - accuracy: 0.9355 - val_loss: 0.4390 - val_accuracy: 0.8939
Epoch 130/350
391/391 - 24s - loss: 0.2237 - accuracy: 0.9353 - val_loss: 0.4272 - val_accuracy: 0.8944
Epoch 131/350
391/391 - 24s - loss: 0.2146 - accuracy: 0.9377 - val_loss: 0.4240 - val_accuracy: 0.8929
Epoch 132/350
391/391 - 24s - loss: 0.2139 - accuracy: 0.9378 - val_loss: 0.4273 - val_accuracy: 0.8928
Epoch 133/350
391/391 - 24s - loss: 0.2183 - accuracy: 0.9368 - val_loss: 0.4382 - val_accuracy: 0.8943
Epoch 134/350
391/391 - 24s - loss: 0.2128 - accuracy: 0.9389 - val_loss: 0.4558 - val_accuracy: 0.8907
Epoch 135/350
391/391 - 24s - loss: 0.2132 - accuracy: 0.9384 - val_loss: 0.4444 - val_accuracy: 0.8916
Epoch 136/350
391/391 - 25s - loss: 0.2088 - accuracy: 0.9401 - val_loss: 0.4263 - val_accuracy: 0.8976
Epoch 137/350
391/391 - 24s - loss: 0.2060 - accuracy: 0.9417 - val_loss: 0.4668 - val_accuracy: 0.8901
Epoch 138/350
391/391 - 24s - loss: 0.2130 - accuracy: 0.9385 - val_loss: 0.4293 - val_accuracy: 0.8967
Epoch 139/350
391/391 - 24s - loss: 0.2080 - accuracy: 0.9412 - val_loss: 0.4225 - val_accuracy: 0.8922
Epoch 140/350
391/391 - 24s - loss: 0.2080 - accuracy: 0.9403 - val_loss: 0.4382 - val_accuracy: 0.8910
Epoch 141/350
391/391 - 24s - loss: 0.2065 - accuracy: 0.9415 - val_loss: 0.4294 - val_accuracy: 0.8939
Epoch 142/350
391/391 - 24s - loss: 0.2065 - accuracy: 0.9423 - val_loss: 0.4427 - val_accuracy: 0.8913
Epoch 143/350
391/391 - 24s - loss: 0.2021 - accuracy: 0.9439 - val_loss: 0.4395 - val_accuracy: 0.8941
Epoch 144/350
391/391 - 24s - loss: 0.2018 - accuracy: 0.9439 - val_loss: 0.4598 - val_accuracy: 0.8941
Epoch 145/350
391/391 - 24s - loss: 0.2046 - accuracy: 0.9415 - val_loss: 0.4430 - val_accuracy: 0.8943
Epoch 146/350
391/391 - 24s - loss: 0.2043 - accuracy: 0.9426 - val_loss: 0.4528 - val_accuracy: 0.8865
Epoch 147/350
391/391 - 24s - loss: 0.1983 - accuracy: 0.9444 - val_loss: 0.4205 - val_accuracy: 0.8958
Epoch 148/350
391/391 - 24s - loss: 0.1987 - accuracy: 0.9458 - val_loss: 0.4659 - val_accuracy: 0.8927
Epoch 149/350
391/391 - 24s - loss: 0.1982 - accuracy: 0.9443 - val_loss: 0.4271 - val_accuracy: 0.8990
Epoch 150/350


Snapshot weight 4 shuffle 2 at epoch 150
Layer 11
Getting activations...


391/391 - 25s - loss: 0.1984 - accuracy: 0.9439 - val_loss: 0.4196 - val_accuracy: 0.8984
Epoch 151/350
391/391 - 24s - loss: 0.1970 - accuracy: 0.9450 - val_loss: 0.4671 - val_accuracy: 0.8917
Epoch 152/350
391/391 - 25s - loss: 0.1995 - accuracy: 0.9448 - val_loss: 0.4620 - val_accuracy: 0.8889
Epoch 153/350
391/391 - 24s - loss: 0.1942 - accuracy: 0.9450 - val_loss: 0.4505 - val_accuracy: 0.8937
Epoch 154/350
391/391 - 24s - loss: 0.1979 - accuracy: 0.9443 - val_loss: 0.4517 - val_accuracy: 0.9001
Epoch 155/350
391/391 - 24s - loss: 0.1959 - accuracy: 0.9460 - val_loss: 0.4404 - val_accuracy: 0.8929
Epoch 156/350
391/391 - 24s - loss: 0.1929 - accuracy: 0.9464 - val_loss: 0.4392 - val_accuracy: 0.8948
Epoch 157/350
391/391 - 24s - loss: 0.1984 - accuracy: 0.9456 - val_loss: 0.4305 - val_accuracy: 0.8970
Epoch 158/350
391/391 - 24s - loss: 0.1908 - accuracy: 0.9478 - val_loss: 0.4706 - val_accuracy: 0.8908
Epoch 159/350
391/391 - 24s - loss: 0.1895 - accuracy: 0.9478 - val_loss: 0.4544 - val_accuracy: 0.8958
Epoch 160/350
391/391 - 24s - loss: 0.1950 - accuracy: 0.9447 - val_loss: 0.4453 - val_accuracy: 0.8983
Epoch 161/350
391/391 - 24s - loss: 0.1881 - accuracy: 0.9487 - val_loss: 0.4426 - val_accuracy: 0.8948
Epoch 162/350
391/391 - 24s - loss: 0.1865 - accuracy: 0.9485 - val_loss: 0.4273 - val_accuracy: 0.9005
Epoch 163/350
391/391 - 24s - loss: 0.1920 - accuracy: 0.9473 - val_loss: 0.4435 - val_accuracy: 0.8995
Epoch 164/350
391/391 - 24s - loss: 0.1842 - accuracy: 0.9516 - val_loss: 0.4491 - val_accuracy: 0.8986
Epoch 165/350
391/391 - 24s - loss: 0.1877 - accuracy: 0.9489 - val_loss: 0.4241 - val_accuracy: 0.8977
Epoch 166/350
391/391 - 24s - loss: 0.1851 - accuracy: 0.9490 - val_loss: 0.4728 - val_accuracy: 0.8949
Epoch 167/350
391/391 - 24s - loss: 0.1843 - accuracy: 0.9505 - val_loss: 0.4337 - val_accuracy: 0.8993
Epoch 168/350
391/391 - 24s - loss: 0.1833 - accuracy: 0.9498 - val_loss: 0.4606 - val_accuracy: 0.8945
Epoch 169/350
391/391 - 24s - loss: 0.1826 - accuracy: 0.9507 - val_loss: 0.4396 - val_accuracy: 0.8975
Epoch 170/350
391/391 - 24s - loss: 0.1838 - accuracy: 0.9504 - val_loss: 0.4846 - val_accuracy: 0.8911
Epoch 171/350
391/391 - 24s - loss: 0.1811 - accuracy: 0.9508 - val_loss: 0.5011 - val_accuracy: 0.8882
Epoch 172/350
391/391 - 24s - loss: 0.1781 - accuracy: 0.9529 - val_loss: 0.4485 - val_accuracy: 0.8963
Epoch 173/350
391/391 - 24s - loss: 0.1867 - accuracy: 0.9507 - val_loss: 0.4525 - val_accuracy: 0.8915
Epoch 174/350
391/391 - 24s - loss: 0.1802 - accuracy: 0.9507 - val_loss: 0.4571 - val_accuracy: 0.8925
Epoch 175/350
391/391 - 24s - loss: 0.1777 - accuracy: 0.9523 - val_loss: 0.4803 - val_accuracy: 0.8950
Epoch 176/350
391/391 - 24s - loss: 0.1775 - accuracy: 0.9524 - val_loss: 0.4463 - val_accuracy: 0.8968
Epoch 177/350
391/391 - 24s - loss: 0.1761 - accuracy: 0.9531 - val_loss: 0.4392 - val_accuracy: 0.8975
Epoch 178/350
391/391 - 24s - loss: 0.1841 - accuracy: 0.9504 - val_loss: 0.4486 - val_accuracy: 0.8994
Epoch 179/350
391/391 - 24s - loss: 0.1802 - accuracy: 0.9523 - val_loss: 0.4780 - val_accuracy: 0.8945
Epoch 180/350
391/391 - 24s - loss: 0.1801 - accuracy: 0.9512 - val_loss: 0.4583 - val_accuracy: 0.8966
Epoch 181/350
391/391 - 24s - loss: 0.1819 - accuracy: 0.9514 - val_loss: 0.4422 - val_accuracy: 0.8967
Epoch 182/350
391/391 - 24s - loss: 0.1745 - accuracy: 0.9543 - val_loss: 0.4424 - val_accuracy: 0.9001
Epoch 183/350
391/391 - 24s - loss: 0.1751 - accuracy: 0.9542 - val_loss: 0.4592 - val_accuracy: 0.9005
Epoch 184/350
391/391 - 24s - loss: 0.1767 - accuracy: 0.9525 - val_loss: 0.4877 - val_accuracy: 0.8934
Epoch 185/350
391/391 - 24s - loss: 0.1755 - accuracy: 0.9539 - val_loss: 0.4539 - val_accuracy: 0.8963
Epoch 186/350
391/391 - 24s - loss: 0.1706 - accuracy: 0.9552 - val_loss: 0.4691 - val_accuracy: 0.8947
Epoch 187/350
391/391 - 24s - loss: 0.1680 - accuracy: 0.9568 - val_loss: 0.4708 - val_accuracy: 0.8930
Epoch 188/350
391/391 - 24s - loss: 0.1721 - accuracy: 0.9548 - val_loss: 0.4388 - val_accuracy: 0.9004
Epoch 189/350
391/391 - 24s - loss: 0.1714 - accuracy: 0.9556 - val_loss: 0.4785 - val_accuracy: 0.8902
Epoch 190/350
391/391 - 24s - loss: 0.1695 - accuracy: 0.9561 - val_loss: 0.4694 - val_accuracy: 0.8998
Epoch 191/350
391/391 - 24s - loss: 0.1718 - accuracy: 0.9553 - val_loss: 0.4573 - val_accuracy: 0.8979
Epoch 192/350
391/391 - 24s - loss: 0.1678 - accuracy: 0.9568 - val_loss: 0.4572 - val_accuracy: 0.9016
Epoch 193/350
391/391 - 24s - loss: 0.1711 - accuracy: 0.9554 - val_loss: 0.4618 - val_accuracy: 0.9008
Epoch 194/350
391/391 - 24s - loss: 0.1732 - accuracy: 0.9552 - val_loss: 0.4367 - val_accuracy: 0.9019
Epoch 195/350
391/391 - 24s - loss: 0.1675 - accuracy: 0.9554 - val_loss: 0.4469 - val_accuracy: 0.8980
Epoch 196/350
391/391 - 24s - loss: 0.1695 - accuracy: 0.9554 - val_loss: 0.4533 - val_accuracy: 0.8985
Epoch 197/350
391/391 - 24s - loss: 0.1685 - accuracy: 0.9574 - val_loss: 0.4675 - val_accuracy: 0.9012
Epoch 198/350
391/391 - 24s - loss: 0.1653 - accuracy: 0.9587 - val_loss: 0.4478 - val_accuracy: 0.8991
Epoch 199/350
391/391 - 24s - loss: 0.1701 - accuracy: 0.9563 - val_loss: 0.4786 - val_accuracy: 0.8983
Epoch 200/350


Snapshot weight 4 shuffle 2 at epoch 200
Layer 11
Getting activations...


391/391 - 25s - loss: 0.1640 - accuracy: 0.9577 - val_loss: 0.4394 - val_accuracy: 0.8980
Epoch 201/350
391/391 - 24s - loss: 0.1391 - accuracy: 0.9674 - val_loss: 0.4462 - val_accuracy: 0.9051
Epoch 202/350
391/391 - 24s - loss: 0.1276 - accuracy: 0.9706 - val_loss: 0.4551 - val_accuracy: 0.9070
Epoch 203/350
391/391 - 24s - loss: 0.1257 - accuracy: 0.9719 - val_loss: 0.4539 - val_accuracy: 0.9083
Epoch 204/350
391/391 - 24s - loss: 0.1211 - accuracy: 0.9735 - val_loss: 0.4542 - val_accuracy: 0.9083
Epoch 205/350
391/391 - 24s - loss: 0.1212 - accuracy: 0.9735 - val_loss: 0.4566 - val_accuracy: 0.9084
Epoch 206/350
391/391 - 24s - loss: 0.1184 - accuracy: 0.9744 - val_loss: 0.4739 - val_accuracy: 0.9078
Epoch 207/350
391/391 - 24s - loss: 0.1166 - accuracy: 0.9743 - val_loss: 0.4646 - val_accuracy: 0.9086
Epoch 208/350
391/391 - 24s - loss: 0.1172 - accuracy: 0.9744 - val_loss: 0.4585 - val_accuracy: 0.9089
Epoch 209/350
391/391 - 24s - loss: 0.1176 - accuracy: 0.9749 - val_loss: 0.4591 - val_accuracy: 0.9093
Epoch 210/350
391/391 - 24s - loss: 0.1125 - accuracy: 0.9761 - val_loss: 0.4648 - val_accuracy: 0.9099
Epoch 211/350
391/391 - 24s - loss: 0.1173 - accuracy: 0.9749 - val_loss: 0.4657 - val_accuracy: 0.9089
Epoch 212/350
391/391 - 24s - loss: 0.1162 - accuracy: 0.9754 - val_loss: 0.4710 - val_accuracy: 0.9077
Epoch 213/350
391/391 - 24s - loss: 0.1148 - accuracy: 0.9759 - val_loss: 0.4689 - val_accuracy: 0.9081
Epoch 214/350
391/391 - 24s - loss: 0.1157 - accuracy: 0.9746 - val_loss: 0.4759 - val_accuracy: 0.9074
Epoch 215/350
391/391 - 24s - loss: 0.1115 - accuracy: 0.9767 - val_loss: 0.4675 - val_accuracy: 0.9084
Epoch 216/350
391/391 - 24s - loss: 0.1126 - accuracy: 0.9765 - val_loss: 0.4742 - val_accuracy: 0.9070
Epoch 217/350
391/391 - 24s - loss: 0.1118 - accuracy: 0.9764 - val_loss: 0.4702 - val_accuracy: 0.9094
Epoch 218/350
391/391 - 24s - loss: 0.1135 - accuracy: 0.9761 - val_loss: 0.4691 - val_accuracy: 0.9081
Epoch 219/350
391/391 - 24s - loss: 0.1110 - accuracy: 0.9763 - val_loss: 0.4797 - val_accuracy: 0.9087
Epoch 220/350
391/391 - 24s - loss: 0.1104 - accuracy: 0.9767 - val_loss: 0.4834 - val_accuracy: 0.9082
Epoch 221/350
391/391 - 24s - loss: 0.1112 - accuracy: 0.9770 - val_loss: 0.4773 - val_accuracy: 0.9081
Epoch 222/350
391/391 - 24s - loss: 0.1112 - accuracy: 0.9774 - val_loss: 0.4831 - val_accuracy: 0.9069
Epoch 223/350
391/391 - 24s - loss: 0.1075 - accuracy: 0.9778 - val_loss: 0.4934 - val_accuracy: 0.9073
Epoch 224/350
391/391 - 25s - loss: 0.1117 - accuracy: 0.9767 - val_loss: 0.4793 - val_accuracy: 0.9084
Epoch 225/350
391/391 - 24s - loss: 0.1097 - accuracy: 0.9772 - val_loss: 0.4804 - val_accuracy: 0.9095
Epoch 226/350
391/391 - 24s - loss: 0.1103 - accuracy: 0.9776 - val_loss: 0.4855 - val_accuracy: 0.9089
Epoch 227/350
391/391 - 24s - loss: 0.1081 - accuracy: 0.9772 - val_loss: 0.4791 - val_accuracy: 0.9103
Epoch 228/350
391/391 - 24s - loss: 0.1071 - accuracy: 0.9776 - val_loss: 0.4958 - val_accuracy: 0.9090
Epoch 229/350
391/391 - 24s - loss: 0.1095 - accuracy: 0.9773 - val_loss: 0.4765 - val_accuracy: 0.9103
Epoch 230/350
391/391 - 24s - loss: 0.1081 - accuracy: 0.9784 - val_loss: 0.4845 - val_accuracy: 0.9091
Epoch 231/350
391/391 - 24s - loss: 0.1094 - accuracy: 0.9776 - val_loss: 0.4743 - val_accuracy: 0.9089
Epoch 232/350
391/391 - 24s - loss: 0.1066 - accuracy: 0.9776 - val_loss: 0.4836 - val_accuracy: 0.9078
Epoch 233/350
391/391 - 24s - loss: 0.1084 - accuracy: 0.9774 - val_loss: 0.4887 - val_accuracy: 0.9080
Epoch 234/350
391/391 - 24s - loss: 0.1079 - accuracy: 0.9778 - val_loss: 0.4851 - val_accuracy: 0.9084
Epoch 235/350
391/391 - 24s - loss: 0.1069 - accuracy: 0.9781 - val_loss: 0.4849 - val_accuracy: 0.9091
Epoch 236/350
391/391 - 24s - loss: 0.1083 - accuracy: 0.9778 - val_loss: 0.4693 - val_accuracy: 0.9093
Epoch 237/350
391/391 - 24s - loss: 0.1066 - accuracy: 0.9784 - val_loss: 0.4783 - val_accuracy: 0.9097
Epoch 238/350
391/391 - 24s - loss: 0.1042 - accuracy: 0.9797 - val_loss: 0.4933 - val_accuracy: 0.9109
Epoch 239/350
391/391 - 24s - loss: 0.1058 - accuracy: 0.9785 - val_loss: 0.4938 - val_accuracy: 0.9098
Epoch 240/350
391/391 - 24s - loss: 0.1071 - accuracy: 0.9785 - val_loss: 0.4817 - val_accuracy: 0.9094
Epoch 241/350
391/391 - 24s - loss: 0.1053 - accuracy: 0.9786 - val_loss: 0.4963 - val_accuracy: 0.9090
Epoch 242/350
391/391 - 24s - loss: 0.1094 - accuracy: 0.9772 - val_loss: 0.4832 - val_accuracy: 0.9104
Epoch 243/350
391/391 - 24s - loss: 0.1031 - accuracy: 0.9802 - val_loss: 0.4856 - val_accuracy: 0.9104
Epoch 244/350
391/391 - 24s - loss: 0.1052 - accuracy: 0.9784 - val_loss: 0.4886 - val_accuracy: 0.9079
Epoch 245/350
391/391 - 24s - loss: 0.1054 - accuracy: 0.9788 - val_loss: 0.5015 - val_accuracy: 0.9073
Epoch 246/350
391/391 - 24s - loss: 0.1069 - accuracy: 0.9782 - val_loss: 0.4852 - val_accuracy: 0.9096
Epoch 247/350
391/391 - 25s - loss: 0.1084 - accuracy: 0.9778 - val_loss: 0.4861 - val_accuracy: 0.9095
Epoch 248/350
391/391 - 24s - loss: 0.1026 - accuracy: 0.9789 - val_loss: 0.4873 - val_accuracy: 0.9104
Epoch 249/350
391/391 - 24s - loss: 0.1058 - accuracy: 0.9785 - val_loss: 0.4860 - val_accuracy: 0.9097
Epoch 250/350


Snapshot weight 4 shuffle 2 at epoch 250
Layer 11
Getting activations...


391/391 - 25s - loss: 0.1048 - accuracy: 0.9788 - val_loss: 0.4972 - val_accuracy: 0.9099
Epoch 251/350
391/391 - 24s - loss: 0.1034 - accuracy: 0.9788 - val_loss: 0.4875 - val_accuracy: 0.9112
Epoch 252/350
391/391 - 24s - loss: 0.1011 - accuracy: 0.9804 - val_loss: 0.4893 - val_accuracy: 0.9110
Epoch 253/350
391/391 - 24s - loss: 0.1023 - accuracy: 0.9800 - val_loss: 0.4884 - val_accuracy: 0.9098
Epoch 254/350
391/391 - 24s - loss: 0.1034 - accuracy: 0.9787 - val_loss: 0.4863 - val_accuracy: 0.9104
Epoch 255/350
391/391 - 24s - loss: 0.1009 - accuracy: 0.9805 - val_loss: 0.4859 - val_accuracy: 0.9103
Epoch 256/350
391/391 - 24s - loss: 0.1021 - accuracy: 0.9806 - val_loss: 0.4884 - val_accuracy: 0.9103
Epoch 257/350
391/391 - 24s - loss: 0.1031 - accuracy: 0.9799 - val_loss: 0.4855 - val_accuracy: 0.9110
Epoch 258/350
391/391 - 25s - loss: 0.1019 - accuracy: 0.9799 - val_loss: 0.4872 - val_accuracy: 0.9100
Epoch 259/350
391/391 - 24s - loss: 0.1023 - accuracy: 0.9799 - val_loss: 0.4887 - val_accuracy: 0.9103
Epoch 260/350
391/391 - 24s - loss: 0.1020 - accuracy: 0.9797 - val_loss: 0.4885 - val_accuracy: 0.9104
Epoch 261/350
391/391 - 24s - loss: 0.1015 - accuracy: 0.9800 - val_loss: 0.4882 - val_accuracy: 0.9107
Epoch 262/350
391/391 - 24s - loss: 0.1000 - accuracy: 0.9813 - val_loss: 0.4872 - val_accuracy: 0.9106
Epoch 263/350
391/391 - 24s - loss: 0.1013 - accuracy: 0.9803 - val_loss: 0.4911 - val_accuracy: 0.9098
Epoch 264/350
391/391 - 24s - loss: 0.1010 - accuracy: 0.9806 - val_loss: 0.4932 - val_accuracy: 0.9097
Epoch 265/350
391/391 - 24s - loss: 0.1009 - accuracy: 0.9805 - val_loss: 0.4899 - val_accuracy: 0.9098
Epoch 266/350
391/391 - 24s - loss: 0.1023 - accuracy: 0.9802 - val_loss: 0.4908 - val_accuracy: 0.9100
Epoch 267/350
391/391 - 24s - loss: 0.1026 - accuracy: 0.9796 - val_loss: 0.4877 - val_accuracy: 0.9108
Epoch 268/350
391/391 - 24s - loss: 0.1030 - accuracy: 0.9798 - val_loss: 0.4864 - val_accuracy: 0.9111
Epoch 269/350
391/391 - 24s - loss: 0.1016 - accuracy: 0.9805 - val_loss: 0.4873 - val_accuracy: 0.9102
Epoch 270/350
391/391 - 24s - loss: 0.1024 - accuracy: 0.9794 - val_loss: 0.4862 - val_accuracy: 0.9109
Epoch 271/350
391/391 - 24s - loss: 0.1014 - accuracy: 0.9804 - val_loss: 0.4857 - val_accuracy: 0.9109
Epoch 272/350
391/391 - 24s - loss: 0.0991 - accuracy: 0.9811 - val_loss: 0.4876 - val_accuracy: 0.9107
Epoch 273/350
391/391 - 24s - loss: 0.1011 - accuracy: 0.9804 - val_loss: 0.4887 - val_accuracy: 0.9106
Epoch 274/350
391/391 - 24s - loss: 0.1030 - accuracy: 0.9799 - val_loss: 0.4879 - val_accuracy: 0.9109
Epoch 275/350
391/391 - 24s - loss: 0.0986 - accuracy: 0.9819 - val_loss: 0.4874 - val_accuracy: 0.9109
Epoch 276/350
391/391 - 24s - loss: 0.1016 - accuracy: 0.9798 - val_loss: 0.4876 - val_accuracy: 0.9100
Epoch 277/350
391/391 - 24s - loss: 0.1004 - accuracy: 0.9807 - val_loss: 0.4879 - val_accuracy: 0.9106
Epoch 278/350
391/391 - 24s - loss: 0.0994 - accuracy: 0.9813 - val_loss: 0.4904 - val_accuracy: 0.9107
Epoch 279/350
391/391 - 24s - loss: 0.0990 - accuracy: 0.9811 - val_loss: 0.4909 - val_accuracy: 0.9104
Epoch 280/350
391/391 - 24s - loss: 0.0990 - accuracy: 0.9810 - val_loss: 0.4904 - val_accuracy: 0.9104
Epoch 281/350
391/391 - 24s - loss: 0.1000 - accuracy: 0.9805 - val_loss: 0.4890 - val_accuracy: 0.9106
Epoch 282/350
391/391 - 24s - loss: 0.1002 - accuracy: 0.9806 - val_loss: 0.4892 - val_accuracy: 0.9111
Epoch 283/350
391/391 - 24s - loss: 0.1001 - accuracy: 0.9811 - val_loss: 0.4927 - val_accuracy: 0.9107
Epoch 284/350
391/391 - 24s - loss: 0.1030 - accuracy: 0.9798 - val_loss: 0.4921 - val_accuracy: 0.9113
Epoch 285/350
391/391 - 24s - loss: 0.1002 - accuracy: 0.9814 - val_loss: 0.4903 - val_accuracy: 0.9103
Epoch 286/350
391/391 - 24s - loss: 0.0986 - accuracy: 0.9812 - val_loss: 0.4923 - val_accuracy: 0.9107
Epoch 287/350
391/391 - 24s - loss: 0.1004 - accuracy: 0.9809 - val_loss: 0.4911 - val_accuracy: 0.9102
Epoch 288/350
391/391 - 24s - loss: 0.1028 - accuracy: 0.9803 - val_loss: 0.4912 - val_accuracy: 0.9101
Epoch 289/350
391/391 - 24s - loss: 0.1006 - accuracy: 0.9809 - val_loss: 0.4889 - val_accuracy: 0.9107
Epoch 290/350
391/391 - 24s - loss: 0.0991 - accuracy: 0.9803 - val_loss: 0.4912 - val_accuracy: 0.9107
Epoch 291/350
391/391 - 24s - loss: 0.1004 - accuracy: 0.9798 - val_loss: 0.4926 - val_accuracy: 0.9106
Epoch 292/350
391/391 - 24s - loss: 0.1022 - accuracy: 0.9797 - val_loss: 0.4909 - val_accuracy: 0.9107
Epoch 293/350
391/391 - 25s - loss: 0.0982 - accuracy: 0.9809 - val_loss: 0.4919 - val_accuracy: 0.9100
Epoch 294/350
391/391 - 24s - loss: 0.1021 - accuracy: 0.9804 - val_loss: 0.4916 - val_accuracy: 0.9103
Epoch 295/350
391/391 - 24s - loss: 0.0989 - accuracy: 0.9809 - val_loss: 0.4934 - val_accuracy: 0.9100
Epoch 296/350
391/391 - 24s - loss: 0.0988 - accuracy: 0.9813 - val_loss: 0.4930 - val_accuracy: 0.9101
Epoch 297/350
391/391 - 24s - loss: 0.1000 - accuracy: 0.9807 - val_loss: 0.4917 - val_accuracy: 0.9102
Epoch 298/350
391/391 - 24s - loss: 0.0993 - accuracy: 0.9807 - val_loss: 0.4933 - val_accuracy: 0.9104
Epoch 299/350
391/391 - 24s - loss: 0.1000 - accuracy: 0.9811 - val_loss: 0.4926 - val_accuracy: 0.9102
Epoch 300/350


Snapshot weight 4 shuffle 2 at epoch 300
Layer 11
Getting activations...


391/391 - 24s - loss: 0.1001 - accuracy: 0.9805 - val_loss: 0.4923 - val_accuracy: 0.9104
Epoch 301/350
391/391 - 24s - loss: 0.1001 - accuracy: 0.9803 - val_loss: 0.4921 - val_accuracy: 0.9106
Epoch 302/350
391/391 - 24s - loss: 0.1028 - accuracy: 0.9803 - val_loss: 0.4923 - val_accuracy: 0.9103
Epoch 303/350
391/391 - 24s - loss: 0.0981 - accuracy: 0.9819 - val_loss: 0.4921 - val_accuracy: 0.9106
Epoch 304/350
391/391 - 24s - loss: 0.1022 - accuracy: 0.9795 - val_loss: 0.4920 - val_accuracy: 0.9108
Epoch 305/350
391/391 - 24s - loss: 0.0993 - accuracy: 0.9808 - val_loss: 0.4923 - val_accuracy: 0.9107
Epoch 306/350
391/391 - 24s - loss: 0.1017 - accuracy: 0.9799 - val_loss: 0.4917 - val_accuracy: 0.9105
Epoch 307/350
391/391 - 24s - loss: 0.0993 - accuracy: 0.9817 - val_loss: 0.4921 - val_accuracy: 0.9106
Epoch 308/350
391/391 - 24s - loss: 0.1015 - accuracy: 0.9802 - val_loss: 0.4919 - val_accuracy: 0.9106
Epoch 309/350
391/391 - 24s - loss: 0.0982 - accuracy: 0.9809 - val_loss: 0.4923 - val_accuracy: 0.9107
Epoch 310/350
391/391 - 24s - loss: 0.1010 - accuracy: 0.9800 - val_loss: 0.4928 - val_accuracy: 0.9106
Epoch 311/350
391/391 - 24s - loss: 0.0990 - accuracy: 0.9812 - val_loss: 0.4925 - val_accuracy: 0.9107
Epoch 312/350
391/391 - 24s - loss: 0.1015 - accuracy: 0.9806 - val_loss: 0.4923 - val_accuracy: 0.9105
Epoch 313/350
391/391 - 24s - loss: 0.1021 - accuracy: 0.9802 - val_loss: 0.4922 - val_accuracy: 0.9104
Epoch 314/350
391/391 - 24s - loss: 0.1016 - accuracy: 0.9802 - val_loss: 0.4922 - val_accuracy: 0.9108
Epoch 315/350
391/391 - 24s - loss: 0.1000 - accuracy: 0.9803 - val_loss: 0.4924 - val_accuracy: 0.9105
Epoch 316/350
391/391 - 24s - loss: 0.0997 - accuracy: 0.9809 - val_loss: 0.4921 - val_accuracy: 0.9104
Epoch 317/350
391/391 - 24s - loss: 0.1013 - accuracy: 0.9809 - val_loss: 0.4919 - val_accuracy: 0.9101
Epoch 318/350
391/391 - 24s - loss: 0.1008 - accuracy: 0.9806 - val_loss: 0.4918 - val_accuracy: 0.9106
Epoch 319/350
391/391 - 24s - loss: 0.0998 - accuracy: 0.9809 - val_loss: 0.4923 - val_accuracy: 0.9106
Epoch 320/350
391/391 - 24s - loss: 0.0996 - accuracy: 0.9805 - val_loss: 0.4924 - val_accuracy: 0.9105
Epoch 321/350
391/391 - 24s - loss: 0.1018 - accuracy: 0.9803 - val_loss: 0.4922 - val_accuracy: 0.9104
Epoch 322/350
391/391 - 24s - loss: 0.0994 - accuracy: 0.9814 - val_loss: 0.4921 - val_accuracy: 0.9105
Epoch 323/350
391/391 - 24s - loss: 0.1018 - accuracy: 0.9799 - val_loss: 0.4922 - val_accuracy: 0.9108
Epoch 324/350
391/391 - 24s - loss: 0.0989 - accuracy: 0.9813 - val_loss: 0.4923 - val_accuracy: 0.9110
Epoch 325/350
391/391 - 24s - loss: 0.0997 - accuracy: 0.9816 - val_loss: 0.4924 - val_accuracy: 0.9106
Epoch 326/350
391/391 - 24s - loss: 0.0987 - accuracy: 0.9808 - val_loss: 0.4926 - val_accuracy: 0.9106
Epoch 327/350
391/391 - 24s - loss: 0.1001 - accuracy: 0.9812 - val_loss: 0.4923 - val_accuracy: 0.9106
Epoch 328/350
391/391 - 24s - loss: 0.0991 - accuracy: 0.9809 - val_loss: 0.4927 - val_accuracy: 0.9105
Epoch 329/350
391/391 - 24s - loss: 0.0983 - accuracy: 0.9811 - val_loss: 0.4927 - val_accuracy: 0.9105
Epoch 330/350
391/391 - 25s - loss: 0.0988 - accuracy: 0.9819 - val_loss: 0.4926 - val_accuracy: 0.9106
Epoch 331/350
391/391 - 24s - loss: 0.0985 - accuracy: 0.9815 - val_loss: 0.4926 - val_accuracy: 0.9103
Epoch 332/350
391/391 - 24s - loss: 0.0972 - accuracy: 0.9823 - val_loss: 0.4928 - val_accuracy: 0.9100
Epoch 333/350
391/391 - 24s - loss: 0.0991 - accuracy: 0.9808 - val_loss: 0.4928 - val_accuracy: 0.9104
Epoch 334/350
391/391 - 24s - loss: 0.0999 - accuracy: 0.9804 - val_loss: 0.4933 - val_accuracy: 0.9102
Epoch 335/350
391/391 - 24s - loss: 0.1045 - accuracy: 0.9797 - val_loss: 0.4925 - val_accuracy: 0.9102
Epoch 336/350
391/391 - 24s - loss: 0.0999 - accuracy: 0.9806 - val_loss: 0.4924 - val_accuracy: 0.9105
Epoch 337/350
391/391 - 24s - loss: 0.0997 - accuracy: 0.9814 - val_loss: 0.4926 - val_accuracy: 0.9106
Epoch 338/350
391/391 - 24s - loss: 0.1036 - accuracy: 0.9790 - val_loss: 0.4929 - val_accuracy: 0.9100
Epoch 339/350
391/391 - 24s - loss: 0.1006 - accuracy: 0.9807 - val_loss: 0.4926 - val_accuracy: 0.9100
Epoch 340/350
391/391 - 24s - loss: 0.0993 - accuracy: 0.9812 - val_loss: 0.4923 - val_accuracy: 0.9104
Epoch 341/350
391/391 - 24s - loss: 0.0981 - accuracy: 0.9817 - val_loss: 0.4927 - val_accuracy: 0.9100
Epoch 342/350
391/391 - 25s - loss: 0.1005 - accuracy: 0.9806 - val_loss: 0.4922 - val_accuracy: 0.9099
Epoch 343/350
391/391 - 24s - loss: 0.0985 - accuracy: 0.9816 - val_loss: 0.4921 - val_accuracy: 0.9102
Epoch 344/350
391/391 - 24s - loss: 0.0988 - accuracy: 0.9812 - val_loss: 0.4922 - val_accuracy: 0.9102
Epoch 345/350
391/391 - 24s - loss: 0.0990 - accuracy: 0.9809 - val_loss: 0.4926 - val_accuracy: 0.9100
Epoch 346/350
391/391 - 24s - loss: 0.0959 - accuracy: 0.9827 - val_loss: 0.4928 - val_accuracy: 0.9099
Epoch 347/350
391/391 - 24s - loss: 0.0989 - accuracy: 0.9816 - val_loss: 0.4931 - val_accuracy: 0.9100
Epoch 348/350
391/391 - 24s - loss: 0.1028 - accuracy: 0.9800 - val_loss: 0.4931 - val_accuracy: 0.9101
Epoch 349/350
391/391 - 24s - loss: 0.1005 - accuracy: 0.9810 - val_loss: 0.4930 - val_accuracy: 0.9100
Epoch 350/350


Snapshot weight 4 shuffle 2 at epoch 350
Layer 11
Getting activations...


391/391 - 25s - loss: 0.0991 - accuracy: 0.9813 - val_loss: 0.4926 - val_accuracy: 0.9102
/usr/local/lib/python3.6/dist-packages/tensorflow/python/autograph/impl/api.py:493: UserWarning: fill_value is not supported and is always 0 for TensorFlow < 2.4.0.
  return py_builtins.overload_of(f)(*args)
WARNING:tensorflow:From /usr/local/lib/python3.6/dist-packages/tensorflow/python/training/tracking/tracking.py:111: Model.state_updates (from tensorflow.python.keras.engine.training) is deprecated and will be removed in a future version.
Instructions for updating:
This property should not be used in TensorFlow 2.0, as updates are applied automatically.
2021-07-02 00:28:21.410104: W tensorflow/python/util/util.cc:348] Sets are not currently considered sequences, but this may change in the future, so consider avoiding using them.
WARNING:tensorflow:From /usr/local/lib/python3.6/dist-packages/tensorflow/python/training/tracking/tracking.py:111: Layer.updates (from tensorflow.python.keras.engine.base_layer) is deprecated and will be removed in a future version.
Instructions for updating:
This property should not be used in TensorFlow 2.0, as updates are applied automatically.
Saving, final validation acc: 0.9101999998092651
