2021-07-02 21:29:09.177186: I tensorflow/stream_executor/platform/default/dso_loader.cc:48] Successfully opened dynamic library libcudart.so.10.1
2021-07-02 21:30:21.699952: I tensorflow/stream_executor/platform/default/dso_loader.cc:48] Successfully opened dynamic library libcuda.so.1
2021-07-02 21:30:21.723812: I tensorflow/core/common_runtime/gpu/gpu_device.cc:1716] Found device 0 with properties: 
pciBusID: 0000:82:00.0 name: NVIDIA TITAN Xp computeCapability: 6.1
coreClock: 1.582GHz coreCount: 30 deviceMemorySize: 11.91GiB deviceMemoryBandwidth: 510.07GiB/s
2021-07-02 21:30:21.723891: I tensorflow/stream_executor/platform/default/dso_loader.cc:48] Successfully opened dynamic library libcudart.so.10.1
2021-07-02 21:30:21.763051: I tensorflow/stream_executor/platform/default/dso_loader.cc:48] Successfully opened dynamic library libcublas.so.10
2021-07-02 21:30:21.782690: I tensorflow/stream_executor/platform/default/dso_loader.cc:48] Successfully opened dynamic library libcufft.so.10
2021-07-02 21:30:21.790739: I tensorflow/stream_executor/platform/default/dso_loader.cc:48] Successfully opened dynamic library libcurand.so.10
2021-07-02 21:30:21.831784: I tensorflow/stream_executor/platform/default/dso_loader.cc:48] Successfully opened dynamic library libcusolver.so.10
2021-07-02 21:30:21.839941: I tensorflow/stream_executor/platform/default/dso_loader.cc:48] Successfully opened dynamic library libcusparse.so.10
2021-07-02 21:30:21.911744: I tensorflow/stream_executor/platform/default/dso_loader.cc:48] Successfully opened dynamic library libcudnn.so.7
2021-07-02 21:30:21.914173: I tensorflow/core/common_runtime/gpu/gpu_device.cc:1858] Adding visible gpu devices: 0
2021-07-02 21:30:21.917704: I tensorflow/core/platform/cpu_feature_guard.cc:142] This TensorFlow binary is optimized with oneAPI Deep Neural Network Library (oneDNN)to use the following CPU instructions in performance-critical operations:  AVX2 FMA
To enable them in other operations, rebuild TensorFlow with the appropriate compiler flags.
2021-07-02 21:30:21.933409: I tensorflow/core/platform/profile_utils/cpu_utils.cc:104] CPU Frequency: 2600090000 Hz
2021-07-02 21:30:21.933530: I tensorflow/compiler/xla/service/service.cc:168] XLA service 0x5451ac0 initialized for platform Host (this does not guarantee that XLA will be used). Devices:
2021-07-02 21:30:21.933551: I tensorflow/compiler/xla/service/service.cc:176]   StreamExecutor device (0): Host, Default Version
2021-07-02 21:30:22.054922: I tensorflow/compiler/xla/service/service.cc:168] XLA service 0x5432830 initialized for platform CUDA (this does not guarantee that XLA will be used). Devices:
2021-07-02 21:30:22.054989: I tensorflow/compiler/xla/service/service.cc:176]   StreamExecutor device (0): NVIDIA TITAN Xp, Compute Capability 6.1
2021-07-02 21:30:22.060625: I tensorflow/core/common_runtime/gpu/gpu_device.cc:1716] Found device 0 with properties: 
pciBusID: 0000:82:00.0 name: NVIDIA TITAN Xp computeCapability: 6.1
coreClock: 1.582GHz coreCount: 30 deviceMemorySize: 11.91GiB deviceMemoryBandwidth: 510.07GiB/s
2021-07-02 21:30:22.060671: I tensorflow/stream_executor/platform/default/dso_loader.cc:48] Successfully opened dynamic library libcudart.so.10.1
2021-07-02 21:30:22.060710: I tensorflow/stream_executor/platform/default/dso_loader.cc:48] Successfully opened dynamic library libcublas.so.10
2021-07-02 21:30:22.060734: I tensorflow/stream_executor/platform/default/dso_loader.cc:48] Successfully opened dynamic library libcufft.so.10
2021-07-02 21:30:22.060757: I tensorflow/stream_executor/platform/default/dso_loader.cc:48] Successfully opened dynamic library libcurand.so.10
2021-07-02 21:30:22.060780: I tensorflow/stream_executor/platform/default/dso_loader.cc:48] Successfully opened dynamic library libcusolver.so.10
2021-07-02 21:30:22.060802: I tensorflow/stream_executor/platform/default/dso_loader.cc:48] Successfully opened dynamic library libcusparse.so.10
2021-07-02 21:30:22.060825: I tensorflow/stream_executor/platform/default/dso_loader.cc:48] Successfully opened dynamic library libcudnn.so.7
2021-07-02 21:30:22.063118: I tensorflow/core/common_runtime/gpu/gpu_device.cc:1858] Adding visible gpu devices: 0
2021-07-02 21:30:22.064817: I tensorflow/stream_executor/platform/default/dso_loader.cc:48] Successfully opened dynamic library libcudart.so.10.1
2021-07-02 21:30:23.734829: I tensorflow/core/common_runtime/gpu/gpu_device.cc:1257] Device interconnect StreamExecutor with strength 1 edge matrix:
2021-07-02 21:30:23.734906: I tensorflow/core/common_runtime/gpu/gpu_device.cc:1263]      0 
2021-07-02 21:30:23.734921: I tensorflow/core/common_runtime/gpu/gpu_device.cc:1276] 0:   N 
2021-07-02 21:30:23.740587: I tensorflow/core/common_runtime/gpu/gpu_device.cc:1402] Created TensorFlow device (/job:localhost/replica:0/task:0/device:GPU:0 with 11218 MB memory) -> physical GPU (device: 0, name: NVIDIA TITAN Xp, pci bus id: 0000:82:00.0, compute capability: 6.1)
2021-07-02 21:30:29.538063: I tensorflow/stream_executor/platform/default/dso_loader.cc:48] Successfully opened dynamic library libcudnn.so.7
2021-07-02 21:30:31.930401: I tensorflow/stream_executor/platform/default/dso_loader.cc:48] Successfully opened dynamic library libcublas.so.10
Using model index: 98
Making train data...
GCN...
ZCA...
Done!
Making test data...
Done!
Epoch 1/350


Snapshot weight 8 shuffle 9 at epoch 1
Layer 11
Getting activations...


391/391 - 24s - loss: 2.3070 - accuracy: 0.1251 - val_loss: 2.2060 - val_accuracy: 0.2042
Epoch 2/350


Snapshot weight 8 shuffle 9 at epoch 2
Layer 11
Getting activations...


391/391 - 23s - loss: 2.1096 - accuracy: 0.2343 - val_loss: 2.0047 - val_accuracy: 0.3008
Epoch 3/350


Snapshot weight 8 shuffle 9 at epoch 3
Layer 11
Getting activations...


391/391 - 23s - loss: 1.8931 - accuracy: 0.3126 - val_loss: 2.0046 - val_accuracy: 0.2904
Epoch 4/350


Snapshot weight 8 shuffle 9 at epoch 4
Layer 11
Getting activations...


391/391 - 24s - loss: 1.6046 - accuracy: 0.4225 - val_loss: 1.5832 - val_accuracy: 0.4371
Epoch 5/350


Snapshot weight 8 shuffle 9 at epoch 5
Layer 11
Getting activations...


391/391 - 24s - loss: 1.4076 - accuracy: 0.5029 - val_loss: 1.4841 - val_accuracy: 0.5034
Epoch 6/350


Snapshot weight 8 shuffle 9 at epoch 6
Layer 11
Getting activations...


391/391 - 24s - loss: 1.2985 - accuracy: 0.5426 - val_loss: 1.2493 - val_accuracy: 0.5565
Epoch 7/350


Snapshot weight 8 shuffle 9 at epoch 7
Layer 11
Getting activations...


391/391 - 24s - loss: 1.1969 - accuracy: 0.5798 - val_loss: 1.2952 - val_accuracy: 0.5561
Epoch 8/350


Snapshot weight 8 shuffle 9 at epoch 8
Layer 11
Getting activations...


391/391 - 24s - loss: 1.1418 - accuracy: 0.6002 - val_loss: 1.2280 - val_accuracy: 0.5829
Epoch 9/350


Snapshot weight 8 shuffle 9 at epoch 9
Layer 11
Getting activations...


391/391 - 24s - loss: 1.0857 - accuracy: 0.6218 - val_loss: 1.0586 - val_accuracy: 0.6368
Epoch 10/350


Snapshot weight 8 shuffle 9 at epoch 10
Layer 11
Getting activations...


391/391 - 24s - loss: 1.0514 - accuracy: 0.6371 - val_loss: 0.9814 - val_accuracy: 0.6594
Epoch 11/350
391/391 - 24s - loss: 1.0002 - accuracy: 0.6549 - val_loss: 0.9767 - val_accuracy: 0.6692
Epoch 12/350
391/391 - 24s - loss: 0.9571 - accuracy: 0.6693 - val_loss: 0.9327 - val_accuracy: 0.6899
Epoch 13/350
391/391 - 24s - loss: 0.9281 - accuracy: 0.6803 - val_loss: 0.9180 - val_accuracy: 0.6839
Epoch 14/350
391/391 - 24s - loss: 0.8926 - accuracy: 0.6929 - val_loss: 0.9505 - val_accuracy: 0.6793
Epoch 15/350
391/391 - 24s - loss: 0.8631 - accuracy: 0.7045 - val_loss: 0.8037 - val_accuracy: 0.7281
Epoch 16/350
391/391 - 24s - loss: 0.8277 - accuracy: 0.7174 - val_loss: 0.8125 - val_accuracy: 0.7334
Epoch 17/350
391/391 - 24s - loss: 0.7963 - accuracy: 0.7283 - val_loss: 0.7609 - val_accuracy: 0.7455
Epoch 18/350
391/391 - 24s - loss: 0.7709 - accuracy: 0.7390 - val_loss: 0.8402 - val_accuracy: 0.7299
Epoch 19/350
391/391 - 23s - loss: 0.7432 - accuracy: 0.7510 - val_loss: 0.7571 - val_accuracy: 0.7509
Epoch 20/350
391/391 - 24s - loss: 0.7293 - accuracy: 0.7529 - val_loss: 0.7136 - val_accuracy: 0.7682
Epoch 21/350
391/391 - 24s - loss: 0.7007 - accuracy: 0.7646 - val_loss: 0.6601 - val_accuracy: 0.7754
Epoch 22/350
391/391 - 24s - loss: 0.6860 - accuracy: 0.7715 - val_loss: 0.7215 - val_accuracy: 0.7721
Epoch 23/350
391/391 - 24s - loss: 0.6611 - accuracy: 0.7784 - val_loss: 0.6307 - val_accuracy: 0.7981
Epoch 24/350
391/391 - 24s - loss: 0.6489 - accuracy: 0.7819 - val_loss: 0.6398 - val_accuracy: 0.7944
Epoch 25/350
391/391 - 24s - loss: 0.6353 - accuracy: 0.7896 - val_loss: 0.5881 - val_accuracy: 0.8055
Epoch 26/350
391/391 - 24s - loss: 0.6191 - accuracy: 0.7958 - val_loss: 0.6150 - val_accuracy: 0.7986
Epoch 27/350
391/391 - 24s - loss: 0.6106 - accuracy: 0.7964 - val_loss: 0.6248 - val_accuracy: 0.7943
Epoch 28/350
391/391 - 24s - loss: 0.6014 - accuracy: 0.8005 - val_loss: 0.6493 - val_accuracy: 0.7938
Epoch 29/350
391/391 - 24s - loss: 0.5836 - accuracy: 0.8057 - val_loss: 0.5751 - val_accuracy: 0.8126
Epoch 30/350
391/391 - 24s - loss: 0.5641 - accuracy: 0.8138 - val_loss: 0.5803 - val_accuracy: 0.8116
Epoch 31/350
391/391 - 24s - loss: 0.5539 - accuracy: 0.8171 - val_loss: 0.5425 - val_accuracy: 0.8268
Epoch 32/350
391/391 - 24s - loss: 0.5502 - accuracy: 0.8204 - val_loss: 0.5443 - val_accuracy: 0.8265
Epoch 33/350
391/391 - 24s - loss: 0.5345 - accuracy: 0.8246 - val_loss: 0.5908 - val_accuracy: 0.8108
Epoch 34/350
391/391 - 24s - loss: 0.5326 - accuracy: 0.8258 - val_loss: 0.5335 - val_accuracy: 0.8292
Epoch 35/350
391/391 - 24s - loss: 0.5174 - accuracy: 0.8313 - val_loss: 0.5434 - val_accuracy: 0.8311
Epoch 36/350
391/391 - 24s - loss: 0.5106 - accuracy: 0.8334 - val_loss: 0.5347 - val_accuracy: 0.8298
Epoch 37/350
391/391 - 24s - loss: 0.4999 - accuracy: 0.8363 - val_loss: 0.5530 - val_accuracy: 0.8272
Epoch 38/350
391/391 - 24s - loss: 0.4926 - accuracy: 0.8397 - val_loss: 0.5563 - val_accuracy: 0.8291
Epoch 39/350
391/391 - 24s - loss: 0.4871 - accuracy: 0.8416 - val_loss: 0.5499 - val_accuracy: 0.8325
Epoch 40/350
391/391 - 24s - loss: 0.4798 - accuracy: 0.8447 - val_loss: 0.5367 - val_accuracy: 0.8412
Epoch 41/350
391/391 - 24s - loss: 0.4716 - accuracy: 0.8473 - val_loss: 0.5092 - val_accuracy: 0.8460
Epoch 42/350
391/391 - 24s - loss: 0.4676 - accuracy: 0.8485 - val_loss: 0.5168 - val_accuracy: 0.8384
Epoch 43/350
391/391 - 24s - loss: 0.4536 - accuracy: 0.8528 - val_loss: 0.4903 - val_accuracy: 0.8482
Epoch 44/350
391/391 - 24s - loss: 0.4540 - accuracy: 0.8533 - val_loss: 0.5208 - val_accuracy: 0.8384
Epoch 45/350
391/391 - 24s - loss: 0.4450 - accuracy: 0.8571 - val_loss: 0.4822 - val_accuracy: 0.8480
Epoch 46/350
391/391 - 24s - loss: 0.4347 - accuracy: 0.8580 - val_loss: 0.5151 - val_accuracy: 0.8459
Epoch 47/350
391/391 - 24s - loss: 0.4406 - accuracy: 0.8578 - val_loss: 0.5091 - val_accuracy: 0.8476
Epoch 48/350
391/391 - 24s - loss: 0.4280 - accuracy: 0.8612 - val_loss: 0.4594 - val_accuracy: 0.8604
Epoch 49/350
391/391 - 24s - loss: 0.4215 - accuracy: 0.8648 - val_loss: 0.4774 - val_accuracy: 0.8552
Epoch 50/350


Snapshot weight 8 shuffle 9 at epoch 50
Layer 11
Getting activations...


391/391 - 24s - loss: 0.4169 - accuracy: 0.8653 - val_loss: 0.4896 - val_accuracy: 0.8539
Epoch 51/350
391/391 - 24s - loss: 0.4142 - accuracy: 0.8676 - val_loss: 0.4611 - val_accuracy: 0.8599
Epoch 52/350
391/391 - 24s - loss: 0.4132 - accuracy: 0.8667 - val_loss: 0.4872 - val_accuracy: 0.8487
Epoch 53/350
391/391 - 24s - loss: 0.4068 - accuracy: 0.8697 - val_loss: 0.4490 - val_accuracy: 0.8587
Epoch 54/350
391/391 - 24s - loss: 0.4028 - accuracy: 0.8698 - val_loss: 0.4906 - val_accuracy: 0.8573
Epoch 55/350
391/391 - 23s - loss: 0.3921 - accuracy: 0.8737 - val_loss: 0.4490 - val_accuracy: 0.8645
Epoch 56/350
391/391 - 24s - loss: 0.3925 - accuracy: 0.8729 - val_loss: 0.5059 - val_accuracy: 0.8476
Epoch 57/350
391/391 - 24s - loss: 0.3858 - accuracy: 0.8762 - val_loss: 0.4608 - val_accuracy: 0.8567
Epoch 58/350
391/391 - 24s - loss: 0.3770 - accuracy: 0.8780 - val_loss: 0.4529 - val_accuracy: 0.8657
Epoch 59/350
391/391 - 24s - loss: 0.3740 - accuracy: 0.8793 - val_loss: 0.4784 - val_accuracy: 0.8568
Epoch 60/350
391/391 - 24s - loss: 0.3753 - accuracy: 0.8807 - val_loss: 0.4498 - val_accuracy: 0.8633
Epoch 61/350
391/391 - 24s - loss: 0.3653 - accuracy: 0.8842 - val_loss: 0.4588 - val_accuracy: 0.8677
Epoch 62/350
391/391 - 24s - loss: 0.3635 - accuracy: 0.8838 - val_loss: 0.4467 - val_accuracy: 0.8698
Epoch 63/350
391/391 - 24s - loss: 0.3635 - accuracy: 0.8838 - val_loss: 0.4934 - val_accuracy: 0.8556
Epoch 64/350
391/391 - 24s - loss: 0.3566 - accuracy: 0.8864 - val_loss: 0.4647 - val_accuracy: 0.8624
Epoch 65/350
391/391 - 24s - loss: 0.3541 - accuracy: 0.8876 - val_loss: 0.4526 - val_accuracy: 0.8589
Epoch 66/350
391/391 - 24s - loss: 0.3564 - accuracy: 0.8861 - val_loss: 0.4378 - val_accuracy: 0.8704
Epoch 67/350
391/391 - 24s - loss: 0.3438 - accuracy: 0.8909 - val_loss: 0.4485 - val_accuracy: 0.8661
Epoch 68/350
391/391 - 24s - loss: 0.3407 - accuracy: 0.8918 - val_loss: 0.4465 - val_accuracy: 0.8727
Epoch 69/350
391/391 - 24s - loss: 0.3432 - accuracy: 0.8904 - val_loss: 0.4449 - val_accuracy: 0.8702
Epoch 70/350
391/391 - 24s - loss: 0.3387 - accuracy: 0.8923 - val_loss: 0.4303 - val_accuracy: 0.8749
Epoch 71/350
391/391 - 24s - loss: 0.3325 - accuracy: 0.8943 - val_loss: 0.4390 - val_accuracy: 0.8757
Epoch 72/350
391/391 - 24s - loss: 0.3305 - accuracy: 0.8960 - val_loss: 0.4519 - val_accuracy: 0.8701
Epoch 73/350
391/391 - 24s - loss: 0.3287 - accuracy: 0.8975 - val_loss: 0.4059 - val_accuracy: 0.8766
Epoch 74/350
391/391 - 24s - loss: 0.3218 - accuracy: 0.8981 - val_loss: 0.4511 - val_accuracy: 0.8658
Epoch 75/350
391/391 - 24s - loss: 0.3248 - accuracy: 0.8979 - val_loss: 0.4509 - val_accuracy: 0.8726
Epoch 76/350
391/391 - 23s - loss: 0.3223 - accuracy: 0.9000 - val_loss: 0.4430 - val_accuracy: 0.8743
Epoch 77/350
391/391 - 24s - loss: 0.3173 - accuracy: 0.9012 - val_loss: 0.4305 - val_accuracy: 0.8702
Epoch 78/350
391/391 - 24s - loss: 0.3107 - accuracy: 0.9023 - val_loss: 0.4201 - val_accuracy: 0.8783
Epoch 79/350
391/391 - 23s - loss: 0.3105 - accuracy: 0.9025 - val_loss: 0.4319 - val_accuracy: 0.8798
Epoch 80/350
391/391 - 24s - loss: 0.3127 - accuracy: 0.9026 - val_loss: 0.4291 - val_accuracy: 0.8770
Epoch 81/350
391/391 - 24s - loss: 0.3074 - accuracy: 0.9037 - val_loss: 0.4161 - val_accuracy: 0.8773
Epoch 82/350
391/391 - 23s - loss: 0.3028 - accuracy: 0.9068 - val_loss: 0.4168 - val_accuracy: 0.8790
Epoch 83/350
391/391 - 24s - loss: 0.3006 - accuracy: 0.9062 - val_loss: 0.4650 - val_accuracy: 0.8635
Epoch 84/350
391/391 - 24s - loss: 0.3004 - accuracy: 0.9053 - val_loss: 0.4252 - val_accuracy: 0.8777
Epoch 85/350
391/391 - 24s - loss: 0.3034 - accuracy: 0.9059 - val_loss: 0.4393 - val_accuracy: 0.8746
Epoch 86/350
391/391 - 24s - loss: 0.2993 - accuracy: 0.9071 - val_loss: 0.4486 - val_accuracy: 0.8720
Epoch 87/350
391/391 - 24s - loss: 0.2889 - accuracy: 0.9112 - val_loss: 0.4667 - val_accuracy: 0.8684
Epoch 88/350
391/391 - 24s - loss: 0.2872 - accuracy: 0.9120 - val_loss: 0.4205 - val_accuracy: 0.8827
Epoch 89/350
391/391 - 24s - loss: 0.2878 - accuracy: 0.9111 - val_loss: 0.4375 - val_accuracy: 0.8775
Epoch 90/350
391/391 - 24s - loss: 0.2877 - accuracy: 0.9113 - val_loss: 0.4507 - val_accuracy: 0.8754
Epoch 91/350
391/391 - 24s - loss: 0.2876 - accuracy: 0.9111 - val_loss: 0.4288 - val_accuracy: 0.8757
Epoch 92/350
391/391 - 24s - loss: 0.2853 - accuracy: 0.9120 - val_loss: 0.4293 - val_accuracy: 0.8754
Epoch 93/350
391/391 - 24s - loss: 0.2781 - accuracy: 0.9137 - val_loss: 0.4143 - val_accuracy: 0.8835
Epoch 94/350
391/391 - 24s - loss: 0.2773 - accuracy: 0.9158 - val_loss: 0.4211 - val_accuracy: 0.8844
Epoch 95/350
391/391 - 23s - loss: 0.2755 - accuracy: 0.9149 - val_loss: 0.4641 - val_accuracy: 0.8687
Epoch 96/350
391/391 - 24s - loss: 0.2702 - accuracy: 0.9165 - val_loss: 0.4439 - val_accuracy: 0.8822
Epoch 97/350
391/391 - 24s - loss: 0.2728 - accuracy: 0.9181 - val_loss: 0.4433 - val_accuracy: 0.8773
Epoch 98/350
391/391 - 24s - loss: 0.2691 - accuracy: 0.9176 - val_loss: 0.4135 - val_accuracy: 0.8848
Epoch 99/350
391/391 - 24s - loss: 0.2657 - accuracy: 0.9189 - val_loss: 0.4329 - val_accuracy: 0.8840
Epoch 100/350


Snapshot weight 8 shuffle 9 at epoch 100
Layer 11
Getting activations...


391/391 - 24s - loss: 0.2650 - accuracy: 0.9190 - val_loss: 0.4430 - val_accuracy: 0.8849
Epoch 101/350
391/391 - 24s - loss: 0.2662 - accuracy: 0.9186 - val_loss: 0.4075 - val_accuracy: 0.8875
Epoch 102/350
391/391 - 24s - loss: 0.2646 - accuracy: 0.9199 - val_loss: 0.4478 - val_accuracy: 0.8792
Epoch 103/350
391/391 - 24s - loss: 0.2602 - accuracy: 0.9231 - val_loss: 0.4414 - val_accuracy: 0.8829
Epoch 104/350
391/391 - 24s - loss: 0.2583 - accuracy: 0.9215 - val_loss: 0.4446 - val_accuracy: 0.8813
Epoch 105/350
391/391 - 24s - loss: 0.2598 - accuracy: 0.9209 - val_loss: 0.4201 - val_accuracy: 0.8865
Epoch 106/350
391/391 - 24s - loss: 0.2591 - accuracy: 0.9224 - val_loss: 0.4183 - val_accuracy: 0.8848
Epoch 107/350
391/391 - 24s - loss: 0.2540 - accuracy: 0.9235 - val_loss: 0.4386 - val_accuracy: 0.8828
Epoch 108/350
391/391 - 24s - loss: 0.2486 - accuracy: 0.9249 - val_loss: 0.4403 - val_accuracy: 0.8809
Epoch 109/350
391/391 - 24s - loss: 0.2518 - accuracy: 0.9244 - val_loss: 0.4324 - val_accuracy: 0.8831
Epoch 110/350
391/391 - 24s - loss: 0.2466 - accuracy: 0.9248 - val_loss: 0.4495 - val_accuracy: 0.8851
Epoch 111/350
391/391 - 24s - loss: 0.2479 - accuracy: 0.9247 - val_loss: 0.4290 - val_accuracy: 0.8840
Epoch 112/350
391/391 - 24s - loss: 0.2418 - accuracy: 0.9272 - val_loss: 0.4325 - val_accuracy: 0.8833
Epoch 113/350
391/391 - 24s - loss: 0.2435 - accuracy: 0.9279 - val_loss: 0.4445 - val_accuracy: 0.8816
Epoch 114/350
391/391 - 24s - loss: 0.2380 - accuracy: 0.9294 - val_loss: 0.4627 - val_accuracy: 0.8834
Epoch 115/350
391/391 - 24s - loss: 0.2350 - accuracy: 0.9303 - val_loss: 0.4672 - val_accuracy: 0.8820
Epoch 116/350
391/391 - 24s - loss: 0.2364 - accuracy: 0.9301 - val_loss: 0.4237 - val_accuracy: 0.8911
Epoch 117/350
391/391 - 24s - loss: 0.2361 - accuracy: 0.9316 - val_loss: 0.4683 - val_accuracy: 0.8772
Epoch 118/350
391/391 - 24s - loss: 0.2361 - accuracy: 0.9300 - val_loss: 0.4573 - val_accuracy: 0.8835
Epoch 119/350
391/391 - 24s - loss: 0.2361 - accuracy: 0.9299 - val_loss: 0.4324 - val_accuracy: 0.8866
Epoch 120/350
391/391 - 24s - loss: 0.2341 - accuracy: 0.9310 - val_loss: 0.4405 - val_accuracy: 0.8852
Epoch 121/350
391/391 - 24s - loss: 0.2346 - accuracy: 0.9315 - val_loss: 0.4110 - val_accuracy: 0.8871
Epoch 122/350
391/391 - 24s - loss: 0.2283 - accuracy: 0.9332 - val_loss: 0.4271 - val_accuracy: 0.8929
Epoch 123/350
391/391 - 24s - loss: 0.2311 - accuracy: 0.9317 - val_loss: 0.4197 - val_accuracy: 0.8914
Epoch 124/350
391/391 - 24s - loss: 0.2312 - accuracy: 0.9326 - val_loss: 0.4801 - val_accuracy: 0.8794
Epoch 125/350
391/391 - 24s - loss: 0.2226 - accuracy: 0.9353 - val_loss: 0.4158 - val_accuracy: 0.8907
Epoch 126/350
391/391 - 24s - loss: 0.2253 - accuracy: 0.9339 - val_loss: 0.4631 - val_accuracy: 0.8826
Epoch 127/350
391/391 - 24s - loss: 0.2253 - accuracy: 0.9337 - val_loss: 0.4503 - val_accuracy: 0.8868
Epoch 128/350
391/391 - 24s - loss: 0.2213 - accuracy: 0.9350 - val_loss: 0.4627 - val_accuracy: 0.8791
Epoch 129/350
391/391 - 24s - loss: 0.2270 - accuracy: 0.9333 - val_loss: 0.4183 - val_accuracy: 0.8919
Epoch 130/350
391/391 - 24s - loss: 0.2201 - accuracy: 0.9354 - val_loss: 0.4811 - val_accuracy: 0.8848
Epoch 131/350
391/391 - 24s - loss: 0.2177 - accuracy: 0.9378 - val_loss: 0.4274 - val_accuracy: 0.8916
Epoch 132/350
391/391 - 24s - loss: 0.2196 - accuracy: 0.9359 - val_loss: 0.4304 - val_accuracy: 0.8898
Epoch 133/350
391/391 - 24s - loss: 0.2189 - accuracy: 0.9369 - val_loss: 0.4458 - val_accuracy: 0.8855
Epoch 134/350
391/391 - 24s - loss: 0.2148 - accuracy: 0.9380 - val_loss: 0.4763 - val_accuracy: 0.8837
Epoch 135/350
391/391 - 24s - loss: 0.2167 - accuracy: 0.9386 - val_loss: 0.4340 - val_accuracy: 0.8930
Epoch 136/350
391/391 - 24s - loss: 0.2088 - accuracy: 0.9404 - val_loss: 0.4223 - val_accuracy: 0.8922
Epoch 137/350
391/391 - 24s - loss: 0.2135 - accuracy: 0.9386 - val_loss: 0.4638 - val_accuracy: 0.8853
Epoch 138/350
391/391 - 24s - loss: 0.2088 - accuracy: 0.9402 - val_loss: 0.4653 - val_accuracy: 0.8876
Epoch 139/350
391/391 - 24s - loss: 0.2143 - accuracy: 0.9380 - val_loss: 0.4404 - val_accuracy: 0.8900
Epoch 140/350
391/391 - 24s - loss: 0.2152 - accuracy: 0.9383 - val_loss: 0.4618 - val_accuracy: 0.8852
Epoch 141/350
391/391 - 24s - loss: 0.2118 - accuracy: 0.9396 - val_loss: 0.4749 - val_accuracy: 0.8859
Epoch 142/350
391/391 - 24s - loss: 0.2061 - accuracy: 0.9412 - val_loss: 0.4605 - val_accuracy: 0.8856
Epoch 143/350
391/391 - 24s - loss: 0.2078 - accuracy: 0.9410 - val_loss: 0.4943 - val_accuracy: 0.8801
Epoch 144/350
391/391 - 24s - loss: 0.2090 - accuracy: 0.9400 - val_loss: 0.4786 - val_accuracy: 0.8853
Epoch 145/350
391/391 - 24s - loss: 0.2059 - accuracy: 0.9422 - val_loss: 0.4473 - val_accuracy: 0.8875
Epoch 146/350
391/391 - 24s - loss: 0.2085 - accuracy: 0.9406 - val_loss: 0.4507 - val_accuracy: 0.8898
Epoch 147/350
391/391 - 24s - loss: 0.2024 - accuracy: 0.9428 - val_loss: 0.4612 - val_accuracy: 0.8918
Epoch 148/350
391/391 - 24s - loss: 0.2033 - accuracy: 0.9431 - val_loss: 0.4245 - val_accuracy: 0.8893
Epoch 149/350
391/391 - 24s - loss: 0.2062 - accuracy: 0.9425 - val_loss: 0.4534 - val_accuracy: 0.8922
Epoch 150/350


Snapshot weight 8 shuffle 9 at epoch 150
Layer 11
Getting activations...


391/391 - 24s - loss: 0.2005 - accuracy: 0.9444 - val_loss: 0.4423 - val_accuracy: 0.8910
Epoch 151/350
391/391 - 24s - loss: 0.2033 - accuracy: 0.9430 - val_loss: 0.4911 - val_accuracy: 0.8843
Epoch 152/350
391/391 - 24s - loss: 0.2009 - accuracy: 0.9427 - val_loss: 0.4215 - val_accuracy: 0.8926
Epoch 153/350
391/391 - 24s - loss: 0.1955 - accuracy: 0.9449 - val_loss: 0.4292 - val_accuracy: 0.8939
Epoch 154/350
391/391 - 24s - loss: 0.1999 - accuracy: 0.9443 - val_loss: 0.4467 - val_accuracy: 0.8902
Epoch 155/350
391/391 - 24s - loss: 0.1971 - accuracy: 0.9459 - val_loss: 0.4606 - val_accuracy: 0.8916
Epoch 156/350
391/391 - 24s - loss: 0.1970 - accuracy: 0.9445 - val_loss: 0.4624 - val_accuracy: 0.8895
Epoch 157/350
391/391 - 24s - loss: 0.1975 - accuracy: 0.9452 - val_loss: 0.4525 - val_accuracy: 0.8876
Epoch 158/350
391/391 - 24s - loss: 0.1910 - accuracy: 0.9472 - val_loss: 0.4424 - val_accuracy: 0.8926
Epoch 159/350
391/391 - 24s - loss: 0.1945 - accuracy: 0.9465 - val_loss: 0.4525 - val_accuracy: 0.8950
Epoch 160/350
391/391 - 24s - loss: 0.1977 - accuracy: 0.9447 - val_loss: 0.4962 - val_accuracy: 0.8871
Epoch 161/350
391/391 - 24s - loss: 0.1891 - accuracy: 0.9477 - val_loss: 0.4456 - val_accuracy: 0.8914
Epoch 162/350
391/391 - 24s - loss: 0.1925 - accuracy: 0.9483 - val_loss: 0.4562 - val_accuracy: 0.8923
Epoch 163/350
391/391 - 24s - loss: 0.1884 - accuracy: 0.9492 - val_loss: 0.4530 - val_accuracy: 0.8935
Epoch 164/350
391/391 - 24s - loss: 0.1925 - accuracy: 0.9469 - val_loss: 0.4326 - val_accuracy: 0.8978
Epoch 165/350
391/391 - 24s - loss: 0.1925 - accuracy: 0.9473 - val_loss: 0.4449 - val_accuracy: 0.8929
Epoch 166/350
391/391 - 24s - loss: 0.1866 - accuracy: 0.9485 - val_loss: 0.4860 - val_accuracy: 0.8852
Epoch 167/350
391/391 - 24s - loss: 0.1880 - accuracy: 0.9485 - val_loss: 0.4923 - val_accuracy: 0.8867
Epoch 168/350
391/391 - 24s - loss: 0.1853 - accuracy: 0.9502 - val_loss: 0.4313 - val_accuracy: 0.8984
Epoch 169/350
391/391 - 24s - loss: 0.1870 - accuracy: 0.9482 - val_loss: 0.4630 - val_accuracy: 0.8951
Epoch 170/350
391/391 - 24s - loss: 0.1887 - accuracy: 0.9484 - val_loss: 0.4876 - val_accuracy: 0.8919
Epoch 171/350
391/391 - 24s - loss: 0.1861 - accuracy: 0.9487 - val_loss: 0.4893 - val_accuracy: 0.8906
Epoch 172/350
391/391 - 24s - loss: 0.1863 - accuracy: 0.9498 - val_loss: 0.4858 - val_accuracy: 0.8912
Epoch 173/350
391/391 - 24s - loss: 0.1834 - accuracy: 0.9506 - val_loss: 0.4755 - val_accuracy: 0.8910
Epoch 174/350
391/391 - 24s - loss: 0.1830 - accuracy: 0.9506 - val_loss: 0.4369 - val_accuracy: 0.9011
Epoch 175/350
391/391 - 24s - loss: 0.1815 - accuracy: 0.9521 - val_loss: 0.4706 - val_accuracy: 0.8891
Epoch 176/350
391/391 - 24s - loss: 0.1861 - accuracy: 0.9495 - val_loss: 0.4724 - val_accuracy: 0.8921
Epoch 177/350
391/391 - 24s - loss: 0.1771 - accuracy: 0.9531 - val_loss: 0.4541 - val_accuracy: 0.8986
Epoch 178/350
391/391 - 24s - loss: 0.1771 - accuracy: 0.9526 - val_loss: 0.4624 - val_accuracy: 0.8971
Epoch 179/350
391/391 - 24s - loss: 0.1786 - accuracy: 0.9530 - val_loss: 0.4284 - val_accuracy: 0.8973
Epoch 180/350
391/391 - 24s - loss: 0.1789 - accuracy: 0.9520 - val_loss: 0.4958 - val_accuracy: 0.8889
Epoch 181/350
391/391 - 24s - loss: 0.1794 - accuracy: 0.9517 - val_loss: 0.4760 - val_accuracy: 0.8957
Epoch 182/350
391/391 - 24s - loss: 0.1769 - accuracy: 0.9535 - val_loss: 0.4417 - val_accuracy: 0.8952
Epoch 183/350
391/391 - 24s - loss: 0.1767 - accuracy: 0.9531 - val_loss: 0.4741 - val_accuracy: 0.8922
Epoch 184/350
391/391 - 24s - loss: 0.1763 - accuracy: 0.9533 - val_loss: 0.4785 - val_accuracy: 0.8981
Epoch 185/350
391/391 - 24s - loss: 0.1765 - accuracy: 0.9529 - val_loss: 0.4909 - val_accuracy: 0.8893
Epoch 186/350
391/391 - 24s - loss: 0.1775 - accuracy: 0.9529 - val_loss: 0.4615 - val_accuracy: 0.8997
Epoch 187/350
391/391 - 24s - loss: 0.1729 - accuracy: 0.9553 - val_loss: 0.4543 - val_accuracy: 0.8941
Epoch 188/350
391/391 - 24s - loss: 0.1758 - accuracy: 0.9536 - val_loss: 0.5101 - val_accuracy: 0.8851
Epoch 189/350
391/391 - 24s - loss: 0.1729 - accuracy: 0.9550 - val_loss: 0.4678 - val_accuracy: 0.8948
Epoch 190/350
391/391 - 24s - loss: 0.1714 - accuracy: 0.9551 - val_loss: 0.4544 - val_accuracy: 0.8924
Epoch 191/350
391/391 - 24s - loss: 0.1763 - accuracy: 0.9528 - val_loss: 0.4807 - val_accuracy: 0.8943
Epoch 192/350
391/391 - 24s - loss: 0.1732 - accuracy: 0.9549 - val_loss: 0.4673 - val_accuracy: 0.8927
Epoch 193/350
391/391 - 24s - loss: 0.1737 - accuracy: 0.9543 - val_loss: 0.4688 - val_accuracy: 0.8931
Epoch 194/350
391/391 - 24s - loss: 0.1679 - accuracy: 0.9566 - val_loss: 0.4476 - val_accuracy: 0.8971
Epoch 195/350
391/391 - 24s - loss: 0.1734 - accuracy: 0.9553 - val_loss: 0.4804 - val_accuracy: 0.8915
Epoch 196/350
391/391 - 24s - loss: 0.1667 - accuracy: 0.9584 - val_loss: 0.4643 - val_accuracy: 0.8973
Epoch 197/350
391/391 - 24s - loss: 0.1703 - accuracy: 0.9554 - val_loss: 0.4715 - val_accuracy: 0.8903
Epoch 198/350
391/391 - 24s - loss: 0.1675 - accuracy: 0.9574 - val_loss: 0.4848 - val_accuracy: 0.8950
Epoch 199/350
391/391 - 24s - loss: 0.1707 - accuracy: 0.9562 - val_loss: 0.4697 - val_accuracy: 0.8922
Epoch 200/350


Snapshot weight 8 shuffle 9 at epoch 200
Layer 11
Getting activations...


391/391 - 24s - loss: 0.1689 - accuracy: 0.9568 - val_loss: 0.4546 - val_accuracy: 0.8927
Epoch 201/350
391/391 - 24s - loss: 0.1440 - accuracy: 0.9654 - val_loss: 0.4485 - val_accuracy: 0.9009
Epoch 202/350
391/391 - 24s - loss: 0.1292 - accuracy: 0.9708 - val_loss: 0.4531 - val_accuracy: 0.9027
Epoch 203/350
391/391 - 24s - loss: 0.1254 - accuracy: 0.9728 - val_loss: 0.4612 - val_accuracy: 0.9028
Epoch 204/350
391/391 - 24s - loss: 0.1224 - accuracy: 0.9729 - val_loss: 0.4634 - val_accuracy: 0.9047
Epoch 205/350
391/391 - 24s - loss: 0.1230 - accuracy: 0.9730 - val_loss: 0.4647 - val_accuracy: 0.9041
Epoch 206/350
391/391 - 24s - loss: 0.1216 - accuracy: 0.9738 - val_loss: 0.4641 - val_accuracy: 0.9044
Epoch 207/350
391/391 - 24s - loss: 0.1187 - accuracy: 0.9743 - val_loss: 0.4717 - val_accuracy: 0.9050
Epoch 208/350
391/391 - 24s - loss: 0.1208 - accuracy: 0.9733 - val_loss: 0.4723 - val_accuracy: 0.9066
Epoch 209/350
391/391 - 24s - loss: 0.1202 - accuracy: 0.9738 - val_loss: 0.4713 - val_accuracy: 0.9060
Epoch 210/350
391/391 - 24s - loss: 0.1185 - accuracy: 0.9739 - val_loss: 0.4723 - val_accuracy: 0.9051
Epoch 211/350
391/391 - 24s - loss: 0.1175 - accuracy: 0.9749 - val_loss: 0.4665 - val_accuracy: 0.9053
Epoch 212/350
391/391 - 24s - loss: 0.1178 - accuracy: 0.9747 - val_loss: 0.4732 - val_accuracy: 0.9049
Epoch 213/350
391/391 - 24s - loss: 0.1171 - accuracy: 0.9745 - val_loss: 0.4728 - val_accuracy: 0.9059
Epoch 214/350
391/391 - 24s - loss: 0.1131 - accuracy: 0.9767 - val_loss: 0.4777 - val_accuracy: 0.9055
Epoch 215/350
391/391 - 24s - loss: 0.1152 - accuracy: 0.9758 - val_loss: 0.4801 - val_accuracy: 0.9059
Epoch 216/350
391/391 - 24s - loss: 0.1182 - accuracy: 0.9750 - val_loss: 0.4757 - val_accuracy: 0.9050
Epoch 217/350
391/391 - 24s - loss: 0.1134 - accuracy: 0.9763 - val_loss: 0.4837 - val_accuracy: 0.9047
Epoch 218/350
391/391 - 24s - loss: 0.1155 - accuracy: 0.9748 - val_loss: 0.4797 - val_accuracy: 0.9051
Epoch 219/350
391/391 - 24s - loss: 0.1117 - accuracy: 0.9774 - val_loss: 0.4887 - val_accuracy: 0.9052
Epoch 220/350
391/391 - 24s - loss: 0.1135 - accuracy: 0.9761 - val_loss: 0.4907 - val_accuracy: 0.9057
Epoch 221/350
391/391 - 24s - loss: 0.1110 - accuracy: 0.9767 - val_loss: 0.4897 - val_accuracy: 0.9062
Epoch 222/350
391/391 - 24s - loss: 0.1097 - accuracy: 0.9774 - val_loss: 0.4918 - val_accuracy: 0.9065
Epoch 223/350
391/391 - 24s - loss: 0.1126 - accuracy: 0.9756 - val_loss: 0.4933 - val_accuracy: 0.9039
Epoch 224/350
391/391 - 24s - loss: 0.1112 - accuracy: 0.9770 - val_loss: 0.4837 - val_accuracy: 0.9059
Epoch 225/350
391/391 - 24s - loss: 0.1121 - accuracy: 0.9769 - val_loss: 0.4948 - val_accuracy: 0.9050
Epoch 226/350
391/391 - 24s - loss: 0.1110 - accuracy: 0.9766 - val_loss: 0.4896 - val_accuracy: 0.9041
Epoch 227/350
391/391 - 24s - loss: 0.1114 - accuracy: 0.9769 - val_loss: 0.5015 - val_accuracy: 0.9059
Epoch 228/350
391/391 - 24s - loss: 0.1126 - accuracy: 0.9775 - val_loss: 0.5035 - val_accuracy: 0.9046
Epoch 229/350
391/391 - 24s - loss: 0.1114 - accuracy: 0.9769 - val_loss: 0.4885 - val_accuracy: 0.9055
Epoch 230/350
391/391 - 24s - loss: 0.1101 - accuracy: 0.9770 - val_loss: 0.4882 - val_accuracy: 0.9038
Epoch 231/350
391/391 - 24s - loss: 0.1086 - accuracy: 0.9778 - val_loss: 0.5054 - val_accuracy: 0.9044
Epoch 232/350
391/391 - 24s - loss: 0.1127 - accuracy: 0.9767 - val_loss: 0.4967 - val_accuracy: 0.9049
Epoch 233/350
391/391 - 24s - loss: 0.1102 - accuracy: 0.9770 - val_loss: 0.4995 - val_accuracy: 0.9043
Epoch 234/350
391/391 - 24s - loss: 0.1115 - accuracy: 0.9767 - val_loss: 0.4970 - val_accuracy: 0.9055
Epoch 235/350
391/391 - 24s - loss: 0.1098 - accuracy: 0.9769 - val_loss: 0.4895 - val_accuracy: 0.9068
Epoch 236/350
391/391 - 24s - loss: 0.1084 - accuracy: 0.9782 - val_loss: 0.4882 - val_accuracy: 0.9053
Epoch 237/350
391/391 - 24s - loss: 0.1107 - accuracy: 0.9771 - val_loss: 0.4893 - val_accuracy: 0.9067
Epoch 238/350
391/391 - 24s - loss: 0.1108 - accuracy: 0.9766 - val_loss: 0.4855 - val_accuracy: 0.9060
Epoch 239/350
391/391 - 24s - loss: 0.1071 - accuracy: 0.9783 - val_loss: 0.5003 - val_accuracy: 0.9060
Epoch 240/350
391/391 - 24s - loss: 0.1089 - accuracy: 0.9773 - val_loss: 0.5030 - val_accuracy: 0.9053
Epoch 241/350
391/391 - 24s - loss: 0.1074 - accuracy: 0.9785 - val_loss: 0.4970 - val_accuracy: 0.9059
Epoch 242/350
391/391 - 24s - loss: 0.1063 - accuracy: 0.9781 - val_loss: 0.4988 - val_accuracy: 0.9068
Epoch 243/350
391/391 - 24s - loss: 0.1070 - accuracy: 0.9780 - val_loss: 0.4911 - val_accuracy: 0.9051
Epoch 244/350
391/391 - 24s - loss: 0.1097 - accuracy: 0.9773 - val_loss: 0.4952 - val_accuracy: 0.9062
Epoch 245/350
391/391 - 24s - loss: 0.1056 - accuracy: 0.9788 - val_loss: 0.5016 - val_accuracy: 0.9045
Epoch 246/350
391/391 - 24s - loss: 0.1053 - accuracy: 0.9787 - val_loss: 0.5009 - val_accuracy: 0.9057
Epoch 247/350
391/391 - 24s - loss: 0.1053 - accuracy: 0.9787 - val_loss: 0.5121 - val_accuracy: 0.9043
Epoch 248/350
391/391 - 24s - loss: 0.1064 - accuracy: 0.9788 - val_loss: 0.4986 - val_accuracy: 0.9065
Epoch 249/350
391/391 - 24s - loss: 0.1051 - accuracy: 0.9790 - val_loss: 0.5080 - val_accuracy: 0.9048
Epoch 250/350


Snapshot weight 8 shuffle 9 at epoch 250
Layer 11
Getting activations...


391/391 - 24s - loss: 0.1045 - accuracy: 0.9790 - val_loss: 0.5199 - val_accuracy: 0.9044
Epoch 251/350
391/391 - 24s - loss: 0.1050 - accuracy: 0.9793 - val_loss: 0.5055 - val_accuracy: 0.9053
Epoch 252/350
391/391 - 24s - loss: 0.1057 - accuracy: 0.9788 - val_loss: 0.5036 - val_accuracy: 0.9048
Epoch 253/350
391/391 - 24s - loss: 0.1038 - accuracy: 0.9792 - val_loss: 0.5036 - val_accuracy: 0.9045
Epoch 254/350
391/391 - 24s - loss: 0.1036 - accuracy: 0.9793 - val_loss: 0.5010 - val_accuracy: 0.9050
Epoch 255/350
391/391 - 24s - loss: 0.1035 - accuracy: 0.9796 - val_loss: 0.5021 - val_accuracy: 0.9046
Epoch 256/350
391/391 - 24s - loss: 0.1017 - accuracy: 0.9801 - val_loss: 0.5029 - val_accuracy: 0.9047
Epoch 257/350
391/391 - 24s - loss: 0.1012 - accuracy: 0.9797 - val_loss: 0.5054 - val_accuracy: 0.9048
Epoch 258/350
391/391 - 24s - loss: 0.1031 - accuracy: 0.9792 - val_loss: 0.5054 - val_accuracy: 0.9045
Epoch 259/350
391/391 - 24s - loss: 0.1044 - accuracy: 0.9793 - val_loss: 0.5010 - val_accuracy: 0.9054
Epoch 260/350
391/391 - 24s - loss: 0.1029 - accuracy: 0.9801 - val_loss: 0.5022 - val_accuracy: 0.9050
Epoch 261/350
391/391 - 24s - loss: 0.1024 - accuracy: 0.9804 - val_loss: 0.5056 - val_accuracy: 0.9046
Epoch 262/350
391/391 - 24s - loss: 0.1015 - accuracy: 0.9802 - val_loss: 0.5070 - val_accuracy: 0.9050
Epoch 263/350
391/391 - 24s - loss: 0.1037 - accuracy: 0.9796 - val_loss: 0.5033 - val_accuracy: 0.9053
Epoch 264/350
391/391 - 24s - loss: 0.1032 - accuracy: 0.9796 - val_loss: 0.5037 - val_accuracy: 0.9052
Epoch 265/350
391/391 - 24s - loss: 0.1033 - accuracy: 0.9798 - val_loss: 0.5041 - val_accuracy: 0.9050
Epoch 266/350
391/391 - 24s - loss: 0.1015 - accuracy: 0.9803 - val_loss: 0.5041 - val_accuracy: 0.9052
Epoch 267/350
391/391 - 24s - loss: 0.1031 - accuracy: 0.9792 - val_loss: 0.5034 - val_accuracy: 0.9053
Epoch 268/350
391/391 - 24s - loss: 0.1026 - accuracy: 0.9796 - val_loss: 0.5042 - val_accuracy: 0.9045
Epoch 269/350
391/391 - 24s - loss: 0.0999 - accuracy: 0.9805 - val_loss: 0.5032 - val_accuracy: 0.9050
Epoch 270/350
391/391 - 24s - loss: 0.1023 - accuracy: 0.9808 - val_loss: 0.5036 - val_accuracy: 0.9047
Epoch 271/350
391/391 - 24s - loss: 0.1008 - accuracy: 0.9811 - val_loss: 0.5047 - val_accuracy: 0.9050
Epoch 272/350
391/391 - 24s - loss: 0.1016 - accuracy: 0.9807 - val_loss: 0.5050 - val_accuracy: 0.9048
Epoch 273/350
391/391 - 24s - loss: 0.1039 - accuracy: 0.9793 - val_loss: 0.5051 - val_accuracy: 0.9046
Epoch 274/350
391/391 - 24s - loss: 0.1028 - accuracy: 0.9804 - val_loss: 0.5043 - val_accuracy: 0.9055
Epoch 275/350
391/391 - 24s - loss: 0.1017 - accuracy: 0.9801 - val_loss: 0.5026 - val_accuracy: 0.9052
Epoch 276/350
391/391 - 24s - loss: 0.1033 - accuracy: 0.9799 - val_loss: 0.5068 - val_accuracy: 0.9050
Epoch 277/350
391/391 - 24s - loss: 0.1020 - accuracy: 0.9799 - val_loss: 0.5052 - val_accuracy: 0.9051
Epoch 278/350
391/391 - 24s - loss: 0.1025 - accuracy: 0.9800 - val_loss: 0.5059 - val_accuracy: 0.9043
Epoch 279/350
391/391 - 24s - loss: 0.1009 - accuracy: 0.9814 - val_loss: 0.5053 - val_accuracy: 0.9054
Epoch 280/350
391/391 - 24s - loss: 0.1043 - accuracy: 0.9789 - val_loss: 0.5055 - val_accuracy: 0.9050
Epoch 281/350
391/391 - 24s - loss: 0.1013 - accuracy: 0.9808 - val_loss: 0.5065 - val_accuracy: 0.9050
Epoch 282/350
391/391 - 24s - loss: 0.1029 - accuracy: 0.9794 - val_loss: 0.5057 - val_accuracy: 0.9045
Epoch 283/350
391/391 - 24s - loss: 0.1010 - accuracy: 0.9801 - val_loss: 0.5035 - val_accuracy: 0.9054
Epoch 284/350
391/391 - 24s - loss: 0.1025 - accuracy: 0.9800 - val_loss: 0.5057 - val_accuracy: 0.9053
Epoch 285/350
391/391 - 24s - loss: 0.1010 - accuracy: 0.9809 - val_loss: 0.5033 - val_accuracy: 0.9052
Epoch 286/350
391/391 - 24s - loss: 0.1036 - accuracy: 0.9797 - val_loss: 0.5033 - val_accuracy: 0.9050
Epoch 287/350
391/391 - 24s - loss: 0.1017 - accuracy: 0.9802 - val_loss: 0.5028 - val_accuracy: 0.9057
Epoch 288/350
391/391 - 24s - loss: 0.1029 - accuracy: 0.9795 - val_loss: 0.5022 - val_accuracy: 0.9055
Epoch 289/350
391/391 - 24s - loss: 0.1028 - accuracy: 0.9803 - val_loss: 0.5038 - val_accuracy: 0.9053
Epoch 290/350
391/391 - 24s - loss: 0.0994 - accuracy: 0.9810 - val_loss: 0.5032 - val_accuracy: 0.9052
Epoch 291/350
391/391 - 24s - loss: 0.1020 - accuracy: 0.9799 - val_loss: 0.5052 - val_accuracy: 0.9052
Epoch 292/350
391/391 - 24s - loss: 0.1019 - accuracy: 0.9804 - val_loss: 0.5051 - val_accuracy: 0.9049
Epoch 293/350
391/391 - 24s - loss: 0.1000 - accuracy: 0.9808 - val_loss: 0.5066 - val_accuracy: 0.9057
Epoch 294/350
391/391 - 24s - loss: 0.1022 - accuracy: 0.9798 - val_loss: 0.5049 - val_accuracy: 0.9055
Epoch 295/350
391/391 - 24s - loss: 0.1017 - accuracy: 0.9800 - val_loss: 0.5035 - val_accuracy: 0.9048
Epoch 296/350
391/391 - 24s - loss: 0.1016 - accuracy: 0.9801 - val_loss: 0.5031 - val_accuracy: 0.9050
Epoch 297/350
391/391 - 24s - loss: 0.1036 - accuracy: 0.9797 - val_loss: 0.5016 - val_accuracy: 0.9054
Epoch 298/350
391/391 - 24s - loss: 0.1029 - accuracy: 0.9800 - val_loss: 0.5008 - val_accuracy: 0.9062
Epoch 299/350
391/391 - 24s - loss: 0.1002 - accuracy: 0.9804 - val_loss: 0.5015 - val_accuracy: 0.9052
Epoch 300/350


Snapshot weight 8 shuffle 9 at epoch 300
Layer 11
Getting activations...


391/391 - 24s - loss: 0.1014 - accuracy: 0.9802 - val_loss: 0.5022 - val_accuracy: 0.9053
Epoch 301/350
391/391 - 24s - loss: 0.1037 - accuracy: 0.9796 - val_loss: 0.5025 - val_accuracy: 0.9053
Epoch 302/350
391/391 - 24s - loss: 0.1008 - accuracy: 0.9808 - val_loss: 0.5028 - val_accuracy: 0.9052
Epoch 303/350
391/391 - 24s - loss: 0.1013 - accuracy: 0.9805 - val_loss: 0.5032 - val_accuracy: 0.9051
Epoch 304/350
391/391 - 24s - loss: 0.1004 - accuracy: 0.9809 - val_loss: 0.5032 - val_accuracy: 0.9052
Epoch 305/350
391/391 - 24s - loss: 0.1006 - accuracy: 0.9805 - val_loss: 0.5035 - val_accuracy: 0.9049
Epoch 306/350
391/391 - 24s - loss: 0.1017 - accuracy: 0.9802 - val_loss: 0.5038 - val_accuracy: 0.9050
Epoch 307/350
391/391 - 24s - loss: 0.1009 - accuracy: 0.9807 - val_loss: 0.5041 - val_accuracy: 0.9053
Epoch 308/350
391/391 - 24s - loss: 0.1020 - accuracy: 0.9803 - val_loss: 0.5041 - val_accuracy: 0.9051
Epoch 309/350
391/391 - 24s - loss: 0.1034 - accuracy: 0.9800 - val_loss: 0.5040 - val_accuracy: 0.9052
Epoch 310/350
391/391 - 24s - loss: 0.1024 - accuracy: 0.9799 - val_loss: 0.5037 - val_accuracy: 0.9053
Epoch 311/350
391/391 - 24s - loss: 0.1013 - accuracy: 0.9797 - val_loss: 0.5038 - val_accuracy: 0.9051
Epoch 312/350
391/391 - 24s - loss: 0.1024 - accuracy: 0.9800 - val_loss: 0.5035 - val_accuracy: 0.9051
Epoch 313/350
391/391 - 24s - loss: 0.1022 - accuracy: 0.9802 - val_loss: 0.5039 - val_accuracy: 0.9051
Epoch 314/350
391/391 - 24s - loss: 0.1015 - accuracy: 0.9799 - val_loss: 0.5035 - val_accuracy: 0.9050
Epoch 315/350
391/391 - 24s - loss: 0.1011 - accuracy: 0.9802 - val_loss: 0.5039 - val_accuracy: 0.9051
Epoch 316/350
391/391 - 24s - loss: 0.1021 - accuracy: 0.9801 - val_loss: 0.5040 - val_accuracy: 0.9050
Epoch 317/350
391/391 - 24s - loss: 0.1020 - accuracy: 0.9798 - val_loss: 0.5037 - val_accuracy: 0.9052
Epoch 318/350
391/391 - 24s - loss: 0.1024 - accuracy: 0.9795 - val_loss: 0.5037 - val_accuracy: 0.9050
Epoch 319/350
391/391 - 24s - loss: 0.0997 - accuracy: 0.9810 - val_loss: 0.5040 - val_accuracy: 0.9051
Epoch 320/350
391/391 - 24s - loss: 0.1011 - accuracy: 0.9809 - val_loss: 0.5043 - val_accuracy: 0.9052
Epoch 321/350
391/391 - 24s - loss: 0.1013 - accuracy: 0.9798 - val_loss: 0.5041 - val_accuracy: 0.9053
Epoch 322/350
391/391 - 24s - loss: 0.1020 - accuracy: 0.9806 - val_loss: 0.5044 - val_accuracy: 0.9053
Epoch 323/350
391/391 - 24s - loss: 0.0998 - accuracy: 0.9804 - val_loss: 0.5041 - val_accuracy: 0.9054
Epoch 324/350
391/391 - 24s - loss: 0.1000 - accuracy: 0.9811 - val_loss: 0.5040 - val_accuracy: 0.9054
Epoch 325/350
391/391 - 24s - loss: 0.1009 - accuracy: 0.9811 - val_loss: 0.5040 - val_accuracy: 0.9055
Epoch 326/350
391/391 - 24s - loss: 0.1015 - accuracy: 0.9798 - val_loss: 0.5040 - val_accuracy: 0.9053
Epoch 327/350
391/391 - 24s - loss: 0.1014 - accuracy: 0.9804 - val_loss: 0.5040 - val_accuracy: 0.9053
Epoch 328/350
391/391 - 24s - loss: 0.1006 - accuracy: 0.9802 - val_loss: 0.5040 - val_accuracy: 0.9051
Epoch 329/350
391/391 - 24s - loss: 0.1011 - accuracy: 0.9811 - val_loss: 0.5039 - val_accuracy: 0.9049
Epoch 330/350
391/391 - 24s - loss: 0.0992 - accuracy: 0.9806 - val_loss: 0.5037 - val_accuracy: 0.9050
Epoch 331/350
391/391 - 24s - loss: 0.1002 - accuracy: 0.9810 - val_loss: 0.5035 - val_accuracy: 0.9051
Epoch 332/350
391/391 - 24s - loss: 0.1004 - accuracy: 0.9803 - val_loss: 0.5032 - val_accuracy: 0.9053
Epoch 333/350
391/391 - 24s - loss: 0.0997 - accuracy: 0.9809 - val_loss: 0.5029 - val_accuracy: 0.9051
Epoch 334/350
391/391 - 24s - loss: 0.1011 - accuracy: 0.9802 - val_loss: 0.5034 - val_accuracy: 0.9050
Epoch 335/350
391/391 - 24s - loss: 0.1016 - accuracy: 0.9802 - val_loss: 0.5035 - val_accuracy: 0.9054
Epoch 336/350
391/391 - 24s - loss: 0.1013 - accuracy: 0.9807 - val_loss: 0.5030 - val_accuracy: 0.9053
Epoch 337/350
391/391 - 24s - loss: 0.1005 - accuracy: 0.9807 - val_loss: 0.5032 - val_accuracy: 0.9053
Epoch 338/350
391/391 - 24s - loss: 0.0999 - accuracy: 0.9804 - val_loss: 0.5033 - val_accuracy: 0.9052
Epoch 339/350
391/391 - 24s - loss: 0.1006 - accuracy: 0.9808 - val_loss: 0.5035 - val_accuracy: 0.9053
Epoch 340/350
391/391 - 24s - loss: 0.1003 - accuracy: 0.9807 - val_loss: 0.5034 - val_accuracy: 0.9054
Epoch 341/350
391/391 - 24s - loss: 0.1022 - accuracy: 0.9797 - val_loss: 0.5036 - val_accuracy: 0.9054
Epoch 342/350
391/391 - 24s - loss: 0.1003 - accuracy: 0.9807 - val_loss: 0.5040 - val_accuracy: 0.9053
Epoch 343/350
391/391 - 24s - loss: 0.1003 - accuracy: 0.9809 - val_loss: 0.5035 - val_accuracy: 0.9049
Epoch 344/350
391/391 - 24s - loss: 0.1019 - accuracy: 0.9800 - val_loss: 0.5036 - val_accuracy: 0.9053
Epoch 345/350
391/391 - 24s - loss: 0.1020 - accuracy: 0.9800 - val_loss: 0.5042 - val_accuracy: 0.9053
Epoch 346/350
391/391 - 24s - loss: 0.1020 - accuracy: 0.9802 - val_loss: 0.5043 - val_accuracy: 0.9053
Epoch 347/350
391/391 - 24s - loss: 0.1022 - accuracy: 0.9798 - val_loss: 0.5039 - val_accuracy: 0.9053
Epoch 348/350
391/391 - 24s - loss: 0.1014 - accuracy: 0.9799 - val_loss: 0.5042 - val_accuracy: 0.9052
Epoch 349/350
391/391 - 24s - loss: 0.1027 - accuracy: 0.9806 - val_loss: 0.5045 - val_accuracy: 0.9052
Epoch 350/350


Snapshot weight 8 shuffle 9 at epoch 350
Layer 11
Getting activations...


391/391 - 24s - loss: 0.1020 - accuracy: 0.9796 - val_loss: 0.5046 - val_accuracy: 0.9052
/usr/local/lib/python3.6/dist-packages/tensorflow/python/autograph/impl/api.py:493: UserWarning: fill_value is not supported and is always 0 for TensorFlow < 2.4.0.
  return py_builtins.overload_of(f)(*args)
WARNING:tensorflow:From /usr/local/lib/python3.6/dist-packages/tensorflow/python/training/tracking/tracking.py:111: Model.state_updates (from tensorflow.python.keras.engine.training) is deprecated and will be removed in a future version.
Instructions for updating:
This property should not be used in TensorFlow 2.0, as updates are applied automatically.
2021-07-02 23:56:37.570190: W tensorflow/python/util/util.cc:348] Sets are not currently considered sequences, but this may change in the future, so consider avoiding using them.
WARNING:tensorflow:From /usr/local/lib/python3.6/dist-packages/tensorflow/python/training/tracking/tracking.py:111: Layer.updates (from tensorflow.python.keras.engine.base_layer) is deprecated and will be removed in a future version.
Instructions for updating:
This property should not be used in TensorFlow 2.0, as updates are applied automatically.
Saving, final validation acc: 0.9052000045776367
