2021-07-02 04:35:33.385682: I tensorflow/stream_executor/platform/default/dso_loader.cc:48] Successfully opened dynamic library libcudart.so.10.1
2021-07-02 04:37:21.336229: I tensorflow/stream_executor/platform/default/dso_loader.cc:48] Successfully opened dynamic library libcuda.so.1
2021-07-02 04:37:21.372659: I tensorflow/core/common_runtime/gpu/gpu_device.cc:1716] Found device 0 with properties: 
pciBusID: 0000:02:00.0 name: NVIDIA TITAN Xp computeCapability: 6.1
coreClock: 1.582GHz coreCount: 30 deviceMemorySize: 11.91GiB deviceMemoryBandwidth: 510.07GiB/s
2021-07-02 04:37:21.372732: I tensorflow/stream_executor/platform/default/dso_loader.cc:48] Successfully opened dynamic library libcudart.so.10.1
2021-07-02 04:37:21.414919: I tensorflow/stream_executor/platform/default/dso_loader.cc:48] Successfully opened dynamic library libcublas.so.10
2021-07-02 04:37:21.436528: I tensorflow/stream_executor/platform/default/dso_loader.cc:48] Successfully opened dynamic library libcufft.so.10
2021-07-02 04:37:21.445212: I tensorflow/stream_executor/platform/default/dso_loader.cc:48] Successfully opened dynamic library libcurand.so.10
2021-07-02 04:37:21.492081: I tensorflow/stream_executor/platform/default/dso_loader.cc:48] Successfully opened dynamic library libcusolver.so.10
2021-07-02 04:37:21.500837: I tensorflow/stream_executor/platform/default/dso_loader.cc:48] Successfully opened dynamic library libcusparse.so.10
2021-07-02 04:37:21.581025: I tensorflow/stream_executor/platform/default/dso_loader.cc:48] Successfully opened dynamic library libcudnn.so.7
2021-07-02 04:37:21.584926: I tensorflow/core/common_runtime/gpu/gpu_device.cc:1858] Adding visible gpu devices: 0
2021-07-02 04:37:21.588841: I tensorflow/core/platform/cpu_feature_guard.cc:142] This TensorFlow binary is optimized with oneAPI Deep Neural Network Library (oneDNN)to use the following CPU instructions in performance-critical operations:  AVX2 FMA
To enable them in other operations, rebuild TensorFlow with the appropriate compiler flags.
2021-07-02 04:37:21.605205: I tensorflow/core/platform/profile_utils/cpu_utils.cc:104] CPU Frequency: 2600000000 Hz
2021-07-02 04:37:21.605361: I tensorflow/compiler/xla/service/service.cc:168] XLA service 0x581edd0 initialized for platform Host (this does not guarantee that XLA will be used). Devices:
2021-07-02 04:37:21.605380: I tensorflow/compiler/xla/service/service.cc:176]   StreamExecutor device (0): Host, Default Version
2021-07-02 04:37:21.758060: I tensorflow/compiler/xla/service/service.cc:168] XLA service 0x5816210 initialized for platform CUDA (this does not guarantee that XLA will be used). Devices:
2021-07-02 04:37:21.758132: I tensorflow/compiler/xla/service/service.cc:176]   StreamExecutor device (0): NVIDIA TITAN Xp, Compute Capability 6.1
2021-07-02 04:37:21.760669: I tensorflow/core/common_runtime/gpu/gpu_device.cc:1716] Found device 0 with properties: 
pciBusID: 0000:02:00.0 name: NVIDIA TITAN Xp computeCapability: 6.1
coreClock: 1.582GHz coreCount: 30 deviceMemorySize: 11.91GiB deviceMemoryBandwidth: 510.07GiB/s
2021-07-02 04:37:21.760707: I tensorflow/stream_executor/platform/default/dso_loader.cc:48] Successfully opened dynamic library libcudart.so.10.1
2021-07-02 04:37:21.760737: I tensorflow/stream_executor/platform/default/dso_loader.cc:48] Successfully opened dynamic library libcublas.so.10
2021-07-02 04:37:21.760755: I tensorflow/stream_executor/platform/default/dso_loader.cc:48] Successfully opened dynamic library libcufft.so.10
2021-07-02 04:37:21.760771: I tensorflow/stream_executor/platform/default/dso_loader.cc:48] Successfully opened dynamic library libcurand.so.10
2021-07-02 04:37:21.760788: I tensorflow/stream_executor/platform/default/dso_loader.cc:48] Successfully opened dynamic library libcusolver.so.10
2021-07-02 04:37:21.760805: I tensorflow/stream_executor/platform/default/dso_loader.cc:48] Successfully opened dynamic library libcusparse.so.10
2021-07-02 04:37:21.760822: I tensorflow/stream_executor/platform/default/dso_loader.cc:48] Successfully opened dynamic library libcudnn.so.7
2021-07-02 04:37:21.764643: I tensorflow/core/common_runtime/gpu/gpu_device.cc:1858] Adding visible gpu devices: 0
2021-07-02 04:37:21.766590: I tensorflow/stream_executor/platform/default/dso_loader.cc:48] Successfully opened dynamic library libcudart.so.10.1
2021-07-02 04:37:23.630275: I tensorflow/core/common_runtime/gpu/gpu_device.cc:1257] Device interconnect StreamExecutor with strength 1 edge matrix:
2021-07-02 04:37:23.630347: I tensorflow/core/common_runtime/gpu/gpu_device.cc:1263]      0 
2021-07-02 04:37:23.630361: I tensorflow/core/common_runtime/gpu/gpu_device.cc:1276] 0:   N 
2021-07-02 04:37:23.636487: I tensorflow/core/common_runtime/gpu/gpu_device.cc:1402] Created TensorFlow device (/job:localhost/replica:0/task:0/device:GPU:0 with 11218 MB memory) -> physical GPU (device: 0, name: NVIDIA TITAN Xp, pci bus id: 0000:02:00.0, compute capability: 6.1)
2021-07-02 04:37:29.612081: I tensorflow/stream_executor/platform/default/dso_loader.cc:48] Successfully opened dynamic library libcudnn.so.7
2021-07-02 04:37:32.207192: I tensorflow/stream_executor/platform/default/dso_loader.cc:48] Successfully opened dynamic library libcublas.so.10
Using model index: 44
Making train data...
GCN...
ZCA...
Done!
Making test data...
Done!
Epoch 1/350


Snapshot weight 4 shuffle 4 at epoch 1
Layer 11
Getting activations...


391/391 - 24s - loss: 2.3150 - accuracy: 0.1177 - val_loss: 2.2620 - val_accuracy: 0.1567
Epoch 2/350


Snapshot weight 4 shuffle 4 at epoch 2
Layer 11
Getting activations...


391/391 - 23s - loss: 2.2187 - accuracy: 0.1719 - val_loss: 2.1454 - val_accuracy: 0.2092
Epoch 3/350


Snapshot weight 4 shuffle 4 at epoch 3
Layer 11
Getting activations...


391/391 - 23s - loss: 1.9554 - accuracy: 0.2869 - val_loss: 1.7354 - val_accuracy: 0.3430
Epoch 4/350


Snapshot weight 4 shuffle 4 at epoch 4
Layer 11
Getting activations...


391/391 - 23s - loss: 1.6313 - accuracy: 0.4041 - val_loss: 1.5181 - val_accuracy: 0.4606
Epoch 5/350


Snapshot weight 4 shuffle 4 at epoch 5
Layer 11
Getting activations...


391/391 - 23s - loss: 1.4534 - accuracy: 0.4820 - val_loss: 1.2940 - val_accuracy: 0.5480
Epoch 6/350


Snapshot weight 4 shuffle 4 at epoch 6
Layer 11
Getting activations...


391/391 - 23s - loss: 1.3317 - accuracy: 0.5281 - val_loss: 1.2362 - val_accuracy: 0.5732
Epoch 7/350


Snapshot weight 4 shuffle 4 at epoch 7
Layer 11
Getting activations...


391/391 - 23s - loss: 1.2373 - accuracy: 0.5635 - val_loss: 1.2044 - val_accuracy: 0.5780
Epoch 8/350


Snapshot weight 4 shuffle 4 at epoch 8
Layer 11
Getting activations...


391/391 - 23s - loss: 1.1555 - accuracy: 0.5944 - val_loss: 1.1645 - val_accuracy: 0.6122
Epoch 9/350


Snapshot weight 4 shuffle 4 at epoch 9
Layer 11
Getting activations...


391/391 - 23s - loss: 1.1002 - accuracy: 0.6138 - val_loss: 1.0674 - val_accuracy: 0.6397
Epoch 10/350


Snapshot weight 4 shuffle 4 at epoch 10
Layer 11
Getting activations...


391/391 - 23s - loss: 1.0428 - accuracy: 0.6395 - val_loss: 0.9848 - val_accuracy: 0.6649
Epoch 11/350
391/391 - 23s - loss: 0.9953 - accuracy: 0.6561 - val_loss: 0.8819 - val_accuracy: 0.6953
Epoch 12/350
391/391 - 23s - loss: 0.9523 - accuracy: 0.6712 - val_loss: 0.9084 - val_accuracy: 0.6947
Epoch 13/350
391/391 - 23s - loss: 0.9247 - accuracy: 0.6827 - val_loss: 0.8150 - val_accuracy: 0.7142
Epoch 14/350
391/391 - 23s - loss: 0.8938 - accuracy: 0.6940 - val_loss: 0.9487 - val_accuracy: 0.6798
Epoch 15/350
391/391 - 23s - loss: 0.8579 - accuracy: 0.7066 - val_loss: 0.8328 - val_accuracy: 0.7239
Epoch 16/350
391/391 - 23s - loss: 0.8322 - accuracy: 0.7165 - val_loss: 0.7385 - val_accuracy: 0.7495
Epoch 17/350
391/391 - 23s - loss: 0.7848 - accuracy: 0.7322 - val_loss: 0.7392 - val_accuracy: 0.7545
Epoch 18/350
391/391 - 23s - loss: 0.7668 - accuracy: 0.7423 - val_loss: 0.7078 - val_accuracy: 0.7627
Epoch 19/350
391/391 - 23s - loss: 0.7396 - accuracy: 0.7495 - val_loss: 0.6600 - val_accuracy: 0.7780
Epoch 20/350
391/391 - 23s - loss: 0.7144 - accuracy: 0.7578 - val_loss: 0.6451 - val_accuracy: 0.7874
Epoch 21/350
391/391 - 23s - loss: 0.6917 - accuracy: 0.7670 - val_loss: 0.6579 - val_accuracy: 0.7830
Epoch 22/350
391/391 - 23s - loss: 0.6787 - accuracy: 0.7743 - val_loss: 0.6341 - val_accuracy: 0.7882
Epoch 23/350
391/391 - 23s - loss: 0.6552 - accuracy: 0.7817 - val_loss: 0.6250 - val_accuracy: 0.7976
Epoch 24/350
391/391 - 23s - loss: 0.6423 - accuracy: 0.7865 - val_loss: 0.6185 - val_accuracy: 0.7950
Epoch 25/350
391/391 - 23s - loss: 0.6205 - accuracy: 0.7934 - val_loss: 0.5642 - val_accuracy: 0.8121
Epoch 26/350
391/391 - 23s - loss: 0.6110 - accuracy: 0.7978 - val_loss: 0.6079 - val_accuracy: 0.8028
Epoch 27/350
391/391 - 23s - loss: 0.5955 - accuracy: 0.8044 - val_loss: 0.5665 - val_accuracy: 0.8182
Epoch 28/350
391/391 - 23s - loss: 0.5760 - accuracy: 0.8094 - val_loss: 0.5734 - val_accuracy: 0.8203
Epoch 29/350
391/391 - 23s - loss: 0.5617 - accuracy: 0.8148 - val_loss: 0.5909 - val_accuracy: 0.8179
Epoch 30/350
391/391 - 23s - loss: 0.5573 - accuracy: 0.8169 - val_loss: 0.5642 - val_accuracy: 0.8210
Epoch 31/350
391/391 - 23s - loss: 0.5495 - accuracy: 0.8197 - val_loss: 0.5134 - val_accuracy: 0.8370
Epoch 32/350
391/391 - 23s - loss: 0.5257 - accuracy: 0.8263 - val_loss: 0.5725 - val_accuracy: 0.8179
Epoch 33/350
391/391 - 23s - loss: 0.5244 - accuracy: 0.8293 - val_loss: 0.5350 - val_accuracy: 0.8283
Epoch 34/350
391/391 - 23s - loss: 0.5138 - accuracy: 0.8324 - val_loss: 0.5535 - val_accuracy: 0.8221
Epoch 35/350
391/391 - 23s - loss: 0.5037 - accuracy: 0.8355 - val_loss: 0.5077 - val_accuracy: 0.8380
Epoch 36/350
391/391 - 23s - loss: 0.4948 - accuracy: 0.8378 - val_loss: 0.4942 - val_accuracy: 0.8442
Epoch 37/350
391/391 - 23s - loss: 0.4958 - accuracy: 0.8375 - val_loss: 0.5158 - val_accuracy: 0.8388
Epoch 38/350
391/391 - 23s - loss: 0.4760 - accuracy: 0.8459 - val_loss: 0.5768 - val_accuracy: 0.8333
Epoch 39/350
391/391 - 23s - loss: 0.4731 - accuracy: 0.8476 - val_loss: 0.4711 - val_accuracy: 0.8514
Epoch 40/350
391/391 - 23s - loss: 0.4656 - accuracy: 0.8499 - val_loss: 0.4838 - val_accuracy: 0.8500
Epoch 41/350
391/391 - 23s - loss: 0.4592 - accuracy: 0.8510 - val_loss: 0.4665 - val_accuracy: 0.8538
Epoch 42/350
391/391 - 23s - loss: 0.4481 - accuracy: 0.8547 - val_loss: 0.5391 - val_accuracy: 0.8362
Epoch 43/350
391/391 - 23s - loss: 0.4487 - accuracy: 0.8547 - val_loss: 0.4547 - val_accuracy: 0.8594
Epoch 44/350
391/391 - 23s - loss: 0.4391 - accuracy: 0.8573 - val_loss: 0.4885 - val_accuracy: 0.8427
Epoch 45/350
391/391 - 23s - loss: 0.4335 - accuracy: 0.8594 - val_loss: 0.4698 - val_accuracy: 0.8532
Epoch 46/350
391/391 - 23s - loss: 0.4296 - accuracy: 0.8612 - val_loss: 0.5014 - val_accuracy: 0.8464
Epoch 47/350
391/391 - 23s - loss: 0.4196 - accuracy: 0.8647 - val_loss: 0.4618 - val_accuracy: 0.8610
Epoch 48/350
391/391 - 24s - loss: 0.4172 - accuracy: 0.8656 - val_loss: 0.4567 - val_accuracy: 0.8581
Epoch 49/350
391/391 - 23s - loss: 0.4134 - accuracy: 0.8656 - val_loss: 0.4498 - val_accuracy: 0.8641
Epoch 50/350


Snapshot weight 4 shuffle 4 at epoch 50
Layer 11
Getting activations...


391/391 - 24s - loss: 0.4035 - accuracy: 0.8697 - val_loss: 0.4483 - val_accuracy: 0.8700
Epoch 51/350
391/391 - 23s - loss: 0.4016 - accuracy: 0.8703 - val_loss: 0.4551 - val_accuracy: 0.8640
Epoch 52/350
391/391 - 23s - loss: 0.3997 - accuracy: 0.8708 - val_loss: 0.4787 - val_accuracy: 0.8577
Epoch 53/350
391/391 - 23s - loss: 0.3922 - accuracy: 0.8729 - val_loss: 0.4419 - val_accuracy: 0.8667
Epoch 54/350
391/391 - 23s - loss: 0.3874 - accuracy: 0.8752 - val_loss: 0.4712 - val_accuracy: 0.8595
Epoch 55/350
391/391 - 23s - loss: 0.3838 - accuracy: 0.8767 - val_loss: 0.4504 - val_accuracy: 0.8652
Epoch 56/350
391/391 - 23s - loss: 0.3745 - accuracy: 0.8794 - val_loss: 0.4510 - val_accuracy: 0.8657
Epoch 57/350
391/391 - 23s - loss: 0.3772 - accuracy: 0.8790 - val_loss: 0.4761 - val_accuracy: 0.8558
Epoch 58/350
391/391 - 23s - loss: 0.3679 - accuracy: 0.8838 - val_loss: 0.4373 - val_accuracy: 0.8676
Epoch 59/350
391/391 - 23s - loss: 0.3607 - accuracy: 0.8839 - val_loss: 0.4551 - val_accuracy: 0.8633
Epoch 60/350
391/391 - 23s - loss: 0.3643 - accuracy: 0.8841 - val_loss: 0.4302 - val_accuracy: 0.8725
Epoch 61/350
391/391 - 23s - loss: 0.3578 - accuracy: 0.8867 - val_loss: 0.4416 - val_accuracy: 0.8692
Epoch 62/350
391/391 - 23s - loss: 0.3479 - accuracy: 0.8883 - val_loss: 0.4542 - val_accuracy: 0.8641
Epoch 63/350
391/391 - 23s - loss: 0.3485 - accuracy: 0.8897 - val_loss: 0.4606 - val_accuracy: 0.8597
Epoch 64/350
391/391 - 23s - loss: 0.3461 - accuracy: 0.8918 - val_loss: 0.4284 - val_accuracy: 0.8770
Epoch 65/350
391/391 - 23s - loss: 0.3354 - accuracy: 0.8933 - val_loss: 0.4403 - val_accuracy: 0.8755
Epoch 66/350
391/391 - 23s - loss: 0.3400 - accuracy: 0.8924 - val_loss: 0.4378 - val_accuracy: 0.8690
Epoch 67/350
391/391 - 23s - loss: 0.3348 - accuracy: 0.8928 - val_loss: 0.4194 - val_accuracy: 0.8812
Epoch 68/350
391/391 - 23s - loss: 0.3315 - accuracy: 0.8951 - val_loss: 0.4635 - val_accuracy: 0.8682
Epoch 69/350
391/391 - 23s - loss: 0.3299 - accuracy: 0.8954 - val_loss: 0.4452 - val_accuracy: 0.8649
Epoch 70/350
391/391 - 23s - loss: 0.3259 - accuracy: 0.8975 - val_loss: 0.4404 - val_accuracy: 0.8692
Epoch 71/350
391/391 - 23s - loss: 0.3236 - accuracy: 0.8980 - val_loss: 0.4341 - val_accuracy: 0.8751
Epoch 72/350
391/391 - 23s - loss: 0.3179 - accuracy: 0.8990 - val_loss: 0.4404 - val_accuracy: 0.8776
Epoch 73/350
391/391 - 23s - loss: 0.3155 - accuracy: 0.9021 - val_loss: 0.4547 - val_accuracy: 0.8728
Epoch 74/350
391/391 - 23s - loss: 0.3163 - accuracy: 0.9011 - val_loss: 0.4279 - val_accuracy: 0.8778
Epoch 75/350
391/391 - 23s - loss: 0.3187 - accuracy: 0.8999 - val_loss: 0.4264 - val_accuracy: 0.8754
Epoch 76/350
391/391 - 23s - loss: 0.3123 - accuracy: 0.9026 - val_loss: 0.4502 - val_accuracy: 0.8747
Epoch 77/350
391/391 - 23s - loss: 0.3014 - accuracy: 0.9064 - val_loss: 0.4416 - val_accuracy: 0.8761
Epoch 78/350
391/391 - 23s - loss: 0.3043 - accuracy: 0.9051 - val_loss: 0.4413 - val_accuracy: 0.8756
Epoch 79/350
391/391 - 23s - loss: 0.2987 - accuracy: 0.9071 - val_loss: 0.4411 - val_accuracy: 0.8769
Epoch 80/350
391/391 - 23s - loss: 0.3023 - accuracy: 0.9053 - val_loss: 0.4575 - val_accuracy: 0.8722
Epoch 81/350
391/391 - 23s - loss: 0.2904 - accuracy: 0.9096 - val_loss: 0.4679 - val_accuracy: 0.8685
Epoch 82/350
391/391 - 23s - loss: 0.2946 - accuracy: 0.9092 - val_loss: 0.4453 - val_accuracy: 0.8753
Epoch 83/350
391/391 - 23s - loss: 0.2860 - accuracy: 0.9121 - val_loss: 0.3930 - val_accuracy: 0.8872
Epoch 84/350
391/391 - 23s - loss: 0.2913 - accuracy: 0.9091 - val_loss: 0.4149 - val_accuracy: 0.8773
Epoch 85/350
391/391 - 23s - loss: 0.2885 - accuracy: 0.9101 - val_loss: 0.4261 - val_accuracy: 0.8801
Epoch 86/350
391/391 - 23s - loss: 0.2863 - accuracy: 0.9116 - val_loss: 0.4233 - val_accuracy: 0.8803
Epoch 87/350
391/391 - 23s - loss: 0.2790 - accuracy: 0.9157 - val_loss: 0.4291 - val_accuracy: 0.8863
Epoch 88/350
391/391 - 23s - loss: 0.2750 - accuracy: 0.9165 - val_loss: 0.4287 - val_accuracy: 0.8852
Epoch 89/350
391/391 - 23s - loss: 0.2746 - accuracy: 0.9158 - val_loss: 0.4287 - val_accuracy: 0.8833
Epoch 90/350
391/391 - 23s - loss: 0.2740 - accuracy: 0.9155 - val_loss: 0.4664 - val_accuracy: 0.8750
Epoch 91/350
391/391 - 23s - loss: 0.2715 - accuracy: 0.9172 - val_loss: 0.4447 - val_accuracy: 0.8764
Epoch 92/350
391/391 - 23s - loss: 0.2705 - accuracy: 0.9171 - val_loss: 0.4382 - val_accuracy: 0.8823
Epoch 93/350
391/391 - 23s - loss: 0.2671 - accuracy: 0.9188 - val_loss: 0.4752 - val_accuracy: 0.8790
Epoch 94/350
391/391 - 23s - loss: 0.2675 - accuracy: 0.9175 - val_loss: 0.4290 - val_accuracy: 0.8845
Epoch 95/350
391/391 - 23s - loss: 0.2688 - accuracy: 0.9192 - val_loss: 0.4121 - val_accuracy: 0.8865
Epoch 96/350
391/391 - 23s - loss: 0.2685 - accuracy: 0.9188 - val_loss: 0.4261 - val_accuracy: 0.8812
Epoch 97/350
391/391 - 23s - loss: 0.2599 - accuracy: 0.9217 - val_loss: 0.4296 - val_accuracy: 0.8836
Epoch 98/350
391/391 - 23s - loss: 0.2579 - accuracy: 0.9219 - val_loss: 0.4177 - val_accuracy: 0.8845
Epoch 99/350
391/391 - 23s - loss: 0.2592 - accuracy: 0.9219 - val_loss: 0.4224 - val_accuracy: 0.8840
Epoch 100/350


Snapshot weight 4 shuffle 4 at epoch 100
Layer 11
Getting activations...


391/391 - 23s - loss: 0.2607 - accuracy: 0.9219 - val_loss: 0.4393 - val_accuracy: 0.8830
Epoch 101/350
391/391 - 23s - loss: 0.2456 - accuracy: 0.9256 - val_loss: 0.4589 - val_accuracy: 0.8820
Epoch 102/350
391/391 - 23s - loss: 0.2554 - accuracy: 0.9219 - val_loss: 0.4046 - val_accuracy: 0.8895
Epoch 103/350
391/391 - 23s - loss: 0.2517 - accuracy: 0.9245 - val_loss: 0.4525 - val_accuracy: 0.8778
Epoch 104/350
391/391 - 23s - loss: 0.2465 - accuracy: 0.9267 - val_loss: 0.4107 - val_accuracy: 0.8895
Epoch 105/350
391/391 - 23s - loss: 0.2471 - accuracy: 0.9255 - val_loss: 0.4057 - val_accuracy: 0.8877
Epoch 106/350
391/391 - 23s - loss: 0.2474 - accuracy: 0.9257 - val_loss: 0.4327 - val_accuracy: 0.8864
Epoch 107/350
391/391 - 23s - loss: 0.2428 - accuracy: 0.9282 - val_loss: 0.4052 - val_accuracy: 0.8912
Epoch 108/350
391/391 - 23s - loss: 0.2406 - accuracy: 0.9268 - val_loss: 0.4024 - val_accuracy: 0.8912
Epoch 109/350
391/391 - 23s - loss: 0.2427 - accuracy: 0.9279 - val_loss: 0.4189 - val_accuracy: 0.8879
Epoch 110/350
391/391 - 23s - loss: 0.2390 - accuracy: 0.9284 - val_loss: 0.4213 - val_accuracy: 0.8877
Epoch 111/350
391/391 - 23s - loss: 0.2378 - accuracy: 0.9295 - val_loss: 0.4505 - val_accuracy: 0.8803
Epoch 112/350
391/391 - 23s - loss: 0.2368 - accuracy: 0.9295 - val_loss: 0.4273 - val_accuracy: 0.8933
Epoch 113/350
391/391 - 23s - loss: 0.2341 - accuracy: 0.9310 - val_loss: 0.4222 - val_accuracy: 0.8883
Epoch 114/350
391/391 - 23s - loss: 0.2397 - accuracy: 0.9286 - val_loss: 0.4215 - val_accuracy: 0.8906
Epoch 115/350
391/391 - 23s - loss: 0.2310 - accuracy: 0.9320 - val_loss: 0.4946 - val_accuracy: 0.8811
Epoch 116/350
391/391 - 23s - loss: 0.2328 - accuracy: 0.9312 - val_loss: 0.4380 - val_accuracy: 0.8875
Epoch 117/350
391/391 - 23s - loss: 0.2250 - accuracy: 0.9344 - val_loss: 0.4381 - val_accuracy: 0.8903
Epoch 118/350
391/391 - 23s - loss: 0.2276 - accuracy: 0.9333 - val_loss: 0.4508 - val_accuracy: 0.8850
Epoch 119/350
391/391 - 23s - loss: 0.2310 - accuracy: 0.9322 - val_loss: 0.4257 - val_accuracy: 0.8897
Epoch 120/350
391/391 - 23s - loss: 0.2269 - accuracy: 0.9339 - val_loss: 0.4062 - val_accuracy: 0.8943
Epoch 121/350
391/391 - 23s - loss: 0.2226 - accuracy: 0.9345 - val_loss: 0.4239 - val_accuracy: 0.8872
Epoch 122/350
391/391 - 23s - loss: 0.2225 - accuracy: 0.9355 - val_loss: 0.4522 - val_accuracy: 0.8897
Epoch 123/350
391/391 - 23s - loss: 0.2222 - accuracy: 0.9358 - val_loss: 0.4387 - val_accuracy: 0.8911
Epoch 124/350
391/391 - 23s - loss: 0.2165 - accuracy: 0.9367 - val_loss: 0.4596 - val_accuracy: 0.8863
Epoch 125/350
391/391 - 23s - loss: 0.2159 - accuracy: 0.9382 - val_loss: 0.4268 - val_accuracy: 0.8929
Epoch 126/350
391/391 - 23s - loss: 0.2167 - accuracy: 0.9369 - val_loss: 0.4417 - val_accuracy: 0.8913
Epoch 127/350
391/391 - 23s - loss: 0.2190 - accuracy: 0.9354 - val_loss: 0.4333 - val_accuracy: 0.8899
Epoch 128/350
391/391 - 23s - loss: 0.2149 - accuracy: 0.9381 - val_loss: 0.4448 - val_accuracy: 0.8934
Epoch 129/350
391/391 - 23s - loss: 0.2151 - accuracy: 0.9377 - val_loss: 0.4329 - val_accuracy: 0.8929
Epoch 130/350
391/391 - 23s - loss: 0.2102 - accuracy: 0.9392 - val_loss: 0.4415 - val_accuracy: 0.8875
Epoch 131/350
391/391 - 23s - loss: 0.2101 - accuracy: 0.9397 - val_loss: 0.4500 - val_accuracy: 0.8913
Epoch 132/350
391/391 - 23s - loss: 0.2179 - accuracy: 0.9372 - val_loss: 0.4375 - val_accuracy: 0.8907
Epoch 133/350
391/391 - 23s - loss: 0.2108 - accuracy: 0.9389 - val_loss: 0.4415 - val_accuracy: 0.8913
Epoch 134/350
391/391 - 23s - loss: 0.2143 - accuracy: 0.9369 - val_loss: 0.4448 - val_accuracy: 0.8881
Epoch 135/350
391/391 - 23s - loss: 0.2075 - accuracy: 0.9412 - val_loss: 0.4652 - val_accuracy: 0.8869
Epoch 136/350
391/391 - 23s - loss: 0.2066 - accuracy: 0.9402 - val_loss: 0.4077 - val_accuracy: 0.8967
Epoch 137/350
391/391 - 23s - loss: 0.2069 - accuracy: 0.9413 - val_loss: 0.4238 - val_accuracy: 0.8955
Epoch 138/350
391/391 - 23s - loss: 0.2068 - accuracy: 0.9413 - val_loss: 0.4469 - val_accuracy: 0.8936
Epoch 139/350
391/391 - 23s - loss: 0.2039 - accuracy: 0.9415 - val_loss: 0.4583 - val_accuracy: 0.8908
Epoch 140/350
391/391 - 23s - loss: 0.2077 - accuracy: 0.9405 - val_loss: 0.4202 - val_accuracy: 0.8919
Epoch 141/350
391/391 - 23s - loss: 0.2022 - accuracy: 0.9429 - val_loss: 0.4543 - val_accuracy: 0.8946
Epoch 142/350
391/391 - 23s - loss: 0.2036 - accuracy: 0.9416 - val_loss: 0.4386 - val_accuracy: 0.8903
Epoch 143/350
391/391 - 23s - loss: 0.1990 - accuracy: 0.9438 - val_loss: 0.4225 - val_accuracy: 0.8962
Epoch 144/350
391/391 - 23s - loss: 0.1970 - accuracy: 0.9446 - val_loss: 0.4461 - val_accuracy: 0.8945
Epoch 145/350
391/391 - 23s - loss: 0.2027 - accuracy: 0.9429 - val_loss: 0.4178 - val_accuracy: 0.8961
Epoch 146/350
391/391 - 23s - loss: 0.1968 - accuracy: 0.9456 - val_loss: 0.4239 - val_accuracy: 0.8989
Epoch 147/350
391/391 - 23s - loss: 0.1944 - accuracy: 0.9455 - val_loss: 0.4502 - val_accuracy: 0.8985
Epoch 148/350
391/391 - 24s - loss: 0.1946 - accuracy: 0.9469 - val_loss: 0.4616 - val_accuracy: 0.8910
Epoch 149/350
391/391 - 23s - loss: 0.1924 - accuracy: 0.9473 - val_loss: 0.4611 - val_accuracy: 0.8931
Epoch 150/350


Snapshot weight 4 shuffle 4 at epoch 150
Layer 11
Getting activations...


391/391 - 24s - loss: 0.1924 - accuracy: 0.9451 - val_loss: 0.4397 - val_accuracy: 0.8924
Epoch 151/350
391/391 - 23s - loss: 0.1973 - accuracy: 0.9454 - val_loss: 0.4517 - val_accuracy: 0.8926
Epoch 152/350
391/391 - 23s - loss: 0.1949 - accuracy: 0.9454 - val_loss: 0.4609 - val_accuracy: 0.8875
Epoch 153/350
391/391 - 23s - loss: 0.1925 - accuracy: 0.9467 - val_loss: 0.4307 - val_accuracy: 0.8981
Epoch 154/350
391/391 - 23s - loss: 0.1927 - accuracy: 0.9455 - val_loss: 0.4305 - val_accuracy: 0.8930
Epoch 155/350
391/391 - 23s - loss: 0.1908 - accuracy: 0.9468 - val_loss: 0.4471 - val_accuracy: 0.8955
Epoch 156/350
391/391 - 23s - loss: 0.1952 - accuracy: 0.9463 - val_loss: 0.4545 - val_accuracy: 0.8930
Epoch 157/350
391/391 - 23s - loss: 0.1838 - accuracy: 0.9490 - val_loss: 0.4532 - val_accuracy: 0.8914
Epoch 158/350
391/391 - 23s - loss: 0.1911 - accuracy: 0.9479 - val_loss: 0.4797 - val_accuracy: 0.8921
Epoch 159/350
391/391 - 23s - loss: 0.1851 - accuracy: 0.9486 - val_loss: 0.4665 - val_accuracy: 0.8903
Epoch 160/350
391/391 - 23s - loss: 0.1885 - accuracy: 0.9481 - val_loss: 0.4338 - val_accuracy: 0.8980
Epoch 161/350
391/391 - 23s - loss: 0.1854 - accuracy: 0.9496 - val_loss: 0.4531 - val_accuracy: 0.8944
Epoch 162/350
391/391 - 23s - loss: 0.1875 - accuracy: 0.9480 - val_loss: 0.4457 - val_accuracy: 0.8951
Epoch 163/350
391/391 - 23s - loss: 0.1824 - accuracy: 0.9499 - val_loss: 0.4591 - val_accuracy: 0.8939
Epoch 164/350
391/391 - 23s - loss: 0.1819 - accuracy: 0.9504 - val_loss: 0.4173 - val_accuracy: 0.8963
Epoch 165/350
391/391 - 23s - loss: 0.1860 - accuracy: 0.9488 - val_loss: 0.4707 - val_accuracy: 0.8930
Epoch 166/350
391/391 - 23s - loss: 0.1821 - accuracy: 0.9502 - val_loss: 0.4533 - val_accuracy: 0.8954
Epoch 167/350
391/391 - 23s - loss: 0.1865 - accuracy: 0.9495 - val_loss: 0.4342 - val_accuracy: 0.8956
Epoch 168/350
391/391 - 23s - loss: 0.1778 - accuracy: 0.9521 - val_loss: 0.4379 - val_accuracy: 0.8975
Epoch 169/350
391/391 - 23s - loss: 0.1768 - accuracy: 0.9534 - val_loss: 0.4300 - val_accuracy: 0.9011
Epoch 170/350
391/391 - 23s - loss: 0.1811 - accuracy: 0.9517 - val_loss: 0.4346 - val_accuracy: 0.8978
Epoch 171/350
391/391 - 23s - loss: 0.1785 - accuracy: 0.9517 - val_loss: 0.4498 - val_accuracy: 0.8964
Epoch 172/350
391/391 - 23s - loss: 0.1784 - accuracy: 0.9519 - val_loss: 0.4488 - val_accuracy: 0.8989
Epoch 173/350
391/391 - 23s - loss: 0.1763 - accuracy: 0.9523 - val_loss: 0.4486 - val_accuracy: 0.8949
Epoch 174/350
391/391 - 23s - loss: 0.1760 - accuracy: 0.9533 - val_loss: 0.4580 - val_accuracy: 0.8955
Epoch 175/350
391/391 - 23s - loss: 0.1751 - accuracy: 0.9541 - val_loss: 0.4594 - val_accuracy: 0.9011
Epoch 176/350
391/391 - 23s - loss: 0.1745 - accuracy: 0.9545 - val_loss: 0.4926 - val_accuracy: 0.8929
Epoch 177/350
391/391 - 23s - loss: 0.1757 - accuracy: 0.9531 - val_loss: 0.4448 - val_accuracy: 0.8994
Epoch 178/350
391/391 - 23s - loss: 0.1720 - accuracy: 0.9553 - val_loss: 0.4639 - val_accuracy: 0.9003
Epoch 179/350
391/391 - 23s - loss: 0.1709 - accuracy: 0.9549 - val_loss: 0.4639 - val_accuracy: 0.9019
Epoch 180/350
391/391 - 23s - loss: 0.1702 - accuracy: 0.9553 - val_loss: 0.4911 - val_accuracy: 0.8898
Epoch 181/350
391/391 - 23s - loss: 0.1712 - accuracy: 0.9556 - val_loss: 0.4771 - val_accuracy: 0.8889
Epoch 182/350
391/391 - 23s - loss: 0.1749 - accuracy: 0.9533 - val_loss: 0.4997 - val_accuracy: 0.8868
Epoch 183/350
391/391 - 23s - loss: 0.1705 - accuracy: 0.9551 - val_loss: 0.4798 - val_accuracy: 0.8962
Epoch 184/350
391/391 - 23s - loss: 0.1703 - accuracy: 0.9552 - val_loss: 0.4637 - val_accuracy: 0.8969
Epoch 185/350
391/391 - 23s - loss: 0.1714 - accuracy: 0.9556 - val_loss: 0.5207 - val_accuracy: 0.8903
Epoch 186/350
391/391 - 23s - loss: 0.1714 - accuracy: 0.9556 - val_loss: 0.4519 - val_accuracy: 0.9001
Epoch 187/350
391/391 - 23s - loss: 0.1690 - accuracy: 0.9558 - val_loss: 0.4721 - val_accuracy: 0.8924
Epoch 188/350
391/391 - 23s - loss: 0.1716 - accuracy: 0.9551 - val_loss: 0.4607 - val_accuracy: 0.8963
Epoch 189/350
391/391 - 23s - loss: 0.1721 - accuracy: 0.9555 - val_loss: 0.4573 - val_accuracy: 0.9002
Epoch 190/350
391/391 - 23s - loss: 0.1664 - accuracy: 0.9565 - val_loss: 0.4878 - val_accuracy: 0.8946
Epoch 191/350
391/391 - 23s - loss: 0.1642 - accuracy: 0.9577 - val_loss: 0.4621 - val_accuracy: 0.8967
Epoch 192/350
391/391 - 23s - loss: 0.1688 - accuracy: 0.9561 - val_loss: 0.4714 - val_accuracy: 0.8963
Epoch 193/350
391/391 - 23s - loss: 0.1651 - accuracy: 0.9579 - val_loss: 0.5023 - val_accuracy: 0.8958
Epoch 194/350
391/391 - 23s - loss: 0.1700 - accuracy: 0.9558 - val_loss: 0.4837 - val_accuracy: 0.8977
Epoch 195/350
391/391 - 23s - loss: 0.1678 - accuracy: 0.9568 - val_loss: 0.4653 - val_accuracy: 0.8967
Epoch 196/350
391/391 - 23s - loss: 0.1660 - accuracy: 0.9571 - val_loss: 0.4783 - val_accuracy: 0.8947
Epoch 197/350
391/391 - 23s - loss: 0.1654 - accuracy: 0.9576 - val_loss: 0.4932 - val_accuracy: 0.8988
Epoch 198/350
391/391 - 23s - loss: 0.1633 - accuracy: 0.9585 - val_loss: 0.4774 - val_accuracy: 0.8993
Epoch 199/350
391/391 - 23s - loss: 0.1604 - accuracy: 0.9590 - val_loss: 0.4584 - val_accuracy: 0.8966
Epoch 200/350


Snapshot weight 4 shuffle 4 at epoch 200
Layer 11
Getting activations...


391/391 - 23s - loss: 0.1617 - accuracy: 0.9589 - val_loss: 0.4847 - val_accuracy: 0.8918
Epoch 201/350
391/391 - 23s - loss: 0.1409 - accuracy: 0.9667 - val_loss: 0.4403 - val_accuracy: 0.9062
Epoch 202/350
391/391 - 23s - loss: 0.1254 - accuracy: 0.9718 - val_loss: 0.4525 - val_accuracy: 0.9068
Epoch 203/350
391/391 - 23s - loss: 0.1224 - accuracy: 0.9734 - val_loss: 0.4507 - val_accuracy: 0.9082
Epoch 204/350
391/391 - 23s - loss: 0.1211 - accuracy: 0.9741 - val_loss: 0.4547 - val_accuracy: 0.9078
Epoch 205/350
391/391 - 23s - loss: 0.1206 - accuracy: 0.9738 - val_loss: 0.4543 - val_accuracy: 0.9077
Epoch 206/350
391/391 - 23s - loss: 0.1158 - accuracy: 0.9749 - val_loss: 0.4628 - val_accuracy: 0.9086
Epoch 207/350
391/391 - 23s - loss: 0.1150 - accuracy: 0.9755 - val_loss: 0.4649 - val_accuracy: 0.9076
Epoch 208/350
391/391 - 23s - loss: 0.1144 - accuracy: 0.9756 - val_loss: 0.4586 - val_accuracy: 0.9092
Epoch 209/350
391/391 - 23s - loss: 0.1124 - accuracy: 0.9761 - val_loss: 0.4718 - val_accuracy: 0.9060
Epoch 210/350
391/391 - 23s - loss: 0.1165 - accuracy: 0.9752 - val_loss: 0.4749 - val_accuracy: 0.9065
Epoch 211/350
391/391 - 23s - loss: 0.1115 - accuracy: 0.9765 - val_loss: 0.4784 - val_accuracy: 0.9079
Epoch 212/350
391/391 - 23s - loss: 0.1114 - accuracy: 0.9769 - val_loss: 0.4754 - val_accuracy: 0.9074
Epoch 213/350
391/391 - 23s - loss: 0.1123 - accuracy: 0.9764 - val_loss: 0.4831 - val_accuracy: 0.9064
Epoch 214/350
391/391 - 23s - loss: 0.1129 - accuracy: 0.9765 - val_loss: 0.4788 - val_accuracy: 0.9070
Epoch 215/350
391/391 - 23s - loss: 0.1096 - accuracy: 0.9774 - val_loss: 0.4842 - val_accuracy: 0.9078
Epoch 216/350
391/391 - 23s - loss: 0.1109 - accuracy: 0.9764 - val_loss: 0.4757 - val_accuracy: 0.9070
Epoch 217/350
391/391 - 23s - loss: 0.1082 - accuracy: 0.9779 - val_loss: 0.4843 - val_accuracy: 0.9091
Epoch 218/350
391/391 - 23s - loss: 0.1091 - accuracy: 0.9776 - val_loss: 0.4699 - val_accuracy: 0.9092
Epoch 219/350
391/391 - 23s - loss: 0.1080 - accuracy: 0.9782 - val_loss: 0.4795 - val_accuracy: 0.9074
Epoch 220/350
391/391 - 23s - loss: 0.1090 - accuracy: 0.9777 - val_loss: 0.4799 - val_accuracy: 0.9069
Epoch 221/350
391/391 - 23s - loss: 0.1090 - accuracy: 0.9775 - val_loss: 0.4773 - val_accuracy: 0.9082
Epoch 222/350
391/391 - 23s - loss: 0.1066 - accuracy: 0.9778 - val_loss: 0.4888 - val_accuracy: 0.9067
Epoch 223/350
391/391 - 23s - loss: 0.1061 - accuracy: 0.9793 - val_loss: 0.4859 - val_accuracy: 0.9098
Epoch 224/350
391/391 - 23s - loss: 0.1075 - accuracy: 0.9782 - val_loss: 0.4922 - val_accuracy: 0.9072
Epoch 225/350
391/391 - 23s - loss: 0.1082 - accuracy: 0.9784 - val_loss: 0.4837 - val_accuracy: 0.9083
Epoch 226/350
391/391 - 23s - loss: 0.1092 - accuracy: 0.9778 - val_loss: 0.4835 - val_accuracy: 0.9060
Epoch 227/350
391/391 - 24s - loss: 0.1066 - accuracy: 0.9779 - val_loss: 0.4891 - val_accuracy: 0.9069
Epoch 228/350
391/391 - 23s - loss: 0.1073 - accuracy: 0.9780 - val_loss: 0.4829 - val_accuracy: 0.9095
Epoch 229/350
391/391 - 23s - loss: 0.1056 - accuracy: 0.9785 - val_loss: 0.4888 - val_accuracy: 0.9083
Epoch 230/350
391/391 - 23s - loss: 0.1064 - accuracy: 0.9787 - val_loss: 0.4944 - val_accuracy: 0.9073
Epoch 231/350
391/391 - 23s - loss: 0.1052 - accuracy: 0.9794 - val_loss: 0.4809 - val_accuracy: 0.9081
Epoch 232/350
391/391 - 23s - loss: 0.1062 - accuracy: 0.9777 - val_loss: 0.4848 - val_accuracy: 0.9093
Epoch 233/350
391/391 - 23s - loss: 0.1045 - accuracy: 0.9793 - val_loss: 0.4870 - val_accuracy: 0.9098
Epoch 234/350
391/391 - 23s - loss: 0.1048 - accuracy: 0.9793 - val_loss: 0.4851 - val_accuracy: 0.9086
Epoch 235/350
391/391 - 23s - loss: 0.1039 - accuracy: 0.9798 - val_loss: 0.4873 - val_accuracy: 0.9081
Epoch 236/350
391/391 - 23s - loss: 0.1024 - accuracy: 0.9802 - val_loss: 0.4954 - val_accuracy: 0.9086
Epoch 237/350
391/391 - 23s - loss: 0.1052 - accuracy: 0.9790 - val_loss: 0.4983 - val_accuracy: 0.9085
Epoch 238/350
391/391 - 23s - loss: 0.1047 - accuracy: 0.9789 - val_loss: 0.4910 - val_accuracy: 0.9095
Epoch 239/350
391/391 - 23s - loss: 0.1056 - accuracy: 0.9793 - val_loss: 0.4933 - val_accuracy: 0.9099
Epoch 240/350
391/391 - 23s - loss: 0.1015 - accuracy: 0.9800 - val_loss: 0.4970 - val_accuracy: 0.9081
Epoch 241/350
391/391 - 23s - loss: 0.1018 - accuracy: 0.9806 - val_loss: 0.4950 - val_accuracy: 0.9086
Epoch 242/350
391/391 - 23s - loss: 0.1055 - accuracy: 0.9785 - val_loss: 0.4954 - val_accuracy: 0.9075
Epoch 243/350
391/391 - 23s - loss: 0.1022 - accuracy: 0.9802 - val_loss: 0.4951 - val_accuracy: 0.9075
Epoch 244/350
391/391 - 23s - loss: 0.1010 - accuracy: 0.9802 - val_loss: 0.4927 - val_accuracy: 0.9091
Epoch 245/350
391/391 - 23s - loss: 0.1051 - accuracy: 0.9790 - val_loss: 0.4984 - val_accuracy: 0.9098
Epoch 246/350
391/391 - 23s - loss: 0.1038 - accuracy: 0.9791 - val_loss: 0.4995 - val_accuracy: 0.9087
Epoch 247/350
391/391 - 23s - loss: 0.1001 - accuracy: 0.9807 - val_loss: 0.4914 - val_accuracy: 0.9088
Epoch 248/350
391/391 - 23s - loss: 0.1064 - accuracy: 0.9789 - val_loss: 0.4874 - val_accuracy: 0.9091
Epoch 249/350
391/391 - 23s - loss: 0.1015 - accuracy: 0.9805 - val_loss: 0.4935 - val_accuracy: 0.9101
Epoch 250/350


Snapshot weight 4 shuffle 4 at epoch 250
Layer 11
Getting activations...


391/391 - 24s - loss: 0.1033 - accuracy: 0.9798 - val_loss: 0.4823 - val_accuracy: 0.9099
Epoch 251/350
391/391 - 23s - loss: 0.1010 - accuracy: 0.9809 - val_loss: 0.4857 - val_accuracy: 0.9106
Epoch 252/350
391/391 - 23s - loss: 0.1024 - accuracy: 0.9802 - val_loss: 0.4874 - val_accuracy: 0.9113
Epoch 253/350
391/391 - 23s - loss: 0.0952 - accuracy: 0.9826 - val_loss: 0.4898 - val_accuracy: 0.9109
Epoch 254/350
391/391 - 23s - loss: 0.0991 - accuracy: 0.9814 - val_loss: 0.4907 - val_accuracy: 0.9114
Epoch 255/350
391/391 - 23s - loss: 0.1000 - accuracy: 0.9807 - val_loss: 0.4921 - val_accuracy: 0.9107
Epoch 256/350
391/391 - 23s - loss: 0.1002 - accuracy: 0.9806 - val_loss: 0.4939 - val_accuracy: 0.9110
Epoch 257/350
391/391 - 23s - loss: 0.0977 - accuracy: 0.9812 - val_loss: 0.4929 - val_accuracy: 0.9098
Epoch 258/350
391/391 - 23s - loss: 0.0997 - accuracy: 0.9811 - val_loss: 0.4919 - val_accuracy: 0.9109
Epoch 259/350
391/391 - 23s - loss: 0.1011 - accuracy: 0.9802 - val_loss: 0.4925 - val_accuracy: 0.9098
Epoch 260/350
391/391 - 23s - loss: 0.1013 - accuracy: 0.9801 - val_loss: 0.4946 - val_accuracy: 0.9100
Epoch 261/350
391/391 - 23s - loss: 0.0991 - accuracy: 0.9812 - val_loss: 0.4939 - val_accuracy: 0.9102
Epoch 262/350
391/391 - 23s - loss: 0.0987 - accuracy: 0.9817 - val_loss: 0.4910 - val_accuracy: 0.9108
Epoch 263/350
391/391 - 23s - loss: 0.1013 - accuracy: 0.9806 - val_loss: 0.4917 - val_accuracy: 0.9104
Epoch 264/350
391/391 - 23s - loss: 0.0984 - accuracy: 0.9820 - val_loss: 0.4928 - val_accuracy: 0.9105
Epoch 265/350
391/391 - 23s - loss: 0.0968 - accuracy: 0.9818 - val_loss: 0.4944 - val_accuracy: 0.9103
Epoch 266/350
391/391 - 23s - loss: 0.0988 - accuracy: 0.9809 - val_loss: 0.4934 - val_accuracy: 0.9105
Epoch 267/350
391/391 - 23s - loss: 0.1008 - accuracy: 0.9805 - val_loss: 0.4937 - val_accuracy: 0.9101
Epoch 268/350
391/391 - 23s - loss: 0.1016 - accuracy: 0.9807 - val_loss: 0.4917 - val_accuracy: 0.9107
Epoch 269/350
391/391 - 23s - loss: 0.0999 - accuracy: 0.9805 - val_loss: 0.4934 - val_accuracy: 0.9105
Epoch 270/350
391/391 - 23s - loss: 0.0995 - accuracy: 0.9810 - val_loss: 0.4930 - val_accuracy: 0.9107
Epoch 271/350
391/391 - 23s - loss: 0.0998 - accuracy: 0.9806 - val_loss: 0.4925 - val_accuracy: 0.9110
Epoch 272/350
391/391 - 23s - loss: 0.1001 - accuracy: 0.9809 - val_loss: 0.4916 - val_accuracy: 0.9109
Epoch 273/350
391/391 - 23s - loss: 0.0988 - accuracy: 0.9810 - val_loss: 0.4933 - val_accuracy: 0.9103
Epoch 274/350
391/391 - 23s - loss: 0.0986 - accuracy: 0.9813 - val_loss: 0.4939 - val_accuracy: 0.9099
Epoch 275/350
391/391 - 23s - loss: 0.0992 - accuracy: 0.9814 - val_loss: 0.4955 - val_accuracy: 0.9104
Epoch 276/350
391/391 - 23s - loss: 0.0986 - accuracy: 0.9812 - val_loss: 0.4939 - val_accuracy: 0.9101
Epoch 277/350
391/391 - 23s - loss: 0.0997 - accuracy: 0.9811 - val_loss: 0.4933 - val_accuracy: 0.9103
Epoch 278/350
391/391 - 23s - loss: 0.0984 - accuracy: 0.9815 - val_loss: 0.4947 - val_accuracy: 0.9105
Epoch 279/350
391/391 - 23s - loss: 0.0989 - accuracy: 0.9812 - val_loss: 0.4929 - val_accuracy: 0.9105
Epoch 280/350
391/391 - 23s - loss: 0.0977 - accuracy: 0.9810 - val_loss: 0.4952 - val_accuracy: 0.9101
Epoch 281/350
391/391 - 23s - loss: 0.1003 - accuracy: 0.9804 - val_loss: 0.4941 - val_accuracy: 0.9098
Epoch 282/350
391/391 - 23s - loss: 0.0971 - accuracy: 0.9811 - val_loss: 0.4936 - val_accuracy: 0.9107
Epoch 283/350
391/391 - 23s - loss: 0.0972 - accuracy: 0.9817 - val_loss: 0.4957 - val_accuracy: 0.9105
Epoch 284/350
391/391 - 23s - loss: 0.0970 - accuracy: 0.9822 - val_loss: 0.4921 - val_accuracy: 0.9103
Epoch 285/350
391/391 - 23s - loss: 0.0961 - accuracy: 0.9826 - val_loss: 0.4954 - val_accuracy: 0.9105
Epoch 286/350
391/391 - 23s - loss: 0.0967 - accuracy: 0.9821 - val_loss: 0.4963 - val_accuracy: 0.9100
Epoch 287/350
391/391 - 23s - loss: 0.0972 - accuracy: 0.9820 - val_loss: 0.4989 - val_accuracy: 0.9108
Epoch 288/350
391/391 - 23s - loss: 0.0991 - accuracy: 0.9809 - val_loss: 0.4969 - val_accuracy: 0.9106
Epoch 289/350
391/391 - 23s - loss: 0.1003 - accuracy: 0.9814 - val_loss: 0.4960 - val_accuracy: 0.9101
Epoch 290/350
391/391 - 23s - loss: 0.0993 - accuracy: 0.9808 - val_loss: 0.4967 - val_accuracy: 0.9097
Epoch 291/350
391/391 - 23s - loss: 0.0991 - accuracy: 0.9813 - val_loss: 0.4965 - val_accuracy: 0.9104
Epoch 292/350
391/391 - 23s - loss: 0.0971 - accuracy: 0.9819 - val_loss: 0.4961 - val_accuracy: 0.9099
Epoch 293/350
391/391 - 23s - loss: 0.0986 - accuracy: 0.9815 - val_loss: 0.4977 - val_accuracy: 0.9089
Epoch 294/350
391/391 - 23s - loss: 0.1004 - accuracy: 0.9808 - val_loss: 0.4959 - val_accuracy: 0.9094
Epoch 295/350
391/391 - 23s - loss: 0.0975 - accuracy: 0.9814 - val_loss: 0.4985 - val_accuracy: 0.9094
Epoch 296/350
391/391 - 23s - loss: 0.0983 - accuracy: 0.9820 - val_loss: 0.4979 - val_accuracy: 0.9101
Epoch 297/350
391/391 - 23s - loss: 0.0978 - accuracy: 0.9815 - val_loss: 0.4960 - val_accuracy: 0.9098
Epoch 298/350
391/391 - 23s - loss: 0.0979 - accuracy: 0.9813 - val_loss: 0.4959 - val_accuracy: 0.9103
Epoch 299/350
391/391 - 23s - loss: 0.0985 - accuracy: 0.9821 - val_loss: 0.4964 - val_accuracy: 0.9102
Epoch 300/350


Snapshot weight 4 shuffle 4 at epoch 300
Layer 11
Getting activations...


391/391 - 23s - loss: 0.0977 - accuracy: 0.9818 - val_loss: 0.4982 - val_accuracy: 0.9105
Epoch 301/350
391/391 - 23s - loss: 0.0976 - accuracy: 0.9815 - val_loss: 0.4984 - val_accuracy: 0.9108
Epoch 302/350
391/391 - 23s - loss: 0.0946 - accuracy: 0.9827 - val_loss: 0.4982 - val_accuracy: 0.9104
Epoch 303/350
391/391 - 23s - loss: 0.0982 - accuracy: 0.9813 - val_loss: 0.4980 - val_accuracy: 0.9105
Epoch 304/350
391/391 - 23s - loss: 0.0972 - accuracy: 0.9821 - val_loss: 0.4983 - val_accuracy: 0.9105
Epoch 305/350
391/391 - 23s - loss: 0.0959 - accuracy: 0.9824 - val_loss: 0.4987 - val_accuracy: 0.9107
Epoch 306/350
391/391 - 23s - loss: 0.0987 - accuracy: 0.9817 - val_loss: 0.4987 - val_accuracy: 0.9106
Epoch 307/350
391/391 - 23s - loss: 0.0975 - accuracy: 0.9815 - val_loss: 0.4988 - val_accuracy: 0.9100
Epoch 308/350
391/391 - 23s - loss: 0.0979 - accuracy: 0.9820 - val_loss: 0.4983 - val_accuracy: 0.9099
Epoch 309/350
391/391 - 23s - loss: 0.0980 - accuracy: 0.9810 - val_loss: 0.4981 - val_accuracy: 0.9103
Epoch 310/350
391/391 - 23s - loss: 0.0982 - accuracy: 0.9822 - val_loss: 0.4978 - val_accuracy: 0.9103
Epoch 311/350
391/391 - 23s - loss: 0.0953 - accuracy: 0.9820 - val_loss: 0.4977 - val_accuracy: 0.9102
Epoch 312/350
391/391 - 23s - loss: 0.0973 - accuracy: 0.9818 - val_loss: 0.4977 - val_accuracy: 0.9104
Epoch 313/350
391/391 - 23s - loss: 0.0990 - accuracy: 0.9811 - val_loss: 0.4977 - val_accuracy: 0.9105
Epoch 314/350
391/391 - 23s - loss: 0.0975 - accuracy: 0.9819 - val_loss: 0.4975 - val_accuracy: 0.9103
Epoch 315/350
391/391 - 23s - loss: 0.1000 - accuracy: 0.9807 - val_loss: 0.4974 - val_accuracy: 0.9103
Epoch 316/350
391/391 - 23s - loss: 0.0989 - accuracy: 0.9813 - val_loss: 0.4975 - val_accuracy: 0.9102
Epoch 317/350
391/391 - 23s - loss: 0.0971 - accuracy: 0.9822 - val_loss: 0.4977 - val_accuracy: 0.9102
Epoch 318/350
391/391 - 23s - loss: 0.0976 - accuracy: 0.9819 - val_loss: 0.4974 - val_accuracy: 0.9103
Epoch 319/350
391/391 - 23s - loss: 0.0995 - accuracy: 0.9814 - val_loss: 0.4969 - val_accuracy: 0.9103
Epoch 320/350
391/391 - 23s - loss: 0.0982 - accuracy: 0.9812 - val_loss: 0.4967 - val_accuracy: 0.9107
Epoch 321/350
391/391 - 23s - loss: 0.1004 - accuracy: 0.9812 - val_loss: 0.4969 - val_accuracy: 0.9102
Epoch 322/350
391/391 - 23s - loss: 0.0985 - accuracy: 0.9813 - val_loss: 0.4968 - val_accuracy: 0.9103
Epoch 323/350
391/391 - 23s - loss: 0.0980 - accuracy: 0.9823 - val_loss: 0.4971 - val_accuracy: 0.9100
Epoch 324/350
391/391 - 23s - loss: 0.0982 - accuracy: 0.9818 - val_loss: 0.4975 - val_accuracy: 0.9105
Epoch 325/350
391/391 - 23s - loss: 0.1000 - accuracy: 0.9805 - val_loss: 0.4975 - val_accuracy: 0.9102
Epoch 326/350
391/391 - 23s - loss: 0.0984 - accuracy: 0.9813 - val_loss: 0.4973 - val_accuracy: 0.9103
Epoch 327/350
391/391 - 23s - loss: 0.0968 - accuracy: 0.9825 - val_loss: 0.4973 - val_accuracy: 0.9107
Epoch 328/350
391/391 - 23s - loss: 0.0967 - accuracy: 0.9820 - val_loss: 0.4974 - val_accuracy: 0.9109
Epoch 329/350
391/391 - 23s - loss: 0.0982 - accuracy: 0.9810 - val_loss: 0.4976 - val_accuracy: 0.9106
Epoch 330/350
391/391 - 23s - loss: 0.0988 - accuracy: 0.9812 - val_loss: 0.4977 - val_accuracy: 0.9106
Epoch 331/350
391/391 - 23s - loss: 0.1002 - accuracy: 0.9812 - val_loss: 0.4974 - val_accuracy: 0.9104
Epoch 332/350
391/391 - 23s - loss: 0.1001 - accuracy: 0.9804 - val_loss: 0.4978 - val_accuracy: 0.9102
Epoch 333/350
391/391 - 23s - loss: 0.0994 - accuracy: 0.9815 - val_loss: 0.4975 - val_accuracy: 0.9101
Epoch 334/350
391/391 - 23s - loss: 0.0961 - accuracy: 0.9823 - val_loss: 0.4977 - val_accuracy: 0.9108
Epoch 335/350
391/391 - 23s - loss: 0.0975 - accuracy: 0.9816 - val_loss: 0.4978 - val_accuracy: 0.9104
Epoch 336/350
391/391 - 23s - loss: 0.0996 - accuracy: 0.9810 - val_loss: 0.4976 - val_accuracy: 0.9102
Epoch 337/350
391/391 - 23s - loss: 0.0985 - accuracy: 0.9810 - val_loss: 0.4973 - val_accuracy: 0.9102
Epoch 338/350
391/391 - 23s - loss: 0.0998 - accuracy: 0.9815 - val_loss: 0.4974 - val_accuracy: 0.9106
Epoch 339/350
391/391 - 23s - loss: 0.0986 - accuracy: 0.9809 - val_loss: 0.4980 - val_accuracy: 0.9104
Epoch 340/350
391/391 - 23s - loss: 0.0979 - accuracy: 0.9814 - val_loss: 0.4982 - val_accuracy: 0.9105
Epoch 341/350
391/391 - 23s - loss: 0.0968 - accuracy: 0.9814 - val_loss: 0.4980 - val_accuracy: 0.9103
Epoch 342/350
391/391 - 23s - loss: 0.0968 - accuracy: 0.9817 - val_loss: 0.4981 - val_accuracy: 0.9105
Epoch 343/350
391/391 - 23s - loss: 0.0968 - accuracy: 0.9818 - val_loss: 0.4985 - val_accuracy: 0.9104
Epoch 344/350
391/391 - 23s - loss: 0.0969 - accuracy: 0.9817 - val_loss: 0.4979 - val_accuracy: 0.9102
Epoch 345/350
391/391 - 23s - loss: 0.0975 - accuracy: 0.9819 - val_loss: 0.4976 - val_accuracy: 0.9104
Epoch 346/350
391/391 - 23s - loss: 0.0984 - accuracy: 0.9816 - val_loss: 0.4975 - val_accuracy: 0.9103
Epoch 347/350
391/391 - 23s - loss: 0.0964 - accuracy: 0.9829 - val_loss: 0.4975 - val_accuracy: 0.9101
Epoch 348/350
391/391 - 23s - loss: 0.0995 - accuracy: 0.9808 - val_loss: 0.4975 - val_accuracy: 0.9101
Epoch 349/350
391/391 - 23s - loss: 0.0952 - accuracy: 0.9822 - val_loss: 0.4977 - val_accuracy: 0.9100
Epoch 350/350


Snapshot weight 4 shuffle 4 at epoch 350
Layer 11
Getting activations...


391/391 - 23s - loss: 0.0978 - accuracy: 0.9815 - val_loss: 0.4978 - val_accuracy: 0.9102
/usr/local/lib/python3.6/dist-packages/tensorflow/python/autograph/impl/api.py:493: UserWarning: fill_value is not supported and is always 0 for TensorFlow < 2.4.0.
  return py_builtins.overload_of(f)(*args)
WARNING:tensorflow:From /usr/local/lib/python3.6/dist-packages/tensorflow/python/training/tracking/tracking.py:111: Model.state_updates (from tensorflow.python.keras.engine.training) is deprecated and will be removed in a future version.
Instructions for updating:
This property should not be used in TensorFlow 2.0, as updates are applied automatically.
2021-07-02 06:59:34.727447: W tensorflow/python/util/util.cc:348] Sets are not currently considered sequences, but this may change in the future, so consider avoiding using them.
WARNING:tensorflow:From /usr/local/lib/python3.6/dist-packages/tensorflow/python/training/tracking/tracking.py:111: Layer.updates (from tensorflow.python.keras.engine.base_layer) is deprecated and will be removed in a future version.
Instructions for updating:
This property should not be used in TensorFlow 2.0, as updates are applied automatically.
Saving, final validation acc: 0.9101999998092651
