2021-07-02 20:44:39.100584: I tensorflow/stream_executor/platform/default/dso_loader.cc:48] Successfully opened dynamic library libcudart.so.10.1
2021-07-02 20:45:53.113855: I tensorflow/stream_executor/platform/default/dso_loader.cc:48] Successfully opened dynamic library libcuda.so.1
2021-07-02 20:45:53.152609: I tensorflow/core/common_runtime/gpu/gpu_device.cc:1716] Found device 0 with properties: 
pciBusID: 0000:02:00.0 name: NVIDIA TITAN X (Pascal) computeCapability: 6.1
coreClock: 1.531GHz coreCount: 28 deviceMemorySize: 11.91GiB deviceMemoryBandwidth: 447.48GiB/s
2021-07-02 20:45:53.152693: I tensorflow/stream_executor/platform/default/dso_loader.cc:48] Successfully opened dynamic library libcudart.so.10.1
2021-07-02 20:45:53.195798: I tensorflow/stream_executor/platform/default/dso_loader.cc:48] Successfully opened dynamic library libcublas.so.10
2021-07-02 20:45:53.217646: I tensorflow/stream_executor/platform/default/dso_loader.cc:48] Successfully opened dynamic library libcufft.so.10
2021-07-02 20:45:53.226492: I tensorflow/stream_executor/platform/default/dso_loader.cc:48] Successfully opened dynamic library libcurand.so.10
2021-07-02 20:45:53.272400: I tensorflow/stream_executor/platform/default/dso_loader.cc:48] Successfully opened dynamic library libcusolver.so.10
2021-07-02 20:45:53.281317: I tensorflow/stream_executor/platform/default/dso_loader.cc:48] Successfully opened dynamic library libcusparse.so.10
2021-07-02 20:45:53.361418: I tensorflow/stream_executor/platform/default/dso_loader.cc:48] Successfully opened dynamic library libcudnn.so.7
2021-07-02 20:45:53.370027: I tensorflow/core/common_runtime/gpu/gpu_device.cc:1858] Adding visible gpu devices: 0
2021-07-02 20:45:53.373900: I tensorflow/core/platform/cpu_feature_guard.cc:142] This TensorFlow binary is optimized with oneAPI Deep Neural Network Library (oneDNN)to use the following CPU instructions in performance-critical operations:  AVX2 FMA
To enable them in other operations, rebuild TensorFlow with the appropriate compiler flags.
2021-07-02 20:45:53.390685: I tensorflow/core/platform/profile_utils/cpu_utils.cc:104] CPU Frequency: 2599865000 Hz
2021-07-02 20:45:53.390860: I tensorflow/compiler/xla/service/service.cc:168] XLA service 0x52fe540 initialized for platform Host (this does not guarantee that XLA will be used). Devices:
2021-07-02 20:45:53.390879: I tensorflow/compiler/xla/service/service.cc:176]   StreamExecutor device (0): Host, Default Version
2021-07-02 20:45:53.517735: I tensorflow/compiler/xla/service/service.cc:168] XLA service 0x52e07a0 initialized for platform CUDA (this does not guarantee that XLA will be used). Devices:
2021-07-02 20:45:53.517816: I tensorflow/compiler/xla/service/service.cc:176]   StreamExecutor device (0): NVIDIA TITAN X (Pascal), Compute Capability 6.1
2021-07-02 20:45:53.520401: I tensorflow/core/common_runtime/gpu/gpu_device.cc:1716] Found device 0 with properties: 
pciBusID: 0000:02:00.0 name: NVIDIA TITAN X (Pascal) computeCapability: 6.1
coreClock: 1.531GHz coreCount: 28 deviceMemorySize: 11.91GiB deviceMemoryBandwidth: 447.48GiB/s
2021-07-02 20:45:53.520470: I tensorflow/stream_executor/platform/default/dso_loader.cc:48] Successfully opened dynamic library libcudart.so.10.1
2021-07-02 20:45:53.520504: I tensorflow/stream_executor/platform/default/dso_loader.cc:48] Successfully opened dynamic library libcublas.so.10
2021-07-02 20:45:53.520524: I tensorflow/stream_executor/platform/default/dso_loader.cc:48] Successfully opened dynamic library libcufft.so.10
2021-07-02 20:45:53.520541: I tensorflow/stream_executor/platform/default/dso_loader.cc:48] Successfully opened dynamic library libcurand.so.10
2021-07-02 20:45:53.520558: I tensorflow/stream_executor/platform/default/dso_loader.cc:48] Successfully opened dynamic library libcusolver.so.10
2021-07-02 20:45:53.520575: I tensorflow/stream_executor/platform/default/dso_loader.cc:48] Successfully opened dynamic library libcusparse.so.10
2021-07-02 20:45:53.521207: I tensorflow/stream_executor/platform/default/dso_loader.cc:48] Successfully opened dynamic library libcudnn.so.7
2021-07-02 20:45:53.523004: I tensorflow/core/common_runtime/gpu/gpu_device.cc:1858] Adding visible gpu devices: 0
2021-07-02 20:45:53.524918: I tensorflow/stream_executor/platform/default/dso_loader.cc:48] Successfully opened dynamic library libcudart.so.10.1
2021-07-02 20:45:55.391976: I tensorflow/core/common_runtime/gpu/gpu_device.cc:1257] Device interconnect StreamExecutor with strength 1 edge matrix:
2021-07-02 20:45:55.392068: I tensorflow/core/common_runtime/gpu/gpu_device.cc:1263]      0 
2021-07-02 20:45:55.392082: I tensorflow/core/common_runtime/gpu/gpu_device.cc:1276] 0:   N 
2021-07-02 20:45:55.398459: I tensorflow/core/common_runtime/gpu/gpu_device.cc:1402] Created TensorFlow device (/job:localhost/replica:0/task:0/device:GPU:0 with 11228 MB memory) -> physical GPU (device: 0, name: NVIDIA TITAN X (Pascal), pci bus id: 0000:02:00.0, compute capability: 6.1)
2021-07-02 20:46:01.493763: I tensorflow/stream_executor/platform/default/dso_loader.cc:48] Successfully opened dynamic library libcudnn.so.7
2021-07-02 20:46:04.150397: I tensorflow/stream_executor/platform/default/dso_loader.cc:48] Successfully opened dynamic library libcublas.so.10
Using model index: 96
Making train data...
GCN...
ZCA...
Done!
Making test data...
Done!
Epoch 1/350


Snapshot weight 6 shuffle 9 at epoch 1
Layer 11
Getting activations...


391/391 - 26s - loss: 2.3097 - accuracy: 0.1211 - val_loss: 2.2564 - val_accuracy: 0.1634
Epoch 2/350


Snapshot weight 6 shuffle 9 at epoch 2
Layer 11
Getting activations...


391/391 - 25s - loss: 2.2065 - accuracy: 0.1870 - val_loss: 2.0898 - val_accuracy: 0.2477
Epoch 3/350


Snapshot weight 6 shuffle 9 at epoch 3
Layer 11
Getting activations...


391/391 - 25s - loss: 1.9907 - accuracy: 0.2884 - val_loss: 1.8099 - val_accuracy: 0.3557
Epoch 4/350


Snapshot weight 6 shuffle 9 at epoch 4
Layer 11
Getting activations...


391/391 - 25s - loss: 1.5953 - accuracy: 0.4306 - val_loss: 1.5442 - val_accuracy: 0.4454
Epoch 5/350


Snapshot weight 6 shuffle 9 at epoch 5
Layer 11
Getting activations...


391/391 - 26s - loss: 1.3889 - accuracy: 0.5101 - val_loss: 1.3590 - val_accuracy: 0.5425
Epoch 6/350


Snapshot weight 6 shuffle 9 at epoch 6
Layer 11
Getting activations...


391/391 - 25s - loss: 1.2839 - accuracy: 0.5488 - val_loss: 1.2677 - val_accuracy: 0.5711
Epoch 7/350


Snapshot weight 6 shuffle 9 at epoch 7
Layer 11
Getting activations...


391/391 - 25s - loss: 1.1975 - accuracy: 0.5787 - val_loss: 1.2253 - val_accuracy: 0.6021
Epoch 8/350


Snapshot weight 6 shuffle 9 at epoch 8
Layer 11
Getting activations...


391/391 - 25s - loss: 1.1309 - accuracy: 0.6053 - val_loss: 1.1463 - val_accuracy: 0.5974
Epoch 9/350


Snapshot weight 6 shuffle 9 at epoch 9
Layer 11
Getting activations...


391/391 - 25s - loss: 1.0689 - accuracy: 0.6301 - val_loss: 1.0918 - val_accuracy: 0.6423
Epoch 10/350


Snapshot weight 6 shuffle 9 at epoch 10
Layer 11
Getting activations...


391/391 - 26s - loss: 1.0197 - accuracy: 0.6460 - val_loss: 1.0169 - val_accuracy: 0.6490
Epoch 11/350
391/391 - 25s - loss: 0.9693 - accuracy: 0.6661 - val_loss: 0.8626 - val_accuracy: 0.7035
Epoch 12/350
391/391 - 25s - loss: 0.9253 - accuracy: 0.6818 - val_loss: 0.9137 - val_accuracy: 0.7004
Epoch 13/350
391/391 - 25s - loss: 0.8951 - accuracy: 0.6943 - val_loss: 0.8375 - val_accuracy: 0.7153
Epoch 14/350
391/391 - 25s - loss: 0.8558 - accuracy: 0.7101 - val_loss: 0.8355 - val_accuracy: 0.7165
Epoch 15/350
391/391 - 25s - loss: 0.8267 - accuracy: 0.7192 - val_loss: 0.7539 - val_accuracy: 0.7516
Epoch 16/350
391/391 - 25s - loss: 0.7902 - accuracy: 0.7327 - val_loss: 0.7578 - val_accuracy: 0.7491
Epoch 17/350
391/391 - 25s - loss: 0.7629 - accuracy: 0.7434 - val_loss: 0.7256 - val_accuracy: 0.7625
Epoch 18/350
391/391 - 25s - loss: 0.7377 - accuracy: 0.7507 - val_loss: 0.7785 - val_accuracy: 0.7435
Epoch 19/350
391/391 - 25s - loss: 0.7106 - accuracy: 0.7608 - val_loss: 0.6475 - val_accuracy: 0.7854
Epoch 20/350
391/391 - 25s - loss: 0.7020 - accuracy: 0.7651 - val_loss: 0.6579 - val_accuracy: 0.7882
Epoch 21/350
391/391 - 25s - loss: 0.6709 - accuracy: 0.7742 - val_loss: 0.6150 - val_accuracy: 0.7999
Epoch 22/350
391/391 - 25s - loss: 0.6541 - accuracy: 0.7825 - val_loss: 0.6338 - val_accuracy: 0.7955
Epoch 23/350
391/391 - 25s - loss: 0.6334 - accuracy: 0.7904 - val_loss: 0.6071 - val_accuracy: 0.8021
Epoch 24/350
391/391 - 25s - loss: 0.6219 - accuracy: 0.7930 - val_loss: 0.6336 - val_accuracy: 0.7961
Epoch 25/350
391/391 - 25s - loss: 0.6064 - accuracy: 0.7998 - val_loss: 0.5838 - val_accuracy: 0.8082
Epoch 26/350
391/391 - 25s - loss: 0.5930 - accuracy: 0.8035 - val_loss: 0.5918 - val_accuracy: 0.8079
Epoch 27/350
391/391 - 25s - loss: 0.5825 - accuracy: 0.8099 - val_loss: 0.5500 - val_accuracy: 0.8219
Epoch 28/350
391/391 - 25s - loss: 0.5679 - accuracy: 0.8131 - val_loss: 0.5892 - val_accuracy: 0.8099
Epoch 29/350
391/391 - 25s - loss: 0.5552 - accuracy: 0.8183 - val_loss: 0.5258 - val_accuracy: 0.8268
Epoch 30/350
391/391 - 25s - loss: 0.5437 - accuracy: 0.8223 - val_loss: 0.5317 - val_accuracy: 0.8256
Epoch 31/350
391/391 - 25s - loss: 0.5328 - accuracy: 0.8258 - val_loss: 0.5073 - val_accuracy: 0.8358
Epoch 32/350
391/391 - 25s - loss: 0.5228 - accuracy: 0.8286 - val_loss: 0.5089 - val_accuracy: 0.8359
Epoch 33/350
391/391 - 25s - loss: 0.5167 - accuracy: 0.8319 - val_loss: 0.5416 - val_accuracy: 0.8276
Epoch 34/350
391/391 - 25s - loss: 0.5117 - accuracy: 0.8335 - val_loss: 0.5079 - val_accuracy: 0.8350
Epoch 35/350
391/391 - 25s - loss: 0.5052 - accuracy: 0.8343 - val_loss: 0.5018 - val_accuracy: 0.8441
Epoch 36/350
391/391 - 25s - loss: 0.4884 - accuracy: 0.8411 - val_loss: 0.5011 - val_accuracy: 0.8456
Epoch 37/350
391/391 - 25s - loss: 0.4868 - accuracy: 0.8426 - val_loss: 0.4848 - val_accuracy: 0.8467
Epoch 38/350
391/391 - 25s - loss: 0.4759 - accuracy: 0.8458 - val_loss: 0.5012 - val_accuracy: 0.8369
Epoch 39/350
391/391 - 25s - loss: 0.4690 - accuracy: 0.8473 - val_loss: 0.4885 - val_accuracy: 0.8480
Epoch 40/350
391/391 - 25s - loss: 0.4597 - accuracy: 0.8516 - val_loss: 0.4934 - val_accuracy: 0.8451
Epoch 41/350
391/391 - 25s - loss: 0.4560 - accuracy: 0.8528 - val_loss: 0.4872 - val_accuracy: 0.8476
Epoch 42/350
391/391 - 25s - loss: 0.4559 - accuracy: 0.8526 - val_loss: 0.4893 - val_accuracy: 0.8433
Epoch 43/350
391/391 - 25s - loss: 0.4397 - accuracy: 0.8567 - val_loss: 0.4596 - val_accuracy: 0.8541
Epoch 44/350
391/391 - 25s - loss: 0.4343 - accuracy: 0.8603 - val_loss: 0.4564 - val_accuracy: 0.8532
Epoch 45/350
391/391 - 25s - loss: 0.4299 - accuracy: 0.8606 - val_loss: 0.4613 - val_accuracy: 0.8548
Epoch 46/350
391/391 - 25s - loss: 0.4203 - accuracy: 0.8648 - val_loss: 0.4945 - val_accuracy: 0.8512
Epoch 47/350
391/391 - 25s - loss: 0.4213 - accuracy: 0.8648 - val_loss: 0.4419 - val_accuracy: 0.8637
Epoch 48/350
391/391 - 25s - loss: 0.4136 - accuracy: 0.8680 - val_loss: 0.4778 - val_accuracy: 0.8559
Epoch 49/350
391/391 - 25s - loss: 0.4086 - accuracy: 0.8691 - val_loss: 0.4615 - val_accuracy: 0.8603
Epoch 50/350


Snapshot weight 6 shuffle 9 at epoch 50
Layer 11
Getting activations...


391/391 - 25s - loss: 0.4111 - accuracy: 0.8687 - val_loss: 0.4464 - val_accuracy: 0.8637
Epoch 51/350
391/391 - 25s - loss: 0.4015 - accuracy: 0.8706 - val_loss: 0.4397 - val_accuracy: 0.8662
Epoch 52/350
391/391 - 25s - loss: 0.4026 - accuracy: 0.8708 - val_loss: 0.4430 - val_accuracy: 0.8603
Epoch 53/350
391/391 - 25s - loss: 0.3936 - accuracy: 0.8734 - val_loss: 0.4372 - val_accuracy: 0.8645
Epoch 54/350
391/391 - 25s - loss: 0.3865 - accuracy: 0.8763 - val_loss: 0.4411 - val_accuracy: 0.8682
Epoch 55/350
391/391 - 25s - loss: 0.3819 - accuracy: 0.8763 - val_loss: 0.4394 - val_accuracy: 0.8654
Epoch 56/350
391/391 - 25s - loss: 0.3789 - accuracy: 0.8805 - val_loss: 0.4308 - val_accuracy: 0.8681
Epoch 57/350
391/391 - 25s - loss: 0.3702 - accuracy: 0.8834 - val_loss: 0.4825 - val_accuracy: 0.8506
Epoch 58/350
391/391 - 25s - loss: 0.3699 - accuracy: 0.8821 - val_loss: 0.4455 - val_accuracy: 0.8672
Epoch 59/350
391/391 - 25s - loss: 0.3637 - accuracy: 0.8837 - val_loss: 0.4622 - val_accuracy: 0.8575
Epoch 60/350
391/391 - 25s - loss: 0.3669 - accuracy: 0.8834 - val_loss: 0.4341 - val_accuracy: 0.8708
Epoch 61/350
391/391 - 25s - loss: 0.3590 - accuracy: 0.8853 - val_loss: 0.4444 - val_accuracy: 0.8682
Epoch 62/350
391/391 - 25s - loss: 0.3499 - accuracy: 0.8895 - val_loss: 0.4504 - val_accuracy: 0.8669
Epoch 63/350
391/391 - 25s - loss: 0.3509 - accuracy: 0.8906 - val_loss: 0.4529 - val_accuracy: 0.8673
Epoch 64/350
391/391 - 25s - loss: 0.3416 - accuracy: 0.8923 - val_loss: 0.4587 - val_accuracy: 0.8609
Epoch 65/350
391/391 - 25s - loss: 0.3445 - accuracy: 0.8909 - val_loss: 0.4186 - val_accuracy: 0.8735
Epoch 66/350
391/391 - 25s - loss: 0.3383 - accuracy: 0.8939 - val_loss: 0.4421 - val_accuracy: 0.8709
Epoch 67/350
391/391 - 25s - loss: 0.3339 - accuracy: 0.8953 - val_loss: 0.4281 - val_accuracy: 0.8683
Epoch 68/350
391/391 - 25s - loss: 0.3340 - accuracy: 0.8942 - val_loss: 0.4475 - val_accuracy: 0.8691
Epoch 69/350
391/391 - 25s - loss: 0.3331 - accuracy: 0.8946 - val_loss: 0.4397 - val_accuracy: 0.8697
Epoch 70/350
391/391 - 25s - loss: 0.3309 - accuracy: 0.8940 - val_loss: 0.3951 - val_accuracy: 0.8820
Epoch 71/350
391/391 - 25s - loss: 0.3239 - accuracy: 0.8993 - val_loss: 0.4120 - val_accuracy: 0.8786
Epoch 72/350
391/391 - 25s - loss: 0.3217 - accuracy: 0.9000 - val_loss: 0.4207 - val_accuracy: 0.8785
Epoch 73/350
391/391 - 25s - loss: 0.3234 - accuracy: 0.8992 - val_loss: 0.4124 - val_accuracy: 0.8801
Epoch 74/350
391/391 - 25s - loss: 0.3135 - accuracy: 0.9018 - val_loss: 0.4340 - val_accuracy: 0.8741
Epoch 75/350
391/391 - 25s - loss: 0.3184 - accuracy: 0.9006 - val_loss: 0.4304 - val_accuracy: 0.8765
Epoch 76/350
391/391 - 25s - loss: 0.3121 - accuracy: 0.9026 - val_loss: 0.4237 - val_accuracy: 0.8787
Epoch 77/350
391/391 - 25s - loss: 0.3092 - accuracy: 0.9032 - val_loss: 0.3958 - val_accuracy: 0.8818
Epoch 78/350
391/391 - 25s - loss: 0.3052 - accuracy: 0.9048 - val_loss: 0.4257 - val_accuracy: 0.8782
Epoch 79/350
391/391 - 25s - loss: 0.3084 - accuracy: 0.9023 - val_loss: 0.4233 - val_accuracy: 0.8781
Epoch 80/350
391/391 - 25s - loss: 0.3023 - accuracy: 0.9060 - val_loss: 0.4160 - val_accuracy: 0.8814
Epoch 81/350
391/391 - 25s - loss: 0.3011 - accuracy: 0.9063 - val_loss: 0.3958 - val_accuracy: 0.8839
Epoch 82/350
391/391 - 25s - loss: 0.2945 - accuracy: 0.9095 - val_loss: 0.4436 - val_accuracy: 0.8733
Epoch 83/350
391/391 - 25s - loss: 0.2929 - accuracy: 0.9093 - val_loss: 0.4340 - val_accuracy: 0.8783
Epoch 84/350
391/391 - 25s - loss: 0.2942 - accuracy: 0.9087 - val_loss: 0.4148 - val_accuracy: 0.8815
Epoch 85/350
391/391 - 25s - loss: 0.2920 - accuracy: 0.9087 - val_loss: 0.4431 - val_accuracy: 0.8747
Epoch 86/350
391/391 - 25s - loss: 0.2886 - accuracy: 0.9101 - val_loss: 0.4198 - val_accuracy: 0.8816
Epoch 87/350
391/391 - 25s - loss: 0.2841 - accuracy: 0.9125 - val_loss: 0.4558 - val_accuracy: 0.8756
Epoch 88/350
391/391 - 25s - loss: 0.2818 - accuracy: 0.9123 - val_loss: 0.4207 - val_accuracy: 0.8813
Epoch 89/350
391/391 - 25s - loss: 0.2785 - accuracy: 0.9156 - val_loss: 0.3982 - val_accuracy: 0.8831
Epoch 90/350
391/391 - 25s - loss: 0.2809 - accuracy: 0.9143 - val_loss: 0.4006 - val_accuracy: 0.8850
Epoch 91/350
391/391 - 25s - loss: 0.2735 - accuracy: 0.9165 - val_loss: 0.4471 - val_accuracy: 0.8773
Epoch 92/350
391/391 - 25s - loss: 0.2786 - accuracy: 0.9142 - val_loss: 0.4118 - val_accuracy: 0.8858
Epoch 93/350
391/391 - 25s - loss: 0.2720 - accuracy: 0.9171 - val_loss: 0.4088 - val_accuracy: 0.8866
Epoch 94/350
391/391 - 25s - loss: 0.2722 - accuracy: 0.9170 - val_loss: 0.4037 - val_accuracy: 0.8886
Epoch 95/350
391/391 - 25s - loss: 0.2721 - accuracy: 0.9177 - val_loss: 0.4303 - val_accuracy: 0.8773
Epoch 96/350
391/391 - 25s - loss: 0.2715 - accuracy: 0.9161 - val_loss: 0.3970 - val_accuracy: 0.8897
Epoch 97/350
391/391 - 25s - loss: 0.2639 - accuracy: 0.9197 - val_loss: 0.4386 - val_accuracy: 0.8794
Epoch 98/350
391/391 - 25s - loss: 0.2705 - accuracy: 0.9181 - val_loss: 0.4178 - val_accuracy: 0.8909
Epoch 99/350
391/391 - 25s - loss: 0.2592 - accuracy: 0.9217 - val_loss: 0.4329 - val_accuracy: 0.8872
Epoch 100/350


Snapshot weight 6 shuffle 9 at epoch 100
Layer 11
Getting activations...


391/391 - 25s - loss: 0.2566 - accuracy: 0.9223 - val_loss: 0.4439 - val_accuracy: 0.8806
Epoch 101/350
391/391 - 25s - loss: 0.2607 - accuracy: 0.9212 - val_loss: 0.4363 - val_accuracy: 0.8810
Epoch 102/350
391/391 - 25s - loss: 0.2572 - accuracy: 0.9231 - val_loss: 0.4350 - val_accuracy: 0.8827
Epoch 103/350
391/391 - 25s - loss: 0.2572 - accuracy: 0.9231 - val_loss: 0.3987 - val_accuracy: 0.8908
Epoch 104/350
391/391 - 25s - loss: 0.2551 - accuracy: 0.9236 - val_loss: 0.4079 - val_accuracy: 0.8887
Epoch 105/350
391/391 - 25s - loss: 0.2508 - accuracy: 0.9246 - val_loss: 0.3985 - val_accuracy: 0.8875
Epoch 106/350
391/391 - 25s - loss: 0.2551 - accuracy: 0.9238 - val_loss: 0.4488 - val_accuracy: 0.8780
Epoch 107/350
391/391 - 25s - loss: 0.2468 - accuracy: 0.9253 - val_loss: 0.4137 - val_accuracy: 0.8904
Epoch 108/350
391/391 - 25s - loss: 0.2441 - accuracy: 0.9275 - val_loss: 0.4202 - val_accuracy: 0.8894
Epoch 109/350
391/391 - 25s - loss: 0.2453 - accuracy: 0.9257 - val_loss: 0.4409 - val_accuracy: 0.8824
Epoch 110/350
391/391 - 25s - loss: 0.2447 - accuracy: 0.9274 - val_loss: 0.4223 - val_accuracy: 0.8889
Epoch 111/350
391/391 - 25s - loss: 0.2441 - accuracy: 0.9273 - val_loss: 0.4372 - val_accuracy: 0.8893
Epoch 112/350
391/391 - 25s - loss: 0.2411 - accuracy: 0.9279 - val_loss: 0.4363 - val_accuracy: 0.8905
Epoch 113/350
391/391 - 25s - loss: 0.2390 - accuracy: 0.9287 - val_loss: 0.4524 - val_accuracy: 0.8842
Epoch 114/350
391/391 - 25s - loss: 0.2375 - accuracy: 0.9296 - val_loss: 0.4467 - val_accuracy: 0.8855
Epoch 115/350
391/391 - 25s - loss: 0.2367 - accuracy: 0.9291 - val_loss: 0.4284 - val_accuracy: 0.8877
Epoch 116/350
391/391 - 25s - loss: 0.2351 - accuracy: 0.9306 - val_loss: 0.4216 - val_accuracy: 0.8889
Epoch 117/350
391/391 - 25s - loss: 0.2344 - accuracy: 0.9305 - val_loss: 0.4252 - val_accuracy: 0.8904
Epoch 118/350
391/391 - 25s - loss: 0.2308 - accuracy: 0.9328 - val_loss: 0.4482 - val_accuracy: 0.8858
Epoch 119/350
391/391 - 25s - loss: 0.2319 - accuracy: 0.9311 - val_loss: 0.4454 - val_accuracy: 0.8914
Epoch 120/350
391/391 - 25s - loss: 0.2304 - accuracy: 0.9326 - val_loss: 0.4066 - val_accuracy: 0.8937
Epoch 121/350
391/391 - 25s - loss: 0.2315 - accuracy: 0.9322 - val_loss: 0.4046 - val_accuracy: 0.8865
Epoch 122/350
391/391 - 25s - loss: 0.2241 - accuracy: 0.9344 - val_loss: 0.4394 - val_accuracy: 0.8841
Epoch 123/350
391/391 - 25s - loss: 0.2276 - accuracy: 0.9327 - val_loss: 0.4548 - val_accuracy: 0.8868
Epoch 124/350
391/391 - 25s - loss: 0.2264 - accuracy: 0.9329 - val_loss: 0.4547 - val_accuracy: 0.8895
Epoch 125/350
391/391 - 25s - loss: 0.2249 - accuracy: 0.9348 - val_loss: 0.4066 - val_accuracy: 0.8931
Epoch 126/350
391/391 - 25s - loss: 0.2229 - accuracy: 0.9342 - val_loss: 0.4362 - val_accuracy: 0.8895
Epoch 127/350
391/391 - 25s - loss: 0.2226 - accuracy: 0.9349 - val_loss: 0.4382 - val_accuracy: 0.8924
Epoch 128/350
391/391 - 25s - loss: 0.2208 - accuracy: 0.9353 - val_loss: 0.4455 - val_accuracy: 0.8887
Epoch 129/350
391/391 - 25s - loss: 0.2213 - accuracy: 0.9360 - val_loss: 0.4305 - val_accuracy: 0.8852
Epoch 130/350
391/391 - 25s - loss: 0.2174 - accuracy: 0.9374 - val_loss: 0.4562 - val_accuracy: 0.8872
Epoch 131/350
391/391 - 25s - loss: 0.2186 - accuracy: 0.9363 - val_loss: 0.4515 - val_accuracy: 0.8893
Epoch 132/350
391/391 - 25s - loss: 0.2206 - accuracy: 0.9356 - val_loss: 0.4712 - val_accuracy: 0.8817
Epoch 133/350
391/391 - 25s - loss: 0.2139 - accuracy: 0.9385 - val_loss: 0.4460 - val_accuracy: 0.8832
Epoch 134/350
391/391 - 25s - loss: 0.2137 - accuracy: 0.9388 - val_loss: 0.4523 - val_accuracy: 0.8948
Epoch 135/350
391/391 - 25s - loss: 0.2159 - accuracy: 0.9389 - val_loss: 0.4523 - val_accuracy: 0.8896
Epoch 136/350
391/391 - 25s - loss: 0.2087 - accuracy: 0.9409 - val_loss: 0.4274 - val_accuracy: 0.8945
Epoch 137/350
391/391 - 25s - loss: 0.2088 - accuracy: 0.9393 - val_loss: 0.4249 - val_accuracy: 0.8930
Epoch 138/350
391/391 - 25s - loss: 0.2131 - accuracy: 0.9394 - val_loss: 0.4550 - val_accuracy: 0.8905
Epoch 139/350
391/391 - 25s - loss: 0.2112 - accuracy: 0.9401 - val_loss: 0.4335 - val_accuracy: 0.8929
Epoch 140/350
391/391 - 25s - loss: 0.2066 - accuracy: 0.9420 - val_loss: 0.4569 - val_accuracy: 0.8884
Epoch 141/350
391/391 - 25s - loss: 0.2043 - accuracy: 0.9415 - val_loss: 0.4280 - val_accuracy: 0.8936
Epoch 142/350
391/391 - 25s - loss: 0.2034 - accuracy: 0.9431 - val_loss: 0.4323 - val_accuracy: 0.8931
Epoch 143/350
391/391 - 25s - loss: 0.2018 - accuracy: 0.9427 - val_loss: 0.4588 - val_accuracy: 0.8940
Epoch 144/350
391/391 - 25s - loss: 0.2029 - accuracy: 0.9419 - val_loss: 0.4298 - val_accuracy: 0.8943
Epoch 145/350
391/391 - 25s - loss: 0.2084 - accuracy: 0.9411 - val_loss: 0.4479 - val_accuracy: 0.8942
Epoch 146/350
391/391 - 25s - loss: 0.2045 - accuracy: 0.9417 - val_loss: 0.4646 - val_accuracy: 0.8927
Epoch 147/350
391/391 - 25s - loss: 0.2014 - accuracy: 0.9432 - val_loss: 0.4577 - val_accuracy: 0.8924
Epoch 148/350
391/391 - 25s - loss: 0.2034 - accuracy: 0.9431 - val_loss: 0.4271 - val_accuracy: 0.8932
Epoch 149/350
391/391 - 25s - loss: 0.2035 - accuracy: 0.9425 - val_loss: 0.4307 - val_accuracy: 0.8942
Epoch 150/350


Snapshot weight 6 shuffle 9 at epoch 150
Layer 11
Getting activations...


391/391 - 25s - loss: 0.2053 - accuracy: 0.9418 - val_loss: 0.4480 - val_accuracy: 0.8905
Epoch 151/350
391/391 - 25s - loss: 0.1995 - accuracy: 0.9452 - val_loss: 0.4340 - val_accuracy: 0.8959
Epoch 152/350
391/391 - 25s - loss: 0.1979 - accuracy: 0.9447 - val_loss: 0.4356 - val_accuracy: 0.8930
Epoch 153/350
391/391 - 25s - loss: 0.1967 - accuracy: 0.9450 - val_loss: 0.4606 - val_accuracy: 0.8913
Epoch 154/350
391/391 - 25s - loss: 0.1962 - accuracy: 0.9442 - val_loss: 0.4402 - val_accuracy: 0.8952
Epoch 155/350
391/391 - 25s - loss: 0.2025 - accuracy: 0.9436 - val_loss: 0.4284 - val_accuracy: 0.8942
Epoch 156/350
391/391 - 25s - loss: 0.1962 - accuracy: 0.9452 - val_loss: 0.4375 - val_accuracy: 0.8948
Epoch 157/350
391/391 - 25s - loss: 0.1912 - accuracy: 0.9466 - val_loss: 0.4265 - val_accuracy: 0.8949
Epoch 158/350
391/391 - 25s - loss: 0.1894 - accuracy: 0.9487 - val_loss: 0.4324 - val_accuracy: 0.8964
Epoch 159/350
391/391 - 25s - loss: 0.1945 - accuracy: 0.9460 - val_loss: 0.4716 - val_accuracy: 0.8901
Epoch 160/350
391/391 - 25s - loss: 0.1884 - accuracy: 0.9490 - val_loss: 0.4438 - val_accuracy: 0.8939
Epoch 161/350
391/391 - 25s - loss: 0.1914 - accuracy: 0.9476 - val_loss: 0.4299 - val_accuracy: 0.8976
Epoch 162/350
391/391 - 25s - loss: 0.1879 - accuracy: 0.9485 - val_loss: 0.4379 - val_accuracy: 0.8949
Epoch 163/350
391/391 - 25s - loss: 0.1930 - accuracy: 0.9470 - val_loss: 0.4405 - val_accuracy: 0.8963
Epoch 164/350
391/391 - 25s - loss: 0.1916 - accuracy: 0.9475 - val_loss: 0.4668 - val_accuracy: 0.8912
Epoch 165/350
391/391 - 25s - loss: 0.1868 - accuracy: 0.9492 - val_loss: 0.4587 - val_accuracy: 0.8907
Epoch 166/350
391/391 - 25s - loss: 0.1866 - accuracy: 0.9489 - val_loss: 0.4571 - val_accuracy: 0.8957
Epoch 167/350
391/391 - 25s - loss: 0.1892 - accuracy: 0.9482 - val_loss: 0.4553 - val_accuracy: 0.8950
Epoch 168/350
391/391 - 25s - loss: 0.1827 - accuracy: 0.9501 - val_loss: 0.4392 - val_accuracy: 0.8975
Epoch 169/350
391/391 - 25s - loss: 0.1908 - accuracy: 0.9482 - val_loss: 0.4395 - val_accuracy: 0.8971
Epoch 170/350
391/391 - 25s - loss: 0.1817 - accuracy: 0.9510 - val_loss: 0.4388 - val_accuracy: 0.8978
Epoch 171/350
391/391 - 25s - loss: 0.1848 - accuracy: 0.9499 - val_loss: 0.4701 - val_accuracy: 0.8929
Epoch 172/350
391/391 - 25s - loss: 0.1861 - accuracy: 0.9494 - val_loss: 0.4388 - val_accuracy: 0.8974
Epoch 173/350
391/391 - 25s - loss: 0.1836 - accuracy: 0.9501 - val_loss: 0.4381 - val_accuracy: 0.9005
Epoch 174/350
391/391 - 25s - loss: 0.1832 - accuracy: 0.9507 - val_loss: 0.4526 - val_accuracy: 0.8981
Epoch 175/350
391/391 - 25s - loss: 0.1819 - accuracy: 0.9512 - val_loss: 0.4432 - val_accuracy: 0.8991
Epoch 176/350
391/391 - 25s - loss: 0.1804 - accuracy: 0.9522 - val_loss: 0.4589 - val_accuracy: 0.8959
Epoch 177/350
391/391 - 25s - loss: 0.1764 - accuracy: 0.9538 - val_loss: 0.4507 - val_accuracy: 0.8987
Epoch 178/350
391/391 - 25s - loss: 0.1814 - accuracy: 0.9519 - val_loss: 0.4610 - val_accuracy: 0.8938
Epoch 179/350
391/391 - 25s - loss: 0.1812 - accuracy: 0.9516 - val_loss: 0.4383 - val_accuracy: 0.8948
Epoch 180/350
391/391 - 25s - loss: 0.1784 - accuracy: 0.9523 - val_loss: 0.4500 - val_accuracy: 0.8983
Epoch 181/350
391/391 - 25s - loss: 0.1777 - accuracy: 0.9522 - val_loss: 0.4496 - val_accuracy: 0.8978
Epoch 182/350
391/391 - 25s - loss: 0.1753 - accuracy: 0.9541 - val_loss: 0.4493 - val_accuracy: 0.8947
Epoch 183/350
391/391 - 25s - loss: 0.1787 - accuracy: 0.9531 - val_loss: 0.4465 - val_accuracy: 0.8982
Epoch 184/350
391/391 - 25s - loss: 0.1788 - accuracy: 0.9523 - val_loss: 0.4734 - val_accuracy: 0.8961
Epoch 185/350
391/391 - 25s - loss: 0.1734 - accuracy: 0.9543 - val_loss: 0.4469 - val_accuracy: 0.8958
Epoch 186/350
391/391 - 25s - loss: 0.1759 - accuracy: 0.9541 - val_loss: 0.4567 - val_accuracy: 0.8996
Epoch 187/350
391/391 - 25s - loss: 0.1726 - accuracy: 0.9555 - val_loss: 0.4719 - val_accuracy: 0.8955
Epoch 188/350
391/391 - 25s - loss: 0.1698 - accuracy: 0.9550 - val_loss: 0.4411 - val_accuracy: 0.9012
Epoch 189/350
391/391 - 25s - loss: 0.1756 - accuracy: 0.9547 - val_loss: 0.4499 - val_accuracy: 0.9004
Epoch 190/350
391/391 - 25s - loss: 0.1741 - accuracy: 0.9543 - val_loss: 0.4668 - val_accuracy: 0.8916
Epoch 191/350
391/391 - 25s - loss: 0.1737 - accuracy: 0.9541 - val_loss: 0.4511 - val_accuracy: 0.8989
Epoch 192/350
391/391 - 25s - loss: 0.1722 - accuracy: 0.9560 - val_loss: 0.4619 - val_accuracy: 0.8967
Epoch 193/350
391/391 - 25s - loss: 0.1720 - accuracy: 0.9557 - val_loss: 0.4782 - val_accuracy: 0.8939
Epoch 194/350
391/391 - 25s - loss: 0.1706 - accuracy: 0.9569 - val_loss: 0.4724 - val_accuracy: 0.8964
Epoch 195/350
391/391 - 25s - loss: 0.1744 - accuracy: 0.9541 - val_loss: 0.4382 - val_accuracy: 0.8989
Epoch 196/350
391/391 - 25s - loss: 0.1669 - accuracy: 0.9573 - val_loss: 0.4841 - val_accuracy: 0.8985
Epoch 197/350
391/391 - 25s - loss: 0.1705 - accuracy: 0.9559 - val_loss: 0.4679 - val_accuracy: 0.8969
Epoch 198/350
391/391 - 25s - loss: 0.1656 - accuracy: 0.9581 - val_loss: 0.5046 - val_accuracy: 0.8870
Epoch 199/350
391/391 - 25s - loss: 0.1670 - accuracy: 0.9574 - val_loss: 0.4538 - val_accuracy: 0.8946
Epoch 200/350


Snapshot weight 6 shuffle 9 at epoch 200
Layer 11
Getting activations...


391/391 - 25s - loss: 0.1678 - accuracy: 0.9569 - val_loss: 0.4783 - val_accuracy: 0.8972
Epoch 201/350
391/391 - 25s - loss: 0.1401 - accuracy: 0.9668 - val_loss: 0.4472 - val_accuracy: 0.9033
Epoch 202/350
391/391 - 25s - loss: 0.1249 - accuracy: 0.9720 - val_loss: 0.4520 - val_accuracy: 0.9047
Epoch 203/350
391/391 - 25s - loss: 0.1244 - accuracy: 0.9719 - val_loss: 0.4665 - val_accuracy: 0.9048
Epoch 204/350
391/391 - 25s - loss: 0.1236 - accuracy: 0.9722 - val_loss: 0.4518 - val_accuracy: 0.9068
Epoch 205/350
391/391 - 25s - loss: 0.1233 - accuracy: 0.9726 - val_loss: 0.4493 - val_accuracy: 0.9045
Epoch 206/350
391/391 - 25s - loss: 0.1178 - accuracy: 0.9745 - val_loss: 0.4651 - val_accuracy: 0.9047
Epoch 207/350
391/391 - 25s - loss: 0.1210 - accuracy: 0.9739 - val_loss: 0.4623 - val_accuracy: 0.9058
Epoch 208/350
391/391 - 25s - loss: 0.1188 - accuracy: 0.9742 - val_loss: 0.4644 - val_accuracy: 0.9055
Epoch 209/350
391/391 - 25s - loss: 0.1173 - accuracy: 0.9741 - val_loss: 0.4645 - val_accuracy: 0.9068
Epoch 210/350
391/391 - 25s - loss: 0.1171 - accuracy: 0.9753 - val_loss: 0.4658 - val_accuracy: 0.9095
Epoch 211/350
391/391 - 25s - loss: 0.1140 - accuracy: 0.9759 - val_loss: 0.4647 - val_accuracy: 0.9078
Epoch 212/350
391/391 - 25s - loss: 0.1145 - accuracy: 0.9756 - val_loss: 0.4751 - val_accuracy: 0.9049
Epoch 213/350
391/391 - 25s - loss: 0.1156 - accuracy: 0.9761 - val_loss: 0.4703 - val_accuracy: 0.9065
Epoch 214/350
391/391 - 25s - loss: 0.1158 - accuracy: 0.9753 - val_loss: 0.4770 - val_accuracy: 0.9070
Epoch 215/350
391/391 - 25s - loss: 0.1142 - accuracy: 0.9763 - val_loss: 0.4813 - val_accuracy: 0.9071
Epoch 216/350
391/391 - 25s - loss: 0.1158 - accuracy: 0.9757 - val_loss: 0.4790 - val_accuracy: 0.9067
Epoch 217/350
391/391 - 25s - loss: 0.1145 - accuracy: 0.9760 - val_loss: 0.4782 - val_accuracy: 0.9074
Epoch 218/350
391/391 - 25s - loss: 0.1116 - accuracy: 0.9760 - val_loss: 0.4793 - val_accuracy: 0.9080
Epoch 219/350
391/391 - 25s - loss: 0.1148 - accuracy: 0.9754 - val_loss: 0.4725 - val_accuracy: 0.9079
Epoch 220/350
391/391 - 25s - loss: 0.1139 - accuracy: 0.9758 - val_loss: 0.4740 - val_accuracy: 0.9075
Epoch 221/350
391/391 - 25s - loss: 0.1153 - accuracy: 0.9756 - val_loss: 0.4645 - val_accuracy: 0.9082
Epoch 222/350
391/391 - 25s - loss: 0.1108 - accuracy: 0.9774 - val_loss: 0.4705 - val_accuracy: 0.9074
Epoch 223/350
391/391 - 25s - loss: 0.1139 - accuracy: 0.9762 - val_loss: 0.4721 - val_accuracy: 0.9067
Epoch 224/350
391/391 - 25s - loss: 0.1119 - accuracy: 0.9763 - val_loss: 0.4809 - val_accuracy: 0.9074
Epoch 225/350
391/391 - 25s - loss: 0.1082 - accuracy: 0.9772 - val_loss: 0.4889 - val_accuracy: 0.9075
Epoch 226/350
391/391 - 25s - loss: 0.1112 - accuracy: 0.9761 - val_loss: 0.4749 - val_accuracy: 0.9081
Epoch 227/350
391/391 - 25s - loss: 0.1099 - accuracy: 0.9769 - val_loss: 0.4779 - val_accuracy: 0.9077
Epoch 228/350
391/391 - 25s - loss: 0.1086 - accuracy: 0.9782 - val_loss: 0.4818 - val_accuracy: 0.9064
Epoch 229/350
391/391 - 25s - loss: 0.1097 - accuracy: 0.9780 - val_loss: 0.4798 - val_accuracy: 0.9075
Epoch 230/350
391/391 - 25s - loss: 0.1075 - accuracy: 0.9786 - val_loss: 0.4769 - val_accuracy: 0.9086
Epoch 231/350
391/391 - 25s - loss: 0.1096 - accuracy: 0.9771 - val_loss: 0.4842 - val_accuracy: 0.9069
Epoch 232/350
391/391 - 25s - loss: 0.1135 - accuracy: 0.9759 - val_loss: 0.4882 - val_accuracy: 0.9063
Epoch 233/350
391/391 - 25s - loss: 0.1087 - accuracy: 0.9774 - val_loss: 0.4830 - val_accuracy: 0.9091
Epoch 234/350
391/391 - 25s - loss: 0.1082 - accuracy: 0.9781 - val_loss: 0.4861 - val_accuracy: 0.9072
Epoch 235/350
391/391 - 25s - loss: 0.1090 - accuracy: 0.9778 - val_loss: 0.4929 - val_accuracy: 0.9073
Epoch 236/350
391/391 - 25s - loss: 0.1117 - accuracy: 0.9765 - val_loss: 0.4848 - val_accuracy: 0.9073
Epoch 237/350
391/391 - 25s - loss: 0.1086 - accuracy: 0.9774 - val_loss: 0.4821 - val_accuracy: 0.9071
Epoch 238/350
391/391 - 25s - loss: 0.1077 - accuracy: 0.9776 - val_loss: 0.4886 - val_accuracy: 0.9074
Epoch 239/350
391/391 - 25s - loss: 0.1061 - accuracy: 0.9781 - val_loss: 0.4874 - val_accuracy: 0.9066
Epoch 240/350
391/391 - 25s - loss: 0.1081 - accuracy: 0.9772 - val_loss: 0.4805 - val_accuracy: 0.9068
Epoch 241/350
391/391 - 25s - loss: 0.1091 - accuracy: 0.9780 - val_loss: 0.4887 - val_accuracy: 0.9078
Epoch 242/350
391/391 - 25s - loss: 0.1046 - accuracy: 0.9795 - val_loss: 0.4960 - val_accuracy: 0.9059
Epoch 243/350
391/391 - 25s - loss: 0.1066 - accuracy: 0.9784 - val_loss: 0.4885 - val_accuracy: 0.9079
Epoch 244/350
391/391 - 25s - loss: 0.1072 - accuracy: 0.9781 - val_loss: 0.4837 - val_accuracy: 0.9083
Epoch 245/350
391/391 - 25s - loss: 0.1066 - accuracy: 0.9780 - val_loss: 0.4831 - val_accuracy: 0.9098
Epoch 246/350
391/391 - 25s - loss: 0.1078 - accuracy: 0.9779 - val_loss: 0.4858 - val_accuracy: 0.9083
Epoch 247/350
391/391 - 25s - loss: 0.1081 - accuracy: 0.9777 - val_loss: 0.4920 - val_accuracy: 0.9068
Epoch 248/350
391/391 - 25s - loss: 0.1069 - accuracy: 0.9783 - val_loss: 0.4857 - val_accuracy: 0.9087
Epoch 249/350
391/391 - 25s - loss: 0.1065 - accuracy: 0.9782 - val_loss: 0.4936 - val_accuracy: 0.9084
Epoch 250/350


Snapshot weight 6 shuffle 9 at epoch 250
Layer 11
Getting activations...


391/391 - 25s - loss: 0.1064 - accuracy: 0.9782 - val_loss: 0.4902 - val_accuracy: 0.9093
Epoch 251/350
391/391 - 25s - loss: 0.1031 - accuracy: 0.9799 - val_loss: 0.4875 - val_accuracy: 0.9086
Epoch 252/350
391/391 - 25s - loss: 0.1056 - accuracy: 0.9788 - val_loss: 0.4857 - val_accuracy: 0.9088
Epoch 253/350
391/391 - 25s - loss: 0.1048 - accuracy: 0.9789 - val_loss: 0.4851 - val_accuracy: 0.9101
Epoch 254/350
391/391 - 25s - loss: 0.1018 - accuracy: 0.9802 - val_loss: 0.4881 - val_accuracy: 0.9091
Epoch 255/350
391/391 - 25s - loss: 0.1042 - accuracy: 0.9792 - val_loss: 0.4873 - val_accuracy: 0.9092
Epoch 256/350
391/391 - 25s - loss: 0.1007 - accuracy: 0.9803 - val_loss: 0.4892 - val_accuracy: 0.9090
Epoch 257/350
391/391 - 25s - loss: 0.1046 - accuracy: 0.9793 - val_loss: 0.4859 - val_accuracy: 0.9093
Epoch 258/350
391/391 - 25s - loss: 0.1019 - accuracy: 0.9802 - val_loss: 0.4875 - val_accuracy: 0.9095
Epoch 259/350
391/391 - 25s - loss: 0.1045 - accuracy: 0.9792 - val_loss: 0.4869 - val_accuracy: 0.9084
Epoch 260/350
391/391 - 25s - loss: 0.1025 - accuracy: 0.9804 - val_loss: 0.4859 - val_accuracy: 0.9096
Epoch 261/350
391/391 - 25s - loss: 0.1035 - accuracy: 0.9789 - val_loss: 0.4875 - val_accuracy: 0.9092
Epoch 262/350
391/391 - 25s - loss: 0.1018 - accuracy: 0.9803 - val_loss: 0.4880 - val_accuracy: 0.9096
Epoch 263/350
391/391 - 25s - loss: 0.1041 - accuracy: 0.9799 - val_loss: 0.4883 - val_accuracy: 0.9082
Epoch 264/350
391/391 - 25s - loss: 0.1028 - accuracy: 0.9800 - val_loss: 0.4893 - val_accuracy: 0.9089
Epoch 265/350
391/391 - 25s - loss: 0.1035 - accuracy: 0.9793 - val_loss: 0.4893 - val_accuracy: 0.9088
Epoch 266/350
391/391 - 25s - loss: 0.0989 - accuracy: 0.9808 - val_loss: 0.4875 - val_accuracy: 0.9089
Epoch 267/350
391/391 - 25s - loss: 0.1021 - accuracy: 0.9795 - val_loss: 0.4868 - val_accuracy: 0.9099
Epoch 268/350
391/391 - 25s - loss: 0.1032 - accuracy: 0.9793 - val_loss: 0.4900 - val_accuracy: 0.9094
Epoch 269/350
391/391 - 25s - loss: 0.1004 - accuracy: 0.9801 - val_loss: 0.4903 - val_accuracy: 0.9089
Epoch 270/350
391/391 - 25s - loss: 0.1033 - accuracy: 0.9793 - val_loss: 0.4878 - val_accuracy: 0.9091
Epoch 271/350
391/391 - 25s - loss: 0.1005 - accuracy: 0.9809 - val_loss: 0.4887 - val_accuracy: 0.9090
Epoch 272/350
391/391 - 25s - loss: 0.1025 - accuracy: 0.9793 - val_loss: 0.4882 - val_accuracy: 0.9102
Epoch 273/350
391/391 - 25s - loss: 0.0998 - accuracy: 0.9804 - val_loss: 0.4896 - val_accuracy: 0.9100
Epoch 274/350
391/391 - 25s - loss: 0.1006 - accuracy: 0.9812 - val_loss: 0.4906 - val_accuracy: 0.9092
Epoch 275/350
391/391 - 25s - loss: 0.1019 - accuracy: 0.9801 - val_loss: 0.4891 - val_accuracy: 0.9100
Epoch 276/350
391/391 - 25s - loss: 0.1016 - accuracy: 0.9802 - val_loss: 0.4884 - val_accuracy: 0.9099
Epoch 277/350
391/391 - 25s - loss: 0.1037 - accuracy: 0.9800 - val_loss: 0.4877 - val_accuracy: 0.9100
Epoch 278/350
391/391 - 25s - loss: 0.1036 - accuracy: 0.9801 - val_loss: 0.4870 - val_accuracy: 0.9093
Epoch 279/350
391/391 - 25s - loss: 0.1013 - accuracy: 0.9800 - val_loss: 0.4875 - val_accuracy: 0.9102
Epoch 280/350
391/391 - 25s - loss: 0.1009 - accuracy: 0.9814 - val_loss: 0.4871 - val_accuracy: 0.9097
Epoch 281/350
391/391 - 25s - loss: 0.1016 - accuracy: 0.9802 - val_loss: 0.4903 - val_accuracy: 0.9095
Epoch 282/350
391/391 - 25s - loss: 0.1041 - accuracy: 0.9797 - val_loss: 0.4882 - val_accuracy: 0.9094
Epoch 283/350
391/391 - 25s - loss: 0.0995 - accuracy: 0.9816 - val_loss: 0.4879 - val_accuracy: 0.9097
Epoch 284/350
391/391 - 25s - loss: 0.1015 - accuracy: 0.9802 - val_loss: 0.4907 - val_accuracy: 0.9096
Epoch 285/350
391/391 - 25s - loss: 0.1017 - accuracy: 0.9798 - val_loss: 0.4905 - val_accuracy: 0.9088
Epoch 286/350
391/391 - 25s - loss: 0.1025 - accuracy: 0.9800 - val_loss: 0.4899 - val_accuracy: 0.9095
Epoch 287/350
391/391 - 25s - loss: 0.1035 - accuracy: 0.9800 - val_loss: 0.4900 - val_accuracy: 0.9108
Epoch 288/350
391/391 - 25s - loss: 0.1010 - accuracy: 0.9807 - val_loss: 0.4906 - val_accuracy: 0.9103
Epoch 289/350
391/391 - 25s - loss: 0.1011 - accuracy: 0.9805 - val_loss: 0.4899 - val_accuracy: 0.9104
Epoch 290/350
391/391 - 25s - loss: 0.1008 - accuracy: 0.9802 - val_loss: 0.4923 - val_accuracy: 0.9098
Epoch 291/350
391/391 - 25s - loss: 0.1022 - accuracy: 0.9805 - val_loss: 0.4947 - val_accuracy: 0.9085
Epoch 292/350
391/391 - 25s - loss: 0.1004 - accuracy: 0.9813 - val_loss: 0.4914 - val_accuracy: 0.9098
Epoch 293/350
391/391 - 25s - loss: 0.1010 - accuracy: 0.9805 - val_loss: 0.4918 - val_accuracy: 0.9095
Epoch 294/350
391/391 - 25s - loss: 0.1029 - accuracy: 0.9798 - val_loss: 0.4910 - val_accuracy: 0.9100
Epoch 295/350
391/391 - 25s - loss: 0.1022 - accuracy: 0.9803 - val_loss: 0.4923 - val_accuracy: 0.9098
Epoch 296/350
391/391 - 25s - loss: 0.1013 - accuracy: 0.9808 - val_loss: 0.4892 - val_accuracy: 0.9096
Epoch 297/350
391/391 - 25s - loss: 0.1003 - accuracy: 0.9808 - val_loss: 0.4872 - val_accuracy: 0.9104
Epoch 298/350
391/391 - 25s - loss: 0.1012 - accuracy: 0.9804 - val_loss: 0.4887 - val_accuracy: 0.9096
Epoch 299/350
391/391 - 25s - loss: 0.1021 - accuracy: 0.9799 - val_loss: 0.4902 - val_accuracy: 0.9089
Epoch 300/350


Snapshot weight 6 shuffle 9 at epoch 300
Layer 11
Getting activations...


391/391 - 25s - loss: 0.1015 - accuracy: 0.9805 - val_loss: 0.4896 - val_accuracy: 0.9101
Epoch 301/350
391/391 - 25s - loss: 0.1009 - accuracy: 0.9805 - val_loss: 0.4895 - val_accuracy: 0.9103
Epoch 302/350
391/391 - 25s - loss: 0.0999 - accuracy: 0.9809 - val_loss: 0.4894 - val_accuracy: 0.9103
Epoch 303/350
391/391 - 25s - loss: 0.0999 - accuracy: 0.9807 - val_loss: 0.4894 - val_accuracy: 0.9101
Epoch 304/350
391/391 - 25s - loss: 0.1008 - accuracy: 0.9805 - val_loss: 0.4895 - val_accuracy: 0.9099
Epoch 305/350
391/391 - 25s - loss: 0.1017 - accuracy: 0.9802 - val_loss: 0.4898 - val_accuracy: 0.9098
Epoch 306/350
391/391 - 25s - loss: 0.1013 - accuracy: 0.9808 - val_loss: 0.4899 - val_accuracy: 0.9097
Epoch 307/350
391/391 - 25s - loss: 0.1030 - accuracy: 0.9799 - val_loss: 0.4901 - val_accuracy: 0.9098
Epoch 308/350
391/391 - 25s - loss: 0.1027 - accuracy: 0.9795 - val_loss: 0.4895 - val_accuracy: 0.9097
Epoch 309/350
391/391 - 25s - loss: 0.1007 - accuracy: 0.9807 - val_loss: 0.4898 - val_accuracy: 0.9099
Epoch 310/350
391/391 - 25s - loss: 0.1012 - accuracy: 0.9806 - val_loss: 0.4898 - val_accuracy: 0.9100
Epoch 311/350
391/391 - 25s - loss: 0.1010 - accuracy: 0.9803 - val_loss: 0.4900 - val_accuracy: 0.9099
Epoch 312/350
391/391 - 25s - loss: 0.1011 - accuracy: 0.9805 - val_loss: 0.4899 - val_accuracy: 0.9098
Epoch 313/350
391/391 - 25s - loss: 0.1011 - accuracy: 0.9810 - val_loss: 0.4898 - val_accuracy: 0.9099
Epoch 314/350
391/391 - 25s - loss: 0.1002 - accuracy: 0.9811 - val_loss: 0.4901 - val_accuracy: 0.9099
Epoch 315/350
391/391 - 25s - loss: 0.1020 - accuracy: 0.9801 - val_loss: 0.4902 - val_accuracy: 0.9097
Epoch 316/350
391/391 - 25s - loss: 0.1034 - accuracy: 0.9794 - val_loss: 0.4903 - val_accuracy: 0.9096
Epoch 317/350
391/391 - 25s - loss: 0.1002 - accuracy: 0.9812 - val_loss: 0.4900 - val_accuracy: 0.9097
Epoch 318/350
391/391 - 25s - loss: 0.1018 - accuracy: 0.9805 - val_loss: 0.4897 - val_accuracy: 0.9098
Epoch 319/350
391/391 - 25s - loss: 0.1000 - accuracy: 0.9807 - val_loss: 0.4903 - val_accuracy: 0.9094
Epoch 320/350
391/391 - 25s - loss: 0.1015 - accuracy: 0.9804 - val_loss: 0.4906 - val_accuracy: 0.9096
Epoch 321/350
391/391 - 25s - loss: 0.1002 - accuracy: 0.9808 - val_loss: 0.4907 - val_accuracy: 0.9099
Epoch 322/350
391/391 - 25s - loss: 0.1020 - accuracy: 0.9798 - val_loss: 0.4906 - val_accuracy: 0.9099
Epoch 323/350
391/391 - 25s - loss: 0.0997 - accuracy: 0.9807 - val_loss: 0.4909 - val_accuracy: 0.9098
Epoch 324/350
391/391 - 25s - loss: 0.1021 - accuracy: 0.9800 - val_loss: 0.4909 - val_accuracy: 0.9100
Epoch 325/350
391/391 - 25s - loss: 0.1010 - accuracy: 0.9808 - val_loss: 0.4906 - val_accuracy: 0.9094
Epoch 326/350
391/391 - 25s - loss: 0.1007 - accuracy: 0.9803 - val_loss: 0.4905 - val_accuracy: 0.9101
Epoch 327/350
391/391 - 25s - loss: 0.1023 - accuracy: 0.9799 - val_loss: 0.4907 - val_accuracy: 0.9091
Epoch 328/350
391/391 - 25s - loss: 0.1003 - accuracy: 0.9809 - val_loss: 0.4910 - val_accuracy: 0.9096
Epoch 329/350
391/391 - 25s - loss: 0.1005 - accuracy: 0.9810 - val_loss: 0.4910 - val_accuracy: 0.9096
Epoch 330/350
391/391 - 25s - loss: 0.0998 - accuracy: 0.9808 - val_loss: 0.4909 - val_accuracy: 0.9098
Epoch 331/350
391/391 - 25s - loss: 0.1023 - accuracy: 0.9798 - val_loss: 0.4905 - val_accuracy: 0.9097
Epoch 332/350
391/391 - 25s - loss: 0.1002 - accuracy: 0.9813 - val_loss: 0.4903 - val_accuracy: 0.9098
Epoch 333/350
391/391 - 25s - loss: 0.1003 - accuracy: 0.9804 - val_loss: 0.4902 - val_accuracy: 0.9101
Epoch 334/350
391/391 - 25s - loss: 0.0998 - accuracy: 0.9813 - val_loss: 0.4903 - val_accuracy: 0.9098
Epoch 335/350
391/391 - 25s - loss: 0.1004 - accuracy: 0.9807 - val_loss: 0.4898 - val_accuracy: 0.9097
Epoch 336/350
391/391 - 25s - loss: 0.1003 - accuracy: 0.9806 - val_loss: 0.4898 - val_accuracy: 0.9102
Epoch 337/350
391/391 - 25s - loss: 0.1002 - accuracy: 0.9806 - val_loss: 0.4901 - val_accuracy: 0.9096
Epoch 338/350
391/391 - 25s - loss: 0.1021 - accuracy: 0.9797 - val_loss: 0.4903 - val_accuracy: 0.9095
Epoch 339/350
391/391 - 25s - loss: 0.0990 - accuracy: 0.9812 - val_loss: 0.4903 - val_accuracy: 0.9093
Epoch 340/350
391/391 - 25s - loss: 0.1006 - accuracy: 0.9806 - val_loss: 0.4903 - val_accuracy: 0.9095
Epoch 341/350
391/391 - 25s - loss: 0.1017 - accuracy: 0.9806 - val_loss: 0.4903 - val_accuracy: 0.9098
Epoch 342/350
391/391 - 25s - loss: 0.0988 - accuracy: 0.9820 - val_loss: 0.4904 - val_accuracy: 0.9098
Epoch 343/350
391/391 - 25s - loss: 0.1034 - accuracy: 0.9797 - val_loss: 0.4908 - val_accuracy: 0.9095
Epoch 344/350
391/391 - 25s - loss: 0.1005 - accuracy: 0.9806 - val_loss: 0.4907 - val_accuracy: 0.9096
Epoch 345/350
391/391 - 25s - loss: 0.0993 - accuracy: 0.9809 - val_loss: 0.4907 - val_accuracy: 0.9097
Epoch 346/350
391/391 - 25s - loss: 0.0993 - accuracy: 0.9811 - val_loss: 0.4909 - val_accuracy: 0.9097
Epoch 347/350
391/391 - 25s - loss: 0.1022 - accuracy: 0.9802 - val_loss: 0.4909 - val_accuracy: 0.9099
Epoch 348/350
391/391 - 25s - loss: 0.1023 - accuracy: 0.9803 - val_loss: 0.4911 - val_accuracy: 0.9098
Epoch 349/350
391/391 - 25s - loss: 0.0965 - accuracy: 0.9823 - val_loss: 0.4913 - val_accuracy: 0.9099
Epoch 350/350


Snapshot weight 6 shuffle 9 at epoch 350
Layer 11
Getting activations...


391/391 - 25s - loss: 0.1022 - accuracy: 0.9808 - val_loss: 0.4913 - val_accuracy: 0.9098
/usr/local/lib/python3.6/dist-packages/tensorflow/python/autograph/impl/api.py:493: UserWarning: fill_value is not supported and is always 0 for TensorFlow < 2.4.0.
  return py_builtins.overload_of(f)(*args)
WARNING:tensorflow:From /usr/local/lib/python3.6/dist-packages/tensorflow/python/training/tracking/tracking.py:111: Model.state_updates (from tensorflow.python.keras.engine.training) is deprecated and will be removed in a future version.
Instructions for updating:
This property should not be used in TensorFlow 2.0, as updates are applied automatically.
2021-07-02 23:18:28.066808: W tensorflow/python/util/util.cc:348] Sets are not currently considered sequences, but this may change in the future, so consider avoiding using them.
WARNING:tensorflow:From /usr/local/lib/python3.6/dist-packages/tensorflow/python/training/tracking/tracking.py:111: Layer.updates (from tensorflow.python.keras.engine.base_layer) is deprecated and will be removed in a future version.
Instructions for updating:
This property should not be used in TensorFlow 2.0, as updates are applied automatically.
Saving, final validation acc: 0.9097999930381775
