2021-07-02 04:36:48.857370: I tensorflow/stream_executor/platform/default/dso_loader.cc:48] Successfully opened dynamic library libcudart.so.10.1
2021-07-02 04:38:21.523661: I tensorflow/stream_executor/platform/default/dso_loader.cc:48] Successfully opened dynamic library libcuda.so.1
2021-07-02 04:38:21.553839: I tensorflow/core/common_runtime/gpu/gpu_device.cc:1716] Found device 0 with properties: 
pciBusID: 0000:82:00.0 name: NVIDIA TITAN Xp computeCapability: 6.1
coreClock: 1.582GHz coreCount: 30 deviceMemorySize: 11.91GiB deviceMemoryBandwidth: 510.07GiB/s
2021-07-02 04:38:21.553944: I tensorflow/stream_executor/platform/default/dso_loader.cc:48] Successfully opened dynamic library libcudart.so.10.1
2021-07-02 04:38:21.593778: I tensorflow/stream_executor/platform/default/dso_loader.cc:48] Successfully opened dynamic library libcublas.so.10
2021-07-02 04:38:21.614072: I tensorflow/stream_executor/platform/default/dso_loader.cc:48] Successfully opened dynamic library libcufft.so.10
2021-07-02 04:38:21.622519: I tensorflow/stream_executor/platform/default/dso_loader.cc:48] Successfully opened dynamic library libcurand.so.10
2021-07-02 04:38:21.664776: I tensorflow/stream_executor/platform/default/dso_loader.cc:48] Successfully opened dynamic library libcusolver.so.10
2021-07-02 04:38:21.673149: I tensorflow/stream_executor/platform/default/dso_loader.cc:48] Successfully opened dynamic library libcusparse.so.10
2021-07-02 04:38:21.747656: I tensorflow/stream_executor/platform/default/dso_loader.cc:48] Successfully opened dynamic library libcudnn.so.7
2021-07-02 04:38:21.750213: I tensorflow/core/common_runtime/gpu/gpu_device.cc:1858] Adding visible gpu devices: 0
2021-07-02 04:38:21.753927: I tensorflow/core/platform/cpu_feature_guard.cc:142] This TensorFlow binary is optimized with oneAPI Deep Neural Network Library (oneDNN)to use the following CPU instructions in performance-critical operations:  AVX2 FMA
To enable them in other operations, rebuild TensorFlow with the appropriate compiler flags.
2021-07-02 04:38:21.770687: I tensorflow/core/platform/profile_utils/cpu_utils.cc:104] CPU Frequency: 2600090000 Hz
2021-07-02 04:38:21.770876: I tensorflow/compiler/xla/service/service.cc:168] XLA service 0x517b370 initialized for platform Host (this does not guarantee that XLA will be used). Devices:
2021-07-02 04:38:21.770904: I tensorflow/compiler/xla/service/service.cc:176]   StreamExecutor device (0): Host, Default Version
2021-07-02 04:38:21.890756: I tensorflow/compiler/xla/service/service.cc:168] XLA service 0x515c350 initialized for platform CUDA (this does not guarantee that XLA will be used). Devices:
2021-07-02 04:38:21.890849: I tensorflow/compiler/xla/service/service.cc:176]   StreamExecutor device (0): NVIDIA TITAN Xp, Compute Capability 6.1
2021-07-02 04:38:21.893372: I tensorflow/core/common_runtime/gpu/gpu_device.cc:1716] Found device 0 with properties: 
pciBusID: 0000:82:00.0 name: NVIDIA TITAN Xp computeCapability: 6.1
coreClock: 1.582GHz coreCount: 30 deviceMemorySize: 11.91GiB deviceMemoryBandwidth: 510.07GiB/s
2021-07-02 04:38:21.893446: I tensorflow/stream_executor/platform/default/dso_loader.cc:48] Successfully opened dynamic library libcudart.so.10.1
2021-07-02 04:38:21.893489: I tensorflow/stream_executor/platform/default/dso_loader.cc:48] Successfully opened dynamic library libcublas.so.10
2021-07-02 04:38:21.893513: I tensorflow/stream_executor/platform/default/dso_loader.cc:48] Successfully opened dynamic library libcufft.so.10
2021-07-02 04:38:21.893535: I tensorflow/stream_executor/platform/default/dso_loader.cc:48] Successfully opened dynamic library libcurand.so.10
2021-07-02 04:38:21.893557: I tensorflow/stream_executor/platform/default/dso_loader.cc:48] Successfully opened dynamic library libcusolver.so.10
2021-07-02 04:38:21.893579: I tensorflow/stream_executor/platform/default/dso_loader.cc:48] Successfully opened dynamic library libcusparse.so.10
2021-07-02 04:38:21.893602: I tensorflow/stream_executor/platform/default/dso_loader.cc:48] Successfully opened dynamic library libcudnn.so.7
2021-07-02 04:38:21.896061: I tensorflow/core/common_runtime/gpu/gpu_device.cc:1858] Adding visible gpu devices: 0
2021-07-02 04:38:21.897897: I tensorflow/stream_executor/platform/default/dso_loader.cc:48] Successfully opened dynamic library libcudart.so.10.1
2021-07-02 04:38:23.665012: I tensorflow/core/common_runtime/gpu/gpu_device.cc:1257] Device interconnect StreamExecutor with strength 1 edge matrix:
2021-07-02 04:38:23.665099: I tensorflow/core/common_runtime/gpu/gpu_device.cc:1263]      0 
2021-07-02 04:38:23.665114: I tensorflow/core/common_runtime/gpu/gpu_device.cc:1276] 0:   N 
2021-07-02 04:38:23.671151: I tensorflow/core/common_runtime/gpu/gpu_device.cc:1402] Created TensorFlow device (/job:localhost/replica:0/task:0/device:GPU:0 with 11218 MB memory) -> physical GPU (device: 0, name: NVIDIA TITAN Xp, pci bus id: 0000:82:00.0, compute capability: 6.1)
2021-07-02 04:38:29.862732: I tensorflow/stream_executor/platform/default/dso_loader.cc:48] Successfully opened dynamic library libcudnn.so.7
2021-07-02 04:38:32.346793: I tensorflow/stream_executor/platform/default/dso_loader.cc:48] Successfully opened dynamic library libcublas.so.10
Using model index: 45
Making train data...
GCN...
ZCA...
Done!
Making test data...
Done!
Epoch 1/350


Snapshot weight 5 shuffle 4 at epoch 1
Layer 11
Getting activations...


391/391 - 24s - loss: 2.3051 - accuracy: 0.1198 - val_loss: 2.2340 - val_accuracy: 0.1631
Epoch 2/350


Snapshot weight 5 shuffle 4 at epoch 2
Layer 11
Getting activations...


391/391 - 24s - loss: 2.0505 - accuracy: 0.2458 - val_loss: 1.7613 - val_accuracy: 0.3724
Epoch 3/350


Snapshot weight 5 shuffle 4 at epoch 3
Layer 11
Getting activations...


391/391 - 24s - loss: 1.7158 - accuracy: 0.3737 - val_loss: 1.5464 - val_accuracy: 0.4488
Epoch 4/350


Snapshot weight 5 shuffle 4 at epoch 4
Layer 11
Getting activations...


391/391 - 24s - loss: 1.5039 - accuracy: 0.4594 - val_loss: 1.3472 - val_accuracy: 0.5186
Epoch 5/350


Snapshot weight 5 shuffle 4 at epoch 5
Layer 11
Getting activations...


391/391 - 24s - loss: 1.3704 - accuracy: 0.5161 - val_loss: 1.1961 - val_accuracy: 0.5859
Epoch 6/350


Snapshot weight 5 shuffle 4 at epoch 6
Layer 11
Getting activations...


391/391 - 24s - loss: 1.2557 - accuracy: 0.5567 - val_loss: 1.1473 - val_accuracy: 0.6022
Epoch 7/350


Snapshot weight 5 shuffle 4 at epoch 7
Layer 11
Getting activations...


391/391 - 24s - loss: 1.1776 - accuracy: 0.5876 - val_loss: 1.1704 - val_accuracy: 0.5946
Epoch 8/350


Snapshot weight 5 shuffle 4 at epoch 8
Layer 11
Getting activations...


391/391 - 24s - loss: 1.1139 - accuracy: 0.6116 - val_loss: 1.1721 - val_accuracy: 0.6096
Epoch 9/350


Snapshot weight 5 shuffle 4 at epoch 9
Layer 11
Getting activations...


391/391 - 24s - loss: 1.0507 - accuracy: 0.6329 - val_loss: 0.9730 - val_accuracy: 0.6671
Epoch 10/350


Snapshot weight 5 shuffle 4 at epoch 10
Layer 11
Getting activations...


391/391 - 24s - loss: 0.9923 - accuracy: 0.6564 - val_loss: 0.9660 - val_accuracy: 0.6729
Epoch 11/350
391/391 - 24s - loss: 0.9501 - accuracy: 0.6735 - val_loss: 0.8849 - val_accuracy: 0.6996
Epoch 12/350
391/391 - 24s - loss: 0.9053 - accuracy: 0.6908 - val_loss: 0.8380 - val_accuracy: 0.7178
Epoch 13/350
391/391 - 24s - loss: 0.8673 - accuracy: 0.7027 - val_loss: 0.8138 - val_accuracy: 0.7198
Epoch 14/350
391/391 - 24s - loss: 0.8361 - accuracy: 0.7155 - val_loss: 0.7617 - val_accuracy: 0.7360
Epoch 15/350
391/391 - 24s - loss: 0.8023 - accuracy: 0.7298 - val_loss: 0.6907 - val_accuracy: 0.7689
Epoch 16/350
391/391 - 24s - loss: 0.7772 - accuracy: 0.7391 - val_loss: 0.7037 - val_accuracy: 0.7640
Epoch 17/350
391/391 - 24s - loss: 0.7377 - accuracy: 0.7528 - val_loss: 0.7520 - val_accuracy: 0.7533
Epoch 18/350
391/391 - 24s - loss: 0.7270 - accuracy: 0.7581 - val_loss: 0.6302 - val_accuracy: 0.7897
Epoch 19/350
391/391 - 24s - loss: 0.6991 - accuracy: 0.7663 - val_loss: 0.6372 - val_accuracy: 0.7886
Epoch 20/350
391/391 - 24s - loss: 0.6754 - accuracy: 0.7765 - val_loss: 0.6166 - val_accuracy: 0.7927
Epoch 21/350
391/391 - 24s - loss: 0.6616 - accuracy: 0.7813 - val_loss: 0.5995 - val_accuracy: 0.8025
Epoch 22/350
391/391 - 24s - loss: 0.6423 - accuracy: 0.7877 - val_loss: 0.6048 - val_accuracy: 0.8008
Epoch 23/350
391/391 - 24s - loss: 0.6267 - accuracy: 0.7916 - val_loss: 0.5901 - val_accuracy: 0.8104
Epoch 24/350
391/391 - 24s - loss: 0.6119 - accuracy: 0.7967 - val_loss: 0.5630 - val_accuracy: 0.8172
Epoch 25/350
391/391 - 24s - loss: 0.5975 - accuracy: 0.8032 - val_loss: 0.5902 - val_accuracy: 0.8088
Epoch 26/350
391/391 - 24s - loss: 0.5865 - accuracy: 0.8076 - val_loss: 0.5403 - val_accuracy: 0.8265
Epoch 27/350
391/391 - 24s - loss: 0.5737 - accuracy: 0.8100 - val_loss: 0.5580 - val_accuracy: 0.8245
Epoch 28/350
391/391 - 24s - loss: 0.5627 - accuracy: 0.8148 - val_loss: 0.5156 - val_accuracy: 0.8324
Epoch 29/350
391/391 - 24s - loss: 0.5415 - accuracy: 0.8219 - val_loss: 0.5118 - val_accuracy: 0.8377
Epoch 30/350
391/391 - 24s - loss: 0.5384 - accuracy: 0.8248 - val_loss: 0.5175 - val_accuracy: 0.8342
Epoch 31/350
391/391 - 24s - loss: 0.5276 - accuracy: 0.8280 - val_loss: 0.5039 - val_accuracy: 0.8412
Epoch 32/350
391/391 - 24s - loss: 0.5223 - accuracy: 0.8268 - val_loss: 0.5374 - val_accuracy: 0.8250
Epoch 33/350
391/391 - 24s - loss: 0.5125 - accuracy: 0.8332 - val_loss: 0.4994 - val_accuracy: 0.8381
Epoch 34/350
391/391 - 24s - loss: 0.5037 - accuracy: 0.8352 - val_loss: 0.5144 - val_accuracy: 0.8374
Epoch 35/350
391/391 - 24s - loss: 0.4924 - accuracy: 0.8389 - val_loss: 0.5004 - val_accuracy: 0.8396
Epoch 36/350
391/391 - 24s - loss: 0.4845 - accuracy: 0.8422 - val_loss: 0.4867 - val_accuracy: 0.8428
Epoch 37/350
391/391 - 24s - loss: 0.4866 - accuracy: 0.8402 - val_loss: 0.4972 - val_accuracy: 0.8436
Epoch 38/350
391/391 - 24s - loss: 0.4713 - accuracy: 0.8473 - val_loss: 0.5057 - val_accuracy: 0.8468
Epoch 39/350
391/391 - 24s - loss: 0.4672 - accuracy: 0.8472 - val_loss: 0.4549 - val_accuracy: 0.8553
Epoch 40/350
391/391 - 24s - loss: 0.4560 - accuracy: 0.8505 - val_loss: 0.4963 - val_accuracy: 0.8482
Epoch 41/350
391/391 - 24s - loss: 0.4538 - accuracy: 0.8539 - val_loss: 0.4627 - val_accuracy: 0.8539
Epoch 42/350
391/391 - 24s - loss: 0.4498 - accuracy: 0.8542 - val_loss: 0.4905 - val_accuracy: 0.8498
Epoch 43/350
391/391 - 24s - loss: 0.4445 - accuracy: 0.8557 - val_loss: 0.4764 - val_accuracy: 0.8499
Epoch 44/350
391/391 - 24s - loss: 0.4347 - accuracy: 0.8607 - val_loss: 0.4676 - val_accuracy: 0.8551
Epoch 45/350
391/391 - 24s - loss: 0.4327 - accuracy: 0.8605 - val_loss: 0.4399 - val_accuracy: 0.8618
Epoch 46/350
391/391 - 24s - loss: 0.4172 - accuracy: 0.8634 - val_loss: 0.4740 - val_accuracy: 0.8557
Epoch 47/350
391/391 - 24s - loss: 0.4124 - accuracy: 0.8655 - val_loss: 0.4942 - val_accuracy: 0.8540
Epoch 48/350
391/391 - 24s - loss: 0.4147 - accuracy: 0.8668 - val_loss: 0.4245 - val_accuracy: 0.8692
Epoch 49/350
391/391 - 24s - loss: 0.4123 - accuracy: 0.8676 - val_loss: 0.4635 - val_accuracy: 0.8556
Epoch 50/350


Snapshot weight 5 shuffle 4 at epoch 50
Layer 11
Getting activations...


391/391 - 25s - loss: 0.4038 - accuracy: 0.8706 - val_loss: 0.4560 - val_accuracy: 0.8611
Epoch 51/350
391/391 - 24s - loss: 0.4025 - accuracy: 0.8698 - val_loss: 0.4343 - val_accuracy: 0.8614
Epoch 52/350
391/391 - 24s - loss: 0.3946 - accuracy: 0.8745 - val_loss: 0.4783 - val_accuracy: 0.8565
Epoch 53/350
391/391 - 24s - loss: 0.3894 - accuracy: 0.8740 - val_loss: 0.4234 - val_accuracy: 0.8697
Epoch 54/350
391/391 - 24s - loss: 0.3911 - accuracy: 0.8748 - val_loss: 0.4585 - val_accuracy: 0.8591
Epoch 55/350
391/391 - 24s - loss: 0.3829 - accuracy: 0.8764 - val_loss: 0.4268 - val_accuracy: 0.8710
Epoch 56/350
391/391 - 24s - loss: 0.3746 - accuracy: 0.8804 - val_loss: 0.4269 - val_accuracy: 0.8715
Epoch 57/350
391/391 - 24s - loss: 0.3692 - accuracy: 0.8825 - val_loss: 0.4211 - val_accuracy: 0.8710
Epoch 58/350
391/391 - 24s - loss: 0.3690 - accuracy: 0.8827 - val_loss: 0.4156 - val_accuracy: 0.8720
Epoch 59/350
391/391 - 24s - loss: 0.3603 - accuracy: 0.8869 - val_loss: 0.4807 - val_accuracy: 0.8598
Epoch 60/350
391/391 - 24s - loss: 0.3663 - accuracy: 0.8835 - val_loss: 0.4337 - val_accuracy: 0.8713
Epoch 61/350
391/391 - 24s - loss: 0.3596 - accuracy: 0.8872 - val_loss: 0.4346 - val_accuracy: 0.8693
Epoch 62/350
391/391 - 24s - loss: 0.3552 - accuracy: 0.8858 - val_loss: 0.4452 - val_accuracy: 0.8694
Epoch 63/350
391/391 - 24s - loss: 0.3487 - accuracy: 0.8901 - val_loss: 0.4488 - val_accuracy: 0.8616
Epoch 64/350
391/391 - 24s - loss: 0.3477 - accuracy: 0.8892 - val_loss: 0.4278 - val_accuracy: 0.8807
Epoch 65/350
391/391 - 24s - loss: 0.3438 - accuracy: 0.8901 - val_loss: 0.4190 - val_accuracy: 0.8768
Epoch 66/350
391/391 - 24s - loss: 0.3423 - accuracy: 0.8909 - val_loss: 0.4193 - val_accuracy: 0.8771
Epoch 67/350
391/391 - 24s - loss: 0.3326 - accuracy: 0.8958 - val_loss: 0.4449 - val_accuracy: 0.8730
Epoch 68/350
391/391 - 24s - loss: 0.3334 - accuracy: 0.8960 - val_loss: 0.4230 - val_accuracy: 0.8757
Epoch 69/350
391/391 - 24s - loss: 0.3334 - accuracy: 0.8956 - val_loss: 0.4624 - val_accuracy: 0.8656
Epoch 70/350
391/391 - 24s - loss: 0.3253 - accuracy: 0.8965 - val_loss: 0.4357 - val_accuracy: 0.8748
Epoch 71/350
391/391 - 24s - loss: 0.3252 - accuracy: 0.8964 - val_loss: 0.3995 - val_accuracy: 0.8829
Epoch 72/350
391/391 - 24s - loss: 0.3200 - accuracy: 0.8992 - val_loss: 0.4236 - val_accuracy: 0.8778
Epoch 73/350
391/391 - 24s - loss: 0.3234 - accuracy: 0.8983 - val_loss: 0.4504 - val_accuracy: 0.8753
Epoch 74/350
391/391 - 24s - loss: 0.3144 - accuracy: 0.9003 - val_loss: 0.4153 - val_accuracy: 0.8788
Epoch 75/350
391/391 - 24s - loss: 0.3179 - accuracy: 0.9004 - val_loss: 0.4297 - val_accuracy: 0.8733
Epoch 76/350
391/391 - 24s - loss: 0.3099 - accuracy: 0.9025 - val_loss: 0.4489 - val_accuracy: 0.8756
Epoch 77/350
391/391 - 24s - loss: 0.3104 - accuracy: 0.9041 - val_loss: 0.4099 - val_accuracy: 0.8827
Epoch 78/350
391/391 - 24s - loss: 0.3058 - accuracy: 0.9049 - val_loss: 0.4606 - val_accuracy: 0.8693
Epoch 79/350
391/391 - 24s - loss: 0.3014 - accuracy: 0.9066 - val_loss: 0.4249 - val_accuracy: 0.8806
Epoch 80/350
391/391 - 24s - loss: 0.3029 - accuracy: 0.9064 - val_loss: 0.4096 - val_accuracy: 0.8817
Epoch 81/350
391/391 - 24s - loss: 0.2965 - accuracy: 0.9075 - val_loss: 0.4122 - val_accuracy: 0.8808
Epoch 82/350
391/391 - 24s - loss: 0.3009 - accuracy: 0.9051 - val_loss: 0.4272 - val_accuracy: 0.8768
Epoch 83/350
391/391 - 24s - loss: 0.2979 - accuracy: 0.9082 - val_loss: 0.4137 - val_accuracy: 0.8808
Epoch 84/350
391/391 - 24s - loss: 0.2998 - accuracy: 0.9076 - val_loss: 0.4274 - val_accuracy: 0.8797
Epoch 85/350
391/391 - 24s - loss: 0.2911 - accuracy: 0.9099 - val_loss: 0.4056 - val_accuracy: 0.8827
Epoch 86/350
391/391 - 24s - loss: 0.2913 - accuracy: 0.9096 - val_loss: 0.4040 - val_accuracy: 0.8850
Epoch 87/350
391/391 - 24s - loss: 0.2878 - accuracy: 0.9112 - val_loss: 0.4164 - val_accuracy: 0.8794
Epoch 88/350
391/391 - 24s - loss: 0.2856 - accuracy: 0.9120 - val_loss: 0.4168 - val_accuracy: 0.8845
Epoch 89/350
391/391 - 24s - loss: 0.2809 - accuracy: 0.9147 - val_loss: 0.4086 - val_accuracy: 0.8892
Epoch 90/350
391/391 - 24s - loss: 0.2832 - accuracy: 0.9114 - val_loss: 0.4449 - val_accuracy: 0.8767
Epoch 91/350
391/391 - 24s - loss: 0.2779 - accuracy: 0.9142 - val_loss: 0.4006 - val_accuracy: 0.8888
Epoch 92/350
391/391 - 24s - loss: 0.2766 - accuracy: 0.9147 - val_loss: 0.4392 - val_accuracy: 0.8809
Epoch 93/350
391/391 - 24s - loss: 0.2700 - accuracy: 0.9166 - val_loss: 0.3960 - val_accuracy: 0.8885
Epoch 94/350
391/391 - 24s - loss: 0.2688 - accuracy: 0.9170 - val_loss: 0.3951 - val_accuracy: 0.8869
Epoch 95/350
391/391 - 24s - loss: 0.2742 - accuracy: 0.9153 - val_loss: 0.4135 - val_accuracy: 0.8886
Epoch 96/350
391/391 - 24s - loss: 0.2714 - accuracy: 0.9172 - val_loss: 0.3876 - val_accuracy: 0.8870
Epoch 97/350
391/391 - 24s - loss: 0.2672 - accuracy: 0.9195 - val_loss: 0.3986 - val_accuracy: 0.8879
Epoch 98/350
391/391 - 24s - loss: 0.2631 - accuracy: 0.9208 - val_loss: 0.4020 - val_accuracy: 0.8901
Epoch 99/350
391/391 - 24s - loss: 0.2581 - accuracy: 0.9224 - val_loss: 0.4332 - val_accuracy: 0.8826
Epoch 100/350


Snapshot weight 5 shuffle 4 at epoch 100
Layer 11
Getting activations...


391/391 - 24s - loss: 0.2608 - accuracy: 0.9220 - val_loss: 0.4242 - val_accuracy: 0.8830
Epoch 101/350
391/391 - 24s - loss: 0.2590 - accuracy: 0.9210 - val_loss: 0.3939 - val_accuracy: 0.8915
Epoch 102/350
391/391 - 24s - loss: 0.2615 - accuracy: 0.9212 - val_loss: 0.4117 - val_accuracy: 0.8873
Epoch 103/350
391/391 - 24s - loss: 0.2540 - accuracy: 0.9243 - val_loss: 0.4552 - val_accuracy: 0.8830
Epoch 104/350
391/391 - 24s - loss: 0.2560 - accuracy: 0.9238 - val_loss: 0.4190 - val_accuracy: 0.8890
Epoch 105/350
391/391 - 24s - loss: 0.2485 - accuracy: 0.9263 - val_loss: 0.4055 - val_accuracy: 0.8886
Epoch 106/350
391/391 - 24s - loss: 0.2509 - accuracy: 0.9257 - val_loss: 0.4761 - val_accuracy: 0.8789
Epoch 107/350
391/391 - 24s - loss: 0.2526 - accuracy: 0.9243 - val_loss: 0.4066 - val_accuracy: 0.8885
Epoch 108/350
391/391 - 24s - loss: 0.2498 - accuracy: 0.9245 - val_loss: 0.4364 - val_accuracy: 0.8842
Epoch 109/350
391/391 - 24s - loss: 0.2473 - accuracy: 0.9261 - val_loss: 0.4273 - val_accuracy: 0.8873
Epoch 110/350
391/391 - 24s - loss: 0.2428 - accuracy: 0.9275 - val_loss: 0.4479 - val_accuracy: 0.8794
Epoch 111/350
391/391 - 24s - loss: 0.2455 - accuracy: 0.9258 - val_loss: 0.4115 - val_accuracy: 0.8892
Epoch 112/350
391/391 - 24s - loss: 0.2462 - accuracy: 0.9266 - val_loss: 0.3963 - val_accuracy: 0.8945
Epoch 113/350
391/391 - 24s - loss: 0.2367 - accuracy: 0.9293 - val_loss: 0.4125 - val_accuracy: 0.8902
Epoch 114/350
391/391 - 24s - loss: 0.2392 - accuracy: 0.9286 - val_loss: 0.4070 - val_accuracy: 0.8943
Epoch 115/350
391/391 - 24s - loss: 0.2436 - accuracy: 0.9282 - val_loss: 0.4197 - val_accuracy: 0.8896
Epoch 116/350
391/391 - 24s - loss: 0.2381 - accuracy: 0.9297 - val_loss: 0.4254 - val_accuracy: 0.8898
Epoch 117/350
391/391 - 24s - loss: 0.2405 - accuracy: 0.9279 - val_loss: 0.3959 - val_accuracy: 0.8941
Epoch 118/350
391/391 - 24s - loss: 0.2332 - accuracy: 0.9311 - val_loss: 0.4132 - val_accuracy: 0.8932
Epoch 119/350
391/391 - 24s - loss: 0.2297 - accuracy: 0.9315 - val_loss: 0.4449 - val_accuracy: 0.8855
Epoch 120/350
391/391 - 24s - loss: 0.2276 - accuracy: 0.9342 - val_loss: 0.4231 - val_accuracy: 0.8927
Epoch 121/350
391/391 - 24s - loss: 0.2262 - accuracy: 0.9342 - val_loss: 0.4173 - val_accuracy: 0.8908
Epoch 122/350
391/391 - 24s - loss: 0.2275 - accuracy: 0.9342 - val_loss: 0.4421 - val_accuracy: 0.8885
Epoch 123/350
391/391 - 24s - loss: 0.2283 - accuracy: 0.9330 - val_loss: 0.4064 - val_accuracy: 0.8917
Epoch 124/350
391/391 - 24s - loss: 0.2215 - accuracy: 0.9368 - val_loss: 0.3952 - val_accuracy: 0.8979
Epoch 125/350
391/391 - 24s - loss: 0.2233 - accuracy: 0.9356 - val_loss: 0.3956 - val_accuracy: 0.8940
Epoch 126/350
391/391 - 24s - loss: 0.2220 - accuracy: 0.9347 - val_loss: 0.4189 - val_accuracy: 0.8907
Epoch 127/350
391/391 - 24s - loss: 0.2232 - accuracy: 0.9343 - val_loss: 0.4182 - val_accuracy: 0.8927
Epoch 128/350
391/391 - 24s - loss: 0.2202 - accuracy: 0.9360 - val_loss: 0.4038 - val_accuracy: 0.8973
Epoch 129/350
391/391 - 24s - loss: 0.2162 - accuracy: 0.9366 - val_loss: 0.4202 - val_accuracy: 0.8946
Epoch 130/350
391/391 - 24s - loss: 0.2211 - accuracy: 0.9350 - val_loss: 0.4184 - val_accuracy: 0.8942
Epoch 131/350
391/391 - 24s - loss: 0.2201 - accuracy: 0.9360 - val_loss: 0.4622 - val_accuracy: 0.8865
Epoch 132/350
391/391 - 24s - loss: 0.2203 - accuracy: 0.9362 - val_loss: 0.4380 - val_accuracy: 0.8892
Epoch 133/350
391/391 - 24s - loss: 0.2135 - accuracy: 0.9390 - val_loss: 0.4420 - val_accuracy: 0.8905
Epoch 134/350
391/391 - 24s - loss: 0.2122 - accuracy: 0.9394 - val_loss: 0.4221 - val_accuracy: 0.8912
Epoch 135/350
391/391 - 24s - loss: 0.2144 - accuracy: 0.9381 - val_loss: 0.4165 - val_accuracy: 0.8943
Epoch 136/350
391/391 - 24s - loss: 0.2132 - accuracy: 0.9396 - val_loss: 0.4171 - val_accuracy: 0.8934
Epoch 137/350
391/391 - 24s - loss: 0.2116 - accuracy: 0.9383 - val_loss: 0.4361 - val_accuracy: 0.8909
Epoch 138/350
391/391 - 24s - loss: 0.2135 - accuracy: 0.9394 - val_loss: 0.4132 - val_accuracy: 0.8960
Epoch 139/350
391/391 - 24s - loss: 0.2146 - accuracy: 0.9383 - val_loss: 0.4308 - val_accuracy: 0.8928
Epoch 140/350
391/391 - 24s - loss: 0.2049 - accuracy: 0.9409 - val_loss: 0.4068 - val_accuracy: 0.8946
Epoch 141/350
391/391 - 24s - loss: 0.2073 - accuracy: 0.9408 - val_loss: 0.4517 - val_accuracy: 0.8931
Epoch 142/350
391/391 - 24s - loss: 0.2064 - accuracy: 0.9416 - val_loss: 0.4074 - val_accuracy: 0.8963
Epoch 143/350
391/391 - 24s - loss: 0.2036 - accuracy: 0.9427 - val_loss: 0.4500 - val_accuracy: 0.8926
Epoch 144/350
391/391 - 24s - loss: 0.2064 - accuracy: 0.9419 - val_loss: 0.4536 - val_accuracy: 0.8895
Epoch 145/350
391/391 - 24s - loss: 0.2065 - accuracy: 0.9416 - val_loss: 0.4227 - val_accuracy: 0.8972
Epoch 146/350
391/391 - 24s - loss: 0.2052 - accuracy: 0.9420 - val_loss: 0.4049 - val_accuracy: 0.8973
Epoch 147/350
391/391 - 24s - loss: 0.2015 - accuracy: 0.9434 - val_loss: 0.4190 - val_accuracy: 0.8999
Epoch 148/350
391/391 - 24s - loss: 0.2010 - accuracy: 0.9420 - val_loss: 0.4578 - val_accuracy: 0.8885
Epoch 149/350
391/391 - 24s - loss: 0.2013 - accuracy: 0.9441 - val_loss: 0.4245 - val_accuracy: 0.8907
Epoch 150/350


Snapshot weight 5 shuffle 4 at epoch 150
Layer 11
Getting activations...


391/391 - 24s - loss: 0.2010 - accuracy: 0.9432 - val_loss: 0.4306 - val_accuracy: 0.8935
Epoch 151/350
391/391 - 24s - loss: 0.1991 - accuracy: 0.9455 - val_loss: 0.4542 - val_accuracy: 0.8938
Epoch 152/350
391/391 - 24s - loss: 0.1962 - accuracy: 0.9452 - val_loss: 0.4145 - val_accuracy: 0.8959
Epoch 153/350
391/391 - 24s - loss: 0.1991 - accuracy: 0.9439 - val_loss: 0.4192 - val_accuracy: 0.8987
Epoch 154/350
391/391 - 24s - loss: 0.1969 - accuracy: 0.9459 - val_loss: 0.4521 - val_accuracy: 0.8950
Epoch 155/350
391/391 - 24s - loss: 0.1956 - accuracy: 0.9456 - val_loss: 0.4177 - val_accuracy: 0.8989
Epoch 156/350
391/391 - 24s - loss: 0.1937 - accuracy: 0.9465 - val_loss: 0.4250 - val_accuracy: 0.8948
Epoch 157/350
391/391 - 24s - loss: 0.1934 - accuracy: 0.9467 - val_loss: 0.4422 - val_accuracy: 0.8949
Epoch 158/350
391/391 - 24s - loss: 0.1922 - accuracy: 0.9484 - val_loss: 0.4193 - val_accuracy: 0.9020
Epoch 159/350
391/391 - 24s - loss: 0.1903 - accuracy: 0.9466 - val_loss: 0.4391 - val_accuracy: 0.8981
Epoch 160/350
391/391 - 24s - loss: 0.1930 - accuracy: 0.9464 - val_loss: 0.4259 - val_accuracy: 0.8964
Epoch 161/350
391/391 - 24s - loss: 0.1915 - accuracy: 0.9464 - val_loss: 0.4381 - val_accuracy: 0.9006
Epoch 162/350
391/391 - 24s - loss: 0.1909 - accuracy: 0.9469 - val_loss: 0.4468 - val_accuracy: 0.8953
Epoch 163/350
391/391 - 24s - loss: 0.1900 - accuracy: 0.9480 - val_loss: 0.4135 - val_accuracy: 0.8986
Epoch 164/350
391/391 - 24s - loss: 0.1881 - accuracy: 0.9481 - val_loss: 0.4251 - val_accuracy: 0.8967
Epoch 165/350
391/391 - 24s - loss: 0.1905 - accuracy: 0.9485 - val_loss: 0.4390 - val_accuracy: 0.8928
Epoch 166/350
391/391 - 24s - loss: 0.1861 - accuracy: 0.9492 - val_loss: 0.4277 - val_accuracy: 0.8974
Epoch 167/350
391/391 - 24s - loss: 0.1865 - accuracy: 0.9496 - val_loss: 0.4406 - val_accuracy: 0.8933
Epoch 168/350
391/391 - 24s - loss: 0.1865 - accuracy: 0.9494 - val_loss: 0.4578 - val_accuracy: 0.8919
Epoch 169/350
391/391 - 24s - loss: 0.1861 - accuracy: 0.9498 - val_loss: 0.4660 - val_accuracy: 0.8903
Epoch 170/350
391/391 - 24s - loss: 0.1844 - accuracy: 0.9507 - val_loss: 0.4215 - val_accuracy: 0.8965
Epoch 171/350
391/391 - 24s - loss: 0.1828 - accuracy: 0.9510 - val_loss: 0.4228 - val_accuracy: 0.8957
Epoch 172/350
391/391 - 24s - loss: 0.1899 - accuracy: 0.9480 - val_loss: 0.4233 - val_accuracy: 0.8999
Epoch 173/350
391/391 - 24s - loss: 0.1882 - accuracy: 0.9489 - val_loss: 0.4553 - val_accuracy: 0.8926
Epoch 174/350
391/391 - 24s - loss: 0.1825 - accuracy: 0.9506 - val_loss: 0.3977 - val_accuracy: 0.9035
Epoch 175/350
391/391 - 24s - loss: 0.1858 - accuracy: 0.9501 - val_loss: 0.4721 - val_accuracy: 0.8910
Epoch 176/350
391/391 - 24s - loss: 0.1812 - accuracy: 0.9508 - val_loss: 0.4460 - val_accuracy: 0.8970
Epoch 177/350
391/391 - 24s - loss: 0.1771 - accuracy: 0.9524 - val_loss: 0.4506 - val_accuracy: 0.8929
Epoch 178/350
391/391 - 24s - loss: 0.1783 - accuracy: 0.9526 - val_loss: 0.4560 - val_accuracy: 0.8983
Epoch 179/350
391/391 - 24s - loss: 0.1784 - accuracy: 0.9529 - val_loss: 0.4487 - val_accuracy: 0.8979
Epoch 180/350
391/391 - 24s - loss: 0.1775 - accuracy: 0.9527 - val_loss: 0.4480 - val_accuracy: 0.8985
Epoch 181/350
391/391 - 24s - loss: 0.1772 - accuracy: 0.9529 - val_loss: 0.4488 - val_accuracy: 0.8990
Epoch 182/350
391/391 - 24s - loss: 0.1735 - accuracy: 0.9545 - val_loss: 0.4717 - val_accuracy: 0.8919
Epoch 183/350
391/391 - 24s - loss: 0.1769 - accuracy: 0.9531 - val_loss: 0.4433 - val_accuracy: 0.8973
Epoch 184/350
391/391 - 24s - loss: 0.1751 - accuracy: 0.9541 - val_loss: 0.4104 - val_accuracy: 0.9027
Epoch 185/350
391/391 - 24s - loss: 0.1737 - accuracy: 0.9537 - val_loss: 0.4631 - val_accuracy: 0.8957
Epoch 186/350
391/391 - 24s - loss: 0.1740 - accuracy: 0.9544 - val_loss: 0.4906 - val_accuracy: 0.8921
Epoch 187/350
391/391 - 24s - loss: 0.1765 - accuracy: 0.9545 - val_loss: 0.4508 - val_accuracy: 0.8990
Epoch 188/350
391/391 - 24s - loss: 0.1709 - accuracy: 0.9553 - val_loss: 0.4560 - val_accuracy: 0.8992
Epoch 189/350
391/391 - 24s - loss: 0.1743 - accuracy: 0.9551 - val_loss: 0.4264 - val_accuracy: 0.9018
Epoch 190/350
391/391 - 24s - loss: 0.1756 - accuracy: 0.9547 - val_loss: 0.4599 - val_accuracy: 0.8965
Epoch 191/350
391/391 - 24s - loss: 0.1759 - accuracy: 0.9543 - val_loss: 0.4671 - val_accuracy: 0.8994
Epoch 192/350
391/391 - 24s - loss: 0.1764 - accuracy: 0.9535 - val_loss: 0.4705 - val_accuracy: 0.8989
Epoch 193/350
391/391 - 24s - loss: 0.1751 - accuracy: 0.9532 - val_loss: 0.4256 - val_accuracy: 0.9049
Epoch 194/350
391/391 - 24s - loss: 0.1667 - accuracy: 0.9565 - val_loss: 0.4694 - val_accuracy: 0.8959
Epoch 195/350
391/391 - 24s - loss: 0.1749 - accuracy: 0.9538 - val_loss: 0.4438 - val_accuracy: 0.9017
Epoch 196/350
391/391 - 24s - loss: 0.1648 - accuracy: 0.9568 - val_loss: 0.5071 - val_accuracy: 0.8930
Epoch 197/350
391/391 - 24s - loss: 0.1675 - accuracy: 0.9566 - val_loss: 0.4524 - val_accuracy: 0.8991
Epoch 198/350
391/391 - 24s - loss: 0.1713 - accuracy: 0.9560 - val_loss: 0.4676 - val_accuracy: 0.9007
Epoch 199/350
391/391 - 24s - loss: 0.1659 - accuracy: 0.9582 - val_loss: 0.4561 - val_accuracy: 0.8990
Epoch 200/350


Snapshot weight 5 shuffle 4 at epoch 200
Layer 11
Getting activations...


391/391 - 24s - loss: 0.1667 - accuracy: 0.9569 - val_loss: 0.5016 - val_accuracy: 0.8897
Epoch 201/350
391/391 - 24s - loss: 0.1435 - accuracy: 0.9665 - val_loss: 0.4255 - val_accuracy: 0.9072
Epoch 202/350
391/391 - 24s - loss: 0.1322 - accuracy: 0.9692 - val_loss: 0.4297 - val_accuracy: 0.9082
Epoch 203/350
391/391 - 24s - loss: 0.1283 - accuracy: 0.9705 - val_loss: 0.4336 - val_accuracy: 0.9100
Epoch 204/350
391/391 - 24s - loss: 0.1242 - accuracy: 0.9729 - val_loss: 0.4300 - val_accuracy: 0.9105
Epoch 205/350
391/391 - 24s - loss: 0.1267 - accuracy: 0.9714 - val_loss: 0.4314 - val_accuracy: 0.9089
Epoch 206/350
391/391 - 24s - loss: 0.1203 - accuracy: 0.9739 - val_loss: 0.4444 - val_accuracy: 0.9098
Epoch 207/350
391/391 - 24s - loss: 0.1195 - accuracy: 0.9743 - val_loss: 0.4444 - val_accuracy: 0.9097
Epoch 208/350
391/391 - 24s - loss: 0.1207 - accuracy: 0.9733 - val_loss: 0.4449 - val_accuracy: 0.9096
Epoch 209/350
391/391 - 24s - loss: 0.1196 - accuracy: 0.9738 - val_loss: 0.4427 - val_accuracy: 0.9086
Epoch 210/350
391/391 - 24s - loss: 0.1199 - accuracy: 0.9736 - val_loss: 0.4462 - val_accuracy: 0.9102
Epoch 211/350
391/391 - 24s - loss: 0.1180 - accuracy: 0.9750 - val_loss: 0.4522 - val_accuracy: 0.9098
Epoch 212/350
391/391 - 24s - loss: 0.1171 - accuracy: 0.9749 - val_loss: 0.4545 - val_accuracy: 0.9095
Epoch 213/350
391/391 - 24s - loss: 0.1184 - accuracy: 0.9746 - val_loss: 0.4491 - val_accuracy: 0.9101
Epoch 214/350
391/391 - 24s - loss: 0.1178 - accuracy: 0.9754 - val_loss: 0.4483 - val_accuracy: 0.9078
Epoch 215/350
391/391 - 24s - loss: 0.1162 - accuracy: 0.9741 - val_loss: 0.4502 - val_accuracy: 0.9083
Epoch 216/350
391/391 - 24s - loss: 0.1138 - accuracy: 0.9758 - val_loss: 0.4589 - val_accuracy: 0.9100
Epoch 217/350
391/391 - 24s - loss: 0.1146 - accuracy: 0.9759 - val_loss: 0.4608 - val_accuracy: 0.9088
Epoch 218/350
391/391 - 24s - loss: 0.1158 - accuracy: 0.9760 - val_loss: 0.4581 - val_accuracy: 0.9090
Epoch 219/350
391/391 - 24s - loss: 0.1148 - accuracy: 0.9761 - val_loss: 0.4504 - val_accuracy: 0.9105
Epoch 220/350
391/391 - 24s - loss: 0.1135 - accuracy: 0.9760 - val_loss: 0.4605 - val_accuracy: 0.9092
Epoch 221/350
391/391 - 24s - loss: 0.1147 - accuracy: 0.9760 - val_loss: 0.4547 - val_accuracy: 0.9111
Epoch 222/350
391/391 - 24s - loss: 0.1122 - accuracy: 0.9766 - val_loss: 0.4565 - val_accuracy: 0.9100
Epoch 223/350
391/391 - 24s - loss: 0.1153 - accuracy: 0.9760 - val_loss: 0.4560 - val_accuracy: 0.9078
Epoch 224/350
391/391 - 24s - loss: 0.1112 - accuracy: 0.9769 - val_loss: 0.4664 - val_accuracy: 0.9089
Epoch 225/350
391/391 - 24s - loss: 0.1117 - accuracy: 0.9778 - val_loss: 0.4559 - val_accuracy: 0.9106
Epoch 226/350
391/391 - 24s - loss: 0.1115 - accuracy: 0.9766 - val_loss: 0.4607 - val_accuracy: 0.9098
Epoch 227/350
391/391 - 24s - loss: 0.1121 - accuracy: 0.9768 - val_loss: 0.4608 - val_accuracy: 0.9103
Epoch 228/350
391/391 - 24s - loss: 0.1113 - accuracy: 0.9771 - val_loss: 0.4588 - val_accuracy: 0.9105
Epoch 229/350
391/391 - 24s - loss: 0.1122 - accuracy: 0.9767 - val_loss: 0.4590 - val_accuracy: 0.9104
Epoch 230/350
391/391 - 24s - loss: 0.1100 - accuracy: 0.9778 - val_loss: 0.4670 - val_accuracy: 0.9098
Epoch 231/350
391/391 - 24s - loss: 0.1116 - accuracy: 0.9771 - val_loss: 0.4637 - val_accuracy: 0.9092
Epoch 232/350
391/391 - 24s - loss: 0.1127 - accuracy: 0.9759 - val_loss: 0.4634 - val_accuracy: 0.9110
Epoch 233/350
391/391 - 24s - loss: 0.1114 - accuracy: 0.9773 - val_loss: 0.4596 - val_accuracy: 0.9093
Epoch 234/350
391/391 - 24s - loss: 0.1098 - accuracy: 0.9771 - val_loss: 0.4609 - val_accuracy: 0.9086
Epoch 235/350
391/391 - 24s - loss: 0.1100 - accuracy: 0.9773 - val_loss: 0.4628 - val_accuracy: 0.9101
Epoch 236/350
391/391 - 24s - loss: 0.1057 - accuracy: 0.9789 - val_loss: 0.4646 - val_accuracy: 0.9107
Epoch 237/350
391/391 - 24s - loss: 0.1070 - accuracy: 0.9784 - val_loss: 0.4673 - val_accuracy: 0.9103
Epoch 238/350
391/391 - 24s - loss: 0.1097 - accuracy: 0.9773 - val_loss: 0.4647 - val_accuracy: 0.9099
Epoch 239/350
391/391 - 24s - loss: 0.1109 - accuracy: 0.9772 - val_loss: 0.4652 - val_accuracy: 0.9097
Epoch 240/350
391/391 - 24s - loss: 0.1093 - accuracy: 0.9774 - val_loss: 0.4661 - val_accuracy: 0.9101
Epoch 241/350
391/391 - 24s - loss: 0.1104 - accuracy: 0.9773 - val_loss: 0.4689 - val_accuracy: 0.9101
Epoch 242/350
391/391 - 24s - loss: 0.1088 - accuracy: 0.9776 - val_loss: 0.4653 - val_accuracy: 0.9106
Epoch 243/350
391/391 - 24s - loss: 0.1075 - accuracy: 0.9784 - val_loss: 0.4672 - val_accuracy: 0.9108
Epoch 244/350
391/391 - 24s - loss: 0.1079 - accuracy: 0.9783 - val_loss: 0.4626 - val_accuracy: 0.9111
Epoch 245/350
391/391 - 24s - loss: 0.1075 - accuracy: 0.9785 - val_loss: 0.4594 - val_accuracy: 0.9103
Epoch 246/350
391/391 - 24s - loss: 0.1076 - accuracy: 0.9788 - val_loss: 0.4699 - val_accuracy: 0.9092
Epoch 247/350
391/391 - 24s - loss: 0.1066 - accuracy: 0.9784 - val_loss: 0.4742 - val_accuracy: 0.9109
Epoch 248/350
391/391 - 24s - loss: 0.1054 - accuracy: 0.9792 - val_loss: 0.4698 - val_accuracy: 0.9098
Epoch 249/350
391/391 - 24s - loss: 0.1068 - accuracy: 0.9792 - val_loss: 0.4595 - val_accuracy: 0.9119
Epoch 250/350


Snapshot weight 5 shuffle 4 at epoch 250
Layer 11
Getting activations...


391/391 - 25s - loss: 0.1065 - accuracy: 0.9787 - val_loss: 0.4724 - val_accuracy: 0.9103
Epoch 251/350
391/391 - 24s - loss: 0.1044 - accuracy: 0.9788 - val_loss: 0.4728 - val_accuracy: 0.9106
Epoch 252/350
391/391 - 24s - loss: 0.1044 - accuracy: 0.9798 - val_loss: 0.4741 - val_accuracy: 0.9109
Epoch 253/350
391/391 - 24s - loss: 0.1032 - accuracy: 0.9800 - val_loss: 0.4719 - val_accuracy: 0.9103
Epoch 254/350
391/391 - 24s - loss: 0.1035 - accuracy: 0.9788 - val_loss: 0.4723 - val_accuracy: 0.9098
Epoch 255/350
391/391 - 24s - loss: 0.1028 - accuracy: 0.9803 - val_loss: 0.4711 - val_accuracy: 0.9097
Epoch 256/350
391/391 - 24s - loss: 0.1065 - accuracy: 0.9797 - val_loss: 0.4720 - val_accuracy: 0.9104
Epoch 257/350
391/391 - 24s - loss: 0.0992 - accuracy: 0.9805 - val_loss: 0.4731 - val_accuracy: 0.9104
Epoch 258/350
391/391 - 24s - loss: 0.1053 - accuracy: 0.9792 - val_loss: 0.4696 - val_accuracy: 0.9106
Epoch 259/350
391/391 - 24s - loss: 0.1036 - accuracy: 0.9796 - val_loss: 0.4710 - val_accuracy: 0.9103
Epoch 260/350
391/391 - 24s - loss: 0.1023 - accuracy: 0.9804 - val_loss: 0.4691 - val_accuracy: 0.9104
Epoch 261/350
391/391 - 24s - loss: 0.1023 - accuracy: 0.9803 - val_loss: 0.4714 - val_accuracy: 0.9106
Epoch 262/350
391/391 - 24s - loss: 0.1014 - accuracy: 0.9811 - val_loss: 0.4696 - val_accuracy: 0.9103
Epoch 263/350
391/391 - 24s - loss: 0.1038 - accuracy: 0.9802 - val_loss: 0.4706 - val_accuracy: 0.9102
Epoch 264/350
391/391 - 24s - loss: 0.1021 - accuracy: 0.9807 - val_loss: 0.4672 - val_accuracy: 0.9111
Epoch 265/350
391/391 - 24s - loss: 0.1036 - accuracy: 0.9792 - val_loss: 0.4697 - val_accuracy: 0.9114
Epoch 266/350
391/391 - 24s - loss: 0.1032 - accuracy: 0.9791 - val_loss: 0.4712 - val_accuracy: 0.9109
Epoch 267/350
391/391 - 24s - loss: 0.1032 - accuracy: 0.9794 - val_loss: 0.4689 - val_accuracy: 0.9110
Epoch 268/350
391/391 - 24s - loss: 0.1025 - accuracy: 0.9800 - val_loss: 0.4691 - val_accuracy: 0.9113
Epoch 269/350
391/391 - 24s - loss: 0.1030 - accuracy: 0.9791 - val_loss: 0.4691 - val_accuracy: 0.9118
Epoch 270/350
391/391 - 24s - loss: 0.1018 - accuracy: 0.9798 - val_loss: 0.4697 - val_accuracy: 0.9109
Epoch 271/350
391/391 - 24s - loss: 0.1006 - accuracy: 0.9803 - val_loss: 0.4695 - val_accuracy: 0.9111
Epoch 272/350
391/391 - 24s - loss: 0.1031 - accuracy: 0.9798 - val_loss: 0.4711 - val_accuracy: 0.9111
Epoch 273/350
391/391 - 24s - loss: 0.1044 - accuracy: 0.9791 - val_loss: 0.4695 - val_accuracy: 0.9099
Epoch 274/350
391/391 - 24s - loss: 0.1022 - accuracy: 0.9800 - val_loss: 0.4680 - val_accuracy: 0.9106
Epoch 275/350
391/391 - 24s - loss: 0.1025 - accuracy: 0.9802 - val_loss: 0.4707 - val_accuracy: 0.9106
Epoch 276/350
391/391 - 24s - loss: 0.1053 - accuracy: 0.9790 - val_loss: 0.4694 - val_accuracy: 0.9098
Epoch 277/350
391/391 - 24s - loss: 0.1041 - accuracy: 0.9792 - val_loss: 0.4686 - val_accuracy: 0.9108
Epoch 278/350
391/391 - 24s - loss: 0.1033 - accuracy: 0.9803 - val_loss: 0.4699 - val_accuracy: 0.9101
Epoch 279/350
391/391 - 24s - loss: 0.1040 - accuracy: 0.9791 - val_loss: 0.4687 - val_accuracy: 0.9102
Epoch 280/350
391/391 - 24s - loss: 0.1035 - accuracy: 0.9797 - val_loss: 0.4697 - val_accuracy: 0.9105
Epoch 281/350
391/391 - 24s - loss: 0.1015 - accuracy: 0.9803 - val_loss: 0.4707 - val_accuracy: 0.9103
Epoch 282/350
391/391 - 24s - loss: 0.1032 - accuracy: 0.9797 - val_loss: 0.4699 - val_accuracy: 0.9108
Epoch 283/350
391/391 - 24s - loss: 0.1009 - accuracy: 0.9808 - val_loss: 0.4741 - val_accuracy: 0.9102
Epoch 284/350
391/391 - 24s - loss: 0.1031 - accuracy: 0.9792 - val_loss: 0.4702 - val_accuracy: 0.9114
Epoch 285/350
391/391 - 24s - loss: 0.1020 - accuracy: 0.9798 - val_loss: 0.4705 - val_accuracy: 0.9114
Epoch 286/350
391/391 - 24s - loss: 0.1025 - accuracy: 0.9799 - val_loss: 0.4696 - val_accuracy: 0.9108
Epoch 287/350
391/391 - 24s - loss: 0.1013 - accuracy: 0.9806 - val_loss: 0.4701 - val_accuracy: 0.9115
Epoch 288/350
391/391 - 24s - loss: 0.0999 - accuracy: 0.9811 - val_loss: 0.4698 - val_accuracy: 0.9115
Epoch 289/350
391/391 - 24s - loss: 0.1035 - accuracy: 0.9809 - val_loss: 0.4718 - val_accuracy: 0.9110
Epoch 290/350
391/391 - 24s - loss: 0.1014 - accuracy: 0.9799 - val_loss: 0.4685 - val_accuracy: 0.9112
Epoch 291/350
391/391 - 24s - loss: 0.1014 - accuracy: 0.9802 - val_loss: 0.4708 - val_accuracy: 0.9101
Epoch 292/350
391/391 - 24s - loss: 0.1020 - accuracy: 0.9808 - val_loss: 0.4709 - val_accuracy: 0.9110
Epoch 293/350
391/391 - 24s - loss: 0.1020 - accuracy: 0.9805 - val_loss: 0.4714 - val_accuracy: 0.9109
Epoch 294/350
391/391 - 24s - loss: 0.1036 - accuracy: 0.9794 - val_loss: 0.4733 - val_accuracy: 0.9110
Epoch 295/350
391/391 - 24s - loss: 0.1019 - accuracy: 0.9800 - val_loss: 0.4718 - val_accuracy: 0.9111
Epoch 296/350
391/391 - 24s - loss: 0.1011 - accuracy: 0.9798 - val_loss: 0.4717 - val_accuracy: 0.9113
Epoch 297/350
391/391 - 24s - loss: 0.0998 - accuracy: 0.9805 - val_loss: 0.4729 - val_accuracy: 0.9107
Epoch 298/350
391/391 - 24s - loss: 0.1035 - accuracy: 0.9800 - val_loss: 0.4714 - val_accuracy: 0.9116
Epoch 299/350
391/391 - 24s - loss: 0.1027 - accuracy: 0.9792 - val_loss: 0.4706 - val_accuracy: 0.9110
Epoch 300/350


Snapshot weight 5 shuffle 4 at epoch 300
Layer 11
Getting activations...


391/391 - 24s - loss: 0.1021 - accuracy: 0.9805 - val_loss: 0.4722 - val_accuracy: 0.9106
Epoch 301/350
391/391 - 24s - loss: 0.1012 - accuracy: 0.9810 - val_loss: 0.4718 - val_accuracy: 0.9109
Epoch 302/350
391/391 - 24s - loss: 0.1020 - accuracy: 0.9799 - val_loss: 0.4715 - val_accuracy: 0.9110
Epoch 303/350
391/391 - 24s - loss: 0.1011 - accuracy: 0.9808 - val_loss: 0.4712 - val_accuracy: 0.9114
Epoch 304/350
391/391 - 24s - loss: 0.1039 - accuracy: 0.9795 - val_loss: 0.4708 - val_accuracy: 0.9115
Epoch 305/350
391/391 - 24s - loss: 0.1009 - accuracy: 0.9801 - val_loss: 0.4704 - val_accuracy: 0.9114
Epoch 306/350
391/391 - 24s - loss: 0.1024 - accuracy: 0.9798 - val_loss: 0.4707 - val_accuracy: 0.9116
Epoch 307/350
391/391 - 24s - loss: 0.1030 - accuracy: 0.9800 - val_loss: 0.4705 - val_accuracy: 0.9115
Epoch 308/350
391/391 - 24s - loss: 0.1015 - accuracy: 0.9803 - val_loss: 0.4704 - val_accuracy: 0.9113
Epoch 309/350
391/391 - 24s - loss: 0.1006 - accuracy: 0.9806 - val_loss: 0.4702 - val_accuracy: 0.9114
Epoch 310/350
391/391 - 24s - loss: 0.1015 - accuracy: 0.9805 - val_loss: 0.4703 - val_accuracy: 0.9115
Epoch 311/350
391/391 - 24s - loss: 0.1000 - accuracy: 0.9813 - val_loss: 0.4703 - val_accuracy: 0.9113
Epoch 312/350
391/391 - 24s - loss: 0.1019 - accuracy: 0.9802 - val_loss: 0.4705 - val_accuracy: 0.9111
Epoch 313/350
391/391 - 24s - loss: 0.1044 - accuracy: 0.9797 - val_loss: 0.4706 - val_accuracy: 0.9110
Epoch 314/350
391/391 - 24s - loss: 0.1006 - accuracy: 0.9808 - val_loss: 0.4703 - val_accuracy: 0.9112
Epoch 315/350
391/391 - 24s - loss: 0.1026 - accuracy: 0.9797 - val_loss: 0.4703 - val_accuracy: 0.9113
Epoch 316/350
391/391 - 24s - loss: 0.1015 - accuracy: 0.9803 - val_loss: 0.4705 - val_accuracy: 0.9109
Epoch 317/350
391/391 - 24s - loss: 0.1018 - accuracy: 0.9806 - val_loss: 0.4703 - val_accuracy: 0.9110
Epoch 318/350
391/391 - 24s - loss: 0.1029 - accuracy: 0.9799 - val_loss: 0.4705 - val_accuracy: 0.9110
Epoch 319/350
391/391 - 24s - loss: 0.1027 - accuracy: 0.9800 - val_loss: 0.4705 - val_accuracy: 0.9113
Epoch 320/350
391/391 - 24s - loss: 0.1046 - accuracy: 0.9789 - val_loss: 0.4702 - val_accuracy: 0.9112
Epoch 321/350
391/391 - 24s - loss: 0.1034 - accuracy: 0.9788 - val_loss: 0.4702 - val_accuracy: 0.9113
Epoch 322/350
391/391 - 24s - loss: 0.1024 - accuracy: 0.9798 - val_loss: 0.4704 - val_accuracy: 0.9114
Epoch 323/350
391/391 - 24s - loss: 0.1018 - accuracy: 0.9805 - val_loss: 0.4703 - val_accuracy: 0.9113
Epoch 324/350
391/391 - 24s - loss: 0.1029 - accuracy: 0.9798 - val_loss: 0.4704 - val_accuracy: 0.9110
Epoch 325/350
391/391 - 24s - loss: 0.1004 - accuracy: 0.9812 - val_loss: 0.4707 - val_accuracy: 0.9112
Epoch 326/350
391/391 - 24s - loss: 0.1021 - accuracy: 0.9803 - val_loss: 0.4707 - val_accuracy: 0.9111
Epoch 327/350
391/391 - 24s - loss: 0.1016 - accuracy: 0.9801 - val_loss: 0.4707 - val_accuracy: 0.9113
Epoch 328/350
391/391 - 24s - loss: 0.1020 - accuracy: 0.9806 - val_loss: 0.4706 - val_accuracy: 0.9110
Epoch 329/350
391/391 - 24s - loss: 0.1039 - accuracy: 0.9794 - val_loss: 0.4708 - val_accuracy: 0.9111
Epoch 330/350
391/391 - 24s - loss: 0.1053 - accuracy: 0.9788 - val_loss: 0.4705 - val_accuracy: 0.9112
Epoch 331/350
391/391 - 24s - loss: 0.1046 - accuracy: 0.9795 - val_loss: 0.4704 - val_accuracy: 0.9112
Epoch 332/350
391/391 - 24s - loss: 0.1011 - accuracy: 0.9801 - val_loss: 0.4704 - val_accuracy: 0.9110
Epoch 333/350
391/391 - 24s - loss: 0.0997 - accuracy: 0.9809 - val_loss: 0.4703 - val_accuracy: 0.9111
Epoch 334/350
391/391 - 24s - loss: 0.0994 - accuracy: 0.9816 - val_loss: 0.4703 - val_accuracy: 0.9111
Epoch 335/350
391/391 - 23s - loss: 0.0997 - accuracy: 0.9810 - val_loss: 0.4703 - val_accuracy: 0.9110
Epoch 336/350
391/391 - 24s - loss: 0.1006 - accuracy: 0.9802 - val_loss: 0.4704 - val_accuracy: 0.9110
Epoch 337/350
391/391 - 24s - loss: 0.1028 - accuracy: 0.9805 - val_loss: 0.4704 - val_accuracy: 0.9112
Epoch 338/350
391/391 - 24s - loss: 0.1022 - accuracy: 0.9805 - val_loss: 0.4704 - val_accuracy: 0.9111
Epoch 339/350
391/391 - 24s - loss: 0.1018 - accuracy: 0.9806 - val_loss: 0.4704 - val_accuracy: 0.9107
Epoch 340/350
391/391 - 24s - loss: 0.1019 - accuracy: 0.9809 - val_loss: 0.4706 - val_accuracy: 0.9107
Epoch 341/350
391/391 - 24s - loss: 0.1008 - accuracy: 0.9804 - val_loss: 0.4706 - val_accuracy: 0.9105
Epoch 342/350
391/391 - 23s - loss: 0.1030 - accuracy: 0.9803 - val_loss: 0.4706 - val_accuracy: 0.9112
Epoch 343/350
391/391 - 24s - loss: 0.1017 - accuracy: 0.9801 - val_loss: 0.4706 - val_accuracy: 0.9112
Epoch 344/350
391/391 - 24s - loss: 0.1007 - accuracy: 0.9811 - val_loss: 0.4707 - val_accuracy: 0.9112
Epoch 345/350
391/391 - 23s - loss: 0.1040 - accuracy: 0.9789 - val_loss: 0.4706 - val_accuracy: 0.9112
Epoch 346/350
391/391 - 24s - loss: 0.0997 - accuracy: 0.9814 - val_loss: 0.4704 - val_accuracy: 0.9113
Epoch 347/350
391/391 - 24s - loss: 0.0995 - accuracy: 0.9807 - val_loss: 0.4707 - val_accuracy: 0.9112
Epoch 348/350
391/391 - 24s - loss: 0.1036 - accuracy: 0.9798 - val_loss: 0.4709 - val_accuracy: 0.9113
Epoch 349/350
391/391 - 24s - loss: 0.0995 - accuracy: 0.9810 - val_loss: 0.4708 - val_accuracy: 0.9111
Epoch 350/350


Snapshot weight 5 shuffle 4 at epoch 350
Layer 11
Getting activations...


391/391 - 24s - loss: 0.1038 - accuracy: 0.9802 - val_loss: 0.4710 - val_accuracy: 0.9113
/usr/local/lib/python3.6/dist-packages/tensorflow/python/autograph/impl/api.py:493: UserWarning: fill_value is not supported and is always 0 for TensorFlow < 2.4.0.
  return py_builtins.overload_of(f)(*args)
WARNING:tensorflow:From /usr/local/lib/python3.6/dist-packages/tensorflow/python/training/tracking/tracking.py:111: Model.state_updates (from tensorflow.python.keras.engine.training) is deprecated and will be removed in a future version.
Instructions for updating:
This property should not be used in TensorFlow 2.0, as updates are applied automatically.
2021-07-02 07:05:06.848057: W tensorflow/python/util/util.cc:348] Sets are not currently considered sequences, but this may change in the future, so consider avoiding using them.
WARNING:tensorflow:From /usr/local/lib/python3.6/dist-packages/tensorflow/python/training/tracking/tracking.py:111: Layer.updates (from tensorflow.python.keras.engine.base_layer) is deprecated and will be removed in a future version.
Instructions for updating:
This property should not be used in TensorFlow 2.0, as updates are applied automatically.
Saving, final validation acc: 0.911300003528595
