2021-07-04 15:31:25.489220: I tensorflow/stream_executor/platform/default/dso_loader.cc:48] Successfully opened dynamic library libcudart.so.10.1
2021-07-04 15:33:13.907242: I tensorflow/stream_executor/platform/default/dso_loader.cc:48] Successfully opened dynamic library libcuda.so.1
2021-07-04 15:33:13.940202: I tensorflow/core/common_runtime/gpu/gpu_device.cc:1716] Found device 0 with properties: 
pciBusID: 0000:03:00.0 name: NVIDIA TITAN Xp computeCapability: 6.1
coreClock: 1.582GHz coreCount: 30 deviceMemorySize: 11.91GiB deviceMemoryBandwidth: 510.07GiB/s
2021-07-04 15:33:13.940286: I tensorflow/stream_executor/platform/default/dso_loader.cc:48] Successfully opened dynamic library libcudart.so.10.1
2021-07-04 15:33:18.131829: I tensorflow/stream_executor/platform/default/dso_loader.cc:48] Successfully opened dynamic library libcublas.so.10
2021-07-04 15:33:18.179489: I tensorflow/stream_executor/platform/default/dso_loader.cc:48] Successfully opened dynamic library libcufft.so.10
2021-07-04 15:33:24.609207: I tensorflow/stream_executor/platform/default/dso_loader.cc:48] Successfully opened dynamic library libcurand.so.10
2021-07-04 15:33:28.929637: I tensorflow/stream_executor/platform/default/dso_loader.cc:48] Successfully opened dynamic library libcusolver.so.10
2021-07-04 15:33:28.959460: I tensorflow/stream_executor/platform/default/dso_loader.cc:48] Successfully opened dynamic library libcusparse.so.10
2021-07-04 15:33:29.103249: I tensorflow/stream_executor/platform/default/dso_loader.cc:48] Successfully opened dynamic library libcudnn.so.7
2021-07-04 15:33:29.106105: I tensorflow/core/common_runtime/gpu/gpu_device.cc:1858] Adding visible gpu devices: 0
2021-07-04 15:33:29.110464: I tensorflow/core/platform/cpu_feature_guard.cc:142] This TensorFlow binary is optimized with oneAPI Deep Neural Network Library (oneDNN)to use the following CPU instructions in performance-critical operations:  AVX2 FMA
To enable them in other operations, rebuild TensorFlow with the appropriate compiler flags.
2021-07-04 15:33:29.129413: I tensorflow/core/platform/profile_utils/cpu_utils.cc:104] CPU Frequency: 2599990000 Hz
2021-07-04 15:33:29.129552: I tensorflow/compiler/xla/service/service.cc:168] XLA service 0x50d3b80 initialized for platform Host (this does not guarantee that XLA will be used). Devices:
2021-07-04 15:33:29.129576: I tensorflow/compiler/xla/service/service.cc:176]   StreamExecutor device (0): Host, Default Version
2021-07-04 15:33:29.279204: I tensorflow/compiler/xla/service/service.cc:168] XLA service 0x50b5860 initialized for platform CUDA (this does not guarantee that XLA will be used). Devices:
2021-07-04 15:33:29.279287: I tensorflow/compiler/xla/service/service.cc:176]   StreamExecutor device (0): NVIDIA TITAN Xp, Compute Capability 6.1
2021-07-04 15:33:29.282371: I tensorflow/core/common_runtime/gpu/gpu_device.cc:1716] Found device 0 with properties: 
pciBusID: 0000:03:00.0 name: NVIDIA TITAN Xp computeCapability: 6.1
coreClock: 1.582GHz coreCount: 30 deviceMemorySize: 11.91GiB deviceMemoryBandwidth: 510.07GiB/s
2021-07-04 15:33:29.282417: I tensorflow/stream_executor/platform/default/dso_loader.cc:48] Successfully opened dynamic library libcudart.so.10.1
2021-07-04 15:33:29.282453: I tensorflow/stream_executor/platform/default/dso_loader.cc:48] Successfully opened dynamic library libcublas.so.10
2021-07-04 15:33:29.282475: I tensorflow/stream_executor/platform/default/dso_loader.cc:48] Successfully opened dynamic library libcufft.so.10
2021-07-04 15:33:29.282496: I tensorflow/stream_executor/platform/default/dso_loader.cc:48] Successfully opened dynamic library libcurand.so.10
2021-07-04 15:33:29.282516: I tensorflow/stream_executor/platform/default/dso_loader.cc:48] Successfully opened dynamic library libcusolver.so.10
2021-07-04 15:33:29.282536: I tensorflow/stream_executor/platform/default/dso_loader.cc:48] Successfully opened dynamic library libcusparse.so.10
2021-07-04 15:33:29.282556: I tensorflow/stream_executor/platform/default/dso_loader.cc:48] Successfully opened dynamic library libcudnn.so.7
2021-07-04 15:33:29.285826: I tensorflow/core/common_runtime/gpu/gpu_device.cc:1858] Adding visible gpu devices: 0
2021-07-04 15:33:29.287885: I tensorflow/stream_executor/platform/default/dso_loader.cc:48] Successfully opened dynamic library libcudart.so.10.1
2021-07-04 15:33:48.838337: I tensorflow/core/common_runtime/gpu/gpu_device.cc:1257] Device interconnect StreamExecutor with strength 1 edge matrix:
2021-07-04 15:33:48.841723: I tensorflow/core/common_runtime/gpu/gpu_device.cc:1263]      0 
2021-07-04 15:33:48.841768: I tensorflow/core/common_runtime/gpu/gpu_device.cc:1276] 0:   N 
2021-07-04 15:33:48.852646: I tensorflow/core/common_runtime/gpu/gpu_device.cc:1402] Created TensorFlow device (/job:localhost/replica:0/task:0/device:GPU:0 with 11218 MB memory) -> physical GPU (device: 0, name: NVIDIA TITAN Xp, pci bus id: 0000:03:00.0, compute capability: 6.1)
2021-07-04 15:33:55.197239: I tensorflow/stream_executor/platform/default/dso_loader.cc:48] Successfully opened dynamic library libcudnn.so.7
2021-07-04 15:34:55.337857: I tensorflow/stream_executor/platform/default/dso_loader.cc:48] Successfully opened dynamic library libcublas.so.10
Using shuffle seed: 8 and weight seed: 7
Making train data...
GCN...
ZCA...
Done!
Making test data...
Done!
Epoch 1/350


Snapshot weight 7 shuffle 8 at epoch 1
Layer 11
Getting activations...


391/391 - 24s - loss: 2.3177 - accuracy: 0.1087 - val_loss: 2.3261 - val_accuracy: 0.1191
Epoch 2/350


Snapshot weight 7 shuffle 8 at epoch 2
Layer 11
Getting activations...


391/391 - 22s - loss: 2.3203 - accuracy: 0.1031 - val_loss: 2.3268 - val_accuracy: 0.1000
Epoch 3/350


Snapshot weight 7 shuffle 8 at epoch 3
Layer 11
Getting activations...


391/391 - 23s - loss: 2.3267 - accuracy: 0.0995 - val_loss: 2.3267 - val_accuracy: 0.1000
Epoch 4/350


Snapshot weight 7 shuffle 8 at epoch 4
Layer 11
Getting activations...


391/391 - 23s - loss: 2.3267 - accuracy: 0.0998 - val_loss: 2.3267 - val_accuracy: 0.1000
Epoch 5/350


Snapshot weight 7 shuffle 8 at epoch 5
Layer 11
Getting activations...


391/391 - 23s - loss: 2.3267 - accuracy: 0.0997 - val_loss: 2.3267 - val_accuracy: 0.1000
Epoch 6/350


Snapshot weight 7 shuffle 8 at epoch 6
Layer 11
Getting activations...


391/391 - 23s - loss: 2.3266 - accuracy: 0.1004 - val_loss: 2.3266 - val_accuracy: 0.1000
Epoch 7/350


Snapshot weight 7 shuffle 8 at epoch 7
Layer 11
Getting activations...


391/391 - 23s - loss: 2.3266 - accuracy: 0.0998 - val_loss: 2.3266 - val_accuracy: 0.1000
Epoch 8/350


Snapshot weight 7 shuffle 8 at epoch 8
Layer 11
Getting activations...


391/391 - 23s - loss: 2.3266 - accuracy: 0.0997 - val_loss: 2.3265 - val_accuracy: 0.1000
Epoch 9/350


Snapshot weight 7 shuffle 8 at epoch 9
Layer 11
Getting activations...


391/391 - 23s - loss: 2.3265 - accuracy: 0.0997 - val_loss: 2.3265 - val_accuracy: 0.1000
Epoch 10/350


Snapshot weight 7 shuffle 8 at epoch 10
Layer 11
Getting activations...


391/391 - 23s - loss: 2.3265 - accuracy: 0.0998 - val_loss: 2.3265 - val_accuracy: 0.1000
Epoch 11/350
391/391 - 23s - loss: 2.3264 - accuracy: 0.0998 - val_loss: 2.3264 - val_accuracy: 0.1000
Epoch 12/350
391/391 - 22s - loss: 2.3264 - accuracy: 0.1000 - val_loss: 2.3264 - val_accuracy: 0.1000
Epoch 13/350
391/391 - 23s - loss: 2.3264 - accuracy: 0.1000 - val_loss: 2.3264 - val_accuracy: 0.1000
Epoch 14/350
391/391 - 23s - loss: 2.3263 - accuracy: 0.0997 - val_loss: 2.3263 - val_accuracy: 0.1000
Epoch 15/350
391/391 - 23s - loss: 2.3263 - accuracy: 0.0998 - val_loss: 2.3263 - val_accuracy: 0.1000
Epoch 16/350
391/391 - 22s - loss: 2.3263 - accuracy: 0.0998 - val_loss: 2.3262 - val_accuracy: 0.1000
Epoch 17/350
391/391 - 23s - loss: 2.3262 - accuracy: 0.1000 - val_loss: 2.3262 - val_accuracy: 0.1000
Epoch 18/350
391/391 - 23s - loss: 2.3262 - accuracy: 0.0999 - val_loss: 2.3262 - val_accuracy: 0.1000
Epoch 19/350
391/391 - 23s - loss: 2.3261 - accuracy: 0.0999 - val_loss: 2.3261 - val_accuracy: 0.1000
Epoch 20/350
391/391 - 23s - loss: 2.3261 - accuracy: 0.0999 - val_loss: 2.3261 - val_accuracy: 0.1000
Epoch 21/350
391/391 - 23s - loss: 2.3261 - accuracy: 0.0999 - val_loss: 2.3261 - val_accuracy: 0.1000
Epoch 22/350
391/391 - 23s - loss: 2.3261 - accuracy: 0.0999 - val_loss: 2.3260 - val_accuracy: 0.1000
Epoch 23/350
391/391 - 23s - loss: 2.3260 - accuracy: 0.0999 - val_loss: 2.3260 - val_accuracy: 0.1000
Epoch 24/350
391/391 - 23s - loss: 2.3260 - accuracy: 0.1000 - val_loss: 2.3259 - val_accuracy: 0.1000
Epoch 25/350
391/391 - 23s - loss: 2.3259 - accuracy: 0.0999 - val_loss: 2.3259 - val_accuracy: 0.1000
Epoch 26/350
391/391 - 23s - loss: 2.3259 - accuracy: 0.1000 - val_loss: 2.3259 - val_accuracy: 0.1000
Epoch 27/350
391/391 - 23s - loss: 2.3259 - accuracy: 0.1000 - val_loss: 2.3258 - val_accuracy: 0.1000
Epoch 28/350
391/391 - 23s - loss: 2.3258 - accuracy: 0.0999 - val_loss: 2.3258 - val_accuracy: 0.1000
Epoch 29/350
391/391 - 23s - loss: 2.3258 - accuracy: 0.1000 - val_loss: 2.3258 - val_accuracy: 0.1000
Epoch 30/350
391/391 - 23s - loss: 2.3257 - accuracy: 0.1000 - val_loss: 2.3257 - val_accuracy: 0.1000
Epoch 31/350
391/391 - 23s - loss: 2.3257 - accuracy: 0.1000 - val_loss: 2.3257 - val_accuracy: 0.1000
Epoch 32/350
391/391 - 23s - loss: 2.3257 - accuracy: 0.0999 - val_loss: 2.3257 - val_accuracy: 0.1000
Epoch 33/350
391/391 - 23s - loss: 2.3256 - accuracy: 0.1000 - val_loss: 2.3256 - val_accuracy: 0.1000
Epoch 34/350
391/391 - 23s - loss: 2.3256 - accuracy: 0.1000 - val_loss: 2.3256 - val_accuracy: 0.1000
Epoch 35/350
391/391 - 23s - loss: 2.3256 - accuracy: 0.1000 - val_loss: 2.3255 - val_accuracy: 0.1000
Epoch 36/350
391/391 - 23s - loss: 2.3255 - accuracy: 0.1000 - val_loss: 2.3255 - val_accuracy: 0.1000
Epoch 37/350
391/391 - 23s - loss: 2.3255 - accuracy: 0.1000 - val_loss: 2.3255 - val_accuracy: 0.1000
Epoch 38/350
391/391 - 23s - loss: 2.3255 - accuracy: 0.1000 - val_loss: 2.3254 - val_accuracy: 0.1000
Epoch 39/350
391/391 - 23s - loss: 2.3254 - accuracy: 0.0999 - val_loss: 2.3254 - val_accuracy: 0.1000
Epoch 40/350
391/391 - 23s - loss: 2.3254 - accuracy: 0.1000 - val_loss: 2.3254 - val_accuracy: 0.1000
Epoch 41/350
391/391 - 23s - loss: 2.3253 - accuracy: 0.1000 - val_loss: 2.3253 - val_accuracy: 0.1000
Epoch 42/350
391/391 - 23s - loss: 2.3253 - accuracy: 0.1000 - val_loss: 2.3253 - val_accuracy: 0.1000
Epoch 43/350
391/391 - 23s - loss: 2.3253 - accuracy: 0.1000 - val_loss: 2.3253 - val_accuracy: 0.1000
Epoch 44/350
391/391 - 23s - loss: 2.3253 - accuracy: 0.1000 - val_loss: 2.3252 - val_accuracy: 0.1000
Epoch 45/350
391/391 - 23s - loss: 2.3252 - accuracy: 0.1000 - val_loss: 2.3252 - val_accuracy: 0.1000
Epoch 46/350
391/391 - 23s - loss: 2.3252 - accuracy: 0.0999 - val_loss: 2.3252 - val_accuracy: 0.1000
Epoch 47/350
391/391 - 23s - loss: 2.3251 - accuracy: 0.1000 - val_loss: 2.3251 - val_accuracy: 0.1000
Epoch 48/350
391/391 - 23s - loss: 2.3251 - accuracy: 0.0999 - val_loss: 2.3251 - val_accuracy: 0.1000
Epoch 49/350
391/391 - 23s - loss: 2.3251 - accuracy: 0.1000 - val_loss: 2.3251 - val_accuracy: 0.1000
Epoch 50/350


Snapshot weight 7 shuffle 8 at epoch 50
Layer 11
Getting activations...


391/391 - 23s - loss: 2.3250 - accuracy: 0.1000 - val_loss: 2.3250 - val_accuracy: 0.1000
Epoch 51/350
391/391 - 23s - loss: 2.3250 - accuracy: 0.1000 - val_loss: 2.3250 - val_accuracy: 0.1000
Epoch 52/350
391/391 - 23s - loss: 2.3250 - accuracy: 0.1000 - val_loss: 2.3249 - val_accuracy: 0.1000
Epoch 53/350
391/391 - 23s - loss: 2.3249 - accuracy: 0.0999 - val_loss: 2.3249 - val_accuracy: 0.1000
Epoch 54/350
391/391 - 23s - loss: 2.3249 - accuracy: 0.1000 - val_loss: 2.3249 - val_accuracy: 0.1000
Epoch 55/350
391/391 - 23s - loss: 2.3249 - accuracy: 0.0999 - val_loss: 2.3248 - val_accuracy: 0.1000
Epoch 56/350
391/391 - 23s - loss: 2.3248 - accuracy: 0.1000 - val_loss: 2.3248 - val_accuracy: 0.1000
Epoch 57/350
391/391 - 23s - loss: 2.3248 - accuracy: 0.0999 - val_loss: 2.3248 - val_accuracy: 0.1000
Epoch 58/350
391/391 - 23s - loss: 2.3248 - accuracy: 0.0999 - val_loss: 2.3247 - val_accuracy: 0.1000
Epoch 59/350
391/391 - 22s - loss: 2.3247 - accuracy: 0.1000 - val_loss: 2.3247 - val_accuracy: 0.1000
Epoch 60/350
391/391 - 23s - loss: 2.3247 - accuracy: 0.1000 - val_loss: 2.3247 - val_accuracy: 0.1000
Epoch 61/350
391/391 - 23s - loss: 2.3247 - accuracy: 0.0999 - val_loss: 2.3246 - val_accuracy: 0.1000
Epoch 62/350
391/391 - 23s - loss: 2.3246 - accuracy: 0.0999 - val_loss: 2.3246 - val_accuracy: 0.1000
Epoch 63/350
391/391 - 23s - loss: 2.3246 - accuracy: 0.1000 - val_loss: 2.3246 - val_accuracy: 0.1000
Epoch 64/350
391/391 - 23s - loss: 2.3245 - accuracy: 0.1000 - val_loss: 2.3245 - val_accuracy: 0.1000
Epoch 65/350
391/391 - 23s - loss: 2.3245 - accuracy: 0.1000 - val_loss: 2.3245 - val_accuracy: 0.1000
Epoch 66/350
391/391 - 23s - loss: 2.3245 - accuracy: 0.1000 - val_loss: 2.3245 - val_accuracy: 0.1000
Epoch 67/350
391/391 - 23s - loss: 2.3244 - accuracy: 0.1000 - val_loss: 2.3244 - val_accuracy: 0.1000
Epoch 68/350
391/391 - 23s - loss: 2.3244 - accuracy: 0.1000 - val_loss: 2.3244 - val_accuracy: 0.1000
Epoch 69/350
391/391 - 23s - loss: 2.3244 - accuracy: 0.1000 - val_loss: 2.3244 - val_accuracy: 0.1000
Epoch 70/350
391/391 - 23s - loss: 2.3243 - accuracy: 0.0999 - val_loss: 2.3243 - val_accuracy: 0.1000
Epoch 71/350
391/391 - 23s - loss: 2.3243 - accuracy: 0.1000 - val_loss: 2.3243 - val_accuracy: 0.1000
Epoch 72/350
391/391 - 23s - loss: 2.3243 - accuracy: 0.1000 - val_loss: 2.3243 - val_accuracy: 0.1000
Epoch 73/350
391/391 - 23s - loss: 2.3242 - accuracy: 0.0999 - val_loss: 2.3242 - val_accuracy: 0.1000
Epoch 74/350
391/391 - 23s - loss: 2.3242 - accuracy: 0.1000 - val_loss: 2.3242 - val_accuracy: 0.1000
Epoch 75/350
391/391 - 23s - loss: 2.3242 - accuracy: 0.1000 - val_loss: 2.3242 - val_accuracy: 0.1000
Epoch 76/350
391/391 - 23s - loss: 2.3241 - accuracy: 0.1000 - val_loss: 2.3241 - val_accuracy: 0.1000
Epoch 77/350
391/391 - 23s - loss: 2.3241 - accuracy: 0.0999 - val_loss: 2.3241 - val_accuracy: 0.1000
Epoch 78/350
391/391 - 23s - loss: 2.3241 - accuracy: 0.1000 - val_loss: 2.3241 - val_accuracy: 0.1000
Epoch 79/350
391/391 - 23s - loss: 2.3240 - accuracy: 0.1000 - val_loss: 2.3240 - val_accuracy: 0.1000
Epoch 80/350
391/391 - 23s - loss: 2.3240 - accuracy: 0.1000 - val_loss: 2.3240 - val_accuracy: 0.1000
Epoch 81/350
391/391 - 23s - loss: 2.3240 - accuracy: 0.0999 - val_loss: 2.3240 - val_accuracy: 0.1000
Epoch 82/350
391/391 - 23s - loss: 2.3239 - accuracy: 0.1000 - val_loss: 2.3239 - val_accuracy: 0.1000
Epoch 83/350
391/391 - 23s - loss: 2.3239 - accuracy: 0.1000 - val_loss: 2.3239 - val_accuracy: 0.1000
Epoch 84/350
391/391 - 23s - loss: 2.3239 - accuracy: 0.0999 - val_loss: 2.3239 - val_accuracy: 0.1000
Epoch 85/350
391/391 - 23s - loss: 2.3239 - accuracy: 0.0999 - val_loss: 2.3238 - val_accuracy: 0.1000
Epoch 86/350
391/391 - 23s - loss: 2.3238 - accuracy: 0.1000 - val_loss: 2.3238 - val_accuracy: 0.1000
Epoch 87/350
391/391 - 23s - loss: 2.3238 - accuracy: 0.0999 - val_loss: 2.3238 - val_accuracy: 0.1000
Epoch 88/350
391/391 - 23s - loss: 2.3237 - accuracy: 0.0999 - val_loss: 2.3237 - val_accuracy: 0.1000
Epoch 89/350
391/391 - 23s - loss: 2.3237 - accuracy: 0.1000 - val_loss: 2.3237 - val_accuracy: 0.1000
Epoch 90/350
391/391 - 23s - loss: 2.3237 - accuracy: 0.1000 - val_loss: 2.3237 - val_accuracy: 0.1000
Epoch 91/350
391/391 - 23s - loss: 2.3236 - accuracy: 0.1000 - val_loss: 2.3236 - val_accuracy: 0.1000
Epoch 92/350
391/391 - 23s - loss: 2.3236 - accuracy: 0.0999 - val_loss: 2.3236 - val_accuracy: 0.1000
Epoch 93/350
391/391 - 23s - loss: 2.3236 - accuracy: 0.1000 - val_loss: 2.3236 - val_accuracy: 0.1000
Epoch 94/350
391/391 - 23s - loss: 2.3235 - accuracy: 0.1001 - val_loss: 2.3235 - val_accuracy: 0.1000
Epoch 95/350
391/391 - 23s - loss: 2.3235 - accuracy: 0.1000 - val_loss: 2.3235 - val_accuracy: 0.1000
Epoch 96/350
391/391 - 23s - loss: 2.3235 - accuracy: 0.0999 - val_loss: 2.3235 - val_accuracy: 0.1000
Epoch 97/350
391/391 - 23s - loss: 2.3234 - accuracy: 0.1000 - val_loss: 2.3234 - val_accuracy: 0.1000
Epoch 98/350
391/391 - 23s - loss: 2.3234 - accuracy: 0.1000 - val_loss: 2.3234 - val_accuracy: 0.1000
Epoch 99/350
391/391 - 23s - loss: 2.3234 - accuracy: 0.0999 - val_loss: 2.3234 - val_accuracy: 0.1000
Epoch 100/350


Snapshot weight 7 shuffle 8 at epoch 100
Layer 11
Getting activations...


391/391 - 23s - loss: 2.3233 - accuracy: 0.1000 - val_loss: 2.3233 - val_accuracy: 0.1000
Epoch 101/350
391/391 - 23s - loss: 2.3233 - accuracy: 0.0999 - val_loss: 2.3233 - val_accuracy: 0.1000
Epoch 102/350
391/391 - 23s - loss: 2.3233 - accuracy: 0.1000 - val_loss: 2.3233 - val_accuracy: 0.1000
Epoch 103/350
391/391 - 23s - loss: 2.3232 - accuracy: 0.1000 - val_loss: 2.3232 - val_accuracy: 0.1000
Epoch 104/350
391/391 - 23s - loss: 2.3232 - accuracy: 0.1000 - val_loss: 2.3232 - val_accuracy: 0.1000
Epoch 105/350
391/391 - 23s - loss: 2.3232 - accuracy: 0.1000 - val_loss: 2.3232 - val_accuracy: 0.1000
Epoch 106/350
391/391 - 23s - loss: 2.3231 - accuracy: 0.1000 - val_loss: 2.3231 - val_accuracy: 0.1000
Epoch 107/350
391/391 - 23s - loss: 2.3231 - accuracy: 0.0999 - val_loss: 2.3231 - val_accuracy: 0.1000
Epoch 108/350
391/391 - 23s - loss: 2.3231 - accuracy: 0.1000 - val_loss: 2.3231 - val_accuracy: 0.1000
Epoch 109/350
391/391 - 23s - loss: 2.3231 - accuracy: 0.1000 - val_loss: 2.3230 - val_accuracy: 0.1000
Epoch 110/350
391/391 - 23s - loss: 2.3230 - accuracy: 0.1000 - val_loss: 2.3230 - val_accuracy: 0.1000
Epoch 111/350
391/391 - 23s - loss: 2.3230 - accuracy: 0.1000 - val_loss: 2.3230 - val_accuracy: 0.1000
Epoch 112/350
391/391 - 23s - loss: 2.3230 - accuracy: 0.1000 - val_loss: 2.3229 - val_accuracy: 0.1000
Epoch 113/350
391/391 - 23s - loss: 2.3229 - accuracy: 0.1000 - val_loss: 2.3229 - val_accuracy: 0.1000
Epoch 114/350
391/391 - 23s - loss: 2.3229 - accuracy: 0.1000 - val_loss: 2.3229 - val_accuracy: 0.1000
Epoch 115/350
391/391 - 23s - loss: 2.3229 - accuracy: 0.1000 - val_loss: 2.3228 - val_accuracy: 0.1000
Epoch 116/350
391/391 - 23s - loss: 2.3085 - accuracy: 0.1081 - val_loss: 2.2749 - val_accuracy: 0.1372
Epoch 117/350
391/391 - 23s - loss: 2.2463 - accuracy: 0.1237 - val_loss: 2.1757 - val_accuracy: 0.1350
Epoch 118/350
391/391 - 23s - loss: 2.1525 - accuracy: 0.1541 - val_loss: 2.0800 - val_accuracy: 0.1955
Epoch 119/350
391/391 - 24s - loss: 2.0820 - accuracy: 0.2009 - val_loss: 2.0021 - val_accuracy: 0.2491
Epoch 120/350
391/391 - 23s - loss: 2.0161 - accuracy: 0.2228 - val_loss: 2.0398 - val_accuracy: 0.2193
Epoch 121/350
391/391 - 23s - loss: 1.9409 - accuracy: 0.2736 - val_loss: 1.9563 - val_accuracy: 0.2721
Epoch 122/350
391/391 - 24s - loss: 1.8156 - accuracy: 0.3667 - val_loss: 1.7100 - val_accuracy: 0.4203
Epoch 123/350
391/391 - 23s - loss: 1.5581 - accuracy: 0.4716 - val_loss: 1.3711 - val_accuracy: 0.5351
Epoch 124/350
391/391 - 24s - loss: 1.4263 - accuracy: 0.5197 - val_loss: 1.3025 - val_accuracy: 0.5627
Epoch 125/350
391/391 - 23s - loss: 1.3659 - accuracy: 0.5419 - val_loss: 1.3227 - val_accuracy: 0.5610
Epoch 126/350
391/391 - 23s - loss: 1.1819 - accuracy: 0.5947 - val_loss: 1.1668 - val_accuracy: 0.6079
Epoch 127/350
391/391 - 24s - loss: 1.0748 - accuracy: 0.6283 - val_loss: 1.1777 - val_accuracy: 0.6089
Epoch 128/350
391/391 - 23s - loss: 1.0257 - accuracy: 0.6447 - val_loss: 0.9404 - val_accuracy: 0.6765
Epoch 129/350
391/391 - 23s - loss: 0.9643 - accuracy: 0.6691 - val_loss: 0.8727 - val_accuracy: 0.6993
Epoch 130/350
391/391 - 23s - loss: 0.9286 - accuracy: 0.6812 - val_loss: 0.9055 - val_accuracy: 0.6945
Epoch 131/350
391/391 - 23s - loss: 0.9033 - accuracy: 0.6890 - val_loss: 0.7974 - val_accuracy: 0.7267
Epoch 132/350
391/391 - 23s - loss: 0.8634 - accuracy: 0.7035 - val_loss: 0.8649 - val_accuracy: 0.7126
Epoch 133/350
391/391 - 24s - loss: 0.8405 - accuracy: 0.7132 - val_loss: 0.8385 - val_accuracy: 0.7235
Epoch 134/350
391/391 - 23s - loss: 0.8065 - accuracy: 0.7259 - val_loss: 0.7508 - val_accuracy: 0.7472
Epoch 135/350
391/391 - 23s - loss: 0.7781 - accuracy: 0.7340 - val_loss: 0.7972 - val_accuracy: 0.7340
Epoch 136/350
391/391 - 24s - loss: 0.7547 - accuracy: 0.7448 - val_loss: 0.7433 - val_accuracy: 0.7592
Epoch 137/350
391/391 - 23s - loss: 0.7398 - accuracy: 0.7480 - val_loss: 0.6854 - val_accuracy: 0.7704
Epoch 138/350
391/391 - 23s - loss: 0.7093 - accuracy: 0.7618 - val_loss: 0.6958 - val_accuracy: 0.7681
Epoch 139/350
391/391 - 23s - loss: 0.6876 - accuracy: 0.7679 - val_loss: 0.6860 - val_accuracy: 0.7841
Epoch 140/350
391/391 - 23s - loss: 0.6682 - accuracy: 0.7757 - val_loss: 0.6142 - val_accuracy: 0.7932
Epoch 141/350
391/391 - 23s - loss: 0.6422 - accuracy: 0.7839 - val_loss: 0.6111 - val_accuracy: 0.8021
Epoch 142/350
391/391 - 23s - loss: 0.6377 - accuracy: 0.7849 - val_loss: 0.6079 - val_accuracy: 0.8037
Epoch 143/350
391/391 - 23s - loss: 0.6196 - accuracy: 0.7934 - val_loss: 0.5751 - val_accuracy: 0.8113
Epoch 144/350
391/391 - 23s - loss: 0.6049 - accuracy: 0.7980 - val_loss: 0.5742 - val_accuracy: 0.8113
Epoch 145/350
391/391 - 23s - loss: 0.5832 - accuracy: 0.8053 - val_loss: 0.6564 - val_accuracy: 0.7859
Epoch 146/350
391/391 - 23s - loss: 0.5738 - accuracy: 0.8095 - val_loss: 0.5938 - val_accuracy: 0.8092
Epoch 147/350
391/391 - 23s - loss: 0.5576 - accuracy: 0.8167 - val_loss: 0.5489 - val_accuracy: 0.8216
Epoch 148/350
391/391 - 23s - loss: 0.5480 - accuracy: 0.8184 - val_loss: 0.5482 - val_accuracy: 0.8188
Epoch 149/350
391/391 - 23s - loss: 0.5361 - accuracy: 0.8218 - val_loss: 0.5259 - val_accuracy: 0.8345
Epoch 150/350


Snapshot weight 7 shuffle 8 at epoch 150
Layer 11
Getting activations...


391/391 - 24s - loss: 0.5288 - accuracy: 0.8256 - val_loss: 0.5163 - val_accuracy: 0.8377
Epoch 151/350
391/391 - 23s - loss: 0.5189 - accuracy: 0.8290 - val_loss: 0.5214 - val_accuracy: 0.8326
Epoch 152/350
391/391 - 24s - loss: 0.5067 - accuracy: 0.8344 - val_loss: 0.5091 - val_accuracy: 0.8388
Epoch 153/350
391/391 - 23s - loss: 0.4967 - accuracy: 0.8367 - val_loss: 0.5476 - val_accuracy: 0.8266
Epoch 154/350
391/391 - 23s - loss: 0.4895 - accuracy: 0.8394 - val_loss: 0.4784 - val_accuracy: 0.8478
Epoch 155/350
391/391 - 23s - loss: 0.4806 - accuracy: 0.8437 - val_loss: 0.5255 - val_accuracy: 0.8349
Epoch 156/350
391/391 - 23s - loss: 0.4698 - accuracy: 0.8447 - val_loss: 0.4814 - val_accuracy: 0.8463
Epoch 157/350
391/391 - 23s - loss: 0.4655 - accuracy: 0.8479 - val_loss: 0.4700 - val_accuracy: 0.8479
Epoch 158/350
391/391 - 23s - loss: 0.4553 - accuracy: 0.8522 - val_loss: 0.4798 - val_accuracy: 0.8481
Epoch 159/350
391/391 - 23s - loss: 0.4507 - accuracy: 0.8522 - val_loss: 0.4892 - val_accuracy: 0.8451
Epoch 160/350
391/391 - 23s - loss: 0.4488 - accuracy: 0.8535 - val_loss: 0.4722 - val_accuracy: 0.8508
Epoch 161/350
391/391 - 23s - loss: 0.4330 - accuracy: 0.8593 - val_loss: 0.4576 - val_accuracy: 0.8575
Epoch 162/350
391/391 - 23s - loss: 0.4248 - accuracy: 0.8625 - val_loss: 0.4438 - val_accuracy: 0.8597
Epoch 163/350
391/391 - 23s - loss: 0.4280 - accuracy: 0.8612 - val_loss: 0.4343 - val_accuracy: 0.8639
Epoch 164/350
391/391 - 23s - loss: 0.4139 - accuracy: 0.8655 - val_loss: 0.4500 - val_accuracy: 0.8589
Epoch 165/350
391/391 - 23s - loss: 0.4112 - accuracy: 0.8660 - val_loss: 0.4510 - val_accuracy: 0.8583
Epoch 166/350
391/391 - 23s - loss: 0.4123 - accuracy: 0.8657 - val_loss: 0.4427 - val_accuracy: 0.8625
Epoch 167/350
391/391 - 23s - loss: 0.4013 - accuracy: 0.8697 - val_loss: 0.4542 - val_accuracy: 0.8654
Epoch 168/350
391/391 - 23s - loss: 0.3995 - accuracy: 0.8712 - val_loss: 0.4252 - val_accuracy: 0.8637
Epoch 169/350
391/391 - 23s - loss: 0.3881 - accuracy: 0.8754 - val_loss: 0.4271 - val_accuracy: 0.8669
Epoch 170/350
391/391 - 23s - loss: 0.3852 - accuracy: 0.8751 - val_loss: 0.4430 - val_accuracy: 0.8602
Epoch 171/350
391/391 - 23s - loss: 0.3792 - accuracy: 0.8769 - val_loss: 0.4857 - val_accuracy: 0.8572
Epoch 172/350
391/391 - 23s - loss: 0.3804 - accuracy: 0.8788 - val_loss: 0.4330 - val_accuracy: 0.8679
Epoch 173/350
391/391 - 23s - loss: 0.3686 - accuracy: 0.8818 - val_loss: 0.4485 - val_accuracy: 0.8627
Epoch 174/350
391/391 - 23s - loss: 0.3697 - accuracy: 0.8810 - val_loss: 0.4222 - val_accuracy: 0.8721
Epoch 175/350
391/391 - 23s - loss: 0.3708 - accuracy: 0.8787 - val_loss: 0.4138 - val_accuracy: 0.8737
Epoch 176/350
391/391 - 23s - loss: 0.3619 - accuracy: 0.8851 - val_loss: 0.4427 - val_accuracy: 0.8697
Epoch 177/350
391/391 - 23s - loss: 0.3471 - accuracy: 0.8894 - val_loss: 0.4475 - val_accuracy: 0.8709
Epoch 178/350
391/391 - 23s - loss: 0.3470 - accuracy: 0.8886 - val_loss: 0.4291 - val_accuracy: 0.8745
Epoch 179/350
391/391 - 23s - loss: 0.3494 - accuracy: 0.8882 - val_loss: 0.4210 - val_accuracy: 0.8740
Epoch 180/350
391/391 - 23s - loss: 0.3437 - accuracy: 0.8902 - val_loss: 0.4559 - val_accuracy: 0.8660
Epoch 181/350
391/391 - 23s - loss: 0.3383 - accuracy: 0.8922 - val_loss: 0.4365 - val_accuracy: 0.8658
Epoch 182/350
391/391 - 24s - loss: 0.3382 - accuracy: 0.8920 - val_loss: 0.4133 - val_accuracy: 0.8784
Epoch 183/350
391/391 - 23s - loss: 0.3314 - accuracy: 0.8961 - val_loss: 0.4018 - val_accuracy: 0.8787
Epoch 184/350
391/391 - 23s - loss: 0.3281 - accuracy: 0.8957 - val_loss: 0.4060 - val_accuracy: 0.8775
Epoch 185/350
391/391 - 23s - loss: 0.3286 - accuracy: 0.8947 - val_loss: 0.4070 - val_accuracy: 0.8837
Epoch 186/350
391/391 - 23s - loss: 0.3207 - accuracy: 0.8995 - val_loss: 0.4333 - val_accuracy: 0.8724
Epoch 187/350
391/391 - 23s - loss: 0.3189 - accuracy: 0.8980 - val_loss: 0.3983 - val_accuracy: 0.8811
Epoch 188/350
391/391 - 23s - loss: 0.3129 - accuracy: 0.9017 - val_loss: 0.4128 - val_accuracy: 0.8764
Epoch 189/350
391/391 - 23s - loss: 0.3165 - accuracy: 0.8985 - val_loss: 0.4270 - val_accuracy: 0.8747
Epoch 190/350
391/391 - 23s - loss: 0.3133 - accuracy: 0.9018 - val_loss: 0.4174 - val_accuracy: 0.8807
Epoch 191/350
391/391 - 24s - loss: 0.3084 - accuracy: 0.9034 - val_loss: 0.3948 - val_accuracy: 0.8867
Epoch 192/350
391/391 - 23s - loss: 0.3077 - accuracy: 0.9038 - val_loss: 0.4220 - val_accuracy: 0.8749
Epoch 193/350
391/391 - 23s - loss: 0.3046 - accuracy: 0.9033 - val_loss: 0.4403 - val_accuracy: 0.8723
Epoch 194/350
391/391 - 23s - loss: 0.3004 - accuracy: 0.9053 - val_loss: 0.4082 - val_accuracy: 0.8845
Epoch 195/350
391/391 - 23s - loss: 0.2988 - accuracy: 0.9053 - val_loss: 0.3939 - val_accuracy: 0.8845
Epoch 196/350
391/391 - 23s - loss: 0.2916 - accuracy: 0.9087 - val_loss: 0.4082 - val_accuracy: 0.8809
Epoch 197/350
391/391 - 23s - loss: 0.2913 - accuracy: 0.9088 - val_loss: 0.4063 - val_accuracy: 0.8836
Epoch 198/350
391/391 - 24s - loss: 0.2827 - accuracy: 0.9104 - val_loss: 0.4521 - val_accuracy: 0.8761
Epoch 199/350
391/391 - 23s - loss: 0.2842 - accuracy: 0.9123 - val_loss: 0.4141 - val_accuracy: 0.8819
Epoch 200/350


Snapshot weight 7 shuffle 8 at epoch 200
Layer 11
Getting activations...


391/391 - 23s - loss: 0.2871 - accuracy: 0.9101 - val_loss: 0.3931 - val_accuracy: 0.8884
Epoch 201/350
391/391 - 23s - loss: 0.2446 - accuracy: 0.9249 - val_loss: 0.3818 - val_accuracy: 0.8924
Epoch 202/350
391/391 - 23s - loss: 0.2281 - accuracy: 0.9305 - val_loss: 0.3766 - val_accuracy: 0.8943
Epoch 203/350
391/391 - 23s - loss: 0.2217 - accuracy: 0.9324 - val_loss: 0.3825 - val_accuracy: 0.8948
Epoch 204/350
391/391 - 23s - loss: 0.2178 - accuracy: 0.9338 - val_loss: 0.3876 - val_accuracy: 0.8947
Epoch 205/350
391/391 - 23s - loss: 0.2189 - accuracy: 0.9332 - val_loss: 0.3896 - val_accuracy: 0.8949
Epoch 206/350
391/391 - 23s - loss: 0.2123 - accuracy: 0.9368 - val_loss: 0.3821 - val_accuracy: 0.8944
Epoch 207/350
391/391 - 23s - loss: 0.2161 - accuracy: 0.9345 - val_loss: 0.3851 - val_accuracy: 0.8952
Epoch 208/350
391/391 - 23s - loss: 0.2114 - accuracy: 0.9369 - val_loss: 0.3943 - val_accuracy: 0.8955
Epoch 209/350
391/391 - 24s - loss: 0.2133 - accuracy: 0.9357 - val_loss: 0.3864 - val_accuracy: 0.8950
Epoch 210/350
391/391 - 23s - loss: 0.2103 - accuracy: 0.9365 - val_loss: 0.3845 - val_accuracy: 0.8948
Epoch 211/350
391/391 - 24s - loss: 0.2108 - accuracy: 0.9367 - val_loss: 0.3870 - val_accuracy: 0.8942
Epoch 212/350
391/391 - 23s - loss: 0.2052 - accuracy: 0.9390 - val_loss: 0.3923 - val_accuracy: 0.8955
Epoch 213/350
391/391 - 23s - loss: 0.2083 - accuracy: 0.9362 - val_loss: 0.3913 - val_accuracy: 0.8959
Epoch 214/350
391/391 - 23s - loss: 0.2069 - accuracy: 0.9387 - val_loss: 0.3906 - val_accuracy: 0.8970
Epoch 215/350
391/391 - 23s - loss: 0.2092 - accuracy: 0.9373 - val_loss: 0.3878 - val_accuracy: 0.8966
Epoch 216/350
391/391 - 23s - loss: 0.2077 - accuracy: 0.9371 - val_loss: 0.3872 - val_accuracy: 0.8956
Epoch 217/350
391/391 - 23s - loss: 0.2086 - accuracy: 0.9370 - val_loss: 0.3796 - val_accuracy: 0.8968
Epoch 218/350
391/391 - 24s - loss: 0.2037 - accuracy: 0.9397 - val_loss: 0.3799 - val_accuracy: 0.8972
Epoch 219/350
391/391 - 23s - loss: 0.2024 - accuracy: 0.9399 - val_loss: 0.3844 - val_accuracy: 0.8966
Epoch 220/350
391/391 - 23s - loss: 0.2036 - accuracy: 0.9388 - val_loss: 0.3865 - val_accuracy: 0.8958
Epoch 221/350
391/391 - 23s - loss: 0.2033 - accuracy: 0.9400 - val_loss: 0.3797 - val_accuracy: 0.8984
Epoch 222/350
391/391 - 23s - loss: 0.2029 - accuracy: 0.9391 - val_loss: 0.3888 - val_accuracy: 0.8957
Epoch 223/350
391/391 - 24s - loss: 0.1999 - accuracy: 0.9401 - val_loss: 0.3910 - val_accuracy: 0.8977
Epoch 224/350
391/391 - 23s - loss: 0.2006 - accuracy: 0.9404 - val_loss: 0.3910 - val_accuracy: 0.8980
Epoch 225/350
391/391 - 23s - loss: 0.2000 - accuracy: 0.9396 - val_loss: 0.3831 - val_accuracy: 0.9002
Epoch 226/350
391/391 - 24s - loss: 0.2016 - accuracy: 0.9401 - val_loss: 0.3851 - val_accuracy: 0.8988
Epoch 227/350
391/391 - 24s - loss: 0.1992 - accuracy: 0.9409 - val_loss: 0.3901 - val_accuracy: 0.8972
Epoch 228/350
391/391 - 24s - loss: 0.1994 - accuracy: 0.9414 - val_loss: 0.3890 - val_accuracy: 0.9002
Epoch 229/350
391/391 - 23s - loss: 0.1976 - accuracy: 0.9410 - val_loss: 0.4007 - val_accuracy: 0.8950
Epoch 230/350
391/391 - 23s - loss: 0.2004 - accuracy: 0.9406 - val_loss: 0.3875 - val_accuracy: 0.8992
Epoch 231/350
391/391 - 23s - loss: 0.1974 - accuracy: 0.9415 - val_loss: 0.3865 - val_accuracy: 0.8969
Epoch 232/350
391/391 - 23s - loss: 0.1969 - accuracy: 0.9412 - val_loss: 0.3916 - val_accuracy: 0.9011
Epoch 233/350
391/391 - 24s - loss: 0.1973 - accuracy: 0.9408 - val_loss: 0.3915 - val_accuracy: 0.8981
Epoch 234/350
391/391 - 23s - loss: 0.1952 - accuracy: 0.9417 - val_loss: 0.3958 - val_accuracy: 0.8960
Epoch 235/350
391/391 - 23s - loss: 0.1947 - accuracy: 0.9420 - val_loss: 0.3879 - val_accuracy: 0.9006
Epoch 236/350
391/391 - 23s - loss: 0.1951 - accuracy: 0.9425 - val_loss: 0.3937 - val_accuracy: 0.8993
Epoch 237/350
391/391 - 23s - loss: 0.1939 - accuracy: 0.9425 - val_loss: 0.4011 - val_accuracy: 0.8966
Epoch 238/350
391/391 - 23s - loss: 0.1939 - accuracy: 0.9432 - val_loss: 0.4012 - val_accuracy: 0.8959
Epoch 239/350
391/391 - 23s - loss: 0.1960 - accuracy: 0.9411 - val_loss: 0.3818 - val_accuracy: 0.9000
Epoch 240/350
391/391 - 23s - loss: 0.1924 - accuracy: 0.9426 - val_loss: 0.3889 - val_accuracy: 0.9008
Epoch 241/350
391/391 - 23s - loss: 0.1923 - accuracy: 0.9423 - val_loss: 0.3900 - val_accuracy: 0.8990
Epoch 242/350
391/391 - 23s - loss: 0.1915 - accuracy: 0.9436 - val_loss: 0.3963 - val_accuracy: 0.8999
Epoch 243/350
391/391 - 24s - loss: 0.1923 - accuracy: 0.9430 - val_loss: 0.3908 - val_accuracy: 0.8973
Epoch 244/350
391/391 - 23s - loss: 0.1941 - accuracy: 0.9420 - val_loss: 0.3844 - val_accuracy: 0.9014
Epoch 245/350
391/391 - 23s - loss: 0.1917 - accuracy: 0.9433 - val_loss: 0.3912 - val_accuracy: 0.9012
Epoch 246/350
391/391 - 24s - loss: 0.1900 - accuracy: 0.9437 - val_loss: 0.3864 - val_accuracy: 0.8999
Epoch 247/350
391/391 - 23s - loss: 0.1884 - accuracy: 0.9446 - val_loss: 0.3959 - val_accuracy: 0.8990
Epoch 248/350
391/391 - 24s - loss: 0.1876 - accuracy: 0.9442 - val_loss: 0.3986 - val_accuracy: 0.9012
Epoch 249/350
391/391 - 24s - loss: 0.1906 - accuracy: 0.9437 - val_loss: 0.3888 - val_accuracy: 0.8983
Epoch 250/350


Snapshot weight 7 shuffle 8 at epoch 250
Layer 11
Getting activations...


391/391 - 24s - loss: 0.1866 - accuracy: 0.9447 - val_loss: 0.4073 - val_accuracy: 0.8971
Epoch 251/350
391/391 - 24s - loss: 0.1827 - accuracy: 0.9464 - val_loss: 0.3945 - val_accuracy: 0.8989
Epoch 252/350
391/391 - 24s - loss: 0.1858 - accuracy: 0.9453 - val_loss: 0.3935 - val_accuracy: 0.8996
Epoch 253/350
391/391 - 23s - loss: 0.1811 - accuracy: 0.9469 - val_loss: 0.3925 - val_accuracy: 0.8991
Epoch 254/350
391/391 - 24s - loss: 0.1789 - accuracy: 0.9478 - val_loss: 0.3922 - val_accuracy: 0.8999
Epoch 255/350
391/391 - 23s - loss: 0.1801 - accuracy: 0.9478 - val_loss: 0.3931 - val_accuracy: 0.8990
Epoch 256/350
391/391 - 24s - loss: 0.1806 - accuracy: 0.9474 - val_loss: 0.3946 - val_accuracy: 0.8989
Epoch 257/350
391/391 - 24s - loss: 0.1800 - accuracy: 0.9470 - val_loss: 0.3926 - val_accuracy: 0.9002
Epoch 258/350
391/391 - 23s - loss: 0.1822 - accuracy: 0.9469 - val_loss: 0.3940 - val_accuracy: 0.9005
Epoch 259/350
391/391 - 24s - loss: 0.1800 - accuracy: 0.9474 - val_loss: 0.3959 - val_accuracy: 0.9003
Epoch 260/350
391/391 - 24s - loss: 0.1807 - accuracy: 0.9459 - val_loss: 0.3945 - val_accuracy: 0.9006
Epoch 261/350
391/391 - 23s - loss: 0.1818 - accuracy: 0.9470 - val_loss: 0.3930 - val_accuracy: 0.9009
Epoch 262/350
391/391 - 23s - loss: 0.1829 - accuracy: 0.9471 - val_loss: 0.3919 - val_accuracy: 0.9008
Epoch 263/350
391/391 - 24s - loss: 0.1845 - accuracy: 0.9460 - val_loss: 0.3926 - val_accuracy: 0.9003
Epoch 264/350
391/391 - 24s - loss: 0.1811 - accuracy: 0.9461 - val_loss: 0.3915 - val_accuracy: 0.9000
Epoch 265/350
391/391 - 23s - loss: 0.1812 - accuracy: 0.9471 - val_loss: 0.3936 - val_accuracy: 0.9000
Epoch 266/350
391/391 - 24s - loss: 0.1768 - accuracy: 0.9480 - val_loss: 0.3949 - val_accuracy: 0.9006
Epoch 267/350
391/391 - 24s - loss: 0.1797 - accuracy: 0.9467 - val_loss: 0.3943 - val_accuracy: 0.9008
Epoch 268/350
391/391 - 24s - loss: 0.1815 - accuracy: 0.9470 - val_loss: 0.3942 - val_accuracy: 0.9008
Epoch 269/350
391/391 - 24s - loss: 0.1806 - accuracy: 0.9465 - val_loss: 0.3943 - val_accuracy: 0.9005
Epoch 270/350
391/391 - 24s - loss: 0.1800 - accuracy: 0.9475 - val_loss: 0.3948 - val_accuracy: 0.9004
Epoch 271/350
391/391 - 24s - loss: 0.1802 - accuracy: 0.9471 - val_loss: 0.3936 - val_accuracy: 0.9008
Epoch 272/350
391/391 - 24s - loss: 0.1800 - accuracy: 0.9462 - val_loss: 0.3970 - val_accuracy: 0.9001
Epoch 273/350
391/391 - 24s - loss: 0.1811 - accuracy: 0.9472 - val_loss: 0.3927 - val_accuracy: 0.9015
Epoch 274/350
391/391 - 24s - loss: 0.1791 - accuracy: 0.9470 - val_loss: 0.3942 - val_accuracy: 0.9008
Epoch 275/350
391/391 - 24s - loss: 0.1772 - accuracy: 0.9485 - val_loss: 0.3953 - val_accuracy: 0.9001
Epoch 276/350
391/391 - 24s - loss: 0.1805 - accuracy: 0.9469 - val_loss: 0.3955 - val_accuracy: 0.9003
Epoch 277/350
391/391 - 24s - loss: 0.1784 - accuracy: 0.9483 - val_loss: 0.3941 - val_accuracy: 0.9010
Epoch 278/350
391/391 - 24s - loss: 0.1797 - accuracy: 0.9478 - val_loss: 0.3942 - val_accuracy: 0.9006
Epoch 279/350
391/391 - 24s - loss: 0.1781 - accuracy: 0.9485 - val_loss: 0.3932 - val_accuracy: 0.9016
Epoch 280/350
391/391 - 24s - loss: 0.1777 - accuracy: 0.9490 - val_loss: 0.3944 - val_accuracy: 0.9006
Epoch 281/350
391/391 - 24s - loss: 0.1791 - accuracy: 0.9478 - val_loss: 0.3953 - val_accuracy: 0.9006
Epoch 282/350
391/391 - 24s - loss: 0.1817 - accuracy: 0.9474 - val_loss: 0.3932 - val_accuracy: 0.9008
Epoch 283/350
391/391 - 23s - loss: 0.1821 - accuracy: 0.9474 - val_loss: 0.3937 - val_accuracy: 0.9006
Epoch 284/350
391/391 - 24s - loss: 0.1789 - accuracy: 0.9478 - val_loss: 0.3946 - val_accuracy: 0.9008
Epoch 285/350
391/391 - 24s - loss: 0.1777 - accuracy: 0.9476 - val_loss: 0.3942 - val_accuracy: 0.9007
Epoch 286/350
391/391 - 24s - loss: 0.1794 - accuracy: 0.9477 - val_loss: 0.3928 - val_accuracy: 0.9018
Epoch 287/350
391/391 - 24s - loss: 0.1791 - accuracy: 0.9482 - val_loss: 0.3950 - val_accuracy: 0.9008
Epoch 288/350
391/391 - 23s - loss: 0.1796 - accuracy: 0.9487 - val_loss: 0.3942 - val_accuracy: 0.9011
Epoch 289/350
391/391 - 24s - loss: 0.1764 - accuracy: 0.9489 - val_loss: 0.3940 - val_accuracy: 0.9015
Epoch 290/350
391/391 - 24s - loss: 0.1795 - accuracy: 0.9480 - val_loss: 0.3930 - val_accuracy: 0.9005
Epoch 291/350
391/391 - 24s - loss: 0.1779 - accuracy: 0.9480 - val_loss: 0.3946 - val_accuracy: 0.9013
Epoch 292/350
391/391 - 24s - loss: 0.1783 - accuracy: 0.9481 - val_loss: 0.3960 - val_accuracy: 0.9016
Epoch 293/350
391/391 - 24s - loss: 0.1768 - accuracy: 0.9482 - val_loss: 0.3951 - val_accuracy: 0.9007
Epoch 294/350
391/391 - 24s - loss: 0.1784 - accuracy: 0.9479 - val_loss: 0.3926 - val_accuracy: 0.9012
Epoch 295/350
391/391 - 24s - loss: 0.1761 - accuracy: 0.9499 - val_loss: 0.3953 - val_accuracy: 0.9003
Epoch 296/350
391/391 - 24s - loss: 0.1776 - accuracy: 0.9487 - val_loss: 0.3964 - val_accuracy: 0.9007
Epoch 297/350
391/391 - 23s - loss: 0.1802 - accuracy: 0.9481 - val_loss: 0.3924 - val_accuracy: 0.9010
Epoch 298/350
391/391 - 24s - loss: 0.1811 - accuracy: 0.9472 - val_loss: 0.3953 - val_accuracy: 0.9005
Epoch 299/350
391/391 - 24s - loss: 0.1824 - accuracy: 0.9463 - val_loss: 0.3941 - val_accuracy: 0.8998
Epoch 300/350


Snapshot weight 7 shuffle 8 at epoch 300
Layer 11
Getting activations...


391/391 - 24s - loss: 0.1766 - accuracy: 0.9495 - val_loss: 0.3937 - val_accuracy: 0.9007
Epoch 301/350
391/391 - 24s - loss: 0.1804 - accuracy: 0.9477 - val_loss: 0.3933 - val_accuracy: 0.9008
Epoch 302/350
391/391 - 24s - loss: 0.1790 - accuracy: 0.9479 - val_loss: 0.3929 - val_accuracy: 0.9008
Epoch 303/350
391/391 - 24s - loss: 0.1790 - accuracy: 0.9480 - val_loss: 0.3936 - val_accuracy: 0.9007
Epoch 304/350
391/391 - 24s - loss: 0.1773 - accuracy: 0.9490 - val_loss: 0.3935 - val_accuracy: 0.9007
Epoch 305/350
391/391 - 23s - loss: 0.1787 - accuracy: 0.9473 - val_loss: 0.3936 - val_accuracy: 0.9008
Epoch 306/350
391/391 - 24s - loss: 0.1768 - accuracy: 0.9491 - val_loss: 0.3939 - val_accuracy: 0.9005
Epoch 307/350
391/391 - 24s - loss: 0.1788 - accuracy: 0.9476 - val_loss: 0.3940 - val_accuracy: 0.9005
Epoch 308/350
391/391 - 24s - loss: 0.1790 - accuracy: 0.9468 - val_loss: 0.3941 - val_accuracy: 0.9007
Epoch 309/350
391/391 - 24s - loss: 0.1778 - accuracy: 0.9476 - val_loss: 0.3943 - val_accuracy: 0.9009
Epoch 310/350
391/391 - 24s - loss: 0.1769 - accuracy: 0.9487 - val_loss: 0.3947 - val_accuracy: 0.9005
Epoch 311/350
391/391 - 24s - loss: 0.1781 - accuracy: 0.9483 - val_loss: 0.3949 - val_accuracy: 0.9000
Epoch 312/350
391/391 - 23s - loss: 0.1757 - accuracy: 0.9487 - val_loss: 0.3948 - val_accuracy: 0.9002
Epoch 313/350
391/391 - 24s - loss: 0.1773 - accuracy: 0.9484 - val_loss: 0.3945 - val_accuracy: 0.9005
Epoch 314/350
391/391 - 24s - loss: 0.1759 - accuracy: 0.9487 - val_loss: 0.3944 - val_accuracy: 0.9006
Epoch 315/350
391/391 - 24s - loss: 0.1774 - accuracy: 0.9490 - val_loss: 0.3942 - val_accuracy: 0.9008
Epoch 316/350
391/391 - 23s - loss: 0.1775 - accuracy: 0.9481 - val_loss: 0.3941 - val_accuracy: 0.9009
Epoch 317/350
391/391 - 23s - loss: 0.1752 - accuracy: 0.9483 - val_loss: 0.3941 - val_accuracy: 0.9007
Epoch 318/350
391/391 - 24s - loss: 0.1769 - accuracy: 0.9486 - val_loss: 0.3942 - val_accuracy: 0.9002
Epoch 319/350
391/391 - 24s - loss: 0.1791 - accuracy: 0.9471 - val_loss: 0.3947 - val_accuracy: 0.9005
Epoch 320/350
391/391 - 24s - loss: 0.1782 - accuracy: 0.9469 - val_loss: 0.3943 - val_accuracy: 0.9007
Epoch 321/350
391/391 - 24s - loss: 0.1790 - accuracy: 0.9491 - val_loss: 0.3942 - val_accuracy: 0.9007
Epoch 322/350
391/391 - 24s - loss: 0.1787 - accuracy: 0.9474 - val_loss: 0.3946 - val_accuracy: 0.9004
Epoch 323/350
391/391 - 23s - loss: 0.1781 - accuracy: 0.9480 - val_loss: 0.3949 - val_accuracy: 0.9009
Epoch 324/350
391/391 - 23s - loss: 0.1776 - accuracy: 0.9483 - val_loss: 0.3949 - val_accuracy: 0.9008
Epoch 325/350
391/391 - 24s - loss: 0.1770 - accuracy: 0.9487 - val_loss: 0.3947 - val_accuracy: 0.9003
Epoch 326/350
391/391 - 24s - loss: 0.1732 - accuracy: 0.9494 - val_loss: 0.3942 - val_accuracy: 0.9009
Epoch 327/350
391/391 - 24s - loss: 0.1768 - accuracy: 0.9481 - val_loss: 0.3946 - val_accuracy: 0.9008
Epoch 328/350
391/391 - 24s - loss: 0.1783 - accuracy: 0.9472 - val_loss: 0.3947 - val_accuracy: 0.9007
Epoch 329/350
391/391 - 24s - loss: 0.1783 - accuracy: 0.9474 - val_loss: 0.3948 - val_accuracy: 0.9008
Epoch 330/350
391/391 - 24s - loss: 0.1786 - accuracy: 0.9473 - val_loss: 0.3948 - val_accuracy: 0.9005
Epoch 331/350
391/391 - 24s - loss: 0.1798 - accuracy: 0.9475 - val_loss: 0.3947 - val_accuracy: 0.9008
Epoch 332/350
391/391 - 24s - loss: 0.1752 - accuracy: 0.9488 - val_loss: 0.3951 - val_accuracy: 0.9005
Epoch 333/350
391/391 - 24s - loss: 0.1783 - accuracy: 0.9473 - val_loss: 0.3948 - val_accuracy: 0.9003
Epoch 334/350
391/391 - 24s - loss: 0.1792 - accuracy: 0.9477 - val_loss: 0.3948 - val_accuracy: 0.9003
Epoch 335/350
391/391 - 24s - loss: 0.1813 - accuracy: 0.9471 - val_loss: 0.3951 - val_accuracy: 0.9004
Epoch 336/350
391/391 - 24s - loss: 0.1770 - accuracy: 0.9485 - val_loss: 0.3950 - val_accuracy: 0.9002
Epoch 337/350
391/391 - 24s - loss: 0.1770 - accuracy: 0.9484 - val_loss: 0.3952 - val_accuracy: 0.9000
Epoch 338/350
391/391 - 24s - loss: 0.1771 - accuracy: 0.9490 - val_loss: 0.3954 - val_accuracy: 0.9002
Epoch 339/350
391/391 - 24s - loss: 0.1774 - accuracy: 0.9478 - val_loss: 0.3952 - val_accuracy: 0.9005
Epoch 340/350
391/391 - 24s - loss: 0.1780 - accuracy: 0.9473 - val_loss: 0.3955 - val_accuracy: 0.9006
Epoch 341/350
391/391 - 24s - loss: 0.1767 - accuracy: 0.9490 - val_loss: 0.3951 - val_accuracy: 0.9006
Epoch 342/350
391/391 - 24s - loss: 0.1750 - accuracy: 0.9483 - val_loss: 0.3945 - val_accuracy: 0.9007
Epoch 343/350
391/391 - 24s - loss: 0.1798 - accuracy: 0.9476 - val_loss: 0.3943 - val_accuracy: 0.9011
Epoch 344/350
391/391 - 24s - loss: 0.1789 - accuracy: 0.9485 - val_loss: 0.3946 - val_accuracy: 0.9005
Epoch 345/350
391/391 - 24s - loss: 0.1760 - accuracy: 0.9485 - val_loss: 0.3946 - val_accuracy: 0.9007
Epoch 346/350
391/391 - 24s - loss: 0.1755 - accuracy: 0.9493 - val_loss: 0.3949 - val_accuracy: 0.9004
Epoch 347/350
391/391 - 24s - loss: 0.1772 - accuracy: 0.9489 - val_loss: 0.3951 - val_accuracy: 0.9005
Epoch 348/350
391/391 - 24s - loss: 0.1775 - accuracy: 0.9488 - val_loss: 0.3952 - val_accuracy: 0.9005
Epoch 349/350
391/391 - 24s - loss: 0.1795 - accuracy: 0.9484 - val_loss: 0.3951 - val_accuracy: 0.9006
Epoch 350/350


Snapshot weight 7 shuffle 8 at epoch 350
Layer 11
Getting activations...


391/391 - 24s - loss: 0.1789 - accuracy: 0.9483 - val_loss: 0.3948 - val_accuracy: 0.9011
/usr/local/lib/python3.6/dist-packages/tensorflow/python/autograph/impl/api.py:493: UserWarning: fill_value is not supported and is always 0 for TensorFlow < 2.4.0.
  return py_builtins.overload_of(f)(*args)
WARNING:tensorflow:From /usr/local/lib/python3.6/dist-packages/tensorflow/python/training/tracking/tracking.py:111: Model.state_updates (from tensorflow.python.keras.engine.training) is deprecated and will be removed in a future version.
Instructions for updating:
This property should not be used in TensorFlow 2.0, as updates are applied automatically.
2021-07-04 17:57:56.802021: W tensorflow/python/util/util.cc:348] Sets are not currently considered sequences, but this may change in the future, so consider avoiding using them.
WARNING:tensorflow:From /usr/local/lib/python3.6/dist-packages/tensorflow/python/training/tracking/tracking.py:111: Layer.updates (from tensorflow.python.keras.engine.base_layer) is deprecated and will be removed in a future version.
Instructions for updating:
This property should not be used in TensorFlow 2.0, as updates are applied automatically.
Saving, final validation acc: 0.9010999798774719
