2021-07-01 18:42:51.241957: I tensorflow/stream_executor/platform/default/dso_loader.cc:48] Successfully opened dynamic library libcudart.so.10.1
2021-07-01 18:44:14.980661: I tensorflow/stream_executor/platform/default/dso_loader.cc:48] Successfully opened dynamic library libcuda.so.1
2021-07-01 18:44:15.022959: I tensorflow/core/common_runtime/gpu/gpu_device.cc:1716] Found device 0 with properties: 
pciBusID: 0000:02:00.0 name: NVIDIA TITAN X (Pascal) computeCapability: 6.1
coreClock: 1.531GHz coreCount: 28 deviceMemorySize: 11.91GiB deviceMemoryBandwidth: 447.48GiB/s
2021-07-01 18:44:15.023069: I tensorflow/stream_executor/platform/default/dso_loader.cc:48] Successfully opened dynamic library libcudart.so.10.1
2021-07-01 18:44:15.064224: I tensorflow/stream_executor/platform/default/dso_loader.cc:48] Successfully opened dynamic library libcublas.so.10
2021-07-01 18:44:15.085522: I tensorflow/stream_executor/platform/default/dso_loader.cc:48] Successfully opened dynamic library libcufft.so.10
2021-07-01 18:44:15.094200: I tensorflow/stream_executor/platform/default/dso_loader.cc:48] Successfully opened dynamic library libcurand.so.10
2021-07-01 18:44:15.138832: I tensorflow/stream_executor/platform/default/dso_loader.cc:48] Successfully opened dynamic library libcusolver.so.10
2021-07-01 18:44:15.147857: I tensorflow/stream_executor/platform/default/dso_loader.cc:48] Successfully opened dynamic library libcusparse.so.10
2021-07-01 18:44:15.226414: I tensorflow/stream_executor/platform/default/dso_loader.cc:48] Successfully opened dynamic library libcudnn.so.7
2021-07-01 18:44:15.228874: I tensorflow/core/common_runtime/gpu/gpu_device.cc:1858] Adding visible gpu devices: 0
2021-07-01 18:44:15.232640: I tensorflow/core/platform/cpu_feature_guard.cc:142] This TensorFlow binary is optimized with oneAPI Deep Neural Network Library (oneDNN)to use the following CPU instructions in performance-critical operations:  AVX2 FMA
To enable them in other operations, rebuild TensorFlow with the appropriate compiler flags.
2021-07-01 18:44:15.248686: I tensorflow/core/platform/profile_utils/cpu_utils.cc:104] CPU Frequency: 2599940000 Hz
2021-07-01 18:44:15.248805: I tensorflow/compiler/xla/service/service.cc:168] XLA service 0x462fe60 initialized for platform Host (this does not guarantee that XLA will be used). Devices:
2021-07-01 18:44:15.248823: I tensorflow/compiler/xla/service/service.cc:176]   StreamExecutor device (0): Host, Default Version
2021-07-01 18:44:15.389374: I tensorflow/compiler/xla/service/service.cc:168] XLA service 0x4617120 initialized for platform CUDA (this does not guarantee that XLA will be used). Devices:
2021-07-01 18:44:15.389459: I tensorflow/compiler/xla/service/service.cc:176]   StreamExecutor device (0): NVIDIA TITAN X (Pascal), Compute Capability 6.1
2021-07-01 18:44:15.391906: I tensorflow/core/common_runtime/gpu/gpu_device.cc:1716] Found device 0 with properties: 
pciBusID: 0000:02:00.0 name: NVIDIA TITAN X (Pascal) computeCapability: 6.1
coreClock: 1.531GHz coreCount: 28 deviceMemorySize: 11.91GiB deviceMemoryBandwidth: 447.48GiB/s
2021-07-01 18:44:15.391944: I tensorflow/stream_executor/platform/default/dso_loader.cc:48] Successfully opened dynamic library libcudart.so.10.1
2021-07-01 18:44:15.391974: I tensorflow/stream_executor/platform/default/dso_loader.cc:48] Successfully opened dynamic library libcublas.so.10
2021-07-01 18:44:15.391991: I tensorflow/stream_executor/platform/default/dso_loader.cc:48] Successfully opened dynamic library libcufft.so.10
2021-07-01 18:44:15.392008: I tensorflow/stream_executor/platform/default/dso_loader.cc:48] Successfully opened dynamic library libcurand.so.10
2021-07-01 18:44:15.392024: I tensorflow/stream_executor/platform/default/dso_loader.cc:48] Successfully opened dynamic library libcusolver.so.10
2021-07-01 18:44:15.392063: I tensorflow/stream_executor/platform/default/dso_loader.cc:48] Successfully opened dynamic library libcusparse.so.10
2021-07-01 18:44:15.392593: I tensorflow/stream_executor/platform/default/dso_loader.cc:48] Successfully opened dynamic library libcudnn.so.7
2021-07-01 18:44:15.394281: I tensorflow/core/common_runtime/gpu/gpu_device.cc:1858] Adding visible gpu devices: 0
2021-07-01 18:44:15.396175: I tensorflow/stream_executor/platform/default/dso_loader.cc:48] Successfully opened dynamic library libcudart.so.10.1
2021-07-01 18:44:17.196226: I tensorflow/core/common_runtime/gpu/gpu_device.cc:1257] Device interconnect StreamExecutor with strength 1 edge matrix:
2021-07-01 18:44:17.196307: I tensorflow/core/common_runtime/gpu/gpu_device.cc:1263]      0 
2021-07-01 18:44:17.196319: I tensorflow/core/common_runtime/gpu/gpu_device.cc:1276] 0:   N 
2021-07-01 18:44:17.206711: I tensorflow/core/common_runtime/gpu/gpu_device.cc:1402] Created TensorFlow device (/job:localhost/replica:0/task:0/device:GPU:0 with 11228 MB memory) -> physical GPU (device: 0, name: NVIDIA TITAN X (Pascal), pci bus id: 0000:02:00.0, compute capability: 6.1)
2021-07-01 18:44:22.988057: I tensorflow/stream_executor/platform/default/dso_loader.cc:48] Successfully opened dynamic library libcudnn.so.7
2021-07-01 18:44:26.846442: I tensorflow/stream_executor/platform/default/dso_loader.cc:48] Successfully opened dynamic library libcublas.so.10
Using model index: 13
Making train data...
GCN...
ZCA...
Done!
Making test data...
Done!
Epoch 1/350


Snapshot weight 3 shuffle 1 at epoch 1
Layer 11
Getting activations...


391/391 - 25s - loss: 2.3239 - accuracy: 0.1122 - val_loss: 2.3195 - val_accuracy: 0.1134
Epoch 2/350


Snapshot weight 3 shuffle 1 at epoch 2
Layer 11
Getting activations...


391/391 - 25s - loss: 2.2713 - accuracy: 0.1710 - val_loss: 2.1983 - val_accuracy: 0.2147
Epoch 3/350


Snapshot weight 3 shuffle 1 at epoch 3
Layer 11
Getting activations...


391/391 - 25s - loss: 2.0346 - accuracy: 0.2745 - val_loss: 1.9664 - val_accuracy: 0.3024
Epoch 4/350


Snapshot weight 3 shuffle 1 at epoch 4
Layer 11
Getting activations...


391/391 - 25s - loss: 1.7903 - accuracy: 0.3622 - val_loss: 1.7117 - val_accuracy: 0.4131
Epoch 5/350


Snapshot weight 3 shuffle 1 at epoch 5
Layer 11
Getting activations...


391/391 - 25s - loss: 1.6373 - accuracy: 0.4310 - val_loss: 1.4805 - val_accuracy: 0.4519
Epoch 6/350


Snapshot weight 3 shuffle 1 at epoch 6
Layer 11
Getting activations...


391/391 - 25s - loss: 1.3823 - accuracy: 0.5116 - val_loss: 1.3828 - val_accuracy: 0.5066
Epoch 7/350


Snapshot weight 3 shuffle 1 at epoch 7
Layer 11
Getting activations...


391/391 - 25s - loss: 1.2822 - accuracy: 0.5497 - val_loss: 1.1435 - val_accuracy: 0.6059
Epoch 8/350


Snapshot weight 3 shuffle 1 at epoch 8
Layer 11
Getting activations...


391/391 - 25s - loss: 1.1965 - accuracy: 0.5805 - val_loss: 1.1576 - val_accuracy: 0.5948
Epoch 9/350


Snapshot weight 3 shuffle 1 at epoch 9
Layer 11
Getting activations...


391/391 - 25s - loss: 1.1254 - accuracy: 0.6066 - val_loss: 1.1878 - val_accuracy: 0.6064
Epoch 10/350


Snapshot weight 3 shuffle 1 at epoch 10
Layer 11
Getting activations...


391/391 - 25s - loss: 1.0718 - accuracy: 0.6298 - val_loss: 1.1316 - val_accuracy: 0.6182
Epoch 11/350
391/391 - 24s - loss: 1.0369 - accuracy: 0.6414 - val_loss: 1.0006 - val_accuracy: 0.6542
Epoch 12/350
391/391 - 24s - loss: 0.9867 - accuracy: 0.6592 - val_loss: 1.1392 - val_accuracy: 0.6238
Epoch 13/350
391/391 - 25s - loss: 0.9462 - accuracy: 0.6727 - val_loss: 0.9075 - val_accuracy: 0.6928
Epoch 14/350
391/391 - 24s - loss: 0.9168 - accuracy: 0.6845 - val_loss: 0.9511 - val_accuracy: 0.6784
Epoch 15/350
391/391 - 24s - loss: 0.8816 - accuracy: 0.6970 - val_loss: 0.8176 - val_accuracy: 0.7279
Epoch 16/350
391/391 - 25s - loss: 0.8471 - accuracy: 0.7100 - val_loss: 0.7882 - val_accuracy: 0.7340
Epoch 17/350
391/391 - 24s - loss: 0.8227 - accuracy: 0.7205 - val_loss: 0.7633 - val_accuracy: 0.7397
Epoch 18/350
391/391 - 24s - loss: 0.7825 - accuracy: 0.7356 - val_loss: 0.7924 - val_accuracy: 0.7363
Epoch 19/350
391/391 - 25s - loss: 0.7661 - accuracy: 0.7413 - val_loss: 0.7479 - val_accuracy: 0.7526
Epoch 20/350
391/391 - 24s - loss: 0.7496 - accuracy: 0.7475 - val_loss: 0.6520 - val_accuracy: 0.7790
Epoch 21/350
391/391 - 24s - loss: 0.7157 - accuracy: 0.7610 - val_loss: 0.6840 - val_accuracy: 0.7734
Epoch 22/350
391/391 - 24s - loss: 0.6980 - accuracy: 0.7661 - val_loss: 0.6407 - val_accuracy: 0.7919
Epoch 23/350
391/391 - 24s - loss: 0.6762 - accuracy: 0.7737 - val_loss: 0.6674 - val_accuracy: 0.7832
Epoch 24/350
391/391 - 24s - loss: 0.6588 - accuracy: 0.7821 - val_loss: 0.6109 - val_accuracy: 0.7992
Epoch 25/350
391/391 - 25s - loss: 0.6501 - accuracy: 0.7826 - val_loss: 0.6030 - val_accuracy: 0.8016
Epoch 26/350
391/391 - 24s - loss: 0.6318 - accuracy: 0.7907 - val_loss: 0.5957 - val_accuracy: 0.8043
Epoch 27/350
391/391 - 25s - loss: 0.6128 - accuracy: 0.7968 - val_loss: 0.6299 - val_accuracy: 0.8017
Epoch 28/350
391/391 - 24s - loss: 0.6018 - accuracy: 0.8016 - val_loss: 0.6067 - val_accuracy: 0.8067
Epoch 29/350
391/391 - 24s - loss: 0.5904 - accuracy: 0.8039 - val_loss: 0.5332 - val_accuracy: 0.8255
Epoch 30/350
391/391 - 24s - loss: 0.5726 - accuracy: 0.8124 - val_loss: 0.5834 - val_accuracy: 0.8170
Epoch 31/350
391/391 - 25s - loss: 0.5653 - accuracy: 0.8126 - val_loss: 0.5888 - val_accuracy: 0.8142
Epoch 32/350
391/391 - 24s - loss: 0.5571 - accuracy: 0.8175 - val_loss: 0.5478 - val_accuracy: 0.8262
Epoch 33/350
391/391 - 24s - loss: 0.5484 - accuracy: 0.8200 - val_loss: 0.5648 - val_accuracy: 0.8194
Epoch 34/350
391/391 - 25s - loss: 0.5294 - accuracy: 0.8274 - val_loss: 0.5282 - val_accuracy: 0.8301
Epoch 35/350
391/391 - 25s - loss: 0.5230 - accuracy: 0.8283 - val_loss: 0.4956 - val_accuracy: 0.8422
Epoch 36/350
391/391 - 25s - loss: 0.5082 - accuracy: 0.8345 - val_loss: 0.5428 - val_accuracy: 0.8276
Epoch 37/350
391/391 - 24s - loss: 0.5063 - accuracy: 0.8366 - val_loss: 0.5317 - val_accuracy: 0.8368
Epoch 38/350
391/391 - 24s - loss: 0.4993 - accuracy: 0.8377 - val_loss: 0.5169 - val_accuracy: 0.8389
Epoch 39/350
391/391 - 25s - loss: 0.4892 - accuracy: 0.8391 - val_loss: 0.5181 - val_accuracy: 0.8347
Epoch 40/350
391/391 - 24s - loss: 0.4844 - accuracy: 0.8421 - val_loss: 0.5041 - val_accuracy: 0.8417
Epoch 41/350
391/391 - 24s - loss: 0.4753 - accuracy: 0.8455 - val_loss: 0.4815 - val_accuracy: 0.8481
Epoch 42/350
391/391 - 24s - loss: 0.4723 - accuracy: 0.8446 - val_loss: 0.4963 - val_accuracy: 0.8463
Epoch 43/350
391/391 - 24s - loss: 0.4661 - accuracy: 0.8486 - val_loss: 0.4698 - val_accuracy: 0.8531
Epoch 44/350
391/391 - 24s - loss: 0.4521 - accuracy: 0.8525 - val_loss: 0.5239 - val_accuracy: 0.8386
Epoch 45/350
391/391 - 24s - loss: 0.4474 - accuracy: 0.8560 - val_loss: 0.5192 - val_accuracy: 0.8405
Epoch 46/350
391/391 - 24s - loss: 0.4455 - accuracy: 0.8573 - val_loss: 0.4807 - val_accuracy: 0.8526
Epoch 47/350
391/391 - 25s - loss: 0.4370 - accuracy: 0.8595 - val_loss: 0.4784 - val_accuracy: 0.8520
Epoch 48/350
391/391 - 24s - loss: 0.4319 - accuracy: 0.8607 - val_loss: 0.4432 - val_accuracy: 0.8661
Epoch 49/350
391/391 - 24s - loss: 0.4288 - accuracy: 0.8611 - val_loss: 0.4893 - val_accuracy: 0.8562
Epoch 50/350


Snapshot weight 3 shuffle 1 at epoch 50
Layer 11
Getting activations...


391/391 - 25s - loss: 0.4232 - accuracy: 0.8637 - val_loss: 0.4899 - val_accuracy: 0.8529
Epoch 51/350
391/391 - 25s - loss: 0.4167 - accuracy: 0.8664 - val_loss: 0.5203 - val_accuracy: 0.8421
Epoch 52/350
391/391 - 24s - loss: 0.4123 - accuracy: 0.8669 - val_loss: 0.4519 - val_accuracy: 0.8625
Epoch 53/350
391/391 - 24s - loss: 0.4089 - accuracy: 0.8683 - val_loss: 0.4951 - val_accuracy: 0.8527
Epoch 54/350
391/391 - 24s - loss: 0.3982 - accuracy: 0.8713 - val_loss: 0.4808 - val_accuracy: 0.8550
Epoch 55/350
391/391 - 24s - loss: 0.3969 - accuracy: 0.8731 - val_loss: 0.4399 - val_accuracy: 0.8627
Epoch 56/350
391/391 - 24s - loss: 0.3860 - accuracy: 0.8758 - val_loss: 0.4630 - val_accuracy: 0.8625
Epoch 57/350
391/391 - 24s - loss: 0.3859 - accuracy: 0.8768 - val_loss: 0.4487 - val_accuracy: 0.8636
Epoch 58/350
391/391 - 24s - loss: 0.3851 - accuracy: 0.8761 - val_loss: 0.4255 - val_accuracy: 0.8724
Epoch 59/350
391/391 - 25s - loss: 0.3823 - accuracy: 0.8778 - val_loss: 0.4747 - val_accuracy: 0.8629
Epoch 60/350
391/391 - 24s - loss: 0.3778 - accuracy: 0.8807 - val_loss: 0.4617 - val_accuracy: 0.8646
Epoch 61/350
391/391 - 24s - loss: 0.3720 - accuracy: 0.8815 - val_loss: 0.4536 - val_accuracy: 0.8679
Epoch 62/350
391/391 - 24s - loss: 0.3670 - accuracy: 0.8829 - val_loss: 0.4844 - val_accuracy: 0.8631
Epoch 63/350
391/391 - 24s - loss: 0.3648 - accuracy: 0.8839 - val_loss: 0.4680 - val_accuracy: 0.8685
Epoch 64/350
391/391 - 24s - loss: 0.3564 - accuracy: 0.8880 - val_loss: 0.4408 - val_accuracy: 0.8709
Epoch 65/350
391/391 - 24s - loss: 0.3580 - accuracy: 0.8858 - val_loss: 0.4602 - val_accuracy: 0.8676
Epoch 66/350
391/391 - 24s - loss: 0.3530 - accuracy: 0.8875 - val_loss: 0.4330 - val_accuracy: 0.8717
Epoch 67/350
391/391 - 24s - loss: 0.3515 - accuracy: 0.8890 - val_loss: 0.4437 - val_accuracy: 0.8718
Epoch 68/350
391/391 - 24s - loss: 0.3456 - accuracy: 0.8907 - val_loss: 0.4403 - val_accuracy: 0.8701
Epoch 69/350
391/391 - 24s - loss: 0.3451 - accuracy: 0.8912 - val_loss: 0.4492 - val_accuracy: 0.8710
Epoch 70/350
391/391 - 24s - loss: 0.3384 - accuracy: 0.8934 - val_loss: 0.4324 - val_accuracy: 0.8712
Epoch 71/350
391/391 - 24s - loss: 0.3331 - accuracy: 0.8960 - val_loss: 0.4336 - val_accuracy: 0.8725
Epoch 72/350
391/391 - 24s - loss: 0.3314 - accuracy: 0.8943 - val_loss: 0.4644 - val_accuracy: 0.8634
Epoch 73/350
391/391 - 24s - loss: 0.3293 - accuracy: 0.8962 - val_loss: 0.4278 - val_accuracy: 0.8742
Epoch 74/350
391/391 - 24s - loss: 0.3321 - accuracy: 0.8953 - val_loss: 0.4173 - val_accuracy: 0.8766
Epoch 75/350
391/391 - 24s - loss: 0.3267 - accuracy: 0.8968 - val_loss: 0.4172 - val_accuracy: 0.8793
Epoch 76/350
391/391 - 24s - loss: 0.3238 - accuracy: 0.8977 - val_loss: 0.4317 - val_accuracy: 0.8753
Epoch 77/350
391/391 - 24s - loss: 0.3141 - accuracy: 0.9027 - val_loss: 0.4266 - val_accuracy: 0.8767
Epoch 78/350
391/391 - 24s - loss: 0.3154 - accuracy: 0.9021 - val_loss: 0.4180 - val_accuracy: 0.8792
Epoch 79/350
391/391 - 24s - loss: 0.3175 - accuracy: 0.9019 - val_loss: 0.4558 - val_accuracy: 0.8729
Epoch 80/350
391/391 - 24s - loss: 0.3136 - accuracy: 0.9026 - val_loss: 0.4295 - val_accuracy: 0.8792
Epoch 81/350
391/391 - 24s - loss: 0.3100 - accuracy: 0.9050 - val_loss: 0.4258 - val_accuracy: 0.8769
Epoch 82/350
391/391 - 25s - loss: 0.3049 - accuracy: 0.9052 - val_loss: 0.4217 - val_accuracy: 0.8807
Epoch 83/350
391/391 - 24s - loss: 0.3000 - accuracy: 0.9062 - val_loss: 0.4317 - val_accuracy: 0.8767
Epoch 84/350
391/391 - 25s - loss: 0.2969 - accuracy: 0.9078 - val_loss: 0.4437 - val_accuracy: 0.8783
Epoch 85/350
391/391 - 24s - loss: 0.2995 - accuracy: 0.9076 - val_loss: 0.4455 - val_accuracy: 0.8748
Epoch 86/350
391/391 - 24s - loss: 0.2973 - accuracy: 0.9099 - val_loss: 0.4376 - val_accuracy: 0.8741
Epoch 87/350
391/391 - 24s - loss: 0.2958 - accuracy: 0.9087 - val_loss: 0.4503 - val_accuracy: 0.8773
Epoch 88/350
391/391 - 24s - loss: 0.2886 - accuracy: 0.9104 - val_loss: 0.4140 - val_accuracy: 0.8825
Epoch 89/350
391/391 - 24s - loss: 0.2861 - accuracy: 0.9125 - val_loss: 0.4490 - val_accuracy: 0.8809
Epoch 90/350
391/391 - 24s - loss: 0.2852 - accuracy: 0.9117 - val_loss: 0.4615 - val_accuracy: 0.8758
Epoch 91/350
391/391 - 24s - loss: 0.2833 - accuracy: 0.9122 - val_loss: 0.4792 - val_accuracy: 0.8683
Epoch 92/350
391/391 - 24s - loss: 0.2825 - accuracy: 0.9137 - val_loss: 0.4259 - val_accuracy: 0.8808
Epoch 93/350
391/391 - 24s - loss: 0.2820 - accuracy: 0.9142 - val_loss: 0.4223 - val_accuracy: 0.8823
Epoch 94/350
391/391 - 24s - loss: 0.2761 - accuracy: 0.9164 - val_loss: 0.4718 - val_accuracy: 0.8780
Epoch 95/350
391/391 - 24s - loss: 0.2767 - accuracy: 0.9148 - val_loss: 0.4324 - val_accuracy: 0.8857
Epoch 96/350
391/391 - 24s - loss: 0.2740 - accuracy: 0.9174 - val_loss: 0.4192 - val_accuracy: 0.8855
Epoch 97/350
391/391 - 24s - loss: 0.2729 - accuracy: 0.9170 - val_loss: 0.4521 - val_accuracy: 0.8823
Epoch 98/350
391/391 - 24s - loss: 0.2715 - accuracy: 0.9162 - val_loss: 0.4265 - val_accuracy: 0.8845
Epoch 99/350
391/391 - 24s - loss: 0.2656 - accuracy: 0.9195 - val_loss: 0.4460 - val_accuracy: 0.8752
Epoch 100/350


Snapshot weight 3 shuffle 1 at epoch 100
Layer 11
Getting activations...


391/391 - 24s - loss: 0.2672 - accuracy: 0.9197 - val_loss: 0.4564 - val_accuracy: 0.8774
Epoch 101/350
391/391 - 24s - loss: 0.2650 - accuracy: 0.9189 - val_loss: 0.4421 - val_accuracy: 0.8816
Epoch 102/350
391/391 - 24s - loss: 0.2657 - accuracy: 0.9188 - val_loss: 0.4247 - val_accuracy: 0.8866
Epoch 103/350
391/391 - 24s - loss: 0.2613 - accuracy: 0.9212 - val_loss: 0.4187 - val_accuracy: 0.8871
Epoch 104/350
391/391 - 24s - loss: 0.2569 - accuracy: 0.9231 - val_loss: 0.4203 - val_accuracy: 0.8875
Epoch 105/350
391/391 - 24s - loss: 0.2574 - accuracy: 0.9222 - val_loss: 0.4152 - val_accuracy: 0.8875
Epoch 106/350
391/391 - 24s - loss: 0.2539 - accuracy: 0.9241 - val_loss: 0.4509 - val_accuracy: 0.8788
Epoch 107/350
391/391 - 24s - loss: 0.2565 - accuracy: 0.9221 - val_loss: 0.4321 - val_accuracy: 0.8865
Epoch 108/350
391/391 - 24s - loss: 0.2595 - accuracy: 0.9221 - val_loss: 0.4346 - val_accuracy: 0.8859
Epoch 109/350
391/391 - 24s - loss: 0.2515 - accuracy: 0.9249 - val_loss: 0.4232 - val_accuracy: 0.8827
Epoch 110/350
391/391 - 24s - loss: 0.2502 - accuracy: 0.9261 - val_loss: 0.4400 - val_accuracy: 0.8847
Epoch 111/350
391/391 - 24s - loss: 0.2502 - accuracy: 0.9238 - val_loss: 0.4292 - val_accuracy: 0.8836
Epoch 112/350
391/391 - 24s - loss: 0.2416 - accuracy: 0.9268 - val_loss: 0.4553 - val_accuracy: 0.8873
Epoch 113/350
391/391 - 24s - loss: 0.2419 - accuracy: 0.9266 - val_loss: 0.4560 - val_accuracy: 0.8787
Epoch 114/350
391/391 - 24s - loss: 0.2445 - accuracy: 0.9273 - val_loss: 0.4451 - val_accuracy: 0.8876
Epoch 115/350
391/391 - 24s - loss: 0.2456 - accuracy: 0.9267 - val_loss: 0.4336 - val_accuracy: 0.8829
Epoch 116/350
391/391 - 24s - loss: 0.2377 - accuracy: 0.9301 - val_loss: 0.4226 - val_accuracy: 0.8899
Epoch 117/350
391/391 - 24s - loss: 0.2365 - accuracy: 0.9297 - val_loss: 0.4284 - val_accuracy: 0.8905
Epoch 118/350
391/391 - 24s - loss: 0.2377 - accuracy: 0.9298 - val_loss: 0.4342 - val_accuracy: 0.8868
Epoch 119/350
391/391 - 25s - loss: 0.2384 - accuracy: 0.9290 - val_loss: 0.4336 - val_accuracy: 0.8923
Epoch 120/350
391/391 - 24s - loss: 0.2323 - accuracy: 0.9308 - val_loss: 0.4593 - val_accuracy: 0.8854
Epoch 121/350
391/391 - 24s - loss: 0.2359 - accuracy: 0.9310 - val_loss: 0.4272 - val_accuracy: 0.8840
Epoch 122/350
391/391 - 24s - loss: 0.2313 - accuracy: 0.9306 - val_loss: 0.4659 - val_accuracy: 0.8881
Epoch 123/350
391/391 - 24s - loss: 0.2305 - accuracy: 0.9316 - val_loss: 0.4954 - val_accuracy: 0.8809
Epoch 124/350
391/391 - 24s - loss: 0.2314 - accuracy: 0.9336 - val_loss: 0.4431 - val_accuracy: 0.8892
Epoch 125/350
391/391 - 24s - loss: 0.2314 - accuracy: 0.9322 - val_loss: 0.4312 - val_accuracy: 0.8910
Epoch 126/350
391/391 - 24s - loss: 0.2306 - accuracy: 0.9326 - val_loss: 0.4362 - val_accuracy: 0.8874
Epoch 127/350
391/391 - 24s - loss: 0.2251 - accuracy: 0.9349 - val_loss: 0.4530 - val_accuracy: 0.8877
Epoch 128/350
391/391 - 24s - loss: 0.2250 - accuracy: 0.9352 - val_loss: 0.4359 - val_accuracy: 0.8899
Epoch 129/350
391/391 - 24s - loss: 0.2227 - accuracy: 0.9335 - val_loss: 0.4209 - val_accuracy: 0.8938
Epoch 130/350
391/391 - 24s - loss: 0.2177 - accuracy: 0.9375 - val_loss: 0.4514 - val_accuracy: 0.8891
Epoch 131/350
391/391 - 24s - loss: 0.2183 - accuracy: 0.9353 - val_loss: 0.4576 - val_accuracy: 0.8891
Epoch 132/350
391/391 - 24s - loss: 0.2233 - accuracy: 0.9347 - val_loss: 0.4462 - val_accuracy: 0.8883
Epoch 133/350
391/391 - 24s - loss: 0.2166 - accuracy: 0.9366 - val_loss: 0.4347 - val_accuracy: 0.8937
Epoch 134/350
391/391 - 24s - loss: 0.2178 - accuracy: 0.9375 - val_loss: 0.4566 - val_accuracy: 0.8888
Epoch 135/350
391/391 - 24s - loss: 0.2214 - accuracy: 0.9347 - val_loss: 0.4250 - val_accuracy: 0.8915
Epoch 136/350
391/391 - 24s - loss: 0.2138 - accuracy: 0.9395 - val_loss: 0.4342 - val_accuracy: 0.8945
Epoch 137/350
391/391 - 24s - loss: 0.2129 - accuracy: 0.9389 - val_loss: 0.4302 - val_accuracy: 0.8980
Epoch 138/350
391/391 - 24s - loss: 0.2091 - accuracy: 0.9406 - val_loss: 0.4760 - val_accuracy: 0.8857
Epoch 139/350
391/391 - 24s - loss: 0.2109 - accuracy: 0.9389 - val_loss: 0.4460 - val_accuracy: 0.8897
Epoch 140/350
391/391 - 24s - loss: 0.2103 - accuracy: 0.9399 - val_loss: 0.4182 - val_accuracy: 0.8943
Epoch 141/350
391/391 - 24s - loss: 0.2084 - accuracy: 0.9401 - val_loss: 0.4596 - val_accuracy: 0.8842
Epoch 142/350
391/391 - 24s - loss: 0.2131 - accuracy: 0.9384 - val_loss: 0.4384 - val_accuracy: 0.8945
Epoch 143/350
391/391 - 24s - loss: 0.2052 - accuracy: 0.9424 - val_loss: 0.4778 - val_accuracy: 0.8887
Epoch 144/350
391/391 - 24s - loss: 0.2019 - accuracy: 0.9434 - val_loss: 0.4787 - val_accuracy: 0.8905
Epoch 145/350
391/391 - 24s - loss: 0.2046 - accuracy: 0.9417 - val_loss: 0.4478 - val_accuracy: 0.8944
Epoch 146/350
391/391 - 24s - loss: 0.2056 - accuracy: 0.9413 - val_loss: 0.4499 - val_accuracy: 0.8921
Epoch 147/350
391/391 - 24s - loss: 0.2073 - accuracy: 0.9403 - val_loss: 0.4461 - val_accuracy: 0.8937
Epoch 148/350
391/391 - 24s - loss: 0.2047 - accuracy: 0.9419 - val_loss: 0.4448 - val_accuracy: 0.8930
Epoch 149/350
391/391 - 24s - loss: 0.2042 - accuracy: 0.9420 - val_loss: 0.4277 - val_accuracy: 0.8949
Epoch 150/350


Snapshot weight 3 shuffle 1 at epoch 150
Layer 11
Getting activations...


391/391 - 24s - loss: 0.2016 - accuracy: 0.9422 - val_loss: 0.4718 - val_accuracy: 0.8884
Epoch 151/350
391/391 - 24s - loss: 0.2029 - accuracy: 0.9429 - val_loss: 0.4602 - val_accuracy: 0.8882
Epoch 152/350
391/391 - 24s - loss: 0.1988 - accuracy: 0.9443 - val_loss: 0.4518 - val_accuracy: 0.8967
Epoch 153/350
391/391 - 24s - loss: 0.1963 - accuracy: 0.9446 - val_loss: 0.4553 - val_accuracy: 0.8940
Epoch 154/350
391/391 - 25s - loss: 0.1961 - accuracy: 0.9457 - val_loss: 0.4529 - val_accuracy: 0.8937
Epoch 155/350
391/391 - 24s - loss: 0.1978 - accuracy: 0.9452 - val_loss: 0.4574 - val_accuracy: 0.8889
Epoch 156/350
391/391 - 24s - loss: 0.2008 - accuracy: 0.9444 - val_loss: 0.4881 - val_accuracy: 0.8875
Epoch 157/350
391/391 - 24s - loss: 0.1956 - accuracy: 0.9454 - val_loss: 0.4925 - val_accuracy: 0.8848
Epoch 158/350
391/391 - 24s - loss: 0.1964 - accuracy: 0.9455 - val_loss: 0.4462 - val_accuracy: 0.8909
Epoch 159/350
391/391 - 24s - loss: 0.1912 - accuracy: 0.9468 - val_loss: 0.4675 - val_accuracy: 0.8911
Epoch 160/350
391/391 - 24s - loss: 0.1920 - accuracy: 0.9480 - val_loss: 0.4406 - val_accuracy: 0.9010
Epoch 161/350
391/391 - 24s - loss: 0.1940 - accuracy: 0.9466 - val_loss: 0.4492 - val_accuracy: 0.8921
Epoch 162/350
391/391 - 24s - loss: 0.1973 - accuracy: 0.9462 - val_loss: 0.4766 - val_accuracy: 0.8855
Epoch 163/350
391/391 - 24s - loss: 0.1912 - accuracy: 0.9462 - val_loss: 0.4463 - val_accuracy: 0.8944
Epoch 164/350
391/391 - 24s - loss: 0.1887 - accuracy: 0.9479 - val_loss: 0.4556 - val_accuracy: 0.8933
Epoch 165/350
391/391 - 24s - loss: 0.1902 - accuracy: 0.9477 - val_loss: 0.4915 - val_accuracy: 0.8894
Epoch 166/350
391/391 - 24s - loss: 0.1924 - accuracy: 0.9476 - val_loss: 0.4424 - val_accuracy: 0.8945
Epoch 167/350
391/391 - 24s - loss: 0.1883 - accuracy: 0.9494 - val_loss: 0.4799 - val_accuracy: 0.8945
Epoch 168/350
391/391 - 24s - loss: 0.1873 - accuracy: 0.9492 - val_loss: 0.4686 - val_accuracy: 0.8955
Epoch 169/350
391/391 - 24s - loss: 0.1819 - accuracy: 0.9513 - val_loss: 0.4494 - val_accuracy: 0.8971
Epoch 170/350
391/391 - 25s - loss: 0.1864 - accuracy: 0.9496 - val_loss: 0.4448 - val_accuracy: 0.8973
Epoch 171/350
391/391 - 24s - loss: 0.1836 - accuracy: 0.9513 - val_loss: 0.4779 - val_accuracy: 0.8959
Epoch 172/350
391/391 - 24s - loss: 0.1879 - accuracy: 0.9467 - val_loss: 0.4882 - val_accuracy: 0.8923
Epoch 173/350
391/391 - 24s - loss: 0.1851 - accuracy: 0.9502 - val_loss: 0.4267 - val_accuracy: 0.8982
Epoch 174/350
391/391 - 24s - loss: 0.1839 - accuracy: 0.9500 - val_loss: 0.4569 - val_accuracy: 0.8904
Epoch 175/350
391/391 - 24s - loss: 0.1850 - accuracy: 0.9507 - val_loss: 0.4461 - val_accuracy: 0.8948
Epoch 176/350
391/391 - 24s - loss: 0.1824 - accuracy: 0.9504 - val_loss: 0.4433 - val_accuracy: 0.8960
Epoch 177/350
391/391 - 24s - loss: 0.1804 - accuracy: 0.9523 - val_loss: 0.4679 - val_accuracy: 0.8928
Epoch 178/350
391/391 - 24s - loss: 0.1768 - accuracy: 0.9523 - val_loss: 0.4651 - val_accuracy: 0.8947
Epoch 179/350
391/391 - 24s - loss: 0.1807 - accuracy: 0.9519 - val_loss: 0.4508 - val_accuracy: 0.8989
Epoch 180/350
391/391 - 24s - loss: 0.1797 - accuracy: 0.9522 - val_loss: 0.4348 - val_accuracy: 0.9035
Epoch 181/350
391/391 - 24s - loss: 0.1792 - accuracy: 0.9521 - val_loss: 0.4688 - val_accuracy: 0.8953
Epoch 182/350
391/391 - 24s - loss: 0.1770 - accuracy: 0.9529 - val_loss: 0.4493 - val_accuracy: 0.9004
Epoch 183/350
391/391 - 24s - loss: 0.1771 - accuracy: 0.9522 - val_loss: 0.4652 - val_accuracy: 0.8973
Epoch 184/350
391/391 - 24s - loss: 0.1751 - accuracy: 0.9540 - val_loss: 0.4902 - val_accuracy: 0.8900
Epoch 185/350
391/391 - 24s - loss: 0.1731 - accuracy: 0.9539 - val_loss: 0.4708 - val_accuracy: 0.8955
Epoch 186/350
391/391 - 24s - loss: 0.1822 - accuracy: 0.9514 - val_loss: 0.4713 - val_accuracy: 0.8963
Epoch 187/350
391/391 - 24s - loss: 0.1761 - accuracy: 0.9539 - val_loss: 0.4668 - val_accuracy: 0.8959
Epoch 188/350
391/391 - 24s - loss: 0.1754 - accuracy: 0.9536 - val_loss: 0.4896 - val_accuracy: 0.8994
Epoch 189/350
391/391 - 24s - loss: 0.1733 - accuracy: 0.9540 - val_loss: 0.4795 - val_accuracy: 0.8978
Epoch 190/350
391/391 - 24s - loss: 0.1712 - accuracy: 0.9548 - val_loss: 0.4734 - val_accuracy: 0.8966
Epoch 191/350
391/391 - 24s - loss: 0.1746 - accuracy: 0.9544 - val_loss: 0.5137 - val_accuracy: 0.8897
Epoch 192/350
391/391 - 24s - loss: 0.1732 - accuracy: 0.9555 - val_loss: 0.4702 - val_accuracy: 0.8944
Epoch 193/350
391/391 - 24s - loss: 0.1699 - accuracy: 0.9556 - val_loss: 0.4800 - val_accuracy: 0.8985
Epoch 194/350
391/391 - 24s - loss: 0.1690 - accuracy: 0.9561 - val_loss: 0.5110 - val_accuracy: 0.8909
Epoch 195/350
391/391 - 24s - loss: 0.1692 - accuracy: 0.9558 - val_loss: 0.4554 - val_accuracy: 0.8966
Epoch 196/350
391/391 - 24s - loss: 0.1728 - accuracy: 0.9544 - val_loss: 0.4500 - val_accuracy: 0.8959
Epoch 197/350
391/391 - 24s - loss: 0.1707 - accuracy: 0.9562 - val_loss: 0.4867 - val_accuracy: 0.8951
Epoch 198/350
391/391 - 24s - loss: 0.1716 - accuracy: 0.9555 - val_loss: 0.4868 - val_accuracy: 0.8930
Epoch 199/350
391/391 - 24s - loss: 0.1706 - accuracy: 0.9564 - val_loss: 0.4826 - val_accuracy: 0.8955
Epoch 200/350


Snapshot weight 3 shuffle 1 at epoch 200
Layer 11
Getting activations...


391/391 - 25s - loss: 0.1686 - accuracy: 0.9561 - val_loss: 0.4725 - val_accuracy: 0.8955
Epoch 201/350
391/391 - 24s - loss: 0.1457 - accuracy: 0.9652 - val_loss: 0.4501 - val_accuracy: 0.9041
Epoch 202/350
391/391 - 24s - loss: 0.1292 - accuracy: 0.9699 - val_loss: 0.4503 - val_accuracy: 0.9052
Epoch 203/350
391/391 - 24s - loss: 0.1260 - accuracy: 0.9719 - val_loss: 0.4613 - val_accuracy: 0.9054
Epoch 204/350
391/391 - 24s - loss: 0.1237 - accuracy: 0.9729 - val_loss: 0.4704 - val_accuracy: 0.9054
Epoch 205/350
391/391 - 24s - loss: 0.1252 - accuracy: 0.9723 - val_loss: 0.4646 - val_accuracy: 0.9060
Epoch 206/350
391/391 - 24s - loss: 0.1188 - accuracy: 0.9740 - val_loss: 0.4734 - val_accuracy: 0.9050
Epoch 207/350
391/391 - 24s - loss: 0.1207 - accuracy: 0.9729 - val_loss: 0.4705 - val_accuracy: 0.9056
Epoch 208/350
391/391 - 24s - loss: 0.1190 - accuracy: 0.9735 - val_loss: 0.4646 - val_accuracy: 0.9066
Epoch 209/350
391/391 - 24s - loss: 0.1196 - accuracy: 0.9737 - val_loss: 0.4794 - val_accuracy: 0.9062
Epoch 210/350
391/391 - 24s - loss: 0.1209 - accuracy: 0.9732 - val_loss: 0.4762 - val_accuracy: 0.9047
Epoch 211/350
391/391 - 24s - loss: 0.1161 - accuracy: 0.9754 - val_loss: 0.4723 - val_accuracy: 0.9068
Epoch 212/350
391/391 - 24s - loss: 0.1157 - accuracy: 0.9752 - val_loss: 0.4753 - val_accuracy: 0.9068
Epoch 213/350
391/391 - 24s - loss: 0.1139 - accuracy: 0.9758 - val_loss: 0.4872 - val_accuracy: 0.9058
Epoch 214/350
391/391 - 24s - loss: 0.1156 - accuracy: 0.9754 - val_loss: 0.4792 - val_accuracy: 0.9059
Epoch 215/350
391/391 - 24s - loss: 0.1144 - accuracy: 0.9757 - val_loss: 0.4801 - val_accuracy: 0.9094
Epoch 216/350
391/391 - 24s - loss: 0.1153 - accuracy: 0.9761 - val_loss: 0.4857 - val_accuracy: 0.9077
Epoch 217/350
391/391 - 24s - loss: 0.1146 - accuracy: 0.9757 - val_loss: 0.4842 - val_accuracy: 0.9061
Epoch 218/350
391/391 - 24s - loss: 0.1134 - accuracy: 0.9766 - val_loss: 0.4892 - val_accuracy: 0.9049
Epoch 219/350
391/391 - 24s - loss: 0.1148 - accuracy: 0.9756 - val_loss: 0.4791 - val_accuracy: 0.9073
Epoch 220/350
391/391 - 24s - loss: 0.1117 - accuracy: 0.9764 - val_loss: 0.4880 - val_accuracy: 0.9066
Epoch 221/350
391/391 - 24s - loss: 0.1135 - accuracy: 0.9765 - val_loss: 0.4865 - val_accuracy: 0.9080
Epoch 222/350
391/391 - 24s - loss: 0.1110 - accuracy: 0.9767 - val_loss: 0.4880 - val_accuracy: 0.9070
Epoch 223/350
391/391 - 24s - loss: 0.1113 - accuracy: 0.9771 - val_loss: 0.4848 - val_accuracy: 0.9078
Epoch 224/350
391/391 - 24s - loss: 0.1111 - accuracy: 0.9765 - val_loss: 0.4862 - val_accuracy: 0.9061
Epoch 225/350
391/391 - 24s - loss: 0.1093 - accuracy: 0.9775 - val_loss: 0.5062 - val_accuracy: 0.9060
Epoch 226/350
391/391 - 24s - loss: 0.1106 - accuracy: 0.9772 - val_loss: 0.5052 - val_accuracy: 0.9046
Epoch 227/350
391/391 - 24s - loss: 0.1102 - accuracy: 0.9766 - val_loss: 0.4933 - val_accuracy: 0.9078
Epoch 228/350
391/391 - 24s - loss: 0.1103 - accuracy: 0.9769 - val_loss: 0.4956 - val_accuracy: 0.9078
Epoch 229/350
391/391 - 24s - loss: 0.1126 - accuracy: 0.9767 - val_loss: 0.5015 - val_accuracy: 0.9077
Epoch 230/350
391/391 - 24s - loss: 0.1119 - accuracy: 0.9765 - val_loss: 0.4938 - val_accuracy: 0.9085
Epoch 231/350
391/391 - 24s - loss: 0.1078 - accuracy: 0.9776 - val_loss: 0.4998 - val_accuracy: 0.9079
Epoch 232/350
391/391 - 24s - loss: 0.1070 - accuracy: 0.9780 - val_loss: 0.4918 - val_accuracy: 0.9079
Epoch 233/350
391/391 - 24s - loss: 0.1110 - accuracy: 0.9768 - val_loss: 0.4833 - val_accuracy: 0.9083
Epoch 234/350
391/391 - 24s - loss: 0.1086 - accuracy: 0.9780 - val_loss: 0.5060 - val_accuracy: 0.9060
Epoch 235/350
391/391 - 24s - loss: 0.1091 - accuracy: 0.9782 - val_loss: 0.5012 - val_accuracy: 0.9076
Epoch 236/350
391/391 - 24s - loss: 0.1089 - accuracy: 0.9776 - val_loss: 0.4949 - val_accuracy: 0.9053
Epoch 237/350
391/391 - 24s - loss: 0.1088 - accuracy: 0.9777 - val_loss: 0.4929 - val_accuracy: 0.9065
Epoch 238/350
391/391 - 24s - loss: 0.1118 - accuracy: 0.9764 - val_loss: 0.4913 - val_accuracy: 0.9084
Epoch 239/350
391/391 - 24s - loss: 0.1070 - accuracy: 0.9781 - val_loss: 0.5132 - val_accuracy: 0.9048
Epoch 240/350
391/391 - 24s - loss: 0.1077 - accuracy: 0.9783 - val_loss: 0.5006 - val_accuracy: 0.9073
Epoch 241/350
391/391 - 24s - loss: 0.1097 - accuracy: 0.9774 - val_loss: 0.4965 - val_accuracy: 0.9063
Epoch 242/350
391/391 - 24s - loss: 0.1067 - accuracy: 0.9782 - val_loss: 0.5000 - val_accuracy: 0.9088
Epoch 243/350
391/391 - 24s - loss: 0.1078 - accuracy: 0.9779 - val_loss: 0.4961 - val_accuracy: 0.9055
Epoch 244/350
391/391 - 24s - loss: 0.1090 - accuracy: 0.9777 - val_loss: 0.5039 - val_accuracy: 0.9073
Epoch 245/350
391/391 - 24s - loss: 0.1080 - accuracy: 0.9775 - val_loss: 0.4915 - val_accuracy: 0.9081
Epoch 246/350
391/391 - 24s - loss: 0.1065 - accuracy: 0.9788 - val_loss: 0.4970 - val_accuracy: 0.9093
Epoch 247/350
391/391 - 24s - loss: 0.1068 - accuracy: 0.9793 - val_loss: 0.4917 - val_accuracy: 0.9090
Epoch 248/350
391/391 - 24s - loss: 0.1074 - accuracy: 0.9782 - val_loss: 0.5092 - val_accuracy: 0.9059
Epoch 249/350
391/391 - 24s - loss: 0.1068 - accuracy: 0.9784 - val_loss: 0.5074 - val_accuracy: 0.9062
Epoch 250/350


Snapshot weight 3 shuffle 1 at epoch 250
Layer 11
Getting activations...


391/391 - 24s - loss: 0.1056 - accuracy: 0.9784 - val_loss: 0.5146 - val_accuracy: 0.9040
Epoch 251/350
391/391 - 24s - loss: 0.1026 - accuracy: 0.9797 - val_loss: 0.5099 - val_accuracy: 0.9068
Epoch 252/350
391/391 - 24s - loss: 0.1013 - accuracy: 0.9806 - val_loss: 0.5082 - val_accuracy: 0.9065
Epoch 253/350
391/391 - 24s - loss: 0.1031 - accuracy: 0.9790 - val_loss: 0.5097 - val_accuracy: 0.9069
Epoch 254/350
391/391 - 24s - loss: 0.1013 - accuracy: 0.9799 - val_loss: 0.5064 - val_accuracy: 0.9060
Epoch 255/350
391/391 - 24s - loss: 0.1040 - accuracy: 0.9801 - val_loss: 0.5084 - val_accuracy: 0.9069
Epoch 256/350
391/391 - 24s - loss: 0.1043 - accuracy: 0.9793 - val_loss: 0.5066 - val_accuracy: 0.9069
Epoch 257/350
391/391 - 24s - loss: 0.1024 - accuracy: 0.9799 - val_loss: 0.5082 - val_accuracy: 0.9066
Epoch 258/350
391/391 - 24s - loss: 0.1044 - accuracy: 0.9791 - val_loss: 0.5067 - val_accuracy: 0.9067
Epoch 259/350
391/391 - 24s - loss: 0.1019 - accuracy: 0.9800 - val_loss: 0.5076 - val_accuracy: 0.9064
Epoch 260/350
391/391 - 24s - loss: 0.1026 - accuracy: 0.9802 - val_loss: 0.5095 - val_accuracy: 0.9083
Epoch 261/350
391/391 - 24s - loss: 0.1025 - accuracy: 0.9794 - val_loss: 0.5112 - val_accuracy: 0.9073
Epoch 262/350
391/391 - 24s - loss: 0.1021 - accuracy: 0.9802 - val_loss: 0.5109 - val_accuracy: 0.9064
Epoch 263/350
391/391 - 24s - loss: 0.1054 - accuracy: 0.9793 - val_loss: 0.5090 - val_accuracy: 0.9075
Epoch 264/350
391/391 - 24s - loss: 0.1033 - accuracy: 0.9797 - val_loss: 0.5061 - val_accuracy: 0.9073
Epoch 265/350
391/391 - 24s - loss: 0.1021 - accuracy: 0.9799 - val_loss: 0.5057 - val_accuracy: 0.9071
Epoch 266/350
391/391 - 24s - loss: 0.1031 - accuracy: 0.9802 - val_loss: 0.5050 - val_accuracy: 0.9075
Epoch 267/350
391/391 - 24s - loss: 0.1016 - accuracy: 0.9800 - val_loss: 0.5048 - val_accuracy: 0.9073
Epoch 268/350
391/391 - 24s - loss: 0.1016 - accuracy: 0.9802 - val_loss: 0.5072 - val_accuracy: 0.9072
Epoch 269/350
391/391 - 24s - loss: 0.1017 - accuracy: 0.9802 - val_loss: 0.5074 - val_accuracy: 0.9085
Epoch 270/350
391/391 - 24s - loss: 0.1028 - accuracy: 0.9797 - val_loss: 0.5065 - val_accuracy: 0.9075
Epoch 271/350
391/391 - 24s - loss: 0.1023 - accuracy: 0.9810 - val_loss: 0.5091 - val_accuracy: 0.9068
Epoch 272/350
391/391 - 24s - loss: 0.1025 - accuracy: 0.9799 - val_loss: 0.5051 - val_accuracy: 0.9070
Epoch 273/350
391/391 - 24s - loss: 0.0998 - accuracy: 0.9807 - val_loss: 0.5098 - val_accuracy: 0.9080
Epoch 274/350
391/391 - 24s - loss: 0.1018 - accuracy: 0.9806 - val_loss: 0.5081 - val_accuracy: 0.9075
Epoch 275/350
391/391 - 24s - loss: 0.1028 - accuracy: 0.9803 - val_loss: 0.5083 - val_accuracy: 0.9072
Epoch 276/350
391/391 - 24s - loss: 0.1050 - accuracy: 0.9788 - val_loss: 0.5071 - val_accuracy: 0.9070
Epoch 277/350
391/391 - 24s - loss: 0.1029 - accuracy: 0.9802 - val_loss: 0.5082 - val_accuracy: 0.9083
Epoch 278/350
391/391 - 24s - loss: 0.0996 - accuracy: 0.9814 - val_loss: 0.5107 - val_accuracy: 0.9066
Epoch 279/350
391/391 - 24s - loss: 0.1038 - accuracy: 0.9796 - val_loss: 0.5060 - val_accuracy: 0.9070
Epoch 280/350
391/391 - 24s - loss: 0.1007 - accuracy: 0.9810 - val_loss: 0.5083 - val_accuracy: 0.9072
Epoch 281/350
391/391 - 24s - loss: 0.1017 - accuracy: 0.9798 - val_loss: 0.5104 - val_accuracy: 0.9077
Epoch 282/350
391/391 - 24s - loss: 0.1029 - accuracy: 0.9787 - val_loss: 0.5100 - val_accuracy: 0.9073
Epoch 283/350
391/391 - 24s - loss: 0.1004 - accuracy: 0.9807 - val_loss: 0.5083 - val_accuracy: 0.9072
Epoch 284/350
391/391 - 25s - loss: 0.1025 - accuracy: 0.9794 - val_loss: 0.5093 - val_accuracy: 0.9072
Epoch 285/350
391/391 - 24s - loss: 0.1028 - accuracy: 0.9795 - val_loss: 0.5074 - val_accuracy: 0.9069
Epoch 286/350
391/391 - 24s - loss: 0.1024 - accuracy: 0.9801 - val_loss: 0.5090 - val_accuracy: 0.9071
Epoch 287/350
391/391 - 24s - loss: 0.1011 - accuracy: 0.9810 - val_loss: 0.5121 - val_accuracy: 0.9073
Epoch 288/350
391/391 - 24s - loss: 0.1020 - accuracy: 0.9794 - val_loss: 0.5062 - val_accuracy: 0.9072
Epoch 289/350
391/391 - 24s - loss: 0.1017 - accuracy: 0.9804 - val_loss: 0.5078 - val_accuracy: 0.9073
Epoch 290/350
391/391 - 24s - loss: 0.1019 - accuracy: 0.9800 - val_loss: 0.5089 - val_accuracy: 0.9069
Epoch 291/350
391/391 - 24s - loss: 0.1013 - accuracy: 0.9801 - val_loss: 0.5101 - val_accuracy: 0.9073
Epoch 292/350
391/391 - 24s - loss: 0.1006 - accuracy: 0.9809 - val_loss: 0.5094 - val_accuracy: 0.9076
Epoch 293/350
391/391 - 24s - loss: 0.1017 - accuracy: 0.9798 - val_loss: 0.5087 - val_accuracy: 0.9066
Epoch 294/350
391/391 - 24s - loss: 0.1019 - accuracy: 0.9803 - val_loss: 0.5094 - val_accuracy: 0.9067
Epoch 295/350
391/391 - 24s - loss: 0.1015 - accuracy: 0.9809 - val_loss: 0.5073 - val_accuracy: 0.9073
Epoch 296/350
391/391 - 24s - loss: 0.1014 - accuracy: 0.9793 - val_loss: 0.5074 - val_accuracy: 0.9078
Epoch 297/350
391/391 - 24s - loss: 0.0985 - accuracy: 0.9812 - val_loss: 0.5106 - val_accuracy: 0.9075
Epoch 298/350
391/391 - 24s - loss: 0.1008 - accuracy: 0.9804 - val_loss: 0.5094 - val_accuracy: 0.9078
Epoch 299/350
391/391 - 24s - loss: 0.1010 - accuracy: 0.9803 - val_loss: 0.5096 - val_accuracy: 0.9070
Epoch 300/350


Snapshot weight 3 shuffle 1 at epoch 300
Layer 11
Getting activations...


391/391 - 24s - loss: 0.1011 - accuracy: 0.9801 - val_loss: 0.5106 - val_accuracy: 0.9070
Epoch 301/350
391/391 - 24s - loss: 0.1007 - accuracy: 0.9800 - val_loss: 0.5107 - val_accuracy: 0.9074
Epoch 302/350
391/391 - 24s - loss: 0.1004 - accuracy: 0.9800 - val_loss: 0.5109 - val_accuracy: 0.9072
Epoch 303/350
391/391 - 24s - loss: 0.1025 - accuracy: 0.9796 - val_loss: 0.5104 - val_accuracy: 0.9073
Epoch 304/350
391/391 - 24s - loss: 0.1002 - accuracy: 0.9804 - val_loss: 0.5103 - val_accuracy: 0.9071
Epoch 305/350
391/391 - 24s - loss: 0.1024 - accuracy: 0.9797 - val_loss: 0.5099 - val_accuracy: 0.9075
Epoch 306/350
391/391 - 24s - loss: 0.1006 - accuracy: 0.9797 - val_loss: 0.5102 - val_accuracy: 0.9076
Epoch 307/350
391/391 - 25s - loss: 0.1028 - accuracy: 0.9797 - val_loss: 0.5094 - val_accuracy: 0.9078
Epoch 308/350
391/391 - 24s - loss: 0.1006 - accuracy: 0.9799 - val_loss: 0.5092 - val_accuracy: 0.9074
Epoch 309/350
391/391 - 24s - loss: 0.1003 - accuracy: 0.9803 - val_loss: 0.5094 - val_accuracy: 0.9075
Epoch 310/350
391/391 - 24s - loss: 0.1010 - accuracy: 0.9810 - val_loss: 0.5096 - val_accuracy: 0.9072
Epoch 311/350
391/391 - 24s - loss: 0.1019 - accuracy: 0.9800 - val_loss: 0.5098 - val_accuracy: 0.9068
Epoch 312/350
391/391 - 24s - loss: 0.1030 - accuracy: 0.9795 - val_loss: 0.5097 - val_accuracy: 0.9069
Epoch 313/350
391/391 - 24s - loss: 0.1006 - accuracy: 0.9808 - val_loss: 0.5099 - val_accuracy: 0.9072
Epoch 314/350
391/391 - 24s - loss: 0.1002 - accuracy: 0.9806 - val_loss: 0.5101 - val_accuracy: 0.9071
Epoch 315/350
391/391 - 24s - loss: 0.1000 - accuracy: 0.9806 - val_loss: 0.5103 - val_accuracy: 0.9073
Epoch 316/350
391/391 - 25s - loss: 0.1010 - accuracy: 0.9810 - val_loss: 0.5104 - val_accuracy: 0.9073
Epoch 317/350
391/391 - 24s - loss: 0.1016 - accuracy: 0.9801 - val_loss: 0.5104 - val_accuracy: 0.9073
Epoch 318/350
391/391 - 24s - loss: 0.1009 - accuracy: 0.9807 - val_loss: 0.5100 - val_accuracy: 0.9073
Epoch 319/350
391/391 - 25s - loss: 0.1009 - accuracy: 0.9810 - val_loss: 0.5101 - val_accuracy: 0.9073
Epoch 320/350
391/391 - 24s - loss: 0.0999 - accuracy: 0.9818 - val_loss: 0.5101 - val_accuracy: 0.9071
Epoch 321/350
391/391 - 24s - loss: 0.0998 - accuracy: 0.9812 - val_loss: 0.5102 - val_accuracy: 0.9070
Epoch 322/350
391/391 - 24s - loss: 0.0999 - accuracy: 0.9805 - val_loss: 0.5100 - val_accuracy: 0.9073
Epoch 323/350
391/391 - 24s - loss: 0.1002 - accuracy: 0.9806 - val_loss: 0.5100 - val_accuracy: 0.9072
Epoch 324/350
391/391 - 24s - loss: 0.1021 - accuracy: 0.9805 - val_loss: 0.5100 - val_accuracy: 0.9071
Epoch 325/350
391/391 - 24s - loss: 0.1027 - accuracy: 0.9797 - val_loss: 0.5103 - val_accuracy: 0.9070
Epoch 326/350
391/391 - 24s - loss: 0.1027 - accuracy: 0.9801 - val_loss: 0.5098 - val_accuracy: 0.9074
Epoch 327/350
391/391 - 24s - loss: 0.1011 - accuracy: 0.9805 - val_loss: 0.5099 - val_accuracy: 0.9074
Epoch 328/350
391/391 - 24s - loss: 0.0999 - accuracy: 0.9812 - val_loss: 0.5100 - val_accuracy: 0.9074
Epoch 329/350
391/391 - 24s - loss: 0.1013 - accuracy: 0.9802 - val_loss: 0.5102 - val_accuracy: 0.9073
Epoch 330/350
391/391 - 24s - loss: 0.1014 - accuracy: 0.9800 - val_loss: 0.5101 - val_accuracy: 0.9071
Epoch 331/350
391/391 - 24s - loss: 0.1031 - accuracy: 0.9797 - val_loss: 0.5097 - val_accuracy: 0.9071
Epoch 332/350
391/391 - 24s - loss: 0.1008 - accuracy: 0.9805 - val_loss: 0.5100 - val_accuracy: 0.9073
Epoch 333/350
391/391 - 24s - loss: 0.1020 - accuracy: 0.9803 - val_loss: 0.5100 - val_accuracy: 0.9075
Epoch 334/350
391/391 - 24s - loss: 0.1000 - accuracy: 0.9808 - val_loss: 0.5102 - val_accuracy: 0.9074
Epoch 335/350
391/391 - 24s - loss: 0.1034 - accuracy: 0.9788 - val_loss: 0.5101 - val_accuracy: 0.9075
Epoch 336/350
391/391 - 24s - loss: 0.0999 - accuracy: 0.9813 - val_loss: 0.5099 - val_accuracy: 0.9076
Epoch 337/350
391/391 - 24s - loss: 0.0995 - accuracy: 0.9805 - val_loss: 0.5099 - val_accuracy: 0.9079
Epoch 338/350
391/391 - 24s - loss: 0.0989 - accuracy: 0.9809 - val_loss: 0.5098 - val_accuracy: 0.9077
Epoch 339/350
391/391 - 24s - loss: 0.0986 - accuracy: 0.9809 - val_loss: 0.5100 - val_accuracy: 0.9077
Epoch 340/350
391/391 - 24s - loss: 0.1012 - accuracy: 0.9803 - val_loss: 0.5105 - val_accuracy: 0.9077
Epoch 341/350
391/391 - 24s - loss: 0.1009 - accuracy: 0.9807 - val_loss: 0.5111 - val_accuracy: 0.9079
Epoch 342/350
391/391 - 24s - loss: 0.1026 - accuracy: 0.9799 - val_loss: 0.5108 - val_accuracy: 0.9078
Epoch 343/350
391/391 - 24s - loss: 0.1011 - accuracy: 0.9801 - val_loss: 0.5112 - val_accuracy: 0.9078
Epoch 344/350
391/391 - 24s - loss: 0.1013 - accuracy: 0.9802 - val_loss: 0.5112 - val_accuracy: 0.9074
Epoch 345/350
391/391 - 24s - loss: 0.1021 - accuracy: 0.9804 - val_loss: 0.5108 - val_accuracy: 0.9076
Epoch 346/350
391/391 - 24s - loss: 0.1001 - accuracy: 0.9809 - val_loss: 0.5107 - val_accuracy: 0.9078
Epoch 347/350
391/391 - 24s - loss: 0.1020 - accuracy: 0.9806 - val_loss: 0.5106 - val_accuracy: 0.9074
Epoch 348/350
391/391 - 24s - loss: 0.1017 - accuracy: 0.9802 - val_loss: 0.5105 - val_accuracy: 0.9078
Epoch 349/350
391/391 - 24s - loss: 0.0988 - accuracy: 0.9809 - val_loss: 0.5106 - val_accuracy: 0.9080
Epoch 350/350


Snapshot weight 3 shuffle 1 at epoch 350
Layer 11
Getting activations...


391/391 - 25s - loss: 0.1001 - accuracy: 0.9804 - val_loss: 0.5105 - val_accuracy: 0.9077
/usr/local/lib/python3.6/dist-packages/tensorflow/python/autograph/impl/api.py:493: UserWarning: fill_value is not supported and is always 0 for TensorFlow < 2.4.0.
  return py_builtins.overload_of(f)(*args)
WARNING:tensorflow:From /usr/local/lib/python3.6/dist-packages/tensorflow/python/training/tracking/tracking.py:111: Model.state_updates (from tensorflow.python.keras.engine.training) is deprecated and will be removed in a future version.
Instructions for updating:
This property should not be used in TensorFlow 2.0, as updates are applied automatically.
2021-07-01 21:12:27.121161: W tensorflow/python/util/util.cc:348] Sets are not currently considered sequences, but this may change in the future, so consider avoiding using them.
WARNING:tensorflow:From /usr/local/lib/python3.6/dist-packages/tensorflow/python/training/tracking/tracking.py:111: Layer.updates (from tensorflow.python.keras.engine.base_layer) is deprecated and will be removed in a future version.
Instructions for updating:
This property should not be used in TensorFlow 2.0, as updates are applied automatically.
Saving, final validation acc: 0.9077000021934509
