2021-07-01 16:12:12.824136: I tensorflow/stream_executor/platform/default/dso_loader.cc:48] Successfully opened dynamic library libcudart.so.10.1
2021-07-01 16:13:33.048463: I tensorflow/stream_executor/platform/default/dso_loader.cc:48] Successfully opened dynamic library libcuda.so.1
2021-07-01 16:13:33.076098: I tensorflow/core/common_runtime/gpu/gpu_device.cc:1716] Found device 0 with properties: 
pciBusID: 0000:03:00.0 name: NVIDIA TITAN Xp computeCapability: 6.1
coreClock: 1.582GHz coreCount: 30 deviceMemorySize: 11.91GiB deviceMemoryBandwidth: 510.07GiB/s
2021-07-01 16:13:33.076198: I tensorflow/stream_executor/platform/default/dso_loader.cc:48] Successfully opened dynamic library libcudart.so.10.1
2021-07-01 16:13:33.142855: I tensorflow/stream_executor/platform/default/dso_loader.cc:48] Successfully opened dynamic library libcublas.so.10
2021-07-01 16:13:33.172326: I tensorflow/stream_executor/platform/default/dso_loader.cc:48] Successfully opened dynamic library libcufft.so.10
2021-07-01 16:13:34.554187: I tensorflow/stream_executor/platform/default/dso_loader.cc:48] Successfully opened dynamic library libcurand.so.10
2021-07-01 16:13:34.647339: I tensorflow/stream_executor/platform/default/dso_loader.cc:48] Successfully opened dynamic library libcusolver.so.10
2021-07-01 16:13:34.667156: I tensorflow/stream_executor/platform/default/dso_loader.cc:48] Successfully opened dynamic library libcusparse.so.10
2021-07-01 16:13:34.787508: I tensorflow/stream_executor/platform/default/dso_loader.cc:48] Successfully opened dynamic library libcudnn.so.7
2021-07-01 16:13:34.792892: I tensorflow/core/common_runtime/gpu/gpu_device.cc:1858] Adding visible gpu devices: 0
2021-07-01 16:13:34.797144: I tensorflow/core/platform/cpu_feature_guard.cc:142] This TensorFlow binary is optimized with oneAPI Deep Neural Network Library (oneDNN)to use the following CPU instructions in performance-critical operations:  AVX2 FMA
To enable them in other operations, rebuild TensorFlow with the appropriate compiler flags.
2021-07-01 16:13:34.815720: I tensorflow/core/platform/profile_utils/cpu_utils.cc:104] CPU Frequency: 2599870000 Hz
2021-07-01 16:13:34.815864: I tensorflow/compiler/xla/service/service.cc:168] XLA service 0x3d1dc60 initialized for platform Host (this does not guarantee that XLA will be used). Devices:
2021-07-01 16:13:34.815886: I tensorflow/compiler/xla/service/service.cc:176]   StreamExecutor device (0): Host, Default Version
2021-07-01 16:13:35.067222: I tensorflow/compiler/xla/service/service.cc:168] XLA service 0x3cfe4c0 initialized for platform CUDA (this does not guarantee that XLA will be used). Devices:
2021-07-01 16:13:35.067298: I tensorflow/compiler/xla/service/service.cc:176]   StreamExecutor device (0): NVIDIA TITAN Xp, Compute Capability 6.1
2021-07-01 16:13:35.070504: I tensorflow/core/common_runtime/gpu/gpu_device.cc:1716] Found device 0 with properties: 
pciBusID: 0000:03:00.0 name: NVIDIA TITAN Xp computeCapability: 6.1
coreClock: 1.582GHz coreCount: 30 deviceMemorySize: 11.91GiB deviceMemoryBandwidth: 510.07GiB/s
2021-07-01 16:13:35.070555: I tensorflow/stream_executor/platform/default/dso_loader.cc:48] Successfully opened dynamic library libcudart.so.10.1
2021-07-01 16:13:35.070588: I tensorflow/stream_executor/platform/default/dso_loader.cc:48] Successfully opened dynamic library libcublas.so.10
2021-07-01 16:13:35.070609: I tensorflow/stream_executor/platform/default/dso_loader.cc:48] Successfully opened dynamic library libcufft.so.10
2021-07-01 16:13:35.070628: I tensorflow/stream_executor/platform/default/dso_loader.cc:48] Successfully opened dynamic library libcurand.so.10
2021-07-01 16:13:35.070648: I tensorflow/stream_executor/platform/default/dso_loader.cc:48] Successfully opened dynamic library libcusolver.so.10
2021-07-01 16:13:35.070667: I tensorflow/stream_executor/platform/default/dso_loader.cc:48] Successfully opened dynamic library libcusparse.so.10
2021-07-01 16:13:35.070687: I tensorflow/stream_executor/platform/default/dso_loader.cc:48] Successfully opened dynamic library libcudnn.so.7
2021-07-01 16:13:35.075106: I tensorflow/core/common_runtime/gpu/gpu_device.cc:1858] Adding visible gpu devices: 0
2021-07-01 16:13:35.077189: I tensorflow/stream_executor/platform/default/dso_loader.cc:48] Successfully opened dynamic library libcudart.so.10.1
2021-07-01 16:13:40.979842: I tensorflow/core/common_runtime/gpu/gpu_device.cc:1257] Device interconnect StreamExecutor with strength 1 edge matrix:
2021-07-01 16:13:40.979925: I tensorflow/core/common_runtime/gpu/gpu_device.cc:1263]      0 
2021-07-01 16:13:40.979939: I tensorflow/core/common_runtime/gpu/gpu_device.cc:1276] 0:   N 
2021-07-01 16:13:40.985893: I tensorflow/core/common_runtime/gpu/gpu_device.cc:1402] Created TensorFlow device (/job:localhost/replica:0/task:0/device:GPU:0 with 11218 MB memory) -> physical GPU (device: 0, name: NVIDIA TITAN Xp, pci bus id: 0000:03:00.0, compute capability: 6.1)
2021-07-01 16:13:46.887843: I tensorflow/stream_executor/platform/default/dso_loader.cc:48] Successfully opened dynamic library libcudnn.so.7
2021-07-01 16:14:04.508375: I tensorflow/stream_executor/platform/default/dso_loader.cc:48] Successfully opened dynamic library libcublas.so.10
Using model index: 6
Making train data...
GCN...
ZCA...
Done!
Making test data...
Done!
Epoch 1/350


Snapshot weight 6 shuffle 0 at epoch 1
Layer 11
Getting activations...


391/391 - 24s - loss: 2.3167 - accuracy: 0.1120 - val_loss: 2.2876 - val_accuracy: 0.1726
Epoch 2/350


Snapshot weight 6 shuffle 0 at epoch 2
Layer 11
Getting activations...


391/391 - 23s - loss: 2.2750 - accuracy: 0.1497 - val_loss: 2.3268 - val_accuracy: 0.1000
Epoch 3/350


Snapshot weight 6 shuffle 0 at epoch 3
Layer 11
Getting activations...


391/391 - 23s - loss: 2.3267 - accuracy: 0.0994 - val_loss: 2.3267 - val_accuracy: 0.1000
Epoch 4/350


Snapshot weight 6 shuffle 0 at epoch 4
Layer 11
Getting activations...


391/391 - 23s - loss: 2.3259 - accuracy: 0.1006 - val_loss: 2.3008 - val_accuracy: 0.1000
Epoch 5/350


Snapshot weight 6 shuffle 0 at epoch 5
Layer 11
Getting activations...


391/391 - 24s - loss: 2.2865 - accuracy: 0.1103 - val_loss: 2.1960 - val_accuracy: 0.2060
Epoch 6/350


Snapshot weight 6 shuffle 0 at epoch 6
Layer 11
Getting activations...


391/391 - 24s - loss: 2.1577 - accuracy: 0.2015 - val_loss: 2.1025 - val_accuracy: 0.2453
Epoch 7/350


Snapshot weight 6 shuffle 0 at epoch 7
Layer 11
Getting activations...


391/391 - 24s - loss: 1.9986 - accuracy: 0.2976 - val_loss: 1.9144 - val_accuracy: 0.3387
Epoch 8/350


Snapshot weight 6 shuffle 0 at epoch 8
Layer 11
Getting activations...


391/391 - 24s - loss: 1.7992 - accuracy: 0.3842 - val_loss: 1.4917 - val_accuracy: 0.4731
Epoch 9/350


Snapshot weight 6 shuffle 0 at epoch 9
Layer 11
Getting activations...


391/391 - 24s - loss: 1.4768 - accuracy: 0.4811 - val_loss: 1.3066 - val_accuracy: 0.5448
Epoch 10/350


Snapshot weight 6 shuffle 0 at epoch 10
Layer 11
Getting activations...


391/391 - 24s - loss: 1.3325 - accuracy: 0.5341 - val_loss: 1.1676 - val_accuracy: 0.5857
Epoch 11/350
391/391 - 24s - loss: 1.2264 - accuracy: 0.5725 - val_loss: 1.0873 - val_accuracy: 0.6213
Epoch 12/350
391/391 - 23s - loss: 1.1369 - accuracy: 0.6068 - val_loss: 1.0387 - val_accuracy: 0.6418
Epoch 13/350
391/391 - 23s - loss: 1.0806 - accuracy: 0.6233 - val_loss: 0.9370 - val_accuracy: 0.6762
Epoch 14/350
391/391 - 23s - loss: 1.0209 - accuracy: 0.6459 - val_loss: 0.8918 - val_accuracy: 0.6900
Epoch 15/350
391/391 - 24s - loss: 0.9691 - accuracy: 0.6688 - val_loss: 0.8933 - val_accuracy: 0.6920
Epoch 16/350
391/391 - 24s - loss: 0.9267 - accuracy: 0.6818 - val_loss: 0.8635 - val_accuracy: 0.7123
Epoch 17/350
391/391 - 24s - loss: 0.8792 - accuracy: 0.6993 - val_loss: 0.8495 - val_accuracy: 0.7174
Epoch 18/350
391/391 - 24s - loss: 0.8460 - accuracy: 0.7132 - val_loss: 0.8230 - val_accuracy: 0.7207
Epoch 19/350
391/391 - 23s - loss: 0.8196 - accuracy: 0.7222 - val_loss: 0.7386 - val_accuracy: 0.7519
Epoch 20/350
391/391 - 23s - loss: 0.7908 - accuracy: 0.7330 - val_loss: 0.7604 - val_accuracy: 0.7505
Epoch 21/350
391/391 - 24s - loss: 0.7471 - accuracy: 0.7483 - val_loss: 0.8182 - val_accuracy: 0.7432
Epoch 22/350
391/391 - 24s - loss: 0.7275 - accuracy: 0.7547 - val_loss: 0.7085 - val_accuracy: 0.7667
Epoch 23/350
391/391 - 24s - loss: 0.7039 - accuracy: 0.7642 - val_loss: 0.6123 - val_accuracy: 0.7975
Epoch 24/350
391/391 - 23s - loss: 0.6821 - accuracy: 0.7714 - val_loss: 0.6265 - val_accuracy: 0.7898
Epoch 25/350
391/391 - 24s - loss: 0.6649 - accuracy: 0.7779 - val_loss: 0.6593 - val_accuracy: 0.7910
Epoch 26/350
391/391 - 24s - loss: 0.6478 - accuracy: 0.7843 - val_loss: 0.6033 - val_accuracy: 0.8011
Epoch 27/350
391/391 - 23s - loss: 0.6311 - accuracy: 0.7901 - val_loss: 0.5724 - val_accuracy: 0.8116
Epoch 28/350
391/391 - 23s - loss: 0.6190 - accuracy: 0.7959 - val_loss: 0.5424 - val_accuracy: 0.8241
Epoch 29/350
391/391 - 24s - loss: 0.6053 - accuracy: 0.8003 - val_loss: 0.5517 - val_accuracy: 0.8166
Epoch 30/350
391/391 - 23s - loss: 0.5899 - accuracy: 0.8049 - val_loss: 0.5726 - val_accuracy: 0.8150
Epoch 31/350
391/391 - 23s - loss: 0.5778 - accuracy: 0.8097 - val_loss: 0.5425 - val_accuracy: 0.8262
Epoch 32/350
391/391 - 24s - loss: 0.5712 - accuracy: 0.8129 - val_loss: 0.5366 - val_accuracy: 0.8254
Epoch 33/350
391/391 - 24s - loss: 0.5530 - accuracy: 0.8187 - val_loss: 0.5743 - val_accuracy: 0.8137
Epoch 34/350
391/391 - 24s - loss: 0.5389 - accuracy: 0.8247 - val_loss: 0.5133 - val_accuracy: 0.8334
Epoch 35/350
391/391 - 24s - loss: 0.5292 - accuracy: 0.8276 - val_loss: 0.5615 - val_accuracy: 0.8243
Epoch 36/350
391/391 - 23s - loss: 0.5189 - accuracy: 0.8288 - val_loss: 0.5146 - val_accuracy: 0.8371
Epoch 37/350
391/391 - 24s - loss: 0.5070 - accuracy: 0.8342 - val_loss: 0.5289 - val_accuracy: 0.8338
Epoch 38/350
391/391 - 24s - loss: 0.5112 - accuracy: 0.8331 - val_loss: 0.5289 - val_accuracy: 0.8333
Epoch 39/350
391/391 - 23s - loss: 0.4935 - accuracy: 0.8393 - val_loss: 0.5047 - val_accuracy: 0.8372
Epoch 40/350
391/391 - 23s - loss: 0.4808 - accuracy: 0.8428 - val_loss: 0.4793 - val_accuracy: 0.8480
Epoch 41/350
391/391 - 24s - loss: 0.4806 - accuracy: 0.8426 - val_loss: 0.4673 - val_accuracy: 0.8506
Epoch 42/350
391/391 - 24s - loss: 0.4722 - accuracy: 0.8473 - val_loss: 0.5081 - val_accuracy: 0.8342
Epoch 43/350
391/391 - 23s - loss: 0.4616 - accuracy: 0.8482 - val_loss: 0.4943 - val_accuracy: 0.8439
Epoch 44/350
391/391 - 23s - loss: 0.4600 - accuracy: 0.8498 - val_loss: 0.4793 - val_accuracy: 0.8490
Epoch 45/350
391/391 - 24s - loss: 0.4465 - accuracy: 0.8574 - val_loss: 0.5037 - val_accuracy: 0.8380
Epoch 46/350
391/391 - 24s - loss: 0.4435 - accuracy: 0.8557 - val_loss: 0.4585 - val_accuracy: 0.8550
Epoch 47/350
391/391 - 23s - loss: 0.4371 - accuracy: 0.8598 - val_loss: 0.4555 - val_accuracy: 0.8608
Epoch 48/350
391/391 - 24s - loss: 0.4331 - accuracy: 0.8612 - val_loss: 0.4667 - val_accuracy: 0.8555
Epoch 49/350
391/391 - 23s - loss: 0.4317 - accuracy: 0.8587 - val_loss: 0.4835 - val_accuracy: 0.8505
Epoch 50/350


Snapshot weight 6 shuffle 0 at epoch 50
Layer 11
Getting activations...


391/391 - 24s - loss: 0.4236 - accuracy: 0.8632 - val_loss: 0.4897 - val_accuracy: 0.8469
Epoch 51/350
391/391 - 23s - loss: 0.4160 - accuracy: 0.8652 - val_loss: 0.4760 - val_accuracy: 0.8527
Epoch 52/350
391/391 - 23s - loss: 0.4117 - accuracy: 0.8689 - val_loss: 0.4537 - val_accuracy: 0.8582
Epoch 53/350
391/391 - 23s - loss: 0.4080 - accuracy: 0.8689 - val_loss: 0.4435 - val_accuracy: 0.8628
Epoch 54/350
391/391 - 23s - loss: 0.4056 - accuracy: 0.8704 - val_loss: 0.4328 - val_accuracy: 0.8664
Epoch 55/350
391/391 - 23s - loss: 0.3959 - accuracy: 0.8731 - val_loss: 0.4493 - val_accuracy: 0.8607
Epoch 56/350
391/391 - 23s - loss: 0.3895 - accuracy: 0.8756 - val_loss: 0.4535 - val_accuracy: 0.8621
Epoch 57/350
391/391 - 23s - loss: 0.3838 - accuracy: 0.8790 - val_loss: 0.4394 - val_accuracy: 0.8691
Epoch 58/350
391/391 - 24s - loss: 0.3864 - accuracy: 0.8754 - val_loss: 0.4451 - val_accuracy: 0.8653
Epoch 59/350
391/391 - 23s - loss: 0.3805 - accuracy: 0.8787 - val_loss: 0.4784 - val_accuracy: 0.8522
Epoch 60/350
391/391 - 24s - loss: 0.3729 - accuracy: 0.8819 - val_loss: 0.4392 - val_accuracy: 0.8712
Epoch 61/350
391/391 - 23s - loss: 0.3769 - accuracy: 0.8792 - val_loss: 0.4497 - val_accuracy: 0.8640
Epoch 62/350
391/391 - 23s - loss: 0.3680 - accuracy: 0.8829 - val_loss: 0.4247 - val_accuracy: 0.8705
Epoch 63/350
391/391 - 23s - loss: 0.3620 - accuracy: 0.8852 - val_loss: 0.4200 - val_accuracy: 0.8730
Epoch 64/350
391/391 - 24s - loss: 0.3584 - accuracy: 0.8866 - val_loss: 0.4509 - val_accuracy: 0.8605
Epoch 65/350
391/391 - 23s - loss: 0.3599 - accuracy: 0.8857 - val_loss: 0.4574 - val_accuracy: 0.8634
Epoch 66/350
391/391 - 23s - loss: 0.3500 - accuracy: 0.8884 - val_loss: 0.4155 - val_accuracy: 0.8726
Epoch 67/350
391/391 - 23s - loss: 0.3492 - accuracy: 0.8887 - val_loss: 0.4133 - val_accuracy: 0.8781
Epoch 68/350
391/391 - 23s - loss: 0.3436 - accuracy: 0.8905 - val_loss: 0.4201 - val_accuracy: 0.8761
Epoch 69/350
391/391 - 23s - loss: 0.3413 - accuracy: 0.8931 - val_loss: 0.4275 - val_accuracy: 0.8728
Epoch 70/350
391/391 - 24s - loss: 0.3421 - accuracy: 0.8917 - val_loss: 0.4239 - val_accuracy: 0.8731
Epoch 71/350
391/391 - 24s - loss: 0.3339 - accuracy: 0.8959 - val_loss: 0.4206 - val_accuracy: 0.8767
Epoch 72/350
391/391 - 24s - loss: 0.3324 - accuracy: 0.8946 - val_loss: 0.4398 - val_accuracy: 0.8725
Epoch 73/350
391/391 - 24s - loss: 0.3292 - accuracy: 0.8968 - val_loss: 0.4213 - val_accuracy: 0.8786
Epoch 74/350
391/391 - 23s - loss: 0.3242 - accuracy: 0.8979 - val_loss: 0.4083 - val_accuracy: 0.8800
Epoch 75/350
391/391 - 23s - loss: 0.3322 - accuracy: 0.8946 - val_loss: 0.4413 - val_accuracy: 0.8722
Epoch 76/350
391/391 - 23s - loss: 0.3164 - accuracy: 0.9004 - val_loss: 0.4228 - val_accuracy: 0.8736
Epoch 77/350
391/391 - 23s - loss: 0.3179 - accuracy: 0.9012 - val_loss: 0.4142 - val_accuracy: 0.8817
Epoch 78/350
391/391 - 23s - loss: 0.3084 - accuracy: 0.9039 - val_loss: 0.4091 - val_accuracy: 0.8833
Epoch 79/350
391/391 - 24s - loss: 0.3100 - accuracy: 0.9035 - val_loss: 0.4707 - val_accuracy: 0.8632
Epoch 80/350
391/391 - 23s - loss: 0.3099 - accuracy: 0.9043 - val_loss: 0.4217 - val_accuracy: 0.8807
Epoch 81/350
391/391 - 23s - loss: 0.3012 - accuracy: 0.9062 - val_loss: 0.4086 - val_accuracy: 0.8774
Epoch 82/350
391/391 - 23s - loss: 0.3078 - accuracy: 0.9024 - val_loss: 0.4031 - val_accuracy: 0.8867
Epoch 83/350
391/391 - 24s - loss: 0.3004 - accuracy: 0.9063 - val_loss: 0.4105 - val_accuracy: 0.8783
Epoch 84/350
391/391 - 24s - loss: 0.2982 - accuracy: 0.9065 - val_loss: 0.4388 - val_accuracy: 0.8763
Epoch 85/350
391/391 - 23s - loss: 0.2985 - accuracy: 0.9072 - val_loss: 0.3977 - val_accuracy: 0.8833
Epoch 86/350
391/391 - 23s - loss: 0.2929 - accuracy: 0.9096 - val_loss: 0.4019 - val_accuracy: 0.8866
Epoch 87/350
391/391 - 24s - loss: 0.2911 - accuracy: 0.9104 - val_loss: 0.4252 - val_accuracy: 0.8741
Epoch 88/350
391/391 - 23s - loss: 0.2917 - accuracy: 0.9109 - val_loss: 0.4073 - val_accuracy: 0.8829
Epoch 89/350
391/391 - 24s - loss: 0.2858 - accuracy: 0.9119 - val_loss: 0.4108 - val_accuracy: 0.8811
Epoch 90/350
391/391 - 24s - loss: 0.2805 - accuracy: 0.9136 - val_loss: 0.4208 - val_accuracy: 0.8765
Epoch 91/350
391/391 - 23s - loss: 0.2829 - accuracy: 0.9127 - val_loss: 0.4076 - val_accuracy: 0.8832
Epoch 92/350
391/391 - 24s - loss: 0.2829 - accuracy: 0.9113 - val_loss: 0.4300 - val_accuracy: 0.8790
Epoch 93/350
391/391 - 23s - loss: 0.2807 - accuracy: 0.9136 - val_loss: 0.4190 - val_accuracy: 0.8809
Epoch 94/350
391/391 - 23s - loss: 0.2814 - accuracy: 0.9135 - val_loss: 0.4227 - val_accuracy: 0.8793
Epoch 95/350
391/391 - 23s - loss: 0.2740 - accuracy: 0.9164 - val_loss: 0.4326 - val_accuracy: 0.8804
Epoch 96/350
391/391 - 23s - loss: 0.2747 - accuracy: 0.9167 - val_loss: 0.4297 - val_accuracy: 0.8828
Epoch 97/350
391/391 - 23s - loss: 0.2713 - accuracy: 0.9167 - val_loss: 0.4063 - val_accuracy: 0.8809
Epoch 98/350
391/391 - 24s - loss: 0.2641 - accuracy: 0.9190 - val_loss: 0.4315 - val_accuracy: 0.8822
Epoch 99/350
391/391 - 23s - loss: 0.2638 - accuracy: 0.9199 - val_loss: 0.4220 - val_accuracy: 0.8839
Epoch 100/350


Snapshot weight 6 shuffle 0 at epoch 100
Layer 11
Getting activations...


391/391 - 24s - loss: 0.2627 - accuracy: 0.9207 - val_loss: 0.4439 - val_accuracy: 0.8798
Epoch 101/350
391/391 - 24s - loss: 0.2655 - accuracy: 0.9187 - val_loss: 0.4165 - val_accuracy: 0.8880
Epoch 102/350
391/391 - 23s - loss: 0.2611 - accuracy: 0.9207 - val_loss: 0.4340 - val_accuracy: 0.8842
Epoch 103/350
391/391 - 23s - loss: 0.2607 - accuracy: 0.9220 - val_loss: 0.4401 - val_accuracy: 0.8814
Epoch 104/350
391/391 - 24s - loss: 0.2570 - accuracy: 0.9226 - val_loss: 0.4072 - val_accuracy: 0.8872
Epoch 105/350
391/391 - 24s - loss: 0.2579 - accuracy: 0.9205 - val_loss: 0.4124 - val_accuracy: 0.8851
Epoch 106/350
391/391 - 24s - loss: 0.2542 - accuracy: 0.9237 - val_loss: 0.4328 - val_accuracy: 0.8792
Epoch 107/350
391/391 - 24s - loss: 0.2543 - accuracy: 0.9237 - val_loss: 0.4156 - val_accuracy: 0.8888
Epoch 108/350
391/391 - 23s - loss: 0.2482 - accuracy: 0.9261 - val_loss: 0.4186 - val_accuracy: 0.8868
Epoch 109/350
391/391 - 23s - loss: 0.2485 - accuracy: 0.9252 - val_loss: 0.4220 - val_accuracy: 0.8858
Epoch 110/350
391/391 - 24s - loss: 0.2476 - accuracy: 0.9263 - val_loss: 0.4035 - val_accuracy: 0.8889
Epoch 111/350
391/391 - 23s - loss: 0.2456 - accuracy: 0.9272 - val_loss: 0.4153 - val_accuracy: 0.8883
Epoch 112/350
391/391 - 24s - loss: 0.2414 - accuracy: 0.9288 - val_loss: 0.4130 - val_accuracy: 0.8873
Epoch 113/350
391/391 - 24s - loss: 0.2431 - accuracy: 0.9261 - val_loss: 0.4306 - val_accuracy: 0.8848
Epoch 114/350
391/391 - 23s - loss: 0.2429 - accuracy: 0.9276 - val_loss: 0.4323 - val_accuracy: 0.8842
Epoch 115/350
391/391 - 23s - loss: 0.2394 - accuracy: 0.9293 - val_loss: 0.4452 - val_accuracy: 0.8845
Epoch 116/350
391/391 - 23s - loss: 0.2395 - accuracy: 0.9283 - val_loss: 0.4232 - val_accuracy: 0.8891
Epoch 117/350
391/391 - 23s - loss: 0.2355 - accuracy: 0.9299 - val_loss: 0.4196 - val_accuracy: 0.8898
Epoch 118/350
391/391 - 23s - loss: 0.2360 - accuracy: 0.9309 - val_loss: 0.4049 - val_accuracy: 0.8898
Epoch 119/350
391/391 - 23s - loss: 0.2335 - accuracy: 0.9320 - val_loss: 0.4432 - val_accuracy: 0.8826
Epoch 120/350
391/391 - 23s - loss: 0.2379 - accuracy: 0.9288 - val_loss: 0.4175 - val_accuracy: 0.8877
Epoch 121/350
391/391 - 24s - loss: 0.2304 - accuracy: 0.9322 - val_loss: 0.4212 - val_accuracy: 0.8875
Epoch 122/350
391/391 - 23s - loss: 0.2334 - accuracy: 0.9303 - val_loss: 0.4238 - val_accuracy: 0.8893
Epoch 123/350
391/391 - 23s - loss: 0.2257 - accuracy: 0.9324 - val_loss: 0.4812 - val_accuracy: 0.8751
Epoch 124/350
391/391 - 24s - loss: 0.2352 - accuracy: 0.9298 - val_loss: 0.4190 - val_accuracy: 0.8888
Epoch 125/350
391/391 - 23s - loss: 0.2263 - accuracy: 0.9344 - val_loss: 0.4491 - val_accuracy: 0.8871
Epoch 126/350
391/391 - 23s - loss: 0.2275 - accuracy: 0.9341 - val_loss: 0.4370 - val_accuracy: 0.8891
Epoch 127/350
391/391 - 23s - loss: 0.2228 - accuracy: 0.9356 - val_loss: 0.4333 - val_accuracy: 0.8855
Epoch 128/350
391/391 - 23s - loss: 0.2257 - accuracy: 0.9341 - val_loss: 0.4271 - val_accuracy: 0.8883
Epoch 129/350
391/391 - 24s - loss: 0.2189 - accuracy: 0.9360 - val_loss: 0.4266 - val_accuracy: 0.8901
Epoch 130/350
391/391 - 24s - loss: 0.2217 - accuracy: 0.9363 - val_loss: 0.4041 - val_accuracy: 0.8943
Epoch 131/350
391/391 - 23s - loss: 0.2186 - accuracy: 0.9370 - val_loss: 0.3906 - val_accuracy: 0.8922
Epoch 132/350
391/391 - 23s - loss: 0.2125 - accuracy: 0.9400 - val_loss: 0.4306 - val_accuracy: 0.8895
Epoch 133/350
391/391 - 24s - loss: 0.2203 - accuracy: 0.9361 - val_loss: 0.4545 - val_accuracy: 0.8821
Epoch 134/350
391/391 - 24s - loss: 0.2155 - accuracy: 0.9372 - val_loss: 0.4224 - val_accuracy: 0.8898
Epoch 135/350
391/391 - 24s - loss: 0.2177 - accuracy: 0.9364 - val_loss: 0.4361 - val_accuracy: 0.8888
Epoch 136/350
391/391 - 23s - loss: 0.2146 - accuracy: 0.9398 - val_loss: 0.4310 - val_accuracy: 0.8930
Epoch 137/350
391/391 - 23s - loss: 0.2115 - accuracy: 0.9387 - val_loss: 0.4624 - val_accuracy: 0.8858
Epoch 138/350
391/391 - 24s - loss: 0.2141 - accuracy: 0.9386 - val_loss: 0.4211 - val_accuracy: 0.8912
Epoch 139/350
391/391 - 24s - loss: 0.2097 - accuracy: 0.9388 - val_loss: 0.4291 - val_accuracy: 0.8925
Epoch 140/350
391/391 - 23s - loss: 0.2107 - accuracy: 0.9408 - val_loss: 0.4435 - val_accuracy: 0.8920
Epoch 141/350
391/391 - 23s - loss: 0.2075 - accuracy: 0.9423 - val_loss: 0.4244 - val_accuracy: 0.8948
Epoch 142/350
391/391 - 23s - loss: 0.2047 - accuracy: 0.9419 - val_loss: 0.4152 - val_accuracy: 0.8957
Epoch 143/350
391/391 - 24s - loss: 0.2051 - accuracy: 0.9417 - val_loss: 0.4318 - val_accuracy: 0.8969
Epoch 144/350
391/391 - 23s - loss: 0.2057 - accuracy: 0.9415 - val_loss: 0.4689 - val_accuracy: 0.8840
Epoch 145/350
391/391 - 24s - loss: 0.2058 - accuracy: 0.9421 - val_loss: 0.4396 - val_accuracy: 0.8900
Epoch 146/350
391/391 - 24s - loss: 0.2004 - accuracy: 0.9436 - val_loss: 0.4301 - val_accuracy: 0.8953
Epoch 147/350
391/391 - 23s - loss: 0.2011 - accuracy: 0.9442 - val_loss: 0.4441 - val_accuracy: 0.8914
Epoch 148/350
391/391 - 23s - loss: 0.2002 - accuracy: 0.9435 - val_loss: 0.4197 - val_accuracy: 0.8918
Epoch 149/350
391/391 - 23s - loss: 0.2024 - accuracy: 0.9425 - val_loss: 0.4289 - val_accuracy: 0.8942
Epoch 150/350


Snapshot weight 6 shuffle 0 at epoch 150
Layer 11
Getting activations...


391/391 - 24s - loss: 0.1989 - accuracy: 0.9448 - val_loss: 0.4364 - val_accuracy: 0.8965
Epoch 151/350
391/391 - 23s - loss: 0.1938 - accuracy: 0.9472 - val_loss: 0.4640 - val_accuracy: 0.8922
Epoch 152/350
391/391 - 23s - loss: 0.2033 - accuracy: 0.9436 - val_loss: 0.4776 - val_accuracy: 0.8869
Epoch 153/350
391/391 - 23s - loss: 0.1972 - accuracy: 0.9440 - val_loss: 0.4278 - val_accuracy: 0.8976
Epoch 154/350
391/391 - 23s - loss: 0.1975 - accuracy: 0.9456 - val_loss: 0.4408 - val_accuracy: 0.8932
Epoch 155/350
391/391 - 23s - loss: 0.1968 - accuracy: 0.9447 - val_loss: 0.4195 - val_accuracy: 0.8964
Epoch 156/350
391/391 - 24s - loss: 0.1976 - accuracy: 0.9455 - val_loss: 0.4690 - val_accuracy: 0.8921
Epoch 157/350
391/391 - 23s - loss: 0.1925 - accuracy: 0.9467 - val_loss: 0.4532 - val_accuracy: 0.8912
Epoch 158/350
391/391 - 23s - loss: 0.1961 - accuracy: 0.9454 - val_loss: 0.4296 - val_accuracy: 0.8968
Epoch 159/350
391/391 - 23s - loss: 0.1894 - accuracy: 0.9477 - val_loss: 0.4278 - val_accuracy: 0.8953
Epoch 160/350
391/391 - 23s - loss: 0.1895 - accuracy: 0.9484 - val_loss: 0.4739 - val_accuracy: 0.8950
Epoch 161/350
391/391 - 23s - loss: 0.1903 - accuracy: 0.9479 - val_loss: 0.4368 - val_accuracy: 0.8932
Epoch 162/350
391/391 - 23s - loss: 0.1907 - accuracy: 0.9479 - val_loss: 0.4193 - val_accuracy: 0.8968
Epoch 163/350
391/391 - 23s - loss: 0.1864 - accuracy: 0.9496 - val_loss: 0.4718 - val_accuracy: 0.8962
Epoch 164/350
391/391 - 23s - loss: 0.1938 - accuracy: 0.9465 - val_loss: 0.4342 - val_accuracy: 0.8912
Epoch 165/350
391/391 - 24s - loss: 0.1845 - accuracy: 0.9500 - val_loss: 0.4734 - val_accuracy: 0.8933
Epoch 166/350
391/391 - 23s - loss: 0.1883 - accuracy: 0.9493 - val_loss: 0.4358 - val_accuracy: 0.8947
Epoch 167/350
391/391 - 23s - loss: 0.1883 - accuracy: 0.9474 - val_loss: 0.4253 - val_accuracy: 0.8948
Epoch 168/350
391/391 - 24s - loss: 0.1864 - accuracy: 0.9499 - val_loss: 0.4538 - val_accuracy: 0.8948
Epoch 169/350
391/391 - 23s - loss: 0.1838 - accuracy: 0.9503 - val_loss: 0.4822 - val_accuracy: 0.8904
Epoch 170/350
391/391 - 23s - loss: 0.1836 - accuracy: 0.9498 - val_loss: 0.4623 - val_accuracy: 0.8942
Epoch 171/350
391/391 - 23s - loss: 0.1814 - accuracy: 0.9515 - val_loss: 0.4679 - val_accuracy: 0.8973
Epoch 172/350
391/391 - 23s - loss: 0.1860 - accuracy: 0.9501 - val_loss: 0.4438 - val_accuracy: 0.8937
Epoch 173/350
391/391 - 24s - loss: 0.1805 - accuracy: 0.9513 - val_loss: 0.4587 - val_accuracy: 0.8946
Epoch 174/350
391/391 - 23s - loss: 0.1813 - accuracy: 0.9515 - val_loss: 0.4581 - val_accuracy: 0.8959
Epoch 175/350
391/391 - 23s - loss: 0.1832 - accuracy: 0.9510 - val_loss: 0.4581 - val_accuracy: 0.8929
Epoch 176/350
391/391 - 23s - loss: 0.1807 - accuracy: 0.9528 - val_loss: 0.4648 - val_accuracy: 0.8939
Epoch 177/350
391/391 - 23s - loss: 0.1794 - accuracy: 0.9514 - val_loss: 0.4259 - val_accuracy: 0.8981
Epoch 178/350
391/391 - 23s - loss: 0.1763 - accuracy: 0.9537 - val_loss: 0.4405 - val_accuracy: 0.8982
Epoch 179/350
391/391 - 23s - loss: 0.1767 - accuracy: 0.9535 - val_loss: 0.4829 - val_accuracy: 0.8921
Epoch 180/350
391/391 - 24s - loss: 0.1799 - accuracy: 0.9526 - val_loss: 0.4402 - val_accuracy: 0.8932
Epoch 181/350
391/391 - 23s - loss: 0.1767 - accuracy: 0.9528 - val_loss: 0.4358 - val_accuracy: 0.8965
Epoch 182/350
391/391 - 24s - loss: 0.1783 - accuracy: 0.9521 - val_loss: 0.4462 - val_accuracy: 0.8975
Epoch 183/350
391/391 - 23s - loss: 0.1748 - accuracy: 0.9531 - val_loss: 0.4635 - val_accuracy: 0.8955
Epoch 184/350
391/391 - 24s - loss: 0.1747 - accuracy: 0.9544 - val_loss: 0.4834 - val_accuracy: 0.8903
Epoch 185/350
391/391 - 23s - loss: 0.1743 - accuracy: 0.9536 - val_loss: 0.4618 - val_accuracy: 0.8977
Epoch 186/350
391/391 - 23s - loss: 0.1775 - accuracy: 0.9532 - val_loss: 0.4442 - val_accuracy: 0.8980
Epoch 187/350
391/391 - 24s - loss: 0.1734 - accuracy: 0.9547 - val_loss: 0.4432 - val_accuracy: 0.8991
Epoch 188/350
391/391 - 23s - loss: 0.1716 - accuracy: 0.9545 - val_loss: 0.4559 - val_accuracy: 0.8961
Epoch 189/350
391/391 - 23s - loss: 0.1737 - accuracy: 0.9549 - val_loss: 0.4514 - val_accuracy: 0.8983
Epoch 190/350
391/391 - 23s - loss: 0.1715 - accuracy: 0.9556 - val_loss: 0.4631 - val_accuracy: 0.8974
Epoch 191/350
391/391 - 24s - loss: 0.1711 - accuracy: 0.9554 - val_loss: 0.4891 - val_accuracy: 0.8927
Epoch 192/350
391/391 - 23s - loss: 0.1695 - accuracy: 0.9560 - val_loss: 0.4716 - val_accuracy: 0.9000
Epoch 193/350
391/391 - 23s - loss: 0.1739 - accuracy: 0.9553 - val_loss: 0.4397 - val_accuracy: 0.8993
Epoch 194/350
391/391 - 23s - loss: 0.1711 - accuracy: 0.9557 - val_loss: 0.4380 - val_accuracy: 0.8994
Epoch 195/350
391/391 - 24s - loss: 0.1691 - accuracy: 0.9559 - val_loss: 0.4827 - val_accuracy: 0.8914
Epoch 196/350
391/391 - 23s - loss: 0.1695 - accuracy: 0.9560 - val_loss: 0.4502 - val_accuracy: 0.9009
Epoch 197/350
391/391 - 23s - loss: 0.1651 - accuracy: 0.9569 - val_loss: 0.4984 - val_accuracy: 0.8938
Epoch 198/350
391/391 - 23s - loss: 0.1684 - accuracy: 0.9573 - val_loss: 0.4482 - val_accuracy: 0.8982
Epoch 199/350
391/391 - 23s - loss: 0.1667 - accuracy: 0.9578 - val_loss: 0.4556 - val_accuracy: 0.9031
Epoch 200/350


Snapshot weight 6 shuffle 0 at epoch 200
Layer 11
Getting activations...


391/391 - 24s - loss: 0.1656 - accuracy: 0.9582 - val_loss: 0.4491 - val_accuracy: 0.8982
Epoch 201/350
391/391 - 23s - loss: 0.1410 - accuracy: 0.9657 - val_loss: 0.4339 - val_accuracy: 0.9056
Epoch 202/350
391/391 - 23s - loss: 0.1274 - accuracy: 0.9719 - val_loss: 0.4367 - val_accuracy: 0.9066
Epoch 203/350
391/391 - 23s - loss: 0.1269 - accuracy: 0.9703 - val_loss: 0.4386 - val_accuracy: 0.9080
Epoch 204/350
391/391 - 23s - loss: 0.1222 - accuracy: 0.9726 - val_loss: 0.4459 - val_accuracy: 0.9067
Epoch 205/350
391/391 - 23s - loss: 0.1204 - accuracy: 0.9747 - val_loss: 0.4474 - val_accuracy: 0.9090
Epoch 206/350
391/391 - 23s - loss: 0.1219 - accuracy: 0.9737 - val_loss: 0.4473 - val_accuracy: 0.9095
Epoch 207/350
391/391 - 24s - loss: 0.1191 - accuracy: 0.9744 - val_loss: 0.4545 - val_accuracy: 0.9068
Epoch 208/350
391/391 - 23s - loss: 0.1188 - accuracy: 0.9744 - val_loss: 0.4480 - val_accuracy: 0.9088
Epoch 209/350
391/391 - 23s - loss: 0.1181 - accuracy: 0.9744 - val_loss: 0.4568 - val_accuracy: 0.9078
Epoch 210/350
391/391 - 23s - loss: 0.1204 - accuracy: 0.9743 - val_loss: 0.4601 - val_accuracy: 0.9088
Epoch 211/350
391/391 - 23s - loss: 0.1162 - accuracy: 0.9750 - val_loss: 0.4602 - val_accuracy: 0.9083
Epoch 212/350
391/391 - 23s - loss: 0.1138 - accuracy: 0.9763 - val_loss: 0.4626 - val_accuracy: 0.9072
Epoch 213/350
391/391 - 23s - loss: 0.1157 - accuracy: 0.9759 - val_loss: 0.4647 - val_accuracy: 0.9087
Epoch 214/350
391/391 - 23s - loss: 0.1146 - accuracy: 0.9762 - val_loss: 0.4585 - val_accuracy: 0.9082
Epoch 215/350
391/391 - 23s - loss: 0.1153 - accuracy: 0.9758 - val_loss: 0.4589 - val_accuracy: 0.9098
Epoch 216/350
391/391 - 23s - loss: 0.1130 - accuracy: 0.9765 - val_loss: 0.4617 - val_accuracy: 0.9092
Epoch 217/350
391/391 - 23s - loss: 0.1150 - accuracy: 0.9758 - val_loss: 0.4655 - val_accuracy: 0.9088
Epoch 218/350
391/391 - 24s - loss: 0.1135 - accuracy: 0.9764 - val_loss: 0.4717 - val_accuracy: 0.9078
Epoch 219/350
391/391 - 23s - loss: 0.1123 - accuracy: 0.9755 - val_loss: 0.4704 - val_accuracy: 0.9091
Epoch 220/350
391/391 - 23s - loss: 0.1105 - accuracy: 0.9771 - val_loss: 0.4744 - val_accuracy: 0.9093
Epoch 221/350
391/391 - 23s - loss: 0.1155 - accuracy: 0.9758 - val_loss: 0.4688 - val_accuracy: 0.9092
Epoch 222/350
391/391 - 23s - loss: 0.1108 - accuracy: 0.9774 - val_loss: 0.4613 - val_accuracy: 0.9099
Epoch 223/350
391/391 - 23s - loss: 0.1125 - accuracy: 0.9766 - val_loss: 0.4687 - val_accuracy: 0.9092
Epoch 224/350
391/391 - 24s - loss: 0.1122 - accuracy: 0.9765 - val_loss: 0.4782 - val_accuracy: 0.9071
Epoch 225/350
391/391 - 23s - loss: 0.1099 - accuracy: 0.9772 - val_loss: 0.4732 - val_accuracy: 0.9078
Epoch 226/350
391/391 - 24s - loss: 0.1095 - accuracy: 0.9770 - val_loss: 0.4761 - val_accuracy: 0.9088
Epoch 227/350
391/391 - 23s - loss: 0.1101 - accuracy: 0.9767 - val_loss: 0.4734 - val_accuracy: 0.9087
Epoch 228/350
391/391 - 24s - loss: 0.1120 - accuracy: 0.9761 - val_loss: 0.4797 - val_accuracy: 0.9072
Epoch 229/350
391/391 - 23s - loss: 0.1099 - accuracy: 0.9769 - val_loss: 0.4746 - val_accuracy: 0.9084
Epoch 230/350
391/391 - 23s - loss: 0.1075 - accuracy: 0.9778 - val_loss: 0.4760 - val_accuracy: 0.9097
Epoch 231/350
391/391 - 23s - loss: 0.1103 - accuracy: 0.9767 - val_loss: 0.4742 - val_accuracy: 0.9090
Epoch 232/350
391/391 - 23s - loss: 0.1095 - accuracy: 0.9771 - val_loss: 0.4781 - val_accuracy: 0.9089
Epoch 233/350
391/391 - 24s - loss: 0.1081 - accuracy: 0.9780 - val_loss: 0.4786 - val_accuracy: 0.9085
Epoch 234/350
391/391 - 23s - loss: 0.1084 - accuracy: 0.9779 - val_loss: 0.4777 - val_accuracy: 0.9090
Epoch 235/350
391/391 - 23s - loss: 0.1089 - accuracy: 0.9774 - val_loss: 0.4752 - val_accuracy: 0.9092
Epoch 236/350
391/391 - 23s - loss: 0.1092 - accuracy: 0.9777 - val_loss: 0.4757 - val_accuracy: 0.9083
Epoch 237/350
391/391 - 23s - loss: 0.1072 - accuracy: 0.9784 - val_loss: 0.4740 - val_accuracy: 0.9086
Epoch 238/350
391/391 - 23s - loss: 0.1046 - accuracy: 0.9791 - val_loss: 0.4882 - val_accuracy: 0.9082
Epoch 239/350
391/391 - 23s - loss: 0.1082 - accuracy: 0.9777 - val_loss: 0.4847 - val_accuracy: 0.9092
Epoch 240/350
391/391 - 23s - loss: 0.1070 - accuracy: 0.9788 - val_loss: 0.4896 - val_accuracy: 0.9069
Epoch 241/350
391/391 - 23s - loss: 0.1067 - accuracy: 0.9784 - val_loss: 0.4781 - val_accuracy: 0.9085
Epoch 242/350
391/391 - 23s - loss: 0.1080 - accuracy: 0.9772 - val_loss: 0.4713 - val_accuracy: 0.9101
Epoch 243/350
391/391 - 23s - loss: 0.1089 - accuracy: 0.9779 - val_loss: 0.4773 - val_accuracy: 0.9088
Epoch 244/350
391/391 - 23s - loss: 0.1057 - accuracy: 0.9791 - val_loss: 0.4893 - val_accuracy: 0.9069
Epoch 245/350
391/391 - 24s - loss: 0.1043 - accuracy: 0.9796 - val_loss: 0.4904 - val_accuracy: 0.9073
Epoch 246/350
391/391 - 23s - loss: 0.1087 - accuracy: 0.9773 - val_loss: 0.4868 - val_accuracy: 0.9081
Epoch 247/350
391/391 - 23s - loss: 0.1067 - accuracy: 0.9781 - val_loss: 0.4856 - val_accuracy: 0.9074
Epoch 248/350
391/391 - 23s - loss: 0.1059 - accuracy: 0.9781 - val_loss: 0.4861 - val_accuracy: 0.9079
Epoch 249/350
391/391 - 24s - loss: 0.1064 - accuracy: 0.9786 - val_loss: 0.4892 - val_accuracy: 0.9083
Epoch 250/350


Snapshot weight 6 shuffle 0 at epoch 250
Layer 11
Getting activations...


391/391 - 24s - loss: 0.1067 - accuracy: 0.9789 - val_loss: 0.4795 - val_accuracy: 0.9088
Epoch 251/350
391/391 - 23s - loss: 0.1021 - accuracy: 0.9803 - val_loss: 0.4807 - val_accuracy: 0.9101
Epoch 252/350
391/391 - 24s - loss: 0.1054 - accuracy: 0.9784 - val_loss: 0.4829 - val_accuracy: 0.9087
Epoch 253/350
391/391 - 24s - loss: 0.1045 - accuracy: 0.9794 - val_loss: 0.4828 - val_accuracy: 0.9094
Epoch 254/350
391/391 - 23s - loss: 0.1020 - accuracy: 0.9800 - val_loss: 0.4837 - val_accuracy: 0.9103
Epoch 255/350
391/391 - 23s - loss: 0.1037 - accuracy: 0.9797 - val_loss: 0.4839 - val_accuracy: 0.9089
Epoch 256/350
391/391 - 23s - loss: 0.1013 - accuracy: 0.9809 - val_loss: 0.4863 - val_accuracy: 0.9089
Epoch 257/350
391/391 - 23s - loss: 0.1023 - accuracy: 0.9805 - val_loss: 0.4844 - val_accuracy: 0.9087
Epoch 258/350
391/391 - 23s - loss: 0.1037 - accuracy: 0.9794 - val_loss: 0.4844 - val_accuracy: 0.9090
Epoch 259/350
391/391 - 23s - loss: 0.1025 - accuracy: 0.9802 - val_loss: 0.4863 - val_accuracy: 0.9089
Epoch 260/350
391/391 - 24s - loss: 0.1036 - accuracy: 0.9796 - val_loss: 0.4833 - val_accuracy: 0.9099
Epoch 261/350
391/391 - 24s - loss: 0.1005 - accuracy: 0.9806 - val_loss: 0.4856 - val_accuracy: 0.9095
Epoch 262/350
391/391 - 24s - loss: 0.1027 - accuracy: 0.9800 - val_loss: 0.4856 - val_accuracy: 0.9087
Epoch 263/350
391/391 - 23s - loss: 0.1016 - accuracy: 0.9795 - val_loss: 0.4867 - val_accuracy: 0.9094
Epoch 264/350
391/391 - 23s - loss: 0.1026 - accuracy: 0.9801 - val_loss: 0.4868 - val_accuracy: 0.9085
Epoch 265/350
391/391 - 23s - loss: 0.1015 - accuracy: 0.9804 - val_loss: 0.4881 - val_accuracy: 0.9090
Epoch 266/350
391/391 - 23s - loss: 0.0998 - accuracy: 0.9814 - val_loss: 0.4847 - val_accuracy: 0.9097
Epoch 267/350
391/391 - 23s - loss: 0.1022 - accuracy: 0.9800 - val_loss: 0.4864 - val_accuracy: 0.9093
Epoch 268/350
391/391 - 23s - loss: 0.1027 - accuracy: 0.9798 - val_loss: 0.4864 - val_accuracy: 0.9096
Epoch 269/350
391/391 - 23s - loss: 0.1037 - accuracy: 0.9795 - val_loss: 0.4855 - val_accuracy: 0.9096
Epoch 270/350
391/391 - 24s - loss: 0.1002 - accuracy: 0.9811 - val_loss: 0.4847 - val_accuracy: 0.9089
Epoch 271/350
391/391 - 23s - loss: 0.1011 - accuracy: 0.9802 - val_loss: 0.4851 - val_accuracy: 0.9090
Epoch 272/350
391/391 - 23s - loss: 0.1018 - accuracy: 0.9804 - val_loss: 0.4882 - val_accuracy: 0.9093
Epoch 273/350
391/391 - 23s - loss: 0.1032 - accuracy: 0.9795 - val_loss: 0.4878 - val_accuracy: 0.9089
Epoch 274/350
391/391 - 24s - loss: 0.1035 - accuracy: 0.9797 - val_loss: 0.4882 - val_accuracy: 0.9085
Epoch 275/350
391/391 - 23s - loss: 0.0989 - accuracy: 0.9818 - val_loss: 0.4868 - val_accuracy: 0.9088
Epoch 276/350
391/391 - 23s - loss: 0.1013 - accuracy: 0.9804 - val_loss: 0.4884 - val_accuracy: 0.9084
Epoch 277/350
391/391 - 23s - loss: 0.1011 - accuracy: 0.9804 - val_loss: 0.4885 - val_accuracy: 0.9087
Epoch 278/350
391/391 - 23s - loss: 0.1043 - accuracy: 0.9795 - val_loss: 0.4881 - val_accuracy: 0.9084
Epoch 279/350
391/391 - 23s - loss: 0.0996 - accuracy: 0.9804 - val_loss: 0.4891 - val_accuracy: 0.9087
Epoch 280/350
391/391 - 24s - loss: 0.0998 - accuracy: 0.9812 - val_loss: 0.4884 - val_accuracy: 0.9089
Epoch 281/350
391/391 - 23s - loss: 0.1022 - accuracy: 0.9806 - val_loss: 0.4870 - val_accuracy: 0.9085
Epoch 282/350
391/391 - 24s - loss: 0.1019 - accuracy: 0.9795 - val_loss: 0.4870 - val_accuracy: 0.9089
Epoch 283/350
391/391 - 23s - loss: 0.0996 - accuracy: 0.9806 - val_loss: 0.4875 - val_accuracy: 0.9097
Epoch 284/350
391/391 - 23s - loss: 0.1023 - accuracy: 0.9805 - val_loss: 0.4893 - val_accuracy: 0.9092
Epoch 285/350
391/391 - 23s - loss: 0.0977 - accuracy: 0.9820 - val_loss: 0.4897 - val_accuracy: 0.9084
Epoch 286/350
391/391 - 23s - loss: 0.1004 - accuracy: 0.9808 - val_loss: 0.4896 - val_accuracy: 0.9092
Epoch 287/350
391/391 - 23s - loss: 0.1026 - accuracy: 0.9803 - val_loss: 0.4906 - val_accuracy: 0.9086
Epoch 288/350
391/391 - 24s - loss: 0.1010 - accuracy: 0.9797 - val_loss: 0.4896 - val_accuracy: 0.9094
Epoch 289/350
391/391 - 23s - loss: 0.1024 - accuracy: 0.9803 - val_loss: 0.4880 - val_accuracy: 0.9088
Epoch 290/350
391/391 - 23s - loss: 0.1009 - accuracy: 0.9804 - val_loss: 0.4887 - val_accuracy: 0.9088
Epoch 291/350
391/391 - 24s - loss: 0.1003 - accuracy: 0.9806 - val_loss: 0.4879 - val_accuracy: 0.9084
Epoch 292/350
391/391 - 23s - loss: 0.1015 - accuracy: 0.9810 - val_loss: 0.4878 - val_accuracy: 0.9092
Epoch 293/350
391/391 - 24s - loss: 0.1022 - accuracy: 0.9798 - val_loss: 0.4896 - val_accuracy: 0.9091
Epoch 294/350
391/391 - 23s - loss: 0.0999 - accuracy: 0.9815 - val_loss: 0.4905 - val_accuracy: 0.9087
Epoch 295/350
391/391 - 23s - loss: 0.1005 - accuracy: 0.9805 - val_loss: 0.4884 - val_accuracy: 0.9106
Epoch 296/350
391/391 - 23s - loss: 0.1011 - accuracy: 0.9802 - val_loss: 0.4865 - val_accuracy: 0.9096
Epoch 297/350
391/391 - 24s - loss: 0.1018 - accuracy: 0.9801 - val_loss: 0.4873 - val_accuracy: 0.9091
Epoch 298/350
391/391 - 23s - loss: 0.0993 - accuracy: 0.9808 - val_loss: 0.4886 - val_accuracy: 0.9092
Epoch 299/350
391/391 - 24s - loss: 0.0996 - accuracy: 0.9810 - val_loss: 0.4899 - val_accuracy: 0.9088
Epoch 300/350


Snapshot weight 6 shuffle 0 at epoch 300
Layer 11
Getting activations...


391/391 - 24s - loss: 0.1010 - accuracy: 0.9809 - val_loss: 0.4912 - val_accuracy: 0.9088
Epoch 301/350
391/391 - 23s - loss: 0.1015 - accuracy: 0.9803 - val_loss: 0.4909 - val_accuracy: 0.9090
Epoch 302/350
391/391 - 23s - loss: 0.0995 - accuracy: 0.9809 - val_loss: 0.4906 - val_accuracy: 0.9092
Epoch 303/350
391/391 - 24s - loss: 0.0999 - accuracy: 0.9810 - val_loss: 0.4907 - val_accuracy: 0.9093
Epoch 304/350
391/391 - 23s - loss: 0.1000 - accuracy: 0.9805 - val_loss: 0.4908 - val_accuracy: 0.9091
Epoch 305/350
391/391 - 23s - loss: 0.0990 - accuracy: 0.9814 - val_loss: 0.4908 - val_accuracy: 0.9094
Epoch 306/350
391/391 - 23s - loss: 0.0996 - accuracy: 0.9799 - val_loss: 0.4908 - val_accuracy: 0.9091
Epoch 307/350
391/391 - 23s - loss: 0.1008 - accuracy: 0.9810 - val_loss: 0.4911 - val_accuracy: 0.9091
Epoch 308/350
391/391 - 23s - loss: 0.1020 - accuracy: 0.9799 - val_loss: 0.4912 - val_accuracy: 0.9091
Epoch 309/350
391/391 - 23s - loss: 0.1025 - accuracy: 0.9804 - val_loss: 0.4910 - val_accuracy: 0.9090
Epoch 310/350
391/391 - 23s - loss: 0.1009 - accuracy: 0.9806 - val_loss: 0.4907 - val_accuracy: 0.9089
Epoch 311/350
391/391 - 23s - loss: 0.0992 - accuracy: 0.9809 - val_loss: 0.4906 - val_accuracy: 0.9093
Epoch 312/350
391/391 - 23s - loss: 0.0993 - accuracy: 0.9811 - val_loss: 0.4908 - val_accuracy: 0.9092
Epoch 313/350
391/391 - 24s - loss: 0.1018 - accuracy: 0.9811 - val_loss: 0.4906 - val_accuracy: 0.9091
Epoch 314/350
391/391 - 23s - loss: 0.1027 - accuracy: 0.9801 - val_loss: 0.4906 - val_accuracy: 0.9093
Epoch 315/350
391/391 - 23s - loss: 0.1019 - accuracy: 0.9807 - val_loss: 0.4902 - val_accuracy: 0.9092
Epoch 316/350
391/391 - 24s - loss: 0.0996 - accuracy: 0.9804 - val_loss: 0.4908 - val_accuracy: 0.9092
Epoch 317/350
391/391 - 24s - loss: 0.1013 - accuracy: 0.9801 - val_loss: 0.4907 - val_accuracy: 0.9092
Epoch 318/350
391/391 - 24s - loss: 0.1021 - accuracy: 0.9797 - val_loss: 0.4905 - val_accuracy: 0.9095
Epoch 319/350
391/391 - 24s - loss: 0.1028 - accuracy: 0.9796 - val_loss: 0.4906 - val_accuracy: 0.9090
Epoch 320/350
391/391 - 23s - loss: 0.1018 - accuracy: 0.9800 - val_loss: 0.4905 - val_accuracy: 0.9092
Epoch 321/350
391/391 - 23s - loss: 0.1017 - accuracy: 0.9803 - val_loss: 0.4901 - val_accuracy: 0.9091
Epoch 322/350
391/391 - 24s - loss: 0.1016 - accuracy: 0.9797 - val_loss: 0.4904 - val_accuracy: 0.9092
Epoch 323/350
391/391 - 23s - loss: 0.1027 - accuracy: 0.9800 - val_loss: 0.4902 - val_accuracy: 0.9089
Epoch 324/350
391/391 - 23s - loss: 0.0989 - accuracy: 0.9813 - val_loss: 0.4901 - val_accuracy: 0.9090
Epoch 325/350
391/391 - 23s - loss: 0.1022 - accuracy: 0.9808 - val_loss: 0.4900 - val_accuracy: 0.9090
Epoch 326/350
391/391 - 23s - loss: 0.1011 - accuracy: 0.9810 - val_loss: 0.4900 - val_accuracy: 0.9093
Epoch 327/350
391/391 - 24s - loss: 0.1011 - accuracy: 0.9798 - val_loss: 0.4904 - val_accuracy: 0.9090
Epoch 328/350
391/391 - 23s - loss: 0.1024 - accuracy: 0.9801 - val_loss: 0.4904 - val_accuracy: 0.9092
Epoch 329/350
391/391 - 24s - loss: 0.0999 - accuracy: 0.9811 - val_loss: 0.4904 - val_accuracy: 0.9092
Epoch 330/350
391/391 - 24s - loss: 0.0993 - accuracy: 0.9817 - val_loss: 0.4905 - val_accuracy: 0.9092
Epoch 331/350
391/391 - 23s - loss: 0.0983 - accuracy: 0.9813 - val_loss: 0.4904 - val_accuracy: 0.9092
Epoch 332/350
391/391 - 23s - loss: 0.0996 - accuracy: 0.9810 - val_loss: 0.4907 - val_accuracy: 0.9093
Epoch 333/350
391/391 - 23s - loss: 0.1011 - accuracy: 0.9801 - val_loss: 0.4907 - val_accuracy: 0.9091
Epoch 334/350
391/391 - 23s - loss: 0.0988 - accuracy: 0.9811 - val_loss: 0.4904 - val_accuracy: 0.9089
Epoch 335/350
391/391 - 23s - loss: 0.0999 - accuracy: 0.9813 - val_loss: 0.4904 - val_accuracy: 0.9093
Epoch 336/350
391/391 - 23s - loss: 0.1000 - accuracy: 0.9806 - val_loss: 0.4905 - val_accuracy: 0.9091
Epoch 337/350
391/391 - 23s - loss: 0.1015 - accuracy: 0.9810 - val_loss: 0.4906 - val_accuracy: 0.9090
Epoch 338/350
391/391 - 23s - loss: 0.1014 - accuracy: 0.9803 - val_loss: 0.4903 - val_accuracy: 0.9091
Epoch 339/350
391/391 - 24s - loss: 0.1019 - accuracy: 0.9797 - val_loss: 0.4903 - val_accuracy: 0.9091
Epoch 340/350
391/391 - 23s - loss: 0.1005 - accuracy: 0.9812 - val_loss: 0.4902 - val_accuracy: 0.9090
Epoch 341/350
391/391 - 23s - loss: 0.1004 - accuracy: 0.9812 - val_loss: 0.4902 - val_accuracy: 0.9089
Epoch 342/350
391/391 - 23s - loss: 0.0993 - accuracy: 0.9808 - val_loss: 0.4904 - val_accuracy: 0.9087
Epoch 343/350
391/391 - 24s - loss: 0.0979 - accuracy: 0.9815 - val_loss: 0.4908 - val_accuracy: 0.9091
Epoch 344/350
391/391 - 23s - loss: 0.1015 - accuracy: 0.9805 - val_loss: 0.4906 - val_accuracy: 0.9088
Epoch 345/350
391/391 - 23s - loss: 0.1001 - accuracy: 0.9805 - val_loss: 0.4905 - val_accuracy: 0.9090
Epoch 346/350
391/391 - 23s - loss: 0.0990 - accuracy: 0.9799 - val_loss: 0.4904 - val_accuracy: 0.9090
Epoch 347/350
391/391 - 23s - loss: 0.1030 - accuracy: 0.9797 - val_loss: 0.4900 - val_accuracy: 0.9091
Epoch 348/350
391/391 - 23s - loss: 0.1021 - accuracy: 0.9801 - val_loss: 0.4902 - val_accuracy: 0.9090
Epoch 349/350
391/391 - 23s - loss: 0.1009 - accuracy: 0.9808 - val_loss: 0.4903 - val_accuracy: 0.9088
Epoch 350/350


Snapshot weight 6 shuffle 0 at epoch 350
Layer 11
Getting activations...


391/391 - 24s - loss: 0.1008 - accuracy: 0.9807 - val_loss: 0.4900 - val_accuracy: 0.9089
/usr/local/lib/python3.6/dist-packages/tensorflow/python/autograph/impl/api.py:493: UserWarning: fill_value is not supported and is always 0 for TensorFlow < 2.4.0.
  return py_builtins.overload_of(f)(*args)
WARNING:tensorflow:From /usr/local/lib/python3.6/dist-packages/tensorflow/python/training/tracking/tracking.py:111: Model.state_updates (from tensorflow.python.keras.engine.training) is deprecated and will be removed in a future version.
Instructions for updating:
This property should not be used in TensorFlow 2.0, as updates are applied automatically.
2021-07-01 18:37:55.117134: W tensorflow/python/util/util.cc:348] Sets are not currently considered sequences, but this may change in the future, so consider avoiding using them.
WARNING:tensorflow:From /usr/local/lib/python3.6/dist-packages/tensorflow/python/training/tracking/tracking.py:111: Layer.updates (from tensorflow.python.keras.engine.base_layer) is deprecated and will be removed in a future version.
Instructions for updating:
This property should not be used in TensorFlow 2.0, as updates are applied automatically.
Saving, final validation acc: 0.9089000225067139
