2021-07-02 04:53:10.758524: I tensorflow/stream_executor/platform/default/dso_loader.cc:48] Successfully opened dynamic library libcudart.so.10.1
2021-07-02 04:54:32.476600: I tensorflow/stream_executor/platform/default/dso_loader.cc:48] Successfully opened dynamic library libcuda.so.1
2021-07-02 04:54:32.515084: I tensorflow/core/common_runtime/gpu/gpu_device.cc:1716] Found device 0 with properties: 
pciBusID: 0000:03:00.0 name: NVIDIA TITAN X (Pascal) computeCapability: 6.1
coreClock: 1.531GHz coreCount: 28 deviceMemorySize: 11.91GiB deviceMemoryBandwidth: 447.48GiB/s
2021-07-02 04:54:32.515200: I tensorflow/stream_executor/platform/default/dso_loader.cc:48] Successfully opened dynamic library libcudart.so.10.1
2021-07-02 04:54:32.561929: I tensorflow/stream_executor/platform/default/dso_loader.cc:48] Successfully opened dynamic library libcublas.so.10
2021-07-02 04:54:32.585945: I tensorflow/stream_executor/platform/default/dso_loader.cc:48] Successfully opened dynamic library libcufft.so.10
2021-07-02 04:54:32.596087: I tensorflow/stream_executor/platform/default/dso_loader.cc:48] Successfully opened dynamic library libcurand.so.10
2021-07-02 04:54:32.653253: I tensorflow/stream_executor/platform/default/dso_loader.cc:48] Successfully opened dynamic library libcusolver.so.10
2021-07-02 04:54:32.663800: I tensorflow/stream_executor/platform/default/dso_loader.cc:48] Successfully opened dynamic library libcusparse.so.10
2021-07-02 04:54:32.757318: I tensorflow/stream_executor/platform/default/dso_loader.cc:48] Successfully opened dynamic library libcudnn.so.7
2021-07-02 04:54:32.763441: I tensorflow/core/common_runtime/gpu/gpu_device.cc:1858] Adding visible gpu devices: 0
2021-07-02 04:54:32.768155: I tensorflow/core/platform/cpu_feature_guard.cc:142] This TensorFlow binary is optimized with oneAPI Deep Neural Network Library (oneDNN)to use the following CPU instructions in performance-critical operations:  AVX2 FMA
To enable them in other operations, rebuild TensorFlow with the appropriate compiler flags.
2021-07-02 04:54:32.785748: I tensorflow/core/platform/profile_utils/cpu_utils.cc:104] CPU Frequency: 2599865000 Hz
2021-07-02 04:54:32.785934: I tensorflow/compiler/xla/service/service.cc:168] XLA service 0x4f2fc40 initialized for platform Host (this does not guarantee that XLA will be used). Devices:
2021-07-02 04:54:32.785958: I tensorflow/compiler/xla/service/service.cc:176]   StreamExecutor device (0): Host, Default Version
2021-07-02 04:54:32.958070: I tensorflow/compiler/xla/service/service.cc:168] XLA service 0x4f10a00 initialized for platform CUDA (this does not guarantee that XLA will be used). Devices:
2021-07-02 04:54:32.958175: I tensorflow/compiler/xla/service/service.cc:176]   StreamExecutor device (0): NVIDIA TITAN X (Pascal), Compute Capability 6.1
2021-07-02 04:54:32.961915: I tensorflow/core/common_runtime/gpu/gpu_device.cc:1716] Found device 0 with properties: 
pciBusID: 0000:03:00.0 name: NVIDIA TITAN X (Pascal) computeCapability: 6.1
coreClock: 1.531GHz coreCount: 28 deviceMemorySize: 11.91GiB deviceMemoryBandwidth: 447.48GiB/s
2021-07-02 04:54:32.962038: I tensorflow/stream_executor/platform/default/dso_loader.cc:48] Successfully opened dynamic library libcudart.so.10.1
2021-07-02 04:54:32.962093: I tensorflow/stream_executor/platform/default/dso_loader.cc:48] Successfully opened dynamic library libcublas.so.10
2021-07-02 04:54:32.962116: I tensorflow/stream_executor/platform/default/dso_loader.cc:48] Successfully opened dynamic library libcufft.so.10
2021-07-02 04:54:32.962151: I tensorflow/stream_executor/platform/default/dso_loader.cc:48] Successfully opened dynamic library libcurand.so.10
2021-07-02 04:54:32.962171: I tensorflow/stream_executor/platform/default/dso_loader.cc:48] Successfully opened dynamic library libcusolver.so.10
2021-07-02 04:54:32.962190: I tensorflow/stream_executor/platform/default/dso_loader.cc:48] Successfully opened dynamic library libcusparse.so.10
2021-07-02 04:54:32.962783: I tensorflow/stream_executor/platform/default/dso_loader.cc:48] Successfully opened dynamic library libcudnn.so.7
2021-07-02 04:54:32.971926: I tensorflow/core/common_runtime/gpu/gpu_device.cc:1858] Adding visible gpu devices: 0
2021-07-02 04:54:32.974017: I tensorflow/stream_executor/platform/default/dso_loader.cc:48] Successfully opened dynamic library libcudart.so.10.1
2021-07-02 04:54:34.942150: I tensorflow/core/common_runtime/gpu/gpu_device.cc:1257] Device interconnect StreamExecutor with strength 1 edge matrix:
2021-07-02 04:54:34.942240: I tensorflow/core/common_runtime/gpu/gpu_device.cc:1263]      0 
2021-07-02 04:54:34.942254: I tensorflow/core/common_runtime/gpu/gpu_device.cc:1276] 0:   N 
2021-07-02 04:54:34.948515: I tensorflow/core/common_runtime/gpu/gpu_device.cc:1402] Created TensorFlow device (/job:localhost/replica:0/task:0/device:GPU:0 with 11228 MB memory) -> physical GPU (device: 0, name: NVIDIA TITAN X (Pascal), pci bus id: 0000:03:00.0, compute capability: 6.1)
2021-07-02 04:54:41.046537: I tensorflow/stream_executor/platform/default/dso_loader.cc:48] Successfully opened dynamic library libcudnn.so.7
2021-07-02 04:54:43.669663: I tensorflow/stream_executor/platform/default/dso_loader.cc:48] Successfully opened dynamic library libcublas.so.10
Using model index: 47
Making train data...
GCN...
ZCA...
Done!
Making test data...
Done!
Epoch 1/350


Snapshot weight 7 shuffle 4 at epoch 1
Layer 11
Getting activations...


391/391 - 25s - loss: 2.3185 - accuracy: 0.1109 - val_loss: 2.2374 - val_accuracy: 0.1713
Epoch 2/350


Snapshot weight 7 shuffle 4 at epoch 2
Layer 11
Getting activations...


391/391 - 25s - loss: 2.1313 - accuracy: 0.2249 - val_loss: 1.9541 - val_accuracy: 0.3177
Epoch 3/350


Snapshot weight 7 shuffle 4 at epoch 3
Layer 11
Getting activations...


391/391 - 25s - loss: 1.8863 - accuracy: 0.3403 - val_loss: 1.7320 - val_accuracy: 0.4199
Epoch 4/350


Snapshot weight 7 shuffle 4 at epoch 4
Layer 11
Getting activations...


391/391 - 25s - loss: 1.6742 - accuracy: 0.4347 - val_loss: 1.6607 - val_accuracy: 0.4396
Epoch 5/350


Snapshot weight 7 shuffle 4 at epoch 5
Layer 11
Getting activations...


391/391 - 25s - loss: 1.5604 - accuracy: 0.4796 - val_loss: 1.4254 - val_accuracy: 0.5349
Epoch 6/350


Snapshot weight 7 shuffle 4 at epoch 6
Layer 11
Getting activations...


391/391 - 25s - loss: 1.4763 - accuracy: 0.5112 - val_loss: 1.4265 - val_accuracy: 0.5446
Epoch 7/350


Snapshot weight 7 shuffle 4 at epoch 7
Layer 11
Getting activations...


391/391 - 25s - loss: 1.4086 - accuracy: 0.5354 - val_loss: 1.3382 - val_accuracy: 0.5818
Epoch 8/350


Snapshot weight 7 shuffle 4 at epoch 8
Layer 11
Getting activations...


391/391 - 25s - loss: 1.3133 - accuracy: 0.5649 - val_loss: 1.2717 - val_accuracy: 0.5729
Epoch 9/350


Snapshot weight 7 shuffle 4 at epoch 9
Layer 11
Getting activations...


391/391 - 25s - loss: 1.1607 - accuracy: 0.5980 - val_loss: 1.1588 - val_accuracy: 0.6188
Epoch 10/350


Snapshot weight 7 shuffle 4 at epoch 10
Layer 11
Getting activations...


391/391 - 25s - loss: 1.0868 - accuracy: 0.6262 - val_loss: 1.0151 - val_accuracy: 0.6559
Epoch 11/350
391/391 - 25s - loss: 1.0301 - accuracy: 0.6457 - val_loss: 0.9199 - val_accuracy: 0.6789
Epoch 12/350
391/391 - 25s - loss: 0.9875 - accuracy: 0.6611 - val_loss: 1.0659 - val_accuracy: 0.6498
Epoch 13/350
391/391 - 25s - loss: 0.9435 - accuracy: 0.6771 - val_loss: 0.9135 - val_accuracy: 0.6885
Epoch 14/350
391/391 - 25s - loss: 0.9205 - accuracy: 0.6843 - val_loss: 0.9120 - val_accuracy: 0.6947
Epoch 15/350
391/391 - 25s - loss: 0.8786 - accuracy: 0.7015 - val_loss: 0.8059 - val_accuracy: 0.7286
Epoch 16/350
391/391 - 25s - loss: 0.8533 - accuracy: 0.7100 - val_loss: 0.8330 - val_accuracy: 0.7206
Epoch 17/350
391/391 - 25s - loss: 0.8085 - accuracy: 0.7253 - val_loss: 0.7684 - val_accuracy: 0.7470
Epoch 18/350
391/391 - 25s - loss: 0.7842 - accuracy: 0.7354 - val_loss: 0.7068 - val_accuracy: 0.7650
Epoch 19/350
391/391 - 25s - loss: 0.7538 - accuracy: 0.7450 - val_loss: 0.6711 - val_accuracy: 0.7797
Epoch 20/350
391/391 - 25s - loss: 0.7289 - accuracy: 0.7558 - val_loss: 0.7422 - val_accuracy: 0.7610
Epoch 21/350
391/391 - 25s - loss: 0.7090 - accuracy: 0.7625 - val_loss: 0.7060 - val_accuracy: 0.7645
Epoch 22/350
391/391 - 25s - loss: 0.6886 - accuracy: 0.7707 - val_loss: 0.6545 - val_accuracy: 0.7874
Epoch 23/350
391/391 - 25s - loss: 0.6648 - accuracy: 0.7802 - val_loss: 0.6644 - val_accuracy: 0.7889
Epoch 24/350
391/391 - 25s - loss: 0.6457 - accuracy: 0.7858 - val_loss: 0.6407 - val_accuracy: 0.7922
Epoch 25/350
391/391 - 25s - loss: 0.6279 - accuracy: 0.7925 - val_loss: 0.6958 - val_accuracy: 0.7856
Epoch 26/350
391/391 - 25s - loss: 0.6175 - accuracy: 0.7953 - val_loss: 0.5815 - val_accuracy: 0.8159
Epoch 27/350
391/391 - 25s - loss: 0.6030 - accuracy: 0.8012 - val_loss: 0.5984 - val_accuracy: 0.8154
Epoch 28/350
391/391 - 25s - loss: 0.5866 - accuracy: 0.8048 - val_loss: 0.5388 - val_accuracy: 0.8242
Epoch 29/350
391/391 - 25s - loss: 0.5673 - accuracy: 0.8137 - val_loss: 0.5528 - val_accuracy: 0.8264
Epoch 30/350
391/391 - 25s - loss: 0.5628 - accuracy: 0.8147 - val_loss: 0.5635 - val_accuracy: 0.8209
Epoch 31/350
391/391 - 25s - loss: 0.5519 - accuracy: 0.8191 - val_loss: 0.5421 - val_accuracy: 0.8311
Epoch 32/350
391/391 - 25s - loss: 0.5392 - accuracy: 0.8221 - val_loss: 0.5632 - val_accuracy: 0.8226
Epoch 33/350
391/391 - 25s - loss: 0.5307 - accuracy: 0.8260 - val_loss: 0.5309 - val_accuracy: 0.8307
Epoch 34/350
391/391 - 25s - loss: 0.5201 - accuracy: 0.8299 - val_loss: 0.5248 - val_accuracy: 0.8323
Epoch 35/350
391/391 - 25s - loss: 0.5061 - accuracy: 0.8340 - val_loss: 0.5201 - val_accuracy: 0.8335
Epoch 36/350
391/391 - 25s - loss: 0.4978 - accuracy: 0.8365 - val_loss: 0.4865 - val_accuracy: 0.8462
Epoch 37/350
391/391 - 25s - loss: 0.4948 - accuracy: 0.8376 - val_loss: 0.4909 - val_accuracy: 0.8451
Epoch 38/350
391/391 - 25s - loss: 0.4874 - accuracy: 0.8437 - val_loss: 0.5372 - val_accuracy: 0.8316
Epoch 39/350
391/391 - 25s - loss: 0.4785 - accuracy: 0.8454 - val_loss: 0.4702 - val_accuracy: 0.8515
Epoch 40/350
391/391 - 25s - loss: 0.4700 - accuracy: 0.8472 - val_loss: 0.5207 - val_accuracy: 0.8420
Epoch 41/350
391/391 - 25s - loss: 0.4652 - accuracy: 0.8489 - val_loss: 0.5026 - val_accuracy: 0.8392
Epoch 42/350
391/391 - 25s - loss: 0.4588 - accuracy: 0.8508 - val_loss: 0.5687 - val_accuracy: 0.8352
Epoch 43/350
391/391 - 25s - loss: 0.4511 - accuracy: 0.8535 - val_loss: 0.4957 - val_accuracy: 0.8514
Epoch 44/350
391/391 - 25s - loss: 0.4441 - accuracy: 0.8575 - val_loss: 0.4741 - val_accuracy: 0.8551
Epoch 45/350
391/391 - 25s - loss: 0.4398 - accuracy: 0.8562 - val_loss: 0.4834 - val_accuracy: 0.8489
Epoch 46/350
391/391 - 25s - loss: 0.4326 - accuracy: 0.8590 - val_loss: 0.5017 - val_accuracy: 0.8475
Epoch 47/350
391/391 - 25s - loss: 0.4263 - accuracy: 0.8638 - val_loss: 0.4763 - val_accuracy: 0.8562
Epoch 48/350
391/391 - 25s - loss: 0.4238 - accuracy: 0.8633 - val_loss: 0.4461 - val_accuracy: 0.8633
Epoch 49/350
391/391 - 25s - loss: 0.4151 - accuracy: 0.8669 - val_loss: 0.4507 - val_accuracy: 0.8637
Epoch 50/350


Snapshot weight 7 shuffle 4 at epoch 50
Layer 11
Getting activations...


391/391 - 25s - loss: 0.4031 - accuracy: 0.8705 - val_loss: 0.4262 - val_accuracy: 0.8710
Epoch 51/350
391/391 - 25s - loss: 0.4070 - accuracy: 0.8698 - val_loss: 0.4544 - val_accuracy: 0.8637
Epoch 52/350
391/391 - 25s - loss: 0.4054 - accuracy: 0.8689 - val_loss: 0.4673 - val_accuracy: 0.8638
Epoch 53/350
391/391 - 25s - loss: 0.3977 - accuracy: 0.8726 - val_loss: 0.4385 - val_accuracy: 0.8663
Epoch 54/350
391/391 - 25s - loss: 0.3932 - accuracy: 0.8733 - val_loss: 0.4475 - val_accuracy: 0.8643
Epoch 55/350
391/391 - 25s - loss: 0.3882 - accuracy: 0.8740 - val_loss: 0.4539 - val_accuracy: 0.8713
Epoch 56/350
391/391 - 25s - loss: 0.3821 - accuracy: 0.8775 - val_loss: 0.4395 - val_accuracy: 0.8694
Epoch 57/350
391/391 - 25s - loss: 0.3738 - accuracy: 0.8812 - val_loss: 0.4448 - val_accuracy: 0.8689
Epoch 58/350
391/391 - 25s - loss: 0.3710 - accuracy: 0.8817 - val_loss: 0.4464 - val_accuracy: 0.8652
Epoch 59/350
391/391 - 25s - loss: 0.3693 - accuracy: 0.8813 - val_loss: 0.4790 - val_accuracy: 0.8621
Epoch 60/350
391/391 - 25s - loss: 0.3667 - accuracy: 0.8830 - val_loss: 0.4380 - val_accuracy: 0.8736
Epoch 61/350
391/391 - 25s - loss: 0.3599 - accuracy: 0.8855 - val_loss: 0.4188 - val_accuracy: 0.8777
Epoch 62/350
391/391 - 25s - loss: 0.3588 - accuracy: 0.8853 - val_loss: 0.4353 - val_accuracy: 0.8697
Epoch 63/350
391/391 - 25s - loss: 0.3468 - accuracy: 0.8900 - val_loss: 0.4730 - val_accuracy: 0.8642
Epoch 64/350
391/391 - 25s - loss: 0.3506 - accuracy: 0.8896 - val_loss: 0.4362 - val_accuracy: 0.8724
Epoch 65/350
391/391 - 25s - loss: 0.3436 - accuracy: 0.8895 - val_loss: 0.4292 - val_accuracy: 0.8739
Epoch 66/350
391/391 - 25s - loss: 0.3424 - accuracy: 0.8910 - val_loss: 0.4253 - val_accuracy: 0.8768
Epoch 67/350
391/391 - 25s - loss: 0.3346 - accuracy: 0.8953 - val_loss: 0.4445 - val_accuracy: 0.8762
Epoch 68/350
391/391 - 25s - loss: 0.3376 - accuracy: 0.8934 - val_loss: 0.4275 - val_accuracy: 0.8749
Epoch 69/350
391/391 - 25s - loss: 0.3332 - accuracy: 0.8950 - val_loss: 0.4354 - val_accuracy: 0.8776
Epoch 70/350
391/391 - 25s - loss: 0.3297 - accuracy: 0.8965 - val_loss: 0.4213 - val_accuracy: 0.8801
Epoch 71/350
391/391 - 25s - loss: 0.3216 - accuracy: 0.8983 - val_loss: 0.4235 - val_accuracy: 0.8830
Epoch 72/350
391/391 - 25s - loss: 0.3231 - accuracy: 0.8986 - val_loss: 0.4227 - val_accuracy: 0.8817
Epoch 73/350
391/391 - 25s - loss: 0.3211 - accuracy: 0.8988 - val_loss: 0.4554 - val_accuracy: 0.8760
Epoch 74/350
391/391 - 25s - loss: 0.3164 - accuracy: 0.9012 - val_loss: 0.4192 - val_accuracy: 0.8804
Epoch 75/350
391/391 - 25s - loss: 0.3188 - accuracy: 0.8985 - val_loss: 0.4334 - val_accuracy: 0.8779
Epoch 76/350
391/391 - 25s - loss: 0.3108 - accuracy: 0.9025 - val_loss: 0.4156 - val_accuracy: 0.8811
Epoch 77/350
391/391 - 25s - loss: 0.3055 - accuracy: 0.9052 - val_loss: 0.4220 - val_accuracy: 0.8827
Epoch 78/350
391/391 - 25s - loss: 0.3046 - accuracy: 0.9051 - val_loss: 0.4275 - val_accuracy: 0.8814
Epoch 79/350
391/391 - 25s - loss: 0.3060 - accuracy: 0.9059 - val_loss: 0.4474 - val_accuracy: 0.8766
Epoch 80/350
391/391 - 25s - loss: 0.3030 - accuracy: 0.9052 - val_loss: 0.4297 - val_accuracy: 0.8815
Epoch 81/350
391/391 - 25s - loss: 0.2971 - accuracy: 0.9073 - val_loss: 0.4291 - val_accuracy: 0.8774
Epoch 82/350
391/391 - 25s - loss: 0.2973 - accuracy: 0.9090 - val_loss: 0.4064 - val_accuracy: 0.8856
Epoch 83/350
391/391 - 25s - loss: 0.2950 - accuracy: 0.9076 - val_loss: 0.4422 - val_accuracy: 0.8769
Epoch 84/350
391/391 - 25s - loss: 0.2921 - accuracy: 0.9092 - val_loss: 0.4273 - val_accuracy: 0.8829
Epoch 85/350
391/391 - 25s - loss: 0.2836 - accuracy: 0.9129 - val_loss: 0.4390 - val_accuracy: 0.8807
Epoch 86/350
391/391 - 25s - loss: 0.2826 - accuracy: 0.9119 - val_loss: 0.4412 - val_accuracy: 0.8784
Epoch 87/350
391/391 - 25s - loss: 0.2852 - accuracy: 0.9129 - val_loss: 0.4155 - val_accuracy: 0.8850
Epoch 88/350
391/391 - 25s - loss: 0.2842 - accuracy: 0.9108 - val_loss: 0.4164 - val_accuracy: 0.8884
Epoch 89/350
391/391 - 25s - loss: 0.2785 - accuracy: 0.9153 - val_loss: 0.4024 - val_accuracy: 0.8877
Epoch 90/350
391/391 - 25s - loss: 0.2795 - accuracy: 0.9131 - val_loss: 0.4415 - val_accuracy: 0.8806
Epoch 91/350
391/391 - 25s - loss: 0.2749 - accuracy: 0.9155 - val_loss: 0.4415 - val_accuracy: 0.8817
Epoch 92/350
391/391 - 25s - loss: 0.2738 - accuracy: 0.9162 - val_loss: 0.4796 - val_accuracy: 0.8797
Epoch 93/350
391/391 - 25s - loss: 0.2680 - accuracy: 0.9191 - val_loss: 0.4382 - val_accuracy: 0.8853
Epoch 94/350
391/391 - 25s - loss: 0.2708 - accuracy: 0.9173 - val_loss: 0.4541 - val_accuracy: 0.8818
Epoch 95/350
391/391 - 25s - loss: 0.2687 - accuracy: 0.9189 - val_loss: 0.4382 - val_accuracy: 0.8850
Epoch 96/350
391/391 - 25s - loss: 0.2648 - accuracy: 0.9206 - val_loss: 0.4424 - val_accuracy: 0.8874
Epoch 97/350
391/391 - 25s - loss: 0.2587 - accuracy: 0.9213 - val_loss: 0.4219 - val_accuracy: 0.8881
Epoch 98/350
391/391 - 25s - loss: 0.2592 - accuracy: 0.9209 - val_loss: 0.4310 - val_accuracy: 0.8894
Epoch 99/350
391/391 - 25s - loss: 0.2596 - accuracy: 0.9201 - val_loss: 0.4419 - val_accuracy: 0.8833
Epoch 100/350


Snapshot weight 7 shuffle 4 at epoch 100
Layer 11
Getting activations...


391/391 - 25s - loss: 0.2610 - accuracy: 0.9210 - val_loss: 0.4416 - val_accuracy: 0.8852
Epoch 101/350
391/391 - 25s - loss: 0.2520 - accuracy: 0.9222 - val_loss: 0.4527 - val_accuracy: 0.8861
Epoch 102/350
391/391 - 25s - loss: 0.2527 - accuracy: 0.9245 - val_loss: 0.4287 - val_accuracy: 0.8873
Epoch 103/350
391/391 - 25s - loss: 0.2526 - accuracy: 0.9239 - val_loss: 0.4425 - val_accuracy: 0.8878
Epoch 104/350
391/391 - 25s - loss: 0.2567 - accuracy: 0.9230 - val_loss: 0.4104 - val_accuracy: 0.8920
Epoch 105/350
391/391 - 25s - loss: 0.2452 - accuracy: 0.9265 - val_loss: 0.4199 - val_accuracy: 0.8966
Epoch 106/350
391/391 - 25s - loss: 0.2479 - accuracy: 0.9270 - val_loss: 0.4179 - val_accuracy: 0.8898
Epoch 107/350
391/391 - 25s - loss: 0.2454 - accuracy: 0.9255 - val_loss: 0.4019 - val_accuracy: 0.8961
Epoch 108/350
391/391 - 25s - loss: 0.2412 - accuracy: 0.9275 - val_loss: 0.4267 - val_accuracy: 0.8910
Epoch 109/350
391/391 - 25s - loss: 0.2389 - accuracy: 0.9294 - val_loss: 0.3861 - val_accuracy: 0.8959
Epoch 110/350
391/391 - 25s - loss: 0.2371 - accuracy: 0.9296 - val_loss: 0.4496 - val_accuracy: 0.8902
Epoch 111/350
391/391 - 25s - loss: 0.2440 - accuracy: 0.9271 - val_loss: 0.4101 - val_accuracy: 0.8939
Epoch 112/350
391/391 - 25s - loss: 0.2374 - accuracy: 0.9288 - val_loss: 0.4532 - val_accuracy: 0.8851
Epoch 113/350
391/391 - 25s - loss: 0.2360 - accuracy: 0.9308 - val_loss: 0.4024 - val_accuracy: 0.8960
Epoch 114/350
391/391 - 25s - loss: 0.2379 - accuracy: 0.9297 - val_loss: 0.4489 - val_accuracy: 0.8872
Epoch 115/350
391/391 - 25s - loss: 0.2350 - accuracy: 0.9312 - val_loss: 0.4319 - val_accuracy: 0.8922
Epoch 116/350
391/391 - 25s - loss: 0.2320 - accuracy: 0.9317 - val_loss: 0.4716 - val_accuracy: 0.8865
Epoch 117/350
391/391 - 25s - loss: 0.2328 - accuracy: 0.9304 - val_loss: 0.4339 - val_accuracy: 0.8951
Epoch 118/350
391/391 - 25s - loss: 0.2316 - accuracy: 0.9324 - val_loss: 0.4309 - val_accuracy: 0.8922
Epoch 119/350
391/391 - 25s - loss: 0.2249 - accuracy: 0.9345 - val_loss: 0.4506 - val_accuracy: 0.8921
Epoch 120/350
391/391 - 25s - loss: 0.2259 - accuracy: 0.9330 - val_loss: 0.4572 - val_accuracy: 0.8898
Epoch 121/350
391/391 - 25s - loss: 0.2268 - accuracy: 0.9328 - val_loss: 0.4663 - val_accuracy: 0.8879
Epoch 122/350
391/391 - 25s - loss: 0.2266 - accuracy: 0.9334 - val_loss: 0.4432 - val_accuracy: 0.8887
Epoch 123/350
391/391 - 25s - loss: 0.2203 - accuracy: 0.9361 - val_loss: 0.4766 - val_accuracy: 0.8799
Epoch 124/350
391/391 - 25s - loss: 0.2221 - accuracy: 0.9351 - val_loss: 0.4414 - val_accuracy: 0.8951
Epoch 125/350
391/391 - 25s - loss: 0.2169 - accuracy: 0.9384 - val_loss: 0.4134 - val_accuracy: 0.8997
Epoch 126/350
391/391 - 25s - loss: 0.2199 - accuracy: 0.9364 - val_loss: 0.4638 - val_accuracy: 0.8925
Epoch 127/350
391/391 - 25s - loss: 0.2224 - accuracy: 0.9355 - val_loss: 0.3998 - val_accuracy: 0.9013
Epoch 128/350
391/391 - 25s - loss: 0.2121 - accuracy: 0.9382 - val_loss: 0.4742 - val_accuracy: 0.8864
Epoch 129/350
391/391 - 25s - loss: 0.2148 - accuracy: 0.9371 - val_loss: 0.4252 - val_accuracy: 0.8982
Epoch 130/350
391/391 - 25s - loss: 0.2184 - accuracy: 0.9368 - val_loss: 0.4427 - val_accuracy: 0.8912
Epoch 131/350
391/391 - 25s - loss: 0.2113 - accuracy: 0.9389 - val_loss: 0.4514 - val_accuracy: 0.8938
Epoch 132/350
391/391 - 25s - loss: 0.2166 - accuracy: 0.9371 - val_loss: 0.4433 - val_accuracy: 0.8990
Epoch 133/350
391/391 - 25s - loss: 0.2102 - accuracy: 0.9397 - val_loss: 0.4319 - val_accuracy: 0.8983
Epoch 134/350
391/391 - 25s - loss: 0.2108 - accuracy: 0.9393 - val_loss: 0.4282 - val_accuracy: 0.8961
Epoch 135/350
391/391 - 25s - loss: 0.2116 - accuracy: 0.9386 - val_loss: 0.4492 - val_accuracy: 0.8947
Epoch 136/350
391/391 - 25s - loss: 0.2093 - accuracy: 0.9401 - val_loss: 0.4103 - val_accuracy: 0.8994
Epoch 137/350
391/391 - 25s - loss: 0.2075 - accuracy: 0.9408 - val_loss: 0.4354 - val_accuracy: 0.8945
Epoch 138/350
391/391 - 25s - loss: 0.2062 - accuracy: 0.9410 - val_loss: 0.4395 - val_accuracy: 0.8986
Epoch 139/350
391/391 - 25s - loss: 0.2099 - accuracy: 0.9399 - val_loss: 0.4627 - val_accuracy: 0.8934
Epoch 140/350
391/391 - 25s - loss: 0.2059 - accuracy: 0.9414 - val_loss: 0.4373 - val_accuracy: 0.8952
Epoch 141/350
391/391 - 25s - loss: 0.2002 - accuracy: 0.9431 - val_loss: 0.4746 - val_accuracy: 0.8888
Epoch 142/350
391/391 - 25s - loss: 0.2036 - accuracy: 0.9421 - val_loss: 0.4519 - val_accuracy: 0.8971
Epoch 143/350
391/391 - 25s - loss: 0.2041 - accuracy: 0.9420 - val_loss: 0.4259 - val_accuracy: 0.9022
Epoch 144/350
391/391 - 25s - loss: 0.2018 - accuracy: 0.9441 - val_loss: 0.4380 - val_accuracy: 0.8958
Epoch 145/350
391/391 - 25s - loss: 0.2026 - accuracy: 0.9418 - val_loss: 0.4288 - val_accuracy: 0.9000
Epoch 146/350
391/391 - 25s - loss: 0.1980 - accuracy: 0.9446 - val_loss: 0.4219 - val_accuracy: 0.9003
Epoch 147/350
391/391 - 25s - loss: 0.1980 - accuracy: 0.9447 - val_loss: 0.5270 - val_accuracy: 0.8816
Epoch 148/350
391/391 - 25s - loss: 0.1973 - accuracy: 0.9461 - val_loss: 0.4591 - val_accuracy: 0.8921
Epoch 149/350
391/391 - 25s - loss: 0.1968 - accuracy: 0.9457 - val_loss: 0.4589 - val_accuracy: 0.8910
Epoch 150/350


Snapshot weight 7 shuffle 4 at epoch 150
Layer 11
Getting activations...


391/391 - 25s - loss: 0.1925 - accuracy: 0.9461 - val_loss: 0.4234 - val_accuracy: 0.8988
Epoch 151/350
391/391 - 25s - loss: 0.1952 - accuracy: 0.9453 - val_loss: 0.4559 - val_accuracy: 0.8974
Epoch 152/350
391/391 - 25s - loss: 0.1899 - accuracy: 0.9478 - val_loss: 0.4454 - val_accuracy: 0.9002
Epoch 153/350
391/391 - 25s - loss: 0.1964 - accuracy: 0.9455 - val_loss: 0.4412 - val_accuracy: 0.8959
Epoch 154/350
391/391 - 25s - loss: 0.1890 - accuracy: 0.9483 - val_loss: 0.4868 - val_accuracy: 0.8926
Epoch 155/350
391/391 - 25s - loss: 0.1923 - accuracy: 0.9473 - val_loss: 0.4562 - val_accuracy: 0.8987
Epoch 156/350
391/391 - 25s - loss: 0.1903 - accuracy: 0.9475 - val_loss: 0.4469 - val_accuracy: 0.9022
Epoch 157/350
391/391 - 25s - loss: 0.1898 - accuracy: 0.9463 - val_loss: 0.4483 - val_accuracy: 0.8976
Epoch 158/350
391/391 - 25s - loss: 0.1911 - accuracy: 0.9467 - val_loss: 0.4248 - val_accuracy: 0.8979
Epoch 159/350
391/391 - 25s - loss: 0.1865 - accuracy: 0.9490 - val_loss: 0.4454 - val_accuracy: 0.8999
Epoch 160/350
391/391 - 25s - loss: 0.1849 - accuracy: 0.9503 - val_loss: 0.4171 - val_accuracy: 0.8991
Epoch 161/350
391/391 - 25s - loss: 0.1871 - accuracy: 0.9491 - val_loss: 0.4600 - val_accuracy: 0.8958
Epoch 162/350
391/391 - 25s - loss: 0.1877 - accuracy: 0.9477 - val_loss: 0.4219 - val_accuracy: 0.9013
Epoch 163/350
391/391 - 25s - loss: 0.1888 - accuracy: 0.9481 - val_loss: 0.4445 - val_accuracy: 0.9001
Epoch 164/350
391/391 - 25s - loss: 0.1859 - accuracy: 0.9496 - val_loss: 0.4414 - val_accuracy: 0.8968
Epoch 165/350
391/391 - 25s - loss: 0.1843 - accuracy: 0.9498 - val_loss: 0.4455 - val_accuracy: 0.9009
Epoch 166/350
391/391 - 25s - loss: 0.1841 - accuracy: 0.9505 - val_loss: 0.4386 - val_accuracy: 0.9003
Epoch 167/350
391/391 - 25s - loss: 0.1826 - accuracy: 0.9512 - val_loss: 0.4533 - val_accuracy: 0.9005
Epoch 168/350
391/391 - 25s - loss: 0.1818 - accuracy: 0.9510 - val_loss: 0.4525 - val_accuracy: 0.8995
Epoch 169/350
391/391 - 25s - loss: 0.1819 - accuracy: 0.9506 - val_loss: 0.4422 - val_accuracy: 0.8974
Epoch 170/350
391/391 - 25s - loss: 0.1791 - accuracy: 0.9522 - val_loss: 0.4457 - val_accuracy: 0.9015
Epoch 171/350
391/391 - 25s - loss: 0.1809 - accuracy: 0.9517 - val_loss: 0.4599 - val_accuracy: 0.8969
Epoch 172/350
391/391 - 25s - loss: 0.1794 - accuracy: 0.9522 - val_loss: 0.4326 - val_accuracy: 0.9036
Epoch 173/350
391/391 - 25s - loss: 0.1756 - accuracy: 0.9535 - val_loss: 0.4751 - val_accuracy: 0.8975
Epoch 174/350
391/391 - 25s - loss: 0.1741 - accuracy: 0.9536 - val_loss: 0.4631 - val_accuracy: 0.8959
Epoch 175/350
391/391 - 25s - loss: 0.1779 - accuracy: 0.9532 - val_loss: 0.5033 - val_accuracy: 0.8958
Epoch 176/350
391/391 - 25s - loss: 0.1738 - accuracy: 0.9545 - val_loss: 0.4615 - val_accuracy: 0.8987
Epoch 177/350
391/391 - 25s - loss: 0.1756 - accuracy: 0.9540 - val_loss: 0.4705 - val_accuracy: 0.8976
Epoch 178/350
391/391 - 25s - loss: 0.1737 - accuracy: 0.9537 - val_loss: 0.4766 - val_accuracy: 0.8999
Epoch 179/350
391/391 - 25s - loss: 0.1715 - accuracy: 0.9553 - val_loss: 0.4609 - val_accuracy: 0.9010
Epoch 180/350
391/391 - 25s - loss: 0.1701 - accuracy: 0.9551 - val_loss: 0.4734 - val_accuracy: 0.9003
Epoch 181/350
391/391 - 25s - loss: 0.1786 - accuracy: 0.9526 - val_loss: 0.4948 - val_accuracy: 0.8925
Epoch 182/350
391/391 - 25s - loss: 0.1719 - accuracy: 0.9548 - val_loss: 0.5236 - val_accuracy: 0.8913
Epoch 183/350
391/391 - 25s - loss: 0.1757 - accuracy: 0.9529 - val_loss: 0.4390 - val_accuracy: 0.9032
Epoch 184/350
391/391 - 25s - loss: 0.1731 - accuracy: 0.9556 - val_loss: 0.4478 - val_accuracy: 0.8990
Epoch 185/350
391/391 - 25s - loss: 0.1724 - accuracy: 0.9554 - val_loss: 0.4477 - val_accuracy: 0.9027
Epoch 186/350
391/391 - 25s - loss: 0.1709 - accuracy: 0.9557 - val_loss: 0.4587 - val_accuracy: 0.9034
Epoch 187/350
391/391 - 25s - loss: 0.1684 - accuracy: 0.9564 - val_loss: 0.4844 - val_accuracy: 0.9004
Epoch 188/350
391/391 - 25s - loss: 0.1687 - accuracy: 0.9562 - val_loss: 0.4649 - val_accuracy: 0.8989
Epoch 189/350
391/391 - 25s - loss: 0.1671 - accuracy: 0.9565 - val_loss: 0.4685 - val_accuracy: 0.8995
Epoch 190/350
391/391 - 25s - loss: 0.1667 - accuracy: 0.9567 - val_loss: 0.4711 - val_accuracy: 0.9001
Epoch 191/350
391/391 - 25s - loss: 0.1693 - accuracy: 0.9567 - val_loss: 0.4846 - val_accuracy: 0.8991
Epoch 192/350
391/391 - 25s - loss: 0.1690 - accuracy: 0.9560 - val_loss: 0.4813 - val_accuracy: 0.9021
Epoch 193/350
391/391 - 25s - loss: 0.1664 - accuracy: 0.9574 - val_loss: 0.5099 - val_accuracy: 0.8984
Epoch 194/350
391/391 - 25s - loss: 0.1656 - accuracy: 0.9572 - val_loss: 0.4883 - val_accuracy: 0.8924
Epoch 195/350
391/391 - 25s - loss: 0.1642 - accuracy: 0.9573 - val_loss: 0.5038 - val_accuracy: 0.8972
Epoch 196/350
391/391 - 25s - loss: 0.1627 - accuracy: 0.9589 - val_loss: 0.5012 - val_accuracy: 0.8948
Epoch 197/350
391/391 - 25s - loss: 0.1629 - accuracy: 0.9587 - val_loss: 0.4942 - val_accuracy: 0.8991
Epoch 198/350
391/391 - 25s - loss: 0.1634 - accuracy: 0.9590 - val_loss: 0.4776 - val_accuracy: 0.8996
Epoch 199/350
391/391 - 25s - loss: 0.1620 - accuracy: 0.9588 - val_loss: 0.5159 - val_accuracy: 0.8979
Epoch 200/350


Snapshot weight 7 shuffle 4 at epoch 200
Layer 11
Getting activations...


391/391 - 25s - loss: 0.1653 - accuracy: 0.9582 - val_loss: 0.5236 - val_accuracy: 0.8927
Epoch 201/350
391/391 - 25s - loss: 0.1348 - accuracy: 0.9683 - val_loss: 0.4691 - val_accuracy: 0.9064
Epoch 202/350
391/391 - 25s - loss: 0.1238 - accuracy: 0.9723 - val_loss: 0.4667 - val_accuracy: 0.9067
Epoch 203/350
391/391 - 25s - loss: 0.1200 - accuracy: 0.9735 - val_loss: 0.4711 - val_accuracy: 0.9077
Epoch 204/350
391/391 - 25s - loss: 0.1194 - accuracy: 0.9737 - val_loss: 0.4657 - val_accuracy: 0.9078
Epoch 205/350
391/391 - 25s - loss: 0.1194 - accuracy: 0.9747 - val_loss: 0.4779 - val_accuracy: 0.9082
Epoch 206/350
391/391 - 25s - loss: 0.1168 - accuracy: 0.9754 - val_loss: 0.4834 - val_accuracy: 0.9096
Epoch 207/350
391/391 - 25s - loss: 0.1180 - accuracy: 0.9749 - val_loss: 0.4795 - val_accuracy: 0.9095
Epoch 208/350
391/391 - 25s - loss: 0.1154 - accuracy: 0.9752 - val_loss: 0.4734 - val_accuracy: 0.9084
Epoch 209/350
391/391 - 25s - loss: 0.1150 - accuracy: 0.9754 - val_loss: 0.4874 - val_accuracy: 0.9094
Epoch 210/350
391/391 - 25s - loss: 0.1147 - accuracy: 0.9766 - val_loss: 0.4867 - val_accuracy: 0.9086
Epoch 211/350
391/391 - 25s - loss: 0.1129 - accuracy: 0.9770 - val_loss: 0.4909 - val_accuracy: 0.9094
Epoch 212/350
391/391 - 25s - loss: 0.1097 - accuracy: 0.9774 - val_loss: 0.4891 - val_accuracy: 0.9084
Epoch 213/350
391/391 - 25s - loss: 0.1142 - accuracy: 0.9766 - val_loss: 0.4875 - val_accuracy: 0.9083
Epoch 214/350
391/391 - 25s - loss: 0.1131 - accuracy: 0.9762 - val_loss: 0.4943 - val_accuracy: 0.9097
Epoch 215/350
391/391 - 25s - loss: 0.1113 - accuracy: 0.9771 - val_loss: 0.4924 - val_accuracy: 0.9101
Epoch 216/350
391/391 - 25s - loss: 0.1110 - accuracy: 0.9765 - val_loss: 0.4938 - val_accuracy: 0.9111
Epoch 217/350
391/391 - 25s - loss: 0.1096 - accuracy: 0.9771 - val_loss: 0.4916 - val_accuracy: 0.9093
Epoch 218/350
391/391 - 25s - loss: 0.1064 - accuracy: 0.9786 - val_loss: 0.5018 - val_accuracy: 0.9083
Epoch 219/350
391/391 - 25s - loss: 0.1117 - accuracy: 0.9758 - val_loss: 0.5042 - val_accuracy: 0.9102
Epoch 220/350
391/391 - 25s - loss: 0.1104 - accuracy: 0.9770 - val_loss: 0.4957 - val_accuracy: 0.9103
Epoch 221/350
391/391 - 25s - loss: 0.1117 - accuracy: 0.9759 - val_loss: 0.4951 - val_accuracy: 0.9104
Epoch 222/350
391/391 - 25s - loss: 0.1083 - accuracy: 0.9779 - val_loss: 0.4988 - val_accuracy: 0.9090
Epoch 223/350
391/391 - 25s - loss: 0.1072 - accuracy: 0.9789 - val_loss: 0.4938 - val_accuracy: 0.9100
Epoch 224/350
391/391 - 25s - loss: 0.1073 - accuracy: 0.9774 - val_loss: 0.5022 - val_accuracy: 0.9099
Epoch 225/350
391/391 - 25s - loss: 0.1072 - accuracy: 0.9790 - val_loss: 0.4987 - val_accuracy: 0.9087
Epoch 226/350
391/391 - 25s - loss: 0.1066 - accuracy: 0.9787 - val_loss: 0.5132 - val_accuracy: 0.9072
Epoch 227/350
391/391 - 25s - loss: 0.1088 - accuracy: 0.9775 - val_loss: 0.5056 - val_accuracy: 0.9077
Epoch 228/350
391/391 - 25s - loss: 0.1070 - accuracy: 0.9782 - val_loss: 0.4984 - val_accuracy: 0.9081
Epoch 229/350
391/391 - 25s - loss: 0.1058 - accuracy: 0.9792 - val_loss: 0.5058 - val_accuracy: 0.9082
Epoch 230/350
391/391 - 25s - loss: 0.1047 - accuracy: 0.9794 - val_loss: 0.5124 - val_accuracy: 0.9072
Epoch 231/350
391/391 - 25s - loss: 0.1064 - accuracy: 0.9790 - val_loss: 0.5024 - val_accuracy: 0.9090
Epoch 232/350
391/391 - 25s - loss: 0.1057 - accuracy: 0.9792 - val_loss: 0.5042 - val_accuracy: 0.9091
Epoch 233/350
391/391 - 25s - loss: 0.1057 - accuracy: 0.9795 - val_loss: 0.5037 - val_accuracy: 0.9097
Epoch 234/350
391/391 - 25s - loss: 0.1038 - accuracy: 0.9789 - val_loss: 0.5151 - val_accuracy: 0.9094
Epoch 235/350
391/391 - 25s - loss: 0.1040 - accuracy: 0.9799 - val_loss: 0.5060 - val_accuracy: 0.9102
Epoch 236/350
391/391 - 25s - loss: 0.1048 - accuracy: 0.9791 - val_loss: 0.5055 - val_accuracy: 0.9110
Epoch 237/350
391/391 - 25s - loss: 0.1029 - accuracy: 0.9794 - val_loss: 0.5056 - val_accuracy: 0.9104
Epoch 238/350
391/391 - 25s - loss: 0.1022 - accuracy: 0.9800 - val_loss: 0.5125 - val_accuracy: 0.9099
Epoch 239/350
391/391 - 25s - loss: 0.1055 - accuracy: 0.9787 - val_loss: 0.5083 - val_accuracy: 0.9088
Epoch 240/350
391/391 - 25s - loss: 0.1057 - accuracy: 0.9785 - val_loss: 0.5034 - val_accuracy: 0.9093
Epoch 241/350
391/391 - 25s - loss: 0.1040 - accuracy: 0.9794 - val_loss: 0.5104 - val_accuracy: 0.9094
Epoch 242/350
391/391 - 25s - loss: 0.1029 - accuracy: 0.9800 - val_loss: 0.4991 - val_accuracy: 0.9112
Epoch 243/350
391/391 - 25s - loss: 0.1036 - accuracy: 0.9796 - val_loss: 0.5147 - val_accuracy: 0.9098
Epoch 244/350
391/391 - 25s - loss: 0.1019 - accuracy: 0.9806 - val_loss: 0.5064 - val_accuracy: 0.9093
Epoch 245/350
391/391 - 25s - loss: 0.1032 - accuracy: 0.9797 - val_loss: 0.5128 - val_accuracy: 0.9102
Epoch 246/350
391/391 - 25s - loss: 0.1052 - accuracy: 0.9789 - val_loss: 0.5187 - val_accuracy: 0.9077
Epoch 247/350
391/391 - 25s - loss: 0.1011 - accuracy: 0.9807 - val_loss: 0.5216 - val_accuracy: 0.9087
Epoch 248/350
391/391 - 25s - loss: 0.1059 - accuracy: 0.9785 - val_loss: 0.5015 - val_accuracy: 0.9105
Epoch 249/350
391/391 - 25s - loss: 0.1019 - accuracy: 0.9799 - val_loss: 0.5069 - val_accuracy: 0.9103
Epoch 250/350


Snapshot weight 7 shuffle 4 at epoch 250
Layer 11
Getting activations...


391/391 - 25s - loss: 0.1019 - accuracy: 0.9802 - val_loss: 0.5164 - val_accuracy: 0.9099
Epoch 251/350
391/391 - 25s - loss: 0.1007 - accuracy: 0.9805 - val_loss: 0.5151 - val_accuracy: 0.9103
Epoch 252/350
391/391 - 25s - loss: 0.0956 - accuracy: 0.9825 - val_loss: 0.5157 - val_accuracy: 0.9096
Epoch 253/350
391/391 - 25s - loss: 0.1000 - accuracy: 0.9807 - val_loss: 0.5156 - val_accuracy: 0.9108
Epoch 254/350
391/391 - 25s - loss: 0.0995 - accuracy: 0.9809 - val_loss: 0.5155 - val_accuracy: 0.9110
Epoch 255/350
391/391 - 25s - loss: 0.0988 - accuracy: 0.9811 - val_loss: 0.5132 - val_accuracy: 0.9106
Epoch 256/350
391/391 - 25s - loss: 0.0994 - accuracy: 0.9814 - val_loss: 0.5162 - val_accuracy: 0.9108
Epoch 257/350
391/391 - 25s - loss: 0.0995 - accuracy: 0.9811 - val_loss: 0.5141 - val_accuracy: 0.9104
Epoch 258/350
391/391 - 25s - loss: 0.0991 - accuracy: 0.9812 - val_loss: 0.5155 - val_accuracy: 0.9104
Epoch 259/350
391/391 - 25s - loss: 0.0989 - accuracy: 0.9812 - val_loss: 0.5143 - val_accuracy: 0.9107
Epoch 260/350
391/391 - 25s - loss: 0.0987 - accuracy: 0.9808 - val_loss: 0.5159 - val_accuracy: 0.9105
Epoch 261/350
391/391 - 25s - loss: 0.0997 - accuracy: 0.9815 - val_loss: 0.5159 - val_accuracy: 0.9100
Epoch 262/350
391/391 - 25s - loss: 0.0984 - accuracy: 0.9818 - val_loss: 0.5124 - val_accuracy: 0.9101
Epoch 263/350
391/391 - 25s - loss: 0.1006 - accuracy: 0.9803 - val_loss: 0.5117 - val_accuracy: 0.9105
Epoch 264/350
391/391 - 25s - loss: 0.0970 - accuracy: 0.9819 - val_loss: 0.5104 - val_accuracy: 0.9106
Epoch 265/350
391/391 - 25s - loss: 0.0981 - accuracy: 0.9815 - val_loss: 0.5119 - val_accuracy: 0.9100
Epoch 266/350
391/391 - 25s - loss: 0.0990 - accuracy: 0.9808 - val_loss: 0.5145 - val_accuracy: 0.9099
Epoch 267/350
391/391 - 25s - loss: 0.0988 - accuracy: 0.9819 - val_loss: 0.5139 - val_accuracy: 0.9101
Epoch 268/350
391/391 - 25s - loss: 0.0985 - accuracy: 0.9816 - val_loss: 0.5149 - val_accuracy: 0.9108
Epoch 269/350
391/391 - 25s - loss: 0.0993 - accuracy: 0.9817 - val_loss: 0.5132 - val_accuracy: 0.9111
Epoch 270/350
391/391 - 25s - loss: 0.0991 - accuracy: 0.9810 - val_loss: 0.5134 - val_accuracy: 0.9097
Epoch 271/350
391/391 - 25s - loss: 0.0990 - accuracy: 0.9812 - val_loss: 0.5147 - val_accuracy: 0.9107
Epoch 272/350
391/391 - 25s - loss: 0.0981 - accuracy: 0.9814 - val_loss: 0.5131 - val_accuracy: 0.9108
Epoch 273/350
391/391 - 25s - loss: 0.0993 - accuracy: 0.9811 - val_loss: 0.5134 - val_accuracy: 0.9104
Epoch 274/350
391/391 - 25s - loss: 0.0997 - accuracy: 0.9810 - val_loss: 0.5148 - val_accuracy: 0.9100
Epoch 275/350
391/391 - 25s - loss: 0.1027 - accuracy: 0.9802 - val_loss: 0.5127 - val_accuracy: 0.9102
Epoch 276/350
391/391 - 25s - loss: 0.0980 - accuracy: 0.9822 - val_loss: 0.5132 - val_accuracy: 0.9109
Epoch 277/350
391/391 - 25s - loss: 0.0986 - accuracy: 0.9810 - val_loss: 0.5135 - val_accuracy: 0.9106
Epoch 278/350
391/391 - 25s - loss: 0.0995 - accuracy: 0.9815 - val_loss: 0.5119 - val_accuracy: 0.9106
Epoch 279/350
391/391 - 25s - loss: 0.1005 - accuracy: 0.9809 - val_loss: 0.5131 - val_accuracy: 0.9101
Epoch 280/350
391/391 - 25s - loss: 0.0986 - accuracy: 0.9813 - val_loss: 0.5141 - val_accuracy: 0.9105
Epoch 281/350
391/391 - 25s - loss: 0.0991 - accuracy: 0.9817 - val_loss: 0.5143 - val_accuracy: 0.9108
Epoch 282/350
391/391 - 25s - loss: 0.0995 - accuracy: 0.9808 - val_loss: 0.5144 - val_accuracy: 0.9102
Epoch 283/350
391/391 - 25s - loss: 0.0987 - accuracy: 0.9811 - val_loss: 0.5136 - val_accuracy: 0.9098
Epoch 284/350
391/391 - 25s - loss: 0.0975 - accuracy: 0.9818 - val_loss: 0.5132 - val_accuracy: 0.9103
Epoch 285/350
391/391 - 25s - loss: 0.1005 - accuracy: 0.9810 - val_loss: 0.5122 - val_accuracy: 0.9108
Epoch 286/350
391/391 - 25s - loss: 0.0998 - accuracy: 0.9805 - val_loss: 0.5143 - val_accuracy: 0.9098
Epoch 287/350
391/391 - 25s - loss: 0.0972 - accuracy: 0.9822 - val_loss: 0.5155 - val_accuracy: 0.9108
Epoch 288/350
391/391 - 25s - loss: 0.0964 - accuracy: 0.9824 - val_loss: 0.5149 - val_accuracy: 0.9108
Epoch 289/350
391/391 - 25s - loss: 0.0955 - accuracy: 0.9821 - val_loss: 0.5153 - val_accuracy: 0.9104
Epoch 290/350
391/391 - 25s - loss: 0.0989 - accuracy: 0.9813 - val_loss: 0.5165 - val_accuracy: 0.9106
Epoch 291/350
391/391 - 25s - loss: 0.0991 - accuracy: 0.9811 - val_loss: 0.5157 - val_accuracy: 0.9102
Epoch 292/350
391/391 - 25s - loss: 0.0970 - accuracy: 0.9821 - val_loss: 0.5162 - val_accuracy: 0.9106
Epoch 293/350
391/391 - 25s - loss: 0.0994 - accuracy: 0.9814 - val_loss: 0.5152 - val_accuracy: 0.9110
Epoch 294/350
391/391 - 25s - loss: 0.1002 - accuracy: 0.9809 - val_loss: 0.5157 - val_accuracy: 0.9108
Epoch 295/350
391/391 - 25s - loss: 0.0969 - accuracy: 0.9815 - val_loss: 0.5144 - val_accuracy: 0.9110
Epoch 296/350
391/391 - 25s - loss: 0.0999 - accuracy: 0.9810 - val_loss: 0.5139 - val_accuracy: 0.9107
Epoch 297/350
391/391 - 25s - loss: 0.0976 - accuracy: 0.9816 - val_loss: 0.5148 - val_accuracy: 0.9112
Epoch 298/350
391/391 - 25s - loss: 0.0962 - accuracy: 0.9818 - val_loss: 0.5155 - val_accuracy: 0.9106
Epoch 299/350
391/391 - 25s - loss: 0.0975 - accuracy: 0.9815 - val_loss: 0.5177 - val_accuracy: 0.9108
Epoch 300/350


Snapshot weight 7 shuffle 4 at epoch 300
Layer 11
Getting activations...


391/391 - 25s - loss: 0.0973 - accuracy: 0.9820 - val_loss: 0.5164 - val_accuracy: 0.9112
Epoch 301/350
391/391 - 25s - loss: 0.0969 - accuracy: 0.9818 - val_loss: 0.5164 - val_accuracy: 0.9114
Epoch 302/350
391/391 - 25s - loss: 0.0950 - accuracy: 0.9823 - val_loss: 0.5162 - val_accuracy: 0.9113
Epoch 303/350
391/391 - 25s - loss: 0.0976 - accuracy: 0.9819 - val_loss: 0.5161 - val_accuracy: 0.9114
Epoch 304/350
391/391 - 25s - loss: 0.0992 - accuracy: 0.9816 - val_loss: 0.5163 - val_accuracy: 0.9111
Epoch 305/350
391/391 - 25s - loss: 0.0979 - accuracy: 0.9819 - val_loss: 0.5162 - val_accuracy: 0.9113
Epoch 306/350
391/391 - 25s - loss: 0.0965 - accuracy: 0.9822 - val_loss: 0.5167 - val_accuracy: 0.9108
Epoch 307/350
391/391 - 25s - loss: 0.0965 - accuracy: 0.9822 - val_loss: 0.5168 - val_accuracy: 0.9107
Epoch 308/350
391/391 - 25s - loss: 0.0985 - accuracy: 0.9813 - val_loss: 0.5168 - val_accuracy: 0.9106
Epoch 309/350
391/391 - 25s - loss: 0.0976 - accuracy: 0.9816 - val_loss: 0.5166 - val_accuracy: 0.9106
Epoch 310/350
391/391 - 25s - loss: 0.0965 - accuracy: 0.9819 - val_loss: 0.5165 - val_accuracy: 0.9109
Epoch 311/350
391/391 - 25s - loss: 0.0979 - accuracy: 0.9821 - val_loss: 0.5159 - val_accuracy: 0.9112
Epoch 312/350
391/391 - 25s - loss: 0.0992 - accuracy: 0.9810 - val_loss: 0.5157 - val_accuracy: 0.9111
Epoch 313/350
391/391 - 25s - loss: 0.0976 - accuracy: 0.9820 - val_loss: 0.5159 - val_accuracy: 0.9110
Epoch 314/350
391/391 - 25s - loss: 0.0974 - accuracy: 0.9817 - val_loss: 0.5159 - val_accuracy: 0.9108
Epoch 315/350
391/391 - 25s - loss: 0.0990 - accuracy: 0.9808 - val_loss: 0.5160 - val_accuracy: 0.9109
Epoch 316/350
391/391 - 25s - loss: 0.0991 - accuracy: 0.9812 - val_loss: 0.5162 - val_accuracy: 0.9108
Epoch 317/350
391/391 - 25s - loss: 0.0992 - accuracy: 0.9817 - val_loss: 0.5161 - val_accuracy: 0.9109
Epoch 318/350
391/391 - 25s - loss: 0.0957 - accuracy: 0.9825 - val_loss: 0.5165 - val_accuracy: 0.9108
Epoch 319/350
391/391 - 25s - loss: 0.0977 - accuracy: 0.9820 - val_loss: 0.5163 - val_accuracy: 0.9110
Epoch 320/350
391/391 - 25s - loss: 0.0957 - accuracy: 0.9823 - val_loss: 0.5163 - val_accuracy: 0.9110
Epoch 321/350
391/391 - 25s - loss: 0.0961 - accuracy: 0.9820 - val_loss: 0.5168 - val_accuracy: 0.9108
Epoch 322/350
391/391 - 25s - loss: 0.0972 - accuracy: 0.9821 - val_loss: 0.5169 - val_accuracy: 0.9110
Epoch 323/350
391/391 - 25s - loss: 0.0968 - accuracy: 0.9817 - val_loss: 0.5169 - val_accuracy: 0.9110
Epoch 324/350
391/391 - 25s - loss: 0.0967 - accuracy: 0.9823 - val_loss: 0.5167 - val_accuracy: 0.9111
Epoch 325/350
391/391 - 25s - loss: 0.0961 - accuracy: 0.9826 - val_loss: 0.5173 - val_accuracy: 0.9109
Epoch 326/350
391/391 - 25s - loss: 0.0989 - accuracy: 0.9812 - val_loss: 0.5171 - val_accuracy: 0.9109
Epoch 327/350
391/391 - 25s - loss: 0.0994 - accuracy: 0.9812 - val_loss: 0.5168 - val_accuracy: 0.9111
Epoch 328/350
391/391 - 25s - loss: 0.0986 - accuracy: 0.9814 - val_loss: 0.5166 - val_accuracy: 0.9110
Epoch 329/350
391/391 - 25s - loss: 0.0971 - accuracy: 0.9822 - val_loss: 0.5169 - val_accuracy: 0.9107
Epoch 330/350
391/391 - 25s - loss: 0.0977 - accuracy: 0.9815 - val_loss: 0.5166 - val_accuracy: 0.9109
Epoch 331/350
391/391 - 25s - loss: 0.0965 - accuracy: 0.9820 - val_loss: 0.5168 - val_accuracy: 0.9109
Epoch 332/350
391/391 - 25s - loss: 0.0974 - accuracy: 0.9821 - val_loss: 0.5165 - val_accuracy: 0.9109
Epoch 333/350
391/391 - 25s - loss: 0.0975 - accuracy: 0.9818 - val_loss: 0.5164 - val_accuracy: 0.9108
Epoch 334/350
391/391 - 25s - loss: 0.0991 - accuracy: 0.9808 - val_loss: 0.5161 - val_accuracy: 0.9109
Epoch 335/350
391/391 - 25s - loss: 0.0974 - accuracy: 0.9824 - val_loss: 0.5164 - val_accuracy: 0.9111
Epoch 336/350
391/391 - 25s - loss: 0.0993 - accuracy: 0.9807 - val_loss: 0.5163 - val_accuracy: 0.9109
Epoch 337/350
391/391 - 25s - loss: 0.0965 - accuracy: 0.9826 - val_loss: 0.5161 - val_accuracy: 0.9110
Epoch 338/350
391/391 - 25s - loss: 0.0993 - accuracy: 0.9810 - val_loss: 0.5158 - val_accuracy: 0.9110
Epoch 339/350
391/391 - 25s - loss: 0.0964 - accuracy: 0.9822 - val_loss: 0.5165 - val_accuracy: 0.9107
Epoch 340/350
391/391 - 25s - loss: 0.0975 - accuracy: 0.9823 - val_loss: 0.5167 - val_accuracy: 0.9107
Epoch 341/350
391/391 - 25s - loss: 0.0974 - accuracy: 0.9818 - val_loss: 0.5165 - val_accuracy: 0.9108
Epoch 342/350
391/391 - 25s - loss: 0.0952 - accuracy: 0.9824 - val_loss: 0.5165 - val_accuracy: 0.9108
Epoch 343/350
391/391 - 25s - loss: 0.0982 - accuracy: 0.9812 - val_loss: 0.5168 - val_accuracy: 0.9109
Epoch 344/350
391/391 - 25s - loss: 0.0965 - accuracy: 0.9822 - val_loss: 0.5167 - val_accuracy: 0.9110
Epoch 345/350
391/391 - 25s - loss: 0.0978 - accuracy: 0.9810 - val_loss: 0.5167 - val_accuracy: 0.9108
Epoch 346/350
391/391 - 25s - loss: 0.0977 - accuracy: 0.9820 - val_loss: 0.5168 - val_accuracy: 0.9108
Epoch 347/350
391/391 - 25s - loss: 0.0971 - accuracy: 0.9814 - val_loss: 0.5167 - val_accuracy: 0.9109
Epoch 348/350
391/391 - 25s - loss: 0.0986 - accuracy: 0.9815 - val_loss: 0.5166 - val_accuracy: 0.9108
Epoch 349/350
391/391 - 25s - loss: 0.0961 - accuracy: 0.9818 - val_loss: 0.5167 - val_accuracy: 0.9110
Epoch 350/350


Snapshot weight 7 shuffle 4 at epoch 350
Layer 11
Getting activations...


391/391 - 25s - loss: 0.0975 - accuracy: 0.9815 - val_loss: 0.5169 - val_accuracy: 0.9108
/usr/local/lib/python3.6/dist-packages/tensorflow/python/autograph/impl/api.py:493: UserWarning: fill_value is not supported and is always 0 for TensorFlow < 2.4.0.
  return py_builtins.overload_of(f)(*args)
WARNING:tensorflow:From /usr/local/lib/python3.6/dist-packages/tensorflow/python/training/tracking/tracking.py:111: Model.state_updates (from tensorflow.python.keras.engine.training) is deprecated and will be removed in a future version.
Instructions for updating:
This property should not be used in TensorFlow 2.0, as updates are applied automatically.
2021-07-02 07:27:03.472551: W tensorflow/python/util/util.cc:348] Sets are not currently considered sequences, but this may change in the future, so consider avoiding using them.
WARNING:tensorflow:From /usr/local/lib/python3.6/dist-packages/tensorflow/python/training/tracking/tracking.py:111: Layer.updates (from tensorflow.python.keras.engine.base_layer) is deprecated and will be removed in a future version.
Instructions for updating:
This property should not be used in TensorFlow 2.0, as updates are applied automatically.
Saving, final validation acc: 0.9107999801635742
