2021-07-02 19:42:32.062209: I tensorflow/stream_executor/platform/default/dso_loader.cc:48] Successfully opened dynamic library libcudart.so.10.1
2021-07-02 19:44:10.021537: I tensorflow/stream_executor/platform/default/dso_loader.cc:48] Successfully opened dynamic library libcuda.so.1
2021-07-02 19:44:10.052834: I tensorflow/core/common_runtime/gpu/gpu_device.cc:1716] Found device 0 with properties: 
pciBusID: 0000:02:00.0 name: NVIDIA TITAN Xp computeCapability: 6.1
coreClock: 1.582GHz coreCount: 30 deviceMemorySize: 11.91GiB deviceMemoryBandwidth: 510.07GiB/s
2021-07-02 19:44:10.052909: I tensorflow/stream_executor/platform/default/dso_loader.cc:48] Successfully opened dynamic library libcudart.so.10.1
2021-07-02 19:44:10.096223: I tensorflow/stream_executor/platform/default/dso_loader.cc:48] Successfully opened dynamic library libcublas.so.10
2021-07-02 19:44:10.118182: I tensorflow/stream_executor/platform/default/dso_loader.cc:48] Successfully opened dynamic library libcufft.so.10
2021-07-02 19:44:10.127244: I tensorflow/stream_executor/platform/default/dso_loader.cc:48] Successfully opened dynamic library libcurand.so.10
2021-07-02 19:44:10.172052: I tensorflow/stream_executor/platform/default/dso_loader.cc:48] Successfully opened dynamic library libcusolver.so.10
2021-07-02 19:44:10.180874: I tensorflow/stream_executor/platform/default/dso_loader.cc:48] Successfully opened dynamic library libcusparse.so.10
2021-07-02 19:44:10.261818: I tensorflow/stream_executor/platform/default/dso_loader.cc:48] Successfully opened dynamic library libcudnn.so.7
2021-07-02 19:44:10.269217: I tensorflow/core/common_runtime/gpu/gpu_device.cc:1858] Adding visible gpu devices: 0
2021-07-02 19:44:10.273040: I tensorflow/core/platform/cpu_feature_guard.cc:142] This TensorFlow binary is optimized with oneAPI Deep Neural Network Library (oneDNN)to use the following CPU instructions in performance-critical operations:  AVX2 FMA
To enable them in other operations, rebuild TensorFlow with the appropriate compiler flags.
2021-07-02 19:44:10.289503: I tensorflow/core/platform/profile_utils/cpu_utils.cc:104] CPU Frequency: 2600000000 Hz
2021-07-02 19:44:10.289660: I tensorflow/compiler/xla/service/service.cc:168] XLA service 0x528c680 initialized for platform Host (this does not guarantee that XLA will be used). Devices:
2021-07-02 19:44:10.289679: I tensorflow/compiler/xla/service/service.cc:176]   StreamExecutor device (0): Host, Default Version
2021-07-02 19:44:10.432305: I tensorflow/compiler/xla/service/service.cc:168] XLA service 0x5274550 initialized for platform CUDA (this does not guarantee that XLA will be used). Devices:
2021-07-02 19:44:10.432368: I tensorflow/compiler/xla/service/service.cc:176]   StreamExecutor device (0): NVIDIA TITAN Xp, Compute Capability 6.1
2021-07-02 19:44:10.435016: I tensorflow/core/common_runtime/gpu/gpu_device.cc:1716] Found device 0 with properties: 
pciBusID: 0000:02:00.0 name: NVIDIA TITAN Xp computeCapability: 6.1
coreClock: 1.582GHz coreCount: 30 deviceMemorySize: 11.91GiB deviceMemoryBandwidth: 510.07GiB/s
2021-07-02 19:44:10.435082: I tensorflow/stream_executor/platform/default/dso_loader.cc:48] Successfully opened dynamic library libcudart.so.10.1
2021-07-02 19:44:10.435113: I tensorflow/stream_executor/platform/default/dso_loader.cc:48] Successfully opened dynamic library libcublas.so.10
2021-07-02 19:44:10.435131: I tensorflow/stream_executor/platform/default/dso_loader.cc:48] Successfully opened dynamic library libcufft.so.10
2021-07-02 19:44:10.435147: I tensorflow/stream_executor/platform/default/dso_loader.cc:48] Successfully opened dynamic library libcurand.so.10
2021-07-02 19:44:10.435163: I tensorflow/stream_executor/platform/default/dso_loader.cc:48] Successfully opened dynamic library libcusolver.so.10
2021-07-02 19:44:10.435179: I tensorflow/stream_executor/platform/default/dso_loader.cc:48] Successfully opened dynamic library libcusparse.so.10
2021-07-02 19:44:10.435196: I tensorflow/stream_executor/platform/default/dso_loader.cc:48] Successfully opened dynamic library libcudnn.so.7
2021-07-02 19:44:10.437833: I tensorflow/core/common_runtime/gpu/gpu_device.cc:1858] Adding visible gpu devices: 0
2021-07-02 19:44:10.439693: I tensorflow/stream_executor/platform/default/dso_loader.cc:48] Successfully opened dynamic library libcudart.so.10.1
2021-07-02 19:44:12.630926: I tensorflow/core/common_runtime/gpu/gpu_device.cc:1257] Device interconnect StreamExecutor with strength 1 edge matrix:
2021-07-02 19:44:12.631021: I tensorflow/core/common_runtime/gpu/gpu_device.cc:1263]      0 
2021-07-02 19:44:12.631034: I tensorflow/core/common_runtime/gpu/gpu_device.cc:1276] 0:   N 
2021-07-02 19:44:12.637191: I tensorflow/core/common_runtime/gpu/gpu_device.cc:1402] Created TensorFlow device (/job:localhost/replica:0/task:0/device:GPU:0 with 11218 MB memory) -> physical GPU (device: 0, name: NVIDIA TITAN Xp, pci bus id: 0000:02:00.0, compute capability: 6.1)
2021-07-02 19:44:18.668430: I tensorflow/stream_executor/platform/default/dso_loader.cc:48] Successfully opened dynamic library libcudnn.so.7
2021-07-02 19:44:21.276026: I tensorflow/stream_executor/platform/default/dso_loader.cc:48] Successfully opened dynamic library libcublas.so.10
Using model index: 94
Making train data...
GCN...
ZCA...
Done!
Making test data...
Done!
Epoch 1/350


Snapshot weight 4 shuffle 9 at epoch 1
Layer 11
Getting activations...


391/391 - 24s - loss: 2.3215 - accuracy: 0.1055 - val_loss: 2.3019 - val_accuracy: 0.1013
Epoch 2/350


Snapshot weight 4 shuffle 9 at epoch 2
Layer 11
Getting activations...


391/391 - 23s - loss: 2.3159 - accuracy: 0.1061 - val_loss: 2.3245 - val_accuracy: 0.1035
Epoch 3/350


Snapshot weight 4 shuffle 9 at epoch 3
Layer 11
Getting activations...


391/391 - 23s - loss: 2.2852 - accuracy: 0.1468 - val_loss: 2.2790 - val_accuracy: 0.1869
Epoch 4/350


Snapshot weight 4 shuffle 9 at epoch 4
Layer 11
Getting activations...


391/391 - 23s - loss: 2.1620 - accuracy: 0.2153 - val_loss: 2.0660 - val_accuracy: 0.2850
Epoch 5/350


Snapshot weight 4 shuffle 9 at epoch 5
Layer 11
Getting activations...


391/391 - 23s - loss: 1.7620 - accuracy: 0.3617 - val_loss: 1.5541 - val_accuracy: 0.4170
Epoch 6/350


Snapshot weight 4 shuffle 9 at epoch 6
Layer 11
Getting activations...


391/391 - 23s - loss: 1.5107 - accuracy: 0.4597 - val_loss: 1.3365 - val_accuracy: 0.5346
Epoch 7/350


Snapshot weight 4 shuffle 9 at epoch 7
Layer 11
Getting activations...


391/391 - 23s - loss: 1.3596 - accuracy: 0.5207 - val_loss: 1.3006 - val_accuracy: 0.5362
Epoch 8/350


Snapshot weight 4 shuffle 9 at epoch 8
Layer 11
Getting activations...


391/391 - 23s - loss: 1.2552 - accuracy: 0.5586 - val_loss: 1.2087 - val_accuracy: 0.5557
Epoch 9/350


Snapshot weight 4 shuffle 9 at epoch 9
Layer 11
Getting activations...


391/391 - 23s - loss: 1.1841 - accuracy: 0.5850 - val_loss: 1.1246 - val_accuracy: 0.6130
Epoch 10/350


Snapshot weight 4 shuffle 9 at epoch 10
Layer 11
Getting activations...


391/391 - 24s - loss: 1.1209 - accuracy: 0.6099 - val_loss: 1.0477 - val_accuracy: 0.6402
Epoch 11/350
391/391 - 23s - loss: 1.0571 - accuracy: 0.6342 - val_loss: 0.9798 - val_accuracy: 0.6627
Epoch 12/350
391/391 - 23s - loss: 1.0063 - accuracy: 0.6525 - val_loss: 0.9551 - val_accuracy: 0.6721
Epoch 13/350
391/391 - 23s - loss: 0.9622 - accuracy: 0.6688 - val_loss: 0.9567 - val_accuracy: 0.6807
Epoch 14/350
391/391 - 23s - loss: 0.9297 - accuracy: 0.6803 - val_loss: 0.9899 - val_accuracy: 0.6698
Epoch 15/350
391/391 - 23s - loss: 0.8861 - accuracy: 0.6956 - val_loss: 0.7954 - val_accuracy: 0.7315
Epoch 16/350
391/391 - 23s - loss: 0.8623 - accuracy: 0.7066 - val_loss: 0.8866 - val_accuracy: 0.7060
Epoch 17/350
391/391 - 23s - loss: 0.8210 - accuracy: 0.7220 - val_loss: 0.7803 - val_accuracy: 0.7395
Epoch 18/350
391/391 - 23s - loss: 0.7958 - accuracy: 0.7285 - val_loss: 0.7854 - val_accuracy: 0.7388
Epoch 19/350
391/391 - 23s - loss: 0.7682 - accuracy: 0.7406 - val_loss: 0.6902 - val_accuracy: 0.7700
Epoch 20/350
391/391 - 23s - loss: 0.7458 - accuracy: 0.7467 - val_loss: 0.6627 - val_accuracy: 0.7773
Epoch 21/350
391/391 - 23s - loss: 0.7246 - accuracy: 0.7559 - val_loss: 0.6554 - val_accuracy: 0.7822
Epoch 22/350
391/391 - 23s - loss: 0.7027 - accuracy: 0.7637 - val_loss: 0.7082 - val_accuracy: 0.7715
Epoch 23/350
391/391 - 23s - loss: 0.6790 - accuracy: 0.7731 - val_loss: 0.6757 - val_accuracy: 0.7805
Epoch 24/350
391/391 - 23s - loss: 0.6555 - accuracy: 0.7792 - val_loss: 0.6181 - val_accuracy: 0.7949
Epoch 25/350
391/391 - 23s - loss: 0.6444 - accuracy: 0.7860 - val_loss: 0.6459 - val_accuracy: 0.7869
Epoch 26/350
391/391 - 23s - loss: 0.6313 - accuracy: 0.7890 - val_loss: 0.6280 - val_accuracy: 0.7971
Epoch 27/350
391/391 - 23s - loss: 0.6151 - accuracy: 0.7950 - val_loss: 0.5997 - val_accuracy: 0.8067
Epoch 28/350
391/391 - 23s - loss: 0.6024 - accuracy: 0.8005 - val_loss: 0.6798 - val_accuracy: 0.7896
Epoch 29/350
391/391 - 23s - loss: 0.5854 - accuracy: 0.8075 - val_loss: 0.5548 - val_accuracy: 0.8175
Epoch 30/350
391/391 - 23s - loss: 0.5738 - accuracy: 0.8119 - val_loss: 0.5409 - val_accuracy: 0.8241
Epoch 31/350
391/391 - 23s - loss: 0.5550 - accuracy: 0.8174 - val_loss: 0.5320 - val_accuracy: 0.8275
Epoch 32/350
391/391 - 23s - loss: 0.5548 - accuracy: 0.8175 - val_loss: 0.5551 - val_accuracy: 0.8221
Epoch 33/350
391/391 - 23s - loss: 0.5389 - accuracy: 0.8235 - val_loss: 0.5349 - val_accuracy: 0.8284
Epoch 34/350
391/391 - 23s - loss: 0.5392 - accuracy: 0.8224 - val_loss: 0.5304 - val_accuracy: 0.8334
Epoch 35/350
391/391 - 23s - loss: 0.5232 - accuracy: 0.8260 - val_loss: 0.5249 - val_accuracy: 0.8371
Epoch 36/350
391/391 - 23s - loss: 0.5137 - accuracy: 0.8319 - val_loss: 0.5026 - val_accuracy: 0.8411
Epoch 37/350
391/391 - 23s - loss: 0.5052 - accuracy: 0.8331 - val_loss: 0.5195 - val_accuracy: 0.8414
Epoch 38/350
391/391 - 23s - loss: 0.4941 - accuracy: 0.8380 - val_loss: 0.5027 - val_accuracy: 0.8431
Epoch 39/350
391/391 - 23s - loss: 0.4902 - accuracy: 0.8395 - val_loss: 0.5037 - val_accuracy: 0.8430
Epoch 40/350
391/391 - 23s - loss: 0.4778 - accuracy: 0.8434 - val_loss: 0.5153 - val_accuracy: 0.8465
Epoch 41/350
391/391 - 23s - loss: 0.4720 - accuracy: 0.8465 - val_loss: 0.5041 - val_accuracy: 0.8441
Epoch 42/350
391/391 - 23s - loss: 0.4702 - accuracy: 0.8458 - val_loss: 0.4790 - val_accuracy: 0.8468
Epoch 43/350
391/391 - 23s - loss: 0.4590 - accuracy: 0.8511 - val_loss: 0.4737 - val_accuracy: 0.8493
Epoch 44/350
391/391 - 23s - loss: 0.4515 - accuracy: 0.8536 - val_loss: 0.5051 - val_accuracy: 0.8408
Epoch 45/350
391/391 - 23s - loss: 0.4481 - accuracy: 0.8538 - val_loss: 0.4809 - val_accuracy: 0.8508
Epoch 46/350
391/391 - 24s - loss: 0.4403 - accuracy: 0.8589 - val_loss: 0.4848 - val_accuracy: 0.8482
Epoch 47/350
391/391 - 23s - loss: 0.4313 - accuracy: 0.8592 - val_loss: 0.4676 - val_accuracy: 0.8576
Epoch 48/350
391/391 - 23s - loss: 0.4319 - accuracy: 0.8589 - val_loss: 0.4741 - val_accuracy: 0.8609
Epoch 49/350
391/391 - 23s - loss: 0.4229 - accuracy: 0.8623 - val_loss: 0.4443 - val_accuracy: 0.8609
Epoch 50/350


Snapshot weight 4 shuffle 9 at epoch 50
Layer 11
Getting activations...


391/391 - 23s - loss: 0.4155 - accuracy: 0.8659 - val_loss: 0.4539 - val_accuracy: 0.8625
Epoch 51/350
391/391 - 23s - loss: 0.4156 - accuracy: 0.8665 - val_loss: 0.4495 - val_accuracy: 0.8685
Epoch 52/350
391/391 - 23s - loss: 0.4073 - accuracy: 0.8684 - val_loss: 0.4549 - val_accuracy: 0.8647
Epoch 53/350
391/391 - 24s - loss: 0.4013 - accuracy: 0.8705 - val_loss: 0.4514 - val_accuracy: 0.8615
Epoch 54/350
391/391 - 23s - loss: 0.3990 - accuracy: 0.8695 - val_loss: 0.4979 - val_accuracy: 0.8573
Epoch 55/350
391/391 - 23s - loss: 0.3945 - accuracy: 0.8734 - val_loss: 0.4670 - val_accuracy: 0.8590
Epoch 56/350
391/391 - 23s - loss: 0.3901 - accuracy: 0.8760 - val_loss: 0.4584 - val_accuracy: 0.8625
Epoch 57/350
391/391 - 23s - loss: 0.3840 - accuracy: 0.8789 - val_loss: 0.4532 - val_accuracy: 0.8606
Epoch 58/350
391/391 - 23s - loss: 0.3816 - accuracy: 0.8780 - val_loss: 0.4607 - val_accuracy: 0.8613
Epoch 59/350
391/391 - 24s - loss: 0.3713 - accuracy: 0.8798 - val_loss: 0.4419 - val_accuracy: 0.8636
Epoch 60/350
391/391 - 23s - loss: 0.3747 - accuracy: 0.8809 - val_loss: 0.4883 - val_accuracy: 0.8581
Epoch 61/350
391/391 - 24s - loss: 0.3682 - accuracy: 0.8820 - val_loss: 0.4569 - val_accuracy: 0.8659
Epoch 62/350
391/391 - 23s - loss: 0.3652 - accuracy: 0.8830 - val_loss: 0.4542 - val_accuracy: 0.8643
Epoch 63/350
391/391 - 23s - loss: 0.3630 - accuracy: 0.8844 - val_loss: 0.5057 - val_accuracy: 0.8496
Epoch 64/350
391/391 - 23s - loss: 0.3527 - accuracy: 0.8868 - val_loss: 0.4167 - val_accuracy: 0.8768
Epoch 65/350
391/391 - 23s - loss: 0.3554 - accuracy: 0.8857 - val_loss: 0.4271 - val_accuracy: 0.8735
Epoch 66/350
391/391 - 23s - loss: 0.3473 - accuracy: 0.8882 - val_loss: 0.4498 - val_accuracy: 0.8685
Epoch 67/350
391/391 - 23s - loss: 0.3481 - accuracy: 0.8885 - val_loss: 0.4341 - val_accuracy: 0.8723
Epoch 68/350
391/391 - 23s - loss: 0.3426 - accuracy: 0.8921 - val_loss: 0.4564 - val_accuracy: 0.8653
Epoch 69/350
391/391 - 23s - loss: 0.3404 - accuracy: 0.8919 - val_loss: 0.4213 - val_accuracy: 0.8748
Epoch 70/350
391/391 - 23s - loss: 0.3361 - accuracy: 0.8933 - val_loss: 0.4196 - val_accuracy: 0.8757
Epoch 71/350
391/391 - 23s - loss: 0.3288 - accuracy: 0.8962 - val_loss: 0.4269 - val_accuracy: 0.8734
Epoch 72/350
391/391 - 23s - loss: 0.3290 - accuracy: 0.8947 - val_loss: 0.4575 - val_accuracy: 0.8659
Epoch 73/350
391/391 - 23s - loss: 0.3284 - accuracy: 0.8977 - val_loss: 0.4138 - val_accuracy: 0.8768
Epoch 74/350
391/391 - 23s - loss: 0.3211 - accuracy: 0.8982 - val_loss: 0.4242 - val_accuracy: 0.8725
Epoch 75/350
391/391 - 23s - loss: 0.3217 - accuracy: 0.8987 - val_loss: 0.4243 - val_accuracy: 0.8764
Epoch 76/350
391/391 - 23s - loss: 0.3163 - accuracy: 0.9017 - val_loss: 0.4166 - val_accuracy: 0.8788
Epoch 77/350
391/391 - 23s - loss: 0.3174 - accuracy: 0.9000 - val_loss: 0.4402 - val_accuracy: 0.8697
Epoch 78/350
391/391 - 23s - loss: 0.3107 - accuracy: 0.9018 - val_loss: 0.3998 - val_accuracy: 0.8809
Epoch 79/350
391/391 - 23s - loss: 0.3085 - accuracy: 0.9037 - val_loss: 0.4440 - val_accuracy: 0.8786
Epoch 80/350
391/391 - 23s - loss: 0.3106 - accuracy: 0.9040 - val_loss: 0.4155 - val_accuracy: 0.8803
Epoch 81/350
391/391 - 23s - loss: 0.3045 - accuracy: 0.9049 - val_loss: 0.4088 - val_accuracy: 0.8795
Epoch 82/350
391/391 - 23s - loss: 0.3011 - accuracy: 0.9066 - val_loss: 0.4409 - val_accuracy: 0.8796
Epoch 83/350
391/391 - 23s - loss: 0.2958 - accuracy: 0.9086 - val_loss: 0.4647 - val_accuracy: 0.8719
Epoch 84/350
391/391 - 23s - loss: 0.2948 - accuracy: 0.9090 - val_loss: 0.4282 - val_accuracy: 0.8769
Epoch 85/350
391/391 - 23s - loss: 0.2917 - accuracy: 0.9112 - val_loss: 0.4393 - val_accuracy: 0.8751
Epoch 86/350
391/391 - 23s - loss: 0.2907 - accuracy: 0.9097 - val_loss: 0.4364 - val_accuracy: 0.8777
Epoch 87/350
391/391 - 23s - loss: 0.2908 - accuracy: 0.9098 - val_loss: 0.4615 - val_accuracy: 0.8766
Epoch 88/350
391/391 - 23s - loss: 0.2894 - accuracy: 0.9105 - val_loss: 0.3986 - val_accuracy: 0.8830
Epoch 89/350
391/391 - 23s - loss: 0.2905 - accuracy: 0.9096 - val_loss: 0.4079 - val_accuracy: 0.8797
Epoch 90/350
391/391 - 23s - loss: 0.2805 - accuracy: 0.9142 - val_loss: 0.4414 - val_accuracy: 0.8750
Epoch 91/350
391/391 - 23s - loss: 0.2836 - accuracy: 0.9116 - val_loss: 0.4063 - val_accuracy: 0.8810
Epoch 92/350
391/391 - 23s - loss: 0.2827 - accuracy: 0.9110 - val_loss: 0.4496 - val_accuracy: 0.8754
Epoch 93/350
391/391 - 23s - loss: 0.2756 - accuracy: 0.9149 - val_loss: 0.4130 - val_accuracy: 0.8851
Epoch 94/350
391/391 - 23s - loss: 0.2741 - accuracy: 0.9148 - val_loss: 0.4253 - val_accuracy: 0.8796
Epoch 95/350
391/391 - 23s - loss: 0.2763 - accuracy: 0.9158 - val_loss: 0.4303 - val_accuracy: 0.8800
Epoch 96/350
391/391 - 23s - loss: 0.2702 - accuracy: 0.9175 - val_loss: 0.4009 - val_accuracy: 0.8836
Epoch 97/350
391/391 - 23s - loss: 0.2693 - accuracy: 0.9183 - val_loss: 0.3859 - val_accuracy: 0.8881
Epoch 98/350
391/391 - 23s - loss: 0.2712 - accuracy: 0.9165 - val_loss: 0.4109 - val_accuracy: 0.8856
Epoch 99/350
391/391 - 23s - loss: 0.2622 - accuracy: 0.9205 - val_loss: 0.4285 - val_accuracy: 0.8832
Epoch 100/350


Snapshot weight 4 shuffle 9 at epoch 100
Layer 11
Getting activations...


391/391 - 24s - loss: 0.2693 - accuracy: 0.9175 - val_loss: 0.4272 - val_accuracy: 0.8848
Epoch 101/350
391/391 - 23s - loss: 0.2628 - accuracy: 0.9197 - val_loss: 0.4406 - val_accuracy: 0.8810
Epoch 102/350
391/391 - 23s - loss: 0.2629 - accuracy: 0.9194 - val_loss: 0.4100 - val_accuracy: 0.8864
Epoch 103/350
391/391 - 23s - loss: 0.2599 - accuracy: 0.9192 - val_loss: 0.4219 - val_accuracy: 0.8832
Epoch 104/350
391/391 - 23s - loss: 0.2553 - accuracy: 0.9236 - val_loss: 0.4313 - val_accuracy: 0.8842
Epoch 105/350
391/391 - 23s - loss: 0.2574 - accuracy: 0.9222 - val_loss: 0.4299 - val_accuracy: 0.8811
Epoch 106/350
391/391 - 23s - loss: 0.2524 - accuracy: 0.9244 - val_loss: 0.4387 - val_accuracy: 0.8784
Epoch 107/350
391/391 - 23s - loss: 0.2540 - accuracy: 0.9225 - val_loss: 0.4105 - val_accuracy: 0.8896
Epoch 108/350
391/391 - 23s - loss: 0.2502 - accuracy: 0.9247 - val_loss: 0.4088 - val_accuracy: 0.8904
Epoch 109/350
391/391 - 23s - loss: 0.2445 - accuracy: 0.9270 - val_loss: 0.4373 - val_accuracy: 0.8839
Epoch 110/350
391/391 - 23s - loss: 0.2499 - accuracy: 0.9252 - val_loss: 0.4022 - val_accuracy: 0.8901
Epoch 111/350
391/391 - 23s - loss: 0.2451 - accuracy: 0.9268 - val_loss: 0.4107 - val_accuracy: 0.8893
Epoch 112/350
391/391 - 23s - loss: 0.2439 - accuracy: 0.9274 - val_loss: 0.4308 - val_accuracy: 0.8843
Epoch 113/350
391/391 - 23s - loss: 0.2419 - accuracy: 0.9276 - val_loss: 0.4574 - val_accuracy: 0.8792
Epoch 114/350
391/391 - 23s - loss: 0.2362 - accuracy: 0.9291 - val_loss: 0.4404 - val_accuracy: 0.8868
Epoch 115/350
391/391 - 23s - loss: 0.2365 - accuracy: 0.9294 - val_loss: 0.4516 - val_accuracy: 0.8843
Epoch 116/350
391/391 - 23s - loss: 0.2408 - accuracy: 0.9278 - val_loss: 0.4166 - val_accuracy: 0.8928
Epoch 117/350
391/391 - 23s - loss: 0.2368 - accuracy: 0.9302 - val_loss: 0.4231 - val_accuracy: 0.8872
Epoch 118/350
391/391 - 23s - loss: 0.2335 - accuracy: 0.9298 - val_loss: 0.4374 - val_accuracy: 0.8867
Epoch 119/350
391/391 - 23s - loss: 0.2332 - accuracy: 0.9321 - val_loss: 0.4441 - val_accuracy: 0.8835
Epoch 120/350
391/391 - 23s - loss: 0.2316 - accuracy: 0.9323 - val_loss: 0.4351 - val_accuracy: 0.8877
Epoch 121/350
391/391 - 23s - loss: 0.2363 - accuracy: 0.9290 - val_loss: 0.4254 - val_accuracy: 0.8894
Epoch 122/350
391/391 - 23s - loss: 0.2265 - accuracy: 0.9346 - val_loss: 0.4686 - val_accuracy: 0.8789
Epoch 123/350
391/391 - 23s - loss: 0.2280 - accuracy: 0.9334 - val_loss: 0.4220 - val_accuracy: 0.8915
Epoch 124/350
391/391 - 23s - loss: 0.2270 - accuracy: 0.9331 - val_loss: 0.4735 - val_accuracy: 0.8821
Epoch 125/350
391/391 - 23s - loss: 0.2299 - accuracy: 0.9325 - val_loss: 0.4252 - val_accuracy: 0.8890
Epoch 126/350
391/391 - 23s - loss: 0.2269 - accuracy: 0.9339 - val_loss: 0.4370 - val_accuracy: 0.8883
Epoch 127/350
391/391 - 23s - loss: 0.2236 - accuracy: 0.9342 - val_loss: 0.4784 - val_accuracy: 0.8794
Epoch 128/350
391/391 - 23s - loss: 0.2247 - accuracy: 0.9348 - val_loss: 0.4288 - val_accuracy: 0.8863
Epoch 129/350
391/391 - 23s - loss: 0.2206 - accuracy: 0.9356 - val_loss: 0.4415 - val_accuracy: 0.8886
Epoch 130/350
391/391 - 23s - loss: 0.2261 - accuracy: 0.9335 - val_loss: 0.4506 - val_accuracy: 0.8915
Epoch 131/350
391/391 - 23s - loss: 0.2149 - accuracy: 0.9382 - val_loss: 0.4209 - val_accuracy: 0.8940
Epoch 132/350
391/391 - 23s - loss: 0.2183 - accuracy: 0.9366 - val_loss: 0.4305 - val_accuracy: 0.8924
Epoch 133/350
391/391 - 23s - loss: 0.2110 - accuracy: 0.9385 - val_loss: 0.4485 - val_accuracy: 0.8932
Epoch 134/350
391/391 - 23s - loss: 0.2155 - accuracy: 0.9367 - val_loss: 0.4468 - val_accuracy: 0.8900
Epoch 135/350
391/391 - 23s - loss: 0.2127 - accuracy: 0.9384 - val_loss: 0.4301 - val_accuracy: 0.8946
Epoch 136/350
391/391 - 23s - loss: 0.2115 - accuracy: 0.9393 - val_loss: 0.4315 - val_accuracy: 0.8971
Epoch 137/350
391/391 - 23s - loss: 0.2126 - accuracy: 0.9388 - val_loss: 0.4516 - val_accuracy: 0.8863
Epoch 138/350
391/391 - 23s - loss: 0.2134 - accuracy: 0.9404 - val_loss: 0.4565 - val_accuracy: 0.8855
Epoch 139/350
391/391 - 23s - loss: 0.2122 - accuracy: 0.9396 - val_loss: 0.4093 - val_accuracy: 0.8942
Epoch 140/350
391/391 - 23s - loss: 0.2081 - accuracy: 0.9401 - val_loss: 0.4624 - val_accuracy: 0.8870
Epoch 141/350
391/391 - 23s - loss: 0.2036 - accuracy: 0.9431 - val_loss: 0.4310 - val_accuracy: 0.8933
Epoch 142/350
391/391 - 23s - loss: 0.2035 - accuracy: 0.9424 - val_loss: 0.4317 - val_accuracy: 0.8927
Epoch 143/350
391/391 - 23s - loss: 0.2065 - accuracy: 0.9401 - val_loss: 0.4228 - val_accuracy: 0.8931
Epoch 144/350
391/391 - 23s - loss: 0.2072 - accuracy: 0.9417 - val_loss: 0.4505 - val_accuracy: 0.8946
Epoch 145/350
391/391 - 23s - loss: 0.2060 - accuracy: 0.9421 - val_loss: 0.4220 - val_accuracy: 0.8915
Epoch 146/350
391/391 - 23s - loss: 0.2014 - accuracy: 0.9429 - val_loss: 0.4525 - val_accuracy: 0.8921
Epoch 147/350
391/391 - 23s - loss: 0.2007 - accuracy: 0.9436 - val_loss: 0.4654 - val_accuracy: 0.8914
Epoch 148/350
391/391 - 23s - loss: 0.2023 - accuracy: 0.9442 - val_loss: 0.4203 - val_accuracy: 0.8944
Epoch 149/350
391/391 - 23s - loss: 0.2015 - accuracy: 0.9441 - val_loss: 0.4655 - val_accuracy: 0.8909
Epoch 150/350


Snapshot weight 4 shuffle 9 at epoch 150
Layer 11
Getting activations...


391/391 - 23s - loss: 0.1983 - accuracy: 0.9453 - val_loss: 0.4469 - val_accuracy: 0.8932
Epoch 151/350
391/391 - 23s - loss: 0.1965 - accuracy: 0.9442 - val_loss: 0.4495 - val_accuracy: 0.8942
Epoch 152/350
391/391 - 23s - loss: 0.1956 - accuracy: 0.9453 - val_loss: 0.4499 - val_accuracy: 0.8935
Epoch 153/350
391/391 - 23s - loss: 0.1990 - accuracy: 0.9441 - val_loss: 0.4334 - val_accuracy: 0.8947
Epoch 154/350
391/391 - 23s - loss: 0.1943 - accuracy: 0.9462 - val_loss: 0.4222 - val_accuracy: 0.8964
Epoch 155/350
391/391 - 23s - loss: 0.1963 - accuracy: 0.9452 - val_loss: 0.4066 - val_accuracy: 0.8984
Epoch 156/350
391/391 - 23s - loss: 0.1949 - accuracy: 0.9464 - val_loss: 0.4311 - val_accuracy: 0.8956
Epoch 157/350
391/391 - 24s - loss: 0.1949 - accuracy: 0.9453 - val_loss: 0.4484 - val_accuracy: 0.8924
Epoch 158/350
391/391 - 23s - loss: 0.1927 - accuracy: 0.9471 - val_loss: 0.4323 - val_accuracy: 0.8971
Epoch 159/350
391/391 - 23s - loss: 0.1936 - accuracy: 0.9455 - val_loss: 0.4599 - val_accuracy: 0.8904
Epoch 160/350
391/391 - 23s - loss: 0.1934 - accuracy: 0.9477 - val_loss: 0.4425 - val_accuracy: 0.8941
Epoch 161/350
391/391 - 23s - loss: 0.1943 - accuracy: 0.9455 - val_loss: 0.4395 - val_accuracy: 0.8945
Epoch 162/350
391/391 - 23s - loss: 0.1898 - accuracy: 0.9480 - val_loss: 0.4347 - val_accuracy: 0.8954
Epoch 163/350
391/391 - 23s - loss: 0.1892 - accuracy: 0.9496 - val_loss: 0.4257 - val_accuracy: 0.8957
Epoch 164/350
391/391 - 23s - loss: 0.1919 - accuracy: 0.9475 - val_loss: 0.4369 - val_accuracy: 0.8923
Epoch 165/350
391/391 - 23s - loss: 0.1846 - accuracy: 0.9498 - val_loss: 0.4587 - val_accuracy: 0.8905
Epoch 166/350
391/391 - 23s - loss: 0.1891 - accuracy: 0.9480 - val_loss: 0.4383 - val_accuracy: 0.8953
Epoch 167/350
391/391 - 23s - loss: 0.1830 - accuracy: 0.9498 - val_loss: 0.4297 - val_accuracy: 0.8950
Epoch 168/350
391/391 - 23s - loss: 0.1843 - accuracy: 0.9500 - val_loss: 0.4282 - val_accuracy: 0.8994
Epoch 169/350
391/391 - 23s - loss: 0.1865 - accuracy: 0.9479 - val_loss: 0.4516 - val_accuracy: 0.8943
Epoch 170/350
391/391 - 23s - loss: 0.1849 - accuracy: 0.9505 - val_loss: 0.4370 - val_accuracy: 0.8977
Epoch 171/350
391/391 - 23s - loss: 0.1840 - accuracy: 0.9495 - val_loss: 0.4770 - val_accuracy: 0.8915
Epoch 172/350
391/391 - 23s - loss: 0.1797 - accuracy: 0.9516 - val_loss: 0.4510 - val_accuracy: 0.8935
Epoch 173/350
391/391 - 23s - loss: 0.1808 - accuracy: 0.9505 - val_loss: 0.4324 - val_accuracy: 0.8963
Epoch 174/350
391/391 - 23s - loss: 0.1853 - accuracy: 0.9497 - val_loss: 0.4745 - val_accuracy: 0.8927
Epoch 175/350
391/391 - 23s - loss: 0.1845 - accuracy: 0.9504 - val_loss: 0.4480 - val_accuracy: 0.8933
Epoch 176/350
391/391 - 23s - loss: 0.1758 - accuracy: 0.9523 - val_loss: 0.4429 - val_accuracy: 0.8998
Epoch 177/350
391/391 - 23s - loss: 0.1834 - accuracy: 0.9498 - val_loss: 0.4570 - val_accuracy: 0.8944
Epoch 178/350
391/391 - 23s - loss: 0.1782 - accuracy: 0.9531 - val_loss: 0.4219 - val_accuracy: 0.9017
Epoch 179/350
391/391 - 23s - loss: 0.1782 - accuracy: 0.9526 - val_loss: 0.4246 - val_accuracy: 0.8984
Epoch 180/350
391/391 - 23s - loss: 0.1798 - accuracy: 0.9518 - val_loss: 0.4591 - val_accuracy: 0.8964
Epoch 181/350
391/391 - 23s - loss: 0.1778 - accuracy: 0.9535 - val_loss: 0.5245 - val_accuracy: 0.8894
Epoch 182/350
391/391 - 23s - loss: 0.1764 - accuracy: 0.9526 - val_loss: 0.4552 - val_accuracy: 0.8962
Epoch 183/350
391/391 - 23s - loss: 0.1755 - accuracy: 0.9529 - val_loss: 0.4277 - val_accuracy: 0.9009
Epoch 184/350
391/391 - 23s - loss: 0.1742 - accuracy: 0.9543 - val_loss: 0.4538 - val_accuracy: 0.8978
Epoch 185/350
391/391 - 23s - loss: 0.1775 - accuracy: 0.9520 - val_loss: 0.4684 - val_accuracy: 0.8915
Epoch 186/350
391/391 - 23s - loss: 0.1757 - accuracy: 0.9532 - val_loss: 0.4471 - val_accuracy: 0.8976
Epoch 187/350
391/391 - 23s - loss: 0.1765 - accuracy: 0.9533 - val_loss: 0.4518 - val_accuracy: 0.8930
Epoch 188/350
391/391 - 23s - loss: 0.1721 - accuracy: 0.9545 - val_loss: 0.4632 - val_accuracy: 0.8975
Epoch 189/350
391/391 - 23s - loss: 0.1707 - accuracy: 0.9555 - val_loss: 0.4496 - val_accuracy: 0.8965
Epoch 190/350
391/391 - 23s - loss: 0.1690 - accuracy: 0.9554 - val_loss: 0.4570 - val_accuracy: 0.8967
Epoch 191/350
391/391 - 23s - loss: 0.1740 - accuracy: 0.9541 - val_loss: 0.4508 - val_accuracy: 0.9006
Epoch 192/350
391/391 - 23s - loss: 0.1728 - accuracy: 0.9556 - val_loss: 0.4333 - val_accuracy: 0.9003
Epoch 193/350
391/391 - 23s - loss: 0.1716 - accuracy: 0.9560 - val_loss: 0.4598 - val_accuracy: 0.8958
Epoch 194/350
391/391 - 23s - loss: 0.1711 - accuracy: 0.9550 - val_loss: 0.4547 - val_accuracy: 0.8990
Epoch 195/350
391/391 - 23s - loss: 0.1689 - accuracy: 0.9565 - val_loss: 0.4813 - val_accuracy: 0.8924
Epoch 196/350
391/391 - 23s - loss: 0.1675 - accuracy: 0.9564 - val_loss: 0.4838 - val_accuracy: 0.8951
Epoch 197/350
391/391 - 23s - loss: 0.1671 - accuracy: 0.9575 - val_loss: 0.5006 - val_accuracy: 0.8921
Epoch 198/350
391/391 - 23s - loss: 0.1659 - accuracy: 0.9571 - val_loss: 0.4530 - val_accuracy: 0.9015
Epoch 199/350
391/391 - 23s - loss: 0.1647 - accuracy: 0.9584 - val_loss: 0.4483 - val_accuracy: 0.8957
Epoch 200/350


Snapshot weight 4 shuffle 9 at epoch 200
Layer 11
Getting activations...


391/391 - 23s - loss: 0.1679 - accuracy: 0.9558 - val_loss: 0.4450 - val_accuracy: 0.8976
Epoch 201/350
391/391 - 23s - loss: 0.1423 - accuracy: 0.9655 - val_loss: 0.4374 - val_accuracy: 0.9059
Epoch 202/350
391/391 - 23s - loss: 0.1284 - accuracy: 0.9704 - val_loss: 0.4396 - val_accuracy: 0.9065
Epoch 203/350
391/391 - 23s - loss: 0.1274 - accuracy: 0.9716 - val_loss: 0.4433 - val_accuracy: 0.9067
Epoch 204/350
391/391 - 23s - loss: 0.1199 - accuracy: 0.9742 - val_loss: 0.4486 - val_accuracy: 0.9056
Epoch 205/350
391/391 - 23s - loss: 0.1228 - accuracy: 0.9727 - val_loss: 0.4485 - val_accuracy: 0.9070
Epoch 206/350
391/391 - 23s - loss: 0.1188 - accuracy: 0.9744 - val_loss: 0.4539 - val_accuracy: 0.9082
Epoch 207/350
391/391 - 23s - loss: 0.1196 - accuracy: 0.9738 - val_loss: 0.4564 - val_accuracy: 0.9091
Epoch 208/350
391/391 - 23s - loss: 0.1194 - accuracy: 0.9742 - val_loss: 0.4473 - val_accuracy: 0.9078
Epoch 209/350
391/391 - 23s - loss: 0.1177 - accuracy: 0.9738 - val_loss: 0.4535 - val_accuracy: 0.9080
Epoch 210/350
391/391 - 23s - loss: 0.1174 - accuracy: 0.9749 - val_loss: 0.4599 - val_accuracy: 0.9080
Epoch 211/350
391/391 - 23s - loss: 0.1148 - accuracy: 0.9749 - val_loss: 0.4530 - val_accuracy: 0.9097
Epoch 212/350
391/391 - 23s - loss: 0.1155 - accuracy: 0.9752 - val_loss: 0.4586 - val_accuracy: 0.9097
Epoch 213/350
391/391 - 23s - loss: 0.1139 - accuracy: 0.9756 - val_loss: 0.4619 - val_accuracy: 0.9091
Epoch 214/350
391/391 - 23s - loss: 0.1140 - accuracy: 0.9761 - val_loss: 0.4629 - val_accuracy: 0.9093
Epoch 215/350
391/391 - 23s - loss: 0.1117 - accuracy: 0.9766 - val_loss: 0.4667 - val_accuracy: 0.9103
Epoch 216/350
391/391 - 23s - loss: 0.1137 - accuracy: 0.9765 - val_loss: 0.4667 - val_accuracy: 0.9074
Epoch 217/350
391/391 - 23s - loss: 0.1110 - accuracy: 0.9764 - val_loss: 0.4674 - val_accuracy: 0.9095
Epoch 218/350
391/391 - 23s - loss: 0.1124 - accuracy: 0.9758 - val_loss: 0.4643 - val_accuracy: 0.9079
Epoch 219/350
391/391 - 23s - loss: 0.1137 - accuracy: 0.9757 - val_loss: 0.4685 - val_accuracy: 0.9087
Epoch 220/350
391/391 - 23s - loss: 0.1123 - accuracy: 0.9756 - val_loss: 0.4758 - val_accuracy: 0.9083
Epoch 221/350
391/391 - 23s - loss: 0.1130 - accuracy: 0.9763 - val_loss: 0.4730 - val_accuracy: 0.9095
Epoch 222/350
391/391 - 23s - loss: 0.1116 - accuracy: 0.9769 - val_loss: 0.4724 - val_accuracy: 0.9093
Epoch 223/350
391/391 - 23s - loss: 0.1116 - accuracy: 0.9768 - val_loss: 0.4673 - val_accuracy: 0.9085
Epoch 224/350
391/391 - 23s - loss: 0.1095 - accuracy: 0.9768 - val_loss: 0.4758 - val_accuracy: 0.9091
Epoch 225/350
391/391 - 23s - loss: 0.1106 - accuracy: 0.9768 - val_loss: 0.4754 - val_accuracy: 0.9069
Epoch 226/350
391/391 - 23s - loss: 0.1099 - accuracy: 0.9777 - val_loss: 0.4700 - val_accuracy: 0.9084
Epoch 227/350
391/391 - 23s - loss: 0.1055 - accuracy: 0.9801 - val_loss: 0.4858 - val_accuracy: 0.9066
Epoch 228/350
391/391 - 23s - loss: 0.1094 - accuracy: 0.9777 - val_loss: 0.4797 - val_accuracy: 0.9086
Epoch 229/350
391/391 - 23s - loss: 0.1084 - accuracy: 0.9778 - val_loss: 0.4762 - val_accuracy: 0.9095
Epoch 230/350
391/391 - 23s - loss: 0.1072 - accuracy: 0.9786 - val_loss: 0.4817 - val_accuracy: 0.9086
Epoch 231/350
391/391 - 23s - loss: 0.1074 - accuracy: 0.9789 - val_loss: 0.4750 - val_accuracy: 0.9083
Epoch 232/350
391/391 - 23s - loss: 0.1077 - accuracy: 0.9780 - val_loss: 0.4858 - val_accuracy: 0.9070
Epoch 233/350
391/391 - 23s - loss: 0.1085 - accuracy: 0.9786 - val_loss: 0.4820 - val_accuracy: 0.9093
Epoch 234/350
391/391 - 23s - loss: 0.1072 - accuracy: 0.9790 - val_loss: 0.4818 - val_accuracy: 0.9092
Epoch 235/350
391/391 - 23s - loss: 0.1080 - accuracy: 0.9782 - val_loss: 0.4866 - val_accuracy: 0.9080
Epoch 236/350
391/391 - 23s - loss: 0.1070 - accuracy: 0.9782 - val_loss: 0.4808 - val_accuracy: 0.9084
Epoch 237/350
391/391 - 23s - loss: 0.1071 - accuracy: 0.9785 - val_loss: 0.4718 - val_accuracy: 0.9105
Epoch 238/350
391/391 - 23s - loss: 0.1073 - accuracy: 0.9785 - val_loss: 0.4797 - val_accuracy: 0.9087
Epoch 239/350
391/391 - 23s - loss: 0.1052 - accuracy: 0.9782 - val_loss: 0.4835 - val_accuracy: 0.9092
Epoch 240/350
391/391 - 23s - loss: 0.1088 - accuracy: 0.9775 - val_loss: 0.4793 - val_accuracy: 0.9081
Epoch 241/350
391/391 - 23s - loss: 0.1069 - accuracy: 0.9775 - val_loss: 0.4827 - val_accuracy: 0.9087
Epoch 242/350
391/391 - 23s - loss: 0.1091 - accuracy: 0.9780 - val_loss: 0.4854 - val_accuracy: 0.9100
Epoch 243/350
391/391 - 23s - loss: 0.1095 - accuracy: 0.9770 - val_loss: 0.4707 - val_accuracy: 0.9093
Epoch 244/350
391/391 - 23s - loss: 0.1057 - accuracy: 0.9784 - val_loss: 0.4794 - val_accuracy: 0.9083
Epoch 245/350
391/391 - 23s - loss: 0.1057 - accuracy: 0.9796 - val_loss: 0.4869 - val_accuracy: 0.9075
Epoch 246/350
391/391 - 23s - loss: 0.1063 - accuracy: 0.9783 - val_loss: 0.4887 - val_accuracy: 0.9086
Epoch 247/350
391/391 - 23s - loss: 0.1059 - accuracy: 0.9785 - val_loss: 0.4875 - val_accuracy: 0.9087
Epoch 248/350
391/391 - 23s - loss: 0.1039 - accuracy: 0.9797 - val_loss: 0.4871 - val_accuracy: 0.9078
Epoch 249/350
391/391 - 23s - loss: 0.1009 - accuracy: 0.9803 - val_loss: 0.4907 - val_accuracy: 0.9097
Epoch 250/350


Snapshot weight 4 shuffle 9 at epoch 250
Layer 11
Getting activations...


391/391 - 23s - loss: 0.1036 - accuracy: 0.9800 - val_loss: 0.4864 - val_accuracy: 0.9099
Epoch 251/350
391/391 - 23s - loss: 0.1059 - accuracy: 0.9788 - val_loss: 0.4836 - val_accuracy: 0.9107
Epoch 252/350
391/391 - 23s - loss: 0.1007 - accuracy: 0.9806 - val_loss: 0.4852 - val_accuracy: 0.9104
Epoch 253/350
391/391 - 23s - loss: 0.1043 - accuracy: 0.9801 - val_loss: 0.4840 - val_accuracy: 0.9098
Epoch 254/350
391/391 - 23s - loss: 0.1030 - accuracy: 0.9800 - val_loss: 0.4853 - val_accuracy: 0.9099
Epoch 255/350
391/391 - 23s - loss: 0.1011 - accuracy: 0.9804 - val_loss: 0.4856 - val_accuracy: 0.9103
Epoch 256/350
391/391 - 23s - loss: 0.1024 - accuracy: 0.9798 - val_loss: 0.4860 - val_accuracy: 0.9105
Epoch 257/350
391/391 - 23s - loss: 0.1015 - accuracy: 0.9800 - val_loss: 0.4874 - val_accuracy: 0.9108
Epoch 258/350
391/391 - 23s - loss: 0.1001 - accuracy: 0.9803 - val_loss: 0.4862 - val_accuracy: 0.9102
Epoch 259/350
391/391 - 23s - loss: 0.1012 - accuracy: 0.9803 - val_loss: 0.4857 - val_accuracy: 0.9106
Epoch 260/350
391/391 - 23s - loss: 0.1030 - accuracy: 0.9805 - val_loss: 0.4856 - val_accuracy: 0.9100
Epoch 261/350
391/391 - 23s - loss: 0.1005 - accuracy: 0.9800 - val_loss: 0.4861 - val_accuracy: 0.9106
Epoch 262/350
391/391 - 23s - loss: 0.1021 - accuracy: 0.9803 - val_loss: 0.4845 - val_accuracy: 0.9104
Epoch 263/350
391/391 - 23s - loss: 0.1015 - accuracy: 0.9804 - val_loss: 0.4840 - val_accuracy: 0.9109
Epoch 264/350
391/391 - 23s - loss: 0.1003 - accuracy: 0.9805 - val_loss: 0.4884 - val_accuracy: 0.9098
Epoch 265/350
391/391 - 23s - loss: 0.1018 - accuracy: 0.9801 - val_loss: 0.4849 - val_accuracy: 0.9102
Epoch 266/350
391/391 - 23s - loss: 0.1041 - accuracy: 0.9798 - val_loss: 0.4851 - val_accuracy: 0.9099
Epoch 267/350
391/391 - 23s - loss: 0.1006 - accuracy: 0.9805 - val_loss: 0.4906 - val_accuracy: 0.9092
Epoch 268/350
391/391 - 23s - loss: 0.1016 - accuracy: 0.9806 - val_loss: 0.4868 - val_accuracy: 0.9102
Epoch 269/350
391/391 - 23s - loss: 0.1045 - accuracy: 0.9792 - val_loss: 0.4854 - val_accuracy: 0.9097
Epoch 270/350
391/391 - 23s - loss: 0.1011 - accuracy: 0.9797 - val_loss: 0.4873 - val_accuracy: 0.9103
Epoch 271/350
391/391 - 23s - loss: 0.1021 - accuracy: 0.9799 - val_loss: 0.4869 - val_accuracy: 0.9096
Epoch 272/350
391/391 - 23s - loss: 0.1024 - accuracy: 0.9803 - val_loss: 0.4890 - val_accuracy: 0.9093
Epoch 273/350
391/391 - 23s - loss: 0.1000 - accuracy: 0.9807 - val_loss: 0.4866 - val_accuracy: 0.9107
Epoch 274/350
391/391 - 23s - loss: 0.1017 - accuracy: 0.9798 - val_loss: 0.4873 - val_accuracy: 0.9098
Epoch 275/350
391/391 - 23s - loss: 0.1007 - accuracy: 0.9798 - val_loss: 0.4884 - val_accuracy: 0.9098
Epoch 276/350
391/391 - 23s - loss: 0.1023 - accuracy: 0.9800 - val_loss: 0.4864 - val_accuracy: 0.9107
Epoch 277/350
391/391 - 23s - loss: 0.1009 - accuracy: 0.9805 - val_loss: 0.4862 - val_accuracy: 0.9101
Epoch 278/350
391/391 - 23s - loss: 0.0996 - accuracy: 0.9814 - val_loss: 0.4872 - val_accuracy: 0.9109
Epoch 279/350
391/391 - 23s - loss: 0.1009 - accuracy: 0.9796 - val_loss: 0.4887 - val_accuracy: 0.9099
Epoch 280/350
391/391 - 23s - loss: 0.1016 - accuracy: 0.9798 - val_loss: 0.4882 - val_accuracy: 0.9100
Epoch 281/350
391/391 - 23s - loss: 0.1030 - accuracy: 0.9794 - val_loss: 0.4877 - val_accuracy: 0.9099
Epoch 282/350
391/391 - 23s - loss: 0.1007 - accuracy: 0.9807 - val_loss: 0.4871 - val_accuracy: 0.9099
Epoch 283/350
391/391 - 23s - loss: 0.1021 - accuracy: 0.9795 - val_loss: 0.4863 - val_accuracy: 0.9100
Epoch 284/350
391/391 - 23s - loss: 0.1018 - accuracy: 0.9798 - val_loss: 0.4884 - val_accuracy: 0.9102
Epoch 285/350
391/391 - 23s - loss: 0.0994 - accuracy: 0.9814 - val_loss: 0.4863 - val_accuracy: 0.9104
Epoch 286/350
391/391 - 23s - loss: 0.0996 - accuracy: 0.9807 - val_loss: 0.4875 - val_accuracy: 0.9103
Epoch 287/350
391/391 - 23s - loss: 0.1010 - accuracy: 0.9808 - val_loss: 0.4885 - val_accuracy: 0.9106
Epoch 288/350
391/391 - 23s - loss: 0.0991 - accuracy: 0.9811 - val_loss: 0.4867 - val_accuracy: 0.9099
Epoch 289/350
391/391 - 23s - loss: 0.0996 - accuracy: 0.9816 - val_loss: 0.4869 - val_accuracy: 0.9106
Epoch 290/350
391/391 - 23s - loss: 0.0997 - accuracy: 0.9809 - val_loss: 0.4880 - val_accuracy: 0.9110
Epoch 291/350
391/391 - 23s - loss: 0.1010 - accuracy: 0.9807 - val_loss: 0.4889 - val_accuracy: 0.9107
Epoch 292/350
391/391 - 23s - loss: 0.1016 - accuracy: 0.9802 - val_loss: 0.4893 - val_accuracy: 0.9107
Epoch 293/350
391/391 - 23s - loss: 0.0997 - accuracy: 0.9807 - val_loss: 0.4887 - val_accuracy: 0.9111
Epoch 294/350
391/391 - 23s - loss: 0.0989 - accuracy: 0.9811 - val_loss: 0.4876 - val_accuracy: 0.9105
Epoch 295/350
391/391 - 23s - loss: 0.0985 - accuracy: 0.9808 - val_loss: 0.4898 - val_accuracy: 0.9099
Epoch 296/350
391/391 - 23s - loss: 0.1015 - accuracy: 0.9804 - val_loss: 0.4878 - val_accuracy: 0.9108
Epoch 297/350
391/391 - 23s - loss: 0.0995 - accuracy: 0.9807 - val_loss: 0.4873 - val_accuracy: 0.9107
Epoch 298/350
391/391 - 23s - loss: 0.1021 - accuracy: 0.9794 - val_loss: 0.4881 - val_accuracy: 0.9104
Epoch 299/350
391/391 - 23s - loss: 0.1017 - accuracy: 0.9805 - val_loss: 0.4886 - val_accuracy: 0.9102
Epoch 300/350


Snapshot weight 4 shuffle 9 at epoch 300
Layer 11
Getting activations...


391/391 - 23s - loss: 0.1004 - accuracy: 0.9805 - val_loss: 0.4870 - val_accuracy: 0.9106
Epoch 301/350
391/391 - 23s - loss: 0.1014 - accuracy: 0.9799 - val_loss: 0.4870 - val_accuracy: 0.9106
Epoch 302/350
391/391 - 23s - loss: 0.0999 - accuracy: 0.9809 - val_loss: 0.4872 - val_accuracy: 0.9111
Epoch 303/350
391/391 - 23s - loss: 0.1020 - accuracy: 0.9801 - val_loss: 0.4874 - val_accuracy: 0.9108
Epoch 304/350
391/391 - 23s - loss: 0.1005 - accuracy: 0.9806 - val_loss: 0.4872 - val_accuracy: 0.9112
Epoch 305/350
391/391 - 23s - loss: 0.0999 - accuracy: 0.9816 - val_loss: 0.4873 - val_accuracy: 0.9112
Epoch 306/350
391/391 - 23s - loss: 0.0997 - accuracy: 0.9808 - val_loss: 0.4874 - val_accuracy: 0.9112
Epoch 307/350
391/391 - 23s - loss: 0.0987 - accuracy: 0.9813 - val_loss: 0.4874 - val_accuracy: 0.9112
Epoch 308/350
391/391 - 23s - loss: 0.1000 - accuracy: 0.9810 - val_loss: 0.4873 - val_accuracy: 0.9111
Epoch 309/350
391/391 - 23s - loss: 0.0987 - accuracy: 0.9811 - val_loss: 0.4875 - val_accuracy: 0.9112
Epoch 310/350
391/391 - 23s - loss: 0.0998 - accuracy: 0.9811 - val_loss: 0.4876 - val_accuracy: 0.9110
Epoch 311/350
391/391 - 23s - loss: 0.0977 - accuracy: 0.9819 - val_loss: 0.4875 - val_accuracy: 0.9110
Epoch 312/350
391/391 - 23s - loss: 0.1005 - accuracy: 0.9808 - val_loss: 0.4877 - val_accuracy: 0.9113
Epoch 313/350
391/391 - 23s - loss: 0.1021 - accuracy: 0.9806 - val_loss: 0.4876 - val_accuracy: 0.9111
Epoch 314/350
391/391 - 23s - loss: 0.0987 - accuracy: 0.9812 - val_loss: 0.4875 - val_accuracy: 0.9112
Epoch 315/350
391/391 - 23s - loss: 0.0999 - accuracy: 0.9806 - val_loss: 0.4876 - val_accuracy: 0.9112
Epoch 316/350
391/391 - 23s - loss: 0.1006 - accuracy: 0.9804 - val_loss: 0.4877 - val_accuracy: 0.9113
Epoch 317/350
391/391 - 23s - loss: 0.0997 - accuracy: 0.9802 - val_loss: 0.4878 - val_accuracy: 0.9110
Epoch 318/350
391/391 - 23s - loss: 0.1025 - accuracy: 0.9799 - val_loss: 0.4878 - val_accuracy: 0.9109
Epoch 319/350
391/391 - 23s - loss: 0.1015 - accuracy: 0.9805 - val_loss: 0.4879 - val_accuracy: 0.9111
Epoch 320/350
391/391 - 23s - loss: 0.0997 - accuracy: 0.9813 - val_loss: 0.4882 - val_accuracy: 0.9112
Epoch 321/350
391/391 - 23s - loss: 0.1000 - accuracy: 0.9805 - val_loss: 0.4879 - val_accuracy: 0.9114
Epoch 322/350
391/391 - 23s - loss: 0.1003 - accuracy: 0.9811 - val_loss: 0.4881 - val_accuracy: 0.9110
Epoch 323/350
391/391 - 23s - loss: 0.1004 - accuracy: 0.9806 - val_loss: 0.4879 - val_accuracy: 0.9112
Epoch 324/350
391/391 - 23s - loss: 0.1009 - accuracy: 0.9809 - val_loss: 0.4879 - val_accuracy: 0.9111
Epoch 325/350
391/391 - 23s - loss: 0.0990 - accuracy: 0.9815 - val_loss: 0.4876 - val_accuracy: 0.9114
Epoch 326/350
391/391 - 23s - loss: 0.1019 - accuracy: 0.9798 - val_loss: 0.4876 - val_accuracy: 0.9113
Epoch 327/350
391/391 - 23s - loss: 0.0982 - accuracy: 0.9806 - val_loss: 0.4876 - val_accuracy: 0.9113
Epoch 328/350
391/391 - 23s - loss: 0.1008 - accuracy: 0.9805 - val_loss: 0.4876 - val_accuracy: 0.9109
Epoch 329/350
391/391 - 23s - loss: 0.1016 - accuracy: 0.9804 - val_loss: 0.4877 - val_accuracy: 0.9110
Epoch 330/350
391/391 - 23s - loss: 0.0981 - accuracy: 0.9815 - val_loss: 0.4883 - val_accuracy: 0.9109
Epoch 331/350
391/391 - 23s - loss: 0.1007 - accuracy: 0.9811 - val_loss: 0.4880 - val_accuracy: 0.9109
Epoch 332/350
391/391 - 23s - loss: 0.1003 - accuracy: 0.9806 - val_loss: 0.4880 - val_accuracy: 0.9110
Epoch 333/350
391/391 - 23s - loss: 0.1011 - accuracy: 0.9802 - val_loss: 0.4880 - val_accuracy: 0.9113
Epoch 334/350
391/391 - 23s - loss: 0.0999 - accuracy: 0.9811 - val_loss: 0.4880 - val_accuracy: 0.9111
Epoch 335/350
391/391 - 23s - loss: 0.1003 - accuracy: 0.9806 - val_loss: 0.4882 - val_accuracy: 0.9110
Epoch 336/350
391/391 - 23s - loss: 0.1007 - accuracy: 0.9807 - val_loss: 0.4882 - val_accuracy: 0.9109
Epoch 337/350
391/391 - 23s - loss: 0.1010 - accuracy: 0.9804 - val_loss: 0.4883 - val_accuracy: 0.9111
Epoch 338/350
391/391 - 23s - loss: 0.0992 - accuracy: 0.9818 - val_loss: 0.4884 - val_accuracy: 0.9109
Epoch 339/350
391/391 - 23s - loss: 0.0994 - accuracy: 0.9808 - val_loss: 0.4886 - val_accuracy: 0.9112
Epoch 340/350
391/391 - 23s - loss: 0.1022 - accuracy: 0.9798 - val_loss: 0.4886 - val_accuracy: 0.9106
Epoch 341/350
391/391 - 23s - loss: 0.0998 - accuracy: 0.9806 - val_loss: 0.4888 - val_accuracy: 0.9107
Epoch 342/350
391/391 - 23s - loss: 0.0994 - accuracy: 0.9811 - val_loss: 0.4888 - val_accuracy: 0.9113
Epoch 343/350
391/391 - 23s - loss: 0.0999 - accuracy: 0.9808 - val_loss: 0.4885 - val_accuracy: 0.9110
Epoch 344/350
391/391 - 23s - loss: 0.0971 - accuracy: 0.9820 - val_loss: 0.4887 - val_accuracy: 0.9109
Epoch 345/350
391/391 - 23s - loss: 0.1027 - accuracy: 0.9800 - val_loss: 0.4885 - val_accuracy: 0.9110
Epoch 346/350
391/391 - 23s - loss: 0.1006 - accuracy: 0.9802 - val_loss: 0.4887 - val_accuracy: 0.9107
Epoch 347/350
391/391 - 23s - loss: 0.0996 - accuracy: 0.9805 - val_loss: 0.4887 - val_accuracy: 0.9107
Epoch 348/350
391/391 - 23s - loss: 0.0985 - accuracy: 0.9813 - val_loss: 0.4884 - val_accuracy: 0.9109
Epoch 349/350
391/391 - 23s - loss: 0.1011 - accuracy: 0.9806 - val_loss: 0.4884 - val_accuracy: 0.9109
Epoch 350/350


Snapshot weight 4 shuffle 9 at epoch 350
Layer 11
Getting activations...


391/391 - 23s - loss: 0.0989 - accuracy: 0.9814 - val_loss: 0.4884 - val_accuracy: 0.9109
/usr/local/lib/python3.6/dist-packages/tensorflow/python/autograph/impl/api.py:493: UserWarning: fill_value is not supported and is always 0 for TensorFlow < 2.4.0.
  return py_builtins.overload_of(f)(*args)
WARNING:tensorflow:From /usr/local/lib/python3.6/dist-packages/tensorflow/python/training/tracking/tracking.py:111: Model.state_updates (from tensorflow.python.keras.engine.training) is deprecated and will be removed in a future version.
Instructions for updating:
This property should not be used in TensorFlow 2.0, as updates are applied automatically.
2021-07-02 22:06:21.806421: W tensorflow/python/util/util.cc:348] Sets are not currently considered sequences, but this may change in the future, so consider avoiding using them.
WARNING:tensorflow:From /usr/local/lib/python3.6/dist-packages/tensorflow/python/training/tracking/tracking.py:111: Layer.updates (from tensorflow.python.keras.engine.base_layer) is deprecated and will be removed in a future version.
Instructions for updating:
This property should not be used in TensorFlow 2.0, as updates are applied automatically.
Saving, final validation acc: 0.9108999967575073
