2021-07-02 07:06:26.573934: I tensorflow/stream_executor/platform/default/dso_loader.cc:48] Successfully opened dynamic library libcudart.so.10.1
2021-07-02 07:08:32.133453: I tensorflow/stream_executor/platform/default/dso_loader.cc:48] Successfully opened dynamic library libcuda.so.1
2021-07-02 07:08:32.159076: I tensorflow/core/common_runtime/gpu/gpu_device.cc:1716] Found device 0 with properties: 
pciBusID: 0000:02:00.0 name: NVIDIA TITAN Xp computeCapability: 6.1
coreClock: 1.582GHz coreCount: 30 deviceMemorySize: 11.91GiB deviceMemoryBandwidth: 510.07GiB/s
2021-07-02 07:08:32.159161: I tensorflow/stream_executor/platform/default/dso_loader.cc:48] Successfully opened dynamic library libcudart.so.10.1
2021-07-02 07:08:37.345672: I tensorflow/stream_executor/platform/default/dso_loader.cc:48] Successfully opened dynamic library libcublas.so.10
2021-07-02 07:08:37.384460: I tensorflow/stream_executor/platform/default/dso_loader.cc:48] Successfully opened dynamic library libcufft.so.10
2021-07-02 07:08:39.826854: I tensorflow/stream_executor/platform/default/dso_loader.cc:48] Successfully opened dynamic library libcurand.so.10
2021-07-02 07:08:40.990630: I tensorflow/stream_executor/platform/default/dso_loader.cc:48] Successfully opened dynamic library libcusolver.so.10
2021-07-02 07:08:42.645289: I tensorflow/stream_executor/platform/default/dso_loader.cc:48] Successfully opened dynamic library libcusparse.so.10
2021-07-02 07:08:42.788012: I tensorflow/stream_executor/platform/default/dso_loader.cc:48] Successfully opened dynamic library libcudnn.so.7
2021-07-02 07:08:42.791770: I tensorflow/core/common_runtime/gpu/gpu_device.cc:1858] Adding visible gpu devices: 0
2021-07-02 07:08:42.796160: I tensorflow/core/platform/cpu_feature_guard.cc:142] This TensorFlow binary is optimized with oneAPI Deep Neural Network Library (oneDNN)to use the following CPU instructions in performance-critical operations:  AVX2 FMA
To enable them in other operations, rebuild TensorFlow with the appropriate compiler flags.
2021-07-02 07:08:42.815290: I tensorflow/core/platform/profile_utils/cpu_utils.cc:104] CPU Frequency: 2600205000 Hz
2021-07-02 07:08:42.815467: I tensorflow/compiler/xla/service/service.cc:168] XLA service 0x556b450 initialized for platform Host (this does not guarantee that XLA will be used). Devices:
2021-07-02 07:08:42.815491: I tensorflow/compiler/xla/service/service.cc:176]   StreamExecutor device (0): Host, Default Version
2021-07-02 07:08:42.962635: I tensorflow/compiler/xla/service/service.cc:168] XLA service 0x554d440 initialized for platform CUDA (this does not guarantee that XLA will be used). Devices:
2021-07-02 07:08:42.962712: I tensorflow/compiler/xla/service/service.cc:176]   StreamExecutor device (0): NVIDIA TITAN Xp, Compute Capability 6.1
2021-07-02 07:08:42.965748: I tensorflow/core/common_runtime/gpu/gpu_device.cc:1716] Found device 0 with properties: 
pciBusID: 0000:02:00.0 name: NVIDIA TITAN Xp computeCapability: 6.1
coreClock: 1.582GHz coreCount: 30 deviceMemorySize: 11.91GiB deviceMemoryBandwidth: 510.07GiB/s
2021-07-02 07:08:42.965820: I tensorflow/stream_executor/platform/default/dso_loader.cc:48] Successfully opened dynamic library libcudart.so.10.1
2021-07-02 07:08:42.965856: I tensorflow/stream_executor/platform/default/dso_loader.cc:48] Successfully opened dynamic library libcublas.so.10
2021-07-02 07:08:42.965878: I tensorflow/stream_executor/platform/default/dso_loader.cc:48] Successfully opened dynamic library libcufft.so.10
2021-07-02 07:08:42.965899: I tensorflow/stream_executor/platform/default/dso_loader.cc:48] Successfully opened dynamic library libcurand.so.10
2021-07-02 07:08:42.965919: I tensorflow/stream_executor/platform/default/dso_loader.cc:48] Successfully opened dynamic library libcusolver.so.10
2021-07-02 07:08:42.965939: I tensorflow/stream_executor/platform/default/dso_loader.cc:48] Successfully opened dynamic library libcusparse.so.10
2021-07-02 07:08:42.965969: I tensorflow/stream_executor/platform/default/dso_loader.cc:48] Successfully opened dynamic library libcudnn.so.7
2021-07-02 07:08:42.969132: I tensorflow/core/common_runtime/gpu/gpu_device.cc:1858] Adding visible gpu devices: 0
2021-07-02 07:08:42.971222: I tensorflow/stream_executor/platform/default/dso_loader.cc:48] Successfully opened dynamic library libcudart.so.10.1
2021-07-02 07:09:02.354867: I tensorflow/core/common_runtime/gpu/gpu_device.cc:1257] Device interconnect StreamExecutor with strength 1 edge matrix:
2021-07-02 07:09:02.354962: I tensorflow/core/common_runtime/gpu/gpu_device.cc:1263]      0 
2021-07-02 07:09:02.354984: I tensorflow/core/common_runtime/gpu/gpu_device.cc:1276] 0:   N 
2021-07-02 07:09:02.362179: I tensorflow/core/common_runtime/gpu/gpu_device.cc:1402] Created TensorFlow device (/job:localhost/replica:0/task:0/device:GPU:0 with 11218 MB memory) -> physical GPU (device: 0, name: NVIDIA TITAN Xp, pci bus id: 0000:02:00.0, compute capability: 6.1)
2021-07-02 07:09:09.420755: I tensorflow/stream_executor/platform/default/dso_loader.cc:48] Successfully opened dynamic library libcudnn.so.7
2021-07-02 07:09:43.824979: I tensorflow/stream_executor/platform/default/dso_loader.cc:48] Successfully opened dynamic library libcublas.so.10
Using model index: 52
Making train data...
GCN...
ZCA...
Done!
Making test data...
Done!
Epoch 1/350


Snapshot weight 2 shuffle 5 at epoch 1
Layer 11
Getting activations...


391/391 - 26s - loss: 2.2969 - accuracy: 0.1268 - val_loss: 2.2299 - val_accuracy: 0.2060
Epoch 2/350


Snapshot weight 2 shuffle 5 at epoch 2
Layer 11
Getting activations...


391/391 - 23s - loss: 2.1006 - accuracy: 0.2503 - val_loss: 1.9445 - val_accuracy: 0.3143
Epoch 3/350


Snapshot weight 2 shuffle 5 at epoch 3
Layer 11
Getting activations...


391/391 - 23s - loss: 1.7414 - accuracy: 0.3737 - val_loss: 1.7051 - val_accuracy: 0.4096
Epoch 4/350


Snapshot weight 2 shuffle 5 at epoch 4
Layer 11
Getting activations...


391/391 - 23s - loss: 1.4760 - accuracy: 0.4750 - val_loss: 1.3152 - val_accuracy: 0.5461
Epoch 5/350


Snapshot weight 2 shuffle 5 at epoch 5
Layer 11
Getting activations...


391/391 - 23s - loss: 1.3228 - accuracy: 0.5340 - val_loss: 1.2152 - val_accuracy: 0.5787
Epoch 6/350


Snapshot weight 2 shuffle 5 at epoch 6
Layer 11
Getting activations...


391/391 - 23s - loss: 1.2159 - accuracy: 0.5760 - val_loss: 1.0972 - val_accuracy: 0.6168
Epoch 7/350


Snapshot weight 2 shuffle 5 at epoch 7
Layer 11
Getting activations...


391/391 - 23s - loss: 1.1434 - accuracy: 0.5996 - val_loss: 1.0635 - val_accuracy: 0.6276
Epoch 8/350


Snapshot weight 2 shuffle 5 at epoch 8
Layer 11
Getting activations...


391/391 - 23s - loss: 1.0802 - accuracy: 0.6233 - val_loss: 0.9869 - val_accuracy: 0.6645
Epoch 9/350


Snapshot weight 2 shuffle 5 at epoch 9
Layer 11
Getting activations...


391/391 - 23s - loss: 1.0196 - accuracy: 0.6459 - val_loss: 1.0094 - val_accuracy: 0.6629
Epoch 10/350


Snapshot weight 2 shuffle 5 at epoch 10
Layer 11
Getting activations...


391/391 - 23s - loss: 0.9895 - accuracy: 0.6588 - val_loss: 1.0058 - val_accuracy: 0.6691
Epoch 11/350
391/391 - 23s - loss: 0.9494 - accuracy: 0.6723 - val_loss: 0.8820 - val_accuracy: 0.7094
Epoch 12/350
391/391 - 23s - loss: 0.9086 - accuracy: 0.6900 - val_loss: 0.8470 - val_accuracy: 0.7158
Epoch 13/350
391/391 - 23s - loss: 0.8830 - accuracy: 0.6985 - val_loss: 0.8044 - val_accuracy: 0.7247
Epoch 14/350
391/391 - 23s - loss: 0.8589 - accuracy: 0.7065 - val_loss: 0.8022 - val_accuracy: 0.7291
Epoch 15/350
391/391 - 23s - loss: 0.8226 - accuracy: 0.7208 - val_loss: 0.9424 - val_accuracy: 0.6820
Epoch 16/350
391/391 - 23s - loss: 0.8027 - accuracy: 0.7270 - val_loss: 0.7551 - val_accuracy: 0.7439
Epoch 17/350
391/391 - 23s - loss: 0.7738 - accuracy: 0.7392 - val_loss: 0.7669 - val_accuracy: 0.7430
Epoch 18/350
391/391 - 23s - loss: 0.7380 - accuracy: 0.7526 - val_loss: 0.6866 - val_accuracy: 0.7688
Epoch 19/350
391/391 - 23s - loss: 0.7179 - accuracy: 0.7586 - val_loss: 0.6556 - val_accuracy: 0.7816
Epoch 20/350
391/391 - 23s - loss: 0.7021 - accuracy: 0.7658 - val_loss: 0.6433 - val_accuracy: 0.7885
Epoch 21/350
391/391 - 23s - loss: 0.6809 - accuracy: 0.7717 - val_loss: 0.6894 - val_accuracy: 0.7764
Epoch 22/350
391/391 - 23s - loss: 0.6651 - accuracy: 0.7797 - val_loss: 0.6644 - val_accuracy: 0.7828
Epoch 23/350
391/391 - 23s - loss: 0.6466 - accuracy: 0.7848 - val_loss: 0.6543 - val_accuracy: 0.7867
Epoch 24/350
391/391 - 23s - loss: 0.6319 - accuracy: 0.7918 - val_loss: 0.6053 - val_accuracy: 0.8006
Epoch 25/350
391/391 - 23s - loss: 0.6186 - accuracy: 0.7944 - val_loss: 0.5889 - val_accuracy: 0.8146
Epoch 26/350
391/391 - 23s - loss: 0.6049 - accuracy: 0.7982 - val_loss: 0.5779 - val_accuracy: 0.8128
Epoch 27/350
391/391 - 23s - loss: 0.5934 - accuracy: 0.8031 - val_loss: 0.5943 - val_accuracy: 0.8136
Epoch 28/350
391/391 - 23s - loss: 0.5721 - accuracy: 0.8115 - val_loss: 0.5481 - val_accuracy: 0.8218
Epoch 29/350
391/391 - 23s - loss: 0.5661 - accuracy: 0.8122 - val_loss: 0.5284 - val_accuracy: 0.8296
Epoch 30/350
391/391 - 23s - loss: 0.5607 - accuracy: 0.8158 - val_loss: 0.5416 - val_accuracy: 0.8283
Epoch 31/350
391/391 - 23s - loss: 0.5465 - accuracy: 0.8198 - val_loss: 0.5038 - val_accuracy: 0.8403
Epoch 32/350
391/391 - 23s - loss: 0.5387 - accuracy: 0.8237 - val_loss: 0.5079 - val_accuracy: 0.8382
Epoch 33/350
391/391 - 23s - loss: 0.5289 - accuracy: 0.8276 - val_loss: 0.5486 - val_accuracy: 0.8319
Epoch 34/350
391/391 - 23s - loss: 0.5191 - accuracy: 0.8310 - val_loss: 0.5415 - val_accuracy: 0.8285
Epoch 35/350
391/391 - 23s - loss: 0.5068 - accuracy: 0.8334 - val_loss: 0.4941 - val_accuracy: 0.8418
Epoch 36/350
391/391 - 23s - loss: 0.4993 - accuracy: 0.8371 - val_loss: 0.4852 - val_accuracy: 0.8507
Epoch 37/350
391/391 - 23s - loss: 0.4899 - accuracy: 0.8409 - val_loss: 0.5003 - val_accuracy: 0.8389
Epoch 38/350
391/391 - 23s - loss: 0.4795 - accuracy: 0.8445 - val_loss: 0.5178 - val_accuracy: 0.8401
Epoch 39/350
391/391 - 23s - loss: 0.4742 - accuracy: 0.8468 - val_loss: 0.4817 - val_accuracy: 0.8458
Epoch 40/350
391/391 - 23s - loss: 0.4643 - accuracy: 0.8515 - val_loss: 0.4919 - val_accuracy: 0.8487
Epoch 41/350
391/391 - 23s - loss: 0.4566 - accuracy: 0.8511 - val_loss: 0.4860 - val_accuracy: 0.8489
Epoch 42/350
391/391 - 23s - loss: 0.4577 - accuracy: 0.8534 - val_loss: 0.4462 - val_accuracy: 0.8581
Epoch 43/350
391/391 - 23s - loss: 0.4535 - accuracy: 0.8551 - val_loss: 0.4815 - val_accuracy: 0.8535
Epoch 44/350
391/391 - 23s - loss: 0.4460 - accuracy: 0.8563 - val_loss: 0.4583 - val_accuracy: 0.8543
Epoch 45/350
391/391 - 23s - loss: 0.4411 - accuracy: 0.8564 - val_loss: 0.4637 - val_accuracy: 0.8541
Epoch 46/350
391/391 - 23s - loss: 0.4257 - accuracy: 0.8646 - val_loss: 0.4687 - val_accuracy: 0.8574
Epoch 47/350
391/391 - 23s - loss: 0.4285 - accuracy: 0.8623 - val_loss: 0.4731 - val_accuracy: 0.8535
Epoch 48/350
391/391 - 23s - loss: 0.4176 - accuracy: 0.8636 - val_loss: 0.4538 - val_accuracy: 0.8575
Epoch 49/350
391/391 - 23s - loss: 0.4156 - accuracy: 0.8673 - val_loss: 0.4394 - val_accuracy: 0.8644
Epoch 50/350


Snapshot weight 2 shuffle 5 at epoch 50
Layer 11
Getting activations...


391/391 - 23s - loss: 0.4098 - accuracy: 0.8688 - val_loss: 0.4758 - val_accuracy: 0.8585
Epoch 51/350
391/391 - 23s - loss: 0.4079 - accuracy: 0.8686 - val_loss: 0.4567 - val_accuracy: 0.8596
Epoch 52/350
391/391 - 23s - loss: 0.4014 - accuracy: 0.8708 - val_loss: 0.4483 - val_accuracy: 0.8629
Epoch 53/350
391/391 - 23s - loss: 0.3920 - accuracy: 0.8743 - val_loss: 0.4343 - val_accuracy: 0.8679
Epoch 54/350
391/391 - 23s - loss: 0.3910 - accuracy: 0.8745 - val_loss: 0.4206 - val_accuracy: 0.8677
Epoch 55/350
391/391 - 23s - loss: 0.3882 - accuracy: 0.8765 - val_loss: 0.4390 - val_accuracy: 0.8666
Epoch 56/350
391/391 - 23s - loss: 0.3793 - accuracy: 0.8803 - val_loss: 0.4407 - val_accuracy: 0.8624
Epoch 57/350
391/391 - 23s - loss: 0.3835 - accuracy: 0.8793 - val_loss: 0.4520 - val_accuracy: 0.8649
Epoch 58/350
391/391 - 23s - loss: 0.3774 - accuracy: 0.8788 - val_loss: 0.4212 - val_accuracy: 0.8712
Epoch 59/350
391/391 - 23s - loss: 0.3723 - accuracy: 0.8821 - val_loss: 0.4577 - val_accuracy: 0.8563
Epoch 60/350
391/391 - 23s - loss: 0.3621 - accuracy: 0.8841 - val_loss: 0.4883 - val_accuracy: 0.8581
Epoch 61/350
391/391 - 23s - loss: 0.3630 - accuracy: 0.8871 - val_loss: 0.4488 - val_accuracy: 0.8692
Epoch 62/350
391/391 - 23s - loss: 0.3576 - accuracy: 0.8877 - val_loss: 0.4291 - val_accuracy: 0.8727
Epoch 63/350
391/391 - 23s - loss: 0.3503 - accuracy: 0.8878 - val_loss: 0.4518 - val_accuracy: 0.8671
Epoch 64/350
391/391 - 23s - loss: 0.3526 - accuracy: 0.8879 - val_loss: 0.4312 - val_accuracy: 0.8710
Epoch 65/350
391/391 - 23s - loss: 0.3475 - accuracy: 0.8899 - val_loss: 0.4184 - val_accuracy: 0.8780
Epoch 66/350
391/391 - 23s - loss: 0.3420 - accuracy: 0.8919 - val_loss: 0.4164 - val_accuracy: 0.8790
Epoch 67/350
391/391 - 23s - loss: 0.3396 - accuracy: 0.8918 - val_loss: 0.4780 - val_accuracy: 0.8643
Epoch 68/350
391/391 - 23s - loss: 0.3369 - accuracy: 0.8933 - val_loss: 0.4447 - val_accuracy: 0.8750
Epoch 69/350
391/391 - 23s - loss: 0.3382 - accuracy: 0.8934 - val_loss: 0.4387 - val_accuracy: 0.8750
Epoch 70/350
391/391 - 23s - loss: 0.3345 - accuracy: 0.8952 - val_loss: 0.4498 - val_accuracy: 0.8723
Epoch 71/350
391/391 - 23s - loss: 0.3313 - accuracy: 0.8958 - val_loss: 0.4553 - val_accuracy: 0.8683
Epoch 72/350
391/391 - 23s - loss: 0.3297 - accuracy: 0.8956 - val_loss: 0.4213 - val_accuracy: 0.8743
Epoch 73/350
391/391 - 23s - loss: 0.3240 - accuracy: 0.8984 - val_loss: 0.4202 - val_accuracy: 0.8780
Epoch 74/350
391/391 - 23s - loss: 0.3250 - accuracy: 0.8988 - val_loss: 0.4185 - val_accuracy: 0.8784
Epoch 75/350
391/391 - 23s - loss: 0.3144 - accuracy: 0.9036 - val_loss: 0.4056 - val_accuracy: 0.8831
Epoch 76/350
391/391 - 23s - loss: 0.3121 - accuracy: 0.9024 - val_loss: 0.4138 - val_accuracy: 0.8767
Epoch 77/350
391/391 - 23s - loss: 0.3115 - accuracy: 0.9025 - val_loss: 0.4240 - val_accuracy: 0.8784
Epoch 78/350
391/391 - 23s - loss: 0.3110 - accuracy: 0.9022 - val_loss: 0.4201 - val_accuracy: 0.8824
Epoch 79/350
391/391 - 23s - loss: 0.3050 - accuracy: 0.9047 - val_loss: 0.4579 - val_accuracy: 0.8708
Epoch 80/350
391/391 - 23s - loss: 0.3069 - accuracy: 0.9035 - val_loss: 0.4107 - val_accuracy: 0.8833
Epoch 81/350
391/391 - 23s - loss: 0.3027 - accuracy: 0.9057 - val_loss: 0.4000 - val_accuracy: 0.8821
Epoch 82/350
391/391 - 23s - loss: 0.3039 - accuracy: 0.9063 - val_loss: 0.4349 - val_accuracy: 0.8828
Epoch 83/350
391/391 - 23s - loss: 0.2963 - accuracy: 0.9093 - val_loss: 0.4196 - val_accuracy: 0.8830
Epoch 84/350
391/391 - 23s - loss: 0.2952 - accuracy: 0.9091 - val_loss: 0.3983 - val_accuracy: 0.8833
Epoch 85/350
391/391 - 23s - loss: 0.2900 - accuracy: 0.9110 - val_loss: 0.3960 - val_accuracy: 0.8859
Epoch 86/350
391/391 - 23s - loss: 0.2946 - accuracy: 0.9092 - val_loss: 0.4128 - val_accuracy: 0.8835
Epoch 87/350
391/391 - 23s - loss: 0.2890 - accuracy: 0.9114 - val_loss: 0.4325 - val_accuracy: 0.8824
Epoch 88/350
391/391 - 23s - loss: 0.2821 - accuracy: 0.9127 - val_loss: 0.4158 - val_accuracy: 0.8836
Epoch 89/350
391/391 - 23s - loss: 0.2816 - accuracy: 0.9149 - val_loss: 0.4065 - val_accuracy: 0.8866
Epoch 90/350
391/391 - 23s - loss: 0.2812 - accuracy: 0.9145 - val_loss: 0.3967 - val_accuracy: 0.8870
Epoch 91/350
391/391 - 23s - loss: 0.2783 - accuracy: 0.9156 - val_loss: 0.4200 - val_accuracy: 0.8849
Epoch 92/350
391/391 - 23s - loss: 0.2752 - accuracy: 0.9159 - val_loss: 0.4254 - val_accuracy: 0.8847
Epoch 93/350
391/391 - 23s - loss: 0.2786 - accuracy: 0.9145 - val_loss: 0.4301 - val_accuracy: 0.8815
Epoch 94/350
391/391 - 23s - loss: 0.2697 - accuracy: 0.9194 - val_loss: 0.4026 - val_accuracy: 0.8866
Epoch 95/350
391/391 - 23s - loss: 0.2741 - accuracy: 0.9169 - val_loss: 0.4044 - val_accuracy: 0.8887
Epoch 96/350
391/391 - 23s - loss: 0.2709 - accuracy: 0.9162 - val_loss: 0.4568 - val_accuracy: 0.8802
Epoch 97/350
391/391 - 23s - loss: 0.2682 - accuracy: 0.9180 - val_loss: 0.4132 - val_accuracy: 0.8869
Epoch 98/350
391/391 - 23s - loss: 0.2704 - accuracy: 0.9171 - val_loss: 0.4582 - val_accuracy: 0.8779
Epoch 99/350
391/391 - 23s - loss: 0.2624 - accuracy: 0.9206 - val_loss: 0.4173 - val_accuracy: 0.8868
Epoch 100/350


Snapshot weight 2 shuffle 5 at epoch 100
Layer 11
Getting activations...


391/391 - 23s - loss: 0.2609 - accuracy: 0.9204 - val_loss: 0.4365 - val_accuracy: 0.8849
Epoch 101/350
391/391 - 23s - loss: 0.2595 - accuracy: 0.9228 - val_loss: 0.4290 - val_accuracy: 0.8875
Epoch 102/350
391/391 - 23s - loss: 0.2647 - accuracy: 0.9209 - val_loss: 0.4131 - val_accuracy: 0.8913
Epoch 103/350
391/391 - 23s - loss: 0.2510 - accuracy: 0.9231 - val_loss: 0.4085 - val_accuracy: 0.8875
Epoch 104/350
391/391 - 23s - loss: 0.2563 - accuracy: 0.9231 - val_loss: 0.4183 - val_accuracy: 0.8890
Epoch 105/350
391/391 - 23s - loss: 0.2515 - accuracy: 0.9253 - val_loss: 0.4157 - val_accuracy: 0.8877
Epoch 106/350
391/391 - 23s - loss: 0.2524 - accuracy: 0.9248 - val_loss: 0.4653 - val_accuracy: 0.8820
Epoch 107/350
391/391 - 23s - loss: 0.2490 - accuracy: 0.9257 - val_loss: 0.4267 - val_accuracy: 0.8841
Epoch 108/350
391/391 - 23s - loss: 0.2505 - accuracy: 0.9254 - val_loss: 0.4129 - val_accuracy: 0.8907
Epoch 109/350
391/391 - 23s - loss: 0.2490 - accuracy: 0.9256 - val_loss: 0.4346 - val_accuracy: 0.8914
Epoch 110/350
391/391 - 23s - loss: 0.2486 - accuracy: 0.9254 - val_loss: 0.4321 - val_accuracy: 0.8852
Epoch 111/350
391/391 - 23s - loss: 0.2457 - accuracy: 0.9258 - val_loss: 0.4164 - val_accuracy: 0.8885
Epoch 112/350
391/391 - 23s - loss: 0.2405 - accuracy: 0.9291 - val_loss: 0.4349 - val_accuracy: 0.8822
Epoch 113/350
391/391 - 23s - loss: 0.2468 - accuracy: 0.9259 - val_loss: 0.4268 - val_accuracy: 0.8901
Epoch 114/350
391/391 - 23s - loss: 0.2390 - accuracy: 0.9286 - val_loss: 0.4655 - val_accuracy: 0.8782
Epoch 115/350
391/391 - 23s - loss: 0.2390 - accuracy: 0.9289 - val_loss: 0.4448 - val_accuracy: 0.8834
Epoch 116/350
391/391 - 23s - loss: 0.2343 - accuracy: 0.9307 - val_loss: 0.4486 - val_accuracy: 0.8867
Epoch 117/350
391/391 - 23s - loss: 0.2385 - accuracy: 0.9297 - val_loss: 0.4332 - val_accuracy: 0.8875
Epoch 118/350
391/391 - 23s - loss: 0.2340 - accuracy: 0.9295 - val_loss: 0.4062 - val_accuracy: 0.8927
Epoch 119/350
391/391 - 23s - loss: 0.2299 - accuracy: 0.9317 - val_loss: 0.4011 - val_accuracy: 0.8900
Epoch 120/350
391/391 - 23s - loss: 0.2302 - accuracy: 0.9325 - val_loss: 0.4402 - val_accuracy: 0.8878
Epoch 121/350
391/391 - 23s - loss: 0.2322 - accuracy: 0.9327 - val_loss: 0.4511 - val_accuracy: 0.8834
Epoch 122/350
391/391 - 23s - loss: 0.2269 - accuracy: 0.9331 - val_loss: 0.4282 - val_accuracy: 0.8903
Epoch 123/350
391/391 - 23s - loss: 0.2278 - accuracy: 0.9340 - val_loss: 0.4039 - val_accuracy: 0.8906
Epoch 124/350
391/391 - 23s - loss: 0.2260 - accuracy: 0.9341 - val_loss: 0.4226 - val_accuracy: 0.8847
Epoch 125/350
391/391 - 23s - loss: 0.2249 - accuracy: 0.9345 - val_loss: 0.4543 - val_accuracy: 0.8824
Epoch 126/350
391/391 - 23s - loss: 0.2246 - accuracy: 0.9352 - val_loss: 0.4227 - val_accuracy: 0.8858
Epoch 127/350
391/391 - 23s - loss: 0.2228 - accuracy: 0.9351 - val_loss: 0.4267 - val_accuracy: 0.8892
Epoch 128/350
391/391 - 23s - loss: 0.2216 - accuracy: 0.9356 - val_loss: 0.4545 - val_accuracy: 0.8879
Epoch 129/350
391/391 - 23s - loss: 0.2168 - accuracy: 0.9381 - val_loss: 0.4376 - val_accuracy: 0.8931
Epoch 130/350
391/391 - 23s - loss: 0.2183 - accuracy: 0.9367 - val_loss: 0.4112 - val_accuracy: 0.8929
Epoch 131/350
391/391 - 23s - loss: 0.2161 - accuracy: 0.9377 - val_loss: 0.4297 - val_accuracy: 0.8950
Epoch 132/350
391/391 - 23s - loss: 0.2202 - accuracy: 0.9364 - val_loss: 0.4474 - val_accuracy: 0.8895
Epoch 133/350
391/391 - 23s - loss: 0.2142 - accuracy: 0.9383 - val_loss: 0.4113 - val_accuracy: 0.8945
Epoch 134/350
391/391 - 23s - loss: 0.2172 - accuracy: 0.9377 - val_loss: 0.4286 - val_accuracy: 0.8936
Epoch 135/350
391/391 - 23s - loss: 0.2154 - accuracy: 0.9396 - val_loss: 0.4204 - val_accuracy: 0.8961
Epoch 136/350
391/391 - 23s - loss: 0.2165 - accuracy: 0.9376 - val_loss: 0.4381 - val_accuracy: 0.8918
Epoch 137/350
391/391 - 23s - loss: 0.2141 - accuracy: 0.9378 - val_loss: 0.4378 - val_accuracy: 0.8901
Epoch 138/350
391/391 - 23s - loss: 0.2121 - accuracy: 0.9387 - val_loss: 0.4430 - val_accuracy: 0.8924
Epoch 139/350
391/391 - 23s - loss: 0.2120 - accuracy: 0.9393 - val_loss: 0.4052 - val_accuracy: 0.8988
Epoch 140/350
391/391 - 23s - loss: 0.2127 - accuracy: 0.9387 - val_loss: 0.4731 - val_accuracy: 0.8858
Epoch 141/350
391/391 - 23s - loss: 0.2109 - accuracy: 0.9411 - val_loss: 0.4506 - val_accuracy: 0.8908
Epoch 142/350
391/391 - 23s - loss: 0.2024 - accuracy: 0.9427 - val_loss: 0.4570 - val_accuracy: 0.8905
Epoch 143/350
391/391 - 23s - loss: 0.2043 - accuracy: 0.9421 - val_loss: 0.4756 - val_accuracy: 0.8883
Epoch 144/350
391/391 - 23s - loss: 0.2055 - accuracy: 0.9421 - val_loss: 0.4686 - val_accuracy: 0.8886
Epoch 145/350
391/391 - 23s - loss: 0.2050 - accuracy: 0.9422 - val_loss: 0.4360 - val_accuracy: 0.8929
Epoch 146/350
391/391 - 23s - loss: 0.2029 - accuracy: 0.9426 - val_loss: 0.4504 - val_accuracy: 0.8942
Epoch 147/350
391/391 - 23s - loss: 0.1985 - accuracy: 0.9445 - val_loss: 0.4520 - val_accuracy: 0.8962
Epoch 148/350
391/391 - 23s - loss: 0.2006 - accuracy: 0.9440 - val_loss: 0.4346 - val_accuracy: 0.8931
Epoch 149/350
391/391 - 23s - loss: 0.2016 - accuracy: 0.9443 - val_loss: 0.4738 - val_accuracy: 0.8884
Epoch 150/350


Snapshot weight 2 shuffle 5 at epoch 150
Layer 11
Getting activations...


391/391 - 23s - loss: 0.2030 - accuracy: 0.9423 - val_loss: 0.4345 - val_accuracy: 0.8941
Epoch 151/350
391/391 - 23s - loss: 0.1973 - accuracy: 0.9452 - val_loss: 0.4364 - val_accuracy: 0.8941
Epoch 152/350
391/391 - 23s - loss: 0.1978 - accuracy: 0.9448 - val_loss: 0.4503 - val_accuracy: 0.8864
Epoch 153/350
391/391 - 23s - loss: 0.1952 - accuracy: 0.9458 - val_loss: 0.4334 - val_accuracy: 0.8994
Epoch 154/350
391/391 - 23s - loss: 0.1960 - accuracy: 0.9462 - val_loss: 0.4507 - val_accuracy: 0.8872
Epoch 155/350
391/391 - 23s - loss: 0.1976 - accuracy: 0.9452 - val_loss: 0.4803 - val_accuracy: 0.8878
Epoch 156/350
391/391 - 23s - loss: 0.1988 - accuracy: 0.9449 - val_loss: 0.4548 - val_accuracy: 0.8940
Epoch 157/350
391/391 - 23s - loss: 0.1991 - accuracy: 0.9451 - val_loss: 0.4426 - val_accuracy: 0.8954
Epoch 158/350
391/391 - 23s - loss: 0.1935 - accuracy: 0.9463 - val_loss: 0.4352 - val_accuracy: 0.8923
Epoch 159/350
391/391 - 23s - loss: 0.1955 - accuracy: 0.9458 - val_loss: 0.4608 - val_accuracy: 0.8924
Epoch 160/350
391/391 - 23s - loss: 0.1889 - accuracy: 0.9472 - val_loss: 0.4453 - val_accuracy: 0.8978
Epoch 161/350
391/391 - 23s - loss: 0.1927 - accuracy: 0.9471 - val_loss: 0.4409 - val_accuracy: 0.8955
Epoch 162/350
391/391 - 23s - loss: 0.1901 - accuracy: 0.9479 - val_loss: 0.4389 - val_accuracy: 0.8929
Epoch 163/350
391/391 - 23s - loss: 0.1913 - accuracy: 0.9470 - val_loss: 0.4582 - val_accuracy: 0.8951
Epoch 164/350
391/391 - 23s - loss: 0.1937 - accuracy: 0.9465 - val_loss: 0.4643 - val_accuracy: 0.8949
Epoch 165/350
391/391 - 23s - loss: 0.1901 - accuracy: 0.9474 - val_loss: 0.4364 - val_accuracy: 0.8980
Epoch 166/350
391/391 - 23s - loss: 0.1909 - accuracy: 0.9474 - val_loss: 0.4956 - val_accuracy: 0.8876
Epoch 167/350
391/391 - 23s - loss: 0.1897 - accuracy: 0.9481 - val_loss: 0.4314 - val_accuracy: 0.8984
Epoch 168/350
391/391 - 23s - loss: 0.1857 - accuracy: 0.9504 - val_loss: 0.4675 - val_accuracy: 0.8921
Epoch 169/350
391/391 - 23s - loss: 0.1844 - accuracy: 0.9507 - val_loss: 0.4359 - val_accuracy: 0.8954
Epoch 170/350
391/391 - 23s - loss: 0.1843 - accuracy: 0.9502 - val_loss: 0.4836 - val_accuracy: 0.8929
Epoch 171/350
391/391 - 23s - loss: 0.1802 - accuracy: 0.9515 - val_loss: 0.4525 - val_accuracy: 0.9005
Epoch 172/350
391/391 - 23s - loss: 0.1888 - accuracy: 0.9491 - val_loss: 0.4840 - val_accuracy: 0.8900
Epoch 173/350
391/391 - 23s - loss: 0.1777 - accuracy: 0.9531 - val_loss: 0.4345 - val_accuracy: 0.9002
Epoch 174/350
391/391 - 23s - loss: 0.1802 - accuracy: 0.9513 - val_loss: 0.4526 - val_accuracy: 0.8975
Epoch 175/350
391/391 - 23s - loss: 0.1818 - accuracy: 0.9514 - val_loss: 0.4278 - val_accuracy: 0.8969
Epoch 176/350
391/391 - 23s - loss: 0.1767 - accuracy: 0.9529 - val_loss: 0.4664 - val_accuracy: 0.8932
Epoch 177/350
391/391 - 23s - loss: 0.1813 - accuracy: 0.9516 - val_loss: 0.4703 - val_accuracy: 0.8940
Epoch 178/350
391/391 - 23s - loss: 0.1779 - accuracy: 0.9532 - val_loss: 0.4385 - val_accuracy: 0.8978
Epoch 179/350
391/391 - 23s - loss: 0.1749 - accuracy: 0.9546 - val_loss: 0.4611 - val_accuracy: 0.8938
Epoch 180/350
391/391 - 23s - loss: 0.1763 - accuracy: 0.9538 - val_loss: 0.4473 - val_accuracy: 0.8964
Epoch 181/350
391/391 - 23s - loss: 0.1800 - accuracy: 0.9515 - val_loss: 0.4599 - val_accuracy: 0.8957
Epoch 182/350
391/391 - 23s - loss: 0.1770 - accuracy: 0.9534 - val_loss: 0.4392 - val_accuracy: 0.8997
Epoch 183/350
391/391 - 23s - loss: 0.1775 - accuracy: 0.9532 - val_loss: 0.4487 - val_accuracy: 0.8991
Epoch 184/350
391/391 - 23s - loss: 0.1742 - accuracy: 0.9541 - val_loss: 0.4430 - val_accuracy: 0.9008
Epoch 185/350
391/391 - 23s - loss: 0.1750 - accuracy: 0.9543 - val_loss: 0.4718 - val_accuracy: 0.9010
Epoch 186/350
391/391 - 23s - loss: 0.1749 - accuracy: 0.9533 - val_loss: 0.4571 - val_accuracy: 0.9002
Epoch 187/350
391/391 - 23s - loss: 0.1734 - accuracy: 0.9549 - val_loss: 0.4665 - val_accuracy: 0.8983
Epoch 188/350
391/391 - 23s - loss: 0.1767 - accuracy: 0.9530 - val_loss: 0.4620 - val_accuracy: 0.8951
Epoch 189/350
391/391 - 23s - loss: 0.1744 - accuracy: 0.9541 - val_loss: 0.4906 - val_accuracy: 0.8979
Epoch 190/350
391/391 - 23s - loss: 0.1751 - accuracy: 0.9549 - val_loss: 0.4518 - val_accuracy: 0.9029
Epoch 191/350
391/391 - 23s - loss: 0.1750 - accuracy: 0.9538 - val_loss: 0.4953 - val_accuracy: 0.8929
Epoch 192/350
391/391 - 23s - loss: 0.1764 - accuracy: 0.9533 - val_loss: 0.4659 - val_accuracy: 0.8958
Epoch 193/350
391/391 - 23s - loss: 0.1721 - accuracy: 0.9543 - val_loss: 0.4796 - val_accuracy: 0.8956
Epoch 194/350
391/391 - 23s - loss: 0.1730 - accuracy: 0.9556 - val_loss: 0.4559 - val_accuracy: 0.9023
Epoch 195/350
391/391 - 23s - loss: 0.1680 - accuracy: 0.9569 - val_loss: 0.5075 - val_accuracy: 0.8920
Epoch 196/350
391/391 - 23s - loss: 0.1725 - accuracy: 0.9558 - val_loss: 0.4613 - val_accuracy: 0.8980
Epoch 197/350
391/391 - 23s - loss: 0.1707 - accuracy: 0.9555 - val_loss: 0.4480 - val_accuracy: 0.9014
Epoch 198/350
391/391 - 23s - loss: 0.1676 - accuracy: 0.9574 - val_loss: 0.5160 - val_accuracy: 0.8917
Epoch 199/350
391/391 - 23s - loss: 0.1686 - accuracy: 0.9556 - val_loss: 0.4635 - val_accuracy: 0.9001
Epoch 200/350


Snapshot weight 2 shuffle 5 at epoch 200
Layer 11
Getting activations...


391/391 - 23s - loss: 0.1736 - accuracy: 0.9548 - val_loss: 0.4708 - val_accuracy: 0.8972
Epoch 201/350
391/391 - 23s - loss: 0.1444 - accuracy: 0.9655 - val_loss: 0.4419 - val_accuracy: 0.9067
Epoch 202/350
391/391 - 23s - loss: 0.1285 - accuracy: 0.9709 - val_loss: 0.4531 - val_accuracy: 0.9059
Epoch 203/350
391/391 - 23s - loss: 0.1256 - accuracy: 0.9717 - val_loss: 0.4505 - val_accuracy: 0.9075
Epoch 204/350
391/391 - 23s - loss: 0.1216 - accuracy: 0.9739 - val_loss: 0.4576 - val_accuracy: 0.9066
Epoch 205/350
391/391 - 23s - loss: 0.1212 - accuracy: 0.9735 - val_loss: 0.4575 - val_accuracy: 0.9089
Epoch 206/350
391/391 - 23s - loss: 0.1208 - accuracy: 0.9732 - val_loss: 0.4547 - val_accuracy: 0.9097
Epoch 207/350
391/391 - 23s - loss: 0.1192 - accuracy: 0.9744 - val_loss: 0.4662 - val_accuracy: 0.9090
Epoch 208/350
391/391 - 23s - loss: 0.1209 - accuracy: 0.9744 - val_loss: 0.4640 - val_accuracy: 0.9097
Epoch 209/350
391/391 - 23s - loss: 0.1186 - accuracy: 0.9750 - val_loss: 0.4618 - val_accuracy: 0.9073
Epoch 210/350
391/391 - 23s - loss: 0.1183 - accuracy: 0.9746 - val_loss: 0.4721 - val_accuracy: 0.9088
Epoch 211/350
391/391 - 23s - loss: 0.1161 - accuracy: 0.9759 - val_loss: 0.4673 - val_accuracy: 0.9085
Epoch 212/350
391/391 - 23s - loss: 0.1155 - accuracy: 0.9755 - val_loss: 0.4746 - val_accuracy: 0.9084
Epoch 213/350
391/391 - 23s - loss: 0.1181 - accuracy: 0.9742 - val_loss: 0.4715 - val_accuracy: 0.9066
Epoch 214/350
391/391 - 23s - loss: 0.1165 - accuracy: 0.9748 - val_loss: 0.4695 - val_accuracy: 0.9077
Epoch 215/350
391/391 - 23s - loss: 0.1151 - accuracy: 0.9758 - val_loss: 0.4655 - val_accuracy: 0.9107
Epoch 216/350
391/391 - 23s - loss: 0.1128 - accuracy: 0.9757 - val_loss: 0.4701 - val_accuracy: 0.9085
Epoch 217/350
391/391 - 23s - loss: 0.1174 - accuracy: 0.9753 - val_loss: 0.4687 - val_accuracy: 0.9099
Epoch 218/350
391/391 - 23s - loss: 0.1146 - accuracy: 0.9760 - val_loss: 0.4725 - val_accuracy: 0.9079
Epoch 219/350
391/391 - 23s - loss: 0.1128 - accuracy: 0.9757 - val_loss: 0.4687 - val_accuracy: 0.9098
Epoch 220/350
391/391 - 23s - loss: 0.1122 - accuracy: 0.9760 - val_loss: 0.4736 - val_accuracy: 0.9097
Epoch 221/350
391/391 - 23s - loss: 0.1116 - accuracy: 0.9774 - val_loss: 0.4745 - val_accuracy: 0.9082
Epoch 222/350
391/391 - 23s - loss: 0.1141 - accuracy: 0.9755 - val_loss: 0.4681 - val_accuracy: 0.9096
Epoch 223/350
391/391 - 23s - loss: 0.1140 - accuracy: 0.9755 - val_loss: 0.4726 - val_accuracy: 0.9087
Epoch 224/350
391/391 - 23s - loss: 0.1124 - accuracy: 0.9764 - val_loss: 0.4772 - val_accuracy: 0.9093
Epoch 225/350
391/391 - 23s - loss: 0.1106 - accuracy: 0.9767 - val_loss: 0.4816 - val_accuracy: 0.9091
Epoch 226/350
391/391 - 23s - loss: 0.1115 - accuracy: 0.9772 - val_loss: 0.4812 - val_accuracy: 0.9101
Epoch 227/350
391/391 - 23s - loss: 0.1085 - accuracy: 0.9772 - val_loss: 0.4799 - val_accuracy: 0.9093
Epoch 228/350
391/391 - 23s - loss: 0.1094 - accuracy: 0.9770 - val_loss: 0.4732 - val_accuracy: 0.9102
Epoch 229/350
391/391 - 23s - loss: 0.1091 - accuracy: 0.9782 - val_loss: 0.4863 - val_accuracy: 0.9117
Epoch 230/350
391/391 - 23s - loss: 0.1087 - accuracy: 0.9774 - val_loss: 0.4847 - val_accuracy: 0.9106
Epoch 231/350
391/391 - 23s - loss: 0.1094 - accuracy: 0.9774 - val_loss: 0.4877 - val_accuracy: 0.9086
Epoch 232/350
391/391 - 23s - loss: 0.1107 - accuracy: 0.9771 - val_loss: 0.4848 - val_accuracy: 0.9089
Epoch 233/350
391/391 - 23s - loss: 0.1083 - accuracy: 0.9777 - val_loss: 0.4851 - val_accuracy: 0.9098
Epoch 234/350
391/391 - 23s - loss: 0.1083 - accuracy: 0.9782 - val_loss: 0.4874 - val_accuracy: 0.9108
Epoch 235/350
391/391 - 23s - loss: 0.1090 - accuracy: 0.9780 - val_loss: 0.4934 - val_accuracy: 0.9086
Epoch 236/350
391/391 - 23s - loss: 0.1094 - accuracy: 0.9777 - val_loss: 0.4893 - val_accuracy: 0.9089
Epoch 237/350
391/391 - 23s - loss: 0.1075 - accuracy: 0.9784 - val_loss: 0.4903 - val_accuracy: 0.9084
Epoch 238/350
391/391 - 23s - loss: 0.1113 - accuracy: 0.9773 - val_loss: 0.4824 - val_accuracy: 0.9102
Epoch 239/350
391/391 - 23s - loss: 0.1084 - accuracy: 0.9773 - val_loss: 0.4864 - val_accuracy: 0.9103
Epoch 240/350
391/391 - 23s - loss: 0.1050 - accuracy: 0.9791 - val_loss: 0.4811 - val_accuracy: 0.9112
Epoch 241/350
391/391 - 23s - loss: 0.1074 - accuracy: 0.9781 - val_loss: 0.4942 - val_accuracy: 0.9095
Epoch 242/350
391/391 - 23s - loss: 0.1056 - accuracy: 0.9789 - val_loss: 0.4938 - val_accuracy: 0.9096
Epoch 243/350
391/391 - 23s - loss: 0.1075 - accuracy: 0.9786 - val_loss: 0.4931 - val_accuracy: 0.9092
Epoch 244/350
391/391 - 23s - loss: 0.1064 - accuracy: 0.9786 - val_loss: 0.4996 - val_accuracy: 0.9104
Epoch 245/350
391/391 - 23s - loss: 0.1037 - accuracy: 0.9797 - val_loss: 0.4981 - val_accuracy: 0.9079
Epoch 246/350
391/391 - 23s - loss: 0.1062 - accuracy: 0.9791 - val_loss: 0.5026 - val_accuracy: 0.9082
Epoch 247/350
391/391 - 23s - loss: 0.1064 - accuracy: 0.9789 - val_loss: 0.4911 - val_accuracy: 0.9095
Epoch 248/350
391/391 - 23s - loss: 0.1053 - accuracy: 0.9793 - val_loss: 0.4902 - val_accuracy: 0.9091
Epoch 249/350
391/391 - 23s - loss: 0.1060 - accuracy: 0.9793 - val_loss: 0.4944 - val_accuracy: 0.9084
Epoch 250/350


Snapshot weight 2 shuffle 5 at epoch 250
Layer 11
Getting activations...


391/391 - 23s - loss: 0.1048 - accuracy: 0.9791 - val_loss: 0.4955 - val_accuracy: 0.9094
Epoch 251/350
391/391 - 23s - loss: 0.1054 - accuracy: 0.9792 - val_loss: 0.4923 - val_accuracy: 0.9093
Epoch 252/350
391/391 - 23s - loss: 0.1045 - accuracy: 0.9794 - val_loss: 0.4943 - val_accuracy: 0.9091
Epoch 253/350
391/391 - 23s - loss: 0.1025 - accuracy: 0.9805 - val_loss: 0.4926 - val_accuracy: 0.9099
Epoch 254/350
391/391 - 23s - loss: 0.1012 - accuracy: 0.9804 - val_loss: 0.4911 - val_accuracy: 0.9095
Epoch 255/350
391/391 - 23s - loss: 0.1018 - accuracy: 0.9799 - val_loss: 0.4919 - val_accuracy: 0.9092
Epoch 256/350
391/391 - 23s - loss: 0.1026 - accuracy: 0.9809 - val_loss: 0.4931 - val_accuracy: 0.9093
Epoch 257/350
391/391 - 23s - loss: 0.1029 - accuracy: 0.9803 - val_loss: 0.4925 - val_accuracy: 0.9085
Epoch 258/350
391/391 - 23s - loss: 0.1031 - accuracy: 0.9800 - val_loss: 0.4923 - val_accuracy: 0.9091
Epoch 259/350
391/391 - 23s - loss: 0.1012 - accuracy: 0.9802 - val_loss: 0.4905 - val_accuracy: 0.9092
Epoch 260/350
391/391 - 23s - loss: 0.1025 - accuracy: 0.9808 - val_loss: 0.4924 - val_accuracy: 0.9088
Epoch 261/350
391/391 - 23s - loss: 0.1012 - accuracy: 0.9806 - val_loss: 0.4924 - val_accuracy: 0.9087
Epoch 262/350
391/391 - 23s - loss: 0.1026 - accuracy: 0.9802 - val_loss: 0.4934 - val_accuracy: 0.9087
Epoch 263/350
391/391 - 23s - loss: 0.1030 - accuracy: 0.9802 - val_loss: 0.4927 - val_accuracy: 0.9090
Epoch 264/350
391/391 - 23s - loss: 0.1015 - accuracy: 0.9803 - val_loss: 0.4930 - val_accuracy: 0.9095
Epoch 265/350
391/391 - 23s - loss: 0.1000 - accuracy: 0.9812 - val_loss: 0.4935 - val_accuracy: 0.9094
Epoch 266/350
391/391 - 23s - loss: 0.1016 - accuracy: 0.9808 - val_loss: 0.4953 - val_accuracy: 0.9091
Epoch 267/350
391/391 - 23s - loss: 0.1051 - accuracy: 0.9791 - val_loss: 0.4944 - val_accuracy: 0.9090
Epoch 268/350
391/391 - 23s - loss: 0.1000 - accuracy: 0.9803 - val_loss: 0.4951 - val_accuracy: 0.9088
Epoch 269/350
391/391 - 23s - loss: 0.1024 - accuracy: 0.9804 - val_loss: 0.4927 - val_accuracy: 0.9092
Epoch 270/350
391/391 - 23s - loss: 0.1012 - accuracy: 0.9797 - val_loss: 0.4949 - val_accuracy: 0.9091
Epoch 271/350
391/391 - 23s - loss: 0.1050 - accuracy: 0.9791 - val_loss: 0.4946 - val_accuracy: 0.9089
Epoch 272/350
391/391 - 23s - loss: 0.1031 - accuracy: 0.9805 - val_loss: 0.4942 - val_accuracy: 0.9088
Epoch 273/350
391/391 - 23s - loss: 0.1007 - accuracy: 0.9802 - val_loss: 0.4968 - val_accuracy: 0.9086
Epoch 274/350
391/391 - 23s - loss: 0.1012 - accuracy: 0.9806 - val_loss: 0.4971 - val_accuracy: 0.9089
Epoch 275/350
391/391 - 23s - loss: 0.1020 - accuracy: 0.9802 - val_loss: 0.4944 - val_accuracy: 0.9090
Epoch 276/350
391/391 - 23s - loss: 0.1022 - accuracy: 0.9802 - val_loss: 0.4967 - val_accuracy: 0.9086
Epoch 277/350
391/391 - 23s - loss: 0.1024 - accuracy: 0.9804 - val_loss: 0.4965 - val_accuracy: 0.9087
Epoch 278/350
391/391 - 23s - loss: 0.1012 - accuracy: 0.9800 - val_loss: 0.4965 - val_accuracy: 0.9090
Epoch 279/350
391/391 - 23s - loss: 0.1021 - accuracy: 0.9807 - val_loss: 0.4967 - val_accuracy: 0.9098
Epoch 280/350
391/391 - 23s - loss: 0.1012 - accuracy: 0.9806 - val_loss: 0.4963 - val_accuracy: 0.9092
Epoch 281/350
391/391 - 23s - loss: 0.1011 - accuracy: 0.9805 - val_loss: 0.4951 - val_accuracy: 0.9089
Epoch 282/350
391/391 - 23s - loss: 0.1010 - accuracy: 0.9805 - val_loss: 0.4968 - val_accuracy: 0.9095
Epoch 283/350
391/391 - 23s - loss: 0.1017 - accuracy: 0.9800 - val_loss: 0.4985 - val_accuracy: 0.9092
Epoch 284/350
391/391 - 23s - loss: 0.1022 - accuracy: 0.9808 - val_loss: 0.4971 - val_accuracy: 0.9093
Epoch 285/350
391/391 - 23s - loss: 0.1003 - accuracy: 0.9808 - val_loss: 0.4975 - val_accuracy: 0.9094
Epoch 286/350
391/391 - 23s - loss: 0.1030 - accuracy: 0.9802 - val_loss: 0.4956 - val_accuracy: 0.9095
Epoch 287/350
391/391 - 23s - loss: 0.0996 - accuracy: 0.9817 - val_loss: 0.4949 - val_accuracy: 0.9095
Epoch 288/350
391/391 - 23s - loss: 0.0996 - accuracy: 0.9811 - val_loss: 0.4957 - val_accuracy: 0.9099
Epoch 289/350
391/391 - 23s - loss: 0.0994 - accuracy: 0.9820 - val_loss: 0.4964 - val_accuracy: 0.9101
Epoch 290/350
391/391 - 23s - loss: 0.1010 - accuracy: 0.9800 - val_loss: 0.4967 - val_accuracy: 0.9095
Epoch 291/350
391/391 - 23s - loss: 0.1019 - accuracy: 0.9805 - val_loss: 0.4954 - val_accuracy: 0.9097
Epoch 292/350
391/391 - 23s - loss: 0.1026 - accuracy: 0.9799 - val_loss: 0.4949 - val_accuracy: 0.9099
Epoch 293/350
391/391 - 23s - loss: 0.1018 - accuracy: 0.9807 - val_loss: 0.4967 - val_accuracy: 0.9096
Epoch 294/350
391/391 - 23s - loss: 0.0995 - accuracy: 0.9812 - val_loss: 0.4985 - val_accuracy: 0.9099
Epoch 295/350
391/391 - 23s - loss: 0.0984 - accuracy: 0.9815 - val_loss: 0.5004 - val_accuracy: 0.9103
Epoch 296/350
391/391 - 23s - loss: 0.1007 - accuracy: 0.9806 - val_loss: 0.4998 - val_accuracy: 0.9099
Epoch 297/350
391/391 - 23s - loss: 0.1035 - accuracy: 0.9795 - val_loss: 0.4971 - val_accuracy: 0.9094
Epoch 298/350
391/391 - 23s - loss: 0.1008 - accuracy: 0.9811 - val_loss: 0.4977 - val_accuracy: 0.9098
Epoch 299/350
391/391 - 23s - loss: 0.1004 - accuracy: 0.9812 - val_loss: 0.4957 - val_accuracy: 0.9091
Epoch 300/350


Snapshot weight 2 shuffle 5 at epoch 300
Layer 11
Getting activations...


391/391 - 23s - loss: 0.1026 - accuracy: 0.9801 - val_loss: 0.4957 - val_accuracy: 0.9093
Epoch 301/350
391/391 - 23s - loss: 0.1011 - accuracy: 0.9804 - val_loss: 0.4961 - val_accuracy: 0.9094
Epoch 302/350
391/391 - 23s - loss: 0.1005 - accuracy: 0.9815 - val_loss: 0.4965 - val_accuracy: 0.9092
Epoch 303/350
391/391 - 23s - loss: 0.1002 - accuracy: 0.9815 - val_loss: 0.4967 - val_accuracy: 0.9087
Epoch 304/350
391/391 - 23s - loss: 0.1006 - accuracy: 0.9812 - val_loss: 0.4969 - val_accuracy: 0.9089
Epoch 305/350
391/391 - 23s - loss: 0.1020 - accuracy: 0.9802 - val_loss: 0.4970 - val_accuracy: 0.9085
Epoch 306/350
391/391 - 23s - loss: 0.1012 - accuracy: 0.9810 - val_loss: 0.4971 - val_accuracy: 0.9086
Epoch 307/350
391/391 - 23s - loss: 0.1023 - accuracy: 0.9800 - val_loss: 0.4973 - val_accuracy: 0.9090
Epoch 308/350
391/391 - 23s - loss: 0.0995 - accuracy: 0.9812 - val_loss: 0.4971 - val_accuracy: 0.9089
Epoch 309/350
391/391 - 23s - loss: 0.0996 - accuracy: 0.9808 - val_loss: 0.4972 - val_accuracy: 0.9088
Epoch 310/350
391/391 - 23s - loss: 0.1010 - accuracy: 0.9809 - val_loss: 0.4969 - val_accuracy: 0.9087
Epoch 311/350
391/391 - 23s - loss: 0.1001 - accuracy: 0.9808 - val_loss: 0.4969 - val_accuracy: 0.9087
Epoch 312/350
391/391 - 23s - loss: 0.0996 - accuracy: 0.9813 - val_loss: 0.4969 - val_accuracy: 0.9090
Epoch 313/350
391/391 - 23s - loss: 0.0996 - accuracy: 0.9812 - val_loss: 0.4969 - val_accuracy: 0.9088
Epoch 314/350
391/391 - 23s - loss: 0.1005 - accuracy: 0.9811 - val_loss: 0.4971 - val_accuracy: 0.9087
Epoch 315/350
391/391 - 23s - loss: 0.1010 - accuracy: 0.9803 - val_loss: 0.4973 - val_accuracy: 0.9087
Epoch 316/350
391/391 - 23s - loss: 0.1039 - accuracy: 0.9798 - val_loss: 0.4970 - val_accuracy: 0.9090
Epoch 317/350
391/391 - 23s - loss: 0.1009 - accuracy: 0.9808 - val_loss: 0.4969 - val_accuracy: 0.9090
Epoch 318/350
391/391 - 23s - loss: 0.0996 - accuracy: 0.9811 - val_loss: 0.4969 - val_accuracy: 0.9093
Epoch 319/350
391/391 - 23s - loss: 0.0997 - accuracy: 0.9813 - val_loss: 0.4968 - val_accuracy: 0.9093
Epoch 320/350
391/391 - 23s - loss: 0.1017 - accuracy: 0.9807 - val_loss: 0.4968 - val_accuracy: 0.9091
Epoch 321/350
391/391 - 23s - loss: 0.1002 - accuracy: 0.9808 - val_loss: 0.4969 - val_accuracy: 0.9093
Epoch 322/350
391/391 - 23s - loss: 0.0990 - accuracy: 0.9817 - val_loss: 0.4969 - val_accuracy: 0.9092
Epoch 323/350
391/391 - 23s - loss: 0.0986 - accuracy: 0.9813 - val_loss: 0.4971 - val_accuracy: 0.9094
Epoch 324/350
391/391 - 23s - loss: 0.0998 - accuracy: 0.9812 - val_loss: 0.4971 - val_accuracy: 0.9094
Epoch 325/350
391/391 - 23s - loss: 0.1012 - accuracy: 0.9802 - val_loss: 0.4974 - val_accuracy: 0.9094
Epoch 326/350
391/391 - 23s - loss: 0.1004 - accuracy: 0.9812 - val_loss: 0.4970 - val_accuracy: 0.9092
Epoch 327/350
391/391 - 23s - loss: 0.1016 - accuracy: 0.9802 - val_loss: 0.4973 - val_accuracy: 0.9093
Epoch 328/350
391/391 - 23s - loss: 0.1012 - accuracy: 0.9806 - val_loss: 0.4975 - val_accuracy: 0.9089
Epoch 329/350
391/391 - 23s - loss: 0.1012 - accuracy: 0.9808 - val_loss: 0.4978 - val_accuracy: 0.9089
Epoch 330/350
391/391 - 23s - loss: 0.1005 - accuracy: 0.9808 - val_loss: 0.4973 - val_accuracy: 0.9088
Epoch 331/350
391/391 - 23s - loss: 0.1003 - accuracy: 0.9808 - val_loss: 0.4976 - val_accuracy: 0.9091
Epoch 332/350
391/391 - 23s - loss: 0.1028 - accuracy: 0.9805 - val_loss: 0.4975 - val_accuracy: 0.9092
Epoch 333/350
391/391 - 23s - loss: 0.1002 - accuracy: 0.9807 - val_loss: 0.4975 - val_accuracy: 0.9093
Epoch 334/350
391/391 - 23s - loss: 0.0996 - accuracy: 0.9823 - val_loss: 0.4975 - val_accuracy: 0.9094
Epoch 335/350
391/391 - 23s - loss: 0.1013 - accuracy: 0.9812 - val_loss: 0.4975 - val_accuracy: 0.9091
Epoch 336/350
391/391 - 23s - loss: 0.1003 - accuracy: 0.9813 - val_loss: 0.4978 - val_accuracy: 0.9091
Epoch 337/350
391/391 - 23s - loss: 0.1002 - accuracy: 0.9811 - val_loss: 0.4976 - val_accuracy: 0.9087
Epoch 338/350
391/391 - 23s - loss: 0.1015 - accuracy: 0.9800 - val_loss: 0.4977 - val_accuracy: 0.9089
Epoch 339/350
391/391 - 23s - loss: 0.0998 - accuracy: 0.9810 - val_loss: 0.4977 - val_accuracy: 0.9091
Epoch 340/350
391/391 - 23s - loss: 0.1007 - accuracy: 0.9814 - val_loss: 0.4977 - val_accuracy: 0.9092
Epoch 341/350
391/391 - 23s - loss: 0.1023 - accuracy: 0.9808 - val_loss: 0.4979 - val_accuracy: 0.9093
Epoch 342/350
391/391 - 23s - loss: 0.1005 - accuracy: 0.9806 - val_loss: 0.4979 - val_accuracy: 0.9090
Epoch 343/350
391/391 - 23s - loss: 0.1003 - accuracy: 0.9800 - val_loss: 0.4980 - val_accuracy: 0.9091
Epoch 344/350
391/391 - 23s - loss: 0.1017 - accuracy: 0.9799 - val_loss: 0.4978 - val_accuracy: 0.9092
Epoch 345/350
391/391 - 23s - loss: 0.0999 - accuracy: 0.9805 - val_loss: 0.4980 - val_accuracy: 0.9090
Epoch 346/350
391/391 - 23s - loss: 0.1017 - accuracy: 0.9802 - val_loss: 0.4980 - val_accuracy: 0.9092
Epoch 347/350
391/391 - 22s - loss: 0.0986 - accuracy: 0.9808 - val_loss: 0.4981 - val_accuracy: 0.9091
Epoch 348/350
391/391 - 22s - loss: 0.0991 - accuracy: 0.9816 - val_loss: 0.4982 - val_accuracy: 0.9093
Epoch 349/350
391/391 - 22s - loss: 0.0997 - accuracy: 0.9813 - val_loss: 0.4985 - val_accuracy: 0.9092
Epoch 350/350


Snapshot weight 2 shuffle 5 at epoch 350
Layer 11
Getting activations...


391/391 - 23s - loss: 0.1028 - accuracy: 0.9801 - val_loss: 0.4984 - val_accuracy: 0.9093
/usr/local/lib/python3.6/dist-packages/tensorflow/python/autograph/impl/api.py:493: UserWarning: fill_value is not supported and is always 0 for TensorFlow < 2.4.0.
  return py_builtins.overload_of(f)(*args)
WARNING:tensorflow:From /usr/local/lib/python3.6/dist-packages/tensorflow/python/training/tracking/tracking.py:111: Model.state_updates (from tensorflow.python.keras.engine.training) is deprecated and will be removed in a future version.
Instructions for updating:
This property should not be used in TensorFlow 2.0, as updates are applied automatically.
2021-07-02 09:29:46.417255: W tensorflow/python/util/util.cc:348] Sets are not currently considered sequences, but this may change in the future, so consider avoiding using them.
WARNING:tensorflow:From /usr/local/lib/python3.6/dist-packages/tensorflow/python/training/tracking/tracking.py:111: Layer.updates (from tensorflow.python.keras.engine.base_layer) is deprecated and will be removed in a future version.
Instructions for updating:
This property should not be used in TensorFlow 2.0, as updates are applied automatically.
Saving, final validation acc: 0.9093000292778015
