2021-07-01 23:29:03.666582: I tensorflow/stream_executor/platform/default/dso_loader.cc:48] Successfully opened dynamic library libcudart.so.10.1
2021-07-01 23:30:34.540095: I tensorflow/stream_executor/platform/default/dso_loader.cc:48] Successfully opened dynamic library libcuda.so.1
2021-07-01 23:30:34.572841: I tensorflow/core/common_runtime/gpu/gpu_device.cc:1716] Found device 0 with properties: 
pciBusID: 0000:02:00.0 name: NVIDIA TITAN Xp computeCapability: 6.1
coreClock: 1.582GHz coreCount: 30 deviceMemorySize: 11.91GiB deviceMemoryBandwidth: 510.07GiB/s
2021-07-01 23:30:34.572915: I tensorflow/stream_executor/platform/default/dso_loader.cc:48] Successfully opened dynamic library libcudart.so.10.1
2021-07-01 23:30:34.614191: I tensorflow/stream_executor/platform/default/dso_loader.cc:48] Successfully opened dynamic library libcublas.so.10
2021-07-01 23:30:34.635248: I tensorflow/stream_executor/platform/default/dso_loader.cc:48] Successfully opened dynamic library libcufft.so.10
2021-07-01 23:30:34.643638: I tensorflow/stream_executor/platform/default/dso_loader.cc:48] Successfully opened dynamic library libcurand.so.10
2021-07-01 23:30:34.687518: I tensorflow/stream_executor/platform/default/dso_loader.cc:48] Successfully opened dynamic library libcusolver.so.10
2021-07-01 23:30:34.696668: I tensorflow/stream_executor/platform/default/dso_loader.cc:48] Successfully opened dynamic library libcusparse.so.10
2021-07-01 23:30:34.775987: I tensorflow/stream_executor/platform/default/dso_loader.cc:48] Successfully opened dynamic library libcudnn.so.7
2021-07-01 23:30:34.789197: I tensorflow/core/common_runtime/gpu/gpu_device.cc:1858] Adding visible gpu devices: 0
2021-07-01 23:30:34.793139: I tensorflow/core/platform/cpu_feature_guard.cc:142] This TensorFlow binary is optimized with oneAPI Deep Neural Network Library (oneDNN)to use the following CPU instructions in performance-critical operations:  AVX2 FMA
To enable them in other operations, rebuild TensorFlow with the appropriate compiler flags.
2021-07-01 23:30:34.809132: I tensorflow/core/platform/profile_utils/cpu_utils.cc:104] CPU Frequency: 2600000000 Hz
2021-07-01 23:30:34.809332: I tensorflow/compiler/xla/service/service.cc:168] XLA service 0x50343c0 initialized for platform Host (this does not guarantee that XLA will be used). Devices:
2021-07-01 23:30:34.809354: I tensorflow/compiler/xla/service/service.cc:176]   StreamExecutor device (0): Host, Default Version
2021-07-01 23:30:34.944541: I tensorflow/compiler/xla/service/service.cc:168] XLA service 0x5014bc0 initialized for platform CUDA (this does not guarantee that XLA will be used). Devices:
2021-07-01 23:30:34.944612: I tensorflow/compiler/xla/service/service.cc:176]   StreamExecutor device (0): NVIDIA TITAN Xp, Compute Capability 6.1
2021-07-01 23:30:34.947141: I tensorflow/core/common_runtime/gpu/gpu_device.cc:1716] Found device 0 with properties: 
pciBusID: 0000:02:00.0 name: NVIDIA TITAN Xp computeCapability: 6.1
coreClock: 1.582GHz coreCount: 30 deviceMemorySize: 11.91GiB deviceMemoryBandwidth: 510.07GiB/s
2021-07-01 23:30:34.947179: I tensorflow/stream_executor/platform/default/dso_loader.cc:48] Successfully opened dynamic library libcudart.so.10.1
2021-07-01 23:30:34.947208: I tensorflow/stream_executor/platform/default/dso_loader.cc:48] Successfully opened dynamic library libcublas.so.10
2021-07-01 23:30:34.947226: I tensorflow/stream_executor/platform/default/dso_loader.cc:48] Successfully opened dynamic library libcufft.so.10
2021-07-01 23:30:34.947242: I tensorflow/stream_executor/platform/default/dso_loader.cc:48] Successfully opened dynamic library libcurand.so.10
2021-07-01 23:30:34.947258: I tensorflow/stream_executor/platform/default/dso_loader.cc:48] Successfully opened dynamic library libcusolver.so.10
2021-07-01 23:30:34.947274: I tensorflow/stream_executor/platform/default/dso_loader.cc:48] Successfully opened dynamic library libcusparse.so.10
2021-07-01 23:30:34.947290: I tensorflow/stream_executor/platform/default/dso_loader.cc:48] Successfully opened dynamic library libcudnn.so.7
2021-07-01 23:30:34.963864: I tensorflow/core/common_runtime/gpu/gpu_device.cc:1858] Adding visible gpu devices: 0
2021-07-01 23:30:34.965734: I tensorflow/stream_executor/platform/default/dso_loader.cc:48] Successfully opened dynamic library libcudart.so.10.1
2021-07-01 23:30:36.771980: I tensorflow/core/common_runtime/gpu/gpu_device.cc:1257] Device interconnect StreamExecutor with strength 1 edge matrix:
2021-07-01 23:30:36.772053: I tensorflow/core/common_runtime/gpu/gpu_device.cc:1263]      0 
2021-07-01 23:30:36.772066: I tensorflow/core/common_runtime/gpu/gpu_device.cc:1276] 0:   N 
2021-07-01 23:30:36.778023: I tensorflow/core/common_runtime/gpu/gpu_device.cc:1402] Created TensorFlow device (/job:localhost/replica:0/task:0/device:GPU:0 with 11218 MB memory) -> physical GPU (device: 0, name: NVIDIA TITAN Xp, pci bus id: 0000:02:00.0, compute capability: 6.1)
2021-07-01 23:30:42.783547: I tensorflow/stream_executor/platform/default/dso_loader.cc:48] Successfully opened dynamic library libcudnn.so.7
2021-07-01 23:30:45.375454: I tensorflow/stream_executor/platform/default/dso_loader.cc:48] Successfully opened dynamic library libcublas.so.10
Using model index: 25
Making train data...
GCN...
ZCA...
Done!
Making test data...
Done!
Epoch 1/350


Snapshot weight 5 shuffle 2 at epoch 1
Layer 11
Getting activations...


391/391 - 24s - loss: 2.2826 - accuracy: 0.1328 - val_loss: 2.2073 - val_accuracy: 0.1635
Epoch 2/350


Snapshot weight 5 shuffle 2 at epoch 2
Layer 11
Getting activations...


391/391 - 23s - loss: 2.0364 - accuracy: 0.2618 - val_loss: 1.8232 - val_accuracy: 0.3434
Epoch 3/350


Snapshot weight 5 shuffle 2 at epoch 3
Layer 11
Getting activations...


391/391 - 23s - loss: 1.7135 - accuracy: 0.3821 - val_loss: 1.5116 - val_accuracy: 0.4706
Epoch 4/350


Snapshot weight 5 shuffle 2 at epoch 4
Layer 11
Getting activations...


391/391 - 23s - loss: 1.4940 - accuracy: 0.4701 - val_loss: 1.4047 - val_accuracy: 0.4961
Epoch 5/350


Snapshot weight 5 shuffle 2 at epoch 5
Layer 11
Getting activations...


391/391 - 23s - loss: 1.3600 - accuracy: 0.5227 - val_loss: 1.2623 - val_accuracy: 0.5560
Epoch 6/350


Snapshot weight 5 shuffle 2 at epoch 6
Layer 11
Getting activations...


391/391 - 24s - loss: 1.2580 - accuracy: 0.5587 - val_loss: 1.1803 - val_accuracy: 0.5964
Epoch 7/350


Snapshot weight 5 shuffle 2 at epoch 7
Layer 11
Getting activations...


391/391 - 23s - loss: 1.1696 - accuracy: 0.5916 - val_loss: 1.0854 - val_accuracy: 0.6273
Epoch 8/350


Snapshot weight 5 shuffle 2 at epoch 8
Layer 11
Getting activations...


391/391 - 24s - loss: 1.1101 - accuracy: 0.6124 - val_loss: 1.0563 - val_accuracy: 0.6339
Epoch 9/350


Snapshot weight 5 shuffle 2 at epoch 9
Layer 11
Getting activations...


391/391 - 23s - loss: 1.0559 - accuracy: 0.6354 - val_loss: 0.9304 - val_accuracy: 0.6759
Epoch 10/350


Snapshot weight 5 shuffle 2 at epoch 10
Layer 11
Getting activations...


391/391 - 23s - loss: 1.0034 - accuracy: 0.6532 - val_loss: 1.0683 - val_accuracy: 0.6402
Epoch 11/350
391/391 - 23s - loss: 0.9670 - accuracy: 0.6663 - val_loss: 0.9311 - val_accuracy: 0.6856
Epoch 12/350
391/391 - 23s - loss: 0.9324 - accuracy: 0.6789 - val_loss: 0.8539 - val_accuracy: 0.7109
Epoch 13/350
391/391 - 23s - loss: 0.8950 - accuracy: 0.6911 - val_loss: 0.8426 - val_accuracy: 0.7109
Epoch 14/350
391/391 - 23s - loss: 0.8569 - accuracy: 0.7074 - val_loss: 0.8309 - val_accuracy: 0.7228
Epoch 15/350
391/391 - 23s - loss: 0.8286 - accuracy: 0.7175 - val_loss: 0.7928 - val_accuracy: 0.7357
Epoch 16/350
391/391 - 23s - loss: 0.8041 - accuracy: 0.7275 - val_loss: 0.7709 - val_accuracy: 0.7411
Epoch 17/350
391/391 - 23s - loss: 0.7665 - accuracy: 0.7393 - val_loss: 0.7173 - val_accuracy: 0.7604
Epoch 18/350
391/391 - 23s - loss: 0.7394 - accuracy: 0.7521 - val_loss: 0.6741 - val_accuracy: 0.7795
Epoch 19/350
391/391 - 23s - loss: 0.7167 - accuracy: 0.7599 - val_loss: 0.6606 - val_accuracy: 0.7841
Epoch 20/350
391/391 - 23s - loss: 0.6987 - accuracy: 0.7660 - val_loss: 0.6575 - val_accuracy: 0.7838
Epoch 21/350
391/391 - 23s - loss: 0.6775 - accuracy: 0.7738 - val_loss: 0.6773 - val_accuracy: 0.7794
Epoch 22/350
391/391 - 23s - loss: 0.6529 - accuracy: 0.7825 - val_loss: 0.6483 - val_accuracy: 0.7896
Epoch 23/350
391/391 - 23s - loss: 0.6381 - accuracy: 0.7900 - val_loss: 0.6128 - val_accuracy: 0.8034
Epoch 24/350
391/391 - 23s - loss: 0.6328 - accuracy: 0.7930 - val_loss: 0.6031 - val_accuracy: 0.8048
Epoch 25/350
391/391 - 23s - loss: 0.6057 - accuracy: 0.8009 - val_loss: 0.6035 - val_accuracy: 0.8051
Epoch 26/350
391/391 - 23s - loss: 0.5931 - accuracy: 0.8062 - val_loss: 0.6053 - val_accuracy: 0.8014
Epoch 27/350
391/391 - 23s - loss: 0.5814 - accuracy: 0.8083 - val_loss: 0.5453 - val_accuracy: 0.8248
Epoch 28/350
391/391 - 23s - loss: 0.5733 - accuracy: 0.8118 - val_loss: 0.5736 - val_accuracy: 0.8182
Epoch 29/350
391/391 - 23s - loss: 0.5606 - accuracy: 0.8170 - val_loss: 0.5526 - val_accuracy: 0.8189
Epoch 30/350
391/391 - 23s - loss: 0.5468 - accuracy: 0.8204 - val_loss: 0.5252 - val_accuracy: 0.8343
Epoch 31/350
391/391 - 23s - loss: 0.5343 - accuracy: 0.8256 - val_loss: 0.5295 - val_accuracy: 0.8269
Epoch 32/350
391/391 - 23s - loss: 0.5203 - accuracy: 0.8296 - val_loss: 0.4944 - val_accuracy: 0.8387
Epoch 33/350
391/391 - 23s - loss: 0.5183 - accuracy: 0.8311 - val_loss: 0.5029 - val_accuracy: 0.8398
Epoch 34/350
391/391 - 23s - loss: 0.5131 - accuracy: 0.8323 - val_loss: 0.5793 - val_accuracy: 0.8185
Epoch 35/350
391/391 - 23s - loss: 0.4971 - accuracy: 0.8370 - val_loss: 0.4963 - val_accuracy: 0.8427
Epoch 36/350
391/391 - 23s - loss: 0.4950 - accuracy: 0.8395 - val_loss: 0.4892 - val_accuracy: 0.8442
Epoch 37/350
391/391 - 23s - loss: 0.4856 - accuracy: 0.8411 - val_loss: 0.4812 - val_accuracy: 0.8475
Epoch 38/350
391/391 - 23s - loss: 0.4776 - accuracy: 0.8448 - val_loss: 0.4822 - val_accuracy: 0.8494
Epoch 39/350
391/391 - 23s - loss: 0.4643 - accuracy: 0.8500 - val_loss: 0.4694 - val_accuracy: 0.8500
Epoch 40/350
391/391 - 23s - loss: 0.4659 - accuracy: 0.8497 - val_loss: 0.4654 - val_accuracy: 0.8554
Epoch 41/350
391/391 - 23s - loss: 0.4546 - accuracy: 0.8509 - val_loss: 0.5106 - val_accuracy: 0.8441
Epoch 42/350
391/391 - 23s - loss: 0.4460 - accuracy: 0.8543 - val_loss: 0.4750 - val_accuracy: 0.8535
Epoch 43/350
391/391 - 23s - loss: 0.4382 - accuracy: 0.8587 - val_loss: 0.4896 - val_accuracy: 0.8498
Epoch 44/350
391/391 - 23s - loss: 0.4336 - accuracy: 0.8604 - val_loss: 0.4540 - val_accuracy: 0.8570
Epoch 45/350
391/391 - 23s - loss: 0.4343 - accuracy: 0.8604 - val_loss: 0.4495 - val_accuracy: 0.8603
Epoch 46/350
391/391 - 23s - loss: 0.4262 - accuracy: 0.8606 - val_loss: 0.4739 - val_accuracy: 0.8531
Epoch 47/350
391/391 - 23s - loss: 0.4250 - accuracy: 0.8630 - val_loss: 0.4592 - val_accuracy: 0.8599
Epoch 48/350
391/391 - 23s - loss: 0.4138 - accuracy: 0.8676 - val_loss: 0.4312 - val_accuracy: 0.8646
Epoch 49/350
391/391 - 23s - loss: 0.4125 - accuracy: 0.8671 - val_loss: 0.4821 - val_accuracy: 0.8532
Epoch 50/350


Snapshot weight 5 shuffle 2 at epoch 50
Layer 11
Getting activations...


391/391 - 23s - loss: 0.4056 - accuracy: 0.8706 - val_loss: 0.4604 - val_accuracy: 0.8598
Epoch 51/350
391/391 - 23s - loss: 0.3964 - accuracy: 0.8737 - val_loss: 0.4709 - val_accuracy: 0.8569
Epoch 52/350
391/391 - 23s - loss: 0.3970 - accuracy: 0.8712 - val_loss: 0.4413 - val_accuracy: 0.8649
Epoch 53/350
391/391 - 23s - loss: 0.3834 - accuracy: 0.8759 - val_loss: 0.4544 - val_accuracy: 0.8673
Epoch 54/350
391/391 - 23s - loss: 0.3853 - accuracy: 0.8771 - val_loss: 0.4423 - val_accuracy: 0.8645
Epoch 55/350
391/391 - 24s - loss: 0.3826 - accuracy: 0.8781 - val_loss: 0.4646 - val_accuracy: 0.8614
Epoch 56/350
391/391 - 23s - loss: 0.3744 - accuracy: 0.8815 - val_loss: 0.4301 - val_accuracy: 0.8731
Epoch 57/350
391/391 - 23s - loss: 0.3748 - accuracy: 0.8810 - val_loss: 0.4338 - val_accuracy: 0.8722
Epoch 58/350
391/391 - 23s - loss: 0.3686 - accuracy: 0.8825 - val_loss: 0.4671 - val_accuracy: 0.8577
Epoch 59/350
391/391 - 23s - loss: 0.3642 - accuracy: 0.8846 - val_loss: 0.4684 - val_accuracy: 0.8620
Epoch 60/350
391/391 - 23s - loss: 0.3603 - accuracy: 0.8863 - val_loss: 0.4312 - val_accuracy: 0.8720
Epoch 61/350
391/391 - 23s - loss: 0.3590 - accuracy: 0.8866 - val_loss: 0.4386 - val_accuracy: 0.8764
Epoch 62/350
391/391 - 23s - loss: 0.3559 - accuracy: 0.8865 - val_loss: 0.4375 - val_accuracy: 0.8666
Epoch 63/350
391/391 - 23s - loss: 0.3510 - accuracy: 0.8889 - val_loss: 0.4257 - val_accuracy: 0.8765
Epoch 64/350
391/391 - 23s - loss: 0.3473 - accuracy: 0.8892 - val_loss: 0.4687 - val_accuracy: 0.8689
Epoch 65/350
391/391 - 23s - loss: 0.3422 - accuracy: 0.8905 - val_loss: 0.4274 - val_accuracy: 0.8726
Epoch 66/350
391/391 - 23s - loss: 0.3413 - accuracy: 0.8915 - val_loss: 0.4295 - val_accuracy: 0.8758
Epoch 67/350
391/391 - 23s - loss: 0.3365 - accuracy: 0.8942 - val_loss: 0.4284 - val_accuracy: 0.8727
Epoch 68/350
391/391 - 23s - loss: 0.3382 - accuracy: 0.8939 - val_loss: 0.4189 - val_accuracy: 0.8704
Epoch 69/350
391/391 - 23s - loss: 0.3328 - accuracy: 0.8948 - val_loss: 0.4474 - val_accuracy: 0.8718
Epoch 70/350
391/391 - 23s - loss: 0.3293 - accuracy: 0.8962 - val_loss: 0.4281 - val_accuracy: 0.8764
Epoch 71/350
391/391 - 23s - loss: 0.3240 - accuracy: 0.8982 - val_loss: 0.4149 - val_accuracy: 0.8744
Epoch 72/350
391/391 - 23s - loss: 0.3188 - accuracy: 0.8993 - val_loss: 0.4132 - val_accuracy: 0.8767
Epoch 73/350
391/391 - 23s - loss: 0.3227 - accuracy: 0.8980 - val_loss: 0.4364 - val_accuracy: 0.8714
Epoch 74/350
391/391 - 23s - loss: 0.3117 - accuracy: 0.9029 - val_loss: 0.4111 - val_accuracy: 0.8810
Epoch 75/350
391/391 - 23s - loss: 0.3135 - accuracy: 0.9015 - val_loss: 0.4059 - val_accuracy: 0.8782
Epoch 76/350
391/391 - 23s - loss: 0.3145 - accuracy: 0.9008 - val_loss: 0.4478 - val_accuracy: 0.8712
Epoch 77/350
391/391 - 23s - loss: 0.3113 - accuracy: 0.9028 - val_loss: 0.4417 - val_accuracy: 0.8729
Epoch 78/350
391/391 - 23s - loss: 0.3103 - accuracy: 0.9017 - val_loss: 0.4042 - val_accuracy: 0.8844
Epoch 79/350
391/391 - 23s - loss: 0.3004 - accuracy: 0.9077 - val_loss: 0.4066 - val_accuracy: 0.8832
Epoch 80/350
391/391 - 23s - loss: 0.3008 - accuracy: 0.9061 - val_loss: 0.4220 - val_accuracy: 0.8791
Epoch 81/350
391/391 - 23s - loss: 0.2961 - accuracy: 0.9084 - val_loss: 0.4152 - val_accuracy: 0.8858
Epoch 82/350
391/391 - 23s - loss: 0.2926 - accuracy: 0.9088 - val_loss: 0.4053 - val_accuracy: 0.8845
Epoch 83/350
391/391 - 23s - loss: 0.2895 - accuracy: 0.9105 - val_loss: 0.4093 - val_accuracy: 0.8862
Epoch 84/350
391/391 - 23s - loss: 0.2921 - accuracy: 0.9091 - val_loss: 0.4231 - val_accuracy: 0.8786
Epoch 85/350
391/391 - 23s - loss: 0.2858 - accuracy: 0.9121 - val_loss: 0.3985 - val_accuracy: 0.8842
Epoch 86/350
391/391 - 23s - loss: 0.2850 - accuracy: 0.9127 - val_loss: 0.4172 - val_accuracy: 0.8793
Epoch 87/350
391/391 - 23s - loss: 0.2846 - accuracy: 0.9120 - val_loss: 0.4175 - val_accuracy: 0.8810
Epoch 88/350
391/391 - 23s - loss: 0.2807 - accuracy: 0.9132 - val_loss: 0.4055 - val_accuracy: 0.8823
Epoch 89/350
391/391 - 23s - loss: 0.2813 - accuracy: 0.9131 - val_loss: 0.4522 - val_accuracy: 0.8725
Epoch 90/350
391/391 - 23s - loss: 0.2724 - accuracy: 0.9163 - val_loss: 0.4256 - val_accuracy: 0.8859
Epoch 91/350
391/391 - 23s - loss: 0.2779 - accuracy: 0.9149 - val_loss: 0.4224 - val_accuracy: 0.8832
Epoch 92/350
391/391 - 23s - loss: 0.2755 - accuracy: 0.9151 - val_loss: 0.4384 - val_accuracy: 0.8793
Epoch 93/350
391/391 - 23s - loss: 0.2766 - accuracy: 0.9149 - val_loss: 0.4090 - val_accuracy: 0.8851
Epoch 94/350
391/391 - 23s - loss: 0.2728 - accuracy: 0.9159 - val_loss: 0.4467 - val_accuracy: 0.8787
Epoch 95/350
391/391 - 23s - loss: 0.2617 - accuracy: 0.9205 - val_loss: 0.4076 - val_accuracy: 0.8870
Epoch 96/350
391/391 - 23s - loss: 0.2677 - accuracy: 0.9191 - val_loss: 0.4209 - val_accuracy: 0.8840
Epoch 97/350
391/391 - 23s - loss: 0.2618 - accuracy: 0.9209 - val_loss: 0.4215 - val_accuracy: 0.8890
Epoch 98/350
391/391 - 23s - loss: 0.2663 - accuracy: 0.9178 - val_loss: 0.4107 - val_accuracy: 0.8898
Epoch 99/350
391/391 - 23s - loss: 0.2590 - accuracy: 0.9210 - val_loss: 0.4574 - val_accuracy: 0.8804
Epoch 100/350


Snapshot weight 5 shuffle 2 at epoch 100
Layer 11
Getting activations...


391/391 - 23s - loss: 0.2620 - accuracy: 0.9214 - val_loss: 0.4202 - val_accuracy: 0.8851
Epoch 101/350
391/391 - 23s - loss: 0.2555 - accuracy: 0.9235 - val_loss: 0.4043 - val_accuracy: 0.8880
Epoch 102/350
391/391 - 23s - loss: 0.2541 - accuracy: 0.9235 - val_loss: 0.4385 - val_accuracy: 0.8859
Epoch 103/350
391/391 - 23s - loss: 0.2566 - accuracy: 0.9221 - val_loss: 0.4261 - val_accuracy: 0.8837
Epoch 104/350
391/391 - 23s - loss: 0.2509 - accuracy: 0.9245 - val_loss: 0.4163 - val_accuracy: 0.8870
Epoch 105/350
391/391 - 23s - loss: 0.2517 - accuracy: 0.9241 - val_loss: 0.4311 - val_accuracy: 0.8836
Epoch 106/350
391/391 - 23s - loss: 0.2510 - accuracy: 0.9254 - val_loss: 0.4219 - val_accuracy: 0.8849
Epoch 107/350
391/391 - 23s - loss: 0.2506 - accuracy: 0.9239 - val_loss: 0.4253 - val_accuracy: 0.8903
Epoch 108/350
391/391 - 23s - loss: 0.2450 - accuracy: 0.9271 - val_loss: 0.4455 - val_accuracy: 0.8843
Epoch 109/350
391/391 - 23s - loss: 0.2468 - accuracy: 0.9251 - val_loss: 0.4399 - val_accuracy: 0.8830
Epoch 110/350
391/391 - 23s - loss: 0.2456 - accuracy: 0.9255 - val_loss: 0.4114 - val_accuracy: 0.8908
Epoch 111/350
391/391 - 23s - loss: 0.2399 - accuracy: 0.9273 - val_loss: 0.4584 - val_accuracy: 0.8824
Epoch 112/350
391/391 - 23s - loss: 0.2444 - accuracy: 0.9271 - val_loss: 0.4421 - val_accuracy: 0.8871
Epoch 113/350
391/391 - 23s - loss: 0.2394 - accuracy: 0.9294 - val_loss: 0.4158 - val_accuracy: 0.8873
Epoch 114/350
391/391 - 23s - loss: 0.2366 - accuracy: 0.9309 - val_loss: 0.4301 - val_accuracy: 0.8939
Epoch 115/350
391/391 - 23s - loss: 0.2324 - accuracy: 0.9310 - val_loss: 0.4532 - val_accuracy: 0.8868
Epoch 116/350
391/391 - 23s - loss: 0.2379 - accuracy: 0.9286 - val_loss: 0.4450 - val_accuracy: 0.8883
Epoch 117/350
391/391 - 23s - loss: 0.2322 - accuracy: 0.9307 - val_loss: 0.4184 - val_accuracy: 0.8918
Epoch 118/350
391/391 - 23s - loss: 0.2362 - accuracy: 0.9290 - val_loss: 0.4167 - val_accuracy: 0.8865
Epoch 119/350
391/391 - 23s - loss: 0.2294 - accuracy: 0.9325 - val_loss: 0.4153 - val_accuracy: 0.8928
Epoch 120/350
391/391 - 23s - loss: 0.2243 - accuracy: 0.9346 - val_loss: 0.4343 - val_accuracy: 0.8912
Epoch 121/350
391/391 - 23s - loss: 0.2280 - accuracy: 0.9336 - val_loss: 0.4406 - val_accuracy: 0.8849
Epoch 122/350
391/391 - 23s - loss: 0.2316 - accuracy: 0.9316 - val_loss: 0.4132 - val_accuracy: 0.8929
Epoch 123/350
391/391 - 23s - loss: 0.2296 - accuracy: 0.9332 - val_loss: 0.4696 - val_accuracy: 0.8827
Epoch 124/350
391/391 - 23s - loss: 0.2266 - accuracy: 0.9333 - val_loss: 0.4217 - val_accuracy: 0.8933
Epoch 125/350
391/391 - 23s - loss: 0.2255 - accuracy: 0.9352 - val_loss: 0.4269 - val_accuracy: 0.8906
Epoch 126/350
391/391 - 23s - loss: 0.2206 - accuracy: 0.9359 - val_loss: 0.4270 - val_accuracy: 0.8909
Epoch 127/350
391/391 - 23s - loss: 0.2249 - accuracy: 0.9339 - val_loss: 0.4325 - val_accuracy: 0.8905
Epoch 128/350
391/391 - 23s - loss: 0.2212 - accuracy: 0.9351 - val_loss: 0.4141 - val_accuracy: 0.8968
Epoch 129/350
391/391 - 23s - loss: 0.2182 - accuracy: 0.9360 - val_loss: 0.4424 - val_accuracy: 0.8905
Epoch 130/350
391/391 - 23s - loss: 0.2151 - accuracy: 0.9384 - val_loss: 0.4090 - val_accuracy: 0.8949
Epoch 131/350
391/391 - 23s - loss: 0.2176 - accuracy: 0.9372 - val_loss: 0.4200 - val_accuracy: 0.8919
Epoch 132/350
391/391 - 23s - loss: 0.2189 - accuracy: 0.9372 - val_loss: 0.4101 - val_accuracy: 0.8926
Epoch 133/350
391/391 - 23s - loss: 0.2123 - accuracy: 0.9396 - val_loss: 0.4387 - val_accuracy: 0.8947
Epoch 134/350
391/391 - 23s - loss: 0.2128 - accuracy: 0.9393 - val_loss: 0.4232 - val_accuracy: 0.8943
Epoch 135/350
391/391 - 23s - loss: 0.2131 - accuracy: 0.9388 - val_loss: 0.4462 - val_accuracy: 0.8932
Epoch 136/350
391/391 - 23s - loss: 0.2128 - accuracy: 0.9390 - val_loss: 0.4693 - val_accuracy: 0.8907
Epoch 137/350
391/391 - 23s - loss: 0.2100 - accuracy: 0.9413 - val_loss: 0.4194 - val_accuracy: 0.8965
Epoch 138/350
391/391 - 23s - loss: 0.2102 - accuracy: 0.9398 - val_loss: 0.4270 - val_accuracy: 0.8942
Epoch 139/350
391/391 - 23s - loss: 0.2046 - accuracy: 0.9419 - val_loss: 0.4416 - val_accuracy: 0.8931
Epoch 140/350
391/391 - 23s - loss: 0.2084 - accuracy: 0.9413 - val_loss: 0.4362 - val_accuracy: 0.8972
Epoch 141/350
391/391 - 23s - loss: 0.2075 - accuracy: 0.9414 - val_loss: 0.4239 - val_accuracy: 0.8953
Epoch 142/350
391/391 - 23s - loss: 0.2028 - accuracy: 0.9429 - val_loss: 0.4481 - val_accuracy: 0.8917
Epoch 143/350
391/391 - 23s - loss: 0.2010 - accuracy: 0.9436 - val_loss: 0.4241 - val_accuracy: 0.8974
Epoch 144/350
391/391 - 23s - loss: 0.2040 - accuracy: 0.9426 - val_loss: 0.4266 - val_accuracy: 0.8926
Epoch 145/350
391/391 - 23s - loss: 0.2024 - accuracy: 0.9435 - val_loss: 0.4316 - val_accuracy: 0.8975
Epoch 146/350
391/391 - 23s - loss: 0.1997 - accuracy: 0.9445 - val_loss: 0.4499 - val_accuracy: 0.8912
Epoch 147/350
391/391 - 23s - loss: 0.2056 - accuracy: 0.9418 - val_loss: 0.4373 - val_accuracy: 0.8919
Epoch 148/350
391/391 - 23s - loss: 0.2023 - accuracy: 0.9432 - val_loss: 0.4418 - val_accuracy: 0.8871
Epoch 149/350
391/391 - 23s - loss: 0.1973 - accuracy: 0.9451 - val_loss: 0.4325 - val_accuracy: 0.8959
Epoch 150/350


Snapshot weight 5 shuffle 2 at epoch 150
Layer 11
Getting activations...


391/391 - 23s - loss: 0.2006 - accuracy: 0.9433 - val_loss: 0.4378 - val_accuracy: 0.8953
Epoch 151/350
391/391 - 23s - loss: 0.1960 - accuracy: 0.9453 - val_loss: 0.4897 - val_accuracy: 0.8841
Epoch 152/350
391/391 - 23s - loss: 0.1962 - accuracy: 0.9445 - val_loss: 0.4549 - val_accuracy: 0.8911
Epoch 153/350
391/391 - 23s - loss: 0.1951 - accuracy: 0.9454 - val_loss: 0.4664 - val_accuracy: 0.8905
Epoch 154/350
391/391 - 23s - loss: 0.1985 - accuracy: 0.9445 - val_loss: 0.4531 - val_accuracy: 0.8881
Epoch 155/350
391/391 - 23s - loss: 0.1942 - accuracy: 0.9459 - val_loss: 0.4359 - val_accuracy: 0.8969
Epoch 156/350
391/391 - 23s - loss: 0.1965 - accuracy: 0.9457 - val_loss: 0.4445 - val_accuracy: 0.8914
Epoch 157/350
391/391 - 23s - loss: 0.1895 - accuracy: 0.9468 - val_loss: 0.4647 - val_accuracy: 0.8916
Epoch 158/350
391/391 - 23s - loss: 0.1925 - accuracy: 0.9457 - val_loss: 0.4529 - val_accuracy: 0.8959
Epoch 159/350
391/391 - 23s - loss: 0.1871 - accuracy: 0.9491 - val_loss: 0.4441 - val_accuracy: 0.8994
Epoch 160/350
391/391 - 23s - loss: 0.1955 - accuracy: 0.9464 - val_loss: 0.4406 - val_accuracy: 0.8934
Epoch 161/350
391/391 - 23s - loss: 0.1906 - accuracy: 0.9481 - val_loss: 0.4362 - val_accuracy: 0.8973
Epoch 162/350
391/391 - 23s - loss: 0.1912 - accuracy: 0.9472 - val_loss: 0.4622 - val_accuracy: 0.8981
Epoch 163/350
391/391 - 23s - loss: 0.1871 - accuracy: 0.9487 - val_loss: 0.4418 - val_accuracy: 0.8959
Epoch 164/350
391/391 - 23s - loss: 0.1870 - accuracy: 0.9494 - val_loss: 0.4234 - val_accuracy: 0.8989
Epoch 165/350
391/391 - 23s - loss: 0.1849 - accuracy: 0.9496 - val_loss: 0.4555 - val_accuracy: 0.8975
Epoch 166/350
391/391 - 23s - loss: 0.1880 - accuracy: 0.9482 - val_loss: 0.4577 - val_accuracy: 0.8980
Epoch 167/350
391/391 - 23s - loss: 0.1890 - accuracy: 0.9491 - val_loss: 0.4447 - val_accuracy: 0.8979
Epoch 168/350
391/391 - 23s - loss: 0.1852 - accuracy: 0.9505 - val_loss: 0.4256 - val_accuracy: 0.9007
Epoch 169/350
391/391 - 23s - loss: 0.1832 - accuracy: 0.9509 - val_loss: 0.4282 - val_accuracy: 0.8957
Epoch 170/350
391/391 - 23s - loss: 0.1798 - accuracy: 0.9515 - val_loss: 0.4327 - val_accuracy: 0.9002
Epoch 171/350
391/391 - 23s - loss: 0.1785 - accuracy: 0.9517 - val_loss: 0.4359 - val_accuracy: 0.8991
Epoch 172/350
391/391 - 23s - loss: 0.1835 - accuracy: 0.9520 - val_loss: 0.4652 - val_accuracy: 0.8985
Epoch 173/350
391/391 - 23s - loss: 0.1825 - accuracy: 0.9509 - val_loss: 0.4540 - val_accuracy: 0.8938
Epoch 174/350
391/391 - 23s - loss: 0.1808 - accuracy: 0.9521 - val_loss: 0.4441 - val_accuracy: 0.8981
Epoch 175/350
391/391 - 23s - loss: 0.1769 - accuracy: 0.9523 - val_loss: 0.4301 - val_accuracy: 0.9011
Epoch 176/350
391/391 - 23s - loss: 0.1768 - accuracy: 0.9526 - val_loss: 0.4950 - val_accuracy: 0.8883
Epoch 177/350
391/391 - 23s - loss: 0.1774 - accuracy: 0.9528 - val_loss: 0.4520 - val_accuracy: 0.8956
Epoch 178/350
391/391 - 23s - loss: 0.1803 - accuracy: 0.9521 - val_loss: 0.4466 - val_accuracy: 0.8975
Epoch 179/350
391/391 - 23s - loss: 0.1752 - accuracy: 0.9542 - val_loss: 0.4776 - val_accuracy: 0.8956
Epoch 180/350
391/391 - 23s - loss: 0.1799 - accuracy: 0.9527 - val_loss: 0.4399 - val_accuracy: 0.8960
Epoch 181/350
391/391 - 23s - loss: 0.1763 - accuracy: 0.9530 - val_loss: 0.4427 - val_accuracy: 0.8919
Epoch 182/350
391/391 - 23s - loss: 0.1802 - accuracy: 0.9525 - val_loss: 0.4383 - val_accuracy: 0.9004
Epoch 183/350
391/391 - 23s - loss: 0.1739 - accuracy: 0.9554 - val_loss: 0.4849 - val_accuracy: 0.8937
Epoch 184/350
391/391 - 23s - loss: 0.1761 - accuracy: 0.9538 - val_loss: 0.4558 - val_accuracy: 0.8971
Epoch 185/350
391/391 - 23s - loss: 0.1741 - accuracy: 0.9548 - val_loss: 0.4344 - val_accuracy: 0.8965
Epoch 186/350
391/391 - 23s - loss: 0.1746 - accuracy: 0.9547 - val_loss: 0.4630 - val_accuracy: 0.8952
Epoch 187/350
391/391 - 23s - loss: 0.1759 - accuracy: 0.9534 - val_loss: 0.4540 - val_accuracy: 0.8974
Epoch 188/350
391/391 - 23s - loss: 0.1722 - accuracy: 0.9551 - val_loss: 0.4763 - val_accuracy: 0.8946
Epoch 189/350
391/391 - 23s - loss: 0.1738 - accuracy: 0.9543 - val_loss: 0.4481 - val_accuracy: 0.9032
Epoch 190/350
391/391 - 23s - loss: 0.1697 - accuracy: 0.9547 - val_loss: 0.4459 - val_accuracy: 0.9000
Epoch 191/350
391/391 - 23s - loss: 0.1666 - accuracy: 0.9563 - val_loss: 0.4681 - val_accuracy: 0.8939
Epoch 192/350
391/391 - 23s - loss: 0.1708 - accuracy: 0.9553 - val_loss: 0.4567 - val_accuracy: 0.8953
Epoch 193/350
391/391 - 23s - loss: 0.1722 - accuracy: 0.9546 - val_loss: 0.4672 - val_accuracy: 0.8990
Epoch 194/350
391/391 - 23s - loss: 0.1661 - accuracy: 0.9563 - val_loss: 0.4429 - val_accuracy: 0.9028
Epoch 195/350
391/391 - 23s - loss: 0.1699 - accuracy: 0.9568 - val_loss: 0.4464 - val_accuracy: 0.8987
Epoch 196/350
391/391 - 23s - loss: 0.1697 - accuracy: 0.9560 - val_loss: 0.4881 - val_accuracy: 0.8956
Epoch 197/350
391/391 - 23s - loss: 0.1687 - accuracy: 0.9569 - val_loss: 0.4390 - val_accuracy: 0.8996
Epoch 198/350
391/391 - 23s - loss: 0.1650 - accuracy: 0.9586 - val_loss: 0.4375 - val_accuracy: 0.9004
Epoch 199/350
391/391 - 23s - loss: 0.1690 - accuracy: 0.9563 - val_loss: 0.4620 - val_accuracy: 0.8996
Epoch 200/350


Snapshot weight 5 shuffle 2 at epoch 200
Layer 11
Getting activations...


391/391 - 23s - loss: 0.1637 - accuracy: 0.9576 - val_loss: 0.4410 - val_accuracy: 0.9006
Epoch 201/350
391/391 - 23s - loss: 0.1402 - accuracy: 0.9666 - val_loss: 0.4300 - val_accuracy: 0.9093
Epoch 202/350
391/391 - 23s - loss: 0.1253 - accuracy: 0.9715 - val_loss: 0.4336 - val_accuracy: 0.9092
Epoch 203/350
391/391 - 23s - loss: 0.1223 - accuracy: 0.9732 - val_loss: 0.4363 - val_accuracy: 0.9094
Epoch 204/350
391/391 - 23s - loss: 0.1230 - accuracy: 0.9725 - val_loss: 0.4440 - val_accuracy: 0.9099
Epoch 205/350
391/391 - 23s - loss: 0.1257 - accuracy: 0.9715 - val_loss: 0.4375 - val_accuracy: 0.9093
Epoch 206/350
391/391 - 23s - loss: 0.1199 - accuracy: 0.9733 - val_loss: 0.4459 - val_accuracy: 0.9091
Epoch 207/350
391/391 - 23s - loss: 0.1192 - accuracy: 0.9740 - val_loss: 0.4529 - val_accuracy: 0.9072
Epoch 208/350
391/391 - 23s - loss: 0.1171 - accuracy: 0.9749 - val_loss: 0.4473 - val_accuracy: 0.9085
Epoch 209/350
391/391 - 23s - loss: 0.1196 - accuracy: 0.9739 - val_loss: 0.4456 - val_accuracy: 0.9078
Epoch 210/350
391/391 - 23s - loss: 0.1174 - accuracy: 0.9748 - val_loss: 0.4495 - val_accuracy: 0.9084
Epoch 211/350
391/391 - 23s - loss: 0.1173 - accuracy: 0.9750 - val_loss: 0.4505 - val_accuracy: 0.9094
Epoch 212/350
391/391 - 23s - loss: 0.1137 - accuracy: 0.9755 - val_loss: 0.4602 - val_accuracy: 0.9092
Epoch 213/350
391/391 - 23s - loss: 0.1167 - accuracy: 0.9751 - val_loss: 0.4562 - val_accuracy: 0.9091
Epoch 214/350
391/391 - 23s - loss: 0.1137 - accuracy: 0.9767 - val_loss: 0.4592 - val_accuracy: 0.9102
Epoch 215/350
391/391 - 23s - loss: 0.1136 - accuracy: 0.9763 - val_loss: 0.4632 - val_accuracy: 0.9085
Epoch 216/350
391/391 - 23s - loss: 0.1137 - accuracy: 0.9765 - val_loss: 0.4657 - val_accuracy: 0.9090
Epoch 217/350
391/391 - 23s - loss: 0.1141 - accuracy: 0.9763 - val_loss: 0.4618 - val_accuracy: 0.9093
Epoch 218/350
391/391 - 23s - loss: 0.1148 - accuracy: 0.9762 - val_loss: 0.4595 - val_accuracy: 0.9095
Epoch 219/350
391/391 - 23s - loss: 0.1126 - accuracy: 0.9765 - val_loss: 0.4647 - val_accuracy: 0.9114
Epoch 220/350
391/391 - 23s - loss: 0.1142 - accuracy: 0.9760 - val_loss: 0.4630 - val_accuracy: 0.9095
Epoch 221/350
391/391 - 23s - loss: 0.1141 - accuracy: 0.9759 - val_loss: 0.4640 - val_accuracy: 0.9099
Epoch 222/350
391/391 - 23s - loss: 0.1146 - accuracy: 0.9753 - val_loss: 0.4660 - val_accuracy: 0.9092
Epoch 223/350
391/391 - 23s - loss: 0.1138 - accuracy: 0.9750 - val_loss: 0.4626 - val_accuracy: 0.9095
Epoch 224/350
391/391 - 23s - loss: 0.1133 - accuracy: 0.9764 - val_loss: 0.4628 - val_accuracy: 0.9087
Epoch 225/350
391/391 - 23s - loss: 0.1109 - accuracy: 0.9768 - val_loss: 0.4628 - val_accuracy: 0.9108
Epoch 226/350
391/391 - 23s - loss: 0.1115 - accuracy: 0.9769 - val_loss: 0.4572 - val_accuracy: 0.9085
Epoch 227/350
391/391 - 23s - loss: 0.1086 - accuracy: 0.9783 - val_loss: 0.4762 - val_accuracy: 0.9097
Epoch 228/350
391/391 - 23s - loss: 0.1111 - accuracy: 0.9775 - val_loss: 0.4670 - val_accuracy: 0.9087
Epoch 229/350
391/391 - 23s - loss: 0.1102 - accuracy: 0.9770 - val_loss: 0.4693 - val_accuracy: 0.9103
Epoch 230/350
391/391 - 23s - loss: 0.1100 - accuracy: 0.9783 - val_loss: 0.4700 - val_accuracy: 0.9092
Epoch 231/350
391/391 - 23s - loss: 0.1101 - accuracy: 0.9776 - val_loss: 0.4684 - val_accuracy: 0.9100
Epoch 232/350
391/391 - 23s - loss: 0.1091 - accuracy: 0.9772 - val_loss: 0.4647 - val_accuracy: 0.9111
Epoch 233/350
391/391 - 23s - loss: 0.1098 - accuracy: 0.9774 - val_loss: 0.4719 - val_accuracy: 0.9101
Epoch 234/350
391/391 - 23s - loss: 0.1076 - accuracy: 0.9791 - val_loss: 0.4776 - val_accuracy: 0.9092
Epoch 235/350
391/391 - 23s - loss: 0.1088 - accuracy: 0.9777 - val_loss: 0.4730 - val_accuracy: 0.9092
Epoch 236/350
391/391 - 23s - loss: 0.1087 - accuracy: 0.9773 - val_loss: 0.4743 - val_accuracy: 0.9100
Epoch 237/350
391/391 - 23s - loss: 0.1075 - accuracy: 0.9786 - val_loss: 0.4766 - val_accuracy: 0.9087
Epoch 238/350
391/391 - 23s - loss: 0.1071 - accuracy: 0.9783 - val_loss: 0.4749 - val_accuracy: 0.9098
Epoch 239/350
391/391 - 23s - loss: 0.1087 - accuracy: 0.9777 - val_loss: 0.4745 - val_accuracy: 0.9107
Epoch 240/350
391/391 - 23s - loss: 0.1056 - accuracy: 0.9793 - val_loss: 0.4810 - val_accuracy: 0.9105
Epoch 241/350
391/391 - 23s - loss: 0.1084 - accuracy: 0.9782 - val_loss: 0.4663 - val_accuracy: 0.9107
Epoch 242/350
391/391 - 23s - loss: 0.1071 - accuracy: 0.9789 - val_loss: 0.4721 - val_accuracy: 0.9107
Epoch 243/350
391/391 - 23s - loss: 0.1052 - accuracy: 0.9794 - val_loss: 0.4715 - val_accuracy: 0.9110
Epoch 244/350
391/391 - 23s - loss: 0.1052 - accuracy: 0.9796 - val_loss: 0.4706 - val_accuracy: 0.9089
Epoch 245/350
391/391 - 23s - loss: 0.1063 - accuracy: 0.9784 - val_loss: 0.4748 - val_accuracy: 0.9092
Epoch 246/350
391/391 - 23s - loss: 0.1059 - accuracy: 0.9782 - val_loss: 0.4789 - val_accuracy: 0.9101
Epoch 247/350
391/391 - 23s - loss: 0.1059 - accuracy: 0.9784 - val_loss: 0.4734 - val_accuracy: 0.9095
Epoch 248/350
391/391 - 23s - loss: 0.1040 - accuracy: 0.9792 - val_loss: 0.4783 - val_accuracy: 0.9113
Epoch 249/350
391/391 - 23s - loss: 0.1070 - accuracy: 0.9778 - val_loss: 0.4797 - val_accuracy: 0.9104
Epoch 250/350


Snapshot weight 5 shuffle 2 at epoch 250
Layer 11
Getting activations...


391/391 - 23s - loss: 0.1081 - accuracy: 0.9781 - val_loss: 0.4714 - val_accuracy: 0.9120
Epoch 251/350
391/391 - 23s - loss: 0.1029 - accuracy: 0.9797 - val_loss: 0.4705 - val_accuracy: 0.9112
Epoch 252/350
391/391 - 23s - loss: 0.1051 - accuracy: 0.9792 - val_loss: 0.4709 - val_accuracy: 0.9120
Epoch 253/350
391/391 - 23s - loss: 0.1018 - accuracy: 0.9801 - val_loss: 0.4741 - val_accuracy: 0.9114
Epoch 254/350
391/391 - 23s - loss: 0.1045 - accuracy: 0.9787 - val_loss: 0.4712 - val_accuracy: 0.9117
Epoch 255/350
391/391 - 23s - loss: 0.1018 - accuracy: 0.9805 - val_loss: 0.4728 - val_accuracy: 0.9116
Epoch 256/350
391/391 - 23s - loss: 0.1027 - accuracy: 0.9793 - val_loss: 0.4742 - val_accuracy: 0.9113
Epoch 257/350
391/391 - 23s - loss: 0.1007 - accuracy: 0.9809 - val_loss: 0.4747 - val_accuracy: 0.9117
Epoch 258/350
391/391 - 23s - loss: 0.1028 - accuracy: 0.9802 - val_loss: 0.4741 - val_accuracy: 0.9116
Epoch 259/350
391/391 - 23s - loss: 0.1000 - accuracy: 0.9809 - val_loss: 0.4756 - val_accuracy: 0.9127
Epoch 260/350
391/391 - 23s - loss: 0.1024 - accuracy: 0.9805 - val_loss: 0.4739 - val_accuracy: 0.9124
Epoch 261/350
391/391 - 23s - loss: 0.1009 - accuracy: 0.9804 - val_loss: 0.4755 - val_accuracy: 0.9117
Epoch 262/350
391/391 - 23s - loss: 0.1028 - accuracy: 0.9800 - val_loss: 0.4759 - val_accuracy: 0.9120
Epoch 263/350
391/391 - 23s - loss: 0.1002 - accuracy: 0.9811 - val_loss: 0.4777 - val_accuracy: 0.9124
Epoch 264/350
391/391 - 23s - loss: 0.1025 - accuracy: 0.9802 - val_loss: 0.4745 - val_accuracy: 0.9117
Epoch 265/350
391/391 - 23s - loss: 0.1017 - accuracy: 0.9807 - val_loss: 0.4739 - val_accuracy: 0.9121
Epoch 266/350
391/391 - 23s - loss: 0.1027 - accuracy: 0.9800 - val_loss: 0.4740 - val_accuracy: 0.9123
Epoch 267/350
391/391 - 23s - loss: 0.1001 - accuracy: 0.9806 - val_loss: 0.4747 - val_accuracy: 0.9116
Epoch 268/350
391/391 - 23s - loss: 0.1016 - accuracy: 0.9804 - val_loss: 0.4746 - val_accuracy: 0.9117
Epoch 269/350
391/391 - 23s - loss: 0.1009 - accuracy: 0.9807 - val_loss: 0.4753 - val_accuracy: 0.9119
Epoch 270/350
391/391 - 23s - loss: 0.1033 - accuracy: 0.9796 - val_loss: 0.4730 - val_accuracy: 0.9119
Epoch 271/350
391/391 - 23s - loss: 0.1023 - accuracy: 0.9804 - val_loss: 0.4730 - val_accuracy: 0.9123
Epoch 272/350
391/391 - 23s - loss: 0.0998 - accuracy: 0.9814 - val_loss: 0.4768 - val_accuracy: 0.9116
Epoch 273/350
391/391 - 23s - loss: 0.1003 - accuracy: 0.9810 - val_loss: 0.4761 - val_accuracy: 0.9118
Epoch 274/350
391/391 - 23s - loss: 0.1017 - accuracy: 0.9800 - val_loss: 0.4787 - val_accuracy: 0.9118
Epoch 275/350
391/391 - 23s - loss: 0.1033 - accuracy: 0.9793 - val_loss: 0.4781 - val_accuracy: 0.9120
Epoch 276/350
391/391 - 23s - loss: 0.1005 - accuracy: 0.9808 - val_loss: 0.4786 - val_accuracy: 0.9120
Epoch 277/350
391/391 - 23s - loss: 0.1022 - accuracy: 0.9804 - val_loss: 0.4776 - val_accuracy: 0.9116
Epoch 278/350
391/391 - 23s - loss: 0.0996 - accuracy: 0.9813 - val_loss: 0.4793 - val_accuracy: 0.9113
Epoch 279/350
391/391 - 23s - loss: 0.1001 - accuracy: 0.9815 - val_loss: 0.4800 - val_accuracy: 0.9116
Epoch 280/350
391/391 - 23s - loss: 0.1009 - accuracy: 0.9806 - val_loss: 0.4788 - val_accuracy: 0.9110
Epoch 281/350
391/391 - 23s - loss: 0.1016 - accuracy: 0.9806 - val_loss: 0.4785 - val_accuracy: 0.9118
Epoch 282/350
391/391 - 23s - loss: 0.1028 - accuracy: 0.9797 - val_loss: 0.4775 - val_accuracy: 0.9111
Epoch 283/350
391/391 - 23s - loss: 0.1003 - accuracy: 0.9808 - val_loss: 0.4789 - val_accuracy: 0.9122
Epoch 284/350
391/391 - 23s - loss: 0.1007 - accuracy: 0.9810 - val_loss: 0.4791 - val_accuracy: 0.9110
Epoch 285/350
391/391 - 23s - loss: 0.1013 - accuracy: 0.9804 - val_loss: 0.4793 - val_accuracy: 0.9116
Epoch 286/350
391/391 - 23s - loss: 0.0990 - accuracy: 0.9812 - val_loss: 0.4788 - val_accuracy: 0.9119
Epoch 287/350
391/391 - 23s - loss: 0.1001 - accuracy: 0.9809 - val_loss: 0.4786 - val_accuracy: 0.9123
Epoch 288/350
391/391 - 23s - loss: 0.1020 - accuracy: 0.9806 - val_loss: 0.4790 - val_accuracy: 0.9122
Epoch 289/350
391/391 - 23s - loss: 0.0996 - accuracy: 0.9813 - val_loss: 0.4791 - val_accuracy: 0.9120
Epoch 290/350
391/391 - 23s - loss: 0.1003 - accuracy: 0.9804 - val_loss: 0.4780 - val_accuracy: 0.9120
Epoch 291/350
391/391 - 23s - loss: 0.1002 - accuracy: 0.9803 - val_loss: 0.4785 - val_accuracy: 0.9113
Epoch 292/350
391/391 - 23s - loss: 0.1023 - accuracy: 0.9802 - val_loss: 0.4794 - val_accuracy: 0.9112
Epoch 293/350
391/391 - 23s - loss: 0.1005 - accuracy: 0.9812 - val_loss: 0.4777 - val_accuracy: 0.9127
Epoch 294/350
391/391 - 23s - loss: 0.0988 - accuracy: 0.9815 - val_loss: 0.4799 - val_accuracy: 0.9119
Epoch 295/350
391/391 - 23s - loss: 0.1012 - accuracy: 0.9801 - val_loss: 0.4787 - val_accuracy: 0.9119
Epoch 296/350
391/391 - 23s - loss: 0.0987 - accuracy: 0.9819 - val_loss: 0.4785 - val_accuracy: 0.9120
Epoch 297/350
391/391 - 23s - loss: 0.1018 - accuracy: 0.9806 - val_loss: 0.4776 - val_accuracy: 0.9123
Epoch 298/350
391/391 - 23s - loss: 0.1020 - accuracy: 0.9802 - val_loss: 0.4769 - val_accuracy: 0.9127
Epoch 299/350
391/391 - 23s - loss: 0.0995 - accuracy: 0.9805 - val_loss: 0.4777 - val_accuracy: 0.9125
Epoch 300/350


Snapshot weight 5 shuffle 2 at epoch 300
Layer 11
Getting activations...


391/391 - 24s - loss: 0.0983 - accuracy: 0.9825 - val_loss: 0.4800 - val_accuracy: 0.9116
Epoch 301/350
391/391 - 23s - loss: 0.0999 - accuracy: 0.9815 - val_loss: 0.4798 - val_accuracy: 0.9116
Epoch 302/350
391/391 - 23s - loss: 0.1011 - accuracy: 0.9803 - val_loss: 0.4797 - val_accuracy: 0.9120
Epoch 303/350
391/391 - 23s - loss: 0.1001 - accuracy: 0.9810 - val_loss: 0.4793 - val_accuracy: 0.9119
Epoch 304/350
391/391 - 23s - loss: 0.1004 - accuracy: 0.9804 - val_loss: 0.4790 - val_accuracy: 0.9119
Epoch 305/350
391/391 - 23s - loss: 0.0999 - accuracy: 0.9810 - val_loss: 0.4789 - val_accuracy: 0.9120
Epoch 306/350
391/391 - 23s - loss: 0.1014 - accuracy: 0.9793 - val_loss: 0.4790 - val_accuracy: 0.9118
Epoch 307/350
391/391 - 23s - loss: 0.1004 - accuracy: 0.9818 - val_loss: 0.4789 - val_accuracy: 0.9122
Epoch 308/350
391/391 - 23s - loss: 0.0996 - accuracy: 0.9810 - val_loss: 0.4788 - val_accuracy: 0.9118
Epoch 309/350
391/391 - 23s - loss: 0.1002 - accuracy: 0.9803 - val_loss: 0.4788 - val_accuracy: 0.9118
Epoch 310/350
391/391 - 23s - loss: 0.1009 - accuracy: 0.9806 - val_loss: 0.4787 - val_accuracy: 0.9123
Epoch 311/350
391/391 - 23s - loss: 0.1019 - accuracy: 0.9804 - val_loss: 0.4786 - val_accuracy: 0.9120
Epoch 312/350
391/391 - 23s - loss: 0.1017 - accuracy: 0.9806 - val_loss: 0.4786 - val_accuracy: 0.9123
Epoch 313/350
391/391 - 23s - loss: 0.1022 - accuracy: 0.9806 - val_loss: 0.4783 - val_accuracy: 0.9125
Epoch 314/350
391/391 - 23s - loss: 0.1013 - accuracy: 0.9806 - val_loss: 0.4783 - val_accuracy: 0.9123
Epoch 315/350
391/391 - 23s - loss: 0.1015 - accuracy: 0.9807 - val_loss: 0.4784 - val_accuracy: 0.9126
Epoch 316/350
391/391 - 23s - loss: 0.1011 - accuracy: 0.9805 - val_loss: 0.4784 - val_accuracy: 0.9125
Epoch 317/350
391/391 - 23s - loss: 0.1005 - accuracy: 0.9812 - val_loss: 0.4784 - val_accuracy: 0.9121
Epoch 318/350
391/391 - 23s - loss: 0.0992 - accuracy: 0.9810 - val_loss: 0.4785 - val_accuracy: 0.9124
Epoch 319/350
391/391 - 23s - loss: 0.1006 - accuracy: 0.9811 - val_loss: 0.4783 - val_accuracy: 0.9122
Epoch 320/350
391/391 - 23s - loss: 0.0996 - accuracy: 0.9805 - val_loss: 0.4783 - val_accuracy: 0.9122
Epoch 321/350
391/391 - 23s - loss: 0.1005 - accuracy: 0.9804 - val_loss: 0.4785 - val_accuracy: 0.9123
Epoch 322/350
391/391 - 23s - loss: 0.1027 - accuracy: 0.9797 - val_loss: 0.4784 - val_accuracy: 0.9121
Epoch 323/350
391/391 - 23s - loss: 0.0994 - accuracy: 0.9809 - val_loss: 0.4786 - val_accuracy: 0.9122
Epoch 324/350
391/391 - 23s - loss: 0.0984 - accuracy: 0.9819 - val_loss: 0.4789 - val_accuracy: 0.9122
Epoch 325/350
391/391 - 23s - loss: 0.1008 - accuracy: 0.9807 - val_loss: 0.4788 - val_accuracy: 0.9120
Epoch 326/350
391/391 - 23s - loss: 0.1015 - accuracy: 0.9808 - val_loss: 0.4788 - val_accuracy: 0.9121
Epoch 327/350
391/391 - 23s - loss: 0.1023 - accuracy: 0.9803 - val_loss: 0.4786 - val_accuracy: 0.9121
Epoch 328/350
391/391 - 23s - loss: 0.0999 - accuracy: 0.9810 - val_loss: 0.4786 - val_accuracy: 0.9124
Epoch 329/350
391/391 - 23s - loss: 0.0985 - accuracy: 0.9812 - val_loss: 0.4784 - val_accuracy: 0.9122
Epoch 330/350
391/391 - 23s - loss: 0.0989 - accuracy: 0.9815 - val_loss: 0.4783 - val_accuracy: 0.9127
Epoch 331/350
391/391 - 23s - loss: 0.1005 - accuracy: 0.9807 - val_loss: 0.4784 - val_accuracy: 0.9120
Epoch 332/350
391/391 - 23s - loss: 0.1012 - accuracy: 0.9803 - val_loss: 0.4785 - val_accuracy: 0.9119
Epoch 333/350
391/391 - 23s - loss: 0.1000 - accuracy: 0.9805 - val_loss: 0.4784 - val_accuracy: 0.9116
Epoch 334/350
391/391 - 23s - loss: 0.0991 - accuracy: 0.9811 - val_loss: 0.4783 - val_accuracy: 0.9120
Epoch 335/350
391/391 - 23s - loss: 0.1021 - accuracy: 0.9797 - val_loss: 0.4784 - val_accuracy: 0.9118
Epoch 336/350
391/391 - 23s - loss: 0.1015 - accuracy: 0.9799 - val_loss: 0.4783 - val_accuracy: 0.9121
Epoch 337/350
391/391 - 23s - loss: 0.1020 - accuracy: 0.9801 - val_loss: 0.4785 - val_accuracy: 0.9120
Epoch 338/350
391/391 - 23s - loss: 0.1036 - accuracy: 0.9792 - val_loss: 0.4782 - val_accuracy: 0.9118
Epoch 339/350
391/391 - 23s - loss: 0.1021 - accuracy: 0.9796 - val_loss: 0.4783 - val_accuracy: 0.9118
Epoch 340/350
391/391 - 23s - loss: 0.1008 - accuracy: 0.9813 - val_loss: 0.4780 - val_accuracy: 0.9121
Epoch 341/350
391/391 - 23s - loss: 0.0994 - accuracy: 0.9813 - val_loss: 0.4781 - val_accuracy: 0.9119
Epoch 342/350
391/391 - 23s - loss: 0.0994 - accuracy: 0.9806 - val_loss: 0.4780 - val_accuracy: 0.9119
Epoch 343/350
391/391 - 23s - loss: 0.1006 - accuracy: 0.9802 - val_loss: 0.4780 - val_accuracy: 0.9122
Epoch 344/350
391/391 - 23s - loss: 0.1003 - accuracy: 0.9808 - val_loss: 0.4780 - val_accuracy: 0.9124
Epoch 345/350
391/391 - 23s - loss: 0.1012 - accuracy: 0.9806 - val_loss: 0.4780 - val_accuracy: 0.9119
Epoch 346/350
391/391 - 23s - loss: 0.0963 - accuracy: 0.9824 - val_loss: 0.4784 - val_accuracy: 0.9119
Epoch 347/350
391/391 - 23s - loss: 0.1015 - accuracy: 0.9807 - val_loss: 0.4785 - val_accuracy: 0.9118
Epoch 348/350
391/391 - 23s - loss: 0.0988 - accuracy: 0.9813 - val_loss: 0.4787 - val_accuracy: 0.9119
Epoch 349/350
391/391 - 23s - loss: 0.0996 - accuracy: 0.9812 - val_loss: 0.4788 - val_accuracy: 0.9121
Epoch 350/350


Snapshot weight 5 shuffle 2 at epoch 350
Layer 11
Getting activations...


391/391 - 24s - loss: 0.0998 - accuracy: 0.9807 - val_loss: 0.4788 - val_accuracy: 0.9119
/usr/local/lib/python3.6/dist-packages/tensorflow/python/autograph/impl/api.py:493: UserWarning: fill_value is not supported and is always 0 for TensorFlow < 2.4.0.
  return py_builtins.overload_of(f)(*args)
WARNING:tensorflow:From /usr/local/lib/python3.6/dist-packages/tensorflow/python/training/tracking/tracking.py:111: Model.state_updates (from tensorflow.python.keras.engine.training) is deprecated and will be removed in a future version.
Instructions for updating:
This property should not be used in TensorFlow 2.0, as updates are applied automatically.
2021-07-02 01:52:45.164216: W tensorflow/python/util/util.cc:348] Sets are not currently considered sequences, but this may change in the future, so consider avoiding using them.
WARNING:tensorflow:From /usr/local/lib/python3.6/dist-packages/tensorflow/python/training/tracking/tracking.py:111: Layer.updates (from tensorflow.python.keras.engine.base_layer) is deprecated and will be removed in a future version.
Instructions for updating:
This property should not be used in TensorFlow 2.0, as updates are applied automatically.
Saving, final validation acc: 0.911899983882904
