2021-07-02 04:26:20.975702: I tensorflow/stream_executor/platform/default/dso_loader.cc:48] Successfully opened dynamic library libcudart.so.10.1
2021-07-02 04:27:40.160468: I tensorflow/stream_executor/platform/default/dso_loader.cc:48] Successfully opened dynamic library libcuda.so.1
2021-07-02 04:27:40.188155: I tensorflow/core/common_runtime/gpu/gpu_device.cc:1716] Found device 0 with properties: 
pciBusID: 0000:83:00.0 name: NVIDIA TITAN X (Pascal) computeCapability: 6.1
coreClock: 1.531GHz coreCount: 28 deviceMemorySize: 11.91GiB deviceMemoryBandwidth: 447.48GiB/s
2021-07-02 04:27:40.188236: I tensorflow/stream_executor/platform/default/dso_loader.cc:48] Successfully opened dynamic library libcudart.so.10.1
2021-07-02 04:27:40.230776: I tensorflow/stream_executor/platform/default/dso_loader.cc:48] Successfully opened dynamic library libcublas.so.10
2021-07-02 04:27:40.252272: I tensorflow/stream_executor/platform/default/dso_loader.cc:48] Successfully opened dynamic library libcufft.so.10
2021-07-02 04:27:40.260925: I tensorflow/stream_executor/platform/default/dso_loader.cc:48] Successfully opened dynamic library libcurand.so.10
2021-07-02 04:27:40.305571: I tensorflow/stream_executor/platform/default/dso_loader.cc:48] Successfully opened dynamic library libcusolver.so.10
2021-07-02 04:27:40.314556: I tensorflow/stream_executor/platform/default/dso_loader.cc:48] Successfully opened dynamic library libcusparse.so.10
2021-07-02 04:27:40.393959: I tensorflow/stream_executor/platform/default/dso_loader.cc:48] Successfully opened dynamic library libcudnn.so.7
2021-07-02 04:27:40.407193: I tensorflow/core/common_runtime/gpu/gpu_device.cc:1858] Adding visible gpu devices: 0
2021-07-02 04:27:40.410992: I tensorflow/core/platform/cpu_feature_guard.cc:142] This TensorFlow binary is optimized with oneAPI Deep Neural Network Library (oneDNN)to use the following CPU instructions in performance-critical operations:  AVX2 FMA
To enable them in other operations, rebuild TensorFlow with the appropriate compiler flags.
2021-07-02 04:27:40.427269: I tensorflow/core/platform/profile_utils/cpu_utils.cc:104] CPU Frequency: 2599865000 Hz
2021-07-02 04:27:40.427429: I tensorflow/compiler/xla/service/service.cc:168] XLA service 0x594cde0 initialized for platform Host (this does not guarantee that XLA will be used). Devices:
2021-07-02 04:27:40.427449: I tensorflow/compiler/xla/service/service.cc:176]   StreamExecutor device (0): Host, Default Version
2021-07-02 04:27:40.605550: I tensorflow/compiler/xla/service/service.cc:168] XLA service 0x592cad0 initialized for platform CUDA (this does not guarantee that XLA will be used). Devices:
2021-07-02 04:27:40.605616: I tensorflow/compiler/xla/service/service.cc:176]   StreamExecutor device (0): NVIDIA TITAN X (Pascal), Compute Capability 6.1
2021-07-02 04:27:40.608257: I tensorflow/core/common_runtime/gpu/gpu_device.cc:1716] Found device 0 with properties: 
pciBusID: 0000:83:00.0 name: NVIDIA TITAN X (Pascal) computeCapability: 6.1
coreClock: 1.531GHz coreCount: 28 deviceMemorySize: 11.91GiB deviceMemoryBandwidth: 447.48GiB/s
2021-07-02 04:27:40.608325: I tensorflow/stream_executor/platform/default/dso_loader.cc:48] Successfully opened dynamic library libcudart.so.10.1
2021-07-02 04:27:40.608365: I tensorflow/stream_executor/platform/default/dso_loader.cc:48] Successfully opened dynamic library libcublas.so.10
2021-07-02 04:27:40.608383: I tensorflow/stream_executor/platform/default/dso_loader.cc:48] Successfully opened dynamic library libcufft.so.10
2021-07-02 04:27:40.608401: I tensorflow/stream_executor/platform/default/dso_loader.cc:48] Successfully opened dynamic library libcurand.so.10
2021-07-02 04:27:40.608417: I tensorflow/stream_executor/platform/default/dso_loader.cc:48] Successfully opened dynamic library libcusolver.so.10
2021-07-02 04:27:40.608448: I tensorflow/stream_executor/platform/default/dso_loader.cc:48] Successfully opened dynamic library libcusparse.so.10
2021-07-02 04:27:40.609425: I tensorflow/stream_executor/platform/default/dso_loader.cc:48] Successfully opened dynamic library libcudnn.so.7
2021-07-02 04:27:40.611098: I tensorflow/core/common_runtime/gpu/gpu_device.cc:1858] Adding visible gpu devices: 0
2021-07-02 04:27:40.612924: I tensorflow/stream_executor/platform/default/dso_loader.cc:48] Successfully opened dynamic library libcudart.so.10.1
2021-07-02 04:27:42.450339: I tensorflow/core/common_runtime/gpu/gpu_device.cc:1257] Device interconnect StreamExecutor with strength 1 edge matrix:
2021-07-02 04:27:42.450419: I tensorflow/core/common_runtime/gpu/gpu_device.cc:1263]      0 
2021-07-02 04:27:42.450435: I tensorflow/core/common_runtime/gpu/gpu_device.cc:1276] 0:   N 
2021-07-02 04:27:42.456624: I tensorflow/core/common_runtime/gpu/gpu_device.cc:1402] Created TensorFlow device (/job:localhost/replica:0/task:0/device:GPU:0 with 11228 MB memory) -> physical GPU (device: 0, name: NVIDIA TITAN X (Pascal), pci bus id: 0000:83:00.0, compute capability: 6.1)
2021-07-02 04:27:48.464097: I tensorflow/stream_executor/platform/default/dso_loader.cc:48] Successfully opened dynamic library libcudnn.so.7
2021-07-02 04:27:51.045208: I tensorflow/stream_executor/platform/default/dso_loader.cc:48] Successfully opened dynamic library libcublas.so.10
Using model index: 41
Making train data...
GCN...
ZCA...
Done!
Making test data...
Done!
Epoch 1/350


Snapshot weight 1 shuffle 4 at epoch 1
Layer 11
Getting activations...


391/391 - 25s - loss: 2.3111 - accuracy: 0.1103 - val_loss: 2.2546 - val_accuracy: 0.0963
Epoch 2/350


Snapshot weight 1 shuffle 4 at epoch 2
Layer 11
Getting activations...


391/391 - 24s - loss: 2.2489 - accuracy: 0.1107 - val_loss: 2.2338 - val_accuracy: 0.1127
Epoch 3/350


Snapshot weight 1 shuffle 4 at epoch 3
Layer 11
Getting activations...


391/391 - 25s - loss: 2.2314 - accuracy: 0.1108 - val_loss: 2.2087 - val_accuracy: 0.1125
Epoch 4/350


Snapshot weight 1 shuffle 4 at epoch 4
Layer 11
Getting activations...


391/391 - 25s - loss: 2.2185 - accuracy: 0.1165 - val_loss: 2.2173 - val_accuracy: 0.1169
Epoch 5/350


Snapshot weight 1 shuffle 4 at epoch 5
Layer 11
Getting activations...


391/391 - 25s - loss: 2.2109 - accuracy: 0.1225 - val_loss: 2.1883 - val_accuracy: 0.1271
Epoch 6/350


Snapshot weight 1 shuffle 4 at epoch 6
Layer 11
Getting activations...


391/391 - 25s - loss: 2.1945 - accuracy: 0.1309 - val_loss: 2.1628 - val_accuracy: 0.1369
Epoch 7/350


Snapshot weight 1 shuffle 4 at epoch 7
Layer 11
Getting activations...


391/391 - 25s - loss: 2.1810 - accuracy: 0.1382 - val_loss: 2.1622 - val_accuracy: 0.1384
Epoch 8/350


Snapshot weight 1 shuffle 4 at epoch 8
Layer 11
Getting activations...


391/391 - 25s - loss: 2.1681 - accuracy: 0.1447 - val_loss: 2.1571 - val_accuracy: 0.1465
Epoch 9/350


Snapshot weight 1 shuffle 4 at epoch 9
Layer 11
Getting activations...


391/391 - 25s - loss: 2.1515 - accuracy: 0.1509 - val_loss: 2.1352 - val_accuracy: 0.1552
Epoch 10/350


Snapshot weight 1 shuffle 4 at epoch 10
Layer 11
Getting activations...


391/391 - 25s - loss: 2.1399 - accuracy: 0.1602 - val_loss: 2.1267 - val_accuracy: 0.1539
Epoch 11/350
391/391 - 25s - loss: 2.1064 - accuracy: 0.1990 - val_loss: 2.0485 - val_accuracy: 0.2156
Epoch 12/350
391/391 - 25s - loss: 2.0627 - accuracy: 0.2268 - val_loss: 2.0590 - val_accuracy: 0.2191
Epoch 13/350
391/391 - 25s - loss: 2.0402 - accuracy: 0.2304 - val_loss: 1.9885 - val_accuracy: 0.2360
Epoch 14/350
391/391 - 25s - loss: 1.9879 - accuracy: 0.2393 - val_loss: 1.8823 - val_accuracy: 0.2716
Epoch 15/350
391/391 - 25s - loss: 1.8698 - accuracy: 0.2990 - val_loss: 1.7816 - val_accuracy: 0.3915
Epoch 16/350
391/391 - 25s - loss: 1.7723 - accuracy: 0.3891 - val_loss: 1.7578 - val_accuracy: 0.3888
Epoch 17/350
391/391 - 25s - loss: 1.6727 - accuracy: 0.4390 - val_loss: 1.5329 - val_accuracy: 0.5053
Epoch 18/350
391/391 - 25s - loss: 1.4950 - accuracy: 0.5217 - val_loss: 1.3479 - val_accuracy: 0.5624
Epoch 19/350
391/391 - 25s - loss: 1.3153 - accuracy: 0.5693 - val_loss: 1.2882 - val_accuracy: 0.5845
Epoch 20/350
391/391 - 25s - loss: 1.2406 - accuracy: 0.5947 - val_loss: 1.1461 - val_accuracy: 0.6294
Epoch 21/350
391/391 - 25s - loss: 1.1879 - accuracy: 0.6144 - val_loss: 1.1081 - val_accuracy: 0.6494
Epoch 22/350
391/391 - 25s - loss: 1.1441 - accuracy: 0.6331 - val_loss: 1.0944 - val_accuracy: 0.6525
Epoch 23/350
391/391 - 25s - loss: 1.1027 - accuracy: 0.6470 - val_loss: 1.1815 - val_accuracy: 0.6537
Epoch 24/350
391/391 - 25s - loss: 0.9371 - accuracy: 0.6824 - val_loss: 0.9199 - val_accuracy: 0.6938
Epoch 25/350
391/391 - 25s - loss: 0.8754 - accuracy: 0.7055 - val_loss: 0.9434 - val_accuracy: 0.6922
Epoch 26/350
391/391 - 25s - loss: 0.8417 - accuracy: 0.7145 - val_loss: 0.7584 - val_accuracy: 0.7425
Epoch 27/350
391/391 - 25s - loss: 0.7997 - accuracy: 0.7306 - val_loss: 0.7289 - val_accuracy: 0.7608
Epoch 28/350
391/391 - 25s - loss: 0.7707 - accuracy: 0.7395 - val_loss: 0.7144 - val_accuracy: 0.7610
Epoch 29/350
391/391 - 25s - loss: 0.7434 - accuracy: 0.7524 - val_loss: 0.6736 - val_accuracy: 0.7780
Epoch 30/350
391/391 - 25s - loss: 0.7265 - accuracy: 0.7553 - val_loss: 0.6624 - val_accuracy: 0.7761
Epoch 31/350
391/391 - 25s - loss: 0.6927 - accuracy: 0.7695 - val_loss: 0.6624 - val_accuracy: 0.7806
Epoch 32/350
391/391 - 25s - loss: 0.6745 - accuracy: 0.7746 - val_loss: 0.6451 - val_accuracy: 0.7923
Epoch 33/350
391/391 - 25s - loss: 0.6589 - accuracy: 0.7804 - val_loss: 0.7148 - val_accuracy: 0.7786
Epoch 34/350
391/391 - 25s - loss: 0.6424 - accuracy: 0.7875 - val_loss: 0.6074 - val_accuracy: 0.7972
Epoch 35/350
391/391 - 25s - loss: 0.6185 - accuracy: 0.7947 - val_loss: 0.5921 - val_accuracy: 0.8070
Epoch 36/350
391/391 - 25s - loss: 0.6040 - accuracy: 0.8013 - val_loss: 0.5556 - val_accuracy: 0.8177
Epoch 37/350
391/391 - 25s - loss: 0.5973 - accuracy: 0.8022 - val_loss: 0.5985 - val_accuracy: 0.8057
Epoch 38/350
391/391 - 25s - loss: 0.5764 - accuracy: 0.8088 - val_loss: 0.6113 - val_accuracy: 0.8025
Epoch 39/350
391/391 - 25s - loss: 0.5694 - accuracy: 0.8129 - val_loss: 0.5638 - val_accuracy: 0.8187
Epoch 40/350
391/391 - 25s - loss: 0.5524 - accuracy: 0.8193 - val_loss: 0.5671 - val_accuracy: 0.8198
Epoch 41/350
391/391 - 25s - loss: 0.5443 - accuracy: 0.8214 - val_loss: 0.5321 - val_accuracy: 0.8314
Epoch 42/350
391/391 - 25s - loss: 0.5384 - accuracy: 0.8241 - val_loss: 0.5497 - val_accuracy: 0.8269
Epoch 43/350
391/391 - 25s - loss: 0.5252 - accuracy: 0.8278 - val_loss: 0.5152 - val_accuracy: 0.8388
Epoch 44/350
391/391 - 25s - loss: 0.5140 - accuracy: 0.8322 - val_loss: 0.4907 - val_accuracy: 0.8446
Epoch 45/350
391/391 - 25s - loss: 0.5030 - accuracy: 0.8369 - val_loss: 0.5414 - val_accuracy: 0.8283
Epoch 46/350
391/391 - 25s - loss: 0.5045 - accuracy: 0.8341 - val_loss: 0.5463 - val_accuracy: 0.8267
Epoch 47/350
391/391 - 25s - loss: 0.4940 - accuracy: 0.8388 - val_loss: 0.4930 - val_accuracy: 0.8434
Epoch 48/350
391/391 - 25s - loss: 0.4837 - accuracy: 0.8430 - val_loss: 0.4633 - val_accuracy: 0.8548
Epoch 49/350
391/391 - 25s - loss: 0.4837 - accuracy: 0.8417 - val_loss: 0.5075 - val_accuracy: 0.8368
Epoch 50/350


Snapshot weight 1 shuffle 4 at epoch 50
Layer 11
Getting activations...


391/391 - 25s - loss: 0.4624 - accuracy: 0.8504 - val_loss: 0.4600 - val_accuracy: 0.8560
Epoch 51/350
391/391 - 25s - loss: 0.4624 - accuracy: 0.8508 - val_loss: 0.4526 - val_accuracy: 0.8569
Epoch 52/350
391/391 - 25s - loss: 0.4569 - accuracy: 0.8516 - val_loss: 0.5039 - val_accuracy: 0.8472
Epoch 53/350
391/391 - 25s - loss: 0.4506 - accuracy: 0.8555 - val_loss: 0.5122 - val_accuracy: 0.8400
Epoch 54/350
391/391 - 25s - loss: 0.4385 - accuracy: 0.8582 - val_loss: 0.4656 - val_accuracy: 0.8574
Epoch 55/350
391/391 - 25s - loss: 0.4371 - accuracy: 0.8588 - val_loss: 0.4527 - val_accuracy: 0.8619
Epoch 56/350
391/391 - 25s - loss: 0.4216 - accuracy: 0.8641 - val_loss: 0.4741 - val_accuracy: 0.8587
Epoch 57/350
391/391 - 25s - loss: 0.4186 - accuracy: 0.8646 - val_loss: 0.4467 - val_accuracy: 0.8652
Epoch 58/350
391/391 - 25s - loss: 0.4158 - accuracy: 0.8660 - val_loss: 0.4530 - val_accuracy: 0.8572
Epoch 59/350
391/391 - 25s - loss: 0.4118 - accuracy: 0.8679 - val_loss: 0.4926 - val_accuracy: 0.8499
Epoch 60/350
391/391 - 25s - loss: 0.4086 - accuracy: 0.8689 - val_loss: 0.4772 - val_accuracy: 0.8551
Epoch 61/350
391/391 - 25s - loss: 0.4053 - accuracy: 0.8710 - val_loss: 0.4654 - val_accuracy: 0.8576
Epoch 62/350
391/391 - 25s - loss: 0.4005 - accuracy: 0.8722 - val_loss: 0.4186 - val_accuracy: 0.8725
Epoch 63/350
391/391 - 25s - loss: 0.3894 - accuracy: 0.8767 - val_loss: 0.4326 - val_accuracy: 0.8698
Epoch 64/350
391/391 - 25s - loss: 0.3871 - accuracy: 0.8757 - val_loss: 0.4313 - val_accuracy: 0.8715
Epoch 65/350
391/391 - 25s - loss: 0.3790 - accuracy: 0.8794 - val_loss: 0.4453 - val_accuracy: 0.8643
Epoch 66/350
391/391 - 25s - loss: 0.3829 - accuracy: 0.8772 - val_loss: 0.4377 - val_accuracy: 0.8684
Epoch 67/350
391/391 - 25s - loss: 0.3760 - accuracy: 0.8793 - val_loss: 0.4284 - val_accuracy: 0.8754
Epoch 68/350
391/391 - 25s - loss: 0.3691 - accuracy: 0.8825 - val_loss: 0.4459 - val_accuracy: 0.8629
Epoch 69/350
391/391 - 25s - loss: 0.3682 - accuracy: 0.8825 - val_loss: 0.4477 - val_accuracy: 0.8654
Epoch 70/350
391/391 - 25s - loss: 0.3577 - accuracy: 0.8864 - val_loss: 0.4276 - val_accuracy: 0.8733
Epoch 71/350
391/391 - 25s - loss: 0.3537 - accuracy: 0.8872 - val_loss: 0.4536 - val_accuracy: 0.8676
Epoch 72/350
391/391 - 25s - loss: 0.3571 - accuracy: 0.8871 - val_loss: 0.4212 - val_accuracy: 0.8755
Epoch 73/350
391/391 - 25s - loss: 0.3553 - accuracy: 0.8872 - val_loss: 0.4493 - val_accuracy: 0.8690
Epoch 74/350
391/391 - 25s - loss: 0.3528 - accuracy: 0.8892 - val_loss: 0.4161 - val_accuracy: 0.8798
Epoch 75/350
391/391 - 25s - loss: 0.3413 - accuracy: 0.8924 - val_loss: 0.4437 - val_accuracy: 0.8683
Epoch 76/350
391/391 - 25s - loss: 0.3446 - accuracy: 0.8920 - val_loss: 0.4276 - val_accuracy: 0.8736
Epoch 77/350
391/391 - 25s - loss: 0.3367 - accuracy: 0.8929 - val_loss: 0.4062 - val_accuracy: 0.8830
Epoch 78/350
391/391 - 25s - loss: 0.3339 - accuracy: 0.8951 - val_loss: 0.4191 - val_accuracy: 0.8774
Epoch 79/350
391/391 - 25s - loss: 0.3289 - accuracy: 0.8980 - val_loss: 0.4090 - val_accuracy: 0.8806
Epoch 80/350
391/391 - 25s - loss: 0.3304 - accuracy: 0.8956 - val_loss: 0.4386 - val_accuracy: 0.8763
Epoch 81/350
391/391 - 25s - loss: 0.3241 - accuracy: 0.8984 - val_loss: 0.4187 - val_accuracy: 0.8780
Epoch 82/350
391/391 - 25s - loss: 0.3259 - accuracy: 0.8971 - val_loss: 0.4129 - val_accuracy: 0.8804
Epoch 83/350
391/391 - 25s - loss: 0.3161 - accuracy: 0.9015 - val_loss: 0.3961 - val_accuracy: 0.8841
Epoch 84/350
391/391 - 25s - loss: 0.3173 - accuracy: 0.8995 - val_loss: 0.4128 - val_accuracy: 0.8788
Epoch 85/350
391/391 - 25s - loss: 0.3155 - accuracy: 0.9013 - val_loss: 0.4123 - val_accuracy: 0.8825
Epoch 86/350
391/391 - 25s - loss: 0.3091 - accuracy: 0.9042 - val_loss: 0.4003 - val_accuracy: 0.8814
Epoch 87/350
391/391 - 25s - loss: 0.3100 - accuracy: 0.9032 - val_loss: 0.4579 - val_accuracy: 0.8715
Epoch 88/350
391/391 - 25s - loss: 0.3022 - accuracy: 0.9059 - val_loss: 0.4169 - val_accuracy: 0.8807
Epoch 89/350
391/391 - 25s - loss: 0.3024 - accuracy: 0.9076 - val_loss: 0.4085 - val_accuracy: 0.8851
Epoch 90/350
391/391 - 25s - loss: 0.2957 - accuracy: 0.9088 - val_loss: 0.4529 - val_accuracy: 0.8727
Epoch 91/350
391/391 - 25s - loss: 0.2993 - accuracy: 0.9079 - val_loss: 0.4180 - val_accuracy: 0.8755
Epoch 92/350
391/391 - 25s - loss: 0.2968 - accuracy: 0.9071 - val_loss: 0.3984 - val_accuracy: 0.8871
Epoch 93/350
391/391 - 25s - loss: 0.2951 - accuracy: 0.9091 - val_loss: 0.4130 - val_accuracy: 0.8826
Epoch 94/350
391/391 - 25s - loss: 0.2887 - accuracy: 0.9112 - val_loss: 0.4086 - val_accuracy: 0.8852
Epoch 95/350
391/391 - 25s - loss: 0.2873 - accuracy: 0.9112 - val_loss: 0.4381 - val_accuracy: 0.8813
Epoch 96/350
391/391 - 25s - loss: 0.2862 - accuracy: 0.9116 - val_loss: 0.4401 - val_accuracy: 0.8796
Epoch 97/350
391/391 - 25s - loss: 0.2810 - accuracy: 0.9148 - val_loss: 0.4306 - val_accuracy: 0.8795
Epoch 98/350
391/391 - 25s - loss: 0.2798 - accuracy: 0.9137 - val_loss: 0.4119 - val_accuracy: 0.8902
Epoch 99/350
391/391 - 25s - loss: 0.2763 - accuracy: 0.9154 - val_loss: 0.4454 - val_accuracy: 0.8767
Epoch 100/350


Snapshot weight 1 shuffle 4 at epoch 100
Layer 11
Getting activations...


391/391 - 25s - loss: 0.2768 - accuracy: 0.9147 - val_loss: 0.3815 - val_accuracy: 0.8939
Epoch 101/350
391/391 - 25s - loss: 0.2707 - accuracy: 0.9164 - val_loss: 0.4229 - val_accuracy: 0.8871
Epoch 102/350
391/391 - 25s - loss: 0.2798 - accuracy: 0.9141 - val_loss: 0.4139 - val_accuracy: 0.8859
Epoch 103/350
391/391 - 25s - loss: 0.2681 - accuracy: 0.9178 - val_loss: 0.4104 - val_accuracy: 0.8887
Epoch 104/350
391/391 - 25s - loss: 0.2643 - accuracy: 0.9198 - val_loss: 0.4294 - val_accuracy: 0.8850
Epoch 105/350
391/391 - 25s - loss: 0.2669 - accuracy: 0.9177 - val_loss: 0.4240 - val_accuracy: 0.8873
Epoch 106/350
391/391 - 25s - loss: 0.2681 - accuracy: 0.9187 - val_loss: 0.3930 - val_accuracy: 0.8910
Epoch 107/350
391/391 - 25s - loss: 0.2605 - accuracy: 0.9212 - val_loss: 0.4171 - val_accuracy: 0.8848
Epoch 108/350
391/391 - 25s - loss: 0.2617 - accuracy: 0.9209 - val_loss: 0.3975 - val_accuracy: 0.8879
Epoch 109/350
391/391 - 25s - loss: 0.2581 - accuracy: 0.9222 - val_loss: 0.4101 - val_accuracy: 0.8867
Epoch 110/350
391/391 - 25s - loss: 0.2569 - accuracy: 0.9228 - val_loss: 0.4153 - val_accuracy: 0.8870
Epoch 111/350
391/391 - 25s - loss: 0.2554 - accuracy: 0.9232 - val_loss: 0.4130 - val_accuracy: 0.8863
Epoch 112/350
391/391 - 25s - loss: 0.2557 - accuracy: 0.9231 - val_loss: 0.4187 - val_accuracy: 0.8855
Epoch 113/350
391/391 - 25s - loss: 0.2522 - accuracy: 0.9242 - val_loss: 0.4085 - val_accuracy: 0.8922
Epoch 114/350
391/391 - 25s - loss: 0.2477 - accuracy: 0.9263 - val_loss: 0.4542 - val_accuracy: 0.8864
Epoch 115/350
391/391 - 25s - loss: 0.2487 - accuracy: 0.9255 - val_loss: 0.4197 - val_accuracy: 0.8854
Epoch 116/350
391/391 - 25s - loss: 0.2447 - accuracy: 0.9262 - val_loss: 0.4335 - val_accuracy: 0.8852
Epoch 117/350
391/391 - 25s - loss: 0.2446 - accuracy: 0.9267 - val_loss: 0.4228 - val_accuracy: 0.8896
Epoch 118/350
391/391 - 25s - loss: 0.2459 - accuracy: 0.9262 - val_loss: 0.3980 - val_accuracy: 0.8941
Epoch 119/350
391/391 - 25s - loss: 0.2404 - accuracy: 0.9279 - val_loss: 0.4417 - val_accuracy: 0.8846
Epoch 120/350
391/391 - 25s - loss: 0.2418 - accuracy: 0.9271 - val_loss: 0.4321 - val_accuracy: 0.8869
Epoch 121/350
391/391 - 25s - loss: 0.2375 - accuracy: 0.9302 - val_loss: 0.4278 - val_accuracy: 0.8857
Epoch 122/350
391/391 - 25s - loss: 0.2321 - accuracy: 0.9312 - val_loss: 0.4247 - val_accuracy: 0.8932
Epoch 123/350
391/391 - 25s - loss: 0.2343 - accuracy: 0.9303 - val_loss: 0.3928 - val_accuracy: 0.8930
Epoch 124/350
391/391 - 25s - loss: 0.2308 - accuracy: 0.9323 - val_loss: 0.3833 - val_accuracy: 0.8934
Epoch 125/350
391/391 - 25s - loss: 0.2280 - accuracy: 0.9331 - val_loss: 0.4316 - val_accuracy: 0.8918
Epoch 126/350
391/391 - 25s - loss: 0.2340 - accuracy: 0.9307 - val_loss: 0.4286 - val_accuracy: 0.8926
Epoch 127/350
391/391 - 25s - loss: 0.2321 - accuracy: 0.9315 - val_loss: 0.4065 - val_accuracy: 0.8938
Epoch 128/350
391/391 - 25s - loss: 0.2286 - accuracy: 0.9333 - val_loss: 0.3942 - val_accuracy: 0.8954
Epoch 129/350
391/391 - 25s - loss: 0.2240 - accuracy: 0.9349 - val_loss: 0.4349 - val_accuracy: 0.8913
Epoch 130/350
391/391 - 25s - loss: 0.2277 - accuracy: 0.9325 - val_loss: 0.4299 - val_accuracy: 0.8883
Epoch 131/350
391/391 - 25s - loss: 0.2244 - accuracy: 0.9332 - val_loss: 0.4148 - val_accuracy: 0.8911
Epoch 132/350
391/391 - 25s - loss: 0.2218 - accuracy: 0.9356 - val_loss: 0.4596 - val_accuracy: 0.8832
Epoch 133/350
391/391 - 25s - loss: 0.2155 - accuracy: 0.9370 - val_loss: 0.4331 - val_accuracy: 0.8928
Epoch 134/350
391/391 - 25s - loss: 0.2225 - accuracy: 0.9341 - val_loss: 0.4042 - val_accuracy: 0.8975
Epoch 135/350
391/391 - 25s - loss: 0.2211 - accuracy: 0.9361 - val_loss: 0.4186 - val_accuracy: 0.8949
Epoch 136/350
391/391 - 25s - loss: 0.2194 - accuracy: 0.9365 - val_loss: 0.4011 - val_accuracy: 0.8984
Epoch 137/350
391/391 - 25s - loss: 0.2195 - accuracy: 0.9354 - val_loss: 0.4155 - val_accuracy: 0.8949
Epoch 138/350
391/391 - 25s - loss: 0.2200 - accuracy: 0.9365 - val_loss: 0.4383 - val_accuracy: 0.8891
Epoch 139/350
391/391 - 25s - loss: 0.2177 - accuracy: 0.9370 - val_loss: 0.4266 - val_accuracy: 0.8923
Epoch 140/350
391/391 - 25s - loss: 0.2156 - accuracy: 0.9379 - val_loss: 0.4161 - val_accuracy: 0.8924
Epoch 141/350
391/391 - 25s - loss: 0.2099 - accuracy: 0.9415 - val_loss: 0.4262 - val_accuracy: 0.8905
Epoch 142/350
391/391 - 25s - loss: 0.2147 - accuracy: 0.9379 - val_loss: 0.4344 - val_accuracy: 0.8913
Epoch 143/350
391/391 - 25s - loss: 0.2106 - accuracy: 0.9411 - val_loss: 0.4336 - val_accuracy: 0.8911
Epoch 144/350
391/391 - 25s - loss: 0.2112 - accuracy: 0.9388 - val_loss: 0.4378 - val_accuracy: 0.8911
Epoch 145/350
391/391 - 25s - loss: 0.2121 - accuracy: 0.9388 - val_loss: 0.4097 - val_accuracy: 0.8977
Epoch 146/350
391/391 - 25s - loss: 0.2058 - accuracy: 0.9420 - val_loss: 0.4198 - val_accuracy: 0.8955
Epoch 147/350
391/391 - 25s - loss: 0.2045 - accuracy: 0.9428 - val_loss: 0.4381 - val_accuracy: 0.8927
Epoch 148/350
391/391 - 25s - loss: 0.2028 - accuracy: 0.9428 - val_loss: 0.4446 - val_accuracy: 0.8915
Epoch 149/350
391/391 - 25s - loss: 0.2039 - accuracy: 0.9435 - val_loss: 0.4179 - val_accuracy: 0.8945
Epoch 150/350


Snapshot weight 1 shuffle 4 at epoch 150
Layer 11
Getting activations...


391/391 - 25s - loss: 0.2090 - accuracy: 0.9397 - val_loss: 0.4459 - val_accuracy: 0.8930
Epoch 151/350
391/391 - 25s - loss: 0.2052 - accuracy: 0.9417 - val_loss: 0.4317 - val_accuracy: 0.8938
Epoch 152/350
391/391 - 25s - loss: 0.1986 - accuracy: 0.9440 - val_loss: 0.4417 - val_accuracy: 0.8944
Epoch 153/350
391/391 - 25s - loss: 0.2036 - accuracy: 0.9432 - val_loss: 0.4050 - val_accuracy: 0.8949
Epoch 154/350
391/391 - 25s - loss: 0.1962 - accuracy: 0.9457 - val_loss: 0.4571 - val_accuracy: 0.8955
Epoch 155/350
391/391 - 25s - loss: 0.2015 - accuracy: 0.9435 - val_loss: 0.4467 - val_accuracy: 0.8914
Epoch 156/350
391/391 - 25s - loss: 0.1954 - accuracy: 0.9454 - val_loss: 0.4411 - val_accuracy: 0.8929
Epoch 157/350
391/391 - 25s - loss: 0.1956 - accuracy: 0.9458 - val_loss: 0.4448 - val_accuracy: 0.8915
Epoch 158/350
391/391 - 25s - loss: 0.1979 - accuracy: 0.9443 - val_loss: 0.4257 - val_accuracy: 0.8949
Epoch 159/350
391/391 - 25s - loss: 0.1935 - accuracy: 0.9455 - val_loss: 0.4388 - val_accuracy: 0.8955
Epoch 160/350
391/391 - 25s - loss: 0.1916 - accuracy: 0.9472 - val_loss: 0.4254 - val_accuracy: 0.8950
Epoch 161/350
391/391 - 25s - loss: 0.1918 - accuracy: 0.9471 - val_loss: 0.4177 - val_accuracy: 0.8966
Epoch 162/350
391/391 - 25s - loss: 0.1964 - accuracy: 0.9442 - val_loss: 0.4317 - val_accuracy: 0.8973
Epoch 163/350
391/391 - 25s - loss: 0.1927 - accuracy: 0.9471 - val_loss: 0.4486 - val_accuracy: 0.8928
Epoch 164/350
391/391 - 25s - loss: 0.1917 - accuracy: 0.9469 - val_loss: 0.4273 - val_accuracy: 0.8998
Epoch 165/350
391/391 - 25s - loss: 0.1932 - accuracy: 0.9450 - val_loss: 0.4395 - val_accuracy: 0.8946
Epoch 166/350
391/391 - 25s - loss: 0.1874 - accuracy: 0.9477 - val_loss: 0.4625 - val_accuracy: 0.8962
Epoch 167/350
391/391 - 25s - loss: 0.1906 - accuracy: 0.9474 - val_loss: 0.4506 - val_accuracy: 0.8908
Epoch 168/350
391/391 - 25s - loss: 0.1818 - accuracy: 0.9511 - val_loss: 0.4163 - val_accuracy: 0.9027
Epoch 169/350
391/391 - 25s - loss: 0.1874 - accuracy: 0.9489 - val_loss: 0.4547 - val_accuracy: 0.8994
Epoch 170/350
391/391 - 25s - loss: 0.1878 - accuracy: 0.9487 - val_loss: 0.4404 - val_accuracy: 0.8931
Epoch 171/350
391/391 - 25s - loss: 0.1821 - accuracy: 0.9508 - val_loss: 0.4436 - val_accuracy: 0.8962
Epoch 172/350
391/391 - 25s - loss: 0.1862 - accuracy: 0.9495 - val_loss: 0.4324 - val_accuracy: 0.9003
Epoch 173/350
391/391 - 25s - loss: 0.1840 - accuracy: 0.9498 - val_loss: 0.4290 - val_accuracy: 0.9001
Epoch 174/350
391/391 - 25s - loss: 0.1813 - accuracy: 0.9511 - val_loss: 0.4146 - val_accuracy: 0.8994
Epoch 175/350
391/391 - 25s - loss: 0.1821 - accuracy: 0.9514 - val_loss: 0.4664 - val_accuracy: 0.8992
Epoch 176/350
391/391 - 25s - loss: 0.1789 - accuracy: 0.9514 - val_loss: 0.4359 - val_accuracy: 0.8984
Epoch 177/350
391/391 - 25s - loss: 0.1788 - accuracy: 0.9519 - val_loss: 0.4250 - val_accuracy: 0.9017
Epoch 178/350
391/391 - 25s - loss: 0.1857 - accuracy: 0.9497 - val_loss: 0.4285 - val_accuracy: 0.8970
Epoch 179/350
391/391 - 25s - loss: 0.1787 - accuracy: 0.9522 - val_loss: 0.4516 - val_accuracy: 0.8976
Epoch 180/350
391/391 - 25s - loss: 0.1764 - accuracy: 0.9519 - val_loss: 0.4285 - val_accuracy: 0.8973
Epoch 181/350
391/391 - 25s - loss: 0.1815 - accuracy: 0.9515 - val_loss: 0.4512 - val_accuracy: 0.8981
Epoch 182/350
391/391 - 25s - loss: 0.1777 - accuracy: 0.9529 - val_loss: 0.4468 - val_accuracy: 0.8999
Epoch 183/350
391/391 - 25s - loss: 0.1769 - accuracy: 0.9529 - val_loss: 0.4094 - val_accuracy: 0.9036
Epoch 184/350
391/391 - 25s - loss: 0.1742 - accuracy: 0.9529 - val_loss: 0.4324 - val_accuracy: 0.9006
Epoch 185/350
391/391 - 25s - loss: 0.1752 - accuracy: 0.9540 - val_loss: 0.4571 - val_accuracy: 0.8934
Epoch 186/350
391/391 - 25s - loss: 0.1739 - accuracy: 0.9554 - val_loss: 0.4275 - val_accuracy: 0.9013
Epoch 187/350
391/391 - 25s - loss: 0.1742 - accuracy: 0.9541 - val_loss: 0.4358 - val_accuracy: 0.9002
Epoch 188/350
391/391 - 25s - loss: 0.1718 - accuracy: 0.9542 - val_loss: 0.4296 - val_accuracy: 0.8999
Epoch 189/350
391/391 - 25s - loss: 0.1717 - accuracy: 0.9555 - val_loss: 0.4506 - val_accuracy: 0.9019
Epoch 190/350
391/391 - 25s - loss: 0.1752 - accuracy: 0.9535 - val_loss: 0.4474 - val_accuracy: 0.9007
Epoch 191/350
391/391 - 25s - loss: 0.1734 - accuracy: 0.9541 - val_loss: 0.4991 - val_accuracy: 0.8923
Epoch 192/350
391/391 - 25s - loss: 0.1722 - accuracy: 0.9539 - val_loss: 0.4256 - val_accuracy: 0.9031
Epoch 193/350
391/391 - 25s - loss: 0.1667 - accuracy: 0.9573 - val_loss: 0.4609 - val_accuracy: 0.9037
Epoch 194/350
391/391 - 25s - loss: 0.1709 - accuracy: 0.9551 - val_loss: 0.4675 - val_accuracy: 0.8958
Epoch 195/350
391/391 - 25s - loss: 0.1738 - accuracy: 0.9541 - val_loss: 0.4537 - val_accuracy: 0.8978
Epoch 196/350
391/391 - 25s - loss: 0.1686 - accuracy: 0.9564 - val_loss: 0.4546 - val_accuracy: 0.8962
Epoch 197/350
391/391 - 25s - loss: 0.1677 - accuracy: 0.9566 - val_loss: 0.5087 - val_accuracy: 0.8899
Epoch 198/350
391/391 - 25s - loss: 0.1754 - accuracy: 0.9544 - val_loss: 0.4367 - val_accuracy: 0.9047
Epoch 199/350
391/391 - 25s - loss: 0.1666 - accuracy: 0.9569 - val_loss: 0.4694 - val_accuracy: 0.8963
Epoch 200/350


Snapshot weight 1 shuffle 4 at epoch 200
Layer 11
Getting activations...


391/391 - 25s - loss: 0.1634 - accuracy: 0.9586 - val_loss: 0.4588 - val_accuracy: 0.8962
Epoch 201/350
391/391 - 25s - loss: 0.1460 - accuracy: 0.9640 - val_loss: 0.4239 - val_accuracy: 0.9062
Epoch 202/350
391/391 - 25s - loss: 0.1282 - accuracy: 0.9705 - val_loss: 0.4298 - val_accuracy: 0.9059
Epoch 203/350
391/391 - 25s - loss: 0.1280 - accuracy: 0.9703 - val_loss: 0.4429 - val_accuracy: 0.9073
Epoch 204/350
391/391 - 25s - loss: 0.1242 - accuracy: 0.9720 - val_loss: 0.4373 - val_accuracy: 0.9080
Epoch 205/350
391/391 - 25s - loss: 0.1242 - accuracy: 0.9722 - val_loss: 0.4367 - val_accuracy: 0.9074
Epoch 206/350
391/391 - 25s - loss: 0.1174 - accuracy: 0.9749 - val_loss: 0.4463 - val_accuracy: 0.9094
Epoch 207/350
391/391 - 25s - loss: 0.1177 - accuracy: 0.9746 - val_loss: 0.4451 - val_accuracy: 0.9086
Epoch 208/350
391/391 - 25s - loss: 0.1171 - accuracy: 0.9749 - val_loss: 0.4436 - val_accuracy: 0.9087
Epoch 209/350
391/391 - 25s - loss: 0.1177 - accuracy: 0.9747 - val_loss: 0.4442 - val_accuracy: 0.9097
Epoch 210/350
391/391 - 25s - loss: 0.1168 - accuracy: 0.9745 - val_loss: 0.4544 - val_accuracy: 0.9092
Epoch 211/350
391/391 - 25s - loss: 0.1151 - accuracy: 0.9748 - val_loss: 0.4464 - val_accuracy: 0.9109
Epoch 212/350
391/391 - 25s - loss: 0.1148 - accuracy: 0.9748 - val_loss: 0.4503 - val_accuracy: 0.9088
Epoch 213/350
391/391 - 25s - loss: 0.1146 - accuracy: 0.9755 - val_loss: 0.4520 - val_accuracy: 0.9095
Epoch 214/350
391/391 - 25s - loss: 0.1141 - accuracy: 0.9758 - val_loss: 0.4408 - val_accuracy: 0.9110
Epoch 215/350
391/391 - 25s - loss: 0.1132 - accuracy: 0.9756 - val_loss: 0.4438 - val_accuracy: 0.9100
Epoch 216/350
391/391 - 25s - loss: 0.1110 - accuracy: 0.9765 - val_loss: 0.4552 - val_accuracy: 0.9101
Epoch 217/350
391/391 - 25s - loss: 0.1126 - accuracy: 0.9761 - val_loss: 0.4625 - val_accuracy: 0.9087
Epoch 218/350
391/391 - 25s - loss: 0.1131 - accuracy: 0.9764 - val_loss: 0.4583 - val_accuracy: 0.9099
Epoch 219/350
391/391 - 25s - loss: 0.1127 - accuracy: 0.9759 - val_loss: 0.4563 - val_accuracy: 0.9091
Epoch 220/350
391/391 - 25s - loss: 0.1120 - accuracy: 0.9760 - val_loss: 0.4634 - val_accuracy: 0.9109
Epoch 221/350
391/391 - 25s - loss: 0.1132 - accuracy: 0.9760 - val_loss: 0.4445 - val_accuracy: 0.9098
Epoch 222/350
391/391 - 25s - loss: 0.1097 - accuracy: 0.9771 - val_loss: 0.4529 - val_accuracy: 0.9095
Epoch 223/350
391/391 - 25s - loss: 0.1102 - accuracy: 0.9770 - val_loss: 0.4579 - val_accuracy: 0.9107
Epoch 224/350
391/391 - 25s - loss: 0.1105 - accuracy: 0.9767 - val_loss: 0.4623 - val_accuracy: 0.9074
Epoch 225/350
391/391 - 25s - loss: 0.1106 - accuracy: 0.9771 - val_loss: 0.4626 - val_accuracy: 0.9100
Epoch 226/350
391/391 - 25s - loss: 0.1123 - accuracy: 0.9763 - val_loss: 0.4637 - val_accuracy: 0.9097
Epoch 227/350
391/391 - 25s - loss: 0.1095 - accuracy: 0.9768 - val_loss: 0.4653 - val_accuracy: 0.9090
Epoch 228/350
391/391 - 25s - loss: 0.1094 - accuracy: 0.9767 - val_loss: 0.4659 - val_accuracy: 0.9105
Epoch 229/350
391/391 - 25s - loss: 0.1092 - accuracy: 0.9773 - val_loss: 0.4610 - val_accuracy: 0.9109
Epoch 230/350
391/391 - 25s - loss: 0.1108 - accuracy: 0.9768 - val_loss: 0.4473 - val_accuracy: 0.9099
Epoch 231/350
391/391 - 25s - loss: 0.1085 - accuracy: 0.9768 - val_loss: 0.4638 - val_accuracy: 0.9106
Epoch 232/350
391/391 - 25s - loss: 0.1082 - accuracy: 0.9778 - val_loss: 0.4651 - val_accuracy: 0.9106
Epoch 233/350
391/391 - 25s - loss: 0.1099 - accuracy: 0.9768 - val_loss: 0.4594 - val_accuracy: 0.9115
Epoch 234/350
391/391 - 25s - loss: 0.1067 - accuracy: 0.9778 - val_loss: 0.4635 - val_accuracy: 0.9104
Epoch 235/350
391/391 - 25s - loss: 0.1086 - accuracy: 0.9778 - val_loss: 0.4707 - val_accuracy: 0.9104
Epoch 236/350
391/391 - 25s - loss: 0.1083 - accuracy: 0.9775 - val_loss: 0.4705 - val_accuracy: 0.9091
Epoch 237/350
391/391 - 25s - loss: 0.1083 - accuracy: 0.9774 - val_loss: 0.4674 - val_accuracy: 0.9095
Epoch 238/350
391/391 - 25s - loss: 0.1077 - accuracy: 0.9774 - val_loss: 0.4685 - val_accuracy: 0.9105
Epoch 239/350
391/391 - 25s - loss: 0.1077 - accuracy: 0.9780 - val_loss: 0.4813 - val_accuracy: 0.9093
Epoch 240/350
391/391 - 25s - loss: 0.1057 - accuracy: 0.9785 - val_loss: 0.4748 - val_accuracy: 0.9103
Epoch 241/350
391/391 - 25s - loss: 0.1078 - accuracy: 0.9784 - val_loss: 0.4637 - val_accuracy: 0.9109
Epoch 242/350
391/391 - 25s - loss: 0.1085 - accuracy: 0.9777 - val_loss: 0.4561 - val_accuracy: 0.9106
Epoch 243/350
391/391 - 25s - loss: 0.1058 - accuracy: 0.9788 - val_loss: 0.4704 - val_accuracy: 0.9087
Epoch 244/350
391/391 - 25s - loss: 0.1061 - accuracy: 0.9779 - val_loss: 0.4677 - val_accuracy: 0.9106
Epoch 245/350
391/391 - 25s - loss: 0.1061 - accuracy: 0.9779 - val_loss: 0.4635 - val_accuracy: 0.9093
Epoch 246/350
391/391 - 25s - loss: 0.1046 - accuracy: 0.9778 - val_loss: 0.4668 - val_accuracy: 0.9116
Epoch 247/350
391/391 - 25s - loss: 0.1067 - accuracy: 0.9783 - val_loss: 0.4627 - val_accuracy: 0.9108
Epoch 248/350
391/391 - 25s - loss: 0.1051 - accuracy: 0.9785 - val_loss: 0.4655 - val_accuracy: 0.9116
Epoch 249/350
391/391 - 25s - loss: 0.1056 - accuracy: 0.9783 - val_loss: 0.4619 - val_accuracy: 0.9117
Epoch 250/350


Snapshot weight 1 shuffle 4 at epoch 250
Layer 11
Getting activations...


391/391 - 25s - loss: 0.1041 - accuracy: 0.9791 - val_loss: 0.4718 - val_accuracy: 0.9119
Epoch 251/350
391/391 - 25s - loss: 0.1023 - accuracy: 0.9796 - val_loss: 0.4726 - val_accuracy: 0.9120
Epoch 252/350
391/391 - 25s - loss: 0.1036 - accuracy: 0.9786 - val_loss: 0.4716 - val_accuracy: 0.9115
Epoch 253/350
391/391 - 25s - loss: 0.1028 - accuracy: 0.9795 - val_loss: 0.4708 - val_accuracy: 0.9124
Epoch 254/350
391/391 - 25s - loss: 0.1024 - accuracy: 0.9798 - val_loss: 0.4702 - val_accuracy: 0.9122
Epoch 255/350
391/391 - 25s - loss: 0.1044 - accuracy: 0.9785 - val_loss: 0.4696 - val_accuracy: 0.9115
Epoch 256/350
391/391 - 25s - loss: 0.1017 - accuracy: 0.9794 - val_loss: 0.4688 - val_accuracy: 0.9119
Epoch 257/350
391/391 - 25s - loss: 0.1005 - accuracy: 0.9801 - val_loss: 0.4736 - val_accuracy: 0.9124
Epoch 258/350
391/391 - 25s - loss: 0.1020 - accuracy: 0.9802 - val_loss: 0.4712 - val_accuracy: 0.9122
Epoch 259/350
391/391 - 25s - loss: 0.1021 - accuracy: 0.9800 - val_loss: 0.4691 - val_accuracy: 0.9124
Epoch 260/350
391/391 - 25s - loss: 0.1017 - accuracy: 0.9800 - val_loss: 0.4716 - val_accuracy: 0.9120
Epoch 261/350
391/391 - 25s - loss: 0.1035 - accuracy: 0.9793 - val_loss: 0.4701 - val_accuracy: 0.9113
Epoch 262/350
391/391 - 25s - loss: 0.1001 - accuracy: 0.9802 - val_loss: 0.4710 - val_accuracy: 0.9112
Epoch 263/350
391/391 - 25s - loss: 0.1015 - accuracy: 0.9797 - val_loss: 0.4714 - val_accuracy: 0.9115
Epoch 264/350
391/391 - 25s - loss: 0.1014 - accuracy: 0.9793 - val_loss: 0.4705 - val_accuracy: 0.9116
Epoch 265/350
391/391 - 25s - loss: 0.1007 - accuracy: 0.9799 - val_loss: 0.4725 - val_accuracy: 0.9115
Epoch 266/350
391/391 - 25s - loss: 0.0994 - accuracy: 0.9807 - val_loss: 0.4737 - val_accuracy: 0.9124
Epoch 267/350
391/391 - 25s - loss: 0.1036 - accuracy: 0.9793 - val_loss: 0.4728 - val_accuracy: 0.9124
Epoch 268/350
391/391 - 25s - loss: 0.0998 - accuracy: 0.9805 - val_loss: 0.4719 - val_accuracy: 0.9115
Epoch 269/350
391/391 - 25s - loss: 0.1004 - accuracy: 0.9805 - val_loss: 0.4744 - val_accuracy: 0.9113
Epoch 270/350
391/391 - 25s - loss: 0.0991 - accuracy: 0.9808 - val_loss: 0.4719 - val_accuracy: 0.9113
Epoch 271/350
391/391 - 25s - loss: 0.1004 - accuracy: 0.9806 - val_loss: 0.4703 - val_accuracy: 0.9128
Epoch 272/350
391/391 - 25s - loss: 0.0996 - accuracy: 0.9812 - val_loss: 0.4715 - val_accuracy: 0.9109
Epoch 273/350
391/391 - 25s - loss: 0.1004 - accuracy: 0.9807 - val_loss: 0.4707 - val_accuracy: 0.9116
Epoch 274/350
391/391 - 25s - loss: 0.1020 - accuracy: 0.9794 - val_loss: 0.4707 - val_accuracy: 0.9114
Epoch 275/350
391/391 - 25s - loss: 0.0993 - accuracy: 0.9810 - val_loss: 0.4736 - val_accuracy: 0.9115
Epoch 276/350
391/391 - 25s - loss: 0.1024 - accuracy: 0.9796 - val_loss: 0.4725 - val_accuracy: 0.9122
Epoch 277/350
391/391 - 25s - loss: 0.1009 - accuracy: 0.9804 - val_loss: 0.4720 - val_accuracy: 0.9114
Epoch 278/350
391/391 - 25s - loss: 0.1000 - accuracy: 0.9808 - val_loss: 0.4717 - val_accuracy: 0.9118
Epoch 279/350
391/391 - 25s - loss: 0.1031 - accuracy: 0.9793 - val_loss: 0.4707 - val_accuracy: 0.9120
Epoch 280/350
391/391 - 25s - loss: 0.1027 - accuracy: 0.9792 - val_loss: 0.4721 - val_accuracy: 0.9120
Epoch 281/350
391/391 - 25s - loss: 0.0993 - accuracy: 0.9803 - val_loss: 0.4725 - val_accuracy: 0.9111
Epoch 282/350
391/391 - 25s - loss: 0.0994 - accuracy: 0.9804 - val_loss: 0.4729 - val_accuracy: 0.9111
Epoch 283/350
391/391 - 25s - loss: 0.1041 - accuracy: 0.9792 - val_loss: 0.4724 - val_accuracy: 0.9113
Epoch 284/350
391/391 - 25s - loss: 0.1002 - accuracy: 0.9804 - val_loss: 0.4710 - val_accuracy: 0.9122
Epoch 285/350
391/391 - 25s - loss: 0.1008 - accuracy: 0.9801 - val_loss: 0.4721 - val_accuracy: 0.9118
Epoch 286/350
391/391 - 25s - loss: 0.0994 - accuracy: 0.9800 - val_loss: 0.4741 - val_accuracy: 0.9116
Epoch 287/350
391/391 - 25s - loss: 0.0995 - accuracy: 0.9798 - val_loss: 0.4730 - val_accuracy: 0.9121
Epoch 288/350
391/391 - 25s - loss: 0.1017 - accuracy: 0.9797 - val_loss: 0.4728 - val_accuracy: 0.9113
Epoch 289/350
391/391 - 25s - loss: 0.1013 - accuracy: 0.9803 - val_loss: 0.4741 - val_accuracy: 0.9116
Epoch 290/350
391/391 - 25s - loss: 0.1011 - accuracy: 0.9801 - val_loss: 0.4749 - val_accuracy: 0.9121
Epoch 291/350
391/391 - 25s - loss: 0.1022 - accuracy: 0.9792 - val_loss: 0.4720 - val_accuracy: 0.9121
Epoch 292/350
391/391 - 25s - loss: 0.0998 - accuracy: 0.9808 - val_loss: 0.4721 - val_accuracy: 0.9117
Epoch 293/350
391/391 - 25s - loss: 0.0993 - accuracy: 0.9803 - val_loss: 0.4757 - val_accuracy: 0.9114
Epoch 294/350
391/391 - 25s - loss: 0.0998 - accuracy: 0.9809 - val_loss: 0.4787 - val_accuracy: 0.9114
Epoch 295/350
391/391 - 25s - loss: 0.0985 - accuracy: 0.9808 - val_loss: 0.4764 - val_accuracy: 0.9120
Epoch 296/350
391/391 - 25s - loss: 0.1001 - accuracy: 0.9808 - val_loss: 0.4752 - val_accuracy: 0.9116
Epoch 297/350
391/391 - 25s - loss: 0.0997 - accuracy: 0.9803 - val_loss: 0.4730 - val_accuracy: 0.9121
Epoch 298/350
391/391 - 25s - loss: 0.1031 - accuracy: 0.9795 - val_loss: 0.4738 - val_accuracy: 0.9121
Epoch 299/350
391/391 - 25s - loss: 0.1007 - accuracy: 0.9807 - val_loss: 0.4742 - val_accuracy: 0.9119
Epoch 300/350


Snapshot weight 1 shuffle 4 at epoch 300
Layer 11
Getting activations...


391/391 - 25s - loss: 0.0996 - accuracy: 0.9807 - val_loss: 0.4755 - val_accuracy: 0.9115
Epoch 301/350
391/391 - 25s - loss: 0.1008 - accuracy: 0.9799 - val_loss: 0.4747 - val_accuracy: 0.9119
Epoch 302/350
391/391 - 25s - loss: 0.0987 - accuracy: 0.9813 - val_loss: 0.4745 - val_accuracy: 0.9118
Epoch 303/350
391/391 - 25s - loss: 0.1023 - accuracy: 0.9797 - val_loss: 0.4746 - val_accuracy: 0.9118
Epoch 304/350
391/391 - 25s - loss: 0.1005 - accuracy: 0.9793 - val_loss: 0.4748 - val_accuracy: 0.9116
Epoch 305/350
391/391 - 25s - loss: 0.0964 - accuracy: 0.9813 - val_loss: 0.4749 - val_accuracy: 0.9118
Epoch 306/350
391/391 - 25s - loss: 0.1021 - accuracy: 0.9794 - val_loss: 0.4746 - val_accuracy: 0.9120
Epoch 307/350
391/391 - 25s - loss: 0.1005 - accuracy: 0.9808 - val_loss: 0.4742 - val_accuracy: 0.9121
Epoch 308/350
391/391 - 25s - loss: 0.1005 - accuracy: 0.9804 - val_loss: 0.4742 - val_accuracy: 0.9121
Epoch 309/350
391/391 - 25s - loss: 0.0999 - accuracy: 0.9809 - val_loss: 0.4737 - val_accuracy: 0.9125
Epoch 310/350
391/391 - 25s - loss: 0.1016 - accuracy: 0.9805 - val_loss: 0.4735 - val_accuracy: 0.9123
Epoch 311/350
391/391 - 25s - loss: 0.1007 - accuracy: 0.9806 - val_loss: 0.4733 - val_accuracy: 0.9122
Epoch 312/350
391/391 - 25s - loss: 0.1017 - accuracy: 0.9798 - val_loss: 0.4735 - val_accuracy: 0.9120
Epoch 313/350
391/391 - 25s - loss: 0.0995 - accuracy: 0.9804 - val_loss: 0.4737 - val_accuracy: 0.9122
Epoch 314/350
391/391 - 25s - loss: 0.1000 - accuracy: 0.9807 - val_loss: 0.4735 - val_accuracy: 0.9123
Epoch 315/350
391/391 - 25s - loss: 0.1002 - accuracy: 0.9807 - val_loss: 0.4736 - val_accuracy: 0.9124
Epoch 316/350
391/391 - 25s - loss: 0.0987 - accuracy: 0.9815 - val_loss: 0.4735 - val_accuracy: 0.9122
Epoch 317/350
391/391 - 25s - loss: 0.0999 - accuracy: 0.9812 - val_loss: 0.4737 - val_accuracy: 0.9119
Epoch 318/350
391/391 - 25s - loss: 0.1000 - accuracy: 0.9801 - val_loss: 0.4736 - val_accuracy: 0.9120
Epoch 319/350
391/391 - 25s - loss: 0.1027 - accuracy: 0.9796 - val_loss: 0.4736 - val_accuracy: 0.9121
Epoch 320/350
391/391 - 25s - loss: 0.0976 - accuracy: 0.9814 - val_loss: 0.4735 - val_accuracy: 0.9119
Epoch 321/350
391/391 - 25s - loss: 0.0978 - accuracy: 0.9809 - val_loss: 0.4737 - val_accuracy: 0.9118
Epoch 322/350
391/391 - 25s - loss: 0.1014 - accuracy: 0.9797 - val_loss: 0.4739 - val_accuracy: 0.9115
Epoch 323/350
391/391 - 25s - loss: 0.0995 - accuracy: 0.9811 - val_loss: 0.4736 - val_accuracy: 0.9116
Epoch 324/350
391/391 - 25s - loss: 0.1006 - accuracy: 0.9805 - val_loss: 0.4740 - val_accuracy: 0.9115
Epoch 325/350
391/391 - 25s - loss: 0.0998 - accuracy: 0.9805 - val_loss: 0.4738 - val_accuracy: 0.9118
Epoch 326/350
391/391 - 25s - loss: 0.1010 - accuracy: 0.9793 - val_loss: 0.4738 - val_accuracy: 0.9119
Epoch 327/350
391/391 - 25s - loss: 0.1019 - accuracy: 0.9806 - val_loss: 0.4737 - val_accuracy: 0.9120
Epoch 328/350
391/391 - 25s - loss: 0.1004 - accuracy: 0.9802 - val_loss: 0.4734 - val_accuracy: 0.9120
Epoch 329/350
391/391 - 25s - loss: 0.1007 - accuracy: 0.9806 - val_loss: 0.4736 - val_accuracy: 0.9121
Epoch 330/350
391/391 - 25s - loss: 0.0995 - accuracy: 0.9803 - val_loss: 0.4735 - val_accuracy: 0.9121
Epoch 331/350
391/391 - 25s - loss: 0.0986 - accuracy: 0.9813 - val_loss: 0.4736 - val_accuracy: 0.9120
Epoch 332/350
391/391 - 25s - loss: 0.0994 - accuracy: 0.9809 - val_loss: 0.4740 - val_accuracy: 0.9119
Epoch 333/350
391/391 - 25s - loss: 0.0984 - accuracy: 0.9809 - val_loss: 0.4743 - val_accuracy: 0.9115
Epoch 334/350
391/391 - 25s - loss: 0.0985 - accuracy: 0.9808 - val_loss: 0.4741 - val_accuracy: 0.9122
Epoch 335/350
391/391 - 25s - loss: 0.1003 - accuracy: 0.9807 - val_loss: 0.4743 - val_accuracy: 0.9123
Epoch 336/350
391/391 - 25s - loss: 0.0997 - accuracy: 0.9807 - val_loss: 0.4743 - val_accuracy: 0.9119
Epoch 337/350
391/391 - 25s - loss: 0.1009 - accuracy: 0.9803 - val_loss: 0.4747 - val_accuracy: 0.9118
Epoch 338/350
391/391 - 25s - loss: 0.1011 - accuracy: 0.9808 - val_loss: 0.4748 - val_accuracy: 0.9117
Epoch 339/350
391/391 - 25s - loss: 0.1032 - accuracy: 0.9788 - val_loss: 0.4749 - val_accuracy: 0.9115
Epoch 340/350
391/391 - 25s - loss: 0.1005 - accuracy: 0.9809 - val_loss: 0.4747 - val_accuracy: 0.9120
Epoch 341/350
391/391 - 25s - loss: 0.0992 - accuracy: 0.9801 - val_loss: 0.4746 - val_accuracy: 0.9117
Epoch 342/350
391/391 - 25s - loss: 0.0995 - accuracy: 0.9809 - val_loss: 0.4747 - val_accuracy: 0.9117
Epoch 343/350
391/391 - 25s - loss: 0.0987 - accuracy: 0.9808 - val_loss: 0.4749 - val_accuracy: 0.9117
Epoch 344/350
391/391 - 25s - loss: 0.1003 - accuracy: 0.9809 - val_loss: 0.4746 - val_accuracy: 0.9119
Epoch 345/350
391/391 - 25s - loss: 0.1023 - accuracy: 0.9799 - val_loss: 0.4746 - val_accuracy: 0.9119
Epoch 346/350
391/391 - 25s - loss: 0.0991 - accuracy: 0.9805 - val_loss: 0.4746 - val_accuracy: 0.9119
Epoch 347/350
391/391 - 25s - loss: 0.1005 - accuracy: 0.9798 - val_loss: 0.4743 - val_accuracy: 0.9117
Epoch 348/350
391/391 - 25s - loss: 0.1000 - accuracy: 0.9807 - val_loss: 0.4744 - val_accuracy: 0.9118
Epoch 349/350
391/391 - 25s - loss: 0.0970 - accuracy: 0.9818 - val_loss: 0.4740 - val_accuracy: 0.9120
Epoch 350/350


Snapshot weight 1 shuffle 4 at epoch 350
Layer 11
Getting activations...


391/391 - 25s - loss: 0.1005 - accuracy: 0.9804 - val_loss: 0.4742 - val_accuracy: 0.9119
/usr/local/lib/python3.6/dist-packages/tensorflow/python/autograph/impl/api.py:493: UserWarning: fill_value is not supported and is always 0 for TensorFlow < 2.4.0.
  return py_builtins.overload_of(f)(*args)
WARNING:tensorflow:From /usr/local/lib/python3.6/dist-packages/tensorflow/python/training/tracking/tracking.py:111: Model.state_updates (from tensorflow.python.keras.engine.training) is deprecated and will be removed in a future version.
Instructions for updating:
This property should not be used in TensorFlow 2.0, as updates are applied automatically.
2021-07-02 06:59:36.106199: W tensorflow/python/util/util.cc:348] Sets are not currently considered sequences, but this may change in the future, so consider avoiding using them.
WARNING:tensorflow:From /usr/local/lib/python3.6/dist-packages/tensorflow/python/training/tracking/tracking.py:111: Layer.updates (from tensorflow.python.keras.engine.base_layer) is deprecated and will be removed in a future version.
Instructions for updating:
This property should not be used in TensorFlow 2.0, as updates are applied automatically.
Saving, final validation acc: 0.911899983882904
