2021-07-01 18:40:02.898323: I tensorflow/stream_executor/platform/default/dso_loader.cc:48] Successfully opened dynamic library libcudart.so.10.1
2021-07-01 18:41:34.356041: I tensorflow/stream_executor/platform/default/dso_loader.cc:48] Successfully opened dynamic library libcuda.so.1
2021-07-01 18:41:34.378714: I tensorflow/core/common_runtime/gpu/gpu_device.cc:1716] Found device 0 with properties: 
pciBusID: 0000:82:00.0 name: NVIDIA TITAN Xp computeCapability: 6.1
coreClock: 1.582GHz coreCount: 30 deviceMemorySize: 11.91GiB deviceMemoryBandwidth: 510.07GiB/s
2021-07-01 18:41:34.378790: I tensorflow/stream_executor/platform/default/dso_loader.cc:48] Successfully opened dynamic library libcudart.so.10.1
2021-07-01 18:41:35.171006: I tensorflow/stream_executor/platform/default/dso_loader.cc:48] Successfully opened dynamic library libcublas.so.10
2021-07-01 18:41:35.202993: I tensorflow/stream_executor/platform/default/dso_loader.cc:48] Successfully opened dynamic library libcufft.so.10
2021-07-01 18:41:35.576409: I tensorflow/stream_executor/platform/default/dso_loader.cc:48] Successfully opened dynamic library libcurand.so.10
2021-07-01 18:41:35.776418: I tensorflow/stream_executor/platform/default/dso_loader.cc:48] Successfully opened dynamic library libcusolver.so.10
2021-07-01 18:41:36.450479: I tensorflow/stream_executor/platform/default/dso_loader.cc:48] Successfully opened dynamic library libcusparse.so.10
2021-07-01 18:41:36.609224: I tensorflow/stream_executor/platform/default/dso_loader.cc:48] Successfully opened dynamic library libcudnn.so.7
2021-07-01 18:41:36.616276: I tensorflow/core/common_runtime/gpu/gpu_device.cc:1858] Adding visible gpu devices: 0
2021-07-01 18:41:36.620589: I tensorflow/core/platform/cpu_feature_guard.cc:142] This TensorFlow binary is optimized with oneAPI Deep Neural Network Library (oneDNN)to use the following CPU instructions in performance-critical operations:  AVX2 FMA
To enable them in other operations, rebuild TensorFlow with the appropriate compiler flags.
2021-07-01 18:41:36.639804: I tensorflow/core/platform/profile_utils/cpu_utils.cc:104] CPU Frequency: 2599990000 Hz
2021-07-01 18:41:36.639938: I tensorflow/compiler/xla/service/service.cc:168] XLA service 0x46eb270 initialized for platform Host (this does not guarantee that XLA will be used). Devices:
2021-07-01 18:41:36.639963: I tensorflow/compiler/xla/service/service.cc:176]   StreamExecutor device (0): Host, Default Version
2021-07-01 18:41:36.802017: I tensorflow/compiler/xla/service/service.cc:168] XLA service 0x46cba90 initialized for platform CUDA (this does not guarantee that XLA will be used). Devices:
2021-07-01 18:41:36.802087: I tensorflow/compiler/xla/service/service.cc:176]   StreamExecutor device (0): NVIDIA TITAN Xp, Compute Capability 6.1
2021-07-01 18:41:36.805217: I tensorflow/core/common_runtime/gpu/gpu_device.cc:1716] Found device 0 with properties: 
pciBusID: 0000:82:00.0 name: NVIDIA TITAN Xp computeCapability: 6.1
coreClock: 1.582GHz coreCount: 30 deviceMemorySize: 11.91GiB deviceMemoryBandwidth: 510.07GiB/s
2021-07-01 18:41:36.805263: I tensorflow/stream_executor/platform/default/dso_loader.cc:48] Successfully opened dynamic library libcudart.so.10.1
2021-07-01 18:41:36.805298: I tensorflow/stream_executor/platform/default/dso_loader.cc:48] Successfully opened dynamic library libcublas.so.10
2021-07-01 18:41:36.805323: I tensorflow/stream_executor/platform/default/dso_loader.cc:48] Successfully opened dynamic library libcufft.so.10
2021-07-01 18:41:36.805346: I tensorflow/stream_executor/platform/default/dso_loader.cc:48] Successfully opened dynamic library libcurand.so.10
2021-07-01 18:41:36.805369: I tensorflow/stream_executor/platform/default/dso_loader.cc:48] Successfully opened dynamic library libcusolver.so.10
2021-07-01 18:41:36.805392: I tensorflow/stream_executor/platform/default/dso_loader.cc:48] Successfully opened dynamic library libcusparse.so.10
2021-07-01 18:41:36.805416: I tensorflow/stream_executor/platform/default/dso_loader.cc:48] Successfully opened dynamic library libcudnn.so.7
2021-07-01 18:41:37.001422: I tensorflow/core/common_runtime/gpu/gpu_device.cc:1858] Adding visible gpu devices: 0
2021-07-01 18:41:37.005126: I tensorflow/stream_executor/platform/default/dso_loader.cc:48] Successfully opened dynamic library libcudart.so.10.1
2021-07-01 18:41:47.797011: I tensorflow/core/common_runtime/gpu/gpu_device.cc:1257] Device interconnect StreamExecutor with strength 1 edge matrix:
2021-07-01 18:41:47.797097: I tensorflow/core/common_runtime/gpu/gpu_device.cc:1263]      0 
2021-07-01 18:41:47.797116: I tensorflow/core/common_runtime/gpu/gpu_device.cc:1276] 0:   N 
2021-07-01 18:41:47.805424: I tensorflow/core/common_runtime/gpu/gpu_device.cc:1402] Created TensorFlow device (/job:localhost/replica:0/task:0/device:GPU:0 with 11218 MB memory) -> physical GPU (device: 0, name: NVIDIA TITAN Xp, pci bus id: 0000:82:00.0, compute capability: 6.1)
2021-07-01 18:41:53.710280: I tensorflow/stream_executor/platform/default/dso_loader.cc:48] Successfully opened dynamic library libcudnn.so.7
2021-07-01 18:42:19.427290: I tensorflow/stream_executor/platform/default/dso_loader.cc:48] Successfully opened dynamic library libcublas.so.10
Using model index: 11
Making train data...
GCN...
ZCA...
Done!
Making test data...
Done!
Epoch 1/350


Snapshot weight 1 shuffle 1 at epoch 1
Layer 11
Getting activations...


391/391 - 24s - loss: 2.3124 - accuracy: 0.1132 - val_loss: 2.2622 - val_accuracy: 0.1345
Epoch 2/350


Snapshot weight 1 shuffle 1 at epoch 2
Layer 11
Getting activations...


391/391 - 23s - loss: 2.2679 - accuracy: 0.1214 - val_loss: 2.2185 - val_accuracy: 0.1539
Epoch 3/350


Snapshot weight 1 shuffle 1 at epoch 3
Layer 11
Getting activations...


391/391 - 23s - loss: 2.2269 - accuracy: 0.1467 - val_loss: 2.2058 - val_accuracy: 0.1614
Epoch 4/350


Snapshot weight 1 shuffle 1 at epoch 4
Layer 11
Getting activations...


391/391 - 24s - loss: 2.2043 - accuracy: 0.1614 - val_loss: 2.1615 - val_accuracy: 0.1811
Epoch 5/350


Snapshot weight 1 shuffle 1 at epoch 5
Layer 11
Getting activations...


391/391 - 24s - loss: 2.1746 - accuracy: 0.1800 - val_loss: 2.1772 - val_accuracy: 0.1692
Epoch 6/350


Snapshot weight 1 shuffle 1 at epoch 6
Layer 11
Getting activations...


391/391 - 24s - loss: 2.0877 - accuracy: 0.2558 - val_loss: 1.9894 - val_accuracy: 0.2775
Epoch 7/350


Snapshot weight 1 shuffle 1 at epoch 7
Layer 11
Getting activations...


391/391 - 24s - loss: 1.8690 - accuracy: 0.3557 - val_loss: 1.8121 - val_accuracy: 0.4111
Epoch 8/350


Snapshot weight 1 shuffle 1 at epoch 8
Layer 11
Getting activations...


391/391 - 24s - loss: 1.5908 - accuracy: 0.4672 - val_loss: 1.4391 - val_accuracy: 0.5257
Epoch 9/350


Snapshot weight 1 shuffle 1 at epoch 9
Layer 11
Getting activations...


391/391 - 24s - loss: 1.4572 - accuracy: 0.5174 - val_loss: 1.3680 - val_accuracy: 0.5440
Epoch 10/350


Snapshot weight 1 shuffle 1 at epoch 10
Layer 11
Getting activations...


391/391 - 24s - loss: 1.3784 - accuracy: 0.5453 - val_loss: 1.3024 - val_accuracy: 0.5846
Epoch 11/350
391/391 - 24s - loss: 1.3083 - accuracy: 0.5722 - val_loss: 1.3330 - val_accuracy: 0.5692
Epoch 12/350
391/391 - 24s - loss: 1.2466 - accuracy: 0.5918 - val_loss: 1.4102 - val_accuracy: 0.5501
Epoch 13/350
391/391 - 24s - loss: 1.1299 - accuracy: 0.6203 - val_loss: 0.9703 - val_accuracy: 0.6653
Epoch 14/350
391/391 - 24s - loss: 1.0238 - accuracy: 0.6450 - val_loss: 1.0173 - val_accuracy: 0.6554
Epoch 15/350
391/391 - 24s - loss: 0.9734 - accuracy: 0.6668 - val_loss: 0.9108 - val_accuracy: 0.6946
Epoch 16/350
391/391 - 24s - loss: 0.9313 - accuracy: 0.6837 - val_loss: 0.8737 - val_accuracy: 0.7012
Epoch 17/350
391/391 - 24s - loss: 0.8926 - accuracy: 0.6994 - val_loss: 0.8099 - val_accuracy: 0.7251
Epoch 18/350
391/391 - 24s - loss: 0.8563 - accuracy: 0.7092 - val_loss: 0.8005 - val_accuracy: 0.7294
Epoch 19/350
391/391 - 24s - loss: 0.8242 - accuracy: 0.7210 - val_loss: 0.7795 - val_accuracy: 0.7395
Epoch 20/350
391/391 - 24s - loss: 0.8052 - accuracy: 0.7281 - val_loss: 0.8052 - val_accuracy: 0.7408
Epoch 21/350
391/391 - 24s - loss: 0.7595 - accuracy: 0.7436 - val_loss: 0.7308 - val_accuracy: 0.7631
Epoch 22/350
391/391 - 23s - loss: 0.7482 - accuracy: 0.7497 - val_loss: 0.6571 - val_accuracy: 0.7848
Epoch 23/350
391/391 - 24s - loss: 0.7190 - accuracy: 0.7594 - val_loss: 0.7945 - val_accuracy: 0.7450
Epoch 24/350
391/391 - 24s - loss: 0.7080 - accuracy: 0.7629 - val_loss: 0.6588 - val_accuracy: 0.7838
Epoch 25/350
391/391 - 23s - loss: 0.6764 - accuracy: 0.7735 - val_loss: 0.6061 - val_accuracy: 0.8002
Epoch 26/350
391/391 - 24s - loss: 0.6626 - accuracy: 0.7798 - val_loss: 0.6222 - val_accuracy: 0.7974
Epoch 27/350
391/391 - 24s - loss: 0.6437 - accuracy: 0.7872 - val_loss: 0.6231 - val_accuracy: 0.7946
Epoch 28/350
391/391 - 24s - loss: 0.6319 - accuracy: 0.7907 - val_loss: 0.5681 - val_accuracy: 0.8154
Epoch 29/350
391/391 - 24s - loss: 0.6183 - accuracy: 0.7927 - val_loss: 0.5487 - val_accuracy: 0.8216
Epoch 30/350
391/391 - 24s - loss: 0.5960 - accuracy: 0.8029 - val_loss: 0.5533 - val_accuracy: 0.8224
Epoch 31/350
391/391 - 23s - loss: 0.5807 - accuracy: 0.8091 - val_loss: 0.5518 - val_accuracy: 0.8220
Epoch 32/350
391/391 - 24s - loss: 0.5734 - accuracy: 0.8112 - val_loss: 0.5946 - val_accuracy: 0.8180
Epoch 33/350
391/391 - 23s - loss: 0.5600 - accuracy: 0.8164 - val_loss: 0.5345 - val_accuracy: 0.8279
Epoch 34/350
391/391 - 24s - loss: 0.5439 - accuracy: 0.8204 - val_loss: 0.5530 - val_accuracy: 0.8242
Epoch 35/350
391/391 - 24s - loss: 0.5431 - accuracy: 0.8227 - val_loss: 0.5197 - val_accuracy: 0.8352
Epoch 36/350
391/391 - 23s - loss: 0.5237 - accuracy: 0.8292 - val_loss: 0.5436 - val_accuracy: 0.8232
Epoch 37/350
391/391 - 24s - loss: 0.5242 - accuracy: 0.8285 - val_loss: 0.5130 - val_accuracy: 0.8333
Epoch 38/350
391/391 - 23s - loss: 0.5096 - accuracy: 0.8321 - val_loss: 0.4931 - val_accuracy: 0.8437
Epoch 39/350
391/391 - 24s - loss: 0.5030 - accuracy: 0.8373 - val_loss: 0.4953 - val_accuracy: 0.8402
Epoch 40/350
391/391 - 24s - loss: 0.4927 - accuracy: 0.8374 - val_loss: 0.4694 - val_accuracy: 0.8490
Epoch 41/350
391/391 - 24s - loss: 0.4859 - accuracy: 0.8421 - val_loss: 0.4931 - val_accuracy: 0.8460
Epoch 42/350
391/391 - 24s - loss: 0.4818 - accuracy: 0.8420 - val_loss: 0.4783 - val_accuracy: 0.8510
Epoch 43/350
391/391 - 24s - loss: 0.4693 - accuracy: 0.8475 - val_loss: 0.4634 - val_accuracy: 0.8539
Epoch 44/350
391/391 - 24s - loss: 0.4616 - accuracy: 0.8501 - val_loss: 0.4475 - val_accuracy: 0.8625
Epoch 45/350
391/391 - 24s - loss: 0.4508 - accuracy: 0.8535 - val_loss: 0.4820 - val_accuracy: 0.8530
Epoch 46/350
391/391 - 23s - loss: 0.4490 - accuracy: 0.8547 - val_loss: 0.4623 - val_accuracy: 0.8527
Epoch 47/350
391/391 - 24s - loss: 0.4445 - accuracy: 0.8554 - val_loss: 0.4661 - val_accuracy: 0.8556
Epoch 48/350
391/391 - 24s - loss: 0.4386 - accuracy: 0.8584 - val_loss: 0.4377 - val_accuracy: 0.8614
Epoch 49/350
391/391 - 23s - loss: 0.4292 - accuracy: 0.8626 - val_loss: 0.4624 - val_accuracy: 0.8561
Epoch 50/350


Snapshot weight 1 shuffle 1 at epoch 50
Layer 11
Getting activations...


391/391 - 24s - loss: 0.4206 - accuracy: 0.8636 - val_loss: 0.4601 - val_accuracy: 0.8575
Epoch 51/350
391/391 - 24s - loss: 0.4186 - accuracy: 0.8648 - val_loss: 0.5374 - val_accuracy: 0.8358
Epoch 52/350
391/391 - 24s - loss: 0.4151 - accuracy: 0.8664 - val_loss: 0.4513 - val_accuracy: 0.8650
Epoch 53/350
391/391 - 24s - loss: 0.4080 - accuracy: 0.8674 - val_loss: 0.4494 - val_accuracy: 0.8567
Epoch 54/350
391/391 - 24s - loss: 0.4016 - accuracy: 0.8701 - val_loss: 0.4338 - val_accuracy: 0.8662
Epoch 55/350
391/391 - 24s - loss: 0.3998 - accuracy: 0.8722 - val_loss: 0.4446 - val_accuracy: 0.8607
Epoch 56/350
391/391 - 24s - loss: 0.3866 - accuracy: 0.8768 - val_loss: 0.4481 - val_accuracy: 0.8659
Epoch 57/350
391/391 - 23s - loss: 0.3885 - accuracy: 0.8763 - val_loss: 0.4835 - val_accuracy: 0.8549
Epoch 58/350
391/391 - 23s - loss: 0.3845 - accuracy: 0.8776 - val_loss: 0.4389 - val_accuracy: 0.8638
Epoch 59/350
391/391 - 24s - loss: 0.3763 - accuracy: 0.8807 - val_loss: 0.5034 - val_accuracy: 0.8519
Epoch 60/350
391/391 - 24s - loss: 0.3741 - accuracy: 0.8799 - val_loss: 0.4409 - val_accuracy: 0.8711
Epoch 61/350
391/391 - 24s - loss: 0.3693 - accuracy: 0.8825 - val_loss: 0.4498 - val_accuracy: 0.8686
Epoch 62/350
391/391 - 23s - loss: 0.3660 - accuracy: 0.8837 - val_loss: 0.4483 - val_accuracy: 0.8701
Epoch 63/350
391/391 - 24s - loss: 0.3640 - accuracy: 0.8845 - val_loss: 0.4700 - val_accuracy: 0.8627
Epoch 64/350
391/391 - 24s - loss: 0.3660 - accuracy: 0.8837 - val_loss: 0.4385 - val_accuracy: 0.8707
Epoch 65/350
391/391 - 24s - loss: 0.3496 - accuracy: 0.8907 - val_loss: 0.4346 - val_accuracy: 0.8702
Epoch 66/350
391/391 - 23s - loss: 0.3512 - accuracy: 0.8883 - val_loss: 0.4170 - val_accuracy: 0.8761
Epoch 67/350
391/391 - 24s - loss: 0.3461 - accuracy: 0.8896 - val_loss: 0.4588 - val_accuracy: 0.8680
Epoch 68/350
391/391 - 24s - loss: 0.3419 - accuracy: 0.8919 - val_loss: 0.4418 - val_accuracy: 0.8730
Epoch 69/350
391/391 - 23s - loss: 0.3372 - accuracy: 0.8939 - val_loss: 0.4472 - val_accuracy: 0.8730
Epoch 70/350
391/391 - 24s - loss: 0.3368 - accuracy: 0.8928 - val_loss: 0.4318 - val_accuracy: 0.8709
Epoch 71/350
391/391 - 24s - loss: 0.3372 - accuracy: 0.8926 - val_loss: 0.3912 - val_accuracy: 0.8828
Epoch 72/350
391/391 - 24s - loss: 0.3274 - accuracy: 0.8964 - val_loss: 0.4515 - val_accuracy: 0.8665
Epoch 73/350
391/391 - 24s - loss: 0.3262 - accuracy: 0.8978 - val_loss: 0.4127 - val_accuracy: 0.8773
Epoch 74/350
391/391 - 23s - loss: 0.3315 - accuracy: 0.8958 - val_loss: 0.4277 - val_accuracy: 0.8748
Epoch 75/350
391/391 - 24s - loss: 0.3238 - accuracy: 0.8975 - val_loss: 0.3879 - val_accuracy: 0.8832
Epoch 76/350
391/391 - 24s - loss: 0.3134 - accuracy: 0.9009 - val_loss: 0.4187 - val_accuracy: 0.8761
Epoch 77/350
391/391 - 24s - loss: 0.3114 - accuracy: 0.9037 - val_loss: 0.4443 - val_accuracy: 0.8721
Epoch 78/350
391/391 - 24s - loss: 0.3098 - accuracy: 0.9028 - val_loss: 0.4307 - val_accuracy: 0.8763
Epoch 79/350
391/391 - 24s - loss: 0.3047 - accuracy: 0.9044 - val_loss: 0.3912 - val_accuracy: 0.8842
Epoch 80/350
391/391 - 23s - loss: 0.3081 - accuracy: 0.9039 - val_loss: 0.4004 - val_accuracy: 0.8862
Epoch 81/350
391/391 - 24s - loss: 0.3068 - accuracy: 0.9049 - val_loss: 0.4046 - val_accuracy: 0.8829
Epoch 82/350
391/391 - 23s - loss: 0.2997 - accuracy: 0.9057 - val_loss: 0.4210 - val_accuracy: 0.8795
Epoch 83/350
391/391 - 24s - loss: 0.2980 - accuracy: 0.9060 - val_loss: 0.4181 - val_accuracy: 0.8792
Epoch 84/350
391/391 - 24s - loss: 0.2958 - accuracy: 0.9089 - val_loss: 0.4094 - val_accuracy: 0.8828
Epoch 85/350
391/391 - 23s - loss: 0.2967 - accuracy: 0.9071 - val_loss: 0.4466 - val_accuracy: 0.8793
Epoch 86/350
391/391 - 24s - loss: 0.2922 - accuracy: 0.9092 - val_loss: 0.4139 - val_accuracy: 0.8824
Epoch 87/350
391/391 - 24s - loss: 0.2862 - accuracy: 0.9127 - val_loss: 0.4039 - val_accuracy: 0.8835
Epoch 88/350
391/391 - 24s - loss: 0.2900 - accuracy: 0.9108 - val_loss: 0.4040 - val_accuracy: 0.8860
Epoch 89/350
391/391 - 24s - loss: 0.2804 - accuracy: 0.9136 - val_loss: 0.4050 - val_accuracy: 0.8894
Epoch 90/350
391/391 - 23s - loss: 0.2808 - accuracy: 0.9126 - val_loss: 0.4447 - val_accuracy: 0.8794
Epoch 91/350
391/391 - 24s - loss: 0.2701 - accuracy: 0.9172 - val_loss: 0.4559 - val_accuracy: 0.8835
Epoch 92/350
391/391 - 23s - loss: 0.2769 - accuracy: 0.9148 - val_loss: 0.4009 - val_accuracy: 0.8866
Epoch 93/350
391/391 - 24s - loss: 0.2755 - accuracy: 0.9155 - val_loss: 0.4198 - val_accuracy: 0.8849
Epoch 94/350
391/391 - 23s - loss: 0.2768 - accuracy: 0.9158 - val_loss: 0.4183 - val_accuracy: 0.8867
Epoch 95/350
391/391 - 24s - loss: 0.2714 - accuracy: 0.9163 - val_loss: 0.4039 - val_accuracy: 0.8873
Epoch 96/350
391/391 - 24s - loss: 0.2706 - accuracy: 0.9171 - val_loss: 0.3970 - val_accuracy: 0.8883
Epoch 97/350
391/391 - 23s - loss: 0.2705 - accuracy: 0.9165 - val_loss: 0.4179 - val_accuracy: 0.8889
Epoch 98/350
391/391 - 24s - loss: 0.2642 - accuracy: 0.9195 - val_loss: 0.4200 - val_accuracy: 0.8853
Epoch 99/350
391/391 - 24s - loss: 0.2637 - accuracy: 0.9202 - val_loss: 0.3883 - val_accuracy: 0.8887
Epoch 100/350


Snapshot weight 1 shuffle 1 at epoch 100
Layer 11
Getting activations...


391/391 - 24s - loss: 0.2609 - accuracy: 0.9209 - val_loss: 0.4020 - val_accuracy: 0.8912
Epoch 101/350
391/391 - 24s - loss: 0.2601 - accuracy: 0.9207 - val_loss: 0.3955 - val_accuracy: 0.8878
Epoch 102/350
391/391 - 24s - loss: 0.2570 - accuracy: 0.9230 - val_loss: 0.3938 - val_accuracy: 0.8921
Epoch 103/350
391/391 - 24s - loss: 0.2549 - accuracy: 0.9226 - val_loss: 0.4182 - val_accuracy: 0.8833
Epoch 104/350
391/391 - 24s - loss: 0.2579 - accuracy: 0.9221 - val_loss: 0.3688 - val_accuracy: 0.8973
Epoch 105/350
391/391 - 24s - loss: 0.2513 - accuracy: 0.9238 - val_loss: 0.4105 - val_accuracy: 0.8903
Epoch 106/350
391/391 - 24s - loss: 0.2493 - accuracy: 0.9253 - val_loss: 0.3918 - val_accuracy: 0.8916
Epoch 107/350
391/391 - 24s - loss: 0.2496 - accuracy: 0.9251 - val_loss: 0.4076 - val_accuracy: 0.8840
Epoch 108/350
391/391 - 24s - loss: 0.2478 - accuracy: 0.9257 - val_loss: 0.3979 - val_accuracy: 0.8913
Epoch 109/350
391/391 - 24s - loss: 0.2447 - accuracy: 0.9280 - val_loss: 0.4305 - val_accuracy: 0.8873
Epoch 110/350
391/391 - 23s - loss: 0.2430 - accuracy: 0.9280 - val_loss: 0.4244 - val_accuracy: 0.8887
Epoch 111/350
391/391 - 24s - loss: 0.2440 - accuracy: 0.9262 - val_loss: 0.4218 - val_accuracy: 0.8892
Epoch 112/350
391/391 - 23s - loss: 0.2440 - accuracy: 0.9274 - val_loss: 0.4373 - val_accuracy: 0.8854
Epoch 113/350
391/391 - 24s - loss: 0.2434 - accuracy: 0.9282 - val_loss: 0.4167 - val_accuracy: 0.8927
Epoch 114/350
391/391 - 23s - loss: 0.2369 - accuracy: 0.9288 - val_loss: 0.4154 - val_accuracy: 0.8950
Epoch 115/350
391/391 - 24s - loss: 0.2359 - accuracy: 0.9298 - val_loss: 0.3963 - val_accuracy: 0.8915
Epoch 116/350
391/391 - 24s - loss: 0.2348 - accuracy: 0.9300 - val_loss: 0.3864 - val_accuracy: 0.8948
Epoch 117/350
391/391 - 24s - loss: 0.2312 - accuracy: 0.9310 - val_loss: 0.4022 - val_accuracy: 0.8965
Epoch 118/350
391/391 - 24s - loss: 0.2348 - accuracy: 0.9303 - val_loss: 0.4074 - val_accuracy: 0.8931
Epoch 119/350
391/391 - 24s - loss: 0.2377 - accuracy: 0.9297 - val_loss: 0.4145 - val_accuracy: 0.8926
Epoch 120/350
391/391 - 24s - loss: 0.2299 - accuracy: 0.9328 - val_loss: 0.4290 - val_accuracy: 0.8900
Epoch 121/350
391/391 - 24s - loss: 0.2241 - accuracy: 0.9338 - val_loss: 0.4395 - val_accuracy: 0.8959
Epoch 122/350
391/391 - 23s - loss: 0.2257 - accuracy: 0.9345 - val_loss: 0.3980 - val_accuracy: 0.8954
Epoch 123/350
391/391 - 23s - loss: 0.2252 - accuracy: 0.9335 - val_loss: 0.4756 - val_accuracy: 0.8842
Epoch 124/350
391/391 - 24s - loss: 0.2244 - accuracy: 0.9340 - val_loss: 0.4156 - val_accuracy: 0.8901
Epoch 125/350
391/391 - 24s - loss: 0.2201 - accuracy: 0.9371 - val_loss: 0.4144 - val_accuracy: 0.8954
Epoch 126/350
391/391 - 24s - loss: 0.2245 - accuracy: 0.9341 - val_loss: 0.4152 - val_accuracy: 0.8921
Epoch 127/350
391/391 - 23s - loss: 0.2213 - accuracy: 0.9356 - val_loss: 0.4397 - val_accuracy: 0.8933
Epoch 128/350
391/391 - 24s - loss: 0.2166 - accuracy: 0.9370 - val_loss: 0.4183 - val_accuracy: 0.8956
Epoch 129/350
391/391 - 24s - loss: 0.2179 - accuracy: 0.9366 - val_loss: 0.4012 - val_accuracy: 0.9020
Epoch 130/350
391/391 - 24s - loss: 0.2150 - accuracy: 0.9375 - val_loss: 0.4159 - val_accuracy: 0.8971
Epoch 131/350
391/391 - 23s - loss: 0.2148 - accuracy: 0.9386 - val_loss: 0.4274 - val_accuracy: 0.8921
Epoch 132/350
391/391 - 24s - loss: 0.2111 - accuracy: 0.9403 - val_loss: 0.4713 - val_accuracy: 0.8855
Epoch 133/350
391/391 - 24s - loss: 0.2123 - accuracy: 0.9388 - val_loss: 0.4104 - val_accuracy: 0.8965
Epoch 134/350
391/391 - 23s - loss: 0.2164 - accuracy: 0.9370 - val_loss: 0.4467 - val_accuracy: 0.8911
Epoch 135/350
391/391 - 24s - loss: 0.2109 - accuracy: 0.9382 - val_loss: 0.4007 - val_accuracy: 0.8931
Epoch 136/350
391/391 - 23s - loss: 0.2074 - accuracy: 0.9409 - val_loss: 0.4216 - val_accuracy: 0.8951
Epoch 137/350
391/391 - 24s - loss: 0.2132 - accuracy: 0.9383 - val_loss: 0.4054 - val_accuracy: 0.8982
Epoch 138/350
391/391 - 24s - loss: 0.2065 - accuracy: 0.9407 - val_loss: 0.4129 - val_accuracy: 0.8993
Epoch 139/350
391/391 - 24s - loss: 0.2046 - accuracy: 0.9420 - val_loss: 0.4050 - val_accuracy: 0.8994
Epoch 140/350
391/391 - 23s - loss: 0.2024 - accuracy: 0.9432 - val_loss: 0.4363 - val_accuracy: 0.8993
Epoch 141/350
391/391 - 24s - loss: 0.2038 - accuracy: 0.9431 - val_loss: 0.4143 - val_accuracy: 0.8947
Epoch 142/350
391/391 - 24s - loss: 0.2020 - accuracy: 0.9417 - val_loss: 0.4184 - val_accuracy: 0.8978
Epoch 143/350
391/391 - 24s - loss: 0.2031 - accuracy: 0.9440 - val_loss: 0.4244 - val_accuracy: 0.8942
Epoch 144/350
391/391 - 24s - loss: 0.1988 - accuracy: 0.9435 - val_loss: 0.4833 - val_accuracy: 0.8919
Epoch 145/350
391/391 - 24s - loss: 0.2010 - accuracy: 0.9436 - val_loss: 0.4034 - val_accuracy: 0.8993
Epoch 146/350
391/391 - 24s - loss: 0.1983 - accuracy: 0.9445 - val_loss: 0.4266 - val_accuracy: 0.8955
Epoch 147/350
391/391 - 24s - loss: 0.2000 - accuracy: 0.9437 - val_loss: 0.4499 - val_accuracy: 0.8945
Epoch 148/350
391/391 - 24s - loss: 0.1971 - accuracy: 0.9450 - val_loss: 0.4067 - val_accuracy: 0.9013
Epoch 149/350
391/391 - 23s - loss: 0.1951 - accuracy: 0.9460 - val_loss: 0.4555 - val_accuracy: 0.8928
Epoch 150/350


Snapshot weight 1 shuffle 1 at epoch 150
Layer 11
Getting activations...


391/391 - 24s - loss: 0.1938 - accuracy: 0.9469 - val_loss: 0.4323 - val_accuracy: 0.9003
Epoch 151/350
391/391 - 24s - loss: 0.1966 - accuracy: 0.9449 - val_loss: 0.4341 - val_accuracy: 0.8959
Epoch 152/350
391/391 - 23s - loss: 0.1956 - accuracy: 0.9464 - val_loss: 0.4456 - val_accuracy: 0.8888
Epoch 153/350
391/391 - 23s - loss: 0.1903 - accuracy: 0.9460 - val_loss: 0.4453 - val_accuracy: 0.8897
Epoch 154/350
391/391 - 24s - loss: 0.1915 - accuracy: 0.9462 - val_loss: 0.4026 - val_accuracy: 0.8991
Epoch 155/350
391/391 - 24s - loss: 0.1896 - accuracy: 0.9472 - val_loss: 0.4360 - val_accuracy: 0.8961
Epoch 156/350
391/391 - 24s - loss: 0.1912 - accuracy: 0.9456 - val_loss: 0.4312 - val_accuracy: 0.8935
Epoch 157/350
391/391 - 24s - loss: 0.1903 - accuracy: 0.9482 - val_loss: 0.4808 - val_accuracy: 0.8887
Epoch 158/350
391/391 - 23s - loss: 0.1941 - accuracy: 0.9460 - val_loss: 0.4655 - val_accuracy: 0.8909
Epoch 159/350
391/391 - 24s - loss: 0.1875 - accuracy: 0.9484 - val_loss: 0.4361 - val_accuracy: 0.8958
Epoch 160/350
391/391 - 23s - loss: 0.1855 - accuracy: 0.9488 - val_loss: 0.4464 - val_accuracy: 0.8956
Epoch 161/350
391/391 - 24s - loss: 0.1850 - accuracy: 0.9494 - val_loss: 0.4217 - val_accuracy: 0.9017
Epoch 162/350
391/391 - 24s - loss: 0.1835 - accuracy: 0.9503 - val_loss: 0.4105 - val_accuracy: 0.9044
Epoch 163/350
391/391 - 24s - loss: 0.1851 - accuracy: 0.9499 - val_loss: 0.4188 - val_accuracy: 0.9026
Epoch 164/350
391/391 - 24s - loss: 0.1863 - accuracy: 0.9497 - val_loss: 0.4096 - val_accuracy: 0.9040
Epoch 165/350
391/391 - 24s - loss: 0.1838 - accuracy: 0.9493 - val_loss: 0.4384 - val_accuracy: 0.8971
Epoch 166/350
391/391 - 24s - loss: 0.1852 - accuracy: 0.9498 - val_loss: 0.4417 - val_accuracy: 0.8982
Epoch 167/350
391/391 - 23s - loss: 0.1829 - accuracy: 0.9503 - val_loss: 0.4157 - val_accuracy: 0.9041
Epoch 168/350
391/391 - 24s - loss: 0.1817 - accuracy: 0.9514 - val_loss: 0.4383 - val_accuracy: 0.8984
Epoch 169/350
391/391 - 23s - loss: 0.1821 - accuracy: 0.9507 - val_loss: 0.4666 - val_accuracy: 0.8938
Epoch 170/350
391/391 - 24s - loss: 0.1846 - accuracy: 0.9489 - val_loss: 0.4309 - val_accuracy: 0.9042
Epoch 171/350
391/391 - 24s - loss: 0.1847 - accuracy: 0.9497 - val_loss: 0.4572 - val_accuracy: 0.8939
Epoch 172/350
391/391 - 23s - loss: 0.1820 - accuracy: 0.9506 - val_loss: 0.4390 - val_accuracy: 0.8975
Epoch 173/350
391/391 - 23s - loss: 0.1783 - accuracy: 0.9524 - val_loss: 0.4253 - val_accuracy: 0.8966
Epoch 174/350
391/391 - 24s - loss: 0.1787 - accuracy: 0.9525 - val_loss: 0.4537 - val_accuracy: 0.9004
Epoch 175/350
391/391 - 23s - loss: 0.1750 - accuracy: 0.9534 - val_loss: 0.4433 - val_accuracy: 0.9009
Epoch 176/350
391/391 - 23s - loss: 0.1766 - accuracy: 0.9529 - val_loss: 0.4463 - val_accuracy: 0.8991
Epoch 177/350
391/391 - 24s - loss: 0.1728 - accuracy: 0.9549 - val_loss: 0.4581 - val_accuracy: 0.9024
Epoch 178/350
391/391 - 23s - loss: 0.1759 - accuracy: 0.9538 - val_loss: 0.4306 - val_accuracy: 0.8994
Epoch 179/350
391/391 - 23s - loss: 0.1768 - accuracy: 0.9527 - val_loss: 0.4347 - val_accuracy: 0.9013
Epoch 180/350
391/391 - 24s - loss: 0.1744 - accuracy: 0.9543 - val_loss: 0.4338 - val_accuracy: 0.9008
Epoch 181/350
391/391 - 23s - loss: 0.1719 - accuracy: 0.9545 - val_loss: 0.4461 - val_accuracy: 0.9008
Epoch 182/350
391/391 - 23s - loss: 0.1725 - accuracy: 0.9545 - val_loss: 0.4386 - val_accuracy: 0.9039
Epoch 183/350
391/391 - 24s - loss: 0.1705 - accuracy: 0.9559 - val_loss: 0.4582 - val_accuracy: 0.8977
Epoch 184/350
391/391 - 24s - loss: 0.1716 - accuracy: 0.9548 - val_loss: 0.4390 - val_accuracy: 0.9028
Epoch 185/350
391/391 - 24s - loss: 0.1717 - accuracy: 0.9556 - val_loss: 0.4410 - val_accuracy: 0.9006
Epoch 186/350
391/391 - 24s - loss: 0.1721 - accuracy: 0.9545 - val_loss: 0.4204 - val_accuracy: 0.9042
Epoch 187/350
391/391 - 24s - loss: 0.1743 - accuracy: 0.9537 - val_loss: 0.4856 - val_accuracy: 0.8965
Epoch 188/350
391/391 - 24s - loss: 0.1678 - accuracy: 0.9559 - val_loss: 0.4617 - val_accuracy: 0.9016
Epoch 189/350
391/391 - 23s - loss: 0.1667 - accuracy: 0.9571 - val_loss: 0.4407 - val_accuracy: 0.8997
Epoch 190/350
391/391 - 24s - loss: 0.1708 - accuracy: 0.9549 - val_loss: 0.4614 - val_accuracy: 0.8969
Epoch 191/350
391/391 - 23s - loss: 0.1689 - accuracy: 0.9560 - val_loss: 0.4821 - val_accuracy: 0.8961
Epoch 192/350
391/391 - 23s - loss: 0.1671 - accuracy: 0.9570 - val_loss: 0.4407 - val_accuracy: 0.9014
Epoch 193/350
391/391 - 24s - loss: 0.1640 - accuracy: 0.9583 - val_loss: 0.4637 - val_accuracy: 0.8980
Epoch 194/350
391/391 - 23s - loss: 0.1627 - accuracy: 0.9580 - val_loss: 0.4471 - val_accuracy: 0.8992
Epoch 195/350
391/391 - 23s - loss: 0.1646 - accuracy: 0.9574 - val_loss: 0.4493 - val_accuracy: 0.9015
Epoch 196/350
391/391 - 24s - loss: 0.1671 - accuracy: 0.9565 - val_loss: 0.4567 - val_accuracy: 0.8993
Epoch 197/350
391/391 - 23s - loss: 0.1621 - accuracy: 0.9582 - val_loss: 0.4885 - val_accuracy: 0.8956
Epoch 198/350
391/391 - 24s - loss: 0.1668 - accuracy: 0.9568 - val_loss: 0.4622 - val_accuracy: 0.9005
Epoch 199/350
391/391 - 24s - loss: 0.1648 - accuracy: 0.9573 - val_loss: 0.4682 - val_accuracy: 0.8960
Epoch 200/350


Snapshot weight 1 shuffle 1 at epoch 200
Layer 11
Getting activations...


391/391 - 24s - loss: 0.1640 - accuracy: 0.9568 - val_loss: 0.4564 - val_accuracy: 0.9010
Epoch 201/350
391/391 - 24s - loss: 0.1357 - accuracy: 0.9674 - val_loss: 0.4430 - val_accuracy: 0.9098
Epoch 202/350
391/391 - 23s - loss: 0.1257 - accuracy: 0.9723 - val_loss: 0.4391 - val_accuracy: 0.9108
Epoch 203/350
391/391 - 24s - loss: 0.1207 - accuracy: 0.9737 - val_loss: 0.4452 - val_accuracy: 0.9090
Epoch 204/350
391/391 - 24s - loss: 0.1178 - accuracy: 0.9742 - val_loss: 0.4642 - val_accuracy: 0.9091
Epoch 205/350
391/391 - 24s - loss: 0.1178 - accuracy: 0.9742 - val_loss: 0.4483 - val_accuracy: 0.9111
Epoch 206/350
391/391 - 24s - loss: 0.1156 - accuracy: 0.9754 - val_loss: 0.4543 - val_accuracy: 0.9109
Epoch 207/350
391/391 - 24s - loss: 0.1160 - accuracy: 0.9745 - val_loss: 0.4591 - val_accuracy: 0.9102
Epoch 208/350
391/391 - 23s - loss: 0.1123 - accuracy: 0.9766 - val_loss: 0.4634 - val_accuracy: 0.9107
Epoch 209/350
391/391 - 24s - loss: 0.1148 - accuracy: 0.9761 - val_loss: 0.4623 - val_accuracy: 0.9106
Epoch 210/350
391/391 - 24s - loss: 0.1116 - accuracy: 0.9767 - val_loss: 0.4624 - val_accuracy: 0.9109
Epoch 211/350
391/391 - 24s - loss: 0.1112 - accuracy: 0.9764 - val_loss: 0.4625 - val_accuracy: 0.9129
Epoch 212/350
391/391 - 23s - loss: 0.1126 - accuracy: 0.9761 - val_loss: 0.4601 - val_accuracy: 0.9109
Epoch 213/350
391/391 - 24s - loss: 0.1101 - accuracy: 0.9763 - val_loss: 0.4689 - val_accuracy: 0.9102
Epoch 214/350
391/391 - 24s - loss: 0.1101 - accuracy: 0.9768 - val_loss: 0.4660 - val_accuracy: 0.9132
Epoch 215/350
391/391 - 23s - loss: 0.1117 - accuracy: 0.9769 - val_loss: 0.4697 - val_accuracy: 0.9090
Epoch 216/350
391/391 - 24s - loss: 0.1116 - accuracy: 0.9761 - val_loss: 0.4796 - val_accuracy: 0.9093
Epoch 217/350
391/391 - 24s - loss: 0.1101 - accuracy: 0.9774 - val_loss: 0.4714 - val_accuracy: 0.9106
Epoch 218/350
391/391 - 23s - loss: 0.1096 - accuracy: 0.9766 - val_loss: 0.4804 - val_accuracy: 0.9098
Epoch 219/350
391/391 - 24s - loss: 0.1095 - accuracy: 0.9772 - val_loss: 0.4643 - val_accuracy: 0.9107
Epoch 220/350
391/391 - 23s - loss: 0.1081 - accuracy: 0.9777 - val_loss: 0.4753 - val_accuracy: 0.9126
Epoch 221/350
391/391 - 24s - loss: 0.1090 - accuracy: 0.9771 - val_loss: 0.4707 - val_accuracy: 0.9118
Epoch 222/350
391/391 - 24s - loss: 0.1083 - accuracy: 0.9778 - val_loss: 0.4760 - val_accuracy: 0.9106
Epoch 223/350
391/391 - 24s - loss: 0.1078 - accuracy: 0.9785 - val_loss: 0.4743 - val_accuracy: 0.9108
Epoch 224/350
391/391 - 24s - loss: 0.1078 - accuracy: 0.9781 - val_loss: 0.4741 - val_accuracy: 0.9086
Epoch 225/350
391/391 - 23s - loss: 0.1053 - accuracy: 0.9793 - val_loss: 0.4790 - val_accuracy: 0.9108
Epoch 226/350
391/391 - 24s - loss: 0.1066 - accuracy: 0.9780 - val_loss: 0.4721 - val_accuracy: 0.9101
Epoch 227/350
391/391 - 23s - loss: 0.1067 - accuracy: 0.9783 - val_loss: 0.4641 - val_accuracy: 0.9120
Epoch 228/350
391/391 - 24s - loss: 0.1058 - accuracy: 0.9783 - val_loss: 0.4777 - val_accuracy: 0.9111
Epoch 229/350
391/391 - 24s - loss: 0.1069 - accuracy: 0.9782 - val_loss: 0.4794 - val_accuracy: 0.9098
Epoch 230/350
391/391 - 23s - loss: 0.1042 - accuracy: 0.9793 - val_loss: 0.4801 - val_accuracy: 0.9109
Epoch 231/350
391/391 - 24s - loss: 0.1062 - accuracy: 0.9781 - val_loss: 0.4784 - val_accuracy: 0.9099
Epoch 232/350
391/391 - 24s - loss: 0.1067 - accuracy: 0.9791 - val_loss: 0.4713 - val_accuracy: 0.9111
Epoch 233/350
391/391 - 24s - loss: 0.1060 - accuracy: 0.9784 - val_loss: 0.4824 - val_accuracy: 0.9107
Epoch 234/350
391/391 - 24s - loss: 0.1041 - accuracy: 0.9790 - val_loss: 0.4981 - val_accuracy: 0.9085
Epoch 235/350
391/391 - 24s - loss: 0.1003 - accuracy: 0.9800 - val_loss: 0.4819 - val_accuracy: 0.9118
Epoch 236/350
391/391 - 24s - loss: 0.1029 - accuracy: 0.9797 - val_loss: 0.4831 - val_accuracy: 0.9084
Epoch 237/350
391/391 - 24s - loss: 0.1032 - accuracy: 0.9798 - val_loss: 0.4892 - val_accuracy: 0.9098
Epoch 238/350
391/391 - 24s - loss: 0.1040 - accuracy: 0.9795 - val_loss: 0.4872 - val_accuracy: 0.9098
Epoch 239/350
391/391 - 24s - loss: 0.1040 - accuracy: 0.9792 - val_loss: 0.4840 - val_accuracy: 0.9110
Epoch 240/350
391/391 - 24s - loss: 0.1059 - accuracy: 0.9785 - val_loss: 0.4829 - val_accuracy: 0.9119
Epoch 241/350
391/391 - 24s - loss: 0.1045 - accuracy: 0.9789 - val_loss: 0.4857 - val_accuracy: 0.9103
Epoch 242/350
391/391 - 24s - loss: 0.1045 - accuracy: 0.9791 - val_loss: 0.4921 - val_accuracy: 0.9105
Epoch 243/350
391/391 - 24s - loss: 0.1032 - accuracy: 0.9797 - val_loss: 0.4818 - val_accuracy: 0.9109
Epoch 244/350
391/391 - 24s - loss: 0.1035 - accuracy: 0.9790 - val_loss: 0.4915 - val_accuracy: 0.9096
Epoch 245/350
391/391 - 24s - loss: 0.0997 - accuracy: 0.9807 - val_loss: 0.4891 - val_accuracy: 0.9115
Epoch 246/350
391/391 - 24s - loss: 0.1019 - accuracy: 0.9797 - val_loss: 0.4816 - val_accuracy: 0.9110
Epoch 247/350
391/391 - 24s - loss: 0.1042 - accuracy: 0.9780 - val_loss: 0.4921 - val_accuracy: 0.9106
Epoch 248/350
391/391 - 24s - loss: 0.1022 - accuracy: 0.9797 - val_loss: 0.4861 - val_accuracy: 0.9113
Epoch 249/350
391/391 - 23s - loss: 0.1035 - accuracy: 0.9798 - val_loss: 0.4841 - val_accuracy: 0.9101
Epoch 250/350


Snapshot weight 1 shuffle 1 at epoch 250
Layer 11
Getting activations...


391/391 - 24s - loss: 0.1000 - accuracy: 0.9805 - val_loss: 0.4886 - val_accuracy: 0.9112
Epoch 251/350
391/391 - 24s - loss: 0.0988 - accuracy: 0.9813 - val_loss: 0.4871 - val_accuracy: 0.9107
Epoch 252/350
391/391 - 23s - loss: 0.1011 - accuracy: 0.9795 - val_loss: 0.4880 - val_accuracy: 0.9102
Epoch 253/350
391/391 - 23s - loss: 0.1002 - accuracy: 0.9810 - val_loss: 0.4874 - val_accuracy: 0.9105
Epoch 254/350
391/391 - 24s - loss: 0.0981 - accuracy: 0.9808 - val_loss: 0.4873 - val_accuracy: 0.9107
Epoch 255/350
391/391 - 24s - loss: 0.0990 - accuracy: 0.9812 - val_loss: 0.4878 - val_accuracy: 0.9109
Epoch 256/350
391/391 - 23s - loss: 0.1002 - accuracy: 0.9803 - val_loss: 0.4895 - val_accuracy: 0.9100
Epoch 257/350
391/391 - 24s - loss: 0.0977 - accuracy: 0.9816 - val_loss: 0.4862 - val_accuracy: 0.9101
Epoch 258/350
391/391 - 24s - loss: 0.0984 - accuracy: 0.9811 - val_loss: 0.4855 - val_accuracy: 0.9103
Epoch 259/350
391/391 - 23s - loss: 0.0965 - accuracy: 0.9828 - val_loss: 0.4850 - val_accuracy: 0.9108
Epoch 260/350
391/391 - 23s - loss: 0.0981 - accuracy: 0.9813 - val_loss: 0.4853 - val_accuracy: 0.9104
Epoch 261/350
391/391 - 23s - loss: 0.0998 - accuracy: 0.9808 - val_loss: 0.4865 - val_accuracy: 0.9107
Epoch 262/350
391/391 - 24s - loss: 0.0997 - accuracy: 0.9814 - val_loss: 0.4878 - val_accuracy: 0.9107
Epoch 263/350
391/391 - 24s - loss: 0.0968 - accuracy: 0.9818 - val_loss: 0.4849 - val_accuracy: 0.9115
Epoch 264/350
391/391 - 24s - loss: 0.0994 - accuracy: 0.9813 - val_loss: 0.4850 - val_accuracy: 0.9106
Epoch 265/350
391/391 - 23s - loss: 0.0984 - accuracy: 0.9815 - val_loss: 0.4854 - val_accuracy: 0.9112
Epoch 266/350
391/391 - 24s - loss: 0.0970 - accuracy: 0.9820 - val_loss: 0.4881 - val_accuracy: 0.9105
Epoch 267/350
391/391 - 24s - loss: 0.0985 - accuracy: 0.9812 - val_loss: 0.4878 - val_accuracy: 0.9104
Epoch 268/350
391/391 - 23s - loss: 0.0988 - accuracy: 0.9813 - val_loss: 0.4868 - val_accuracy: 0.9109
Epoch 269/350
391/391 - 23s - loss: 0.1002 - accuracy: 0.9808 - val_loss: 0.4863 - val_accuracy: 0.9118
Epoch 270/350
391/391 - 24s - loss: 0.0994 - accuracy: 0.9808 - val_loss: 0.4883 - val_accuracy: 0.9107
Epoch 271/350
391/391 - 24s - loss: 0.0981 - accuracy: 0.9812 - val_loss: 0.4879 - val_accuracy: 0.9111
Epoch 272/350
391/391 - 24s - loss: 0.0981 - accuracy: 0.9813 - val_loss: 0.4872 - val_accuracy: 0.9115
Epoch 273/350
391/391 - 23s - loss: 0.0983 - accuracy: 0.9807 - val_loss: 0.4866 - val_accuracy: 0.9113
Epoch 274/350
391/391 - 23s - loss: 0.0987 - accuracy: 0.9818 - val_loss: 0.4884 - val_accuracy: 0.9112
Epoch 275/350
391/391 - 23s - loss: 0.1000 - accuracy: 0.9804 - val_loss: 0.4867 - val_accuracy: 0.9117
Epoch 276/350
391/391 - 23s - loss: 0.0992 - accuracy: 0.9811 - val_loss: 0.4873 - val_accuracy: 0.9109
Epoch 277/350
391/391 - 24s - loss: 0.0983 - accuracy: 0.9818 - val_loss: 0.4873 - val_accuracy: 0.9113
Epoch 278/350
391/391 - 24s - loss: 0.0979 - accuracy: 0.9810 - val_loss: 0.4858 - val_accuracy: 0.9119
Epoch 279/350
391/391 - 24s - loss: 0.0974 - accuracy: 0.9818 - val_loss: 0.4881 - val_accuracy: 0.9108
Epoch 280/350
391/391 - 23s - loss: 0.0982 - accuracy: 0.9812 - val_loss: 0.4887 - val_accuracy: 0.9111
Epoch 281/350
391/391 - 24s - loss: 0.0999 - accuracy: 0.9802 - val_loss: 0.4879 - val_accuracy: 0.9115
Epoch 282/350
391/391 - 24s - loss: 0.0988 - accuracy: 0.9810 - val_loss: 0.4896 - val_accuracy: 0.9111
Epoch 283/350
391/391 - 24s - loss: 0.1011 - accuracy: 0.9799 - val_loss: 0.4857 - val_accuracy: 0.9124
Epoch 284/350
391/391 - 24s - loss: 0.0985 - accuracy: 0.9806 - val_loss: 0.4863 - val_accuracy: 0.9113
Epoch 285/350
391/391 - 24s - loss: 0.0990 - accuracy: 0.9815 - val_loss: 0.4857 - val_accuracy: 0.9110
Epoch 286/350
391/391 - 23s - loss: 0.0981 - accuracy: 0.9808 - val_loss: 0.4864 - val_accuracy: 0.9117
Epoch 287/350
391/391 - 23s - loss: 0.0985 - accuracy: 0.9814 - val_loss: 0.4841 - val_accuracy: 0.9115
Epoch 288/350
391/391 - 23s - loss: 0.0981 - accuracy: 0.9813 - val_loss: 0.4853 - val_accuracy: 0.9116
Epoch 289/350
391/391 - 24s - loss: 0.0970 - accuracy: 0.9815 - val_loss: 0.4866 - val_accuracy: 0.9109
Epoch 290/350
391/391 - 24s - loss: 0.0975 - accuracy: 0.9817 - val_loss: 0.4855 - val_accuracy: 0.9116
Epoch 291/350
391/391 - 24s - loss: 0.0997 - accuracy: 0.9814 - val_loss: 0.4876 - val_accuracy: 0.9113
Epoch 292/350
391/391 - 23s - loss: 0.0963 - accuracy: 0.9827 - val_loss: 0.4892 - val_accuracy: 0.9106
Epoch 293/350
391/391 - 24s - loss: 0.0969 - accuracy: 0.9818 - val_loss: 0.4870 - val_accuracy: 0.9110
Epoch 294/350
391/391 - 24s - loss: 0.0990 - accuracy: 0.9811 - val_loss: 0.4878 - val_accuracy: 0.9107
Epoch 295/350
391/391 - 24s - loss: 0.0999 - accuracy: 0.9807 - val_loss: 0.4860 - val_accuracy: 0.9114
Epoch 296/350
391/391 - 24s - loss: 0.0983 - accuracy: 0.9815 - val_loss: 0.4852 - val_accuracy: 0.9113
Epoch 297/350
391/391 - 23s - loss: 0.0984 - accuracy: 0.9812 - val_loss: 0.4854 - val_accuracy: 0.9117
Epoch 298/350
391/391 - 24s - loss: 0.0947 - accuracy: 0.9824 - val_loss: 0.4875 - val_accuracy: 0.9105
Epoch 299/350
391/391 - 23s - loss: 0.0969 - accuracy: 0.9817 - val_loss: 0.4877 - val_accuracy: 0.9114
Epoch 300/350


Snapshot weight 1 shuffle 1 at epoch 300
Layer 11
Getting activations...


391/391 - 24s - loss: 0.0993 - accuracy: 0.9811 - val_loss: 0.4847 - val_accuracy: 0.9119
Epoch 301/350
391/391 - 24s - loss: 0.0998 - accuracy: 0.9809 - val_loss: 0.4845 - val_accuracy: 0.9122
Epoch 302/350
391/391 - 24s - loss: 0.0968 - accuracy: 0.9818 - val_loss: 0.4851 - val_accuracy: 0.9117
Epoch 303/350
391/391 - 23s - loss: 0.0980 - accuracy: 0.9816 - val_loss: 0.4852 - val_accuracy: 0.9120
Epoch 304/350
391/391 - 24s - loss: 0.0961 - accuracy: 0.9817 - val_loss: 0.4852 - val_accuracy: 0.9121
Epoch 305/350
391/391 - 24s - loss: 0.0960 - accuracy: 0.9822 - val_loss: 0.4857 - val_accuracy: 0.9118
Epoch 306/350
391/391 - 23s - loss: 0.0952 - accuracy: 0.9826 - val_loss: 0.4857 - val_accuracy: 0.9117
Epoch 307/350
391/391 - 23s - loss: 0.0955 - accuracy: 0.9822 - val_loss: 0.4857 - val_accuracy: 0.9117
Epoch 308/350
391/391 - 23s - loss: 0.0971 - accuracy: 0.9812 - val_loss: 0.4857 - val_accuracy: 0.9115
Epoch 309/350
391/391 - 24s - loss: 0.0991 - accuracy: 0.9812 - val_loss: 0.4857 - val_accuracy: 0.9117
Epoch 310/350
391/391 - 24s - loss: 0.0974 - accuracy: 0.9814 - val_loss: 0.4861 - val_accuracy: 0.9118
Epoch 311/350
391/391 - 24s - loss: 0.0970 - accuracy: 0.9816 - val_loss: 0.4865 - val_accuracy: 0.9116
Epoch 312/350
391/391 - 23s - loss: 0.0995 - accuracy: 0.9807 - val_loss: 0.4866 - val_accuracy: 0.9114
Epoch 313/350
391/391 - 24s - loss: 0.0977 - accuracy: 0.9816 - val_loss: 0.4867 - val_accuracy: 0.9114
Epoch 314/350
391/391 - 24s - loss: 0.0967 - accuracy: 0.9819 - val_loss: 0.4872 - val_accuracy: 0.9114
Epoch 315/350
391/391 - 24s - loss: 0.0976 - accuracy: 0.9811 - val_loss: 0.4872 - val_accuracy: 0.9115
Epoch 316/350
391/391 - 23s - loss: 0.0987 - accuracy: 0.9811 - val_loss: 0.4869 - val_accuracy: 0.9117
Epoch 317/350
391/391 - 24s - loss: 0.0968 - accuracy: 0.9821 - val_loss: 0.4870 - val_accuracy: 0.9118
Epoch 318/350
391/391 - 24s - loss: 0.0958 - accuracy: 0.9826 - val_loss: 0.4871 - val_accuracy: 0.9116
Epoch 319/350
391/391 - 24s - loss: 0.0974 - accuracy: 0.9820 - val_loss: 0.4875 - val_accuracy: 0.9113
Epoch 320/350
391/391 - 23s - loss: 0.0978 - accuracy: 0.9818 - val_loss: 0.4876 - val_accuracy: 0.9115
Epoch 321/350
391/391 - 24s - loss: 0.0977 - accuracy: 0.9820 - val_loss: 0.4873 - val_accuracy: 0.9116
Epoch 322/350
391/391 - 24s - loss: 0.0956 - accuracy: 0.9823 - val_loss: 0.4872 - val_accuracy: 0.9117
Epoch 323/350
391/391 - 23s - loss: 0.0967 - accuracy: 0.9821 - val_loss: 0.4874 - val_accuracy: 0.9116
Epoch 324/350
391/391 - 24s - loss: 0.0975 - accuracy: 0.9818 - val_loss: 0.4876 - val_accuracy: 0.9115
Epoch 325/350
391/391 - 24s - loss: 0.0979 - accuracy: 0.9815 - val_loss: 0.4874 - val_accuracy: 0.9116
Epoch 326/350
391/391 - 24s - loss: 0.0983 - accuracy: 0.9812 - val_loss: 0.4874 - val_accuracy: 0.9114
Epoch 327/350
391/391 - 23s - loss: 0.0978 - accuracy: 0.9816 - val_loss: 0.4880 - val_accuracy: 0.9111
Epoch 328/350
391/391 - 24s - loss: 0.0973 - accuracy: 0.9818 - val_loss: 0.4877 - val_accuracy: 0.9115
Epoch 329/350
391/391 - 23s - loss: 0.0952 - accuracy: 0.9820 - val_loss: 0.4876 - val_accuracy: 0.9117
Epoch 330/350
391/391 - 24s - loss: 0.0968 - accuracy: 0.9816 - val_loss: 0.4876 - val_accuracy: 0.9116
Epoch 331/350
391/391 - 24s - loss: 0.0980 - accuracy: 0.9817 - val_loss: 0.4871 - val_accuracy: 0.9118
Epoch 332/350
391/391 - 23s - loss: 0.0954 - accuracy: 0.9830 - val_loss: 0.4869 - val_accuracy: 0.9119
Epoch 333/350
391/391 - 24s - loss: 0.0975 - accuracy: 0.9810 - val_loss: 0.4873 - val_accuracy: 0.9116
Epoch 334/350
391/391 - 24s - loss: 0.0965 - accuracy: 0.9818 - val_loss: 0.4872 - val_accuracy: 0.9118
Epoch 335/350
391/391 - 23s - loss: 0.0962 - accuracy: 0.9826 - val_loss: 0.4875 - val_accuracy: 0.9116
Epoch 336/350
391/391 - 24s - loss: 0.0976 - accuracy: 0.9815 - val_loss: 0.4878 - val_accuracy: 0.9114
Epoch 337/350
391/391 - 24s - loss: 0.0977 - accuracy: 0.9813 - val_loss: 0.4880 - val_accuracy: 0.9113
Epoch 338/350
391/391 - 23s - loss: 0.0954 - accuracy: 0.9826 - val_loss: 0.4882 - val_accuracy: 0.9111
Epoch 339/350
391/391 - 24s - loss: 0.0954 - accuracy: 0.9823 - val_loss: 0.4881 - val_accuracy: 0.9111
Epoch 340/350
391/391 - 24s - loss: 0.0966 - accuracy: 0.9817 - val_loss: 0.4881 - val_accuracy: 0.9112
Epoch 341/350
391/391 - 24s - loss: 0.0952 - accuracy: 0.9825 - val_loss: 0.4884 - val_accuracy: 0.9115
Epoch 342/350
391/391 - 23s - loss: 0.0977 - accuracy: 0.9816 - val_loss: 0.4881 - val_accuracy: 0.9115
Epoch 343/350
391/391 - 24s - loss: 0.0997 - accuracy: 0.9813 - val_loss: 0.4880 - val_accuracy: 0.9116
Epoch 344/350
391/391 - 23s - loss: 0.0978 - accuracy: 0.9817 - val_loss: 0.4880 - val_accuracy: 0.9116
Epoch 345/350
391/391 - 24s - loss: 0.0957 - accuracy: 0.9818 - val_loss: 0.4879 - val_accuracy: 0.9116
Epoch 346/350
391/391 - 24s - loss: 0.0988 - accuracy: 0.9813 - val_loss: 0.4874 - val_accuracy: 0.9119
Epoch 347/350
391/391 - 23s - loss: 0.0978 - accuracy: 0.9816 - val_loss: 0.4872 - val_accuracy: 0.9119
Epoch 348/350
391/391 - 24s - loss: 0.0981 - accuracy: 0.9816 - val_loss: 0.4879 - val_accuracy: 0.9119
Epoch 349/350
391/391 - 23s - loss: 0.0973 - accuracy: 0.9807 - val_loss: 0.4879 - val_accuracy: 0.9120
Epoch 350/350


Snapshot weight 1 shuffle 1 at epoch 350
Layer 11
Getting activations...


391/391 - 24s - loss: 0.0967 - accuracy: 0.9819 - val_loss: 0.4880 - val_accuracy: 0.9118
/usr/local/lib/python3.6/dist-packages/tensorflow/python/autograph/impl/api.py:493: UserWarning: fill_value is not supported and is always 0 for TensorFlow < 2.4.0.
  return py_builtins.overload_of(f)(*args)
WARNING:tensorflow:From /usr/local/lib/python3.6/dist-packages/tensorflow/python/training/tracking/tracking.py:111: Model.state_updates (from tensorflow.python.keras.engine.training) is deprecated and will be removed in a future version.
Instructions for updating:
This property should not be used in TensorFlow 2.0, as updates are applied automatically.
2021-07-01 21:06:36.364728: W tensorflow/python/util/util.cc:348] Sets are not currently considered sequences, but this may change in the future, so consider avoiding using them.
WARNING:tensorflow:From /usr/local/lib/python3.6/dist-packages/tensorflow/python/training/tracking/tracking.py:111: Layer.updates (from tensorflow.python.keras.engine.base_layer) is deprecated and will be removed in a future version.
Instructions for updating:
This property should not be used in TensorFlow 2.0, as updates are applied automatically.
Saving, final validation acc: 0.9118000268936157
