2021-07-01 23:31:12.998978: I tensorflow/stream_executor/platform/default/dso_loader.cc:48] Successfully opened dynamic library libcudart.so.10.1
2021-07-01 23:32:45.679909: I tensorflow/stream_executor/platform/default/dso_loader.cc:48] Successfully opened dynamic library libcuda.so.1
2021-07-01 23:32:45.716335: I tensorflow/core/common_runtime/gpu/gpu_device.cc:1716] Found device 0 with properties: 
pciBusID: 0000:02:00.0 name: NVIDIA TITAN X (Pascal) computeCapability: 6.1
coreClock: 1.531GHz coreCount: 28 deviceMemorySize: 11.91GiB deviceMemoryBandwidth: 447.48GiB/s
2021-07-01 23:32:45.716407: I tensorflow/stream_executor/platform/default/dso_loader.cc:48] Successfully opened dynamic library libcudart.so.10.1
2021-07-01 23:32:45.758653: I tensorflow/stream_executor/platform/default/dso_loader.cc:48] Successfully opened dynamic library libcublas.so.10
2021-07-01 23:32:45.779864: I tensorflow/stream_executor/platform/default/dso_loader.cc:48] Successfully opened dynamic library libcufft.so.10
2021-07-01 23:32:45.788295: I tensorflow/stream_executor/platform/default/dso_loader.cc:48] Successfully opened dynamic library libcurand.so.10
2021-07-01 23:32:45.832375: I tensorflow/stream_executor/platform/default/dso_loader.cc:48] Successfully opened dynamic library libcusolver.so.10
2021-07-01 23:32:45.841087: I tensorflow/stream_executor/platform/default/dso_loader.cc:48] Successfully opened dynamic library libcusparse.so.10
2021-07-01 23:32:45.920500: I tensorflow/stream_executor/platform/default/dso_loader.cc:48] Successfully opened dynamic library libcudnn.so.7
2021-07-01 23:32:45.923884: I tensorflow/core/common_runtime/gpu/gpu_device.cc:1858] Adding visible gpu devices: 0
2021-07-01 23:32:45.927594: I tensorflow/core/platform/cpu_feature_guard.cc:142] This TensorFlow binary is optimized with oneAPI Deep Neural Network Library (oneDNN)to use the following CPU instructions in performance-critical operations:  AVX2 FMA
To enable them in other operations, rebuild TensorFlow with the appropriate compiler flags.
2021-07-01 23:32:45.943126: I tensorflow/core/platform/profile_utils/cpu_utils.cc:104] CPU Frequency: 2599840000 Hz
2021-07-01 23:32:45.943245: I tensorflow/compiler/xla/service/service.cc:168] XLA service 0x426ece0 initialized for platform Host (this does not guarantee that XLA will be used). Devices:
2021-07-01 23:32:45.943264: I tensorflow/compiler/xla/service/service.cc:176]   StreamExecutor device (0): Host, Default Version
2021-07-01 23:32:46.073947: I tensorflow/compiler/xla/service/service.cc:168] XLA service 0x4237eb0 initialized for platform CUDA (this does not guarantee that XLA will be used). Devices:
2021-07-01 23:32:46.074011: I tensorflow/compiler/xla/service/service.cc:176]   StreamExecutor device (0): NVIDIA TITAN X (Pascal), Compute Capability 6.1
2021-07-01 23:32:46.076450: I tensorflow/core/common_runtime/gpu/gpu_device.cc:1716] Found device 0 with properties: 
pciBusID: 0000:02:00.0 name: NVIDIA TITAN X (Pascal) computeCapability: 6.1
coreClock: 1.531GHz coreCount: 28 deviceMemorySize: 11.91GiB deviceMemoryBandwidth: 447.48GiB/s
2021-07-01 23:32:46.076487: I tensorflow/stream_executor/platform/default/dso_loader.cc:48] Successfully opened dynamic library libcudart.so.10.1
2021-07-01 23:32:46.076516: I tensorflow/stream_executor/platform/default/dso_loader.cc:48] Successfully opened dynamic library libcublas.so.10
2021-07-01 23:32:46.076541: I tensorflow/stream_executor/platform/default/dso_loader.cc:48] Successfully opened dynamic library libcufft.so.10
2021-07-01 23:32:46.076560: I tensorflow/stream_executor/platform/default/dso_loader.cc:48] Successfully opened dynamic library libcurand.so.10
2021-07-01 23:32:46.076576: I tensorflow/stream_executor/platform/default/dso_loader.cc:48] Successfully opened dynamic library libcusolver.so.10
2021-07-01 23:32:46.076592: I tensorflow/stream_executor/platform/default/dso_loader.cc:48] Successfully opened dynamic library libcusparse.so.10
2021-07-01 23:32:46.077219: I tensorflow/stream_executor/platform/default/dso_loader.cc:48] Successfully opened dynamic library libcudnn.so.7
2021-07-01 23:32:46.078875: I tensorflow/core/common_runtime/gpu/gpu_device.cc:1858] Adding visible gpu devices: 0
2021-07-01 23:32:46.080743: I tensorflow/stream_executor/platform/default/dso_loader.cc:48] Successfully opened dynamic library libcudart.so.10.1
2021-07-01 23:32:47.872966: I tensorflow/core/common_runtime/gpu/gpu_device.cc:1257] Device interconnect StreamExecutor with strength 1 edge matrix:
2021-07-01 23:32:47.873040: I tensorflow/core/common_runtime/gpu/gpu_device.cc:1263]      0 
2021-07-01 23:32:47.873052: I tensorflow/core/common_runtime/gpu/gpu_device.cc:1276] 0:   N 
2021-07-01 23:32:47.879571: I tensorflow/core/common_runtime/gpu/gpu_device.cc:1402] Created TensorFlow device (/job:localhost/replica:0/task:0/device:GPU:0 with 11228 MB memory) -> physical GPU (device: 0, name: NVIDIA TITAN X (Pascal), pci bus id: 0000:02:00.0, compute capability: 6.1)
2021-07-01 23:32:53.627695: I tensorflow/stream_executor/platform/default/dso_loader.cc:48] Successfully opened dynamic library libcudnn.so.7
2021-07-01 23:32:56.121193: I tensorflow/stream_executor/platform/default/dso_loader.cc:48] Successfully opened dynamic library libcublas.so.10
Using model index: 26
Making train data...
GCN...
ZCA...
Done!
Making test data...
Done!
Epoch 1/350


Snapshot weight 6 shuffle 2 at epoch 1
Layer 11
Getting activations...


391/391 - 25s - loss: 2.3150 - accuracy: 0.1113 - val_loss: 2.2675 - val_accuracy: 0.1599
Epoch 2/350


Snapshot weight 6 shuffle 2 at epoch 2
Layer 11
Getting activations...


391/391 - 25s - loss: 2.1317 - accuracy: 0.2126 - val_loss: 1.8802 - val_accuracy: 0.2966
Epoch 3/350


Snapshot weight 6 shuffle 2 at epoch 3
Layer 11
Getting activations...


391/391 - 25s - loss: 1.7682 - accuracy: 0.3524 - val_loss: 1.7355 - val_accuracy: 0.3930
Epoch 4/350


Snapshot weight 6 shuffle 2 at epoch 4
Layer 11
Getting activations...


391/391 - 25s - loss: 1.5379 - accuracy: 0.4530 - val_loss: 1.5418 - val_accuracy: 0.4861
Epoch 5/350


Snapshot weight 6 shuffle 2 at epoch 5
Layer 11
Getting activations...


391/391 - 25s - loss: 1.3836 - accuracy: 0.5105 - val_loss: 1.3338 - val_accuracy: 0.5386
Epoch 6/350


Snapshot weight 6 shuffle 2 at epoch 6
Layer 11
Getting activations...


391/391 - 25s - loss: 1.2646 - accuracy: 0.5552 - val_loss: 1.1815 - val_accuracy: 0.5931
Epoch 7/350


Snapshot weight 6 shuffle 2 at epoch 7
Layer 11
Getting activations...


391/391 - 25s - loss: 1.1720 - accuracy: 0.5905 - val_loss: 1.0722 - val_accuracy: 0.6301
Epoch 8/350


Snapshot weight 6 shuffle 2 at epoch 8
Layer 11
Getting activations...


391/391 - 25s - loss: 1.1194 - accuracy: 0.6078 - val_loss: 1.1142 - val_accuracy: 0.6289
Epoch 9/350


Snapshot weight 6 shuffle 2 at epoch 9
Layer 11
Getting activations...


391/391 - 25s - loss: 1.0628 - accuracy: 0.6320 - val_loss: 0.9517 - val_accuracy: 0.6711
Epoch 10/350


Snapshot weight 6 shuffle 2 at epoch 10
Layer 11
Getting activations...


391/391 - 25s - loss: 1.0153 - accuracy: 0.6478 - val_loss: 1.0291 - val_accuracy: 0.6546
Epoch 11/350
391/391 - 25s - loss: 0.9727 - accuracy: 0.6620 - val_loss: 0.9215 - val_accuracy: 0.6845
Epoch 12/350
391/391 - 25s - loss: 0.9448 - accuracy: 0.6745 - val_loss: 0.8805 - val_accuracy: 0.6975
Epoch 13/350
391/391 - 25s - loss: 0.9001 - accuracy: 0.6907 - val_loss: 0.8551 - val_accuracy: 0.7101
Epoch 14/350
391/391 - 25s - loss: 0.8778 - accuracy: 0.6973 - val_loss: 0.8041 - val_accuracy: 0.7297
Epoch 15/350
391/391 - 25s - loss: 0.8343 - accuracy: 0.7152 - val_loss: 0.7969 - val_accuracy: 0.7311
Epoch 16/350
391/391 - 25s - loss: 0.8060 - accuracy: 0.7266 - val_loss: 0.7632 - val_accuracy: 0.7454
Epoch 17/350
391/391 - 25s - loss: 0.7818 - accuracy: 0.7340 - val_loss: 0.7064 - val_accuracy: 0.7618
Epoch 18/350
391/391 - 25s - loss: 0.7476 - accuracy: 0.7485 - val_loss: 0.7440 - val_accuracy: 0.7585
Epoch 19/350
391/391 - 25s - loss: 0.7375 - accuracy: 0.7531 - val_loss: 0.7005 - val_accuracy: 0.7697
Epoch 20/350
391/391 - 25s - loss: 0.7151 - accuracy: 0.7581 - val_loss: 0.6892 - val_accuracy: 0.7747
Epoch 21/350
391/391 - 25s - loss: 0.6860 - accuracy: 0.7700 - val_loss: 0.6812 - val_accuracy: 0.7724
Epoch 22/350
391/391 - 25s - loss: 0.6677 - accuracy: 0.7757 - val_loss: 0.6328 - val_accuracy: 0.7952
Epoch 23/350
391/391 - 25s - loss: 0.6525 - accuracy: 0.7832 - val_loss: 0.6153 - val_accuracy: 0.7994
Epoch 24/350
391/391 - 25s - loss: 0.6386 - accuracy: 0.7891 - val_loss: 0.6923 - val_accuracy: 0.7796
Epoch 25/350
391/391 - 25s - loss: 0.6174 - accuracy: 0.7957 - val_loss: 0.5824 - val_accuracy: 0.8140
Epoch 26/350
391/391 - 25s - loss: 0.6005 - accuracy: 0.8014 - val_loss: 0.5794 - val_accuracy: 0.8104
Epoch 27/350
391/391 - 25s - loss: 0.5917 - accuracy: 0.8043 - val_loss: 0.5592 - val_accuracy: 0.8202
Epoch 28/350
391/391 - 25s - loss: 0.5793 - accuracy: 0.8090 - val_loss: 0.5930 - val_accuracy: 0.8135
Epoch 29/350
391/391 - 24s - loss: 0.5692 - accuracy: 0.8129 - val_loss: 0.5323 - val_accuracy: 0.8336
Epoch 30/350
391/391 - 25s - loss: 0.5571 - accuracy: 0.8164 - val_loss: 0.5378 - val_accuracy: 0.8249
Epoch 31/350
391/391 - 25s - loss: 0.5459 - accuracy: 0.8205 - val_loss: 0.5615 - val_accuracy: 0.8186
Epoch 32/350
391/391 - 25s - loss: 0.5314 - accuracy: 0.8256 - val_loss: 0.5327 - val_accuracy: 0.8317
Epoch 33/350
391/391 - 25s - loss: 0.5231 - accuracy: 0.8296 - val_loss: 0.5112 - val_accuracy: 0.8365
Epoch 34/350
391/391 - 25s - loss: 0.5195 - accuracy: 0.8305 - val_loss: 0.5490 - val_accuracy: 0.8263
Epoch 35/350
391/391 - 25s - loss: 0.5121 - accuracy: 0.8331 - val_loss: 0.5055 - val_accuracy: 0.8386
Epoch 36/350
391/391 - 25s - loss: 0.5035 - accuracy: 0.8370 - val_loss: 0.4924 - val_accuracy: 0.8439
Epoch 37/350
391/391 - 25s - loss: 0.5000 - accuracy: 0.8362 - val_loss: 0.5336 - val_accuracy: 0.8347
Epoch 38/350
391/391 - 25s - loss: 0.4852 - accuracy: 0.8413 - val_loss: 0.4977 - val_accuracy: 0.8404
Epoch 39/350
391/391 - 25s - loss: 0.4759 - accuracy: 0.8455 - val_loss: 0.4788 - val_accuracy: 0.8490
Epoch 40/350
391/391 - 25s - loss: 0.4722 - accuracy: 0.8460 - val_loss: 0.4850 - val_accuracy: 0.8465
Epoch 41/350
391/391 - 25s - loss: 0.4614 - accuracy: 0.8512 - val_loss: 0.5070 - val_accuracy: 0.8426
Epoch 42/350
391/391 - 25s - loss: 0.4574 - accuracy: 0.8517 - val_loss: 0.4846 - val_accuracy: 0.8533
Epoch 43/350
391/391 - 25s - loss: 0.4459 - accuracy: 0.8569 - val_loss: 0.5022 - val_accuracy: 0.8487
Epoch 44/350
391/391 - 25s - loss: 0.4365 - accuracy: 0.8583 - val_loss: 0.4569 - val_accuracy: 0.8611
Epoch 45/350
391/391 - 25s - loss: 0.4337 - accuracy: 0.8587 - val_loss: 0.4837 - val_accuracy: 0.8547
Epoch 46/350
391/391 - 25s - loss: 0.4256 - accuracy: 0.8620 - val_loss: 0.4766 - val_accuracy: 0.8534
Epoch 47/350
391/391 - 25s - loss: 0.4296 - accuracy: 0.8625 - val_loss: 0.4650 - val_accuracy: 0.8575
Epoch 48/350
391/391 - 24s - loss: 0.4187 - accuracy: 0.8652 - val_loss: 0.4402 - val_accuracy: 0.8615
Epoch 49/350
391/391 - 25s - loss: 0.4152 - accuracy: 0.8659 - val_loss: 0.5002 - val_accuracy: 0.8467
Epoch 50/350


Snapshot weight 6 shuffle 2 at epoch 50
Layer 11
Getting activations...


391/391 - 25s - loss: 0.4116 - accuracy: 0.8680 - val_loss: 0.4498 - val_accuracy: 0.8617
Epoch 51/350
391/391 - 25s - loss: 0.4035 - accuracy: 0.8710 - val_loss: 0.4591 - val_accuracy: 0.8627
Epoch 52/350
391/391 - 24s - loss: 0.4004 - accuracy: 0.8725 - val_loss: 0.4662 - val_accuracy: 0.8607
Epoch 53/350
391/391 - 25s - loss: 0.3946 - accuracy: 0.8734 - val_loss: 0.4596 - val_accuracy: 0.8577
Epoch 54/350
391/391 - 25s - loss: 0.3888 - accuracy: 0.8774 - val_loss: 0.4434 - val_accuracy: 0.8610
Epoch 55/350
391/391 - 25s - loss: 0.3859 - accuracy: 0.8754 - val_loss: 0.4523 - val_accuracy: 0.8640
Epoch 56/350
391/391 - 25s - loss: 0.3788 - accuracy: 0.8793 - val_loss: 0.4356 - val_accuracy: 0.8678
Epoch 57/350
391/391 - 25s - loss: 0.3840 - accuracy: 0.8775 - val_loss: 0.4510 - val_accuracy: 0.8687
Epoch 58/350
391/391 - 25s - loss: 0.3714 - accuracy: 0.8809 - val_loss: 0.4652 - val_accuracy: 0.8638
Epoch 59/350
391/391 - 24s - loss: 0.3740 - accuracy: 0.8802 - val_loss: 0.4538 - val_accuracy: 0.8634
Epoch 60/350
391/391 - 24s - loss: 0.3700 - accuracy: 0.8819 - val_loss: 0.4575 - val_accuracy: 0.8659
Epoch 61/350
391/391 - 25s - loss: 0.3581 - accuracy: 0.8857 - val_loss: 0.4380 - val_accuracy: 0.8699
Epoch 62/350
391/391 - 25s - loss: 0.3663 - accuracy: 0.8826 - val_loss: 0.4284 - val_accuracy: 0.8708
Epoch 63/350
391/391 - 24s - loss: 0.3430 - accuracy: 0.8909 - val_loss: 0.4302 - val_accuracy: 0.8737
Epoch 64/350
391/391 - 25s - loss: 0.3528 - accuracy: 0.8885 - val_loss: 0.4527 - val_accuracy: 0.8664
Epoch 65/350
391/391 - 25s - loss: 0.3459 - accuracy: 0.8904 - val_loss: 0.4556 - val_accuracy: 0.8674
Epoch 66/350
391/391 - 24s - loss: 0.3441 - accuracy: 0.8924 - val_loss: 0.4503 - val_accuracy: 0.8712
Epoch 67/350
391/391 - 25s - loss: 0.3432 - accuracy: 0.8922 - val_loss: 0.4324 - val_accuracy: 0.8677
Epoch 68/350
391/391 - 25s - loss: 0.3388 - accuracy: 0.8916 - val_loss: 0.4445 - val_accuracy: 0.8654
Epoch 69/350
391/391 - 25s - loss: 0.3342 - accuracy: 0.8948 - val_loss: 0.4420 - val_accuracy: 0.8702
Epoch 70/350
391/391 - 25s - loss: 0.3315 - accuracy: 0.8960 - val_loss: 0.4253 - val_accuracy: 0.8720
Epoch 71/350
391/391 - 24s - loss: 0.3267 - accuracy: 0.8970 - val_loss: 0.4466 - val_accuracy: 0.8666
Epoch 72/350
391/391 - 25s - loss: 0.3257 - accuracy: 0.8972 - val_loss: 0.4211 - val_accuracy: 0.8762
Epoch 73/350
391/391 - 25s - loss: 0.3173 - accuracy: 0.8995 - val_loss: 0.4965 - val_accuracy: 0.8576
Epoch 74/350
391/391 - 25s - loss: 0.3212 - accuracy: 0.8991 - val_loss: 0.4597 - val_accuracy: 0.8670
Epoch 75/350
391/391 - 25s - loss: 0.3140 - accuracy: 0.9022 - val_loss: 0.4224 - val_accuracy: 0.8779
Epoch 76/350
391/391 - 25s - loss: 0.3086 - accuracy: 0.9044 - val_loss: 0.4134 - val_accuracy: 0.8782
Epoch 77/350
391/391 - 25s - loss: 0.3083 - accuracy: 0.9025 - val_loss: 0.3959 - val_accuracy: 0.8844
Epoch 78/350
391/391 - 25s - loss: 0.3042 - accuracy: 0.9050 - val_loss: 0.4369 - val_accuracy: 0.8748
Epoch 79/350
391/391 - 25s - loss: 0.3081 - accuracy: 0.9048 - val_loss: 0.4262 - val_accuracy: 0.8757
Epoch 80/350
391/391 - 25s - loss: 0.3036 - accuracy: 0.9060 - val_loss: 0.4280 - val_accuracy: 0.8765
Epoch 81/350
391/391 - 24s - loss: 0.2940 - accuracy: 0.9079 - val_loss: 0.4505 - val_accuracy: 0.8700
Epoch 82/350
391/391 - 24s - loss: 0.2973 - accuracy: 0.9065 - val_loss: 0.4319 - val_accuracy: 0.8752
Epoch 83/350
391/391 - 25s - loss: 0.2960 - accuracy: 0.9079 - val_loss: 0.4403 - val_accuracy: 0.8823
Epoch 84/350
391/391 - 25s - loss: 0.2890 - accuracy: 0.9102 - val_loss: 0.4266 - val_accuracy: 0.8792
Epoch 85/350
391/391 - 25s - loss: 0.2884 - accuracy: 0.9105 - val_loss: 0.4137 - val_accuracy: 0.8811
Epoch 86/350
391/391 - 25s - loss: 0.2881 - accuracy: 0.9118 - val_loss: 0.4156 - val_accuracy: 0.8830
Epoch 87/350
391/391 - 25s - loss: 0.2880 - accuracy: 0.9118 - val_loss: 0.4166 - val_accuracy: 0.8833
Epoch 88/350
391/391 - 25s - loss: 0.2808 - accuracy: 0.9135 - val_loss: 0.4307 - val_accuracy: 0.8779
Epoch 89/350
391/391 - 25s - loss: 0.2836 - accuracy: 0.9140 - val_loss: 0.4128 - val_accuracy: 0.8798
Epoch 90/350
391/391 - 25s - loss: 0.2789 - accuracy: 0.9137 - val_loss: 0.4131 - val_accuracy: 0.8802
Epoch 91/350
391/391 - 25s - loss: 0.2815 - accuracy: 0.9131 - val_loss: 0.4154 - val_accuracy: 0.8815
Epoch 92/350
391/391 - 25s - loss: 0.2733 - accuracy: 0.9168 - val_loss: 0.4037 - val_accuracy: 0.8855
Epoch 93/350
391/391 - 25s - loss: 0.2715 - accuracy: 0.9167 - val_loss: 0.4400 - val_accuracy: 0.8796
Epoch 94/350
391/391 - 25s - loss: 0.2702 - accuracy: 0.9174 - val_loss: 0.4333 - val_accuracy: 0.8779
Epoch 95/350
391/391 - 25s - loss: 0.2717 - accuracy: 0.9171 - val_loss: 0.4071 - val_accuracy: 0.8845
Epoch 96/350
391/391 - 25s - loss: 0.2665 - accuracy: 0.9181 - val_loss: 0.4573 - val_accuracy: 0.8795
Epoch 97/350
391/391 - 25s - loss: 0.2648 - accuracy: 0.9187 - val_loss: 0.4263 - val_accuracy: 0.8820
Epoch 98/350
391/391 - 25s - loss: 0.2645 - accuracy: 0.9185 - val_loss: 0.4514 - val_accuracy: 0.8782
Epoch 99/350
391/391 - 25s - loss: 0.2642 - accuracy: 0.9206 - val_loss: 0.4230 - val_accuracy: 0.8830
Epoch 100/350


Snapshot weight 6 shuffle 2 at epoch 100
Layer 11
Getting activations...


391/391 - 25s - loss: 0.2600 - accuracy: 0.9204 - val_loss: 0.4377 - val_accuracy: 0.8830
Epoch 101/350
391/391 - 25s - loss: 0.2576 - accuracy: 0.9222 - val_loss: 0.4471 - val_accuracy: 0.8767
Epoch 102/350
391/391 - 25s - loss: 0.2569 - accuracy: 0.9223 - val_loss: 0.4407 - val_accuracy: 0.8827
Epoch 103/350
391/391 - 25s - loss: 0.2512 - accuracy: 0.9254 - val_loss: 0.4674 - val_accuracy: 0.8748
Epoch 104/350
391/391 - 25s - loss: 0.2592 - accuracy: 0.9218 - val_loss: 0.4494 - val_accuracy: 0.8770
Epoch 105/350
391/391 - 25s - loss: 0.2514 - accuracy: 0.9247 - val_loss: 0.4546 - val_accuracy: 0.8763
Epoch 106/350
391/391 - 25s - loss: 0.2520 - accuracy: 0.9228 - val_loss: 0.4214 - val_accuracy: 0.8827
Epoch 107/350
391/391 - 25s - loss: 0.2510 - accuracy: 0.9239 - val_loss: 0.4469 - val_accuracy: 0.8829
Epoch 108/350
391/391 - 25s - loss: 0.2461 - accuracy: 0.9258 - val_loss: 0.4501 - val_accuracy: 0.8818
Epoch 109/350
391/391 - 25s - loss: 0.2451 - accuracy: 0.9276 - val_loss: 0.4055 - val_accuracy: 0.8844
Epoch 110/350
391/391 - 25s - loss: 0.2445 - accuracy: 0.9270 - val_loss: 0.4382 - val_accuracy: 0.8840
Epoch 111/350
391/391 - 25s - loss: 0.2437 - accuracy: 0.9270 - val_loss: 0.4022 - val_accuracy: 0.8914
Epoch 112/350
391/391 - 24s - loss: 0.2372 - accuracy: 0.9284 - val_loss: 0.4170 - val_accuracy: 0.8893
Epoch 113/350
391/391 - 25s - loss: 0.2368 - accuracy: 0.9291 - val_loss: 0.4096 - val_accuracy: 0.8880
Epoch 114/350
391/391 - 24s - loss: 0.2370 - accuracy: 0.9307 - val_loss: 0.4436 - val_accuracy: 0.8844
Epoch 115/350
391/391 - 25s - loss: 0.2392 - accuracy: 0.9286 - val_loss: 0.4228 - val_accuracy: 0.8852
Epoch 116/350
391/391 - 25s - loss: 0.2373 - accuracy: 0.9287 - val_loss: 0.4472 - val_accuracy: 0.8848
Epoch 117/350
391/391 - 25s - loss: 0.2277 - accuracy: 0.9339 - val_loss: 0.4499 - val_accuracy: 0.8855
Epoch 118/350
391/391 - 25s - loss: 0.2353 - accuracy: 0.9312 - val_loss: 0.4436 - val_accuracy: 0.8885
Epoch 119/350
391/391 - 25s - loss: 0.2322 - accuracy: 0.9318 - val_loss: 0.4021 - val_accuracy: 0.8883
Epoch 120/350
391/391 - 25s - loss: 0.2279 - accuracy: 0.9326 - val_loss: 0.4353 - val_accuracy: 0.8889
Epoch 121/350
391/391 - 25s - loss: 0.2257 - accuracy: 0.9341 - val_loss: 0.4205 - val_accuracy: 0.8878
Epoch 122/350
391/391 - 25s - loss: 0.2311 - accuracy: 0.9318 - val_loss: 0.4242 - val_accuracy: 0.8847
Epoch 123/350
391/391 - 25s - loss: 0.2294 - accuracy: 0.9330 - val_loss: 0.4393 - val_accuracy: 0.8863
Epoch 124/350
391/391 - 25s - loss: 0.2231 - accuracy: 0.9344 - val_loss: 0.4422 - val_accuracy: 0.8881
Epoch 125/350
391/391 - 25s - loss: 0.2255 - accuracy: 0.9345 - val_loss: 0.4462 - val_accuracy: 0.8811
Epoch 126/350
391/391 - 25s - loss: 0.2274 - accuracy: 0.9340 - val_loss: 0.4445 - val_accuracy: 0.8851
Epoch 127/350
391/391 - 24s - loss: 0.2245 - accuracy: 0.9347 - val_loss: 0.4215 - val_accuracy: 0.8858
Epoch 128/350
391/391 - 25s - loss: 0.2209 - accuracy: 0.9348 - val_loss: 0.4261 - val_accuracy: 0.8913
Epoch 129/350
391/391 - 24s - loss: 0.2204 - accuracy: 0.9366 - val_loss: 0.4271 - val_accuracy: 0.8895
Epoch 130/350
391/391 - 25s - loss: 0.2188 - accuracy: 0.9363 - val_loss: 0.4397 - val_accuracy: 0.8886
Epoch 131/350
391/391 - 25s - loss: 0.2188 - accuracy: 0.9377 - val_loss: 0.4263 - val_accuracy: 0.8884
Epoch 132/350
391/391 - 25s - loss: 0.2168 - accuracy: 0.9377 - val_loss: 0.4370 - val_accuracy: 0.8866
Epoch 133/350
391/391 - 25s - loss: 0.2161 - accuracy: 0.9382 - val_loss: 0.4299 - val_accuracy: 0.8880
Epoch 134/350
391/391 - 25s - loss: 0.2148 - accuracy: 0.9382 - val_loss: 0.4505 - val_accuracy: 0.8893
Epoch 135/350
391/391 - 25s - loss: 0.2115 - accuracy: 0.9394 - val_loss: 0.4617 - val_accuracy: 0.8864
Epoch 136/350
391/391 - 25s - loss: 0.2088 - accuracy: 0.9399 - val_loss: 0.4361 - val_accuracy: 0.8909
Epoch 137/350
391/391 - 25s - loss: 0.2112 - accuracy: 0.9403 - val_loss: 0.4694 - val_accuracy: 0.8802
Epoch 138/350
391/391 - 25s - loss: 0.2094 - accuracy: 0.9407 - val_loss: 0.4310 - val_accuracy: 0.8882
Epoch 139/350
391/391 - 25s - loss: 0.2063 - accuracy: 0.9415 - val_loss: 0.4443 - val_accuracy: 0.8878
Epoch 140/350
391/391 - 25s - loss: 0.2079 - accuracy: 0.9418 - val_loss: 0.4256 - val_accuracy: 0.8915
Epoch 141/350
391/391 - 25s - loss: 0.2063 - accuracy: 0.9416 - val_loss: 0.4290 - val_accuracy: 0.8902
Epoch 142/350
391/391 - 25s - loss: 0.2062 - accuracy: 0.9423 - val_loss: 0.4775 - val_accuracy: 0.8864
Epoch 143/350
391/391 - 25s - loss: 0.2048 - accuracy: 0.9420 - val_loss: 0.4528 - val_accuracy: 0.8880
Epoch 144/350
391/391 - 25s - loss: 0.2000 - accuracy: 0.9442 - val_loss: 0.4498 - val_accuracy: 0.8911
Epoch 145/350
391/391 - 24s - loss: 0.2044 - accuracy: 0.9421 - val_loss: 0.4311 - val_accuracy: 0.8934
Epoch 146/350
391/391 - 25s - loss: 0.2048 - accuracy: 0.9423 - val_loss: 0.4509 - val_accuracy: 0.8841
Epoch 147/350
391/391 - 25s - loss: 0.1999 - accuracy: 0.9432 - val_loss: 0.4402 - val_accuracy: 0.8921
Epoch 148/350
391/391 - 25s - loss: 0.2031 - accuracy: 0.9430 - val_loss: 0.4549 - val_accuracy: 0.8891
Epoch 149/350
391/391 - 25s - loss: 0.1990 - accuracy: 0.9446 - val_loss: 0.4540 - val_accuracy: 0.8906
Epoch 150/350


Snapshot weight 6 shuffle 2 at epoch 150
Layer 11
Getting activations...


391/391 - 25s - loss: 0.2016 - accuracy: 0.9438 - val_loss: 0.4408 - val_accuracy: 0.8951
Epoch 151/350
391/391 - 25s - loss: 0.1995 - accuracy: 0.9437 - val_loss: 0.4516 - val_accuracy: 0.8902
Epoch 152/350
391/391 - 25s - loss: 0.1950 - accuracy: 0.9466 - val_loss: 0.4695 - val_accuracy: 0.8904
Epoch 153/350
391/391 - 25s - loss: 0.1960 - accuracy: 0.9456 - val_loss: 0.4672 - val_accuracy: 0.8871
Epoch 154/350
391/391 - 24s - loss: 0.1939 - accuracy: 0.9461 - val_loss: 0.3975 - val_accuracy: 0.8958
Epoch 155/350
391/391 - 25s - loss: 0.1936 - accuracy: 0.9464 - val_loss: 0.4804 - val_accuracy: 0.8902
Epoch 156/350
391/391 - 25s - loss: 0.1952 - accuracy: 0.9461 - val_loss: 0.4508 - val_accuracy: 0.8914
Epoch 157/350
391/391 - 25s - loss: 0.1889 - accuracy: 0.9487 - val_loss: 0.4482 - val_accuracy: 0.8910
Epoch 158/350
391/391 - 25s - loss: 0.1876 - accuracy: 0.9472 - val_loss: 0.4766 - val_accuracy: 0.8935
Epoch 159/350
391/391 - 25s - loss: 0.1893 - accuracy: 0.9477 - val_loss: 0.4634 - val_accuracy: 0.8916
Epoch 160/350
391/391 - 25s - loss: 0.1890 - accuracy: 0.9476 - val_loss: 0.4522 - val_accuracy: 0.8960
Epoch 161/350
391/391 - 25s - loss: 0.1865 - accuracy: 0.9485 - val_loss: 0.5167 - val_accuracy: 0.8792
Epoch 162/350
391/391 - 25s - loss: 0.1943 - accuracy: 0.9475 - val_loss: 0.4664 - val_accuracy: 0.8905
Epoch 163/350
391/391 - 25s - loss: 0.1894 - accuracy: 0.9483 - val_loss: 0.4408 - val_accuracy: 0.8893
Epoch 164/350
391/391 - 25s - loss: 0.1846 - accuracy: 0.9507 - val_loss: 0.4639 - val_accuracy: 0.8891
Epoch 165/350
391/391 - 25s - loss: 0.1873 - accuracy: 0.9485 - val_loss: 0.4597 - val_accuracy: 0.8948
Epoch 166/350
391/391 - 25s - loss: 0.1824 - accuracy: 0.9500 - val_loss: 0.4700 - val_accuracy: 0.8903
Epoch 167/350
391/391 - 25s - loss: 0.1851 - accuracy: 0.9496 - val_loss: 0.4859 - val_accuracy: 0.8904
Epoch 168/350
391/391 - 25s - loss: 0.1830 - accuracy: 0.9501 - val_loss: 0.4472 - val_accuracy: 0.8952
Epoch 169/350
391/391 - 25s - loss: 0.1855 - accuracy: 0.9500 - val_loss: 0.4491 - val_accuracy: 0.8945
Epoch 170/350
391/391 - 25s - loss: 0.1839 - accuracy: 0.9497 - val_loss: 0.4427 - val_accuracy: 0.8896
Epoch 171/350
391/391 - 25s - loss: 0.1818 - accuracy: 0.9513 - val_loss: 0.4842 - val_accuracy: 0.8916
Epoch 172/350
391/391 - 25s - loss: 0.1826 - accuracy: 0.9501 - val_loss: 0.4441 - val_accuracy: 0.8960
Epoch 173/350
391/391 - 25s - loss: 0.1806 - accuracy: 0.9520 - val_loss: 0.4644 - val_accuracy: 0.8910
Epoch 174/350
391/391 - 25s - loss: 0.1836 - accuracy: 0.9505 - val_loss: 0.4769 - val_accuracy: 0.8918
Epoch 175/350
391/391 - 25s - loss: 0.1765 - accuracy: 0.9533 - val_loss: 0.4713 - val_accuracy: 0.8944
Epoch 176/350
391/391 - 25s - loss: 0.1815 - accuracy: 0.9503 - val_loss: 0.4734 - val_accuracy: 0.8948
Epoch 177/350
391/391 - 25s - loss: 0.1778 - accuracy: 0.9525 - val_loss: 0.4515 - val_accuracy: 0.8969
Epoch 178/350
391/391 - 25s - loss: 0.1790 - accuracy: 0.9537 - val_loss: 0.4705 - val_accuracy: 0.8944
Epoch 179/350
391/391 - 24s - loss: 0.1787 - accuracy: 0.9525 - val_loss: 0.4423 - val_accuracy: 0.8974
Epoch 180/350
391/391 - 24s - loss: 0.1726 - accuracy: 0.9556 - val_loss: 0.4492 - val_accuracy: 0.9007
Epoch 181/350
391/391 - 25s - loss: 0.1771 - accuracy: 0.9530 - val_loss: 0.4582 - val_accuracy: 0.8938
Epoch 182/350
391/391 - 25s - loss: 0.1779 - accuracy: 0.9531 - val_loss: 0.4657 - val_accuracy: 0.8954
Epoch 183/350
391/391 - 25s - loss: 0.1720 - accuracy: 0.9548 - val_loss: 0.4947 - val_accuracy: 0.8934
Epoch 184/350
391/391 - 25s - loss: 0.1723 - accuracy: 0.9556 - val_loss: 0.4791 - val_accuracy: 0.8936
Epoch 185/350
391/391 - 25s - loss: 0.1765 - accuracy: 0.9531 - val_loss: 0.4306 - val_accuracy: 0.8966
Epoch 186/350
391/391 - 25s - loss: 0.1705 - accuracy: 0.9552 - val_loss: 0.4959 - val_accuracy: 0.8930
Epoch 187/350
391/391 - 25s - loss: 0.1720 - accuracy: 0.9547 - val_loss: 0.4657 - val_accuracy: 0.8965
Epoch 188/350
391/391 - 25s - loss: 0.1692 - accuracy: 0.9565 - val_loss: 0.4670 - val_accuracy: 0.8964
Epoch 189/350
391/391 - 25s - loss: 0.1751 - accuracy: 0.9547 - val_loss: 0.4901 - val_accuracy: 0.8898
Epoch 190/350
391/391 - 25s - loss: 0.1712 - accuracy: 0.9561 - val_loss: 0.4760 - val_accuracy: 0.8890
Epoch 191/350
391/391 - 25s - loss: 0.1696 - accuracy: 0.9566 - val_loss: 0.4565 - val_accuracy: 0.8965
Epoch 192/350
391/391 - 25s - loss: 0.1688 - accuracy: 0.9559 - val_loss: 0.4969 - val_accuracy: 0.8922
Epoch 193/350
391/391 - 25s - loss: 0.1706 - accuracy: 0.9555 - val_loss: 0.5327 - val_accuracy: 0.8943
Epoch 194/350
391/391 - 25s - loss: 0.1698 - accuracy: 0.9566 - val_loss: 0.4425 - val_accuracy: 0.8999
Epoch 195/350
391/391 - 25s - loss: 0.1660 - accuracy: 0.9572 - val_loss: 0.4479 - val_accuracy: 0.8958
Epoch 196/350
391/391 - 25s - loss: 0.1694 - accuracy: 0.9556 - val_loss: 0.4723 - val_accuracy: 0.8957
Epoch 197/350
391/391 - 25s - loss: 0.1678 - accuracy: 0.9569 - val_loss: 0.4555 - val_accuracy: 0.8948
Epoch 198/350
391/391 - 24s - loss: 0.1679 - accuracy: 0.9570 - val_loss: 0.4585 - val_accuracy: 0.8945
Epoch 199/350
391/391 - 25s - loss: 0.1661 - accuracy: 0.9574 - val_loss: 0.4676 - val_accuracy: 0.8992
Epoch 200/350


Snapshot weight 6 shuffle 2 at epoch 200
Layer 11
Getting activations...


391/391 - 25s - loss: 0.1647 - accuracy: 0.9585 - val_loss: 0.4549 - val_accuracy: 0.8982
Epoch 201/350
391/391 - 25s - loss: 0.1382 - accuracy: 0.9682 - val_loss: 0.4507 - val_accuracy: 0.9042
Epoch 202/350
391/391 - 25s - loss: 0.1281 - accuracy: 0.9715 - val_loss: 0.4552 - val_accuracy: 0.9047
Epoch 203/350
391/391 - 25s - loss: 0.1254 - accuracy: 0.9729 - val_loss: 0.4585 - val_accuracy: 0.9049
Epoch 204/350
391/391 - 25s - loss: 0.1202 - accuracy: 0.9741 - val_loss: 0.4759 - val_accuracy: 0.9042
Epoch 205/350
391/391 - 25s - loss: 0.1210 - accuracy: 0.9734 - val_loss: 0.4697 - val_accuracy: 0.9053
Epoch 206/350
391/391 - 25s - loss: 0.1180 - accuracy: 0.9743 - val_loss: 0.4776 - val_accuracy: 0.9053
Epoch 207/350
391/391 - 25s - loss: 0.1180 - accuracy: 0.9739 - val_loss: 0.4842 - val_accuracy: 0.9042
Epoch 208/350
391/391 - 25s - loss: 0.1169 - accuracy: 0.9755 - val_loss: 0.4716 - val_accuracy: 0.9060
Epoch 209/350
391/391 - 25s - loss: 0.1155 - accuracy: 0.9755 - val_loss: 0.4730 - val_accuracy: 0.9059
Epoch 210/350
391/391 - 25s - loss: 0.1173 - accuracy: 0.9753 - val_loss: 0.4718 - val_accuracy: 0.9048
Epoch 211/350
391/391 - 25s - loss: 0.1139 - accuracy: 0.9770 - val_loss: 0.4798 - val_accuracy: 0.9059
Epoch 212/350
391/391 - 24s - loss: 0.1151 - accuracy: 0.9756 - val_loss: 0.4822 - val_accuracy: 0.9071
Epoch 213/350
391/391 - 25s - loss: 0.1151 - accuracy: 0.9759 - val_loss: 0.4766 - val_accuracy: 0.9061
Epoch 214/350
391/391 - 25s - loss: 0.1134 - accuracy: 0.9763 - val_loss: 0.4813 - val_accuracy: 0.9061
Epoch 215/350
391/391 - 25s - loss: 0.1140 - accuracy: 0.9762 - val_loss: 0.4760 - val_accuracy: 0.9059
Epoch 216/350
391/391 - 25s - loss: 0.1146 - accuracy: 0.9763 - val_loss: 0.4787 - val_accuracy: 0.9060
Epoch 217/350
391/391 - 25s - loss: 0.1130 - accuracy: 0.9761 - val_loss: 0.4870 - val_accuracy: 0.9058
Epoch 218/350
391/391 - 25s - loss: 0.1105 - accuracy: 0.9766 - val_loss: 0.4833 - val_accuracy: 0.9062
Epoch 219/350
391/391 - 25s - loss: 0.1102 - accuracy: 0.9773 - val_loss: 0.4852 - val_accuracy: 0.9061
Epoch 220/350
391/391 - 24s - loss: 0.1094 - accuracy: 0.9771 - val_loss: 0.4907 - val_accuracy: 0.9053
Epoch 221/350
391/391 - 25s - loss: 0.1103 - accuracy: 0.9771 - val_loss: 0.4923 - val_accuracy: 0.9063
Epoch 222/350
391/391 - 25s - loss: 0.1113 - accuracy: 0.9769 - val_loss: 0.4914 - val_accuracy: 0.9060
Epoch 223/350
391/391 - 24s - loss: 0.1108 - accuracy: 0.9768 - val_loss: 0.4802 - val_accuracy: 0.9065
Epoch 224/350
391/391 - 25s - loss: 0.1084 - accuracy: 0.9777 - val_loss: 0.4909 - val_accuracy: 0.9068
Epoch 225/350
391/391 - 25s - loss: 0.1112 - accuracy: 0.9769 - val_loss: 0.4889 - val_accuracy: 0.9055
Epoch 226/350
391/391 - 25s - loss: 0.1112 - accuracy: 0.9773 - val_loss: 0.4905 - val_accuracy: 0.9055
Epoch 227/350
391/391 - 24s - loss: 0.1086 - accuracy: 0.9777 - val_loss: 0.4858 - val_accuracy: 0.9046
Epoch 228/350
391/391 - 25s - loss: 0.1095 - accuracy: 0.9775 - val_loss: 0.4896 - val_accuracy: 0.9070
Epoch 229/350
391/391 - 25s - loss: 0.1074 - accuracy: 0.9784 - val_loss: 0.4931 - val_accuracy: 0.9036
Epoch 230/350
391/391 - 25s - loss: 0.1099 - accuracy: 0.9782 - val_loss: 0.4894 - val_accuracy: 0.9070
Epoch 231/350
391/391 - 25s - loss: 0.1095 - accuracy: 0.9769 - val_loss: 0.4932 - val_accuracy: 0.9053
Epoch 232/350
391/391 - 25s - loss: 0.1036 - accuracy: 0.9791 - val_loss: 0.4954 - val_accuracy: 0.9051
Epoch 233/350
391/391 - 25s - loss: 0.1098 - accuracy: 0.9774 - val_loss: 0.4921 - val_accuracy: 0.9053
Epoch 234/350
391/391 - 25s - loss: 0.1060 - accuracy: 0.9788 - val_loss: 0.5003 - val_accuracy: 0.9049
Epoch 235/350
391/391 - 25s - loss: 0.1086 - accuracy: 0.9773 - val_loss: 0.4995 - val_accuracy: 0.9049
Epoch 236/350
391/391 - 25s - loss: 0.1073 - accuracy: 0.9788 - val_loss: 0.5070 - val_accuracy: 0.9047
Epoch 237/350
391/391 - 25s - loss: 0.1094 - accuracy: 0.9785 - val_loss: 0.5045 - val_accuracy: 0.9046
Epoch 238/350
391/391 - 25s - loss: 0.1088 - accuracy: 0.9783 - val_loss: 0.5011 - val_accuracy: 0.9061
Epoch 239/350
391/391 - 25s - loss: 0.1083 - accuracy: 0.9786 - val_loss: 0.4977 - val_accuracy: 0.9061
Epoch 240/350
391/391 - 25s - loss: 0.1102 - accuracy: 0.9774 - val_loss: 0.4894 - val_accuracy: 0.9071
Epoch 241/350
391/391 - 24s - loss: 0.1053 - accuracy: 0.9788 - val_loss: 0.5064 - val_accuracy: 0.9061
Epoch 242/350
391/391 - 25s - loss: 0.1034 - accuracy: 0.9801 - val_loss: 0.5088 - val_accuracy: 0.9069
Epoch 243/350
391/391 - 24s - loss: 0.1071 - accuracy: 0.9788 - val_loss: 0.5118 - val_accuracy: 0.9050
Epoch 244/350
391/391 - 24s - loss: 0.1038 - accuracy: 0.9796 - val_loss: 0.5005 - val_accuracy: 0.9051
Epoch 245/350
391/391 - 24s - loss: 0.1056 - accuracy: 0.9793 - val_loss: 0.4943 - val_accuracy: 0.9054
Epoch 246/350
391/391 - 25s - loss: 0.1067 - accuracy: 0.9784 - val_loss: 0.5062 - val_accuracy: 0.9052
Epoch 247/350
391/391 - 25s - loss: 0.1056 - accuracy: 0.9787 - val_loss: 0.5018 - val_accuracy: 0.9055
Epoch 248/350
391/391 - 24s - loss: 0.1037 - accuracy: 0.9797 - val_loss: 0.4978 - val_accuracy: 0.9062
Epoch 249/350
391/391 - 25s - loss: 0.1024 - accuracy: 0.9793 - val_loss: 0.5063 - val_accuracy: 0.9064
Epoch 250/350


Snapshot weight 6 shuffle 2 at epoch 250
Layer 11
Getting activations...


391/391 - 25s - loss: 0.1049 - accuracy: 0.9793 - val_loss: 0.4995 - val_accuracy: 0.9060
Epoch 251/350
391/391 - 25s - loss: 0.1010 - accuracy: 0.9806 - val_loss: 0.5027 - val_accuracy: 0.9064
Epoch 252/350
391/391 - 25s - loss: 0.1011 - accuracy: 0.9808 - val_loss: 0.5019 - val_accuracy: 0.9065
Epoch 253/350
391/391 - 25s - loss: 0.1016 - accuracy: 0.9805 - val_loss: 0.5065 - val_accuracy: 0.9059
Epoch 254/350
391/391 - 25s - loss: 0.1022 - accuracy: 0.9798 - val_loss: 0.5037 - val_accuracy: 0.9063
Epoch 255/350
391/391 - 24s - loss: 0.1027 - accuracy: 0.9797 - val_loss: 0.5022 - val_accuracy: 0.9066
Epoch 256/350
391/391 - 25s - loss: 0.1001 - accuracy: 0.9806 - val_loss: 0.5054 - val_accuracy: 0.9059
Epoch 257/350
391/391 - 25s - loss: 0.1015 - accuracy: 0.9806 - val_loss: 0.5010 - val_accuracy: 0.9071
Epoch 258/350
391/391 - 24s - loss: 0.1010 - accuracy: 0.9807 - val_loss: 0.5030 - val_accuracy: 0.9066
Epoch 259/350
391/391 - 24s - loss: 0.1021 - accuracy: 0.9805 - val_loss: 0.5022 - val_accuracy: 0.9070
Epoch 260/350
391/391 - 25s - loss: 0.1005 - accuracy: 0.9811 - val_loss: 0.5033 - val_accuracy: 0.9063
Epoch 261/350
391/391 - 24s - loss: 0.0999 - accuracy: 0.9810 - val_loss: 0.5029 - val_accuracy: 0.9069
Epoch 262/350
391/391 - 25s - loss: 0.1005 - accuracy: 0.9807 - val_loss: 0.5014 - val_accuracy: 0.9068
Epoch 263/350
391/391 - 25s - loss: 0.1026 - accuracy: 0.9803 - val_loss: 0.5001 - val_accuracy: 0.9079
Epoch 264/350
391/391 - 25s - loss: 0.0999 - accuracy: 0.9808 - val_loss: 0.5024 - val_accuracy: 0.9067
Epoch 265/350
391/391 - 25s - loss: 0.1026 - accuracy: 0.9808 - val_loss: 0.5027 - val_accuracy: 0.9068
Epoch 266/350
391/391 - 24s - loss: 0.1000 - accuracy: 0.9809 - val_loss: 0.5016 - val_accuracy: 0.9059
Epoch 267/350
391/391 - 24s - loss: 0.1010 - accuracy: 0.9806 - val_loss: 0.5019 - val_accuracy: 0.9058
Epoch 268/350
391/391 - 24s - loss: 0.1018 - accuracy: 0.9801 - val_loss: 0.5013 - val_accuracy: 0.9069
Epoch 269/350
391/391 - 25s - loss: 0.1008 - accuracy: 0.9807 - val_loss: 0.5002 - val_accuracy: 0.9067
Epoch 270/350
391/391 - 24s - loss: 0.1020 - accuracy: 0.9803 - val_loss: 0.5025 - val_accuracy: 0.9073
Epoch 271/350
391/391 - 25s - loss: 0.1024 - accuracy: 0.9798 - val_loss: 0.5023 - val_accuracy: 0.9065
Epoch 272/350
391/391 - 24s - loss: 0.1001 - accuracy: 0.9817 - val_loss: 0.5021 - val_accuracy: 0.9063
Epoch 273/350
391/391 - 25s - loss: 0.0995 - accuracy: 0.9810 - val_loss: 0.5026 - val_accuracy: 0.9066
Epoch 274/350
391/391 - 25s - loss: 0.1027 - accuracy: 0.9796 - val_loss: 0.5038 - val_accuracy: 0.9062
Epoch 275/350
391/391 - 24s - loss: 0.1015 - accuracy: 0.9804 - val_loss: 0.5050 - val_accuracy: 0.9065
Epoch 276/350
391/391 - 25s - loss: 0.0985 - accuracy: 0.9816 - val_loss: 0.5046 - val_accuracy: 0.9061
Epoch 277/350
391/391 - 24s - loss: 0.0992 - accuracy: 0.9817 - val_loss: 0.5042 - val_accuracy: 0.9075
Epoch 278/350
391/391 - 25s - loss: 0.0988 - accuracy: 0.9811 - val_loss: 0.5043 - val_accuracy: 0.9064
Epoch 279/350
391/391 - 25s - loss: 0.1016 - accuracy: 0.9806 - val_loss: 0.5032 - val_accuracy: 0.9063
Epoch 280/350
391/391 - 24s - loss: 0.0997 - accuracy: 0.9812 - val_loss: 0.5053 - val_accuracy: 0.9070
Epoch 281/350
391/391 - 25s - loss: 0.0997 - accuracy: 0.9808 - val_loss: 0.5076 - val_accuracy: 0.9066
Epoch 282/350
391/391 - 24s - loss: 0.0990 - accuracy: 0.9815 - val_loss: 0.5045 - val_accuracy: 0.9074
Epoch 283/350
391/391 - 24s - loss: 0.1035 - accuracy: 0.9799 - val_loss: 0.5055 - val_accuracy: 0.9082
Epoch 284/350
391/391 - 24s - loss: 0.0997 - accuracy: 0.9807 - val_loss: 0.5052 - val_accuracy: 0.9066
Epoch 285/350
391/391 - 25s - loss: 0.1013 - accuracy: 0.9800 - val_loss: 0.5068 - val_accuracy: 0.9066
Epoch 286/350
391/391 - 25s - loss: 0.0994 - accuracy: 0.9816 - val_loss: 0.5087 - val_accuracy: 0.9072
Epoch 287/350
391/391 - 24s - loss: 0.1005 - accuracy: 0.9806 - val_loss: 0.5076 - val_accuracy: 0.9061
Epoch 288/350
391/391 - 25s - loss: 0.1011 - accuracy: 0.9807 - val_loss: 0.5071 - val_accuracy: 0.9061
Epoch 289/350
391/391 - 25s - loss: 0.0982 - accuracy: 0.9812 - val_loss: 0.5063 - val_accuracy: 0.9058
Epoch 290/350
391/391 - 24s - loss: 0.0997 - accuracy: 0.9811 - val_loss: 0.5114 - val_accuracy: 0.9059
Epoch 291/350
391/391 - 25s - loss: 0.1008 - accuracy: 0.9809 - val_loss: 0.5059 - val_accuracy: 0.9070
Epoch 292/350
391/391 - 24s - loss: 0.1007 - accuracy: 0.9812 - val_loss: 0.5047 - val_accuracy: 0.9071
Epoch 293/350
391/391 - 25s - loss: 0.0988 - accuracy: 0.9815 - val_loss: 0.5069 - val_accuracy: 0.9070
Epoch 294/350
391/391 - 24s - loss: 0.1006 - accuracy: 0.9808 - val_loss: 0.5067 - val_accuracy: 0.9072
Epoch 295/350
391/391 - 24s - loss: 0.1001 - accuracy: 0.9803 - val_loss: 0.5075 - val_accuracy: 0.9064
Epoch 296/350
391/391 - 24s - loss: 0.1007 - accuracy: 0.9803 - val_loss: 0.5069 - val_accuracy: 0.9069
Epoch 297/350
391/391 - 24s - loss: 0.1020 - accuracy: 0.9807 - val_loss: 0.5066 - val_accuracy: 0.9068
Epoch 298/350
391/391 - 25s - loss: 0.0992 - accuracy: 0.9808 - val_loss: 0.5066 - val_accuracy: 0.9064
Epoch 299/350
391/391 - 24s - loss: 0.1004 - accuracy: 0.9808 - val_loss: 0.5087 - val_accuracy: 0.9066
Epoch 300/350


Snapshot weight 6 shuffle 2 at epoch 300
Layer 11
Getting activations...


391/391 - 25s - loss: 0.0993 - accuracy: 0.9809 - val_loss: 0.5067 - val_accuracy: 0.9065
Epoch 301/350
391/391 - 25s - loss: 0.0997 - accuracy: 0.9814 - val_loss: 0.5060 - val_accuracy: 0.9071
Epoch 302/350
391/391 - 25s - loss: 0.1018 - accuracy: 0.9804 - val_loss: 0.5059 - val_accuracy: 0.9072
Epoch 303/350
391/391 - 24s - loss: 0.0977 - accuracy: 0.9817 - val_loss: 0.5055 - val_accuracy: 0.9074
Epoch 304/350
391/391 - 24s - loss: 0.0996 - accuracy: 0.9819 - val_loss: 0.5056 - val_accuracy: 0.9072
Epoch 305/350
391/391 - 25s - loss: 0.0997 - accuracy: 0.9810 - val_loss: 0.5057 - val_accuracy: 0.9072
Epoch 306/350
391/391 - 24s - loss: 0.0990 - accuracy: 0.9804 - val_loss: 0.5057 - val_accuracy: 0.9072
Epoch 307/350
391/391 - 25s - loss: 0.1008 - accuracy: 0.9801 - val_loss: 0.5056 - val_accuracy: 0.9071
Epoch 308/350
391/391 - 25s - loss: 0.0996 - accuracy: 0.9818 - val_loss: 0.5054 - val_accuracy: 0.9070
Epoch 309/350
391/391 - 25s - loss: 0.0994 - accuracy: 0.9812 - val_loss: 0.5054 - val_accuracy: 0.9075
Epoch 310/350
391/391 - 24s - loss: 0.0974 - accuracy: 0.9813 - val_loss: 0.5059 - val_accuracy: 0.9077
Epoch 311/350
391/391 - 25s - loss: 0.0978 - accuracy: 0.9822 - val_loss: 0.5061 - val_accuracy: 0.9074
Epoch 312/350
391/391 - 25s - loss: 0.1005 - accuracy: 0.9803 - val_loss: 0.5061 - val_accuracy: 0.9071
Epoch 313/350
391/391 - 24s - loss: 0.0993 - accuracy: 0.9812 - val_loss: 0.5062 - val_accuracy: 0.9072
Epoch 314/350
391/391 - 25s - loss: 0.0998 - accuracy: 0.9812 - val_loss: 0.5067 - val_accuracy: 0.9072
Epoch 315/350
391/391 - 25s - loss: 0.0985 - accuracy: 0.9817 - val_loss: 0.5067 - val_accuracy: 0.9073
Epoch 316/350
391/391 - 25s - loss: 0.0988 - accuracy: 0.9814 - val_loss: 0.5067 - val_accuracy: 0.9075
Epoch 317/350
391/391 - 24s - loss: 0.1004 - accuracy: 0.9812 - val_loss: 0.5064 - val_accuracy: 0.9077
Epoch 318/350
391/391 - 25s - loss: 0.1012 - accuracy: 0.9799 - val_loss: 0.5061 - val_accuracy: 0.9073
Epoch 319/350
391/391 - 25s - loss: 0.0993 - accuracy: 0.9817 - val_loss: 0.5065 - val_accuracy: 0.9072
Epoch 320/350
391/391 - 25s - loss: 0.1012 - accuracy: 0.9802 - val_loss: 0.5062 - val_accuracy: 0.9071
Epoch 321/350
391/391 - 24s - loss: 0.1012 - accuracy: 0.9800 - val_loss: 0.5059 - val_accuracy: 0.9071
Epoch 322/350
391/391 - 25s - loss: 0.0990 - accuracy: 0.9817 - val_loss: 0.5060 - val_accuracy: 0.9068
Epoch 323/350
391/391 - 25s - loss: 0.1007 - accuracy: 0.9809 - val_loss: 0.5058 - val_accuracy: 0.9071
Epoch 324/350
391/391 - 25s - loss: 0.1011 - accuracy: 0.9818 - val_loss: 0.5057 - val_accuracy: 0.9070
Epoch 325/350
391/391 - 24s - loss: 0.0998 - accuracy: 0.9811 - val_loss: 0.5056 - val_accuracy: 0.9070
Epoch 326/350
391/391 - 24s - loss: 0.0993 - accuracy: 0.9815 - val_loss: 0.5059 - val_accuracy: 0.9068
Epoch 327/350
391/391 - 24s - loss: 0.0986 - accuracy: 0.9816 - val_loss: 0.5058 - val_accuracy: 0.9071
Epoch 328/350
391/391 - 24s - loss: 0.0990 - accuracy: 0.9809 - val_loss: 0.5064 - val_accuracy: 0.9068
Epoch 329/350
391/391 - 25s - loss: 0.0975 - accuracy: 0.9819 - val_loss: 0.5065 - val_accuracy: 0.9069
Epoch 330/350
391/391 - 25s - loss: 0.0988 - accuracy: 0.9817 - val_loss: 0.5067 - val_accuracy: 0.9069
Epoch 331/350
391/391 - 24s - loss: 0.1018 - accuracy: 0.9801 - val_loss: 0.5070 - val_accuracy: 0.9070
Epoch 332/350
391/391 - 24s - loss: 0.0982 - accuracy: 0.9815 - val_loss: 0.5070 - val_accuracy: 0.9067
Epoch 333/350
391/391 - 25s - loss: 0.1007 - accuracy: 0.9808 - val_loss: 0.5069 - val_accuracy: 0.9067
Epoch 334/350
391/391 - 25s - loss: 0.0992 - accuracy: 0.9812 - val_loss: 0.5069 - val_accuracy: 0.9066
Epoch 335/350
391/391 - 25s - loss: 0.1003 - accuracy: 0.9809 - val_loss: 0.5067 - val_accuracy: 0.9066
Epoch 336/350
391/391 - 25s - loss: 0.1014 - accuracy: 0.9802 - val_loss: 0.5068 - val_accuracy: 0.9065
Epoch 337/350
391/391 - 24s - loss: 0.1021 - accuracy: 0.9807 - val_loss: 0.5063 - val_accuracy: 0.9064
Epoch 338/350
391/391 - 24s - loss: 0.1002 - accuracy: 0.9808 - val_loss: 0.5061 - val_accuracy: 0.9068
Epoch 339/350
391/391 - 25s - loss: 0.1013 - accuracy: 0.9803 - val_loss: 0.5063 - val_accuracy: 0.9067
Epoch 340/350
391/391 - 25s - loss: 0.1002 - accuracy: 0.9811 - val_loss: 0.5060 - val_accuracy: 0.9069
Epoch 341/350
391/391 - 24s - loss: 0.0989 - accuracy: 0.9813 - val_loss: 0.5063 - val_accuracy: 0.9070
Epoch 342/350
391/391 - 24s - loss: 0.0974 - accuracy: 0.9822 - val_loss: 0.5063 - val_accuracy: 0.9070
Epoch 343/350
391/391 - 24s - loss: 0.1000 - accuracy: 0.9811 - val_loss: 0.5063 - val_accuracy: 0.9070
Epoch 344/350
391/391 - 25s - loss: 0.1023 - accuracy: 0.9802 - val_loss: 0.5061 - val_accuracy: 0.9069
Epoch 345/350
391/391 - 25s - loss: 0.0970 - accuracy: 0.9818 - val_loss: 0.5066 - val_accuracy: 0.9072
Epoch 346/350
391/391 - 25s - loss: 0.1002 - accuracy: 0.9806 - val_loss: 0.5062 - val_accuracy: 0.9069
Epoch 347/350
391/391 - 25s - loss: 0.0988 - accuracy: 0.9818 - val_loss: 0.5064 - val_accuracy: 0.9073
Epoch 348/350
391/391 - 25s - loss: 0.0995 - accuracy: 0.9810 - val_loss: 0.5066 - val_accuracy: 0.9069
Epoch 349/350
391/391 - 24s - loss: 0.0974 - accuracy: 0.9813 - val_loss: 0.5064 - val_accuracy: 0.9068
Epoch 350/350


Snapshot weight 6 shuffle 2 at epoch 350
Layer 11
Getting activations...


391/391 - 25s - loss: 0.0994 - accuracy: 0.9822 - val_loss: 0.5065 - val_accuracy: 0.9069
/usr/local/lib/python3.6/dist-packages/tensorflow/python/autograph/impl/api.py:493: UserWarning: fill_value is not supported and is always 0 for TensorFlow < 2.4.0.
  return py_builtins.overload_of(f)(*args)
WARNING:tensorflow:From /usr/local/lib/python3.6/dist-packages/tensorflow/python/training/tracking/tracking.py:111: Model.state_updates (from tensorflow.python.keras.engine.training) is deprecated and will be removed in a future version.
Instructions for updating:
This property should not be used in TensorFlow 2.0, as updates are applied automatically.
2021-07-02 02:03:03.790049: W tensorflow/python/util/util.cc:348] Sets are not currently considered sequences, but this may change in the future, so consider avoiding using them.
WARNING:tensorflow:From /usr/local/lib/python3.6/dist-packages/tensorflow/python/training/tracking/tracking.py:111: Layer.updates (from tensorflow.python.keras.engine.base_layer) is deprecated and will be removed in a future version.
Instructions for updating:
This property should not be used in TensorFlow 2.0, as updates are applied automatically.
Saving, final validation acc: 0.9068999886512756
