2021-07-02 13:00:37.941288: I tensorflow/stream_executor/platform/default/dso_loader.cc:48] Successfully opened dynamic library libcudart.so.10.1
2021-07-02 13:02:00.210621: I tensorflow/stream_executor/platform/default/dso_loader.cc:48] Successfully opened dynamic library libcuda.so.1
2021-07-02 13:02:00.234012: I tensorflow/core/common_runtime/gpu/gpu_device.cc:1716] Found device 0 with properties: 
pciBusID: 0000:02:00.0 name: NVIDIA TITAN X (Pascal) computeCapability: 6.1
coreClock: 1.531GHz coreCount: 28 deviceMemorySize: 11.91GiB deviceMemoryBandwidth: 447.48GiB/s
2021-07-02 13:02:00.234096: I tensorflow/stream_executor/platform/default/dso_loader.cc:48] Successfully opened dynamic library libcudart.so.10.1
2021-07-02 13:02:00.274109: I tensorflow/stream_executor/platform/default/dso_loader.cc:48] Successfully opened dynamic library libcublas.so.10
2021-07-02 13:02:00.294200: I tensorflow/stream_executor/platform/default/dso_loader.cc:48] Successfully opened dynamic library libcufft.so.10
2021-07-02 13:02:00.302216: I tensorflow/stream_executor/platform/default/dso_loader.cc:48] Successfully opened dynamic library libcurand.so.10
2021-07-02 13:02:00.344030: I tensorflow/stream_executor/platform/default/dso_loader.cc:48] Successfully opened dynamic library libcusolver.so.10
2021-07-02 13:02:00.352210: I tensorflow/stream_executor/platform/default/dso_loader.cc:48] Successfully opened dynamic library libcusparse.so.10
2021-07-02 13:02:00.426437: I tensorflow/stream_executor/platform/default/dso_loader.cc:48] Successfully opened dynamic library libcudnn.so.7
2021-07-02 13:02:00.430015: I tensorflow/core/common_runtime/gpu/gpu_device.cc:1858] Adding visible gpu devices: 0
2021-07-02 13:02:00.433554: I tensorflow/core/platform/cpu_feature_guard.cc:142] This TensorFlow binary is optimized with oneAPI Deep Neural Network Library (oneDNN)to use the following CPU instructions in performance-critical operations:  AVX2 FMA
To enable them in other operations, rebuild TensorFlow with the appropriate compiler flags.
2021-07-02 13:02:00.448762: I tensorflow/core/platform/profile_utils/cpu_utils.cc:104] CPU Frequency: 2599865000 Hz
2021-07-02 13:02:00.448875: I tensorflow/compiler/xla/service/service.cc:168] XLA service 0x49862b0 initialized for platform Host (this does not guarantee that XLA will be used). Devices:
2021-07-02 13:02:00.448894: I tensorflow/compiler/xla/service/service.cc:176]   StreamExecutor device (0): Host, Default Version
2021-07-02 13:02:00.572424: I tensorflow/compiler/xla/service/service.cc:168] XLA service 0x4967360 initialized for platform CUDA (this does not guarantee that XLA will be used). Devices:
2021-07-02 13:02:00.572503: I tensorflow/compiler/xla/service/service.cc:176]   StreamExecutor device (0): NVIDIA TITAN X (Pascal), Compute Capability 6.1
2021-07-02 13:02:00.574854: I tensorflow/core/common_runtime/gpu/gpu_device.cc:1716] Found device 0 with properties: 
pciBusID: 0000:02:00.0 name: NVIDIA TITAN X (Pascal) computeCapability: 6.1
coreClock: 1.531GHz coreCount: 28 deviceMemorySize: 11.91GiB deviceMemoryBandwidth: 447.48GiB/s
2021-07-02 13:02:00.574892: I tensorflow/stream_executor/platform/default/dso_loader.cc:48] Successfully opened dynamic library libcudart.so.10.1
2021-07-02 13:02:00.574922: I tensorflow/stream_executor/platform/default/dso_loader.cc:48] Successfully opened dynamic library libcublas.so.10
2021-07-02 13:02:00.574941: I tensorflow/stream_executor/platform/default/dso_loader.cc:48] Successfully opened dynamic library libcufft.so.10
2021-07-02 13:02:00.574959: I tensorflow/stream_executor/platform/default/dso_loader.cc:48] Successfully opened dynamic library libcurand.so.10
2021-07-02 13:02:00.574977: I tensorflow/stream_executor/platform/default/dso_loader.cc:48] Successfully opened dynamic library libcusolver.so.10
2021-07-02 13:02:00.574994: I tensorflow/stream_executor/platform/default/dso_loader.cc:48] Successfully opened dynamic library libcusparse.so.10
2021-07-02 13:02:00.575537: I tensorflow/stream_executor/platform/default/dso_loader.cc:48] Successfully opened dynamic library libcudnn.so.7
2021-07-02 13:02:00.587620: I tensorflow/core/common_runtime/gpu/gpu_device.cc:1858] Adding visible gpu devices: 0
2021-07-02 13:02:00.589326: I tensorflow/stream_executor/platform/default/dso_loader.cc:48] Successfully opened dynamic library libcudart.so.10.1
2021-07-02 13:02:02.312371: I tensorflow/core/common_runtime/gpu/gpu_device.cc:1257] Device interconnect StreamExecutor with strength 1 edge matrix:
2021-07-02 13:02:02.312456: I tensorflow/core/common_runtime/gpu/gpu_device.cc:1263]      0 
2021-07-02 13:02:02.312470: I tensorflow/core/common_runtime/gpu/gpu_device.cc:1276] 0:   N 
2021-07-02 13:02:02.318516: I tensorflow/core/common_runtime/gpu/gpu_device.cc:1402] Created TensorFlow device (/job:localhost/replica:0/task:0/device:GPU:0 with 11228 MB memory) -> physical GPU (device: 0, name: NVIDIA TITAN X (Pascal), pci bus id: 0000:02:00.0, compute capability: 6.1)
2021-07-02 13:02:07.957881: I tensorflow/stream_executor/platform/default/dso_loader.cc:48] Successfully opened dynamic library libcudnn.so.7
2021-07-02 13:02:10.391850: I tensorflow/stream_executor/platform/default/dso_loader.cc:48] Successfully opened dynamic library libcublas.so.10
Using model index: 72
Making train data...
GCN...
ZCA...
Done!
Making test data...
Done!
Epoch 1/350


Snapshot weight 2 shuffle 7 at epoch 1
Layer 11
Getting activations...


391/391 - 25s - loss: 2.3166 - accuracy: 0.1177 - val_loss: 2.2820 - val_accuracy: 0.1653
Epoch 2/350


Snapshot weight 2 shuffle 7 at epoch 2
Layer 11
Getting activations...


391/391 - 25s - loss: 2.2514 - accuracy: 0.1663 - val_loss: 2.0708 - val_accuracy: 0.2414
Epoch 3/350


Snapshot weight 2 shuffle 7 at epoch 3
Layer 11
Getting activations...


391/391 - 25s - loss: 2.0963 - accuracy: 0.2475 - val_loss: 1.9898 - val_accuracy: 0.2992
Epoch 4/350


Snapshot weight 2 shuffle 7 at epoch 4
Layer 11
Getting activations...


391/391 - 25s - loss: 1.9126 - accuracy: 0.3298 - val_loss: 1.8128 - val_accuracy: 0.3746
Epoch 5/350


Snapshot weight 2 shuffle 7 at epoch 5
Layer 11
Getting activations...


391/391 - 25s - loss: 1.7466 - accuracy: 0.4015 - val_loss: 1.5086 - val_accuracy: 0.4945
Epoch 6/350


Snapshot weight 2 shuffle 7 at epoch 6
Layer 11
Getting activations...


391/391 - 25s - loss: 1.5522 - accuracy: 0.4824 - val_loss: 1.4703 - val_accuracy: 0.5154
Epoch 7/350


Snapshot weight 2 shuffle 7 at epoch 7
Layer 11
Getting activations...


391/391 - 25s - loss: 1.3162 - accuracy: 0.5392 - val_loss: 1.2391 - val_accuracy: 0.5808
Epoch 8/350


Snapshot weight 2 shuffle 7 at epoch 8
Layer 11
Getting activations...


391/391 - 25s - loss: 1.1969 - accuracy: 0.5845 - val_loss: 1.4029 - val_accuracy: 0.5495
Epoch 9/350


Snapshot weight 2 shuffle 7 at epoch 9
Layer 11
Getting activations...


391/391 - 25s - loss: 1.1316 - accuracy: 0.6069 - val_loss: 1.1779 - val_accuracy: 0.6030
Epoch 10/350


Snapshot weight 2 shuffle 7 at epoch 10
Layer 11
Getting activations...


391/391 - 26s - loss: 1.0609 - accuracy: 0.6334 - val_loss: 1.0232 - val_accuracy: 0.6481
Epoch 11/350
391/391 - 25s - loss: 1.0134 - accuracy: 0.6503 - val_loss: 0.9615 - val_accuracy: 0.6767
Epoch 12/350
391/391 - 25s - loss: 0.9570 - accuracy: 0.6707 - val_loss: 0.8818 - val_accuracy: 0.6950
Epoch 13/350
391/391 - 25s - loss: 0.9235 - accuracy: 0.6836 - val_loss: 0.8301 - val_accuracy: 0.7158
Epoch 14/350
391/391 - 25s - loss: 0.8837 - accuracy: 0.6964 - val_loss: 0.8736 - val_accuracy: 0.7149
Epoch 15/350
391/391 - 25s - loss: 0.8529 - accuracy: 0.7105 - val_loss: 0.7590 - val_accuracy: 0.7455
Epoch 16/350
391/391 - 25s - loss: 0.8271 - accuracy: 0.7175 - val_loss: 0.8254 - val_accuracy: 0.7265
Epoch 17/350
391/391 - 25s - loss: 0.7931 - accuracy: 0.7303 - val_loss: 0.7489 - val_accuracy: 0.7481
Epoch 18/350
391/391 - 25s - loss: 0.7611 - accuracy: 0.7439 - val_loss: 0.7049 - val_accuracy: 0.7669
Epoch 19/350
391/391 - 25s - loss: 0.7340 - accuracy: 0.7536 - val_loss: 0.7244 - val_accuracy: 0.7693
Epoch 20/350
391/391 - 25s - loss: 0.7147 - accuracy: 0.7602 - val_loss: 0.6512 - val_accuracy: 0.7838
Epoch 21/350
391/391 - 25s - loss: 0.6874 - accuracy: 0.7721 - val_loss: 0.6530 - val_accuracy: 0.7880
Epoch 22/350
391/391 - 25s - loss: 0.6717 - accuracy: 0.7762 - val_loss: 0.6683 - val_accuracy: 0.7845
Epoch 23/350
391/391 - 25s - loss: 0.6593 - accuracy: 0.7801 - val_loss: 0.6138 - val_accuracy: 0.8026
Epoch 24/350
391/391 - 25s - loss: 0.6441 - accuracy: 0.7858 - val_loss: 0.6134 - val_accuracy: 0.7967
Epoch 25/350
391/391 - 25s - loss: 0.6217 - accuracy: 0.7957 - val_loss: 0.6093 - val_accuracy: 0.8052
Epoch 26/350
391/391 - 25s - loss: 0.6115 - accuracy: 0.7977 - val_loss: 0.5931 - val_accuracy: 0.8108
Epoch 27/350
391/391 - 25s - loss: 0.5885 - accuracy: 0.8070 - val_loss: 0.6036 - val_accuracy: 0.8120
Epoch 28/350
391/391 - 25s - loss: 0.5791 - accuracy: 0.8063 - val_loss: 0.6706 - val_accuracy: 0.7904
Epoch 29/350
391/391 - 25s - loss: 0.5727 - accuracy: 0.8116 - val_loss: 0.6007 - val_accuracy: 0.8103
Epoch 30/350
391/391 - 25s - loss: 0.5559 - accuracy: 0.8170 - val_loss: 0.6034 - val_accuracy: 0.8124
Epoch 31/350
391/391 - 25s - loss: 0.5430 - accuracy: 0.8200 - val_loss: 0.5985 - val_accuracy: 0.8157
Epoch 32/350
391/391 - 25s - loss: 0.5409 - accuracy: 0.8206 - val_loss: 0.5365 - val_accuracy: 0.8313
Epoch 33/350
391/391 - 25s - loss: 0.5302 - accuracy: 0.8256 - val_loss: 0.5193 - val_accuracy: 0.8372
Epoch 34/350
391/391 - 25s - loss: 0.5134 - accuracy: 0.8319 - val_loss: 0.5515 - val_accuracy: 0.8302
Epoch 35/350
391/391 - 25s - loss: 0.5101 - accuracy: 0.8328 - val_loss: 0.5303 - val_accuracy: 0.8307
Epoch 36/350
391/391 - 25s - loss: 0.4985 - accuracy: 0.8368 - val_loss: 0.4811 - val_accuracy: 0.8477
Epoch 37/350
391/391 - 25s - loss: 0.4988 - accuracy: 0.8381 - val_loss: 0.5153 - val_accuracy: 0.8375
Epoch 38/350
391/391 - 25s - loss: 0.4843 - accuracy: 0.8416 - val_loss: 0.5141 - val_accuracy: 0.8420
Epoch 39/350
391/391 - 25s - loss: 0.4728 - accuracy: 0.8462 - val_loss: 0.5234 - val_accuracy: 0.8396
Epoch 40/350
391/391 - 25s - loss: 0.4697 - accuracy: 0.8481 - val_loss: 0.4945 - val_accuracy: 0.8449
Epoch 41/350
391/391 - 25s - loss: 0.4597 - accuracy: 0.8496 - val_loss: 0.5091 - val_accuracy: 0.8432
Epoch 42/350
391/391 - 25s - loss: 0.4593 - accuracy: 0.8497 - val_loss: 0.5136 - val_accuracy: 0.8441
Epoch 43/350
391/391 - 25s - loss: 0.4488 - accuracy: 0.8564 - val_loss: 0.4960 - val_accuracy: 0.8462
Epoch 44/350
391/391 - 25s - loss: 0.4454 - accuracy: 0.8550 - val_loss: 0.4784 - val_accuracy: 0.8482
Epoch 45/350
391/391 - 25s - loss: 0.4329 - accuracy: 0.8589 - val_loss: 0.5167 - val_accuracy: 0.8465
Epoch 46/350
391/391 - 25s - loss: 0.4306 - accuracy: 0.8607 - val_loss: 0.5136 - val_accuracy: 0.8461
Epoch 47/350
391/391 - 25s - loss: 0.4213 - accuracy: 0.8628 - val_loss: 0.4700 - val_accuracy: 0.8540
Epoch 48/350
391/391 - 25s - loss: 0.4210 - accuracy: 0.8649 - val_loss: 0.4559 - val_accuracy: 0.8568
Epoch 49/350
391/391 - 25s - loss: 0.4159 - accuracy: 0.8646 - val_loss: 0.4654 - val_accuracy: 0.8555
Epoch 50/350


Snapshot weight 2 shuffle 7 at epoch 50
Layer 11
Getting activations...


391/391 - 25s - loss: 0.4030 - accuracy: 0.8700 - val_loss: 0.4659 - val_accuracy: 0.8619
Epoch 51/350
391/391 - 25s - loss: 0.4049 - accuracy: 0.8704 - val_loss: 0.4501 - val_accuracy: 0.8616
Epoch 52/350
391/391 - 25s - loss: 0.4002 - accuracy: 0.8715 - val_loss: 0.4872 - val_accuracy: 0.8573
Epoch 53/350
391/391 - 25s - loss: 0.3972 - accuracy: 0.8743 - val_loss: 0.4440 - val_accuracy: 0.8667
Epoch 54/350
391/391 - 25s - loss: 0.3887 - accuracy: 0.8758 - val_loss: 0.4428 - val_accuracy: 0.8662
Epoch 55/350
391/391 - 25s - loss: 0.3841 - accuracy: 0.8758 - val_loss: 0.4327 - val_accuracy: 0.8659
Epoch 56/350
391/391 - 25s - loss: 0.3779 - accuracy: 0.8776 - val_loss: 0.4458 - val_accuracy: 0.8664
Epoch 57/350
391/391 - 25s - loss: 0.3805 - accuracy: 0.8787 - val_loss: 0.5013 - val_accuracy: 0.8474
Epoch 58/350
391/391 - 25s - loss: 0.3736 - accuracy: 0.8816 - val_loss: 0.4456 - val_accuracy: 0.8647
Epoch 59/350
391/391 - 25s - loss: 0.3697 - accuracy: 0.8810 - val_loss: 0.4927 - val_accuracy: 0.8583
Epoch 60/350
391/391 - 25s - loss: 0.3689 - accuracy: 0.8822 - val_loss: 0.4421 - val_accuracy: 0.8681
Epoch 61/350
391/391 - 25s - loss: 0.3613 - accuracy: 0.8858 - val_loss: 0.4554 - val_accuracy: 0.8661
Epoch 62/350
391/391 - 25s - loss: 0.3559 - accuracy: 0.8870 - val_loss: 0.4509 - val_accuracy: 0.8639
Epoch 63/350
391/391 - 25s - loss: 0.3569 - accuracy: 0.8857 - val_loss: 0.4568 - val_accuracy: 0.8652
Epoch 64/350
391/391 - 25s - loss: 0.3490 - accuracy: 0.8885 - val_loss: 0.4817 - val_accuracy: 0.8631
Epoch 65/350
391/391 - 25s - loss: 0.3456 - accuracy: 0.8917 - val_loss: 0.4667 - val_accuracy: 0.8691
Epoch 66/350
391/391 - 25s - loss: 0.3432 - accuracy: 0.8912 - val_loss: 0.4252 - val_accuracy: 0.8735
Epoch 67/350
391/391 - 25s - loss: 0.3353 - accuracy: 0.8936 - val_loss: 0.4387 - val_accuracy: 0.8754
Epoch 68/350
391/391 - 25s - loss: 0.3357 - accuracy: 0.8939 - val_loss: 0.4857 - val_accuracy: 0.8635
Epoch 69/350
391/391 - 25s - loss: 0.3335 - accuracy: 0.8949 - val_loss: 0.4444 - val_accuracy: 0.8760
Epoch 70/350
391/391 - 25s - loss: 0.3289 - accuracy: 0.8982 - val_loss: 0.4501 - val_accuracy: 0.8692
Epoch 71/350
391/391 - 25s - loss: 0.3271 - accuracy: 0.8979 - val_loss: 0.4265 - val_accuracy: 0.8752
Epoch 72/350
391/391 - 25s - loss: 0.3216 - accuracy: 0.8992 - val_loss: 0.4118 - val_accuracy: 0.8787
Epoch 73/350
391/391 - 25s - loss: 0.3141 - accuracy: 0.9020 - val_loss: 0.4507 - val_accuracy: 0.8715
Epoch 74/350
391/391 - 25s - loss: 0.3176 - accuracy: 0.8997 - val_loss: 0.4201 - val_accuracy: 0.8790
Epoch 75/350
391/391 - 25s - loss: 0.3124 - accuracy: 0.9021 - val_loss: 0.4453 - val_accuracy: 0.8735
Epoch 76/350
391/391 - 25s - loss: 0.3128 - accuracy: 0.9028 - val_loss: 0.4277 - val_accuracy: 0.8767
Epoch 77/350
391/391 - 25s - loss: 0.3079 - accuracy: 0.9039 - val_loss: 0.4289 - val_accuracy: 0.8764
Epoch 78/350
391/391 - 25s - loss: 0.3052 - accuracy: 0.9048 - val_loss: 0.4373 - val_accuracy: 0.8781
Epoch 79/350
391/391 - 25s - loss: 0.3061 - accuracy: 0.9044 - val_loss: 0.4811 - val_accuracy: 0.8675
Epoch 80/350
391/391 - 25s - loss: 0.3020 - accuracy: 0.9066 - val_loss: 0.3978 - val_accuracy: 0.8831
Epoch 81/350
391/391 - 25s - loss: 0.2968 - accuracy: 0.9086 - val_loss: 0.4223 - val_accuracy: 0.8789
Epoch 82/350
391/391 - 25s - loss: 0.2930 - accuracy: 0.9081 - val_loss: 0.4121 - val_accuracy: 0.8826
Epoch 83/350
391/391 - 25s - loss: 0.2975 - accuracy: 0.9077 - val_loss: 0.4061 - val_accuracy: 0.8835
Epoch 84/350
391/391 - 25s - loss: 0.2908 - accuracy: 0.9086 - val_loss: 0.4262 - val_accuracy: 0.8814
Epoch 85/350
391/391 - 25s - loss: 0.2887 - accuracy: 0.9102 - val_loss: 0.4230 - val_accuracy: 0.8797
Epoch 86/350
391/391 - 25s - loss: 0.2823 - accuracy: 0.9126 - val_loss: 0.4065 - val_accuracy: 0.8819
Epoch 87/350
391/391 - 25s - loss: 0.2860 - accuracy: 0.9117 - val_loss: 0.4072 - val_accuracy: 0.8872
Epoch 88/350
391/391 - 25s - loss: 0.2825 - accuracy: 0.9123 - val_loss: 0.4174 - val_accuracy: 0.8884
Epoch 89/350
391/391 - 25s - loss: 0.2756 - accuracy: 0.9155 - val_loss: 0.4083 - val_accuracy: 0.8876
Epoch 90/350
391/391 - 25s - loss: 0.2742 - accuracy: 0.9170 - val_loss: 0.4256 - val_accuracy: 0.8873
Epoch 91/350
391/391 - 25s - loss: 0.2704 - accuracy: 0.9174 - val_loss: 0.4299 - val_accuracy: 0.8833
Epoch 92/350
391/391 - 25s - loss: 0.2689 - accuracy: 0.9176 - val_loss: 0.4116 - val_accuracy: 0.8854
Epoch 93/350
391/391 - 25s - loss: 0.2682 - accuracy: 0.9177 - val_loss: 0.4325 - val_accuracy: 0.8787
Epoch 94/350
391/391 - 25s - loss: 0.2764 - accuracy: 0.9160 - val_loss: 0.4258 - val_accuracy: 0.8837
Epoch 95/350
391/391 - 25s - loss: 0.2667 - accuracy: 0.9193 - val_loss: 0.4199 - val_accuracy: 0.8846
Epoch 96/350
391/391 - 25s - loss: 0.2645 - accuracy: 0.9202 - val_loss: 0.4148 - val_accuracy: 0.8866
Epoch 97/350
391/391 - 25s - loss: 0.2629 - accuracy: 0.9201 - val_loss: 0.4297 - val_accuracy: 0.8862
Epoch 98/350
391/391 - 25s - loss: 0.2622 - accuracy: 0.9197 - val_loss: 0.4219 - val_accuracy: 0.8848
Epoch 99/350
391/391 - 25s - loss: 0.2624 - accuracy: 0.9199 - val_loss: 0.4436 - val_accuracy: 0.8857
Epoch 100/350


Snapshot weight 2 shuffle 7 at epoch 100
Layer 11
Getting activations...


391/391 - 26s - loss: 0.2572 - accuracy: 0.9215 - val_loss: 0.4418 - val_accuracy: 0.8818
Epoch 101/350
391/391 - 25s - loss: 0.2569 - accuracy: 0.9221 - val_loss: 0.4226 - val_accuracy: 0.8857
Epoch 102/350
391/391 - 25s - loss: 0.2573 - accuracy: 0.9226 - val_loss: 0.4281 - val_accuracy: 0.8854
Epoch 103/350
391/391 - 25s - loss: 0.2508 - accuracy: 0.9247 - val_loss: 0.4143 - val_accuracy: 0.8893
Epoch 104/350
391/391 - 25s - loss: 0.2524 - accuracy: 0.9241 - val_loss: 0.4213 - val_accuracy: 0.8886
Epoch 105/350
391/391 - 25s - loss: 0.2521 - accuracy: 0.9235 - val_loss: 0.4441 - val_accuracy: 0.8858
Epoch 106/350
391/391 - 25s - loss: 0.2469 - accuracy: 0.9255 - val_loss: 0.4624 - val_accuracy: 0.8760
Epoch 107/350
391/391 - 25s - loss: 0.2467 - accuracy: 0.9265 - val_loss: 0.4344 - val_accuracy: 0.8873
Epoch 108/350
391/391 - 25s - loss: 0.2442 - accuracy: 0.9275 - val_loss: 0.4441 - val_accuracy: 0.8847
Epoch 109/350
391/391 - 25s - loss: 0.2417 - accuracy: 0.9275 - val_loss: 0.4566 - val_accuracy: 0.8796
Epoch 110/350
391/391 - 25s - loss: 0.2410 - accuracy: 0.9274 - val_loss: 0.4110 - val_accuracy: 0.8914
Epoch 111/350
391/391 - 25s - loss: 0.2395 - accuracy: 0.9283 - val_loss: 0.4451 - val_accuracy: 0.8823
Epoch 112/350
391/391 - 25s - loss: 0.2384 - accuracy: 0.9290 - val_loss: 0.3923 - val_accuracy: 0.8963
Epoch 113/350
391/391 - 25s - loss: 0.2392 - accuracy: 0.9289 - val_loss: 0.4334 - val_accuracy: 0.8876
Epoch 114/350
391/391 - 25s - loss: 0.2329 - accuracy: 0.9313 - val_loss: 0.4190 - val_accuracy: 0.8938
Epoch 115/350
391/391 - 25s - loss: 0.2359 - accuracy: 0.9294 - val_loss: 0.4613 - val_accuracy: 0.8832
Epoch 116/350
391/391 - 25s - loss: 0.2339 - accuracy: 0.9315 - val_loss: 0.4349 - val_accuracy: 0.8862
Epoch 117/350
391/391 - 25s - loss: 0.2320 - accuracy: 0.9296 - val_loss: 0.4729 - val_accuracy: 0.8817
Epoch 118/350
391/391 - 25s - loss: 0.2328 - accuracy: 0.9305 - val_loss: 0.4021 - val_accuracy: 0.8951
Epoch 119/350
391/391 - 25s - loss: 0.2325 - accuracy: 0.9303 - val_loss: 0.4294 - val_accuracy: 0.8905
Epoch 120/350
391/391 - 25s - loss: 0.2304 - accuracy: 0.9336 - val_loss: 0.4095 - val_accuracy: 0.8943
Epoch 121/350
391/391 - 25s - loss: 0.2343 - accuracy: 0.9309 - val_loss: 0.4250 - val_accuracy: 0.8872
Epoch 122/350
391/391 - 25s - loss: 0.2221 - accuracy: 0.9359 - val_loss: 0.4455 - val_accuracy: 0.8885
Epoch 123/350
391/391 - 25s - loss: 0.2221 - accuracy: 0.9357 - val_loss: 0.4384 - val_accuracy: 0.8875
Epoch 124/350
391/391 - 25s - loss: 0.2205 - accuracy: 0.9364 - val_loss: 0.4641 - val_accuracy: 0.8884
Epoch 125/350
391/391 - 25s - loss: 0.2179 - accuracy: 0.9380 - val_loss: 0.4619 - val_accuracy: 0.8888
Epoch 126/350
391/391 - 25s - loss: 0.2256 - accuracy: 0.9344 - val_loss: 0.4199 - val_accuracy: 0.8944
Epoch 127/350
391/391 - 25s - loss: 0.2172 - accuracy: 0.9383 - val_loss: 0.4402 - val_accuracy: 0.8909
Epoch 128/350
391/391 - 25s - loss: 0.2229 - accuracy: 0.9367 - val_loss: 0.4158 - val_accuracy: 0.8931
Epoch 129/350
391/391 - 25s - loss: 0.2192 - accuracy: 0.9363 - val_loss: 0.4287 - val_accuracy: 0.8969
Epoch 130/350
391/391 - 25s - loss: 0.2141 - accuracy: 0.9388 - val_loss: 0.4334 - val_accuracy: 0.8956
Epoch 131/350
391/391 - 25s - loss: 0.2131 - accuracy: 0.9390 - val_loss: 0.4410 - val_accuracy: 0.8908
Epoch 132/350
391/391 - 25s - loss: 0.2120 - accuracy: 0.9382 - val_loss: 0.4223 - val_accuracy: 0.8898
Epoch 133/350
391/391 - 25s - loss: 0.2118 - accuracy: 0.9394 - val_loss: 0.4017 - val_accuracy: 0.8948
Epoch 134/350
391/391 - 25s - loss: 0.2101 - accuracy: 0.9390 - val_loss: 0.4267 - val_accuracy: 0.8962
Epoch 135/350
391/391 - 25s - loss: 0.2110 - accuracy: 0.9398 - val_loss: 0.4415 - val_accuracy: 0.8912
Epoch 136/350
391/391 - 25s - loss: 0.2104 - accuracy: 0.9391 - val_loss: 0.4528 - val_accuracy: 0.8883
Epoch 137/350
391/391 - 25s - loss: 0.2078 - accuracy: 0.9404 - val_loss: 0.4387 - val_accuracy: 0.8971
Epoch 138/350
391/391 - 25s - loss: 0.2058 - accuracy: 0.9411 - val_loss: 0.4277 - val_accuracy: 0.8963
Epoch 139/350
391/391 - 25s - loss: 0.2089 - accuracy: 0.9399 - val_loss: 0.4522 - val_accuracy: 0.8887
Epoch 140/350
391/391 - 25s - loss: 0.2014 - accuracy: 0.9433 - val_loss: 0.4481 - val_accuracy: 0.8912
Epoch 141/350
391/391 - 25s - loss: 0.2026 - accuracy: 0.9433 - val_loss: 0.4785 - val_accuracy: 0.8885
Epoch 142/350
391/391 - 25s - loss: 0.2006 - accuracy: 0.9429 - val_loss: 0.4279 - val_accuracy: 0.8982
Epoch 143/350
391/391 - 25s - loss: 0.2006 - accuracy: 0.9433 - val_loss: 0.4568 - val_accuracy: 0.8918
Epoch 144/350
391/391 - 25s - loss: 0.2037 - accuracy: 0.9414 - val_loss: 0.4330 - val_accuracy: 0.8924
Epoch 145/350
391/391 - 25s - loss: 0.2002 - accuracy: 0.9451 - val_loss: 0.4467 - val_accuracy: 0.8923
Epoch 146/350
391/391 - 25s - loss: 0.2001 - accuracy: 0.9443 - val_loss: 0.4080 - val_accuracy: 0.8968
Epoch 147/350
391/391 - 25s - loss: 0.1973 - accuracy: 0.9451 - val_loss: 0.4363 - val_accuracy: 0.8941
Epoch 148/350
391/391 - 25s - loss: 0.1977 - accuracy: 0.9440 - val_loss: 0.4747 - val_accuracy: 0.8922
Epoch 149/350
391/391 - 25s - loss: 0.1997 - accuracy: 0.9443 - val_loss: 0.4409 - val_accuracy: 0.8905
Epoch 150/350


Snapshot weight 2 shuffle 7 at epoch 150
Layer 11
Getting activations...


391/391 - 25s - loss: 0.1965 - accuracy: 0.9453 - val_loss: 0.4180 - val_accuracy: 0.8984
Epoch 151/350
391/391 - 25s - loss: 0.1950 - accuracy: 0.9458 - val_loss: 0.4271 - val_accuracy: 0.8970
Epoch 152/350
391/391 - 25s - loss: 0.1919 - accuracy: 0.9464 - val_loss: 0.4487 - val_accuracy: 0.8929
Epoch 153/350
391/391 - 25s - loss: 0.1939 - accuracy: 0.9471 - val_loss: 0.4453 - val_accuracy: 0.8943
Epoch 154/350
391/391 - 25s - loss: 0.1903 - accuracy: 0.9469 - val_loss: 0.4568 - val_accuracy: 0.8941
Epoch 155/350
391/391 - 25s - loss: 0.1881 - accuracy: 0.9477 - val_loss: 0.4494 - val_accuracy: 0.8951
Epoch 156/350
391/391 - 25s - loss: 0.1914 - accuracy: 0.9462 - val_loss: 0.4555 - val_accuracy: 0.8946
Epoch 157/350
391/391 - 25s - loss: 0.1875 - accuracy: 0.9484 - val_loss: 0.4759 - val_accuracy: 0.8957
Epoch 158/350
391/391 - 25s - loss: 0.1916 - accuracy: 0.9474 - val_loss: 0.4371 - val_accuracy: 0.8952
Epoch 159/350
391/391 - 25s - loss: 0.1877 - accuracy: 0.9480 - val_loss: 0.4836 - val_accuracy: 0.8928
Epoch 160/350
391/391 - 25s - loss: 0.1833 - accuracy: 0.9490 - val_loss: 0.4554 - val_accuracy: 0.9009
Epoch 161/350
391/391 - 25s - loss: 0.1886 - accuracy: 0.9482 - val_loss: 0.4683 - val_accuracy: 0.8923
Epoch 162/350
391/391 - 25s - loss: 0.1894 - accuracy: 0.9491 - val_loss: 0.4433 - val_accuracy: 0.8968
Epoch 163/350
391/391 - 25s - loss: 0.1838 - accuracy: 0.9504 - val_loss: 0.4197 - val_accuracy: 0.8990
Epoch 164/350
391/391 - 25s - loss: 0.1861 - accuracy: 0.9483 - val_loss: 0.4725 - val_accuracy: 0.8910
Epoch 165/350
391/391 - 25s - loss: 0.1832 - accuracy: 0.9504 - val_loss: 0.4602 - val_accuracy: 0.8901
Epoch 166/350
391/391 - 25s - loss: 0.1831 - accuracy: 0.9501 - val_loss: 0.4747 - val_accuracy: 0.8898
Epoch 167/350
391/391 - 25s - loss: 0.1842 - accuracy: 0.9502 - val_loss: 0.4300 - val_accuracy: 0.8995
Epoch 168/350
391/391 - 25s - loss: 0.1814 - accuracy: 0.9511 - val_loss: 0.5256 - val_accuracy: 0.8890
Epoch 169/350
391/391 - 25s - loss: 0.1823 - accuracy: 0.9508 - val_loss: 0.4531 - val_accuracy: 0.8968
Epoch 170/350
391/391 - 25s - loss: 0.1831 - accuracy: 0.9511 - val_loss: 0.4753 - val_accuracy: 0.8924
Epoch 171/350
391/391 - 25s - loss: 0.1795 - accuracy: 0.9519 - val_loss: 0.4505 - val_accuracy: 0.8992
Epoch 172/350
391/391 - 25s - loss: 0.1795 - accuracy: 0.9528 - val_loss: 0.4698 - val_accuracy: 0.8925
Epoch 173/350
391/391 - 25s - loss: 0.1786 - accuracy: 0.9526 - val_loss: 0.4535 - val_accuracy: 0.8993
Epoch 174/350
391/391 - 25s - loss: 0.1776 - accuracy: 0.9526 - val_loss: 0.4574 - val_accuracy: 0.8958
Epoch 175/350
391/391 - 25s - loss: 0.1761 - accuracy: 0.9524 - val_loss: 0.4526 - val_accuracy: 0.8937
Epoch 176/350
391/391 - 25s - loss: 0.1795 - accuracy: 0.9515 - val_loss: 0.4557 - val_accuracy: 0.8997
Epoch 177/350
391/391 - 25s - loss: 0.1788 - accuracy: 0.9526 - val_loss: 0.4700 - val_accuracy: 0.8988
Epoch 178/350
391/391 - 25s - loss: 0.1782 - accuracy: 0.9524 - val_loss: 0.4340 - val_accuracy: 0.9021
Epoch 179/350
391/391 - 25s - loss: 0.1735 - accuracy: 0.9530 - val_loss: 0.4339 - val_accuracy: 0.9005
Epoch 180/350
391/391 - 25s - loss: 0.1771 - accuracy: 0.9537 - val_loss: 0.4300 - val_accuracy: 0.8995
Epoch 181/350
391/391 - 25s - loss: 0.1742 - accuracy: 0.9544 - val_loss: 0.4164 - val_accuracy: 0.9023
Epoch 182/350
391/391 - 25s - loss: 0.1740 - accuracy: 0.9540 - val_loss: 0.4683 - val_accuracy: 0.8993
Epoch 183/350
391/391 - 25s - loss: 0.1722 - accuracy: 0.9542 - val_loss: 0.4876 - val_accuracy: 0.8948
Epoch 184/350
391/391 - 25s - loss: 0.1696 - accuracy: 0.9551 - val_loss: 0.4939 - val_accuracy: 0.8948
Epoch 185/350
391/391 - 25s - loss: 0.1726 - accuracy: 0.9550 - val_loss: 0.4674 - val_accuracy: 0.8949
Epoch 186/350
391/391 - 25s - loss: 0.1711 - accuracy: 0.9553 - val_loss: 0.4476 - val_accuracy: 0.8983
Epoch 187/350
391/391 - 25s - loss: 0.1681 - accuracy: 0.9563 - val_loss: 0.4539 - val_accuracy: 0.8971
Epoch 188/350
391/391 - 25s - loss: 0.1703 - accuracy: 0.9557 - val_loss: 0.4393 - val_accuracy: 0.9020
Epoch 189/350
391/391 - 25s - loss: 0.1667 - accuracy: 0.9565 - val_loss: 0.4733 - val_accuracy: 0.8960
Epoch 190/350
391/391 - 25s - loss: 0.1699 - accuracy: 0.9559 - val_loss: 0.4573 - val_accuracy: 0.8990
Epoch 191/350
391/391 - 25s - loss: 0.1658 - accuracy: 0.9582 - val_loss: 0.4406 - val_accuracy: 0.8965
Epoch 192/350
391/391 - 25s - loss: 0.1685 - accuracy: 0.9570 - val_loss: 0.4551 - val_accuracy: 0.8962
Epoch 193/350
391/391 - 25s - loss: 0.1701 - accuracy: 0.9559 - val_loss: 0.4821 - val_accuracy: 0.8918
Epoch 194/350
391/391 - 25s - loss: 0.1661 - accuracy: 0.9562 - val_loss: 0.4903 - val_accuracy: 0.8939
Epoch 195/350
391/391 - 25s - loss: 0.1683 - accuracy: 0.9573 - val_loss: 0.5006 - val_accuracy: 0.8937
Epoch 196/350
391/391 - 25s - loss: 0.1637 - accuracy: 0.9586 - val_loss: 0.4684 - val_accuracy: 0.8992
Epoch 197/350
391/391 - 25s - loss: 0.1642 - accuracy: 0.9581 - val_loss: 0.4459 - val_accuracy: 0.8998
Epoch 198/350
391/391 - 25s - loss: 0.1624 - accuracy: 0.9589 - val_loss: 0.4761 - val_accuracy: 0.8957
Epoch 199/350
391/391 - 25s - loss: 0.1646 - accuracy: 0.9581 - val_loss: 0.4947 - val_accuracy: 0.8936
Epoch 200/350


Snapshot weight 2 shuffle 7 at epoch 200
Layer 11
Getting activations...


391/391 - 25s - loss: 0.1638 - accuracy: 0.9577 - val_loss: 0.4513 - val_accuracy: 0.8965
Epoch 201/350
391/391 - 25s - loss: 0.1381 - accuracy: 0.9674 - val_loss: 0.4349 - val_accuracy: 0.9060
Epoch 202/350
391/391 - 25s - loss: 0.1252 - accuracy: 0.9714 - val_loss: 0.4426 - val_accuracy: 0.9057
Epoch 203/350
391/391 - 25s - loss: 0.1219 - accuracy: 0.9738 - val_loss: 0.4498 - val_accuracy: 0.9069
Epoch 204/350
391/391 - 25s - loss: 0.1212 - accuracy: 0.9736 - val_loss: 0.4540 - val_accuracy: 0.9061
Epoch 205/350
391/391 - 25s - loss: 0.1181 - accuracy: 0.9745 - val_loss: 0.4541 - val_accuracy: 0.9094
Epoch 206/350
391/391 - 25s - loss: 0.1182 - accuracy: 0.9735 - val_loss: 0.4536 - val_accuracy: 0.9087
Epoch 207/350
391/391 - 25s - loss: 0.1151 - accuracy: 0.9751 - val_loss: 0.4618 - val_accuracy: 0.9099
Epoch 208/350
391/391 - 25s - loss: 0.1160 - accuracy: 0.9754 - val_loss: 0.4613 - val_accuracy: 0.9068
Epoch 209/350
391/391 - 25s - loss: 0.1129 - accuracy: 0.9765 - val_loss: 0.4613 - val_accuracy: 0.9074
Epoch 210/350
391/391 - 25s - loss: 0.1169 - accuracy: 0.9754 - val_loss: 0.4608 - val_accuracy: 0.9075
Epoch 211/350
391/391 - 25s - loss: 0.1143 - accuracy: 0.9760 - val_loss: 0.4713 - val_accuracy: 0.9066
Epoch 212/350
391/391 - 25s - loss: 0.1155 - accuracy: 0.9755 - val_loss: 0.4669 - val_accuracy: 0.9066
Epoch 213/350
391/391 - 25s - loss: 0.1113 - accuracy: 0.9773 - val_loss: 0.4695 - val_accuracy: 0.9079
Epoch 214/350
391/391 - 25s - loss: 0.1148 - accuracy: 0.9764 - val_loss: 0.4670 - val_accuracy: 0.9083
Epoch 215/350
391/391 - 25s - loss: 0.1103 - accuracy: 0.9768 - val_loss: 0.4711 - val_accuracy: 0.9065
Epoch 216/350
391/391 - 25s - loss: 0.1121 - accuracy: 0.9761 - val_loss: 0.4721 - val_accuracy: 0.9059
Epoch 217/350
391/391 - 25s - loss: 0.1128 - accuracy: 0.9767 - val_loss: 0.4688 - val_accuracy: 0.9081
Epoch 218/350
391/391 - 25s - loss: 0.1113 - accuracy: 0.9769 - val_loss: 0.4650 - val_accuracy: 0.9080
Epoch 219/350
391/391 - 25s - loss: 0.1103 - accuracy: 0.9766 - val_loss: 0.4691 - val_accuracy: 0.9072
Epoch 220/350
391/391 - 25s - loss: 0.1066 - accuracy: 0.9785 - val_loss: 0.4821 - val_accuracy: 0.9059
Epoch 221/350
391/391 - 25s - loss: 0.1086 - accuracy: 0.9780 - val_loss: 0.4689 - val_accuracy: 0.9075
Epoch 222/350
391/391 - 25s - loss: 0.1124 - accuracy: 0.9762 - val_loss: 0.4717 - val_accuracy: 0.9070
Epoch 223/350
391/391 - 25s - loss: 0.1088 - accuracy: 0.9778 - val_loss: 0.4790 - val_accuracy: 0.9082
Epoch 224/350
391/391 - 25s - loss: 0.1114 - accuracy: 0.9772 - val_loss: 0.4828 - val_accuracy: 0.9058
Epoch 225/350
391/391 - 25s - loss: 0.1094 - accuracy: 0.9776 - val_loss: 0.4754 - val_accuracy: 0.9080
Epoch 226/350
391/391 - 25s - loss: 0.1088 - accuracy: 0.9784 - val_loss: 0.4865 - val_accuracy: 0.9067
Epoch 227/350
391/391 - 25s - loss: 0.1085 - accuracy: 0.9782 - val_loss: 0.4778 - val_accuracy: 0.9078
Epoch 228/350
391/391 - 25s - loss: 0.1056 - accuracy: 0.9787 - val_loss: 0.4835 - val_accuracy: 0.9074
Epoch 229/350
391/391 - 25s - loss: 0.1080 - accuracy: 0.9775 - val_loss: 0.4742 - val_accuracy: 0.9083
Epoch 230/350
391/391 - 25s - loss: 0.1082 - accuracy: 0.9784 - val_loss: 0.4824 - val_accuracy: 0.9068
Epoch 231/350
391/391 - 25s - loss: 0.1067 - accuracy: 0.9785 - val_loss: 0.4775 - val_accuracy: 0.9087
Epoch 232/350
391/391 - 25s - loss: 0.1098 - accuracy: 0.9774 - val_loss: 0.4748 - val_accuracy: 0.9067
Epoch 233/350
391/391 - 25s - loss: 0.1084 - accuracy: 0.9779 - val_loss: 0.4835 - val_accuracy: 0.9078
Epoch 234/350
391/391 - 25s - loss: 0.1050 - accuracy: 0.9792 - val_loss: 0.4820 - val_accuracy: 0.9073
Epoch 235/350
391/391 - 25s - loss: 0.1065 - accuracy: 0.9793 - val_loss: 0.4779 - val_accuracy: 0.9088
Epoch 236/350
391/391 - 25s - loss: 0.1052 - accuracy: 0.9788 - val_loss: 0.4862 - val_accuracy: 0.9063
Epoch 237/350
391/391 - 25s - loss: 0.1066 - accuracy: 0.9780 - val_loss: 0.4822 - val_accuracy: 0.9060
Epoch 238/350
391/391 - 25s - loss: 0.1063 - accuracy: 0.9787 - val_loss: 0.4898 - val_accuracy: 0.9066
Epoch 239/350
391/391 - 25s - loss: 0.1043 - accuracy: 0.9792 - val_loss: 0.4873 - val_accuracy: 0.9072
Epoch 240/350
391/391 - 25s - loss: 0.1050 - accuracy: 0.9792 - val_loss: 0.4914 - val_accuracy: 0.9086
Epoch 241/350
391/391 - 25s - loss: 0.1046 - accuracy: 0.9795 - val_loss: 0.4960 - val_accuracy: 0.9062
Epoch 242/350
391/391 - 25s - loss: 0.1030 - accuracy: 0.9801 - val_loss: 0.4971 - val_accuracy: 0.9067
Epoch 243/350
391/391 - 25s - loss: 0.1029 - accuracy: 0.9790 - val_loss: 0.4981 - val_accuracy: 0.9068
Epoch 244/350
391/391 - 25s - loss: 0.1039 - accuracy: 0.9791 - val_loss: 0.4890 - val_accuracy: 0.9079
Epoch 245/350
391/391 - 25s - loss: 0.1035 - accuracy: 0.9795 - val_loss: 0.5100 - val_accuracy: 0.9046
Epoch 246/350
391/391 - 25s - loss: 0.1016 - accuracy: 0.9804 - val_loss: 0.4906 - val_accuracy: 0.9076
Epoch 247/350
391/391 - 25s - loss: 0.1012 - accuracy: 0.9800 - val_loss: 0.5047 - val_accuracy: 0.9068
Epoch 248/350
391/391 - 25s - loss: 0.1035 - accuracy: 0.9798 - val_loss: 0.4980 - val_accuracy: 0.9081
Epoch 249/350
391/391 - 25s - loss: 0.1033 - accuracy: 0.9796 - val_loss: 0.4939 - val_accuracy: 0.9089
Epoch 250/350


Snapshot weight 2 shuffle 7 at epoch 250
Layer 11
Getting activations...


391/391 - 25s - loss: 0.1026 - accuracy: 0.9794 - val_loss: 0.4982 - val_accuracy: 0.9066
Epoch 251/350
391/391 - 25s - loss: 0.1023 - accuracy: 0.9801 - val_loss: 0.4935 - val_accuracy: 0.9081
Epoch 252/350
391/391 - 25s - loss: 0.1046 - accuracy: 0.9788 - val_loss: 0.4916 - val_accuracy: 0.9083
Epoch 253/350
391/391 - 25s - loss: 0.1019 - accuracy: 0.9801 - val_loss: 0.4899 - val_accuracy: 0.9081
Epoch 254/350
391/391 - 25s - loss: 0.1018 - accuracy: 0.9801 - val_loss: 0.4899 - val_accuracy: 0.9079
Epoch 255/350
391/391 - 25s - loss: 0.0993 - accuracy: 0.9808 - val_loss: 0.4918 - val_accuracy: 0.9076
Epoch 256/350
391/391 - 25s - loss: 0.1006 - accuracy: 0.9806 - val_loss: 0.4933 - val_accuracy: 0.9079
Epoch 257/350
391/391 - 25s - loss: 0.1005 - accuracy: 0.9808 - val_loss: 0.4932 - val_accuracy: 0.9083
Epoch 258/350
391/391 - 25s - loss: 0.1020 - accuracy: 0.9802 - val_loss: 0.4919 - val_accuracy: 0.9076
Epoch 259/350
391/391 - 25s - loss: 0.0999 - accuracy: 0.9806 - val_loss: 0.4937 - val_accuracy: 0.9073
Epoch 260/350
391/391 - 25s - loss: 0.0987 - accuracy: 0.9813 - val_loss: 0.4924 - val_accuracy: 0.9080
Epoch 261/350
391/391 - 25s - loss: 0.1003 - accuracy: 0.9805 - val_loss: 0.4923 - val_accuracy: 0.9087
Epoch 262/350
391/391 - 25s - loss: 0.0985 - accuracy: 0.9815 - val_loss: 0.4931 - val_accuracy: 0.9085
Epoch 263/350
391/391 - 25s - loss: 0.0996 - accuracy: 0.9813 - val_loss: 0.4939 - val_accuracy: 0.9084
Epoch 264/350
391/391 - 25s - loss: 0.1014 - accuracy: 0.9806 - val_loss: 0.4929 - val_accuracy: 0.9085
Epoch 265/350
391/391 - 25s - loss: 0.1001 - accuracy: 0.9805 - val_loss: 0.4933 - val_accuracy: 0.9078
Epoch 266/350
391/391 - 25s - loss: 0.1002 - accuracy: 0.9809 - val_loss: 0.4929 - val_accuracy: 0.9079
Epoch 267/350
391/391 - 25s - loss: 0.1005 - accuracy: 0.9812 - val_loss: 0.4918 - val_accuracy: 0.9078
Epoch 268/350
391/391 - 25s - loss: 0.1015 - accuracy: 0.9804 - val_loss: 0.4922 - val_accuracy: 0.9080
Epoch 269/350
391/391 - 25s - loss: 0.1018 - accuracy: 0.9803 - val_loss: 0.4928 - val_accuracy: 0.9082
Epoch 270/350
391/391 - 25s - loss: 0.1001 - accuracy: 0.9808 - val_loss: 0.4928 - val_accuracy: 0.9073
Epoch 271/350
391/391 - 25s - loss: 0.0996 - accuracy: 0.9817 - val_loss: 0.4922 - val_accuracy: 0.9080
Epoch 272/350
391/391 - 25s - loss: 0.0981 - accuracy: 0.9812 - val_loss: 0.4931 - val_accuracy: 0.9080
Epoch 273/350
391/391 - 25s - loss: 0.1013 - accuracy: 0.9807 - val_loss: 0.4930 - val_accuracy: 0.9080
Epoch 274/350
391/391 - 25s - loss: 0.1007 - accuracy: 0.9808 - val_loss: 0.4925 - val_accuracy: 0.9086
Epoch 275/350
391/391 - 25s - loss: 0.0977 - accuracy: 0.9818 - val_loss: 0.4929 - val_accuracy: 0.9080
Epoch 276/350
391/391 - 25s - loss: 0.0998 - accuracy: 0.9800 - val_loss: 0.4941 - val_accuracy: 0.9081
Epoch 277/350
391/391 - 25s - loss: 0.0990 - accuracy: 0.9807 - val_loss: 0.4928 - val_accuracy: 0.9083
Epoch 278/350
391/391 - 25s - loss: 0.0974 - accuracy: 0.9819 - val_loss: 0.4947 - val_accuracy: 0.9086
Epoch 279/350
391/391 - 25s - loss: 0.0996 - accuracy: 0.9807 - val_loss: 0.4953 - val_accuracy: 0.9072
Epoch 280/350
391/391 - 25s - loss: 0.1005 - accuracy: 0.9804 - val_loss: 0.4939 - val_accuracy: 0.9084
Epoch 281/350
391/391 - 25s - loss: 0.1023 - accuracy: 0.9795 - val_loss: 0.4938 - val_accuracy: 0.9087
Epoch 282/350
391/391 - 25s - loss: 0.1008 - accuracy: 0.9809 - val_loss: 0.4934 - val_accuracy: 0.9079
Epoch 283/350
391/391 - 25s - loss: 0.0976 - accuracy: 0.9813 - val_loss: 0.4946 - val_accuracy: 0.9085
Epoch 284/350
391/391 - 25s - loss: 0.0980 - accuracy: 0.9813 - val_loss: 0.4939 - val_accuracy: 0.9087
Epoch 285/350
391/391 - 25s - loss: 0.0976 - accuracy: 0.9813 - val_loss: 0.4952 - val_accuracy: 0.9078
Epoch 286/350
391/391 - 25s - loss: 0.0971 - accuracy: 0.9815 - val_loss: 0.4956 - val_accuracy: 0.9081
Epoch 287/350
391/391 - 25s - loss: 0.0986 - accuracy: 0.9813 - val_loss: 0.4947 - val_accuracy: 0.9078
Epoch 288/350
391/391 - 25s - loss: 0.0979 - accuracy: 0.9818 - val_loss: 0.4947 - val_accuracy: 0.9080
Epoch 289/350
391/391 - 25s - loss: 0.0987 - accuracy: 0.9811 - val_loss: 0.4937 - val_accuracy: 0.9083
Epoch 290/350
391/391 - 25s - loss: 0.1004 - accuracy: 0.9811 - val_loss: 0.4928 - val_accuracy: 0.9080
Epoch 291/350
391/391 - 25s - loss: 0.0986 - accuracy: 0.9813 - val_loss: 0.4956 - val_accuracy: 0.9085
Epoch 292/350
391/391 - 25s - loss: 0.0989 - accuracy: 0.9812 - val_loss: 0.4967 - val_accuracy: 0.9081
Epoch 293/350
391/391 - 25s - loss: 0.1008 - accuracy: 0.9799 - val_loss: 0.4951 - val_accuracy: 0.9081
Epoch 294/350
391/391 - 25s - loss: 0.1001 - accuracy: 0.9810 - val_loss: 0.4941 - val_accuracy: 0.9076
Epoch 295/350
391/391 - 25s - loss: 0.1007 - accuracy: 0.9809 - val_loss: 0.4935 - val_accuracy: 0.9073
Epoch 296/350
391/391 - 25s - loss: 0.0974 - accuracy: 0.9814 - val_loss: 0.4941 - val_accuracy: 0.9078
Epoch 297/350
391/391 - 25s - loss: 0.0976 - accuracy: 0.9823 - val_loss: 0.4958 - val_accuracy: 0.9076
Epoch 298/350
391/391 - 25s - loss: 0.0991 - accuracy: 0.9813 - val_loss: 0.4935 - val_accuracy: 0.9077
Epoch 299/350
391/391 - 25s - loss: 0.0989 - accuracy: 0.9813 - val_loss: 0.4940 - val_accuracy: 0.9078
Epoch 300/350


Snapshot weight 2 shuffle 7 at epoch 300
Layer 11
Getting activations...


391/391 - 26s - loss: 0.1018 - accuracy: 0.9802 - val_loss: 0.4944 - val_accuracy: 0.9083
Epoch 301/350
391/391 - 25s - loss: 0.0982 - accuracy: 0.9814 - val_loss: 0.4945 - val_accuracy: 0.9083
Epoch 302/350
391/391 - 25s - loss: 0.0966 - accuracy: 0.9822 - val_loss: 0.4947 - val_accuracy: 0.9084
Epoch 303/350
391/391 - 25s - loss: 0.0984 - accuracy: 0.9805 - val_loss: 0.4946 - val_accuracy: 0.9086
Epoch 304/350
391/391 - 25s - loss: 0.0967 - accuracy: 0.9816 - val_loss: 0.4946 - val_accuracy: 0.9083
Epoch 305/350
391/391 - 25s - loss: 0.0985 - accuracy: 0.9811 - val_loss: 0.4949 - val_accuracy: 0.9083
Epoch 306/350
391/391 - 25s - loss: 0.0985 - accuracy: 0.9813 - val_loss: 0.4947 - val_accuracy: 0.9083
Epoch 307/350
391/391 - 25s - loss: 0.0976 - accuracy: 0.9820 - val_loss: 0.4948 - val_accuracy: 0.9084
Epoch 308/350
391/391 - 25s - loss: 0.0993 - accuracy: 0.9808 - val_loss: 0.4944 - val_accuracy: 0.9084
Epoch 309/350
391/391 - 25s - loss: 0.0995 - accuracy: 0.9809 - val_loss: 0.4943 - val_accuracy: 0.9083
Epoch 310/350
391/391 - 25s - loss: 0.0971 - accuracy: 0.9817 - val_loss: 0.4944 - val_accuracy: 0.9083
Epoch 311/350
391/391 - 25s - loss: 0.1005 - accuracy: 0.9811 - val_loss: 0.4940 - val_accuracy: 0.9082
Epoch 312/350
391/391 - 25s - loss: 0.0989 - accuracy: 0.9812 - val_loss: 0.4935 - val_accuracy: 0.9083
Epoch 313/350
391/391 - 25s - loss: 0.0997 - accuracy: 0.9812 - val_loss: 0.4936 - val_accuracy: 0.9084
Epoch 314/350
391/391 - 25s - loss: 0.0985 - accuracy: 0.9803 - val_loss: 0.4935 - val_accuracy: 0.9085
Epoch 315/350
391/391 - 25s - loss: 0.0982 - accuracy: 0.9810 - val_loss: 0.4934 - val_accuracy: 0.9086
Epoch 316/350
391/391 - 25s - loss: 0.1009 - accuracy: 0.9808 - val_loss: 0.4935 - val_accuracy: 0.9087
Epoch 317/350
391/391 - 25s - loss: 0.0977 - accuracy: 0.9822 - val_loss: 0.4934 - val_accuracy: 0.9089
Epoch 318/350
391/391 - 25s - loss: 0.0998 - accuracy: 0.9811 - val_loss: 0.4933 - val_accuracy: 0.9088
Epoch 319/350
391/391 - 25s - loss: 0.0993 - accuracy: 0.9811 - val_loss: 0.4935 - val_accuracy: 0.9088
Epoch 320/350
391/391 - 25s - loss: 0.0986 - accuracy: 0.9808 - val_loss: 0.4933 - val_accuracy: 0.9092
Epoch 321/350
391/391 - 25s - loss: 0.0995 - accuracy: 0.9814 - val_loss: 0.4932 - val_accuracy: 0.9087
Epoch 322/350
391/391 - 25s - loss: 0.0987 - accuracy: 0.9815 - val_loss: 0.4933 - val_accuracy: 0.9085
Epoch 323/350
391/391 - 25s - loss: 0.1000 - accuracy: 0.9809 - val_loss: 0.4932 - val_accuracy: 0.9086
Epoch 324/350
391/391 - 25s - loss: 0.0986 - accuracy: 0.9811 - val_loss: 0.4933 - val_accuracy: 0.9086
Epoch 325/350
391/391 - 25s - loss: 0.1002 - accuracy: 0.9809 - val_loss: 0.4932 - val_accuracy: 0.9089
Epoch 326/350
391/391 - 25s - loss: 0.0996 - accuracy: 0.9812 - val_loss: 0.4933 - val_accuracy: 0.9093
Epoch 327/350
391/391 - 25s - loss: 0.1002 - accuracy: 0.9811 - val_loss: 0.4932 - val_accuracy: 0.9093
Epoch 328/350
391/391 - 25s - loss: 0.1000 - accuracy: 0.9813 - val_loss: 0.4932 - val_accuracy: 0.9092
Epoch 329/350
391/391 - 25s - loss: 0.0955 - accuracy: 0.9828 - val_loss: 0.4932 - val_accuracy: 0.9090
Epoch 330/350
391/391 - 25s - loss: 0.0973 - accuracy: 0.9823 - val_loss: 0.4932 - val_accuracy: 0.9088
Epoch 331/350
391/391 - 25s - loss: 0.0973 - accuracy: 0.9818 - val_loss: 0.4933 - val_accuracy: 0.9084
Epoch 332/350
391/391 - 25s - loss: 0.0987 - accuracy: 0.9807 - val_loss: 0.4933 - val_accuracy: 0.9087
Epoch 333/350
391/391 - 25s - loss: 0.1009 - accuracy: 0.9807 - val_loss: 0.4933 - val_accuracy: 0.9086
Epoch 334/350
391/391 - 25s - loss: 0.1000 - accuracy: 0.9809 - val_loss: 0.4933 - val_accuracy: 0.9086
Epoch 335/350
391/391 - 25s - loss: 0.0982 - accuracy: 0.9812 - val_loss: 0.4936 - val_accuracy: 0.9084
Epoch 336/350
391/391 - 25s - loss: 0.0981 - accuracy: 0.9813 - val_loss: 0.4934 - val_accuracy: 0.9085
Epoch 337/350
391/391 - 25s - loss: 0.1001 - accuracy: 0.9810 - val_loss: 0.4933 - val_accuracy: 0.9083
Epoch 338/350
391/391 - 25s - loss: 0.0980 - accuracy: 0.9814 - val_loss: 0.4932 - val_accuracy: 0.9084
Epoch 339/350
391/391 - 25s - loss: 0.1003 - accuracy: 0.9809 - val_loss: 0.4932 - val_accuracy: 0.9084
Epoch 340/350
391/391 - 25s - loss: 0.0981 - accuracy: 0.9817 - val_loss: 0.4933 - val_accuracy: 0.9083
Epoch 341/350
391/391 - 25s - loss: 0.0974 - accuracy: 0.9818 - val_loss: 0.4932 - val_accuracy: 0.9087
Epoch 342/350
391/391 - 25s - loss: 0.1001 - accuracy: 0.9812 - val_loss: 0.4929 - val_accuracy: 0.9090
Epoch 343/350
391/391 - 25s - loss: 0.0977 - accuracy: 0.9817 - val_loss: 0.4932 - val_accuracy: 0.9087
Epoch 344/350
391/391 - 25s - loss: 0.0973 - accuracy: 0.9817 - val_loss: 0.4935 - val_accuracy: 0.9085
Epoch 345/350
391/391 - 25s - loss: 0.0989 - accuracy: 0.9809 - val_loss: 0.4935 - val_accuracy: 0.9083
Epoch 346/350
391/391 - 25s - loss: 0.0985 - accuracy: 0.9816 - val_loss: 0.4936 - val_accuracy: 0.9083
Epoch 347/350
391/391 - 25s - loss: 0.0997 - accuracy: 0.9803 - val_loss: 0.4935 - val_accuracy: 0.9087
Epoch 348/350
391/391 - 25s - loss: 0.0999 - accuracy: 0.9808 - val_loss: 0.4937 - val_accuracy: 0.9088
Epoch 349/350
391/391 - 25s - loss: 0.0987 - accuracy: 0.9822 - val_loss: 0.4937 - val_accuracy: 0.9087
Epoch 350/350


Snapshot weight 2 shuffle 7 at epoch 350
Layer 11
Getting activations...


391/391 - 25s - loss: 0.0995 - accuracy: 0.9814 - val_loss: 0.4937 - val_accuracy: 0.9086
/usr/local/lib/python3.6/dist-packages/tensorflow/python/autograph/impl/api.py:493: UserWarning: fill_value is not supported and is always 0 for TensorFlow < 2.4.0.
  return py_builtins.overload_of(f)(*args)
WARNING:tensorflow:From /usr/local/lib/python3.6/dist-packages/tensorflow/python/training/tracking/tracking.py:111: Model.state_updates (from tensorflow.python.keras.engine.training) is deprecated and will be removed in a future version.
Instructions for updating:
This property should not be used in TensorFlow 2.0, as updates are applied automatically.
2021-07-02 15:34:45.165884: W tensorflow/python/util/util.cc:348] Sets are not currently considered sequences, but this may change in the future, so consider avoiding using them.
WARNING:tensorflow:From /usr/local/lib/python3.6/dist-packages/tensorflow/python/training/tracking/tracking.py:111: Layer.updates (from tensorflow.python.keras.engine.base_layer) is deprecated and will be removed in a future version.
Instructions for updating:
This property should not be used in TensorFlow 2.0, as updates are applied automatically.
Saving, final validation acc: 0.9085999727249146
