2021-07-01 18:39:38.791825: I tensorflow/stream_executor/platform/default/dso_loader.cc:48] Successfully opened dynamic library libcudart.so.10.1
2021-07-01 18:40:58.744054: I tensorflow/stream_executor/platform/default/dso_loader.cc:48] Successfully opened dynamic library libcuda.so.1
2021-07-01 18:40:58.774378: I tensorflow/core/common_runtime/gpu/gpu_device.cc:1716] Found device 0 with properties: 
pciBusID: 0000:82:00.0 name: NVIDIA TITAN Xp computeCapability: 6.1
coreClock: 1.582GHz coreCount: 30 deviceMemorySize: 11.91GiB deviceMemoryBandwidth: 510.07GiB/s
2021-07-01 18:40:58.774460: I tensorflow/stream_executor/platform/default/dso_loader.cc:48] Successfully opened dynamic library libcudart.so.10.1
2021-07-01 18:40:58.817487: I tensorflow/stream_executor/platform/default/dso_loader.cc:48] Successfully opened dynamic library libcublas.so.10
2021-07-01 18:40:58.839130: I tensorflow/stream_executor/platform/default/dso_loader.cc:48] Successfully opened dynamic library libcufft.so.10
2021-07-01 18:40:58.847599: I tensorflow/stream_executor/platform/default/dso_loader.cc:48] Successfully opened dynamic library libcurand.so.10
2021-07-01 18:40:58.891879: I tensorflow/stream_executor/platform/default/dso_loader.cc:48] Successfully opened dynamic library libcusolver.so.10
2021-07-01 18:40:58.900473: I tensorflow/stream_executor/platform/default/dso_loader.cc:48] Successfully opened dynamic library libcusparse.so.10
2021-07-01 18:40:58.980397: I tensorflow/stream_executor/platform/default/dso_loader.cc:48] Successfully opened dynamic library libcudnn.so.7
2021-07-01 18:40:58.982856: I tensorflow/core/common_runtime/gpu/gpu_device.cc:1858] Adding visible gpu devices: 0
2021-07-01 18:40:58.986693: I tensorflow/core/platform/cpu_feature_guard.cc:142] This TensorFlow binary is optimized with oneAPI Deep Neural Network Library (oneDNN)to use the following CPU instructions in performance-critical operations:  AVX2 FMA
To enable them in other operations, rebuild TensorFlow with the appropriate compiler flags.
2021-07-01 18:40:59.004325: I tensorflow/core/platform/profile_utils/cpu_utils.cc:104] CPU Frequency: 2600265000 Hz
2021-07-01 18:40:59.004488: I tensorflow/compiler/xla/service/service.cc:168] XLA service 0x4da93d0 initialized for platform Host (this does not guarantee that XLA will be used). Devices:
2021-07-01 18:40:59.004510: I tensorflow/compiler/xla/service/service.cc:176]   StreamExecutor device (0): Host, Default Version
2021-07-01 18:40:59.187191: I tensorflow/compiler/xla/service/service.cc:168] XLA service 0x4d8a880 initialized for platform CUDA (this does not guarantee that XLA will be used). Devices:
2021-07-01 18:40:59.187270: I tensorflow/compiler/xla/service/service.cc:176]   StreamExecutor device (0): NVIDIA TITAN Xp, Compute Capability 6.1
2021-07-01 18:40:59.191580: I tensorflow/core/common_runtime/gpu/gpu_device.cc:1716] Found device 0 with properties: 
pciBusID: 0000:82:00.0 name: NVIDIA TITAN Xp computeCapability: 6.1
coreClock: 1.582GHz coreCount: 30 deviceMemorySize: 11.91GiB deviceMemoryBandwidth: 510.07GiB/s
2021-07-01 18:40:59.191628: I tensorflow/stream_executor/platform/default/dso_loader.cc:48] Successfully opened dynamic library libcudart.so.10.1
2021-07-01 18:40:59.191664: I tensorflow/stream_executor/platform/default/dso_loader.cc:48] Successfully opened dynamic library libcublas.so.10
2021-07-01 18:40:59.191687: I tensorflow/stream_executor/platform/default/dso_loader.cc:48] Successfully opened dynamic library libcufft.so.10
2021-07-01 18:40:59.191708: I tensorflow/stream_executor/platform/default/dso_loader.cc:48] Successfully opened dynamic library libcurand.so.10
2021-07-01 18:40:59.191729: I tensorflow/stream_executor/platform/default/dso_loader.cc:48] Successfully opened dynamic library libcusolver.so.10
2021-07-01 18:40:59.191749: I tensorflow/stream_executor/platform/default/dso_loader.cc:48] Successfully opened dynamic library libcusparse.so.10
2021-07-01 18:40:59.191770: I tensorflow/stream_executor/platform/default/dso_loader.cc:48] Successfully opened dynamic library libcudnn.so.7
2021-07-01 18:40:59.194209: I tensorflow/core/common_runtime/gpu/gpu_device.cc:1858] Adding visible gpu devices: 0
2021-07-01 18:40:59.196092: I tensorflow/stream_executor/platform/default/dso_loader.cc:48] Successfully opened dynamic library libcudart.so.10.1
2021-07-01 18:41:01.004139: I tensorflow/core/common_runtime/gpu/gpu_device.cc:1257] Device interconnect StreamExecutor with strength 1 edge matrix:
2021-07-01 18:41:01.004239: I tensorflow/core/common_runtime/gpu/gpu_device.cc:1263]      0 
2021-07-01 18:41:01.004255: I tensorflow/core/common_runtime/gpu/gpu_device.cc:1276] 0:   N 
2021-07-01 18:41:01.010596: I tensorflow/core/common_runtime/gpu/gpu_device.cc:1402] Created TensorFlow device (/job:localhost/replica:0/task:0/device:GPU:0 with 11218 MB memory) -> physical GPU (device: 0, name: NVIDIA TITAN Xp, pci bus id: 0000:82:00.0, compute capability: 6.1)
2021-07-01 18:41:06.995851: I tensorflow/stream_executor/platform/default/dso_loader.cc:48] Successfully opened dynamic library libcudnn.so.7
2021-07-01 18:41:09.511329: I tensorflow/stream_executor/platform/default/dso_loader.cc:48] Successfully opened dynamic library libcublas.so.10
Using model index: 10
Making train data...
GCN...
ZCA...
Done!
Making test data...
Done!
Epoch 1/350


Snapshot weight 0 shuffle 1 at epoch 1
Layer 11
Getting activations...


391/391 - 24s - loss: 2.3250 - accuracy: 0.1046 - val_loss: 2.3173 - val_accuracy: 0.1042
Epoch 2/350


Snapshot weight 0 shuffle 1 at epoch 2
Layer 11
Getting activations...


391/391 - 24s - loss: 2.3136 - accuracy: 0.1230 - val_loss: 2.2900 - val_accuracy: 0.1285
Epoch 3/350


Snapshot weight 0 shuffle 1 at epoch 3
Layer 11
Getting activations...


391/391 - 24s - loss: 2.2584 - accuracy: 0.1892 - val_loss: 2.2140 - val_accuracy: 0.2245
Epoch 4/350


Snapshot weight 0 shuffle 1 at epoch 4
Layer 11
Getting activations...


391/391 - 24s - loss: 2.1504 - accuracy: 0.2417 - val_loss: 2.0769 - val_accuracy: 0.2778
Epoch 5/350


Snapshot weight 0 shuffle 1 at epoch 5
Layer 11
Getting activations...


391/391 - 24s - loss: 1.9957 - accuracy: 0.3098 - val_loss: 1.8696 - val_accuracy: 0.3570
Epoch 6/350


Snapshot weight 0 shuffle 1 at epoch 6
Layer 11
Getting activations...


391/391 - 24s - loss: 1.6647 - accuracy: 0.4169 - val_loss: 1.6017 - val_accuracy: 0.4168
Epoch 7/350


Snapshot weight 0 shuffle 1 at epoch 7
Layer 11
Getting activations...


391/391 - 24s - loss: 1.4358 - accuracy: 0.4953 - val_loss: 1.3352 - val_accuracy: 0.5252
Epoch 8/350


Snapshot weight 0 shuffle 1 at epoch 8
Layer 11
Getting activations...


391/391 - 24s - loss: 1.2957 - accuracy: 0.5480 - val_loss: 1.1613 - val_accuracy: 0.5911
Epoch 9/350


Snapshot weight 0 shuffle 1 at epoch 9
Layer 11
Getting activations...


391/391 - 24s - loss: 1.2103 - accuracy: 0.5771 - val_loss: 1.1602 - val_accuracy: 0.5992
Epoch 10/350


Snapshot weight 0 shuffle 1 at epoch 10
Layer 11
Getting activations...


391/391 - 24s - loss: 1.1427 - accuracy: 0.6040 - val_loss: 1.1438 - val_accuracy: 0.6182
Epoch 11/350
391/391 - 24s - loss: 1.0904 - accuracy: 0.6219 - val_loss: 1.1781 - val_accuracy: 0.6039
Epoch 12/350
391/391 - 24s - loss: 1.0300 - accuracy: 0.6420 - val_loss: 1.2133 - val_accuracy: 0.6036
Epoch 13/350
391/391 - 24s - loss: 0.9877 - accuracy: 0.6583 - val_loss: 0.9628 - val_accuracy: 0.6737
Epoch 14/350
391/391 - 24s - loss: 0.9549 - accuracy: 0.6698 - val_loss: 0.9788 - val_accuracy: 0.6702
Epoch 15/350
391/391 - 24s - loss: 0.9231 - accuracy: 0.6803 - val_loss: 0.8721 - val_accuracy: 0.7045
Epoch 16/350
391/391 - 24s - loss: 0.8873 - accuracy: 0.6950 - val_loss: 0.8409 - val_accuracy: 0.7130
Epoch 17/350
391/391 - 24s - loss: 0.8602 - accuracy: 0.7081 - val_loss: 0.7616 - val_accuracy: 0.7447
Epoch 18/350
391/391 - 24s - loss: 0.8231 - accuracy: 0.7219 - val_loss: 0.7876 - val_accuracy: 0.7321
Epoch 19/350
391/391 - 24s - loss: 0.7973 - accuracy: 0.7302 - val_loss: 0.8164 - val_accuracy: 0.7315
Epoch 20/350
391/391 - 24s - loss: 0.7821 - accuracy: 0.7347 - val_loss: 0.7158 - val_accuracy: 0.7592
Epoch 21/350
391/391 - 24s - loss: 0.7374 - accuracy: 0.7509 - val_loss: 0.6794 - val_accuracy: 0.7751
Epoch 22/350
391/391 - 24s - loss: 0.7211 - accuracy: 0.7571 - val_loss: 0.6563 - val_accuracy: 0.7864
Epoch 23/350
391/391 - 24s - loss: 0.6969 - accuracy: 0.7659 - val_loss: 0.7079 - val_accuracy: 0.7735
Epoch 24/350
391/391 - 24s - loss: 0.6847 - accuracy: 0.7703 - val_loss: 0.6318 - val_accuracy: 0.7926
Epoch 25/350
391/391 - 24s - loss: 0.6690 - accuracy: 0.7747 - val_loss: 0.6299 - val_accuracy: 0.7951
Epoch 26/350
391/391 - 24s - loss: 0.6430 - accuracy: 0.7860 - val_loss: 0.6401 - val_accuracy: 0.7876
Epoch 27/350
391/391 - 24s - loss: 0.6334 - accuracy: 0.7887 - val_loss: 0.6409 - val_accuracy: 0.7923
Epoch 28/350
391/391 - 24s - loss: 0.6124 - accuracy: 0.7971 - val_loss: 0.6159 - val_accuracy: 0.8026
Epoch 29/350
391/391 - 24s - loss: 0.6058 - accuracy: 0.8006 - val_loss: 0.5666 - val_accuracy: 0.8117
Epoch 30/350
391/391 - 24s - loss: 0.5847 - accuracy: 0.8060 - val_loss: 0.5922 - val_accuracy: 0.8147
Epoch 31/350
391/391 - 24s - loss: 0.5750 - accuracy: 0.8095 - val_loss: 0.6435 - val_accuracy: 0.8024
Epoch 32/350
391/391 - 24s - loss: 0.5668 - accuracy: 0.8134 - val_loss: 0.6063 - val_accuracy: 0.8123
Epoch 33/350
391/391 - 24s - loss: 0.5511 - accuracy: 0.8177 - val_loss: 0.5722 - val_accuracy: 0.8186
Epoch 34/350
391/391 - 24s - loss: 0.5381 - accuracy: 0.8230 - val_loss: 0.5603 - val_accuracy: 0.8219
Epoch 35/350
391/391 - 24s - loss: 0.5381 - accuracy: 0.8232 - val_loss: 0.5262 - val_accuracy: 0.8339
Epoch 36/350
391/391 - 24s - loss: 0.5219 - accuracy: 0.8287 - val_loss: 0.5449 - val_accuracy: 0.8208
Epoch 37/350
391/391 - 24s - loss: 0.5120 - accuracy: 0.8329 - val_loss: 0.5360 - val_accuracy: 0.8278
Epoch 38/350
391/391 - 24s - loss: 0.5017 - accuracy: 0.8361 - val_loss: 0.5319 - val_accuracy: 0.8356
Epoch 39/350
391/391 - 24s - loss: 0.4954 - accuracy: 0.8378 - val_loss: 0.5241 - val_accuracy: 0.8367
Epoch 40/350
391/391 - 24s - loss: 0.4923 - accuracy: 0.8397 - val_loss: 0.5118 - val_accuracy: 0.8416
Epoch 41/350
391/391 - 24s - loss: 0.4814 - accuracy: 0.8430 - val_loss: 0.5621 - val_accuracy: 0.8242
Epoch 42/350
391/391 - 24s - loss: 0.4760 - accuracy: 0.8442 - val_loss: 0.5040 - val_accuracy: 0.8428
Epoch 43/350
391/391 - 24s - loss: 0.4726 - accuracy: 0.8480 - val_loss: 0.4952 - val_accuracy: 0.8418
Epoch 44/350
391/391 - 24s - loss: 0.4618 - accuracy: 0.8504 - val_loss: 0.4923 - val_accuracy: 0.8499
Epoch 45/350
391/391 - 24s - loss: 0.4495 - accuracy: 0.8545 - val_loss: 0.4898 - val_accuracy: 0.8481
Epoch 46/350
391/391 - 24s - loss: 0.4476 - accuracy: 0.8536 - val_loss: 0.4830 - val_accuracy: 0.8531
Epoch 47/350
391/391 - 24s - loss: 0.4383 - accuracy: 0.8583 - val_loss: 0.4848 - val_accuracy: 0.8489
Epoch 48/350
391/391 - 24s - loss: 0.4405 - accuracy: 0.8571 - val_loss: 0.5059 - val_accuracy: 0.8473
Epoch 49/350
391/391 - 24s - loss: 0.4266 - accuracy: 0.8627 - val_loss: 0.4854 - val_accuracy: 0.8538
Epoch 50/350


Snapshot weight 0 shuffle 1 at epoch 50
Layer 11
Getting activations...


391/391 - 24s - loss: 0.4281 - accuracy: 0.8624 - val_loss: 0.5089 - val_accuracy: 0.8465
Epoch 51/350
391/391 - 24s - loss: 0.4193 - accuracy: 0.8629 - val_loss: 0.4939 - val_accuracy: 0.8458
Epoch 52/350
391/391 - 24s - loss: 0.4105 - accuracy: 0.8674 - val_loss: 0.4692 - val_accuracy: 0.8612
Epoch 53/350
391/391 - 24s - loss: 0.4020 - accuracy: 0.8702 - val_loss: 0.4894 - val_accuracy: 0.8514
Epoch 54/350
391/391 - 24s - loss: 0.4000 - accuracy: 0.8708 - val_loss: 0.4797 - val_accuracy: 0.8573
Epoch 55/350
391/391 - 24s - loss: 0.3923 - accuracy: 0.8749 - val_loss: 0.4466 - val_accuracy: 0.8639
Epoch 56/350
391/391 - 24s - loss: 0.3923 - accuracy: 0.8739 - val_loss: 0.4697 - val_accuracy: 0.8592
Epoch 57/350
391/391 - 24s - loss: 0.3882 - accuracy: 0.8772 - val_loss: 0.4741 - val_accuracy: 0.8605
Epoch 58/350
391/391 - 24s - loss: 0.3803 - accuracy: 0.8783 - val_loss: 0.4548 - val_accuracy: 0.8592
Epoch 59/350
391/391 - 24s - loss: 0.3739 - accuracy: 0.8815 - val_loss: 0.4625 - val_accuracy: 0.8643
Epoch 60/350
391/391 - 24s - loss: 0.3720 - accuracy: 0.8791 - val_loss: 0.4362 - val_accuracy: 0.8735
Epoch 61/350
391/391 - 24s - loss: 0.3750 - accuracy: 0.8811 - val_loss: 0.4504 - val_accuracy: 0.8672
Epoch 62/350
391/391 - 24s - loss: 0.3650 - accuracy: 0.8836 - val_loss: 0.4773 - val_accuracy: 0.8620
Epoch 63/350
391/391 - 24s - loss: 0.3604 - accuracy: 0.8849 - val_loss: 0.4841 - val_accuracy: 0.8559
Epoch 64/350
391/391 - 24s - loss: 0.3561 - accuracy: 0.8879 - val_loss: 0.4326 - val_accuracy: 0.8744
Epoch 65/350
391/391 - 24s - loss: 0.3495 - accuracy: 0.8893 - val_loss: 0.4519 - val_accuracy: 0.8681
Epoch 66/350
391/391 - 24s - loss: 0.3551 - accuracy: 0.8882 - val_loss: 0.4170 - val_accuracy: 0.8723
Epoch 67/350
391/391 - 24s - loss: 0.3430 - accuracy: 0.8920 - val_loss: 0.4251 - val_accuracy: 0.8742
Epoch 68/350
391/391 - 24s - loss: 0.3399 - accuracy: 0.8908 - val_loss: 0.4583 - val_accuracy: 0.8693
Epoch 69/350
391/391 - 24s - loss: 0.3395 - accuracy: 0.8934 - val_loss: 0.4783 - val_accuracy: 0.8594
Epoch 70/350
391/391 - 24s - loss: 0.3311 - accuracy: 0.8953 - val_loss: 0.4663 - val_accuracy: 0.8646
Epoch 71/350
391/391 - 24s - loss: 0.3377 - accuracy: 0.8922 - val_loss: 0.4719 - val_accuracy: 0.8644
Epoch 72/350
391/391 - 24s - loss: 0.3263 - accuracy: 0.8968 - val_loss: 0.5036 - val_accuracy: 0.8580
Epoch 73/350
391/391 - 24s - loss: 0.3247 - accuracy: 0.8980 - val_loss: 0.4288 - val_accuracy: 0.8755
Epoch 74/350
391/391 - 24s - loss: 0.3230 - accuracy: 0.8980 - val_loss: 0.4220 - val_accuracy: 0.8777
Epoch 75/350
391/391 - 24s - loss: 0.3235 - accuracy: 0.8980 - val_loss: 0.4147 - val_accuracy: 0.8797
Epoch 76/350
391/391 - 24s - loss: 0.3179 - accuracy: 0.9000 - val_loss: 0.4321 - val_accuracy: 0.8713
Epoch 77/350
391/391 - 24s - loss: 0.3132 - accuracy: 0.9024 - val_loss: 0.4633 - val_accuracy: 0.8732
Epoch 78/350
391/391 - 24s - loss: 0.3138 - accuracy: 0.9014 - val_loss: 0.4698 - val_accuracy: 0.8657
Epoch 79/350
391/391 - 24s - loss: 0.3132 - accuracy: 0.9026 - val_loss: 0.4212 - val_accuracy: 0.8778
Epoch 80/350
391/391 - 24s - loss: 0.3066 - accuracy: 0.9043 - val_loss: 0.4507 - val_accuracy: 0.8747
Epoch 81/350
391/391 - 24s - loss: 0.3091 - accuracy: 0.9040 - val_loss: 0.4653 - val_accuracy: 0.8729
Epoch 82/350
391/391 - 24s - loss: 0.3010 - accuracy: 0.9066 - val_loss: 0.4251 - val_accuracy: 0.8799
Epoch 83/350
391/391 - 24s - loss: 0.3020 - accuracy: 0.9055 - val_loss: 0.4262 - val_accuracy: 0.8781
Epoch 84/350
391/391 - 24s - loss: 0.2984 - accuracy: 0.9080 - val_loss: 0.4460 - val_accuracy: 0.8760
Epoch 85/350
391/391 - 24s - loss: 0.2955 - accuracy: 0.9083 - val_loss: 0.4752 - val_accuracy: 0.8702
Epoch 86/350
391/391 - 24s - loss: 0.2867 - accuracy: 0.9117 - val_loss: 0.4134 - val_accuracy: 0.8811
Epoch 87/350
391/391 - 24s - loss: 0.2919 - accuracy: 0.9098 - val_loss: 0.4372 - val_accuracy: 0.8762
Epoch 88/350
391/391 - 24s - loss: 0.2871 - accuracy: 0.9113 - val_loss: 0.4322 - val_accuracy: 0.8807
Epoch 89/350
391/391 - 24s - loss: 0.2799 - accuracy: 0.9142 - val_loss: 0.4135 - val_accuracy: 0.8834
Epoch 90/350
391/391 - 24s - loss: 0.2824 - accuracy: 0.9130 - val_loss: 0.4510 - val_accuracy: 0.8760
Epoch 91/350
391/391 - 24s - loss: 0.2800 - accuracy: 0.9138 - val_loss: 0.4352 - val_accuracy: 0.8773
Epoch 92/350
391/391 - 24s - loss: 0.2740 - accuracy: 0.9161 - val_loss: 0.4188 - val_accuracy: 0.8832
Epoch 93/350
391/391 - 24s - loss: 0.2788 - accuracy: 0.9136 - val_loss: 0.4287 - val_accuracy: 0.8825
Epoch 94/350
391/391 - 24s - loss: 0.2715 - accuracy: 0.9177 - val_loss: 0.4355 - val_accuracy: 0.8781
Epoch 95/350
391/391 - 24s - loss: 0.2702 - accuracy: 0.9184 - val_loss: 0.4246 - val_accuracy: 0.8826
Epoch 96/350
391/391 - 24s - loss: 0.2732 - accuracy: 0.9153 - val_loss: 0.4167 - val_accuracy: 0.8874
Epoch 97/350
391/391 - 24s - loss: 0.2700 - accuracy: 0.9180 - val_loss: 0.4134 - val_accuracy: 0.8865
Epoch 98/350
391/391 - 24s - loss: 0.2628 - accuracy: 0.9192 - val_loss: 0.4030 - val_accuracy: 0.8886
Epoch 99/350
391/391 - 24s - loss: 0.2595 - accuracy: 0.9208 - val_loss: 0.4192 - val_accuracy: 0.8819
Epoch 100/350


Snapshot weight 0 shuffle 1 at epoch 100
Layer 11
Getting activations...


391/391 - 24s - loss: 0.2602 - accuracy: 0.9198 - val_loss: 0.4690 - val_accuracy: 0.8793
Epoch 101/350
391/391 - 24s - loss: 0.2615 - accuracy: 0.9214 - val_loss: 0.4409 - val_accuracy: 0.8843
Epoch 102/350
391/391 - 24s - loss: 0.2558 - accuracy: 0.9230 - val_loss: 0.4363 - val_accuracy: 0.8854
Epoch 103/350
391/391 - 24s - loss: 0.2562 - accuracy: 0.9237 - val_loss: 0.4338 - val_accuracy: 0.8818
Epoch 104/350
391/391 - 24s - loss: 0.2513 - accuracy: 0.9237 - val_loss: 0.4551 - val_accuracy: 0.8757
Epoch 105/350
391/391 - 24s - loss: 0.2534 - accuracy: 0.9234 - val_loss: 0.4382 - val_accuracy: 0.8834
Epoch 106/350
391/391 - 24s - loss: 0.2529 - accuracy: 0.9224 - val_loss: 0.4304 - val_accuracy: 0.8868
Epoch 107/350
391/391 - 24s - loss: 0.2509 - accuracy: 0.9243 - val_loss: 0.4163 - val_accuracy: 0.8899
Epoch 108/350
391/391 - 24s - loss: 0.2470 - accuracy: 0.9257 - val_loss: 0.4288 - val_accuracy: 0.8813
Epoch 109/350
391/391 - 24s - loss: 0.2440 - accuracy: 0.9277 - val_loss: 0.4261 - val_accuracy: 0.8842
Epoch 110/350
391/391 - 24s - loss: 0.2409 - accuracy: 0.9272 - val_loss: 0.4375 - val_accuracy: 0.8847
Epoch 111/350
391/391 - 24s - loss: 0.2459 - accuracy: 0.9261 - val_loss: 0.4680 - val_accuracy: 0.8784
Epoch 112/350
391/391 - 24s - loss: 0.2435 - accuracy: 0.9272 - val_loss: 0.4743 - val_accuracy: 0.8800
Epoch 113/350
391/391 - 24s - loss: 0.2376 - accuracy: 0.9304 - val_loss: 0.4393 - val_accuracy: 0.8860
Epoch 114/350
391/391 - 24s - loss: 0.2382 - accuracy: 0.9299 - val_loss: 0.4327 - val_accuracy: 0.8899
Epoch 115/350
391/391 - 24s - loss: 0.2342 - accuracy: 0.9301 - val_loss: 0.4447 - val_accuracy: 0.8822
Epoch 116/350
391/391 - 24s - loss: 0.2353 - accuracy: 0.9308 - val_loss: 0.4067 - val_accuracy: 0.8941
Epoch 117/350
391/391 - 24s - loss: 0.2273 - accuracy: 0.9338 - val_loss: 0.4919 - val_accuracy: 0.8759
Epoch 118/350
391/391 - 24s - loss: 0.2370 - accuracy: 0.9291 - val_loss: 0.4570 - val_accuracy: 0.8824
Epoch 119/350
391/391 - 24s - loss: 0.2304 - accuracy: 0.9326 - val_loss: 0.4810 - val_accuracy: 0.8825
Epoch 120/350
391/391 - 24s - loss: 0.2300 - accuracy: 0.9317 - val_loss: 0.4469 - val_accuracy: 0.8903
Epoch 121/350
391/391 - 24s - loss: 0.2313 - accuracy: 0.9314 - val_loss: 0.4857 - val_accuracy: 0.8789
Epoch 122/350
391/391 - 24s - loss: 0.2238 - accuracy: 0.9332 - val_loss: 0.4453 - val_accuracy: 0.8860
Epoch 123/350
391/391 - 24s - loss: 0.2252 - accuracy: 0.9339 - val_loss: 0.4966 - val_accuracy: 0.8805
Epoch 124/350
391/391 - 24s - loss: 0.2230 - accuracy: 0.9348 - val_loss: 0.4181 - val_accuracy: 0.8910
Epoch 125/350
391/391 - 24s - loss: 0.2252 - accuracy: 0.9333 - val_loss: 0.4563 - val_accuracy: 0.8822
Epoch 126/350
391/391 - 24s - loss: 0.2238 - accuracy: 0.9342 - val_loss: 0.4081 - val_accuracy: 0.8903
Epoch 127/350
391/391 - 24s - loss: 0.2193 - accuracy: 0.9360 - val_loss: 0.4437 - val_accuracy: 0.8879
Epoch 128/350
391/391 - 24s - loss: 0.2194 - accuracy: 0.9360 - val_loss: 0.4353 - val_accuracy: 0.8917
Epoch 129/350
391/391 - 24s - loss: 0.2140 - accuracy: 0.9379 - val_loss: 0.4335 - val_accuracy: 0.8900
Epoch 130/350
391/391 - 24s - loss: 0.2169 - accuracy: 0.9360 - val_loss: 0.4474 - val_accuracy: 0.8904
Epoch 131/350
391/391 - 24s - loss: 0.2135 - accuracy: 0.9388 - val_loss: 0.4404 - val_accuracy: 0.8931
Epoch 132/350
391/391 - 24s - loss: 0.2093 - accuracy: 0.9407 - val_loss: 0.4891 - val_accuracy: 0.8889
Epoch 133/350
391/391 - 24s - loss: 0.2146 - accuracy: 0.9375 - val_loss: 0.4570 - val_accuracy: 0.8897
Epoch 134/350
391/391 - 24s - loss: 0.2107 - accuracy: 0.9394 - val_loss: 0.4658 - val_accuracy: 0.8854
Epoch 135/350
391/391 - 24s - loss: 0.2103 - accuracy: 0.9394 - val_loss: 0.4466 - val_accuracy: 0.8852
Epoch 136/350
391/391 - 24s - loss: 0.2098 - accuracy: 0.9396 - val_loss: 0.4149 - val_accuracy: 0.8931
Epoch 137/350
391/391 - 24s - loss: 0.2096 - accuracy: 0.9400 - val_loss: 0.4361 - val_accuracy: 0.8925
Epoch 138/350
391/391 - 24s - loss: 0.2047 - accuracy: 0.9420 - val_loss: 0.4401 - val_accuracy: 0.8901
Epoch 139/350
391/391 - 24s - loss: 0.2013 - accuracy: 0.9425 - val_loss: 0.4542 - val_accuracy: 0.8931
Epoch 140/350
391/391 - 24s - loss: 0.2089 - accuracy: 0.9414 - val_loss: 0.4327 - val_accuracy: 0.8965
Epoch 141/350
391/391 - 24s - loss: 0.2026 - accuracy: 0.9422 - val_loss: 0.4558 - val_accuracy: 0.8877
Epoch 142/350
391/391 - 24s - loss: 0.2075 - accuracy: 0.9415 - val_loss: 0.4196 - val_accuracy: 0.8937
Epoch 143/350
391/391 - 24s - loss: 0.1945 - accuracy: 0.9451 - val_loss: 0.4283 - val_accuracy: 0.8936
Epoch 144/350
391/391 - 24s - loss: 0.2005 - accuracy: 0.9433 - val_loss: 0.4582 - val_accuracy: 0.8891
Epoch 145/350
391/391 - 24s - loss: 0.2006 - accuracy: 0.9439 - val_loss: 0.4397 - val_accuracy: 0.8929
Epoch 146/350
391/391 - 24s - loss: 0.1987 - accuracy: 0.9450 - val_loss: 0.4782 - val_accuracy: 0.8850
Epoch 147/350
391/391 - 24s - loss: 0.2017 - accuracy: 0.9428 - val_loss: 0.4579 - val_accuracy: 0.8887
Epoch 148/350
391/391 - 24s - loss: 0.1950 - accuracy: 0.9464 - val_loss: 0.4741 - val_accuracy: 0.8897
Epoch 149/350
391/391 - 24s - loss: 0.1997 - accuracy: 0.9441 - val_loss: 0.4364 - val_accuracy: 0.8975
Epoch 150/350


Snapshot weight 0 shuffle 1 at epoch 150
Layer 11
Getting activations...


391/391 - 24s - loss: 0.1943 - accuracy: 0.9466 - val_loss: 0.4833 - val_accuracy: 0.8865
Epoch 151/350
391/391 - 24s - loss: 0.1962 - accuracy: 0.9441 - val_loss: 0.4539 - val_accuracy: 0.8904
Epoch 152/350
391/391 - 24s - loss: 0.1949 - accuracy: 0.9460 - val_loss: 0.4373 - val_accuracy: 0.8947
Epoch 153/350
391/391 - 24s - loss: 0.1939 - accuracy: 0.9475 - val_loss: 0.4573 - val_accuracy: 0.8930
Epoch 154/350
391/391 - 24s - loss: 0.1960 - accuracy: 0.9458 - val_loss: 0.4630 - val_accuracy: 0.8868
Epoch 155/350
391/391 - 24s - loss: 0.1946 - accuracy: 0.9469 - val_loss: 0.4391 - val_accuracy: 0.8958
Epoch 156/350
391/391 - 24s - loss: 0.1921 - accuracy: 0.9476 - val_loss: 0.4366 - val_accuracy: 0.8947
Epoch 157/350
391/391 - 24s - loss: 0.1918 - accuracy: 0.9475 - val_loss: 0.4031 - val_accuracy: 0.8994
Epoch 158/350
391/391 - 24s - loss: 0.1876 - accuracy: 0.9490 - val_loss: 0.5071 - val_accuracy: 0.8840
Epoch 159/350
391/391 - 24s - loss: 0.1918 - accuracy: 0.9483 - val_loss: 0.4173 - val_accuracy: 0.8944
Epoch 160/350
391/391 - 24s - loss: 0.1872 - accuracy: 0.9486 - val_loss: 0.4651 - val_accuracy: 0.8900
Epoch 161/350
391/391 - 24s - loss: 0.1831 - accuracy: 0.9514 - val_loss: 0.4656 - val_accuracy: 0.8887
Epoch 162/350
391/391 - 24s - loss: 0.1859 - accuracy: 0.9484 - val_loss: 0.5006 - val_accuracy: 0.8815
Epoch 163/350
391/391 - 24s - loss: 0.1876 - accuracy: 0.9478 - val_loss: 0.4165 - val_accuracy: 0.9010
Epoch 164/350
391/391 - 24s - loss: 0.1833 - accuracy: 0.9500 - val_loss: 0.4464 - val_accuracy: 0.8946
Epoch 165/350
391/391 - 24s - loss: 0.1793 - accuracy: 0.9525 - val_loss: 0.4842 - val_accuracy: 0.8928
Epoch 166/350
391/391 - 24s - loss: 0.1824 - accuracy: 0.9501 - val_loss: 0.4816 - val_accuracy: 0.8905
Epoch 167/350
391/391 - 24s - loss: 0.1827 - accuracy: 0.9498 - val_loss: 0.4651 - val_accuracy: 0.8930
Epoch 168/350
391/391 - 24s - loss: 0.1821 - accuracy: 0.9510 - val_loss: 0.4473 - val_accuracy: 0.8917
Epoch 169/350
391/391 - 24s - loss: 0.1733 - accuracy: 0.9533 - val_loss: 0.4502 - val_accuracy: 0.8933
Epoch 170/350
391/391 - 24s - loss: 0.1798 - accuracy: 0.9516 - val_loss: 0.4331 - val_accuracy: 0.8975
Epoch 171/350
391/391 - 24s - loss: 0.1819 - accuracy: 0.9509 - val_loss: 0.4844 - val_accuracy: 0.8910
Epoch 172/350
391/391 - 24s - loss: 0.1803 - accuracy: 0.9514 - val_loss: 0.4636 - val_accuracy: 0.8944
Epoch 173/350
391/391 - 24s - loss: 0.1752 - accuracy: 0.9533 - val_loss: 0.4718 - val_accuracy: 0.8949
Epoch 174/350
391/391 - 24s - loss: 0.1744 - accuracy: 0.9534 - val_loss: 0.4789 - val_accuracy: 0.8905
Epoch 175/350
391/391 - 24s - loss: 0.1772 - accuracy: 0.9526 - val_loss: 0.5092 - val_accuracy: 0.8857
Epoch 176/350
391/391 - 24s - loss: 0.1799 - accuracy: 0.9523 - val_loss: 0.4582 - val_accuracy: 0.8946
Epoch 177/350
391/391 - 24s - loss: 0.1760 - accuracy: 0.9534 - val_loss: 0.4586 - val_accuracy: 0.8951
Epoch 178/350
391/391 - 24s - loss: 0.1736 - accuracy: 0.9548 - val_loss: 0.4704 - val_accuracy: 0.8904
Epoch 179/350
391/391 - 24s - loss: 0.1737 - accuracy: 0.9548 - val_loss: 0.4548 - val_accuracy: 0.8948
Epoch 180/350
391/391 - 24s - loss: 0.1726 - accuracy: 0.9547 - val_loss: 0.4681 - val_accuracy: 0.8931
Epoch 181/350
391/391 - 24s - loss: 0.1741 - accuracy: 0.9532 - val_loss: 0.4710 - val_accuracy: 0.8941
Epoch 182/350
391/391 - 24s - loss: 0.1695 - accuracy: 0.9553 - val_loss: 0.5033 - val_accuracy: 0.8884
Epoch 183/350
391/391 - 24s - loss: 0.1731 - accuracy: 0.9547 - val_loss: 0.4582 - val_accuracy: 0.8952
Epoch 184/350
391/391 - 24s - loss: 0.1730 - accuracy: 0.9552 - val_loss: 0.4513 - val_accuracy: 0.8989
Epoch 185/350
391/391 - 24s - loss: 0.1684 - accuracy: 0.9562 - val_loss: 0.4836 - val_accuracy: 0.8910
Epoch 186/350
391/391 - 24s - loss: 0.1671 - accuracy: 0.9564 - val_loss: 0.4917 - val_accuracy: 0.8982
Epoch 187/350
391/391 - 23s - loss: 0.1694 - accuracy: 0.9560 - val_loss: 0.4714 - val_accuracy: 0.8995
Epoch 188/350
391/391 - 24s - loss: 0.1664 - accuracy: 0.9570 - val_loss: 0.4653 - val_accuracy: 0.8948
Epoch 189/350
391/391 - 24s - loss: 0.1663 - accuracy: 0.9574 - val_loss: 0.4741 - val_accuracy: 0.8971
Epoch 190/350
391/391 - 24s - loss: 0.1678 - accuracy: 0.9573 - val_loss: 0.4406 - val_accuracy: 0.9003
Epoch 191/350
391/391 - 24s - loss: 0.1646 - accuracy: 0.9587 - val_loss: 0.5137 - val_accuracy: 0.8845
Epoch 192/350
391/391 - 24s - loss: 0.1687 - accuracy: 0.9568 - val_loss: 0.4497 - val_accuracy: 0.8987
Epoch 193/350
391/391 - 24s - loss: 0.1641 - accuracy: 0.9589 - val_loss: 0.4660 - val_accuracy: 0.8992
Epoch 194/350
391/391 - 24s - loss: 0.1629 - accuracy: 0.9590 - val_loss: 0.4682 - val_accuracy: 0.8895
Epoch 195/350
391/391 - 24s - loss: 0.1665 - accuracy: 0.9577 - val_loss: 0.4716 - val_accuracy: 0.8933
Epoch 196/350
391/391 - 24s - loss: 0.1642 - accuracy: 0.9571 - val_loss: 0.4799 - val_accuracy: 0.8962
Epoch 197/350
391/391 - 24s - loss: 0.1649 - accuracy: 0.9577 - val_loss: 0.4603 - val_accuracy: 0.8987
Epoch 198/350
391/391 - 24s - loss: 0.1615 - accuracy: 0.9590 - val_loss: 0.4803 - val_accuracy: 0.8980
Epoch 199/350
391/391 - 24s - loss: 0.1628 - accuracy: 0.9587 - val_loss: 0.4663 - val_accuracy: 0.8900
Epoch 200/350


Snapshot weight 0 shuffle 1 at epoch 200
Layer 11
Getting activations...


391/391 - 24s - loss: 0.1604 - accuracy: 0.9596 - val_loss: 0.5092 - val_accuracy: 0.8950
Epoch 201/350
391/391 - 24s - loss: 0.1371 - accuracy: 0.9675 - val_loss: 0.4588 - val_accuracy: 0.9016
Epoch 202/350
391/391 - 23s - loss: 0.1216 - accuracy: 0.9730 - val_loss: 0.4649 - val_accuracy: 0.9030
Epoch 203/350
391/391 - 24s - loss: 0.1209 - accuracy: 0.9728 - val_loss: 0.4710 - val_accuracy: 0.9048
Epoch 204/350
391/391 - 24s - loss: 0.1190 - accuracy: 0.9745 - val_loss: 0.4616 - val_accuracy: 0.9064
Epoch 205/350
391/391 - 24s - loss: 0.1184 - accuracy: 0.9741 - val_loss: 0.4591 - val_accuracy: 0.9060
Epoch 206/350
391/391 - 24s - loss: 0.1169 - accuracy: 0.9755 - val_loss: 0.4595 - val_accuracy: 0.9071
Epoch 207/350
391/391 - 24s - loss: 0.1168 - accuracy: 0.9750 - val_loss: 0.4634 - val_accuracy: 0.9063
Epoch 208/350
391/391 - 24s - loss: 0.1182 - accuracy: 0.9741 - val_loss: 0.4740 - val_accuracy: 0.9044
Epoch 209/350
391/391 - 24s - loss: 0.1140 - accuracy: 0.9762 - val_loss: 0.4724 - val_accuracy: 0.9048
Epoch 210/350
391/391 - 24s - loss: 0.1104 - accuracy: 0.9767 - val_loss: 0.4766 - val_accuracy: 0.9052
Epoch 211/350
391/391 - 24s - loss: 0.1109 - accuracy: 0.9775 - val_loss: 0.4772 - val_accuracy: 0.9078
Epoch 212/350
391/391 - 24s - loss: 0.1103 - accuracy: 0.9770 - val_loss: 0.4815 - val_accuracy: 0.9066
Epoch 213/350
391/391 - 24s - loss: 0.1124 - accuracy: 0.9763 - val_loss: 0.4721 - val_accuracy: 0.9083
Epoch 214/350
391/391 - 24s - loss: 0.1072 - accuracy: 0.9781 - val_loss: 0.4816 - val_accuracy: 0.9071
Epoch 215/350
391/391 - 24s - loss: 0.1116 - accuracy: 0.9770 - val_loss: 0.4803 - val_accuracy: 0.9073
Epoch 216/350
391/391 - 24s - loss: 0.1112 - accuracy: 0.9768 - val_loss: 0.4831 - val_accuracy: 0.9055
Epoch 217/350
391/391 - 24s - loss: 0.1088 - accuracy: 0.9782 - val_loss: 0.4720 - val_accuracy: 0.9079
Epoch 218/350
391/391 - 24s - loss: 0.1098 - accuracy: 0.9779 - val_loss: 0.4721 - val_accuracy: 0.9079
Epoch 219/350
391/391 - 24s - loss: 0.1083 - accuracy: 0.9771 - val_loss: 0.4869 - val_accuracy: 0.9049
Epoch 220/350
391/391 - 24s - loss: 0.1071 - accuracy: 0.9782 - val_loss: 0.4868 - val_accuracy: 0.9078
Epoch 221/350
391/391 - 24s - loss: 0.1071 - accuracy: 0.9773 - val_loss: 0.4910 - val_accuracy: 0.9060
Epoch 222/350
391/391 - 24s - loss: 0.1084 - accuracy: 0.9780 - val_loss: 0.4903 - val_accuracy: 0.9053
Epoch 223/350
391/391 - 24s - loss: 0.1064 - accuracy: 0.9788 - val_loss: 0.4819 - val_accuracy: 0.9076
Epoch 224/350
391/391 - 24s - loss: 0.1054 - accuracy: 0.9783 - val_loss: 0.4854 - val_accuracy: 0.9057
Epoch 225/350
391/391 - 24s - loss: 0.1061 - accuracy: 0.9792 - val_loss: 0.4889 - val_accuracy: 0.9057
Epoch 226/350
391/391 - 24s - loss: 0.1074 - accuracy: 0.9787 - val_loss: 0.4805 - val_accuracy: 0.9074
Epoch 227/350
391/391 - 24s - loss: 0.1066 - accuracy: 0.9781 - val_loss: 0.4856 - val_accuracy: 0.9070
Epoch 228/350
391/391 - 24s - loss: 0.1059 - accuracy: 0.9787 - val_loss: 0.4921 - val_accuracy: 0.9064
Epoch 229/350
391/391 - 24s - loss: 0.1035 - accuracy: 0.9791 - val_loss: 0.4948 - val_accuracy: 0.9058
Epoch 230/350
391/391 - 24s - loss: 0.1075 - accuracy: 0.9777 - val_loss: 0.4913 - val_accuracy: 0.9065
Epoch 231/350
391/391 - 24s - loss: 0.1041 - accuracy: 0.9790 - val_loss: 0.4945 - val_accuracy: 0.9068
Epoch 232/350
391/391 - 23s - loss: 0.1054 - accuracy: 0.9786 - val_loss: 0.4872 - val_accuracy: 0.9088
Epoch 233/350
391/391 - 24s - loss: 0.1058 - accuracy: 0.9782 - val_loss: 0.4874 - val_accuracy: 0.9062
Epoch 234/350
391/391 - 24s - loss: 0.1053 - accuracy: 0.9783 - val_loss: 0.4872 - val_accuracy: 0.9068
Epoch 235/350
391/391 - 24s - loss: 0.1053 - accuracy: 0.9789 - val_loss: 0.5071 - val_accuracy: 0.9050
Epoch 236/350
391/391 - 24s - loss: 0.1045 - accuracy: 0.9791 - val_loss: 0.4909 - val_accuracy: 0.9071
Epoch 237/350
391/391 - 24s - loss: 0.1048 - accuracy: 0.9794 - val_loss: 0.4893 - val_accuracy: 0.9083
Epoch 238/350
391/391 - 24s - loss: 0.1020 - accuracy: 0.9799 - val_loss: 0.4949 - val_accuracy: 0.9072
Epoch 239/350
391/391 - 24s - loss: 0.1003 - accuracy: 0.9802 - val_loss: 0.4929 - val_accuracy: 0.9081
Epoch 240/350
391/391 - 24s - loss: 0.1021 - accuracy: 0.9799 - val_loss: 0.4945 - val_accuracy: 0.9085
Epoch 241/350
391/391 - 24s - loss: 0.1045 - accuracy: 0.9800 - val_loss: 0.4966 - val_accuracy: 0.9080
Epoch 242/350
391/391 - 24s - loss: 0.1033 - accuracy: 0.9792 - val_loss: 0.4935 - val_accuracy: 0.9095
Epoch 243/350
391/391 - 24s - loss: 0.1040 - accuracy: 0.9794 - val_loss: 0.4929 - val_accuracy: 0.9075
Epoch 244/350
391/391 - 24s - loss: 0.1031 - accuracy: 0.9799 - val_loss: 0.4992 - val_accuracy: 0.9070
Epoch 245/350
391/391 - 24s - loss: 0.1027 - accuracy: 0.9803 - val_loss: 0.5032 - val_accuracy: 0.9076
Epoch 246/350
391/391 - 24s - loss: 0.1010 - accuracy: 0.9804 - val_loss: 0.4950 - val_accuracy: 0.9088
Epoch 247/350
391/391 - 24s - loss: 0.1005 - accuracy: 0.9802 - val_loss: 0.4977 - val_accuracy: 0.9068
Epoch 248/350
391/391 - 24s - loss: 0.1012 - accuracy: 0.9808 - val_loss: 0.4895 - val_accuracy: 0.9073
Epoch 249/350
391/391 - 24s - loss: 0.1012 - accuracy: 0.9807 - val_loss: 0.5009 - val_accuracy: 0.9078
Epoch 250/350


Snapshot weight 0 shuffle 1 at epoch 250
Layer 11
Getting activations...


391/391 - 24s - loss: 0.1029 - accuracy: 0.9805 - val_loss: 0.5009 - val_accuracy: 0.9083
Epoch 251/350
391/391 - 24s - loss: 0.1010 - accuracy: 0.9801 - val_loss: 0.4993 - val_accuracy: 0.9093
Epoch 252/350
391/391 - 24s - loss: 0.0997 - accuracy: 0.9808 - val_loss: 0.5002 - val_accuracy: 0.9084
Epoch 253/350
391/391 - 24s - loss: 0.0987 - accuracy: 0.9814 - val_loss: 0.5015 - val_accuracy: 0.9092
Epoch 254/350
391/391 - 24s - loss: 0.0980 - accuracy: 0.9811 - val_loss: 0.4997 - val_accuracy: 0.9090
Epoch 255/350
391/391 - 24s - loss: 0.0985 - accuracy: 0.9822 - val_loss: 0.5010 - val_accuracy: 0.9081
Epoch 256/350
391/391 - 23s - loss: 0.0992 - accuracy: 0.9805 - val_loss: 0.5010 - val_accuracy: 0.9096
Epoch 257/350
391/391 - 24s - loss: 0.1004 - accuracy: 0.9813 - val_loss: 0.5016 - val_accuracy: 0.9082
Epoch 258/350
391/391 - 24s - loss: 0.0981 - accuracy: 0.9815 - val_loss: 0.5028 - val_accuracy: 0.9090
Epoch 259/350
391/391 - 24s - loss: 0.0975 - accuracy: 0.9823 - val_loss: 0.5039 - val_accuracy: 0.9083
Epoch 260/350
391/391 - 24s - loss: 0.1006 - accuracy: 0.9806 - val_loss: 0.5033 - val_accuracy: 0.9083
Epoch 261/350
391/391 - 24s - loss: 0.0976 - accuracy: 0.9815 - val_loss: 0.5043 - val_accuracy: 0.9085
Epoch 262/350
391/391 - 24s - loss: 0.0968 - accuracy: 0.9817 - val_loss: 0.5032 - val_accuracy: 0.9083
Epoch 263/350
391/391 - 24s - loss: 0.0991 - accuracy: 0.9813 - val_loss: 0.5022 - val_accuracy: 0.9086
Epoch 264/350
391/391 - 24s - loss: 0.0971 - accuracy: 0.9817 - val_loss: 0.4993 - val_accuracy: 0.9087
Epoch 265/350
391/391 - 24s - loss: 0.0998 - accuracy: 0.9812 - val_loss: 0.4995 - val_accuracy: 0.9095
Epoch 266/350
391/391 - 24s - loss: 0.0979 - accuracy: 0.9812 - val_loss: 0.5012 - val_accuracy: 0.9089
Epoch 267/350
391/391 - 24s - loss: 0.0981 - accuracy: 0.9815 - val_loss: 0.5022 - val_accuracy: 0.9083
Epoch 268/350
391/391 - 24s - loss: 0.0964 - accuracy: 0.9825 - val_loss: 0.5017 - val_accuracy: 0.9083
Epoch 269/350
391/391 - 24s - loss: 0.0977 - accuracy: 0.9816 - val_loss: 0.5016 - val_accuracy: 0.9083
Epoch 270/350
391/391 - 24s - loss: 0.0991 - accuracy: 0.9814 - val_loss: 0.5032 - val_accuracy: 0.9084
Epoch 271/350
391/391 - 24s - loss: 0.0977 - accuracy: 0.9816 - val_loss: 0.5031 - val_accuracy: 0.9082
Epoch 272/350
391/391 - 24s - loss: 0.1011 - accuracy: 0.9802 - val_loss: 0.5029 - val_accuracy: 0.9081
Epoch 273/350
391/391 - 24s - loss: 0.0972 - accuracy: 0.9828 - val_loss: 0.5021 - val_accuracy: 0.9095
Epoch 274/350
391/391 - 24s - loss: 0.0949 - accuracy: 0.9826 - val_loss: 0.5032 - val_accuracy: 0.9084
Epoch 275/350
391/391 - 24s - loss: 0.0981 - accuracy: 0.9813 - val_loss: 0.5008 - val_accuracy: 0.9089
Epoch 276/350
391/391 - 24s - loss: 0.0989 - accuracy: 0.9810 - val_loss: 0.5011 - val_accuracy: 0.9089
Epoch 277/350
391/391 - 24s - loss: 0.0982 - accuracy: 0.9815 - val_loss: 0.5025 - val_accuracy: 0.9095
Epoch 278/350
391/391 - 24s - loss: 0.0976 - accuracy: 0.9817 - val_loss: 0.5004 - val_accuracy: 0.9097
Epoch 279/350
391/391 - 24s - loss: 0.0988 - accuracy: 0.9817 - val_loss: 0.5023 - val_accuracy: 0.9090
Epoch 280/350
391/391 - 24s - loss: 0.0966 - accuracy: 0.9824 - val_loss: 0.5028 - val_accuracy: 0.9088
Epoch 281/350
391/391 - 24s - loss: 0.0964 - accuracy: 0.9821 - val_loss: 0.5041 - val_accuracy: 0.9086
Epoch 282/350
391/391 - 24s - loss: 0.0979 - accuracy: 0.9816 - val_loss: 0.5008 - val_accuracy: 0.9094
Epoch 283/350
391/391 - 24s - loss: 0.0953 - accuracy: 0.9828 - val_loss: 0.5014 - val_accuracy: 0.9098
Epoch 284/350
391/391 - 24s - loss: 0.0968 - accuracy: 0.9812 - val_loss: 0.5054 - val_accuracy: 0.9085
Epoch 285/350
391/391 - 24s - loss: 0.0991 - accuracy: 0.9812 - val_loss: 0.5019 - val_accuracy: 0.9085
Epoch 286/350
391/391 - 24s - loss: 0.0989 - accuracy: 0.9810 - val_loss: 0.5031 - val_accuracy: 0.9091
Epoch 287/350
391/391 - 24s - loss: 0.0964 - accuracy: 0.9822 - val_loss: 0.5007 - val_accuracy: 0.9097
Epoch 288/350
391/391 - 24s - loss: 0.0967 - accuracy: 0.9820 - val_loss: 0.5011 - val_accuracy: 0.9093
Epoch 289/350
391/391 - 24s - loss: 0.0972 - accuracy: 0.9820 - val_loss: 0.5031 - val_accuracy: 0.9084
Epoch 290/350
391/391 - 24s - loss: 0.0961 - accuracy: 0.9823 - val_loss: 0.5017 - val_accuracy: 0.9092
Epoch 291/350
391/391 - 24s - loss: 0.0966 - accuracy: 0.9821 - val_loss: 0.5051 - val_accuracy: 0.9083
Epoch 292/350
391/391 - 24s - loss: 0.0960 - accuracy: 0.9823 - val_loss: 0.5044 - val_accuracy: 0.9093
Epoch 293/350
391/391 - 24s - loss: 0.0973 - accuracy: 0.9819 - val_loss: 0.5032 - val_accuracy: 0.9094
Epoch 294/350
391/391 - 24s - loss: 0.0993 - accuracy: 0.9819 - val_loss: 0.5054 - val_accuracy: 0.9084
Epoch 295/350
391/391 - 24s - loss: 0.0999 - accuracy: 0.9816 - val_loss: 0.5025 - val_accuracy: 0.9089
Epoch 296/350
391/391 - 24s - loss: 0.0944 - accuracy: 0.9832 - val_loss: 0.5005 - val_accuracy: 0.9092
Epoch 297/350
391/391 - 24s - loss: 0.0971 - accuracy: 0.9818 - val_loss: 0.5034 - val_accuracy: 0.9080
Epoch 298/350
391/391 - 24s - loss: 0.0968 - accuracy: 0.9822 - val_loss: 0.5020 - val_accuracy: 0.9088
Epoch 299/350
391/391 - 24s - loss: 0.0980 - accuracy: 0.9815 - val_loss: 0.5013 - val_accuracy: 0.9084
Epoch 300/350


Snapshot weight 0 shuffle 1 at epoch 300
Layer 11
Getting activations...


391/391 - 24s - loss: 0.0961 - accuracy: 0.9821 - val_loss: 0.5042 - val_accuracy: 0.9077
Epoch 301/350
391/391 - 24s - loss: 0.0969 - accuracy: 0.9826 - val_loss: 0.5037 - val_accuracy: 0.9076
Epoch 302/350
391/391 - 24s - loss: 0.0971 - accuracy: 0.9812 - val_loss: 0.5035 - val_accuracy: 0.9080
Epoch 303/350
391/391 - 24s - loss: 0.0978 - accuracy: 0.9819 - val_loss: 0.5033 - val_accuracy: 0.9082
Epoch 304/350
391/391 - 24s - loss: 0.0952 - accuracy: 0.9823 - val_loss: 0.5032 - val_accuracy: 0.9080
Epoch 305/350
391/391 - 24s - loss: 0.0985 - accuracy: 0.9819 - val_loss: 0.5033 - val_accuracy: 0.9083
Epoch 306/350
391/391 - 24s - loss: 0.0972 - accuracy: 0.9821 - val_loss: 0.5033 - val_accuracy: 0.9084
Epoch 307/350
391/391 - 24s - loss: 0.0968 - accuracy: 0.9821 - val_loss: 0.5031 - val_accuracy: 0.9082
Epoch 308/350
391/391 - 24s - loss: 0.0989 - accuracy: 0.9814 - val_loss: 0.5032 - val_accuracy: 0.9082
Epoch 309/350
391/391 - 24s - loss: 0.0972 - accuracy: 0.9822 - val_loss: 0.5031 - val_accuracy: 0.9082
Epoch 310/350
391/391 - 24s - loss: 0.0984 - accuracy: 0.9816 - val_loss: 0.5030 - val_accuracy: 0.9083
Epoch 311/350
391/391 - 24s - loss: 0.0985 - accuracy: 0.9812 - val_loss: 0.5030 - val_accuracy: 0.9078
Epoch 312/350
391/391 - 24s - loss: 0.0978 - accuracy: 0.9817 - val_loss: 0.5028 - val_accuracy: 0.9079
Epoch 313/350
391/391 - 24s - loss: 0.0991 - accuracy: 0.9813 - val_loss: 0.5028 - val_accuracy: 0.9080
Epoch 314/350
391/391 - 24s - loss: 0.0967 - accuracy: 0.9820 - val_loss: 0.5025 - val_accuracy: 0.9081
Epoch 315/350
391/391 - 24s - loss: 0.0957 - accuracy: 0.9825 - val_loss: 0.5024 - val_accuracy: 0.9080
Epoch 316/350
391/391 - 24s - loss: 0.0984 - accuracy: 0.9815 - val_loss: 0.5025 - val_accuracy: 0.9085
Epoch 317/350
391/391 - 24s - loss: 0.0970 - accuracy: 0.9820 - val_loss: 0.5026 - val_accuracy: 0.9084
Epoch 318/350
391/391 - 24s - loss: 0.0968 - accuracy: 0.9823 - val_loss: 0.5024 - val_accuracy: 0.9084
Epoch 319/350
391/391 - 24s - loss: 0.0972 - accuracy: 0.9822 - val_loss: 0.5025 - val_accuracy: 0.9084
Epoch 320/350
391/391 - 24s - loss: 0.0981 - accuracy: 0.9817 - val_loss: 0.5025 - val_accuracy: 0.9084
Epoch 321/350
391/391 - 24s - loss: 0.0950 - accuracy: 0.9824 - val_loss: 0.5025 - val_accuracy: 0.9084
Epoch 322/350
391/391 - 24s - loss: 0.0943 - accuracy: 0.9832 - val_loss: 0.5031 - val_accuracy: 0.9082
Epoch 323/350
391/391 - 24s - loss: 0.0990 - accuracy: 0.9812 - val_loss: 0.5034 - val_accuracy: 0.9082
Epoch 324/350
391/391 - 24s - loss: 0.0953 - accuracy: 0.9828 - val_loss: 0.5030 - val_accuracy: 0.9084
Epoch 325/350
391/391 - 24s - loss: 0.0968 - accuracy: 0.9821 - val_loss: 0.5031 - val_accuracy: 0.9085
Epoch 326/350
391/391 - 24s - loss: 0.0954 - accuracy: 0.9825 - val_loss: 0.5034 - val_accuracy: 0.9085
Epoch 327/350
391/391 - 24s - loss: 0.0966 - accuracy: 0.9824 - val_loss: 0.5040 - val_accuracy: 0.9085
Epoch 328/350
391/391 - 24s - loss: 0.0973 - accuracy: 0.9823 - val_loss: 0.5038 - val_accuracy: 0.9083
Epoch 329/350
391/391 - 24s - loss: 0.0942 - accuracy: 0.9830 - val_loss: 0.5038 - val_accuracy: 0.9084
Epoch 330/350
391/391 - 24s - loss: 0.0952 - accuracy: 0.9831 - val_loss: 0.5035 - val_accuracy: 0.9086
Epoch 331/350
391/391 - 24s - loss: 0.0992 - accuracy: 0.9811 - val_loss: 0.5032 - val_accuracy: 0.9085
Epoch 332/350
391/391 - 24s - loss: 0.0968 - accuracy: 0.9821 - val_loss: 0.5035 - val_accuracy: 0.9084
Epoch 333/350
391/391 - 24s - loss: 0.0966 - accuracy: 0.9822 - val_loss: 0.5033 - val_accuracy: 0.9084
Epoch 334/350
391/391 - 24s - loss: 0.0973 - accuracy: 0.9824 - val_loss: 0.5034 - val_accuracy: 0.9086
Epoch 335/350
391/391 - 24s - loss: 0.0971 - accuracy: 0.9819 - val_loss: 0.5034 - val_accuracy: 0.9088
Epoch 336/350
391/391 - 24s - loss: 0.0942 - accuracy: 0.9824 - val_loss: 0.5034 - val_accuracy: 0.9087
Epoch 337/350
391/391 - 24s - loss: 0.0979 - accuracy: 0.9815 - val_loss: 0.5036 - val_accuracy: 0.9083
Epoch 338/350
391/391 - 24s - loss: 0.0960 - accuracy: 0.9828 - val_loss: 0.5035 - val_accuracy: 0.9087
Epoch 339/350
391/391 - 24s - loss: 0.0970 - accuracy: 0.9820 - val_loss: 0.5035 - val_accuracy: 0.9087
Epoch 340/350
391/391 - 24s - loss: 0.0950 - accuracy: 0.9829 - val_loss: 0.5035 - val_accuracy: 0.9087
Epoch 341/350
391/391 - 24s - loss: 0.0947 - accuracy: 0.9831 - val_loss: 0.5040 - val_accuracy: 0.9088
Epoch 342/350
391/391 - 24s - loss: 0.0990 - accuracy: 0.9808 - val_loss: 0.5039 - val_accuracy: 0.9086
Epoch 343/350
391/391 - 24s - loss: 0.0993 - accuracy: 0.9811 - val_loss: 0.5034 - val_accuracy: 0.9091
Epoch 344/350
391/391 - 24s - loss: 0.0964 - accuracy: 0.9822 - val_loss: 0.5035 - val_accuracy: 0.9088
Epoch 345/350
391/391 - 24s - loss: 0.0970 - accuracy: 0.9816 - val_loss: 0.5037 - val_accuracy: 0.9087
Epoch 346/350
391/391 - 24s - loss: 0.0975 - accuracy: 0.9817 - val_loss: 0.5038 - val_accuracy: 0.9089
Epoch 347/350
391/391 - 24s - loss: 0.0963 - accuracy: 0.9824 - val_loss: 0.5041 - val_accuracy: 0.9085
Epoch 348/350
391/391 - 24s - loss: 0.0954 - accuracy: 0.9826 - val_loss: 0.5041 - val_accuracy: 0.9085
Epoch 349/350
391/391 - 24s - loss: 0.0964 - accuracy: 0.9816 - val_loss: 0.5041 - val_accuracy: 0.9087
Epoch 350/350


Snapshot weight 0 shuffle 1 at epoch 350
Layer 11
Getting activations...


391/391 - 24s - loss: 0.0963 - accuracy: 0.9822 - val_loss: 0.5040 - val_accuracy: 0.9086
/usr/local/lib/python3.6/dist-packages/tensorflow/python/autograph/impl/api.py:493: UserWarning: fill_value is not supported and is always 0 for TensorFlow < 2.4.0.
  return py_builtins.overload_of(f)(*args)
WARNING:tensorflow:From /usr/local/lib/python3.6/dist-packages/tensorflow/python/training/tracking/tracking.py:111: Model.state_updates (from tensorflow.python.keras.engine.training) is deprecated and will be removed in a future version.
Instructions for updating:
This property should not be used in TensorFlow 2.0, as updates are applied automatically.
2021-07-01 21:06:18.713402: W tensorflow/python/util/util.cc:348] Sets are not currently considered sequences, but this may change in the future, so consider avoiding using them.
WARNING:tensorflow:From /usr/local/lib/python3.6/dist-packages/tensorflow/python/training/tracking/tracking.py:111: Layer.updates (from tensorflow.python.keras.engine.base_layer) is deprecated and will be removed in a future version.
Instructions for updating:
This property should not be used in TensorFlow 2.0, as updates are applied automatically.
Saving, final validation acc: 0.9085999727249146
