2021-07-01 16:11:51.852322: I tensorflow/stream_executor/platform/default/dso_loader.cc:48] Successfully opened dynamic library libcudart.so.10.1
2021-07-01 16:13:13.852418: I tensorflow/stream_executor/platform/default/dso_loader.cc:48] Successfully opened dynamic library libcuda.so.1
2021-07-01 16:13:13.886639: I tensorflow/core/common_runtime/gpu/gpu_device.cc:1716] Found device 0 with properties: 
pciBusID: 0000:02:00.0 name: NVIDIA TITAN X (Pascal) computeCapability: 6.1
coreClock: 1.531GHz coreCount: 28 deviceMemorySize: 11.91GiB deviceMemoryBandwidth: 447.48GiB/s
2021-07-01 16:13:13.886735: I tensorflow/stream_executor/platform/default/dso_loader.cc:48] Successfully opened dynamic library libcudart.so.10.1
2021-07-01 16:13:13.929235: I tensorflow/stream_executor/platform/default/dso_loader.cc:48] Successfully opened dynamic library libcublas.so.10
2021-07-01 16:13:13.951133: I tensorflow/stream_executor/platform/default/dso_loader.cc:48] Successfully opened dynamic library libcufft.so.10
2021-07-01 16:13:13.959754: I tensorflow/stream_executor/platform/default/dso_loader.cc:48] Successfully opened dynamic library libcurand.so.10
2021-07-01 16:13:14.004292: I tensorflow/stream_executor/platform/default/dso_loader.cc:48] Successfully opened dynamic library libcusolver.so.10
2021-07-01 16:13:14.013027: I tensorflow/stream_executor/platform/default/dso_loader.cc:48] Successfully opened dynamic library libcusparse.so.10
2021-07-01 16:13:14.096191: I tensorflow/stream_executor/platform/default/dso_loader.cc:48] Successfully opened dynamic library libcudnn.so.7
2021-07-01 16:13:14.098582: I tensorflow/core/common_runtime/gpu/gpu_device.cc:1858] Adding visible gpu devices: 0
2021-07-01 16:13:14.102247: I tensorflow/core/platform/cpu_feature_guard.cc:142] This TensorFlow binary is optimized with oneAPI Deep Neural Network Library (oneDNN)to use the following CPU instructions in performance-critical operations:  AVX2 FMA
To enable them in other operations, rebuild TensorFlow with the appropriate compiler flags.
2021-07-01 16:13:14.118169: I tensorflow/core/platform/profile_utils/cpu_utils.cc:104] CPU Frequency: 2600235000 Hz
2021-07-01 16:13:14.118287: I tensorflow/compiler/xla/service/service.cc:168] XLA service 0x5b30a40 initialized for platform Host (this does not guarantee that XLA will be used). Devices:
2021-07-01 16:13:14.118307: I tensorflow/compiler/xla/service/service.cc:176]   StreamExecutor device (0): Host, Default Version
2021-07-01 16:13:14.252735: I tensorflow/compiler/xla/service/service.cc:168] XLA service 0x5b28780 initialized for platform CUDA (this does not guarantee that XLA will be used). Devices:
2021-07-01 16:13:14.252803: I tensorflow/compiler/xla/service/service.cc:176]   StreamExecutor device (0): NVIDIA TITAN X (Pascal), Compute Capability 6.1
2021-07-01 16:13:14.257654: I tensorflow/core/common_runtime/gpu/gpu_device.cc:1716] Found device 0 with properties: 
pciBusID: 0000:02:00.0 name: NVIDIA TITAN X (Pascal) computeCapability: 6.1
coreClock: 1.531GHz coreCount: 28 deviceMemorySize: 11.91GiB deviceMemoryBandwidth: 447.48GiB/s
2021-07-01 16:13:14.257705: I tensorflow/stream_executor/platform/default/dso_loader.cc:48] Successfully opened dynamic library libcudart.so.10.1
2021-07-01 16:13:14.257742: I tensorflow/stream_executor/platform/default/dso_loader.cc:48] Successfully opened dynamic library libcublas.so.10
2021-07-01 16:13:14.257763: I tensorflow/stream_executor/platform/default/dso_loader.cc:48] Successfully opened dynamic library libcufft.so.10
2021-07-01 16:13:14.257781: I tensorflow/stream_executor/platform/default/dso_loader.cc:48] Successfully opened dynamic library libcurand.so.10
2021-07-01 16:13:14.257800: I tensorflow/stream_executor/platform/default/dso_loader.cc:48] Successfully opened dynamic library libcusolver.so.10
2021-07-01 16:13:14.257819: I tensorflow/stream_executor/platform/default/dso_loader.cc:48] Successfully opened dynamic library libcusparse.so.10
2021-07-01 16:13:14.258793: I tensorflow/stream_executor/platform/default/dso_loader.cc:48] Successfully opened dynamic library libcudnn.so.7
2021-07-01 16:13:14.262036: I tensorflow/core/common_runtime/gpu/gpu_device.cc:1858] Adding visible gpu devices: 0
2021-07-01 16:13:14.263849: I tensorflow/stream_executor/platform/default/dso_loader.cc:48] Successfully opened dynamic library libcudart.so.10.1
2021-07-01 16:13:16.109685: I tensorflow/core/common_runtime/gpu/gpu_device.cc:1257] Device interconnect StreamExecutor with strength 1 edge matrix:
2021-07-01 16:13:16.109786: I tensorflow/core/common_runtime/gpu/gpu_device.cc:1263]      0 
2021-07-01 16:13:16.109800: I tensorflow/core/common_runtime/gpu/gpu_device.cc:1276] 0:   N 
2021-07-01 16:13:16.115927: I tensorflow/core/common_runtime/gpu/gpu_device.cc:1402] Created TensorFlow device (/job:localhost/replica:0/task:0/device:GPU:0 with 11228 MB memory) -> physical GPU (device: 0, name: NVIDIA TITAN X (Pascal), pci bus id: 0000:02:00.0, compute capability: 6.1)
2021-07-01 16:13:21.962380: I tensorflow/stream_executor/platform/default/dso_loader.cc:48] Successfully opened dynamic library libcudnn.so.7
2021-07-01 16:13:24.550561: I tensorflow/stream_executor/platform/default/dso_loader.cc:48] Successfully opened dynamic library libcublas.so.10
Using model index: 2
Making train data...
GCN...
ZCA...
Done!
Making test data...
Done!
Epoch 1/350


Snapshot weight 2 shuffle 0 at epoch 1
Layer 11
Getting activations...


391/391 - 25s - loss: 2.3075 - accuracy: 0.1258 - val_loss: 2.1964 - val_accuracy: 0.2024
Epoch 2/350


Snapshot weight 2 shuffle 0 at epoch 2
Layer 11
Getting activations...


391/391 - 24s - loss: 2.1839 - accuracy: 0.2019 - val_loss: 2.0862 - val_accuracy: 0.2606
Epoch 3/350


Snapshot weight 2 shuffle 0 at epoch 3
Layer 11
Getting activations...


391/391 - 24s - loss: 1.9622 - accuracy: 0.2985 - val_loss: 1.8435 - val_accuracy: 0.3530
Epoch 4/350


Snapshot weight 2 shuffle 0 at epoch 4
Layer 11
Getting activations...


391/391 - 25s - loss: 1.7498 - accuracy: 0.3859 - val_loss: 1.5707 - val_accuracy: 0.4594
Epoch 5/350


Snapshot weight 2 shuffle 0 at epoch 5
Layer 11
Getting activations...


391/391 - 25s - loss: 1.5884 - accuracy: 0.4460 - val_loss: 1.4637 - val_accuracy: 0.4932
Epoch 6/350


Snapshot weight 2 shuffle 0 at epoch 6
Layer 11
Getting activations...


391/391 - 25s - loss: 1.4820 - accuracy: 0.4879 - val_loss: 1.3572 - val_accuracy: 0.5306
Epoch 7/350


Snapshot weight 2 shuffle 0 at epoch 7
Layer 11
Getting activations...


391/391 - 25s - loss: 1.4076 - accuracy: 0.5149 - val_loss: 1.2956 - val_accuracy: 0.5541
Epoch 8/350


Snapshot weight 2 shuffle 0 at epoch 8
Layer 11
Getting activations...


391/391 - 25s - loss: 1.3405 - accuracy: 0.5413 - val_loss: 1.2541 - val_accuracy: 0.5681
Epoch 9/350


Snapshot weight 2 shuffle 0 at epoch 9
Layer 11
Getting activations...


391/391 - 25s - loss: 1.1702 - accuracy: 0.5953 - val_loss: 1.1647 - val_accuracy: 0.6118
Epoch 10/350


Snapshot weight 2 shuffle 0 at epoch 10
Layer 11
Getting activations...


391/391 - 25s - loss: 1.0765 - accuracy: 0.6262 - val_loss: 1.0025 - val_accuracy: 0.6513
Epoch 11/350
391/391 - 25s - loss: 1.0111 - accuracy: 0.6522 - val_loss: 0.8940 - val_accuracy: 0.6941
Epoch 12/350
391/391 - 25s - loss: 0.9717 - accuracy: 0.6670 - val_loss: 0.9736 - val_accuracy: 0.6782
Epoch 13/350
391/391 - 25s - loss: 0.9186 - accuracy: 0.6851 - val_loss: 0.8270 - val_accuracy: 0.7202
Epoch 14/350
391/391 - 25s - loss: 0.8902 - accuracy: 0.6948 - val_loss: 0.7786 - val_accuracy: 0.7298
Epoch 15/350
391/391 - 25s - loss: 0.8594 - accuracy: 0.7038 - val_loss: 0.8358 - val_accuracy: 0.7249
Epoch 16/350
391/391 - 25s - loss: 0.8256 - accuracy: 0.7192 - val_loss: 0.8026 - val_accuracy: 0.7397
Epoch 17/350
391/391 - 25s - loss: 0.7886 - accuracy: 0.7312 - val_loss: 0.8202 - val_accuracy: 0.7315
Epoch 18/350
391/391 - 25s - loss: 0.7615 - accuracy: 0.7432 - val_loss: 0.6968 - val_accuracy: 0.7642
Epoch 19/350
391/391 - 25s - loss: 0.7492 - accuracy: 0.7468 - val_loss: 0.6618 - val_accuracy: 0.7783
Epoch 20/350
391/391 - 25s - loss: 0.7236 - accuracy: 0.7557 - val_loss: 0.6545 - val_accuracy: 0.7861
Epoch 21/350
391/391 - 25s - loss: 0.6938 - accuracy: 0.7689 - val_loss: 0.7110 - val_accuracy: 0.7731
Epoch 22/350
391/391 - 25s - loss: 0.6706 - accuracy: 0.7750 - val_loss: 0.6826 - val_accuracy: 0.7755
Epoch 23/350
391/391 - 24s - loss: 0.6584 - accuracy: 0.7816 - val_loss: 0.6126 - val_accuracy: 0.8004
Epoch 24/350
391/391 - 25s - loss: 0.6356 - accuracy: 0.7876 - val_loss: 0.6033 - val_accuracy: 0.8072
Epoch 25/350
391/391 - 25s - loss: 0.6228 - accuracy: 0.7931 - val_loss: 0.6041 - val_accuracy: 0.8023
Epoch 26/350
391/391 - 24s - loss: 0.6106 - accuracy: 0.7976 - val_loss: 0.5496 - val_accuracy: 0.8217
Epoch 27/350
391/391 - 25s - loss: 0.5878 - accuracy: 0.8041 - val_loss: 0.5574 - val_accuracy: 0.8235
Epoch 28/350
391/391 - 25s - loss: 0.5866 - accuracy: 0.8044 - val_loss: 0.5291 - val_accuracy: 0.8294
Epoch 29/350
391/391 - 25s - loss: 0.5730 - accuracy: 0.8109 - val_loss: 0.5323 - val_accuracy: 0.8296
Epoch 30/350
391/391 - 24s - loss: 0.5652 - accuracy: 0.8125 - val_loss: 0.5629 - val_accuracy: 0.8159
Epoch 31/350
391/391 - 25s - loss: 0.5459 - accuracy: 0.8210 - val_loss: 0.5543 - val_accuracy: 0.8253
Epoch 32/350
391/391 - 25s - loss: 0.5441 - accuracy: 0.8223 - val_loss: 0.5075 - val_accuracy: 0.8399
Epoch 33/350
391/391 - 25s - loss: 0.5333 - accuracy: 0.8257 - val_loss: 0.5519 - val_accuracy: 0.8250
Epoch 34/350
391/391 - 25s - loss: 0.5237 - accuracy: 0.8296 - val_loss: 0.5332 - val_accuracy: 0.8335
Epoch 35/350
391/391 - 25s - loss: 0.5104 - accuracy: 0.8318 - val_loss: 0.4941 - val_accuracy: 0.8404
Epoch 36/350
391/391 - 24s - loss: 0.5023 - accuracy: 0.8358 - val_loss: 0.5455 - val_accuracy: 0.8261
Epoch 37/350
391/391 - 25s - loss: 0.4916 - accuracy: 0.8409 - val_loss: 0.5512 - val_accuracy: 0.8266
Epoch 38/350
391/391 - 24s - loss: 0.4910 - accuracy: 0.8376 - val_loss: 0.5462 - val_accuracy: 0.8325
Epoch 39/350
391/391 - 25s - loss: 0.4768 - accuracy: 0.8443 - val_loss: 0.4841 - val_accuracy: 0.8463
Epoch 40/350
391/391 - 24s - loss: 0.4745 - accuracy: 0.8470 - val_loss: 0.4774 - val_accuracy: 0.8487
Epoch 41/350
391/391 - 24s - loss: 0.4711 - accuracy: 0.8462 - val_loss: 0.4841 - val_accuracy: 0.8468
Epoch 42/350
391/391 - 24s - loss: 0.4558 - accuracy: 0.8515 - val_loss: 0.4606 - val_accuracy: 0.8562
Epoch 43/350
391/391 - 25s - loss: 0.4502 - accuracy: 0.8544 - val_loss: 0.5205 - val_accuracy: 0.8376
Epoch 44/350
391/391 - 24s - loss: 0.4403 - accuracy: 0.8573 - val_loss: 0.4663 - val_accuracy: 0.8514
Epoch 45/350
391/391 - 25s - loss: 0.4411 - accuracy: 0.8579 - val_loss: 0.4779 - val_accuracy: 0.8515
Epoch 46/350
391/391 - 25s - loss: 0.4324 - accuracy: 0.8589 - val_loss: 0.4854 - val_accuracy: 0.8518
Epoch 47/350
391/391 - 25s - loss: 0.4290 - accuracy: 0.8612 - val_loss: 0.4461 - val_accuracy: 0.8618
Epoch 48/350
391/391 - 24s - loss: 0.4192 - accuracy: 0.8644 - val_loss: 0.4552 - val_accuracy: 0.8565
Epoch 49/350
391/391 - 25s - loss: 0.4167 - accuracy: 0.8641 - val_loss: 0.4852 - val_accuracy: 0.8539
Epoch 50/350


Snapshot weight 2 shuffle 0 at epoch 50
Layer 11
Getting activations...


391/391 - 25s - loss: 0.4115 - accuracy: 0.8681 - val_loss: 0.4830 - val_accuracy: 0.8518
Epoch 51/350
391/391 - 25s - loss: 0.4102 - accuracy: 0.8675 - val_loss: 0.4351 - val_accuracy: 0.8632
Epoch 52/350
391/391 - 24s - loss: 0.4003 - accuracy: 0.8718 - val_loss: 0.4581 - val_accuracy: 0.8581
Epoch 53/350
391/391 - 24s - loss: 0.3985 - accuracy: 0.8712 - val_loss: 0.4827 - val_accuracy: 0.8550
Epoch 54/350
391/391 - 24s - loss: 0.3950 - accuracy: 0.8739 - val_loss: 0.4426 - val_accuracy: 0.8600
Epoch 55/350
391/391 - 25s - loss: 0.3919 - accuracy: 0.8739 - val_loss: 0.4410 - val_accuracy: 0.8671
Epoch 56/350
391/391 - 25s - loss: 0.3814 - accuracy: 0.8773 - val_loss: 0.4508 - val_accuracy: 0.8654
Epoch 57/350
391/391 - 25s - loss: 0.3756 - accuracy: 0.8805 - val_loss: 0.4509 - val_accuracy: 0.8661
Epoch 58/350
391/391 - 25s - loss: 0.3781 - accuracy: 0.8798 - val_loss: 0.4326 - val_accuracy: 0.8682
Epoch 59/350
391/391 - 25s - loss: 0.3722 - accuracy: 0.8828 - val_loss: 0.4532 - val_accuracy: 0.8645
Epoch 60/350
391/391 - 24s - loss: 0.3692 - accuracy: 0.8816 - val_loss: 0.4399 - val_accuracy: 0.8686
Epoch 61/350
391/391 - 25s - loss: 0.3660 - accuracy: 0.8844 - val_loss: 0.4542 - val_accuracy: 0.8642
Epoch 62/350
391/391 - 25s - loss: 0.3614 - accuracy: 0.8846 - val_loss: 0.4517 - val_accuracy: 0.8637
Epoch 63/350
391/391 - 25s - loss: 0.3567 - accuracy: 0.8863 - val_loss: 0.4545 - val_accuracy: 0.8669
Epoch 64/350
391/391 - 24s - loss: 0.3556 - accuracy: 0.8855 - val_loss: 0.4238 - val_accuracy: 0.8686
Epoch 65/350
391/391 - 25s - loss: 0.3534 - accuracy: 0.8872 - val_loss: 0.4233 - val_accuracy: 0.8756
Epoch 66/350
391/391 - 24s - loss: 0.3476 - accuracy: 0.8911 - val_loss: 0.4481 - val_accuracy: 0.8701
Epoch 67/350
391/391 - 25s - loss: 0.3406 - accuracy: 0.8922 - val_loss: 0.4197 - val_accuracy: 0.8755
Epoch 68/350
391/391 - 25s - loss: 0.3444 - accuracy: 0.8920 - val_loss: 0.4486 - val_accuracy: 0.8715
Epoch 69/350
391/391 - 25s - loss: 0.3351 - accuracy: 0.8942 - val_loss: 0.4275 - val_accuracy: 0.8756
Epoch 70/350
391/391 - 25s - loss: 0.3352 - accuracy: 0.8944 - val_loss: 0.4525 - val_accuracy: 0.8626
Epoch 71/350
391/391 - 24s - loss: 0.3281 - accuracy: 0.8973 - val_loss: 0.4306 - val_accuracy: 0.8702
Epoch 72/350
391/391 - 25s - loss: 0.3312 - accuracy: 0.8957 - val_loss: 0.4092 - val_accuracy: 0.8814
Epoch 73/350
391/391 - 24s - loss: 0.3244 - accuracy: 0.8970 - val_loss: 0.4350 - val_accuracy: 0.8766
Epoch 74/350
391/391 - 25s - loss: 0.3238 - accuracy: 0.8983 - val_loss: 0.4267 - val_accuracy: 0.8743
Epoch 75/350
391/391 - 24s - loss: 0.3154 - accuracy: 0.9017 - val_loss: 0.4487 - val_accuracy: 0.8720
Epoch 76/350
391/391 - 24s - loss: 0.3110 - accuracy: 0.9036 - val_loss: 0.4549 - val_accuracy: 0.8670
Epoch 77/350
391/391 - 24s - loss: 0.3127 - accuracy: 0.9025 - val_loss: 0.4196 - val_accuracy: 0.8772
Epoch 78/350
391/391 - 24s - loss: 0.3065 - accuracy: 0.9034 - val_loss: 0.4097 - val_accuracy: 0.8789
Epoch 79/350
391/391 - 25s - loss: 0.3089 - accuracy: 0.9039 - val_loss: 0.4613 - val_accuracy: 0.8711
Epoch 80/350
391/391 - 25s - loss: 0.3031 - accuracy: 0.9068 - val_loss: 0.4111 - val_accuracy: 0.8801
Epoch 81/350
391/391 - 25s - loss: 0.3024 - accuracy: 0.9066 - val_loss: 0.4197 - val_accuracy: 0.8740
Epoch 82/350
391/391 - 24s - loss: 0.2962 - accuracy: 0.9082 - val_loss: 0.4168 - val_accuracy: 0.8792
Epoch 83/350
391/391 - 25s - loss: 0.2972 - accuracy: 0.9069 - val_loss: 0.4039 - val_accuracy: 0.8802
Epoch 84/350
391/391 - 24s - loss: 0.2964 - accuracy: 0.9086 - val_loss: 0.4109 - val_accuracy: 0.8798
Epoch 85/350
391/391 - 25s - loss: 0.2887 - accuracy: 0.9101 - val_loss: 0.4147 - val_accuracy: 0.8755
Epoch 86/350
391/391 - 25s - loss: 0.2897 - accuracy: 0.9090 - val_loss: 0.4126 - val_accuracy: 0.8815
Epoch 87/350
391/391 - 25s - loss: 0.2899 - accuracy: 0.9094 - val_loss: 0.4256 - val_accuracy: 0.8774
Epoch 88/350
391/391 - 25s - loss: 0.2881 - accuracy: 0.9113 - val_loss: 0.4343 - val_accuracy: 0.8844
Epoch 89/350
391/391 - 24s - loss: 0.2840 - accuracy: 0.9130 - val_loss: 0.4514 - val_accuracy: 0.8750
Epoch 90/350
391/391 - 25s - loss: 0.2827 - accuracy: 0.9119 - val_loss: 0.4362 - val_accuracy: 0.8809
Epoch 91/350
391/391 - 25s - loss: 0.2795 - accuracy: 0.9134 - val_loss: 0.4061 - val_accuracy: 0.8874
Epoch 92/350
391/391 - 24s - loss: 0.2759 - accuracy: 0.9150 - val_loss: 0.3962 - val_accuracy: 0.8862
Epoch 93/350
391/391 - 24s - loss: 0.2742 - accuracy: 0.9153 - val_loss: 0.4215 - val_accuracy: 0.8829
Epoch 94/350
391/391 - 25s - loss: 0.2706 - accuracy: 0.9162 - val_loss: 0.4560 - val_accuracy: 0.8734
Epoch 95/350
391/391 - 24s - loss: 0.2789 - accuracy: 0.9153 - val_loss: 0.4482 - val_accuracy: 0.8759
Epoch 96/350
391/391 - 24s - loss: 0.2706 - accuracy: 0.9171 - val_loss: 0.4108 - val_accuracy: 0.8857
Epoch 97/350
391/391 - 25s - loss: 0.2714 - accuracy: 0.9159 - val_loss: 0.4000 - val_accuracy: 0.8889
Epoch 98/350
391/391 - 25s - loss: 0.2632 - accuracy: 0.9203 - val_loss: 0.4314 - val_accuracy: 0.8791
Epoch 99/350
391/391 - 24s - loss: 0.2672 - accuracy: 0.9188 - val_loss: 0.4254 - val_accuracy: 0.8866
Epoch 100/350


Snapshot weight 2 shuffle 0 at epoch 100
Layer 11
Getting activations...


391/391 - 25s - loss: 0.2592 - accuracy: 0.9217 - val_loss: 0.4404 - val_accuracy: 0.8752
Epoch 101/350
391/391 - 24s - loss: 0.2555 - accuracy: 0.9226 - val_loss: 0.4395 - val_accuracy: 0.8855
Epoch 102/350
391/391 - 25s - loss: 0.2551 - accuracy: 0.9236 - val_loss: 0.4183 - val_accuracy: 0.8907
Epoch 103/350
391/391 - 25s - loss: 0.2600 - accuracy: 0.9210 - val_loss: 0.4324 - val_accuracy: 0.8853
Epoch 104/350
391/391 - 25s - loss: 0.2561 - accuracy: 0.9222 - val_loss: 0.4462 - val_accuracy: 0.8847
Epoch 105/350
391/391 - 24s - loss: 0.2555 - accuracy: 0.9238 - val_loss: 0.4518 - val_accuracy: 0.8774
Epoch 106/350
391/391 - 24s - loss: 0.2496 - accuracy: 0.9256 - val_loss: 0.4261 - val_accuracy: 0.8851
Epoch 107/350
391/391 - 24s - loss: 0.2455 - accuracy: 0.9254 - val_loss: 0.4209 - val_accuracy: 0.8874
Epoch 108/350
391/391 - 25s - loss: 0.2460 - accuracy: 0.9264 - val_loss: 0.4385 - val_accuracy: 0.8834
Epoch 109/350
391/391 - 24s - loss: 0.2438 - accuracy: 0.9271 - val_loss: 0.4080 - val_accuracy: 0.8892
Epoch 110/350
391/391 - 25s - loss: 0.2449 - accuracy: 0.9270 - val_loss: 0.4663 - val_accuracy: 0.8879
Epoch 111/350
391/391 - 25s - loss: 0.2401 - accuracy: 0.9278 - val_loss: 0.4703 - val_accuracy: 0.8808
Epoch 112/350
391/391 - 24s - loss: 0.2425 - accuracy: 0.9273 - val_loss: 0.4126 - val_accuracy: 0.8899
Epoch 113/350
391/391 - 25s - loss: 0.2408 - accuracy: 0.9288 - val_loss: 0.4249 - val_accuracy: 0.8891
Epoch 114/350
391/391 - 25s - loss: 0.2448 - accuracy: 0.9268 - val_loss: 0.4285 - val_accuracy: 0.8910
Epoch 115/350
391/391 - 24s - loss: 0.2373 - accuracy: 0.9298 - val_loss: 0.4374 - val_accuracy: 0.8889
Epoch 116/350
391/391 - 24s - loss: 0.2385 - accuracy: 0.9291 - val_loss: 0.4335 - val_accuracy: 0.8861
Epoch 117/350
391/391 - 24s - loss: 0.2349 - accuracy: 0.9299 - val_loss: 0.3964 - val_accuracy: 0.8935
Epoch 118/350
391/391 - 25s - loss: 0.2398 - accuracy: 0.9293 - val_loss: 0.3982 - val_accuracy: 0.8950
Epoch 119/350
391/391 - 24s - loss: 0.2287 - accuracy: 0.9330 - val_loss: 0.4512 - val_accuracy: 0.8835
Epoch 120/350
391/391 - 25s - loss: 0.2349 - accuracy: 0.9308 - val_loss: 0.4267 - val_accuracy: 0.8869
Epoch 121/350
391/391 - 24s - loss: 0.2276 - accuracy: 0.9332 - val_loss: 0.4094 - val_accuracy: 0.8897
Epoch 122/350
391/391 - 25s - loss: 0.2310 - accuracy: 0.9316 - val_loss: 0.4273 - val_accuracy: 0.8921
Epoch 123/350
391/391 - 25s - loss: 0.2255 - accuracy: 0.9340 - val_loss: 0.4360 - val_accuracy: 0.8848
Epoch 124/350
391/391 - 25s - loss: 0.2291 - accuracy: 0.9331 - val_loss: 0.4181 - val_accuracy: 0.8920
Epoch 125/350
391/391 - 24s - loss: 0.2238 - accuracy: 0.9351 - val_loss: 0.4749 - val_accuracy: 0.8852
Epoch 126/350
391/391 - 24s - loss: 0.2247 - accuracy: 0.9346 - val_loss: 0.4630 - val_accuracy: 0.8877
Epoch 127/350
391/391 - 25s - loss: 0.2200 - accuracy: 0.9359 - val_loss: 0.4672 - val_accuracy: 0.8870
Epoch 128/350
391/391 - 25s - loss: 0.2212 - accuracy: 0.9354 - val_loss: 0.4285 - val_accuracy: 0.8929
Epoch 129/350
391/391 - 24s - loss: 0.2220 - accuracy: 0.9345 - val_loss: 0.4393 - val_accuracy: 0.8907
Epoch 130/350
391/391 - 24s - loss: 0.2182 - accuracy: 0.9373 - val_loss: 0.4055 - val_accuracy: 0.8933
Epoch 131/350
391/391 - 24s - loss: 0.2183 - accuracy: 0.9375 - val_loss: 0.4185 - val_accuracy: 0.8932
Epoch 132/350
391/391 - 25s - loss: 0.2146 - accuracy: 0.9387 - val_loss: 0.4234 - val_accuracy: 0.8932
Epoch 133/350
391/391 - 24s - loss: 0.2133 - accuracy: 0.9381 - val_loss: 0.4517 - val_accuracy: 0.8917
Epoch 134/350
391/391 - 24s - loss: 0.2171 - accuracy: 0.9376 - val_loss: 0.4490 - val_accuracy: 0.8888
Epoch 135/350
391/391 - 25s - loss: 0.2130 - accuracy: 0.9393 - val_loss: 0.4193 - val_accuracy: 0.8933
Epoch 136/350
391/391 - 24s - loss: 0.2094 - accuracy: 0.9404 - val_loss: 0.4255 - val_accuracy: 0.8931
Epoch 137/350
391/391 - 24s - loss: 0.2056 - accuracy: 0.9412 - val_loss: 0.4176 - val_accuracy: 0.8938
Epoch 138/350
391/391 - 25s - loss: 0.2049 - accuracy: 0.9421 - val_loss: 0.4390 - val_accuracy: 0.8925
Epoch 139/350
391/391 - 24s - loss: 0.2078 - accuracy: 0.9396 - val_loss: 0.4682 - val_accuracy: 0.8914
Epoch 140/350
391/391 - 25s - loss: 0.2106 - accuracy: 0.9402 - val_loss: 0.4181 - val_accuracy: 0.8926
Epoch 141/350
391/391 - 24s - loss: 0.2081 - accuracy: 0.9398 - val_loss: 0.4124 - val_accuracy: 0.9001
Epoch 142/350
391/391 - 25s - loss: 0.2106 - accuracy: 0.9386 - val_loss: 0.4422 - val_accuracy: 0.8921
Epoch 143/350
391/391 - 24s - loss: 0.2080 - accuracy: 0.9408 - val_loss: 0.4434 - val_accuracy: 0.8921
Epoch 144/350
391/391 - 25s - loss: 0.2058 - accuracy: 0.9425 - val_loss: 0.4777 - val_accuracy: 0.8943
Epoch 145/350
391/391 - 24s - loss: 0.2066 - accuracy: 0.9415 - val_loss: 0.4481 - val_accuracy: 0.8892
Epoch 146/350
391/391 - 24s - loss: 0.2020 - accuracy: 0.9431 - val_loss: 0.4698 - val_accuracy: 0.8839
Epoch 147/350
391/391 - 25s - loss: 0.2046 - accuracy: 0.9417 - val_loss: 0.4549 - val_accuracy: 0.8870
Epoch 148/350
391/391 - 24s - loss: 0.2020 - accuracy: 0.9438 - val_loss: 0.4271 - val_accuracy: 0.8944
Epoch 149/350
391/391 - 25s - loss: 0.2007 - accuracy: 0.9428 - val_loss: 0.4460 - val_accuracy: 0.8903
Epoch 150/350


Snapshot weight 2 shuffle 0 at epoch 150
Layer 11
Getting activations...


391/391 - 25s - loss: 0.2025 - accuracy: 0.9436 - val_loss: 0.4552 - val_accuracy: 0.8938
Epoch 151/350
391/391 - 25s - loss: 0.1950 - accuracy: 0.9450 - val_loss: 0.4795 - val_accuracy: 0.8876
Epoch 152/350
391/391 - 24s - loss: 0.1980 - accuracy: 0.9451 - val_loss: 0.4548 - val_accuracy: 0.8936
Epoch 153/350
391/391 - 24s - loss: 0.1960 - accuracy: 0.9458 - val_loss: 0.4538 - val_accuracy: 0.8895
Epoch 154/350
391/391 - 25s - loss: 0.1933 - accuracy: 0.9458 - val_loss: 0.4450 - val_accuracy: 0.8939
Epoch 155/350
391/391 - 24s - loss: 0.1955 - accuracy: 0.9461 - val_loss: 0.4163 - val_accuracy: 0.8940
Epoch 156/350
391/391 - 25s - loss: 0.1889 - accuracy: 0.9483 - val_loss: 0.4742 - val_accuracy: 0.8916
Epoch 157/350
391/391 - 24s - loss: 0.1988 - accuracy: 0.9439 - val_loss: 0.4471 - val_accuracy: 0.8956
Epoch 158/350
391/391 - 25s - loss: 0.1928 - accuracy: 0.9476 - val_loss: 0.4670 - val_accuracy: 0.8962
Epoch 159/350
391/391 - 24s - loss: 0.1946 - accuracy: 0.9456 - val_loss: 0.4418 - val_accuracy: 0.8967
Epoch 160/350
391/391 - 25s - loss: 0.1918 - accuracy: 0.9472 - val_loss: 0.4625 - val_accuracy: 0.8930
Epoch 161/350
391/391 - 25s - loss: 0.1897 - accuracy: 0.9490 - val_loss: 0.4352 - val_accuracy: 0.8979
Epoch 162/350
391/391 - 25s - loss: 0.1887 - accuracy: 0.9477 - val_loss: 0.4357 - val_accuracy: 0.8937
Epoch 163/350
391/391 - 24s - loss: 0.1851 - accuracy: 0.9502 - val_loss: 0.4720 - val_accuracy: 0.8925
Epoch 164/350
391/391 - 24s - loss: 0.1863 - accuracy: 0.9493 - val_loss: 0.4771 - val_accuracy: 0.8914
Epoch 165/350
391/391 - 25s - loss: 0.1919 - accuracy: 0.9473 - val_loss: 0.4410 - val_accuracy: 0.8968
Epoch 166/350
391/391 - 24s - loss: 0.1847 - accuracy: 0.9496 - val_loss: 0.4623 - val_accuracy: 0.8897
Epoch 167/350
391/391 - 24s - loss: 0.1850 - accuracy: 0.9491 - val_loss: 0.4654 - val_accuracy: 0.8945
Epoch 168/350
391/391 - 24s - loss: 0.1839 - accuracy: 0.9503 - val_loss: 0.4683 - val_accuracy: 0.8901
Epoch 169/350
391/391 - 24s - loss: 0.1866 - accuracy: 0.9492 - val_loss: 0.4557 - val_accuracy: 0.8958
Epoch 170/350
391/391 - 25s - loss: 0.1801 - accuracy: 0.9514 - val_loss: 0.4754 - val_accuracy: 0.8897
Epoch 171/350
391/391 - 24s - loss: 0.1840 - accuracy: 0.9511 - val_loss: 0.4439 - val_accuracy: 0.8989
Epoch 172/350
391/391 - 24s - loss: 0.1814 - accuracy: 0.9515 - val_loss: 0.4413 - val_accuracy: 0.8941
Epoch 173/350
391/391 - 24s - loss: 0.1852 - accuracy: 0.9498 - val_loss: 0.4679 - val_accuracy: 0.8952
Epoch 174/350
391/391 - 25s - loss: 0.1828 - accuracy: 0.9519 - val_loss: 0.4515 - val_accuracy: 0.8976
Epoch 175/350
391/391 - 25s - loss: 0.1785 - accuracy: 0.9522 - val_loss: 0.4561 - val_accuracy: 0.8946
Epoch 176/350
391/391 - 24s - loss: 0.1814 - accuracy: 0.9509 - val_loss: 0.4612 - val_accuracy: 0.8917
Epoch 177/350
391/391 - 25s - loss: 0.1789 - accuracy: 0.9521 - val_loss: 0.4494 - val_accuracy: 0.8905
Epoch 178/350
391/391 - 24s - loss: 0.1804 - accuracy: 0.9517 - val_loss: 0.4446 - val_accuracy: 0.8946
Epoch 179/350
391/391 - 24s - loss: 0.1817 - accuracy: 0.9515 - val_loss: 0.4589 - val_accuracy: 0.8938
Epoch 180/350
391/391 - 25s - loss: 0.1759 - accuracy: 0.9535 - val_loss: 0.5035 - val_accuracy: 0.8815
Epoch 181/350
391/391 - 25s - loss: 0.1763 - accuracy: 0.9529 - val_loss: 0.4649 - val_accuracy: 0.8937
Epoch 182/350
391/391 - 25s - loss: 0.1772 - accuracy: 0.9533 - val_loss: 0.4475 - val_accuracy: 0.8943
Epoch 183/350
391/391 - 24s - loss: 0.1735 - accuracy: 0.9539 - val_loss: 0.4644 - val_accuracy: 0.8955
Epoch 184/350
391/391 - 25s - loss: 0.1729 - accuracy: 0.9537 - val_loss: 0.4739 - val_accuracy: 0.8939
Epoch 185/350
391/391 - 24s - loss: 0.1739 - accuracy: 0.9542 - val_loss: 0.4631 - val_accuracy: 0.8976
Epoch 186/350
391/391 - 25s - loss: 0.1733 - accuracy: 0.9541 - val_loss: 0.4596 - val_accuracy: 0.8948
Epoch 187/350
391/391 - 24s - loss: 0.1754 - accuracy: 0.9544 - val_loss: 0.4558 - val_accuracy: 0.9001
Epoch 188/350
391/391 - 25s - loss: 0.1664 - accuracy: 0.9578 - val_loss: 0.4856 - val_accuracy: 0.8965
Epoch 189/350
391/391 - 24s - loss: 0.1720 - accuracy: 0.9544 - val_loss: 0.4578 - val_accuracy: 0.8969
Epoch 190/350
391/391 - 25s - loss: 0.1673 - accuracy: 0.9563 - val_loss: 0.4964 - val_accuracy: 0.8952
Epoch 191/350
391/391 - 25s - loss: 0.1716 - accuracy: 0.9551 - val_loss: 0.4774 - val_accuracy: 0.8951
Epoch 192/350
391/391 - 25s - loss: 0.1715 - accuracy: 0.9549 - val_loss: 0.5003 - val_accuracy: 0.8921
Epoch 193/350
391/391 - 25s - loss: 0.1715 - accuracy: 0.9555 - val_loss: 0.4967 - val_accuracy: 0.8947
Epoch 194/350
391/391 - 24s - loss: 0.1694 - accuracy: 0.9563 - val_loss: 0.4749 - val_accuracy: 0.8975
Epoch 195/350
391/391 - 24s - loss: 0.1685 - accuracy: 0.9559 - val_loss: 0.4432 - val_accuracy: 0.8988
Epoch 196/350
391/391 - 25s - loss: 0.1666 - accuracy: 0.9581 - val_loss: 0.5358 - val_accuracy: 0.8872
Epoch 197/350
391/391 - 24s - loss: 0.1645 - accuracy: 0.9582 - val_loss: 0.4539 - val_accuracy: 0.8998
Epoch 198/350
391/391 - 25s - loss: 0.1690 - accuracy: 0.9570 - val_loss: 0.4639 - val_accuracy: 0.8975
Epoch 199/350
391/391 - 24s - loss: 0.1686 - accuracy: 0.9567 - val_loss: 0.4636 - val_accuracy: 0.8984
Epoch 200/350


Snapshot weight 2 shuffle 0 at epoch 200
Layer 11
Getting activations...


391/391 - 25s - loss: 0.1741 - accuracy: 0.9538 - val_loss: 0.4362 - val_accuracy: 0.8987
Epoch 201/350
391/391 - 25s - loss: 0.1409 - accuracy: 0.9667 - val_loss: 0.4444 - val_accuracy: 0.9055
Epoch 202/350
391/391 - 25s - loss: 0.1284 - accuracy: 0.9709 - val_loss: 0.4618 - val_accuracy: 0.9061
Epoch 203/350
391/391 - 24s - loss: 0.1273 - accuracy: 0.9708 - val_loss: 0.4563 - val_accuracy: 0.9066
Epoch 204/350
391/391 - 25s - loss: 0.1227 - accuracy: 0.9723 - val_loss: 0.4643 - val_accuracy: 0.9053
Epoch 205/350
391/391 - 25s - loss: 0.1217 - accuracy: 0.9726 - val_loss: 0.4606 - val_accuracy: 0.9067
Epoch 206/350
391/391 - 25s - loss: 0.1182 - accuracy: 0.9747 - val_loss: 0.4672 - val_accuracy: 0.9061
Epoch 207/350
391/391 - 25s - loss: 0.1191 - accuracy: 0.9743 - val_loss: 0.4648 - val_accuracy: 0.9058
Epoch 208/350
391/391 - 25s - loss: 0.1188 - accuracy: 0.9740 - val_loss: 0.4702 - val_accuracy: 0.9066
Epoch 209/350
391/391 - 24s - loss: 0.1178 - accuracy: 0.9749 - val_loss: 0.4712 - val_accuracy: 0.9068
Epoch 210/350
391/391 - 25s - loss: 0.1174 - accuracy: 0.9752 - val_loss: 0.4823 - val_accuracy: 0.9053
Epoch 211/350
391/391 - 24s - loss: 0.1151 - accuracy: 0.9759 - val_loss: 0.4832 - val_accuracy: 0.9058
Epoch 212/350
391/391 - 24s - loss: 0.1150 - accuracy: 0.9752 - val_loss: 0.4747 - val_accuracy: 0.9070
Epoch 213/350
391/391 - 25s - loss: 0.1158 - accuracy: 0.9753 - val_loss: 0.4752 - val_accuracy: 0.9081
Epoch 214/350
391/391 - 25s - loss: 0.1161 - accuracy: 0.9752 - val_loss: 0.4780 - val_accuracy: 0.9066
Epoch 215/350
391/391 - 24s - loss: 0.1154 - accuracy: 0.9754 - val_loss: 0.4768 - val_accuracy: 0.9072
Epoch 216/350
391/391 - 24s - loss: 0.1153 - accuracy: 0.9757 - val_loss: 0.4773 - val_accuracy: 0.9070
Epoch 217/350
391/391 - 24s - loss: 0.1125 - accuracy: 0.9776 - val_loss: 0.4802 - val_accuracy: 0.9071
Epoch 218/350
391/391 - 24s - loss: 0.1097 - accuracy: 0.9769 - val_loss: 0.4808 - val_accuracy: 0.9063
Epoch 219/350
391/391 - 25s - loss: 0.1111 - accuracy: 0.9771 - val_loss: 0.4957 - val_accuracy: 0.9064
Epoch 220/350
391/391 - 25s - loss: 0.1116 - accuracy: 0.9768 - val_loss: 0.4918 - val_accuracy: 0.9069
Epoch 221/350
391/391 - 25s - loss: 0.1122 - accuracy: 0.9773 - val_loss: 0.4936 - val_accuracy: 0.9065
Epoch 222/350
391/391 - 25s - loss: 0.1111 - accuracy: 0.9770 - val_loss: 0.4803 - val_accuracy: 0.9069
Epoch 223/350
391/391 - 25s - loss: 0.1092 - accuracy: 0.9773 - val_loss: 0.4855 - val_accuracy: 0.9071
Epoch 224/350
391/391 - 25s - loss: 0.1127 - accuracy: 0.9761 - val_loss: 0.4897 - val_accuracy: 0.9073
Epoch 225/350
391/391 - 24s - loss: 0.1143 - accuracy: 0.9762 - val_loss: 0.4905 - val_accuracy: 0.9057
Epoch 226/350
391/391 - 25s - loss: 0.1107 - accuracy: 0.9766 - val_loss: 0.4817 - val_accuracy: 0.9058
Epoch 227/350
391/391 - 25s - loss: 0.1079 - accuracy: 0.9780 - val_loss: 0.4825 - val_accuracy: 0.9077
Epoch 228/350
391/391 - 25s - loss: 0.1105 - accuracy: 0.9770 - val_loss: 0.4866 - val_accuracy: 0.9071
Epoch 229/350
391/391 - 24s - loss: 0.1097 - accuracy: 0.9776 - val_loss: 0.4995 - val_accuracy: 0.9059
Epoch 230/350
391/391 - 25s - loss: 0.1080 - accuracy: 0.9785 - val_loss: 0.4972 - val_accuracy: 0.9056
Epoch 231/350
391/391 - 25s - loss: 0.1081 - accuracy: 0.9784 - val_loss: 0.5006 - val_accuracy: 0.9078
Epoch 232/350
391/391 - 25s - loss: 0.1114 - accuracy: 0.9767 - val_loss: 0.4878 - val_accuracy: 0.9083
Epoch 233/350
391/391 - 25s - loss: 0.1098 - accuracy: 0.9778 - val_loss: 0.4897 - val_accuracy: 0.9045
Epoch 234/350
391/391 - 25s - loss: 0.1072 - accuracy: 0.9778 - val_loss: 0.4887 - val_accuracy: 0.9068
Epoch 235/350
391/391 - 24s - loss: 0.1120 - accuracy: 0.9769 - val_loss: 0.4937 - val_accuracy: 0.9058
Epoch 236/350
391/391 - 25s - loss: 0.1079 - accuracy: 0.9779 - val_loss: 0.4875 - val_accuracy: 0.9066
Epoch 237/350
391/391 - 25s - loss: 0.1086 - accuracy: 0.9781 - val_loss: 0.4901 - val_accuracy: 0.9066
Epoch 238/350
391/391 - 25s - loss: 0.1080 - accuracy: 0.9775 - val_loss: 0.4882 - val_accuracy: 0.9056
Epoch 239/350
391/391 - 25s - loss: 0.1065 - accuracy: 0.9777 - val_loss: 0.4872 - val_accuracy: 0.9069
Epoch 240/350
391/391 - 25s - loss: 0.1058 - accuracy: 0.9784 - val_loss: 0.4972 - val_accuracy: 0.9040
Epoch 241/350
391/391 - 25s - loss: 0.1082 - accuracy: 0.9776 - val_loss: 0.5009 - val_accuracy: 0.9063
Epoch 242/350
391/391 - 24s - loss: 0.1046 - accuracy: 0.9794 - val_loss: 0.5036 - val_accuracy: 0.9074
Epoch 243/350
391/391 - 25s - loss: 0.1051 - accuracy: 0.9792 - val_loss: 0.4965 - val_accuracy: 0.9084
Epoch 244/350
391/391 - 25s - loss: 0.1040 - accuracy: 0.9793 - val_loss: 0.5038 - val_accuracy: 0.9075
Epoch 245/350
391/391 - 24s - loss: 0.1060 - accuracy: 0.9793 - val_loss: 0.4965 - val_accuracy: 0.9083
Epoch 246/350
391/391 - 25s - loss: 0.1066 - accuracy: 0.9787 - val_loss: 0.5041 - val_accuracy: 0.9062
Epoch 247/350
391/391 - 25s - loss: 0.1052 - accuracy: 0.9785 - val_loss: 0.4917 - val_accuracy: 0.9061
Epoch 248/350
391/391 - 24s - loss: 0.1041 - accuracy: 0.9790 - val_loss: 0.4989 - val_accuracy: 0.9068
Epoch 249/350
391/391 - 25s - loss: 0.1037 - accuracy: 0.9792 - val_loss: 0.4976 - val_accuracy: 0.9092
Epoch 250/350


Snapshot weight 2 shuffle 0 at epoch 250
Layer 11
Getting activations...


391/391 - 25s - loss: 0.1048 - accuracy: 0.9797 - val_loss: 0.5050 - val_accuracy: 0.9071
Epoch 251/350
391/391 - 25s - loss: 0.1033 - accuracy: 0.9796 - val_loss: 0.5018 - val_accuracy: 0.9078
Epoch 252/350
391/391 - 25s - loss: 0.1025 - accuracy: 0.9801 - val_loss: 0.5025 - val_accuracy: 0.9081
Epoch 253/350
391/391 - 25s - loss: 0.1041 - accuracy: 0.9792 - val_loss: 0.4996 - val_accuracy: 0.9068
Epoch 254/350
391/391 - 25s - loss: 0.0982 - accuracy: 0.9817 - val_loss: 0.5007 - val_accuracy: 0.9076
Epoch 255/350
391/391 - 25s - loss: 0.1024 - accuracy: 0.9807 - val_loss: 0.5014 - val_accuracy: 0.9071
Epoch 256/350
391/391 - 25s - loss: 0.1056 - accuracy: 0.9792 - val_loss: 0.5003 - val_accuracy: 0.9076
Epoch 257/350
391/391 - 25s - loss: 0.1025 - accuracy: 0.9801 - val_loss: 0.4988 - val_accuracy: 0.9074
Epoch 258/350
391/391 - 25s - loss: 0.1001 - accuracy: 0.9816 - val_loss: 0.4988 - val_accuracy: 0.9076
Epoch 259/350
391/391 - 25s - loss: 0.0999 - accuracy: 0.9810 - val_loss: 0.5004 - val_accuracy: 0.9077
Epoch 260/350
391/391 - 24s - loss: 0.1006 - accuracy: 0.9810 - val_loss: 0.4991 - val_accuracy: 0.9078
Epoch 261/350
391/391 - 25s - loss: 0.1022 - accuracy: 0.9798 - val_loss: 0.5027 - val_accuracy: 0.9079
Epoch 262/350
391/391 - 25s - loss: 0.1034 - accuracy: 0.9798 - val_loss: 0.5034 - val_accuracy: 0.9077
Epoch 263/350
391/391 - 25s - loss: 0.1017 - accuracy: 0.9804 - val_loss: 0.5014 - val_accuracy: 0.9076
Epoch 264/350
391/391 - 25s - loss: 0.1043 - accuracy: 0.9790 - val_loss: 0.5008 - val_accuracy: 0.9087
Epoch 265/350
391/391 - 24s - loss: 0.1030 - accuracy: 0.9797 - val_loss: 0.5000 - val_accuracy: 0.9089
Epoch 266/350
391/391 - 25s - loss: 0.1015 - accuracy: 0.9801 - val_loss: 0.4998 - val_accuracy: 0.9083
Epoch 267/350
391/391 - 24s - loss: 0.1023 - accuracy: 0.9801 - val_loss: 0.4973 - val_accuracy: 0.9087
Epoch 268/350
391/391 - 25s - loss: 0.0983 - accuracy: 0.9810 - val_loss: 0.5018 - val_accuracy: 0.9079
Epoch 269/350
391/391 - 25s - loss: 0.1036 - accuracy: 0.9795 - val_loss: 0.5000 - val_accuracy: 0.9080
Epoch 270/350
391/391 - 24s - loss: 0.1008 - accuracy: 0.9810 - val_loss: 0.4974 - val_accuracy: 0.9086
Epoch 271/350
391/391 - 25s - loss: 0.1027 - accuracy: 0.9798 - val_loss: 0.5010 - val_accuracy: 0.9082
Epoch 272/350
391/391 - 25s - loss: 0.1023 - accuracy: 0.9802 - val_loss: 0.5007 - val_accuracy: 0.9076
Epoch 273/350
391/391 - 25s - loss: 0.1029 - accuracy: 0.9795 - val_loss: 0.4994 - val_accuracy: 0.9076
Epoch 274/350
391/391 - 24s - loss: 0.0994 - accuracy: 0.9808 - val_loss: 0.5020 - val_accuracy: 0.9082
Epoch 275/350
391/391 - 25s - loss: 0.1018 - accuracy: 0.9798 - val_loss: 0.5020 - val_accuracy: 0.9081
Epoch 276/350
391/391 - 25s - loss: 0.1027 - accuracy: 0.9801 - val_loss: 0.5004 - val_accuracy: 0.9073
Epoch 277/350
391/391 - 25s - loss: 0.1017 - accuracy: 0.9806 - val_loss: 0.4996 - val_accuracy: 0.9080
Epoch 278/350
391/391 - 25s - loss: 0.1014 - accuracy: 0.9800 - val_loss: 0.4985 - val_accuracy: 0.9081
Epoch 279/350
391/391 - 25s - loss: 0.1025 - accuracy: 0.9793 - val_loss: 0.5002 - val_accuracy: 0.9082
Epoch 280/350
391/391 - 25s - loss: 0.1027 - accuracy: 0.9797 - val_loss: 0.5019 - val_accuracy: 0.9074
Epoch 281/350
391/391 - 24s - loss: 0.0996 - accuracy: 0.9810 - val_loss: 0.5037 - val_accuracy: 0.9076
Epoch 282/350
391/391 - 25s - loss: 0.1018 - accuracy: 0.9803 - val_loss: 0.5026 - val_accuracy: 0.9079
Epoch 283/350
391/391 - 24s - loss: 0.1026 - accuracy: 0.9797 - val_loss: 0.5011 - val_accuracy: 0.9080
Epoch 284/350
391/391 - 24s - loss: 0.1008 - accuracy: 0.9803 - val_loss: 0.5024 - val_accuracy: 0.9079
Epoch 285/350
391/391 - 25s - loss: 0.1019 - accuracy: 0.9798 - val_loss: 0.5008 - val_accuracy: 0.9081
Epoch 286/350
391/391 - 25s - loss: 0.1025 - accuracy: 0.9797 - val_loss: 0.5008 - val_accuracy: 0.9077
Epoch 287/350
391/391 - 24s - loss: 0.0998 - accuracy: 0.9807 - val_loss: 0.5022 - val_accuracy: 0.9086
Epoch 288/350
391/391 - 25s - loss: 0.1009 - accuracy: 0.9807 - val_loss: 0.5034 - val_accuracy: 0.9077
Epoch 289/350
391/391 - 25s - loss: 0.1006 - accuracy: 0.9808 - val_loss: 0.5029 - val_accuracy: 0.9080
Epoch 290/350
391/391 - 25s - loss: 0.0997 - accuracy: 0.9805 - val_loss: 0.5023 - val_accuracy: 0.9089
Epoch 291/350
391/391 - 25s - loss: 0.1002 - accuracy: 0.9803 - val_loss: 0.5036 - val_accuracy: 0.9086
Epoch 292/350
391/391 - 25s - loss: 0.1010 - accuracy: 0.9811 - val_loss: 0.5026 - val_accuracy: 0.9086
Epoch 293/350
391/391 - 25s - loss: 0.1018 - accuracy: 0.9803 - val_loss: 0.5017 - val_accuracy: 0.9081
Epoch 294/350
391/391 - 25s - loss: 0.0991 - accuracy: 0.9809 - val_loss: 0.4997 - val_accuracy: 0.9082
Epoch 295/350
391/391 - 24s - loss: 0.1027 - accuracy: 0.9798 - val_loss: 0.5015 - val_accuracy: 0.9081
Epoch 296/350
391/391 - 25s - loss: 0.1019 - accuracy: 0.9800 - val_loss: 0.5018 - val_accuracy: 0.9085
Epoch 297/350
391/391 - 25s - loss: 0.0994 - accuracy: 0.9804 - val_loss: 0.5040 - val_accuracy: 0.9075
Epoch 298/350
391/391 - 25s - loss: 0.0988 - accuracy: 0.9815 - val_loss: 0.5050 - val_accuracy: 0.9089
Epoch 299/350
391/391 - 25s - loss: 0.1009 - accuracy: 0.9810 - val_loss: 0.5038 - val_accuracy: 0.9074
Epoch 300/350


Snapshot weight 2 shuffle 0 at epoch 300
Layer 11
Getting activations...


391/391 - 25s - loss: 0.0999 - accuracy: 0.9804 - val_loss: 0.5027 - val_accuracy: 0.9077
Epoch 301/350
391/391 - 25s - loss: 0.1013 - accuracy: 0.9804 - val_loss: 0.5027 - val_accuracy: 0.9079
Epoch 302/350
391/391 - 25s - loss: 0.1000 - accuracy: 0.9811 - val_loss: 0.5022 - val_accuracy: 0.9080
Epoch 303/350
391/391 - 25s - loss: 0.0996 - accuracy: 0.9811 - val_loss: 0.5020 - val_accuracy: 0.9079
Epoch 304/350
391/391 - 25s - loss: 0.1015 - accuracy: 0.9809 - val_loss: 0.5021 - val_accuracy: 0.9081
Epoch 305/350
391/391 - 24s - loss: 0.1002 - accuracy: 0.9806 - val_loss: 0.5019 - val_accuracy: 0.9084
Epoch 306/350
391/391 - 25s - loss: 0.1000 - accuracy: 0.9807 - val_loss: 0.5019 - val_accuracy: 0.9083
Epoch 307/350
391/391 - 24s - loss: 0.1016 - accuracy: 0.9803 - val_loss: 0.5018 - val_accuracy: 0.9082
Epoch 308/350
391/391 - 25s - loss: 0.1006 - accuracy: 0.9805 - val_loss: 0.5017 - val_accuracy: 0.9082
Epoch 309/350
391/391 - 25s - loss: 0.1008 - accuracy: 0.9806 - val_loss: 0.5018 - val_accuracy: 0.9084
Epoch 310/350
391/391 - 24s - loss: 0.1002 - accuracy: 0.9807 - val_loss: 0.5021 - val_accuracy: 0.9083
Epoch 311/350
391/391 - 25s - loss: 0.0993 - accuracy: 0.9815 - val_loss: 0.5022 - val_accuracy: 0.9081
Epoch 312/350
391/391 - 25s - loss: 0.0996 - accuracy: 0.9807 - val_loss: 0.5021 - val_accuracy: 0.9082
Epoch 313/350
391/391 - 25s - loss: 0.1006 - accuracy: 0.9797 - val_loss: 0.5019 - val_accuracy: 0.9081
Epoch 314/350
391/391 - 25s - loss: 0.1017 - accuracy: 0.9805 - val_loss: 0.5017 - val_accuracy: 0.9081
Epoch 315/350
391/391 - 25s - loss: 0.0991 - accuracy: 0.9809 - val_loss: 0.5014 - val_accuracy: 0.9083
Epoch 316/350
391/391 - 25s - loss: 0.1008 - accuracy: 0.9808 - val_loss: 0.5016 - val_accuracy: 0.9088
Epoch 317/350
391/391 - 25s - loss: 0.1026 - accuracy: 0.9798 - val_loss: 0.5017 - val_accuracy: 0.9086
Epoch 318/350
391/391 - 25s - loss: 0.1017 - accuracy: 0.9797 - val_loss: 0.5020 - val_accuracy: 0.9083
Epoch 319/350
391/391 - 24s - loss: 0.1008 - accuracy: 0.9803 - val_loss: 0.5018 - val_accuracy: 0.9080
Epoch 320/350
391/391 - 25s - loss: 0.0985 - accuracy: 0.9810 - val_loss: 0.5019 - val_accuracy: 0.9080
Epoch 321/350
391/391 - 25s - loss: 0.1016 - accuracy: 0.9804 - val_loss: 0.5020 - val_accuracy: 0.9082
Epoch 322/350
391/391 - 25s - loss: 0.0993 - accuracy: 0.9810 - val_loss: 0.5023 - val_accuracy: 0.9082
Epoch 323/350
391/391 - 25s - loss: 0.1004 - accuracy: 0.9803 - val_loss: 0.5027 - val_accuracy: 0.9082
Epoch 324/350
391/391 - 25s - loss: 0.1008 - accuracy: 0.9807 - val_loss: 0.5023 - val_accuracy: 0.9083
Epoch 325/350
391/391 - 25s - loss: 0.0988 - accuracy: 0.9804 - val_loss: 0.5025 - val_accuracy: 0.9083
Epoch 326/350
391/391 - 25s - loss: 0.0993 - accuracy: 0.9811 - val_loss: 0.5027 - val_accuracy: 0.9084
Epoch 327/350
391/391 - 25s - loss: 0.1000 - accuracy: 0.9806 - val_loss: 0.5026 - val_accuracy: 0.9081
Epoch 328/350
391/391 - 25s - loss: 0.0989 - accuracy: 0.9808 - val_loss: 0.5028 - val_accuracy: 0.9080
Epoch 329/350
391/391 - 24s - loss: 0.0992 - accuracy: 0.9809 - val_loss: 0.5030 - val_accuracy: 0.9082
Epoch 330/350
391/391 - 25s - loss: 0.1006 - accuracy: 0.9807 - val_loss: 0.5029 - val_accuracy: 0.9082
Epoch 331/350
391/391 - 24s - loss: 0.1012 - accuracy: 0.9803 - val_loss: 0.5027 - val_accuracy: 0.9084
Epoch 332/350
391/391 - 25s - loss: 0.0984 - accuracy: 0.9814 - val_loss: 0.5027 - val_accuracy: 0.9083
Epoch 333/350
391/391 - 24s - loss: 0.0975 - accuracy: 0.9819 - val_loss: 0.5029 - val_accuracy: 0.9084
Epoch 334/350
391/391 - 25s - loss: 0.0983 - accuracy: 0.9816 - val_loss: 0.5031 - val_accuracy: 0.9080
Epoch 335/350
391/391 - 25s - loss: 0.1018 - accuracy: 0.9798 - val_loss: 0.5030 - val_accuracy: 0.9086
Epoch 336/350
391/391 - 25s - loss: 0.1035 - accuracy: 0.9790 - val_loss: 0.5029 - val_accuracy: 0.9084
Epoch 337/350
391/391 - 24s - loss: 0.1012 - accuracy: 0.9810 - val_loss: 0.5033 - val_accuracy: 0.9085
Epoch 338/350
391/391 - 25s - loss: 0.1007 - accuracy: 0.9801 - val_loss: 0.5031 - val_accuracy: 0.9084
Epoch 339/350
391/391 - 25s - loss: 0.1012 - accuracy: 0.9809 - val_loss: 0.5030 - val_accuracy: 0.9086
Epoch 340/350
391/391 - 24s - loss: 0.1016 - accuracy: 0.9797 - val_loss: 0.5031 - val_accuracy: 0.9085
Epoch 341/350
391/391 - 25s - loss: 0.0998 - accuracy: 0.9803 - val_loss: 0.5030 - val_accuracy: 0.9084
Epoch 342/350
391/391 - 25s - loss: 0.0992 - accuracy: 0.9809 - val_loss: 0.5028 - val_accuracy: 0.9084
Epoch 343/350
391/391 - 24s - loss: 0.0996 - accuracy: 0.9807 - val_loss: 0.5031 - val_accuracy: 0.9086
Epoch 344/350
391/391 - 24s - loss: 0.0993 - accuracy: 0.9815 - val_loss: 0.5030 - val_accuracy: 0.9085
Epoch 345/350
391/391 - 25s - loss: 0.1000 - accuracy: 0.9809 - val_loss: 0.5029 - val_accuracy: 0.9085
Epoch 346/350
391/391 - 25s - loss: 0.0993 - accuracy: 0.9813 - val_loss: 0.5029 - val_accuracy: 0.9084
Epoch 347/350
391/391 - 24s - loss: 0.1018 - accuracy: 0.9807 - val_loss: 0.5026 - val_accuracy: 0.9085
Epoch 348/350
391/391 - 25s - loss: 0.1011 - accuracy: 0.9801 - val_loss: 0.5023 - val_accuracy: 0.9085
Epoch 349/350
391/391 - 25s - loss: 0.1011 - accuracy: 0.9811 - val_loss: 0.5024 - val_accuracy: 0.9086
Epoch 350/350


Snapshot weight 2 shuffle 0 at epoch 350
Layer 11
Getting activations...


391/391 - 25s - loss: 0.1013 - accuracy: 0.9799 - val_loss: 0.5021 - val_accuracy: 0.9087
/usr/local/lib/python3.6/dist-packages/tensorflow/python/autograph/impl/api.py:493: UserWarning: fill_value is not supported and is always 0 for TensorFlow < 2.4.0.
  return py_builtins.overload_of(f)(*args)
WARNING:tensorflow:From /usr/local/lib/python3.6/dist-packages/tensorflow/python/training/tracking/tracking.py:111: Model.state_updates (from tensorflow.python.keras.engine.training) is deprecated and will be removed in a future version.
Instructions for updating:
This property should not be used in TensorFlow 2.0, as updates are applied automatically.
2021-07-01 18:43:56.690859: W tensorflow/python/util/util.cc:348] Sets are not currently considered sequences, but this may change in the future, so consider avoiding using them.
WARNING:tensorflow:From /usr/local/lib/python3.6/dist-packages/tensorflow/python/training/tracking/tracking.py:111: Layer.updates (from tensorflow.python.keras.engine.base_layer) is deprecated and will be removed in a future version.
Instructions for updating:
This property should not be used in TensorFlow 2.0, as updates are applied automatically.
Saving, final validation acc: 0.9086999893188477
