2021-07-02 19:11:36.625058: I tensorflow/stream_executor/platform/default/dso_loader.cc:48] Successfully opened dynamic library libcudart.so.10.1
2021-07-02 19:13:08.286399: I tensorflow/stream_executor/platform/default/dso_loader.cc:48] Successfully opened dynamic library libcuda.so.1
2021-07-02 19:13:08.313332: I tensorflow/core/common_runtime/gpu/gpu_device.cc:1716] Found device 0 with properties: 
pciBusID: 0000:02:00.0 name: NVIDIA TITAN X (Pascal) computeCapability: 6.1
coreClock: 1.531GHz coreCount: 28 deviceMemorySize: 11.91GiB deviceMemoryBandwidth: 447.48GiB/s
2021-07-02 19:13:08.313411: I tensorflow/stream_executor/platform/default/dso_loader.cc:48] Successfully opened dynamic library libcudart.so.10.1
2021-07-02 19:13:08.356170: I tensorflow/stream_executor/platform/default/dso_loader.cc:48] Successfully opened dynamic library libcublas.so.10
2021-07-02 19:13:08.377762: I tensorflow/stream_executor/platform/default/dso_loader.cc:48] Successfully opened dynamic library libcufft.so.10
2021-07-02 19:13:08.386458: I tensorflow/stream_executor/platform/default/dso_loader.cc:48] Successfully opened dynamic library libcurand.so.10
2021-07-02 19:13:08.432081: I tensorflow/stream_executor/platform/default/dso_loader.cc:48] Successfully opened dynamic library libcusolver.so.10
2021-07-02 19:13:08.440906: I tensorflow/stream_executor/platform/default/dso_loader.cc:48] Successfully opened dynamic library libcusparse.so.10
2021-07-02 19:13:08.522685: I tensorflow/stream_executor/platform/default/dso_loader.cc:48] Successfully opened dynamic library libcudnn.so.7
2021-07-02 19:13:08.529677: I tensorflow/core/common_runtime/gpu/gpu_device.cc:1858] Adding visible gpu devices: 0
2021-07-02 19:13:08.533443: I tensorflow/core/platform/cpu_feature_guard.cc:142] This TensorFlow binary is optimized with oneAPI Deep Neural Network Library (oneDNN)to use the following CPU instructions in performance-critical operations:  AVX2 FMA
To enable them in other operations, rebuild TensorFlow with the appropriate compiler flags.
2021-07-02 19:13:08.550177: I tensorflow/core/platform/profile_utils/cpu_utils.cc:104] CPU Frequency: 2600150000 Hz
2021-07-02 19:13:08.550295: I tensorflow/compiler/xla/service/service.cc:168] XLA service 0x3d83c80 initialized for platform Host (this does not guarantee that XLA will be used). Devices:
2021-07-02 19:13:08.550315: I tensorflow/compiler/xla/service/service.cc:176]   StreamExecutor device (0): Host, Default Version
2021-07-02 19:13:08.679304: I tensorflow/compiler/xla/service/service.cc:168] XLA service 0x3d64e90 initialized for platform CUDA (this does not guarantee that XLA will be used). Devices:
2021-07-02 19:13:08.679366: I tensorflow/compiler/xla/service/service.cc:176]   StreamExecutor device (0): NVIDIA TITAN X (Pascal), Compute Capability 6.1
2021-07-02 19:13:08.683203: I tensorflow/core/common_runtime/gpu/gpu_device.cc:1716] Found device 0 with properties: 
pciBusID: 0000:02:00.0 name: NVIDIA TITAN X (Pascal) computeCapability: 6.1
coreClock: 1.531GHz coreCount: 28 deviceMemorySize: 11.91GiB deviceMemoryBandwidth: 447.48GiB/s
2021-07-02 19:13:08.683244: I tensorflow/stream_executor/platform/default/dso_loader.cc:48] Successfully opened dynamic library libcudart.so.10.1
2021-07-02 19:13:08.683274: I tensorflow/stream_executor/platform/default/dso_loader.cc:48] Successfully opened dynamic library libcublas.so.10
2021-07-02 19:13:08.683294: I tensorflow/stream_executor/platform/default/dso_loader.cc:48] Successfully opened dynamic library libcufft.so.10
2021-07-02 19:13:08.683311: I tensorflow/stream_executor/platform/default/dso_loader.cc:48] Successfully opened dynamic library libcurand.so.10
2021-07-02 19:13:08.683327: I tensorflow/stream_executor/platform/default/dso_loader.cc:48] Successfully opened dynamic library libcusolver.so.10
2021-07-02 19:13:08.683345: I tensorflow/stream_executor/platform/default/dso_loader.cc:48] Successfully opened dynamic library libcusparse.so.10
2021-07-02 19:13:08.684743: I tensorflow/stream_executor/platform/default/dso_loader.cc:48] Successfully opened dynamic library libcudnn.so.7
2021-07-02 19:13:08.689032: I tensorflow/core/common_runtime/gpu/gpu_device.cc:1858] Adding visible gpu devices: 0
2021-07-02 19:13:08.690840: I tensorflow/stream_executor/platform/default/dso_loader.cc:48] Successfully opened dynamic library libcudart.so.10.1
2021-07-02 19:13:10.510738: I tensorflow/core/common_runtime/gpu/gpu_device.cc:1257] Device interconnect StreamExecutor with strength 1 edge matrix:
2021-07-02 19:13:10.510813: I tensorflow/core/common_runtime/gpu/gpu_device.cc:1263]      0 
2021-07-02 19:13:10.510826: I tensorflow/core/common_runtime/gpu/gpu_device.cc:1276] 0:   N 
2021-07-02 19:13:10.517667: I tensorflow/core/common_runtime/gpu/gpu_device.cc:1402] Created TensorFlow device (/job:localhost/replica:0/task:0/device:GPU:0 with 11228 MB memory) -> physical GPU (device: 0, name: NVIDIA TITAN X (Pascal), pci bus id: 0000:02:00.0, compute capability: 6.1)
2021-07-02 19:13:16.281622: I tensorflow/stream_executor/platform/default/dso_loader.cc:48] Successfully opened dynamic library libcudnn.so.7
2021-07-02 19:13:18.838251: I tensorflow/stream_executor/platform/default/dso_loader.cc:48] Successfully opened dynamic library libcublas.so.10
/usr/local/lib/python3.6/dist-packages/tensorflow/python/autograph/impl/api.py:493: UserWarning: fill_value is not supported and is always 0 for TensorFlow < 2.4.0.
  return py_builtins.overload_of(f)(*args)
WARNING:tensorflow:Callbacks method `on_train_batch_end` is slow compared to the batch time (batch time: 0.0226s vs `on_train_batch_end` time: 0.0383s). Check your callbacks.
Using model index: 92
Making train data...
GCN...
ZCA...
Done!
Making test data...
Done!
Epoch 1/350


Snapshot weight 2 shuffle 9 at epoch 1
Layer 11
Getting activations...


391/391 - 25s - loss: 2.2982 - accuracy: 0.1328 - val_loss: 2.2354 - val_accuracy: 0.1785
Epoch 2/350


Snapshot weight 2 shuffle 9 at epoch 2
Layer 11
Getting activations...


391/391 - 24s - loss: 2.0395 - accuracy: 0.2624 - val_loss: 1.9010 - val_accuracy: 0.3186
Epoch 3/350


Snapshot weight 2 shuffle 9 at epoch 3
Layer 11
Getting activations...


391/391 - 25s - loss: 1.6744 - accuracy: 0.3959 - val_loss: 1.6378 - val_accuracy: 0.4387
Epoch 4/350


Snapshot weight 2 shuffle 9 at epoch 4
Layer 11
Getting activations...


391/391 - 25s - loss: 1.4778 - accuracy: 0.4759 - val_loss: 1.4475 - val_accuracy: 0.4717
Epoch 5/350


Snapshot weight 2 shuffle 9 at epoch 5
Layer 11
Getting activations...


391/391 - 25s - loss: 1.3198 - accuracy: 0.5358 - val_loss: 1.2023 - val_accuracy: 0.5819
Epoch 6/350


Snapshot weight 2 shuffle 9 at epoch 6
Layer 11
Getting activations...


391/391 - 25s - loss: 1.2261 - accuracy: 0.5708 - val_loss: 1.2329 - val_accuracy: 0.5646
Epoch 7/350


Snapshot weight 2 shuffle 9 at epoch 7
Layer 11
Getting activations...


391/391 - 25s - loss: 1.1520 - accuracy: 0.5974 - val_loss: 1.1065 - val_accuracy: 0.6198
Epoch 8/350


Snapshot weight 2 shuffle 9 at epoch 8
Layer 11
Getting activations...


391/391 - 25s - loss: 1.0785 - accuracy: 0.6234 - val_loss: 1.0995 - val_accuracy: 0.6137
Epoch 9/350


Snapshot weight 2 shuffle 9 at epoch 9
Layer 11
Getting activations...


391/391 - 25s - loss: 1.0420 - accuracy: 0.6356 - val_loss: 1.0251 - val_accuracy: 0.6584
Epoch 10/350


Snapshot weight 2 shuffle 9 at epoch 10
Layer 11
Getting activations...


391/391 - 25s - loss: 1.0039 - accuracy: 0.6514 - val_loss: 0.9749 - val_accuracy: 0.6607
Epoch 11/350
391/391 - 25s - loss: 0.9562 - accuracy: 0.6701 - val_loss: 0.8710 - val_accuracy: 0.7001
Epoch 12/350
391/391 - 24s - loss: 0.9218 - accuracy: 0.6830 - val_loss: 0.8827 - val_accuracy: 0.7045
Epoch 13/350
391/391 - 25s - loss: 0.8853 - accuracy: 0.6957 - val_loss: 0.8852 - val_accuracy: 0.7030
Epoch 14/350
391/391 - 25s - loss: 0.8541 - accuracy: 0.7077 - val_loss: 0.9088 - val_accuracy: 0.6909
Epoch 15/350
391/391 - 25s - loss: 0.8137 - accuracy: 0.7210 - val_loss: 0.7587 - val_accuracy: 0.7512
Epoch 16/350
391/391 - 25s - loss: 0.7850 - accuracy: 0.7341 - val_loss: 0.7728 - val_accuracy: 0.7437
Epoch 17/350
391/391 - 25s - loss: 0.7590 - accuracy: 0.7432 - val_loss: 0.7205 - val_accuracy: 0.7624
Epoch 18/350
391/391 - 25s - loss: 0.7256 - accuracy: 0.7574 - val_loss: 0.7487 - val_accuracy: 0.7603
Epoch 19/350
391/391 - 25s - loss: 0.7073 - accuracy: 0.7633 - val_loss: 0.7005 - val_accuracy: 0.7729
Epoch 20/350
391/391 - 25s - loss: 0.6892 - accuracy: 0.7686 - val_loss: 0.6320 - val_accuracy: 0.7958
Epoch 21/350
391/391 - 25s - loss: 0.6768 - accuracy: 0.7745 - val_loss: 0.6503 - val_accuracy: 0.7879
Epoch 22/350
391/391 - 24s - loss: 0.6531 - accuracy: 0.7810 - val_loss: 0.6106 - val_accuracy: 0.8019
Epoch 23/350
391/391 - 24s - loss: 0.6395 - accuracy: 0.7861 - val_loss: 0.6334 - val_accuracy: 0.7960
Epoch 24/350
391/391 - 25s - loss: 0.6213 - accuracy: 0.7951 - val_loss: 0.5850 - val_accuracy: 0.8086
Epoch 25/350
391/391 - 25s - loss: 0.6082 - accuracy: 0.7978 - val_loss: 0.5821 - val_accuracy: 0.8111
Epoch 26/350
391/391 - 24s - loss: 0.5930 - accuracy: 0.8048 - val_loss: 0.5565 - val_accuracy: 0.8159
Epoch 27/350
391/391 - 24s - loss: 0.5799 - accuracy: 0.8090 - val_loss: 0.5923 - val_accuracy: 0.8087
Epoch 28/350
391/391 - 25s - loss: 0.5698 - accuracy: 0.8116 - val_loss: 0.6081 - val_accuracy: 0.8069
Epoch 29/350
391/391 - 25s - loss: 0.5568 - accuracy: 0.8171 - val_loss: 0.5158 - val_accuracy: 0.8314
Epoch 30/350
391/391 - 25s - loss: 0.5458 - accuracy: 0.8208 - val_loss: 0.5048 - val_accuracy: 0.8360
Epoch 31/350
391/391 - 25s - loss: 0.5260 - accuracy: 0.8281 - val_loss: 0.5036 - val_accuracy: 0.8365
Epoch 32/350
391/391 - 25s - loss: 0.5233 - accuracy: 0.8288 - val_loss: 0.5435 - val_accuracy: 0.8260
Epoch 33/350
391/391 - 25s - loss: 0.5115 - accuracy: 0.8323 - val_loss: 0.5274 - val_accuracy: 0.8331
Epoch 34/350
391/391 - 25s - loss: 0.5134 - accuracy: 0.8318 - val_loss: 0.5091 - val_accuracy: 0.8406
Epoch 35/350
391/391 - 25s - loss: 0.5017 - accuracy: 0.8362 - val_loss: 0.4869 - val_accuracy: 0.8446
Epoch 36/350
391/391 - 25s - loss: 0.4898 - accuracy: 0.8415 - val_loss: 0.5189 - val_accuracy: 0.8432
Epoch 37/350
391/391 - 25s - loss: 0.4857 - accuracy: 0.8404 - val_loss: 0.4972 - val_accuracy: 0.8408
Epoch 38/350
391/391 - 25s - loss: 0.4713 - accuracy: 0.8473 - val_loss: 0.4789 - val_accuracy: 0.8456
Epoch 39/350
391/391 - 25s - loss: 0.4645 - accuracy: 0.8488 - val_loss: 0.4853 - val_accuracy: 0.8481
Epoch 40/350
391/391 - 25s - loss: 0.4573 - accuracy: 0.8516 - val_loss: 0.4833 - val_accuracy: 0.8503
Epoch 41/350
391/391 - 25s - loss: 0.4537 - accuracy: 0.8533 - val_loss: 0.4777 - val_accuracy: 0.8479
Epoch 42/350
391/391 - 24s - loss: 0.4525 - accuracy: 0.8545 - val_loss: 0.4825 - val_accuracy: 0.8477
Epoch 43/350
391/391 - 25s - loss: 0.4385 - accuracy: 0.8577 - val_loss: 0.4606 - val_accuracy: 0.8540
Epoch 44/350
391/391 - 25s - loss: 0.4306 - accuracy: 0.8606 - val_loss: 0.4903 - val_accuracy: 0.8473
Epoch 45/350
391/391 - 24s - loss: 0.4274 - accuracy: 0.8621 - val_loss: 0.4653 - val_accuracy: 0.8557
Epoch 46/350
391/391 - 25s - loss: 0.4217 - accuracy: 0.8637 - val_loss: 0.4665 - val_accuracy: 0.8567
Epoch 47/350
391/391 - 25s - loss: 0.4172 - accuracy: 0.8662 - val_loss: 0.4449 - val_accuracy: 0.8607
Epoch 48/350
391/391 - 24s - loss: 0.4134 - accuracy: 0.8680 - val_loss: 0.4344 - val_accuracy: 0.8652
Epoch 49/350
391/391 - 25s - loss: 0.4033 - accuracy: 0.8701 - val_loss: 0.4552 - val_accuracy: 0.8571
Epoch 50/350


Snapshot weight 2 shuffle 9 at epoch 50
Layer 11
Getting activations...


391/391 - 25s - loss: 0.4027 - accuracy: 0.8711 - val_loss: 0.4386 - val_accuracy: 0.8623
Epoch 51/350
391/391 - 24s - loss: 0.4001 - accuracy: 0.8711 - val_loss: 0.4224 - val_accuracy: 0.8699
Epoch 52/350
391/391 - 25s - loss: 0.3978 - accuracy: 0.8725 - val_loss: 0.4779 - val_accuracy: 0.8600
Epoch 53/350
391/391 - 25s - loss: 0.3899 - accuracy: 0.8761 - val_loss: 0.4226 - val_accuracy: 0.8660
Epoch 54/350
391/391 - 24s - loss: 0.3825 - accuracy: 0.8780 - val_loss: 0.4471 - val_accuracy: 0.8669
Epoch 55/350
391/391 - 25s - loss: 0.3861 - accuracy: 0.8773 - val_loss: 0.4232 - val_accuracy: 0.8698
Epoch 56/350
391/391 - 24s - loss: 0.3737 - accuracy: 0.8811 - val_loss: 0.4212 - val_accuracy: 0.8698
Epoch 57/350
391/391 - 25s - loss: 0.3712 - accuracy: 0.8830 - val_loss: 0.4370 - val_accuracy: 0.8639
Epoch 58/350
391/391 - 24s - loss: 0.3628 - accuracy: 0.8842 - val_loss: 0.4374 - val_accuracy: 0.8662
Epoch 59/350
391/391 - 24s - loss: 0.3609 - accuracy: 0.8841 - val_loss: 0.4602 - val_accuracy: 0.8623
Epoch 60/350
391/391 - 25s - loss: 0.3592 - accuracy: 0.8855 - val_loss: 0.4274 - val_accuracy: 0.8726
Epoch 61/350
391/391 - 25s - loss: 0.3537 - accuracy: 0.8861 - val_loss: 0.4159 - val_accuracy: 0.8764
Epoch 62/350
391/391 - 24s - loss: 0.3507 - accuracy: 0.8897 - val_loss: 0.4506 - val_accuracy: 0.8648
Epoch 63/350
391/391 - 25s - loss: 0.3437 - accuracy: 0.8909 - val_loss: 0.4134 - val_accuracy: 0.8742
Epoch 64/350
391/391 - 25s - loss: 0.3485 - accuracy: 0.8890 - val_loss: 0.4743 - val_accuracy: 0.8655
Epoch 65/350
391/391 - 25s - loss: 0.3376 - accuracy: 0.8922 - val_loss: 0.4260 - val_accuracy: 0.8790
Epoch 66/350
391/391 - 25s - loss: 0.3369 - accuracy: 0.8931 - val_loss: 0.4408 - val_accuracy: 0.8734
Epoch 67/350
391/391 - 25s - loss: 0.3384 - accuracy: 0.8937 - val_loss: 0.4158 - val_accuracy: 0.8805
Epoch 68/350
391/391 - 25s - loss: 0.3298 - accuracy: 0.8965 - val_loss: 0.4379 - val_accuracy: 0.8778
Epoch 69/350
391/391 - 24s - loss: 0.3332 - accuracy: 0.8944 - val_loss: 0.4067 - val_accuracy: 0.8843
Epoch 70/350
391/391 - 24s - loss: 0.3274 - accuracy: 0.8965 - val_loss: 0.4132 - val_accuracy: 0.8784
Epoch 71/350
391/391 - 25s - loss: 0.3181 - accuracy: 0.9004 - val_loss: 0.4252 - val_accuracy: 0.8733
Epoch 72/350
391/391 - 25s - loss: 0.3184 - accuracy: 0.9007 - val_loss: 0.4059 - val_accuracy: 0.8817
Epoch 73/350
391/391 - 24s - loss: 0.3188 - accuracy: 0.9006 - val_loss: 0.3935 - val_accuracy: 0.8856
Epoch 74/350
391/391 - 25s - loss: 0.3070 - accuracy: 0.9045 - val_loss: 0.4332 - val_accuracy: 0.8783
Epoch 75/350
391/391 - 25s - loss: 0.3109 - accuracy: 0.9021 - val_loss: 0.4328 - val_accuracy: 0.8771
Epoch 76/350
391/391 - 24s - loss: 0.3101 - accuracy: 0.9048 - val_loss: 0.4263 - val_accuracy: 0.8800
Epoch 77/350
391/391 - 25s - loss: 0.3057 - accuracy: 0.9049 - val_loss: 0.4243 - val_accuracy: 0.8755
Epoch 78/350
391/391 - 25s - loss: 0.3010 - accuracy: 0.9053 - val_loss: 0.4048 - val_accuracy: 0.8879
Epoch 79/350
391/391 - 25s - loss: 0.2946 - accuracy: 0.9069 - val_loss: 0.4155 - val_accuracy: 0.8844
Epoch 80/350
391/391 - 24s - loss: 0.2993 - accuracy: 0.9084 - val_loss: 0.4125 - val_accuracy: 0.8852
Epoch 81/350
391/391 - 24s - loss: 0.2947 - accuracy: 0.9084 - val_loss: 0.4129 - val_accuracy: 0.8798
Epoch 82/350
391/391 - 25s - loss: 0.2982 - accuracy: 0.9081 - val_loss: 0.4178 - val_accuracy: 0.8830
Epoch 83/350
391/391 - 24s - loss: 0.2904 - accuracy: 0.9098 - val_loss: 0.4301 - val_accuracy: 0.8792
Epoch 84/350
391/391 - 25s - loss: 0.2885 - accuracy: 0.9114 - val_loss: 0.4101 - val_accuracy: 0.8858
Epoch 85/350
391/391 - 24s - loss: 0.2882 - accuracy: 0.9103 - val_loss: 0.4389 - val_accuracy: 0.8781
Epoch 86/350
391/391 - 25s - loss: 0.2749 - accuracy: 0.9149 - val_loss: 0.4357 - val_accuracy: 0.8781
Epoch 87/350
391/391 - 24s - loss: 0.2815 - accuracy: 0.9137 - val_loss: 0.4474 - val_accuracy: 0.8782
Epoch 88/350
391/391 - 24s - loss: 0.2769 - accuracy: 0.9154 - val_loss: 0.3923 - val_accuracy: 0.8913
Epoch 89/350
391/391 - 25s - loss: 0.2753 - accuracy: 0.9154 - val_loss: 0.4157 - val_accuracy: 0.8847
Epoch 90/350
391/391 - 25s - loss: 0.2761 - accuracy: 0.9161 - val_loss: 0.4262 - val_accuracy: 0.8792
Epoch 91/350
391/391 - 24s - loss: 0.2791 - accuracy: 0.9154 - val_loss: 0.3910 - val_accuracy: 0.8890
Epoch 92/350
391/391 - 24s - loss: 0.2698 - accuracy: 0.9181 - val_loss: 0.4043 - val_accuracy: 0.8857
Epoch 93/350
391/391 - 25s - loss: 0.2650 - accuracy: 0.9195 - val_loss: 0.4110 - val_accuracy: 0.8840
Epoch 94/350
391/391 - 25s - loss: 0.2641 - accuracy: 0.9197 - val_loss: 0.4220 - val_accuracy: 0.8869
Epoch 95/350
391/391 - 24s - loss: 0.2658 - accuracy: 0.9203 - val_loss: 0.4210 - val_accuracy: 0.8868
Epoch 96/350
391/391 - 24s - loss: 0.2626 - accuracy: 0.9205 - val_loss: 0.4083 - val_accuracy: 0.8900
Epoch 97/350
391/391 - 25s - loss: 0.2608 - accuracy: 0.9203 - val_loss: 0.4168 - val_accuracy: 0.8841
Epoch 98/350
391/391 - 24s - loss: 0.2575 - accuracy: 0.9225 - val_loss: 0.4227 - val_accuracy: 0.8876
Epoch 99/350
391/391 - 24s - loss: 0.2547 - accuracy: 0.9229 - val_loss: 0.4043 - val_accuracy: 0.8936
Epoch 100/350


Snapshot weight 2 shuffle 9 at epoch 100
Layer 11
Getting activations...


391/391 - 25s - loss: 0.2564 - accuracy: 0.9229 - val_loss: 0.4303 - val_accuracy: 0.8827
Epoch 101/350
391/391 - 25s - loss: 0.2553 - accuracy: 0.9227 - val_loss: 0.4291 - val_accuracy: 0.8870
Epoch 102/350
391/391 - 24s - loss: 0.2523 - accuracy: 0.9244 - val_loss: 0.4193 - val_accuracy: 0.8873
Epoch 103/350
391/391 - 24s - loss: 0.2499 - accuracy: 0.9251 - val_loss: 0.4160 - val_accuracy: 0.8910
Epoch 104/350
391/391 - 25s - loss: 0.2535 - accuracy: 0.9234 - val_loss: 0.4281 - val_accuracy: 0.8835
Epoch 105/350
391/391 - 24s - loss: 0.2433 - accuracy: 0.9267 - val_loss: 0.4088 - val_accuracy: 0.8905
Epoch 106/350
391/391 - 24s - loss: 0.2449 - accuracy: 0.9254 - val_loss: 0.4615 - val_accuracy: 0.8819
Epoch 107/350
391/391 - 25s - loss: 0.2405 - accuracy: 0.9282 - val_loss: 0.4489 - val_accuracy: 0.8826
Epoch 108/350
391/391 - 25s - loss: 0.2433 - accuracy: 0.9270 - val_loss: 0.4196 - val_accuracy: 0.8900
Epoch 109/350
391/391 - 25s - loss: 0.2364 - accuracy: 0.9293 - val_loss: 0.4062 - val_accuracy: 0.8922
Epoch 110/350
391/391 - 24s - loss: 0.2350 - accuracy: 0.9309 - val_loss: 0.4254 - val_accuracy: 0.8891
Epoch 111/350
391/391 - 25s - loss: 0.2438 - accuracy: 0.9273 - val_loss: 0.4133 - val_accuracy: 0.8926
Epoch 112/350
391/391 - 25s - loss: 0.2372 - accuracy: 0.9302 - val_loss: 0.4234 - val_accuracy: 0.8888
Epoch 113/350
391/391 - 25s - loss: 0.2353 - accuracy: 0.9314 - val_loss: 0.4325 - val_accuracy: 0.8902
Epoch 114/350
391/391 - 25s - loss: 0.2303 - accuracy: 0.9321 - val_loss: 0.4233 - val_accuracy: 0.8907
Epoch 115/350
391/391 - 24s - loss: 0.2305 - accuracy: 0.9317 - val_loss: 0.4322 - val_accuracy: 0.8925
Epoch 116/350
391/391 - 25s - loss: 0.2274 - accuracy: 0.9330 - val_loss: 0.4202 - val_accuracy: 0.8941
Epoch 117/350
391/391 - 25s - loss: 0.2289 - accuracy: 0.9340 - val_loss: 0.4306 - val_accuracy: 0.8931
Epoch 118/350
391/391 - 24s - loss: 0.2273 - accuracy: 0.9333 - val_loss: 0.4279 - val_accuracy: 0.8889
Epoch 119/350
391/391 - 25s - loss: 0.2267 - accuracy: 0.9331 - val_loss: 0.4143 - val_accuracy: 0.8915
Epoch 120/350
391/391 - 24s - loss: 0.2250 - accuracy: 0.9354 - val_loss: 0.4716 - val_accuracy: 0.8792
Epoch 121/350
391/391 - 25s - loss: 0.2254 - accuracy: 0.9341 - val_loss: 0.4301 - val_accuracy: 0.8861
Epoch 122/350
391/391 - 24s - loss: 0.2177 - accuracy: 0.9361 - val_loss: 0.4132 - val_accuracy: 0.8949
Epoch 123/350
391/391 - 25s - loss: 0.2201 - accuracy: 0.9358 - val_loss: 0.4452 - val_accuracy: 0.8900
Epoch 124/350
391/391 - 24s - loss: 0.2225 - accuracy: 0.9358 - val_loss: 0.4715 - val_accuracy: 0.8823
Epoch 125/350
391/391 - 25s - loss: 0.2238 - accuracy: 0.9352 - val_loss: 0.4053 - val_accuracy: 0.8976
Epoch 126/350
391/391 - 24s - loss: 0.2185 - accuracy: 0.9373 - val_loss: 0.4688 - val_accuracy: 0.8857
Epoch 127/350
391/391 - 25s - loss: 0.2219 - accuracy: 0.9374 - val_loss: 0.4113 - val_accuracy: 0.8975
Epoch 128/350
391/391 - 24s - loss: 0.2110 - accuracy: 0.9396 - val_loss: 0.4304 - val_accuracy: 0.8945
Epoch 129/350
391/391 - 25s - loss: 0.2108 - accuracy: 0.9406 - val_loss: 0.4299 - val_accuracy: 0.8935
Epoch 130/350
391/391 - 25s - loss: 0.2107 - accuracy: 0.9401 - val_loss: 0.4471 - val_accuracy: 0.8976
Epoch 131/350
391/391 - 24s - loss: 0.2093 - accuracy: 0.9409 - val_loss: 0.4322 - val_accuracy: 0.8948
Epoch 132/350
391/391 - 24s - loss: 0.2074 - accuracy: 0.9398 - val_loss: 0.4567 - val_accuracy: 0.8863
Epoch 133/350
391/391 - 25s - loss: 0.2039 - accuracy: 0.9418 - val_loss: 0.4614 - val_accuracy: 0.8880
Epoch 134/350
391/391 - 24s - loss: 0.2067 - accuracy: 0.9412 - val_loss: 0.4682 - val_accuracy: 0.8885
Epoch 135/350
391/391 - 25s - loss: 0.2070 - accuracy: 0.9414 - val_loss: 0.4304 - val_accuracy: 0.8976
Epoch 136/350
391/391 - 25s - loss: 0.2077 - accuracy: 0.9421 - val_loss: 0.4208 - val_accuracy: 0.8960
Epoch 137/350
391/391 - 24s - loss: 0.2051 - accuracy: 0.9427 - val_loss: 0.4522 - val_accuracy: 0.8930
Epoch 138/350
391/391 - 25s - loss: 0.2059 - accuracy: 0.9413 - val_loss: 0.4398 - val_accuracy: 0.8982
Epoch 139/350
391/391 - 24s - loss: 0.2079 - accuracy: 0.9407 - val_loss: 0.4164 - val_accuracy: 0.8994
Epoch 140/350
391/391 - 25s - loss: 0.2041 - accuracy: 0.9418 - val_loss: 0.4464 - val_accuracy: 0.8902
Epoch 141/350
391/391 - 24s - loss: 0.2067 - accuracy: 0.9414 - val_loss: 0.4284 - val_accuracy: 0.8998
Epoch 142/350
391/391 - 25s - loss: 0.1998 - accuracy: 0.9438 - val_loss: 0.4360 - val_accuracy: 0.8962
Epoch 143/350
391/391 - 25s - loss: 0.1963 - accuracy: 0.9446 - val_loss: 0.4407 - val_accuracy: 0.8953
Epoch 144/350
391/391 - 24s - loss: 0.1971 - accuracy: 0.9450 - val_loss: 0.4247 - val_accuracy: 0.8952
Epoch 145/350
391/391 - 24s - loss: 0.1995 - accuracy: 0.9440 - val_loss: 0.4464 - val_accuracy: 0.8972
Epoch 146/350
391/391 - 25s - loss: 0.1947 - accuracy: 0.9456 - val_loss: 0.4605 - val_accuracy: 0.8930
Epoch 147/350
391/391 - 24s - loss: 0.1953 - accuracy: 0.9453 - val_loss: 0.4741 - val_accuracy: 0.8926
Epoch 148/350
391/391 - 25s - loss: 0.1912 - accuracy: 0.9462 - val_loss: 0.4263 - val_accuracy: 0.9020
Epoch 149/350
391/391 - 24s - loss: 0.1935 - accuracy: 0.9473 - val_loss: 0.4412 - val_accuracy: 0.8957
Epoch 150/350


Snapshot weight 2 shuffle 9 at epoch 150
Layer 11
Getting activations...


391/391 - 25s - loss: 0.1940 - accuracy: 0.9457 - val_loss: 0.4624 - val_accuracy: 0.8921
Epoch 151/350
391/391 - 24s - loss: 0.1953 - accuracy: 0.9458 - val_loss: 0.4180 - val_accuracy: 0.9003
Epoch 152/350
391/391 - 24s - loss: 0.1926 - accuracy: 0.9472 - val_loss: 0.4247 - val_accuracy: 0.8978
Epoch 153/350
391/391 - 24s - loss: 0.1947 - accuracy: 0.9457 - val_loss: 0.4350 - val_accuracy: 0.8979
Epoch 154/350
391/391 - 24s - loss: 0.1884 - accuracy: 0.9492 - val_loss: 0.4390 - val_accuracy: 0.8940
Epoch 155/350
391/391 - 25s - loss: 0.1895 - accuracy: 0.9482 - val_loss: 0.4494 - val_accuracy: 0.8930
Epoch 156/350
391/391 - 24s - loss: 0.1872 - accuracy: 0.9495 - val_loss: 0.4343 - val_accuracy: 0.9010
Epoch 157/350
391/391 - 25s - loss: 0.1873 - accuracy: 0.9491 - val_loss: 0.4312 - val_accuracy: 0.8982
Epoch 158/350
391/391 - 25s - loss: 0.1891 - accuracy: 0.9497 - val_loss: 0.4142 - val_accuracy: 0.8997
Epoch 159/350
391/391 - 24s - loss: 0.1865 - accuracy: 0.9497 - val_loss: 0.4515 - val_accuracy: 0.8931
Epoch 160/350
391/391 - 25s - loss: 0.1887 - accuracy: 0.9478 - val_loss: 0.4405 - val_accuracy: 0.8966
Epoch 161/350
391/391 - 24s - loss: 0.1861 - accuracy: 0.9497 - val_loss: 0.4183 - val_accuracy: 0.9007
Epoch 162/350
391/391 - 24s - loss: 0.1843 - accuracy: 0.9504 - val_loss: 0.4501 - val_accuracy: 0.8981
Epoch 163/350
391/391 - 24s - loss: 0.1800 - accuracy: 0.9511 - val_loss: 0.4564 - val_accuracy: 0.8980
Epoch 164/350
391/391 - 25s - loss: 0.1825 - accuracy: 0.9513 - val_loss: 0.4604 - val_accuracy: 0.8947
Epoch 165/350
391/391 - 24s - loss: 0.1827 - accuracy: 0.9510 - val_loss: 0.4534 - val_accuracy: 0.9010
Epoch 166/350
391/391 - 25s - loss: 0.1805 - accuracy: 0.9517 - val_loss: 0.4491 - val_accuracy: 0.8972
Epoch 167/350
391/391 - 24s - loss: 0.1790 - accuracy: 0.9519 - val_loss: 0.4364 - val_accuracy: 0.8971
Epoch 168/350
391/391 - 24s - loss: 0.1735 - accuracy: 0.9538 - val_loss: 0.4360 - val_accuracy: 0.8996
Epoch 169/350
391/391 - 24s - loss: 0.1836 - accuracy: 0.9507 - val_loss: 0.4261 - val_accuracy: 0.9009
Epoch 170/350
391/391 - 24s - loss: 0.1768 - accuracy: 0.9523 - val_loss: 0.4403 - val_accuracy: 0.9010
Epoch 171/350
391/391 - 24s - loss: 0.1801 - accuracy: 0.9519 - val_loss: 0.4414 - val_accuracy: 0.8976
Epoch 172/350
391/391 - 25s - loss: 0.1768 - accuracy: 0.9531 - val_loss: 0.4512 - val_accuracy: 0.8980
Epoch 173/350
391/391 - 24s - loss: 0.1762 - accuracy: 0.9531 - val_loss: 0.4797 - val_accuracy: 0.8920
Epoch 174/350
391/391 - 24s - loss: 0.1729 - accuracy: 0.9544 - val_loss: 0.4604 - val_accuracy: 0.9012
Epoch 175/350
391/391 - 24s - loss: 0.1748 - accuracy: 0.9529 - val_loss: 0.4452 - val_accuracy: 0.9030
Epoch 176/350
391/391 - 24s - loss: 0.1758 - accuracy: 0.9539 - val_loss: 0.4267 - val_accuracy: 0.9005
Epoch 177/350
391/391 - 24s - loss: 0.1749 - accuracy: 0.9540 - val_loss: 0.4144 - val_accuracy: 0.9041
Epoch 178/350
391/391 - 24s - loss: 0.1754 - accuracy: 0.9530 - val_loss: 0.4649 - val_accuracy: 0.8922
Epoch 179/350
391/391 - 24s - loss: 0.1757 - accuracy: 0.9531 - val_loss: 0.4599 - val_accuracy: 0.8958
Epoch 180/350
391/391 - 24s - loss: 0.1710 - accuracy: 0.9554 - val_loss: 0.4823 - val_accuracy: 0.8912
Epoch 181/350
391/391 - 25s - loss: 0.1714 - accuracy: 0.9551 - val_loss: 0.4704 - val_accuracy: 0.8972
Epoch 182/350
391/391 - 24s - loss: 0.1739 - accuracy: 0.9547 - val_loss: 0.4573 - val_accuracy: 0.8938
Epoch 183/350
391/391 - 25s - loss: 0.1703 - accuracy: 0.9564 - val_loss: 0.4450 - val_accuracy: 0.9014
Epoch 184/350
391/391 - 25s - loss: 0.1657 - accuracy: 0.9575 - val_loss: 0.4923 - val_accuracy: 0.8959
Epoch 185/350
391/391 - 24s - loss: 0.1708 - accuracy: 0.9559 - val_loss: 0.4692 - val_accuracy: 0.8941
Epoch 186/350
391/391 - 24s - loss: 0.1718 - accuracy: 0.9555 - val_loss: 0.4602 - val_accuracy: 0.9001
Epoch 187/350
391/391 - 25s - loss: 0.1629 - accuracy: 0.9579 - val_loss: 0.4541 - val_accuracy: 0.8979
Epoch 188/350
391/391 - 24s - loss: 0.1680 - accuracy: 0.9568 - val_loss: 0.4696 - val_accuracy: 0.9017
Epoch 189/350
391/391 - 25s - loss: 0.1661 - accuracy: 0.9575 - val_loss: 0.4533 - val_accuracy: 0.9033
Epoch 190/350
391/391 - 24s - loss: 0.1676 - accuracy: 0.9565 - val_loss: 0.4632 - val_accuracy: 0.8957
Epoch 191/350
391/391 - 24s - loss: 0.1703 - accuracy: 0.9562 - val_loss: 0.4504 - val_accuracy: 0.9000
Epoch 192/350
391/391 - 24s - loss: 0.1655 - accuracy: 0.9577 - val_loss: 0.4864 - val_accuracy: 0.8962
Epoch 193/350
391/391 - 24s - loss: 0.1643 - accuracy: 0.9582 - val_loss: 0.4568 - val_accuracy: 0.9044
Epoch 194/350
391/391 - 25s - loss: 0.1668 - accuracy: 0.9574 - val_loss: 0.4443 - val_accuracy: 0.9017
Epoch 195/350
391/391 - 25s - loss: 0.1630 - accuracy: 0.9584 - val_loss: 0.4590 - val_accuracy: 0.9049
Epoch 196/350
391/391 - 24s - loss: 0.1689 - accuracy: 0.9572 - val_loss: 0.4839 - val_accuracy: 0.8998
Epoch 197/350
391/391 - 24s - loss: 0.1619 - accuracy: 0.9597 - val_loss: 0.4620 - val_accuracy: 0.9005
Epoch 198/350
391/391 - 24s - loss: 0.1651 - accuracy: 0.9576 - val_loss: 0.4967 - val_accuracy: 0.8973
Epoch 199/350
391/391 - 24s - loss: 0.1603 - accuracy: 0.9594 - val_loss: 0.4355 - val_accuracy: 0.8960
Epoch 200/350


Snapshot weight 2 shuffle 9 at epoch 200
Layer 11
Getting activations...


391/391 - 25s - loss: 0.1651 - accuracy: 0.9584 - val_loss: 0.4445 - val_accuracy: 0.9037
Epoch 201/350
391/391 - 24s - loss: 0.1333 - accuracy: 0.9690 - val_loss: 0.4418 - val_accuracy: 0.9085
Epoch 202/350
391/391 - 24s - loss: 0.1224 - accuracy: 0.9731 - val_loss: 0.4527 - val_accuracy: 0.9086
Epoch 203/350
391/391 - 24s - loss: 0.1216 - accuracy: 0.9731 - val_loss: 0.4467 - val_accuracy: 0.9107
Epoch 204/350
391/391 - 24s - loss: 0.1179 - accuracy: 0.9738 - val_loss: 0.4497 - val_accuracy: 0.9093
Epoch 205/350
391/391 - 25s - loss: 0.1177 - accuracy: 0.9748 - val_loss: 0.4458 - val_accuracy: 0.9087
Epoch 206/350
391/391 - 24s - loss: 0.1168 - accuracy: 0.9755 - val_loss: 0.4503 - val_accuracy: 0.9107
Epoch 207/350
391/391 - 24s - loss: 0.1153 - accuracy: 0.9757 - val_loss: 0.4500 - val_accuracy: 0.9118
Epoch 208/350
391/391 - 25s - loss: 0.1150 - accuracy: 0.9747 - val_loss: 0.4597 - val_accuracy: 0.9111
Epoch 209/350
391/391 - 24s - loss: 0.1136 - accuracy: 0.9759 - val_loss: 0.4553 - val_accuracy: 0.9094
Epoch 210/350
391/391 - 24s - loss: 0.1138 - accuracy: 0.9760 - val_loss: 0.4586 - val_accuracy: 0.9112
Epoch 211/350
391/391 - 24s - loss: 0.1133 - accuracy: 0.9759 - val_loss: 0.4667 - val_accuracy: 0.9103
Epoch 212/350
391/391 - 24s - loss: 0.1127 - accuracy: 0.9770 - val_loss: 0.4618 - val_accuracy: 0.9082
Epoch 213/350
391/391 - 24s - loss: 0.1152 - accuracy: 0.9748 - val_loss: 0.4585 - val_accuracy: 0.9100
Epoch 214/350
391/391 - 24s - loss: 0.1099 - accuracy: 0.9774 - val_loss: 0.4644 - val_accuracy: 0.9092
Epoch 215/350
391/391 - 24s - loss: 0.1105 - accuracy: 0.9766 - val_loss: 0.4740 - val_accuracy: 0.9095
Epoch 216/350
391/391 - 24s - loss: 0.1085 - accuracy: 0.9778 - val_loss: 0.4683 - val_accuracy: 0.9102
Epoch 217/350
391/391 - 25s - loss: 0.1094 - accuracy: 0.9776 - val_loss: 0.4674 - val_accuracy: 0.9099
Epoch 218/350
391/391 - 24s - loss: 0.1094 - accuracy: 0.9778 - val_loss: 0.4724 - val_accuracy: 0.9092
Epoch 219/350
391/391 - 25s - loss: 0.1083 - accuracy: 0.9783 - val_loss: 0.4766 - val_accuracy: 0.9097
Epoch 220/350
391/391 - 24s - loss: 0.1102 - accuracy: 0.9771 - val_loss: 0.4696 - val_accuracy: 0.9107
Epoch 221/350
391/391 - 24s - loss: 0.1072 - accuracy: 0.9782 - val_loss: 0.4739 - val_accuracy: 0.9111
Epoch 222/350
391/391 - 25s - loss: 0.1050 - accuracy: 0.9790 - val_loss: 0.4752 - val_accuracy: 0.9130
Epoch 223/350
391/391 - 24s - loss: 0.1085 - accuracy: 0.9786 - val_loss: 0.4693 - val_accuracy: 0.9104
Epoch 224/350
391/391 - 24s - loss: 0.1047 - accuracy: 0.9798 - val_loss: 0.4732 - val_accuracy: 0.9112
Epoch 225/350
391/391 - 24s - loss: 0.1077 - accuracy: 0.9779 - val_loss: 0.4730 - val_accuracy: 0.9109
Epoch 226/350
391/391 - 24s - loss: 0.1073 - accuracy: 0.9779 - val_loss: 0.4803 - val_accuracy: 0.9096
Epoch 227/350
391/391 - 24s - loss: 0.1088 - accuracy: 0.9772 - val_loss: 0.4730 - val_accuracy: 0.9112
Epoch 228/350
391/391 - 24s - loss: 0.1066 - accuracy: 0.9793 - val_loss: 0.4763 - val_accuracy: 0.9095
Epoch 229/350
391/391 - 24s - loss: 0.1037 - accuracy: 0.9794 - val_loss: 0.4814 - val_accuracy: 0.9102
Epoch 230/350
391/391 - 25s - loss: 0.1053 - accuracy: 0.9790 - val_loss: 0.4727 - val_accuracy: 0.9107
Epoch 231/350
391/391 - 24s - loss: 0.1074 - accuracy: 0.9783 - val_loss: 0.4820 - val_accuracy: 0.9110
Epoch 232/350
391/391 - 24s - loss: 0.1059 - accuracy: 0.9789 - val_loss: 0.4827 - val_accuracy: 0.9098
Epoch 233/350
391/391 - 24s - loss: 0.1023 - accuracy: 0.9799 - val_loss: 0.4913 - val_accuracy: 0.9099
Epoch 234/350
391/391 - 24s - loss: 0.1035 - accuracy: 0.9801 - val_loss: 0.4757 - val_accuracy: 0.9112
Epoch 235/350
391/391 - 24s - loss: 0.1045 - accuracy: 0.9801 - val_loss: 0.4893 - val_accuracy: 0.9102
Epoch 236/350
391/391 - 24s - loss: 0.1028 - accuracy: 0.9799 - val_loss: 0.4937 - val_accuracy: 0.9092
Epoch 237/350
391/391 - 24s - loss: 0.1050 - accuracy: 0.9800 - val_loss: 0.4923 - val_accuracy: 0.9087
Epoch 238/350
391/391 - 24s - loss: 0.1043 - accuracy: 0.9787 - val_loss: 0.4811 - val_accuracy: 0.9113
Epoch 239/350
391/391 - 24s - loss: 0.1057 - accuracy: 0.9791 - val_loss: 0.4810 - val_accuracy: 0.9107
Epoch 240/350
391/391 - 24s - loss: 0.1052 - accuracy: 0.9789 - val_loss: 0.4924 - val_accuracy: 0.9093
Epoch 241/350
391/391 - 24s - loss: 0.1019 - accuracy: 0.9806 - val_loss: 0.4939 - val_accuracy: 0.9110
Epoch 242/350
391/391 - 25s - loss: 0.1038 - accuracy: 0.9795 - val_loss: 0.4897 - val_accuracy: 0.9100
Epoch 243/350
391/391 - 24s - loss: 0.1037 - accuracy: 0.9789 - val_loss: 0.4880 - val_accuracy: 0.9107
Epoch 244/350
391/391 - 24s - loss: 0.1012 - accuracy: 0.9798 - val_loss: 0.4888 - val_accuracy: 0.9095
Epoch 245/350
391/391 - 24s - loss: 0.1016 - accuracy: 0.9804 - val_loss: 0.4841 - val_accuracy: 0.9099
Epoch 246/350
391/391 - 24s - loss: 0.1020 - accuracy: 0.9801 - val_loss: 0.4813 - val_accuracy: 0.9101
Epoch 247/350
391/391 - 24s - loss: 0.1030 - accuracy: 0.9796 - val_loss: 0.4957 - val_accuracy: 0.9089
Epoch 248/350
391/391 - 24s - loss: 0.1038 - accuracy: 0.9798 - val_loss: 0.4867 - val_accuracy: 0.9105
Epoch 249/350
391/391 - 24s - loss: 0.1036 - accuracy: 0.9784 - val_loss: 0.4949 - val_accuracy: 0.9114
Epoch 250/350


Snapshot weight 2 shuffle 9 at epoch 250
Layer 11
Getting activations...


391/391 - 25s - loss: 0.1008 - accuracy: 0.9809 - val_loss: 0.4999 - val_accuracy: 0.9088
Epoch 251/350
391/391 - 24s - loss: 0.1019 - accuracy: 0.9802 - val_loss: 0.4930 - val_accuracy: 0.9100
Epoch 252/350
391/391 - 24s - loss: 0.0973 - accuracy: 0.9823 - val_loss: 0.4903 - val_accuracy: 0.9107
Epoch 253/350
391/391 - 24s - loss: 0.0998 - accuracy: 0.9807 - val_loss: 0.4890 - val_accuracy: 0.9107
Epoch 254/350
391/391 - 25s - loss: 0.1015 - accuracy: 0.9811 - val_loss: 0.4897 - val_accuracy: 0.9104
Epoch 255/350
391/391 - 24s - loss: 0.0985 - accuracy: 0.9813 - val_loss: 0.4887 - val_accuracy: 0.9104
Epoch 256/350
391/391 - 25s - loss: 0.1009 - accuracy: 0.9808 - val_loss: 0.4880 - val_accuracy: 0.9108
Epoch 257/350
391/391 - 24s - loss: 0.1008 - accuracy: 0.9810 - val_loss: 0.4860 - val_accuracy: 0.9113
Epoch 258/350
391/391 - 24s - loss: 0.0995 - accuracy: 0.9813 - val_loss: 0.4878 - val_accuracy: 0.9111
Epoch 259/350
391/391 - 24s - loss: 0.0947 - accuracy: 0.9832 - val_loss: 0.4890 - val_accuracy: 0.9115
Epoch 260/350
391/391 - 24s - loss: 0.1004 - accuracy: 0.9805 - val_loss: 0.4897 - val_accuracy: 0.9110
Epoch 261/350
391/391 - 25s - loss: 0.0976 - accuracy: 0.9818 - val_loss: 0.4895 - val_accuracy: 0.9109
Epoch 262/350
391/391 - 24s - loss: 0.0991 - accuracy: 0.9818 - val_loss: 0.4910 - val_accuracy: 0.9119
Epoch 263/350
391/391 - 24s - loss: 0.0965 - accuracy: 0.9821 - val_loss: 0.4903 - val_accuracy: 0.9111
Epoch 264/350
391/391 - 24s - loss: 0.1004 - accuracy: 0.9801 - val_loss: 0.4912 - val_accuracy: 0.9104
Epoch 265/350
391/391 - 24s - loss: 0.0971 - accuracy: 0.9824 - val_loss: 0.4902 - val_accuracy: 0.9114
Epoch 266/350
391/391 - 24s - loss: 0.0991 - accuracy: 0.9814 - val_loss: 0.4909 - val_accuracy: 0.9113
Epoch 267/350
391/391 - 24s - loss: 0.0978 - accuracy: 0.9816 - val_loss: 0.4908 - val_accuracy: 0.9126
Epoch 268/350
391/391 - 24s - loss: 0.0985 - accuracy: 0.9819 - val_loss: 0.4911 - val_accuracy: 0.9118
Epoch 269/350
391/391 - 24s - loss: 0.0984 - accuracy: 0.9820 - val_loss: 0.4924 - val_accuracy: 0.9116
Epoch 270/350
391/391 - 24s - loss: 0.0965 - accuracy: 0.9815 - val_loss: 0.4915 - val_accuracy: 0.9114
Epoch 271/350
391/391 - 25s - loss: 0.0970 - accuracy: 0.9820 - val_loss: 0.4913 - val_accuracy: 0.9116
Epoch 272/350
391/391 - 24s - loss: 0.0993 - accuracy: 0.9812 - val_loss: 0.4918 - val_accuracy: 0.9109
Epoch 273/350
391/391 - 24s - loss: 0.0984 - accuracy: 0.9811 - val_loss: 0.4922 - val_accuracy: 0.9111
Epoch 274/350
391/391 - 24s - loss: 0.0960 - accuracy: 0.9822 - val_loss: 0.4926 - val_accuracy: 0.9121
Epoch 275/350
391/391 - 25s - loss: 0.0977 - accuracy: 0.9816 - val_loss: 0.4910 - val_accuracy: 0.9115
Epoch 276/350
391/391 - 24s - loss: 0.0997 - accuracy: 0.9814 - val_loss: 0.4901 - val_accuracy: 0.9123
Epoch 277/350
391/391 - 25s - loss: 0.0988 - accuracy: 0.9814 - val_loss: 0.4891 - val_accuracy: 0.9124
Epoch 278/350
391/391 - 25s - loss: 0.0965 - accuracy: 0.9818 - val_loss: 0.4920 - val_accuracy: 0.9126
Epoch 279/350
391/391 - 24s - loss: 0.0964 - accuracy: 0.9824 - val_loss: 0.4930 - val_accuracy: 0.9125
Epoch 280/350
391/391 - 24s - loss: 0.0988 - accuracy: 0.9814 - val_loss: 0.4927 - val_accuracy: 0.9110
Epoch 281/350
391/391 - 24s - loss: 0.0981 - accuracy: 0.9816 - val_loss: 0.4919 - val_accuracy: 0.9124
Epoch 282/350
391/391 - 24s - loss: 0.0996 - accuracy: 0.9808 - val_loss: 0.4920 - val_accuracy: 0.9117
Epoch 283/350
391/391 - 24s - loss: 0.0965 - accuracy: 0.9821 - val_loss: 0.4917 - val_accuracy: 0.9122
Epoch 284/350
391/391 - 24s - loss: 0.0982 - accuracy: 0.9817 - val_loss: 0.4924 - val_accuracy: 0.9121
Epoch 285/350
391/391 - 24s - loss: 0.0971 - accuracy: 0.9821 - val_loss: 0.4922 - val_accuracy: 0.9134
Epoch 286/350
391/391 - 24s - loss: 0.0964 - accuracy: 0.9818 - val_loss: 0.4930 - val_accuracy: 0.9121
Epoch 287/350
391/391 - 24s - loss: 0.0987 - accuracy: 0.9811 - val_loss: 0.4889 - val_accuracy: 0.9123
Epoch 288/350
391/391 - 24s - loss: 0.0985 - accuracy: 0.9814 - val_loss: 0.4916 - val_accuracy: 0.9128
Epoch 289/350
391/391 - 25s - loss: 0.0956 - accuracy: 0.9824 - val_loss: 0.4920 - val_accuracy: 0.9124
Epoch 290/350
391/391 - 24s - loss: 0.0943 - accuracy: 0.9828 - val_loss: 0.4950 - val_accuracy: 0.9122
Epoch 291/350
391/391 - 24s - loss: 0.0978 - accuracy: 0.9815 - val_loss: 0.4951 - val_accuracy: 0.9122
Epoch 292/350
391/391 - 25s - loss: 0.0965 - accuracy: 0.9817 - val_loss: 0.4946 - val_accuracy: 0.9128
Epoch 293/350
391/391 - 24s - loss: 0.0985 - accuracy: 0.9814 - val_loss: 0.4941 - val_accuracy: 0.9121
Epoch 294/350
391/391 - 24s - loss: 0.0964 - accuracy: 0.9819 - val_loss: 0.4951 - val_accuracy: 0.9122
Epoch 295/350
391/391 - 24s - loss: 0.0958 - accuracy: 0.9824 - val_loss: 0.4973 - val_accuracy: 0.9105
Epoch 296/350
391/391 - 24s - loss: 0.0943 - accuracy: 0.9830 - val_loss: 0.4949 - val_accuracy: 0.9114
Epoch 297/350
391/391 - 24s - loss: 0.0964 - accuracy: 0.9824 - val_loss: 0.4933 - val_accuracy: 0.9129
Epoch 298/350
391/391 - 24s - loss: 0.0987 - accuracy: 0.9812 - val_loss: 0.4933 - val_accuracy: 0.9125
Epoch 299/350
391/391 - 24s - loss: 0.0956 - accuracy: 0.9817 - val_loss: 0.4913 - val_accuracy: 0.9128
Epoch 300/350


Snapshot weight 2 shuffle 9 at epoch 300
Layer 11
Getting activations...


391/391 - 25s - loss: 0.0955 - accuracy: 0.9827 - val_loss: 0.4912 - val_accuracy: 0.9132
Epoch 301/350
391/391 - 24s - loss: 0.0985 - accuracy: 0.9817 - val_loss: 0.4914 - val_accuracy: 0.9132
Epoch 302/350
391/391 - 25s - loss: 0.0991 - accuracy: 0.9805 - val_loss: 0.4916 - val_accuracy: 0.9128
Epoch 303/350
391/391 - 25s - loss: 0.0950 - accuracy: 0.9829 - val_loss: 0.4919 - val_accuracy: 0.9126
Epoch 304/350
391/391 - 24s - loss: 0.0988 - accuracy: 0.9813 - val_loss: 0.4923 - val_accuracy: 0.9128
Epoch 305/350
391/391 - 24s - loss: 0.0952 - accuracy: 0.9825 - val_loss: 0.4924 - val_accuracy: 0.9129
Epoch 306/350
391/391 - 24s - loss: 0.0965 - accuracy: 0.9822 - val_loss: 0.4922 - val_accuracy: 0.9126
Epoch 307/350
391/391 - 24s - loss: 0.0977 - accuracy: 0.9812 - val_loss: 0.4922 - val_accuracy: 0.9128
Epoch 308/350
391/391 - 24s - loss: 0.0995 - accuracy: 0.9811 - val_loss: 0.4919 - val_accuracy: 0.9130
Epoch 309/350
391/391 - 24s - loss: 0.0981 - accuracy: 0.9818 - val_loss: 0.4921 - val_accuracy: 0.9129
Epoch 310/350
391/391 - 24s - loss: 0.0967 - accuracy: 0.9826 - val_loss: 0.4920 - val_accuracy: 0.9131
Epoch 311/350
391/391 - 25s - loss: 0.0975 - accuracy: 0.9821 - val_loss: 0.4921 - val_accuracy: 0.9131
Epoch 312/350
391/391 - 24s - loss: 0.0984 - accuracy: 0.9813 - val_loss: 0.4918 - val_accuracy: 0.9129
Epoch 313/350
391/391 - 25s - loss: 0.0977 - accuracy: 0.9811 - val_loss: 0.4917 - val_accuracy: 0.9127
Epoch 314/350
391/391 - 24s - loss: 0.0990 - accuracy: 0.9816 - val_loss: 0.4917 - val_accuracy: 0.9129
Epoch 315/350
391/391 - 24s - loss: 0.0973 - accuracy: 0.9817 - val_loss: 0.4917 - val_accuracy: 0.9129
Epoch 316/350
391/391 - 25s - loss: 0.0971 - accuracy: 0.9810 - val_loss: 0.4918 - val_accuracy: 0.9130
Epoch 317/350
391/391 - 24s - loss: 0.0959 - accuracy: 0.9823 - val_loss: 0.4921 - val_accuracy: 0.9130
Epoch 318/350
391/391 - 24s - loss: 0.0960 - accuracy: 0.9823 - val_loss: 0.4921 - val_accuracy: 0.9133
Epoch 319/350
391/391 - 24s - loss: 0.0981 - accuracy: 0.9824 - val_loss: 0.4923 - val_accuracy: 0.9127
Epoch 320/350
391/391 - 24s - loss: 0.1002 - accuracy: 0.9804 - val_loss: 0.4923 - val_accuracy: 0.9132
Epoch 321/350
391/391 - 25s - loss: 0.0965 - accuracy: 0.9819 - val_loss: 0.4923 - val_accuracy: 0.9133
Epoch 322/350
391/391 - 24s - loss: 0.0965 - accuracy: 0.9829 - val_loss: 0.4923 - val_accuracy: 0.9131
Epoch 323/350
391/391 - 25s - loss: 0.0952 - accuracy: 0.9829 - val_loss: 0.4925 - val_accuracy: 0.9128
Epoch 324/350
391/391 - 25s - loss: 0.0984 - accuracy: 0.9814 - val_loss: 0.4925 - val_accuracy: 0.9129
Epoch 325/350
391/391 - 24s - loss: 0.0959 - accuracy: 0.9821 - val_loss: 0.4927 - val_accuracy: 0.9129
Epoch 326/350
391/391 - 24s - loss: 0.0956 - accuracy: 0.9823 - val_loss: 0.4925 - val_accuracy: 0.9132
Epoch 327/350
391/391 - 24s - loss: 0.0976 - accuracy: 0.9821 - val_loss: 0.4926 - val_accuracy: 0.9128
Epoch 328/350
391/391 - 24s - loss: 0.0975 - accuracy: 0.9819 - val_loss: 0.4927 - val_accuracy: 0.9130
Epoch 329/350
391/391 - 24s - loss: 0.0957 - accuracy: 0.9821 - val_loss: 0.4929 - val_accuracy: 0.9133
Epoch 330/350
391/391 - 24s - loss: 0.0967 - accuracy: 0.9817 - val_loss: 0.4927 - val_accuracy: 0.9128
Epoch 331/350
391/391 - 25s - loss: 0.0987 - accuracy: 0.9812 - val_loss: 0.4926 - val_accuracy: 0.9128
Epoch 332/350
391/391 - 24s - loss: 0.0956 - accuracy: 0.9820 - val_loss: 0.4926 - val_accuracy: 0.9130
Epoch 333/350
391/391 - 24s - loss: 0.0960 - accuracy: 0.9825 - val_loss: 0.4928 - val_accuracy: 0.9127
Epoch 334/350
391/391 - 25s - loss: 0.0962 - accuracy: 0.9818 - val_loss: 0.4934 - val_accuracy: 0.9125
Epoch 335/350
391/391 - 24s - loss: 0.0978 - accuracy: 0.9814 - val_loss: 0.4935 - val_accuracy: 0.9130
Epoch 336/350
391/391 - 25s - loss: 0.0962 - accuracy: 0.9819 - val_loss: 0.4935 - val_accuracy: 0.9133
Epoch 337/350
391/391 - 24s - loss: 0.0960 - accuracy: 0.9820 - val_loss: 0.4937 - val_accuracy: 0.9132
Epoch 338/350
391/391 - 24s - loss: 0.0953 - accuracy: 0.9825 - val_loss: 0.4938 - val_accuracy: 0.9127
Epoch 339/350
391/391 - 24s - loss: 0.0956 - accuracy: 0.9827 - val_loss: 0.4940 - val_accuracy: 0.9125
Epoch 340/350
391/391 - 25s - loss: 0.0948 - accuracy: 0.9822 - val_loss: 0.4940 - val_accuracy: 0.9125
Epoch 341/350
391/391 - 24s - loss: 0.0974 - accuracy: 0.9814 - val_loss: 0.4938 - val_accuracy: 0.9128
Epoch 342/350
391/391 - 24s - loss: 0.0942 - accuracy: 0.9827 - val_loss: 0.4940 - val_accuracy: 0.9131
Epoch 343/350
391/391 - 24s - loss: 0.0988 - accuracy: 0.9814 - val_loss: 0.4935 - val_accuracy: 0.9130
Epoch 344/350
391/391 - 24s - loss: 0.0973 - accuracy: 0.9818 - val_loss: 0.4935 - val_accuracy: 0.9128
Epoch 345/350
391/391 - 24s - loss: 0.0962 - accuracy: 0.9818 - val_loss: 0.4931 - val_accuracy: 0.9131
Epoch 346/350
391/391 - 25s - loss: 0.0982 - accuracy: 0.9817 - val_loss: 0.4933 - val_accuracy: 0.9130
Epoch 347/350
391/391 - 24s - loss: 0.0953 - accuracy: 0.9829 - val_loss: 0.4932 - val_accuracy: 0.9131
Epoch 348/350
391/391 - 25s - loss: 0.0944 - accuracy: 0.9831 - val_loss: 0.4935 - val_accuracy: 0.9129
Epoch 349/350
391/391 - 24s - loss: 0.0980 - accuracy: 0.9818 - val_loss: 0.4934 - val_accuracy: 0.9127
Epoch 350/350


Snapshot weight 2 shuffle 9 at epoch 350
Layer 11
Getting activations...


391/391 - 25s - loss: 0.0983 - accuracy: 0.9813 - val_loss: 0.4934 - val_accuracy: 0.9126
WARNING:tensorflow:From /usr/local/lib/python3.6/dist-packages/tensorflow/python/training/tracking/tracking.py:111: Model.state_updates (from tensorflow.python.keras.engine.training) is deprecated and will be removed in a future version.
Instructions for updating:
This property should not be used in TensorFlow 2.0, as updates are applied automatically.
2021-07-02 21:42:29.394399: W tensorflow/python/util/util.cc:348] Sets are not currently considered sequences, but this may change in the future, so consider avoiding using them.
WARNING:tensorflow:From /usr/local/lib/python3.6/dist-packages/tensorflow/python/training/tracking/tracking.py:111: Layer.updates (from tensorflow.python.keras.engine.base_layer) is deprecated and will be removed in a future version.
Instructions for updating:
This property should not be used in TensorFlow 2.0, as updates are applied automatically.
Saving, final validation acc: 0.9125999808311462
