2021-07-02 14:30:57.176811: I tensorflow/stream_executor/platform/default/dso_loader.cc:48] Successfully opened dynamic library libcudart.so.10.1
2021-07-02 14:32:24.996888: I tensorflow/stream_executor/platform/default/dso_loader.cc:48] Successfully opened dynamic library libcuda.so.1
2021-07-02 14:32:25.030011: I tensorflow/core/common_runtime/gpu/gpu_device.cc:1716] Found device 0 with properties: 
pciBusID: 0000:02:00.0 name: NVIDIA TITAN Xp computeCapability: 6.1
coreClock: 1.582GHz coreCount: 30 deviceMemorySize: 11.91GiB deviceMemoryBandwidth: 510.07GiB/s
2021-07-02 14:32:25.030146: I tensorflow/stream_executor/platform/default/dso_loader.cc:48] Successfully opened dynamic library libcudart.so.10.1
2021-07-02 14:32:25.071926: I tensorflow/stream_executor/platform/default/dso_loader.cc:48] Successfully opened dynamic library libcublas.so.10
2021-07-02 14:32:25.093315: I tensorflow/stream_executor/platform/default/dso_loader.cc:48] Successfully opened dynamic library libcufft.so.10
2021-07-02 14:32:25.101985: I tensorflow/stream_executor/platform/default/dso_loader.cc:48] Successfully opened dynamic library libcurand.so.10
2021-07-02 14:32:25.147036: I tensorflow/stream_executor/platform/default/dso_loader.cc:48] Successfully opened dynamic library libcusolver.so.10
2021-07-02 14:32:25.155853: I tensorflow/stream_executor/platform/default/dso_loader.cc:48] Successfully opened dynamic library libcusparse.so.10
2021-07-02 14:32:25.237756: I tensorflow/stream_executor/platform/default/dso_loader.cc:48] Successfully opened dynamic library libcudnn.so.7
2021-07-02 14:32:25.239750: I tensorflow/core/common_runtime/gpu/gpu_device.cc:1858] Adding visible gpu devices: 0
2021-07-02 14:32:25.243635: I tensorflow/core/platform/cpu_feature_guard.cc:142] This TensorFlow binary is optimized with oneAPI Deep Neural Network Library (oneDNN)to use the following CPU instructions in performance-critical operations:  AVX2 FMA
To enable them in other operations, rebuild TensorFlow with the appropriate compiler flags.
2021-07-02 14:32:25.260241: I tensorflow/core/platform/profile_utils/cpu_utils.cc:104] CPU Frequency: 2600265000 Hz
2021-07-02 14:32:25.260416: I tensorflow/compiler/xla/service/service.cc:168] XLA service 0x4d29cb0 initialized for platform Host (this does not guarantee that XLA will be used). Devices:
2021-07-02 14:32:25.260436: I tensorflow/compiler/xla/service/service.cc:176]   StreamExecutor device (0): Host, Default Version
2021-07-02 14:32:25.397171: I tensorflow/compiler/xla/service/service.cc:168] XLA service 0x4cb4c90 initialized for platform CUDA (this does not guarantee that XLA will be used). Devices:
2021-07-02 14:32:25.397252: I tensorflow/compiler/xla/service/service.cc:176]   StreamExecutor device (0): NVIDIA TITAN Xp, Compute Capability 6.1
2021-07-02 14:32:25.399947: I tensorflow/core/common_runtime/gpu/gpu_device.cc:1716] Found device 0 with properties: 
pciBusID: 0000:02:00.0 name: NVIDIA TITAN Xp computeCapability: 6.1
coreClock: 1.582GHz coreCount: 30 deviceMemorySize: 11.91GiB deviceMemoryBandwidth: 510.07GiB/s
2021-07-02 14:32:25.400026: I tensorflow/stream_executor/platform/default/dso_loader.cc:48] Successfully opened dynamic library libcudart.so.10.1
2021-07-02 14:32:25.400065: I tensorflow/stream_executor/platform/default/dso_loader.cc:48] Successfully opened dynamic library libcublas.so.10
2021-07-02 14:32:25.400085: I tensorflow/stream_executor/platform/default/dso_loader.cc:48] Successfully opened dynamic library libcufft.so.10
2021-07-02 14:32:25.400103: I tensorflow/stream_executor/platform/default/dso_loader.cc:48] Successfully opened dynamic library libcurand.so.10
2021-07-02 14:32:25.400120: I tensorflow/stream_executor/platform/default/dso_loader.cc:48] Successfully opened dynamic library libcusolver.so.10
2021-07-02 14:32:25.400138: I tensorflow/stream_executor/platform/default/dso_loader.cc:48] Successfully opened dynamic library libcusparse.so.10
2021-07-02 14:32:25.400155: I tensorflow/stream_executor/platform/default/dso_loader.cc:48] Successfully opened dynamic library libcudnn.so.7
2021-07-02 14:32:25.408393: I tensorflow/core/common_runtime/gpu/gpu_device.cc:1858] Adding visible gpu devices: 0
2021-07-02 14:32:25.410365: I tensorflow/stream_executor/platform/default/dso_loader.cc:48] Successfully opened dynamic library libcudart.so.10.1
2021-07-02 14:32:27.272893: I tensorflow/core/common_runtime/gpu/gpu_device.cc:1257] Device interconnect StreamExecutor with strength 1 edge matrix:
2021-07-02 14:32:27.272980: I tensorflow/core/common_runtime/gpu/gpu_device.cc:1263]      0 
2021-07-02 14:32:27.272993: I tensorflow/core/common_runtime/gpu/gpu_device.cc:1276] 0:   N 
2021-07-02 14:32:27.279117: I tensorflow/core/common_runtime/gpu/gpu_device.cc:1402] Created TensorFlow device (/job:localhost/replica:0/task:0/device:GPU:0 with 11218 MB memory) -> physical GPU (device: 0, name: NVIDIA TITAN Xp, pci bus id: 0000:02:00.0, compute capability: 6.1)
2021-07-02 14:32:33.325191: I tensorflow/stream_executor/platform/default/dso_loader.cc:48] Successfully opened dynamic library libcudnn.so.7
2021-07-02 14:32:35.945443: I tensorflow/stream_executor/platform/default/dso_loader.cc:48] Successfully opened dynamic library libcublas.so.10
Using model index: 76
Making train data...
GCN...
ZCA...
Done!
Making test data...
Done!
Epoch 1/350


Snapshot weight 6 shuffle 7 at epoch 1
Layer 11
Getting activations...


391/391 - 24s - loss: 2.3152 - accuracy: 0.1252 - val_loss: 2.5224 - val_accuracy: 0.1074
Epoch 2/350


Snapshot weight 6 shuffle 7 at epoch 2
Layer 11
Getting activations...


391/391 - 23s - loss: 2.2733 - accuracy: 0.1580 - val_loss: 2.2528 - val_accuracy: 0.2275
Epoch 3/350


Snapshot weight 6 shuffle 7 at epoch 3
Layer 11
Getting activations...


391/391 - 23s - loss: 2.0777 - accuracy: 0.2620 - val_loss: 1.8941 - val_accuracy: 0.3166
Epoch 4/350


Snapshot weight 6 shuffle 7 at epoch 4
Layer 11
Getting activations...


391/391 - 23s - loss: 1.8590 - accuracy: 0.3465 - val_loss: 1.8641 - val_accuracy: 0.3570
Epoch 5/350


Snapshot weight 6 shuffle 7 at epoch 5
Layer 11
Getting activations...


391/391 - 23s - loss: 1.5979 - accuracy: 0.4329 - val_loss: 1.3809 - val_accuracy: 0.5231
Epoch 6/350


Snapshot weight 6 shuffle 7 at epoch 6
Layer 11
Getting activations...


391/391 - 23s - loss: 1.3952 - accuracy: 0.5076 - val_loss: 1.2974 - val_accuracy: 0.5367
Epoch 7/350


Snapshot weight 6 shuffle 7 at epoch 7
Layer 11
Getting activations...


391/391 - 23s - loss: 1.2662 - accuracy: 0.5565 - val_loss: 1.1590 - val_accuracy: 0.5970
Epoch 8/350


Snapshot weight 6 shuffle 7 at epoch 8
Layer 11
Getting activations...


391/391 - 24s - loss: 1.1910 - accuracy: 0.5839 - val_loss: 1.2856 - val_accuracy: 0.5496
Epoch 9/350


Snapshot weight 6 shuffle 7 at epoch 9
Layer 11
Getting activations...


391/391 - 23s - loss: 1.1174 - accuracy: 0.6099 - val_loss: 1.0274 - val_accuracy: 0.6485
Epoch 10/350


Snapshot weight 6 shuffle 7 at epoch 10
Layer 11
Getting activations...


391/391 - 23s - loss: 1.0537 - accuracy: 0.6339 - val_loss: 1.0123 - val_accuracy: 0.6561
Epoch 11/350
391/391 - 23s - loss: 1.0059 - accuracy: 0.6528 - val_loss: 0.9851 - val_accuracy: 0.6623
Epoch 12/350
391/391 - 23s - loss: 0.9638 - accuracy: 0.6670 - val_loss: 0.9197 - val_accuracy: 0.6876
Epoch 13/350
391/391 - 23s - loss: 0.9202 - accuracy: 0.6839 - val_loss: 0.8336 - val_accuracy: 0.7137
Epoch 14/350
391/391 - 23s - loss: 0.8768 - accuracy: 0.6990 - val_loss: 0.9247 - val_accuracy: 0.6945
Epoch 15/350
391/391 - 23s - loss: 0.8520 - accuracy: 0.7089 - val_loss: 0.7407 - val_accuracy: 0.7506
Epoch 16/350
391/391 - 23s - loss: 0.8187 - accuracy: 0.7206 - val_loss: 0.7987 - val_accuracy: 0.7376
Epoch 17/350
391/391 - 23s - loss: 0.7906 - accuracy: 0.7326 - val_loss: 0.7088 - val_accuracy: 0.7617
Epoch 18/350
391/391 - 23s - loss: 0.7617 - accuracy: 0.7427 - val_loss: 0.6925 - val_accuracy: 0.7711
Epoch 19/350
391/391 - 23s - loss: 0.7331 - accuracy: 0.7528 - val_loss: 0.7374 - val_accuracy: 0.7617
Epoch 20/350
391/391 - 23s - loss: 0.7124 - accuracy: 0.7604 - val_loss: 0.6374 - val_accuracy: 0.7862
Epoch 21/350
391/391 - 23s - loss: 0.6873 - accuracy: 0.7713 - val_loss: 0.6841 - val_accuracy: 0.7847
Epoch 22/350
391/391 - 23s - loss: 0.6680 - accuracy: 0.7756 - val_loss: 0.5993 - val_accuracy: 0.8008
Epoch 23/350
391/391 - 24s - loss: 0.6634 - accuracy: 0.7790 - val_loss: 0.6114 - val_accuracy: 0.7988
Epoch 24/350
391/391 - 23s - loss: 0.6419 - accuracy: 0.7859 - val_loss: 0.6330 - val_accuracy: 0.7965
Epoch 25/350
391/391 - 23s - loss: 0.6227 - accuracy: 0.7928 - val_loss: 0.6287 - val_accuracy: 0.7949
Epoch 26/350
391/391 - 23s - loss: 0.6109 - accuracy: 0.7969 - val_loss: 0.6428 - val_accuracy: 0.7867
Epoch 27/350
391/391 - 23s - loss: 0.5922 - accuracy: 0.8052 - val_loss: 0.5896 - val_accuracy: 0.8118
Epoch 28/350
391/391 - 23s - loss: 0.5793 - accuracy: 0.8085 - val_loss: 0.5676 - val_accuracy: 0.8196
Epoch 29/350
391/391 - 23s - loss: 0.5677 - accuracy: 0.8120 - val_loss: 0.5513 - val_accuracy: 0.8213
Epoch 30/350
391/391 - 23s - loss: 0.5541 - accuracy: 0.8188 - val_loss: 0.5603 - val_accuracy: 0.8221
Epoch 31/350
391/391 - 23s - loss: 0.5461 - accuracy: 0.8189 - val_loss: 0.6320 - val_accuracy: 0.8081
Epoch 32/350
391/391 - 23s - loss: 0.5393 - accuracy: 0.8224 - val_loss: 0.5281 - val_accuracy: 0.8309
Epoch 33/350
391/391 - 23s - loss: 0.5273 - accuracy: 0.8271 - val_loss: 0.6033 - val_accuracy: 0.8110
Epoch 34/350
391/391 - 23s - loss: 0.5146 - accuracy: 0.8302 - val_loss: 0.5188 - val_accuracy: 0.8372
Epoch 35/350
391/391 - 23s - loss: 0.5038 - accuracy: 0.8353 - val_loss: 0.5221 - val_accuracy: 0.8337
Epoch 36/350
391/391 - 23s - loss: 0.4937 - accuracy: 0.8375 - val_loss: 0.5310 - val_accuracy: 0.8272
Epoch 37/350
391/391 - 23s - loss: 0.4964 - accuracy: 0.8365 - val_loss: 0.5584 - val_accuracy: 0.8258
Epoch 38/350
391/391 - 23s - loss: 0.4872 - accuracy: 0.8406 - val_loss: 0.5271 - val_accuracy: 0.8382
Epoch 39/350
391/391 - 23s - loss: 0.4739 - accuracy: 0.8465 - val_loss: 0.5231 - val_accuracy: 0.8398
Epoch 40/350
391/391 - 23s - loss: 0.4705 - accuracy: 0.8458 - val_loss: 0.4677 - val_accuracy: 0.8541
Epoch 41/350
391/391 - 23s - loss: 0.4644 - accuracy: 0.8485 - val_loss: 0.4758 - val_accuracy: 0.8515
Epoch 42/350
391/391 - 23s - loss: 0.4589 - accuracy: 0.8515 - val_loss: 0.5092 - val_accuracy: 0.8497
Epoch 43/350
391/391 - 23s - loss: 0.4507 - accuracy: 0.8529 - val_loss: 0.4788 - val_accuracy: 0.8503
Epoch 44/350
391/391 - 23s - loss: 0.4463 - accuracy: 0.8555 - val_loss: 0.4746 - val_accuracy: 0.8546
Epoch 45/350
391/391 - 24s - loss: 0.4358 - accuracy: 0.8581 - val_loss: 0.5035 - val_accuracy: 0.8395
Epoch 46/350
391/391 - 23s - loss: 0.4342 - accuracy: 0.8615 - val_loss: 0.5024 - val_accuracy: 0.8480
Epoch 47/350
391/391 - 23s - loss: 0.4235 - accuracy: 0.8604 - val_loss: 0.4687 - val_accuracy: 0.8556
Epoch 48/350
391/391 - 23s - loss: 0.4183 - accuracy: 0.8651 - val_loss: 0.4973 - val_accuracy: 0.8519
Epoch 49/350
391/391 - 23s - loss: 0.4141 - accuracy: 0.8668 - val_loss: 0.4545 - val_accuracy: 0.8623
Epoch 50/350


Snapshot weight 6 shuffle 7 at epoch 50
Layer 11
Getting activations...


391/391 - 24s - loss: 0.4090 - accuracy: 0.8673 - val_loss: 0.4456 - val_accuracy: 0.8625
Epoch 51/350
391/391 - 23s - loss: 0.3979 - accuracy: 0.8717 - val_loss: 0.4428 - val_accuracy: 0.8626
Epoch 52/350
391/391 - 23s - loss: 0.3979 - accuracy: 0.8722 - val_loss: 0.4567 - val_accuracy: 0.8628
Epoch 53/350
391/391 - 23s - loss: 0.3956 - accuracy: 0.8732 - val_loss: 0.4570 - val_accuracy: 0.8647
Epoch 54/350
391/391 - 23s - loss: 0.3860 - accuracy: 0.8761 - val_loss: 0.4361 - val_accuracy: 0.8676
Epoch 55/350
391/391 - 23s - loss: 0.3863 - accuracy: 0.8762 - val_loss: 0.4378 - val_accuracy: 0.8704
Epoch 56/350
391/391 - 23s - loss: 0.3764 - accuracy: 0.8788 - val_loss: 0.4634 - val_accuracy: 0.8599
Epoch 57/350
391/391 - 23s - loss: 0.3746 - accuracy: 0.8806 - val_loss: 0.4339 - val_accuracy: 0.8686
Epoch 58/350
391/391 - 23s - loss: 0.3729 - accuracy: 0.8818 - val_loss: 0.4343 - val_accuracy: 0.8722
Epoch 59/350
391/391 - 23s - loss: 0.3701 - accuracy: 0.8828 - val_loss: 0.4754 - val_accuracy: 0.8616
Epoch 60/350
391/391 - 23s - loss: 0.3663 - accuracy: 0.8829 - val_loss: 0.4345 - val_accuracy: 0.8677
Epoch 61/350
391/391 - 23s - loss: 0.3643 - accuracy: 0.8841 - val_loss: 0.4562 - val_accuracy: 0.8690
Epoch 62/350
391/391 - 23s - loss: 0.3578 - accuracy: 0.8860 - val_loss: 0.4292 - val_accuracy: 0.8746
Epoch 63/350
391/391 - 23s - loss: 0.3568 - accuracy: 0.8840 - val_loss: 0.4403 - val_accuracy: 0.8696
Epoch 64/350
391/391 - 23s - loss: 0.3518 - accuracy: 0.8890 - val_loss: 0.4433 - val_accuracy: 0.8639
Epoch 65/350
391/391 - 23s - loss: 0.3460 - accuracy: 0.8901 - val_loss: 0.4405 - val_accuracy: 0.8734
Epoch 66/350
391/391 - 23s - loss: 0.3443 - accuracy: 0.8898 - val_loss: 0.4493 - val_accuracy: 0.8702
Epoch 67/350
391/391 - 23s - loss: 0.3327 - accuracy: 0.8942 - val_loss: 0.4110 - val_accuracy: 0.8801
Epoch 68/350
391/391 - 23s - loss: 0.3290 - accuracy: 0.8970 - val_loss: 0.4639 - val_accuracy: 0.8696
Epoch 69/350
391/391 - 23s - loss: 0.3375 - accuracy: 0.8915 - val_loss: 0.4606 - val_accuracy: 0.8719
Epoch 70/350
391/391 - 23s - loss: 0.3317 - accuracy: 0.8960 - val_loss: 0.4518 - val_accuracy: 0.8714
Epoch 71/350
391/391 - 24s - loss: 0.3246 - accuracy: 0.8967 - val_loss: 0.4408 - val_accuracy: 0.8729
Epoch 72/350
391/391 - 23s - loss: 0.3269 - accuracy: 0.8964 - val_loss: 0.4629 - val_accuracy: 0.8679
Epoch 73/350
391/391 - 23s - loss: 0.3168 - accuracy: 0.8993 - val_loss: 0.4123 - val_accuracy: 0.8790
Epoch 74/350
391/391 - 23s - loss: 0.3142 - accuracy: 0.9011 - val_loss: 0.4071 - val_accuracy: 0.8818
Epoch 75/350
391/391 - 23s - loss: 0.3153 - accuracy: 0.9021 - val_loss: 0.4568 - val_accuracy: 0.8740
Epoch 76/350
391/391 - 23s - loss: 0.3088 - accuracy: 0.9039 - val_loss: 0.4313 - val_accuracy: 0.8830
Epoch 77/350
391/391 - 23s - loss: 0.3030 - accuracy: 0.9058 - val_loss: 0.4581 - val_accuracy: 0.8680
Epoch 78/350
391/391 - 23s - loss: 0.3049 - accuracy: 0.9048 - val_loss: 0.4394 - val_accuracy: 0.8761
Epoch 79/350
391/391 - 23s - loss: 0.3093 - accuracy: 0.9034 - val_loss: 0.4598 - val_accuracy: 0.8726
Epoch 80/350
391/391 - 23s - loss: 0.2993 - accuracy: 0.9074 - val_loss: 0.4137 - val_accuracy: 0.8830
Epoch 81/350
391/391 - 23s - loss: 0.3013 - accuracy: 0.9068 - val_loss: 0.4626 - val_accuracy: 0.8763
Epoch 82/350
391/391 - 23s - loss: 0.2943 - accuracy: 0.9090 - val_loss: 0.4462 - val_accuracy: 0.8722
Epoch 83/350
391/391 - 23s - loss: 0.2956 - accuracy: 0.9086 - val_loss: 0.4093 - val_accuracy: 0.8838
Epoch 84/350
391/391 - 23s - loss: 0.2947 - accuracy: 0.9085 - val_loss: 0.4439 - val_accuracy: 0.8754
Epoch 85/350
391/391 - 23s - loss: 0.2911 - accuracy: 0.9098 - val_loss: 0.4317 - val_accuracy: 0.8760
Epoch 86/350
391/391 - 23s - loss: 0.2859 - accuracy: 0.9126 - val_loss: 0.4047 - val_accuracy: 0.8852
Epoch 87/350
391/391 - 23s - loss: 0.2760 - accuracy: 0.9161 - val_loss: 0.4374 - val_accuracy: 0.8769
Epoch 88/350
391/391 - 23s - loss: 0.2799 - accuracy: 0.9144 - val_loss: 0.4519 - val_accuracy: 0.8778
Epoch 89/350
391/391 - 23s - loss: 0.2823 - accuracy: 0.9127 - val_loss: 0.4581 - val_accuracy: 0.8726
Epoch 90/350
391/391 - 23s - loss: 0.2773 - accuracy: 0.9153 - val_loss: 0.4361 - val_accuracy: 0.8789
Epoch 91/350
391/391 - 23s - loss: 0.2748 - accuracy: 0.9166 - val_loss: 0.4232 - val_accuracy: 0.8861
Epoch 92/350
391/391 - 23s - loss: 0.2729 - accuracy: 0.9172 - val_loss: 0.4314 - val_accuracy: 0.8813
Epoch 93/350
391/391 - 23s - loss: 0.2720 - accuracy: 0.9173 - val_loss: 0.4067 - val_accuracy: 0.8844
Epoch 94/350
391/391 - 23s - loss: 0.2693 - accuracy: 0.9172 - val_loss: 0.4329 - val_accuracy: 0.8848
Epoch 95/350
391/391 - 23s - loss: 0.2669 - accuracy: 0.9181 - val_loss: 0.4515 - val_accuracy: 0.8778
Epoch 96/350
391/391 - 23s - loss: 0.2645 - accuracy: 0.9186 - val_loss: 0.4505 - val_accuracy: 0.8768
Epoch 97/350
391/391 - 23s - loss: 0.2612 - accuracy: 0.9211 - val_loss: 0.4572 - val_accuracy: 0.8786
Epoch 98/350
391/391 - 23s - loss: 0.2638 - accuracy: 0.9190 - val_loss: 0.4281 - val_accuracy: 0.8837
Epoch 99/350
391/391 - 23s - loss: 0.2639 - accuracy: 0.9198 - val_loss: 0.4191 - val_accuracy: 0.8861
Epoch 100/350


Snapshot weight 6 shuffle 7 at epoch 100
Layer 11
Getting activations...


391/391 - 23s - loss: 0.2598 - accuracy: 0.9215 - val_loss: 0.4404 - val_accuracy: 0.8826
Epoch 101/350
391/391 - 23s - loss: 0.2550 - accuracy: 0.9226 - val_loss: 0.4427 - val_accuracy: 0.8874
Epoch 102/350
391/391 - 23s - loss: 0.2582 - accuracy: 0.9219 - val_loss: 0.4180 - val_accuracy: 0.8844
Epoch 103/350
391/391 - 23s - loss: 0.2576 - accuracy: 0.9223 - val_loss: 0.4151 - val_accuracy: 0.8888
Epoch 104/350
391/391 - 23s - loss: 0.2499 - accuracy: 0.9258 - val_loss: 0.4411 - val_accuracy: 0.8771
Epoch 105/350
391/391 - 23s - loss: 0.2525 - accuracy: 0.9244 - val_loss: 0.4426 - val_accuracy: 0.8815
Epoch 106/350
391/391 - 23s - loss: 0.2505 - accuracy: 0.9243 - val_loss: 0.4367 - val_accuracy: 0.8814
Epoch 107/350
391/391 - 23s - loss: 0.2473 - accuracy: 0.9250 - val_loss: 0.4109 - val_accuracy: 0.8866
Epoch 108/350
391/391 - 23s - loss: 0.2467 - accuracy: 0.9262 - val_loss: 0.4474 - val_accuracy: 0.8851
Epoch 109/350
391/391 - 23s - loss: 0.2407 - accuracy: 0.9287 - val_loss: 0.4487 - val_accuracy: 0.8810
Epoch 110/350
391/391 - 23s - loss: 0.2373 - accuracy: 0.9294 - val_loss: 0.4394 - val_accuracy: 0.8879
Epoch 111/350
391/391 - 23s - loss: 0.2389 - accuracy: 0.9289 - val_loss: 0.4519 - val_accuracy: 0.8813
Epoch 112/350
391/391 - 23s - loss: 0.2433 - accuracy: 0.9276 - val_loss: 0.4230 - val_accuracy: 0.8876
Epoch 113/350
391/391 - 23s - loss: 0.2340 - accuracy: 0.9310 - val_loss: 0.4471 - val_accuracy: 0.8867
Epoch 114/350
391/391 - 23s - loss: 0.2349 - accuracy: 0.9313 - val_loss: 0.4470 - val_accuracy: 0.8851
Epoch 115/350
391/391 - 23s - loss: 0.2358 - accuracy: 0.9309 - val_loss: 0.4198 - val_accuracy: 0.8880
Epoch 116/350
391/391 - 23s - loss: 0.2323 - accuracy: 0.9308 - val_loss: 0.4644 - val_accuracy: 0.8782
Epoch 117/350
391/391 - 23s - loss: 0.2334 - accuracy: 0.9320 - val_loss: 0.4350 - val_accuracy: 0.8888
Epoch 118/350
391/391 - 23s - loss: 0.2336 - accuracy: 0.9305 - val_loss: 0.4446 - val_accuracy: 0.8849
Epoch 119/350
391/391 - 23s - loss: 0.2296 - accuracy: 0.9325 - val_loss: 0.4161 - val_accuracy: 0.8941
Epoch 120/350
391/391 - 23s - loss: 0.2255 - accuracy: 0.9332 - val_loss: 0.4557 - val_accuracy: 0.8830
Epoch 121/350
391/391 - 23s - loss: 0.2250 - accuracy: 0.9339 - val_loss: 0.4242 - val_accuracy: 0.8884
Epoch 122/350
391/391 - 23s - loss: 0.2279 - accuracy: 0.9326 - val_loss: 0.4707 - val_accuracy: 0.8852
Epoch 123/350
391/391 - 23s - loss: 0.2265 - accuracy: 0.9331 - val_loss: 0.4893 - val_accuracy: 0.8796
Epoch 124/350
391/391 - 23s - loss: 0.2225 - accuracy: 0.9348 - val_loss: 0.4680 - val_accuracy: 0.8841
Epoch 125/350
391/391 - 23s - loss: 0.2203 - accuracy: 0.9355 - val_loss: 0.4528 - val_accuracy: 0.8827
Epoch 126/350
391/391 - 23s - loss: 0.2211 - accuracy: 0.9352 - val_loss: 0.4402 - val_accuracy: 0.8907
Epoch 127/350
391/391 - 23s - loss: 0.2202 - accuracy: 0.9374 - val_loss: 0.4443 - val_accuracy: 0.8890
Epoch 128/350
391/391 - 23s - loss: 0.2200 - accuracy: 0.9358 - val_loss: 0.4171 - val_accuracy: 0.8947
Epoch 129/350
391/391 - 23s - loss: 0.2170 - accuracy: 0.9369 - val_loss: 0.4416 - val_accuracy: 0.8897
Epoch 130/350
391/391 - 23s - loss: 0.2161 - accuracy: 0.9381 - val_loss: 0.4618 - val_accuracy: 0.8868
Epoch 131/350
391/391 - 23s - loss: 0.2182 - accuracy: 0.9367 - val_loss: 0.4266 - val_accuracy: 0.8883
Epoch 132/350
391/391 - 23s - loss: 0.2165 - accuracy: 0.9377 - val_loss: 0.4133 - val_accuracy: 0.8912
Epoch 133/350
391/391 - 23s - loss: 0.2096 - accuracy: 0.9399 - val_loss: 0.4293 - val_accuracy: 0.8910
Epoch 134/350
391/391 - 23s - loss: 0.2091 - accuracy: 0.9404 - val_loss: 0.4489 - val_accuracy: 0.8909
Epoch 135/350
391/391 - 23s - loss: 0.2105 - accuracy: 0.9394 - val_loss: 0.4529 - val_accuracy: 0.8897
Epoch 136/350
391/391 - 23s - loss: 0.2122 - accuracy: 0.9388 - val_loss: 0.4445 - val_accuracy: 0.8902
Epoch 137/350
391/391 - 23s - loss: 0.2091 - accuracy: 0.9409 - val_loss: 0.4530 - val_accuracy: 0.8899
Epoch 138/350
391/391 - 23s - loss: 0.2109 - accuracy: 0.9400 - val_loss: 0.4469 - val_accuracy: 0.8888
Epoch 139/350
391/391 - 23s - loss: 0.2076 - accuracy: 0.9408 - val_loss: 0.4278 - val_accuracy: 0.8939
Epoch 140/350
391/391 - 23s - loss: 0.2022 - accuracy: 0.9425 - val_loss: 0.4468 - val_accuracy: 0.8915
Epoch 141/350
391/391 - 23s - loss: 0.2040 - accuracy: 0.9411 - val_loss: 0.4676 - val_accuracy: 0.8864
Epoch 142/350
391/391 - 23s - loss: 0.2017 - accuracy: 0.9438 - val_loss: 0.4164 - val_accuracy: 0.8923
Epoch 143/350
391/391 - 23s - loss: 0.2018 - accuracy: 0.9432 - val_loss: 0.4642 - val_accuracy: 0.8896
Epoch 144/350
391/391 - 23s - loss: 0.2012 - accuracy: 0.9422 - val_loss: 0.4873 - val_accuracy: 0.8877
Epoch 145/350
391/391 - 23s - loss: 0.2044 - accuracy: 0.9425 - val_loss: 0.4642 - val_accuracy: 0.8903
Epoch 146/350
391/391 - 23s - loss: 0.1971 - accuracy: 0.9451 - val_loss: 0.4712 - val_accuracy: 0.8869
Epoch 147/350
391/391 - 23s - loss: 0.1972 - accuracy: 0.9456 - val_loss: 0.4913 - val_accuracy: 0.8842
Epoch 148/350
391/391 - 23s - loss: 0.2021 - accuracy: 0.9424 - val_loss: 0.4827 - val_accuracy: 0.8876
Epoch 149/350
391/391 - 23s - loss: 0.1969 - accuracy: 0.9450 - val_loss: 0.4301 - val_accuracy: 0.8937
Epoch 150/350


Snapshot weight 6 shuffle 7 at epoch 150
Layer 11
Getting activations...


391/391 - 23s - loss: 0.1956 - accuracy: 0.9453 - val_loss: 0.4602 - val_accuracy: 0.8910
Epoch 151/350
391/391 - 23s - loss: 0.1961 - accuracy: 0.9454 - val_loss: 0.4696 - val_accuracy: 0.8847
Epoch 152/350
391/391 - 23s - loss: 0.1950 - accuracy: 0.9458 - val_loss: 0.4505 - val_accuracy: 0.8888
Epoch 153/350
391/391 - 23s - loss: 0.1930 - accuracy: 0.9464 - val_loss: 0.4470 - val_accuracy: 0.8916
Epoch 154/350
391/391 - 23s - loss: 0.1911 - accuracy: 0.9477 - val_loss: 0.4339 - val_accuracy: 0.8998
Epoch 155/350
391/391 - 23s - loss: 0.1927 - accuracy: 0.9463 - val_loss: 0.4824 - val_accuracy: 0.8881
Epoch 156/350
391/391 - 23s - loss: 0.1924 - accuracy: 0.9472 - val_loss: 0.4489 - val_accuracy: 0.8913
Epoch 157/350
391/391 - 23s - loss: 0.1861 - accuracy: 0.9495 - val_loss: 0.4670 - val_accuracy: 0.8927
Epoch 158/350
391/391 - 23s - loss: 0.1900 - accuracy: 0.9480 - val_loss: 0.4378 - val_accuracy: 0.8952
Epoch 159/350
391/391 - 23s - loss: 0.1912 - accuracy: 0.9469 - val_loss: 0.4719 - val_accuracy: 0.8929
Epoch 160/350
391/391 - 23s - loss: 0.1867 - accuracy: 0.9493 - val_loss: 0.4503 - val_accuracy: 0.8938
Epoch 161/350
391/391 - 23s - loss: 0.1877 - accuracy: 0.9478 - val_loss: 0.5004 - val_accuracy: 0.8878
Epoch 162/350
391/391 - 23s - loss: 0.1867 - accuracy: 0.9482 - val_loss: 0.4566 - val_accuracy: 0.8946
Epoch 163/350
391/391 - 23s - loss: 0.1871 - accuracy: 0.9487 - val_loss: 0.4532 - val_accuracy: 0.8909
Epoch 164/350
391/391 - 23s - loss: 0.1845 - accuracy: 0.9504 - val_loss: 0.4428 - val_accuracy: 0.8926
Epoch 165/350
391/391 - 23s - loss: 0.1857 - accuracy: 0.9495 - val_loss: 0.5079 - val_accuracy: 0.8854
Epoch 166/350
391/391 - 23s - loss: 0.1812 - accuracy: 0.9518 - val_loss: 0.4358 - val_accuracy: 0.8946
Epoch 167/350
391/391 - 23s - loss: 0.1827 - accuracy: 0.9499 - val_loss: 0.4500 - val_accuracy: 0.8936
Epoch 168/350
391/391 - 23s - loss: 0.1851 - accuracy: 0.9494 - val_loss: 0.5089 - val_accuracy: 0.8910
Epoch 169/350
391/391 - 23s - loss: 0.1870 - accuracy: 0.9493 - val_loss: 0.4828 - val_accuracy: 0.8882
Epoch 170/350
391/391 - 23s - loss: 0.1815 - accuracy: 0.9522 - val_loss: 0.4689 - val_accuracy: 0.8884
Epoch 171/350
391/391 - 23s - loss: 0.1806 - accuracy: 0.9519 - val_loss: 0.4518 - val_accuracy: 0.8938
Epoch 172/350
391/391 - 23s - loss: 0.1794 - accuracy: 0.9513 - val_loss: 0.4541 - val_accuracy: 0.8920
Epoch 173/350
391/391 - 23s - loss: 0.1796 - accuracy: 0.9519 - val_loss: 0.4505 - val_accuracy: 0.8919
Epoch 174/350
391/391 - 23s - loss: 0.1797 - accuracy: 0.9530 - val_loss: 0.4543 - val_accuracy: 0.8944
Epoch 175/350
391/391 - 23s - loss: 0.1804 - accuracy: 0.9507 - val_loss: 0.4639 - val_accuracy: 0.8937
Epoch 176/350
391/391 - 23s - loss: 0.1749 - accuracy: 0.9527 - val_loss: 0.4417 - val_accuracy: 0.8959
Epoch 177/350
391/391 - 23s - loss: 0.1812 - accuracy: 0.9518 - val_loss: 0.4527 - val_accuracy: 0.8941
Epoch 178/350
391/391 - 23s - loss: 0.1754 - accuracy: 0.9540 - val_loss: 0.4587 - val_accuracy: 0.8934
Epoch 179/350
391/391 - 23s - loss: 0.1750 - accuracy: 0.9547 - val_loss: 0.4616 - val_accuracy: 0.8908
Epoch 180/350
391/391 - 23s - loss: 0.1763 - accuracy: 0.9536 - val_loss: 0.4637 - val_accuracy: 0.8954
Epoch 181/350
391/391 - 24s - loss: 0.1738 - accuracy: 0.9536 - val_loss: 0.4461 - val_accuracy: 0.8998
Epoch 182/350
391/391 - 23s - loss: 0.1727 - accuracy: 0.9540 - val_loss: 0.4582 - val_accuracy: 0.8960
Epoch 183/350
391/391 - 23s - loss: 0.1721 - accuracy: 0.9553 - val_loss: 0.4589 - val_accuracy: 0.8946
Epoch 184/350
391/391 - 23s - loss: 0.1659 - accuracy: 0.9563 - val_loss: 0.4642 - val_accuracy: 0.8921
Epoch 185/350
391/391 - 23s - loss: 0.1764 - accuracy: 0.9533 - val_loss: 0.4632 - val_accuracy: 0.8988
Epoch 186/350
391/391 - 23s - loss: 0.1680 - accuracy: 0.9557 - val_loss: 0.4939 - val_accuracy: 0.8948
Epoch 187/350
391/391 - 23s - loss: 0.1744 - accuracy: 0.9541 - val_loss: 0.4701 - val_accuracy: 0.8963
Epoch 188/350
391/391 - 23s - loss: 0.1713 - accuracy: 0.9549 - val_loss: 0.4734 - val_accuracy: 0.8972
Epoch 189/350
391/391 - 23s - loss: 0.1682 - accuracy: 0.9558 - val_loss: 0.5203 - val_accuracy: 0.8913
Epoch 190/350
391/391 - 23s - loss: 0.1687 - accuracy: 0.9569 - val_loss: 0.4576 - val_accuracy: 0.8966
Epoch 191/350
391/391 - 23s - loss: 0.1695 - accuracy: 0.9562 - val_loss: 0.4724 - val_accuracy: 0.8961
Epoch 192/350
391/391 - 23s - loss: 0.1702 - accuracy: 0.9559 - val_loss: 0.4974 - val_accuracy: 0.8913
Epoch 193/350
391/391 - 23s - loss: 0.1737 - accuracy: 0.9547 - val_loss: 0.4867 - val_accuracy: 0.8999
Epoch 194/350
391/391 - 23s - loss: 0.1651 - accuracy: 0.9572 - val_loss: 0.4648 - val_accuracy: 0.8969
Epoch 195/350
391/391 - 23s - loss: 0.1651 - accuracy: 0.9576 - val_loss: 0.4873 - val_accuracy: 0.8949
Epoch 196/350
391/391 - 23s - loss: 0.1667 - accuracy: 0.9566 - val_loss: 0.5595 - val_accuracy: 0.8873
Epoch 197/350
391/391 - 23s - loss: 0.1644 - accuracy: 0.9580 - val_loss: 0.4876 - val_accuracy: 0.8957
Epoch 198/350
391/391 - 23s - loss: 0.1686 - accuracy: 0.9567 - val_loss: 0.4944 - val_accuracy: 0.8932
Epoch 199/350
391/391 - 23s - loss: 0.1666 - accuracy: 0.9572 - val_loss: 0.4690 - val_accuracy: 0.8992
Epoch 200/350


Snapshot weight 6 shuffle 7 at epoch 200
Layer 11
Getting activations...


391/391 - 23s - loss: 0.1613 - accuracy: 0.9601 - val_loss: 0.5000 - val_accuracy: 0.8964
Epoch 201/350
391/391 - 23s - loss: 0.1382 - accuracy: 0.9676 - val_loss: 0.4578 - val_accuracy: 0.9032
Epoch 202/350
391/391 - 23s - loss: 0.1251 - accuracy: 0.9727 - val_loss: 0.4604 - val_accuracy: 0.9029
Epoch 203/350
391/391 - 23s - loss: 0.1218 - accuracy: 0.9733 - val_loss: 0.4718 - val_accuracy: 0.9036
Epoch 204/350
391/391 - 23s - loss: 0.1201 - accuracy: 0.9741 - val_loss: 0.4754 - val_accuracy: 0.9047
Epoch 205/350
391/391 - 23s - loss: 0.1206 - accuracy: 0.9738 - val_loss: 0.4798 - val_accuracy: 0.9032
Epoch 206/350
391/391 - 23s - loss: 0.1183 - accuracy: 0.9739 - val_loss: 0.4746 - val_accuracy: 0.9049
Epoch 207/350
391/391 - 23s - loss: 0.1170 - accuracy: 0.9751 - val_loss: 0.4728 - val_accuracy: 0.9049
Epoch 208/350
391/391 - 23s - loss: 0.1161 - accuracy: 0.9748 - val_loss: 0.4885 - val_accuracy: 0.9039
Epoch 209/350
391/391 - 23s - loss: 0.1133 - accuracy: 0.9756 - val_loss: 0.4794 - val_accuracy: 0.9041
Epoch 210/350
391/391 - 23s - loss: 0.1155 - accuracy: 0.9756 - val_loss: 0.4882 - val_accuracy: 0.9041
Epoch 211/350
391/391 - 23s - loss: 0.1118 - accuracy: 0.9777 - val_loss: 0.4862 - val_accuracy: 0.9044
Epoch 212/350
391/391 - 23s - loss: 0.1116 - accuracy: 0.9772 - val_loss: 0.4799 - val_accuracy: 0.9041
Epoch 213/350
391/391 - 23s - loss: 0.1109 - accuracy: 0.9771 - val_loss: 0.4896 - val_accuracy: 0.9048
Epoch 214/350
391/391 - 23s - loss: 0.1141 - accuracy: 0.9759 - val_loss: 0.4805 - val_accuracy: 0.9059
Epoch 215/350
391/391 - 23s - loss: 0.1131 - accuracy: 0.9766 - val_loss: 0.4837 - val_accuracy: 0.9059
Epoch 216/350
391/391 - 23s - loss: 0.1129 - accuracy: 0.9771 - val_loss: 0.4903 - val_accuracy: 0.9059
Epoch 217/350
391/391 - 23s - loss: 0.1116 - accuracy: 0.9768 - val_loss: 0.4861 - val_accuracy: 0.9053
Epoch 218/350
391/391 - 23s - loss: 0.1126 - accuracy: 0.9766 - val_loss: 0.4808 - val_accuracy: 0.9051
Epoch 219/350
391/391 - 23s - loss: 0.1107 - accuracy: 0.9769 - val_loss: 0.4820 - val_accuracy: 0.9054
Epoch 220/350
391/391 - 23s - loss: 0.1081 - accuracy: 0.9779 - val_loss: 0.4883 - val_accuracy: 0.9045
Epoch 221/350
391/391 - 23s - loss: 0.1109 - accuracy: 0.9774 - val_loss: 0.4889 - val_accuracy: 0.9060
Epoch 222/350
391/391 - 23s - loss: 0.1081 - accuracy: 0.9778 - val_loss: 0.4970 - val_accuracy: 0.9043
Epoch 223/350
391/391 - 23s - loss: 0.1071 - accuracy: 0.9789 - val_loss: 0.4989 - val_accuracy: 0.9058
Epoch 224/350
391/391 - 23s - loss: 0.1130 - accuracy: 0.9770 - val_loss: 0.4968 - val_accuracy: 0.9053
Epoch 225/350
391/391 - 23s - loss: 0.1083 - accuracy: 0.9778 - val_loss: 0.5147 - val_accuracy: 0.9039
Epoch 226/350
391/391 - 23s - loss: 0.1071 - accuracy: 0.9780 - val_loss: 0.4953 - val_accuracy: 0.9063
Epoch 227/350
391/391 - 23s - loss: 0.1075 - accuracy: 0.9780 - val_loss: 0.4986 - val_accuracy: 0.9050
Epoch 228/350
391/391 - 23s - loss: 0.1076 - accuracy: 0.9780 - val_loss: 0.5083 - val_accuracy: 0.9034
Epoch 229/350
391/391 - 23s - loss: 0.1057 - accuracy: 0.9785 - val_loss: 0.5071 - val_accuracy: 0.9034
Epoch 230/350
391/391 - 23s - loss: 0.1066 - accuracy: 0.9784 - val_loss: 0.5071 - val_accuracy: 0.9055
Epoch 231/350
391/391 - 23s - loss: 0.1062 - accuracy: 0.9788 - val_loss: 0.5081 - val_accuracy: 0.9049
Epoch 232/350
391/391 - 23s - loss: 0.1068 - accuracy: 0.9786 - val_loss: 0.5040 - val_accuracy: 0.9046
Epoch 233/350
391/391 - 23s - loss: 0.1047 - accuracy: 0.9790 - val_loss: 0.5059 - val_accuracy: 0.9052
Epoch 234/350
391/391 - 23s - loss: 0.1056 - accuracy: 0.9792 - val_loss: 0.5007 - val_accuracy: 0.9059
Epoch 235/350
391/391 - 23s - loss: 0.1058 - accuracy: 0.9795 - val_loss: 0.5045 - val_accuracy: 0.9052
Epoch 236/350
391/391 - 23s - loss: 0.1049 - accuracy: 0.9787 - val_loss: 0.5019 - val_accuracy: 0.9064
Epoch 237/350
391/391 - 23s - loss: 0.1086 - accuracy: 0.9778 - val_loss: 0.4957 - val_accuracy: 0.9061
Epoch 238/350
391/391 - 23s - loss: 0.1061 - accuracy: 0.9786 - val_loss: 0.5005 - val_accuracy: 0.9066
Epoch 239/350
391/391 - 23s - loss: 0.1037 - accuracy: 0.9797 - val_loss: 0.5076 - val_accuracy: 0.9077
Epoch 240/350
391/391 - 23s - loss: 0.1035 - accuracy: 0.9791 - val_loss: 0.5082 - val_accuracy: 0.9046
Epoch 241/350
391/391 - 23s - loss: 0.1047 - accuracy: 0.9796 - val_loss: 0.5121 - val_accuracy: 0.9052
Epoch 242/350
391/391 - 23s - loss: 0.1033 - accuracy: 0.9799 - val_loss: 0.5088 - val_accuracy: 0.9044
Epoch 243/350
391/391 - 23s - loss: 0.1064 - accuracy: 0.9792 - val_loss: 0.5047 - val_accuracy: 0.9051
Epoch 244/350
391/391 - 23s - loss: 0.1039 - accuracy: 0.9793 - val_loss: 0.5122 - val_accuracy: 0.9038
Epoch 245/350
391/391 - 23s - loss: 0.1049 - accuracy: 0.9791 - val_loss: 0.5264 - val_accuracy: 0.9019
Epoch 246/350
391/391 - 23s - loss: 0.1041 - accuracy: 0.9793 - val_loss: 0.5092 - val_accuracy: 0.9062
Epoch 247/350
391/391 - 23s - loss: 0.1027 - accuracy: 0.9790 - val_loss: 0.5270 - val_accuracy: 0.9046
Epoch 248/350
391/391 - 23s - loss: 0.1053 - accuracy: 0.9785 - val_loss: 0.5128 - val_accuracy: 0.9062
Epoch 249/350
391/391 - 23s - loss: 0.1024 - accuracy: 0.9805 - val_loss: 0.5161 - val_accuracy: 0.9058
Epoch 250/350


Snapshot weight 6 shuffle 7 at epoch 250
Layer 11
Getting activations...


391/391 - 24s - loss: 0.1029 - accuracy: 0.9799 - val_loss: 0.5227 - val_accuracy: 0.9053
Epoch 251/350
391/391 - 23s - loss: 0.1034 - accuracy: 0.9795 - val_loss: 0.5172 - val_accuracy: 0.9052
Epoch 252/350
391/391 - 23s - loss: 0.1021 - accuracy: 0.9799 - val_loss: 0.5097 - val_accuracy: 0.9057
Epoch 253/350
391/391 - 23s - loss: 0.1001 - accuracy: 0.9805 - val_loss: 0.5117 - val_accuracy: 0.9061
Epoch 254/350
391/391 - 23s - loss: 0.1005 - accuracy: 0.9809 - val_loss: 0.5090 - val_accuracy: 0.9070
Epoch 255/350
391/391 - 23s - loss: 0.1028 - accuracy: 0.9807 - val_loss: 0.5077 - val_accuracy: 0.9061
Epoch 256/350
391/391 - 23s - loss: 0.1006 - accuracy: 0.9805 - val_loss: 0.5090 - val_accuracy: 0.9062
Epoch 257/350
391/391 - 23s - loss: 0.1012 - accuracy: 0.9809 - val_loss: 0.5054 - val_accuracy: 0.9059
Epoch 258/350
391/391 - 23s - loss: 0.0994 - accuracy: 0.9812 - val_loss: 0.5075 - val_accuracy: 0.9048
Epoch 259/350
391/391 - 23s - loss: 0.0998 - accuracy: 0.9811 - val_loss: 0.5104 - val_accuracy: 0.9055
Epoch 260/350
391/391 - 23s - loss: 0.0994 - accuracy: 0.9814 - val_loss: 0.5116 - val_accuracy: 0.9053
Epoch 261/350
391/391 - 23s - loss: 0.0994 - accuracy: 0.9810 - val_loss: 0.5123 - val_accuracy: 0.9057
Epoch 262/350
391/391 - 23s - loss: 0.0990 - accuracy: 0.9812 - val_loss: 0.5154 - val_accuracy: 0.9056
Epoch 263/350
391/391 - 23s - loss: 0.0998 - accuracy: 0.9804 - val_loss: 0.5130 - val_accuracy: 0.9059
Epoch 264/350
391/391 - 23s - loss: 0.0997 - accuracy: 0.9813 - val_loss: 0.5116 - val_accuracy: 0.9066
Epoch 265/350
391/391 - 23s - loss: 0.1020 - accuracy: 0.9806 - val_loss: 0.5115 - val_accuracy: 0.9062
Epoch 266/350
391/391 - 23s - loss: 0.1009 - accuracy: 0.9804 - val_loss: 0.5107 - val_accuracy: 0.9062
Epoch 267/350
391/391 - 23s - loss: 0.1012 - accuracy: 0.9808 - val_loss: 0.5090 - val_accuracy: 0.9064
Epoch 268/350
391/391 - 23s - loss: 0.0995 - accuracy: 0.9815 - val_loss: 0.5112 - val_accuracy: 0.9055
Epoch 269/350
391/391 - 23s - loss: 0.1000 - accuracy: 0.9807 - val_loss: 0.5139 - val_accuracy: 0.9060
Epoch 270/350
391/391 - 23s - loss: 0.0995 - accuracy: 0.9813 - val_loss: 0.5125 - val_accuracy: 0.9058
Epoch 271/350
391/391 - 23s - loss: 0.0993 - accuracy: 0.9810 - val_loss: 0.5149 - val_accuracy: 0.9053
Epoch 272/350
391/391 - 23s - loss: 0.1022 - accuracy: 0.9803 - val_loss: 0.5119 - val_accuracy: 0.9060
Epoch 273/350
391/391 - 23s - loss: 0.0982 - accuracy: 0.9816 - val_loss: 0.5142 - val_accuracy: 0.9057
Epoch 274/350
391/391 - 23s - loss: 0.1009 - accuracy: 0.9803 - val_loss: 0.5120 - val_accuracy: 0.9062
Epoch 275/350
391/391 - 23s - loss: 0.1002 - accuracy: 0.9806 - val_loss: 0.5139 - val_accuracy: 0.9061
Epoch 276/350
391/391 - 23s - loss: 0.0977 - accuracy: 0.9810 - val_loss: 0.5162 - val_accuracy: 0.9054
Epoch 277/350
391/391 - 23s - loss: 0.0993 - accuracy: 0.9813 - val_loss: 0.5122 - val_accuracy: 0.9048
Epoch 278/350
391/391 - 23s - loss: 0.0974 - accuracy: 0.9824 - val_loss: 0.5145 - val_accuracy: 0.9066
Epoch 279/350
391/391 - 23s - loss: 0.1003 - accuracy: 0.9803 - val_loss: 0.5130 - val_accuracy: 0.9058
Epoch 280/350
391/391 - 23s - loss: 0.1003 - accuracy: 0.9814 - val_loss: 0.5121 - val_accuracy: 0.9063
Epoch 281/350
391/391 - 23s - loss: 0.0988 - accuracy: 0.9812 - val_loss: 0.5108 - val_accuracy: 0.9066
Epoch 282/350
391/391 - 23s - loss: 0.0992 - accuracy: 0.9817 - val_loss: 0.5118 - val_accuracy: 0.9061
Epoch 283/350
391/391 - 23s - loss: 0.1002 - accuracy: 0.9808 - val_loss: 0.5144 - val_accuracy: 0.9061
Epoch 284/350
391/391 - 23s - loss: 0.1010 - accuracy: 0.9807 - val_loss: 0.5109 - val_accuracy: 0.9069
Epoch 285/350
391/391 - 23s - loss: 0.0986 - accuracy: 0.9815 - val_loss: 0.5124 - val_accuracy: 0.9062
Epoch 286/350
391/391 - 23s - loss: 0.0986 - accuracy: 0.9816 - val_loss: 0.5151 - val_accuracy: 0.9064
Epoch 287/350
391/391 - 23s - loss: 0.0970 - accuracy: 0.9823 - val_loss: 0.5137 - val_accuracy: 0.9061
Epoch 288/350
391/391 - 23s - loss: 0.1008 - accuracy: 0.9810 - val_loss: 0.5157 - val_accuracy: 0.9057
Epoch 289/350
391/391 - 23s - loss: 0.0985 - accuracy: 0.9817 - val_loss: 0.5131 - val_accuracy: 0.9070
Epoch 290/350
391/391 - 23s - loss: 0.0976 - accuracy: 0.9820 - val_loss: 0.5150 - val_accuracy: 0.9062
Epoch 291/350
391/391 - 23s - loss: 0.0991 - accuracy: 0.9811 - val_loss: 0.5135 - val_accuracy: 0.9058
Epoch 292/350
391/391 - 23s - loss: 0.1006 - accuracy: 0.9809 - val_loss: 0.5158 - val_accuracy: 0.9057
Epoch 293/350
391/391 - 23s - loss: 0.0989 - accuracy: 0.9816 - val_loss: 0.5152 - val_accuracy: 0.9058
Epoch 294/350
391/391 - 23s - loss: 0.1005 - accuracy: 0.9803 - val_loss: 0.5139 - val_accuracy: 0.9054
Epoch 295/350
391/391 - 23s - loss: 0.0984 - accuracy: 0.9814 - val_loss: 0.5167 - val_accuracy: 0.9054
Epoch 296/350
391/391 - 23s - loss: 0.0961 - accuracy: 0.9819 - val_loss: 0.5185 - val_accuracy: 0.9048
Epoch 297/350
391/391 - 23s - loss: 0.0989 - accuracy: 0.9820 - val_loss: 0.5139 - val_accuracy: 0.9057
Epoch 298/350
391/391 - 23s - loss: 0.0987 - accuracy: 0.9811 - val_loss: 0.5130 - val_accuracy: 0.9064
Epoch 299/350
391/391 - 23s - loss: 0.0984 - accuracy: 0.9816 - val_loss: 0.5142 - val_accuracy: 0.9066
Epoch 300/350


Snapshot weight 6 shuffle 7 at epoch 300
Layer 11
Getting activations...


391/391 - 23s - loss: 0.0987 - accuracy: 0.9812 - val_loss: 0.5186 - val_accuracy: 0.9055
Epoch 301/350
391/391 - 23s - loss: 0.0999 - accuracy: 0.9813 - val_loss: 0.5175 - val_accuracy: 0.9060
Epoch 302/350
391/391 - 23s - loss: 0.0993 - accuracy: 0.9810 - val_loss: 0.5174 - val_accuracy: 0.9058
Epoch 303/350
391/391 - 23s - loss: 0.0970 - accuracy: 0.9818 - val_loss: 0.5171 - val_accuracy: 0.9061
Epoch 304/350
391/391 - 23s - loss: 0.0975 - accuracy: 0.9820 - val_loss: 0.5167 - val_accuracy: 0.9062
Epoch 305/350
391/391 - 23s - loss: 0.0985 - accuracy: 0.9815 - val_loss: 0.5164 - val_accuracy: 0.9062
Epoch 306/350
391/391 - 23s - loss: 0.0965 - accuracy: 0.9818 - val_loss: 0.5161 - val_accuracy: 0.9063
Epoch 307/350
391/391 - 23s - loss: 0.0981 - accuracy: 0.9810 - val_loss: 0.5164 - val_accuracy: 0.9064
Epoch 308/350
391/391 - 23s - loss: 0.1002 - accuracy: 0.9812 - val_loss: 0.5161 - val_accuracy: 0.9065
Epoch 309/350
391/391 - 23s - loss: 0.0983 - accuracy: 0.9816 - val_loss: 0.5158 - val_accuracy: 0.9064
Epoch 310/350
391/391 - 23s - loss: 0.0983 - accuracy: 0.9813 - val_loss: 0.5161 - val_accuracy: 0.9065
Epoch 311/350
391/391 - 23s - loss: 0.0985 - accuracy: 0.9816 - val_loss: 0.5158 - val_accuracy: 0.9064
Epoch 312/350
391/391 - 23s - loss: 0.0996 - accuracy: 0.9820 - val_loss: 0.5154 - val_accuracy: 0.9064
Epoch 313/350
391/391 - 23s - loss: 0.0996 - accuracy: 0.9806 - val_loss: 0.5152 - val_accuracy: 0.9064
Epoch 314/350
391/391 - 23s - loss: 0.0984 - accuracy: 0.9823 - val_loss: 0.5153 - val_accuracy: 0.9063
Epoch 315/350
391/391 - 23s - loss: 0.1002 - accuracy: 0.9814 - val_loss: 0.5152 - val_accuracy: 0.9061
Epoch 316/350
391/391 - 23s - loss: 0.0981 - accuracy: 0.9818 - val_loss: 0.5151 - val_accuracy: 0.9061
Epoch 317/350
391/391 - 23s - loss: 0.0981 - accuracy: 0.9813 - val_loss: 0.5146 - val_accuracy: 0.9060
Epoch 318/350
391/391 - 23s - loss: 0.0987 - accuracy: 0.9815 - val_loss: 0.5149 - val_accuracy: 0.9059
Epoch 319/350
391/391 - 23s - loss: 0.0998 - accuracy: 0.9804 - val_loss: 0.5154 - val_accuracy: 0.9061
Epoch 320/350
391/391 - 23s - loss: 0.0966 - accuracy: 0.9814 - val_loss: 0.5152 - val_accuracy: 0.9060
Epoch 321/350
391/391 - 23s - loss: 0.0961 - accuracy: 0.9819 - val_loss: 0.5151 - val_accuracy: 0.9060
Epoch 322/350
391/391 - 23s - loss: 0.0967 - accuracy: 0.9820 - val_loss: 0.5152 - val_accuracy: 0.9062
Epoch 323/350
391/391 - 23s - loss: 0.0972 - accuracy: 0.9815 - val_loss: 0.5156 - val_accuracy: 0.9061
Epoch 324/350
391/391 - 23s - loss: 0.0957 - accuracy: 0.9829 - val_loss: 0.5159 - val_accuracy: 0.9063
Epoch 325/350
391/391 - 23s - loss: 0.0986 - accuracy: 0.9816 - val_loss: 0.5157 - val_accuracy: 0.9061
Epoch 326/350
391/391 - 23s - loss: 0.0974 - accuracy: 0.9813 - val_loss: 0.5157 - val_accuracy: 0.9061
Epoch 327/350
391/391 - 23s - loss: 0.0987 - accuracy: 0.9813 - val_loss: 0.5155 - val_accuracy: 0.9059
Epoch 328/350
391/391 - 23s - loss: 0.0998 - accuracy: 0.9805 - val_loss: 0.5152 - val_accuracy: 0.9061
Epoch 329/350
391/391 - 23s - loss: 0.0983 - accuracy: 0.9816 - val_loss: 0.5151 - val_accuracy: 0.9062
Epoch 330/350
391/391 - 23s - loss: 0.0995 - accuracy: 0.9811 - val_loss: 0.5152 - val_accuracy: 0.9060
Epoch 331/350
391/391 - 23s - loss: 0.0967 - accuracy: 0.9819 - val_loss: 0.5149 - val_accuracy: 0.9064
Epoch 332/350
391/391 - 23s - loss: 0.0968 - accuracy: 0.9819 - val_loss: 0.5152 - val_accuracy: 0.9063
Epoch 333/350
391/391 - 23s - loss: 0.0986 - accuracy: 0.9821 - val_loss: 0.5151 - val_accuracy: 0.9061
Epoch 334/350
391/391 - 23s - loss: 0.0986 - accuracy: 0.9816 - val_loss: 0.5152 - val_accuracy: 0.9061
Epoch 335/350
391/391 - 23s - loss: 0.0995 - accuracy: 0.9814 - val_loss: 0.5149 - val_accuracy: 0.9062
Epoch 336/350
391/391 - 23s - loss: 0.0983 - accuracy: 0.9815 - val_loss: 0.5147 - val_accuracy: 0.9065
Epoch 337/350
391/391 - 23s - loss: 0.0970 - accuracy: 0.9826 - val_loss: 0.5144 - val_accuracy: 0.9063
Epoch 338/350
391/391 - 23s - loss: 0.0978 - accuracy: 0.9819 - val_loss: 0.5144 - val_accuracy: 0.9062
Epoch 339/350
391/391 - 23s - loss: 0.0987 - accuracy: 0.9814 - val_loss: 0.5146 - val_accuracy: 0.9062
Epoch 340/350
391/391 - 23s - loss: 0.0971 - accuracy: 0.9826 - val_loss: 0.5143 - val_accuracy: 0.9063
Epoch 341/350
391/391 - 23s - loss: 0.1002 - accuracy: 0.9810 - val_loss: 0.5143 - val_accuracy: 0.9065
Epoch 342/350
391/391 - 23s - loss: 0.1006 - accuracy: 0.9807 - val_loss: 0.5144 - val_accuracy: 0.9064
Epoch 343/350
391/391 - 23s - loss: 0.0981 - accuracy: 0.9821 - val_loss: 0.5149 - val_accuracy: 0.9064
Epoch 344/350
391/391 - 23s - loss: 0.0999 - accuracy: 0.9814 - val_loss: 0.5144 - val_accuracy: 0.9063
Epoch 345/350
391/391 - 23s - loss: 0.0976 - accuracy: 0.9820 - val_loss: 0.5150 - val_accuracy: 0.9060
Epoch 346/350
391/391 - 23s - loss: 0.0994 - accuracy: 0.9809 - val_loss: 0.5151 - val_accuracy: 0.9060
Epoch 347/350
391/391 - 23s - loss: 0.0997 - accuracy: 0.9812 - val_loss: 0.5152 - val_accuracy: 0.9061
Epoch 348/350
391/391 - 23s - loss: 0.0979 - accuracy: 0.9818 - val_loss: 0.5152 - val_accuracy: 0.9062
Epoch 349/350
391/391 - 23s - loss: 0.0999 - accuracy: 0.9806 - val_loss: 0.5154 - val_accuracy: 0.9060
Epoch 350/350


Snapshot weight 6 shuffle 7 at epoch 350
Layer 11
Getting activations...


391/391 - 23s - loss: 0.0987 - accuracy: 0.9813 - val_loss: 0.5157 - val_accuracy: 0.9061
/usr/local/lib/python3.6/dist-packages/tensorflow/python/autograph/impl/api.py:493: UserWarning: fill_value is not supported and is always 0 for TensorFlow < 2.4.0.
  return py_builtins.overload_of(f)(*args)
WARNING:tensorflow:From /usr/local/lib/python3.6/dist-packages/tensorflow/python/training/tracking/tracking.py:111: Model.state_updates (from tensorflow.python.keras.engine.training) is deprecated and will be removed in a future version.
Instructions for updating:
This property should not be used in TensorFlow 2.0, as updates are applied automatically.
2021-07-02 16:54:21.732111: W tensorflow/python/util/util.cc:348] Sets are not currently considered sequences, but this may change in the future, so consider avoiding using them.
WARNING:tensorflow:From /usr/local/lib/python3.6/dist-packages/tensorflow/python/training/tracking/tracking.py:111: Layer.updates (from tensorflow.python.keras.engine.base_layer) is deprecated and will be removed in a future version.
Instructions for updating:
This property should not be used in TensorFlow 2.0, as updates are applied automatically.
Saving, final validation acc: 0.9060999751091003
