2021-07-01 18:48:21.954728: I tensorflow/stream_executor/platform/default/dso_loader.cc:48] Successfully opened dynamic library libcudart.so.10.1
2021-07-01 18:50:25.661112: I tensorflow/stream_executor/platform/default/dso_loader.cc:48] Successfully opened dynamic library libcuda.so.1
2021-07-01 18:50:25.695088: I tensorflow/core/common_runtime/gpu/gpu_device.cc:1716] Found device 0 with properties: 
pciBusID: 0000:03:00.0 name: NVIDIA TITAN Xp computeCapability: 6.1
coreClock: 1.582GHz coreCount: 30 deviceMemorySize: 11.91GiB deviceMemoryBandwidth: 510.07GiB/s
2021-07-01 18:50:25.695169: I tensorflow/stream_executor/platform/default/dso_loader.cc:48] Successfully opened dynamic library libcudart.so.10.1
2021-07-01 18:50:25.735137: I tensorflow/stream_executor/platform/default/dso_loader.cc:48] Successfully opened dynamic library libcublas.so.10
2021-07-01 18:50:25.755204: I tensorflow/stream_executor/platform/default/dso_loader.cc:48] Successfully opened dynamic library libcufft.so.10
2021-07-01 18:50:25.763427: I tensorflow/stream_executor/platform/default/dso_loader.cc:48] Successfully opened dynamic library libcurand.so.10
2021-07-01 18:50:25.805033: I tensorflow/stream_executor/platform/default/dso_loader.cc:48] Successfully opened dynamic library libcusolver.so.10
2021-07-01 18:50:25.813179: I tensorflow/stream_executor/platform/default/dso_loader.cc:48] Successfully opened dynamic library libcusparse.so.10
2021-07-01 18:50:25.885965: I tensorflow/stream_executor/platform/default/dso_loader.cc:48] Successfully opened dynamic library libcudnn.so.7
2021-07-01 18:50:25.894509: I tensorflow/core/common_runtime/gpu/gpu_device.cc:1858] Adding visible gpu devices: 0
2021-07-01 18:50:25.898050: I tensorflow/core/platform/cpu_feature_guard.cc:142] This TensorFlow binary is optimized with oneAPI Deep Neural Network Library (oneDNN)to use the following CPU instructions in performance-critical operations:  AVX2 FMA
To enable them in other operations, rebuild TensorFlow with the appropriate compiler flags.
2021-07-01 18:50:25.912965: I tensorflow/core/platform/profile_utils/cpu_utils.cc:104] CPU Frequency: 2599990000 Hz
2021-07-01 18:50:25.913076: I tensorflow/compiler/xla/service/service.cc:168] XLA service 0x43297c0 initialized for platform Host (this does not guarantee that XLA will be used). Devices:
2021-07-01 18:50:25.913094: I tensorflow/compiler/xla/service/service.cc:176]   StreamExecutor device (0): Host, Default Version
2021-07-01 18:50:26.121764: I tensorflow/compiler/xla/service/service.cc:168] XLA service 0x430a550 initialized for platform CUDA (this does not guarantee that XLA will be used). Devices:
2021-07-01 18:50:26.121840: I tensorflow/compiler/xla/service/service.cc:176]   StreamExecutor device (0): NVIDIA TITAN Xp, Compute Capability 6.1
2021-07-01 18:50:26.125929: I tensorflow/core/common_runtime/gpu/gpu_device.cc:1716] Found device 0 with properties: 
pciBusID: 0000:03:00.0 name: NVIDIA TITAN Xp computeCapability: 6.1
coreClock: 1.582GHz coreCount: 30 deviceMemorySize: 11.91GiB deviceMemoryBandwidth: 510.07GiB/s
2021-07-01 18:50:26.125981: I tensorflow/stream_executor/platform/default/dso_loader.cc:48] Successfully opened dynamic library libcudart.so.10.1
2021-07-01 18:50:26.126020: I tensorflow/stream_executor/platform/default/dso_loader.cc:48] Successfully opened dynamic library libcublas.so.10
2021-07-01 18:50:26.126044: I tensorflow/stream_executor/platform/default/dso_loader.cc:48] Successfully opened dynamic library libcufft.so.10
2021-07-01 18:50:26.126066: I tensorflow/stream_executor/platform/default/dso_loader.cc:48] Successfully opened dynamic library libcurand.so.10
2021-07-01 18:50:26.126088: I tensorflow/stream_executor/platform/default/dso_loader.cc:48] Successfully opened dynamic library libcusolver.so.10
2021-07-01 18:50:26.126109: I tensorflow/stream_executor/platform/default/dso_loader.cc:48] Successfully opened dynamic library libcusparse.so.10
2021-07-01 18:50:26.126132: I tensorflow/stream_executor/platform/default/dso_loader.cc:48] Successfully opened dynamic library libcudnn.so.7
2021-07-01 18:50:26.128864: I tensorflow/core/common_runtime/gpu/gpu_device.cc:1858] Adding visible gpu devices: 0
2021-07-01 18:50:26.131028: I tensorflow/stream_executor/platform/default/dso_loader.cc:48] Successfully opened dynamic library libcudart.so.10.1
2021-07-01 18:50:27.881750: I tensorflow/core/common_runtime/gpu/gpu_device.cc:1257] Device interconnect StreamExecutor with strength 1 edge matrix:
2021-07-01 18:50:27.881831: I tensorflow/core/common_runtime/gpu/gpu_device.cc:1263]      0 
2021-07-01 18:50:27.881844: I tensorflow/core/common_runtime/gpu/gpu_device.cc:1276] 0:   N 
2021-07-01 18:50:27.892271: I tensorflow/core/common_runtime/gpu/gpu_device.cc:1402] Created TensorFlow device (/job:localhost/replica:0/task:0/device:GPU:0 with 11218 MB memory) -> physical GPU (device: 0, name: NVIDIA TITAN Xp, pci bus id: 0000:03:00.0, compute capability: 6.1)
2021-07-01 18:50:33.494594: I tensorflow/stream_executor/platform/default/dso_loader.cc:48] Successfully opened dynamic library libcudnn.so.7
2021-07-01 18:50:35.933003: I tensorflow/stream_executor/platform/default/dso_loader.cc:48] Successfully opened dynamic library libcublas.so.10
Using model index: 15
Making train data...
GCN...
ZCA...
Done!
Making test data...
Done!
Epoch 1/350


Snapshot weight 5 shuffle 1 at epoch 1
Layer 11
Getting activations...


391/391 - 23s - loss: 2.2940 - accuracy: 0.1299 - val_loss: 2.2528 - val_accuracy: 0.1533
Epoch 2/350


Snapshot weight 5 shuffle 1 at epoch 2
Layer 11
Getting activations...


391/391 - 23s - loss: 2.0531 - accuracy: 0.2411 - val_loss: 1.8055 - val_accuracy: 0.3403
Epoch 3/350


Snapshot weight 5 shuffle 1 at epoch 3
Layer 11
Getting activations...


391/391 - 23s - loss: 1.7181 - accuracy: 0.3774 - val_loss: 1.6416 - val_accuracy: 0.4218
Epoch 4/350


Snapshot weight 5 shuffle 1 at epoch 4
Layer 11
Getting activations...


391/391 - 23s - loss: 1.5104 - accuracy: 0.4624 - val_loss: 1.5438 - val_accuracy: 0.4737
Epoch 5/350


Snapshot weight 5 shuffle 1 at epoch 5
Layer 11
Getting activations...


391/391 - 23s - loss: 1.3842 - accuracy: 0.5110 - val_loss: 1.2318 - val_accuracy: 0.5640
Epoch 6/350


Snapshot weight 5 shuffle 1 at epoch 6
Layer 11
Getting activations...


391/391 - 24s - loss: 1.2673 - accuracy: 0.5563 - val_loss: 1.1730 - val_accuracy: 0.5905
Epoch 7/350


Snapshot weight 5 shuffle 1 at epoch 7
Layer 11
Getting activations...


391/391 - 23s - loss: 1.1837 - accuracy: 0.5864 - val_loss: 1.1157 - val_accuracy: 0.6142
Epoch 8/350


Snapshot weight 5 shuffle 1 at epoch 8
Layer 11
Getting activations...


391/391 - 24s - loss: 1.1115 - accuracy: 0.6104 - val_loss: 1.0806 - val_accuracy: 0.6147
Epoch 9/350


Snapshot weight 5 shuffle 1 at epoch 9
Layer 11
Getting activations...


391/391 - 24s - loss: 1.0589 - accuracy: 0.6307 - val_loss: 1.0029 - val_accuracy: 0.6559
Epoch 10/350


Snapshot weight 5 shuffle 1 at epoch 10
Layer 11
Getting activations...


391/391 - 24s - loss: 1.0101 - accuracy: 0.6497 - val_loss: 0.9567 - val_accuracy: 0.6747
Epoch 11/350
391/391 - 23s - loss: 0.9704 - accuracy: 0.6647 - val_loss: 0.9527 - val_accuracy: 0.6742
Epoch 12/350
391/391 - 23s - loss: 0.9185 - accuracy: 0.6850 - val_loss: 1.1357 - val_accuracy: 0.6325
Epoch 13/350
391/391 - 23s - loss: 0.8884 - accuracy: 0.6959 - val_loss: 0.8590 - val_accuracy: 0.7126
Epoch 14/350
391/391 - 23s - loss: 0.8579 - accuracy: 0.7064 - val_loss: 0.8693 - val_accuracy: 0.7023
Epoch 15/350
391/391 - 24s - loss: 0.8209 - accuracy: 0.7191 - val_loss: 0.7663 - val_accuracy: 0.7446
Epoch 16/350
391/391 - 23s - loss: 0.7905 - accuracy: 0.7319 - val_loss: 0.7490 - val_accuracy: 0.7480
Epoch 17/350
391/391 - 23s - loss: 0.7675 - accuracy: 0.7408 - val_loss: 0.7505 - val_accuracy: 0.7515
Epoch 18/350
391/391 - 23s - loss: 0.7375 - accuracy: 0.7518 - val_loss: 0.7353 - val_accuracy: 0.7553
Epoch 19/350
391/391 - 24s - loss: 0.7102 - accuracy: 0.7618 - val_loss: 0.6633 - val_accuracy: 0.7836
Epoch 20/350
391/391 - 23s - loss: 0.6983 - accuracy: 0.7662 - val_loss: 0.6550 - val_accuracy: 0.7867
Epoch 21/350
391/391 - 24s - loss: 0.6735 - accuracy: 0.7757 - val_loss: 0.6752 - val_accuracy: 0.7838
Epoch 22/350
391/391 - 23s - loss: 0.6639 - accuracy: 0.7807 - val_loss: 0.6046 - val_accuracy: 0.8052
Epoch 23/350
391/391 - 23s - loss: 0.6357 - accuracy: 0.7879 - val_loss: 0.6287 - val_accuracy: 0.7936
Epoch 24/350
391/391 - 24s - loss: 0.6185 - accuracy: 0.7947 - val_loss: 0.6006 - val_accuracy: 0.8073
Epoch 25/350
391/391 - 23s - loss: 0.6047 - accuracy: 0.8010 - val_loss: 0.5769 - val_accuracy: 0.8124
Epoch 26/350
391/391 - 23s - loss: 0.5926 - accuracy: 0.8047 - val_loss: 0.5781 - val_accuracy: 0.8102
Epoch 27/350
391/391 - 23s - loss: 0.5837 - accuracy: 0.8073 - val_loss: 0.6031 - val_accuracy: 0.8090
Epoch 28/350
391/391 - 23s - loss: 0.5676 - accuracy: 0.8141 - val_loss: 0.6082 - val_accuracy: 0.8087
Epoch 29/350
391/391 - 23s - loss: 0.5607 - accuracy: 0.8170 - val_loss: 0.5353 - val_accuracy: 0.8303
Epoch 30/350
391/391 - 24s - loss: 0.5444 - accuracy: 0.8210 - val_loss: 0.5482 - val_accuracy: 0.8289
Epoch 31/350
391/391 - 23s - loss: 0.5311 - accuracy: 0.8255 - val_loss: 0.5134 - val_accuracy: 0.8343
Epoch 32/350
391/391 - 24s - loss: 0.5320 - accuracy: 0.8263 - val_loss: 0.5014 - val_accuracy: 0.8423
Epoch 33/350
391/391 - 24s - loss: 0.5201 - accuracy: 0.8293 - val_loss: 0.5167 - val_accuracy: 0.8358
Epoch 34/350
391/391 - 23s - loss: 0.5066 - accuracy: 0.8360 - val_loss: 0.4963 - val_accuracy: 0.8442
Epoch 35/350
391/391 - 23s - loss: 0.5026 - accuracy: 0.8371 - val_loss: 0.4853 - val_accuracy: 0.8447
Epoch 36/350
391/391 - 23s - loss: 0.4910 - accuracy: 0.8417 - val_loss: 0.4770 - val_accuracy: 0.8454
Epoch 37/350
391/391 - 23s - loss: 0.4803 - accuracy: 0.8432 - val_loss: 0.4847 - val_accuracy: 0.8457
Epoch 38/350
391/391 - 23s - loss: 0.4794 - accuracy: 0.8442 - val_loss: 0.5042 - val_accuracy: 0.8427
Epoch 39/350
391/391 - 24s - loss: 0.4702 - accuracy: 0.8478 - val_loss: 0.4761 - val_accuracy: 0.8476
Epoch 40/350
391/391 - 23s - loss: 0.4604 - accuracy: 0.8530 - val_loss: 0.4860 - val_accuracy: 0.8504
Epoch 41/350
391/391 - 23s - loss: 0.4541 - accuracy: 0.8526 - val_loss: 0.4791 - val_accuracy: 0.8491
Epoch 42/350
391/391 - 23s - loss: 0.4498 - accuracy: 0.8550 - val_loss: 0.4994 - val_accuracy: 0.8438
Epoch 43/350
391/391 - 23s - loss: 0.4397 - accuracy: 0.8583 - val_loss: 0.4795 - val_accuracy: 0.8526
Epoch 44/350
391/391 - 24s - loss: 0.4371 - accuracy: 0.8592 - val_loss: 0.4862 - val_accuracy: 0.8512
Epoch 45/350
391/391 - 23s - loss: 0.4242 - accuracy: 0.8626 - val_loss: 0.4739 - val_accuracy: 0.8569
Epoch 46/350
391/391 - 23s - loss: 0.4253 - accuracy: 0.8639 - val_loss: 0.4565 - val_accuracy: 0.8588
Epoch 47/350
391/391 - 23s - loss: 0.4184 - accuracy: 0.8648 - val_loss: 0.4460 - val_accuracy: 0.8653
Epoch 48/350
391/391 - 23s - loss: 0.4158 - accuracy: 0.8655 - val_loss: 0.4568 - val_accuracy: 0.8547
Epoch 49/350
391/391 - 23s - loss: 0.4060 - accuracy: 0.8714 - val_loss: 0.4573 - val_accuracy: 0.8578
Epoch 50/350


Snapshot weight 5 shuffle 1 at epoch 50
Layer 11
Getting activations...


391/391 - 24s - loss: 0.4057 - accuracy: 0.8706 - val_loss: 0.4414 - val_accuracy: 0.8651
Epoch 51/350
391/391 - 23s - loss: 0.4009 - accuracy: 0.8723 - val_loss: 0.4632 - val_accuracy: 0.8563
Epoch 52/350
391/391 - 24s - loss: 0.3966 - accuracy: 0.8716 - val_loss: 0.4452 - val_accuracy: 0.8640
Epoch 53/350
391/391 - 23s - loss: 0.3922 - accuracy: 0.8744 - val_loss: 0.4802 - val_accuracy: 0.8583
Epoch 54/350
391/391 - 23s - loss: 0.3874 - accuracy: 0.8758 - val_loss: 0.4328 - val_accuracy: 0.8691
Epoch 55/350
391/391 - 23s - loss: 0.3767 - accuracy: 0.8799 - val_loss: 0.4337 - val_accuracy: 0.8674
Epoch 56/350
391/391 - 24s - loss: 0.3715 - accuracy: 0.8816 - val_loss: 0.4414 - val_accuracy: 0.8704
Epoch 57/350
391/391 - 23s - loss: 0.3751 - accuracy: 0.8810 - val_loss: 0.4774 - val_accuracy: 0.8585
Epoch 58/350
391/391 - 23s - loss: 0.3639 - accuracy: 0.8840 - val_loss: 0.4436 - val_accuracy: 0.8674
Epoch 59/350
391/391 - 23s - loss: 0.3611 - accuracy: 0.8857 - val_loss: 0.4483 - val_accuracy: 0.8694
Epoch 60/350
391/391 - 23s - loss: 0.3663 - accuracy: 0.8830 - val_loss: 0.4377 - val_accuracy: 0.8733
Epoch 61/350
391/391 - 24s - loss: 0.3560 - accuracy: 0.8860 - val_loss: 0.4465 - val_accuracy: 0.8669
Epoch 62/350
391/391 - 23s - loss: 0.3562 - accuracy: 0.8879 - val_loss: 0.4410 - val_accuracy: 0.8698
Epoch 63/350
391/391 - 23s - loss: 0.3478 - accuracy: 0.8905 - val_loss: 0.4340 - val_accuracy: 0.8759
Epoch 64/350
391/391 - 24s - loss: 0.3412 - accuracy: 0.8937 - val_loss: 0.4431 - val_accuracy: 0.8744
Epoch 65/350
391/391 - 23s - loss: 0.3407 - accuracy: 0.8919 - val_loss: 0.4505 - val_accuracy: 0.8705
Epoch 66/350
391/391 - 23s - loss: 0.3448 - accuracy: 0.8910 - val_loss: 0.4213 - val_accuracy: 0.8731
Epoch 67/350
391/391 - 23s - loss: 0.3349 - accuracy: 0.8946 - val_loss: 0.4218 - val_accuracy: 0.8771
Epoch 68/350
391/391 - 23s - loss: 0.3320 - accuracy: 0.8957 - val_loss: 0.4306 - val_accuracy: 0.8737
Epoch 69/350
391/391 - 23s - loss: 0.3309 - accuracy: 0.8952 - val_loss: 0.4235 - val_accuracy: 0.8785
Epoch 70/350
391/391 - 23s - loss: 0.3238 - accuracy: 0.8972 - val_loss: 0.4307 - val_accuracy: 0.8740
Epoch 71/350
391/391 - 23s - loss: 0.3220 - accuracy: 0.8989 - val_loss: 0.4337 - val_accuracy: 0.8740
Epoch 72/350
391/391 - 23s - loss: 0.3208 - accuracy: 0.8974 - val_loss: 0.4730 - val_accuracy: 0.8621
Epoch 73/350
391/391 - 23s - loss: 0.3245 - accuracy: 0.8970 - val_loss: 0.4354 - val_accuracy: 0.8761
Epoch 74/350
391/391 - 23s - loss: 0.3151 - accuracy: 0.9014 - val_loss: 0.4273 - val_accuracy: 0.8815
Epoch 75/350
391/391 - 23s - loss: 0.3180 - accuracy: 0.9006 - val_loss: 0.4294 - val_accuracy: 0.8776
Epoch 76/350
391/391 - 23s - loss: 0.3088 - accuracy: 0.9043 - val_loss: 0.4370 - val_accuracy: 0.8803
Epoch 77/350
391/391 - 23s - loss: 0.3131 - accuracy: 0.9028 - val_loss: 0.4037 - val_accuracy: 0.8838
Epoch 78/350
391/391 - 23s - loss: 0.3071 - accuracy: 0.9048 - val_loss: 0.4326 - val_accuracy: 0.8759
Epoch 79/350
391/391 - 23s - loss: 0.3064 - accuracy: 0.9054 - val_loss: 0.3949 - val_accuracy: 0.8869
Epoch 80/350
391/391 - 23s - loss: 0.3031 - accuracy: 0.9064 - val_loss: 0.4184 - val_accuracy: 0.8827
Epoch 81/350
391/391 - 24s - loss: 0.2959 - accuracy: 0.9080 - val_loss: 0.4555 - val_accuracy: 0.8810
Epoch 82/350
391/391 - 24s - loss: 0.3000 - accuracy: 0.9057 - val_loss: 0.4102 - val_accuracy: 0.8886
Epoch 83/350
391/391 - 23s - loss: 0.2937 - accuracy: 0.9092 - val_loss: 0.4006 - val_accuracy: 0.8872
Epoch 84/350
391/391 - 23s - loss: 0.2912 - accuracy: 0.9105 - val_loss: 0.4102 - val_accuracy: 0.8856
Epoch 85/350
391/391 - 23s - loss: 0.2908 - accuracy: 0.9111 - val_loss: 0.4161 - val_accuracy: 0.8817
Epoch 86/350
391/391 - 24s - loss: 0.2915 - accuracy: 0.9090 - val_loss: 0.3930 - val_accuracy: 0.8874
Epoch 87/350
391/391 - 23s - loss: 0.2860 - accuracy: 0.9108 - val_loss: 0.4086 - val_accuracy: 0.8867
Epoch 88/350
391/391 - 23s - loss: 0.2794 - accuracy: 0.9135 - val_loss: 0.4123 - val_accuracy: 0.8840
Epoch 89/350
391/391 - 24s - loss: 0.2808 - accuracy: 0.9141 - val_loss: 0.4326 - val_accuracy: 0.8849
Epoch 90/350
391/391 - 23s - loss: 0.2734 - accuracy: 0.9172 - val_loss: 0.4263 - val_accuracy: 0.8813
Epoch 91/350
391/391 - 23s - loss: 0.2737 - accuracy: 0.9153 - val_loss: 0.4381 - val_accuracy: 0.8762
Epoch 92/350
391/391 - 24s - loss: 0.2734 - accuracy: 0.9162 - val_loss: 0.4054 - val_accuracy: 0.8872
Epoch 93/350
391/391 - 23s - loss: 0.2697 - accuracy: 0.9175 - val_loss: 0.4094 - val_accuracy: 0.8907
Epoch 94/350
391/391 - 24s - loss: 0.2649 - accuracy: 0.9179 - val_loss: 0.4502 - val_accuracy: 0.8778
Epoch 95/350
391/391 - 23s - loss: 0.2686 - accuracy: 0.9180 - val_loss: 0.4305 - val_accuracy: 0.8814
Epoch 96/350
391/391 - 23s - loss: 0.2672 - accuracy: 0.9190 - val_loss: 0.4015 - val_accuracy: 0.8877
Epoch 97/350
391/391 - 23s - loss: 0.2659 - accuracy: 0.9193 - val_loss: 0.3926 - val_accuracy: 0.8937
Epoch 98/350
391/391 - 23s - loss: 0.2611 - accuracy: 0.9214 - val_loss: 0.4188 - val_accuracy: 0.8909
Epoch 99/350
391/391 - 23s - loss: 0.2579 - accuracy: 0.9217 - val_loss: 0.4373 - val_accuracy: 0.8848
Epoch 100/350


Snapshot weight 5 shuffle 1 at epoch 100
Layer 11
Getting activations...


391/391 - 24s - loss: 0.2578 - accuracy: 0.9213 - val_loss: 0.4321 - val_accuracy: 0.8881
Epoch 101/350
391/391 - 23s - loss: 0.2580 - accuracy: 0.9226 - val_loss: 0.4285 - val_accuracy: 0.8874
Epoch 102/350
391/391 - 23s - loss: 0.2568 - accuracy: 0.9229 - val_loss: 0.4324 - val_accuracy: 0.8871
Epoch 103/350
391/391 - 23s - loss: 0.2584 - accuracy: 0.9214 - val_loss: 0.4157 - val_accuracy: 0.8890
Epoch 104/350
391/391 - 23s - loss: 0.2504 - accuracy: 0.9249 - val_loss: 0.4092 - val_accuracy: 0.8904
Epoch 105/350
391/391 - 23s - loss: 0.2514 - accuracy: 0.9242 - val_loss: 0.4284 - val_accuracy: 0.8865
Epoch 106/350
391/391 - 23s - loss: 0.2483 - accuracy: 0.9256 - val_loss: 0.4268 - val_accuracy: 0.8860
Epoch 107/350
391/391 - 23s - loss: 0.2499 - accuracy: 0.9241 - val_loss: 0.4276 - val_accuracy: 0.8902
Epoch 108/350
391/391 - 23s - loss: 0.2454 - accuracy: 0.9267 - val_loss: 0.4384 - val_accuracy: 0.8891
Epoch 109/350
391/391 - 23s - loss: 0.2422 - accuracy: 0.9276 - val_loss: 0.4521 - val_accuracy: 0.8881
Epoch 110/350
391/391 - 23s - loss: 0.2435 - accuracy: 0.9277 - val_loss: 0.4205 - val_accuracy: 0.8851
Epoch 111/350
391/391 - 23s - loss: 0.2402 - accuracy: 0.9283 - val_loss: 0.4185 - val_accuracy: 0.8863
Epoch 112/350
391/391 - 23s - loss: 0.2384 - accuracy: 0.9298 - val_loss: 0.4374 - val_accuracy: 0.8864
Epoch 113/350
391/391 - 23s - loss: 0.2355 - accuracy: 0.9298 - val_loss: 0.4806 - val_accuracy: 0.8776
Epoch 114/350
391/391 - 23s - loss: 0.2362 - accuracy: 0.9312 - val_loss: 0.4416 - val_accuracy: 0.8924
Epoch 115/350
391/391 - 23s - loss: 0.2362 - accuracy: 0.9306 - val_loss: 0.4242 - val_accuracy: 0.8921
Epoch 116/350
391/391 - 24s - loss: 0.2362 - accuracy: 0.9301 - val_loss: 0.4028 - val_accuracy: 0.8932
Epoch 117/350
391/391 - 23s - loss: 0.2325 - accuracy: 0.9329 - val_loss: 0.4228 - val_accuracy: 0.8907
Epoch 118/350
391/391 - 23s - loss: 0.2350 - accuracy: 0.9299 - val_loss: 0.4342 - val_accuracy: 0.8835
Epoch 119/350
391/391 - 23s - loss: 0.2295 - accuracy: 0.9331 - val_loss: 0.4447 - val_accuracy: 0.8889
Epoch 120/350
391/391 - 24s - loss: 0.2316 - accuracy: 0.9314 - val_loss: 0.4424 - val_accuracy: 0.8921
Epoch 121/350
391/391 - 23s - loss: 0.2311 - accuracy: 0.9324 - val_loss: 0.4455 - val_accuracy: 0.8827
Epoch 122/350
391/391 - 24s - loss: 0.2302 - accuracy: 0.9322 - val_loss: 0.4059 - val_accuracy: 0.8944
Epoch 123/350
391/391 - 23s - loss: 0.2276 - accuracy: 0.9340 - val_loss: 0.4549 - val_accuracy: 0.8852
Epoch 124/350
391/391 - 23s - loss: 0.2246 - accuracy: 0.9347 - val_loss: 0.4447 - val_accuracy: 0.8899
Epoch 125/350
391/391 - 24s - loss: 0.2250 - accuracy: 0.9351 - val_loss: 0.4374 - val_accuracy: 0.8851
Epoch 126/350
391/391 - 23s - loss: 0.2225 - accuracy: 0.9348 - val_loss: 0.4266 - val_accuracy: 0.8919
Epoch 127/350
391/391 - 23s - loss: 0.2201 - accuracy: 0.9364 - val_loss: 0.4240 - val_accuracy: 0.8954
Epoch 128/350
391/391 - 24s - loss: 0.2169 - accuracy: 0.9369 - val_loss: 0.4287 - val_accuracy: 0.8935
Epoch 129/350
391/391 - 24s - loss: 0.2166 - accuracy: 0.9369 - val_loss: 0.4197 - val_accuracy: 0.8946
Epoch 130/350
391/391 - 24s - loss: 0.2171 - accuracy: 0.9362 - val_loss: 0.4760 - val_accuracy: 0.8803
Epoch 131/350
391/391 - 23s - loss: 0.2155 - accuracy: 0.9383 - val_loss: 0.4464 - val_accuracy: 0.8916
Epoch 132/350
391/391 - 23s - loss: 0.2101 - accuracy: 0.9411 - val_loss: 0.4428 - val_accuracy: 0.8895
Epoch 133/350
391/391 - 24s - loss: 0.2204 - accuracy: 0.9349 - val_loss: 0.4526 - val_accuracy: 0.8897
Epoch 134/350
391/391 - 23s - loss: 0.2129 - accuracy: 0.9388 - val_loss: 0.4317 - val_accuracy: 0.8954
Epoch 135/350
391/391 - 23s - loss: 0.2163 - accuracy: 0.9377 - val_loss: 0.4339 - val_accuracy: 0.8931
Epoch 136/350
391/391 - 23s - loss: 0.2131 - accuracy: 0.9388 - val_loss: 0.4511 - val_accuracy: 0.8928
Epoch 137/350
391/391 - 23s - loss: 0.2146 - accuracy: 0.9373 - val_loss: 0.4505 - val_accuracy: 0.8926
Epoch 138/350
391/391 - 24s - loss: 0.2112 - accuracy: 0.9395 - val_loss: 0.4516 - val_accuracy: 0.8903
Epoch 139/350
391/391 - 23s - loss: 0.2080 - accuracy: 0.9405 - val_loss: 0.4423 - val_accuracy: 0.8945
Epoch 140/350
391/391 - 23s - loss: 0.2040 - accuracy: 0.9414 - val_loss: 0.4313 - val_accuracy: 0.8946
Epoch 141/350
391/391 - 24s - loss: 0.2067 - accuracy: 0.9410 - val_loss: 0.4649 - val_accuracy: 0.8860
Epoch 142/350
391/391 - 23s - loss: 0.2081 - accuracy: 0.9418 - val_loss: 0.4511 - val_accuracy: 0.8922
Epoch 143/350
391/391 - 23s - loss: 0.1990 - accuracy: 0.9442 - val_loss: 0.4318 - val_accuracy: 0.8975
Epoch 144/350
391/391 - 23s - loss: 0.2020 - accuracy: 0.9438 - val_loss: 0.4302 - val_accuracy: 0.8984
Epoch 145/350
391/391 - 23s - loss: 0.2033 - accuracy: 0.9425 - val_loss: 0.4415 - val_accuracy: 0.8962
Epoch 146/350
391/391 - 24s - loss: 0.1985 - accuracy: 0.9445 - val_loss: 0.4393 - val_accuracy: 0.8942
Epoch 147/350
391/391 - 23s - loss: 0.2022 - accuracy: 0.9435 - val_loss: 0.4539 - val_accuracy: 0.8943
Epoch 148/350
391/391 - 23s - loss: 0.2012 - accuracy: 0.9439 - val_loss: 0.4490 - val_accuracy: 0.8941
Epoch 149/350
391/391 - 23s - loss: 0.1992 - accuracy: 0.9449 - val_loss: 0.4191 - val_accuracy: 0.8998
Epoch 150/350


Snapshot weight 5 shuffle 1 at epoch 150
Layer 11
Getting activations...


391/391 - 24s - loss: 0.1958 - accuracy: 0.9456 - val_loss: 0.4710 - val_accuracy: 0.8915
Epoch 151/350
391/391 - 24s - loss: 0.1970 - accuracy: 0.9455 - val_loss: 0.4299 - val_accuracy: 0.8964
Epoch 152/350
391/391 - 23s - loss: 0.1955 - accuracy: 0.9461 - val_loss: 0.4432 - val_accuracy: 0.8955
Epoch 153/350
391/391 - 24s - loss: 0.1994 - accuracy: 0.9456 - val_loss: 0.4667 - val_accuracy: 0.8912
Epoch 154/350
391/391 - 23s - loss: 0.1969 - accuracy: 0.9454 - val_loss: 0.4477 - val_accuracy: 0.8947
Epoch 155/350
391/391 - 23s - loss: 0.1954 - accuracy: 0.9452 - val_loss: 0.4321 - val_accuracy: 0.8954
Epoch 156/350
391/391 - 24s - loss: 0.1975 - accuracy: 0.9450 - val_loss: 0.4276 - val_accuracy: 0.8997
Epoch 157/350
391/391 - 23s - loss: 0.1925 - accuracy: 0.9468 - val_loss: 0.4380 - val_accuracy: 0.8927
Epoch 158/350
391/391 - 23s - loss: 0.1929 - accuracy: 0.9462 - val_loss: 0.4602 - val_accuracy: 0.8901
Epoch 159/350
391/391 - 24s - loss: 0.1937 - accuracy: 0.9463 - val_loss: 0.4516 - val_accuracy: 0.8887
Epoch 160/350
391/391 - 23s - loss: 0.1936 - accuracy: 0.9468 - val_loss: 0.4302 - val_accuracy: 0.8939
Epoch 161/350
391/391 - 23s - loss: 0.1883 - accuracy: 0.9483 - val_loss: 0.4688 - val_accuracy: 0.9001
Epoch 162/350
391/391 - 23s - loss: 0.1870 - accuracy: 0.9488 - val_loss: 0.4567 - val_accuracy: 0.8895
Epoch 163/350
391/391 - 23s - loss: 0.1846 - accuracy: 0.9502 - val_loss: 0.4417 - val_accuracy: 0.8966
Epoch 164/350
391/391 - 23s - loss: 0.1873 - accuracy: 0.9481 - val_loss: 0.4452 - val_accuracy: 0.8987
Epoch 165/350
391/391 - 23s - loss: 0.1849 - accuracy: 0.9505 - val_loss: 0.4491 - val_accuracy: 0.8991
Epoch 166/350
391/391 - 24s - loss: 0.1847 - accuracy: 0.9497 - val_loss: 0.4428 - val_accuracy: 0.8979
Epoch 167/350
391/391 - 23s - loss: 0.1832 - accuracy: 0.9500 - val_loss: 0.4310 - val_accuracy: 0.8975
Epoch 168/350
391/391 - 23s - loss: 0.1812 - accuracy: 0.9512 - val_loss: 0.4491 - val_accuracy: 0.8991
Epoch 169/350
391/391 - 23s - loss: 0.1855 - accuracy: 0.9502 - val_loss: 0.4379 - val_accuracy: 0.8990
Epoch 170/350
391/391 - 23s - loss: 0.1875 - accuracy: 0.9497 - val_loss: 0.4223 - val_accuracy: 0.9036
Epoch 171/350
391/391 - 23s - loss: 0.1802 - accuracy: 0.9521 - val_loss: 0.4964 - val_accuracy: 0.8950
Epoch 172/350
391/391 - 23s - loss: 0.1798 - accuracy: 0.9517 - val_loss: 0.4569 - val_accuracy: 0.8947
Epoch 173/350
391/391 - 23s - loss: 0.1841 - accuracy: 0.9509 - val_loss: 0.4505 - val_accuracy: 0.9002
Epoch 174/350
391/391 - 23s - loss: 0.1786 - accuracy: 0.9522 - val_loss: 0.4805 - val_accuracy: 0.8958
Epoch 175/350
391/391 - 23s - loss: 0.1762 - accuracy: 0.9531 - val_loss: 0.4690 - val_accuracy: 0.8977
Epoch 176/350
391/391 - 23s - loss: 0.1789 - accuracy: 0.9519 - val_loss: 0.4550 - val_accuracy: 0.8980
Epoch 177/350
391/391 - 23s - loss: 0.1798 - accuracy: 0.9519 - val_loss: 0.4767 - val_accuracy: 0.8978
Epoch 178/350
391/391 - 23s - loss: 0.1798 - accuracy: 0.9527 - val_loss: 0.4685 - val_accuracy: 0.8950
Epoch 179/350
391/391 - 23s - loss: 0.1742 - accuracy: 0.9539 - val_loss: 0.4899 - val_accuracy: 0.8929
Epoch 180/350
391/391 - 23s - loss: 0.1802 - accuracy: 0.9519 - val_loss: 0.4761 - val_accuracy: 0.8912
Epoch 181/350
391/391 - 23s - loss: 0.1756 - accuracy: 0.9543 - val_loss: 0.4382 - val_accuracy: 0.9025
Epoch 182/350
391/391 - 23s - loss: 0.1762 - accuracy: 0.9534 - val_loss: 0.4941 - val_accuracy: 0.8994
Epoch 183/350
391/391 - 23s - loss: 0.1753 - accuracy: 0.9538 - val_loss: 0.4565 - val_accuracy: 0.8969
Epoch 184/350
391/391 - 23s - loss: 0.1762 - accuracy: 0.9538 - val_loss: 0.4595 - val_accuracy: 0.8960
Epoch 185/350
391/391 - 23s - loss: 0.1730 - accuracy: 0.9537 - val_loss: 0.4669 - val_accuracy: 0.9008
Epoch 186/350
391/391 - 23s - loss: 0.1716 - accuracy: 0.9554 - val_loss: 0.4569 - val_accuracy: 0.8987
Epoch 187/350
391/391 - 23s - loss: 0.1751 - accuracy: 0.9544 - val_loss: 0.4507 - val_accuracy: 0.9008
Epoch 188/350
391/391 - 23s - loss: 0.1741 - accuracy: 0.9538 - val_loss: 0.4836 - val_accuracy: 0.8936
Epoch 189/350
391/391 - 23s - loss: 0.1748 - accuracy: 0.9550 - val_loss: 0.4512 - val_accuracy: 0.9007
Epoch 190/350
391/391 - 23s - loss: 0.1711 - accuracy: 0.9549 - val_loss: 0.4608 - val_accuracy: 0.8933
Epoch 191/350
391/391 - 23s - loss: 0.1711 - accuracy: 0.9547 - val_loss: 0.4958 - val_accuracy: 0.8944
Epoch 192/350
391/391 - 23s - loss: 0.1726 - accuracy: 0.9554 - val_loss: 0.4342 - val_accuracy: 0.8989
Epoch 193/350
391/391 - 23s - loss: 0.1703 - accuracy: 0.9560 - val_loss: 0.4667 - val_accuracy: 0.9027
Epoch 194/350
391/391 - 23s - loss: 0.1671 - accuracy: 0.9574 - val_loss: 0.4791 - val_accuracy: 0.8954
Epoch 195/350
391/391 - 23s - loss: 0.1674 - accuracy: 0.9568 - val_loss: 0.4755 - val_accuracy: 0.8950
Epoch 196/350
391/391 - 23s - loss: 0.1675 - accuracy: 0.9571 - val_loss: 0.4767 - val_accuracy: 0.8958
Epoch 197/350
391/391 - 24s - loss: 0.1682 - accuracy: 0.9567 - val_loss: 0.4818 - val_accuracy: 0.8959
Epoch 198/350
391/391 - 23s - loss: 0.1702 - accuracy: 0.9566 - val_loss: 0.5050 - val_accuracy: 0.8929
Epoch 199/350
391/391 - 23s - loss: 0.1687 - accuracy: 0.9564 - val_loss: 0.5145 - val_accuracy: 0.8927
Epoch 200/350


Snapshot weight 5 shuffle 1 at epoch 200
Layer 11
Getting activations...


391/391 - 24s - loss: 0.1627 - accuracy: 0.9592 - val_loss: 0.4795 - val_accuracy: 0.8975
Epoch 201/350
391/391 - 23s - loss: 0.1421 - accuracy: 0.9663 - val_loss: 0.4575 - val_accuracy: 0.9036
Epoch 202/350
391/391 - 23s - loss: 0.1286 - accuracy: 0.9713 - val_loss: 0.4506 - val_accuracy: 0.9057
Epoch 203/350
391/391 - 23s - loss: 0.1230 - accuracy: 0.9722 - val_loss: 0.4618 - val_accuracy: 0.9048
Epoch 204/350
391/391 - 23s - loss: 0.1225 - accuracy: 0.9736 - val_loss: 0.4638 - val_accuracy: 0.9056
Epoch 205/350
391/391 - 24s - loss: 0.1196 - accuracy: 0.9736 - val_loss: 0.4749 - val_accuracy: 0.9051
Epoch 206/350
391/391 - 23s - loss: 0.1180 - accuracy: 0.9744 - val_loss: 0.4677 - val_accuracy: 0.9058
Epoch 207/350
391/391 - 24s - loss: 0.1191 - accuracy: 0.9741 - val_loss: 0.4708 - val_accuracy: 0.9064
Epoch 208/350
391/391 - 23s - loss: 0.1159 - accuracy: 0.9756 - val_loss: 0.4744 - val_accuracy: 0.9059
Epoch 209/350
391/391 - 24s - loss: 0.1161 - accuracy: 0.9754 - val_loss: 0.4793 - val_accuracy: 0.9057
Epoch 210/350
391/391 - 23s - loss: 0.1156 - accuracy: 0.9755 - val_loss: 0.4822 - val_accuracy: 0.9069
Epoch 211/350
391/391 - 23s - loss: 0.1147 - accuracy: 0.9757 - val_loss: 0.4765 - val_accuracy: 0.9065
Epoch 212/350
391/391 - 23s - loss: 0.1138 - accuracy: 0.9755 - val_loss: 0.4863 - val_accuracy: 0.9056
Epoch 213/350
391/391 - 23s - loss: 0.1143 - accuracy: 0.9754 - val_loss: 0.4803 - val_accuracy: 0.9076
Epoch 214/350
391/391 - 23s - loss: 0.1159 - accuracy: 0.9757 - val_loss: 0.4757 - val_accuracy: 0.9091
Epoch 215/350
391/391 - 23s - loss: 0.1141 - accuracy: 0.9759 - val_loss: 0.4883 - val_accuracy: 0.9070
Epoch 216/350
391/391 - 23s - loss: 0.1156 - accuracy: 0.9757 - val_loss: 0.4787 - val_accuracy: 0.9067
Epoch 217/350
391/391 - 23s - loss: 0.1129 - accuracy: 0.9766 - val_loss: 0.4822 - val_accuracy: 0.9065
Epoch 218/350
391/391 - 23s - loss: 0.1151 - accuracy: 0.9754 - val_loss: 0.4786 - val_accuracy: 0.9049
Epoch 219/350
391/391 - 23s - loss: 0.1105 - accuracy: 0.9776 - val_loss: 0.4864 - val_accuracy: 0.9064
Epoch 220/350
391/391 - 23s - loss: 0.1122 - accuracy: 0.9766 - val_loss: 0.4793 - val_accuracy: 0.9072
Epoch 221/350
391/391 - 23s - loss: 0.1144 - accuracy: 0.9758 - val_loss: 0.4868 - val_accuracy: 0.9062
Epoch 222/350
391/391 - 23s - loss: 0.1115 - accuracy: 0.9769 - val_loss: 0.4971 - val_accuracy: 0.9054
Epoch 223/350
391/391 - 24s - loss: 0.1105 - accuracy: 0.9771 - val_loss: 0.4819 - val_accuracy: 0.9054
Epoch 224/350
391/391 - 23s - loss: 0.1108 - accuracy: 0.9769 - val_loss: 0.4866 - val_accuracy: 0.9067
Epoch 225/350
391/391 - 23s - loss: 0.1086 - accuracy: 0.9773 - val_loss: 0.4830 - val_accuracy: 0.9069
Epoch 226/350
391/391 - 23s - loss: 0.1090 - accuracy: 0.9773 - val_loss: 0.4927 - val_accuracy: 0.9064
Epoch 227/350
391/391 - 24s - loss: 0.1093 - accuracy: 0.9778 - val_loss: 0.4903 - val_accuracy: 0.9046
Epoch 228/350
391/391 - 23s - loss: 0.1093 - accuracy: 0.9775 - val_loss: 0.4969 - val_accuracy: 0.9047
Epoch 229/350
391/391 - 23s - loss: 0.1094 - accuracy: 0.9769 - val_loss: 0.4890 - val_accuracy: 0.9064
Epoch 230/350
391/391 - 23s - loss: 0.1101 - accuracy: 0.9779 - val_loss: 0.4918 - val_accuracy: 0.9051
Epoch 231/350
391/391 - 23s - loss: 0.1079 - accuracy: 0.9783 - val_loss: 0.4969 - val_accuracy: 0.9061
Epoch 232/350
391/391 - 23s - loss: 0.1104 - accuracy: 0.9777 - val_loss: 0.4871 - val_accuracy: 0.9064
Epoch 233/350
391/391 - 24s - loss: 0.1085 - accuracy: 0.9774 - val_loss: 0.4994 - val_accuracy: 0.9066
Epoch 234/350
391/391 - 23s - loss: 0.1051 - accuracy: 0.9787 - val_loss: 0.4977 - val_accuracy: 0.9076
Epoch 235/350
391/391 - 23s - loss: 0.1082 - accuracy: 0.9779 - val_loss: 0.4929 - val_accuracy: 0.9068
Epoch 236/350
391/391 - 23s - loss: 0.1088 - accuracy: 0.9770 - val_loss: 0.4992 - val_accuracy: 0.9069
Epoch 237/350
391/391 - 23s - loss: 0.1083 - accuracy: 0.9781 - val_loss: 0.4985 - val_accuracy: 0.9056
Epoch 238/350
391/391 - 23s - loss: 0.1071 - accuracy: 0.9780 - val_loss: 0.4980 - val_accuracy: 0.9062
Epoch 239/350
391/391 - 23s - loss: 0.1100 - accuracy: 0.9776 - val_loss: 0.4862 - val_accuracy: 0.9083
Epoch 240/350
391/391 - 23s - loss: 0.1051 - accuracy: 0.9782 - val_loss: 0.5024 - val_accuracy: 0.9075
Epoch 241/350
391/391 - 23s - loss: 0.1081 - accuracy: 0.9783 - val_loss: 0.4931 - val_accuracy: 0.9075
Epoch 242/350
391/391 - 23s - loss: 0.1056 - accuracy: 0.9789 - val_loss: 0.5037 - val_accuracy: 0.9070
Epoch 243/350
391/391 - 23s - loss: 0.1067 - accuracy: 0.9789 - val_loss: 0.4992 - val_accuracy: 0.9061
Epoch 244/350
391/391 - 23s - loss: 0.1087 - accuracy: 0.9778 - val_loss: 0.4970 - val_accuracy: 0.9078
Epoch 245/350
391/391 - 23s - loss: 0.1049 - accuracy: 0.9782 - val_loss: 0.4958 - val_accuracy: 0.9071
Epoch 246/350
391/391 - 23s - loss: 0.1069 - accuracy: 0.9790 - val_loss: 0.4928 - val_accuracy: 0.9079
Epoch 247/350
391/391 - 23s - loss: 0.1058 - accuracy: 0.9787 - val_loss: 0.4986 - val_accuracy: 0.9074
Epoch 248/350
391/391 - 23s - loss: 0.1054 - accuracy: 0.9786 - val_loss: 0.4985 - val_accuracy: 0.9064
Epoch 249/350
391/391 - 23s - loss: 0.1060 - accuracy: 0.9785 - val_loss: 0.5037 - val_accuracy: 0.9065
Epoch 250/350


Snapshot weight 5 shuffle 1 at epoch 250
Layer 11
Getting activations...


391/391 - 24s - loss: 0.1058 - accuracy: 0.9789 - val_loss: 0.5025 - val_accuracy: 0.9086
Epoch 251/350
391/391 - 23s - loss: 0.1039 - accuracy: 0.9794 - val_loss: 0.5039 - val_accuracy: 0.9084
Epoch 252/350
391/391 - 23s - loss: 0.1005 - accuracy: 0.9810 - val_loss: 0.5032 - val_accuracy: 0.9093
Epoch 253/350
391/391 - 24s - loss: 0.1047 - accuracy: 0.9786 - val_loss: 0.5019 - val_accuracy: 0.9086
Epoch 254/350
391/391 - 23s - loss: 0.1030 - accuracy: 0.9799 - val_loss: 0.4994 - val_accuracy: 0.9090
Epoch 255/350
391/391 - 23s - loss: 0.1018 - accuracy: 0.9801 - val_loss: 0.5010 - val_accuracy: 0.9093
Epoch 256/350
391/391 - 23s - loss: 0.1017 - accuracy: 0.9797 - val_loss: 0.5007 - val_accuracy: 0.9091
Epoch 257/350
391/391 - 23s - loss: 0.1028 - accuracy: 0.9804 - val_loss: 0.4999 - val_accuracy: 0.9093
Epoch 258/350
391/391 - 23s - loss: 0.1006 - accuracy: 0.9806 - val_loss: 0.4997 - val_accuracy: 0.9095
Epoch 259/350
391/391 - 23s - loss: 0.1016 - accuracy: 0.9803 - val_loss: 0.4968 - val_accuracy: 0.9090
Epoch 260/350
391/391 - 23s - loss: 0.0994 - accuracy: 0.9816 - val_loss: 0.5020 - val_accuracy: 0.9090
Epoch 261/350
391/391 - 23s - loss: 0.1043 - accuracy: 0.9788 - val_loss: 0.5007 - val_accuracy: 0.9088
Epoch 262/350
391/391 - 23s - loss: 0.1015 - accuracy: 0.9801 - val_loss: 0.5042 - val_accuracy: 0.9084
Epoch 263/350
391/391 - 23s - loss: 0.1007 - accuracy: 0.9810 - val_loss: 0.5016 - val_accuracy: 0.9089
Epoch 264/350
391/391 - 23s - loss: 0.1025 - accuracy: 0.9797 - val_loss: 0.5039 - val_accuracy: 0.9093
Epoch 265/350
391/391 - 24s - loss: 0.1034 - accuracy: 0.9800 - val_loss: 0.5035 - val_accuracy: 0.9084
Epoch 266/350
391/391 - 23s - loss: 0.0999 - accuracy: 0.9809 - val_loss: 0.5039 - val_accuracy: 0.9088
Epoch 267/350
391/391 - 23s - loss: 0.1011 - accuracy: 0.9805 - val_loss: 0.5031 - val_accuracy: 0.9090
Epoch 268/350
391/391 - 23s - loss: 0.1000 - accuracy: 0.9815 - val_loss: 0.5021 - val_accuracy: 0.9081
Epoch 269/350
391/391 - 23s - loss: 0.1012 - accuracy: 0.9804 - val_loss: 0.5019 - val_accuracy: 0.9091
Epoch 270/350
391/391 - 23s - loss: 0.1024 - accuracy: 0.9810 - val_loss: 0.5012 - val_accuracy: 0.9077
Epoch 271/350
391/391 - 24s - loss: 0.1026 - accuracy: 0.9800 - val_loss: 0.5032 - val_accuracy: 0.9083
Epoch 272/350
391/391 - 23s - loss: 0.1020 - accuracy: 0.9796 - val_loss: 0.5019 - val_accuracy: 0.9087
Epoch 273/350
391/391 - 23s - loss: 0.0985 - accuracy: 0.9810 - val_loss: 0.5034 - val_accuracy: 0.9080
Epoch 274/350
391/391 - 23s - loss: 0.1020 - accuracy: 0.9807 - val_loss: 0.5017 - val_accuracy: 0.9094
Epoch 275/350
391/391 - 24s - loss: 0.1000 - accuracy: 0.9810 - val_loss: 0.5033 - val_accuracy: 0.9082
Epoch 276/350
391/391 - 23s - loss: 0.1010 - accuracy: 0.9810 - val_loss: 0.5024 - val_accuracy: 0.9087
Epoch 277/350
391/391 - 23s - loss: 0.1009 - accuracy: 0.9805 - val_loss: 0.5026 - val_accuracy: 0.9091
Epoch 278/350
391/391 - 23s - loss: 0.1015 - accuracy: 0.9810 - val_loss: 0.5023 - val_accuracy: 0.9090
Epoch 279/350
391/391 - 23s - loss: 0.1020 - accuracy: 0.9797 - val_loss: 0.5036 - val_accuracy: 0.9092
Epoch 280/350
391/391 - 23s - loss: 0.1019 - accuracy: 0.9795 - val_loss: 0.5028 - val_accuracy: 0.9092
Epoch 281/350
391/391 - 24s - loss: 0.1007 - accuracy: 0.9804 - val_loss: 0.5043 - val_accuracy: 0.9080
Epoch 282/350
391/391 - 23s - loss: 0.1030 - accuracy: 0.9794 - val_loss: 0.5013 - val_accuracy: 0.9094
Epoch 283/350
391/391 - 23s - loss: 0.1004 - accuracy: 0.9806 - val_loss: 0.5002 - val_accuracy: 0.9090
Epoch 284/350
391/391 - 23s - loss: 0.1015 - accuracy: 0.9801 - val_loss: 0.5010 - val_accuracy: 0.9080
Epoch 285/350
391/391 - 23s - loss: 0.1026 - accuracy: 0.9802 - val_loss: 0.5017 - val_accuracy: 0.9077
Epoch 286/350
391/391 - 23s - loss: 0.1013 - accuracy: 0.9801 - val_loss: 0.5029 - val_accuracy: 0.9085
Epoch 287/350
391/391 - 23s - loss: 0.1015 - accuracy: 0.9802 - val_loss: 0.5035 - val_accuracy: 0.9089
Epoch 288/350
391/391 - 23s - loss: 0.1020 - accuracy: 0.9803 - val_loss: 0.4999 - val_accuracy: 0.9081
Epoch 289/350
391/391 - 23s - loss: 0.1011 - accuracy: 0.9807 - val_loss: 0.4996 - val_accuracy: 0.9083
Epoch 290/350
391/391 - 23s - loss: 0.0996 - accuracy: 0.9812 - val_loss: 0.5003 - val_accuracy: 0.9081
Epoch 291/350
391/391 - 23s - loss: 0.0992 - accuracy: 0.9813 - val_loss: 0.5006 - val_accuracy: 0.9085
Epoch 292/350
391/391 - 23s - loss: 0.1011 - accuracy: 0.9807 - val_loss: 0.5036 - val_accuracy: 0.9079
Epoch 293/350
391/391 - 24s - loss: 0.0999 - accuracy: 0.9809 - val_loss: 0.5014 - val_accuracy: 0.9089
Epoch 294/350
391/391 - 23s - loss: 0.1016 - accuracy: 0.9805 - val_loss: 0.5023 - val_accuracy: 0.9086
Epoch 295/350
391/391 - 24s - loss: 0.1001 - accuracy: 0.9805 - val_loss: 0.5035 - val_accuracy: 0.9082
Epoch 296/350
391/391 - 23s - loss: 0.1013 - accuracy: 0.9802 - val_loss: 0.5034 - val_accuracy: 0.9084
Epoch 297/350
391/391 - 23s - loss: 0.1006 - accuracy: 0.9806 - val_loss: 0.5024 - val_accuracy: 0.9094
Epoch 298/350
391/391 - 23s - loss: 0.1019 - accuracy: 0.9802 - val_loss: 0.5041 - val_accuracy: 0.9083
Epoch 299/350
391/391 - 23s - loss: 0.1001 - accuracy: 0.9803 - val_loss: 0.5041 - val_accuracy: 0.9087
Epoch 300/350


Snapshot weight 5 shuffle 1 at epoch 300
Layer 11
Getting activations...


391/391 - 24s - loss: 0.1008 - accuracy: 0.9804 - val_loss: 0.5027 - val_accuracy: 0.9082
Epoch 301/350
391/391 - 23s - loss: 0.1030 - accuracy: 0.9800 - val_loss: 0.5024 - val_accuracy: 0.9080
Epoch 302/350
391/391 - 23s - loss: 0.1002 - accuracy: 0.9809 - val_loss: 0.5024 - val_accuracy: 0.9078
Epoch 303/350
391/391 - 23s - loss: 0.1013 - accuracy: 0.9800 - val_loss: 0.5024 - val_accuracy: 0.9077
Epoch 304/350
391/391 - 23s - loss: 0.0988 - accuracy: 0.9812 - val_loss: 0.5024 - val_accuracy: 0.9079
Epoch 305/350
391/391 - 23s - loss: 0.1004 - accuracy: 0.9803 - val_loss: 0.5027 - val_accuracy: 0.9079
Epoch 306/350
391/391 - 23s - loss: 0.1014 - accuracy: 0.9804 - val_loss: 0.5027 - val_accuracy: 0.9081
Epoch 307/350
391/391 - 23s - loss: 0.0999 - accuracy: 0.9813 - val_loss: 0.5027 - val_accuracy: 0.9080
Epoch 308/350
391/391 - 23s - loss: 0.1010 - accuracy: 0.9804 - val_loss: 0.5027 - val_accuracy: 0.9082
Epoch 309/350
391/391 - 23s - loss: 0.1018 - accuracy: 0.9802 - val_loss: 0.5028 - val_accuracy: 0.9084
Epoch 310/350
391/391 - 23s - loss: 0.0981 - accuracy: 0.9815 - val_loss: 0.5028 - val_accuracy: 0.9085
Epoch 311/350
391/391 - 23s - loss: 0.1005 - accuracy: 0.9806 - val_loss: 0.5025 - val_accuracy: 0.9085
Epoch 312/350
391/391 - 24s - loss: 0.1005 - accuracy: 0.9808 - val_loss: 0.5028 - val_accuracy: 0.9083
Epoch 313/350
391/391 - 23s - loss: 0.1015 - accuracy: 0.9806 - val_loss: 0.5027 - val_accuracy: 0.9085
Epoch 314/350
391/391 - 23s - loss: 0.1011 - accuracy: 0.9809 - val_loss: 0.5031 - val_accuracy: 0.9084
Epoch 315/350
391/391 - 23s - loss: 0.1001 - accuracy: 0.9811 - val_loss: 0.5032 - val_accuracy: 0.9081
Epoch 316/350
391/391 - 23s - loss: 0.0997 - accuracy: 0.9807 - val_loss: 0.5036 - val_accuracy: 0.9080
Epoch 317/350
391/391 - 24s - loss: 0.0990 - accuracy: 0.9810 - val_loss: 0.5038 - val_accuracy: 0.9085
Epoch 318/350
391/391 - 23s - loss: 0.1002 - accuracy: 0.9808 - val_loss: 0.5038 - val_accuracy: 0.9083
Epoch 319/350
391/391 - 23s - loss: 0.1012 - accuracy: 0.9808 - val_loss: 0.5034 - val_accuracy: 0.9083
Epoch 320/350
391/391 - 23s - loss: 0.1005 - accuracy: 0.9809 - val_loss: 0.5034 - val_accuracy: 0.9084
Epoch 321/350
391/391 - 23s - loss: 0.1000 - accuracy: 0.9810 - val_loss: 0.5036 - val_accuracy: 0.9080
Epoch 322/350
391/391 - 24s - loss: 0.1015 - accuracy: 0.9802 - val_loss: 0.5038 - val_accuracy: 0.9081
Epoch 323/350
391/391 - 23s - loss: 0.1003 - accuracy: 0.9807 - val_loss: 0.5038 - val_accuracy: 0.9080
Epoch 324/350
391/391 - 24s - loss: 0.0997 - accuracy: 0.9807 - val_loss: 0.5039 - val_accuracy: 0.9081
Epoch 325/350
391/391 - 23s - loss: 0.1033 - accuracy: 0.9790 - val_loss: 0.5039 - val_accuracy: 0.9080
Epoch 326/350
391/391 - 23s - loss: 0.1019 - accuracy: 0.9801 - val_loss: 0.5037 - val_accuracy: 0.9082
Epoch 327/350
391/391 - 23s - loss: 0.0994 - accuracy: 0.9809 - val_loss: 0.5040 - val_accuracy: 0.9081
Epoch 328/350
391/391 - 23s - loss: 0.1009 - accuracy: 0.9800 - val_loss: 0.5039 - val_accuracy: 0.9080
Epoch 329/350
391/391 - 23s - loss: 0.0998 - accuracy: 0.9811 - val_loss: 0.5039 - val_accuracy: 0.9085
Epoch 330/350
391/391 - 23s - loss: 0.1003 - accuracy: 0.9810 - val_loss: 0.5040 - val_accuracy: 0.9084
Epoch 331/350
391/391 - 23s - loss: 0.1000 - accuracy: 0.9809 - val_loss: 0.5040 - val_accuracy: 0.9084
Epoch 332/350
391/391 - 23s - loss: 0.1017 - accuracy: 0.9804 - val_loss: 0.5041 - val_accuracy: 0.9081
Epoch 333/350
391/391 - 23s - loss: 0.1002 - accuracy: 0.9811 - val_loss: 0.5041 - val_accuracy: 0.9081
Epoch 334/350
391/391 - 23s - loss: 0.0963 - accuracy: 0.9819 - val_loss: 0.5044 - val_accuracy: 0.9082
Epoch 335/350
391/391 - 23s - loss: 0.1035 - accuracy: 0.9791 - val_loss: 0.5043 - val_accuracy: 0.9081
Epoch 336/350
391/391 - 23s - loss: 0.0998 - accuracy: 0.9808 - val_loss: 0.5040 - val_accuracy: 0.9083
Epoch 337/350
391/391 - 23s - loss: 0.1008 - accuracy: 0.9811 - val_loss: 0.5041 - val_accuracy: 0.9082
Epoch 338/350
391/391 - 23s - loss: 0.0979 - accuracy: 0.9819 - val_loss: 0.5041 - val_accuracy: 0.9082
Epoch 339/350
391/391 - 23s - loss: 0.1012 - accuracy: 0.9797 - val_loss: 0.5041 - val_accuracy: 0.9080
Epoch 340/350
391/391 - 23s - loss: 0.1018 - accuracy: 0.9803 - val_loss: 0.5039 - val_accuracy: 0.9083
Epoch 341/350
391/391 - 23s - loss: 0.1017 - accuracy: 0.9806 - val_loss: 0.5038 - val_accuracy: 0.9083
Epoch 342/350
391/391 - 23s - loss: 0.0999 - accuracy: 0.9801 - val_loss: 0.5038 - val_accuracy: 0.9084
Epoch 343/350
391/391 - 23s - loss: 0.1034 - accuracy: 0.9792 - val_loss: 0.5035 - val_accuracy: 0.9083
Epoch 344/350
391/391 - 23s - loss: 0.1020 - accuracy: 0.9799 - val_loss: 0.5039 - val_accuracy: 0.9084
Epoch 345/350
391/391 - 23s - loss: 0.0991 - accuracy: 0.9812 - val_loss: 0.5039 - val_accuracy: 0.9085
Epoch 346/350
391/391 - 24s - loss: 0.1014 - accuracy: 0.9805 - val_loss: 0.5038 - val_accuracy: 0.9085
Epoch 347/350
391/391 - 23s - loss: 0.1014 - accuracy: 0.9810 - val_loss: 0.5039 - val_accuracy: 0.9083
Epoch 348/350
391/391 - 23s - loss: 0.1004 - accuracy: 0.9807 - val_loss: 0.5039 - val_accuracy: 0.9083
Epoch 349/350
391/391 - 23s - loss: 0.0991 - accuracy: 0.9812 - val_loss: 0.5042 - val_accuracy: 0.9083
Epoch 350/350


Snapshot weight 5 shuffle 1 at epoch 350
Layer 11
Getting activations...


391/391 - 23s - loss: 0.1029 - accuracy: 0.9796 - val_loss: 0.5041 - val_accuracy: 0.9083
/usr/local/lib/python3.6/dist-packages/tensorflow/python/autograph/impl/api.py:493: UserWarning: fill_value is not supported and is always 0 for TensorFlow < 2.4.0.
  return py_builtins.overload_of(f)(*args)
WARNING:tensorflow:From /usr/local/lib/python3.6/dist-packages/tensorflow/python/training/tracking/tracking.py:111: Model.state_updates (from tensorflow.python.keras.engine.training) is deprecated and will be removed in a future version.
Instructions for updating:
This property should not be used in TensorFlow 2.0, as updates are applied automatically.
2021-07-01 21:13:55.369338: W tensorflow/python/util/util.cc:348] Sets are not currently considered sequences, but this may change in the future, so consider avoiding using them.
WARNING:tensorflow:From /usr/local/lib/python3.6/dist-packages/tensorflow/python/training/tracking/tracking.py:111: Layer.updates (from tensorflow.python.keras.engine.base_layer) is deprecated and will be removed in a future version.
Instructions for updating:
This property should not be used in TensorFlow 2.0, as updates are applied automatically.
Saving, final validation acc: 0.90829998254776
