2021-07-02 21:29:12.182097: I tensorflow/stream_executor/platform/default/dso_loader.cc:48] Successfully opened dynamic library libcudart.so.10.1
2021-07-02 21:30:23.711671: I tensorflow/stream_executor/platform/default/dso_loader.cc:48] Successfully opened dynamic library libcuda.so.1
2021-07-02 21:30:23.733678: I tensorflow/core/common_runtime/gpu/gpu_device.cc:1716] Found device 0 with properties: 
pciBusID: 0000:82:00.0 name: NVIDIA TITAN Xp computeCapability: 6.1
coreClock: 1.582GHz coreCount: 30 deviceMemorySize: 11.91GiB deviceMemoryBandwidth: 510.07GiB/s
2021-07-02 21:30:23.733759: I tensorflow/stream_executor/platform/default/dso_loader.cc:48] Successfully opened dynamic library libcudart.so.10.1
2021-07-02 21:30:23.776228: I tensorflow/stream_executor/platform/default/dso_loader.cc:48] Successfully opened dynamic library libcublas.so.10
2021-07-02 21:30:23.798156: I tensorflow/stream_executor/platform/default/dso_loader.cc:48] Successfully opened dynamic library libcufft.so.10
2021-07-02 21:30:23.806970: I tensorflow/stream_executor/platform/default/dso_loader.cc:48] Successfully opened dynamic library libcurand.so.10
2021-07-02 21:30:23.851381: I tensorflow/stream_executor/platform/default/dso_loader.cc:48] Successfully opened dynamic library libcusolver.so.10
2021-07-02 21:30:23.859869: I tensorflow/stream_executor/platform/default/dso_loader.cc:48] Successfully opened dynamic library libcusparse.so.10
2021-07-02 21:30:23.939592: I tensorflow/stream_executor/platform/default/dso_loader.cc:48] Successfully opened dynamic library libcudnn.so.7
2021-07-02 21:30:23.942080: I tensorflow/core/common_runtime/gpu/gpu_device.cc:1858] Adding visible gpu devices: 0
2021-07-02 21:30:23.945965: I tensorflow/core/platform/cpu_feature_guard.cc:142] This TensorFlow binary is optimized with oneAPI Deep Neural Network Library (oneDNN)to use the following CPU instructions in performance-critical operations:  AVX2 FMA
To enable them in other operations, rebuild TensorFlow with the appropriate compiler flags.
2021-07-02 21:30:23.962814: I tensorflow/core/platform/profile_utils/cpu_utils.cc:104] CPU Frequency: 2599870000 Hz
2021-07-02 21:30:23.962940: I tensorflow/compiler/xla/service/service.cc:168] XLA service 0x3e123c0 initialized for platform Host (this does not guarantee that XLA will be used). Devices:
2021-07-02 21:30:23.962962: I tensorflow/compiler/xla/service/service.cc:176]   StreamExecutor device (0): Host, Default Version
2021-07-02 21:30:24.092828: I tensorflow/compiler/xla/service/service.cc:168] XLA service 0x3df3840 initialized for platform CUDA (this does not guarantee that XLA will be used). Devices:
2021-07-02 21:30:24.092897: I tensorflow/compiler/xla/service/service.cc:176]   StreamExecutor device (0): NVIDIA TITAN Xp, Compute Capability 6.1
2021-07-02 21:30:24.095426: I tensorflow/core/common_runtime/gpu/gpu_device.cc:1716] Found device 0 with properties: 
pciBusID: 0000:82:00.0 name: NVIDIA TITAN Xp computeCapability: 6.1
coreClock: 1.582GHz coreCount: 30 deviceMemorySize: 11.91GiB deviceMemoryBandwidth: 510.07GiB/s
2021-07-02 21:30:24.095467: I tensorflow/stream_executor/platform/default/dso_loader.cc:48] Successfully opened dynamic library libcudart.so.10.1
2021-07-02 21:30:24.095500: I tensorflow/stream_executor/platform/default/dso_loader.cc:48] Successfully opened dynamic library libcublas.so.10
2021-07-02 21:30:24.095523: I tensorflow/stream_executor/platform/default/dso_loader.cc:48] Successfully opened dynamic library libcufft.so.10
2021-07-02 21:30:24.095545: I tensorflow/stream_executor/platform/default/dso_loader.cc:48] Successfully opened dynamic library libcurand.so.10
2021-07-02 21:30:24.095566: I tensorflow/stream_executor/platform/default/dso_loader.cc:48] Successfully opened dynamic library libcusolver.so.10
2021-07-02 21:30:24.095587: I tensorflow/stream_executor/platform/default/dso_loader.cc:48] Successfully opened dynamic library libcusparse.so.10
2021-07-02 21:30:24.095609: I tensorflow/stream_executor/platform/default/dso_loader.cc:48] Successfully opened dynamic library libcudnn.so.7
2021-07-02 21:30:24.098572: I tensorflow/core/common_runtime/gpu/gpu_device.cc:1858] Adding visible gpu devices: 0
2021-07-02 21:30:24.100362: I tensorflow/stream_executor/platform/default/dso_loader.cc:48] Successfully opened dynamic library libcudart.so.10.1
2021-07-02 21:30:25.873938: I tensorflow/core/common_runtime/gpu/gpu_device.cc:1257] Device interconnect StreamExecutor with strength 1 edge matrix:
2021-07-02 21:30:25.874021: I tensorflow/core/common_runtime/gpu/gpu_device.cc:1263]      0 
2021-07-02 21:30:25.874037: I tensorflow/core/common_runtime/gpu/gpu_device.cc:1276] 0:   N 
2021-07-02 21:30:25.881347: I tensorflow/core/common_runtime/gpu/gpu_device.cc:1402] Created TensorFlow device (/job:localhost/replica:0/task:0/device:GPU:0 with 11218 MB memory) -> physical GPU (device: 0, name: NVIDIA TITAN Xp, pci bus id: 0000:82:00.0, compute capability: 6.1)
2021-07-02 21:30:31.788088: I tensorflow/stream_executor/platform/default/dso_loader.cc:48] Successfully opened dynamic library libcudnn.so.7
2021-07-02 21:30:34.283465: I tensorflow/stream_executor/platform/default/dso_loader.cc:48] Successfully opened dynamic library libcublas.so.10
Using model index: 99
Making train data...
GCN...
ZCA...
Done!
Making test data...
Done!
Epoch 1/350


Snapshot weight 9 shuffle 9 at epoch 1
Layer 11
Getting activations...


391/391 - 24s - loss: 2.3128 - accuracy: 0.1214 - val_loss: 2.2662 - val_accuracy: 0.1553
Epoch 2/350


Snapshot weight 9 shuffle 9 at epoch 2
Layer 11
Getting activations...


391/391 - 23s - loss: 2.1942 - accuracy: 0.2031 - val_loss: 1.9753 - val_accuracy: 0.2914
Epoch 3/350


Snapshot weight 9 shuffle 9 at epoch 3
Layer 11
Getting activations...


391/391 - 23s - loss: 1.8532 - accuracy: 0.3356 - val_loss: 1.8937 - val_accuracy: 0.3342
Epoch 4/350


Snapshot weight 9 shuffle 9 at epoch 4
Layer 11
Getting activations...


391/391 - 24s - loss: 1.5897 - accuracy: 0.4250 - val_loss: 1.4936 - val_accuracy: 0.4690
Epoch 5/350


Snapshot weight 9 shuffle 9 at epoch 5
Layer 11
Getting activations...


391/391 - 24s - loss: 1.4038 - accuracy: 0.5027 - val_loss: 1.4339 - val_accuracy: 0.5164
Epoch 6/350


Snapshot weight 9 shuffle 9 at epoch 6
Layer 11
Getting activations...


391/391 - 24s - loss: 1.2919 - accuracy: 0.5461 - val_loss: 1.2013 - val_accuracy: 0.5804
Epoch 7/350


Snapshot weight 9 shuffle 9 at epoch 7
Layer 11
Getting activations...


391/391 - 24s - loss: 1.1979 - accuracy: 0.5788 - val_loss: 1.1913 - val_accuracy: 0.5851
Epoch 8/350


Snapshot weight 9 shuffle 9 at epoch 8
Layer 11
Getting activations...


391/391 - 24s - loss: 1.1312 - accuracy: 0.6064 - val_loss: 1.1703 - val_accuracy: 0.5899
Epoch 9/350


Snapshot weight 9 shuffle 9 at epoch 9
Layer 11
Getting activations...


391/391 - 24s - loss: 1.0762 - accuracy: 0.6237 - val_loss: 1.0931 - val_accuracy: 0.6304
Epoch 10/350


Snapshot weight 9 shuffle 9 at epoch 10
Layer 11
Getting activations...


391/391 - 24s - loss: 1.0306 - accuracy: 0.6416 - val_loss: 1.0185 - val_accuracy: 0.6593
Epoch 11/350
391/391 - 24s - loss: 0.9860 - accuracy: 0.6568 - val_loss: 0.9063 - val_accuracy: 0.6893
Epoch 12/350
391/391 - 24s - loss: 0.9504 - accuracy: 0.6718 - val_loss: 0.9769 - val_accuracy: 0.6778
Epoch 13/350
391/391 - 24s - loss: 0.9097 - accuracy: 0.6860 - val_loss: 0.9066 - val_accuracy: 0.6975
Epoch 14/350
391/391 - 24s - loss: 0.8755 - accuracy: 0.6988 - val_loss: 0.9630 - val_accuracy: 0.6813
Epoch 15/350
391/391 - 24s - loss: 0.8326 - accuracy: 0.7159 - val_loss: 0.7847 - val_accuracy: 0.7358
Epoch 16/350
391/391 - 24s - loss: 0.8110 - accuracy: 0.7227 - val_loss: 0.8367 - val_accuracy: 0.7248
Epoch 17/350
391/391 - 24s - loss: 0.7761 - accuracy: 0.7366 - val_loss: 0.8010 - val_accuracy: 0.7369
Epoch 18/350
391/391 - 24s - loss: 0.7508 - accuracy: 0.7465 - val_loss: 0.7997 - val_accuracy: 0.7395
Epoch 19/350
391/391 - 24s - loss: 0.7210 - accuracy: 0.7576 - val_loss: 0.6845 - val_accuracy: 0.7702
Epoch 20/350
391/391 - 24s - loss: 0.7040 - accuracy: 0.7640 - val_loss: 0.6316 - val_accuracy: 0.7923
Epoch 21/350
391/391 - 24s - loss: 0.6832 - accuracy: 0.7717 - val_loss: 0.6419 - val_accuracy: 0.7900
Epoch 22/350
391/391 - 24s - loss: 0.6662 - accuracy: 0.7774 - val_loss: 0.6462 - val_accuracy: 0.7897
Epoch 23/350
391/391 - 24s - loss: 0.6478 - accuracy: 0.7843 - val_loss: 0.6457 - val_accuracy: 0.7890
Epoch 24/350
391/391 - 24s - loss: 0.6245 - accuracy: 0.7914 - val_loss: 0.6009 - val_accuracy: 0.8060
Epoch 25/350
391/391 - 24s - loss: 0.6159 - accuracy: 0.7977 - val_loss: 0.6639 - val_accuracy: 0.7830
Epoch 26/350
391/391 - 24s - loss: 0.6021 - accuracy: 0.7997 - val_loss: 0.6311 - val_accuracy: 0.7964
Epoch 27/350
391/391 - 24s - loss: 0.5883 - accuracy: 0.8043 - val_loss: 0.5810 - val_accuracy: 0.8084
Epoch 28/350
391/391 - 24s - loss: 0.5821 - accuracy: 0.8074 - val_loss: 0.6163 - val_accuracy: 0.8049
Epoch 29/350
391/391 - 24s - loss: 0.5608 - accuracy: 0.8138 - val_loss: 0.5616 - val_accuracy: 0.8192
Epoch 30/350
391/391 - 24s - loss: 0.5541 - accuracy: 0.8179 - val_loss: 0.5521 - val_accuracy: 0.8211
Epoch 31/350
391/391 - 24s - loss: 0.5418 - accuracy: 0.8213 - val_loss: 0.5160 - val_accuracy: 0.8347
Epoch 32/350
391/391 - 24s - loss: 0.5336 - accuracy: 0.8251 - val_loss: 0.5576 - val_accuracy: 0.8232
Epoch 33/350
391/391 - 24s - loss: 0.5232 - accuracy: 0.8300 - val_loss: 0.5248 - val_accuracy: 0.8343
Epoch 34/350
391/391 - 24s - loss: 0.5220 - accuracy: 0.8283 - val_loss: 0.5222 - val_accuracy: 0.8330
Epoch 35/350
391/391 - 24s - loss: 0.5056 - accuracy: 0.8359 - val_loss: 0.5188 - val_accuracy: 0.8403
Epoch 36/350
391/391 - 24s - loss: 0.4956 - accuracy: 0.8376 - val_loss: 0.4976 - val_accuracy: 0.8484
Epoch 37/350
391/391 - 24s - loss: 0.4918 - accuracy: 0.8387 - val_loss: 0.5526 - val_accuracy: 0.8315
Epoch 38/350
391/391 - 24s - loss: 0.4803 - accuracy: 0.8428 - val_loss: 0.5766 - val_accuracy: 0.8270
Epoch 39/350
391/391 - 24s - loss: 0.4710 - accuracy: 0.8479 - val_loss: 0.5087 - val_accuracy: 0.8462
Epoch 40/350
391/391 - 24s - loss: 0.4657 - accuracy: 0.8474 - val_loss: 0.4761 - val_accuracy: 0.8516
Epoch 41/350
391/391 - 24s - loss: 0.4645 - accuracy: 0.8492 - val_loss: 0.4926 - val_accuracy: 0.8460
Epoch 42/350
391/391 - 24s - loss: 0.4585 - accuracy: 0.8511 - val_loss: 0.4985 - val_accuracy: 0.8461
Epoch 43/350
391/391 - 24s - loss: 0.4435 - accuracy: 0.8549 - val_loss: 0.4743 - val_accuracy: 0.8537
Epoch 44/350
391/391 - 24s - loss: 0.4381 - accuracy: 0.8590 - val_loss: 0.5020 - val_accuracy: 0.8442
Epoch 45/350
391/391 - 24s - loss: 0.4392 - accuracy: 0.8571 - val_loss: 0.4718 - val_accuracy: 0.8545
Epoch 46/350
391/391 - 24s - loss: 0.4271 - accuracy: 0.8629 - val_loss: 0.4828 - val_accuracy: 0.8500
Epoch 47/350
391/391 - 24s - loss: 0.4263 - accuracy: 0.8621 - val_loss: 0.4757 - val_accuracy: 0.8540
Epoch 48/350
391/391 - 24s - loss: 0.4235 - accuracy: 0.8641 - val_loss: 0.4435 - val_accuracy: 0.8645
Epoch 49/350
391/391 - 24s - loss: 0.4182 - accuracy: 0.8663 - val_loss: 0.4427 - val_accuracy: 0.8665
Epoch 50/350


Snapshot weight 9 shuffle 9 at epoch 50
Layer 11
Getting activations...


391/391 - 24s - loss: 0.4106 - accuracy: 0.8674 - val_loss: 0.4440 - val_accuracy: 0.8624
Epoch 51/350
391/391 - 24s - loss: 0.4034 - accuracy: 0.8694 - val_loss: 0.4602 - val_accuracy: 0.8632
Epoch 52/350
391/391 - 24s - loss: 0.4066 - accuracy: 0.8700 - val_loss: 0.4739 - val_accuracy: 0.8551
Epoch 53/350
391/391 - 24s - loss: 0.3948 - accuracy: 0.8728 - val_loss: 0.4326 - val_accuracy: 0.8638
Epoch 54/350
391/391 - 24s - loss: 0.3902 - accuracy: 0.8748 - val_loss: 0.5083 - val_accuracy: 0.8535
Epoch 55/350
391/391 - 24s - loss: 0.3868 - accuracy: 0.8758 - val_loss: 0.4385 - val_accuracy: 0.8685
Epoch 56/350
391/391 - 24s - loss: 0.3845 - accuracy: 0.8776 - val_loss: 0.4578 - val_accuracy: 0.8672
Epoch 57/350
391/391 - 24s - loss: 0.3818 - accuracy: 0.8764 - val_loss: 0.4558 - val_accuracy: 0.8573
Epoch 58/350
391/391 - 24s - loss: 0.3741 - accuracy: 0.8813 - val_loss: 0.4553 - val_accuracy: 0.8645
Epoch 59/350
391/391 - 24s - loss: 0.3664 - accuracy: 0.8833 - val_loss: 0.4919 - val_accuracy: 0.8496
Epoch 60/350
391/391 - 24s - loss: 0.3654 - accuracy: 0.8832 - val_loss: 0.4376 - val_accuracy: 0.8699
Epoch 61/350
391/391 - 24s - loss: 0.3609 - accuracy: 0.8834 - val_loss: 0.4759 - val_accuracy: 0.8611
Epoch 62/350
391/391 - 24s - loss: 0.3521 - accuracy: 0.8878 - val_loss: 0.4318 - val_accuracy: 0.8735
Epoch 63/350
391/391 - 24s - loss: 0.3521 - accuracy: 0.8894 - val_loss: 0.4671 - val_accuracy: 0.8597
Epoch 64/350
391/391 - 24s - loss: 0.3435 - accuracy: 0.8911 - val_loss: 0.5219 - val_accuracy: 0.8524
Epoch 65/350
391/391 - 24s - loss: 0.3464 - accuracy: 0.8898 - val_loss: 0.4318 - val_accuracy: 0.8703
Epoch 66/350
391/391 - 24s - loss: 0.3471 - accuracy: 0.8907 - val_loss: 0.4482 - val_accuracy: 0.8697
Epoch 67/350
391/391 - 24s - loss: 0.3412 - accuracy: 0.8929 - val_loss: 0.4547 - val_accuracy: 0.8652
Epoch 68/350
391/391 - 24s - loss: 0.3447 - accuracy: 0.8905 - val_loss: 0.4179 - val_accuracy: 0.8724
Epoch 69/350
391/391 - 24s - loss: 0.3351 - accuracy: 0.8938 - val_loss: 0.4266 - val_accuracy: 0.8744
Epoch 70/350
391/391 - 24s - loss: 0.3316 - accuracy: 0.8966 - val_loss: 0.4009 - val_accuracy: 0.8808
Epoch 71/350
391/391 - 24s - loss: 0.3272 - accuracy: 0.8959 - val_loss: 0.4622 - val_accuracy: 0.8667
Epoch 72/350
391/391 - 24s - loss: 0.3250 - accuracy: 0.8967 - val_loss: 0.4348 - val_accuracy: 0.8754
Epoch 73/350
391/391 - 24s - loss: 0.3242 - accuracy: 0.8984 - val_loss: 0.4024 - val_accuracy: 0.8800
Epoch 74/350
391/391 - 24s - loss: 0.3176 - accuracy: 0.9003 - val_loss: 0.4123 - val_accuracy: 0.8776
Epoch 75/350
391/391 - 24s - loss: 0.3130 - accuracy: 0.9008 - val_loss: 0.4494 - val_accuracy: 0.8681
Epoch 76/350
391/391 - 24s - loss: 0.3093 - accuracy: 0.9037 - val_loss: 0.4600 - val_accuracy: 0.8680
Epoch 77/350
391/391 - 24s - loss: 0.3177 - accuracy: 0.8995 - val_loss: 0.4151 - val_accuracy: 0.8788
Epoch 78/350
391/391 - 24s - loss: 0.3053 - accuracy: 0.9044 - val_loss: 0.4138 - val_accuracy: 0.8760
Epoch 79/350
391/391 - 24s - loss: 0.3029 - accuracy: 0.9056 - val_loss: 0.4364 - val_accuracy: 0.8794
Epoch 80/350
391/391 - 24s - loss: 0.3035 - accuracy: 0.9053 - val_loss: 0.4095 - val_accuracy: 0.8839
Epoch 81/350
391/391 - 24s - loss: 0.2968 - accuracy: 0.9074 - val_loss: 0.4020 - val_accuracy: 0.8822
Epoch 82/350
391/391 - 24s - loss: 0.2973 - accuracy: 0.9084 - val_loss: 0.4207 - val_accuracy: 0.8797
Epoch 83/350
391/391 - 24s - loss: 0.2937 - accuracy: 0.9104 - val_loss: 0.4285 - val_accuracy: 0.8783
Epoch 84/350
391/391 - 24s - loss: 0.2924 - accuracy: 0.9084 - val_loss: 0.4161 - val_accuracy: 0.8852
Epoch 85/350
391/391 - 24s - loss: 0.2922 - accuracy: 0.9094 - val_loss: 0.4321 - val_accuracy: 0.8750
Epoch 86/350
391/391 - 24s - loss: 0.2899 - accuracy: 0.9104 - val_loss: 0.4324 - val_accuracy: 0.8783
Epoch 87/350
391/391 - 24s - loss: 0.2903 - accuracy: 0.9108 - val_loss: 0.4448 - val_accuracy: 0.8797
Epoch 88/350
391/391 - 24s - loss: 0.2806 - accuracy: 0.9147 - val_loss: 0.4114 - val_accuracy: 0.8835
Epoch 89/350
391/391 - 24s - loss: 0.2821 - accuracy: 0.9122 - val_loss: 0.4496 - val_accuracy: 0.8785
Epoch 90/350
391/391 - 24s - loss: 0.2769 - accuracy: 0.9129 - val_loss: 0.4206 - val_accuracy: 0.8844
Epoch 91/350
391/391 - 24s - loss: 0.2783 - accuracy: 0.9149 - val_loss: 0.4347 - val_accuracy: 0.8781
Epoch 92/350
391/391 - 24s - loss: 0.2763 - accuracy: 0.9151 - val_loss: 0.4032 - val_accuracy: 0.8845
Epoch 93/350
391/391 - 24s - loss: 0.2706 - accuracy: 0.9171 - val_loss: 0.4130 - val_accuracy: 0.8836
Epoch 94/350
391/391 - 24s - loss: 0.2688 - accuracy: 0.9171 - val_loss: 0.4036 - val_accuracy: 0.8897
Epoch 95/350
391/391 - 24s - loss: 0.2730 - accuracy: 0.9155 - val_loss: 0.4249 - val_accuracy: 0.8868
Epoch 96/350
391/391 - 24s - loss: 0.2634 - accuracy: 0.9200 - val_loss: 0.4224 - val_accuracy: 0.8799
Epoch 97/350
391/391 - 24s - loss: 0.2669 - accuracy: 0.9190 - val_loss: 0.4144 - val_accuracy: 0.8837
Epoch 98/350
391/391 - 24s - loss: 0.2631 - accuracy: 0.9200 - val_loss: 0.4176 - val_accuracy: 0.8851
Epoch 99/350
391/391 - 24s - loss: 0.2576 - accuracy: 0.9219 - val_loss: 0.4376 - val_accuracy: 0.8811
Epoch 100/350


Snapshot weight 9 shuffle 9 at epoch 100
Layer 11
Getting activations...


391/391 - 24s - loss: 0.2615 - accuracy: 0.9198 - val_loss: 0.4374 - val_accuracy: 0.8842
Epoch 101/350
391/391 - 23s - loss: 0.2587 - accuracy: 0.9204 - val_loss: 0.4236 - val_accuracy: 0.8818
Epoch 102/350
391/391 - 24s - loss: 0.2602 - accuracy: 0.9211 - val_loss: 0.4252 - val_accuracy: 0.8821
Epoch 103/350
391/391 - 24s - loss: 0.2558 - accuracy: 0.9233 - val_loss: 0.4129 - val_accuracy: 0.8872
Epoch 104/350
391/391 - 24s - loss: 0.2477 - accuracy: 0.9255 - val_loss: 0.4339 - val_accuracy: 0.8840
Epoch 105/350
391/391 - 24s - loss: 0.2492 - accuracy: 0.9253 - val_loss: 0.4090 - val_accuracy: 0.8924
Epoch 106/350
391/391 - 24s - loss: 0.2483 - accuracy: 0.9269 - val_loss: 0.4478 - val_accuracy: 0.8817
Epoch 107/350
391/391 - 24s - loss: 0.2513 - accuracy: 0.9251 - val_loss: 0.4052 - val_accuracy: 0.8885
Epoch 108/350
391/391 - 24s - loss: 0.2449 - accuracy: 0.9266 - val_loss: 0.4390 - val_accuracy: 0.8841
Epoch 109/350
391/391 - 24s - loss: 0.2476 - accuracy: 0.9252 - val_loss: 0.4441 - val_accuracy: 0.8851
Epoch 110/350
391/391 - 24s - loss: 0.2444 - accuracy: 0.9271 - val_loss: 0.4155 - val_accuracy: 0.8902
Epoch 111/350
391/391 - 24s - loss: 0.2417 - accuracy: 0.9273 - val_loss: 0.4186 - val_accuracy: 0.8917
Epoch 112/350
391/391 - 24s - loss: 0.2409 - accuracy: 0.9272 - val_loss: 0.4376 - val_accuracy: 0.8897
Epoch 113/350
391/391 - 24s - loss: 0.2420 - accuracy: 0.9277 - val_loss: 0.4367 - val_accuracy: 0.8822
Epoch 114/350
391/391 - 24s - loss: 0.2383 - accuracy: 0.9301 - val_loss: 0.4436 - val_accuracy: 0.8855
Epoch 115/350
391/391 - 24s - loss: 0.2347 - accuracy: 0.9307 - val_loss: 0.4247 - val_accuracy: 0.8906
Epoch 116/350
391/391 - 24s - loss: 0.2405 - accuracy: 0.9280 - val_loss: 0.4451 - val_accuracy: 0.8897
Epoch 117/350
391/391 - 24s - loss: 0.2352 - accuracy: 0.9316 - val_loss: 0.4301 - val_accuracy: 0.8905
Epoch 118/350
391/391 - 24s - loss: 0.2309 - accuracy: 0.9313 - val_loss: 0.4459 - val_accuracy: 0.8880
Epoch 119/350
391/391 - 24s - loss: 0.2270 - accuracy: 0.9343 - val_loss: 0.4400 - val_accuracy: 0.8890
Epoch 120/350
391/391 - 24s - loss: 0.2308 - accuracy: 0.9313 - val_loss: 0.4342 - val_accuracy: 0.8861
Epoch 121/350
391/391 - 24s - loss: 0.2297 - accuracy: 0.9330 - val_loss: 0.4106 - val_accuracy: 0.8893
Epoch 122/350
391/391 - 24s - loss: 0.2225 - accuracy: 0.9347 - val_loss: 0.4293 - val_accuracy: 0.8902
Epoch 123/350
391/391 - 24s - loss: 0.2220 - accuracy: 0.9357 - val_loss: 0.3995 - val_accuracy: 0.8947
Epoch 124/350
391/391 - 24s - loss: 0.2244 - accuracy: 0.9343 - val_loss: 0.4717 - val_accuracy: 0.8847
Epoch 125/350
391/391 - 24s - loss: 0.2250 - accuracy: 0.9345 - val_loss: 0.4509 - val_accuracy: 0.8874
Epoch 126/350
391/391 - 24s - loss: 0.2217 - accuracy: 0.9352 - val_loss: 0.4630 - val_accuracy: 0.8784
Epoch 127/350
391/391 - 24s - loss: 0.2225 - accuracy: 0.9359 - val_loss: 0.4163 - val_accuracy: 0.8929
Epoch 128/350
391/391 - 23s - loss: 0.2183 - accuracy: 0.9357 - val_loss: 0.4165 - val_accuracy: 0.8927
Epoch 129/350
391/391 - 24s - loss: 0.2206 - accuracy: 0.9362 - val_loss: 0.4535 - val_accuracy: 0.8879
Epoch 130/350
391/391 - 24s - loss: 0.2170 - accuracy: 0.9380 - val_loss: 0.4491 - val_accuracy: 0.8880
Epoch 131/350
391/391 - 24s - loss: 0.2154 - accuracy: 0.9381 - val_loss: 0.4594 - val_accuracy: 0.8906
Epoch 132/350
391/391 - 24s - loss: 0.2100 - accuracy: 0.9392 - val_loss: 0.4504 - val_accuracy: 0.8885
Epoch 133/350
391/391 - 24s - loss: 0.2096 - accuracy: 0.9399 - val_loss: 0.4499 - val_accuracy: 0.8885
Epoch 134/350
391/391 - 24s - loss: 0.2128 - accuracy: 0.9385 - val_loss: 0.4609 - val_accuracy: 0.8922
Epoch 135/350
391/391 - 24s - loss: 0.2092 - accuracy: 0.9410 - val_loss: 0.4684 - val_accuracy: 0.8904
Epoch 136/350
391/391 - 24s - loss: 0.2121 - accuracy: 0.9389 - val_loss: 0.4221 - val_accuracy: 0.8957
Epoch 137/350
391/391 - 23s - loss: 0.2065 - accuracy: 0.9414 - val_loss: 0.4065 - val_accuracy: 0.8964
Epoch 138/350
391/391 - 24s - loss: 0.2076 - accuracy: 0.9407 - val_loss: 0.4463 - val_accuracy: 0.8883
Epoch 139/350
391/391 - 24s - loss: 0.2069 - accuracy: 0.9412 - val_loss: 0.4343 - val_accuracy: 0.8944
Epoch 140/350
391/391 - 24s - loss: 0.2085 - accuracy: 0.9415 - val_loss: 0.4413 - val_accuracy: 0.8892
Epoch 141/350
391/391 - 24s - loss: 0.2033 - accuracy: 0.9427 - val_loss: 0.4405 - val_accuracy: 0.8926
Epoch 142/350
391/391 - 24s - loss: 0.2004 - accuracy: 0.9443 - val_loss: 0.4382 - val_accuracy: 0.8936
Epoch 143/350
391/391 - 24s - loss: 0.2000 - accuracy: 0.9443 - val_loss: 0.4240 - val_accuracy: 0.8967
Epoch 144/350
391/391 - 24s - loss: 0.2067 - accuracy: 0.9416 - val_loss: 0.4036 - val_accuracy: 0.9005
Epoch 145/350
391/391 - 24s - loss: 0.2006 - accuracy: 0.9445 - val_loss: 0.4231 - val_accuracy: 0.8942
Epoch 146/350
391/391 - 24s - loss: 0.1994 - accuracy: 0.9441 - val_loss: 0.5059 - val_accuracy: 0.8843
Epoch 147/350
391/391 - 24s - loss: 0.1982 - accuracy: 0.9447 - val_loss: 0.4411 - val_accuracy: 0.8938
Epoch 148/350
391/391 - 24s - loss: 0.2029 - accuracy: 0.9433 - val_loss: 0.4328 - val_accuracy: 0.8937
Epoch 149/350
391/391 - 24s - loss: 0.1984 - accuracy: 0.9445 - val_loss: 0.4278 - val_accuracy: 0.8939
Epoch 150/350


Snapshot weight 9 shuffle 9 at epoch 150
Layer 11
Getting activations...


391/391 - 24s - loss: 0.1990 - accuracy: 0.9438 - val_loss: 0.4727 - val_accuracy: 0.8942
Epoch 151/350
391/391 - 24s - loss: 0.1982 - accuracy: 0.9453 - val_loss: 0.4775 - val_accuracy: 0.8915
Epoch 152/350
391/391 - 24s - loss: 0.1939 - accuracy: 0.9467 - val_loss: 0.4365 - val_accuracy: 0.8946
Epoch 153/350
391/391 - 24s - loss: 0.1924 - accuracy: 0.9473 - val_loss: 0.4652 - val_accuracy: 0.8924
Epoch 154/350
391/391 - 24s - loss: 0.1982 - accuracy: 0.9450 - val_loss: 0.4253 - val_accuracy: 0.8969
Epoch 155/350
391/391 - 23s - loss: 0.1941 - accuracy: 0.9469 - val_loss: 0.4451 - val_accuracy: 0.8941
Epoch 156/350
391/391 - 24s - loss: 0.1900 - accuracy: 0.9486 - val_loss: 0.4517 - val_accuracy: 0.8944
Epoch 157/350
391/391 - 24s - loss: 0.1951 - accuracy: 0.9471 - val_loss: 0.4438 - val_accuracy: 0.8969
Epoch 158/350
391/391 - 24s - loss: 0.1902 - accuracy: 0.9475 - val_loss: 0.4458 - val_accuracy: 0.8930
Epoch 159/350
391/391 - 24s - loss: 0.1877 - accuracy: 0.9481 - val_loss: 0.4256 - val_accuracy: 0.8952
Epoch 160/350
391/391 - 24s - loss: 0.1910 - accuracy: 0.9474 - val_loss: 0.4199 - val_accuracy: 0.9004
Epoch 161/350
391/391 - 24s - loss: 0.1892 - accuracy: 0.9484 - val_loss: 0.4529 - val_accuracy: 0.8908
Epoch 162/350
391/391 - 24s - loss: 0.1836 - accuracy: 0.9495 - val_loss: 0.4456 - val_accuracy: 0.8933
Epoch 163/350
391/391 - 24s - loss: 0.1897 - accuracy: 0.9467 - val_loss: 0.4544 - val_accuracy: 0.8940
Epoch 164/350
391/391 - 24s - loss: 0.1855 - accuracy: 0.9490 - val_loss: 0.4632 - val_accuracy: 0.8955
Epoch 165/350
391/391 - 24s - loss: 0.1889 - accuracy: 0.9489 - val_loss: 0.4647 - val_accuracy: 0.8874
Epoch 166/350
391/391 - 23s - loss: 0.1897 - accuracy: 0.9468 - val_loss: 0.4488 - val_accuracy: 0.8961
Epoch 167/350
391/391 - 24s - loss: 0.1863 - accuracy: 0.9496 - val_loss: 0.4505 - val_accuracy: 0.8925
Epoch 168/350
391/391 - 24s - loss: 0.1838 - accuracy: 0.9517 - val_loss: 0.4253 - val_accuracy: 0.8995
Epoch 169/350
391/391 - 24s - loss: 0.1839 - accuracy: 0.9501 - val_loss: 0.4513 - val_accuracy: 0.8970
Epoch 170/350
391/391 - 24s - loss: 0.1878 - accuracy: 0.9491 - val_loss: 0.4517 - val_accuracy: 0.8951
Epoch 171/350
391/391 - 24s - loss: 0.1786 - accuracy: 0.9524 - val_loss: 0.4733 - val_accuracy: 0.8952
Epoch 172/350
391/391 - 24s - loss: 0.1818 - accuracy: 0.9515 - val_loss: 0.4486 - val_accuracy: 0.8940
Epoch 173/350
391/391 - 24s - loss: 0.1814 - accuracy: 0.9510 - val_loss: 0.4621 - val_accuracy: 0.8988
Epoch 174/350
391/391 - 24s - loss: 0.1802 - accuracy: 0.9509 - val_loss: 0.4676 - val_accuracy: 0.8950
Epoch 175/350
391/391 - 24s - loss: 0.1799 - accuracy: 0.9521 - val_loss: 0.4390 - val_accuracy: 0.8946
Epoch 176/350
391/391 - 24s - loss: 0.1793 - accuracy: 0.9513 - val_loss: 0.4480 - val_accuracy: 0.8958
Epoch 177/350
391/391 - 24s - loss: 0.1762 - accuracy: 0.9539 - val_loss: 0.4782 - val_accuracy: 0.8956
Epoch 178/350
391/391 - 24s - loss: 0.1784 - accuracy: 0.9523 - val_loss: 0.4570 - val_accuracy: 0.8973
Epoch 179/350
391/391 - 24s - loss: 0.1791 - accuracy: 0.9526 - val_loss: 0.4359 - val_accuracy: 0.8982
Epoch 180/350
391/391 - 24s - loss: 0.1749 - accuracy: 0.9535 - val_loss: 0.4935 - val_accuracy: 0.8885
Epoch 181/350
391/391 - 24s - loss: 0.1803 - accuracy: 0.9526 - val_loss: 0.4766 - val_accuracy: 0.8901
Epoch 182/350
391/391 - 24s - loss: 0.1753 - accuracy: 0.9541 - val_loss: 0.4969 - val_accuracy: 0.8890
Epoch 183/350
391/391 - 24s - loss: 0.1735 - accuracy: 0.9540 - val_loss: 0.4753 - val_accuracy: 0.8969
Epoch 184/350
391/391 - 24s - loss: 0.1744 - accuracy: 0.9539 - val_loss: 0.4531 - val_accuracy: 0.8980
Epoch 185/350
391/391 - 24s - loss: 0.1756 - accuracy: 0.9531 - val_loss: 0.4983 - val_accuracy: 0.8919
Epoch 186/350
391/391 - 24s - loss: 0.1768 - accuracy: 0.9525 - val_loss: 0.4691 - val_accuracy: 0.8933
Epoch 187/350
391/391 - 24s - loss: 0.1728 - accuracy: 0.9547 - val_loss: 0.4744 - val_accuracy: 0.8925
Epoch 188/350
391/391 - 24s - loss: 0.1716 - accuracy: 0.9548 - val_loss: 0.4569 - val_accuracy: 0.9001
Epoch 189/350
391/391 - 24s - loss: 0.1724 - accuracy: 0.9555 - val_loss: 0.4512 - val_accuracy: 0.8984
Epoch 190/350
391/391 - 24s - loss: 0.1690 - accuracy: 0.9564 - val_loss: 0.4866 - val_accuracy: 0.8925
Epoch 191/350
391/391 - 24s - loss: 0.1686 - accuracy: 0.9557 - val_loss: 0.4671 - val_accuracy: 0.8967
Epoch 192/350
391/391 - 24s - loss: 0.1717 - accuracy: 0.9561 - val_loss: 0.4890 - val_accuracy: 0.8946
Epoch 193/350
391/391 - 23s - loss: 0.1647 - accuracy: 0.9574 - val_loss: 0.5149 - val_accuracy: 0.8926
Epoch 194/350
391/391 - 24s - loss: 0.1669 - accuracy: 0.9569 - val_loss: 0.4604 - val_accuracy: 0.8948
Epoch 195/350
391/391 - 24s - loss: 0.1695 - accuracy: 0.9565 - val_loss: 0.4900 - val_accuracy: 0.8957
Epoch 196/350
391/391 - 24s - loss: 0.1642 - accuracy: 0.9578 - val_loss: 0.5051 - val_accuracy: 0.8929
Epoch 197/350
391/391 - 24s - loss: 0.1687 - accuracy: 0.9559 - val_loss: 0.4866 - val_accuracy: 0.8957
Epoch 198/350
391/391 - 24s - loss: 0.1632 - accuracy: 0.9580 - val_loss: 0.4755 - val_accuracy: 0.8973
Epoch 199/350
391/391 - 24s - loss: 0.1651 - accuracy: 0.9574 - val_loss: 0.4638 - val_accuracy: 0.8993
Epoch 200/350


Snapshot weight 9 shuffle 9 at epoch 200
Layer 11
Getting activations...


391/391 - 24s - loss: 0.1658 - accuracy: 0.9570 - val_loss: 0.4911 - val_accuracy: 0.8902
Epoch 201/350
391/391 - 24s - loss: 0.1404 - accuracy: 0.9665 - val_loss: 0.4499 - val_accuracy: 0.9040
Epoch 202/350
391/391 - 24s - loss: 0.1256 - accuracy: 0.9719 - val_loss: 0.4603 - val_accuracy: 0.9060
Epoch 203/350
391/391 - 24s - loss: 0.1224 - accuracy: 0.9738 - val_loss: 0.4613 - val_accuracy: 0.9053
Epoch 204/350
391/391 - 24s - loss: 0.1223 - accuracy: 0.9732 - val_loss: 0.4645 - val_accuracy: 0.9065
Epoch 205/350
391/391 - 24s - loss: 0.1194 - accuracy: 0.9736 - val_loss: 0.4699 - val_accuracy: 0.9066
Epoch 206/350
391/391 - 24s - loss: 0.1208 - accuracy: 0.9740 - val_loss: 0.4641 - val_accuracy: 0.9071
Epoch 207/350
391/391 - 24s - loss: 0.1174 - accuracy: 0.9757 - val_loss: 0.4667 - val_accuracy: 0.9071
Epoch 208/350
391/391 - 24s - loss: 0.1168 - accuracy: 0.9755 - val_loss: 0.4740 - val_accuracy: 0.9056
Epoch 209/350
391/391 - 24s - loss: 0.1175 - accuracy: 0.9745 - val_loss: 0.4701 - val_accuracy: 0.9081
Epoch 210/350
391/391 - 24s - loss: 0.1147 - accuracy: 0.9755 - val_loss: 0.4788 - val_accuracy: 0.9071
Epoch 211/350
391/391 - 23s - loss: 0.1146 - accuracy: 0.9754 - val_loss: 0.4731 - val_accuracy: 0.9066
Epoch 212/350
391/391 - 24s - loss: 0.1140 - accuracy: 0.9755 - val_loss: 0.4761 - val_accuracy: 0.9074
Epoch 213/350
391/391 - 24s - loss: 0.1155 - accuracy: 0.9758 - val_loss: 0.4724 - val_accuracy: 0.9102
Epoch 214/350
391/391 - 24s - loss: 0.1135 - accuracy: 0.9762 - val_loss: 0.4818 - val_accuracy: 0.9080
Epoch 215/350
391/391 - 24s - loss: 0.1126 - accuracy: 0.9764 - val_loss: 0.4874 - val_accuracy: 0.9086
Epoch 216/350
391/391 - 24s - loss: 0.1126 - accuracy: 0.9769 - val_loss: 0.4868 - val_accuracy: 0.9070
Epoch 217/350
391/391 - 24s - loss: 0.1134 - accuracy: 0.9759 - val_loss: 0.4837 - val_accuracy: 0.9086
Epoch 218/350
391/391 - 24s - loss: 0.1134 - accuracy: 0.9765 - val_loss: 0.4813 - val_accuracy: 0.9079
Epoch 219/350
391/391 - 24s - loss: 0.1105 - accuracy: 0.9771 - val_loss: 0.4884 - val_accuracy: 0.9078
Epoch 220/350
391/391 - 24s - loss: 0.1119 - accuracy: 0.9770 - val_loss: 0.4875 - val_accuracy: 0.9092
Epoch 221/350
391/391 - 24s - loss: 0.1112 - accuracy: 0.9770 - val_loss: 0.4916 - val_accuracy: 0.9088
Epoch 222/350
391/391 - 24s - loss: 0.1119 - accuracy: 0.9764 - val_loss: 0.4867 - val_accuracy: 0.9078
Epoch 223/350
391/391 - 24s - loss: 0.1084 - accuracy: 0.9783 - val_loss: 0.4899 - val_accuracy: 0.9082
Epoch 224/350
391/391 - 24s - loss: 0.1108 - accuracy: 0.9780 - val_loss: 0.4848 - val_accuracy: 0.9078
Epoch 225/350
391/391 - 24s - loss: 0.1117 - accuracy: 0.9768 - val_loss: 0.4892 - val_accuracy: 0.9078
Epoch 226/350
391/391 - 24s - loss: 0.1105 - accuracy: 0.9777 - val_loss: 0.4879 - val_accuracy: 0.9087
Epoch 227/350
391/391 - 24s - loss: 0.1097 - accuracy: 0.9771 - val_loss: 0.4833 - val_accuracy: 0.9077
Epoch 228/350
391/391 - 24s - loss: 0.1102 - accuracy: 0.9777 - val_loss: 0.4993 - val_accuracy: 0.9070
Epoch 229/350
391/391 - 24s - loss: 0.1085 - accuracy: 0.9781 - val_loss: 0.4968 - val_accuracy: 0.9072
Epoch 230/350
391/391 - 24s - loss: 0.1084 - accuracy: 0.9777 - val_loss: 0.4951 - val_accuracy: 0.9070
Epoch 231/350
391/391 - 24s - loss: 0.1092 - accuracy: 0.9773 - val_loss: 0.4978 - val_accuracy: 0.9084
Epoch 232/350
391/391 - 24s - loss: 0.1080 - accuracy: 0.9782 - val_loss: 0.5025 - val_accuracy: 0.9080
Epoch 233/350
391/391 - 24s - loss: 0.1060 - accuracy: 0.9785 - val_loss: 0.4932 - val_accuracy: 0.9095
Epoch 234/350
391/391 - 24s - loss: 0.1068 - accuracy: 0.9787 - val_loss: 0.4983 - val_accuracy: 0.9084
Epoch 235/350
391/391 - 24s - loss: 0.1070 - accuracy: 0.9783 - val_loss: 0.5041 - val_accuracy: 0.9072
Epoch 236/350
391/391 - 24s - loss: 0.1061 - accuracy: 0.9793 - val_loss: 0.5019 - val_accuracy: 0.9099
Epoch 237/350
391/391 - 24s - loss: 0.1087 - accuracy: 0.9774 - val_loss: 0.4982 - val_accuracy: 0.9082
Epoch 238/350
391/391 - 24s - loss: 0.1048 - accuracy: 0.9794 - val_loss: 0.5056 - val_accuracy: 0.9082
Epoch 239/350
391/391 - 24s - loss: 0.1074 - accuracy: 0.9781 - val_loss: 0.5039 - val_accuracy: 0.9070
Epoch 240/350
391/391 - 24s - loss: 0.1060 - accuracy: 0.9783 - val_loss: 0.4896 - val_accuracy: 0.9086
Epoch 241/350
391/391 - 24s - loss: 0.1061 - accuracy: 0.9793 - val_loss: 0.4973 - val_accuracy: 0.9072
Epoch 242/350
391/391 - 24s - loss: 0.1066 - accuracy: 0.9789 - val_loss: 0.5059 - val_accuracy: 0.9085
Epoch 243/350
391/391 - 24s - loss: 0.1073 - accuracy: 0.9782 - val_loss: 0.5005 - val_accuracy: 0.9074
Epoch 244/350
391/391 - 23s - loss: 0.1049 - accuracy: 0.9789 - val_loss: 0.5008 - val_accuracy: 0.9067
Epoch 245/350
391/391 - 24s - loss: 0.1061 - accuracy: 0.9785 - val_loss: 0.5014 - val_accuracy: 0.9080
Epoch 246/350
391/391 - 24s - loss: 0.1024 - accuracy: 0.9804 - val_loss: 0.5098 - val_accuracy: 0.9097
Epoch 247/350
391/391 - 24s - loss: 0.1064 - accuracy: 0.9787 - val_loss: 0.5125 - val_accuracy: 0.9085
Epoch 248/350
391/391 - 23s - loss: 0.1061 - accuracy: 0.9785 - val_loss: 0.4987 - val_accuracy: 0.9079
Epoch 249/350
391/391 - 24s - loss: 0.1046 - accuracy: 0.9794 - val_loss: 0.5096 - val_accuracy: 0.9078
Epoch 250/350


Snapshot weight 9 shuffle 9 at epoch 250
Layer 11
Getting activations...


391/391 - 24s - loss: 0.1067 - accuracy: 0.9784 - val_loss: 0.5017 - val_accuracy: 0.9093
Epoch 251/350
391/391 - 24s - loss: 0.1041 - accuracy: 0.9790 - val_loss: 0.5000 - val_accuracy: 0.9088
Epoch 252/350
391/391 - 24s - loss: 0.1029 - accuracy: 0.9795 - val_loss: 0.4960 - val_accuracy: 0.9093
Epoch 253/350
391/391 - 24s - loss: 0.1021 - accuracy: 0.9802 - val_loss: 0.4967 - val_accuracy: 0.9087
Epoch 254/350
391/391 - 24s - loss: 0.1031 - accuracy: 0.9799 - val_loss: 0.4983 - val_accuracy: 0.9092
Epoch 255/350
391/391 - 24s - loss: 0.1020 - accuracy: 0.9801 - val_loss: 0.4992 - val_accuracy: 0.9089
Epoch 256/350
391/391 - 24s - loss: 0.1039 - accuracy: 0.9795 - val_loss: 0.4971 - val_accuracy: 0.9088
Epoch 257/350
391/391 - 24s - loss: 0.1000 - accuracy: 0.9805 - val_loss: 0.4998 - val_accuracy: 0.9085
Epoch 258/350
391/391 - 24s - loss: 0.1043 - accuracy: 0.9794 - val_loss: 0.5009 - val_accuracy: 0.9089
Epoch 259/350
391/391 - 24s - loss: 0.1029 - accuracy: 0.9800 - val_loss: 0.5005 - val_accuracy: 0.9091
Epoch 260/350
391/391 - 24s - loss: 0.1032 - accuracy: 0.9799 - val_loss: 0.5005 - val_accuracy: 0.9088
Epoch 261/350
391/391 - 24s - loss: 0.1025 - accuracy: 0.9800 - val_loss: 0.5026 - val_accuracy: 0.9088
Epoch 262/350
391/391 - 23s - loss: 0.1031 - accuracy: 0.9794 - val_loss: 0.5010 - val_accuracy: 0.9081
Epoch 263/350
391/391 - 24s - loss: 0.0989 - accuracy: 0.9810 - val_loss: 0.5021 - val_accuracy: 0.9093
Epoch 264/350
391/391 - 24s - loss: 0.1004 - accuracy: 0.9812 - val_loss: 0.4998 - val_accuracy: 0.9093
Epoch 265/350
391/391 - 24s - loss: 0.1011 - accuracy: 0.9808 - val_loss: 0.4992 - val_accuracy: 0.9090
Epoch 266/350
391/391 - 24s - loss: 0.0989 - accuracy: 0.9824 - val_loss: 0.4984 - val_accuracy: 0.9091
Epoch 267/350
391/391 - 24s - loss: 0.0995 - accuracy: 0.9812 - val_loss: 0.5020 - val_accuracy: 0.9084
Epoch 268/350
391/391 - 24s - loss: 0.1027 - accuracy: 0.9799 - val_loss: 0.5029 - val_accuracy: 0.9093
Epoch 269/350
391/391 - 24s - loss: 0.0994 - accuracy: 0.9814 - val_loss: 0.5046 - val_accuracy: 0.9094
Epoch 270/350
391/391 - 24s - loss: 0.1015 - accuracy: 0.9804 - val_loss: 0.5040 - val_accuracy: 0.9094
Epoch 271/350
391/391 - 24s - loss: 0.1004 - accuracy: 0.9806 - val_loss: 0.5025 - val_accuracy: 0.9095
Epoch 272/350
391/391 - 24s - loss: 0.1007 - accuracy: 0.9813 - val_loss: 0.5011 - val_accuracy: 0.9091
Epoch 273/350
391/391 - 24s - loss: 0.1003 - accuracy: 0.9811 - val_loss: 0.5017 - val_accuracy: 0.9096
Epoch 274/350
391/391 - 24s - loss: 0.1031 - accuracy: 0.9793 - val_loss: 0.4997 - val_accuracy: 0.9084
Epoch 275/350
391/391 - 24s - loss: 0.0999 - accuracy: 0.9811 - val_loss: 0.5016 - val_accuracy: 0.9092
Epoch 276/350
391/391 - 24s - loss: 0.1015 - accuracy: 0.9805 - val_loss: 0.4999 - val_accuracy: 0.9088
Epoch 277/350
391/391 - 24s - loss: 0.1023 - accuracy: 0.9798 - val_loss: 0.5005 - val_accuracy: 0.9086
Epoch 278/350
391/391 - 24s - loss: 0.0999 - accuracy: 0.9809 - val_loss: 0.5016 - val_accuracy: 0.9093
Epoch 279/350
391/391 - 24s - loss: 0.1004 - accuracy: 0.9809 - val_loss: 0.4997 - val_accuracy: 0.9086
Epoch 280/350
391/391 - 24s - loss: 0.0977 - accuracy: 0.9814 - val_loss: 0.5046 - val_accuracy: 0.9086
Epoch 281/350
391/391 - 24s - loss: 0.1008 - accuracy: 0.9810 - val_loss: 0.5029 - val_accuracy: 0.9084
Epoch 282/350
391/391 - 24s - loss: 0.1012 - accuracy: 0.9809 - val_loss: 0.5031 - val_accuracy: 0.9086
Epoch 283/350
391/391 - 24s - loss: 0.0983 - accuracy: 0.9816 - val_loss: 0.5013 - val_accuracy: 0.9089
Epoch 284/350
391/391 - 24s - loss: 0.1004 - accuracy: 0.9804 - val_loss: 0.5031 - val_accuracy: 0.9089
Epoch 285/350
391/391 - 24s - loss: 0.0984 - accuracy: 0.9816 - val_loss: 0.5043 - val_accuracy: 0.9085
Epoch 286/350
391/391 - 24s - loss: 0.1008 - accuracy: 0.9805 - val_loss: 0.5009 - val_accuracy: 0.9088
Epoch 287/350
391/391 - 23s - loss: 0.1002 - accuracy: 0.9812 - val_loss: 0.5034 - val_accuracy: 0.9090
Epoch 288/350
391/391 - 24s - loss: 0.1012 - accuracy: 0.9808 - val_loss: 0.4997 - val_accuracy: 0.9093
Epoch 289/350
391/391 - 24s - loss: 0.0995 - accuracy: 0.9813 - val_loss: 0.5006 - val_accuracy: 0.9094
Epoch 290/350
391/391 - 24s - loss: 0.1012 - accuracy: 0.9805 - val_loss: 0.5017 - val_accuracy: 0.9091
Epoch 291/350
391/391 - 24s - loss: 0.0987 - accuracy: 0.9814 - val_loss: 0.5039 - val_accuracy: 0.9086
Epoch 292/350
391/391 - 24s - loss: 0.1000 - accuracy: 0.9807 - val_loss: 0.5046 - val_accuracy: 0.9088
Epoch 293/350
391/391 - 24s - loss: 0.1002 - accuracy: 0.9809 - val_loss: 0.5024 - val_accuracy: 0.9086
Epoch 294/350
391/391 - 24s - loss: 0.0988 - accuracy: 0.9813 - val_loss: 0.5010 - val_accuracy: 0.9084
Epoch 295/350
391/391 - 24s - loss: 0.0984 - accuracy: 0.9816 - val_loss: 0.5039 - val_accuracy: 0.9085
Epoch 296/350
391/391 - 23s - loss: 0.0993 - accuracy: 0.9811 - val_loss: 0.5014 - val_accuracy: 0.9087
Epoch 297/350
391/391 - 24s - loss: 0.0998 - accuracy: 0.9809 - val_loss: 0.5021 - val_accuracy: 0.9088
Epoch 298/350
391/391 - 24s - loss: 0.0994 - accuracy: 0.9815 - val_loss: 0.5035 - val_accuracy: 0.9088
Epoch 299/350
391/391 - 24s - loss: 0.0989 - accuracy: 0.9811 - val_loss: 0.5034 - val_accuracy: 0.9086
Epoch 300/350


Snapshot weight 9 shuffle 9 at epoch 300
Layer 11
Getting activations...


391/391 - 24s - loss: 0.1015 - accuracy: 0.9810 - val_loss: 0.5037 - val_accuracy: 0.9086
Epoch 301/350
391/391 - 23s - loss: 0.0981 - accuracy: 0.9814 - val_loss: 0.5041 - val_accuracy: 0.9087
Epoch 302/350
391/391 - 24s - loss: 0.1001 - accuracy: 0.9811 - val_loss: 0.5039 - val_accuracy: 0.9087
Epoch 303/350
391/391 - 24s - loss: 0.0985 - accuracy: 0.9813 - val_loss: 0.5044 - val_accuracy: 0.9085
Epoch 304/350
391/391 - 24s - loss: 0.0988 - accuracy: 0.9813 - val_loss: 0.5046 - val_accuracy: 0.9084
Epoch 305/350
391/391 - 24s - loss: 0.0989 - accuracy: 0.9817 - val_loss: 0.5042 - val_accuracy: 0.9088
Epoch 306/350
391/391 - 24s - loss: 0.0961 - accuracy: 0.9825 - val_loss: 0.5045 - val_accuracy: 0.9085
Epoch 307/350
391/391 - 24s - loss: 0.0985 - accuracy: 0.9813 - val_loss: 0.5043 - val_accuracy: 0.9083
Epoch 308/350
391/391 - 24s - loss: 0.0999 - accuracy: 0.9809 - val_loss: 0.5043 - val_accuracy: 0.9087
Epoch 309/350
391/391 - 24s - loss: 0.0997 - accuracy: 0.9813 - val_loss: 0.5044 - val_accuracy: 0.9085
Epoch 310/350
391/391 - 24s - loss: 0.0972 - accuracy: 0.9819 - val_loss: 0.5042 - val_accuracy: 0.9088
Epoch 311/350
391/391 - 24s - loss: 0.0979 - accuracy: 0.9815 - val_loss: 0.5042 - val_accuracy: 0.9089
Epoch 312/350
391/391 - 24s - loss: 0.0969 - accuracy: 0.9823 - val_loss: 0.5046 - val_accuracy: 0.9087
Epoch 313/350
391/391 - 24s - loss: 0.0995 - accuracy: 0.9815 - val_loss: 0.5042 - val_accuracy: 0.9090
Epoch 314/350
391/391 - 24s - loss: 0.1004 - accuracy: 0.9810 - val_loss: 0.5041 - val_accuracy: 0.9090
Epoch 315/350
391/391 - 24s - loss: 0.0979 - accuracy: 0.9819 - val_loss: 0.5043 - val_accuracy: 0.9089
Epoch 316/350
391/391 - 23s - loss: 0.0991 - accuracy: 0.9809 - val_loss: 0.5045 - val_accuracy: 0.9090
Epoch 317/350
391/391 - 24s - loss: 0.1003 - accuracy: 0.9806 - val_loss: 0.5046 - val_accuracy: 0.9087
Epoch 318/350
391/391 - 24s - loss: 0.1012 - accuracy: 0.9804 - val_loss: 0.5048 - val_accuracy: 0.9089
Epoch 319/350
391/391 - 24s - loss: 0.0982 - accuracy: 0.9811 - val_loss: 0.5044 - val_accuracy: 0.9088
Epoch 320/350
391/391 - 24s - loss: 0.0989 - accuracy: 0.9816 - val_loss: 0.5042 - val_accuracy: 0.9089
Epoch 321/350
391/391 - 24s - loss: 0.1003 - accuracy: 0.9813 - val_loss: 0.5047 - val_accuracy: 0.9088
Epoch 322/350
391/391 - 24s - loss: 0.0998 - accuracy: 0.9814 - val_loss: 0.5042 - val_accuracy: 0.9087
Epoch 323/350
391/391 - 24s - loss: 0.1016 - accuracy: 0.9799 - val_loss: 0.5044 - val_accuracy: 0.9088
Epoch 324/350
391/391 - 24s - loss: 0.0975 - accuracy: 0.9821 - val_loss: 0.5044 - val_accuracy: 0.9087
Epoch 325/350
391/391 - 24s - loss: 0.1027 - accuracy: 0.9800 - val_loss: 0.5040 - val_accuracy: 0.9086
Epoch 326/350
391/391 - 24s - loss: 0.1010 - accuracy: 0.9805 - val_loss: 0.5042 - val_accuracy: 0.9083
Epoch 327/350
391/391 - 24s - loss: 0.1003 - accuracy: 0.9809 - val_loss: 0.5038 - val_accuracy: 0.9085
Epoch 328/350
391/391 - 23s - loss: 0.0994 - accuracy: 0.9813 - val_loss: 0.5039 - val_accuracy: 0.9085
Epoch 329/350
391/391 - 24s - loss: 0.1002 - accuracy: 0.9810 - val_loss: 0.5039 - val_accuracy: 0.9085
Epoch 330/350
391/391 - 24s - loss: 0.0990 - accuracy: 0.9810 - val_loss: 0.5039 - val_accuracy: 0.9085
Epoch 331/350
391/391 - 24s - loss: 0.0993 - accuracy: 0.9814 - val_loss: 0.5034 - val_accuracy: 0.9084
Epoch 332/350
391/391 - 24s - loss: 0.0980 - accuracy: 0.9813 - val_loss: 0.5034 - val_accuracy: 0.9084
Epoch 333/350
391/391 - 24s - loss: 0.0981 - accuracy: 0.9809 - val_loss: 0.5033 - val_accuracy: 0.9085
Epoch 334/350
391/391 - 24s - loss: 0.1012 - accuracy: 0.9802 - val_loss: 0.5034 - val_accuracy: 0.9085
Epoch 335/350
391/391 - 24s - loss: 0.0985 - accuracy: 0.9814 - val_loss: 0.5038 - val_accuracy: 0.9085
Epoch 336/350
391/391 - 24s - loss: 0.0997 - accuracy: 0.9814 - val_loss: 0.5038 - val_accuracy: 0.9086
Epoch 337/350
391/391 - 24s - loss: 0.0977 - accuracy: 0.9814 - val_loss: 0.5042 - val_accuracy: 0.9086
Epoch 338/350
391/391 - 24s - loss: 0.0961 - accuracy: 0.9819 - val_loss: 0.5040 - val_accuracy: 0.9085
Epoch 339/350
391/391 - 24s - loss: 0.0998 - accuracy: 0.9802 - val_loss: 0.5037 - val_accuracy: 0.9084
Epoch 340/350
391/391 - 24s - loss: 0.1020 - accuracy: 0.9805 - val_loss: 0.5036 - val_accuracy: 0.9086
Epoch 341/350
391/391 - 24s - loss: 0.1005 - accuracy: 0.9808 - val_loss: 0.5039 - val_accuracy: 0.9084
Epoch 342/350
391/391 - 23s - loss: 0.0981 - accuracy: 0.9812 - val_loss: 0.5039 - val_accuracy: 0.9085
Epoch 343/350
391/391 - 24s - loss: 0.1000 - accuracy: 0.9821 - val_loss: 0.5040 - val_accuracy: 0.9084
Epoch 344/350
391/391 - 24s - loss: 0.0994 - accuracy: 0.9812 - val_loss: 0.5041 - val_accuracy: 0.9083
Epoch 345/350
391/391 - 24s - loss: 0.1018 - accuracy: 0.9797 - val_loss: 0.5038 - val_accuracy: 0.9082
Epoch 346/350
391/391 - 24s - loss: 0.0991 - accuracy: 0.9811 - val_loss: 0.5041 - val_accuracy: 0.9085
Epoch 347/350
391/391 - 24s - loss: 0.0962 - accuracy: 0.9827 - val_loss: 0.5038 - val_accuracy: 0.9084
Epoch 348/350
391/391 - 24s - loss: 0.1002 - accuracy: 0.9808 - val_loss: 0.5038 - val_accuracy: 0.9084
Epoch 349/350
391/391 - 24s - loss: 0.0997 - accuracy: 0.9815 - val_loss: 0.5041 - val_accuracy: 0.9083
Epoch 350/350


Snapshot weight 9 shuffle 9 at epoch 350
Layer 11
Getting activations...


391/391 - 24s - loss: 0.0979 - accuracy: 0.9811 - val_loss: 0.5043 - val_accuracy: 0.9083
/usr/local/lib/python3.6/dist-packages/tensorflow/python/autograph/impl/api.py:493: UserWarning: fill_value is not supported and is always 0 for TensorFlow < 2.4.0.
  return py_builtins.overload_of(f)(*args)
WARNING:tensorflow:From /usr/local/lib/python3.6/dist-packages/tensorflow/python/training/tracking/tracking.py:111: Model.state_updates (from tensorflow.python.keras.engine.training) is deprecated and will be removed in a future version.
Instructions for updating:
This property should not be used in TensorFlow 2.0, as updates are applied automatically.
2021-07-02 23:55:21.400538: W tensorflow/python/util/util.cc:348] Sets are not currently considered sequences, but this may change in the future, so consider avoiding using them.
WARNING:tensorflow:From /usr/local/lib/python3.6/dist-packages/tensorflow/python/training/tracking/tracking.py:111: Layer.updates (from tensorflow.python.keras.engine.base_layer) is deprecated and will be removed in a future version.
Instructions for updating:
This property should not be used in TensorFlow 2.0, as updates are applied automatically.
Saving, final validation acc: 0.90829998254776
