2021-07-01 23:41:13.762758: I tensorflow/stream_executor/platform/default/dso_loader.cc:48] Successfully opened dynamic library libcudart.so.10.1
2021-07-01 23:43:16.522412: I tensorflow/stream_executor/platform/default/dso_loader.cc:48] Successfully opened dynamic library libcuda.so.1
2021-07-01 23:43:16.553386: I tensorflow/core/common_runtime/gpu/gpu_device.cc:1716] Found device 0 with properties: 
pciBusID: 0000:03:00.0 name: NVIDIA TITAN Xp computeCapability: 6.1
coreClock: 1.582GHz coreCount: 30 deviceMemorySize: 11.91GiB deviceMemoryBandwidth: 510.07GiB/s
2021-07-01 23:43:16.553472: I tensorflow/stream_executor/platform/default/dso_loader.cc:48] Successfully opened dynamic library libcudart.so.10.1
2021-07-01 23:43:17.413906: I tensorflow/stream_executor/platform/default/dso_loader.cc:48] Successfully opened dynamic library libcublas.so.10
2021-07-01 23:43:17.483336: I tensorflow/stream_executor/platform/default/dso_loader.cc:48] Successfully opened dynamic library libcufft.so.10
2021-07-01 23:43:17.574930: I tensorflow/stream_executor/platform/default/dso_loader.cc:48] Successfully opened dynamic library libcurand.so.10
2021-07-01 23:43:20.395643: I tensorflow/stream_executor/platform/default/dso_loader.cc:48] Successfully opened dynamic library libcusolver.so.10
2021-07-01 23:43:20.432692: I tensorflow/stream_executor/platform/default/dso_loader.cc:48] Successfully opened dynamic library libcusparse.so.10
2021-07-01 23:43:20.894964: I tensorflow/stream_executor/platform/default/dso_loader.cc:48] Successfully opened dynamic library libcudnn.so.7
2021-07-01 23:43:20.901862: I tensorflow/core/common_runtime/gpu/gpu_device.cc:1858] Adding visible gpu devices: 0
2021-07-01 23:43:20.906592: I tensorflow/core/platform/cpu_feature_guard.cc:142] This TensorFlow binary is optimized with oneAPI Deep Neural Network Library (oneDNN)to use the following CPU instructions in performance-critical operations:  AVX2 FMA
To enable them in other operations, rebuild TensorFlow with the appropriate compiler flags.
2021-07-01 23:43:20.926460: I tensorflow/core/platform/profile_utils/cpu_utils.cc:104] CPU Frequency: 2600015000 Hz
2021-07-01 23:43:20.926592: I tensorflow/compiler/xla/service/service.cc:168] XLA service 0x58f6900 initialized for platform Host (this does not guarantee that XLA will be used). Devices:
2021-07-01 23:43:20.926614: I tensorflow/compiler/xla/service/service.cc:176]   StreamExecutor device (0): Host, Default Version
2021-07-01 23:43:21.065380: I tensorflow/compiler/xla/service/service.cc:168] XLA service 0x5883690 initialized for platform CUDA (this does not guarantee that XLA will be used). Devices:
2021-07-01 23:43:21.065457: I tensorflow/compiler/xla/service/service.cc:176]   StreamExecutor device (0): NVIDIA TITAN Xp, Compute Capability 6.1
2021-07-01 23:43:21.068483: I tensorflow/core/common_runtime/gpu/gpu_device.cc:1716] Found device 0 with properties: 
pciBusID: 0000:03:00.0 name: NVIDIA TITAN Xp computeCapability: 6.1
coreClock: 1.582GHz coreCount: 30 deviceMemorySize: 11.91GiB deviceMemoryBandwidth: 510.07GiB/s
2021-07-01 23:43:21.068526: I tensorflow/stream_executor/platform/default/dso_loader.cc:48] Successfully opened dynamic library libcudart.so.10.1
2021-07-01 23:43:21.068558: I tensorflow/stream_executor/platform/default/dso_loader.cc:48] Successfully opened dynamic library libcublas.so.10
2021-07-01 23:43:21.068577: I tensorflow/stream_executor/platform/default/dso_loader.cc:48] Successfully opened dynamic library libcufft.so.10
2021-07-01 23:43:21.068595: I tensorflow/stream_executor/platform/default/dso_loader.cc:48] Successfully opened dynamic library libcurand.so.10
2021-07-01 23:43:21.068614: I tensorflow/stream_executor/platform/default/dso_loader.cc:48] Successfully opened dynamic library libcusolver.so.10
2021-07-01 23:43:21.068631: I tensorflow/stream_executor/platform/default/dso_loader.cc:48] Successfully opened dynamic library libcusparse.so.10
2021-07-01 23:43:21.068650: I tensorflow/stream_executor/platform/default/dso_loader.cc:48] Successfully opened dynamic library libcudnn.so.7
2021-07-01 23:43:21.277016: I tensorflow/core/common_runtime/gpu/gpu_device.cc:1858] Adding visible gpu devices: 0
2021-07-01 23:43:21.281191: I tensorflow/stream_executor/platform/default/dso_loader.cc:48] Successfully opened dynamic library libcudart.so.10.1
2021-07-01 23:43:43.310187: I tensorflow/core/common_runtime/gpu/gpu_device.cc:1257] Device interconnect StreamExecutor with strength 1 edge matrix:
2021-07-01 23:43:43.310266: I tensorflow/core/common_runtime/gpu/gpu_device.cc:1263]      0 
2021-07-01 23:43:43.310281: I tensorflow/core/common_runtime/gpu/gpu_device.cc:1276] 0:   N 
2021-07-01 23:43:43.317045: I tensorflow/core/common_runtime/gpu/gpu_device.cc:1402] Created TensorFlow device (/job:localhost/replica:0/task:0/device:GPU:0 with 11218 MB memory) -> physical GPU (device: 0, name: NVIDIA TITAN Xp, pci bus id: 0000:03:00.0, compute capability: 6.1)
2021-07-01 23:43:48.974036: I tensorflow/stream_executor/platform/default/dso_loader.cc:48] Successfully opened dynamic library libcudnn.so.7
2021-07-01 23:44:18.750095: I tensorflow/stream_executor/platform/default/dso_loader.cc:48] Successfully opened dynamic library libcublas.so.10
/usr/local/lib/python3.6/dist-packages/tensorflow/python/autograph/impl/api.py:493: UserWarning: fill_value is not supported and is always 0 for TensorFlow < 2.4.0.
  return py_builtins.overload_of(f)(*args)
WARNING:tensorflow:Callbacks method `on_train_batch_end` is slow compared to the batch time (batch time: 0.0254s vs `on_train_batch_end` time: 0.0393s). Check your callbacks.
Using model index: 29
Making train data...
GCN...
ZCA...
Done!
Making test data...
Done!
Epoch 1/350


Snapshot weight 9 shuffle 2 at epoch 1
Layer 11
Getting activations...


391/391 - 23s - loss: 2.3210 - accuracy: 0.1080 - val_loss: 2.3138 - val_accuracy: 0.1369
Epoch 2/350


Snapshot weight 9 shuffle 2 at epoch 2
Layer 11
Getting activations...


391/391 - 22s - loss: 2.2753 - accuracy: 0.1530 - val_loss: 2.2252 - val_accuracy: 0.1629
Epoch 3/350


Snapshot weight 9 shuffle 2 at epoch 3
Layer 11
Getting activations...


391/391 - 23s - loss: 2.2123 - accuracy: 0.1854 - val_loss: 2.1484 - val_accuracy: 0.2071
Epoch 4/350


Snapshot weight 9 shuffle 2 at epoch 4
Layer 11
Getting activations...


391/391 - 23s - loss: 2.1630 - accuracy: 0.2180 - val_loss: 2.1369 - val_accuracy: 0.2415
Epoch 5/350


Snapshot weight 9 shuffle 2 at epoch 5
Layer 11
Getting activations...


391/391 - 23s - loss: 2.0852 - accuracy: 0.2721 - val_loss: 2.0019 - val_accuracy: 0.3176
Epoch 6/350


Snapshot weight 9 shuffle 2 at epoch 6
Layer 11
Getting activations...


391/391 - 23s - loss: 1.9492 - accuracy: 0.3293 - val_loss: 1.7642 - val_accuracy: 0.3845
Epoch 7/350


Snapshot weight 9 shuffle 2 at epoch 7
Layer 11
Getting activations...


391/391 - 23s - loss: 1.6645 - accuracy: 0.4241 - val_loss: 1.6209 - val_accuracy: 0.4689
Epoch 8/350


Snapshot weight 9 shuffle 2 at epoch 8
Layer 11
Getting activations...


391/391 - 23s - loss: 1.4574 - accuracy: 0.4996 - val_loss: 1.2138 - val_accuracy: 0.5818
Epoch 9/350


Snapshot weight 9 shuffle 2 at epoch 9
Layer 11
Getting activations...


391/391 - 23s - loss: 1.2682 - accuracy: 0.5593 - val_loss: 1.1255 - val_accuracy: 0.6065
Epoch 10/350


Snapshot weight 9 shuffle 2 at epoch 10
Layer 11
Getting activations...


391/391 - 23s - loss: 1.1633 - accuracy: 0.5940 - val_loss: 1.1575 - val_accuracy: 0.6128
Epoch 11/350
391/391 - 23s - loss: 1.1069 - accuracy: 0.6173 - val_loss: 1.0731 - val_accuracy: 0.6322
Epoch 12/350
391/391 - 23s - loss: 1.0505 - accuracy: 0.6352 - val_loss: 1.1339 - val_accuracy: 0.6303
Epoch 13/350
391/391 - 23s - loss: 0.9892 - accuracy: 0.6594 - val_loss: 0.9254 - val_accuracy: 0.6820
Epoch 14/350
391/391 - 23s - loss: 0.9457 - accuracy: 0.6759 - val_loss: 0.9664 - val_accuracy: 0.6864
Epoch 15/350
391/391 - 23s - loss: 0.8994 - accuracy: 0.6929 - val_loss: 0.8811 - val_accuracy: 0.7025
Epoch 16/350
391/391 - 23s - loss: 0.8656 - accuracy: 0.7058 - val_loss: 0.7787 - val_accuracy: 0.7383
Epoch 17/350
391/391 - 23s - loss: 0.8264 - accuracy: 0.7195 - val_loss: 0.7780 - val_accuracy: 0.7374
Epoch 18/350
391/391 - 23s - loss: 0.8030 - accuracy: 0.7291 - val_loss: 0.6899 - val_accuracy: 0.7711
Epoch 19/350
391/391 - 23s - loss: 0.7702 - accuracy: 0.7385 - val_loss: 0.6871 - val_accuracy: 0.7711
Epoch 20/350
391/391 - 23s - loss: 0.7516 - accuracy: 0.7485 - val_loss: 0.7096 - val_accuracy: 0.7669
Epoch 21/350
391/391 - 23s - loss: 0.7275 - accuracy: 0.7564 - val_loss: 0.6685 - val_accuracy: 0.7778
Epoch 22/350
391/391 - 23s - loss: 0.6922 - accuracy: 0.7682 - val_loss: 0.6559 - val_accuracy: 0.7832
Epoch 23/350
391/391 - 23s - loss: 0.6748 - accuracy: 0.7743 - val_loss: 0.6250 - val_accuracy: 0.7954
Epoch 24/350
391/391 - 23s - loss: 0.6613 - accuracy: 0.7792 - val_loss: 0.6163 - val_accuracy: 0.8029
Epoch 25/350
391/391 - 23s - loss: 0.6378 - accuracy: 0.7884 - val_loss: 0.6673 - val_accuracy: 0.7866
Epoch 26/350
391/391 - 23s - loss: 0.6218 - accuracy: 0.7943 - val_loss: 0.5941 - val_accuracy: 0.8079
Epoch 27/350
391/391 - 23s - loss: 0.6105 - accuracy: 0.7981 - val_loss: 0.6240 - val_accuracy: 0.7989
Epoch 28/350
391/391 - 23s - loss: 0.5954 - accuracy: 0.8009 - val_loss: 0.6039 - val_accuracy: 0.8135
Epoch 29/350
391/391 - 23s - loss: 0.5898 - accuracy: 0.8024 - val_loss: 0.5710 - val_accuracy: 0.8087
Epoch 30/350
391/391 - 23s - loss: 0.5717 - accuracy: 0.8110 - val_loss: 0.5527 - val_accuracy: 0.8236
Epoch 31/350
391/391 - 23s - loss: 0.5649 - accuracy: 0.8137 - val_loss: 0.5818 - val_accuracy: 0.8172
Epoch 32/350
391/391 - 23s - loss: 0.5482 - accuracy: 0.8183 - val_loss: 0.5431 - val_accuracy: 0.8300
Epoch 33/350
391/391 - 23s - loss: 0.5392 - accuracy: 0.8232 - val_loss: 0.5345 - val_accuracy: 0.8272
Epoch 34/350
391/391 - 23s - loss: 0.5332 - accuracy: 0.8264 - val_loss: 0.5959 - val_accuracy: 0.8129
Epoch 35/350
391/391 - 23s - loss: 0.5197 - accuracy: 0.8307 - val_loss: 0.5156 - val_accuracy: 0.8390
Epoch 36/350
391/391 - 23s - loss: 0.5089 - accuracy: 0.8332 - val_loss: 0.5024 - val_accuracy: 0.8401
Epoch 37/350
391/391 - 23s - loss: 0.5047 - accuracy: 0.8349 - val_loss: 0.5296 - val_accuracy: 0.8362
Epoch 38/350
391/391 - 23s - loss: 0.4953 - accuracy: 0.8374 - val_loss: 0.5245 - val_accuracy: 0.8351
Epoch 39/350
391/391 - 23s - loss: 0.4863 - accuracy: 0.8416 - val_loss: 0.5197 - val_accuracy: 0.8393
Epoch 40/350
391/391 - 23s - loss: 0.4831 - accuracy: 0.8430 - val_loss: 0.4935 - val_accuracy: 0.8412
Epoch 41/350
391/391 - 23s - loss: 0.4764 - accuracy: 0.8448 - val_loss: 0.5735 - val_accuracy: 0.8236
Epoch 42/350
391/391 - 23s - loss: 0.4627 - accuracy: 0.8502 - val_loss: 0.4690 - val_accuracy: 0.8522
Epoch 43/350
391/391 - 23s - loss: 0.4587 - accuracy: 0.8520 - val_loss: 0.4725 - val_accuracy: 0.8542
Epoch 44/350
391/391 - 23s - loss: 0.4529 - accuracy: 0.8531 - val_loss: 0.4713 - val_accuracy: 0.8478
Epoch 45/350
391/391 - 23s - loss: 0.4421 - accuracy: 0.8572 - val_loss: 0.4737 - val_accuracy: 0.8508
Epoch 46/350
391/391 - 23s - loss: 0.4375 - accuracy: 0.8587 - val_loss: 0.5099 - val_accuracy: 0.8427
Epoch 47/350
391/391 - 23s - loss: 0.4358 - accuracy: 0.8591 - val_loss: 0.4451 - val_accuracy: 0.8628
Epoch 48/350
391/391 - 23s - loss: 0.4301 - accuracy: 0.8626 - val_loss: 0.4710 - val_accuracy: 0.8527
Epoch 49/350
391/391 - 23s - loss: 0.4218 - accuracy: 0.8644 - val_loss: 0.4713 - val_accuracy: 0.8569
Epoch 50/350


Snapshot weight 9 shuffle 2 at epoch 50
Layer 11
Getting activations...


391/391 - 23s - loss: 0.4178 - accuracy: 0.8657 - val_loss: 0.4560 - val_accuracy: 0.8579
Epoch 51/350
391/391 - 24s - loss: 0.4136 - accuracy: 0.8658 - val_loss: 0.4570 - val_accuracy: 0.8620
Epoch 52/350
391/391 - 23s - loss: 0.4090 - accuracy: 0.8689 - val_loss: 0.4756 - val_accuracy: 0.8547
Epoch 53/350
391/391 - 23s - loss: 0.3993 - accuracy: 0.8705 - val_loss: 0.4545 - val_accuracy: 0.8613
Epoch 54/350
391/391 - 23s - loss: 0.3966 - accuracy: 0.8727 - val_loss: 0.4772 - val_accuracy: 0.8550
Epoch 55/350
391/391 - 23s - loss: 0.3918 - accuracy: 0.8744 - val_loss: 0.4627 - val_accuracy: 0.8606
Epoch 56/350
391/391 - 23s - loss: 0.3850 - accuracy: 0.8763 - val_loss: 0.4459 - val_accuracy: 0.8678
Epoch 57/350
391/391 - 23s - loss: 0.3859 - accuracy: 0.8755 - val_loss: 0.4458 - val_accuracy: 0.8681
Epoch 58/350
391/391 - 23s - loss: 0.3844 - accuracy: 0.8772 - val_loss: 0.4710 - val_accuracy: 0.8649
Epoch 59/350
391/391 - 23s - loss: 0.3802 - accuracy: 0.8787 - val_loss: 0.4791 - val_accuracy: 0.8598
Epoch 60/350
391/391 - 23s - loss: 0.3707 - accuracy: 0.8805 - val_loss: 0.4524 - val_accuracy: 0.8640
Epoch 61/350
391/391 - 23s - loss: 0.3645 - accuracy: 0.8835 - val_loss: 0.4473 - val_accuracy: 0.8665
Epoch 62/350
391/391 - 23s - loss: 0.3651 - accuracy: 0.8841 - val_loss: 0.4281 - val_accuracy: 0.8700
Epoch 63/350
391/391 - 23s - loss: 0.3549 - accuracy: 0.8873 - val_loss: 0.4381 - val_accuracy: 0.8681
Epoch 64/350
391/391 - 23s - loss: 0.3591 - accuracy: 0.8863 - val_loss: 0.4547 - val_accuracy: 0.8674
Epoch 65/350
391/391 - 23s - loss: 0.3508 - accuracy: 0.8887 - val_loss: 0.4153 - val_accuracy: 0.8777
Epoch 66/350
391/391 - 23s - loss: 0.3497 - accuracy: 0.8880 - val_loss: 0.4312 - val_accuracy: 0.8707
Epoch 67/350
391/391 - 23s - loss: 0.3489 - accuracy: 0.8896 - val_loss: 0.4324 - val_accuracy: 0.8728
Epoch 68/350
391/391 - 23s - loss: 0.3398 - accuracy: 0.8917 - val_loss: 0.4337 - val_accuracy: 0.8668
Epoch 69/350
391/391 - 23s - loss: 0.3467 - accuracy: 0.8892 - val_loss: 0.4526 - val_accuracy: 0.8662
Epoch 70/350
391/391 - 23s - loss: 0.3418 - accuracy: 0.8914 - val_loss: 0.4414 - val_accuracy: 0.8727
Epoch 71/350
391/391 - 23s - loss: 0.3324 - accuracy: 0.8944 - val_loss: 0.4343 - val_accuracy: 0.8723
Epoch 72/350
391/391 - 23s - loss: 0.3305 - accuracy: 0.8958 - val_loss: 0.4216 - val_accuracy: 0.8754
Epoch 73/350
391/391 - 23s - loss: 0.3286 - accuracy: 0.8958 - val_loss: 0.4633 - val_accuracy: 0.8699
Epoch 74/350
391/391 - 23s - loss: 0.3182 - accuracy: 0.9002 - val_loss: 0.4417 - val_accuracy: 0.8718
Epoch 75/350
391/391 - 23s - loss: 0.3224 - accuracy: 0.8986 - val_loss: 0.4412 - val_accuracy: 0.8771
Epoch 76/350
391/391 - 23s - loss: 0.3224 - accuracy: 0.8994 - val_loss: 0.4362 - val_accuracy: 0.8777
Epoch 77/350
391/391 - 23s - loss: 0.3133 - accuracy: 0.9016 - val_loss: 0.4164 - val_accuracy: 0.8785
Epoch 78/350
391/391 - 23s - loss: 0.3152 - accuracy: 0.9009 - val_loss: 0.4546 - val_accuracy: 0.8708
Epoch 79/350
391/391 - 23s - loss: 0.3074 - accuracy: 0.9043 - val_loss: 0.4022 - val_accuracy: 0.8835
Epoch 80/350
391/391 - 23s - loss: 0.3075 - accuracy: 0.9036 - val_loss: 0.4433 - val_accuracy: 0.8749
Epoch 81/350
391/391 - 23s - loss: 0.3078 - accuracy: 0.9033 - val_loss: 0.4135 - val_accuracy: 0.8771
Epoch 82/350
391/391 - 23s - loss: 0.3076 - accuracy: 0.9050 - val_loss: 0.4544 - val_accuracy: 0.8691
Epoch 83/350
391/391 - 23s - loss: 0.2993 - accuracy: 0.9069 - val_loss: 0.4177 - val_accuracy: 0.8840
Epoch 84/350
391/391 - 23s - loss: 0.2964 - accuracy: 0.9081 - val_loss: 0.4501 - val_accuracy: 0.8685
Epoch 85/350
391/391 - 23s - loss: 0.2935 - accuracy: 0.9081 - val_loss: 0.4287 - val_accuracy: 0.8784
Epoch 86/350
391/391 - 23s - loss: 0.2908 - accuracy: 0.9082 - val_loss: 0.4102 - val_accuracy: 0.8855
Epoch 87/350
391/391 - 23s - loss: 0.2868 - accuracy: 0.9123 - val_loss: 0.4353 - val_accuracy: 0.8781
Epoch 88/350
391/391 - 23s - loss: 0.2864 - accuracy: 0.9129 - val_loss: 0.4318 - val_accuracy: 0.8769
Epoch 89/350
391/391 - 23s - loss: 0.2855 - accuracy: 0.9131 - val_loss: 0.4243 - val_accuracy: 0.8793
Epoch 90/350
391/391 - 23s - loss: 0.2808 - accuracy: 0.9128 - val_loss: 0.4178 - val_accuracy: 0.8857
Epoch 91/350
391/391 - 23s - loss: 0.2828 - accuracy: 0.9117 - val_loss: 0.4125 - val_accuracy: 0.8871
Epoch 92/350
391/391 - 23s - loss: 0.2801 - accuracy: 0.9134 - val_loss: 0.4068 - val_accuracy: 0.8847
Epoch 93/350
391/391 - 23s - loss: 0.2748 - accuracy: 0.9151 - val_loss: 0.4048 - val_accuracy: 0.8868
Epoch 94/350
391/391 - 23s - loss: 0.2770 - accuracy: 0.9149 - val_loss: 0.4361 - val_accuracy: 0.8773
Epoch 95/350
391/391 - 23s - loss: 0.2764 - accuracy: 0.9151 - val_loss: 0.4119 - val_accuracy: 0.8856
Epoch 96/350
391/391 - 23s - loss: 0.2680 - accuracy: 0.9176 - val_loss: 0.4401 - val_accuracy: 0.8848
Epoch 97/350
391/391 - 23s - loss: 0.2696 - accuracy: 0.9177 - val_loss: 0.4548 - val_accuracy: 0.8732
Epoch 98/350
391/391 - 23s - loss: 0.2648 - accuracy: 0.9204 - val_loss: 0.4212 - val_accuracy: 0.8870
Epoch 99/350
391/391 - 23s - loss: 0.2673 - accuracy: 0.9192 - val_loss: 0.4201 - val_accuracy: 0.8868
Epoch 100/350


Snapshot weight 9 shuffle 2 at epoch 100
Layer 11
Getting activations...


391/391 - 23s - loss: 0.2617 - accuracy: 0.9210 - val_loss: 0.4256 - val_accuracy: 0.8849
Epoch 101/350
391/391 - 22s - loss: 0.2568 - accuracy: 0.9223 - val_loss: 0.4171 - val_accuracy: 0.8854
Epoch 102/350
391/391 - 23s - loss: 0.2612 - accuracy: 0.9204 - val_loss: 0.4587 - val_accuracy: 0.8787
Epoch 103/350
391/391 - 23s - loss: 0.2594 - accuracy: 0.9199 - val_loss: 0.4273 - val_accuracy: 0.8801
Epoch 104/350
391/391 - 23s - loss: 0.2572 - accuracy: 0.9220 - val_loss: 0.4162 - val_accuracy: 0.8834
Epoch 105/350
391/391 - 23s - loss: 0.2509 - accuracy: 0.9244 - val_loss: 0.4604 - val_accuracy: 0.8812
Epoch 106/350
391/391 - 23s - loss: 0.2517 - accuracy: 0.9245 - val_loss: 0.4322 - val_accuracy: 0.8837
Epoch 107/350
391/391 - 23s - loss: 0.2482 - accuracy: 0.9259 - val_loss: 0.4079 - val_accuracy: 0.8937
Epoch 108/350
391/391 - 23s - loss: 0.2502 - accuracy: 0.9246 - val_loss: 0.4212 - val_accuracy: 0.8832
Epoch 109/350
391/391 - 23s - loss: 0.2495 - accuracy: 0.9246 - val_loss: 0.3988 - val_accuracy: 0.8865
Epoch 110/350
391/391 - 23s - loss: 0.2514 - accuracy: 0.9248 - val_loss: 0.4316 - val_accuracy: 0.8847
Epoch 111/350
391/391 - 23s - loss: 0.2427 - accuracy: 0.9280 - val_loss: 0.4166 - val_accuracy: 0.8885
Epoch 112/350
391/391 - 23s - loss: 0.2511 - accuracy: 0.9255 - val_loss: 0.4253 - val_accuracy: 0.8904
Epoch 113/350
391/391 - 23s - loss: 0.2435 - accuracy: 0.9263 - val_loss: 0.4117 - val_accuracy: 0.8933
Epoch 114/350
391/391 - 23s - loss: 0.2421 - accuracy: 0.9275 - val_loss: 0.4233 - val_accuracy: 0.8864
Epoch 115/350
391/391 - 23s - loss: 0.2351 - accuracy: 0.9302 - val_loss: 0.4277 - val_accuracy: 0.8877
Epoch 116/350
391/391 - 23s - loss: 0.2412 - accuracy: 0.9285 - val_loss: 0.4123 - val_accuracy: 0.8893
Epoch 117/350
391/391 - 23s - loss: 0.2308 - accuracy: 0.9327 - val_loss: 0.4108 - val_accuracy: 0.8911
Epoch 118/350
391/391 - 23s - loss: 0.2349 - accuracy: 0.9308 - val_loss: 0.4220 - val_accuracy: 0.8866
Epoch 119/350
391/391 - 23s - loss: 0.2346 - accuracy: 0.9298 - val_loss: 0.4169 - val_accuracy: 0.8850
Epoch 120/350
391/391 - 23s - loss: 0.2341 - accuracy: 0.9308 - val_loss: 0.4233 - val_accuracy: 0.8912
Epoch 121/350
391/391 - 23s - loss: 0.2266 - accuracy: 0.9334 - val_loss: 0.4904 - val_accuracy: 0.8815
Epoch 122/350
391/391 - 23s - loss: 0.2319 - accuracy: 0.9322 - val_loss: 0.4414 - val_accuracy: 0.8854
Epoch 123/350
391/391 - 23s - loss: 0.2307 - accuracy: 0.9314 - val_loss: 0.4473 - val_accuracy: 0.8852
Epoch 124/350
391/391 - 23s - loss: 0.2280 - accuracy: 0.9335 - val_loss: 0.4388 - val_accuracy: 0.8879
Epoch 125/350
391/391 - 23s - loss: 0.2262 - accuracy: 0.9338 - val_loss: 0.4203 - val_accuracy: 0.8901
Epoch 126/350
391/391 - 23s - loss: 0.2231 - accuracy: 0.9343 - val_loss: 0.4512 - val_accuracy: 0.8841
Epoch 127/350
391/391 - 23s - loss: 0.2304 - accuracy: 0.9330 - val_loss: 0.4379 - val_accuracy: 0.8893
Epoch 128/350
391/391 - 23s - loss: 0.2183 - accuracy: 0.9363 - val_loss: 0.4174 - val_accuracy: 0.8921
Epoch 129/350
391/391 - 23s - loss: 0.2214 - accuracy: 0.9350 - val_loss: 0.4273 - val_accuracy: 0.8937
Epoch 130/350
391/391 - 23s - loss: 0.2197 - accuracy: 0.9360 - val_loss: 0.4242 - val_accuracy: 0.8937
Epoch 131/350
391/391 - 23s - loss: 0.2195 - accuracy: 0.9354 - val_loss: 0.4421 - val_accuracy: 0.8843
Epoch 132/350
391/391 - 23s - loss: 0.2154 - accuracy: 0.9382 - val_loss: 0.4283 - val_accuracy: 0.8929
Epoch 133/350
391/391 - 23s - loss: 0.2188 - accuracy: 0.9369 - val_loss: 0.4035 - val_accuracy: 0.8960
Epoch 134/350
391/391 - 23s - loss: 0.2130 - accuracy: 0.9384 - val_loss: 0.4354 - val_accuracy: 0.8890
Epoch 135/350
391/391 - 23s - loss: 0.2143 - accuracy: 0.9389 - val_loss: 0.4514 - val_accuracy: 0.8881
Epoch 136/350
391/391 - 23s - loss: 0.2071 - accuracy: 0.9398 - val_loss: 0.4306 - val_accuracy: 0.8925
Epoch 137/350
391/391 - 23s - loss: 0.2106 - accuracy: 0.9406 - val_loss: 0.4459 - val_accuracy: 0.8875
Epoch 138/350
391/391 - 23s - loss: 0.2090 - accuracy: 0.9398 - val_loss: 0.4640 - val_accuracy: 0.8882
Epoch 139/350
391/391 - 23s - loss: 0.2039 - accuracy: 0.9409 - val_loss: 0.4543 - val_accuracy: 0.8925
Epoch 140/350
391/391 - 23s - loss: 0.2065 - accuracy: 0.9417 - val_loss: 0.4201 - val_accuracy: 0.8967
Epoch 141/350
391/391 - 23s - loss: 0.2054 - accuracy: 0.9410 - val_loss: 0.4240 - val_accuracy: 0.8927
Epoch 142/350
391/391 - 23s - loss: 0.2047 - accuracy: 0.9422 - val_loss: 0.4477 - val_accuracy: 0.8882
Epoch 143/350
391/391 - 23s - loss: 0.2053 - accuracy: 0.9408 - val_loss: 0.4292 - val_accuracy: 0.8919
Epoch 144/350
391/391 - 23s - loss: 0.2004 - accuracy: 0.9440 - val_loss: 0.4303 - val_accuracy: 0.8952
Epoch 145/350
391/391 - 23s - loss: 0.2003 - accuracy: 0.9440 - val_loss: 0.4054 - val_accuracy: 0.8979
Epoch 146/350
391/391 - 23s - loss: 0.2076 - accuracy: 0.9413 - val_loss: 0.4469 - val_accuracy: 0.8907
Epoch 147/350
391/391 - 23s - loss: 0.2027 - accuracy: 0.9436 - val_loss: 0.4283 - val_accuracy: 0.8870
Epoch 148/350
391/391 - 23s - loss: 0.2013 - accuracy: 0.9437 - val_loss: 0.4511 - val_accuracy: 0.8898
Epoch 149/350
391/391 - 23s - loss: 0.1972 - accuracy: 0.9459 - val_loss: 0.4648 - val_accuracy: 0.8891
Epoch 150/350


Snapshot weight 9 shuffle 2 at epoch 150
Layer 11
Getting activations...


391/391 - 23s - loss: 0.1970 - accuracy: 0.9461 - val_loss: 0.4779 - val_accuracy: 0.8803
Epoch 151/350
391/391 - 23s - loss: 0.1993 - accuracy: 0.9446 - val_loss: 0.4698 - val_accuracy: 0.8894
Epoch 152/350
391/391 - 23s - loss: 0.1995 - accuracy: 0.9437 - val_loss: 0.4507 - val_accuracy: 0.8942
Epoch 153/350
391/391 - 23s - loss: 0.1963 - accuracy: 0.9450 - val_loss: 0.4998 - val_accuracy: 0.8796
Epoch 154/350
391/391 - 23s - loss: 0.1977 - accuracy: 0.9431 - val_loss: 0.4554 - val_accuracy: 0.8930
Epoch 155/350
391/391 - 23s - loss: 0.1937 - accuracy: 0.9467 - val_loss: 0.4311 - val_accuracy: 0.8931
Epoch 156/350
391/391 - 23s - loss: 0.1989 - accuracy: 0.9438 - val_loss: 0.4219 - val_accuracy: 0.8976
Epoch 157/350
391/391 - 23s - loss: 0.1918 - accuracy: 0.9458 - val_loss: 0.4522 - val_accuracy: 0.8948
Epoch 158/350
391/391 - 22s - loss: 0.1933 - accuracy: 0.9462 - val_loss: 0.4373 - val_accuracy: 0.8925
Epoch 159/350
391/391 - 23s - loss: 0.1894 - accuracy: 0.9479 - val_loss: 0.4387 - val_accuracy: 0.8959
Epoch 160/350
391/391 - 23s - loss: 0.1936 - accuracy: 0.9469 - val_loss: 0.4412 - val_accuracy: 0.8959
Epoch 161/350
391/391 - 23s - loss: 0.1874 - accuracy: 0.9486 - val_loss: 0.4762 - val_accuracy: 0.8909
Epoch 162/350
391/391 - 23s - loss: 0.1902 - accuracy: 0.9479 - val_loss: 0.4417 - val_accuracy: 0.8926
Epoch 163/350
391/391 - 23s - loss: 0.1850 - accuracy: 0.9497 - val_loss: 0.4439 - val_accuracy: 0.8979
Epoch 164/350
391/391 - 23s - loss: 0.1893 - accuracy: 0.9484 - val_loss: 0.4412 - val_accuracy: 0.8920
Epoch 165/350
391/391 - 23s - loss: 0.1854 - accuracy: 0.9491 - val_loss: 0.4188 - val_accuracy: 0.8944
Epoch 166/350
391/391 - 23s - loss: 0.1865 - accuracy: 0.9487 - val_loss: 0.4620 - val_accuracy: 0.8936
Epoch 167/350
391/391 - 23s - loss: 0.1891 - accuracy: 0.9485 - val_loss: 0.4174 - val_accuracy: 0.8984
Epoch 168/350
391/391 - 23s - loss: 0.1818 - accuracy: 0.9508 - val_loss: 0.4974 - val_accuracy: 0.8936
Epoch 169/350
391/391 - 23s - loss: 0.1875 - accuracy: 0.9491 - val_loss: 0.4328 - val_accuracy: 0.8970
Epoch 170/350
391/391 - 23s - loss: 0.1790 - accuracy: 0.9523 - val_loss: 0.4534 - val_accuracy: 0.8935
Epoch 171/350
391/391 - 23s - loss: 0.1865 - accuracy: 0.9493 - val_loss: 0.4859 - val_accuracy: 0.8879
Epoch 172/350
391/391 - 23s - loss: 0.1801 - accuracy: 0.9508 - val_loss: 0.5040 - val_accuracy: 0.8905
Epoch 173/350
391/391 - 23s - loss: 0.1799 - accuracy: 0.9521 - val_loss: 0.4714 - val_accuracy: 0.8900
Epoch 174/350
391/391 - 23s - loss: 0.1821 - accuracy: 0.9514 - val_loss: 0.4460 - val_accuracy: 0.8903
Epoch 175/350
391/391 - 23s - loss: 0.1791 - accuracy: 0.9511 - val_loss: 0.5052 - val_accuracy: 0.8846
Epoch 176/350
391/391 - 23s - loss: 0.1781 - accuracy: 0.9523 - val_loss: 0.4541 - val_accuracy: 0.8929
Epoch 177/350
391/391 - 23s - loss: 0.1742 - accuracy: 0.9539 - val_loss: 0.4630 - val_accuracy: 0.8922
Epoch 178/350
391/391 - 23s - loss: 0.1774 - accuracy: 0.9524 - val_loss: 0.4813 - val_accuracy: 0.8894
Epoch 179/350
391/391 - 23s - loss: 0.1800 - accuracy: 0.9523 - val_loss: 0.4670 - val_accuracy: 0.8940
Epoch 180/350
391/391 - 23s - loss: 0.1792 - accuracy: 0.9521 - val_loss: 0.4905 - val_accuracy: 0.8867
Epoch 181/350
391/391 - 23s - loss: 0.1788 - accuracy: 0.9528 - val_loss: 0.4647 - val_accuracy: 0.8935
Epoch 182/350
391/391 - 23s - loss: 0.1830 - accuracy: 0.9512 - val_loss: 0.4499 - val_accuracy: 0.8956
Epoch 183/350
391/391 - 23s - loss: 0.1778 - accuracy: 0.9521 - val_loss: 0.4627 - val_accuracy: 0.8952
Epoch 184/350
391/391 - 23s - loss: 0.1732 - accuracy: 0.9536 - val_loss: 0.4825 - val_accuracy: 0.8922
Epoch 185/350
391/391 - 23s - loss: 0.1783 - accuracy: 0.9513 - val_loss: 0.4483 - val_accuracy: 0.8936
Epoch 186/350
391/391 - 23s - loss: 0.1706 - accuracy: 0.9552 - val_loss: 0.4868 - val_accuracy: 0.8936
Epoch 187/350
391/391 - 23s - loss: 0.1766 - accuracy: 0.9531 - val_loss: 0.4483 - val_accuracy: 0.8936
Epoch 188/350
391/391 - 23s - loss: 0.1730 - accuracy: 0.9552 - val_loss: 0.4518 - val_accuracy: 0.8963
Epoch 189/350
391/391 - 23s - loss: 0.1719 - accuracy: 0.9551 - val_loss: 0.4855 - val_accuracy: 0.8897
Epoch 190/350
391/391 - 23s - loss: 0.1738 - accuracy: 0.9546 - val_loss: 0.4669 - val_accuracy: 0.8973
Epoch 191/350
391/391 - 23s - loss: 0.1650 - accuracy: 0.9577 - val_loss: 0.4988 - val_accuracy: 0.8930
Epoch 192/350
391/391 - 23s - loss: 0.1668 - accuracy: 0.9564 - val_loss: 0.4877 - val_accuracy: 0.8916
Epoch 193/350
391/391 - 23s - loss: 0.1737 - accuracy: 0.9555 - val_loss: 0.4875 - val_accuracy: 0.8909
Epoch 194/350
391/391 - 23s - loss: 0.1691 - accuracy: 0.9569 - val_loss: 0.4680 - val_accuracy: 0.8926
Epoch 195/350
391/391 - 23s - loss: 0.1678 - accuracy: 0.9561 - val_loss: 0.4542 - val_accuracy: 0.8984
Epoch 196/350
391/391 - 23s - loss: 0.1687 - accuracy: 0.9560 - val_loss: 0.4581 - val_accuracy: 0.8950
Epoch 197/350
391/391 - 23s - loss: 0.1634 - accuracy: 0.9582 - val_loss: 0.4674 - val_accuracy: 0.8959
Epoch 198/350
391/391 - 23s - loss: 0.1649 - accuracy: 0.9572 - val_loss: 0.4721 - val_accuracy: 0.8947
Epoch 199/350
391/391 - 23s - loss: 0.1672 - accuracy: 0.9566 - val_loss: 0.4654 - val_accuracy: 0.8997
Epoch 200/350


Snapshot weight 9 shuffle 2 at epoch 200
Layer 11
Getting activations...


391/391 - 23s - loss: 0.1621 - accuracy: 0.9577 - val_loss: 0.4874 - val_accuracy: 0.8944
Epoch 201/350
391/391 - 23s - loss: 0.1442 - accuracy: 0.9654 - val_loss: 0.4535 - val_accuracy: 0.9021
Epoch 202/350
391/391 - 23s - loss: 0.1257 - accuracy: 0.9716 - val_loss: 0.4493 - val_accuracy: 0.9082
Epoch 203/350
391/391 - 23s - loss: 0.1244 - accuracy: 0.9721 - val_loss: 0.4686 - val_accuracy: 0.9033
Epoch 204/350
391/391 - 23s - loss: 0.1225 - accuracy: 0.9719 - val_loss: 0.4799 - val_accuracy: 0.9023
Epoch 205/350
391/391 - 23s - loss: 0.1211 - accuracy: 0.9729 - val_loss: 0.4664 - val_accuracy: 0.9043
Epoch 206/350
391/391 - 23s - loss: 0.1205 - accuracy: 0.9731 - val_loss: 0.4732 - val_accuracy: 0.9053
Epoch 207/350
391/391 - 23s - loss: 0.1167 - accuracy: 0.9740 - val_loss: 0.4676 - val_accuracy: 0.9053
Epoch 208/350
391/391 - 23s - loss: 0.1187 - accuracy: 0.9741 - val_loss: 0.4766 - val_accuracy: 0.9048
Epoch 209/350
391/391 - 23s - loss: 0.1184 - accuracy: 0.9745 - val_loss: 0.4689 - val_accuracy: 0.9063
Epoch 210/350
391/391 - 23s - loss: 0.1170 - accuracy: 0.9751 - val_loss: 0.4736 - val_accuracy: 0.9069
Epoch 211/350
391/391 - 23s - loss: 0.1153 - accuracy: 0.9754 - val_loss: 0.4699 - val_accuracy: 0.9065
Epoch 212/350
391/391 - 23s - loss: 0.1162 - accuracy: 0.9754 - val_loss: 0.4816 - val_accuracy: 0.9061
Epoch 213/350
391/391 - 23s - loss: 0.1151 - accuracy: 0.9758 - val_loss: 0.4698 - val_accuracy: 0.9087
Epoch 214/350
391/391 - 22s - loss: 0.1119 - accuracy: 0.9765 - val_loss: 0.4860 - val_accuracy: 0.9057
Epoch 215/350
391/391 - 23s - loss: 0.1133 - accuracy: 0.9756 - val_loss: 0.4771 - val_accuracy: 0.9077
Epoch 216/350
391/391 - 23s - loss: 0.1130 - accuracy: 0.9760 - val_loss: 0.4787 - val_accuracy: 0.9070
Epoch 217/350
391/391 - 23s - loss: 0.1106 - accuracy: 0.9772 - val_loss: 0.4896 - val_accuracy: 0.9066
Epoch 218/350
391/391 - 23s - loss: 0.1114 - accuracy: 0.9769 - val_loss: 0.4769 - val_accuracy: 0.9071
Epoch 219/350
391/391 - 23s - loss: 0.1106 - accuracy: 0.9771 - val_loss: 0.4824 - val_accuracy: 0.9076
Epoch 220/350
391/391 - 23s - loss: 0.1085 - accuracy: 0.9773 - val_loss: 0.4880 - val_accuracy: 0.9059
Epoch 221/350
391/391 - 23s - loss: 0.1101 - accuracy: 0.9771 - val_loss: 0.4818 - val_accuracy: 0.9067
Epoch 222/350
391/391 - 23s - loss: 0.1130 - accuracy: 0.9762 - val_loss: 0.4846 - val_accuracy: 0.9067
Epoch 223/350
391/391 - 23s - loss: 0.1086 - accuracy: 0.9776 - val_loss: 0.4917 - val_accuracy: 0.9060
Epoch 224/350
391/391 - 23s - loss: 0.1108 - accuracy: 0.9773 - val_loss: 0.4866 - val_accuracy: 0.9069
Epoch 225/350
391/391 - 23s - loss: 0.1076 - accuracy: 0.9784 - val_loss: 0.4845 - val_accuracy: 0.9089
Epoch 226/350
391/391 - 23s - loss: 0.1080 - accuracy: 0.9780 - val_loss: 0.4911 - val_accuracy: 0.9062
Epoch 227/350
391/391 - 23s - loss: 0.1089 - accuracy: 0.9774 - val_loss: 0.4883 - val_accuracy: 0.9050
Epoch 228/350
391/391 - 23s - loss: 0.1098 - accuracy: 0.9773 - val_loss: 0.4875 - val_accuracy: 0.9048
Epoch 229/350
391/391 - 23s - loss: 0.1081 - accuracy: 0.9778 - val_loss: 0.4839 - val_accuracy: 0.9067
Epoch 230/350
391/391 - 23s - loss: 0.1058 - accuracy: 0.9790 - val_loss: 0.4925 - val_accuracy: 0.9057
Epoch 231/350
391/391 - 23s - loss: 0.1093 - accuracy: 0.9779 - val_loss: 0.4910 - val_accuracy: 0.9063
Epoch 232/350
391/391 - 23s - loss: 0.1088 - accuracy: 0.9773 - val_loss: 0.4858 - val_accuracy: 0.9074
Epoch 233/350
391/391 - 23s - loss: 0.1065 - accuracy: 0.9781 - val_loss: 0.4988 - val_accuracy: 0.9049
Epoch 234/350
391/391 - 23s - loss: 0.1065 - accuracy: 0.9791 - val_loss: 0.4974 - val_accuracy: 0.9053
Epoch 235/350
391/391 - 23s - loss: 0.1088 - accuracy: 0.9775 - val_loss: 0.4946 - val_accuracy: 0.9058
Epoch 236/350
391/391 - 23s - loss: 0.1067 - accuracy: 0.9787 - val_loss: 0.4910 - val_accuracy: 0.9088
Epoch 237/350
391/391 - 23s - loss: 0.1041 - accuracy: 0.9789 - val_loss: 0.4958 - val_accuracy: 0.9058
Epoch 238/350
391/391 - 22s - loss: 0.1051 - accuracy: 0.9789 - val_loss: 0.4934 - val_accuracy: 0.9080
Epoch 239/350
391/391 - 23s - loss: 0.1064 - accuracy: 0.9784 - val_loss: 0.4918 - val_accuracy: 0.9074
Epoch 240/350
391/391 - 23s - loss: 0.1046 - accuracy: 0.9791 - val_loss: 0.4951 - val_accuracy: 0.9059
Epoch 241/350
391/391 - 23s - loss: 0.1051 - accuracy: 0.9796 - val_loss: 0.4935 - val_accuracy: 0.9060
Epoch 242/350
391/391 - 23s - loss: 0.1061 - accuracy: 0.9788 - val_loss: 0.4945 - val_accuracy: 0.9061
Epoch 243/350
391/391 - 23s - loss: 0.1025 - accuracy: 0.9799 - val_loss: 0.4916 - val_accuracy: 0.9075
Epoch 244/350
391/391 - 23s - loss: 0.1046 - accuracy: 0.9790 - val_loss: 0.5001 - val_accuracy: 0.9051
Epoch 245/350
391/391 - 23s - loss: 0.1059 - accuracy: 0.9786 - val_loss: 0.4945 - val_accuracy: 0.9061
Epoch 246/350
391/391 - 23s - loss: 0.1027 - accuracy: 0.9802 - val_loss: 0.4888 - val_accuracy: 0.9076
Epoch 247/350
391/391 - 23s - loss: 0.1038 - accuracy: 0.9787 - val_loss: 0.5025 - val_accuracy: 0.9057
Epoch 248/350
391/391 - 23s - loss: 0.1035 - accuracy: 0.9792 - val_loss: 0.4940 - val_accuracy: 0.9052
Epoch 249/350
391/391 - 23s - loss: 0.1048 - accuracy: 0.9794 - val_loss: 0.4948 - val_accuracy: 0.9079
Epoch 250/350


Snapshot weight 9 shuffle 2 at epoch 250
Layer 11
Getting activations...


391/391 - 23s - loss: 0.1035 - accuracy: 0.9798 - val_loss: 0.5053 - val_accuracy: 0.9055
Epoch 251/350
391/391 - 23s - loss: 0.1004 - accuracy: 0.9806 - val_loss: 0.4966 - val_accuracy: 0.9068
Epoch 252/350
391/391 - 22s - loss: 0.1004 - accuracy: 0.9811 - val_loss: 0.4995 - val_accuracy: 0.9059
Epoch 253/350
391/391 - 23s - loss: 0.1029 - accuracy: 0.9791 - val_loss: 0.4976 - val_accuracy: 0.9075
Epoch 254/350
391/391 - 23s - loss: 0.1014 - accuracy: 0.9801 - val_loss: 0.4965 - val_accuracy: 0.9072
Epoch 255/350
391/391 - 23s - loss: 0.1035 - accuracy: 0.9791 - val_loss: 0.4967 - val_accuracy: 0.9079
Epoch 256/350
391/391 - 22s - loss: 0.1006 - accuracy: 0.9807 - val_loss: 0.4974 - val_accuracy: 0.9074
Epoch 257/350
391/391 - 23s - loss: 0.1012 - accuracy: 0.9801 - val_loss: 0.4967 - val_accuracy: 0.9077
Epoch 258/350
391/391 - 23s - loss: 0.0996 - accuracy: 0.9807 - val_loss: 0.4983 - val_accuracy: 0.9077
Epoch 259/350
391/391 - 23s - loss: 0.0990 - accuracy: 0.9806 - val_loss: 0.4999 - val_accuracy: 0.9061
Epoch 260/350
391/391 - 23s - loss: 0.1009 - accuracy: 0.9797 - val_loss: 0.4980 - val_accuracy: 0.9079
Epoch 261/350
391/391 - 23s - loss: 0.1015 - accuracy: 0.9807 - val_loss: 0.4972 - val_accuracy: 0.9077
Epoch 262/350
391/391 - 23s - loss: 0.1009 - accuracy: 0.9804 - val_loss: 0.4986 - val_accuracy: 0.9080
Epoch 263/350
391/391 - 23s - loss: 0.1007 - accuracy: 0.9808 - val_loss: 0.4980 - val_accuracy: 0.9066
Epoch 264/350
391/391 - 23s - loss: 0.0997 - accuracy: 0.9811 - val_loss: 0.5000 - val_accuracy: 0.9065
Epoch 265/350
391/391 - 23s - loss: 0.1021 - accuracy: 0.9802 - val_loss: 0.4986 - val_accuracy: 0.9077
Epoch 266/350
391/391 - 23s - loss: 0.1002 - accuracy: 0.9808 - val_loss: 0.4998 - val_accuracy: 0.9072
Epoch 267/350
391/391 - 23s - loss: 0.0981 - accuracy: 0.9816 - val_loss: 0.5038 - val_accuracy: 0.9068
Epoch 268/350
391/391 - 23s - loss: 0.1009 - accuracy: 0.9799 - val_loss: 0.5037 - val_accuracy: 0.9071
Epoch 269/350
391/391 - 23s - loss: 0.1005 - accuracy: 0.9807 - val_loss: 0.4992 - val_accuracy: 0.9076
Epoch 270/350
391/391 - 23s - loss: 0.1004 - accuracy: 0.9809 - val_loss: 0.4992 - val_accuracy: 0.9074
Epoch 271/350
391/391 - 23s - loss: 0.0996 - accuracy: 0.9813 - val_loss: 0.4980 - val_accuracy: 0.9080
Epoch 272/350
391/391 - 23s - loss: 0.0991 - accuracy: 0.9811 - val_loss: 0.5003 - val_accuracy: 0.9072
Epoch 273/350
391/391 - 23s - loss: 0.1009 - accuracy: 0.9808 - val_loss: 0.4986 - val_accuracy: 0.9074
Epoch 274/350
391/391 - 23s - loss: 0.1020 - accuracy: 0.9802 - val_loss: 0.4985 - val_accuracy: 0.9081
Epoch 275/350
391/391 - 23s - loss: 0.1001 - accuracy: 0.9805 - val_loss: 0.5009 - val_accuracy: 0.9081
Epoch 276/350
391/391 - 23s - loss: 0.0978 - accuracy: 0.9815 - val_loss: 0.5010 - val_accuracy: 0.9070
Epoch 277/350
391/391 - 23s - loss: 0.0999 - accuracy: 0.9804 - val_loss: 0.5015 - val_accuracy: 0.9084
Epoch 278/350
391/391 - 22s - loss: 0.1001 - accuracy: 0.9808 - val_loss: 0.5002 - val_accuracy: 0.9080
Epoch 279/350
391/391 - 23s - loss: 0.1005 - accuracy: 0.9807 - val_loss: 0.5002 - val_accuracy: 0.9070
Epoch 280/350
391/391 - 23s - loss: 0.0992 - accuracy: 0.9813 - val_loss: 0.5000 - val_accuracy: 0.9069
Epoch 281/350
391/391 - 23s - loss: 0.0984 - accuracy: 0.9816 - val_loss: 0.5000 - val_accuracy: 0.9076
Epoch 282/350
391/391 - 23s - loss: 0.1003 - accuracy: 0.9806 - val_loss: 0.5022 - val_accuracy: 0.9067
Epoch 283/350
391/391 - 23s - loss: 0.1005 - accuracy: 0.9810 - val_loss: 0.5012 - val_accuracy: 0.9071
Epoch 284/350
391/391 - 23s - loss: 0.0981 - accuracy: 0.9814 - val_loss: 0.5055 - val_accuracy: 0.9067
Epoch 285/350
391/391 - 23s - loss: 0.0994 - accuracy: 0.9810 - val_loss: 0.5038 - val_accuracy: 0.9073
Epoch 286/350
391/391 - 23s - loss: 0.1000 - accuracy: 0.9806 - val_loss: 0.5038 - val_accuracy: 0.9073
Epoch 287/350
391/391 - 23s - loss: 0.1006 - accuracy: 0.9806 - val_loss: 0.5046 - val_accuracy: 0.9066
Epoch 288/350
391/391 - 23s - loss: 0.0988 - accuracy: 0.9815 - val_loss: 0.5048 - val_accuracy: 0.9067
Epoch 289/350
391/391 - 23s - loss: 0.0988 - accuracy: 0.9811 - val_loss: 0.5038 - val_accuracy: 0.9068
Epoch 290/350
391/391 - 23s - loss: 0.1010 - accuracy: 0.9805 - val_loss: 0.5005 - val_accuracy: 0.9086
Epoch 291/350
391/391 - 23s - loss: 0.0983 - accuracy: 0.9813 - val_loss: 0.5028 - val_accuracy: 0.9074
Epoch 292/350
391/391 - 23s - loss: 0.0994 - accuracy: 0.9815 - val_loss: 0.5044 - val_accuracy: 0.9074
Epoch 293/350
391/391 - 23s - loss: 0.0976 - accuracy: 0.9817 - val_loss: 0.5039 - val_accuracy: 0.9080
Epoch 294/350
391/391 - 23s - loss: 0.0995 - accuracy: 0.9809 - val_loss: 0.5036 - val_accuracy: 0.9072
Epoch 295/350
391/391 - 23s - loss: 0.0982 - accuracy: 0.9813 - val_loss: 0.5051 - val_accuracy: 0.9067
Epoch 296/350
391/391 - 23s - loss: 0.0984 - accuracy: 0.9809 - val_loss: 0.5074 - val_accuracy: 0.9065
Epoch 297/350
391/391 - 23s - loss: 0.1013 - accuracy: 0.9806 - val_loss: 0.5041 - val_accuracy: 0.9075
Epoch 298/350
391/391 - 23s - loss: 0.0994 - accuracy: 0.9809 - val_loss: 0.5069 - val_accuracy: 0.9079
Epoch 299/350
391/391 - 23s - loss: 0.0993 - accuracy: 0.9811 - val_loss: 0.5046 - val_accuracy: 0.9067
Epoch 300/350


Snapshot weight 9 shuffle 2 at epoch 300
Layer 11
Getting activations...


391/391 - 23s - loss: 0.0998 - accuracy: 0.9811 - val_loss: 0.5043 - val_accuracy: 0.9074
Epoch 301/350
391/391 - 23s - loss: 0.0971 - accuracy: 0.9817 - val_loss: 0.5039 - val_accuracy: 0.9079
Epoch 302/350
391/391 - 23s - loss: 0.0982 - accuracy: 0.9815 - val_loss: 0.5037 - val_accuracy: 0.9080
Epoch 303/350
391/391 - 23s - loss: 0.1002 - accuracy: 0.9805 - val_loss: 0.5039 - val_accuracy: 0.9080
Epoch 304/350
391/391 - 23s - loss: 0.0996 - accuracy: 0.9808 - val_loss: 0.5031 - val_accuracy: 0.9080
Epoch 305/350
391/391 - 23s - loss: 0.0990 - accuracy: 0.9810 - val_loss: 0.5031 - val_accuracy: 0.9077
Epoch 306/350
391/391 - 23s - loss: 0.0988 - accuracy: 0.9807 - val_loss: 0.5031 - val_accuracy: 0.9079
Epoch 307/350
391/391 - 23s - loss: 0.1014 - accuracy: 0.9805 - val_loss: 0.5026 - val_accuracy: 0.9080
Epoch 308/350
391/391 - 23s - loss: 0.0994 - accuracy: 0.9810 - val_loss: 0.5030 - val_accuracy: 0.9080
Epoch 309/350
391/391 - 23s - loss: 0.1021 - accuracy: 0.9805 - val_loss: 0.5026 - val_accuracy: 0.9080
Epoch 310/350
391/391 - 23s - loss: 0.1006 - accuracy: 0.9800 - val_loss: 0.5027 - val_accuracy: 0.9079
Epoch 311/350
391/391 - 23s - loss: 0.0986 - accuracy: 0.9816 - val_loss: 0.5029 - val_accuracy: 0.9077
Epoch 312/350
391/391 - 23s - loss: 0.1005 - accuracy: 0.9808 - val_loss: 0.5026 - val_accuracy: 0.9074
Epoch 313/350
391/391 - 23s - loss: 0.0996 - accuracy: 0.9806 - val_loss: 0.5020 - val_accuracy: 0.9078
Epoch 314/350
391/391 - 23s - loss: 0.1019 - accuracy: 0.9796 - val_loss: 0.5019 - val_accuracy: 0.9078
Epoch 315/350
391/391 - 23s - loss: 0.0984 - accuracy: 0.9812 - val_loss: 0.5023 - val_accuracy: 0.9078
Epoch 316/350
391/391 - 23s - loss: 0.0977 - accuracy: 0.9816 - val_loss: 0.5025 - val_accuracy: 0.9082
Epoch 317/350
391/391 - 23s - loss: 0.0961 - accuracy: 0.9822 - val_loss: 0.5025 - val_accuracy: 0.9078
Epoch 318/350
391/391 - 23s - loss: 0.0981 - accuracy: 0.9813 - val_loss: 0.5023 - val_accuracy: 0.9080
Epoch 319/350
391/391 - 23s - loss: 0.0997 - accuracy: 0.9809 - val_loss: 0.5023 - val_accuracy: 0.9080
Epoch 320/350
391/391 - 23s - loss: 0.1007 - accuracy: 0.9806 - val_loss: 0.5020 - val_accuracy: 0.9080
Epoch 321/350
391/391 - 23s - loss: 0.0986 - accuracy: 0.9813 - val_loss: 0.5021 - val_accuracy: 0.9082
Epoch 322/350
391/391 - 23s - loss: 0.0992 - accuracy: 0.9811 - val_loss: 0.5024 - val_accuracy: 0.9080
Epoch 323/350
391/391 - 23s - loss: 0.0983 - accuracy: 0.9814 - val_loss: 0.5025 - val_accuracy: 0.9079
Epoch 324/350
391/391 - 23s - loss: 0.0983 - accuracy: 0.9807 - val_loss: 0.5027 - val_accuracy: 0.9079
Epoch 325/350
391/391 - 23s - loss: 0.1000 - accuracy: 0.9806 - val_loss: 0.5026 - val_accuracy: 0.9078
Epoch 326/350
391/391 - 23s - loss: 0.0988 - accuracy: 0.9808 - val_loss: 0.5027 - val_accuracy: 0.9079
Epoch 327/350
391/391 - 23s - loss: 0.1012 - accuracy: 0.9802 - val_loss: 0.5023 - val_accuracy: 0.9081
Epoch 328/350
391/391 - 23s - loss: 0.1017 - accuracy: 0.9801 - val_loss: 0.5022 - val_accuracy: 0.9079
Epoch 329/350
391/391 - 23s - loss: 0.0999 - accuracy: 0.9805 - val_loss: 0.5027 - val_accuracy: 0.9076
Epoch 330/350
391/391 - 23s - loss: 0.0967 - accuracy: 0.9820 - val_loss: 0.5023 - val_accuracy: 0.9079
Epoch 331/350
391/391 - 23s - loss: 0.0989 - accuracy: 0.9806 - val_loss: 0.5017 - val_accuracy: 0.9079
Epoch 332/350
391/391 - 23s - loss: 0.0983 - accuracy: 0.9813 - val_loss: 0.5019 - val_accuracy: 0.9078
Epoch 333/350
391/391 - 23s - loss: 0.0966 - accuracy: 0.9821 - val_loss: 0.5024 - val_accuracy: 0.9073
Epoch 334/350
391/391 - 23s - loss: 0.1025 - accuracy: 0.9797 - val_loss: 0.5028 - val_accuracy: 0.9077
Epoch 335/350
391/391 - 22s - loss: 0.1021 - accuracy: 0.9801 - val_loss: 0.5029 - val_accuracy: 0.9080
Epoch 336/350
391/391 - 22s - loss: 0.1008 - accuracy: 0.9801 - val_loss: 0.5025 - val_accuracy: 0.9080
Epoch 337/350
391/391 - 23s - loss: 0.0989 - accuracy: 0.9811 - val_loss: 0.5023 - val_accuracy: 0.9082
Epoch 338/350
391/391 - 23s - loss: 0.0995 - accuracy: 0.9805 - val_loss: 0.5026 - val_accuracy: 0.9083
Epoch 339/350
391/391 - 23s - loss: 0.0999 - accuracy: 0.9807 - val_loss: 0.5030 - val_accuracy: 0.9084
Epoch 340/350
391/391 - 23s - loss: 0.0995 - accuracy: 0.9808 - val_loss: 0.5028 - val_accuracy: 0.9080
Epoch 341/350
391/391 - 23s - loss: 0.0990 - accuracy: 0.9809 - val_loss: 0.5026 - val_accuracy: 0.9076
Epoch 342/350
391/391 - 23s - loss: 0.0999 - accuracy: 0.9800 - val_loss: 0.5024 - val_accuracy: 0.9076
Epoch 343/350
391/391 - 23s - loss: 0.0995 - accuracy: 0.9806 - val_loss: 0.5022 - val_accuracy: 0.9080
Epoch 344/350
391/391 - 23s - loss: 0.0995 - accuracy: 0.9807 - val_loss: 0.5022 - val_accuracy: 0.9077
Epoch 345/350
391/391 - 23s - loss: 0.0996 - accuracy: 0.9808 - val_loss: 0.5027 - val_accuracy: 0.9078
Epoch 346/350
391/391 - 24s - loss: 0.0981 - accuracy: 0.9814 - val_loss: 0.5029 - val_accuracy: 0.9081
Epoch 347/350
391/391 - 23s - loss: 0.0996 - accuracy: 0.9812 - val_loss: 0.5025 - val_accuracy: 0.9080
Epoch 348/350
391/391 - 23s - loss: 0.0987 - accuracy: 0.9813 - val_loss: 0.5026 - val_accuracy: 0.9079
Epoch 349/350
391/391 - 23s - loss: 0.0999 - accuracy: 0.9806 - val_loss: 0.5028 - val_accuracy: 0.9082
Epoch 350/350


Snapshot weight 9 shuffle 2 at epoch 350
Layer 11
Getting activations...


391/391 - 23s - loss: 0.0972 - accuracy: 0.9819 - val_loss: 0.5026 - val_accuracy: 0.9079
WARNING:tensorflow:From /usr/local/lib/python3.6/dist-packages/tensorflow/python/training/tracking/tracking.py:111: Model.state_updates (from tensorflow.python.keras.engine.training) is deprecated and will be removed in a future version.
Instructions for updating:
This property should not be used in TensorFlow 2.0, as updates are applied automatically.
2021-07-02 02:04:23.052952: W tensorflow/python/util/util.cc:348] Sets are not currently considered sequences, but this may change in the future, so consider avoiding using them.
WARNING:tensorflow:From /usr/local/lib/python3.6/dist-packages/tensorflow/python/training/tracking/tracking.py:111: Layer.updates (from tensorflow.python.keras.engine.base_layer) is deprecated and will be removed in a future version.
Instructions for updating:
This property should not be used in TensorFlow 2.0, as updates are applied automatically.
Saving, final validation acc: 0.9078999757766724
