2021-07-02 20:54:34.678641: I tensorflow/stream_executor/platform/default/dso_loader.cc:48] Successfully opened dynamic library libcudart.so.10.1
2021-07-02 20:56:07.419473: I tensorflow/stream_executor/platform/default/dso_loader.cc:48] Successfully opened dynamic library libcuda.so.1
2021-07-02 20:56:07.445789: I tensorflow/core/common_runtime/gpu/gpu_device.cc:1716] Found device 0 with properties: 
pciBusID: 0000:82:00.0 name: NVIDIA TITAN X (Pascal) computeCapability: 6.1
coreClock: 1.531GHz coreCount: 28 deviceMemorySize: 11.91GiB deviceMemoryBandwidth: 447.48GiB/s
2021-07-02 20:56:07.445891: I tensorflow/stream_executor/platform/default/dso_loader.cc:48] Successfully opened dynamic library libcudart.so.10.1
2021-07-02 20:56:07.489348: I tensorflow/stream_executor/platform/default/dso_loader.cc:48] Successfully opened dynamic library libcublas.so.10
2021-07-02 20:56:07.512031: I tensorflow/stream_executor/platform/default/dso_loader.cc:48] Successfully opened dynamic library libcufft.so.10
2021-07-02 20:56:07.520826: I tensorflow/stream_executor/platform/default/dso_loader.cc:48] Successfully opened dynamic library libcurand.so.10
2021-07-02 20:56:07.566192: I tensorflow/stream_executor/platform/default/dso_loader.cc:48] Successfully opened dynamic library libcusolver.so.10
2021-07-02 20:56:07.575062: I tensorflow/stream_executor/platform/default/dso_loader.cc:48] Successfully opened dynamic library libcusparse.so.10
2021-07-02 20:56:07.656843: I tensorflow/stream_executor/platform/default/dso_loader.cc:48] Successfully opened dynamic library libcudnn.so.7
2021-07-02 20:56:07.659623: I tensorflow/core/common_runtime/gpu/gpu_device.cc:1858] Adding visible gpu devices: 0
2021-07-02 20:56:07.663744: I tensorflow/core/platform/cpu_feature_guard.cc:142] This TensorFlow binary is optimized with oneAPI Deep Neural Network Library (oneDNN)to use the following CPU instructions in performance-critical operations:  AVX2 FMA
To enable them in other operations, rebuild TensorFlow with the appropriate compiler flags.
2021-07-02 20:56:07.680985: I tensorflow/core/platform/profile_utils/cpu_utils.cc:104] CPU Frequency: 2600235000 Hz
2021-07-02 20:56:07.681173: I tensorflow/compiler/xla/service/service.cc:168] XLA service 0x4deac00 initialized for platform Host (this does not guarantee that XLA will be used). Devices:
2021-07-02 20:56:07.681196: I tensorflow/compiler/xla/service/service.cc:176]   StreamExecutor device (0): Host, Default Version
2021-07-02 20:56:07.828060: I tensorflow/compiler/xla/service/service.cc:168] XLA service 0x4de8bb0 initialized for platform CUDA (this does not guarantee that XLA will be used). Devices:
2021-07-02 20:56:07.828143: I tensorflow/compiler/xla/service/service.cc:176]   StreamExecutor device (0): NVIDIA TITAN X (Pascal), Compute Capability 6.1
2021-07-02 20:56:07.830893: I tensorflow/core/common_runtime/gpu/gpu_device.cc:1716] Found device 0 with properties: 
pciBusID: 0000:82:00.0 name: NVIDIA TITAN X (Pascal) computeCapability: 6.1
coreClock: 1.531GHz coreCount: 28 deviceMemorySize: 11.91GiB deviceMemoryBandwidth: 447.48GiB/s
2021-07-02 20:56:07.830967: I tensorflow/stream_executor/platform/default/dso_loader.cc:48] Successfully opened dynamic library libcudart.so.10.1
2021-07-02 20:56:07.831005: I tensorflow/stream_executor/platform/default/dso_loader.cc:48] Successfully opened dynamic library libcublas.so.10
2021-07-02 20:56:07.831026: I tensorflow/stream_executor/platform/default/dso_loader.cc:48] Successfully opened dynamic library libcufft.so.10
2021-07-02 20:56:07.831047: I tensorflow/stream_executor/platform/default/dso_loader.cc:48] Successfully opened dynamic library libcurand.so.10
2021-07-02 20:56:07.831068: I tensorflow/stream_executor/platform/default/dso_loader.cc:48] Successfully opened dynamic library libcusolver.so.10
2021-07-02 20:56:07.831089: I tensorflow/stream_executor/platform/default/dso_loader.cc:48] Successfully opened dynamic library libcusparse.so.10
2021-07-02 20:56:07.834464: I tensorflow/stream_executor/platform/default/dso_loader.cc:48] Successfully opened dynamic library libcudnn.so.7
2021-07-02 20:56:07.838544: I tensorflow/core/common_runtime/gpu/gpu_device.cc:1858] Adding visible gpu devices: 0
2021-07-02 20:56:07.840377: I tensorflow/stream_executor/platform/default/dso_loader.cc:48] Successfully opened dynamic library libcudart.so.10.1
2021-07-02 20:56:09.654482: I tensorflow/core/common_runtime/gpu/gpu_device.cc:1257] Device interconnect StreamExecutor with strength 1 edge matrix:
2021-07-02 20:56:09.654580: I tensorflow/core/common_runtime/gpu/gpu_device.cc:1263]      0 
2021-07-02 20:56:09.654595: I tensorflow/core/common_runtime/gpu/gpu_device.cc:1276] 0:   N 
2021-07-02 20:56:09.661939: I tensorflow/core/common_runtime/gpu/gpu_device.cc:1402] Created TensorFlow device (/job:localhost/replica:0/task:0/device:GPU:0 with 11228 MB memory) -> physical GPU (device: 0, name: NVIDIA TITAN X (Pascal), pci bus id: 0000:82:00.0, compute capability: 6.1)
2021-07-02 20:56:15.852556: I tensorflow/stream_executor/platform/default/dso_loader.cc:48] Successfully opened dynamic library libcudnn.so.7
2021-07-02 20:56:18.398672: I tensorflow/stream_executor/platform/default/dso_loader.cc:48] Successfully opened dynamic library libcublas.so.10
Using model index: 97
Making train data...
GCN...
ZCA...
Done!
Making test data...
Done!
Epoch 1/350


Snapshot weight 7 shuffle 9 at epoch 1
Layer 11
Getting activations...


391/391 - 26s - loss: 2.3163 - accuracy: 0.1152 - val_loss: 2.2547 - val_accuracy: 0.1478
Epoch 2/350


Snapshot weight 7 shuffle 9 at epoch 2
Layer 11
Getting activations...


391/391 - 26s - loss: 2.1582 - accuracy: 0.2047 - val_loss: 1.9860 - val_accuracy: 0.3117
Epoch 3/350


Snapshot weight 7 shuffle 9 at epoch 3
Layer 11
Getting activations...


391/391 - 26s - loss: 1.9082 - accuracy: 0.3232 - val_loss: 1.6934 - val_accuracy: 0.3962
Epoch 4/350


Snapshot weight 7 shuffle 9 at epoch 4
Layer 11
Getting activations...


391/391 - 26s - loss: 1.6243 - accuracy: 0.4230 - val_loss: 1.8439 - val_accuracy: 0.3996
Epoch 5/350


Snapshot weight 7 shuffle 9 at epoch 5
Layer 11
Getting activations...


391/391 - 26s - loss: 1.4290 - accuracy: 0.4959 - val_loss: 1.2622 - val_accuracy: 0.5530
Epoch 6/350


Snapshot weight 7 shuffle 9 at epoch 6
Layer 11
Getting activations...


391/391 - 26s - loss: 1.3120 - accuracy: 0.5383 - val_loss: 1.1597 - val_accuracy: 0.5921
Epoch 7/350


Snapshot weight 7 shuffle 9 at epoch 7
Layer 11
Getting activations...


391/391 - 26s - loss: 1.2068 - accuracy: 0.5784 - val_loss: 1.1725 - val_accuracy: 0.5974
Epoch 8/350


Snapshot weight 7 shuffle 9 at epoch 8
Layer 11
Getting activations...


391/391 - 26s - loss: 1.1380 - accuracy: 0.6035 - val_loss: 1.1301 - val_accuracy: 0.6057
Epoch 9/350


Snapshot weight 7 shuffle 9 at epoch 9
Layer 11
Getting activations...


391/391 - 26s - loss: 1.0744 - accuracy: 0.6275 - val_loss: 1.1148 - val_accuracy: 0.6417
Epoch 10/350


Snapshot weight 7 shuffle 9 at epoch 10
Layer 11
Getting activations...


391/391 - 26s - loss: 1.0260 - accuracy: 0.6444 - val_loss: 0.9813 - val_accuracy: 0.6620
Epoch 11/350
391/391 - 26s - loss: 0.9793 - accuracy: 0.6614 - val_loss: 0.8736 - val_accuracy: 0.7003
Epoch 12/350
391/391 - 26s - loss: 0.9352 - accuracy: 0.6787 - val_loss: 0.8422 - val_accuracy: 0.7141
Epoch 13/350
391/391 - 26s - loss: 0.8971 - accuracy: 0.6917 - val_loss: 0.8351 - val_accuracy: 0.7146
Epoch 14/350
391/391 - 26s - loss: 0.8613 - accuracy: 0.7028 - val_loss: 0.9516 - val_accuracy: 0.6822
Epoch 15/350
391/391 - 26s - loss: 0.8241 - accuracy: 0.7189 - val_loss: 0.7531 - val_accuracy: 0.7477
Epoch 16/350
391/391 - 26s - loss: 0.7974 - accuracy: 0.7300 - val_loss: 0.8094 - val_accuracy: 0.7423
Epoch 17/350
391/391 - 26s - loss: 0.7597 - accuracy: 0.7442 - val_loss: 0.7882 - val_accuracy: 0.7438
Epoch 18/350
391/391 - 26s - loss: 0.7383 - accuracy: 0.7525 - val_loss: 0.7798 - val_accuracy: 0.7442
Epoch 19/350
391/391 - 26s - loss: 0.7109 - accuracy: 0.7619 - val_loss: 0.6763 - val_accuracy: 0.7810
Epoch 20/350
391/391 - 26s - loss: 0.7011 - accuracy: 0.7672 - val_loss: 0.6865 - val_accuracy: 0.7785
Epoch 21/350
391/391 - 26s - loss: 0.6718 - accuracy: 0.7775 - val_loss: 0.6345 - val_accuracy: 0.7947
Epoch 22/350
391/391 - 26s - loss: 0.6537 - accuracy: 0.7829 - val_loss: 0.6709 - val_accuracy: 0.7909
Epoch 23/350
391/391 - 26s - loss: 0.6334 - accuracy: 0.7895 - val_loss: 0.6428 - val_accuracy: 0.7977
Epoch 24/350
391/391 - 26s - loss: 0.6192 - accuracy: 0.7951 - val_loss: 0.5888 - val_accuracy: 0.8094
Epoch 25/350
391/391 - 26s - loss: 0.6106 - accuracy: 0.7978 - val_loss: 0.6499 - val_accuracy: 0.7929
Epoch 26/350
391/391 - 26s - loss: 0.5936 - accuracy: 0.8045 - val_loss: 0.5787 - val_accuracy: 0.8148
Epoch 27/350
391/391 - 26s - loss: 0.5804 - accuracy: 0.8064 - val_loss: 0.5660 - val_accuracy: 0.8217
Epoch 28/350
391/391 - 26s - loss: 0.5816 - accuracy: 0.8081 - val_loss: 0.6212 - val_accuracy: 0.8030
Epoch 29/350
391/391 - 26s - loss: 0.5573 - accuracy: 0.8172 - val_loss: 0.5758 - val_accuracy: 0.8146
Epoch 30/350
391/391 - 26s - loss: 0.5427 - accuracy: 0.8229 - val_loss: 0.5360 - val_accuracy: 0.8245
Epoch 31/350
391/391 - 26s - loss: 0.5328 - accuracy: 0.8237 - val_loss: 0.5217 - val_accuracy: 0.8318
Epoch 32/350
391/391 - 26s - loss: 0.5257 - accuracy: 0.8281 - val_loss: 0.5092 - val_accuracy: 0.8345
Epoch 33/350
391/391 - 26s - loss: 0.5143 - accuracy: 0.8321 - val_loss: 0.5080 - val_accuracy: 0.8343
Epoch 34/350
391/391 - 26s - loss: 0.5075 - accuracy: 0.8350 - val_loss: 0.5319 - val_accuracy: 0.8344
Epoch 35/350
391/391 - 26s - loss: 0.5045 - accuracy: 0.8369 - val_loss: 0.5025 - val_accuracy: 0.8413
Epoch 36/350
391/391 - 26s - loss: 0.4917 - accuracy: 0.8385 - val_loss: 0.5273 - val_accuracy: 0.8399
Epoch 37/350
391/391 - 26s - loss: 0.4823 - accuracy: 0.8427 - val_loss: 0.5173 - val_accuracy: 0.8414
Epoch 38/350
391/391 - 26s - loss: 0.4752 - accuracy: 0.8459 - val_loss: 0.4790 - val_accuracy: 0.8496
Epoch 39/350
391/391 - 26s - loss: 0.4714 - accuracy: 0.8500 - val_loss: 0.5058 - val_accuracy: 0.8523
Epoch 40/350
391/391 - 26s - loss: 0.4547 - accuracy: 0.8532 - val_loss: 0.4733 - val_accuracy: 0.8539
Epoch 41/350
391/391 - 26s - loss: 0.4592 - accuracy: 0.8511 - val_loss: 0.5183 - val_accuracy: 0.8463
Epoch 42/350
391/391 - 26s - loss: 0.4465 - accuracy: 0.8559 - val_loss: 0.4720 - val_accuracy: 0.8541
Epoch 43/350
391/391 - 26s - loss: 0.4484 - accuracy: 0.8552 - val_loss: 0.4466 - val_accuracy: 0.8607
Epoch 44/350
391/391 - 26s - loss: 0.4349 - accuracy: 0.8589 - val_loss: 0.4895 - val_accuracy: 0.8440
Epoch 45/350
391/391 - 26s - loss: 0.4286 - accuracy: 0.8617 - val_loss: 0.5010 - val_accuracy: 0.8478
Epoch 46/350
391/391 - 26s - loss: 0.4231 - accuracy: 0.8635 - val_loss: 0.4754 - val_accuracy: 0.8586
Epoch 47/350
391/391 - 26s - loss: 0.4191 - accuracy: 0.8650 - val_loss: 0.4699 - val_accuracy: 0.8567
Epoch 48/350
391/391 - 26s - loss: 0.4102 - accuracy: 0.8676 - val_loss: 0.4408 - val_accuracy: 0.8661
Epoch 49/350
391/391 - 26s - loss: 0.4088 - accuracy: 0.8691 - val_loss: 0.4390 - val_accuracy: 0.8651
Epoch 50/350


Snapshot weight 7 shuffle 9 at epoch 50
Layer 11
Getting activations...


391/391 - 26s - loss: 0.4069 - accuracy: 0.8701 - val_loss: 0.4535 - val_accuracy: 0.8620
Epoch 51/350
391/391 - 26s - loss: 0.3985 - accuracy: 0.8718 - val_loss: 0.4432 - val_accuracy: 0.8646
Epoch 52/350
391/391 - 26s - loss: 0.3994 - accuracy: 0.8738 - val_loss: 0.4552 - val_accuracy: 0.8627
Epoch 53/350
391/391 - 26s - loss: 0.3839 - accuracy: 0.8779 - val_loss: 0.4406 - val_accuracy: 0.8634
Epoch 54/350
391/391 - 26s - loss: 0.3836 - accuracy: 0.8780 - val_loss: 0.4227 - val_accuracy: 0.8716
Epoch 55/350
391/391 - 26s - loss: 0.3795 - accuracy: 0.8791 - val_loss: 0.4350 - val_accuracy: 0.8659
Epoch 56/350
391/391 - 26s - loss: 0.3786 - accuracy: 0.8794 - val_loss: 0.4194 - val_accuracy: 0.8765
Epoch 57/350
391/391 - 26s - loss: 0.3740 - accuracy: 0.8819 - val_loss: 0.4395 - val_accuracy: 0.8654
Epoch 58/350
391/391 - 26s - loss: 0.3694 - accuracy: 0.8825 - val_loss: 0.4414 - val_accuracy: 0.8650
Epoch 59/350
391/391 - 26s - loss: 0.3612 - accuracy: 0.8861 - val_loss: 0.4450 - val_accuracy: 0.8654
Epoch 60/350
391/391 - 26s - loss: 0.3629 - accuracy: 0.8839 - val_loss: 0.4235 - val_accuracy: 0.8726
Epoch 61/350
391/391 - 26s - loss: 0.3509 - accuracy: 0.8884 - val_loss: 0.4604 - val_accuracy: 0.8628
Epoch 62/350
391/391 - 26s - loss: 0.3529 - accuracy: 0.8884 - val_loss: 0.4399 - val_accuracy: 0.8715
Epoch 63/350
391/391 - 26s - loss: 0.3465 - accuracy: 0.8912 - val_loss: 0.4188 - val_accuracy: 0.8743
Epoch 64/350
391/391 - 26s - loss: 0.3419 - accuracy: 0.8924 - val_loss: 0.4335 - val_accuracy: 0.8734
Epoch 65/350
391/391 - 26s - loss: 0.3371 - accuracy: 0.8943 - val_loss: 0.4129 - val_accuracy: 0.8813
Epoch 66/350
391/391 - 26s - loss: 0.3410 - accuracy: 0.8928 - val_loss: 0.4439 - val_accuracy: 0.8714
Epoch 67/350
391/391 - 26s - loss: 0.3343 - accuracy: 0.8944 - val_loss: 0.4404 - val_accuracy: 0.8714
Epoch 68/350
391/391 - 26s - loss: 0.3235 - accuracy: 0.8989 - val_loss: 0.4140 - val_accuracy: 0.8757
Epoch 69/350
391/391 - 26s - loss: 0.3282 - accuracy: 0.8961 - val_loss: 0.4447 - val_accuracy: 0.8687
Epoch 70/350
391/391 - 26s - loss: 0.3263 - accuracy: 0.8981 - val_loss: 0.4064 - val_accuracy: 0.8799
Epoch 71/350
391/391 - 26s - loss: 0.3239 - accuracy: 0.8984 - val_loss: 0.4327 - val_accuracy: 0.8779
Epoch 72/350
391/391 - 26s - loss: 0.3204 - accuracy: 0.8978 - val_loss: 0.4038 - val_accuracy: 0.8804
Epoch 73/350
391/391 - 26s - loss: 0.3169 - accuracy: 0.9004 - val_loss: 0.4149 - val_accuracy: 0.8809
Epoch 74/350
391/391 - 26s - loss: 0.3160 - accuracy: 0.9026 - val_loss: 0.3951 - val_accuracy: 0.8838
Epoch 75/350
391/391 - 26s - loss: 0.3092 - accuracy: 0.9025 - val_loss: 0.4527 - val_accuracy: 0.8739
Epoch 76/350
391/391 - 26s - loss: 0.3069 - accuracy: 0.9041 - val_loss: 0.4831 - val_accuracy: 0.8717
Epoch 77/350
391/391 - 26s - loss: 0.3062 - accuracy: 0.9042 - val_loss: 0.4167 - val_accuracy: 0.8841
Epoch 78/350
391/391 - 26s - loss: 0.3054 - accuracy: 0.9057 - val_loss: 0.4041 - val_accuracy: 0.8879
Epoch 79/350
391/391 - 26s - loss: 0.2983 - accuracy: 0.9069 - val_loss: 0.4245 - val_accuracy: 0.8834
Epoch 80/350
391/391 - 26s - loss: 0.3025 - accuracy: 0.9051 - val_loss: 0.4222 - val_accuracy: 0.8789
Epoch 81/350
391/391 - 26s - loss: 0.2921 - accuracy: 0.9093 - val_loss: 0.4111 - val_accuracy: 0.8842
Epoch 82/350
391/391 - 26s - loss: 0.2945 - accuracy: 0.9087 - val_loss: 0.4075 - val_accuracy: 0.8865
Epoch 83/350
391/391 - 26s - loss: 0.2874 - accuracy: 0.9102 - val_loss: 0.4269 - val_accuracy: 0.8842
Epoch 84/350
391/391 - 26s - loss: 0.2879 - accuracy: 0.9111 - val_loss: 0.4147 - val_accuracy: 0.8827
Epoch 85/350
391/391 - 26s - loss: 0.2868 - accuracy: 0.9097 - val_loss: 0.4398 - val_accuracy: 0.8799
Epoch 86/350
391/391 - 26s - loss: 0.2828 - accuracy: 0.9126 - val_loss: 0.4449 - val_accuracy: 0.8788
Epoch 87/350
391/391 - 26s - loss: 0.2839 - accuracy: 0.9139 - val_loss: 0.4173 - val_accuracy: 0.8874
Epoch 88/350
391/391 - 26s - loss: 0.2762 - accuracy: 0.9152 - val_loss: 0.4260 - val_accuracy: 0.8805
Epoch 89/350
391/391 - 26s - loss: 0.2812 - accuracy: 0.9137 - val_loss: 0.4245 - val_accuracy: 0.8850
Epoch 90/350
391/391 - 26s - loss: 0.2766 - accuracy: 0.9154 - val_loss: 0.4147 - val_accuracy: 0.8859
Epoch 91/350
391/391 - 26s - loss: 0.2734 - accuracy: 0.9172 - val_loss: 0.3933 - val_accuracy: 0.8884
Epoch 92/350
391/391 - 26s - loss: 0.2741 - accuracy: 0.9167 - val_loss: 0.4202 - val_accuracy: 0.8873
Epoch 93/350
391/391 - 26s - loss: 0.2704 - accuracy: 0.9177 - val_loss: 0.4104 - val_accuracy: 0.8877
Epoch 94/350
391/391 - 26s - loss: 0.2642 - accuracy: 0.9193 - val_loss: 0.4159 - val_accuracy: 0.8864
Epoch 95/350
391/391 - 26s - loss: 0.2686 - accuracy: 0.9179 - val_loss: 0.4918 - val_accuracy: 0.8716
Epoch 96/350
391/391 - 26s - loss: 0.2649 - accuracy: 0.9198 - val_loss: 0.3922 - val_accuracy: 0.8882
Epoch 97/350
391/391 - 26s - loss: 0.2617 - accuracy: 0.9206 - val_loss: 0.4048 - val_accuracy: 0.8890
Epoch 98/350
391/391 - 26s - loss: 0.2639 - accuracy: 0.9196 - val_loss: 0.4261 - val_accuracy: 0.8877
Epoch 99/350
391/391 - 26s - loss: 0.2532 - accuracy: 0.9243 - val_loss: 0.4098 - val_accuracy: 0.8907
Epoch 100/350


Snapshot weight 7 shuffle 9 at epoch 100
Layer 11
Getting activations...


391/391 - 26s - loss: 0.2568 - accuracy: 0.9230 - val_loss: 0.4231 - val_accuracy: 0.8891
Epoch 101/350
391/391 - 26s - loss: 0.2517 - accuracy: 0.9248 - val_loss: 0.4293 - val_accuracy: 0.8847
Epoch 102/350
391/391 - 26s - loss: 0.2524 - accuracy: 0.9227 - val_loss: 0.4487 - val_accuracy: 0.8856
Epoch 103/350
391/391 - 26s - loss: 0.2547 - accuracy: 0.9236 - val_loss: 0.4026 - val_accuracy: 0.8919
Epoch 104/350
391/391 - 26s - loss: 0.2433 - accuracy: 0.9265 - val_loss: 0.4151 - val_accuracy: 0.8957
Epoch 105/350
391/391 - 26s - loss: 0.2473 - accuracy: 0.9258 - val_loss: 0.3883 - val_accuracy: 0.8937
Epoch 106/350
391/391 - 26s - loss: 0.2456 - accuracy: 0.9267 - val_loss: 0.4305 - val_accuracy: 0.8881
Epoch 107/350
391/391 - 26s - loss: 0.2439 - accuracy: 0.9262 - val_loss: 0.4236 - val_accuracy: 0.8881
Epoch 108/350
391/391 - 26s - loss: 0.2371 - accuracy: 0.9300 - val_loss: 0.4132 - val_accuracy: 0.8911
Epoch 109/350
391/391 - 26s - loss: 0.2393 - accuracy: 0.9282 - val_loss: 0.4181 - val_accuracy: 0.8870
Epoch 110/350
391/391 - 26s - loss: 0.2384 - accuracy: 0.9297 - val_loss: 0.4134 - val_accuracy: 0.8925
Epoch 111/350
391/391 - 26s - loss: 0.2409 - accuracy: 0.9281 - val_loss: 0.4258 - val_accuracy: 0.8873
Epoch 112/350
391/391 - 26s - loss: 0.2364 - accuracy: 0.9299 - val_loss: 0.4344 - val_accuracy: 0.8910
Epoch 113/350
391/391 - 26s - loss: 0.2314 - accuracy: 0.9319 - val_loss: 0.4232 - val_accuracy: 0.8898
Epoch 114/350
391/391 - 26s - loss: 0.2314 - accuracy: 0.9311 - val_loss: 0.4647 - val_accuracy: 0.8880
Epoch 115/350
391/391 - 26s - loss: 0.2343 - accuracy: 0.9314 - val_loss: 0.4159 - val_accuracy: 0.8908
Epoch 116/350
391/391 - 26s - loss: 0.2286 - accuracy: 0.9330 - val_loss: 0.4187 - val_accuracy: 0.8887
Epoch 117/350
391/391 - 26s - loss: 0.2267 - accuracy: 0.9328 - val_loss: 0.4321 - val_accuracy: 0.8875
Epoch 118/350
391/391 - 26s - loss: 0.2222 - accuracy: 0.9351 - val_loss: 0.4365 - val_accuracy: 0.8912
Epoch 119/350
391/391 - 26s - loss: 0.2292 - accuracy: 0.9328 - val_loss: 0.4160 - val_accuracy: 0.8939
Epoch 120/350
391/391 - 26s - loss: 0.2248 - accuracy: 0.9344 - val_loss: 0.4170 - val_accuracy: 0.8952
Epoch 121/350
391/391 - 26s - loss: 0.2246 - accuracy: 0.9343 - val_loss: 0.4001 - val_accuracy: 0.8939
Epoch 122/350
391/391 - 26s - loss: 0.2193 - accuracy: 0.9360 - val_loss: 0.4136 - val_accuracy: 0.8965
Epoch 123/350
391/391 - 26s - loss: 0.2260 - accuracy: 0.9340 - val_loss: 0.4106 - val_accuracy: 0.8931
Epoch 124/350
391/391 - 26s - loss: 0.2183 - accuracy: 0.9367 - val_loss: 0.4386 - val_accuracy: 0.8946
Epoch 125/350
391/391 - 26s - loss: 0.2201 - accuracy: 0.9355 - val_loss: 0.3969 - val_accuracy: 0.8952
Epoch 126/350
391/391 - 26s - loss: 0.2214 - accuracy: 0.9355 - val_loss: 0.4507 - val_accuracy: 0.8882
Epoch 127/350
391/391 - 26s - loss: 0.2195 - accuracy: 0.9371 - val_loss: 0.4073 - val_accuracy: 0.8918
Epoch 128/350
391/391 - 26s - loss: 0.2201 - accuracy: 0.9365 - val_loss: 0.4100 - val_accuracy: 0.8974
Epoch 129/350
391/391 - 26s - loss: 0.2132 - accuracy: 0.9391 - val_loss: 0.4049 - val_accuracy: 0.8964
Epoch 130/350
391/391 - 26s - loss: 0.2140 - accuracy: 0.9387 - val_loss: 0.4529 - val_accuracy: 0.8936
Epoch 131/350
391/391 - 26s - loss: 0.2136 - accuracy: 0.9391 - val_loss: 0.4033 - val_accuracy: 0.8986
Epoch 132/350
391/391 - 26s - loss: 0.2146 - accuracy: 0.9384 - val_loss: 0.4161 - val_accuracy: 0.8962
Epoch 133/350
391/391 - 26s - loss: 0.2108 - accuracy: 0.9414 - val_loss: 0.3976 - val_accuracy: 0.9000
Epoch 134/350
391/391 - 26s - loss: 0.2035 - accuracy: 0.9413 - val_loss: 0.4509 - val_accuracy: 0.8951
Epoch 135/350
391/391 - 26s - loss: 0.2095 - accuracy: 0.9411 - val_loss: 0.4427 - val_accuracy: 0.8915
Epoch 136/350
391/391 - 26s - loss: 0.2061 - accuracy: 0.9421 - val_loss: 0.4243 - val_accuracy: 0.8971
Epoch 137/350
391/391 - 26s - loss: 0.2091 - accuracy: 0.9400 - val_loss: 0.4099 - val_accuracy: 0.8981
Epoch 138/350
391/391 - 26s - loss: 0.2056 - accuracy: 0.9421 - val_loss: 0.4125 - val_accuracy: 0.8975
Epoch 139/350
391/391 - 26s - loss: 0.2020 - accuracy: 0.9431 - val_loss: 0.4336 - val_accuracy: 0.8920
Epoch 140/350
391/391 - 26s - loss: 0.2057 - accuracy: 0.9430 - val_loss: 0.4190 - val_accuracy: 0.8951
Epoch 141/350
391/391 - 26s - loss: 0.2022 - accuracy: 0.9426 - val_loss: 0.4259 - val_accuracy: 0.8974
Epoch 142/350
391/391 - 26s - loss: 0.2026 - accuracy: 0.9429 - val_loss: 0.4219 - val_accuracy: 0.8941
Epoch 143/350
391/391 - 26s - loss: 0.2025 - accuracy: 0.9431 - val_loss: 0.3967 - val_accuracy: 0.8990
Epoch 144/350
391/391 - 26s - loss: 0.2017 - accuracy: 0.9435 - val_loss: 0.4099 - val_accuracy: 0.8990
Epoch 145/350
391/391 - 26s - loss: 0.1973 - accuracy: 0.9456 - val_loss: 0.4346 - val_accuracy: 0.8984
Epoch 146/350
391/391 - 26s - loss: 0.1990 - accuracy: 0.9445 - val_loss: 0.4403 - val_accuracy: 0.8954
Epoch 147/350
391/391 - 26s - loss: 0.1912 - accuracy: 0.9477 - val_loss: 0.4721 - val_accuracy: 0.8910
Epoch 148/350
391/391 - 26s - loss: 0.1929 - accuracy: 0.9471 - val_loss: 0.4079 - val_accuracy: 0.8976
Epoch 149/350
391/391 - 26s - loss: 0.1977 - accuracy: 0.9440 - val_loss: 0.4647 - val_accuracy: 0.8934
Epoch 150/350


Snapshot weight 7 shuffle 9 at epoch 150
Layer 11
Getting activations...


391/391 - 26s - loss: 0.1889 - accuracy: 0.9484 - val_loss: 0.4651 - val_accuracy: 0.8943
Epoch 151/350
391/391 - 26s - loss: 0.1985 - accuracy: 0.9444 - val_loss: 0.4427 - val_accuracy: 0.8941
Epoch 152/350
391/391 - 26s - loss: 0.1948 - accuracy: 0.9455 - val_loss: 0.3978 - val_accuracy: 0.9009
Epoch 153/350
391/391 - 26s - loss: 0.1946 - accuracy: 0.9458 - val_loss: 0.4484 - val_accuracy: 0.8953
Epoch 154/350
391/391 - 26s - loss: 0.1896 - accuracy: 0.9488 - val_loss: 0.4766 - val_accuracy: 0.8929
Epoch 155/350
391/391 - 26s - loss: 0.1910 - accuracy: 0.9475 - val_loss: 0.4405 - val_accuracy: 0.8965
Epoch 156/350
391/391 - 26s - loss: 0.1889 - accuracy: 0.9483 - val_loss: 0.4440 - val_accuracy: 0.8927
Epoch 157/350
391/391 - 26s - loss: 0.1910 - accuracy: 0.9467 - val_loss: 0.4049 - val_accuracy: 0.9019
Epoch 158/350
391/391 - 26s - loss: 0.1846 - accuracy: 0.9494 - val_loss: 0.4272 - val_accuracy: 0.8987
Epoch 159/350
391/391 - 26s - loss: 0.1882 - accuracy: 0.9496 - val_loss: 0.4272 - val_accuracy: 0.8976
Epoch 160/350
391/391 - 26s - loss: 0.1833 - accuracy: 0.9499 - val_loss: 0.4591 - val_accuracy: 0.8950
Epoch 161/350
391/391 - 26s - loss: 0.1870 - accuracy: 0.9491 - val_loss: 0.4532 - val_accuracy: 0.8994
Epoch 162/350
391/391 - 26s - loss: 0.1867 - accuracy: 0.9486 - val_loss: 0.4133 - val_accuracy: 0.9007
Epoch 163/350
391/391 - 26s - loss: 0.1830 - accuracy: 0.9498 - val_loss: 0.4110 - val_accuracy: 0.9012
Epoch 164/350
391/391 - 26s - loss: 0.1862 - accuracy: 0.9509 - val_loss: 0.4300 - val_accuracy: 0.8997
Epoch 165/350
391/391 - 26s - loss: 0.1836 - accuracy: 0.9503 - val_loss: 0.4536 - val_accuracy: 0.8931
Epoch 166/350
391/391 - 26s - loss: 0.1857 - accuracy: 0.9487 - val_loss: 0.4221 - val_accuracy: 0.8993
Epoch 167/350
391/391 - 26s - loss: 0.1801 - accuracy: 0.9512 - val_loss: 0.4499 - val_accuracy: 0.8954
Epoch 168/350
391/391 - 26s - loss: 0.1792 - accuracy: 0.9515 - val_loss: 0.4220 - val_accuracy: 0.9019
Epoch 169/350
391/391 - 26s - loss: 0.1797 - accuracy: 0.9527 - val_loss: 0.4440 - val_accuracy: 0.8959
Epoch 170/350
391/391 - 26s - loss: 0.1786 - accuracy: 0.9522 - val_loss: 0.4545 - val_accuracy: 0.8996
Epoch 171/350
391/391 - 26s - loss: 0.1778 - accuracy: 0.9525 - val_loss: 0.4640 - val_accuracy: 0.8948
Epoch 172/350
391/391 - 26s - loss: 0.1840 - accuracy: 0.9511 - val_loss: 0.4372 - val_accuracy: 0.9006
Epoch 173/350
391/391 - 26s - loss: 0.1761 - accuracy: 0.9536 - val_loss: 0.4176 - val_accuracy: 0.9027
Epoch 174/350
391/391 - 26s - loss: 0.1737 - accuracy: 0.9547 - val_loss: 0.4522 - val_accuracy: 0.9021
Epoch 175/350
391/391 - 26s - loss: 0.1789 - accuracy: 0.9529 - val_loss: 0.4481 - val_accuracy: 0.8968
Epoch 176/350
391/391 - 26s - loss: 0.1747 - accuracy: 0.9535 - val_loss: 0.4409 - val_accuracy: 0.9000
Epoch 177/350
391/391 - 26s - loss: 0.1755 - accuracy: 0.9534 - val_loss: 0.4244 - val_accuracy: 0.9028
Epoch 178/350
391/391 - 26s - loss: 0.1697 - accuracy: 0.9558 - val_loss: 0.4772 - val_accuracy: 0.8942
Epoch 179/350
391/391 - 26s - loss: 0.1746 - accuracy: 0.9541 - val_loss: 0.4340 - val_accuracy: 0.8987
Epoch 180/350
391/391 - 26s - loss: 0.1733 - accuracy: 0.9540 - val_loss: 0.4488 - val_accuracy: 0.9000
Epoch 181/350
391/391 - 26s - loss: 0.1727 - accuracy: 0.9545 - val_loss: 0.4671 - val_accuracy: 0.8971
Epoch 182/350
391/391 - 26s - loss: 0.1741 - accuracy: 0.9541 - val_loss: 0.4273 - val_accuracy: 0.9028
Epoch 183/350
391/391 - 26s - loss: 0.1694 - accuracy: 0.9563 - val_loss: 0.4262 - val_accuracy: 0.8999
Epoch 184/350
391/391 - 26s - loss: 0.1740 - accuracy: 0.9552 - val_loss: 0.4488 - val_accuracy: 0.8994
Epoch 185/350
391/391 - 26s - loss: 0.1681 - accuracy: 0.9553 - val_loss: 0.4622 - val_accuracy: 0.8932
Epoch 186/350
391/391 - 26s - loss: 0.1680 - accuracy: 0.9577 - val_loss: 0.4949 - val_accuracy: 0.8920
Epoch 187/350
391/391 - 26s - loss: 0.1706 - accuracy: 0.9554 - val_loss: 0.4323 - val_accuracy: 0.9035
Epoch 188/350
391/391 - 26s - loss: 0.1703 - accuracy: 0.9558 - val_loss: 0.4785 - val_accuracy: 0.8963
Epoch 189/350
391/391 - 26s - loss: 0.1718 - accuracy: 0.9552 - val_loss: 0.4367 - val_accuracy: 0.9000
Epoch 190/350
391/391 - 26s - loss: 0.1638 - accuracy: 0.9580 - val_loss: 0.4501 - val_accuracy: 0.9014
Epoch 191/350
391/391 - 26s - loss: 0.1646 - accuracy: 0.9575 - val_loss: 0.4632 - val_accuracy: 0.8992
Epoch 192/350
391/391 - 26s - loss: 0.1675 - accuracy: 0.9561 - val_loss: 0.4385 - val_accuracy: 0.8976
Epoch 193/350
391/391 - 26s - loss: 0.1681 - accuracy: 0.9566 - val_loss: 0.4822 - val_accuracy: 0.8979
Epoch 194/350
391/391 - 26s - loss: 0.1670 - accuracy: 0.9570 - val_loss: 0.4254 - val_accuracy: 0.9034
Epoch 195/350
391/391 - 26s - loss: 0.1666 - accuracy: 0.9574 - val_loss: 0.4232 - val_accuracy: 0.9044
Epoch 196/350
391/391 - 26s - loss: 0.1628 - accuracy: 0.9584 - val_loss: 0.4656 - val_accuracy: 0.9007
Epoch 197/350
391/391 - 26s - loss: 0.1655 - accuracy: 0.9574 - val_loss: 0.4749 - val_accuracy: 0.8981
Epoch 198/350
391/391 - 26s - loss: 0.1669 - accuracy: 0.9569 - val_loss: 0.4587 - val_accuracy: 0.9007
Epoch 199/350
391/391 - 26s - loss: 0.1600 - accuracy: 0.9596 - val_loss: 0.4264 - val_accuracy: 0.9047
Epoch 200/350


Snapshot weight 7 shuffle 9 at epoch 200
Layer 11
Getting activations...


391/391 - 26s - loss: 0.1634 - accuracy: 0.9576 - val_loss: 0.4589 - val_accuracy: 0.9008
Epoch 201/350
391/391 - 26s - loss: 0.1382 - accuracy: 0.9674 - val_loss: 0.4395 - val_accuracy: 0.9071
Epoch 202/350
391/391 - 26s - loss: 0.1250 - accuracy: 0.9725 - val_loss: 0.4409 - val_accuracy: 0.9090
Epoch 203/350
391/391 - 26s - loss: 0.1186 - accuracy: 0.9749 - val_loss: 0.4451 - val_accuracy: 0.9097
Epoch 204/350
391/391 - 26s - loss: 0.1190 - accuracy: 0.9745 - val_loss: 0.4471 - val_accuracy: 0.9106
Epoch 205/350
391/391 - 26s - loss: 0.1174 - accuracy: 0.9757 - val_loss: 0.4527 - val_accuracy: 0.9107
Epoch 206/350
391/391 - 26s - loss: 0.1154 - accuracy: 0.9755 - val_loss: 0.4567 - val_accuracy: 0.9098
Epoch 207/350
391/391 - 26s - loss: 0.1182 - accuracy: 0.9748 - val_loss: 0.4459 - val_accuracy: 0.9124
Epoch 208/350
391/391 - 26s - loss: 0.1144 - accuracy: 0.9758 - val_loss: 0.4602 - val_accuracy: 0.9106
Epoch 209/350
391/391 - 26s - loss: 0.1138 - accuracy: 0.9759 - val_loss: 0.4514 - val_accuracy: 0.9121
Epoch 210/350
391/391 - 26s - loss: 0.1145 - accuracy: 0.9764 - val_loss: 0.4479 - val_accuracy: 0.9118
Epoch 211/350
391/391 - 26s - loss: 0.1150 - accuracy: 0.9758 - val_loss: 0.4523 - val_accuracy: 0.9104
Epoch 212/350
391/391 - 26s - loss: 0.1142 - accuracy: 0.9761 - val_loss: 0.4588 - val_accuracy: 0.9119
Epoch 213/350
391/391 - 26s - loss: 0.1123 - accuracy: 0.9761 - val_loss: 0.4623 - val_accuracy: 0.9104
Epoch 214/350
391/391 - 26s - loss: 0.1083 - accuracy: 0.9779 - val_loss: 0.4554 - val_accuracy: 0.9115
Epoch 215/350
391/391 - 26s - loss: 0.1107 - accuracy: 0.9772 - val_loss: 0.4651 - val_accuracy: 0.9099
Epoch 216/350
391/391 - 26s - loss: 0.1106 - accuracy: 0.9764 - val_loss: 0.4699 - val_accuracy: 0.9102
Epoch 217/350
391/391 - 26s - loss: 0.1107 - accuracy: 0.9771 - val_loss: 0.4737 - val_accuracy: 0.9115
Epoch 218/350
391/391 - 26s - loss: 0.1122 - accuracy: 0.9764 - val_loss: 0.4617 - val_accuracy: 0.9121
Epoch 219/350
391/391 - 26s - loss: 0.1092 - accuracy: 0.9770 - val_loss: 0.4543 - val_accuracy: 0.9136
Epoch 220/350
391/391 - 26s - loss: 0.1100 - accuracy: 0.9765 - val_loss: 0.4694 - val_accuracy: 0.9113
Epoch 221/350
391/391 - 26s - loss: 0.1083 - accuracy: 0.9783 - val_loss: 0.4699 - val_accuracy: 0.9123
Epoch 222/350
391/391 - 26s - loss: 0.1067 - accuracy: 0.9781 - val_loss: 0.4700 - val_accuracy: 0.9108
Epoch 223/350
391/391 - 26s - loss: 0.1078 - accuracy: 0.9786 - val_loss: 0.4711 - val_accuracy: 0.9123
Epoch 224/350
391/391 - 26s - loss: 0.1070 - accuracy: 0.9788 - val_loss: 0.4753 - val_accuracy: 0.9126
Epoch 225/350
391/391 - 26s - loss: 0.1081 - accuracy: 0.9778 - val_loss: 0.4691 - val_accuracy: 0.9117
Epoch 226/350
391/391 - 26s - loss: 0.1063 - accuracy: 0.9787 - val_loss: 0.4704 - val_accuracy: 0.9124
Epoch 227/350
391/391 - 26s - loss: 0.1074 - accuracy: 0.9781 - val_loss: 0.4687 - val_accuracy: 0.9119
Epoch 228/350
391/391 - 26s - loss: 0.1093 - accuracy: 0.9779 - val_loss: 0.4709 - val_accuracy: 0.9109
Epoch 229/350
391/391 - 26s - loss: 0.1089 - accuracy: 0.9772 - val_loss: 0.4705 - val_accuracy: 0.9123
Epoch 230/350
391/391 - 26s - loss: 0.1044 - accuracy: 0.9798 - val_loss: 0.4722 - val_accuracy: 0.9128
Epoch 231/350
391/391 - 26s - loss: 0.1063 - accuracy: 0.9794 - val_loss: 0.4777 - val_accuracy: 0.9132
Epoch 232/350
391/391 - 26s - loss: 0.1056 - accuracy: 0.9785 - val_loss: 0.4810 - val_accuracy: 0.9111
Epoch 233/350
391/391 - 26s - loss: 0.1069 - accuracy: 0.9788 - val_loss: 0.4757 - val_accuracy: 0.9115
Epoch 234/350
391/391 - 26s - loss: 0.1054 - accuracy: 0.9792 - val_loss: 0.4710 - val_accuracy: 0.9117
Epoch 235/350
391/391 - 26s - loss: 0.1042 - accuracy: 0.9803 - val_loss: 0.4747 - val_accuracy: 0.9096
Epoch 236/350
391/391 - 26s - loss: 0.1038 - accuracy: 0.9794 - val_loss: 0.4759 - val_accuracy: 0.9118
Epoch 237/350
391/391 - 26s - loss: 0.1068 - accuracy: 0.9790 - val_loss: 0.4744 - val_accuracy: 0.9105
Epoch 238/350
391/391 - 26s - loss: 0.1034 - accuracy: 0.9799 - val_loss: 0.4704 - val_accuracy: 0.9126
Epoch 239/350
391/391 - 26s - loss: 0.1064 - accuracy: 0.9789 - val_loss: 0.4853 - val_accuracy: 0.9109
Epoch 240/350
391/391 - 26s - loss: 0.1062 - accuracy: 0.9790 - val_loss: 0.4718 - val_accuracy: 0.9124
Epoch 241/350
391/391 - 26s - loss: 0.1045 - accuracy: 0.9793 - val_loss: 0.4740 - val_accuracy: 0.9131
Epoch 242/350
391/391 - 26s - loss: 0.1026 - accuracy: 0.9800 - val_loss: 0.4755 - val_accuracy: 0.9130
Epoch 243/350
391/391 - 26s - loss: 0.1036 - accuracy: 0.9800 - val_loss: 0.4689 - val_accuracy: 0.9130
Epoch 244/350
391/391 - 26s - loss: 0.1021 - accuracy: 0.9799 - val_loss: 0.4750 - val_accuracy: 0.9112
Epoch 245/350
391/391 - 26s - loss: 0.1021 - accuracy: 0.9793 - val_loss: 0.4820 - val_accuracy: 0.9125
Epoch 246/350
391/391 - 26s - loss: 0.1009 - accuracy: 0.9803 - val_loss: 0.4954 - val_accuracy: 0.9106
Epoch 247/350
391/391 - 26s - loss: 0.1022 - accuracy: 0.9801 - val_loss: 0.4879 - val_accuracy: 0.9114
Epoch 248/350
391/391 - 26s - loss: 0.1023 - accuracy: 0.9801 - val_loss: 0.4799 - val_accuracy: 0.9112
Epoch 249/350
391/391 - 26s - loss: 0.1012 - accuracy: 0.9804 - val_loss: 0.4909 - val_accuracy: 0.9102
Epoch 250/350


Snapshot weight 7 shuffle 9 at epoch 250
Layer 11
Getting activations...


391/391 - 26s - loss: 0.1033 - accuracy: 0.9797 - val_loss: 0.4846 - val_accuracy: 0.9125
Epoch 251/350
391/391 - 26s - loss: 0.0996 - accuracy: 0.9809 - val_loss: 0.4771 - val_accuracy: 0.9122
Epoch 252/350
391/391 - 26s - loss: 0.1004 - accuracy: 0.9809 - val_loss: 0.4773 - val_accuracy: 0.9118
Epoch 253/350
391/391 - 26s - loss: 0.1006 - accuracy: 0.9810 - val_loss: 0.4766 - val_accuracy: 0.9120
Epoch 254/350
391/391 - 26s - loss: 0.1003 - accuracy: 0.9815 - val_loss: 0.4788 - val_accuracy: 0.9125
Epoch 255/350
391/391 - 26s - loss: 0.0984 - accuracy: 0.9812 - val_loss: 0.4780 - val_accuracy: 0.9121
Epoch 256/350
391/391 - 26s - loss: 0.0996 - accuracy: 0.9808 - val_loss: 0.4789 - val_accuracy: 0.9118
Epoch 257/350
391/391 - 26s - loss: 0.0992 - accuracy: 0.9818 - val_loss: 0.4773 - val_accuracy: 0.9119
Epoch 258/350
391/391 - 26s - loss: 0.1003 - accuracy: 0.9809 - val_loss: 0.4784 - val_accuracy: 0.9108
Epoch 259/350
391/391 - 26s - loss: 0.0996 - accuracy: 0.9812 - val_loss: 0.4784 - val_accuracy: 0.9114
Epoch 260/350
391/391 - 26s - loss: 0.0998 - accuracy: 0.9816 - val_loss: 0.4751 - val_accuracy: 0.9119
Epoch 261/350
391/391 - 26s - loss: 0.0981 - accuracy: 0.9819 - val_loss: 0.4769 - val_accuracy: 0.9121
Epoch 262/350
391/391 - 26s - loss: 0.0991 - accuracy: 0.9817 - val_loss: 0.4767 - val_accuracy: 0.9120
Epoch 263/350
391/391 - 26s - loss: 0.0971 - accuracy: 0.9822 - val_loss: 0.4773 - val_accuracy: 0.9119
Epoch 264/350
391/391 - 26s - loss: 0.0974 - accuracy: 0.9818 - val_loss: 0.4792 - val_accuracy: 0.9119
Epoch 265/350
391/391 - 26s - loss: 0.0989 - accuracy: 0.9818 - val_loss: 0.4764 - val_accuracy: 0.9121
Epoch 266/350
391/391 - 26s - loss: 0.0990 - accuracy: 0.9809 - val_loss: 0.4803 - val_accuracy: 0.9117
Epoch 267/350
391/391 - 26s - loss: 0.1007 - accuracy: 0.9809 - val_loss: 0.4789 - val_accuracy: 0.9123
Epoch 268/350
391/391 - 26s - loss: 0.0974 - accuracy: 0.9812 - val_loss: 0.4804 - val_accuracy: 0.9119
Epoch 269/350
391/391 - 26s - loss: 0.1003 - accuracy: 0.9806 - val_loss: 0.4796 - val_accuracy: 0.9119
Epoch 270/350
391/391 - 26s - loss: 0.0987 - accuracy: 0.9817 - val_loss: 0.4773 - val_accuracy: 0.9117
Epoch 271/350
391/391 - 26s - loss: 0.0988 - accuracy: 0.9814 - val_loss: 0.4806 - val_accuracy: 0.9120
Epoch 272/350
391/391 - 26s - loss: 0.0988 - accuracy: 0.9815 - val_loss: 0.4809 - val_accuracy: 0.9122
Epoch 273/350
391/391 - 26s - loss: 0.0975 - accuracy: 0.9819 - val_loss: 0.4798 - val_accuracy: 0.9131
Epoch 274/350
391/391 - 26s - loss: 0.0986 - accuracy: 0.9811 - val_loss: 0.4806 - val_accuracy: 0.9126
Epoch 275/350
391/391 - 26s - loss: 0.1003 - accuracy: 0.9807 - val_loss: 0.4789 - val_accuracy: 0.9119
Epoch 276/350
391/391 - 26s - loss: 0.0971 - accuracy: 0.9827 - val_loss: 0.4788 - val_accuracy: 0.9128
Epoch 277/350
391/391 - 26s - loss: 0.1001 - accuracy: 0.9803 - val_loss: 0.4777 - val_accuracy: 0.9129
Epoch 278/350
391/391 - 26s - loss: 0.0980 - accuracy: 0.9818 - val_loss: 0.4799 - val_accuracy: 0.9123
Epoch 279/350
391/391 - 26s - loss: 0.1002 - accuracy: 0.9810 - val_loss: 0.4792 - val_accuracy: 0.9118
Epoch 280/350
391/391 - 26s - loss: 0.0993 - accuracy: 0.9812 - val_loss: 0.4794 - val_accuracy: 0.9123
Epoch 281/350
391/391 - 26s - loss: 0.0971 - accuracy: 0.9823 - val_loss: 0.4826 - val_accuracy: 0.9121
Epoch 282/350
391/391 - 26s - loss: 0.0980 - accuracy: 0.9815 - val_loss: 0.4825 - val_accuracy: 0.9118
Epoch 283/350
391/391 - 26s - loss: 0.0991 - accuracy: 0.9813 - val_loss: 0.4826 - val_accuracy: 0.9116
Epoch 284/350
391/391 - 26s - loss: 0.0957 - accuracy: 0.9821 - val_loss: 0.4825 - val_accuracy: 0.9116
Epoch 285/350
391/391 - 26s - loss: 0.0960 - accuracy: 0.9830 - val_loss: 0.4813 - val_accuracy: 0.9117
Epoch 286/350
391/391 - 26s - loss: 0.0996 - accuracy: 0.9808 - val_loss: 0.4776 - val_accuracy: 0.9120
Epoch 287/350
391/391 - 26s - loss: 0.0982 - accuracy: 0.9814 - val_loss: 0.4789 - val_accuracy: 0.9119
Epoch 288/350
391/391 - 26s - loss: 0.0985 - accuracy: 0.9815 - val_loss: 0.4784 - val_accuracy: 0.9118
Epoch 289/350
391/391 - 26s - loss: 0.0988 - accuracy: 0.9817 - val_loss: 0.4805 - val_accuracy: 0.9124
Epoch 290/350
391/391 - 26s - loss: 0.0980 - accuracy: 0.9814 - val_loss: 0.4827 - val_accuracy: 0.9124
Epoch 291/350
391/391 - 26s - loss: 0.0973 - accuracy: 0.9820 - val_loss: 0.4815 - val_accuracy: 0.9124
Epoch 292/350
391/391 - 26s - loss: 0.0977 - accuracy: 0.9817 - val_loss: 0.4797 - val_accuracy: 0.9121
Epoch 293/350
391/391 - 26s - loss: 0.0982 - accuracy: 0.9813 - val_loss: 0.4809 - val_accuracy: 0.9120
Epoch 294/350
391/391 - 26s - loss: 0.0958 - accuracy: 0.9822 - val_loss: 0.4834 - val_accuracy: 0.9117
Epoch 295/350
391/391 - 26s - loss: 0.0980 - accuracy: 0.9825 - val_loss: 0.4816 - val_accuracy: 0.9120
Epoch 296/350
391/391 - 26s - loss: 0.0985 - accuracy: 0.9819 - val_loss: 0.4778 - val_accuracy: 0.9124
Epoch 297/350
391/391 - 26s - loss: 0.0975 - accuracy: 0.9815 - val_loss: 0.4806 - val_accuracy: 0.9122
Epoch 298/350
391/391 - 26s - loss: 0.0995 - accuracy: 0.9807 - val_loss: 0.4793 - val_accuracy: 0.9121
Epoch 299/350
391/391 - 26s - loss: 0.0956 - accuracy: 0.9825 - val_loss: 0.4824 - val_accuracy: 0.9112
Epoch 300/350


Snapshot weight 7 shuffle 9 at epoch 300
Layer 11
Getting activations...


391/391 - 26s - loss: 0.0973 - accuracy: 0.9824 - val_loss: 0.4809 - val_accuracy: 0.9123
Epoch 301/350
391/391 - 26s - loss: 0.0978 - accuracy: 0.9817 - val_loss: 0.4811 - val_accuracy: 0.9123
Epoch 302/350
391/391 - 26s - loss: 0.0975 - accuracy: 0.9822 - val_loss: 0.4808 - val_accuracy: 0.9124
Epoch 303/350
391/391 - 26s - loss: 0.0967 - accuracy: 0.9825 - val_loss: 0.4810 - val_accuracy: 0.9124
Epoch 304/350
391/391 - 26s - loss: 0.0966 - accuracy: 0.9818 - val_loss: 0.4807 - val_accuracy: 0.9124
Epoch 305/350
391/391 - 26s - loss: 0.0976 - accuracy: 0.9820 - val_loss: 0.4809 - val_accuracy: 0.9124
Epoch 306/350
391/391 - 26s - loss: 0.0974 - accuracy: 0.9815 - val_loss: 0.4814 - val_accuracy: 0.9121
Epoch 307/350
391/391 - 26s - loss: 0.0960 - accuracy: 0.9822 - val_loss: 0.4812 - val_accuracy: 0.9121
Epoch 308/350
391/391 - 26s - loss: 0.0982 - accuracy: 0.9821 - val_loss: 0.4813 - val_accuracy: 0.9121
Epoch 309/350
391/391 - 26s - loss: 0.0967 - accuracy: 0.9820 - val_loss: 0.4813 - val_accuracy: 0.9121
Epoch 310/350
391/391 - 26s - loss: 0.0985 - accuracy: 0.9812 - val_loss: 0.4810 - val_accuracy: 0.9124
Epoch 311/350
391/391 - 25s - loss: 0.0969 - accuracy: 0.9819 - val_loss: 0.4813 - val_accuracy: 0.9122
Epoch 312/350
391/391 - 25s - loss: 0.0978 - accuracy: 0.9817 - val_loss: 0.4808 - val_accuracy: 0.9119
Epoch 313/350
391/391 - 26s - loss: 0.0987 - accuracy: 0.9815 - val_loss: 0.4805 - val_accuracy: 0.9122
Epoch 314/350
391/391 - 26s - loss: 0.0951 - accuracy: 0.9828 - val_loss: 0.4807 - val_accuracy: 0.9124
Epoch 315/350
391/391 - 26s - loss: 0.0963 - accuracy: 0.9825 - val_loss: 0.4809 - val_accuracy: 0.9123
Epoch 316/350
391/391 - 26s - loss: 0.0985 - accuracy: 0.9813 - val_loss: 0.4812 - val_accuracy: 0.9124
Epoch 317/350
391/391 - 26s - loss: 0.0962 - accuracy: 0.9825 - val_loss: 0.4811 - val_accuracy: 0.9123
Epoch 318/350
391/391 - 26s - loss: 0.0971 - accuracy: 0.9820 - val_loss: 0.4810 - val_accuracy: 0.9124
Epoch 319/350
391/391 - 26s - loss: 0.0958 - accuracy: 0.9825 - val_loss: 0.4813 - val_accuracy: 0.9126
Epoch 320/350
391/391 - 26s - loss: 0.0966 - accuracy: 0.9823 - val_loss: 0.4814 - val_accuracy: 0.9125
Epoch 321/350
391/391 - 26s - loss: 0.0962 - accuracy: 0.9820 - val_loss: 0.4817 - val_accuracy: 0.9124
Epoch 322/350
391/391 - 26s - loss: 0.0998 - accuracy: 0.9810 - val_loss: 0.4814 - val_accuracy: 0.9124
Epoch 323/350
391/391 - 26s - loss: 0.0972 - accuracy: 0.9819 - val_loss: 0.4815 - val_accuracy: 0.9124
Epoch 324/350
391/391 - 26s - loss: 0.0960 - accuracy: 0.9820 - val_loss: 0.4816 - val_accuracy: 0.9121
Epoch 325/350
391/391 - 26s - loss: 0.1005 - accuracy: 0.9809 - val_loss: 0.4816 - val_accuracy: 0.9122
Epoch 326/350
391/391 - 26s - loss: 0.0980 - accuracy: 0.9824 - val_loss: 0.4817 - val_accuracy: 0.9122
Epoch 327/350
391/391 - 26s - loss: 0.0989 - accuracy: 0.9815 - val_loss: 0.4819 - val_accuracy: 0.9123
Epoch 328/350
391/391 - 26s - loss: 0.0973 - accuracy: 0.9818 - val_loss: 0.4822 - val_accuracy: 0.9124
Epoch 329/350
391/391 - 26s - loss: 0.0968 - accuracy: 0.9821 - val_loss: 0.4823 - val_accuracy: 0.9123
Epoch 330/350
391/391 - 26s - loss: 0.0973 - accuracy: 0.9819 - val_loss: 0.4820 - val_accuracy: 0.9121
Epoch 331/350
391/391 - 26s - loss: 0.0996 - accuracy: 0.9810 - val_loss: 0.4823 - val_accuracy: 0.9123
Epoch 332/350
391/391 - 26s - loss: 0.0975 - accuracy: 0.9821 - val_loss: 0.4821 - val_accuracy: 0.9124
Epoch 333/350
391/391 - 26s - loss: 0.0997 - accuracy: 0.9812 - val_loss: 0.4820 - val_accuracy: 0.9122
Epoch 334/350
391/391 - 26s - loss: 0.0963 - accuracy: 0.9825 - val_loss: 0.4821 - val_accuracy: 0.9123
Epoch 335/350
391/391 - 26s - loss: 0.0981 - accuracy: 0.9819 - val_loss: 0.4818 - val_accuracy: 0.9123
Epoch 336/350
391/391 - 26s - loss: 0.0972 - accuracy: 0.9822 - val_loss: 0.4815 - val_accuracy: 0.9123
Epoch 337/350
391/391 - 26s - loss: 0.0969 - accuracy: 0.9820 - val_loss: 0.4816 - val_accuracy: 0.9123
Epoch 338/350
391/391 - 26s - loss: 0.0985 - accuracy: 0.9814 - val_loss: 0.4819 - val_accuracy: 0.9124
Epoch 339/350
391/391 - 26s - loss: 0.0976 - accuracy: 0.9811 - val_loss: 0.4818 - val_accuracy: 0.9124
Epoch 340/350
391/391 - 26s - loss: 0.0973 - accuracy: 0.9815 - val_loss: 0.4824 - val_accuracy: 0.9122
Epoch 341/350
391/391 - 25s - loss: 0.0974 - accuracy: 0.9813 - val_loss: 0.4828 - val_accuracy: 0.9121
Epoch 342/350
391/391 - 26s - loss: 0.0962 - accuracy: 0.9825 - val_loss: 0.4828 - val_accuracy: 0.9117
Epoch 343/350
391/391 - 26s - loss: 0.0995 - accuracy: 0.9805 - val_loss: 0.4825 - val_accuracy: 0.9120
Epoch 344/350
391/391 - 26s - loss: 0.0967 - accuracy: 0.9822 - val_loss: 0.4821 - val_accuracy: 0.9122
Epoch 345/350
391/391 - 26s - loss: 0.0965 - accuracy: 0.9829 - val_loss: 0.4823 - val_accuracy: 0.9120
Epoch 346/350
391/391 - 26s - loss: 0.0983 - accuracy: 0.9819 - val_loss: 0.4828 - val_accuracy: 0.9121
Epoch 347/350
391/391 - 26s - loss: 0.0969 - accuracy: 0.9824 - val_loss: 0.4827 - val_accuracy: 0.9122
Epoch 348/350
391/391 - 26s - loss: 0.0970 - accuracy: 0.9818 - val_loss: 0.4825 - val_accuracy: 0.9120
Epoch 349/350
391/391 - 25s - loss: 0.0959 - accuracy: 0.9822 - val_loss: 0.4824 - val_accuracy: 0.9123
Epoch 350/350


Snapshot weight 7 shuffle 9 at epoch 350
Layer 11
Getting activations...


391/391 - 26s - loss: 0.0994 - accuracy: 0.9810 - val_loss: 0.4825 - val_accuracy: 0.9121
/usr/local/lib/python3.6/dist-packages/tensorflow/python/autograph/impl/api.py:493: UserWarning: fill_value is not supported and is always 0 for TensorFlow < 2.4.0.
  return py_builtins.overload_of(f)(*args)
WARNING:tensorflow:From /usr/local/lib/python3.6/dist-packages/tensorflow/python/training/tracking/tracking.py:111: Model.state_updates (from tensorflow.python.keras.engine.training) is deprecated and will be removed in a future version.
Instructions for updating:
This property should not be used in TensorFlow 2.0, as updates are applied automatically.
2021-07-02 23:33:26.487203: W tensorflow/python/util/util.cc:348] Sets are not currently considered sequences, but this may change in the future, so consider avoiding using them.
WARNING:tensorflow:From /usr/local/lib/python3.6/dist-packages/tensorflow/python/training/tracking/tracking.py:111: Layer.updates (from tensorflow.python.keras.engine.base_layer) is deprecated and will be removed in a future version.
Instructions for updating:
This property should not be used in TensorFlow 2.0, as updates are applied automatically.
Saving, final validation acc: 0.9121000170707703
