2021-07-02 14:18:13.071149: I tensorflow/stream_executor/platform/default/dso_loader.cc:48] Successfully opened dynamic library libcudart.so.10.1
2021-07-02 14:19:38.748084: I tensorflow/stream_executor/platform/default/dso_loader.cc:48] Successfully opened dynamic library libcuda.so.1
2021-07-02 14:19:38.777257: I tensorflow/core/common_runtime/gpu/gpu_device.cc:1716] Found device 0 with properties: 
pciBusID: 0000:03:00.0 name: NVIDIA TITAN Xp computeCapability: 6.1
coreClock: 1.582GHz coreCount: 30 deviceMemorySize: 11.91GiB deviceMemoryBandwidth: 510.07GiB/s
2021-07-02 14:19:38.777329: I tensorflow/stream_executor/platform/default/dso_loader.cc:48] Successfully opened dynamic library libcudart.so.10.1
2021-07-02 14:19:38.817477: I tensorflow/stream_executor/platform/default/dso_loader.cc:48] Successfully opened dynamic library libcublas.so.10
2021-07-02 14:19:38.837504: I tensorflow/stream_executor/platform/default/dso_loader.cc:48] Successfully opened dynamic library libcufft.so.10
2021-07-02 14:19:38.845594: I tensorflow/stream_executor/platform/default/dso_loader.cc:48] Successfully opened dynamic library libcurand.so.10
2021-07-02 14:19:38.887186: I tensorflow/stream_executor/platform/default/dso_loader.cc:48] Successfully opened dynamic library libcusolver.so.10
2021-07-02 14:19:38.895340: I tensorflow/stream_executor/platform/default/dso_loader.cc:48] Successfully opened dynamic library libcusparse.so.10
2021-07-02 14:19:38.968546: I tensorflow/stream_executor/platform/default/dso_loader.cc:48] Successfully opened dynamic library libcudnn.so.7
2021-07-02 14:19:38.970942: I tensorflow/core/common_runtime/gpu/gpu_device.cc:1858] Adding visible gpu devices: 0
2021-07-02 14:19:38.974486: I tensorflow/core/platform/cpu_feature_guard.cc:142] This TensorFlow binary is optimized with oneAPI Deep Neural Network Library (oneDNN)to use the following CPU instructions in performance-critical operations:  AVX2 FMA
To enable them in other operations, rebuild TensorFlow with the appropriate compiler flags.
2021-07-02 14:19:38.989691: I tensorflow/core/platform/profile_utils/cpu_utils.cc:104] CPU Frequency: 2600075000 Hz
2021-07-02 14:19:38.989797: I tensorflow/compiler/xla/service/service.cc:168] XLA service 0x41698c0 initialized for platform Host (this does not guarantee that XLA will be used). Devices:
2021-07-02 14:19:38.989815: I tensorflow/compiler/xla/service/service.cc:176]   StreamExecutor device (0): Host, Default Version
2021-07-02 14:19:39.126787: I tensorflow/compiler/xla/service/service.cc:168] XLA service 0x414b300 initialized for platform CUDA (this does not guarantee that XLA will be used). Devices:
2021-07-02 14:19:39.126848: I tensorflow/compiler/xla/service/service.cc:176]   StreamExecutor device (0): NVIDIA TITAN Xp, Compute Capability 6.1
2021-07-02 14:19:39.129221: I tensorflow/core/common_runtime/gpu/gpu_device.cc:1716] Found device 0 with properties: 
pciBusID: 0000:03:00.0 name: NVIDIA TITAN Xp computeCapability: 6.1
coreClock: 1.582GHz coreCount: 30 deviceMemorySize: 11.91GiB deviceMemoryBandwidth: 510.07GiB/s
2021-07-02 14:19:39.129259: I tensorflow/stream_executor/platform/default/dso_loader.cc:48] Successfully opened dynamic library libcudart.so.10.1
2021-07-02 14:19:39.129288: I tensorflow/stream_executor/platform/default/dso_loader.cc:48] Successfully opened dynamic library libcublas.so.10
2021-07-02 14:19:39.129306: I tensorflow/stream_executor/platform/default/dso_loader.cc:48] Successfully opened dynamic library libcufft.so.10
2021-07-02 14:19:39.129323: I tensorflow/stream_executor/platform/default/dso_loader.cc:48] Successfully opened dynamic library libcurand.so.10
2021-07-02 14:19:39.129340: I tensorflow/stream_executor/platform/default/dso_loader.cc:48] Successfully opened dynamic library libcusolver.so.10
2021-07-02 14:19:39.129357: I tensorflow/stream_executor/platform/default/dso_loader.cc:48] Successfully opened dynamic library libcusparse.so.10
2021-07-02 14:19:39.129373: I tensorflow/stream_executor/platform/default/dso_loader.cc:48] Successfully opened dynamic library libcudnn.so.7
2021-07-02 14:19:39.133585: I tensorflow/core/common_runtime/gpu/gpu_device.cc:1858] Adding visible gpu devices: 0
2021-07-02 14:19:39.135268: I tensorflow/stream_executor/platform/default/dso_loader.cc:48] Successfully opened dynamic library libcudart.so.10.1
2021-07-02 14:19:40.908218: I tensorflow/core/common_runtime/gpu/gpu_device.cc:1257] Device interconnect StreamExecutor with strength 1 edge matrix:
2021-07-02 14:19:40.908287: I tensorflow/core/common_runtime/gpu/gpu_device.cc:1263]      0 
2021-07-02 14:19:40.908300: I tensorflow/core/common_runtime/gpu/gpu_device.cc:1276] 0:   N 
2021-07-02 14:19:40.914927: I tensorflow/core/common_runtime/gpu/gpu_device.cc:1402] Created TensorFlow device (/job:localhost/replica:0/task:0/device:GPU:0 with 11218 MB memory) -> physical GPU (device: 0, name: NVIDIA TITAN Xp, pci bus id: 0000:03:00.0, compute capability: 6.1)
2021-07-02 14:19:46.758552: I tensorflow/stream_executor/platform/default/dso_loader.cc:48] Successfully opened dynamic library libcudnn.so.7
2021-07-02 14:19:49.377635: I tensorflow/stream_executor/platform/default/dso_loader.cc:48] Successfully opened dynamic library libcublas.so.10
Using model index: 74
Making train data...
GCN...
ZCA...
Done!
Making test data...
Done!
Epoch 1/350


Snapshot weight 4 shuffle 7 at epoch 1
Layer 11
Getting activations...


391/391 - 23s - loss: 2.3148 - accuracy: 0.1173 - val_loss: 2.3223 - val_accuracy: 0.1206
Epoch 2/350


Snapshot weight 4 shuffle 7 at epoch 2
Layer 11
Getting activations...


391/391 - 23s - loss: 2.1418 - accuracy: 0.2057 - val_loss: 2.0628 - val_accuracy: 0.2396
Epoch 3/350


Snapshot weight 4 shuffle 7 at epoch 3
Layer 11
Getting activations...


391/391 - 23s - loss: 1.7754 - accuracy: 0.3461 - val_loss: 1.5820 - val_accuracy: 0.4279
Epoch 4/350


Snapshot weight 4 shuffle 7 at epoch 4
Layer 11
Getting activations...


391/391 - 23s - loss: 1.5373 - accuracy: 0.4475 - val_loss: 1.4383 - val_accuracy: 0.4990
Epoch 5/350


Snapshot weight 4 shuffle 7 at epoch 5
Layer 11
Getting activations...


391/391 - 23s - loss: 1.4013 - accuracy: 0.5033 - val_loss: 1.3073 - val_accuracy: 0.5371
Epoch 6/350


Snapshot weight 4 shuffle 7 at epoch 6
Layer 11
Getting activations...


391/391 - 24s - loss: 1.2908 - accuracy: 0.5466 - val_loss: 1.2199 - val_accuracy: 0.5693
Epoch 7/350


Snapshot weight 4 shuffle 7 at epoch 7
Layer 11
Getting activations...


391/391 - 23s - loss: 1.2076 - accuracy: 0.5776 - val_loss: 1.1088 - val_accuracy: 0.6111
Epoch 8/350


Snapshot weight 4 shuffle 7 at epoch 8
Layer 11
Getting activations...


391/391 - 24s - loss: 1.1396 - accuracy: 0.6002 - val_loss: 1.1686 - val_accuracy: 0.5872
Epoch 9/350


Snapshot weight 4 shuffle 7 at epoch 9
Layer 11
Getting activations...


391/391 - 23s - loss: 1.0879 - accuracy: 0.6193 - val_loss: 1.0247 - val_accuracy: 0.6414
Epoch 10/350


Snapshot weight 4 shuffle 7 at epoch 10
Layer 11
Getting activations...


391/391 - 23s - loss: 1.0371 - accuracy: 0.6396 - val_loss: 1.0106 - val_accuracy: 0.6483
Epoch 11/350
391/391 - 23s - loss: 0.9909 - accuracy: 0.6554 - val_loss: 0.9951 - val_accuracy: 0.6632
Epoch 12/350
391/391 - 23s - loss: 0.9471 - accuracy: 0.6745 - val_loss: 0.8845 - val_accuracy: 0.6979
Epoch 13/350
391/391 - 23s - loss: 0.9090 - accuracy: 0.6883 - val_loss: 0.8098 - val_accuracy: 0.7187
Epoch 14/350
391/391 - 23s - loss: 0.8757 - accuracy: 0.7007 - val_loss: 0.8587 - val_accuracy: 0.7138
Epoch 15/350
391/391 - 23s - loss: 0.8425 - accuracy: 0.7120 - val_loss: 0.7769 - val_accuracy: 0.7350
Epoch 16/350
391/391 - 24s - loss: 0.8155 - accuracy: 0.7223 - val_loss: 0.8246 - val_accuracy: 0.7298
Epoch 17/350
391/391 - 23s - loss: 0.7807 - accuracy: 0.7345 - val_loss: 0.7030 - val_accuracy: 0.7637
Epoch 18/350
391/391 - 23s - loss: 0.7497 - accuracy: 0.7472 - val_loss: 0.6677 - val_accuracy: 0.7777
Epoch 19/350
391/391 - 23s - loss: 0.7247 - accuracy: 0.7582 - val_loss: 0.6614 - val_accuracy: 0.7806
Epoch 20/350
391/391 - 23s - loss: 0.7044 - accuracy: 0.7625 - val_loss: 0.6986 - val_accuracy: 0.7638
Epoch 21/350
391/391 - 23s - loss: 0.6816 - accuracy: 0.7719 - val_loss: 0.6490 - val_accuracy: 0.7900
Epoch 22/350
391/391 - 23s - loss: 0.6685 - accuracy: 0.7759 - val_loss: 0.6024 - val_accuracy: 0.8038
Epoch 23/350
391/391 - 23s - loss: 0.6557 - accuracy: 0.7815 - val_loss: 0.5869 - val_accuracy: 0.8053
Epoch 24/350
391/391 - 23s - loss: 0.6387 - accuracy: 0.7867 - val_loss: 0.5831 - val_accuracy: 0.8124
Epoch 25/350
391/391 - 23s - loss: 0.6189 - accuracy: 0.7945 - val_loss: 0.6099 - val_accuracy: 0.7985
Epoch 26/350
391/391 - 23s - loss: 0.6069 - accuracy: 0.7980 - val_loss: 0.6496 - val_accuracy: 0.7921
Epoch 27/350
391/391 - 23s - loss: 0.5868 - accuracy: 0.8068 - val_loss: 0.5665 - val_accuracy: 0.8180
Epoch 28/350
391/391 - 23s - loss: 0.5790 - accuracy: 0.8087 - val_loss: 0.6157 - val_accuracy: 0.8048
Epoch 29/350
391/391 - 23s - loss: 0.5690 - accuracy: 0.8111 - val_loss: 0.5686 - val_accuracy: 0.8148
Epoch 30/350
391/391 - 23s - loss: 0.5477 - accuracy: 0.8198 - val_loss: 0.6223 - val_accuracy: 0.8051
Epoch 31/350
391/391 - 23s - loss: 0.5479 - accuracy: 0.8188 - val_loss: 0.5835 - val_accuracy: 0.8130
Epoch 32/350
391/391 - 23s - loss: 0.5322 - accuracy: 0.8254 - val_loss: 0.5478 - val_accuracy: 0.8244
Epoch 33/350
391/391 - 23s - loss: 0.5280 - accuracy: 0.8264 - val_loss: 0.5732 - val_accuracy: 0.8172
Epoch 34/350
391/391 - 23s - loss: 0.5228 - accuracy: 0.8292 - val_loss: 0.5309 - val_accuracy: 0.8334
Epoch 35/350
391/391 - 24s - loss: 0.5086 - accuracy: 0.8330 - val_loss: 0.4969 - val_accuracy: 0.8460
Epoch 36/350
391/391 - 23s - loss: 0.5042 - accuracy: 0.8354 - val_loss: 0.4750 - val_accuracy: 0.8485
Epoch 37/350
391/391 - 23s - loss: 0.4915 - accuracy: 0.8389 - val_loss: 0.5385 - val_accuracy: 0.8336
Epoch 38/350
391/391 - 23s - loss: 0.4821 - accuracy: 0.8431 - val_loss: 0.5582 - val_accuracy: 0.8334
Epoch 39/350
391/391 - 23s - loss: 0.4739 - accuracy: 0.8447 - val_loss: 0.4917 - val_accuracy: 0.8472
Epoch 40/350
391/391 - 23s - loss: 0.4721 - accuracy: 0.8454 - val_loss: 0.4878 - val_accuracy: 0.8453
Epoch 41/350
391/391 - 23s - loss: 0.4606 - accuracy: 0.8496 - val_loss: 0.4900 - val_accuracy: 0.8519
Epoch 42/350
391/391 - 23s - loss: 0.4572 - accuracy: 0.8520 - val_loss: 0.5015 - val_accuracy: 0.8483
Epoch 43/350
391/391 - 23s - loss: 0.4527 - accuracy: 0.8528 - val_loss: 0.4679 - val_accuracy: 0.8522
Epoch 44/350
391/391 - 23s - loss: 0.4482 - accuracy: 0.8551 - val_loss: 0.4642 - val_accuracy: 0.8545
Epoch 45/350
391/391 - 23s - loss: 0.4316 - accuracy: 0.8603 - val_loss: 0.5185 - val_accuracy: 0.8406
Epoch 46/350
391/391 - 23s - loss: 0.4310 - accuracy: 0.8604 - val_loss: 0.4877 - val_accuracy: 0.8521
Epoch 47/350
391/391 - 23s - loss: 0.4204 - accuracy: 0.8621 - val_loss: 0.4753 - val_accuracy: 0.8546
Epoch 48/350
391/391 - 23s - loss: 0.4160 - accuracy: 0.8662 - val_loss: 0.4695 - val_accuracy: 0.8567
Epoch 49/350
391/391 - 23s - loss: 0.4190 - accuracy: 0.8656 - val_loss: 0.4695 - val_accuracy: 0.8610
Epoch 50/350


Snapshot weight 4 shuffle 7 at epoch 50
Layer 11
Getting activations...


391/391 - 23s - loss: 0.4068 - accuracy: 0.8683 - val_loss: 0.4608 - val_accuracy: 0.8674
Epoch 51/350
391/391 - 23s - loss: 0.4019 - accuracy: 0.8702 - val_loss: 0.4447 - val_accuracy: 0.8649
Epoch 52/350
391/391 - 23s - loss: 0.3962 - accuracy: 0.8723 - val_loss: 0.4849 - val_accuracy: 0.8517
Epoch 53/350
391/391 - 23s - loss: 0.3973 - accuracy: 0.8714 - val_loss: 0.4746 - val_accuracy: 0.8565
Epoch 54/350
391/391 - 23s - loss: 0.3897 - accuracy: 0.8736 - val_loss: 0.4384 - val_accuracy: 0.8676
Epoch 55/350
391/391 - 23s - loss: 0.3862 - accuracy: 0.8755 - val_loss: 0.4333 - val_accuracy: 0.8698
Epoch 56/350
391/391 - 23s - loss: 0.3765 - accuracy: 0.8789 - val_loss: 0.4738 - val_accuracy: 0.8602
Epoch 57/350
391/391 - 23s - loss: 0.3727 - accuracy: 0.8815 - val_loss: 0.5089 - val_accuracy: 0.8548
Epoch 58/350
391/391 - 23s - loss: 0.3770 - accuracy: 0.8794 - val_loss: 0.4227 - val_accuracy: 0.8705
Epoch 59/350
391/391 - 23s - loss: 0.3737 - accuracy: 0.8821 - val_loss: 0.4497 - val_accuracy: 0.8663
Epoch 60/350
391/391 - 23s - loss: 0.3659 - accuracy: 0.8838 - val_loss: 0.4733 - val_accuracy: 0.8614
Epoch 61/350
391/391 - 23s - loss: 0.3611 - accuracy: 0.8857 - val_loss: 0.4372 - val_accuracy: 0.8735
Epoch 62/350
391/391 - 23s - loss: 0.3588 - accuracy: 0.8852 - val_loss: 0.4750 - val_accuracy: 0.8637
Epoch 63/350
391/391 - 23s - loss: 0.3569 - accuracy: 0.8861 - val_loss: 0.4514 - val_accuracy: 0.8683
Epoch 64/350
391/391 - 23s - loss: 0.3558 - accuracy: 0.8877 - val_loss: 0.4551 - val_accuracy: 0.8641
Epoch 65/350
391/391 - 23s - loss: 0.3489 - accuracy: 0.8892 - val_loss: 0.4833 - val_accuracy: 0.8636
Epoch 66/350
391/391 - 23s - loss: 0.3480 - accuracy: 0.8911 - val_loss: 0.4435 - val_accuracy: 0.8713
Epoch 67/350
391/391 - 23s - loss: 0.3367 - accuracy: 0.8943 - val_loss: 0.4119 - val_accuracy: 0.8784
Epoch 68/350
391/391 - 23s - loss: 0.3325 - accuracy: 0.8959 - val_loss: 0.4202 - val_accuracy: 0.8805
Epoch 69/350
391/391 - 23s - loss: 0.3354 - accuracy: 0.8935 - val_loss: 0.4191 - val_accuracy: 0.8779
Epoch 70/350
391/391 - 23s - loss: 0.3320 - accuracy: 0.8964 - val_loss: 0.4361 - val_accuracy: 0.8719
Epoch 71/350
391/391 - 23s - loss: 0.3254 - accuracy: 0.8967 - val_loss: 0.4296 - val_accuracy: 0.8740
Epoch 72/350
391/391 - 23s - loss: 0.3263 - accuracy: 0.8972 - val_loss: 0.4212 - val_accuracy: 0.8758
Epoch 73/350
391/391 - 23s - loss: 0.3197 - accuracy: 0.8991 - val_loss: 0.4160 - val_accuracy: 0.8793
Epoch 74/350
391/391 - 23s - loss: 0.3167 - accuracy: 0.9015 - val_loss: 0.4327 - val_accuracy: 0.8693
Epoch 75/350
391/391 - 23s - loss: 0.3120 - accuracy: 0.9020 - val_loss: 0.4096 - val_accuracy: 0.8808
Epoch 76/350
391/391 - 23s - loss: 0.3114 - accuracy: 0.9036 - val_loss: 0.4287 - val_accuracy: 0.8756
Epoch 77/350
391/391 - 23s - loss: 0.3076 - accuracy: 0.9032 - val_loss: 0.4405 - val_accuracy: 0.8676
Epoch 78/350
391/391 - 23s - loss: 0.3036 - accuracy: 0.9049 - val_loss: 0.4275 - val_accuracy: 0.8780
Epoch 79/350
391/391 - 23s - loss: 0.3071 - accuracy: 0.9059 - val_loss: 0.4403 - val_accuracy: 0.8736
Epoch 80/350
391/391 - 23s - loss: 0.3020 - accuracy: 0.9074 - val_loss: 0.4015 - val_accuracy: 0.8857
Epoch 81/350
391/391 - 23s - loss: 0.2999 - accuracy: 0.9080 - val_loss: 0.4219 - val_accuracy: 0.8844
Epoch 82/350
391/391 - 23s - loss: 0.2952 - accuracy: 0.9084 - val_loss: 0.4195 - val_accuracy: 0.8790
Epoch 83/350
391/391 - 23s - loss: 0.2941 - accuracy: 0.9085 - val_loss: 0.4047 - val_accuracy: 0.8873
Epoch 84/350
391/391 - 23s - loss: 0.2928 - accuracy: 0.9098 - val_loss: 0.4045 - val_accuracy: 0.8900
Epoch 85/350
391/391 - 23s - loss: 0.2861 - accuracy: 0.9105 - val_loss: 0.4207 - val_accuracy: 0.8843
Epoch 86/350
391/391 - 23s - loss: 0.2873 - accuracy: 0.9105 - val_loss: 0.4041 - val_accuracy: 0.8880
Epoch 87/350
391/391 - 23s - loss: 0.2844 - accuracy: 0.9136 - val_loss: 0.4160 - val_accuracy: 0.8817
Epoch 88/350
391/391 - 23s - loss: 0.2802 - accuracy: 0.9129 - val_loss: 0.4328 - val_accuracy: 0.8837
Epoch 89/350
391/391 - 23s - loss: 0.2810 - accuracy: 0.9137 - val_loss: 0.4395 - val_accuracy: 0.8789
Epoch 90/350
391/391 - 23s - loss: 0.2760 - accuracy: 0.9154 - val_loss: 0.4112 - val_accuracy: 0.8863
Epoch 91/350
391/391 - 23s - loss: 0.2756 - accuracy: 0.9154 - val_loss: 0.4174 - val_accuracy: 0.8815
Epoch 92/350
391/391 - 23s - loss: 0.2758 - accuracy: 0.9150 - val_loss: 0.4182 - val_accuracy: 0.8867
Epoch 93/350
391/391 - 23s - loss: 0.2734 - accuracy: 0.9153 - val_loss: 0.4293 - val_accuracy: 0.8796
Epoch 94/350
391/391 - 23s - loss: 0.2719 - accuracy: 0.9171 - val_loss: 0.4239 - val_accuracy: 0.8838
Epoch 95/350
391/391 - 23s - loss: 0.2630 - accuracy: 0.9188 - val_loss: 0.4342 - val_accuracy: 0.8836
Epoch 96/350
391/391 - 23s - loss: 0.2681 - accuracy: 0.9185 - val_loss: 0.3969 - val_accuracy: 0.8881
Epoch 97/350
391/391 - 24s - loss: 0.2656 - accuracy: 0.9192 - val_loss: 0.4268 - val_accuracy: 0.8860
Epoch 98/350
391/391 - 23s - loss: 0.2698 - accuracy: 0.9182 - val_loss: 0.4098 - val_accuracy: 0.8886
Epoch 99/350
391/391 - 23s - loss: 0.2601 - accuracy: 0.9204 - val_loss: 0.4193 - val_accuracy: 0.8860
Epoch 100/350


Snapshot weight 4 shuffle 7 at epoch 100
Layer 11
Getting activations...


391/391 - 24s - loss: 0.2569 - accuracy: 0.9224 - val_loss: 0.4328 - val_accuracy: 0.8886
Epoch 101/350
391/391 - 23s - loss: 0.2562 - accuracy: 0.9230 - val_loss: 0.4183 - val_accuracy: 0.8886
Epoch 102/350
391/391 - 23s - loss: 0.2585 - accuracy: 0.9210 - val_loss: 0.4091 - val_accuracy: 0.8877
Epoch 103/350
391/391 - 23s - loss: 0.2577 - accuracy: 0.9230 - val_loss: 0.4105 - val_accuracy: 0.8850
Epoch 104/350
391/391 - 23s - loss: 0.2493 - accuracy: 0.9244 - val_loss: 0.4266 - val_accuracy: 0.8860
Epoch 105/350
391/391 - 23s - loss: 0.2527 - accuracy: 0.9238 - val_loss: 0.3942 - val_accuracy: 0.8955
Epoch 106/350
391/391 - 23s - loss: 0.2504 - accuracy: 0.9241 - val_loss: 0.4592 - val_accuracy: 0.8784
Epoch 107/350
391/391 - 23s - loss: 0.2506 - accuracy: 0.9251 - val_loss: 0.4398 - val_accuracy: 0.8828
Epoch 108/350
391/391 - 23s - loss: 0.2402 - accuracy: 0.9277 - val_loss: 0.4415 - val_accuracy: 0.8839
Epoch 109/350
391/391 - 23s - loss: 0.2465 - accuracy: 0.9256 - val_loss: 0.4439 - val_accuracy: 0.8847
Epoch 110/350
391/391 - 23s - loss: 0.2446 - accuracy: 0.9258 - val_loss: 0.4187 - val_accuracy: 0.8854
Epoch 111/350
391/391 - 23s - loss: 0.2427 - accuracy: 0.9280 - val_loss: 0.4645 - val_accuracy: 0.8797
Epoch 112/350
391/391 - 23s - loss: 0.2435 - accuracy: 0.9267 - val_loss: 0.4233 - val_accuracy: 0.8865
Epoch 113/350
391/391 - 23s - loss: 0.2401 - accuracy: 0.9283 - val_loss: 0.4406 - val_accuracy: 0.8907
Epoch 114/350
391/391 - 23s - loss: 0.2362 - accuracy: 0.9299 - val_loss: 0.4573 - val_accuracy: 0.8857
Epoch 115/350
391/391 - 23s - loss: 0.2399 - accuracy: 0.9296 - val_loss: 0.4252 - val_accuracy: 0.8889
Epoch 116/350
391/391 - 23s - loss: 0.2299 - accuracy: 0.9316 - val_loss: 0.4348 - val_accuracy: 0.8870
Epoch 117/350
391/391 - 23s - loss: 0.2359 - accuracy: 0.9293 - val_loss: 0.4400 - val_accuracy: 0.8880
Epoch 118/350
391/391 - 23s - loss: 0.2323 - accuracy: 0.9310 - val_loss: 0.4255 - val_accuracy: 0.8855
Epoch 119/350
391/391 - 23s - loss: 0.2293 - accuracy: 0.9335 - val_loss: 0.4413 - val_accuracy: 0.8867
Epoch 120/350
391/391 - 23s - loss: 0.2305 - accuracy: 0.9328 - val_loss: 0.4042 - val_accuracy: 0.8898
Epoch 121/350
391/391 - 23s - loss: 0.2259 - accuracy: 0.9340 - val_loss: 0.4085 - val_accuracy: 0.8945
Epoch 122/350
391/391 - 23s - loss: 0.2241 - accuracy: 0.9348 - val_loss: 0.4454 - val_accuracy: 0.8913
Epoch 123/350
391/391 - 23s - loss: 0.2214 - accuracy: 0.9346 - val_loss: 0.4229 - val_accuracy: 0.8919
Epoch 124/350
391/391 - 23s - loss: 0.2188 - accuracy: 0.9377 - val_loss: 0.4806 - val_accuracy: 0.8837
Epoch 125/350
391/391 - 23s - loss: 0.2243 - accuracy: 0.9343 - val_loss: 0.4468 - val_accuracy: 0.8847
Epoch 126/350
391/391 - 23s - loss: 0.2168 - accuracy: 0.9370 - val_loss: 0.4324 - val_accuracy: 0.8883
Epoch 127/350
391/391 - 23s - loss: 0.2210 - accuracy: 0.9353 - val_loss: 0.4373 - val_accuracy: 0.8903
Epoch 128/350
391/391 - 23s - loss: 0.2238 - accuracy: 0.9355 - val_loss: 0.4297 - val_accuracy: 0.8874
Epoch 129/350
391/391 - 23s - loss: 0.2197 - accuracy: 0.9365 - val_loss: 0.4213 - val_accuracy: 0.8917
Epoch 130/350
391/391 - 23s - loss: 0.2134 - accuracy: 0.9386 - val_loss: 0.4314 - val_accuracy: 0.8918
Epoch 131/350
391/391 - 23s - loss: 0.2115 - accuracy: 0.9389 - val_loss: 0.4156 - val_accuracy: 0.8965
Epoch 132/350
391/391 - 23s - loss: 0.2110 - accuracy: 0.9392 - val_loss: 0.4092 - val_accuracy: 0.8952
Epoch 133/350
391/391 - 23s - loss: 0.2153 - accuracy: 0.9374 - val_loss: 0.4197 - val_accuracy: 0.8934
Epoch 134/350
391/391 - 23s - loss: 0.2132 - accuracy: 0.9376 - val_loss: 0.4218 - val_accuracy: 0.8953
Epoch 135/350
391/391 - 23s - loss: 0.2141 - accuracy: 0.9391 - val_loss: 0.4515 - val_accuracy: 0.8912
Epoch 136/350
391/391 - 24s - loss: 0.2133 - accuracy: 0.9379 - val_loss: 0.4591 - val_accuracy: 0.8876
Epoch 137/350
391/391 - 23s - loss: 0.2100 - accuracy: 0.9398 - val_loss: 0.4033 - val_accuracy: 0.8981
Epoch 138/350
391/391 - 23s - loss: 0.2078 - accuracy: 0.9408 - val_loss: 0.4495 - val_accuracy: 0.8885
Epoch 139/350
391/391 - 24s - loss: 0.2046 - accuracy: 0.9412 - val_loss: 0.4553 - val_accuracy: 0.8932
Epoch 140/350
391/391 - 23s - loss: 0.2050 - accuracy: 0.9410 - val_loss: 0.4429 - val_accuracy: 0.8900
Epoch 141/350
391/391 - 24s - loss: 0.2045 - accuracy: 0.9413 - val_loss: 0.4364 - val_accuracy: 0.8886
Epoch 142/350
391/391 - 23s - loss: 0.2018 - accuracy: 0.9431 - val_loss: 0.4430 - val_accuracy: 0.8908
Epoch 143/350
391/391 - 23s - loss: 0.2052 - accuracy: 0.9415 - val_loss: 0.4604 - val_accuracy: 0.8946
Epoch 144/350
391/391 - 23s - loss: 0.2046 - accuracy: 0.9422 - val_loss: 0.4517 - val_accuracy: 0.8915
Epoch 145/350
391/391 - 23s - loss: 0.2065 - accuracy: 0.9404 - val_loss: 0.4873 - val_accuracy: 0.8858
Epoch 146/350
391/391 - 23s - loss: 0.1986 - accuracy: 0.9439 - val_loss: 0.4392 - val_accuracy: 0.8928
Epoch 147/350
391/391 - 24s - loss: 0.1995 - accuracy: 0.9437 - val_loss: 0.4329 - val_accuracy: 0.8882
Epoch 148/350
391/391 - 23s - loss: 0.1978 - accuracy: 0.9453 - val_loss: 0.4724 - val_accuracy: 0.8888
Epoch 149/350
391/391 - 23s - loss: 0.2002 - accuracy: 0.9429 - val_loss: 0.4352 - val_accuracy: 0.8955
Epoch 150/350


Snapshot weight 4 shuffle 7 at epoch 150
Layer 11
Getting activations...


391/391 - 23s - loss: 0.2015 - accuracy: 0.9441 - val_loss: 0.4523 - val_accuracy: 0.8921
Epoch 151/350
391/391 - 23s - loss: 0.1992 - accuracy: 0.9445 - val_loss: 0.4249 - val_accuracy: 0.8940
Epoch 152/350
391/391 - 23s - loss: 0.1955 - accuracy: 0.9474 - val_loss: 0.4753 - val_accuracy: 0.8857
Epoch 153/350
391/391 - 23s - loss: 0.1931 - accuracy: 0.9470 - val_loss: 0.4321 - val_accuracy: 0.8971
Epoch 154/350
391/391 - 24s - loss: 0.1922 - accuracy: 0.9469 - val_loss: 0.4090 - val_accuracy: 0.9015
Epoch 155/350
391/391 - 23s - loss: 0.1936 - accuracy: 0.9466 - val_loss: 0.4402 - val_accuracy: 0.8987
Epoch 156/350
391/391 - 23s - loss: 0.1922 - accuracy: 0.9457 - val_loss: 0.4633 - val_accuracy: 0.8901
Epoch 157/350
391/391 - 23s - loss: 0.1887 - accuracy: 0.9468 - val_loss: 0.4362 - val_accuracy: 0.8944
Epoch 158/350
391/391 - 23s - loss: 0.1888 - accuracy: 0.9485 - val_loss: 0.4163 - val_accuracy: 0.8968
Epoch 159/350
391/391 - 23s - loss: 0.1872 - accuracy: 0.9493 - val_loss: 0.4361 - val_accuracy: 0.8966
Epoch 160/350
391/391 - 23s - loss: 0.1899 - accuracy: 0.9470 - val_loss: 0.4365 - val_accuracy: 0.8967
Epoch 161/350
391/391 - 23s - loss: 0.1926 - accuracy: 0.9478 - val_loss: 0.4605 - val_accuracy: 0.8912
Epoch 162/350
391/391 - 23s - loss: 0.1922 - accuracy: 0.9465 - val_loss: 0.4641 - val_accuracy: 0.8938
Epoch 163/350
391/391 - 23s - loss: 0.1814 - accuracy: 0.9507 - val_loss: 0.4663 - val_accuracy: 0.8922
Epoch 164/350
391/391 - 23s - loss: 0.1870 - accuracy: 0.9487 - val_loss: 0.4707 - val_accuracy: 0.8927
Epoch 165/350
391/391 - 23s - loss: 0.1889 - accuracy: 0.9487 - val_loss: 0.4370 - val_accuracy: 0.8981
Epoch 166/350
391/391 - 24s - loss: 0.1853 - accuracy: 0.9494 - val_loss: 0.4516 - val_accuracy: 0.8947
Epoch 167/350
391/391 - 23s - loss: 0.1859 - accuracy: 0.9493 - val_loss: 0.4639 - val_accuracy: 0.8986
Epoch 168/350
391/391 - 23s - loss: 0.1849 - accuracy: 0.9497 - val_loss: 0.4456 - val_accuracy: 0.8946
Epoch 169/350
391/391 - 23s - loss: 0.1836 - accuracy: 0.9501 - val_loss: 0.4498 - val_accuracy: 0.8931
Epoch 170/350
391/391 - 23s - loss: 0.1811 - accuracy: 0.9527 - val_loss: 0.4741 - val_accuracy: 0.8970
Epoch 171/350
391/391 - 23s - loss: 0.1828 - accuracy: 0.9517 - val_loss: 0.4826 - val_accuracy: 0.8897
Epoch 172/350
391/391 - 23s - loss: 0.1791 - accuracy: 0.9525 - val_loss: 0.4489 - val_accuracy: 0.8922
Epoch 173/350
391/391 - 23s - loss: 0.1825 - accuracy: 0.9509 - val_loss: 0.4411 - val_accuracy: 0.8973
Epoch 174/350
391/391 - 23s - loss: 0.1760 - accuracy: 0.9533 - val_loss: 0.4654 - val_accuracy: 0.8961
Epoch 175/350
391/391 - 23s - loss: 0.1781 - accuracy: 0.9537 - val_loss: 0.4600 - val_accuracy: 0.8924
Epoch 176/350
391/391 - 23s - loss: 0.1771 - accuracy: 0.9529 - val_loss: 0.4544 - val_accuracy: 0.8929
Epoch 177/350
391/391 - 23s - loss: 0.1811 - accuracy: 0.9523 - val_loss: 0.4708 - val_accuracy: 0.8942
Epoch 178/350
391/391 - 23s - loss: 0.1762 - accuracy: 0.9531 - val_loss: 0.4588 - val_accuracy: 0.8969
Epoch 179/350
391/391 - 23s - loss: 0.1739 - accuracy: 0.9540 - val_loss: 0.4547 - val_accuracy: 0.8941
Epoch 180/350
391/391 - 23s - loss: 0.1792 - accuracy: 0.9522 - val_loss: 0.4357 - val_accuracy: 0.8979
Epoch 181/350
391/391 - 23s - loss: 0.1797 - accuracy: 0.9527 - val_loss: 0.4562 - val_accuracy: 0.8966
Epoch 182/350
391/391 - 23s - loss: 0.1703 - accuracy: 0.9558 - val_loss: 0.4467 - val_accuracy: 0.9013
Epoch 183/350
391/391 - 23s - loss: 0.1715 - accuracy: 0.9555 - val_loss: 0.4467 - val_accuracy: 0.8979
Epoch 184/350
391/391 - 23s - loss: 0.1753 - accuracy: 0.9530 - val_loss: 0.4733 - val_accuracy: 0.8954
Epoch 185/350
391/391 - 23s - loss: 0.1726 - accuracy: 0.9544 - val_loss: 0.4553 - val_accuracy: 0.8988
Epoch 186/350
391/391 - 23s - loss: 0.1710 - accuracy: 0.9554 - val_loss: 0.4528 - val_accuracy: 0.8988
Epoch 187/350
391/391 - 23s - loss: 0.1754 - accuracy: 0.9531 - val_loss: 0.5395 - val_accuracy: 0.8812
Epoch 188/350
391/391 - 23s - loss: 0.1710 - accuracy: 0.9561 - val_loss: 0.4493 - val_accuracy: 0.8978
Epoch 189/350
391/391 - 23s - loss: 0.1719 - accuracy: 0.9561 - val_loss: 0.4511 - val_accuracy: 0.8988
Epoch 190/350
391/391 - 23s - loss: 0.1717 - accuracy: 0.9547 - val_loss: 0.4933 - val_accuracy: 0.8931
Epoch 191/350
391/391 - 23s - loss: 0.1709 - accuracy: 0.9548 - val_loss: 0.4595 - val_accuracy: 0.8981
Epoch 192/350
391/391 - 23s - loss: 0.1675 - accuracy: 0.9565 - val_loss: 0.4777 - val_accuracy: 0.8969
Epoch 193/350
391/391 - 23s - loss: 0.1705 - accuracy: 0.9559 - val_loss: 0.5122 - val_accuracy: 0.8932
Epoch 194/350
391/391 - 23s - loss: 0.1719 - accuracy: 0.9549 - val_loss: 0.4526 - val_accuracy: 0.8989
Epoch 195/350
391/391 - 23s - loss: 0.1649 - accuracy: 0.9579 - val_loss: 0.4498 - val_accuracy: 0.9022
Epoch 196/350
391/391 - 23s - loss: 0.1665 - accuracy: 0.9569 - val_loss: 0.4693 - val_accuracy: 0.9006
Epoch 197/350
391/391 - 23s - loss: 0.1691 - accuracy: 0.9566 - val_loss: 0.4481 - val_accuracy: 0.8991
Epoch 198/350
391/391 - 23s - loss: 0.1626 - accuracy: 0.9592 - val_loss: 0.5037 - val_accuracy: 0.8911
Epoch 199/350
391/391 - 23s - loss: 0.1659 - accuracy: 0.9565 - val_loss: 0.4583 - val_accuracy: 0.9005
Epoch 200/350


Snapshot weight 4 shuffle 7 at epoch 200
Layer 11
Getting activations...


391/391 - 23s - loss: 0.1667 - accuracy: 0.9579 - val_loss: 0.4359 - val_accuracy: 0.9059
Epoch 201/350
391/391 - 23s - loss: 0.1396 - accuracy: 0.9666 - val_loss: 0.4365 - val_accuracy: 0.9085
Epoch 202/350
391/391 - 23s - loss: 0.1257 - accuracy: 0.9718 - val_loss: 0.4498 - val_accuracy: 0.9093
Epoch 203/350
391/391 - 23s - loss: 0.1226 - accuracy: 0.9731 - val_loss: 0.4518 - val_accuracy: 0.9078
Epoch 204/350
391/391 - 23s - loss: 0.1253 - accuracy: 0.9721 - val_loss: 0.4456 - val_accuracy: 0.9090
Epoch 205/350
391/391 - 23s - loss: 0.1199 - accuracy: 0.9737 - val_loss: 0.4548 - val_accuracy: 0.9086
Epoch 206/350
391/391 - 23s - loss: 0.1192 - accuracy: 0.9743 - val_loss: 0.4602 - val_accuracy: 0.9098
Epoch 207/350
391/391 - 23s - loss: 0.1198 - accuracy: 0.9738 - val_loss: 0.4688 - val_accuracy: 0.9074
Epoch 208/350
391/391 - 23s - loss: 0.1150 - accuracy: 0.9751 - val_loss: 0.4684 - val_accuracy: 0.9066
Epoch 209/350
391/391 - 23s - loss: 0.1156 - accuracy: 0.9759 - val_loss: 0.4696 - val_accuracy: 0.9063
Epoch 210/350
391/391 - 23s - loss: 0.1178 - accuracy: 0.9748 - val_loss: 0.4724 - val_accuracy: 0.9069
Epoch 211/350
391/391 - 23s - loss: 0.1145 - accuracy: 0.9754 - val_loss: 0.4791 - val_accuracy: 0.9080
Epoch 212/350
391/391 - 23s - loss: 0.1144 - accuracy: 0.9755 - val_loss: 0.4713 - val_accuracy: 0.9080
Epoch 213/350
391/391 - 23s - loss: 0.1116 - accuracy: 0.9768 - val_loss: 0.4779 - val_accuracy: 0.9078
Epoch 214/350
391/391 - 23s - loss: 0.1110 - accuracy: 0.9774 - val_loss: 0.4721 - val_accuracy: 0.9101
Epoch 215/350
391/391 - 23s - loss: 0.1118 - accuracy: 0.9770 - val_loss: 0.4780 - val_accuracy: 0.9085
Epoch 216/350
391/391 - 23s - loss: 0.1107 - accuracy: 0.9766 - val_loss: 0.4736 - val_accuracy: 0.9089
Epoch 217/350
391/391 - 23s - loss: 0.1129 - accuracy: 0.9760 - val_loss: 0.4704 - val_accuracy: 0.9102
Epoch 218/350
391/391 - 23s - loss: 0.1128 - accuracy: 0.9762 - val_loss: 0.4696 - val_accuracy: 0.9074
Epoch 219/350
391/391 - 23s - loss: 0.1125 - accuracy: 0.9770 - val_loss: 0.4721 - val_accuracy: 0.9090
Epoch 220/350
391/391 - 23s - loss: 0.1085 - accuracy: 0.9774 - val_loss: 0.4762 - val_accuracy: 0.9081
Epoch 221/350
391/391 - 23s - loss: 0.1116 - accuracy: 0.9767 - val_loss: 0.4805 - val_accuracy: 0.9077
Epoch 222/350
391/391 - 23s - loss: 0.1102 - accuracy: 0.9770 - val_loss: 0.4793 - val_accuracy: 0.9084
Epoch 223/350
391/391 - 23s - loss: 0.1108 - accuracy: 0.9776 - val_loss: 0.4791 - val_accuracy: 0.9088
Epoch 224/350
391/391 - 23s - loss: 0.1091 - accuracy: 0.9779 - val_loss: 0.4794 - val_accuracy: 0.9100
Epoch 225/350
391/391 - 23s - loss: 0.1072 - accuracy: 0.9786 - val_loss: 0.4873 - val_accuracy: 0.9088
Epoch 226/350
391/391 - 23s - loss: 0.1056 - accuracy: 0.9791 - val_loss: 0.4957 - val_accuracy: 0.9073
Epoch 227/350
391/391 - 23s - loss: 0.1109 - accuracy: 0.9772 - val_loss: 0.4875 - val_accuracy: 0.9095
Epoch 228/350
391/391 - 23s - loss: 0.1075 - accuracy: 0.9778 - val_loss: 0.4881 - val_accuracy: 0.9072
Epoch 229/350
391/391 - 23s - loss: 0.1074 - accuracy: 0.9779 - val_loss: 0.5045 - val_accuracy: 0.9086
Epoch 230/350
391/391 - 24s - loss: 0.1114 - accuracy: 0.9760 - val_loss: 0.4812 - val_accuracy: 0.9091
Epoch 231/350
391/391 - 23s - loss: 0.1091 - accuracy: 0.9776 - val_loss: 0.4860 - val_accuracy: 0.9073
Epoch 232/350
391/391 - 23s - loss: 0.1062 - accuracy: 0.9780 - val_loss: 0.4901 - val_accuracy: 0.9094
Epoch 233/350
391/391 - 24s - loss: 0.1045 - accuracy: 0.9788 - val_loss: 0.4940 - val_accuracy: 0.9088
Epoch 234/350
391/391 - 23s - loss: 0.1056 - accuracy: 0.9791 - val_loss: 0.4981 - val_accuracy: 0.9090
Epoch 235/350
391/391 - 23s - loss: 0.1069 - accuracy: 0.9782 - val_loss: 0.4974 - val_accuracy: 0.9085
Epoch 236/350
391/391 - 23s - loss: 0.1056 - accuracy: 0.9796 - val_loss: 0.4899 - val_accuracy: 0.9084
Epoch 237/350
391/391 - 23s - loss: 0.1113 - accuracy: 0.9770 - val_loss: 0.4831 - val_accuracy: 0.9069
Epoch 238/350
391/391 - 23s - loss: 0.1070 - accuracy: 0.9788 - val_loss: 0.4819 - val_accuracy: 0.9108
Epoch 239/350
391/391 - 23s - loss: 0.1043 - accuracy: 0.9790 - val_loss: 0.4871 - val_accuracy: 0.9090
Epoch 240/350
391/391 - 23s - loss: 0.1039 - accuracy: 0.9798 - val_loss: 0.4977 - val_accuracy: 0.9111
Epoch 241/350
391/391 - 23s - loss: 0.1056 - accuracy: 0.9795 - val_loss: 0.4873 - val_accuracy: 0.9078
Epoch 242/350
391/391 - 23s - loss: 0.1064 - accuracy: 0.9796 - val_loss: 0.4977 - val_accuracy: 0.9078
Epoch 243/350
391/391 - 23s - loss: 0.1066 - accuracy: 0.9787 - val_loss: 0.4876 - val_accuracy: 0.9095
Epoch 244/350
391/391 - 23s - loss: 0.1051 - accuracy: 0.9787 - val_loss: 0.4999 - val_accuracy: 0.9083
Epoch 245/350
391/391 - 23s - loss: 0.1056 - accuracy: 0.9788 - val_loss: 0.4990 - val_accuracy: 0.9096
Epoch 246/350
391/391 - 23s - loss: 0.1046 - accuracy: 0.9796 - val_loss: 0.4990 - val_accuracy: 0.9068
Epoch 247/350
391/391 - 23s - loss: 0.1057 - accuracy: 0.9789 - val_loss: 0.5045 - val_accuracy: 0.9078
Epoch 248/350
391/391 - 23s - loss: 0.1052 - accuracy: 0.9792 - val_loss: 0.5049 - val_accuracy: 0.9086
Epoch 249/350
391/391 - 23s - loss: 0.1054 - accuracy: 0.9789 - val_loss: 0.4951 - val_accuracy: 0.9090
Epoch 250/350


Snapshot weight 4 shuffle 7 at epoch 250
Layer 11
Getting activations...


391/391 - 23s - loss: 0.1040 - accuracy: 0.9797 - val_loss: 0.4940 - val_accuracy: 0.9070
Epoch 251/350
391/391 - 23s - loss: 0.1021 - accuracy: 0.9808 - val_loss: 0.4888 - val_accuracy: 0.9101
Epoch 252/350
391/391 - 23s - loss: 0.1038 - accuracy: 0.9794 - val_loss: 0.4880 - val_accuracy: 0.9098
Epoch 253/350
391/391 - 23s - loss: 0.1021 - accuracy: 0.9807 - val_loss: 0.4899 - val_accuracy: 0.9104
Epoch 254/350
391/391 - 23s - loss: 0.1013 - accuracy: 0.9802 - val_loss: 0.4907 - val_accuracy: 0.9104
Epoch 255/350
391/391 - 23s - loss: 0.1011 - accuracy: 0.9806 - val_loss: 0.4913 - val_accuracy: 0.9102
Epoch 256/350
391/391 - 23s - loss: 0.1017 - accuracy: 0.9807 - val_loss: 0.4920 - val_accuracy: 0.9093
Epoch 257/350
391/391 - 23s - loss: 0.1014 - accuracy: 0.9809 - val_loss: 0.4925 - val_accuracy: 0.9096
Epoch 258/350
391/391 - 23s - loss: 0.1004 - accuracy: 0.9810 - val_loss: 0.4928 - val_accuracy: 0.9096
Epoch 259/350
391/391 - 24s - loss: 0.0998 - accuracy: 0.9807 - val_loss: 0.4937 - val_accuracy: 0.9101
Epoch 260/350
391/391 - 23s - loss: 0.0986 - accuracy: 0.9814 - val_loss: 0.4941 - val_accuracy: 0.9105
Epoch 261/350
391/391 - 23s - loss: 0.1018 - accuracy: 0.9801 - val_loss: 0.4944 - val_accuracy: 0.9100
Epoch 262/350
391/391 - 23s - loss: 0.1014 - accuracy: 0.9803 - val_loss: 0.4934 - val_accuracy: 0.9106
Epoch 263/350
391/391 - 23s - loss: 0.0989 - accuracy: 0.9810 - val_loss: 0.4931 - val_accuracy: 0.9117
Epoch 264/350
391/391 - 23s - loss: 0.1006 - accuracy: 0.9804 - val_loss: 0.4943 - val_accuracy: 0.9103
Epoch 265/350
391/391 - 23s - loss: 0.0991 - accuracy: 0.9815 - val_loss: 0.4962 - val_accuracy: 0.9102
Epoch 266/350
391/391 - 23s - loss: 0.1034 - accuracy: 0.9793 - val_loss: 0.4962 - val_accuracy: 0.9102
Epoch 267/350
391/391 - 23s - loss: 0.1039 - accuracy: 0.9798 - val_loss: 0.4922 - val_accuracy: 0.9100
Epoch 268/350
391/391 - 23s - loss: 0.0994 - accuracy: 0.9805 - val_loss: 0.4926 - val_accuracy: 0.9106
Epoch 269/350
391/391 - 23s - loss: 0.1024 - accuracy: 0.9803 - val_loss: 0.4913 - val_accuracy: 0.9109
Epoch 270/350
391/391 - 23s - loss: 0.1001 - accuracy: 0.9803 - val_loss: 0.4943 - val_accuracy: 0.9100
Epoch 271/350
391/391 - 23s - loss: 0.0997 - accuracy: 0.9809 - val_loss: 0.4957 - val_accuracy: 0.9103
Epoch 272/350
391/391 - 23s - loss: 0.1000 - accuracy: 0.9803 - val_loss: 0.4959 - val_accuracy: 0.9107
Epoch 273/350
391/391 - 23s - loss: 0.1002 - accuracy: 0.9811 - val_loss: 0.4938 - val_accuracy: 0.9111
Epoch 274/350
391/391 - 23s - loss: 0.0988 - accuracy: 0.9812 - val_loss: 0.4935 - val_accuracy: 0.9102
Epoch 275/350
391/391 - 23s - loss: 0.0999 - accuracy: 0.9813 - val_loss: 0.4949 - val_accuracy: 0.9098
Epoch 276/350
391/391 - 23s - loss: 0.1019 - accuracy: 0.9798 - val_loss: 0.4944 - val_accuracy: 0.9102
Epoch 277/350
391/391 - 23s - loss: 0.1021 - accuracy: 0.9803 - val_loss: 0.4931 - val_accuracy: 0.9100
Epoch 278/350
391/391 - 23s - loss: 0.0997 - accuracy: 0.9813 - val_loss: 0.4955 - val_accuracy: 0.9098
Epoch 279/350
391/391 - 23s - loss: 0.1012 - accuracy: 0.9807 - val_loss: 0.4974 - val_accuracy: 0.9094
Epoch 280/350
391/391 - 23s - loss: 0.0995 - accuracy: 0.9811 - val_loss: 0.4958 - val_accuracy: 0.9091
Epoch 281/350
391/391 - 23s - loss: 0.0997 - accuracy: 0.9813 - val_loss: 0.4928 - val_accuracy: 0.9104
Epoch 282/350
391/391 - 23s - loss: 0.1008 - accuracy: 0.9813 - val_loss: 0.4953 - val_accuracy: 0.9096
Epoch 283/350
391/391 - 23s - loss: 0.1004 - accuracy: 0.9806 - val_loss: 0.4962 - val_accuracy: 0.9102
Epoch 284/350
391/391 - 23s - loss: 0.1008 - accuracy: 0.9805 - val_loss: 0.4984 - val_accuracy: 0.9104
Epoch 285/350
391/391 - 23s - loss: 0.0997 - accuracy: 0.9808 - val_loss: 0.4982 - val_accuracy: 0.9090
Epoch 286/350
391/391 - 23s - loss: 0.1001 - accuracy: 0.9814 - val_loss: 0.4985 - val_accuracy: 0.9096
Epoch 287/350
391/391 - 23s - loss: 0.0999 - accuracy: 0.9808 - val_loss: 0.5018 - val_accuracy: 0.9102
Epoch 288/350
391/391 - 23s - loss: 0.0985 - accuracy: 0.9808 - val_loss: 0.5010 - val_accuracy: 0.9086
Epoch 289/350
391/391 - 23s - loss: 0.0993 - accuracy: 0.9811 - val_loss: 0.4996 - val_accuracy: 0.9095
Epoch 290/350
391/391 - 23s - loss: 0.1000 - accuracy: 0.9805 - val_loss: 0.5004 - val_accuracy: 0.9092
Epoch 291/350
391/391 - 23s - loss: 0.1004 - accuracy: 0.9805 - val_loss: 0.4979 - val_accuracy: 0.9101
Epoch 292/350
391/391 - 23s - loss: 0.0975 - accuracy: 0.9812 - val_loss: 0.5005 - val_accuracy: 0.9102
Epoch 293/350
391/391 - 23s - loss: 0.1002 - accuracy: 0.9807 - val_loss: 0.4950 - val_accuracy: 0.9094
Epoch 294/350
391/391 - 23s - loss: 0.0991 - accuracy: 0.9808 - val_loss: 0.4982 - val_accuracy: 0.9090
Epoch 295/350
391/391 - 23s - loss: 0.0986 - accuracy: 0.9816 - val_loss: 0.4994 - val_accuracy: 0.9093
Epoch 296/350
391/391 - 23s - loss: 0.0979 - accuracy: 0.9817 - val_loss: 0.5002 - val_accuracy: 0.9086
Epoch 297/350
391/391 - 23s - loss: 0.0990 - accuracy: 0.9816 - val_loss: 0.4974 - val_accuracy: 0.9090
Epoch 298/350
391/391 - 23s - loss: 0.0967 - accuracy: 0.9826 - val_loss: 0.5006 - val_accuracy: 0.9099
Epoch 299/350
391/391 - 23s - loss: 0.1006 - accuracy: 0.9810 - val_loss: 0.4986 - val_accuracy: 0.9097
Epoch 300/350


Snapshot weight 4 shuffle 7 at epoch 300
Layer 11
Getting activations...


391/391 - 23s - loss: 0.0990 - accuracy: 0.9816 - val_loss: 0.4993 - val_accuracy: 0.9098
Epoch 301/350
391/391 - 23s - loss: 0.0971 - accuracy: 0.9822 - val_loss: 0.4992 - val_accuracy: 0.9099
Epoch 302/350
391/391 - 23s - loss: 0.1001 - accuracy: 0.9810 - val_loss: 0.4989 - val_accuracy: 0.9100
Epoch 303/350
391/391 - 23s - loss: 0.0988 - accuracy: 0.9814 - val_loss: 0.4995 - val_accuracy: 0.9102
Epoch 304/350
391/391 - 23s - loss: 0.0984 - accuracy: 0.9817 - val_loss: 0.4998 - val_accuracy: 0.9097
Epoch 305/350
391/391 - 23s - loss: 0.0983 - accuracy: 0.9809 - val_loss: 0.4998 - val_accuracy: 0.9097
Epoch 306/350
391/391 - 23s - loss: 0.0987 - accuracy: 0.9815 - val_loss: 0.4999 - val_accuracy: 0.9097
Epoch 307/350
391/391 - 23s - loss: 0.0985 - accuracy: 0.9812 - val_loss: 0.4996 - val_accuracy: 0.9098
Epoch 308/350
391/391 - 24s - loss: 0.0978 - accuracy: 0.9811 - val_loss: 0.4994 - val_accuracy: 0.9095
Epoch 309/350
391/391 - 23s - loss: 0.0978 - accuracy: 0.9817 - val_loss: 0.4995 - val_accuracy: 0.9096
Epoch 310/350
391/391 - 23s - loss: 0.0997 - accuracy: 0.9809 - val_loss: 0.4992 - val_accuracy: 0.9098
Epoch 311/350
391/391 - 23s - loss: 0.0968 - accuracy: 0.9814 - val_loss: 0.4992 - val_accuracy: 0.9097
Epoch 312/350
391/391 - 23s - loss: 0.0996 - accuracy: 0.9817 - val_loss: 0.4993 - val_accuracy: 0.9097
Epoch 313/350
391/391 - 23s - loss: 0.1002 - accuracy: 0.9808 - val_loss: 0.4992 - val_accuracy: 0.9097
Epoch 314/350
391/391 - 23s - loss: 0.0987 - accuracy: 0.9814 - val_loss: 0.4994 - val_accuracy: 0.9096
Epoch 315/350
391/391 - 23s - loss: 0.1032 - accuracy: 0.9798 - val_loss: 0.4990 - val_accuracy: 0.9097
Epoch 316/350
391/391 - 23s - loss: 0.0964 - accuracy: 0.9815 - val_loss: 0.4992 - val_accuracy: 0.9102
Epoch 317/350
391/391 - 23s - loss: 0.1007 - accuracy: 0.9812 - val_loss: 0.4991 - val_accuracy: 0.9098
Epoch 318/350
391/391 - 23s - loss: 0.0996 - accuracy: 0.9815 - val_loss: 0.4993 - val_accuracy: 0.9100
Epoch 319/350
391/391 - 23s - loss: 0.0997 - accuracy: 0.9818 - val_loss: 0.4994 - val_accuracy: 0.9102
Epoch 320/350
391/391 - 23s - loss: 0.0988 - accuracy: 0.9811 - val_loss: 0.4996 - val_accuracy: 0.9101
Epoch 321/350
391/391 - 23s - loss: 0.0977 - accuracy: 0.9822 - val_loss: 0.4995 - val_accuracy: 0.9099
Epoch 322/350
391/391 - 23s - loss: 0.1008 - accuracy: 0.9802 - val_loss: 0.4996 - val_accuracy: 0.9099
Epoch 323/350
391/391 - 23s - loss: 0.0975 - accuracy: 0.9814 - val_loss: 0.4996 - val_accuracy: 0.9100
Epoch 324/350
391/391 - 23s - loss: 0.0977 - accuracy: 0.9817 - val_loss: 0.4997 - val_accuracy: 0.9098
Epoch 325/350
391/391 - 23s - loss: 0.0989 - accuracy: 0.9810 - val_loss: 0.4996 - val_accuracy: 0.9099
Epoch 326/350
391/391 - 23s - loss: 0.0988 - accuracy: 0.9812 - val_loss: 0.4995 - val_accuracy: 0.9099
Epoch 327/350
391/391 - 23s - loss: 0.1008 - accuracy: 0.9805 - val_loss: 0.4992 - val_accuracy: 0.9098
Epoch 328/350
391/391 - 23s - loss: 0.1000 - accuracy: 0.9806 - val_loss: 0.4996 - val_accuracy: 0.9097
Epoch 329/350
391/391 - 23s - loss: 0.1004 - accuracy: 0.9809 - val_loss: 0.4995 - val_accuracy: 0.9096
Epoch 330/350
391/391 - 23s - loss: 0.1009 - accuracy: 0.9804 - val_loss: 0.4996 - val_accuracy: 0.9096
Epoch 331/350
391/391 - 23s - loss: 0.0988 - accuracy: 0.9821 - val_loss: 0.4996 - val_accuracy: 0.9097
Epoch 332/350
391/391 - 23s - loss: 0.1014 - accuracy: 0.9799 - val_loss: 0.4994 - val_accuracy: 0.9095
Epoch 333/350
391/391 - 23s - loss: 0.0975 - accuracy: 0.9816 - val_loss: 0.4996 - val_accuracy: 0.9097
Epoch 334/350
391/391 - 23s - loss: 0.0985 - accuracy: 0.9816 - val_loss: 0.4995 - val_accuracy: 0.9098
Epoch 335/350
391/391 - 23s - loss: 0.1001 - accuracy: 0.9800 - val_loss: 0.4994 - val_accuracy: 0.9098
Epoch 336/350
391/391 - 23s - loss: 0.1002 - accuracy: 0.9808 - val_loss: 0.4993 - val_accuracy: 0.9096
Epoch 337/350
391/391 - 23s - loss: 0.1013 - accuracy: 0.9805 - val_loss: 0.4987 - val_accuracy: 0.9098
Epoch 338/350
391/391 - 23s - loss: 0.1003 - accuracy: 0.9809 - val_loss: 0.4988 - val_accuracy: 0.9097
Epoch 339/350
391/391 - 23s - loss: 0.1001 - accuracy: 0.9814 - val_loss: 0.4986 - val_accuracy: 0.9098
Epoch 340/350
391/391 - 23s - loss: 0.0995 - accuracy: 0.9811 - val_loss: 0.4992 - val_accuracy: 0.9100
Epoch 341/350
391/391 - 23s - loss: 0.1018 - accuracy: 0.9805 - val_loss: 0.4992 - val_accuracy: 0.9101
Epoch 342/350
391/391 - 23s - loss: 0.0986 - accuracy: 0.9814 - val_loss: 0.4994 - val_accuracy: 0.9100
Epoch 343/350
391/391 - 23s - loss: 0.0982 - accuracy: 0.9817 - val_loss: 0.4994 - val_accuracy: 0.9099
Epoch 344/350
391/391 - 23s - loss: 0.1003 - accuracy: 0.9807 - val_loss: 0.4993 - val_accuracy: 0.9098
Epoch 345/350
391/391 - 24s - loss: 0.0981 - accuracy: 0.9814 - val_loss: 0.4995 - val_accuracy: 0.9098
Epoch 346/350
391/391 - 23s - loss: 0.0987 - accuracy: 0.9808 - val_loss: 0.4994 - val_accuracy: 0.9098
Epoch 347/350
391/391 - 23s - loss: 0.0991 - accuracy: 0.9808 - val_loss: 0.4995 - val_accuracy: 0.9098
Epoch 348/350
391/391 - 23s - loss: 0.1010 - accuracy: 0.9805 - val_loss: 0.4999 - val_accuracy: 0.9093
Epoch 349/350
391/391 - 23s - loss: 0.0980 - accuracy: 0.9814 - val_loss: 0.5000 - val_accuracy: 0.9095
Epoch 350/350


Snapshot weight 4 shuffle 7 at epoch 350
Layer 11
Getting activations...


391/391 - 23s - loss: 0.0993 - accuracy: 0.9814 - val_loss: 0.4998 - val_accuracy: 0.9096
/usr/local/lib/python3.6/dist-packages/tensorflow/python/autograph/impl/api.py:493: UserWarning: fill_value is not supported and is always 0 for TensorFlow < 2.4.0.
  return py_builtins.overload_of(f)(*args)
WARNING:tensorflow:From /usr/local/lib/python3.6/dist-packages/tensorflow/python/training/tracking/tracking.py:111: Model.state_updates (from tensorflow.python.keras.engine.training) is deprecated and will be removed in a future version.
Instructions for updating:
This property should not be used in TensorFlow 2.0, as updates are applied automatically.
2021-07-02 16:41:55.387021: W tensorflow/python/util/util.cc:348] Sets are not currently considered sequences, but this may change in the future, so consider avoiding using them.
WARNING:tensorflow:From /usr/local/lib/python3.6/dist-packages/tensorflow/python/training/tracking/tracking.py:111: Layer.updates (from tensorflow.python.keras.engine.base_layer) is deprecated and will be removed in a future version.
Instructions for updating:
This property should not be used in TensorFlow 2.0, as updates are applied automatically.
Saving, final validation acc: 0.909600019454956
