2021-07-02 19:01:59.683734: I tensorflow/stream_executor/platform/default/dso_loader.cc:48] Successfully opened dynamic library libcudart.so.10.1
2021-07-02 19:03:19.229233: I tensorflow/stream_executor/platform/default/dso_loader.cc:48] Successfully opened dynamic library libcuda.so.1
2021-07-02 19:03:19.253738: I tensorflow/core/common_runtime/gpu/gpu_device.cc:1716] Found device 0 with properties: 
pciBusID: 0000:83:00.0 name: NVIDIA TITAN Xp computeCapability: 6.1
coreClock: 1.582GHz coreCount: 30 deviceMemorySize: 11.91GiB deviceMemoryBandwidth: 510.07GiB/s
2021-07-02 19:03:19.253812: I tensorflow/stream_executor/platform/default/dso_loader.cc:48] Successfully opened dynamic library libcudart.so.10.1
2021-07-02 19:03:19.296378: I tensorflow/stream_executor/platform/default/dso_loader.cc:48] Successfully opened dynamic library libcublas.so.10
2021-07-02 19:03:19.317940: I tensorflow/stream_executor/platform/default/dso_loader.cc:48] Successfully opened dynamic library libcufft.so.10
2021-07-02 19:03:19.326566: I tensorflow/stream_executor/platform/default/dso_loader.cc:48] Successfully opened dynamic library libcurand.so.10
2021-07-02 19:03:19.370957: I tensorflow/stream_executor/platform/default/dso_loader.cc:48] Successfully opened dynamic library libcusolver.so.10
2021-07-02 19:03:19.379540: I tensorflow/stream_executor/platform/default/dso_loader.cc:48] Successfully opened dynamic library libcusparse.so.10
2021-07-02 19:03:19.458940: I tensorflow/stream_executor/platform/default/dso_loader.cc:48] Successfully opened dynamic library libcudnn.so.7
2021-07-02 19:03:19.461391: I tensorflow/core/common_runtime/gpu/gpu_device.cc:1858] Adding visible gpu devices: 0
2021-07-02 19:03:19.465178: I tensorflow/core/platform/cpu_feature_guard.cc:142] This TensorFlow binary is optimized with oneAPI Deep Neural Network Library (oneDNN)to use the following CPU instructions in performance-critical operations:  AVX2 FMA
To enable them in other operations, rebuild TensorFlow with the appropriate compiler flags.
2021-07-02 19:03:19.481330: I tensorflow/core/platform/profile_utils/cpu_utils.cc:104] CPU Frequency: 2600090000 Hz
2021-07-02 19:03:19.481500: I tensorflow/compiler/xla/service/service.cc:168] XLA service 0x4246b00 initialized for platform Host (this does not guarantee that XLA will be used). Devices:
2021-07-02 19:03:19.481519: I tensorflow/compiler/xla/service/service.cc:176]   StreamExecutor device (0): Host, Default Version
2021-07-02 19:03:19.626552: I tensorflow/compiler/xla/service/service.cc:168] XLA service 0x423f690 initialized for platform CUDA (this does not guarantee that XLA will be used). Devices:
2021-07-02 19:03:19.626632: I tensorflow/compiler/xla/service/service.cc:176]   StreamExecutor device (0): NVIDIA TITAN Xp, Compute Capability 6.1
2021-07-02 19:03:19.629215: I tensorflow/core/common_runtime/gpu/gpu_device.cc:1716] Found device 0 with properties: 
pciBusID: 0000:83:00.0 name: NVIDIA TITAN Xp computeCapability: 6.1
coreClock: 1.582GHz coreCount: 30 deviceMemorySize: 11.91GiB deviceMemoryBandwidth: 510.07GiB/s
2021-07-02 19:03:19.629279: I tensorflow/stream_executor/platform/default/dso_loader.cc:48] Successfully opened dynamic library libcudart.so.10.1
2021-07-02 19:03:19.629311: I tensorflow/stream_executor/platform/default/dso_loader.cc:48] Successfully opened dynamic library libcublas.so.10
2021-07-02 19:03:19.629342: I tensorflow/stream_executor/platform/default/dso_loader.cc:48] Successfully opened dynamic library libcufft.so.10
2021-07-02 19:03:19.629359: I tensorflow/stream_executor/platform/default/dso_loader.cc:48] Successfully opened dynamic library libcurand.so.10
2021-07-02 19:03:19.629375: I tensorflow/stream_executor/platform/default/dso_loader.cc:48] Successfully opened dynamic library libcusolver.so.10
2021-07-02 19:03:19.629390: I tensorflow/stream_executor/platform/default/dso_loader.cc:48] Successfully opened dynamic library libcusparse.so.10
2021-07-02 19:03:19.629407: I tensorflow/stream_executor/platform/default/dso_loader.cc:48] Successfully opened dynamic library libcudnn.so.7
2021-07-02 19:03:19.632012: I tensorflow/core/common_runtime/gpu/gpu_device.cc:1858] Adding visible gpu devices: 0
2021-07-02 19:03:19.633814: I tensorflow/stream_executor/platform/default/dso_loader.cc:48] Successfully opened dynamic library libcudart.so.10.1
2021-07-02 19:03:21.676785: I tensorflow/core/common_runtime/gpu/gpu_device.cc:1257] Device interconnect StreamExecutor with strength 1 edge matrix:
2021-07-02 19:03:21.676867: I tensorflow/core/common_runtime/gpu/gpu_device.cc:1263]      0 
2021-07-02 19:03:21.676880: I tensorflow/core/common_runtime/gpu/gpu_device.cc:1276] 0:   N 
2021-07-02 19:03:21.684081: I tensorflow/core/common_runtime/gpu/gpu_device.cc:1402] Created TensorFlow device (/job:localhost/replica:0/task:0/device:GPU:0 with 11218 MB memory) -> physical GPU (device: 0, name: NVIDIA TITAN Xp, pci bus id: 0000:83:00.0, compute capability: 6.1)
2021-07-02 19:03:27.878279: I tensorflow/stream_executor/platform/default/dso_loader.cc:48] Successfully opened dynamic library libcudnn.so.7
2021-07-02 19:03:30.463633: I tensorflow/stream_executor/platform/default/dso_loader.cc:48] Successfully opened dynamic library libcublas.so.10
Using model index: 90
Making train data...
GCN...
ZCA...
Done!
Making test data...
Done!
Epoch 1/350


Snapshot weight 0 shuffle 9 at epoch 1
Layer 11
Getting activations...


391/391 - 24s - loss: 2.3256 - accuracy: 0.1054 - val_loss: 2.3202 - val_accuracy: 0.1060
Epoch 2/350


Snapshot weight 0 shuffle 9 at epoch 2
Layer 11
Getting activations...


391/391 - 23s - loss: 2.3104 - accuracy: 0.1219 - val_loss: 2.2917 - val_accuracy: 0.1668
Epoch 3/350


Snapshot weight 0 shuffle 9 at epoch 3
Layer 11
Getting activations...


391/391 - 23s - loss: 2.2414 - accuracy: 0.1880 - val_loss: 2.1428 - val_accuracy: 0.2380
Epoch 4/350


Snapshot weight 0 shuffle 9 at epoch 4
Layer 11
Getting activations...


391/391 - 24s - loss: 2.1455 - accuracy: 0.2352 - val_loss: 2.0970 - val_accuracy: 0.2683
Epoch 5/350


Snapshot weight 0 shuffle 9 at epoch 5
Layer 11
Getting activations...


391/391 - 24s - loss: 2.0097 - accuracy: 0.2903 - val_loss: 1.8351 - val_accuracy: 0.3744
Epoch 6/350


Snapshot weight 0 shuffle 9 at epoch 6
Layer 11
Getting activations...


391/391 - 24s - loss: 1.7357 - accuracy: 0.3886 - val_loss: 1.5019 - val_accuracy: 0.4669
Epoch 7/350


Snapshot weight 0 shuffle 9 at epoch 7
Layer 11
Getting activations...


391/391 - 24s - loss: 1.4402 - accuracy: 0.4909 - val_loss: 1.4598 - val_accuracy: 0.4749
Epoch 8/350


Snapshot weight 0 shuffle 9 at epoch 8
Layer 11
Getting activations...


391/391 - 24s - loss: 1.3000 - accuracy: 0.5427 - val_loss: 1.2641 - val_accuracy: 0.5484
Epoch 9/350


Snapshot weight 0 shuffle 9 at epoch 9
Layer 11
Getting activations...


391/391 - 24s - loss: 1.2065 - accuracy: 0.5779 - val_loss: 1.1831 - val_accuracy: 0.6040
Epoch 10/350


Snapshot weight 0 shuffle 9 at epoch 10
Layer 11
Getting activations...


391/391 - 24s - loss: 1.1393 - accuracy: 0.6032 - val_loss: 1.1224 - val_accuracy: 0.6087
Epoch 11/350
391/391 - 24s - loss: 1.0778 - accuracy: 0.6270 - val_loss: 1.0035 - val_accuracy: 0.6538
Epoch 12/350
391/391 - 24s - loss: 1.0285 - accuracy: 0.6441 - val_loss: 1.0371 - val_accuracy: 0.6589
Epoch 13/350
391/391 - 24s - loss: 0.9860 - accuracy: 0.6598 - val_loss: 0.9698 - val_accuracy: 0.6781
Epoch 14/350
391/391 - 24s - loss: 0.9512 - accuracy: 0.6719 - val_loss: 1.1162 - val_accuracy: 0.6383
Epoch 15/350
391/391 - 24s - loss: 0.9107 - accuracy: 0.6871 - val_loss: 0.8817 - val_accuracy: 0.7100
Epoch 16/350
391/391 - 23s - loss: 0.8798 - accuracy: 0.6996 - val_loss: 0.9060 - val_accuracy: 0.7118
Epoch 17/350
391/391 - 24s - loss: 0.8430 - accuracy: 0.7115 - val_loss: 0.8677 - val_accuracy: 0.7165
Epoch 18/350
391/391 - 24s - loss: 0.8194 - accuracy: 0.7214 - val_loss: 0.8947 - val_accuracy: 0.7118
Epoch 19/350
391/391 - 24s - loss: 0.7843 - accuracy: 0.7342 - val_loss: 0.7540 - val_accuracy: 0.7461
Epoch 20/350
391/391 - 23s - loss: 0.7680 - accuracy: 0.7402 - val_loss: 0.7133 - val_accuracy: 0.7648
Epoch 21/350
391/391 - 23s - loss: 0.7436 - accuracy: 0.7515 - val_loss: 0.6659 - val_accuracy: 0.7740
Epoch 22/350
391/391 - 23s - loss: 0.7143 - accuracy: 0.7598 - val_loss: 0.6890 - val_accuracy: 0.7811
Epoch 23/350
391/391 - 24s - loss: 0.6915 - accuracy: 0.7686 - val_loss: 0.6785 - val_accuracy: 0.7817
Epoch 24/350
391/391 - 23s - loss: 0.6769 - accuracy: 0.7733 - val_loss: 0.6286 - val_accuracy: 0.7956
Epoch 25/350
391/391 - 24s - loss: 0.6603 - accuracy: 0.7795 - val_loss: 0.6014 - val_accuracy: 0.7991
Epoch 26/350
391/391 - 24s - loss: 0.6435 - accuracy: 0.7865 - val_loss: 0.6378 - val_accuracy: 0.7960
Epoch 27/350
391/391 - 24s - loss: 0.6302 - accuracy: 0.7914 - val_loss: 0.5800 - val_accuracy: 0.8083
Epoch 28/350
391/391 - 23s - loss: 0.6165 - accuracy: 0.7944 - val_loss: 0.6277 - val_accuracy: 0.7923
Epoch 29/350
391/391 - 24s - loss: 0.6044 - accuracy: 0.7989 - val_loss: 0.6032 - val_accuracy: 0.8006
Epoch 30/350
391/391 - 24s - loss: 0.5886 - accuracy: 0.8067 - val_loss: 0.5854 - val_accuracy: 0.8097
Epoch 31/350
391/391 - 23s - loss: 0.5729 - accuracy: 0.8095 - val_loss: 0.5431 - val_accuracy: 0.8245
Epoch 32/350
391/391 - 24s - loss: 0.5675 - accuracy: 0.8132 - val_loss: 0.5500 - val_accuracy: 0.8204
Epoch 33/350
391/391 - 23s - loss: 0.5481 - accuracy: 0.8207 - val_loss: 0.6097 - val_accuracy: 0.8067
Epoch 34/350
391/391 - 24s - loss: 0.5443 - accuracy: 0.8198 - val_loss: 0.5385 - val_accuracy: 0.8298
Epoch 35/350
391/391 - 24s - loss: 0.5367 - accuracy: 0.8257 - val_loss: 0.5209 - val_accuracy: 0.8380
Epoch 36/350
391/391 - 24s - loss: 0.5215 - accuracy: 0.8289 - val_loss: 0.5376 - val_accuracy: 0.8323
Epoch 37/350
391/391 - 24s - loss: 0.5140 - accuracy: 0.8306 - val_loss: 0.5263 - val_accuracy: 0.8321
Epoch 38/350
391/391 - 24s - loss: 0.5032 - accuracy: 0.8363 - val_loss: 0.5048 - val_accuracy: 0.8435
Epoch 39/350
391/391 - 24s - loss: 0.4973 - accuracy: 0.8371 - val_loss: 0.5153 - val_accuracy: 0.8360
Epoch 40/350
391/391 - 24s - loss: 0.4937 - accuracy: 0.8405 - val_loss: 0.5077 - val_accuracy: 0.8455
Epoch 41/350
391/391 - 23s - loss: 0.4826 - accuracy: 0.8428 - val_loss: 0.5201 - val_accuracy: 0.8376
Epoch 42/350
391/391 - 24s - loss: 0.4804 - accuracy: 0.8426 - val_loss: 0.5038 - val_accuracy: 0.8351
Epoch 43/350
391/391 - 24s - loss: 0.4691 - accuracy: 0.8476 - val_loss: 0.4764 - val_accuracy: 0.8523
Epoch 44/350
391/391 - 24s - loss: 0.4574 - accuracy: 0.8512 - val_loss: 0.4842 - val_accuracy: 0.8468
Epoch 45/350
391/391 - 24s - loss: 0.4512 - accuracy: 0.8520 - val_loss: 0.4867 - val_accuracy: 0.8493
Epoch 46/350
391/391 - 23s - loss: 0.4470 - accuracy: 0.8542 - val_loss: 0.4780 - val_accuracy: 0.8528
Epoch 47/350
391/391 - 24s - loss: 0.4455 - accuracy: 0.8538 - val_loss: 0.4995 - val_accuracy: 0.8508
Epoch 48/350
391/391 - 24s - loss: 0.4369 - accuracy: 0.8571 - val_loss: 0.4614 - val_accuracy: 0.8585
Epoch 49/350
391/391 - 24s - loss: 0.4276 - accuracy: 0.8617 - val_loss: 0.4403 - val_accuracy: 0.8646
Epoch 50/350


Snapshot weight 0 shuffle 9 at epoch 50
Layer 11
Getting activations...


391/391 - 24s - loss: 0.4236 - accuracy: 0.8621 - val_loss: 0.4876 - val_accuracy: 0.8549
Epoch 51/350
391/391 - 24s - loss: 0.4173 - accuracy: 0.8649 - val_loss: 0.4623 - val_accuracy: 0.8590
Epoch 52/350
391/391 - 24s - loss: 0.4150 - accuracy: 0.8657 - val_loss: 0.4998 - val_accuracy: 0.8488
Epoch 53/350
391/391 - 23s - loss: 0.4042 - accuracy: 0.8690 - val_loss: 0.4355 - val_accuracy: 0.8643
Epoch 54/350
391/391 - 23s - loss: 0.4075 - accuracy: 0.8679 - val_loss: 0.4582 - val_accuracy: 0.8621
Epoch 55/350
391/391 - 24s - loss: 0.3931 - accuracy: 0.8735 - val_loss: 0.4343 - val_accuracy: 0.8638
Epoch 56/350
391/391 - 24s - loss: 0.3941 - accuracy: 0.8726 - val_loss: 0.4295 - val_accuracy: 0.8681
Epoch 57/350
391/391 - 24s - loss: 0.3840 - accuracy: 0.8758 - val_loss: 0.4417 - val_accuracy: 0.8639
Epoch 58/350
391/391 - 24s - loss: 0.3825 - accuracy: 0.8775 - val_loss: 0.4522 - val_accuracy: 0.8654
Epoch 59/350
391/391 - 24s - loss: 0.3737 - accuracy: 0.8798 - val_loss: 0.4819 - val_accuracy: 0.8542
Epoch 60/350
391/391 - 24s - loss: 0.3792 - accuracy: 0.8793 - val_loss: 0.4627 - val_accuracy: 0.8663
Epoch 61/350
391/391 - 23s - loss: 0.3713 - accuracy: 0.8830 - val_loss: 0.4599 - val_accuracy: 0.8624
Epoch 62/350
391/391 - 24s - loss: 0.3595 - accuracy: 0.8858 - val_loss: 0.4644 - val_accuracy: 0.8656
Epoch 63/350
391/391 - 23s - loss: 0.3626 - accuracy: 0.8841 - val_loss: 0.5082 - val_accuracy: 0.8477
Epoch 64/350
391/391 - 24s - loss: 0.3544 - accuracy: 0.8884 - val_loss: 0.4815 - val_accuracy: 0.8645
Epoch 65/350
391/391 - 24s - loss: 0.3532 - accuracy: 0.8866 - val_loss: 0.4525 - val_accuracy: 0.8648
Epoch 66/350
391/391 - 23s - loss: 0.3497 - accuracy: 0.8883 - val_loss: 0.4758 - val_accuracy: 0.8645
Epoch 67/350
391/391 - 24s - loss: 0.3459 - accuracy: 0.8889 - val_loss: 0.4714 - val_accuracy: 0.8647
Epoch 68/350
391/391 - 23s - loss: 0.3422 - accuracy: 0.8913 - val_loss: 0.4478 - val_accuracy: 0.8652
Epoch 69/350
391/391 - 23s - loss: 0.3373 - accuracy: 0.8929 - val_loss: 0.4749 - val_accuracy: 0.8629
Epoch 70/350
391/391 - 23s - loss: 0.3347 - accuracy: 0.8940 - val_loss: 0.4159 - val_accuracy: 0.8748
Epoch 71/350
391/391 - 23s - loss: 0.3315 - accuracy: 0.8943 - val_loss: 0.4559 - val_accuracy: 0.8667
Epoch 72/350
391/391 - 23s - loss: 0.3263 - accuracy: 0.8985 - val_loss: 0.4180 - val_accuracy: 0.8758
Epoch 73/350
391/391 - 24s - loss: 0.3284 - accuracy: 0.8960 - val_loss: 0.4225 - val_accuracy: 0.8761
Epoch 74/350
391/391 - 24s - loss: 0.3188 - accuracy: 0.9001 - val_loss: 0.4338 - val_accuracy: 0.8749
Epoch 75/350
391/391 - 24s - loss: 0.3236 - accuracy: 0.8986 - val_loss: 0.4287 - val_accuracy: 0.8745
Epoch 76/350
391/391 - 24s - loss: 0.3125 - accuracy: 0.9026 - val_loss: 0.4362 - val_accuracy: 0.8769
Epoch 77/350
391/391 - 23s - loss: 0.3182 - accuracy: 0.9005 - val_loss: 0.4165 - val_accuracy: 0.8782
Epoch 78/350
391/391 - 24s - loss: 0.3137 - accuracy: 0.9028 - val_loss: 0.4334 - val_accuracy: 0.8738
Epoch 79/350
391/391 - 23s - loss: 0.3051 - accuracy: 0.9056 - val_loss: 0.4917 - val_accuracy: 0.8647
Epoch 80/350
391/391 - 23s - loss: 0.3070 - accuracy: 0.9035 - val_loss: 0.4196 - val_accuracy: 0.8788
Epoch 81/350
391/391 - 23s - loss: 0.3030 - accuracy: 0.9061 - val_loss: 0.4165 - val_accuracy: 0.8789
Epoch 82/350
391/391 - 24s - loss: 0.2959 - accuracy: 0.9082 - val_loss: 0.4382 - val_accuracy: 0.8799
Epoch 83/350
391/391 - 23s - loss: 0.3010 - accuracy: 0.9070 - val_loss: 0.4360 - val_accuracy: 0.8816
Epoch 84/350
391/391 - 24s - loss: 0.2947 - accuracy: 0.9082 - val_loss: 0.4315 - val_accuracy: 0.8734
Epoch 85/350
391/391 - 23s - loss: 0.2934 - accuracy: 0.9091 - val_loss: 0.4594 - val_accuracy: 0.8729
Epoch 86/350
391/391 - 24s - loss: 0.2925 - accuracy: 0.9106 - val_loss: 0.4217 - val_accuracy: 0.8775
Epoch 87/350
391/391 - 24s - loss: 0.2921 - accuracy: 0.9091 - val_loss: 0.4285 - val_accuracy: 0.8821
Epoch 88/350
391/391 - 23s - loss: 0.2886 - accuracy: 0.9119 - val_loss: 0.4026 - val_accuracy: 0.8824
Epoch 89/350
391/391 - 23s - loss: 0.2848 - accuracy: 0.9114 - val_loss: 0.4061 - val_accuracy: 0.8869
Epoch 90/350
391/391 - 24s - loss: 0.2818 - accuracy: 0.9129 - val_loss: 0.4134 - val_accuracy: 0.8828
Epoch 91/350
391/391 - 24s - loss: 0.2782 - accuracy: 0.9139 - val_loss: 0.4313 - val_accuracy: 0.8798
Epoch 92/350
391/391 - 23s - loss: 0.2784 - accuracy: 0.9150 - val_loss: 0.4649 - val_accuracy: 0.8777
Epoch 93/350
391/391 - 24s - loss: 0.2755 - accuracy: 0.9155 - val_loss: 0.4259 - val_accuracy: 0.8840
Epoch 94/350
391/391 - 23s - loss: 0.2703 - accuracy: 0.9173 - val_loss: 0.4285 - val_accuracy: 0.8834
Epoch 95/350
391/391 - 24s - loss: 0.2727 - accuracy: 0.9174 - val_loss: 0.4284 - val_accuracy: 0.8786
Epoch 96/350
391/391 - 24s - loss: 0.2662 - accuracy: 0.9188 - val_loss: 0.4048 - val_accuracy: 0.8876
Epoch 97/350
391/391 - 23s - loss: 0.2701 - accuracy: 0.9188 - val_loss: 0.4233 - val_accuracy: 0.8821
Epoch 98/350
391/391 - 24s - loss: 0.2651 - accuracy: 0.9196 - val_loss: 0.4409 - val_accuracy: 0.8811
Epoch 99/350
391/391 - 24s - loss: 0.2638 - accuracy: 0.9192 - val_loss: 0.4298 - val_accuracy: 0.8831
Epoch 100/350


Snapshot weight 0 shuffle 9 at epoch 100
Layer 11
Getting activations...


391/391 - 24s - loss: 0.2635 - accuracy: 0.9185 - val_loss: 0.4402 - val_accuracy: 0.8842
Epoch 101/350
391/391 - 24s - loss: 0.2525 - accuracy: 0.9230 - val_loss: 0.4588 - val_accuracy: 0.8777
Epoch 102/350
391/391 - 24s - loss: 0.2538 - accuracy: 0.9237 - val_loss: 0.4464 - val_accuracy: 0.8840
Epoch 103/350
391/391 - 24s - loss: 0.2584 - accuracy: 0.9228 - val_loss: 0.4079 - val_accuracy: 0.8858
Epoch 104/350
391/391 - 24s - loss: 0.2514 - accuracy: 0.9245 - val_loss: 0.4375 - val_accuracy: 0.8865
Epoch 105/350
391/391 - 23s - loss: 0.2492 - accuracy: 0.9248 - val_loss: 0.4388 - val_accuracy: 0.8857
Epoch 106/350
391/391 - 24s - loss: 0.2529 - accuracy: 0.9241 - val_loss: 0.4440 - val_accuracy: 0.8799
Epoch 107/350
391/391 - 24s - loss: 0.2487 - accuracy: 0.9256 - val_loss: 0.4085 - val_accuracy: 0.8912
Epoch 108/350
391/391 - 23s - loss: 0.2434 - accuracy: 0.9279 - val_loss: 0.4384 - val_accuracy: 0.8845
Epoch 109/350
391/391 - 23s - loss: 0.2435 - accuracy: 0.9267 - val_loss: 0.4151 - val_accuracy: 0.8870
Epoch 110/350
391/391 - 24s - loss: 0.2459 - accuracy: 0.9270 - val_loss: 0.4127 - val_accuracy: 0.8893
Epoch 111/350
391/391 - 24s - loss: 0.2397 - accuracy: 0.9281 - val_loss: 0.4617 - val_accuracy: 0.8870
Epoch 112/350
391/391 - 24s - loss: 0.2411 - accuracy: 0.9282 - val_loss: 0.4492 - val_accuracy: 0.8824
Epoch 113/350
391/391 - 23s - loss: 0.2366 - accuracy: 0.9309 - val_loss: 0.4507 - val_accuracy: 0.8845
Epoch 114/350
391/391 - 23s - loss: 0.2394 - accuracy: 0.9286 - val_loss: 0.4688 - val_accuracy: 0.8839
Epoch 115/350
391/391 - 24s - loss: 0.2298 - accuracy: 0.9319 - val_loss: 0.4322 - val_accuracy: 0.8878
Epoch 116/350
391/391 - 24s - loss: 0.2368 - accuracy: 0.9296 - val_loss: 0.4242 - val_accuracy: 0.8879
Epoch 117/350
391/391 - 23s - loss: 0.2327 - accuracy: 0.9316 - val_loss: 0.4320 - val_accuracy: 0.8856
Epoch 118/350
391/391 - 24s - loss: 0.2269 - accuracy: 0.9331 - val_loss: 0.4701 - val_accuracy: 0.8808
Epoch 119/350
391/391 - 24s - loss: 0.2314 - accuracy: 0.9329 - val_loss: 0.4411 - val_accuracy: 0.8874
Epoch 120/350
391/391 - 23s - loss: 0.2273 - accuracy: 0.9344 - val_loss: 0.4428 - val_accuracy: 0.8854
Epoch 121/350
391/391 - 23s - loss: 0.2278 - accuracy: 0.9335 - val_loss: 0.4469 - val_accuracy: 0.8836
Epoch 122/350
391/391 - 23s - loss: 0.2274 - accuracy: 0.9332 - val_loss: 0.4415 - val_accuracy: 0.8856
Epoch 123/350
391/391 - 24s - loss: 0.2275 - accuracy: 0.9332 - val_loss: 0.4335 - val_accuracy: 0.8884
Epoch 124/350
391/391 - 23s - loss: 0.2173 - accuracy: 0.9361 - val_loss: 0.4400 - val_accuracy: 0.8903
Epoch 125/350
391/391 - 24s - loss: 0.2201 - accuracy: 0.9348 - val_loss: 0.4277 - val_accuracy: 0.8887
Epoch 126/350
391/391 - 24s - loss: 0.2193 - accuracy: 0.9357 - val_loss: 0.4592 - val_accuracy: 0.8836
Epoch 127/350
391/391 - 23s - loss: 0.2189 - accuracy: 0.9364 - val_loss: 0.4385 - val_accuracy: 0.8900
Epoch 128/350
391/391 - 24s - loss: 0.2176 - accuracy: 0.9367 - val_loss: 0.4498 - val_accuracy: 0.8900
Epoch 129/350
391/391 - 23s - loss: 0.2189 - accuracy: 0.9369 - val_loss: 0.4229 - val_accuracy: 0.8912
Epoch 130/350
391/391 - 23s - loss: 0.2171 - accuracy: 0.9373 - val_loss: 0.4756 - val_accuracy: 0.8831
Epoch 131/350
391/391 - 23s - loss: 0.2125 - accuracy: 0.9391 - val_loss: 0.4634 - val_accuracy: 0.8862
Epoch 132/350
391/391 - 23s - loss: 0.2092 - accuracy: 0.9395 - val_loss: 0.4730 - val_accuracy: 0.8839
Epoch 133/350
391/391 - 23s - loss: 0.2096 - accuracy: 0.9418 - val_loss: 0.4177 - val_accuracy: 0.8955
Epoch 134/350
391/391 - 23s - loss: 0.2055 - accuracy: 0.9409 - val_loss: 0.4366 - val_accuracy: 0.8895
Epoch 135/350
391/391 - 23s - loss: 0.2101 - accuracy: 0.9403 - val_loss: 0.4718 - val_accuracy: 0.8896
Epoch 136/350
391/391 - 24s - loss: 0.2046 - accuracy: 0.9418 - val_loss: 0.4330 - val_accuracy: 0.8916
Epoch 137/350
391/391 - 24s - loss: 0.2033 - accuracy: 0.9423 - val_loss: 0.4400 - val_accuracy: 0.8926
Epoch 138/350
391/391 - 24s - loss: 0.2073 - accuracy: 0.9410 - val_loss: 0.4103 - val_accuracy: 0.8931
Epoch 139/350
391/391 - 24s - loss: 0.2077 - accuracy: 0.9406 - val_loss: 0.4495 - val_accuracy: 0.8936
Epoch 140/350
391/391 - 24s - loss: 0.2041 - accuracy: 0.9432 - val_loss: 0.4441 - val_accuracy: 0.8898
Epoch 141/350
391/391 - 24s - loss: 0.2082 - accuracy: 0.9406 - val_loss: 0.4289 - val_accuracy: 0.8914
Epoch 142/350
391/391 - 24s - loss: 0.2019 - accuracy: 0.9431 - val_loss: 0.4552 - val_accuracy: 0.8921
Epoch 143/350
391/391 - 23s - loss: 0.2005 - accuracy: 0.9434 - val_loss: 0.4441 - val_accuracy: 0.8881
Epoch 144/350
391/391 - 24s - loss: 0.2003 - accuracy: 0.9434 - val_loss: 0.4386 - val_accuracy: 0.8872
Epoch 145/350
391/391 - 24s - loss: 0.2012 - accuracy: 0.9442 - val_loss: 0.4443 - val_accuracy: 0.8928
Epoch 146/350
391/391 - 24s - loss: 0.2000 - accuracy: 0.9443 - val_loss: 0.4638 - val_accuracy: 0.8935
Epoch 147/350
391/391 - 23s - loss: 0.1985 - accuracy: 0.9450 - val_loss: 0.4525 - val_accuracy: 0.8906
Epoch 148/350
391/391 - 23s - loss: 0.1930 - accuracy: 0.9466 - val_loss: 0.4437 - val_accuracy: 0.8921
Epoch 149/350
391/391 - 24s - loss: 0.1986 - accuracy: 0.9450 - val_loss: 0.4793 - val_accuracy: 0.8880
Epoch 150/350


Snapshot weight 0 shuffle 9 at epoch 150
Layer 11
Getting activations...


391/391 - 24s - loss: 0.1949 - accuracy: 0.9451 - val_loss: 0.4862 - val_accuracy: 0.8898
Epoch 151/350
391/391 - 23s - loss: 0.1916 - accuracy: 0.9468 - val_loss: 0.4953 - val_accuracy: 0.8907
Epoch 152/350
391/391 - 23s - loss: 0.1926 - accuracy: 0.9472 - val_loss: 0.4292 - val_accuracy: 0.8937
Epoch 153/350
391/391 - 23s - loss: 0.1932 - accuracy: 0.9467 - val_loss: 0.4422 - val_accuracy: 0.8929
Epoch 154/350
391/391 - 23s - loss: 0.1942 - accuracy: 0.9464 - val_loss: 0.4567 - val_accuracy: 0.8925
Epoch 155/350
391/391 - 23s - loss: 0.1883 - accuracy: 0.9489 - val_loss: 0.4607 - val_accuracy: 0.8881
Epoch 156/350
391/391 - 24s - loss: 0.1884 - accuracy: 0.9493 - val_loss: 0.4674 - val_accuracy: 0.8940
Epoch 157/350
391/391 - 23s - loss: 0.1888 - accuracy: 0.9476 - val_loss: 0.4761 - val_accuracy: 0.8926
Epoch 158/350
391/391 - 24s - loss: 0.1891 - accuracy: 0.9484 - val_loss: 0.4645 - val_accuracy: 0.8879
Epoch 159/350
391/391 - 23s - loss: 0.1898 - accuracy: 0.9477 - val_loss: 0.4413 - val_accuracy: 0.8981
Epoch 160/350
391/391 - 24s - loss: 0.1886 - accuracy: 0.9485 - val_loss: 0.4637 - val_accuracy: 0.8954
Epoch 161/350
391/391 - 23s - loss: 0.1848 - accuracy: 0.9505 - val_loss: 0.4293 - val_accuracy: 0.8961
Epoch 162/350
391/391 - 24s - loss: 0.1848 - accuracy: 0.9493 - val_loss: 0.4775 - val_accuracy: 0.8906
Epoch 163/350
391/391 - 24s - loss: 0.1838 - accuracy: 0.9510 - val_loss: 0.4701 - val_accuracy: 0.8968
Epoch 164/350
391/391 - 23s - loss: 0.1867 - accuracy: 0.9487 - val_loss: 0.4624 - val_accuracy: 0.8953
Epoch 165/350
391/391 - 23s - loss: 0.1795 - accuracy: 0.9520 - val_loss: 0.4741 - val_accuracy: 0.8944
Epoch 166/350
391/391 - 23s - loss: 0.1846 - accuracy: 0.9500 - val_loss: 0.5182 - val_accuracy: 0.8854
Epoch 167/350
391/391 - 24s - loss: 0.1829 - accuracy: 0.9502 - val_loss: 0.4563 - val_accuracy: 0.8956
Epoch 168/350
391/391 - 24s - loss: 0.1785 - accuracy: 0.9525 - val_loss: 0.4814 - val_accuracy: 0.8899
Epoch 169/350
391/391 - 23s - loss: 0.1815 - accuracy: 0.9509 - val_loss: 0.4830 - val_accuracy: 0.8928
Epoch 170/350
391/391 - 23s - loss: 0.1811 - accuracy: 0.9514 - val_loss: 0.4786 - val_accuracy: 0.8951
Epoch 171/350
391/391 - 24s - loss: 0.1765 - accuracy: 0.9523 - val_loss: 0.5051 - val_accuracy: 0.8887
Epoch 172/350
391/391 - 23s - loss: 0.1753 - accuracy: 0.9538 - val_loss: 0.4889 - val_accuracy: 0.8913
Epoch 173/350
391/391 - 24s - loss: 0.1734 - accuracy: 0.9538 - val_loss: 0.4927 - val_accuracy: 0.8906
Epoch 174/350
391/391 - 23s - loss: 0.1761 - accuracy: 0.9533 - val_loss: 0.4687 - val_accuracy: 0.8920
Epoch 175/350
391/391 - 23s - loss: 0.1763 - accuracy: 0.9534 - val_loss: 0.4581 - val_accuracy: 0.8946
Epoch 176/350
391/391 - 24s - loss: 0.1781 - accuracy: 0.9523 - val_loss: 0.4789 - val_accuracy: 0.8954
Epoch 177/350
391/391 - 24s - loss: 0.1726 - accuracy: 0.9550 - val_loss: 0.4823 - val_accuracy: 0.8944
Epoch 178/350
391/391 - 23s - loss: 0.1769 - accuracy: 0.9531 - val_loss: 0.4731 - val_accuracy: 0.8957
Epoch 179/350
391/391 - 23s - loss: 0.1785 - accuracy: 0.9517 - val_loss: 0.4574 - val_accuracy: 0.8947
Epoch 180/350
391/391 - 23s - loss: 0.1711 - accuracy: 0.9542 - val_loss: 0.4416 - val_accuracy: 0.8971
Epoch 181/350
391/391 - 23s - loss: 0.1713 - accuracy: 0.9554 - val_loss: 0.4775 - val_accuracy: 0.8903
Epoch 182/350
391/391 - 24s - loss: 0.1689 - accuracy: 0.9555 - val_loss: 0.4778 - val_accuracy: 0.8944
Epoch 183/350
391/391 - 24s - loss: 0.1711 - accuracy: 0.9553 - val_loss: 0.4678 - val_accuracy: 0.8969
Epoch 184/350
391/391 - 24s - loss: 0.1683 - accuracy: 0.9566 - val_loss: 0.4919 - val_accuracy: 0.8960
Epoch 185/350
391/391 - 24s - loss: 0.1688 - accuracy: 0.9562 - val_loss: 0.4991 - val_accuracy: 0.8904
Epoch 186/350
391/391 - 23s - loss: 0.1699 - accuracy: 0.9553 - val_loss: 0.4526 - val_accuracy: 0.8986
Epoch 187/350
391/391 - 24s - loss: 0.1695 - accuracy: 0.9568 - val_loss: 0.4925 - val_accuracy: 0.8865
Epoch 188/350
391/391 - 24s - loss: 0.1690 - accuracy: 0.9559 - val_loss: 0.5107 - val_accuracy: 0.8878
Epoch 189/350
391/391 - 24s - loss: 0.1686 - accuracy: 0.9558 - val_loss: 0.5282 - val_accuracy: 0.8835
Epoch 190/350
391/391 - 24s - loss: 0.1648 - accuracy: 0.9581 - val_loss: 0.4797 - val_accuracy: 0.8938
Epoch 191/350
391/391 - 24s - loss: 0.1686 - accuracy: 0.9567 - val_loss: 0.5274 - val_accuracy: 0.8938
Epoch 192/350
391/391 - 24s - loss: 0.1653 - accuracy: 0.9580 - val_loss: 0.4851 - val_accuracy: 0.8936
Epoch 193/350
391/391 - 24s - loss: 0.1652 - accuracy: 0.9580 - val_loss: 0.4608 - val_accuracy: 0.8983
Epoch 194/350
391/391 - 24s - loss: 0.1653 - accuracy: 0.9577 - val_loss: 0.4676 - val_accuracy: 0.8982
Epoch 195/350
391/391 - 24s - loss: 0.1672 - accuracy: 0.9576 - val_loss: 0.5111 - val_accuracy: 0.8907
Epoch 196/350
391/391 - 24s - loss: 0.1648 - accuracy: 0.9578 - val_loss: 0.5104 - val_accuracy: 0.8901
Epoch 197/350
391/391 - 24s - loss: 0.1631 - accuracy: 0.9584 - val_loss: 0.4769 - val_accuracy: 0.8989
Epoch 198/350
391/391 - 24s - loss: 0.1606 - accuracy: 0.9604 - val_loss: 0.4946 - val_accuracy: 0.8951
Epoch 199/350
391/391 - 24s - loss: 0.1606 - accuracy: 0.9590 - val_loss: 0.4770 - val_accuracy: 0.8983
Epoch 200/350


Snapshot weight 0 shuffle 9 at epoch 200
Layer 11
Getting activations...


391/391 - 24s - loss: 0.1623 - accuracy: 0.9587 - val_loss: 0.4940 - val_accuracy: 0.8933
Epoch 201/350
391/391 - 23s - loss: 0.1364 - accuracy: 0.9681 - val_loss: 0.4665 - val_accuracy: 0.9019
Epoch 202/350
391/391 - 24s - loss: 0.1240 - accuracy: 0.9735 - val_loss: 0.4671 - val_accuracy: 0.9025
Epoch 203/350
391/391 - 23s - loss: 0.1216 - accuracy: 0.9738 - val_loss: 0.4763 - val_accuracy: 0.9027
Epoch 204/350
391/391 - 23s - loss: 0.1188 - accuracy: 0.9743 - val_loss: 0.4784 - val_accuracy: 0.9024
Epoch 205/350
391/391 - 23s - loss: 0.1168 - accuracy: 0.9750 - val_loss: 0.4866 - val_accuracy: 0.9029
Epoch 206/350
391/391 - 24s - loss: 0.1164 - accuracy: 0.9749 - val_loss: 0.4803 - val_accuracy: 0.9041
Epoch 207/350
391/391 - 24s - loss: 0.1154 - accuracy: 0.9752 - val_loss: 0.4897 - val_accuracy: 0.9043
Epoch 208/350
391/391 - 23s - loss: 0.1160 - accuracy: 0.9750 - val_loss: 0.4901 - val_accuracy: 0.9042
Epoch 209/350
391/391 - 24s - loss: 0.1122 - accuracy: 0.9766 - val_loss: 0.4894 - val_accuracy: 0.9042
Epoch 210/350
391/391 - 24s - loss: 0.1133 - accuracy: 0.9765 - val_loss: 0.4892 - val_accuracy: 0.9061
Epoch 211/350
391/391 - 23s - loss: 0.1130 - accuracy: 0.9758 - val_loss: 0.4871 - val_accuracy: 0.9072
Epoch 212/350
391/391 - 24s - loss: 0.1138 - accuracy: 0.9759 - val_loss: 0.4951 - val_accuracy: 0.9063
Epoch 213/350
391/391 - 23s - loss: 0.1105 - accuracy: 0.9768 - val_loss: 0.4937 - val_accuracy: 0.9052
Epoch 214/350
391/391 - 23s - loss: 0.1121 - accuracy: 0.9769 - val_loss: 0.4862 - val_accuracy: 0.9075
Epoch 215/350
391/391 - 24s - loss: 0.1114 - accuracy: 0.9767 - val_loss: 0.4852 - val_accuracy: 0.9068
Epoch 216/350
391/391 - 24s - loss: 0.1109 - accuracy: 0.9769 - val_loss: 0.4954 - val_accuracy: 0.9067
Epoch 217/350
391/391 - 24s - loss: 0.1089 - accuracy: 0.9775 - val_loss: 0.4948 - val_accuracy: 0.9056
Epoch 218/350
391/391 - 24s - loss: 0.1083 - accuracy: 0.9783 - val_loss: 0.4889 - val_accuracy: 0.9063
Epoch 219/350
391/391 - 24s - loss: 0.1108 - accuracy: 0.9769 - val_loss: 0.5009 - val_accuracy: 0.9071
Epoch 220/350
391/391 - 24s - loss: 0.1080 - accuracy: 0.9785 - val_loss: 0.5128 - val_accuracy: 0.9060
Epoch 221/350
391/391 - 23s - loss: 0.1062 - accuracy: 0.9792 - val_loss: 0.4945 - val_accuracy: 0.9064
Epoch 222/350
391/391 - 24s - loss: 0.1088 - accuracy: 0.9774 - val_loss: 0.5047 - val_accuracy: 0.9070
Epoch 223/350
391/391 - 24s - loss: 0.1047 - accuracy: 0.9794 - val_loss: 0.5027 - val_accuracy: 0.9068
Epoch 224/350
391/391 - 23s - loss: 0.1078 - accuracy: 0.9784 - val_loss: 0.5053 - val_accuracy: 0.9073
Epoch 225/350
391/391 - 23s - loss: 0.1058 - accuracy: 0.9786 - val_loss: 0.5061 - val_accuracy: 0.9061
Epoch 226/350
391/391 - 23s - loss: 0.1065 - accuracy: 0.9781 - val_loss: 0.5081 - val_accuracy: 0.9050
Epoch 227/350
391/391 - 23s - loss: 0.1071 - accuracy: 0.9787 - val_loss: 0.5067 - val_accuracy: 0.9066
Epoch 228/350
391/391 - 24s - loss: 0.1045 - accuracy: 0.9800 - val_loss: 0.5138 - val_accuracy: 0.9052
Epoch 229/350
391/391 - 24s - loss: 0.1061 - accuracy: 0.9788 - val_loss: 0.5126 - val_accuracy: 0.9082
Epoch 230/350
391/391 - 24s - loss: 0.1040 - accuracy: 0.9801 - val_loss: 0.5201 - val_accuracy: 0.9070
Epoch 231/350
391/391 - 24s - loss: 0.1032 - accuracy: 0.9798 - val_loss: 0.5184 - val_accuracy: 0.9065
Epoch 232/350
391/391 - 23s - loss: 0.1047 - accuracy: 0.9794 - val_loss: 0.5057 - val_accuracy: 0.9067
Epoch 233/350
391/391 - 23s - loss: 0.1050 - accuracy: 0.9794 - val_loss: 0.5076 - val_accuracy: 0.9076
Epoch 234/350
391/391 - 24s - loss: 0.1024 - accuracy: 0.9798 - val_loss: 0.5234 - val_accuracy: 0.9067
Epoch 235/350
391/391 - 23s - loss: 0.1039 - accuracy: 0.9796 - val_loss: 0.5131 - val_accuracy: 0.9068
Epoch 236/350
391/391 - 24s - loss: 0.1050 - accuracy: 0.9792 - val_loss: 0.5134 - val_accuracy: 0.9064
Epoch 237/350
391/391 - 23s - loss: 0.1020 - accuracy: 0.9803 - val_loss: 0.5261 - val_accuracy: 0.9057
Epoch 238/350
391/391 - 23s - loss: 0.1043 - accuracy: 0.9793 - val_loss: 0.5218 - val_accuracy: 0.9049
Epoch 239/350
391/391 - 23s - loss: 0.1054 - accuracy: 0.9787 - val_loss: 0.5354 - val_accuracy: 0.9052
Epoch 240/350
391/391 - 23s - loss: 0.1018 - accuracy: 0.9800 - val_loss: 0.5258 - val_accuracy: 0.9068
Epoch 241/350
391/391 - 23s - loss: 0.1053 - accuracy: 0.9795 - val_loss: 0.5089 - val_accuracy: 0.9083
Epoch 242/350
391/391 - 23s - loss: 0.1020 - accuracy: 0.9800 - val_loss: 0.5257 - val_accuracy: 0.9066
Epoch 243/350
391/391 - 24s - loss: 0.1002 - accuracy: 0.9803 - val_loss: 0.5158 - val_accuracy: 0.9068
Epoch 244/350
391/391 - 23s - loss: 0.1028 - accuracy: 0.9798 - val_loss: 0.5248 - val_accuracy: 0.9064
Epoch 245/350
391/391 - 23s - loss: 0.1034 - accuracy: 0.9801 - val_loss: 0.5139 - val_accuracy: 0.9066
Epoch 246/350
391/391 - 24s - loss: 0.1011 - accuracy: 0.9802 - val_loss: 0.5148 - val_accuracy: 0.9057
Epoch 247/350
391/391 - 24s - loss: 0.1025 - accuracy: 0.9806 - val_loss: 0.5191 - val_accuracy: 0.9063
Epoch 248/350
391/391 - 24s - loss: 0.1016 - accuracy: 0.9802 - val_loss: 0.5176 - val_accuracy: 0.9068
Epoch 249/350
391/391 - 23s - loss: 0.1027 - accuracy: 0.9807 - val_loss: 0.5243 - val_accuracy: 0.9076
Epoch 250/350


Snapshot weight 0 shuffle 9 at epoch 250
Layer 11
Getting activations...


391/391 - 24s - loss: 0.1024 - accuracy: 0.9798 - val_loss: 0.5172 - val_accuracy: 0.9047
Epoch 251/350
391/391 - 24s - loss: 0.1003 - accuracy: 0.9806 - val_loss: 0.5184 - val_accuracy: 0.9066
Epoch 252/350
391/391 - 23s - loss: 0.1018 - accuracy: 0.9806 - val_loss: 0.5156 - val_accuracy: 0.9074
Epoch 253/350
391/391 - 23s - loss: 0.0987 - accuracy: 0.9816 - val_loss: 0.5145 - val_accuracy: 0.9077
Epoch 254/350
391/391 - 23s - loss: 0.1000 - accuracy: 0.9818 - val_loss: 0.5147 - val_accuracy: 0.9075
Epoch 255/350
391/391 - 23s - loss: 0.0987 - accuracy: 0.9813 - val_loss: 0.5180 - val_accuracy: 0.9079
Epoch 256/350
391/391 - 23s - loss: 0.1012 - accuracy: 0.9802 - val_loss: 0.5172 - val_accuracy: 0.9080
Epoch 257/350
391/391 - 24s - loss: 0.0978 - accuracy: 0.9824 - val_loss: 0.5182 - val_accuracy: 0.9071
Epoch 258/350
391/391 - 23s - loss: 0.0994 - accuracy: 0.9815 - val_loss: 0.5196 - val_accuracy: 0.9072
Epoch 259/350
391/391 - 23s - loss: 0.0999 - accuracy: 0.9802 - val_loss: 0.5177 - val_accuracy: 0.9074
Epoch 260/350
391/391 - 23s - loss: 0.0989 - accuracy: 0.9814 - val_loss: 0.5171 - val_accuracy: 0.9082
Epoch 261/350
391/391 - 23s - loss: 0.0972 - accuracy: 0.9819 - val_loss: 0.5196 - val_accuracy: 0.9078
Epoch 262/350
391/391 - 23s - loss: 0.0977 - accuracy: 0.9818 - val_loss: 0.5188 - val_accuracy: 0.9090
Epoch 263/350
391/391 - 23s - loss: 0.0972 - accuracy: 0.9818 - val_loss: 0.5230 - val_accuracy: 0.9079
Epoch 264/350
391/391 - 24s - loss: 0.1000 - accuracy: 0.9815 - val_loss: 0.5198 - val_accuracy: 0.9082
Epoch 265/350
391/391 - 24s - loss: 0.0984 - accuracy: 0.9815 - val_loss: 0.5199 - val_accuracy: 0.9082
Epoch 266/350
391/391 - 23s - loss: 0.0984 - accuracy: 0.9812 - val_loss: 0.5197 - val_accuracy: 0.9086
Epoch 267/350
391/391 - 23s - loss: 0.0982 - accuracy: 0.9818 - val_loss: 0.5227 - val_accuracy: 0.9079
Epoch 268/350
391/391 - 23s - loss: 0.0974 - accuracy: 0.9820 - val_loss: 0.5235 - val_accuracy: 0.9083
Epoch 269/350
391/391 - 24s - loss: 0.0983 - accuracy: 0.9819 - val_loss: 0.5231 - val_accuracy: 0.9081
Epoch 270/350
391/391 - 23s - loss: 0.0961 - accuracy: 0.9821 - val_loss: 0.5221 - val_accuracy: 0.9076
Epoch 271/350
391/391 - 23s - loss: 0.0987 - accuracy: 0.9819 - val_loss: 0.5207 - val_accuracy: 0.9076
Epoch 272/350
391/391 - 24s - loss: 0.0995 - accuracy: 0.9805 - val_loss: 0.5221 - val_accuracy: 0.9082
Epoch 273/350
391/391 - 23s - loss: 0.0968 - accuracy: 0.9823 - val_loss: 0.5215 - val_accuracy: 0.9083
Epoch 274/350
391/391 - 23s - loss: 0.0988 - accuracy: 0.9812 - val_loss: 0.5202 - val_accuracy: 0.9082
Epoch 275/350
391/391 - 23s - loss: 0.0985 - accuracy: 0.9811 - val_loss: 0.5216 - val_accuracy: 0.9084
Epoch 276/350
391/391 - 24s - loss: 0.0989 - accuracy: 0.9812 - val_loss: 0.5199 - val_accuracy: 0.9080
Epoch 277/350
391/391 - 23s - loss: 0.0995 - accuracy: 0.9816 - val_loss: 0.5197 - val_accuracy: 0.9071
Epoch 278/350
391/391 - 24s - loss: 0.0997 - accuracy: 0.9813 - val_loss: 0.5232 - val_accuracy: 0.9082
Epoch 279/350
391/391 - 24s - loss: 0.0987 - accuracy: 0.9816 - val_loss: 0.5207 - val_accuracy: 0.9077
Epoch 280/350
391/391 - 23s - loss: 0.0972 - accuracy: 0.9822 - val_loss: 0.5190 - val_accuracy: 0.9089
Epoch 281/350
391/391 - 23s - loss: 0.0977 - accuracy: 0.9816 - val_loss: 0.5225 - val_accuracy: 0.9077
Epoch 282/350
391/391 - 23s - loss: 0.0983 - accuracy: 0.9818 - val_loss: 0.5257 - val_accuracy: 0.9074
Epoch 283/350
391/391 - 24s - loss: 0.0962 - accuracy: 0.9825 - val_loss: 0.5227 - val_accuracy: 0.9079
Epoch 284/350
391/391 - 23s - loss: 0.0955 - accuracy: 0.9831 - val_loss: 0.5239 - val_accuracy: 0.9084
Epoch 285/350
391/391 - 24s - loss: 0.0976 - accuracy: 0.9820 - val_loss: 0.5255 - val_accuracy: 0.9076
Epoch 286/350
391/391 - 24s - loss: 0.0988 - accuracy: 0.9813 - val_loss: 0.5247 - val_accuracy: 0.9091
Epoch 287/350
391/391 - 24s - loss: 0.0982 - accuracy: 0.9815 - val_loss: 0.5231 - val_accuracy: 0.9081
Epoch 288/350
391/391 - 23s - loss: 0.0978 - accuracy: 0.9817 - val_loss: 0.5227 - val_accuracy: 0.9074
Epoch 289/350
391/391 - 23s - loss: 0.0979 - accuracy: 0.9814 - val_loss: 0.5214 - val_accuracy: 0.9077
Epoch 290/350
391/391 - 23s - loss: 0.0959 - accuracy: 0.9829 - val_loss: 0.5232 - val_accuracy: 0.9077
Epoch 291/350
391/391 - 24s - loss: 0.0947 - accuracy: 0.9825 - val_loss: 0.5248 - val_accuracy: 0.9084
Epoch 292/350
391/391 - 23s - loss: 0.0971 - accuracy: 0.9816 - val_loss: 0.5234 - val_accuracy: 0.9082
Epoch 293/350
391/391 - 23s - loss: 0.0970 - accuracy: 0.9817 - val_loss: 0.5207 - val_accuracy: 0.9080
Epoch 294/350
391/391 - 24s - loss: 0.0954 - accuracy: 0.9824 - val_loss: 0.5223 - val_accuracy: 0.9086
Epoch 295/350
391/391 - 23s - loss: 0.0985 - accuracy: 0.9816 - val_loss: 0.5238 - val_accuracy: 0.9088
Epoch 296/350
391/391 - 24s - loss: 0.0970 - accuracy: 0.9822 - val_loss: 0.5225 - val_accuracy: 0.9078
Epoch 297/350
391/391 - 23s - loss: 0.0986 - accuracy: 0.9812 - val_loss: 0.5197 - val_accuracy: 0.9084
Epoch 298/350
391/391 - 23s - loss: 0.0988 - accuracy: 0.9817 - val_loss: 0.5230 - val_accuracy: 0.9089
Epoch 299/350
391/391 - 23s - loss: 0.0957 - accuracy: 0.9824 - val_loss: 0.5229 - val_accuracy: 0.9077
Epoch 300/350


Snapshot weight 0 shuffle 9 at epoch 300
Layer 11
Getting activations...


391/391 - 24s - loss: 0.0962 - accuracy: 0.9823 - val_loss: 0.5196 - val_accuracy: 0.9082
Epoch 301/350
391/391 - 23s - loss: 0.0981 - accuracy: 0.9817 - val_loss: 0.5204 - val_accuracy: 0.9080
Epoch 302/350
391/391 - 23s - loss: 0.0955 - accuracy: 0.9827 - val_loss: 0.5209 - val_accuracy: 0.9078
Epoch 303/350
391/391 - 24s - loss: 0.0964 - accuracy: 0.9818 - val_loss: 0.5214 - val_accuracy: 0.9077
Epoch 304/350
391/391 - 23s - loss: 0.0968 - accuracy: 0.9820 - val_loss: 0.5216 - val_accuracy: 0.9081
Epoch 305/350
391/391 - 24s - loss: 0.0967 - accuracy: 0.9822 - val_loss: 0.5220 - val_accuracy: 0.9079
Epoch 306/350
391/391 - 23s - loss: 0.0961 - accuracy: 0.9827 - val_loss: 0.5221 - val_accuracy: 0.9080
Epoch 307/350
391/391 - 24s - loss: 0.0948 - accuracy: 0.9823 - val_loss: 0.5220 - val_accuracy: 0.9082
Epoch 308/350
391/391 - 23s - loss: 0.0975 - accuracy: 0.9815 - val_loss: 0.5221 - val_accuracy: 0.9081
Epoch 309/350
391/391 - 24s - loss: 0.0974 - accuracy: 0.9821 - val_loss: 0.5222 - val_accuracy: 0.9081
Epoch 310/350
391/391 - 23s - loss: 0.0977 - accuracy: 0.9819 - val_loss: 0.5228 - val_accuracy: 0.9087
Epoch 311/350
391/391 - 23s - loss: 0.0966 - accuracy: 0.9817 - val_loss: 0.5226 - val_accuracy: 0.9087
Epoch 312/350
391/391 - 23s - loss: 0.0953 - accuracy: 0.9830 - val_loss: 0.5225 - val_accuracy: 0.9086
Epoch 313/350
391/391 - 23s - loss: 0.0966 - accuracy: 0.9828 - val_loss: 0.5225 - val_accuracy: 0.9091
Epoch 314/350
391/391 - 23s - loss: 0.0964 - accuracy: 0.9827 - val_loss: 0.5228 - val_accuracy: 0.9087
Epoch 315/350
391/391 - 23s - loss: 0.0983 - accuracy: 0.9818 - val_loss: 0.5230 - val_accuracy: 0.9083
Epoch 316/350
391/391 - 23s - loss: 0.0976 - accuracy: 0.9817 - val_loss: 0.5226 - val_accuracy: 0.9084
Epoch 317/350
391/391 - 23s - loss: 0.0969 - accuracy: 0.9819 - val_loss: 0.5222 - val_accuracy: 0.9085
Epoch 318/350
391/391 - 23s - loss: 0.0962 - accuracy: 0.9827 - val_loss: 0.5226 - val_accuracy: 0.9087
Epoch 319/350
391/391 - 23s - loss: 0.0960 - accuracy: 0.9827 - val_loss: 0.5229 - val_accuracy: 0.9085
Epoch 320/350
391/391 - 23s - loss: 0.0961 - accuracy: 0.9823 - val_loss: 0.5229 - val_accuracy: 0.9087
Epoch 321/350
391/391 - 23s - loss: 0.0956 - accuracy: 0.9824 - val_loss: 0.5232 - val_accuracy: 0.9086
Epoch 322/350
391/391 - 23s - loss: 0.0971 - accuracy: 0.9822 - val_loss: 0.5232 - val_accuracy: 0.9088
Epoch 323/350
391/391 - 23s - loss: 0.0959 - accuracy: 0.9820 - val_loss: 0.5233 - val_accuracy: 0.9086
Epoch 324/350
391/391 - 23s - loss: 0.0978 - accuracy: 0.9820 - val_loss: 0.5230 - val_accuracy: 0.9088
Epoch 325/350
391/391 - 23s - loss: 0.0989 - accuracy: 0.9820 - val_loss: 0.5226 - val_accuracy: 0.9086
Epoch 326/350
391/391 - 23s - loss: 0.0951 - accuracy: 0.9828 - val_loss: 0.5226 - val_accuracy: 0.9087
Epoch 327/350
391/391 - 23s - loss: 0.0964 - accuracy: 0.9822 - val_loss: 0.5225 - val_accuracy: 0.9085
Epoch 328/350
391/391 - 23s - loss: 0.0965 - accuracy: 0.9818 - val_loss: 0.5228 - val_accuracy: 0.9087
Epoch 329/350
391/391 - 23s - loss: 0.0955 - accuracy: 0.9821 - val_loss: 0.5230 - val_accuracy: 0.9086
Epoch 330/350
391/391 - 23s - loss: 0.0962 - accuracy: 0.9824 - val_loss: 0.5235 - val_accuracy: 0.9087
Epoch 331/350
391/391 - 23s - loss: 0.0962 - accuracy: 0.9825 - val_loss: 0.5238 - val_accuracy: 0.9088
Epoch 332/350
391/391 - 23s - loss: 0.0946 - accuracy: 0.9824 - val_loss: 0.5240 - val_accuracy: 0.9089
Epoch 333/350
391/391 - 23s - loss: 0.0942 - accuracy: 0.9831 - val_loss: 0.5242 - val_accuracy: 0.9085
Epoch 334/350
391/391 - 23s - loss: 0.0952 - accuracy: 0.9827 - val_loss: 0.5244 - val_accuracy: 0.9085
Epoch 335/350
391/391 - 23s - loss: 0.0965 - accuracy: 0.9827 - val_loss: 0.5242 - val_accuracy: 0.9084
Epoch 336/350
391/391 - 23s - loss: 0.0971 - accuracy: 0.9815 - val_loss: 0.5239 - val_accuracy: 0.9084
Epoch 337/350
391/391 - 23s - loss: 0.0954 - accuracy: 0.9824 - val_loss: 0.5241 - val_accuracy: 0.9082
Epoch 338/350
391/391 - 23s - loss: 0.0945 - accuracy: 0.9831 - val_loss: 0.5239 - val_accuracy: 0.9085
Epoch 339/350
391/391 - 23s - loss: 0.0980 - accuracy: 0.9822 - val_loss: 0.5238 - val_accuracy: 0.9086
Epoch 340/350
391/391 - 23s - loss: 0.0954 - accuracy: 0.9825 - val_loss: 0.5240 - val_accuracy: 0.9087
Epoch 341/350
391/391 - 24s - loss: 0.0964 - accuracy: 0.9823 - val_loss: 0.5234 - val_accuracy: 0.9086
Epoch 342/350
391/391 - 23s - loss: 0.0955 - accuracy: 0.9824 - val_loss: 0.5236 - val_accuracy: 0.9084
Epoch 343/350
391/391 - 23s - loss: 0.0979 - accuracy: 0.9819 - val_loss: 0.5236 - val_accuracy: 0.9086
Epoch 344/350
391/391 - 23s - loss: 0.0958 - accuracy: 0.9829 - val_loss: 0.5239 - val_accuracy: 0.9085
Epoch 345/350
391/391 - 23s - loss: 0.0957 - accuracy: 0.9823 - val_loss: 0.5242 - val_accuracy: 0.9085
Epoch 346/350
391/391 - 23s - loss: 0.0951 - accuracy: 0.9824 - val_loss: 0.5243 - val_accuracy: 0.9086
Epoch 347/350
391/391 - 23s - loss: 0.0961 - accuracy: 0.9825 - val_loss: 0.5244 - val_accuracy: 0.9085
Epoch 348/350
391/391 - 23s - loss: 0.0963 - accuracy: 0.9816 - val_loss: 0.5247 - val_accuracy: 0.9085
Epoch 349/350
391/391 - 23s - loss: 0.0955 - accuracy: 0.9825 - val_loss: 0.5250 - val_accuracy: 0.9088
Epoch 350/350


Snapshot weight 0 shuffle 9 at epoch 350
Layer 11
Getting activations...


391/391 - 23s - loss: 0.0941 - accuracy: 0.9830 - val_loss: 0.5254 - val_accuracy: 0.9088
/usr/local/lib/python3.6/dist-packages/tensorflow/python/autograph/impl/api.py:493: UserWarning: fill_value is not supported and is always 0 for TensorFlow < 2.4.0.
  return py_builtins.overload_of(f)(*args)
WARNING:tensorflow:From /usr/local/lib/python3.6/dist-packages/tensorflow/python/training/tracking/tracking.py:111: Model.state_updates (from tensorflow.python.keras.engine.training) is deprecated and will be removed in a future version.
Instructions for updating:
This property should not be used in TensorFlow 2.0, as updates are applied automatically.
2021-07-02 21:27:20.262363: W tensorflow/python/util/util.cc:348] Sets are not currently considered sequences, but this may change in the future, so consider avoiding using them.
WARNING:tensorflow:From /usr/local/lib/python3.6/dist-packages/tensorflow/python/training/tracking/tracking.py:111: Layer.updates (from tensorflow.python.keras.engine.base_layer) is deprecated and will be removed in a future version.
Instructions for updating:
This property should not be used in TensorFlow 2.0, as updates are applied automatically.
Saving, final validation acc: 0.9088000059127808
