2021-07-01 18:39:19.883346: I tensorflow/stream_executor/platform/default/dso_loader.cc:48] Successfully opened dynamic library libcudart.so.10.1
2021-07-01 18:41:10.499824: I tensorflow/stream_executor/platform/default/dso_loader.cc:48] Successfully opened dynamic library libcuda.so.1
2021-07-01 18:41:10.530157: I tensorflow/core/common_runtime/gpu/gpu_device.cc:1716] Found device 0 with properties: 
pciBusID: 0000:03:00.0 name: NVIDIA TITAN Xp computeCapability: 6.1
coreClock: 1.582GHz coreCount: 30 deviceMemorySize: 11.91GiB deviceMemoryBandwidth: 510.07GiB/s
2021-07-01 18:41:10.530242: I tensorflow/stream_executor/platform/default/dso_loader.cc:48] Successfully opened dynamic library libcudart.so.10.1
2021-07-01 18:41:10.591933: I tensorflow/stream_executor/platform/default/dso_loader.cc:48] Successfully opened dynamic library libcublas.so.10
2021-07-01 18:41:10.622242: I tensorflow/stream_executor/platform/default/dso_loader.cc:48] Successfully opened dynamic library libcufft.so.10
2021-07-01 18:41:11.978037: I tensorflow/stream_executor/platform/default/dso_loader.cc:48] Successfully opened dynamic library libcurand.so.10
2021-07-01 18:41:13.625369: I tensorflow/stream_executor/platform/default/dso_loader.cc:48] Successfully opened dynamic library libcusolver.so.10
2021-07-01 18:41:14.209247: I tensorflow/stream_executor/platform/default/dso_loader.cc:48] Successfully opened dynamic library libcusparse.so.10
2021-07-01 18:41:14.403919: I tensorflow/stream_executor/platform/default/dso_loader.cc:48] Successfully opened dynamic library libcudnn.so.7
2021-07-01 18:41:14.406761: I tensorflow/core/common_runtime/gpu/gpu_device.cc:1858] Adding visible gpu devices: 0
2021-07-01 18:41:14.411341: I tensorflow/core/platform/cpu_feature_guard.cc:142] This TensorFlow binary is optimized with oneAPI Deep Neural Network Library (oneDNN)to use the following CPU instructions in performance-critical operations:  AVX2 FMA
To enable them in other operations, rebuild TensorFlow with the appropriate compiler flags.
2021-07-01 18:41:14.430581: I tensorflow/core/platform/profile_utils/cpu_utils.cc:104] CPU Frequency: 2600075000 Hz
2021-07-01 18:41:14.430717: I tensorflow/compiler/xla/service/service.cc:168] XLA service 0x434f760 initialized for platform Host (this does not guarantee that XLA will be used). Devices:
2021-07-01 18:41:14.430740: I tensorflow/compiler/xla/service/service.cc:176]   StreamExecutor device (0): Host, Default Version
2021-07-01 18:41:14.578292: I tensorflow/compiler/xla/service/service.cc:168] XLA service 0x43477c0 initialized for platform CUDA (this does not guarantee that XLA will be used). Devices:
2021-07-01 18:41:14.578359: I tensorflow/compiler/xla/service/service.cc:176]   StreamExecutor device (0): NVIDIA TITAN Xp, Compute Capability 6.1
2021-07-01 18:41:14.581351: I tensorflow/core/common_runtime/gpu/gpu_device.cc:1716] Found device 0 with properties: 
pciBusID: 0000:03:00.0 name: NVIDIA TITAN Xp computeCapability: 6.1
coreClock: 1.582GHz coreCount: 30 deviceMemorySize: 11.91GiB deviceMemoryBandwidth: 510.07GiB/s
2021-07-01 18:41:14.581395: I tensorflow/stream_executor/platform/default/dso_loader.cc:48] Successfully opened dynamic library libcudart.so.10.1
2021-07-01 18:41:14.581429: I tensorflow/stream_executor/platform/default/dso_loader.cc:48] Successfully opened dynamic library libcublas.so.10
2021-07-01 18:41:14.581450: I tensorflow/stream_executor/platform/default/dso_loader.cc:48] Successfully opened dynamic library libcufft.so.10
2021-07-01 18:41:14.581470: I tensorflow/stream_executor/platform/default/dso_loader.cc:48] Successfully opened dynamic library libcurand.so.10
2021-07-01 18:41:14.581489: I tensorflow/stream_executor/platform/default/dso_loader.cc:48] Successfully opened dynamic library libcusolver.so.10
2021-07-01 18:41:14.581508: I tensorflow/stream_executor/platform/default/dso_loader.cc:48] Successfully opened dynamic library libcusparse.so.10
2021-07-01 18:41:14.581528: I tensorflow/stream_executor/platform/default/dso_loader.cc:48] Successfully opened dynamic library libcudnn.so.7
2021-07-01 18:41:14.584403: I tensorflow/core/common_runtime/gpu/gpu_device.cc:1858] Adding visible gpu devices: 0
2021-07-01 18:41:14.586429: I tensorflow/stream_executor/platform/default/dso_loader.cc:48] Successfully opened dynamic library libcudart.so.10.1
2021-07-01 18:41:37.516800: I tensorflow/core/common_runtime/gpu/gpu_device.cc:1257] Device interconnect StreamExecutor with strength 1 edge matrix:
2021-07-01 18:41:37.516870: I tensorflow/core/common_runtime/gpu/gpu_device.cc:1263]      0 
2021-07-01 18:41:37.516886: I tensorflow/core/common_runtime/gpu/gpu_device.cc:1276] 0:   N 
2021-07-01 18:41:37.523760: I tensorflow/core/common_runtime/gpu/gpu_device.cc:1402] Created TensorFlow device (/job:localhost/replica:0/task:0/device:GPU:0 with 11218 MB memory) -> physical GPU (device: 0, name: NVIDIA TITAN Xp, pci bus id: 0000:03:00.0, compute capability: 6.1)
2021-07-01 18:41:43.279613: I tensorflow/stream_executor/platform/default/dso_loader.cc:48] Successfully opened dynamic library libcudnn.so.7
2021-07-01 18:42:11.281084: I tensorflow/stream_executor/platform/default/dso_loader.cc:48] Successfully opened dynamic library libcublas.so.10
Using model index: 9
Making train data...
GCN...
ZCA...
Done!
Making test data...
Done!
Epoch 1/350


Snapshot weight 9 shuffle 0 at epoch 1
Layer 11
Getting activations...


391/391 - 23s - loss: 2.3199 - accuracy: 0.1129 - val_loss: 2.2917 - val_accuracy: 0.1421
Epoch 2/350


Snapshot weight 9 shuffle 0 at epoch 2
Layer 11
Getting activations...


391/391 - 23s - loss: 2.2900 - accuracy: 0.1399 - val_loss: 2.2734 - val_accuracy: 0.1601
Epoch 3/350


Snapshot weight 9 shuffle 0 at epoch 3
Layer 11
Getting activations...


391/391 - 23s - loss: 2.2675 - accuracy: 0.1686 - val_loss: 2.2273 - val_accuracy: 0.1879
Epoch 4/350


Snapshot weight 9 shuffle 0 at epoch 4
Layer 11
Getting activations...


391/391 - 23s - loss: 2.2439 - accuracy: 0.1844 - val_loss: 2.2114 - val_accuracy: 0.1969
Epoch 5/350


Snapshot weight 9 shuffle 0 at epoch 5
Layer 11
Getting activations...


391/391 - 23s - loss: 2.2232 - accuracy: 0.1964 - val_loss: 2.2056 - val_accuracy: 0.2020
Epoch 6/350


Snapshot weight 9 shuffle 0 at epoch 6
Layer 11
Getting activations...


391/391 - 24s - loss: 2.1633 - accuracy: 0.2163 - val_loss: 2.0105 - val_accuracy: 0.2936
Epoch 7/350


Snapshot weight 9 shuffle 0 at epoch 7
Layer 11
Getting activations...


391/391 - 23s - loss: 1.9284 - accuracy: 0.3316 - val_loss: 1.7050 - val_accuracy: 0.4179
Epoch 8/350


Snapshot weight 9 shuffle 0 at epoch 8
Layer 11
Getting activations...


391/391 - 24s - loss: 1.5723 - accuracy: 0.4422 - val_loss: 1.3452 - val_accuracy: 0.5228
Epoch 9/350


Snapshot weight 9 shuffle 0 at epoch 9
Layer 11
Getting activations...


391/391 - 23s - loss: 1.3459 - accuracy: 0.5225 - val_loss: 1.4179 - val_accuracy: 0.5227
Epoch 10/350


Snapshot weight 9 shuffle 0 at epoch 10
Layer 11
Getting activations...


391/391 - 23s - loss: 1.2232 - accuracy: 0.5680 - val_loss: 1.1547 - val_accuracy: 0.6026
Epoch 11/350
391/391 - 23s - loss: 1.1445 - accuracy: 0.6008 - val_loss: 1.0046 - val_accuracy: 0.6556
Epoch 12/350
391/391 - 23s - loss: 1.0672 - accuracy: 0.6306 - val_loss: 0.9899 - val_accuracy: 0.6645
Epoch 13/350
391/391 - 23s - loss: 1.0084 - accuracy: 0.6555 - val_loss: 0.8787 - val_accuracy: 0.7021
Epoch 14/350
391/391 - 23s - loss: 0.9577 - accuracy: 0.6732 - val_loss: 0.8428 - val_accuracy: 0.7093
Epoch 15/350
391/391 - 23s - loss: 0.9121 - accuracy: 0.6883 - val_loss: 0.8168 - val_accuracy: 0.7209
Epoch 16/350
391/391 - 23s - loss: 0.8735 - accuracy: 0.7020 - val_loss: 0.7993 - val_accuracy: 0.7334
Epoch 17/350
391/391 - 23s - loss: 0.8326 - accuracy: 0.7165 - val_loss: 0.8386 - val_accuracy: 0.7233
Epoch 18/350
391/391 - 23s - loss: 0.7974 - accuracy: 0.7332 - val_loss: 0.7038 - val_accuracy: 0.7628
Epoch 19/350
391/391 - 23s - loss: 0.7750 - accuracy: 0.7397 - val_loss: 0.7179 - val_accuracy: 0.7583
Epoch 20/350
391/391 - 23s - loss: 0.7532 - accuracy: 0.7465 - val_loss: 0.7752 - val_accuracy: 0.7533
Epoch 21/350
391/391 - 23s - loss: 0.7301 - accuracy: 0.7585 - val_loss: 0.7991 - val_accuracy: 0.7477
Epoch 22/350
391/391 - 23s - loss: 0.7023 - accuracy: 0.7674 - val_loss: 0.6925 - val_accuracy: 0.7702
Epoch 23/350
391/391 - 23s - loss: 0.6764 - accuracy: 0.7755 - val_loss: 0.6555 - val_accuracy: 0.7806
Epoch 24/350
391/391 - 23s - loss: 0.6629 - accuracy: 0.7790 - val_loss: 0.6074 - val_accuracy: 0.7994
Epoch 25/350
391/391 - 23s - loss: 0.6475 - accuracy: 0.7870 - val_loss: 0.6317 - val_accuracy: 0.7889
Epoch 26/350
391/391 - 23s - loss: 0.6283 - accuracy: 0.7924 - val_loss: 0.5594 - val_accuracy: 0.8162
Epoch 27/350
391/391 - 23s - loss: 0.6088 - accuracy: 0.7990 - val_loss: 0.5586 - val_accuracy: 0.8201
Epoch 28/350
391/391 - 23s - loss: 0.6046 - accuracy: 0.8013 - val_loss: 0.5362 - val_accuracy: 0.8299
Epoch 29/350
391/391 - 23s - loss: 0.5936 - accuracy: 0.8047 - val_loss: 0.5258 - val_accuracy: 0.8290
Epoch 30/350
391/391 - 23s - loss: 0.5794 - accuracy: 0.8081 - val_loss: 0.5488 - val_accuracy: 0.8201
Epoch 31/350
391/391 - 23s - loss: 0.5626 - accuracy: 0.8133 - val_loss: 0.5237 - val_accuracy: 0.8339
Epoch 32/350
391/391 - 23s - loss: 0.5553 - accuracy: 0.8166 - val_loss: 0.5093 - val_accuracy: 0.8371
Epoch 33/350
391/391 - 23s - loss: 0.5443 - accuracy: 0.8211 - val_loss: 0.5161 - val_accuracy: 0.8363
Epoch 34/350
391/391 - 23s - loss: 0.5309 - accuracy: 0.8279 - val_loss: 0.4778 - val_accuracy: 0.8461
Epoch 35/350
391/391 - 23s - loss: 0.5229 - accuracy: 0.8283 - val_loss: 0.5311 - val_accuracy: 0.8283
Epoch 36/350
391/391 - 23s - loss: 0.5156 - accuracy: 0.8316 - val_loss: 0.5137 - val_accuracy: 0.8352
Epoch 37/350
391/391 - 23s - loss: 0.5049 - accuracy: 0.8357 - val_loss: 0.4988 - val_accuracy: 0.8430
Epoch 38/350
391/391 - 23s - loss: 0.4959 - accuracy: 0.8387 - val_loss: 0.5133 - val_accuracy: 0.8412
Epoch 39/350
391/391 - 24s - loss: 0.4829 - accuracy: 0.8415 - val_loss: 0.4766 - val_accuracy: 0.8484
Epoch 40/350
391/391 - 23s - loss: 0.4808 - accuracy: 0.8443 - val_loss: 0.4958 - val_accuracy: 0.8399
Epoch 41/350
391/391 - 23s - loss: 0.4771 - accuracy: 0.8437 - val_loss: 0.4519 - val_accuracy: 0.8575
Epoch 42/350
391/391 - 23s - loss: 0.4654 - accuracy: 0.8498 - val_loss: 0.4756 - val_accuracy: 0.8495
Epoch 43/350
391/391 - 23s - loss: 0.4569 - accuracy: 0.8519 - val_loss: 0.4784 - val_accuracy: 0.8490
Epoch 44/350
391/391 - 23s - loss: 0.4573 - accuracy: 0.8514 - val_loss: 0.4779 - val_accuracy: 0.8506
Epoch 45/350
391/391 - 23s - loss: 0.4486 - accuracy: 0.8537 - val_loss: 0.5023 - val_accuracy: 0.8387
Epoch 46/350
391/391 - 23s - loss: 0.4375 - accuracy: 0.8587 - val_loss: 0.4637 - val_accuracy: 0.8561
Epoch 47/350
391/391 - 23s - loss: 0.4317 - accuracy: 0.8609 - val_loss: 0.4351 - val_accuracy: 0.8683
Epoch 48/350
391/391 - 23s - loss: 0.4280 - accuracy: 0.8620 - val_loss: 0.4664 - val_accuracy: 0.8549
Epoch 49/350
391/391 - 23s - loss: 0.4271 - accuracy: 0.8605 - val_loss: 0.4701 - val_accuracy: 0.8553
Epoch 50/350


Snapshot weight 9 shuffle 0 at epoch 50
Layer 11
Getting activations...


391/391 - 24s - loss: 0.4193 - accuracy: 0.8640 - val_loss: 0.5093 - val_accuracy: 0.8486
Epoch 51/350
391/391 - 23s - loss: 0.4152 - accuracy: 0.8665 - val_loss: 0.4491 - val_accuracy: 0.8641
Epoch 52/350
391/391 - 23s - loss: 0.3994 - accuracy: 0.8725 - val_loss: 0.4424 - val_accuracy: 0.8660
Epoch 53/350
391/391 - 23s - loss: 0.4025 - accuracy: 0.8716 - val_loss: 0.4704 - val_accuracy: 0.8584
Epoch 54/350
391/391 - 23s - loss: 0.3967 - accuracy: 0.8730 - val_loss: 0.4295 - val_accuracy: 0.8685
Epoch 55/350
391/391 - 23s - loss: 0.3967 - accuracy: 0.8726 - val_loss: 0.4400 - val_accuracy: 0.8694
Epoch 56/350
391/391 - 24s - loss: 0.3879 - accuracy: 0.8744 - val_loss: 0.4393 - val_accuracy: 0.8659
Epoch 57/350
391/391 - 23s - loss: 0.3849 - accuracy: 0.8769 - val_loss: 0.4595 - val_accuracy: 0.8622
Epoch 58/350
391/391 - 23s - loss: 0.3762 - accuracy: 0.8788 - val_loss: 0.4572 - val_accuracy: 0.8623
Epoch 59/350
391/391 - 23s - loss: 0.3751 - accuracy: 0.8795 - val_loss: 0.4598 - val_accuracy: 0.8643
Epoch 60/350
391/391 - 23s - loss: 0.3732 - accuracy: 0.8803 - val_loss: 0.4483 - val_accuracy: 0.8718
Epoch 61/350
391/391 - 23s - loss: 0.3674 - accuracy: 0.8814 - val_loss: 0.4299 - val_accuracy: 0.8704
Epoch 62/350
391/391 - 23s - loss: 0.3630 - accuracy: 0.8844 - val_loss: 0.4039 - val_accuracy: 0.8781
Epoch 63/350
391/391 - 23s - loss: 0.3606 - accuracy: 0.8849 - val_loss: 0.4177 - val_accuracy: 0.8760
Epoch 64/350
391/391 - 23s - loss: 0.3523 - accuracy: 0.8890 - val_loss: 0.4552 - val_accuracy: 0.8619
Epoch 65/350
391/391 - 23s - loss: 0.3551 - accuracy: 0.8870 - val_loss: 0.4220 - val_accuracy: 0.8767
Epoch 66/350
391/391 - 23s - loss: 0.3486 - accuracy: 0.8882 - val_loss: 0.4217 - val_accuracy: 0.8745
Epoch 67/350
391/391 - 23s - loss: 0.3456 - accuracy: 0.8906 - val_loss: 0.4224 - val_accuracy: 0.8782
Epoch 68/350
391/391 - 23s - loss: 0.3442 - accuracy: 0.8914 - val_loss: 0.4285 - val_accuracy: 0.8754
Epoch 69/350
391/391 - 23s - loss: 0.3395 - accuracy: 0.8926 - val_loss: 0.4183 - val_accuracy: 0.8781
Epoch 70/350
391/391 - 23s - loss: 0.3354 - accuracy: 0.8942 - val_loss: 0.4391 - val_accuracy: 0.8668
Epoch 71/350
391/391 - 23s - loss: 0.3311 - accuracy: 0.8948 - val_loss: 0.3998 - val_accuracy: 0.8836
Epoch 72/350
391/391 - 23s - loss: 0.3346 - accuracy: 0.8939 - val_loss: 0.4384 - val_accuracy: 0.8748
Epoch 73/350
391/391 - 23s - loss: 0.3266 - accuracy: 0.8962 - val_loss: 0.4236 - val_accuracy: 0.8796
Epoch 74/350
391/391 - 23s - loss: 0.3219 - accuracy: 0.8997 - val_loss: 0.4239 - val_accuracy: 0.8790
Epoch 75/350
391/391 - 23s - loss: 0.3192 - accuracy: 0.8994 - val_loss: 0.4127 - val_accuracy: 0.8835
Epoch 76/350
391/391 - 23s - loss: 0.3166 - accuracy: 0.8997 - val_loss: 0.4601 - val_accuracy: 0.8740
Epoch 77/350
391/391 - 23s - loss: 0.3176 - accuracy: 0.9003 - val_loss: 0.4153 - val_accuracy: 0.8828
Epoch 78/350
391/391 - 23s - loss: 0.3108 - accuracy: 0.9023 - val_loss: 0.3974 - val_accuracy: 0.8912
Epoch 79/350
391/391 - 23s - loss: 0.3112 - accuracy: 0.9023 - val_loss: 0.4435 - val_accuracy: 0.8740
Epoch 80/350
391/391 - 23s - loss: 0.3079 - accuracy: 0.9045 - val_loss: 0.4027 - val_accuracy: 0.8857
Epoch 81/350
391/391 - 23s - loss: 0.2984 - accuracy: 0.9078 - val_loss: 0.4346 - val_accuracy: 0.8723
Epoch 82/350
391/391 - 23s - loss: 0.3017 - accuracy: 0.9053 - val_loss: 0.4085 - val_accuracy: 0.8824
Epoch 83/350
391/391 - 23s - loss: 0.2980 - accuracy: 0.9067 - val_loss: 0.4000 - val_accuracy: 0.8853
Epoch 84/350
391/391 - 23s - loss: 0.3002 - accuracy: 0.9062 - val_loss: 0.4300 - val_accuracy: 0.8780
Epoch 85/350
391/391 - 23s - loss: 0.2913 - accuracy: 0.9100 - val_loss: 0.3924 - val_accuracy: 0.8856
Epoch 86/350
391/391 - 23s - loss: 0.2935 - accuracy: 0.9083 - val_loss: 0.4180 - val_accuracy: 0.8849
Epoch 87/350
391/391 - 23s - loss: 0.2924 - accuracy: 0.9105 - val_loss: 0.3945 - val_accuracy: 0.8844
Epoch 88/350
391/391 - 23s - loss: 0.2890 - accuracy: 0.9111 - val_loss: 0.4297 - val_accuracy: 0.8837
Epoch 89/350
391/391 - 23s - loss: 0.2868 - accuracy: 0.9113 - val_loss: 0.4128 - val_accuracy: 0.8853
Epoch 90/350
391/391 - 23s - loss: 0.2854 - accuracy: 0.9127 - val_loss: 0.4039 - val_accuracy: 0.8880
Epoch 91/350
391/391 - 23s - loss: 0.2778 - accuracy: 0.9148 - val_loss: 0.4387 - val_accuracy: 0.8808
Epoch 92/350
391/391 - 23s - loss: 0.2761 - accuracy: 0.9158 - val_loss: 0.4120 - val_accuracy: 0.8883
Epoch 93/350
391/391 - 23s - loss: 0.2746 - accuracy: 0.9168 - val_loss: 0.4138 - val_accuracy: 0.8892
Epoch 94/350
391/391 - 23s - loss: 0.2718 - accuracy: 0.9174 - val_loss: 0.4171 - val_accuracy: 0.8858
Epoch 95/350
391/391 - 23s - loss: 0.2720 - accuracy: 0.9169 - val_loss: 0.4508 - val_accuracy: 0.8755
Epoch 96/350
391/391 - 23s - loss: 0.2707 - accuracy: 0.9168 - val_loss: 0.4308 - val_accuracy: 0.8824
Epoch 97/350
391/391 - 23s - loss: 0.2703 - accuracy: 0.9175 - val_loss: 0.4150 - val_accuracy: 0.8832
Epoch 98/350
391/391 - 23s - loss: 0.2624 - accuracy: 0.9198 - val_loss: 0.4045 - val_accuracy: 0.8897
Epoch 99/350
391/391 - 23s - loss: 0.2664 - accuracy: 0.9185 - val_loss: 0.4005 - val_accuracy: 0.8888
Epoch 100/350


Snapshot weight 9 shuffle 0 at epoch 100
Layer 11
Getting activations...


391/391 - 23s - loss: 0.2577 - accuracy: 0.9217 - val_loss: 0.4173 - val_accuracy: 0.8855
Epoch 101/350
391/391 - 23s - loss: 0.2616 - accuracy: 0.9195 - val_loss: 0.4696 - val_accuracy: 0.8807
Epoch 102/350
391/391 - 23s - loss: 0.2609 - accuracy: 0.9207 - val_loss: 0.4112 - val_accuracy: 0.8891
Epoch 103/350
391/391 - 23s - loss: 0.2590 - accuracy: 0.9211 - val_loss: 0.4239 - val_accuracy: 0.8854
Epoch 104/350
391/391 - 23s - loss: 0.2521 - accuracy: 0.9244 - val_loss: 0.4218 - val_accuracy: 0.8898
Epoch 105/350
391/391 - 23s - loss: 0.2562 - accuracy: 0.9222 - val_loss: 0.4123 - val_accuracy: 0.8886
Epoch 106/350
391/391 - 23s - loss: 0.2557 - accuracy: 0.9223 - val_loss: 0.4282 - val_accuracy: 0.8874
Epoch 107/350
391/391 - 23s - loss: 0.2424 - accuracy: 0.9258 - val_loss: 0.4457 - val_accuracy: 0.8802
Epoch 108/350
391/391 - 23s - loss: 0.2489 - accuracy: 0.9262 - val_loss: 0.4151 - val_accuracy: 0.8857
Epoch 109/350
391/391 - 23s - loss: 0.2427 - accuracy: 0.9280 - val_loss: 0.4109 - val_accuracy: 0.8928
Epoch 110/350
391/391 - 23s - loss: 0.2446 - accuracy: 0.9276 - val_loss: 0.4108 - val_accuracy: 0.8901
Epoch 111/350
391/391 - 23s - loss: 0.2432 - accuracy: 0.9281 - val_loss: 0.4571 - val_accuracy: 0.8806
Epoch 112/350
391/391 - 23s - loss: 0.2403 - accuracy: 0.9280 - val_loss: 0.4444 - val_accuracy: 0.8858
Epoch 113/350
391/391 - 23s - loss: 0.2420 - accuracy: 0.9267 - val_loss: 0.4416 - val_accuracy: 0.8829
Epoch 114/350
391/391 - 23s - loss: 0.2431 - accuracy: 0.9263 - val_loss: 0.4609 - val_accuracy: 0.8848
Epoch 115/350
391/391 - 23s - loss: 0.2353 - accuracy: 0.9308 - val_loss: 0.4479 - val_accuracy: 0.8872
Epoch 116/350
391/391 - 23s - loss: 0.2355 - accuracy: 0.9306 - val_loss: 0.4269 - val_accuracy: 0.8905
Epoch 117/350
391/391 - 23s - loss: 0.2350 - accuracy: 0.9299 - val_loss: 0.4466 - val_accuracy: 0.8867
Epoch 118/350
391/391 - 23s - loss: 0.2380 - accuracy: 0.9294 - val_loss: 0.4382 - val_accuracy: 0.8866
Epoch 119/350
391/391 - 23s - loss: 0.2301 - accuracy: 0.9317 - val_loss: 0.4266 - val_accuracy: 0.8873
Epoch 120/350
391/391 - 23s - loss: 0.2298 - accuracy: 0.9318 - val_loss: 0.4423 - val_accuracy: 0.8868
Epoch 121/350
391/391 - 23s - loss: 0.2333 - accuracy: 0.9318 - val_loss: 0.4296 - val_accuracy: 0.8903
Epoch 122/350
391/391 - 23s - loss: 0.2304 - accuracy: 0.9314 - val_loss: 0.4238 - val_accuracy: 0.8965
Epoch 123/350
391/391 - 23s - loss: 0.2246 - accuracy: 0.9339 - val_loss: 0.4292 - val_accuracy: 0.8922
Epoch 124/350
391/391 - 23s - loss: 0.2334 - accuracy: 0.9295 - val_loss: 0.4316 - val_accuracy: 0.8895
Epoch 125/350
391/391 - 23s - loss: 0.2223 - accuracy: 0.9351 - val_loss: 0.4482 - val_accuracy: 0.8914
Epoch 126/350
391/391 - 23s - loss: 0.2261 - accuracy: 0.9335 - val_loss: 0.4226 - val_accuracy: 0.8917
Epoch 127/350
391/391 - 23s - loss: 0.2246 - accuracy: 0.9344 - val_loss: 0.4265 - val_accuracy: 0.8941
Epoch 128/350
391/391 - 23s - loss: 0.2257 - accuracy: 0.9348 - val_loss: 0.4115 - val_accuracy: 0.8941
Epoch 129/350
391/391 - 23s - loss: 0.2201 - accuracy: 0.9364 - val_loss: 0.4435 - val_accuracy: 0.8918
Epoch 130/350
391/391 - 23s - loss: 0.2187 - accuracy: 0.9362 - val_loss: 0.4247 - val_accuracy: 0.8964
Epoch 131/350
391/391 - 23s - loss: 0.2224 - accuracy: 0.9360 - val_loss: 0.4323 - val_accuracy: 0.8923
Epoch 132/350
391/391 - 23s - loss: 0.2164 - accuracy: 0.9377 - val_loss: 0.4401 - val_accuracy: 0.8942
Epoch 133/350
391/391 - 23s - loss: 0.2162 - accuracy: 0.9370 - val_loss: 0.4286 - val_accuracy: 0.8950
Epoch 134/350
391/391 - 23s - loss: 0.2134 - accuracy: 0.9392 - val_loss: 0.4270 - val_accuracy: 0.8889
Epoch 135/350
391/391 - 23s - loss: 0.2098 - accuracy: 0.9396 - val_loss: 0.4426 - val_accuracy: 0.8957
Epoch 136/350
391/391 - 23s - loss: 0.2117 - accuracy: 0.9400 - val_loss: 0.4567 - val_accuracy: 0.8913
Epoch 137/350
391/391 - 23s - loss: 0.2115 - accuracy: 0.9392 - val_loss: 0.4435 - val_accuracy: 0.8966
Epoch 138/350
391/391 - 23s - loss: 0.2128 - accuracy: 0.9392 - val_loss: 0.4123 - val_accuracy: 0.8949
Epoch 139/350
391/391 - 23s - loss: 0.2018 - accuracy: 0.9435 - val_loss: 0.5185 - val_accuracy: 0.8822
Epoch 140/350
391/391 - 23s - loss: 0.2072 - accuracy: 0.9410 - val_loss: 0.4320 - val_accuracy: 0.8961
Epoch 141/350
391/391 - 23s - loss: 0.2077 - accuracy: 0.9408 - val_loss: 0.4473 - val_accuracy: 0.8906
Epoch 142/350
391/391 - 23s - loss: 0.2085 - accuracy: 0.9400 - val_loss: 0.4358 - val_accuracy: 0.8955
Epoch 143/350
391/391 - 23s - loss: 0.2064 - accuracy: 0.9404 - val_loss: 0.4610 - val_accuracy: 0.8889
Epoch 144/350
391/391 - 23s - loss: 0.2057 - accuracy: 0.9418 - val_loss: 0.4370 - val_accuracy: 0.8964
Epoch 145/350
391/391 - 23s - loss: 0.2012 - accuracy: 0.9431 - val_loss: 0.4526 - val_accuracy: 0.8878
Epoch 146/350
391/391 - 23s - loss: 0.2034 - accuracy: 0.9429 - val_loss: 0.4477 - val_accuracy: 0.8937
Epoch 147/350
391/391 - 23s - loss: 0.2045 - accuracy: 0.9419 - val_loss: 0.4418 - val_accuracy: 0.8911
Epoch 148/350
391/391 - 23s - loss: 0.2015 - accuracy: 0.9434 - val_loss: 0.4343 - val_accuracy: 0.8916
Epoch 149/350
391/391 - 23s - loss: 0.2015 - accuracy: 0.9433 - val_loss: 0.4303 - val_accuracy: 0.8956
Epoch 150/350


Snapshot weight 9 shuffle 0 at epoch 150
Layer 11
Getting activations...


391/391 - 23s - loss: 0.2023 - accuracy: 0.9425 - val_loss: 0.4490 - val_accuracy: 0.8958
Epoch 151/350
391/391 - 23s - loss: 0.1921 - accuracy: 0.9473 - val_loss: 0.4623 - val_accuracy: 0.8951
Epoch 152/350
391/391 - 23s - loss: 0.1960 - accuracy: 0.9454 - val_loss: 0.4619 - val_accuracy: 0.8960
Epoch 153/350
391/391 - 23s - loss: 0.1976 - accuracy: 0.9453 - val_loss: 0.4439 - val_accuracy: 0.8955
Epoch 154/350
391/391 - 23s - loss: 0.1991 - accuracy: 0.9444 - val_loss: 0.4154 - val_accuracy: 0.8986
Epoch 155/350
391/391 - 23s - loss: 0.1948 - accuracy: 0.9463 - val_loss: 0.4507 - val_accuracy: 0.8942
Epoch 156/350
391/391 - 23s - loss: 0.1930 - accuracy: 0.9469 - val_loss: 0.4881 - val_accuracy: 0.8921
Epoch 157/350
391/391 - 23s - loss: 0.1966 - accuracy: 0.9450 - val_loss: 0.4780 - val_accuracy: 0.8930
Epoch 158/350
391/391 - 23s - loss: 0.1966 - accuracy: 0.9447 - val_loss: 0.4450 - val_accuracy: 0.8964
Epoch 159/350
391/391 - 23s - loss: 0.1883 - accuracy: 0.9486 - val_loss: 0.4530 - val_accuracy: 0.8938
Epoch 160/350
391/391 - 23s - loss: 0.1848 - accuracy: 0.9500 - val_loss: 0.4557 - val_accuracy: 0.8936
Epoch 161/350
391/391 - 23s - loss: 0.1865 - accuracy: 0.9488 - val_loss: 0.4334 - val_accuracy: 0.9002
Epoch 162/350
391/391 - 23s - loss: 0.1894 - accuracy: 0.9471 - val_loss: 0.4379 - val_accuracy: 0.8938
Epoch 163/350
391/391 - 23s - loss: 0.1920 - accuracy: 0.9466 - val_loss: 0.4490 - val_accuracy: 0.8950
Epoch 164/350
391/391 - 23s - loss: 0.1860 - accuracy: 0.9495 - val_loss: 0.4525 - val_accuracy: 0.8980
Epoch 165/350
391/391 - 23s - loss: 0.1874 - accuracy: 0.9492 - val_loss: 0.4586 - val_accuracy: 0.8953
Epoch 166/350
391/391 - 23s - loss: 0.1833 - accuracy: 0.9496 - val_loss: 0.4472 - val_accuracy: 0.8973
Epoch 167/350
391/391 - 23s - loss: 0.1856 - accuracy: 0.9509 - val_loss: 0.4653 - val_accuracy: 0.8948
Epoch 168/350
391/391 - 23s - loss: 0.1854 - accuracy: 0.9498 - val_loss: 0.4322 - val_accuracy: 0.8969
Epoch 169/350
391/391 - 23s - loss: 0.1818 - accuracy: 0.9503 - val_loss: 0.4479 - val_accuracy: 0.9012
Epoch 170/350
391/391 - 23s - loss: 0.1841 - accuracy: 0.9496 - val_loss: 0.4399 - val_accuracy: 0.9012
Epoch 171/350
391/391 - 23s - loss: 0.1818 - accuracy: 0.9512 - val_loss: 0.5364 - val_accuracy: 0.8833
Epoch 172/350
391/391 - 23s - loss: 0.1819 - accuracy: 0.9509 - val_loss: 0.4594 - val_accuracy: 0.8956
Epoch 173/350
391/391 - 23s - loss: 0.1825 - accuracy: 0.9510 - val_loss: 0.5022 - val_accuracy: 0.8870
Epoch 174/350
391/391 - 23s - loss: 0.1841 - accuracy: 0.9501 - val_loss: 0.4543 - val_accuracy: 0.8986
Epoch 175/350
391/391 - 23s - loss: 0.1791 - accuracy: 0.9530 - val_loss: 0.4376 - val_accuracy: 0.8974
Epoch 176/350
391/391 - 23s - loss: 0.1801 - accuracy: 0.9518 - val_loss: 0.4957 - val_accuracy: 0.8948
Epoch 177/350
391/391 - 23s - loss: 0.1813 - accuracy: 0.9513 - val_loss: 0.4462 - val_accuracy: 0.8983
Epoch 178/350
391/391 - 23s - loss: 0.1755 - accuracy: 0.9540 - val_loss: 0.4624 - val_accuracy: 0.8983
Epoch 179/350
391/391 - 23s - loss: 0.1804 - accuracy: 0.9507 - val_loss: 0.4528 - val_accuracy: 0.9002
Epoch 180/350
391/391 - 23s - loss: 0.1759 - accuracy: 0.9538 - val_loss: 0.4832 - val_accuracy: 0.8877
Epoch 181/350
391/391 - 23s - loss: 0.1791 - accuracy: 0.9516 - val_loss: 0.4448 - val_accuracy: 0.8961
Epoch 182/350
391/391 - 23s - loss: 0.1732 - accuracy: 0.9542 - val_loss: 0.4933 - val_accuracy: 0.8930
Epoch 183/350
391/391 - 23s - loss: 0.1774 - accuracy: 0.9530 - val_loss: 0.4342 - val_accuracy: 0.9031
Epoch 184/350
391/391 - 23s - loss: 0.1743 - accuracy: 0.9537 - val_loss: 0.4370 - val_accuracy: 0.9031
Epoch 185/350
391/391 - 23s - loss: 0.1732 - accuracy: 0.9547 - val_loss: 0.4409 - val_accuracy: 0.9004
Epoch 186/350
391/391 - 23s - loss: 0.1735 - accuracy: 0.9547 - val_loss: 0.4775 - val_accuracy: 0.8975
Epoch 187/350
391/391 - 23s - loss: 0.1724 - accuracy: 0.9553 - val_loss: 0.4628 - val_accuracy: 0.8983
Epoch 188/350
391/391 - 23s - loss: 0.1704 - accuracy: 0.9552 - val_loss: 0.4647 - val_accuracy: 0.9009
Epoch 189/350
391/391 - 23s - loss: 0.1734 - accuracy: 0.9540 - val_loss: 0.4780 - val_accuracy: 0.8938
Epoch 190/350
391/391 - 23s - loss: 0.1701 - accuracy: 0.9557 - val_loss: 0.4498 - val_accuracy: 0.8967
Epoch 191/350
391/391 - 23s - loss: 0.1697 - accuracy: 0.9558 - val_loss: 0.4694 - val_accuracy: 0.9004
Epoch 192/350
391/391 - 23s - loss: 0.1709 - accuracy: 0.9554 - val_loss: 0.4852 - val_accuracy: 0.8956
Epoch 193/350
391/391 - 23s - loss: 0.1688 - accuracy: 0.9554 - val_loss: 0.4560 - val_accuracy: 0.9000
Epoch 194/350
391/391 - 23s - loss: 0.1703 - accuracy: 0.9559 - val_loss: 0.4634 - val_accuracy: 0.8987
Epoch 195/350
391/391 - 23s - loss: 0.1685 - accuracy: 0.9563 - val_loss: 0.4596 - val_accuracy: 0.8985
Epoch 196/350
391/391 - 23s - loss: 0.1670 - accuracy: 0.9571 - val_loss: 0.4775 - val_accuracy: 0.8960
Epoch 197/350
391/391 - 23s - loss: 0.1693 - accuracy: 0.9571 - val_loss: 0.4915 - val_accuracy: 0.8978
Epoch 198/350
391/391 - 23s - loss: 0.1685 - accuracy: 0.9570 - val_loss: 0.4334 - val_accuracy: 0.9029
Epoch 199/350
391/391 - 23s - loss: 0.1627 - accuracy: 0.9581 - val_loss: 0.4820 - val_accuracy: 0.8951
Epoch 200/350


Snapshot weight 9 shuffle 0 at epoch 200
Layer 11
Getting activations...


391/391 - 23s - loss: 0.1651 - accuracy: 0.9575 - val_loss: 0.4337 - val_accuracy: 0.8997
Epoch 201/350
391/391 - 23s - loss: 0.1403 - accuracy: 0.9666 - val_loss: 0.4443 - val_accuracy: 0.9064
Epoch 202/350
391/391 - 23s - loss: 0.1278 - accuracy: 0.9709 - val_loss: 0.4565 - val_accuracy: 0.9074
Epoch 203/350
391/391 - 23s - loss: 0.1269 - accuracy: 0.9718 - val_loss: 0.4585 - val_accuracy: 0.9076
Epoch 204/350
391/391 - 24s - loss: 0.1230 - accuracy: 0.9725 - val_loss: 0.4554 - val_accuracy: 0.9078
Epoch 205/350
391/391 - 23s - loss: 0.1217 - accuracy: 0.9736 - val_loss: 0.4593 - val_accuracy: 0.9087
Epoch 206/350
391/391 - 23s - loss: 0.1205 - accuracy: 0.9737 - val_loss: 0.4669 - val_accuracy: 0.9082
Epoch 207/350
391/391 - 24s - loss: 0.1178 - accuracy: 0.9746 - val_loss: 0.4662 - val_accuracy: 0.9083
Epoch 208/350
391/391 - 23s - loss: 0.1177 - accuracy: 0.9748 - val_loss: 0.4679 - val_accuracy: 0.9080
Epoch 209/350
391/391 - 23s - loss: 0.1186 - accuracy: 0.9738 - val_loss: 0.4699 - val_accuracy: 0.9104
Epoch 210/350
391/391 - 23s - loss: 0.1168 - accuracy: 0.9744 - val_loss: 0.4793 - val_accuracy: 0.9082
Epoch 211/350
391/391 - 23s - loss: 0.1158 - accuracy: 0.9748 - val_loss: 0.4775 - val_accuracy: 0.9098
Epoch 212/350
391/391 - 23s - loss: 0.1144 - accuracy: 0.9754 - val_loss: 0.4823 - val_accuracy: 0.9104
Epoch 213/350
391/391 - 23s - loss: 0.1159 - accuracy: 0.9746 - val_loss: 0.4800 - val_accuracy: 0.9089
Epoch 214/350
391/391 - 23s - loss: 0.1143 - accuracy: 0.9759 - val_loss: 0.4750 - val_accuracy: 0.9100
Epoch 215/350
391/391 - 23s - loss: 0.1135 - accuracy: 0.9759 - val_loss: 0.4817 - val_accuracy: 0.9082
Epoch 216/350
391/391 - 23s - loss: 0.1143 - accuracy: 0.9761 - val_loss: 0.4756 - val_accuracy: 0.9103
Epoch 217/350
391/391 - 23s - loss: 0.1146 - accuracy: 0.9753 - val_loss: 0.4892 - val_accuracy: 0.9088
Epoch 218/350
391/391 - 23s - loss: 0.1101 - accuracy: 0.9767 - val_loss: 0.4814 - val_accuracy: 0.9084
Epoch 219/350
391/391 - 23s - loss: 0.1099 - accuracy: 0.9774 - val_loss: 0.4783 - val_accuracy: 0.9115
Epoch 220/350
391/391 - 23s - loss: 0.1117 - accuracy: 0.9765 - val_loss: 0.4832 - val_accuracy: 0.9096
Epoch 221/350
391/391 - 23s - loss: 0.1106 - accuracy: 0.9778 - val_loss: 0.4864 - val_accuracy: 0.9081
Epoch 222/350
391/391 - 23s - loss: 0.1103 - accuracy: 0.9769 - val_loss: 0.4877 - val_accuracy: 0.9088
Epoch 223/350
391/391 - 23s - loss: 0.1117 - accuracy: 0.9760 - val_loss: 0.4891 - val_accuracy: 0.9082
Epoch 224/350
391/391 - 23s - loss: 0.1119 - accuracy: 0.9757 - val_loss: 0.4849 - val_accuracy: 0.9099
Epoch 225/350
391/391 - 23s - loss: 0.1094 - accuracy: 0.9771 - val_loss: 0.4811 - val_accuracy: 0.9097
Epoch 226/350
391/391 - 23s - loss: 0.1104 - accuracy: 0.9771 - val_loss: 0.4929 - val_accuracy: 0.9082
Epoch 227/350
391/391 - 23s - loss: 0.1104 - accuracy: 0.9769 - val_loss: 0.4914 - val_accuracy: 0.9083
Epoch 228/350
391/391 - 23s - loss: 0.1104 - accuracy: 0.9764 - val_loss: 0.4957 - val_accuracy: 0.9083
Epoch 229/350
391/391 - 23s - loss: 0.1082 - accuracy: 0.9779 - val_loss: 0.4921 - val_accuracy: 0.9094
Epoch 230/350
391/391 - 23s - loss: 0.1062 - accuracy: 0.9781 - val_loss: 0.5000 - val_accuracy: 0.9094
Epoch 231/350
391/391 - 23s - loss: 0.1088 - accuracy: 0.9778 - val_loss: 0.4916 - val_accuracy: 0.9100
Epoch 232/350
391/391 - 23s - loss: 0.1081 - accuracy: 0.9777 - val_loss: 0.5084 - val_accuracy: 0.9071
Epoch 233/350
391/391 - 23s - loss: 0.1081 - accuracy: 0.9779 - val_loss: 0.4892 - val_accuracy: 0.9092
Epoch 234/350
391/391 - 23s - loss: 0.1068 - accuracy: 0.9790 - val_loss: 0.4912 - val_accuracy: 0.9083
Epoch 235/350
391/391 - 23s - loss: 0.1095 - accuracy: 0.9774 - val_loss: 0.5052 - val_accuracy: 0.9075
Epoch 236/350
391/391 - 23s - loss: 0.1077 - accuracy: 0.9778 - val_loss: 0.4947 - val_accuracy: 0.9073
Epoch 237/350
391/391 - 23s - loss: 0.1082 - accuracy: 0.9778 - val_loss: 0.4934 - val_accuracy: 0.9085
Epoch 238/350
391/391 - 23s - loss: 0.1066 - accuracy: 0.9777 - val_loss: 0.4996 - val_accuracy: 0.9085
Epoch 239/350
391/391 - 23s - loss: 0.1066 - accuracy: 0.9791 - val_loss: 0.4964 - val_accuracy: 0.9075
Epoch 240/350
391/391 - 23s - loss: 0.1068 - accuracy: 0.9781 - val_loss: 0.4884 - val_accuracy: 0.9104
Epoch 241/350
391/391 - 23s - loss: 0.1064 - accuracy: 0.9787 - val_loss: 0.4925 - val_accuracy: 0.9098
Epoch 242/350
391/391 - 23s - loss: 0.1066 - accuracy: 0.9789 - val_loss: 0.4855 - val_accuracy: 0.9095
Epoch 243/350
391/391 - 23s - loss: 0.1042 - accuracy: 0.9788 - val_loss: 0.4944 - val_accuracy: 0.9069
Epoch 244/350
391/391 - 23s - loss: 0.1075 - accuracy: 0.9781 - val_loss: 0.4926 - val_accuracy: 0.9082
Epoch 245/350
391/391 - 23s - loss: 0.1074 - accuracy: 0.9778 - val_loss: 0.4902 - val_accuracy: 0.9106
Epoch 246/350
391/391 - 23s - loss: 0.1059 - accuracy: 0.9787 - val_loss: 0.5086 - val_accuracy: 0.9084
Epoch 247/350
391/391 - 23s - loss: 0.1012 - accuracy: 0.9802 - val_loss: 0.5003 - val_accuracy: 0.9089
Epoch 248/350
391/391 - 23s - loss: 0.1059 - accuracy: 0.9795 - val_loss: 0.4979 - val_accuracy: 0.9082
Epoch 249/350
391/391 - 23s - loss: 0.1049 - accuracy: 0.9785 - val_loss: 0.4913 - val_accuracy: 0.9089
Epoch 250/350


Snapshot weight 9 shuffle 0 at epoch 250
Layer 11
Getting activations...


391/391 - 23s - loss: 0.1048 - accuracy: 0.9792 - val_loss: 0.4949 - val_accuracy: 0.9080
Epoch 251/350
391/391 - 23s - loss: 0.1026 - accuracy: 0.9801 - val_loss: 0.4933 - val_accuracy: 0.9101
Epoch 252/350
391/391 - 23s - loss: 0.1041 - accuracy: 0.9795 - val_loss: 0.4917 - val_accuracy: 0.9108
Epoch 253/350
391/391 - 23s - loss: 0.1015 - accuracy: 0.9805 - val_loss: 0.4935 - val_accuracy: 0.9103
Epoch 254/350
391/391 - 23s - loss: 0.1040 - accuracy: 0.9793 - val_loss: 0.4921 - val_accuracy: 0.9104
Epoch 255/350
391/391 - 23s - loss: 0.1026 - accuracy: 0.9799 - val_loss: 0.4948 - val_accuracy: 0.9103
Epoch 256/350
391/391 - 23s - loss: 0.1005 - accuracy: 0.9806 - val_loss: 0.4951 - val_accuracy: 0.9106
Epoch 257/350
391/391 - 23s - loss: 0.1029 - accuracy: 0.9796 - val_loss: 0.4943 - val_accuracy: 0.9105
Epoch 258/350
391/391 - 23s - loss: 0.1049 - accuracy: 0.9790 - val_loss: 0.4950 - val_accuracy: 0.9102
Epoch 259/350
391/391 - 23s - loss: 0.0989 - accuracy: 0.9813 - val_loss: 0.4961 - val_accuracy: 0.9113
Epoch 260/350
391/391 - 23s - loss: 0.1026 - accuracy: 0.9797 - val_loss: 0.4952 - val_accuracy: 0.9101
Epoch 261/350
391/391 - 23s - loss: 0.1008 - accuracy: 0.9808 - val_loss: 0.4966 - val_accuracy: 0.9101
Epoch 262/350
391/391 - 23s - loss: 0.1029 - accuracy: 0.9796 - val_loss: 0.4973 - val_accuracy: 0.9105
Epoch 263/350
391/391 - 23s - loss: 0.1008 - accuracy: 0.9807 - val_loss: 0.4982 - val_accuracy: 0.9105
Epoch 264/350
391/391 - 23s - loss: 0.0998 - accuracy: 0.9806 - val_loss: 0.4975 - val_accuracy: 0.9106
Epoch 265/350
391/391 - 23s - loss: 0.1016 - accuracy: 0.9799 - val_loss: 0.4972 - val_accuracy: 0.9098
Epoch 266/350
391/391 - 23s - loss: 0.0999 - accuracy: 0.9814 - val_loss: 0.4979 - val_accuracy: 0.9099
Epoch 267/350
391/391 - 23s - loss: 0.1007 - accuracy: 0.9801 - val_loss: 0.5000 - val_accuracy: 0.9101
Epoch 268/350
391/391 - 23s - loss: 0.1020 - accuracy: 0.9799 - val_loss: 0.5001 - val_accuracy: 0.9096
Epoch 269/350
391/391 - 23s - loss: 0.0989 - accuracy: 0.9811 - val_loss: 0.5000 - val_accuracy: 0.9096
Epoch 270/350
391/391 - 23s - loss: 0.1002 - accuracy: 0.9810 - val_loss: 0.4990 - val_accuracy: 0.9100
Epoch 271/350
391/391 - 23s - loss: 0.0990 - accuracy: 0.9813 - val_loss: 0.4977 - val_accuracy: 0.9095
Epoch 272/350
391/391 - 23s - loss: 0.0998 - accuracy: 0.9811 - val_loss: 0.4989 - val_accuracy: 0.9089
Epoch 273/350
391/391 - 23s - loss: 0.1017 - accuracy: 0.9806 - val_loss: 0.4975 - val_accuracy: 0.9089
Epoch 274/350
391/391 - 24s - loss: 0.1002 - accuracy: 0.9809 - val_loss: 0.5014 - val_accuracy: 0.9090
Epoch 275/350
391/391 - 23s - loss: 0.0998 - accuracy: 0.9811 - val_loss: 0.4994 - val_accuracy: 0.9095
Epoch 276/350
391/391 - 23s - loss: 0.0980 - accuracy: 0.9817 - val_loss: 0.5014 - val_accuracy: 0.9095
Epoch 277/350
391/391 - 23s - loss: 0.1017 - accuracy: 0.9802 - val_loss: 0.5009 - val_accuracy: 0.9090
Epoch 278/350
391/391 - 23s - loss: 0.0997 - accuracy: 0.9809 - val_loss: 0.4985 - val_accuracy: 0.9097
Epoch 279/350
391/391 - 23s - loss: 0.1009 - accuracy: 0.9804 - val_loss: 0.4971 - val_accuracy: 0.9099
Epoch 280/350
391/391 - 23s - loss: 0.0986 - accuracy: 0.9805 - val_loss: 0.5001 - val_accuracy: 0.9098
Epoch 281/350
391/391 - 23s - loss: 0.0993 - accuracy: 0.9814 - val_loss: 0.5012 - val_accuracy: 0.9100
Epoch 282/350
391/391 - 23s - loss: 0.0990 - accuracy: 0.9808 - val_loss: 0.5016 - val_accuracy: 0.9099
Epoch 283/350
391/391 - 23s - loss: 0.1008 - accuracy: 0.9808 - val_loss: 0.5025 - val_accuracy: 0.9096
Epoch 284/350
391/391 - 23s - loss: 0.1023 - accuracy: 0.9796 - val_loss: 0.5010 - val_accuracy: 0.9101
Epoch 285/350
391/391 - 23s - loss: 0.1006 - accuracy: 0.9803 - val_loss: 0.5009 - val_accuracy: 0.9101
Epoch 286/350
391/391 - 23s - loss: 0.1004 - accuracy: 0.9799 - val_loss: 0.5006 - val_accuracy: 0.9095
Epoch 287/350
391/391 - 23s - loss: 0.1012 - accuracy: 0.9803 - val_loss: 0.4992 - val_accuracy: 0.9097
Epoch 288/350
391/391 - 23s - loss: 0.0998 - accuracy: 0.9808 - val_loss: 0.5001 - val_accuracy: 0.9094
Epoch 289/350
391/391 - 23s - loss: 0.0997 - accuracy: 0.9814 - val_loss: 0.4991 - val_accuracy: 0.9098
Epoch 290/350
391/391 - 23s - loss: 0.0986 - accuracy: 0.9815 - val_loss: 0.4981 - val_accuracy: 0.9099
Epoch 291/350
391/391 - 23s - loss: 0.1005 - accuracy: 0.9798 - val_loss: 0.5014 - val_accuracy: 0.9098
Epoch 292/350
391/391 - 23s - loss: 0.1007 - accuracy: 0.9810 - val_loss: 0.5014 - val_accuracy: 0.9098
Epoch 293/350
391/391 - 23s - loss: 0.1000 - accuracy: 0.9808 - val_loss: 0.5005 - val_accuracy: 0.9109
Epoch 294/350
391/391 - 23s - loss: 0.0995 - accuracy: 0.9810 - val_loss: 0.5003 - val_accuracy: 0.9108
Epoch 295/350
391/391 - 23s - loss: 0.0984 - accuracy: 0.9816 - val_loss: 0.5008 - val_accuracy: 0.9097
Epoch 296/350
391/391 - 23s - loss: 0.0993 - accuracy: 0.9808 - val_loss: 0.5041 - val_accuracy: 0.9099
Epoch 297/350
391/391 - 23s - loss: 0.1005 - accuracy: 0.9806 - val_loss: 0.5033 - val_accuracy: 0.9100
Epoch 298/350
391/391 - 23s - loss: 0.0985 - accuracy: 0.9810 - val_loss: 0.5029 - val_accuracy: 0.9102
Epoch 299/350
391/391 - 23s - loss: 0.1024 - accuracy: 0.9798 - val_loss: 0.5012 - val_accuracy: 0.9102
Epoch 300/350


Snapshot weight 9 shuffle 0 at epoch 300
Layer 11
Getting activations...


391/391 - 23s - loss: 0.1015 - accuracy: 0.9805 - val_loss: 0.5014 - val_accuracy: 0.9098
Epoch 301/350
391/391 - 23s - loss: 0.0991 - accuracy: 0.9801 - val_loss: 0.5013 - val_accuracy: 0.9095
Epoch 302/350
391/391 - 23s - loss: 0.1008 - accuracy: 0.9804 - val_loss: 0.5012 - val_accuracy: 0.9094
Epoch 303/350
391/391 - 23s - loss: 0.0997 - accuracy: 0.9809 - val_loss: 0.5013 - val_accuracy: 0.9091
Epoch 304/350
391/391 - 23s - loss: 0.1000 - accuracy: 0.9806 - val_loss: 0.5011 - val_accuracy: 0.9093
Epoch 305/350
391/391 - 23s - loss: 0.0991 - accuracy: 0.9808 - val_loss: 0.5007 - val_accuracy: 0.9097
Epoch 306/350
391/391 - 23s - loss: 0.0972 - accuracy: 0.9822 - val_loss: 0.5007 - val_accuracy: 0.9096
Epoch 307/350
391/391 - 23s - loss: 0.0986 - accuracy: 0.9812 - val_loss: 0.5008 - val_accuracy: 0.9097
Epoch 308/350
391/391 - 23s - loss: 0.0994 - accuracy: 0.9807 - val_loss: 0.5009 - val_accuracy: 0.9095
Epoch 309/350
391/391 - 23s - loss: 0.0997 - accuracy: 0.9809 - val_loss: 0.5010 - val_accuracy: 0.9097
Epoch 310/350
391/391 - 23s - loss: 0.1001 - accuracy: 0.9806 - val_loss: 0.5010 - val_accuracy: 0.9096
Epoch 311/350
391/391 - 23s - loss: 0.1003 - accuracy: 0.9800 - val_loss: 0.5012 - val_accuracy: 0.9094
Epoch 312/350
391/391 - 23s - loss: 0.1008 - accuracy: 0.9807 - val_loss: 0.5013 - val_accuracy: 0.9093
Epoch 313/350
391/391 - 23s - loss: 0.1031 - accuracy: 0.9799 - val_loss: 0.5012 - val_accuracy: 0.9097
Epoch 314/350
391/391 - 23s - loss: 0.0996 - accuracy: 0.9805 - val_loss: 0.5012 - val_accuracy: 0.9097
Epoch 315/350
391/391 - 23s - loss: 0.0978 - accuracy: 0.9815 - val_loss: 0.5017 - val_accuracy: 0.9097
Epoch 316/350
391/391 - 23s - loss: 0.1017 - accuracy: 0.9800 - val_loss: 0.5016 - val_accuracy: 0.9095
Epoch 317/350
391/391 - 23s - loss: 0.0982 - accuracy: 0.9821 - val_loss: 0.5016 - val_accuracy: 0.9095
Epoch 318/350
391/391 - 23s - loss: 0.1008 - accuracy: 0.9809 - val_loss: 0.5017 - val_accuracy: 0.9093
Epoch 319/350
391/391 - 23s - loss: 0.0988 - accuracy: 0.9812 - val_loss: 0.5017 - val_accuracy: 0.9095
Epoch 320/350
391/391 - 23s - loss: 0.1001 - accuracy: 0.9807 - val_loss: 0.5017 - val_accuracy: 0.9095
Epoch 321/350
391/391 - 23s - loss: 0.0996 - accuracy: 0.9811 - val_loss: 0.5014 - val_accuracy: 0.9095
Epoch 322/350
391/391 - 23s - loss: 0.1008 - accuracy: 0.9805 - val_loss: 0.5016 - val_accuracy: 0.9099
Epoch 323/350
391/391 - 23s - loss: 0.0988 - accuracy: 0.9809 - val_loss: 0.5014 - val_accuracy: 0.9098
Epoch 324/350
391/391 - 23s - loss: 0.0987 - accuracy: 0.9809 - val_loss: 0.5016 - val_accuracy: 0.9098
Epoch 325/350
391/391 - 23s - loss: 0.1011 - accuracy: 0.9812 - val_loss: 0.5018 - val_accuracy: 0.9097
Epoch 326/350
391/391 - 23s - loss: 0.1005 - accuracy: 0.9806 - val_loss: 0.5015 - val_accuracy: 0.9099
Epoch 327/350
391/391 - 23s - loss: 0.1019 - accuracy: 0.9799 - val_loss: 0.5013 - val_accuracy: 0.9097
Epoch 328/350
391/391 - 23s - loss: 0.0999 - accuracy: 0.9808 - val_loss: 0.5014 - val_accuracy: 0.9099
Epoch 329/350
391/391 - 23s - loss: 0.1011 - accuracy: 0.9800 - val_loss: 0.5012 - val_accuracy: 0.9103
Epoch 330/350
391/391 - 23s - loss: 0.1017 - accuracy: 0.9805 - val_loss: 0.5017 - val_accuracy: 0.9098
Epoch 331/350
391/391 - 23s - loss: 0.1023 - accuracy: 0.9806 - val_loss: 0.5017 - val_accuracy: 0.9096
Epoch 332/350
391/391 - 23s - loss: 0.0984 - accuracy: 0.9810 - val_loss: 0.5022 - val_accuracy: 0.9092
Epoch 333/350
391/391 - 23s - loss: 0.1001 - accuracy: 0.9805 - val_loss: 0.5023 - val_accuracy: 0.9091
Epoch 334/350
391/391 - 23s - loss: 0.0991 - accuracy: 0.9813 - val_loss: 0.5023 - val_accuracy: 0.9092
Epoch 335/350
391/391 - 23s - loss: 0.1001 - accuracy: 0.9807 - val_loss: 0.5023 - val_accuracy: 0.9094
Epoch 336/350
391/391 - 23s - loss: 0.1023 - accuracy: 0.9800 - val_loss: 0.5023 - val_accuracy: 0.9097
Epoch 337/350
391/391 - 23s - loss: 0.1015 - accuracy: 0.9800 - val_loss: 0.5018 - val_accuracy: 0.9096
Epoch 338/350
391/391 - 23s - loss: 0.0987 - accuracy: 0.9810 - val_loss: 0.5021 - val_accuracy: 0.9099
Epoch 339/350
391/391 - 23s - loss: 0.0994 - accuracy: 0.9814 - val_loss: 0.5020 - val_accuracy: 0.9097
Epoch 340/350
391/391 - 23s - loss: 0.0993 - accuracy: 0.9805 - val_loss: 0.5021 - val_accuracy: 0.9096
Epoch 341/350
391/391 - 23s - loss: 0.1004 - accuracy: 0.9810 - val_loss: 0.5022 - val_accuracy: 0.9093
Epoch 342/350
391/391 - 23s - loss: 0.0987 - accuracy: 0.9809 - val_loss: 0.5025 - val_accuracy: 0.9092
Epoch 343/350
391/391 - 23s - loss: 0.1000 - accuracy: 0.9807 - val_loss: 0.5026 - val_accuracy: 0.9092
Epoch 344/350
391/391 - 23s - loss: 0.0986 - accuracy: 0.9820 - val_loss: 0.5025 - val_accuracy: 0.9094
Epoch 345/350
391/391 - 23s - loss: 0.1003 - accuracy: 0.9812 - val_loss: 0.5019 - val_accuracy: 0.9094
Epoch 346/350
391/391 - 23s - loss: 0.1026 - accuracy: 0.9795 - val_loss: 0.5018 - val_accuracy: 0.9093
Epoch 347/350
391/391 - 23s - loss: 0.1000 - accuracy: 0.9805 - val_loss: 0.5022 - val_accuracy: 0.9091
Epoch 348/350
391/391 - 23s - loss: 0.1008 - accuracy: 0.9801 - val_loss: 0.5019 - val_accuracy: 0.9092
Epoch 349/350
391/391 - 23s - loss: 0.1007 - accuracy: 0.9806 - val_loss: 0.5018 - val_accuracy: 0.9094
Epoch 350/350


Snapshot weight 9 shuffle 0 at epoch 350
Layer 11
Getting activations...


391/391 - 23s - loss: 0.0956 - accuracy: 0.9824 - val_loss: 0.5015 - val_accuracy: 0.9096
/usr/local/lib/python3.6/dist-packages/tensorflow/python/autograph/impl/api.py:493: UserWarning: fill_value is not supported and is always 0 for TensorFlow < 2.4.0.
  return py_builtins.overload_of(f)(*args)
WARNING:tensorflow:From /usr/local/lib/python3.6/dist-packages/tensorflow/python/training/tracking/tracking.py:111: Model.state_updates (from tensorflow.python.keras.engine.training) is deprecated and will be removed in a future version.
Instructions for updating:
This property should not be used in TensorFlow 2.0, as updates are applied automatically.
2021-07-01 21:04:22.497576: W tensorflow/python/util/util.cc:348] Sets are not currently considered sequences, but this may change in the future, so consider avoiding using them.
WARNING:tensorflow:From /usr/local/lib/python3.6/dist-packages/tensorflow/python/training/tracking/tracking.py:111: Layer.updates (from tensorflow.python.keras.engine.base_layer) is deprecated and will be removed in a future version.
Instructions for updating:
This property should not be used in TensorFlow 2.0, as updates are applied automatically.
Saving, final validation acc: 0.909600019454956
