2021-07-01 18:42:51.678998: I tensorflow/stream_executor/platform/default/dso_loader.cc:48] Successfully opened dynamic library libcudart.so.10.1
2021-07-01 18:44:09.550559: I tensorflow/stream_executor/platform/default/dso_loader.cc:48] Successfully opened dynamic library libcuda.so.1
2021-07-01 18:44:09.588043: I tensorflow/core/common_runtime/gpu/gpu_device.cc:1716] Found device 0 with properties: 
pciBusID: 0000:02:00.0 name: NVIDIA TITAN X (Pascal) computeCapability: 6.1
coreClock: 1.531GHz coreCount: 28 deviceMemorySize: 11.91GiB deviceMemoryBandwidth: 447.48GiB/s
2021-07-01 18:44:09.588136: I tensorflow/stream_executor/platform/default/dso_loader.cc:48] Successfully opened dynamic library libcudart.so.10.1
2021-07-01 18:44:09.630729: I tensorflow/stream_executor/platform/default/dso_loader.cc:48] Successfully opened dynamic library libcublas.so.10
2021-07-01 18:44:09.652255: I tensorflow/stream_executor/platform/default/dso_loader.cc:48] Successfully opened dynamic library libcufft.so.10
2021-07-01 18:44:09.661144: I tensorflow/stream_executor/platform/default/dso_loader.cc:48] Successfully opened dynamic library libcurand.so.10
2021-07-01 18:44:09.705935: I tensorflow/stream_executor/platform/default/dso_loader.cc:48] Successfully opened dynamic library libcusolver.so.10
2021-07-01 18:44:09.714545: I tensorflow/stream_executor/platform/default/dso_loader.cc:48] Successfully opened dynamic library libcusparse.so.10
2021-07-01 18:44:09.794618: I tensorflow/stream_executor/platform/default/dso_loader.cc:48] Successfully opened dynamic library libcudnn.so.7
2021-07-01 18:44:09.797078: I tensorflow/core/common_runtime/gpu/gpu_device.cc:1858] Adding visible gpu devices: 0
2021-07-01 18:44:09.800819: I tensorflow/core/platform/cpu_feature_guard.cc:142] This TensorFlow binary is optimized with oneAPI Deep Neural Network Library (oneDNN)to use the following CPU instructions in performance-critical operations:  AVX2 FMA
To enable them in other operations, rebuild TensorFlow with the appropriate compiler flags.
2021-07-01 18:44:09.817331: I tensorflow/core/platform/profile_utils/cpu_utils.cc:104] CPU Frequency: 2600150000 Hz
2021-07-01 18:44:09.817450: I tensorflow/compiler/xla/service/service.cc:168] XLA service 0x4daec30 initialized for platform Host (this does not guarantee that XLA will be used). Devices:
2021-07-01 18:44:09.817468: I tensorflow/compiler/xla/service/service.cc:176]   StreamExecutor device (0): Host, Default Version
2021-07-01 18:44:10.019756: I tensorflow/compiler/xla/service/service.cc:168] XLA service 0x4d8fb40 initialized for platform CUDA (this does not guarantee that XLA will be used). Devices:
2021-07-01 18:44:10.019817: I tensorflow/compiler/xla/service/service.cc:176]   StreamExecutor device (0): NVIDIA TITAN X (Pascal), Compute Capability 6.1
2021-07-01 18:44:10.022321: I tensorflow/core/common_runtime/gpu/gpu_device.cc:1716] Found device 0 with properties: 
pciBusID: 0000:02:00.0 name: NVIDIA TITAN X (Pascal) computeCapability: 6.1
coreClock: 1.531GHz coreCount: 28 deviceMemorySize: 11.91GiB deviceMemoryBandwidth: 447.48GiB/s
2021-07-01 18:44:10.022359: I tensorflow/stream_executor/platform/default/dso_loader.cc:48] Successfully opened dynamic library libcudart.so.10.1
2021-07-01 18:44:10.022389: I tensorflow/stream_executor/platform/default/dso_loader.cc:48] Successfully opened dynamic library libcublas.so.10
2021-07-01 18:44:10.022406: I tensorflow/stream_executor/platform/default/dso_loader.cc:48] Successfully opened dynamic library libcufft.so.10
2021-07-01 18:44:10.022422: I tensorflow/stream_executor/platform/default/dso_loader.cc:48] Successfully opened dynamic library libcurand.so.10
2021-07-01 18:44:10.022438: I tensorflow/stream_executor/platform/default/dso_loader.cc:48] Successfully opened dynamic library libcusolver.so.10
2021-07-01 18:44:10.022454: I tensorflow/stream_executor/platform/default/dso_loader.cc:48] Successfully opened dynamic library libcusparse.so.10
2021-07-01 18:44:10.023060: I tensorflow/stream_executor/platform/default/dso_loader.cc:48] Successfully opened dynamic library libcudnn.so.7
2021-07-01 18:44:10.024638: I tensorflow/core/common_runtime/gpu/gpu_device.cc:1858] Adding visible gpu devices: 0
2021-07-01 18:44:10.026382: I tensorflow/stream_executor/platform/default/dso_loader.cc:48] Successfully opened dynamic library libcudart.so.10.1
2021-07-01 18:44:11.864302: I tensorflow/core/common_runtime/gpu/gpu_device.cc:1257] Device interconnect StreamExecutor with strength 1 edge matrix:
2021-07-01 18:44:11.864374: I tensorflow/core/common_runtime/gpu/gpu_device.cc:1263]      0 
2021-07-01 18:44:11.864386: I tensorflow/core/common_runtime/gpu/gpu_device.cc:1276] 0:   N 
2021-07-01 18:44:11.876585: I tensorflow/core/common_runtime/gpu/gpu_device.cc:1402] Created TensorFlow device (/job:localhost/replica:0/task:0/device:GPU:0 with 11228 MB memory) -> physical GPU (device: 0, name: NVIDIA TITAN X (Pascal), pci bus id: 0000:02:00.0, compute capability: 6.1)
2021-07-01 18:44:17.682463: I tensorflow/stream_executor/platform/default/dso_loader.cc:48] Successfully opened dynamic library libcudnn.so.7
2021-07-01 18:44:20.245821: I tensorflow/stream_executor/platform/default/dso_loader.cc:48] Successfully opened dynamic library libcublas.so.10
Using model index: 12
Making train data...
GCN...
ZCA...
Done!
Making test data...
Done!
Epoch 1/350


Snapshot weight 2 shuffle 1 at epoch 1
Layer 11
Getting activations...


391/391 - 25s - loss: 2.3228 - accuracy: 0.1048 - val_loss: 2.3110 - val_accuracy: 0.1002
Epoch 2/350


Snapshot weight 2 shuffle 1 at epoch 2
Layer 11
Getting activations...


391/391 - 24s - loss: 2.2730 - accuracy: 0.1377 - val_loss: 2.2107 - val_accuracy: 0.1673
Epoch 3/350


Snapshot weight 2 shuffle 1 at epoch 3
Layer 11
Getting activations...


391/391 - 25s - loss: 2.2246 - accuracy: 0.1519 - val_loss: 2.2202 - val_accuracy: 0.1516
Epoch 4/350


Snapshot weight 2 shuffle 1 at epoch 4
Layer 11
Getting activations...


391/391 - 25s - loss: 2.1991 - accuracy: 0.1810 - val_loss: 2.1593 - val_accuracy: 0.2008
Epoch 5/350


Snapshot weight 2 shuffle 1 at epoch 5
Layer 11
Getting activations...


391/391 - 25s - loss: 2.1359 - accuracy: 0.2181 - val_loss: 2.0557 - val_accuracy: 0.2784
Epoch 6/350


Snapshot weight 2 shuffle 1 at epoch 6
Layer 11
Getting activations...


391/391 - 25s - loss: 1.9981 - accuracy: 0.3099 - val_loss: 1.9181 - val_accuracy: 0.3438
Epoch 7/350


Snapshot weight 2 shuffle 1 at epoch 7
Layer 11
Getting activations...


391/391 - 25s - loss: 1.9317 - accuracy: 0.3403 - val_loss: 1.8591 - val_accuracy: 0.3584
Epoch 8/350


Snapshot weight 2 shuffle 1 at epoch 8
Layer 11
Getting activations...


391/391 - 25s - loss: 1.6875 - accuracy: 0.4139 - val_loss: 1.6478 - val_accuracy: 0.3941
Epoch 9/350


Snapshot weight 2 shuffle 1 at epoch 9
Layer 11
Getting activations...


391/391 - 25s - loss: 1.3960 - accuracy: 0.5065 - val_loss: 1.2710 - val_accuracy: 0.5507
Epoch 10/350


Snapshot weight 2 shuffle 1 at epoch 10
Layer 11
Getting activations...


391/391 - 25s - loss: 1.2761 - accuracy: 0.5512 - val_loss: 1.2095 - val_accuracy: 0.5845
Epoch 11/350
391/391 - 24s - loss: 1.1776 - accuracy: 0.5859 - val_loss: 1.0838 - val_accuracy: 0.6252
Epoch 12/350
391/391 - 24s - loss: 1.0986 - accuracy: 0.6183 - val_loss: 1.1392 - val_accuracy: 0.6060
Epoch 13/350
391/391 - 25s - loss: 1.0476 - accuracy: 0.6388 - val_loss: 0.9322 - val_accuracy: 0.6750
Epoch 14/350
391/391 - 24s - loss: 0.9932 - accuracy: 0.6577 - val_loss: 1.0611 - val_accuracy: 0.6412
Epoch 15/350
391/391 - 24s - loss: 0.9481 - accuracy: 0.6724 - val_loss: 0.8474 - val_accuracy: 0.7095
Epoch 16/350
391/391 - 24s - loss: 0.8993 - accuracy: 0.6906 - val_loss: 0.8550 - val_accuracy: 0.7133
Epoch 17/350
391/391 - 25s - loss: 0.8683 - accuracy: 0.7041 - val_loss: 0.7915 - val_accuracy: 0.7326
Epoch 18/350
391/391 - 25s - loss: 0.8257 - accuracy: 0.7188 - val_loss: 0.7629 - val_accuracy: 0.7397
Epoch 19/350
391/391 - 25s - loss: 0.7985 - accuracy: 0.7301 - val_loss: 0.7845 - val_accuracy: 0.7385
Epoch 20/350
391/391 - 24s - loss: 0.7729 - accuracy: 0.7398 - val_loss: 0.7007 - val_accuracy: 0.7682
Epoch 21/350
391/391 - 24s - loss: 0.7403 - accuracy: 0.7504 - val_loss: 0.6989 - val_accuracy: 0.7688
Epoch 22/350
391/391 - 24s - loss: 0.7269 - accuracy: 0.7564 - val_loss: 0.6799 - val_accuracy: 0.7749
Epoch 23/350
391/391 - 25s - loss: 0.6929 - accuracy: 0.7674 - val_loss: 0.6727 - val_accuracy: 0.7791
Epoch 24/350
391/391 - 24s - loss: 0.6847 - accuracy: 0.7720 - val_loss: 0.6353 - val_accuracy: 0.7907
Epoch 25/350
391/391 - 24s - loss: 0.6604 - accuracy: 0.7788 - val_loss: 0.6250 - val_accuracy: 0.7987
Epoch 26/350
391/391 - 25s - loss: 0.6458 - accuracy: 0.7855 - val_loss: 0.6575 - val_accuracy: 0.7838
Epoch 27/350
391/391 - 24s - loss: 0.6296 - accuracy: 0.7920 - val_loss: 0.6930 - val_accuracy: 0.7713
Epoch 28/350
391/391 - 24s - loss: 0.6107 - accuracy: 0.7974 - val_loss: 0.6047 - val_accuracy: 0.8070
Epoch 29/350
391/391 - 24s - loss: 0.6045 - accuracy: 0.7997 - val_loss: 0.5640 - val_accuracy: 0.8106
Epoch 30/350
391/391 - 25s - loss: 0.5836 - accuracy: 0.8073 - val_loss: 0.5566 - val_accuracy: 0.8192
Epoch 31/350
391/391 - 24s - loss: 0.5716 - accuracy: 0.8123 - val_loss: 0.5896 - val_accuracy: 0.8116
Epoch 32/350
391/391 - 24s - loss: 0.5585 - accuracy: 0.8168 - val_loss: 0.5883 - val_accuracy: 0.8177
Epoch 33/350
391/391 - 24s - loss: 0.5532 - accuracy: 0.8166 - val_loss: 0.5807 - val_accuracy: 0.8118
Epoch 34/350
391/391 - 24s - loss: 0.5401 - accuracy: 0.8227 - val_loss: 0.5550 - val_accuracy: 0.8234
Epoch 35/350
391/391 - 24s - loss: 0.5302 - accuracy: 0.8252 - val_loss: 0.5242 - val_accuracy: 0.8309
Epoch 36/350
391/391 - 24s - loss: 0.5152 - accuracy: 0.8308 - val_loss: 0.5424 - val_accuracy: 0.8214
Epoch 37/350
391/391 - 24s - loss: 0.5175 - accuracy: 0.8309 - val_loss: 0.5659 - val_accuracy: 0.8171
Epoch 38/350
391/391 - 24s - loss: 0.5061 - accuracy: 0.8343 - val_loss: 0.5208 - val_accuracy: 0.8353
Epoch 39/350
391/391 - 24s - loss: 0.4910 - accuracy: 0.8413 - val_loss: 0.5066 - val_accuracy: 0.8381
Epoch 40/350
391/391 - 24s - loss: 0.4847 - accuracy: 0.8428 - val_loss: 0.4958 - val_accuracy: 0.8447
Epoch 41/350
391/391 - 24s - loss: 0.4782 - accuracy: 0.8443 - val_loss: 0.5295 - val_accuracy: 0.8372
Epoch 42/350
391/391 - 25s - loss: 0.4696 - accuracy: 0.8464 - val_loss: 0.4962 - val_accuracy: 0.8468
Epoch 43/350
391/391 - 24s - loss: 0.4641 - accuracy: 0.8489 - val_loss: 0.5180 - val_accuracy: 0.8378
Epoch 44/350
391/391 - 24s - loss: 0.4574 - accuracy: 0.8531 - val_loss: 0.4932 - val_accuracy: 0.8411
Epoch 45/350
391/391 - 24s - loss: 0.4435 - accuracy: 0.8565 - val_loss: 0.4853 - val_accuracy: 0.8497
Epoch 46/350
391/391 - 24s - loss: 0.4484 - accuracy: 0.8538 - val_loss: 0.4390 - val_accuracy: 0.8617
Epoch 47/350
391/391 - 24s - loss: 0.4426 - accuracy: 0.8562 - val_loss: 0.4536 - val_accuracy: 0.8549
Epoch 48/350
391/391 - 24s - loss: 0.4352 - accuracy: 0.8588 - val_loss: 0.4497 - val_accuracy: 0.8613
Epoch 49/350
391/391 - 24s - loss: 0.4269 - accuracy: 0.8631 - val_loss: 0.4871 - val_accuracy: 0.8508
Epoch 50/350


Snapshot weight 2 shuffle 1 at epoch 50
Layer 11
Getting activations...


391/391 - 25s - loss: 0.4162 - accuracy: 0.8657 - val_loss: 0.4652 - val_accuracy: 0.8593
Epoch 51/350
391/391 - 24s - loss: 0.4149 - accuracy: 0.8668 - val_loss: 0.4919 - val_accuracy: 0.8482
Epoch 52/350
391/391 - 24s - loss: 0.4102 - accuracy: 0.8673 - val_loss: 0.4624 - val_accuracy: 0.8606
Epoch 53/350
391/391 - 25s - loss: 0.4012 - accuracy: 0.8709 - val_loss: 0.5316 - val_accuracy: 0.8366
Epoch 54/350
391/391 - 24s - loss: 0.3943 - accuracy: 0.8725 - val_loss: 0.4395 - val_accuracy: 0.8668
Epoch 55/350
391/391 - 24s - loss: 0.3912 - accuracy: 0.8731 - val_loss: 0.4233 - val_accuracy: 0.8658
Epoch 56/350
391/391 - 24s - loss: 0.3863 - accuracy: 0.8763 - val_loss: 0.4251 - val_accuracy: 0.8695
Epoch 57/350
391/391 - 24s - loss: 0.3801 - accuracy: 0.8770 - val_loss: 0.4654 - val_accuracy: 0.8580
Epoch 58/350
391/391 - 24s - loss: 0.3829 - accuracy: 0.8772 - val_loss: 0.4358 - val_accuracy: 0.8665
Epoch 59/350
391/391 - 24s - loss: 0.3781 - accuracy: 0.8793 - val_loss: 0.4429 - val_accuracy: 0.8689
Epoch 60/350
391/391 - 24s - loss: 0.3671 - accuracy: 0.8832 - val_loss: 0.4289 - val_accuracy: 0.8712
Epoch 61/350
391/391 - 24s - loss: 0.3644 - accuracy: 0.8835 - val_loss: 0.4349 - val_accuracy: 0.8711
Epoch 62/350
391/391 - 24s - loss: 0.3651 - accuracy: 0.8835 - val_loss: 0.4454 - val_accuracy: 0.8668
Epoch 63/350
391/391 - 24s - loss: 0.3646 - accuracy: 0.8830 - val_loss: 0.4247 - val_accuracy: 0.8710
Epoch 64/350
391/391 - 24s - loss: 0.3544 - accuracy: 0.8882 - val_loss: 0.4404 - val_accuracy: 0.8716
Epoch 65/350
391/391 - 24s - loss: 0.3518 - accuracy: 0.8871 - val_loss: 0.4522 - val_accuracy: 0.8682
Epoch 66/350
391/391 - 24s - loss: 0.3454 - accuracy: 0.8898 - val_loss: 0.4319 - val_accuracy: 0.8713
Epoch 67/350
391/391 - 24s - loss: 0.3439 - accuracy: 0.8911 - val_loss: 0.4398 - val_accuracy: 0.8731
Epoch 68/350
391/391 - 24s - loss: 0.3371 - accuracy: 0.8934 - val_loss: 0.4223 - val_accuracy: 0.8750
Epoch 69/350
391/391 - 24s - loss: 0.3391 - accuracy: 0.8940 - val_loss: 0.4637 - val_accuracy: 0.8645
Epoch 70/350
391/391 - 24s - loss: 0.3361 - accuracy: 0.8942 - val_loss: 0.4399 - val_accuracy: 0.8665
Epoch 71/350
391/391 - 24s - loss: 0.3320 - accuracy: 0.8956 - val_loss: 0.4215 - val_accuracy: 0.8741
Epoch 72/350
391/391 - 24s - loss: 0.3259 - accuracy: 0.8978 - val_loss: 0.4358 - val_accuracy: 0.8723
Epoch 73/350
391/391 - 24s - loss: 0.3259 - accuracy: 0.8972 - val_loss: 0.4463 - val_accuracy: 0.8626
Epoch 74/350
391/391 - 24s - loss: 0.3250 - accuracy: 0.8980 - val_loss: 0.4083 - val_accuracy: 0.8826
Epoch 75/350
391/391 - 25s - loss: 0.3214 - accuracy: 0.9005 - val_loss: 0.3928 - val_accuracy: 0.8836
Epoch 76/350
391/391 - 24s - loss: 0.3159 - accuracy: 0.9018 - val_loss: 0.4604 - val_accuracy: 0.8690
Epoch 77/350
391/391 - 25s - loss: 0.3134 - accuracy: 0.9011 - val_loss: 0.4212 - val_accuracy: 0.8768
Epoch 78/350
391/391 - 24s - loss: 0.3143 - accuracy: 0.9008 - val_loss: 0.4047 - val_accuracy: 0.8818
Epoch 79/350
391/391 - 24s - loss: 0.3059 - accuracy: 0.9036 - val_loss: 0.4176 - val_accuracy: 0.8808
Epoch 80/350
391/391 - 24s - loss: 0.3045 - accuracy: 0.9060 - val_loss: 0.4228 - val_accuracy: 0.8768
Epoch 81/350
391/391 - 24s - loss: 0.2995 - accuracy: 0.9070 - val_loss: 0.4119 - val_accuracy: 0.8831
Epoch 82/350
391/391 - 24s - loss: 0.3006 - accuracy: 0.9060 - val_loss: 0.4068 - val_accuracy: 0.8846
Epoch 83/350
391/391 - 25s - loss: 0.2993 - accuracy: 0.9067 - val_loss: 0.4171 - val_accuracy: 0.8765
Epoch 84/350
391/391 - 24s - loss: 0.2910 - accuracy: 0.9100 - val_loss: 0.4189 - val_accuracy: 0.8789
Epoch 85/350
391/391 - 24s - loss: 0.2948 - accuracy: 0.9077 - val_loss: 0.4279 - val_accuracy: 0.8780
Epoch 86/350
391/391 - 24s - loss: 0.2854 - accuracy: 0.9128 - val_loss: 0.4172 - val_accuracy: 0.8872
Epoch 87/350
391/391 - 24s - loss: 0.2871 - accuracy: 0.9109 - val_loss: 0.4367 - val_accuracy: 0.8800
Epoch 88/350
391/391 - 24s - loss: 0.2850 - accuracy: 0.9136 - val_loss: 0.4066 - val_accuracy: 0.8793
Epoch 89/350
391/391 - 25s - loss: 0.2810 - accuracy: 0.9146 - val_loss: 0.4132 - val_accuracy: 0.8872
Epoch 90/350
391/391 - 24s - loss: 0.2824 - accuracy: 0.9128 - val_loss: 0.3960 - val_accuracy: 0.8882
Epoch 91/350
391/391 - 24s - loss: 0.2748 - accuracy: 0.9164 - val_loss: 0.4485 - val_accuracy: 0.8738
Epoch 92/350
391/391 - 24s - loss: 0.2800 - accuracy: 0.9141 - val_loss: 0.4175 - val_accuracy: 0.8843
Epoch 93/350
391/391 - 24s - loss: 0.2757 - accuracy: 0.9147 - val_loss: 0.4450 - val_accuracy: 0.8795
Epoch 94/350
391/391 - 24s - loss: 0.2711 - accuracy: 0.9165 - val_loss: 0.4280 - val_accuracy: 0.8830
Epoch 95/350
391/391 - 24s - loss: 0.2709 - accuracy: 0.9163 - val_loss: 0.4320 - val_accuracy: 0.8804
Epoch 96/350
391/391 - 24s - loss: 0.2699 - accuracy: 0.9177 - val_loss: 0.4132 - val_accuracy: 0.8865
Epoch 97/350
391/391 - 24s - loss: 0.2661 - accuracy: 0.9201 - val_loss: 0.4045 - val_accuracy: 0.8899
Epoch 98/350
391/391 - 24s - loss: 0.2639 - accuracy: 0.9189 - val_loss: 0.4078 - val_accuracy: 0.8865
Epoch 99/350
391/391 - 24s - loss: 0.2582 - accuracy: 0.9213 - val_loss: 0.4129 - val_accuracy: 0.8871
Epoch 100/350


Snapshot weight 2 shuffle 1 at epoch 100
Layer 11
Getting activations...


391/391 - 25s - loss: 0.2614 - accuracy: 0.9207 - val_loss: 0.4152 - val_accuracy: 0.8877
Epoch 101/350
391/391 - 25s - loss: 0.2559 - accuracy: 0.9224 - val_loss: 0.4201 - val_accuracy: 0.8838
Epoch 102/350
391/391 - 25s - loss: 0.2584 - accuracy: 0.9214 - val_loss: 0.4061 - val_accuracy: 0.8910
Epoch 103/350
391/391 - 24s - loss: 0.2567 - accuracy: 0.9229 - val_loss: 0.4114 - val_accuracy: 0.8935
Epoch 104/350
391/391 - 24s - loss: 0.2554 - accuracy: 0.9230 - val_loss: 0.3987 - val_accuracy: 0.8895
Epoch 105/350
391/391 - 24s - loss: 0.2509 - accuracy: 0.9242 - val_loss: 0.4243 - val_accuracy: 0.8841
Epoch 106/350
391/391 - 24s - loss: 0.2467 - accuracy: 0.9270 - val_loss: 0.3826 - val_accuracy: 0.8925
Epoch 107/350
391/391 - 24s - loss: 0.2479 - accuracy: 0.9245 - val_loss: 0.4242 - val_accuracy: 0.8890
Epoch 108/350
391/391 - 24s - loss: 0.2482 - accuracy: 0.9241 - val_loss: 0.4152 - val_accuracy: 0.8896
Epoch 109/350
391/391 - 24s - loss: 0.2449 - accuracy: 0.9273 - val_loss: 0.4347 - val_accuracy: 0.8872
Epoch 110/350
391/391 - 24s - loss: 0.2470 - accuracy: 0.9262 - val_loss: 0.4080 - val_accuracy: 0.8928
Epoch 111/350
391/391 - 24s - loss: 0.2389 - accuracy: 0.9291 - val_loss: 0.4082 - val_accuracy: 0.8832
Epoch 112/350
391/391 - 25s - loss: 0.2392 - accuracy: 0.9282 - val_loss: 0.4141 - val_accuracy: 0.8903
Epoch 113/350
391/391 - 24s - loss: 0.2395 - accuracy: 0.9279 - val_loss: 0.4206 - val_accuracy: 0.8865
Epoch 114/350
391/391 - 24s - loss: 0.2399 - accuracy: 0.9286 - val_loss: 0.3981 - val_accuracy: 0.8925
Epoch 115/350
391/391 - 24s - loss: 0.2368 - accuracy: 0.9311 - val_loss: 0.3927 - val_accuracy: 0.8924
Epoch 116/350
391/391 - 24s - loss: 0.2312 - accuracy: 0.9308 - val_loss: 0.4066 - val_accuracy: 0.8952
Epoch 117/350
391/391 - 24s - loss: 0.2290 - accuracy: 0.9322 - val_loss: 0.4353 - val_accuracy: 0.8871
Epoch 118/350
391/391 - 24s - loss: 0.2297 - accuracy: 0.9319 - val_loss: 0.4620 - val_accuracy: 0.8840
Epoch 119/350
391/391 - 24s - loss: 0.2314 - accuracy: 0.9311 - val_loss: 0.4425 - val_accuracy: 0.8888
Epoch 120/350
391/391 - 24s - loss: 0.2269 - accuracy: 0.9332 - val_loss: 0.4378 - val_accuracy: 0.8889
Epoch 121/350
391/391 - 24s - loss: 0.2263 - accuracy: 0.9343 - val_loss: 0.4255 - val_accuracy: 0.8890
Epoch 122/350
391/391 - 24s - loss: 0.2248 - accuracy: 0.9343 - val_loss: 0.4193 - val_accuracy: 0.8909
Epoch 123/350
391/391 - 24s - loss: 0.2229 - accuracy: 0.9349 - val_loss: 0.4483 - val_accuracy: 0.8925
Epoch 124/350
391/391 - 25s - loss: 0.2200 - accuracy: 0.9358 - val_loss: 0.3955 - val_accuracy: 0.8924
Epoch 125/350
391/391 - 24s - loss: 0.2251 - accuracy: 0.9349 - val_loss: 0.4407 - val_accuracy: 0.8864
Epoch 126/350
391/391 - 24s - loss: 0.2204 - accuracy: 0.9363 - val_loss: 0.4080 - val_accuracy: 0.8951
Epoch 127/350
391/391 - 24s - loss: 0.2179 - accuracy: 0.9364 - val_loss: 0.4411 - val_accuracy: 0.8909
Epoch 128/350
391/391 - 24s - loss: 0.2153 - accuracy: 0.9376 - val_loss: 0.4626 - val_accuracy: 0.8889
Epoch 129/350
391/391 - 24s - loss: 0.2174 - accuracy: 0.9367 - val_loss: 0.4474 - val_accuracy: 0.8883
Epoch 130/350
391/391 - 24s - loss: 0.2136 - accuracy: 0.9374 - val_loss: 0.4291 - val_accuracy: 0.8927
Epoch 131/350
391/391 - 24s - loss: 0.2130 - accuracy: 0.9392 - val_loss: 0.4426 - val_accuracy: 0.8894
Epoch 132/350
391/391 - 24s - loss: 0.2171 - accuracy: 0.9365 - val_loss: 0.4125 - val_accuracy: 0.8945
Epoch 133/350
391/391 - 24s - loss: 0.2124 - accuracy: 0.9386 - val_loss: 0.4144 - val_accuracy: 0.8975
Epoch 134/350
391/391 - 24s - loss: 0.2075 - accuracy: 0.9410 - val_loss: 0.4454 - val_accuracy: 0.8905
Epoch 135/350
391/391 - 24s - loss: 0.2113 - accuracy: 0.9396 - val_loss: 0.4086 - val_accuracy: 0.8959
Epoch 136/350
391/391 - 25s - loss: 0.2071 - accuracy: 0.9414 - val_loss: 0.4212 - val_accuracy: 0.8925
Epoch 137/350
391/391 - 24s - loss: 0.2156 - accuracy: 0.9378 - val_loss: 0.4282 - val_accuracy: 0.8898
Epoch 138/350
391/391 - 24s - loss: 0.2056 - accuracy: 0.9426 - val_loss: 0.4647 - val_accuracy: 0.8870
Epoch 139/350
391/391 - 24s - loss: 0.2046 - accuracy: 0.9413 - val_loss: 0.4230 - val_accuracy: 0.8944
Epoch 140/350
391/391 - 24s - loss: 0.2067 - accuracy: 0.9407 - val_loss: 0.4242 - val_accuracy: 0.8956
Epoch 141/350
391/391 - 24s - loss: 0.2031 - accuracy: 0.9423 - val_loss: 0.4196 - val_accuracy: 0.8897
Epoch 142/350
391/391 - 24s - loss: 0.1992 - accuracy: 0.9441 - val_loss: 0.4453 - val_accuracy: 0.8920
Epoch 143/350
391/391 - 24s - loss: 0.2009 - accuracy: 0.9438 - val_loss: 0.4204 - val_accuracy: 0.8944
Epoch 144/350
391/391 - 24s - loss: 0.1995 - accuracy: 0.9445 - val_loss: 0.4220 - val_accuracy: 0.8966
Epoch 145/350
391/391 - 24s - loss: 0.2053 - accuracy: 0.9417 - val_loss: 0.4398 - val_accuracy: 0.8944
Epoch 146/350
391/391 - 24s - loss: 0.1970 - accuracy: 0.9445 - val_loss: 0.4324 - val_accuracy: 0.8971
Epoch 147/350
391/391 - 24s - loss: 0.2006 - accuracy: 0.9446 - val_loss: 0.4282 - val_accuracy: 0.8945
Epoch 148/350
391/391 - 24s - loss: 0.1961 - accuracy: 0.9458 - val_loss: 0.4525 - val_accuracy: 0.8955
Epoch 149/350
391/391 - 24s - loss: 0.1986 - accuracy: 0.9450 - val_loss: 0.4468 - val_accuracy: 0.8949
Epoch 150/350


Snapshot weight 2 shuffle 1 at epoch 150
Layer 11
Getting activations...


391/391 - 25s - loss: 0.1927 - accuracy: 0.9450 - val_loss: 0.4436 - val_accuracy: 0.8950
Epoch 151/350
391/391 - 24s - loss: 0.1943 - accuracy: 0.9454 - val_loss: 0.4048 - val_accuracy: 0.8969
Epoch 152/350
391/391 - 24s - loss: 0.1946 - accuracy: 0.9459 - val_loss: 0.4517 - val_accuracy: 0.8946
Epoch 153/350
391/391 - 24s - loss: 0.1959 - accuracy: 0.9458 - val_loss: 0.4168 - val_accuracy: 0.8994
Epoch 154/350
391/391 - 24s - loss: 0.2005 - accuracy: 0.9438 - val_loss: 0.4075 - val_accuracy: 0.8996
Epoch 155/350
391/391 - 24s - loss: 0.1939 - accuracy: 0.9466 - val_loss: 0.4278 - val_accuracy: 0.8951
Epoch 156/350
391/391 - 24s - loss: 0.1945 - accuracy: 0.9453 - val_loss: 0.4389 - val_accuracy: 0.8898
Epoch 157/350
391/391 - 24s - loss: 0.1910 - accuracy: 0.9470 - val_loss: 0.4322 - val_accuracy: 0.8963
Epoch 158/350
391/391 - 24s - loss: 0.1926 - accuracy: 0.9457 - val_loss: 0.4285 - val_accuracy: 0.8935
Epoch 159/350
391/391 - 24s - loss: 0.1930 - accuracy: 0.9463 - val_loss: 0.4397 - val_accuracy: 0.8976
Epoch 160/350
391/391 - 25s - loss: 0.1879 - accuracy: 0.9492 - val_loss: 0.4257 - val_accuracy: 0.8978
Epoch 161/350
391/391 - 24s - loss: 0.1862 - accuracy: 0.9487 - val_loss: 0.4558 - val_accuracy: 0.8934
Epoch 162/350
391/391 - 24s - loss: 0.1868 - accuracy: 0.9483 - val_loss: 0.4589 - val_accuracy: 0.8955
Epoch 163/350
391/391 - 24s - loss: 0.1861 - accuracy: 0.9486 - val_loss: 0.4233 - val_accuracy: 0.8987
Epoch 164/350
391/391 - 24s - loss: 0.1881 - accuracy: 0.9485 - val_loss: 0.4471 - val_accuracy: 0.8950
Epoch 165/350
391/391 - 24s - loss: 0.1865 - accuracy: 0.9498 - val_loss: 0.4596 - val_accuracy: 0.8893
Epoch 166/350
391/391 - 24s - loss: 0.1856 - accuracy: 0.9502 - val_loss: 0.4185 - val_accuracy: 0.9016
Epoch 167/350
391/391 - 24s - loss: 0.1794 - accuracy: 0.9501 - val_loss: 0.4270 - val_accuracy: 0.8989
Epoch 168/350
391/391 - 24s - loss: 0.1864 - accuracy: 0.9489 - val_loss: 0.4302 - val_accuracy: 0.8951
Epoch 169/350
391/391 - 24s - loss: 0.1790 - accuracy: 0.9510 - val_loss: 0.4185 - val_accuracy: 0.8981
Epoch 170/350
391/391 - 24s - loss: 0.1811 - accuracy: 0.9506 - val_loss: 0.4199 - val_accuracy: 0.9002
Epoch 171/350
391/391 - 25s - loss: 0.1847 - accuracy: 0.9498 - val_loss: 0.4580 - val_accuracy: 0.8925
Epoch 172/350
391/391 - 24s - loss: 0.1836 - accuracy: 0.9509 - val_loss: 0.4300 - val_accuracy: 0.9000
Epoch 173/350
391/391 - 24s - loss: 0.1782 - accuracy: 0.9535 - val_loss: 0.4561 - val_accuracy: 0.8963
Epoch 174/350
391/391 - 24s - loss: 0.1770 - accuracy: 0.9528 - val_loss: 0.4406 - val_accuracy: 0.8953
Epoch 175/350
391/391 - 24s - loss: 0.1711 - accuracy: 0.9547 - val_loss: 0.4258 - val_accuracy: 0.8996
Epoch 176/350
391/391 - 24s - loss: 0.1795 - accuracy: 0.9521 - val_loss: 0.4562 - val_accuracy: 0.8971
Epoch 177/350
391/391 - 24s - loss: 0.1741 - accuracy: 0.9537 - val_loss: 0.4659 - val_accuracy: 0.8937
Epoch 178/350
391/391 - 25s - loss: 0.1766 - accuracy: 0.9526 - val_loss: 0.4437 - val_accuracy: 0.8944
Epoch 179/350
391/391 - 24s - loss: 0.1756 - accuracy: 0.9539 - val_loss: 0.4441 - val_accuracy: 0.8990
Epoch 180/350
391/391 - 24s - loss: 0.1743 - accuracy: 0.9539 - val_loss: 0.4619 - val_accuracy: 0.8991
Epoch 181/350
391/391 - 25s - loss: 0.1750 - accuracy: 0.9538 - val_loss: 0.4468 - val_accuracy: 0.8924
Epoch 182/350
391/391 - 24s - loss: 0.1696 - accuracy: 0.9555 - val_loss: 0.4394 - val_accuracy: 0.8971
Epoch 183/350
391/391 - 25s - loss: 0.1752 - accuracy: 0.9543 - val_loss: 0.4402 - val_accuracy: 0.9000
Epoch 184/350
391/391 - 24s - loss: 0.1753 - accuracy: 0.9535 - val_loss: 0.4269 - val_accuracy: 0.9013
Epoch 185/350
391/391 - 24s - loss: 0.1705 - accuracy: 0.9552 - val_loss: 0.4277 - val_accuracy: 0.9020
Epoch 186/350
391/391 - 24s - loss: 0.1716 - accuracy: 0.9563 - val_loss: 0.4355 - val_accuracy: 0.9004
Epoch 187/350
391/391 - 25s - loss: 0.1705 - accuracy: 0.9547 - val_loss: 0.4720 - val_accuracy: 0.8969
Epoch 188/350
391/391 - 24s - loss: 0.1735 - accuracy: 0.9547 - val_loss: 0.4631 - val_accuracy: 0.8961
Epoch 189/350
391/391 - 24s - loss: 0.1711 - accuracy: 0.9559 - val_loss: 0.4411 - val_accuracy: 0.8992
Epoch 190/350
391/391 - 24s - loss: 0.1704 - accuracy: 0.9558 - val_loss: 0.4585 - val_accuracy: 0.9019
Epoch 191/350
391/391 - 24s - loss: 0.1681 - accuracy: 0.9564 - val_loss: 0.4858 - val_accuracy: 0.8962
Epoch 192/350
391/391 - 24s - loss: 0.1620 - accuracy: 0.9581 - val_loss: 0.4378 - val_accuracy: 0.9008
Epoch 193/350
391/391 - 24s - loss: 0.1657 - accuracy: 0.9572 - val_loss: 0.4432 - val_accuracy: 0.9005
Epoch 194/350
391/391 - 24s - loss: 0.1682 - accuracy: 0.9559 - val_loss: 0.4484 - val_accuracy: 0.8971
Epoch 195/350
391/391 - 25s - loss: 0.1655 - accuracy: 0.9572 - val_loss: 0.4479 - val_accuracy: 0.9002
Epoch 196/350
391/391 - 24s - loss: 0.1642 - accuracy: 0.9583 - val_loss: 0.4756 - val_accuracy: 0.8965
Epoch 197/350
391/391 - 24s - loss: 0.1682 - accuracy: 0.9564 - val_loss: 0.4637 - val_accuracy: 0.8986
Epoch 198/350
391/391 - 25s - loss: 0.1675 - accuracy: 0.9576 - val_loss: 0.4736 - val_accuracy: 0.8938
Epoch 199/350
391/391 - 24s - loss: 0.1698 - accuracy: 0.9558 - val_loss: 0.4495 - val_accuracy: 0.8951
Epoch 200/350


Snapshot weight 2 shuffle 1 at epoch 200
Layer 11
Getting activations...


391/391 - 25s - loss: 0.1677 - accuracy: 0.9570 - val_loss: 0.4574 - val_accuracy: 0.8962
Epoch 201/350
391/391 - 24s - loss: 0.1433 - accuracy: 0.9656 - val_loss: 0.4218 - val_accuracy: 0.9067
Epoch 202/350
391/391 - 24s - loss: 0.1281 - accuracy: 0.9699 - val_loss: 0.4304 - val_accuracy: 0.9059
Epoch 203/350
391/391 - 24s - loss: 0.1224 - accuracy: 0.9729 - val_loss: 0.4344 - val_accuracy: 0.9079
Epoch 204/350
391/391 - 24s - loss: 0.1201 - accuracy: 0.9740 - val_loss: 0.4398 - val_accuracy: 0.9074
Epoch 205/350
391/391 - 24s - loss: 0.1172 - accuracy: 0.9753 - val_loss: 0.4388 - val_accuracy: 0.9085
Epoch 206/350
391/391 - 24s - loss: 0.1196 - accuracy: 0.9739 - val_loss: 0.4415 - val_accuracy: 0.9084
Epoch 207/350
391/391 - 24s - loss: 0.1188 - accuracy: 0.9741 - val_loss: 0.4374 - val_accuracy: 0.9093
Epoch 208/350
391/391 - 25s - loss: 0.1127 - accuracy: 0.9754 - val_loss: 0.4521 - val_accuracy: 0.9090
Epoch 209/350
391/391 - 24s - loss: 0.1162 - accuracy: 0.9751 - val_loss: 0.4506 - val_accuracy: 0.9093
Epoch 210/350
391/391 - 24s - loss: 0.1148 - accuracy: 0.9761 - val_loss: 0.4468 - val_accuracy: 0.9089
Epoch 211/350
391/391 - 24s - loss: 0.1109 - accuracy: 0.9770 - val_loss: 0.4582 - val_accuracy: 0.9093
Epoch 212/350
391/391 - 24s - loss: 0.1139 - accuracy: 0.9756 - val_loss: 0.4601 - val_accuracy: 0.9083
Epoch 213/350
391/391 - 24s - loss: 0.1145 - accuracy: 0.9759 - val_loss: 0.4574 - val_accuracy: 0.9071
Epoch 214/350
391/391 - 24s - loss: 0.1126 - accuracy: 0.9762 - val_loss: 0.4537 - val_accuracy: 0.9089
Epoch 215/350
391/391 - 24s - loss: 0.1118 - accuracy: 0.9762 - val_loss: 0.4621 - val_accuracy: 0.9087
Epoch 216/350
391/391 - 24s - loss: 0.1121 - accuracy: 0.9763 - val_loss: 0.4564 - val_accuracy: 0.9081
Epoch 217/350
391/391 - 24s - loss: 0.1094 - accuracy: 0.9777 - val_loss: 0.4539 - val_accuracy: 0.9073
Epoch 218/350
391/391 - 24s - loss: 0.1115 - accuracy: 0.9763 - val_loss: 0.4508 - val_accuracy: 0.9081
Epoch 219/350
391/391 - 24s - loss: 0.1096 - accuracy: 0.9772 - val_loss: 0.4605 - val_accuracy: 0.9073
Epoch 220/350
391/391 - 24s - loss: 0.1114 - accuracy: 0.9765 - val_loss: 0.4587 - val_accuracy: 0.9084
Epoch 221/350
391/391 - 24s - loss: 0.1069 - accuracy: 0.9782 - val_loss: 0.4624 - val_accuracy: 0.9098
Epoch 222/350
391/391 - 24s - loss: 0.1081 - accuracy: 0.9779 - val_loss: 0.4697 - val_accuracy: 0.9072
Epoch 223/350
391/391 - 24s - loss: 0.1116 - accuracy: 0.9769 - val_loss: 0.4624 - val_accuracy: 0.9075
Epoch 224/350
391/391 - 24s - loss: 0.1069 - accuracy: 0.9780 - val_loss: 0.4560 - val_accuracy: 0.9079
Epoch 225/350
391/391 - 24s - loss: 0.1100 - accuracy: 0.9767 - val_loss: 0.4606 - val_accuracy: 0.9094
Epoch 226/350
391/391 - 24s - loss: 0.1062 - accuracy: 0.9782 - val_loss: 0.4687 - val_accuracy: 0.9085
Epoch 227/350
391/391 - 24s - loss: 0.1109 - accuracy: 0.9767 - val_loss: 0.4660 - val_accuracy: 0.9091
Epoch 228/350
391/391 - 24s - loss: 0.1079 - accuracy: 0.9785 - val_loss: 0.4685 - val_accuracy: 0.9088
Epoch 229/350
391/391 - 24s - loss: 0.1067 - accuracy: 0.9780 - val_loss: 0.4634 - val_accuracy: 0.9097
Epoch 230/350
391/391 - 24s - loss: 0.1070 - accuracy: 0.9781 - val_loss: 0.4638 - val_accuracy: 0.9087
Epoch 231/350
391/391 - 24s - loss: 0.1059 - accuracy: 0.9788 - val_loss: 0.4686 - val_accuracy: 0.9076
Epoch 232/350
391/391 - 24s - loss: 0.1069 - accuracy: 0.9775 - val_loss: 0.4681 - val_accuracy: 0.9096
Epoch 233/350
391/391 - 24s - loss: 0.1067 - accuracy: 0.9781 - val_loss: 0.4758 - val_accuracy: 0.9077
Epoch 234/350
391/391 - 24s - loss: 0.1082 - accuracy: 0.9778 - val_loss: 0.4753 - val_accuracy: 0.9077
Epoch 235/350
391/391 - 24s - loss: 0.1044 - accuracy: 0.9797 - val_loss: 0.4728 - val_accuracy: 0.9084
Epoch 236/350
391/391 - 24s - loss: 0.1036 - accuracy: 0.9792 - val_loss: 0.4768 - val_accuracy: 0.9087
Epoch 237/350
391/391 - 24s - loss: 0.1047 - accuracy: 0.9795 - val_loss: 0.4713 - val_accuracy: 0.9093
Epoch 238/350
391/391 - 24s - loss: 0.1056 - accuracy: 0.9787 - val_loss: 0.4742 - val_accuracy: 0.9077
Epoch 239/350
391/391 - 24s - loss: 0.1053 - accuracy: 0.9792 - val_loss: 0.4722 - val_accuracy: 0.9105
Epoch 240/350
391/391 - 24s - loss: 0.1052 - accuracy: 0.9794 - val_loss: 0.4718 - val_accuracy: 0.9081
Epoch 241/350
391/391 - 24s - loss: 0.1056 - accuracy: 0.9783 - val_loss: 0.4688 - val_accuracy: 0.9100
Epoch 242/350
391/391 - 25s - loss: 0.1045 - accuracy: 0.9795 - val_loss: 0.4750 - val_accuracy: 0.9091
Epoch 243/350
391/391 - 24s - loss: 0.1046 - accuracy: 0.9787 - val_loss: 0.4748 - val_accuracy: 0.9094
Epoch 244/350
391/391 - 24s - loss: 0.1050 - accuracy: 0.9793 - val_loss: 0.4721 - val_accuracy: 0.9098
Epoch 245/350
391/391 - 24s - loss: 0.1040 - accuracy: 0.9790 - val_loss: 0.4724 - val_accuracy: 0.9103
Epoch 246/350
391/391 - 24s - loss: 0.1031 - accuracy: 0.9796 - val_loss: 0.4732 - val_accuracy: 0.9111
Epoch 247/350
391/391 - 24s - loss: 0.1017 - accuracy: 0.9794 - val_loss: 0.4831 - val_accuracy: 0.9098
Epoch 248/350
391/391 - 24s - loss: 0.1043 - accuracy: 0.9795 - val_loss: 0.4842 - val_accuracy: 0.9067
Epoch 249/350
391/391 - 24s - loss: 0.1035 - accuracy: 0.9807 - val_loss: 0.4804 - val_accuracy: 0.9113
Epoch 250/350


Snapshot weight 2 shuffle 1 at epoch 250
Layer 11
Getting activations...


391/391 - 25s - loss: 0.1031 - accuracy: 0.9794 - val_loss: 0.4830 - val_accuracy: 0.9088
Epoch 251/350
391/391 - 24s - loss: 0.1019 - accuracy: 0.9801 - val_loss: 0.4772 - val_accuracy: 0.9099
Epoch 252/350
391/391 - 24s - loss: 0.1029 - accuracy: 0.9800 - val_loss: 0.4741 - val_accuracy: 0.9108
Epoch 253/350
391/391 - 24s - loss: 0.1011 - accuracy: 0.9808 - val_loss: 0.4748 - val_accuracy: 0.9097
Epoch 254/350
391/391 - 25s - loss: 0.0989 - accuracy: 0.9814 - val_loss: 0.4762 - val_accuracy: 0.9096
Epoch 255/350
391/391 - 24s - loss: 0.1023 - accuracy: 0.9791 - val_loss: 0.4736 - val_accuracy: 0.9100
Epoch 256/350
391/391 - 24s - loss: 0.0988 - accuracy: 0.9813 - val_loss: 0.4757 - val_accuracy: 0.9098
Epoch 257/350
391/391 - 24s - loss: 0.0972 - accuracy: 0.9825 - val_loss: 0.4779 - val_accuracy: 0.9090
Epoch 258/350
391/391 - 24s - loss: 0.0968 - accuracy: 0.9823 - val_loss: 0.4788 - val_accuracy: 0.9100
Epoch 259/350
391/391 - 25s - loss: 0.0990 - accuracy: 0.9807 - val_loss: 0.4775 - val_accuracy: 0.9098
Epoch 260/350
391/391 - 24s - loss: 0.0971 - accuracy: 0.9813 - val_loss: 0.4776 - val_accuracy: 0.9094
Epoch 261/350
391/391 - 25s - loss: 0.0988 - accuracy: 0.9803 - val_loss: 0.4771 - val_accuracy: 0.9098
Epoch 262/350
391/391 - 24s - loss: 0.0980 - accuracy: 0.9811 - val_loss: 0.4785 - val_accuracy: 0.9095
Epoch 263/350
391/391 - 24s - loss: 0.1004 - accuracy: 0.9811 - val_loss: 0.4757 - val_accuracy: 0.9113
Epoch 264/350
391/391 - 24s - loss: 0.0997 - accuracy: 0.9811 - val_loss: 0.4748 - val_accuracy: 0.9101
Epoch 265/350
391/391 - 24s - loss: 0.1006 - accuracy: 0.9810 - val_loss: 0.4766 - val_accuracy: 0.9098
Epoch 266/350
391/391 - 24s - loss: 0.1011 - accuracy: 0.9803 - val_loss: 0.4763 - val_accuracy: 0.9095
Epoch 267/350
391/391 - 24s - loss: 0.0994 - accuracy: 0.9808 - val_loss: 0.4779 - val_accuracy: 0.9094
Epoch 268/350
391/391 - 24s - loss: 0.1001 - accuracy: 0.9809 - val_loss: 0.4777 - val_accuracy: 0.9098
Epoch 269/350
391/391 - 25s - loss: 0.1002 - accuracy: 0.9807 - val_loss: 0.4769 - val_accuracy: 0.9093
Epoch 270/350
391/391 - 24s - loss: 0.1006 - accuracy: 0.9805 - val_loss: 0.4783 - val_accuracy: 0.9104
Epoch 271/350
391/391 - 24s - loss: 0.1002 - accuracy: 0.9809 - val_loss: 0.4801 - val_accuracy: 0.9100
Epoch 272/350
391/391 - 24s - loss: 0.1007 - accuracy: 0.9807 - val_loss: 0.4780 - val_accuracy: 0.9101
Epoch 273/350
391/391 - 24s - loss: 0.0996 - accuracy: 0.9814 - val_loss: 0.4770 - val_accuracy: 0.9093
Epoch 274/350
391/391 - 24s - loss: 0.0988 - accuracy: 0.9807 - val_loss: 0.4779 - val_accuracy: 0.9096
Epoch 275/350
391/391 - 24s - loss: 0.1008 - accuracy: 0.9805 - val_loss: 0.4781 - val_accuracy: 0.9097
Epoch 276/350
391/391 - 24s - loss: 0.0998 - accuracy: 0.9807 - val_loss: 0.4777 - val_accuracy: 0.9101
Epoch 277/350
391/391 - 24s - loss: 0.0995 - accuracy: 0.9805 - val_loss: 0.4775 - val_accuracy: 0.9105
Epoch 278/350
391/391 - 24s - loss: 0.0998 - accuracy: 0.9809 - val_loss: 0.4766 - val_accuracy: 0.9102
Epoch 279/350
391/391 - 24s - loss: 0.0978 - accuracy: 0.9816 - val_loss: 0.4786 - val_accuracy: 0.9100
Epoch 280/350
391/391 - 24s - loss: 0.0972 - accuracy: 0.9814 - val_loss: 0.4793 - val_accuracy: 0.9098
Epoch 281/350
391/391 - 24s - loss: 0.0980 - accuracy: 0.9810 - val_loss: 0.4778 - val_accuracy: 0.9094
Epoch 282/350
391/391 - 24s - loss: 0.0999 - accuracy: 0.9809 - val_loss: 0.4769 - val_accuracy: 0.9109
Epoch 283/350
391/391 - 24s - loss: 0.0995 - accuracy: 0.9807 - val_loss: 0.4783 - val_accuracy: 0.9102
Epoch 284/350
391/391 - 24s - loss: 0.1003 - accuracy: 0.9807 - val_loss: 0.4783 - val_accuracy: 0.9103
Epoch 285/350
391/391 - 24s - loss: 0.0995 - accuracy: 0.9813 - val_loss: 0.4792 - val_accuracy: 0.9103
Epoch 286/350
391/391 - 24s - loss: 0.1021 - accuracy: 0.9801 - val_loss: 0.4788 - val_accuracy: 0.9095
Epoch 287/350
391/391 - 24s - loss: 0.0982 - accuracy: 0.9814 - val_loss: 0.4792 - val_accuracy: 0.9094
Epoch 288/350
391/391 - 24s - loss: 0.1000 - accuracy: 0.9807 - val_loss: 0.4765 - val_accuracy: 0.9098
Epoch 289/350
391/391 - 24s - loss: 0.0988 - accuracy: 0.9815 - val_loss: 0.4778 - val_accuracy: 0.9101
Epoch 290/350
391/391 - 24s - loss: 0.0981 - accuracy: 0.9810 - val_loss: 0.4771 - val_accuracy: 0.9105
Epoch 291/350
391/391 - 24s - loss: 0.0995 - accuracy: 0.9813 - val_loss: 0.4775 - val_accuracy: 0.9101
Epoch 292/350
391/391 - 24s - loss: 0.0978 - accuracy: 0.9815 - val_loss: 0.4806 - val_accuracy: 0.9094
Epoch 293/350
391/391 - 24s - loss: 0.1004 - accuracy: 0.9807 - val_loss: 0.4774 - val_accuracy: 0.9105
Epoch 294/350
391/391 - 24s - loss: 0.0968 - accuracy: 0.9818 - val_loss: 0.4781 - val_accuracy: 0.9102
Epoch 295/350
391/391 - 24s - loss: 0.1004 - accuracy: 0.9804 - val_loss: 0.4795 - val_accuracy: 0.9098
Epoch 296/350
391/391 - 25s - loss: 0.0990 - accuracy: 0.9816 - val_loss: 0.4783 - val_accuracy: 0.9100
Epoch 297/350
391/391 - 24s - loss: 0.1010 - accuracy: 0.9803 - val_loss: 0.4777 - val_accuracy: 0.9100
Epoch 298/350
391/391 - 24s - loss: 0.0953 - accuracy: 0.9822 - val_loss: 0.4805 - val_accuracy: 0.9100
Epoch 299/350
391/391 - 24s - loss: 0.1004 - accuracy: 0.9807 - val_loss: 0.4788 - val_accuracy: 0.9095
Epoch 300/350


Snapshot weight 2 shuffle 1 at epoch 300
Layer 11
Getting activations...


391/391 - 25s - loss: 0.0995 - accuracy: 0.9810 - val_loss: 0.4775 - val_accuracy: 0.9106
Epoch 301/350
391/391 - 25s - loss: 0.1001 - accuracy: 0.9807 - val_loss: 0.4777 - val_accuracy: 0.9102
Epoch 302/350
391/391 - 24s - loss: 0.0966 - accuracy: 0.9825 - val_loss: 0.4780 - val_accuracy: 0.9100
Epoch 303/350
391/391 - 24s - loss: 0.1003 - accuracy: 0.9809 - val_loss: 0.4779 - val_accuracy: 0.9096
Epoch 304/350
391/391 - 24s - loss: 0.0988 - accuracy: 0.9809 - val_loss: 0.4778 - val_accuracy: 0.9099
Epoch 305/350
391/391 - 24s - loss: 0.0998 - accuracy: 0.9812 - val_loss: 0.4777 - val_accuracy: 0.9102
Epoch 306/350
391/391 - 24s - loss: 0.0983 - accuracy: 0.9814 - val_loss: 0.4777 - val_accuracy: 0.9098
Epoch 307/350
391/391 - 24s - loss: 0.0963 - accuracy: 0.9827 - val_loss: 0.4779 - val_accuracy: 0.9100
Epoch 308/350
391/391 - 24s - loss: 0.0997 - accuracy: 0.9800 - val_loss: 0.4779 - val_accuracy: 0.9099
Epoch 309/350
391/391 - 24s - loss: 0.1005 - accuracy: 0.9801 - val_loss: 0.4782 - val_accuracy: 0.9098
Epoch 310/350
391/391 - 24s - loss: 0.0982 - accuracy: 0.9811 - val_loss: 0.4784 - val_accuracy: 0.9096
Epoch 311/350
391/391 - 24s - loss: 0.0987 - accuracy: 0.9811 - val_loss: 0.4783 - val_accuracy: 0.9095
Epoch 312/350
391/391 - 24s - loss: 0.0990 - accuracy: 0.9809 - val_loss: 0.4782 - val_accuracy: 0.9096
Epoch 313/350
391/391 - 25s - loss: 0.0984 - accuracy: 0.9811 - val_loss: 0.4780 - val_accuracy: 0.9097
Epoch 314/350
391/391 - 24s - loss: 0.1006 - accuracy: 0.9803 - val_loss: 0.4781 - val_accuracy: 0.9097
Epoch 315/350
391/391 - 24s - loss: 0.0959 - accuracy: 0.9820 - val_loss: 0.4783 - val_accuracy: 0.9101
Epoch 316/350
391/391 - 24s - loss: 0.0966 - accuracy: 0.9816 - val_loss: 0.4785 - val_accuracy: 0.9102
Epoch 317/350
391/391 - 24s - loss: 0.0970 - accuracy: 0.9820 - val_loss: 0.4785 - val_accuracy: 0.9105
Epoch 318/350
391/391 - 24s - loss: 0.0973 - accuracy: 0.9820 - val_loss: 0.4785 - val_accuracy: 0.9100
Epoch 319/350
391/391 - 24s - loss: 0.0984 - accuracy: 0.9815 - val_loss: 0.4787 - val_accuracy: 0.9102
Epoch 320/350
391/391 - 24s - loss: 0.0989 - accuracy: 0.9810 - val_loss: 0.4787 - val_accuracy: 0.9103
Epoch 321/350
391/391 - 24s - loss: 0.0970 - accuracy: 0.9817 - val_loss: 0.4790 - val_accuracy: 0.9102
Epoch 322/350
391/391 - 24s - loss: 0.0981 - accuracy: 0.9809 - val_loss: 0.4789 - val_accuracy: 0.9100
Epoch 323/350
391/391 - 24s - loss: 0.0991 - accuracy: 0.9808 - val_loss: 0.4789 - val_accuracy: 0.9102
Epoch 324/350
391/391 - 24s - loss: 0.0968 - accuracy: 0.9818 - val_loss: 0.4790 - val_accuracy: 0.9103
Epoch 325/350
391/391 - 24s - loss: 0.0994 - accuracy: 0.9807 - val_loss: 0.4789 - val_accuracy: 0.9099
Epoch 326/350
391/391 - 24s - loss: 0.0993 - accuracy: 0.9804 - val_loss: 0.4790 - val_accuracy: 0.9097
Epoch 327/350
391/391 - 24s - loss: 0.0982 - accuracy: 0.9815 - val_loss: 0.4788 - val_accuracy: 0.9102
Epoch 328/350
391/391 - 24s - loss: 0.0978 - accuracy: 0.9817 - val_loss: 0.4791 - val_accuracy: 0.9102
Epoch 329/350
391/391 - 24s - loss: 0.0968 - accuracy: 0.9818 - val_loss: 0.4792 - val_accuracy: 0.9103
Epoch 330/350
391/391 - 24s - loss: 0.0990 - accuracy: 0.9808 - val_loss: 0.4794 - val_accuracy: 0.9101
Epoch 331/350
391/391 - 24s - loss: 0.0994 - accuracy: 0.9806 - val_loss: 0.4794 - val_accuracy: 0.9100
Epoch 332/350
391/391 - 24s - loss: 0.0982 - accuracy: 0.9812 - val_loss: 0.4795 - val_accuracy: 0.9100
Epoch 333/350
391/391 - 24s - loss: 0.0994 - accuracy: 0.9811 - val_loss: 0.4796 - val_accuracy: 0.9100
Epoch 334/350
391/391 - 24s - loss: 0.1002 - accuracy: 0.9809 - val_loss: 0.4796 - val_accuracy: 0.9100
Epoch 335/350
391/391 - 24s - loss: 0.0961 - accuracy: 0.9825 - val_loss: 0.4795 - val_accuracy: 0.9101
Epoch 336/350
391/391 - 24s - loss: 0.0953 - accuracy: 0.9826 - val_loss: 0.4800 - val_accuracy: 0.9102
Epoch 337/350
391/391 - 24s - loss: 0.0985 - accuracy: 0.9809 - val_loss: 0.4802 - val_accuracy: 0.9101
Epoch 338/350
391/391 - 24s - loss: 0.0953 - accuracy: 0.9823 - val_loss: 0.4804 - val_accuracy: 0.9102
Epoch 339/350
391/391 - 24s - loss: 0.0985 - accuracy: 0.9813 - val_loss: 0.4802 - val_accuracy: 0.9105
Epoch 340/350
391/391 - 24s - loss: 0.0985 - accuracy: 0.9809 - val_loss: 0.4801 - val_accuracy: 0.9103
Epoch 341/350
391/391 - 24s - loss: 0.0981 - accuracy: 0.9811 - val_loss: 0.4801 - val_accuracy: 0.9101
Epoch 342/350
391/391 - 24s - loss: 0.1003 - accuracy: 0.9802 - val_loss: 0.4802 - val_accuracy: 0.9101
Epoch 343/350
391/391 - 24s - loss: 0.0994 - accuracy: 0.9808 - val_loss: 0.4802 - val_accuracy: 0.9097
Epoch 344/350
391/391 - 24s - loss: 0.0984 - accuracy: 0.9817 - val_loss: 0.4801 - val_accuracy: 0.9097
Epoch 345/350
391/391 - 24s - loss: 0.0975 - accuracy: 0.9816 - val_loss: 0.4800 - val_accuracy: 0.9095
Epoch 346/350
391/391 - 24s - loss: 0.0987 - accuracy: 0.9819 - val_loss: 0.4803 - val_accuracy: 0.9098
Epoch 347/350
391/391 - 24s - loss: 0.1000 - accuracy: 0.9801 - val_loss: 0.4802 - val_accuracy: 0.9098
Epoch 348/350
391/391 - 24s - loss: 0.0973 - accuracy: 0.9812 - val_loss: 0.4804 - val_accuracy: 0.9096
Epoch 349/350
391/391 - 24s - loss: 0.0994 - accuracy: 0.9807 - val_loss: 0.4801 - val_accuracy: 0.9099
Epoch 350/350


Snapshot weight 2 shuffle 1 at epoch 350
Layer 11
Getting activations...


391/391 - 25s - loss: 0.0969 - accuracy: 0.9815 - val_loss: 0.4800 - val_accuracy: 0.9099
/usr/local/lib/python3.6/dist-packages/tensorflow/python/autograph/impl/api.py:493: UserWarning: fill_value is not supported and is always 0 for TensorFlow < 2.4.0.
  return py_builtins.overload_of(f)(*args)
WARNING:tensorflow:From /usr/local/lib/python3.6/dist-packages/tensorflow/python/training/tracking/tracking.py:111: Model.state_updates (from tensorflow.python.keras.engine.training) is deprecated and will be removed in a future version.
Instructions for updating:
This property should not be used in TensorFlow 2.0, as updates are applied automatically.
2021-07-01 21:12:51.903278: W tensorflow/python/util/util.cc:348] Sets are not currently considered sequences, but this may change in the future, so consider avoiding using them.
WARNING:tensorflow:From /usr/local/lib/python3.6/dist-packages/tensorflow/python/training/tracking/tracking.py:111: Layer.updates (from tensorflow.python.keras.engine.base_layer) is deprecated and will be removed in a future version.
Instructions for updating:
This property should not be used in TensorFlow 2.0, as updates are applied automatically.
Saving, final validation acc: 0.9099000096321106
