2021-07-02 09:38:36.349590: I tensorflow/stream_executor/platform/default/dso_loader.cc:48] Successfully opened dynamic library libcudart.so.10.1
2021-07-02 09:39:55.012971: I tensorflow/stream_executor/platform/default/dso_loader.cc:48] Successfully opened dynamic library libcuda.so.1
2021-07-02 09:39:55.042236: I tensorflow/core/common_runtime/gpu/gpu_device.cc:1716] Found device 0 with properties: 
pciBusID: 0000:02:00.0 name: NVIDIA TITAN Xp computeCapability: 6.1
coreClock: 1.582GHz coreCount: 30 deviceMemorySize: 11.91GiB deviceMemoryBandwidth: 510.07GiB/s
2021-07-02 09:39:55.042335: I tensorflow/stream_executor/platform/default/dso_loader.cc:48] Successfully opened dynamic library libcudart.so.10.1
2021-07-02 09:39:55.084361: I tensorflow/stream_executor/platform/default/dso_loader.cc:48] Successfully opened dynamic library libcublas.so.10
2021-07-02 09:39:55.106037: I tensorflow/stream_executor/platform/default/dso_loader.cc:48] Successfully opened dynamic library libcufft.so.10
2021-07-02 09:39:55.114594: I tensorflow/stream_executor/platform/default/dso_loader.cc:48] Successfully opened dynamic library libcurand.so.10
2021-07-02 09:39:55.159898: I tensorflow/stream_executor/platform/default/dso_loader.cc:48] Successfully opened dynamic library libcusolver.so.10
2021-07-02 09:39:55.168776: I tensorflow/stream_executor/platform/default/dso_loader.cc:48] Successfully opened dynamic library libcusparse.so.10
2021-07-02 09:39:55.248984: I tensorflow/stream_executor/platform/default/dso_loader.cc:48] Successfully opened dynamic library libcudnn.so.7
2021-07-02 09:39:55.250913: I tensorflow/core/common_runtime/gpu/gpu_device.cc:1858] Adding visible gpu devices: 0
2021-07-02 09:39:55.254793: I tensorflow/core/platform/cpu_feature_guard.cc:142] This TensorFlow binary is optimized with oneAPI Deep Neural Network Library (oneDNN)to use the following CPU instructions in performance-critical operations:  AVX2 FMA
To enable them in other operations, rebuild TensorFlow with the appropriate compiler flags.
2021-07-02 09:39:55.270998: I tensorflow/core/platform/profile_utils/cpu_utils.cc:104] CPU Frequency: 2599870000 Hz
2021-07-02 09:39:55.271149: I tensorflow/compiler/xla/service/service.cc:168] XLA service 0x48de2f0 initialized for platform Host (this does not guarantee that XLA will be used). Devices:
2021-07-02 09:39:55.271167: I tensorflow/compiler/xla/service/service.cc:176]   StreamExecutor device (0): Host, Default Version
2021-07-02 09:39:55.425002: I tensorflow/compiler/xla/service/service.cc:168] XLA service 0x48beb50 initialized for platform CUDA (this does not guarantee that XLA will be used). Devices:
2021-07-02 09:39:55.425074: I tensorflow/compiler/xla/service/service.cc:176]   StreamExecutor device (0): NVIDIA TITAN Xp, Compute Capability 6.1
2021-07-02 09:39:55.427604: I tensorflow/core/common_runtime/gpu/gpu_device.cc:1716] Found device 0 with properties: 
pciBusID: 0000:02:00.0 name: NVIDIA TITAN Xp computeCapability: 6.1
coreClock: 1.582GHz coreCount: 30 deviceMemorySize: 11.91GiB deviceMemoryBandwidth: 510.07GiB/s
2021-07-02 09:39:55.427642: I tensorflow/stream_executor/platform/default/dso_loader.cc:48] Successfully opened dynamic library libcudart.so.10.1
2021-07-02 09:39:55.427671: I tensorflow/stream_executor/platform/default/dso_loader.cc:48] Successfully opened dynamic library libcublas.so.10
2021-07-02 09:39:55.427688: I tensorflow/stream_executor/platform/default/dso_loader.cc:48] Successfully opened dynamic library libcufft.so.10
2021-07-02 09:39:55.427704: I tensorflow/stream_executor/platform/default/dso_loader.cc:48] Successfully opened dynamic library libcurand.so.10
2021-07-02 09:39:55.427720: I tensorflow/stream_executor/platform/default/dso_loader.cc:48] Successfully opened dynamic library libcusolver.so.10
2021-07-02 09:39:55.427736: I tensorflow/stream_executor/platform/default/dso_loader.cc:48] Successfully opened dynamic library libcusparse.so.10
2021-07-02 09:39:55.427752: I tensorflow/stream_executor/platform/default/dso_loader.cc:48] Successfully opened dynamic library libcudnn.so.7
2021-07-02 09:39:55.435878: I tensorflow/core/common_runtime/gpu/gpu_device.cc:1858] Adding visible gpu devices: 0
2021-07-02 09:39:55.437705: I tensorflow/stream_executor/platform/default/dso_loader.cc:48] Successfully opened dynamic library libcudart.so.10.1
2021-07-02 09:39:57.269277: I tensorflow/core/common_runtime/gpu/gpu_device.cc:1257] Device interconnect StreamExecutor with strength 1 edge matrix:
2021-07-02 09:39:57.269361: I tensorflow/core/common_runtime/gpu/gpu_device.cc:1263]      0 
2021-07-02 09:39:57.269373: I tensorflow/core/common_runtime/gpu/gpu_device.cc:1276] 0:   N 
2021-07-02 09:39:57.278236: I tensorflow/core/common_runtime/gpu/gpu_device.cc:1402] Created TensorFlow device (/job:localhost/replica:0/task:0/device:GPU:0 with 11218 MB memory) -> physical GPU (device: 0, name: NVIDIA TITAN Xp, pci bus id: 0000:02:00.0, compute capability: 6.1)
2021-07-02 09:40:03.142831: I tensorflow/stream_executor/platform/default/dso_loader.cc:48] Successfully opened dynamic library libcudnn.so.7
2021-07-02 09:40:05.669971: I tensorflow/stream_executor/platform/default/dso_loader.cc:48] Successfully opened dynamic library libcublas.so.10
/usr/local/lib/python3.6/dist-packages/tensorflow/python/autograph/impl/api.py:493: UserWarning: fill_value is not supported and is always 0 for TensorFlow < 2.4.0.
  return py_builtins.overload_of(f)(*args)
WARNING:tensorflow:Callbacks method `on_train_batch_end` is slow compared to the batch time (batch time: 0.0217s vs `on_train_batch_end` time: 0.0393s). Check your callbacks.
Using model index: 61
Making train data...
GCN...
ZCA...
Done!
Making test data...
Done!
Epoch 1/350


Snapshot weight 1 shuffle 6 at epoch 1
Layer 11
Getting activations...


391/391 - 24s - loss: 2.3219 - accuracy: 0.1068 - val_loss: 2.2913 - val_accuracy: 0.1488
Epoch 2/350


Snapshot weight 1 shuffle 6 at epoch 2
Layer 11
Getting activations...


391/391 - 23s - loss: 2.2287 - accuracy: 0.1393 - val_loss: 2.1264 - val_accuracy: 0.1568
Epoch 3/350


Snapshot weight 1 shuffle 6 at epoch 3
Layer 11
Getting activations...


391/391 - 23s - loss: 2.1329 - accuracy: 0.1888 - val_loss: 2.0741 - val_accuracy: 0.2106
Epoch 4/350


Snapshot weight 1 shuffle 6 at epoch 4
Layer 11
Getting activations...


391/391 - 23s - loss: 1.9667 - accuracy: 0.2918 - val_loss: 1.7327 - val_accuracy: 0.3948
Epoch 5/350


Snapshot weight 1 shuffle 6 at epoch 5
Layer 11
Getting activations...


391/391 - 24s - loss: 1.6539 - accuracy: 0.4398 - val_loss: 1.7469 - val_accuracy: 0.4300
Epoch 6/350


Snapshot weight 1 shuffle 6 at epoch 6
Layer 11
Getting activations...


391/391 - 24s - loss: 1.5232 - accuracy: 0.4913 - val_loss: 1.4040 - val_accuracy: 0.5275
Epoch 7/350


Snapshot weight 1 shuffle 6 at epoch 7
Layer 11
Getting activations...


391/391 - 24s - loss: 1.4247 - accuracy: 0.5278 - val_loss: 1.3029 - val_accuracy: 0.5750
Epoch 8/350


Snapshot weight 1 shuffle 6 at epoch 8
Layer 11
Getting activations...


391/391 - 24s - loss: 1.3506 - accuracy: 0.5554 - val_loss: 1.2205 - val_accuracy: 0.6085
Epoch 9/350


Snapshot weight 1 shuffle 6 at epoch 9
Layer 11
Getting activations...


391/391 - 24s - loss: 1.2905 - accuracy: 0.5780 - val_loss: 1.2726 - val_accuracy: 0.6003
Epoch 10/350


Snapshot weight 1 shuffle 6 at epoch 10
Layer 11
Getting activations...


391/391 - 24s - loss: 1.2339 - accuracy: 0.5977 - val_loss: 1.1422 - val_accuracy: 0.6338
Epoch 11/350
391/391 - 23s - loss: 1.2022 - accuracy: 0.6091 - val_loss: 1.0797 - val_accuracy: 0.6575
Epoch 12/350
391/391 - 23s - loss: 1.1475 - accuracy: 0.6304 - val_loss: 1.1213 - val_accuracy: 0.6464
Epoch 13/350
391/391 - 23s - loss: 1.1259 - accuracy: 0.6370 - val_loss: 1.0832 - val_accuracy: 0.6535
Epoch 14/350
391/391 - 23s - loss: 1.0849 - accuracy: 0.6507 - val_loss: 1.0563 - val_accuracy: 0.6672
Epoch 15/350
391/391 - 24s - loss: 1.0586 - accuracy: 0.6626 - val_loss: 0.9710 - val_accuracy: 0.6939
Epoch 16/350
391/391 - 24s - loss: 1.0193 - accuracy: 0.6747 - val_loss: 0.9822 - val_accuracy: 0.6922
Epoch 17/350
391/391 - 23s - loss: 0.9628 - accuracy: 0.6895 - val_loss: 0.7856 - val_accuracy: 0.7464
Epoch 18/350
391/391 - 23s - loss: 0.8218 - accuracy: 0.7249 - val_loss: 0.7263 - val_accuracy: 0.7636
Epoch 19/350
391/391 - 24s - loss: 0.7881 - accuracy: 0.7355 - val_loss: 0.7431 - val_accuracy: 0.7558
Epoch 20/350
391/391 - 24s - loss: 0.7581 - accuracy: 0.7470 - val_loss: 0.7238 - val_accuracy: 0.7602
Epoch 21/350
391/391 - 24s - loss: 0.7268 - accuracy: 0.7566 - val_loss: 0.7363 - val_accuracy: 0.7604
Epoch 22/350
391/391 - 23s - loss: 0.7001 - accuracy: 0.7676 - val_loss: 0.7248 - val_accuracy: 0.7691
Epoch 23/350
391/391 - 24s - loss: 0.6838 - accuracy: 0.7719 - val_loss: 0.6710 - val_accuracy: 0.7836
Epoch 24/350
391/391 - 24s - loss: 0.6758 - accuracy: 0.7751 - val_loss: 0.6384 - val_accuracy: 0.7887
Epoch 25/350
391/391 - 24s - loss: 0.6494 - accuracy: 0.7846 - val_loss: 0.6472 - val_accuracy: 0.7933
Epoch 26/350
391/391 - 23s - loss: 0.6343 - accuracy: 0.7903 - val_loss: 0.5983 - val_accuracy: 0.8050
Epoch 27/350
391/391 - 24s - loss: 0.6232 - accuracy: 0.7945 - val_loss: 0.5429 - val_accuracy: 0.8246
Epoch 28/350
391/391 - 24s - loss: 0.6009 - accuracy: 0.8030 - val_loss: 0.5465 - val_accuracy: 0.8246
Epoch 29/350
391/391 - 23s - loss: 0.5865 - accuracy: 0.8079 - val_loss: 0.5774 - val_accuracy: 0.8164
Epoch 30/350
391/391 - 23s - loss: 0.5730 - accuracy: 0.8118 - val_loss: 0.5651 - val_accuracy: 0.8151
Epoch 31/350
391/391 - 24s - loss: 0.5683 - accuracy: 0.8133 - val_loss: 0.5422 - val_accuracy: 0.8258
Epoch 32/350
391/391 - 23s - loss: 0.5504 - accuracy: 0.8188 - val_loss: 0.6332 - val_accuracy: 0.8026
Epoch 33/350
391/391 - 24s - loss: 0.5435 - accuracy: 0.8216 - val_loss: 0.5590 - val_accuracy: 0.8223
Epoch 34/350
391/391 - 24s - loss: 0.5302 - accuracy: 0.8282 - val_loss: 0.5339 - val_accuracy: 0.8297
Epoch 35/350
391/391 - 24s - loss: 0.5203 - accuracy: 0.8284 - val_loss: 0.4809 - val_accuracy: 0.8452
Epoch 36/350
391/391 - 24s - loss: 0.5136 - accuracy: 0.8318 - val_loss: 0.5094 - val_accuracy: 0.8362
Epoch 37/350
391/391 - 24s - loss: 0.5016 - accuracy: 0.8365 - val_loss: 0.5002 - val_accuracy: 0.8388
Epoch 38/350
391/391 - 23s - loss: 0.4959 - accuracy: 0.8387 - val_loss: 0.4846 - val_accuracy: 0.8472
Epoch 39/350
391/391 - 24s - loss: 0.4868 - accuracy: 0.8422 - val_loss: 0.5109 - val_accuracy: 0.8353
Epoch 40/350
391/391 - 24s - loss: 0.4785 - accuracy: 0.8441 - val_loss: 0.5206 - val_accuracy: 0.8375
Epoch 41/350
391/391 - 24s - loss: 0.4762 - accuracy: 0.8471 - val_loss: 0.4844 - val_accuracy: 0.8488
Epoch 42/350
391/391 - 24s - loss: 0.4629 - accuracy: 0.8509 - val_loss: 0.4789 - val_accuracy: 0.8500
Epoch 43/350
391/391 - 24s - loss: 0.4537 - accuracy: 0.8528 - val_loss: 0.5114 - val_accuracy: 0.8421
Epoch 44/350
391/391 - 24s - loss: 0.4511 - accuracy: 0.8534 - val_loss: 0.5062 - val_accuracy: 0.8430
Epoch 45/350
391/391 - 23s - loss: 0.4494 - accuracy: 0.8547 - val_loss: 0.4700 - val_accuracy: 0.8532
Epoch 46/350
391/391 - 24s - loss: 0.4388 - accuracy: 0.8591 - val_loss: 0.4379 - val_accuracy: 0.8613
Epoch 47/350
391/391 - 24s - loss: 0.4362 - accuracy: 0.8603 - val_loss: 0.4619 - val_accuracy: 0.8544
Epoch 48/350
391/391 - 24s - loss: 0.4328 - accuracy: 0.8609 - val_loss: 0.4486 - val_accuracy: 0.8600
Epoch 49/350
391/391 - 23s - loss: 0.4246 - accuracy: 0.8640 - val_loss: 0.4303 - val_accuracy: 0.8648
Epoch 50/350


Snapshot weight 1 shuffle 6 at epoch 50
Layer 11
Getting activations...


391/391 - 24s - loss: 0.4146 - accuracy: 0.8662 - val_loss: 0.4987 - val_accuracy: 0.8490
Epoch 51/350
391/391 - 24s - loss: 0.4085 - accuracy: 0.8696 - val_loss: 0.4694 - val_accuracy: 0.8546
Epoch 52/350
391/391 - 24s - loss: 0.4015 - accuracy: 0.8710 - val_loss: 0.4716 - val_accuracy: 0.8566
Epoch 53/350
391/391 - 24s - loss: 0.4088 - accuracy: 0.8678 - val_loss: 0.4693 - val_accuracy: 0.8549
Epoch 54/350
391/391 - 24s - loss: 0.4009 - accuracy: 0.8728 - val_loss: 0.4442 - val_accuracy: 0.8704
Epoch 55/350
391/391 - 23s - loss: 0.3909 - accuracy: 0.8756 - val_loss: 0.4333 - val_accuracy: 0.8642
Epoch 56/350
391/391 - 24s - loss: 0.3865 - accuracy: 0.8759 - val_loss: 0.4223 - val_accuracy: 0.8663
Epoch 57/350
391/391 - 24s - loss: 0.3880 - accuracy: 0.8764 - val_loss: 0.4366 - val_accuracy: 0.8711
Epoch 58/350
391/391 - 24s - loss: 0.3792 - accuracy: 0.8796 - val_loss: 0.4421 - val_accuracy: 0.8626
Epoch 59/350
391/391 - 24s - loss: 0.3748 - accuracy: 0.8802 - val_loss: 0.4234 - val_accuracy: 0.8711
Epoch 60/350
391/391 - 23s - loss: 0.3677 - accuracy: 0.8837 - val_loss: 0.4256 - val_accuracy: 0.8735
Epoch 61/350
391/391 - 24s - loss: 0.3664 - accuracy: 0.8849 - val_loss: 0.4382 - val_accuracy: 0.8713
Epoch 62/350
391/391 - 23s - loss: 0.3619 - accuracy: 0.8870 - val_loss: 0.4575 - val_accuracy: 0.8678
Epoch 63/350
391/391 - 24s - loss: 0.3513 - accuracy: 0.8899 - val_loss: 0.4157 - val_accuracy: 0.8725
Epoch 64/350
391/391 - 24s - loss: 0.3531 - accuracy: 0.8871 - val_loss: 0.4143 - val_accuracy: 0.8780
Epoch 65/350
391/391 - 24s - loss: 0.3470 - accuracy: 0.8889 - val_loss: 0.4534 - val_accuracy: 0.8618
Epoch 66/350
391/391 - 23s - loss: 0.3443 - accuracy: 0.8910 - val_loss: 0.4584 - val_accuracy: 0.8688
Epoch 67/350
391/391 - 24s - loss: 0.3437 - accuracy: 0.8918 - val_loss: 0.4146 - val_accuracy: 0.8792
Epoch 68/350
391/391 - 24s - loss: 0.3349 - accuracy: 0.8949 - val_loss: 0.5002 - val_accuracy: 0.8587
Epoch 69/350
391/391 - 24s - loss: 0.3386 - accuracy: 0.8926 - val_loss: 0.4378 - val_accuracy: 0.8747
Epoch 70/350
391/391 - 23s - loss: 0.3331 - accuracy: 0.8940 - val_loss: 0.4385 - val_accuracy: 0.8741
Epoch 71/350
391/391 - 23s - loss: 0.3387 - accuracy: 0.8933 - val_loss: 0.4159 - val_accuracy: 0.8783
Epoch 72/350
391/391 - 23s - loss: 0.3259 - accuracy: 0.8977 - val_loss: 0.4480 - val_accuracy: 0.8667
Epoch 73/350
391/391 - 24s - loss: 0.3258 - accuracy: 0.8976 - val_loss: 0.4123 - val_accuracy: 0.8765
Epoch 74/350
391/391 - 23s - loss: 0.3209 - accuracy: 0.9004 - val_loss: 0.4019 - val_accuracy: 0.8795
Epoch 75/350
391/391 - 23s - loss: 0.3155 - accuracy: 0.9017 - val_loss: 0.4183 - val_accuracy: 0.8792
Epoch 76/350
391/391 - 24s - loss: 0.3152 - accuracy: 0.9001 - val_loss: 0.4406 - val_accuracy: 0.8752
Epoch 77/350
391/391 - 24s - loss: 0.3106 - accuracy: 0.9042 - val_loss: 0.4276 - val_accuracy: 0.8723
Epoch 78/350
391/391 - 24s - loss: 0.3079 - accuracy: 0.9049 - val_loss: 0.3977 - val_accuracy: 0.8840
Epoch 79/350
391/391 - 23s - loss: 0.3078 - accuracy: 0.9047 - val_loss: 0.4268 - val_accuracy: 0.8824
Epoch 80/350
391/391 - 23s - loss: 0.3032 - accuracy: 0.9063 - val_loss: 0.3998 - val_accuracy: 0.8853
Epoch 81/350
391/391 - 24s - loss: 0.3031 - accuracy: 0.9045 - val_loss: 0.4185 - val_accuracy: 0.8808
Epoch 82/350
391/391 - 24s - loss: 0.3012 - accuracy: 0.9078 - val_loss: 0.4117 - val_accuracy: 0.8822
Epoch 83/350
391/391 - 23s - loss: 0.2974 - accuracy: 0.9071 - val_loss: 0.4064 - val_accuracy: 0.8841
Epoch 84/350
391/391 - 24s - loss: 0.2933 - accuracy: 0.9099 - val_loss: 0.3969 - val_accuracy: 0.8866
Epoch 85/350
391/391 - 24s - loss: 0.2895 - accuracy: 0.9108 - val_loss: 0.4141 - val_accuracy: 0.8847
Epoch 86/350
391/391 - 24s - loss: 0.2929 - accuracy: 0.9097 - val_loss: 0.4082 - val_accuracy: 0.8862
Epoch 87/350
391/391 - 24s - loss: 0.2907 - accuracy: 0.9105 - val_loss: 0.4159 - val_accuracy: 0.8878
Epoch 88/350
391/391 - 23s - loss: 0.2847 - accuracy: 0.9126 - val_loss: 0.4108 - val_accuracy: 0.8846
Epoch 89/350
391/391 - 23s - loss: 0.2828 - accuracy: 0.9124 - val_loss: 0.4157 - val_accuracy: 0.8833
Epoch 90/350
391/391 - 24s - loss: 0.2787 - accuracy: 0.9145 - val_loss: 0.4084 - val_accuracy: 0.8896
Epoch 91/350
391/391 - 23s - loss: 0.2813 - accuracy: 0.9141 - val_loss: 0.4113 - val_accuracy: 0.8847
Epoch 92/350
391/391 - 24s - loss: 0.2794 - accuracy: 0.9149 - val_loss: 0.3967 - val_accuracy: 0.8896
Epoch 93/350
391/391 - 24s - loss: 0.2734 - accuracy: 0.9160 - val_loss: 0.4081 - val_accuracy: 0.8850
Epoch 94/350
391/391 - 23s - loss: 0.2764 - accuracy: 0.9159 - val_loss: 0.3963 - val_accuracy: 0.8908
Epoch 95/350
391/391 - 24s - loss: 0.2631 - accuracy: 0.9197 - val_loss: 0.4125 - val_accuracy: 0.8877
Epoch 96/350
391/391 - 24s - loss: 0.2659 - accuracy: 0.9196 - val_loss: 0.4193 - val_accuracy: 0.8878
Epoch 97/350
391/391 - 24s - loss: 0.2693 - accuracy: 0.9183 - val_loss: 0.4047 - val_accuracy: 0.8887
Epoch 98/350
391/391 - 24s - loss: 0.2688 - accuracy: 0.9179 - val_loss: 0.3978 - val_accuracy: 0.8892
Epoch 99/350
391/391 - 23s - loss: 0.2592 - accuracy: 0.9217 - val_loss: 0.4011 - val_accuracy: 0.8878
Epoch 100/350


Snapshot weight 1 shuffle 6 at epoch 100
Layer 11
Getting activations...


391/391 - 24s - loss: 0.2587 - accuracy: 0.9209 - val_loss: 0.4087 - val_accuracy: 0.8929
Epoch 101/350
391/391 - 23s - loss: 0.2566 - accuracy: 0.9229 - val_loss: 0.4186 - val_accuracy: 0.8894
Epoch 102/350
391/391 - 24s - loss: 0.2573 - accuracy: 0.9234 - val_loss: 0.4045 - val_accuracy: 0.8901
Epoch 103/350
391/391 - 24s - loss: 0.2531 - accuracy: 0.9238 - val_loss: 0.4318 - val_accuracy: 0.8876
Epoch 104/350
391/391 - 23s - loss: 0.2558 - accuracy: 0.9223 - val_loss: 0.4258 - val_accuracy: 0.8880
Epoch 105/350
391/391 - 24s - loss: 0.2576 - accuracy: 0.9222 - val_loss: 0.3898 - val_accuracy: 0.8920
Epoch 106/350
391/391 - 23s - loss: 0.2487 - accuracy: 0.9258 - val_loss: 0.4305 - val_accuracy: 0.8823
Epoch 107/350
391/391 - 24s - loss: 0.2460 - accuracy: 0.9268 - val_loss: 0.4162 - val_accuracy: 0.8906
Epoch 108/350
391/391 - 24s - loss: 0.2480 - accuracy: 0.9260 - val_loss: 0.4213 - val_accuracy: 0.8846
Epoch 109/350
391/391 - 23s - loss: 0.2458 - accuracy: 0.9265 - val_loss: 0.3921 - val_accuracy: 0.8899
Epoch 110/350
391/391 - 23s - loss: 0.2436 - accuracy: 0.9276 - val_loss: 0.3972 - val_accuracy: 0.8918
Epoch 111/350
391/391 - 23s - loss: 0.2400 - accuracy: 0.9285 - val_loss: 0.4105 - val_accuracy: 0.8907
Epoch 112/350
391/391 - 23s - loss: 0.2415 - accuracy: 0.9274 - val_loss: 0.4037 - val_accuracy: 0.8934
Epoch 113/350
391/391 - 24s - loss: 0.2364 - accuracy: 0.9309 - val_loss: 0.4203 - val_accuracy: 0.8882
Epoch 114/350
391/391 - 23s - loss: 0.2376 - accuracy: 0.9296 - val_loss: 0.4321 - val_accuracy: 0.8934
Epoch 115/350
391/391 - 24s - loss: 0.2373 - accuracy: 0.9303 - val_loss: 0.4116 - val_accuracy: 0.8908
Epoch 116/350
391/391 - 24s - loss: 0.2346 - accuracy: 0.9303 - val_loss: 0.4020 - val_accuracy: 0.8928
Epoch 117/350
391/391 - 23s - loss: 0.2328 - accuracy: 0.9311 - val_loss: 0.4093 - val_accuracy: 0.8916
Epoch 118/350
391/391 - 24s - loss: 0.2272 - accuracy: 0.9339 - val_loss: 0.4025 - val_accuracy: 0.8908
Epoch 119/350
391/391 - 24s - loss: 0.2292 - accuracy: 0.9328 - val_loss: 0.4450 - val_accuracy: 0.8909
Epoch 120/350
391/391 - 23s - loss: 0.2250 - accuracy: 0.9350 - val_loss: 0.4290 - val_accuracy: 0.8937
Epoch 121/350
391/391 - 23s - loss: 0.2249 - accuracy: 0.9336 - val_loss: 0.4322 - val_accuracy: 0.8924
Epoch 122/350
391/391 - 24s - loss: 0.2253 - accuracy: 0.9347 - val_loss: 0.4389 - val_accuracy: 0.8892
Epoch 123/350
391/391 - 24s - loss: 0.2293 - accuracy: 0.9323 - val_loss: 0.3922 - val_accuracy: 0.8977
Epoch 124/350
391/391 - 24s - loss: 0.2250 - accuracy: 0.9329 - val_loss: 0.4305 - val_accuracy: 0.8917
Epoch 125/350
391/391 - 23s - loss: 0.2220 - accuracy: 0.9355 - val_loss: 0.4207 - val_accuracy: 0.8931
Epoch 126/350
391/391 - 23s - loss: 0.2248 - accuracy: 0.9354 - val_loss: 0.4089 - val_accuracy: 0.8941
Epoch 127/350
391/391 - 24s - loss: 0.2187 - accuracy: 0.9360 - val_loss: 0.4250 - val_accuracy: 0.8909
Epoch 128/350
391/391 - 24s - loss: 0.2181 - accuracy: 0.9378 - val_loss: 0.4563 - val_accuracy: 0.8850
Epoch 129/350
391/391 - 24s - loss: 0.2204 - accuracy: 0.9346 - val_loss: 0.4136 - val_accuracy: 0.8959
Epoch 130/350
391/391 - 24s - loss: 0.2156 - accuracy: 0.9385 - val_loss: 0.4177 - val_accuracy: 0.8975
Epoch 131/350
391/391 - 24s - loss: 0.2139 - accuracy: 0.9387 - val_loss: 0.4234 - val_accuracy: 0.8934
Epoch 132/350
391/391 - 24s - loss: 0.2135 - accuracy: 0.9375 - val_loss: 0.4365 - val_accuracy: 0.8896
Epoch 133/350
391/391 - 23s - loss: 0.2142 - accuracy: 0.9389 - val_loss: 0.3962 - val_accuracy: 0.9011
Epoch 134/350
391/391 - 23s - loss: 0.2128 - accuracy: 0.9391 - val_loss: 0.4837 - val_accuracy: 0.8813
Epoch 135/350
391/391 - 24s - loss: 0.2116 - accuracy: 0.9390 - val_loss: 0.4109 - val_accuracy: 0.8967
Epoch 136/350
391/391 - 24s - loss: 0.2100 - accuracy: 0.9405 - val_loss: 0.4620 - val_accuracy: 0.8923
Epoch 137/350
391/391 - 23s - loss: 0.2084 - accuracy: 0.9405 - val_loss: 0.4064 - val_accuracy: 0.8971
Epoch 138/350
391/391 - 24s - loss: 0.2096 - accuracy: 0.9401 - val_loss: 0.4449 - val_accuracy: 0.8914
Epoch 139/350
391/391 - 24s - loss: 0.2103 - accuracy: 0.9399 - val_loss: 0.4087 - val_accuracy: 0.8977
Epoch 140/350
391/391 - 24s - loss: 0.2099 - accuracy: 0.9397 - val_loss: 0.4453 - val_accuracy: 0.8910
Epoch 141/350
391/391 - 23s - loss: 0.2044 - accuracy: 0.9436 - val_loss: 0.4067 - val_accuracy: 0.8983
Epoch 142/350
391/391 - 24s - loss: 0.2047 - accuracy: 0.9419 - val_loss: 0.4112 - val_accuracy: 0.8986
Epoch 143/350
391/391 - 24s - loss: 0.2075 - accuracy: 0.9409 - val_loss: 0.4094 - val_accuracy: 0.8963
Epoch 144/350
391/391 - 24s - loss: 0.2007 - accuracy: 0.9426 - val_loss: 0.4552 - val_accuracy: 0.8913
Epoch 145/350
391/391 - 24s - loss: 0.2032 - accuracy: 0.9425 - val_loss: 0.4006 - val_accuracy: 0.8991
Epoch 146/350
391/391 - 24s - loss: 0.1971 - accuracy: 0.9444 - val_loss: 0.4334 - val_accuracy: 0.8925
Epoch 147/350
391/391 - 24s - loss: 0.1974 - accuracy: 0.9449 - val_loss: 0.4422 - val_accuracy: 0.8933
Epoch 148/350
391/391 - 24s - loss: 0.2030 - accuracy: 0.9420 - val_loss: 0.4291 - val_accuracy: 0.8938
Epoch 149/350
391/391 - 24s - loss: 0.1948 - accuracy: 0.9471 - val_loss: 0.4101 - val_accuracy: 0.8981
Epoch 150/350


Snapshot weight 1 shuffle 6 at epoch 150
Layer 11
Getting activations...


391/391 - 24s - loss: 0.1960 - accuracy: 0.9445 - val_loss: 0.4488 - val_accuracy: 0.8900
Epoch 151/350
391/391 - 24s - loss: 0.2016 - accuracy: 0.9431 - val_loss: 0.4396 - val_accuracy: 0.8935
Epoch 152/350
391/391 - 24s - loss: 0.1934 - accuracy: 0.9457 - val_loss: 0.4482 - val_accuracy: 0.8930
Epoch 153/350
391/391 - 24s - loss: 0.1908 - accuracy: 0.9473 - val_loss: 0.4413 - val_accuracy: 0.8972
Epoch 154/350
391/391 - 24s - loss: 0.1935 - accuracy: 0.9447 - val_loss: 0.4818 - val_accuracy: 0.8885
Epoch 155/350
391/391 - 23s - loss: 0.1886 - accuracy: 0.9487 - val_loss: 0.4514 - val_accuracy: 0.8952
Epoch 156/350
391/391 - 24s - loss: 0.1909 - accuracy: 0.9466 - val_loss: 0.4609 - val_accuracy: 0.8918
Epoch 157/350
391/391 - 24s - loss: 0.1862 - accuracy: 0.9487 - val_loss: 0.4561 - val_accuracy: 0.8958
Epoch 158/350
391/391 - 24s - loss: 0.1903 - accuracy: 0.9482 - val_loss: 0.4165 - val_accuracy: 0.9002
Epoch 159/350
391/391 - 24s - loss: 0.1869 - accuracy: 0.9494 - val_loss: 0.4184 - val_accuracy: 0.8990
Epoch 160/350
391/391 - 23s - loss: 0.1894 - accuracy: 0.9484 - val_loss: 0.4715 - val_accuracy: 0.8933
Epoch 161/350
391/391 - 24s - loss: 0.1884 - accuracy: 0.9481 - val_loss: 0.4382 - val_accuracy: 0.8935
Epoch 162/350
391/391 - 24s - loss: 0.1833 - accuracy: 0.9494 - val_loss: 0.4572 - val_accuracy: 0.8959
Epoch 163/350
391/391 - 23s - loss: 0.1884 - accuracy: 0.9489 - val_loss: 0.4076 - val_accuracy: 0.9019
Epoch 164/350
391/391 - 24s - loss: 0.1814 - accuracy: 0.9508 - val_loss: 0.4376 - val_accuracy: 0.8973
Epoch 165/350
391/391 - 24s - loss: 0.1827 - accuracy: 0.9503 - val_loss: 0.4283 - val_accuracy: 0.9001
Epoch 166/350
391/391 - 24s - loss: 0.1830 - accuracy: 0.9506 - val_loss: 0.4233 - val_accuracy: 0.8980
Epoch 167/350
391/391 - 24s - loss: 0.1828 - accuracy: 0.9508 - val_loss: 0.4466 - val_accuracy: 0.8975
Epoch 168/350
391/391 - 23s - loss: 0.1848 - accuracy: 0.9491 - val_loss: 0.4347 - val_accuracy: 0.8942
Epoch 169/350
391/391 - 24s - loss: 0.1847 - accuracy: 0.9501 - val_loss: 0.4223 - val_accuracy: 0.8991
Epoch 170/350
391/391 - 24s - loss: 0.1802 - accuracy: 0.9504 - val_loss: 0.4473 - val_accuracy: 0.8981
Epoch 171/350
391/391 - 23s - loss: 0.1853 - accuracy: 0.9497 - val_loss: 0.4247 - val_accuracy: 0.8993
Epoch 172/350
391/391 - 23s - loss: 0.1754 - accuracy: 0.9542 - val_loss: 0.4478 - val_accuracy: 0.8993
Epoch 173/350
391/391 - 24s - loss: 0.1821 - accuracy: 0.9509 - val_loss: 0.4749 - val_accuracy: 0.8933
Epoch 174/350
391/391 - 24s - loss: 0.1793 - accuracy: 0.9526 - val_loss: 0.4229 - val_accuracy: 0.9015
Epoch 175/350
391/391 - 24s - loss: 0.1756 - accuracy: 0.9534 - val_loss: 0.4552 - val_accuracy: 0.8958
Epoch 176/350
391/391 - 23s - loss: 0.1773 - accuracy: 0.9521 - val_loss: 0.4041 - val_accuracy: 0.9015
Epoch 177/350
391/391 - 23s - loss: 0.1769 - accuracy: 0.9529 - val_loss: 0.4372 - val_accuracy: 0.9020
Epoch 178/350
391/391 - 24s - loss: 0.1770 - accuracy: 0.9533 - val_loss: 0.4499 - val_accuracy: 0.8966
Epoch 179/350
391/391 - 24s - loss: 0.1756 - accuracy: 0.9533 - val_loss: 0.4443 - val_accuracy: 0.9006
Epoch 180/350
391/391 - 24s - loss: 0.1751 - accuracy: 0.9533 - val_loss: 0.4483 - val_accuracy: 0.8973
Epoch 181/350
391/391 - 23s - loss: 0.1737 - accuracy: 0.9552 - val_loss: 0.4528 - val_accuracy: 0.8989
Epoch 182/350
391/391 - 23s - loss: 0.1748 - accuracy: 0.9536 - val_loss: 0.4493 - val_accuracy: 0.8946
Epoch 183/350
391/391 - 24s - loss: 0.1736 - accuracy: 0.9542 - val_loss: 0.4477 - val_accuracy: 0.8986
Epoch 184/350
391/391 - 23s - loss: 0.1679 - accuracy: 0.9559 - val_loss: 0.4757 - val_accuracy: 0.8936
Epoch 185/350
391/391 - 24s - loss: 0.1699 - accuracy: 0.9551 - val_loss: 0.4454 - val_accuracy: 0.9017
Epoch 186/350
391/391 - 23s - loss: 0.1677 - accuracy: 0.9565 - val_loss: 0.4312 - val_accuracy: 0.9023
Epoch 187/350
391/391 - 24s - loss: 0.1719 - accuracy: 0.9545 - val_loss: 0.4760 - val_accuracy: 0.8920
Epoch 188/350
391/391 - 23s - loss: 0.1675 - accuracy: 0.9566 - val_loss: 0.4405 - val_accuracy: 0.8985
Epoch 189/350
391/391 - 23s - loss: 0.1682 - accuracy: 0.9563 - val_loss: 0.4475 - val_accuracy: 0.8984
Epoch 190/350
391/391 - 24s - loss: 0.1731 - accuracy: 0.9539 - val_loss: 0.4358 - val_accuracy: 0.8997
Epoch 191/350
391/391 - 24s - loss: 0.1660 - accuracy: 0.9577 - val_loss: 0.4503 - val_accuracy: 0.8988
Epoch 192/350
391/391 - 24s - loss: 0.1698 - accuracy: 0.9550 - val_loss: 0.4903 - val_accuracy: 0.8978
Epoch 193/350
391/391 - 24s - loss: 0.1709 - accuracy: 0.9561 - val_loss: 0.4311 - val_accuracy: 0.9009
Epoch 194/350
391/391 - 23s - loss: 0.1671 - accuracy: 0.9568 - val_loss: 0.4389 - val_accuracy: 0.8992
Epoch 195/350
391/391 - 24s - loss: 0.1682 - accuracy: 0.9564 - val_loss: 0.4829 - val_accuracy: 0.8947
Epoch 196/350
391/391 - 23s - loss: 0.1639 - accuracy: 0.9581 - val_loss: 0.4584 - val_accuracy: 0.8991
Epoch 197/350
391/391 - 24s - loss: 0.1640 - accuracy: 0.9587 - val_loss: 0.4598 - val_accuracy: 0.8976
Epoch 198/350
391/391 - 23s - loss: 0.1673 - accuracy: 0.9576 - val_loss: 0.4801 - val_accuracy: 0.8929
Epoch 199/350
391/391 - 24s - loss: 0.1610 - accuracy: 0.9582 - val_loss: 0.4509 - val_accuracy: 0.8974
Epoch 200/350


Snapshot weight 1 shuffle 6 at epoch 200
Layer 11
Getting activations...


391/391 - 24s - loss: 0.1631 - accuracy: 0.9596 - val_loss: 0.4567 - val_accuracy: 0.9005
Epoch 201/350
391/391 - 24s - loss: 0.1367 - accuracy: 0.9676 - val_loss: 0.4307 - val_accuracy: 0.9067
Epoch 202/350
391/391 - 23s - loss: 0.1278 - accuracy: 0.9711 - val_loss: 0.4295 - val_accuracy: 0.9098
Epoch 203/350
391/391 - 24s - loss: 0.1209 - accuracy: 0.9731 - val_loss: 0.4500 - val_accuracy: 0.9087
Epoch 204/350
391/391 - 24s - loss: 0.1210 - accuracy: 0.9740 - val_loss: 0.4383 - val_accuracy: 0.9083
Epoch 205/350
391/391 - 24s - loss: 0.1212 - accuracy: 0.9737 - val_loss: 0.4431 - val_accuracy: 0.9098
Epoch 206/350
391/391 - 23s - loss: 0.1174 - accuracy: 0.9744 - val_loss: 0.4492 - val_accuracy: 0.9102
Epoch 207/350
391/391 - 23s - loss: 0.1161 - accuracy: 0.9744 - val_loss: 0.4559 - val_accuracy: 0.9108
Epoch 208/350
391/391 - 24s - loss: 0.1142 - accuracy: 0.9755 - val_loss: 0.4515 - val_accuracy: 0.9106
Epoch 209/350
391/391 - 23s - loss: 0.1164 - accuracy: 0.9752 - val_loss: 0.4555 - val_accuracy: 0.9097
Epoch 210/350
391/391 - 24s - loss: 0.1140 - accuracy: 0.9766 - val_loss: 0.4515 - val_accuracy: 0.9108
Epoch 211/350
391/391 - 23s - loss: 0.1129 - accuracy: 0.9759 - val_loss: 0.4543 - val_accuracy: 0.9109
Epoch 212/350
391/391 - 24s - loss: 0.1142 - accuracy: 0.9748 - val_loss: 0.4609 - val_accuracy: 0.9093
Epoch 213/350
391/391 - 23s - loss: 0.1121 - accuracy: 0.9762 - val_loss: 0.4618 - val_accuracy: 0.9114
Epoch 214/350
391/391 - 24s - loss: 0.1118 - accuracy: 0.9764 - val_loss: 0.4728 - val_accuracy: 0.9105
Epoch 215/350
391/391 - 24s - loss: 0.1110 - accuracy: 0.9766 - val_loss: 0.4609 - val_accuracy: 0.9097
Epoch 216/350
391/391 - 23s - loss: 0.1091 - accuracy: 0.9779 - val_loss: 0.4707 - val_accuracy: 0.9093
Epoch 217/350
391/391 - 24s - loss: 0.1093 - accuracy: 0.9775 - val_loss: 0.4626 - val_accuracy: 0.9101
Epoch 218/350
391/391 - 24s - loss: 0.1122 - accuracy: 0.9767 - val_loss: 0.4622 - val_accuracy: 0.9108
Epoch 219/350
391/391 - 23s - loss: 0.1097 - accuracy: 0.9762 - val_loss: 0.4595 - val_accuracy: 0.9093
Epoch 220/350
391/391 - 23s - loss: 0.1107 - accuracy: 0.9763 - val_loss: 0.4580 - val_accuracy: 0.9108
Epoch 221/350
391/391 - 23s - loss: 0.1090 - accuracy: 0.9777 - val_loss: 0.4654 - val_accuracy: 0.9098
Epoch 222/350
391/391 - 23s - loss: 0.1085 - accuracy: 0.9771 - val_loss: 0.4685 - val_accuracy: 0.9096
Epoch 223/350
391/391 - 24s - loss: 0.1094 - accuracy: 0.9779 - val_loss: 0.4705 - val_accuracy: 0.9106
Epoch 224/350
391/391 - 24s - loss: 0.1076 - accuracy: 0.9776 - val_loss: 0.4673 - val_accuracy: 0.9103
Epoch 225/350
391/391 - 24s - loss: 0.1063 - accuracy: 0.9787 - val_loss: 0.4646 - val_accuracy: 0.9092
Epoch 226/350
391/391 - 23s - loss: 0.1087 - accuracy: 0.9776 - val_loss: 0.4734 - val_accuracy: 0.9109
Epoch 227/350
391/391 - 24s - loss: 0.1094 - accuracy: 0.9770 - val_loss: 0.4718 - val_accuracy: 0.9110
Epoch 228/350
391/391 - 24s - loss: 0.1051 - accuracy: 0.9791 - val_loss: 0.4730 - val_accuracy: 0.9107
Epoch 229/350
391/391 - 23s - loss: 0.1075 - accuracy: 0.9778 - val_loss: 0.4676 - val_accuracy: 0.9104
Epoch 230/350
391/391 - 24s - loss: 0.1074 - accuracy: 0.9784 - val_loss: 0.4698 - val_accuracy: 0.9109
Epoch 231/350
391/391 - 23s - loss: 0.1081 - accuracy: 0.9778 - val_loss: 0.4670 - val_accuracy: 0.9096
Epoch 232/350
391/391 - 23s - loss: 0.1068 - accuracy: 0.9790 - val_loss: 0.4691 - val_accuracy: 0.9117
Epoch 233/350
391/391 - 23s - loss: 0.1041 - accuracy: 0.9789 - val_loss: 0.4758 - val_accuracy: 0.9112
Epoch 234/350
391/391 - 23s - loss: 0.1059 - accuracy: 0.9783 - val_loss: 0.4752 - val_accuracy: 0.9108
Epoch 235/350
391/391 - 23s - loss: 0.1070 - accuracy: 0.9788 - val_loss: 0.4712 - val_accuracy: 0.9089
Epoch 236/350
391/391 - 24s - loss: 0.1048 - accuracy: 0.9793 - val_loss: 0.4755 - val_accuracy: 0.9106
Epoch 237/350
391/391 - 23s - loss: 0.1045 - accuracy: 0.9795 - val_loss: 0.4724 - val_accuracy: 0.9098
Epoch 238/350
391/391 - 24s - loss: 0.1032 - accuracy: 0.9802 - val_loss: 0.4741 - val_accuracy: 0.9116
Epoch 239/350
391/391 - 24s - loss: 0.1023 - accuracy: 0.9803 - val_loss: 0.4863 - val_accuracy: 0.9103
Epoch 240/350
391/391 - 23s - loss: 0.1038 - accuracy: 0.9792 - val_loss: 0.4837 - val_accuracy: 0.9116
Epoch 241/350
391/391 - 23s - loss: 0.1031 - accuracy: 0.9794 - val_loss: 0.4796 - val_accuracy: 0.9098
Epoch 242/350
391/391 - 23s - loss: 0.1030 - accuracy: 0.9792 - val_loss: 0.4739 - val_accuracy: 0.9118
Epoch 243/350
391/391 - 23s - loss: 0.1046 - accuracy: 0.9795 - val_loss: 0.4777 - val_accuracy: 0.9106
Epoch 244/350
391/391 - 23s - loss: 0.1060 - accuracy: 0.9783 - val_loss: 0.4835 - val_accuracy: 0.9092
Epoch 245/350
391/391 - 23s - loss: 0.1058 - accuracy: 0.9779 - val_loss: 0.4786 - val_accuracy: 0.9115
Epoch 246/350
391/391 - 24s - loss: 0.1033 - accuracy: 0.9794 - val_loss: 0.4792 - val_accuracy: 0.9114
Epoch 247/350
391/391 - 24s - loss: 0.1047 - accuracy: 0.9794 - val_loss: 0.4824 - val_accuracy: 0.9097
Epoch 248/350
391/391 - 24s - loss: 0.1020 - accuracy: 0.9804 - val_loss: 0.4786 - val_accuracy: 0.9112
Epoch 249/350
391/391 - 23s - loss: 0.1039 - accuracy: 0.9795 - val_loss: 0.4781 - val_accuracy: 0.9114
Epoch 250/350


Snapshot weight 1 shuffle 6 at epoch 250
Layer 11
Getting activations...


391/391 - 24s - loss: 0.1040 - accuracy: 0.9792 - val_loss: 0.4773 - val_accuracy: 0.9113
Epoch 251/350
391/391 - 24s - loss: 0.1005 - accuracy: 0.9806 - val_loss: 0.4757 - val_accuracy: 0.9119
Epoch 252/350
391/391 - 23s - loss: 0.1021 - accuracy: 0.9804 - val_loss: 0.4759 - val_accuracy: 0.9118
Epoch 253/350
391/391 - 24s - loss: 0.1008 - accuracy: 0.9804 - val_loss: 0.4791 - val_accuracy: 0.9120
Epoch 254/350
391/391 - 23s - loss: 0.0989 - accuracy: 0.9812 - val_loss: 0.4811 - val_accuracy: 0.9119
Epoch 255/350
391/391 - 23s - loss: 0.1020 - accuracy: 0.9802 - val_loss: 0.4812 - val_accuracy: 0.9114
Epoch 256/350
391/391 - 23s - loss: 0.1028 - accuracy: 0.9794 - val_loss: 0.4791 - val_accuracy: 0.9125
Epoch 257/350
391/391 - 23s - loss: 0.0992 - accuracy: 0.9806 - val_loss: 0.4801 - val_accuracy: 0.9121
Epoch 258/350
391/391 - 23s - loss: 0.0995 - accuracy: 0.9810 - val_loss: 0.4782 - val_accuracy: 0.9123
Epoch 259/350
391/391 - 24s - loss: 0.1016 - accuracy: 0.9809 - val_loss: 0.4773 - val_accuracy: 0.9115
Epoch 260/350
391/391 - 23s - loss: 0.0984 - accuracy: 0.9811 - val_loss: 0.4789 - val_accuracy: 0.9119
Epoch 261/350
391/391 - 23s - loss: 0.0988 - accuracy: 0.9812 - val_loss: 0.4826 - val_accuracy: 0.9118
Epoch 262/350
391/391 - 23s - loss: 0.0984 - accuracy: 0.9809 - val_loss: 0.4806 - val_accuracy: 0.9119
Epoch 263/350
391/391 - 24s - loss: 0.0994 - accuracy: 0.9805 - val_loss: 0.4806 - val_accuracy: 0.9119
Epoch 264/350
391/391 - 24s - loss: 0.1035 - accuracy: 0.9797 - val_loss: 0.4792 - val_accuracy: 0.9111
Epoch 265/350
391/391 - 24s - loss: 0.0980 - accuracy: 0.9807 - val_loss: 0.4809 - val_accuracy: 0.9121
Epoch 266/350
391/391 - 24s - loss: 0.1003 - accuracy: 0.9803 - val_loss: 0.4802 - val_accuracy: 0.9120
Epoch 267/350
391/391 - 23s - loss: 0.1023 - accuracy: 0.9802 - val_loss: 0.4807 - val_accuracy: 0.9120
Epoch 268/350
391/391 - 24s - loss: 0.0977 - accuracy: 0.9812 - val_loss: 0.4815 - val_accuracy: 0.9116
Epoch 269/350
391/391 - 24s - loss: 0.0996 - accuracy: 0.9813 - val_loss: 0.4814 - val_accuracy: 0.9111
Epoch 270/350
391/391 - 24s - loss: 0.1002 - accuracy: 0.9810 - val_loss: 0.4811 - val_accuracy: 0.9112
Epoch 271/350
391/391 - 24s - loss: 0.0992 - accuracy: 0.9811 - val_loss: 0.4805 - val_accuracy: 0.9118
Epoch 272/350
391/391 - 23s - loss: 0.0968 - accuracy: 0.9826 - val_loss: 0.4817 - val_accuracy: 0.9119
Epoch 273/350
391/391 - 23s - loss: 0.1003 - accuracy: 0.9805 - val_loss: 0.4824 - val_accuracy: 0.9113
Epoch 274/350
391/391 - 23s - loss: 0.0978 - accuracy: 0.9819 - val_loss: 0.4807 - val_accuracy: 0.9111
Epoch 275/350
391/391 - 24s - loss: 0.0995 - accuracy: 0.9814 - val_loss: 0.4811 - val_accuracy: 0.9116
Epoch 276/350
391/391 - 24s - loss: 0.0988 - accuracy: 0.9816 - val_loss: 0.4818 - val_accuracy: 0.9115
Epoch 277/350
391/391 - 24s - loss: 0.1011 - accuracy: 0.9809 - val_loss: 0.4817 - val_accuracy: 0.9118
Epoch 278/350
391/391 - 23s - loss: 0.0973 - accuracy: 0.9824 - val_loss: 0.4838 - val_accuracy: 0.9124
Epoch 279/350
391/391 - 23s - loss: 0.0989 - accuracy: 0.9811 - val_loss: 0.4850 - val_accuracy: 0.9111
Epoch 280/350
391/391 - 24s - loss: 0.0990 - accuracy: 0.9814 - val_loss: 0.4826 - val_accuracy: 0.9117
Epoch 281/350
391/391 - 23s - loss: 0.0970 - accuracy: 0.9822 - val_loss: 0.4818 - val_accuracy: 0.9115
Epoch 282/350
391/391 - 23s - loss: 0.1000 - accuracy: 0.9808 - val_loss: 0.4821 - val_accuracy: 0.9111
Epoch 283/350
391/391 - 24s - loss: 0.1013 - accuracy: 0.9805 - val_loss: 0.4808 - val_accuracy: 0.9110
Epoch 284/350
391/391 - 23s - loss: 0.0994 - accuracy: 0.9807 - val_loss: 0.4802 - val_accuracy: 0.9114
Epoch 285/350
391/391 - 24s - loss: 0.0987 - accuracy: 0.9813 - val_loss: 0.4825 - val_accuracy: 0.9109
Epoch 286/350
391/391 - 23s - loss: 0.0986 - accuracy: 0.9812 - val_loss: 0.4799 - val_accuracy: 0.9118
Epoch 287/350
391/391 - 23s - loss: 0.0978 - accuracy: 0.9811 - val_loss: 0.4803 - val_accuracy: 0.9116
Epoch 288/350
391/391 - 24s - loss: 0.1005 - accuracy: 0.9804 - val_loss: 0.4808 - val_accuracy: 0.9117
Epoch 289/350
391/391 - 24s - loss: 0.0976 - accuracy: 0.9816 - val_loss: 0.4830 - val_accuracy: 0.9111
Epoch 290/350
391/391 - 24s - loss: 0.0994 - accuracy: 0.9810 - val_loss: 0.4823 - val_accuracy: 0.9120
Epoch 291/350
391/391 - 23s - loss: 0.0977 - accuracy: 0.9817 - val_loss: 0.4838 - val_accuracy: 0.9113
Epoch 292/350
391/391 - 24s - loss: 0.1010 - accuracy: 0.9805 - val_loss: 0.4814 - val_accuracy: 0.9120
Epoch 293/350
391/391 - 24s - loss: 0.0999 - accuracy: 0.9814 - val_loss: 0.4822 - val_accuracy: 0.9117
Epoch 294/350
391/391 - 23s - loss: 0.0972 - accuracy: 0.9816 - val_loss: 0.4833 - val_accuracy: 0.9114
Epoch 295/350
391/391 - 24s - loss: 0.0992 - accuracy: 0.9817 - val_loss: 0.4814 - val_accuracy: 0.9120
Epoch 296/350
391/391 - 23s - loss: 0.0992 - accuracy: 0.9810 - val_loss: 0.4802 - val_accuracy: 0.9121
Epoch 297/350
391/391 - 24s - loss: 0.0993 - accuracy: 0.9808 - val_loss: 0.4804 - val_accuracy: 0.9121
Epoch 298/350
391/391 - 23s - loss: 0.0968 - accuracy: 0.9810 - val_loss: 0.4834 - val_accuracy: 0.9121
Epoch 299/350
391/391 - 24s - loss: 0.0987 - accuracy: 0.9816 - val_loss: 0.4834 - val_accuracy: 0.9119
Epoch 300/350


Snapshot weight 1 shuffle 6 at epoch 300
Layer 11
Getting activations...


391/391 - 24s - loss: 0.1001 - accuracy: 0.9812 - val_loss: 0.4846 - val_accuracy: 0.9117
Epoch 301/350
391/391 - 24s - loss: 0.0992 - accuracy: 0.9809 - val_loss: 0.4844 - val_accuracy: 0.9118
Epoch 302/350
391/391 - 23s - loss: 0.0989 - accuracy: 0.9808 - val_loss: 0.4842 - val_accuracy: 0.9117
Epoch 303/350
391/391 - 24s - loss: 0.0976 - accuracy: 0.9816 - val_loss: 0.4843 - val_accuracy: 0.9119
Epoch 304/350
391/391 - 23s - loss: 0.1004 - accuracy: 0.9816 - val_loss: 0.4844 - val_accuracy: 0.9117
Epoch 305/350
391/391 - 23s - loss: 0.1005 - accuracy: 0.9811 - val_loss: 0.4840 - val_accuracy: 0.9118
Epoch 306/350
391/391 - 23s - loss: 0.0954 - accuracy: 0.9821 - val_loss: 0.4841 - val_accuracy: 0.9117
Epoch 307/350
391/391 - 24s - loss: 0.1011 - accuracy: 0.9811 - val_loss: 0.4838 - val_accuracy: 0.9120
Epoch 308/350
391/391 - 23s - loss: 0.0988 - accuracy: 0.9812 - val_loss: 0.4839 - val_accuracy: 0.9119
Epoch 309/350
391/391 - 24s - loss: 0.1000 - accuracy: 0.9805 - val_loss: 0.4836 - val_accuracy: 0.9119
Epoch 310/350
391/391 - 23s - loss: 0.0964 - accuracy: 0.9818 - val_loss: 0.4835 - val_accuracy: 0.9123
Epoch 311/350
391/391 - 24s - loss: 0.0972 - accuracy: 0.9822 - val_loss: 0.4835 - val_accuracy: 0.9119
Epoch 312/350
391/391 - 24s - loss: 0.0999 - accuracy: 0.9807 - val_loss: 0.4838 - val_accuracy: 0.9114
Epoch 313/350
391/391 - 23s - loss: 0.0978 - accuracy: 0.9815 - val_loss: 0.4832 - val_accuracy: 0.9115
Epoch 314/350
391/391 - 23s - loss: 0.0976 - accuracy: 0.9818 - val_loss: 0.4830 - val_accuracy: 0.9115
Epoch 315/350
391/391 - 23s - loss: 0.0976 - accuracy: 0.9814 - val_loss: 0.4831 - val_accuracy: 0.9115
Epoch 316/350
391/391 - 23s - loss: 0.1001 - accuracy: 0.9810 - val_loss: 0.4832 - val_accuracy: 0.9112
Epoch 317/350
391/391 - 23s - loss: 0.0969 - accuracy: 0.9813 - val_loss: 0.4834 - val_accuracy: 0.9112
Epoch 318/350
391/391 - 24s - loss: 0.0976 - accuracy: 0.9815 - val_loss: 0.4832 - val_accuracy: 0.9114
Epoch 319/350
391/391 - 24s - loss: 0.0969 - accuracy: 0.9818 - val_loss: 0.4833 - val_accuracy: 0.9115
Epoch 320/350
391/391 - 24s - loss: 0.0964 - accuracy: 0.9823 - val_loss: 0.4832 - val_accuracy: 0.9116
Epoch 321/350
391/391 - 24s - loss: 0.0992 - accuracy: 0.9810 - val_loss: 0.4830 - val_accuracy: 0.9114
Epoch 322/350
391/391 - 23s - loss: 0.0993 - accuracy: 0.9811 - val_loss: 0.4830 - val_accuracy: 0.9116
Epoch 323/350
391/391 - 24s - loss: 0.0983 - accuracy: 0.9812 - val_loss: 0.4829 - val_accuracy: 0.9116
Epoch 324/350
391/391 - 24s - loss: 0.0997 - accuracy: 0.9809 - val_loss: 0.4827 - val_accuracy: 0.9114
Epoch 325/350
391/391 - 23s - loss: 0.0960 - accuracy: 0.9821 - val_loss: 0.4827 - val_accuracy: 0.9116
Epoch 326/350
391/391 - 24s - loss: 0.0983 - accuracy: 0.9822 - val_loss: 0.4828 - val_accuracy: 0.9117
Epoch 327/350
391/391 - 24s - loss: 0.1003 - accuracy: 0.9803 - val_loss: 0.4828 - val_accuracy: 0.9117
Epoch 328/350
391/391 - 24s - loss: 0.0992 - accuracy: 0.9810 - val_loss: 0.4827 - val_accuracy: 0.9116
Epoch 329/350
391/391 - 24s - loss: 0.0996 - accuracy: 0.9810 - val_loss: 0.4825 - val_accuracy: 0.9116
Epoch 330/350
391/391 - 24s - loss: 0.0983 - accuracy: 0.9820 - val_loss: 0.4826 - val_accuracy: 0.9116
Epoch 331/350
391/391 - 24s - loss: 0.0978 - accuracy: 0.9817 - val_loss: 0.4824 - val_accuracy: 0.9117
Epoch 332/350
391/391 - 24s - loss: 0.0970 - accuracy: 0.9817 - val_loss: 0.4824 - val_accuracy: 0.9116
Epoch 333/350
391/391 - 24s - loss: 0.0985 - accuracy: 0.9821 - val_loss: 0.4826 - val_accuracy: 0.9117
Epoch 334/350
391/391 - 24s - loss: 0.0968 - accuracy: 0.9819 - val_loss: 0.4824 - val_accuracy: 0.9116
Epoch 335/350
391/391 - 24s - loss: 0.1000 - accuracy: 0.9808 - val_loss: 0.4825 - val_accuracy: 0.9119
Epoch 336/350
391/391 - 23s - loss: 0.0974 - accuracy: 0.9816 - val_loss: 0.4828 - val_accuracy: 0.9118
Epoch 337/350
391/391 - 24s - loss: 0.0990 - accuracy: 0.9809 - val_loss: 0.4830 - val_accuracy: 0.9116
Epoch 338/350
391/391 - 24s - loss: 0.0992 - accuracy: 0.9809 - val_loss: 0.4828 - val_accuracy: 0.9116
Epoch 339/350
391/391 - 23s - loss: 0.0973 - accuracy: 0.9817 - val_loss: 0.4827 - val_accuracy: 0.9117
Epoch 340/350
391/391 - 24s - loss: 0.0966 - accuracy: 0.9820 - val_loss: 0.4829 - val_accuracy: 0.9115
Epoch 341/350
391/391 - 24s - loss: 0.0985 - accuracy: 0.9815 - val_loss: 0.4825 - val_accuracy: 0.9119
Epoch 342/350
391/391 - 24s - loss: 0.0975 - accuracy: 0.9811 - val_loss: 0.4826 - val_accuracy: 0.9117
Epoch 343/350
391/391 - 24s - loss: 0.1002 - accuracy: 0.9811 - val_loss: 0.4823 - val_accuracy: 0.9118
Epoch 344/350
391/391 - 24s - loss: 0.0990 - accuracy: 0.9814 - val_loss: 0.4823 - val_accuracy: 0.9119
Epoch 345/350
391/391 - 23s - loss: 0.0997 - accuracy: 0.9808 - val_loss: 0.4823 - val_accuracy: 0.9117
Epoch 346/350
391/391 - 24s - loss: 0.1001 - accuracy: 0.9806 - val_loss: 0.4824 - val_accuracy: 0.9118
Epoch 347/350
391/391 - 24s - loss: 0.0983 - accuracy: 0.9815 - val_loss: 0.4823 - val_accuracy: 0.9118
Epoch 348/350
391/391 - 24s - loss: 0.0963 - accuracy: 0.9814 - val_loss: 0.4824 - val_accuracy: 0.9118
Epoch 349/350
391/391 - 24s - loss: 0.0993 - accuracy: 0.9815 - val_loss: 0.4823 - val_accuracy: 0.9118
Epoch 350/350


Snapshot weight 1 shuffle 6 at epoch 350
Layer 11
Getting activations...


391/391 - 24s - loss: 0.0965 - accuracy: 0.9817 - val_loss: 0.4822 - val_accuracy: 0.9116
WARNING:tensorflow:From /usr/local/lib/python3.6/dist-packages/tensorflow/python/training/tracking/tracking.py:111: Model.state_updates (from tensorflow.python.keras.engine.training) is deprecated and will be removed in a future version.
Instructions for updating:
This property should not be used in TensorFlow 2.0, as updates are applied automatically.
2021-07-02 12:04:06.058185: W tensorflow/python/util/util.cc:348] Sets are not currently considered sequences, but this may change in the future, so consider avoiding using them.
WARNING:tensorflow:From /usr/local/lib/python3.6/dist-packages/tensorflow/python/training/tracking/tracking.py:111: Layer.updates (from tensorflow.python.keras.engine.base_layer) is deprecated and will be removed in a future version.
Instructions for updating:
This property should not be used in TensorFlow 2.0, as updates are applied automatically.
Saving, final validation acc: 0.9115999937057495
