2021-07-02 11:51:10.544902: I tensorflow/stream_executor/platform/default/dso_loader.cc:48] Successfully opened dynamic library libcudart.so.10.1
2021-07-02 11:52:24.325862: I tensorflow/stream_executor/platform/default/dso_loader.cc:48] Successfully opened dynamic library libcuda.so.1
2021-07-02 11:52:24.360990: I tensorflow/core/common_runtime/gpu/gpu_device.cc:1716] Found device 0 with properties: 
pciBusID: 0000:03:00.0 name: NVIDIA TITAN Xp computeCapability: 6.1
coreClock: 1.582GHz coreCount: 30 deviceMemorySize: 11.91GiB deviceMemoryBandwidth: 510.07GiB/s
2021-07-02 11:52:24.361071: I tensorflow/stream_executor/platform/default/dso_loader.cc:48] Successfully opened dynamic library libcudart.so.10.1
2021-07-02 11:52:24.402086: I tensorflow/stream_executor/platform/default/dso_loader.cc:48] Successfully opened dynamic library libcublas.so.10
2021-07-02 11:52:24.423198: I tensorflow/stream_executor/platform/default/dso_loader.cc:48] Successfully opened dynamic library libcufft.so.10
2021-07-02 11:52:24.432111: I tensorflow/stream_executor/platform/default/dso_loader.cc:48] Successfully opened dynamic library libcurand.so.10
2021-07-02 11:52:24.474989: I tensorflow/stream_executor/platform/default/dso_loader.cc:48] Successfully opened dynamic library libcusolver.so.10
2021-07-02 11:52:24.483347: I tensorflow/stream_executor/platform/default/dso_loader.cc:48] Successfully opened dynamic library libcusparse.so.10
2021-07-02 11:52:24.559096: I tensorflow/stream_executor/platform/default/dso_loader.cc:48] Successfully opened dynamic library libcudnn.so.7
2021-07-02 11:52:24.561374: I tensorflow/core/common_runtime/gpu/gpu_device.cc:1858] Adding visible gpu devices: 0
2021-07-02 11:52:24.565050: I tensorflow/core/platform/cpu_feature_guard.cc:142] This TensorFlow binary is optimized with oneAPI Deep Neural Network Library (oneDNN)to use the following CPU instructions in performance-critical operations:  AVX2 FMA
To enable them in other operations, rebuild TensorFlow with the appropriate compiler flags.
2021-07-02 11:52:24.580719: I tensorflow/core/platform/profile_utils/cpu_utils.cc:104] CPU Frequency: 2599870000 Hz
2021-07-02 11:52:24.580866: I tensorflow/compiler/xla/service/service.cc:168] XLA service 0x54e30c0 initialized for platform Host (this does not guarantee that XLA will be used). Devices:
2021-07-02 11:52:24.580886: I tensorflow/compiler/xla/service/service.cc:176]   StreamExecutor device (0): Host, Default Version
2021-07-02 11:52:24.735228: I tensorflow/compiler/xla/service/service.cc:168] XLA service 0x54c39c0 initialized for platform CUDA (this does not guarantee that XLA will be used). Devices:
2021-07-02 11:52:24.735299: I tensorflow/compiler/xla/service/service.cc:176]   StreamExecutor device (0): NVIDIA TITAN Xp, Compute Capability 6.1
2021-07-02 11:52:24.739457: I tensorflow/core/common_runtime/gpu/gpu_device.cc:1716] Found device 0 with properties: 
pciBusID: 0000:03:00.0 name: NVIDIA TITAN Xp computeCapability: 6.1
coreClock: 1.582GHz coreCount: 30 deviceMemorySize: 11.91GiB deviceMemoryBandwidth: 510.07GiB/s
2021-07-02 11:52:24.739498: I tensorflow/stream_executor/platform/default/dso_loader.cc:48] Successfully opened dynamic library libcudart.so.10.1
2021-07-02 11:52:24.739529: I tensorflow/stream_executor/platform/default/dso_loader.cc:48] Successfully opened dynamic library libcublas.so.10
2021-07-02 11:52:24.739547: I tensorflow/stream_executor/platform/default/dso_loader.cc:48] Successfully opened dynamic library libcufft.so.10
2021-07-02 11:52:24.739564: I tensorflow/stream_executor/platform/default/dso_loader.cc:48] Successfully opened dynamic library libcurand.so.10
2021-07-02 11:52:24.739580: I tensorflow/stream_executor/platform/default/dso_loader.cc:48] Successfully opened dynamic library libcusolver.so.10
2021-07-02 11:52:24.739596: I tensorflow/stream_executor/platform/default/dso_loader.cc:48] Successfully opened dynamic library libcusparse.so.10
2021-07-02 11:52:24.739613: I tensorflow/stream_executor/platform/default/dso_loader.cc:48] Successfully opened dynamic library libcudnn.so.7
2021-07-02 11:52:24.741925: I tensorflow/core/common_runtime/gpu/gpu_device.cc:1858] Adding visible gpu devices: 0
2021-07-02 11:52:24.743606: I tensorflow/stream_executor/platform/default/dso_loader.cc:48] Successfully opened dynamic library libcudart.so.10.1
2021-07-02 11:52:26.601621: I tensorflow/core/common_runtime/gpu/gpu_device.cc:1257] Device interconnect StreamExecutor with strength 1 edge matrix:
2021-07-02 11:52:26.601701: I tensorflow/core/common_runtime/gpu/gpu_device.cc:1263]      0 
2021-07-02 11:52:26.601714: I tensorflow/core/common_runtime/gpu/gpu_device.cc:1276] 0:   N 
2021-07-02 11:52:26.607780: I tensorflow/core/common_runtime/gpu/gpu_device.cc:1402] Created TensorFlow device (/job:localhost/replica:0/task:0/device:GPU:0 with 11218 MB memory) -> physical GPU (device: 0, name: NVIDIA TITAN Xp, pci bus id: 0000:03:00.0, compute capability: 6.1)
2021-07-02 11:52:32.418225: I tensorflow/stream_executor/platform/default/dso_loader.cc:48] Successfully opened dynamic library libcudnn.so.7
2021-07-02 11:52:34.990787: I tensorflow/stream_executor/platform/default/dso_loader.cc:48] Successfully opened dynamic library libcublas.so.10
Using model index: 66
Making train data...
GCN...
ZCA...
Done!
Making test data...
Done!
Epoch 1/350


Snapshot weight 6 shuffle 6 at epoch 1
Layer 11
Getting activations...


391/391 - 24s - loss: 2.3000 - accuracy: 0.1311 - val_loss: 2.2544 - val_accuracy: 0.1340
Epoch 2/350


Snapshot weight 6 shuffle 6 at epoch 2
Layer 11
Getting activations...


391/391 - 24s - loss: 2.2986 - accuracy: 0.1332 - val_loss: 2.2768 - val_accuracy: 0.1696
Epoch 3/350


Snapshot weight 6 shuffle 6 at epoch 3
Layer 11
Getting activations...


391/391 - 24s - loss: 2.2133 - accuracy: 0.1793 - val_loss: 2.0692 - val_accuracy: 0.2365
Epoch 4/350


Snapshot weight 6 shuffle 6 at epoch 4
Layer 11
Getting activations...


391/391 - 24s - loss: 1.9699 - accuracy: 0.2913 - val_loss: 1.7231 - val_accuracy: 0.3936
Epoch 5/350


Snapshot weight 6 shuffle 6 at epoch 5
Layer 11
Getting activations...


391/391 - 24s - loss: 1.5953 - accuracy: 0.4289 - val_loss: 1.4070 - val_accuracy: 0.5005
Epoch 6/350


Snapshot weight 6 shuffle 6 at epoch 6
Layer 11
Getting activations...


391/391 - 24s - loss: 1.4332 - accuracy: 0.4897 - val_loss: 1.2292 - val_accuracy: 0.5732
Epoch 7/350


Snapshot weight 6 shuffle 6 at epoch 7
Layer 11
Getting activations...


391/391 - 24s - loss: 1.2859 - accuracy: 0.5440 - val_loss: 1.2584 - val_accuracy: 0.5527
Epoch 8/350


Snapshot weight 6 shuffle 6 at epoch 8
Layer 11
Getting activations...


391/391 - 24s - loss: 1.2004 - accuracy: 0.5775 - val_loss: 1.0961 - val_accuracy: 0.6128
Epoch 9/350


Snapshot weight 6 shuffle 6 at epoch 9
Layer 11
Getting activations...


391/391 - 24s - loss: 1.1305 - accuracy: 0.6065 - val_loss: 1.0878 - val_accuracy: 0.6288
Epoch 10/350


Snapshot weight 6 shuffle 6 at epoch 10
Layer 11
Getting activations...


391/391 - 24s - loss: 1.0706 - accuracy: 0.6253 - val_loss: 1.0322 - val_accuracy: 0.6521
Epoch 11/350
391/391 - 24s - loss: 1.0321 - accuracy: 0.6416 - val_loss: 0.9324 - val_accuracy: 0.6843
Epoch 12/350
391/391 - 24s - loss: 0.9724 - accuracy: 0.6622 - val_loss: 0.9040 - val_accuracy: 0.6878
Epoch 13/350
391/391 - 23s - loss: 0.9441 - accuracy: 0.6746 - val_loss: 0.9257 - val_accuracy: 0.6861
Epoch 14/350
391/391 - 24s - loss: 0.8999 - accuracy: 0.6916 - val_loss: 0.9143 - val_accuracy: 0.6883
Epoch 15/350
391/391 - 24s - loss: 0.8769 - accuracy: 0.6990 - val_loss: 0.7840 - val_accuracy: 0.7336
Epoch 16/350
391/391 - 24s - loss: 0.8362 - accuracy: 0.7162 - val_loss: 0.7405 - val_accuracy: 0.7474
Epoch 17/350
391/391 - 24s - loss: 0.8086 - accuracy: 0.7259 - val_loss: 0.7428 - val_accuracy: 0.7514
Epoch 18/350
391/391 - 24s - loss: 0.7772 - accuracy: 0.7369 - val_loss: 0.7935 - val_accuracy: 0.7466
Epoch 19/350
391/391 - 24s - loss: 0.7535 - accuracy: 0.7444 - val_loss: 0.6990 - val_accuracy: 0.7671
Epoch 20/350
391/391 - 23s - loss: 0.7392 - accuracy: 0.7508 - val_loss: 0.7682 - val_accuracy: 0.7469
Epoch 21/350
391/391 - 23s - loss: 0.7118 - accuracy: 0.7612 - val_loss: 0.7369 - val_accuracy: 0.7613
Epoch 22/350
391/391 - 24s - loss: 0.6902 - accuracy: 0.7697 - val_loss: 0.6864 - val_accuracy: 0.7693
Epoch 23/350
391/391 - 24s - loss: 0.6652 - accuracy: 0.7781 - val_loss: 0.6159 - val_accuracy: 0.7982
Epoch 24/350
391/391 - 24s - loss: 0.6628 - accuracy: 0.7808 - val_loss: 0.6677 - val_accuracy: 0.7846
Epoch 25/350
391/391 - 24s - loss: 0.6419 - accuracy: 0.7867 - val_loss: 0.6060 - val_accuracy: 0.8048
Epoch 26/350
391/391 - 23s - loss: 0.6220 - accuracy: 0.7936 - val_loss: 0.6205 - val_accuracy: 0.7956
Epoch 27/350
391/391 - 24s - loss: 0.6080 - accuracy: 0.7981 - val_loss: 0.5555 - val_accuracy: 0.8186
Epoch 28/350
391/391 - 24s - loss: 0.5993 - accuracy: 0.8007 - val_loss: 0.5372 - val_accuracy: 0.8246
Epoch 29/350
391/391 - 23s - loss: 0.5876 - accuracy: 0.8077 - val_loss: 0.5658 - val_accuracy: 0.8194
Epoch 30/350
391/391 - 23s - loss: 0.5706 - accuracy: 0.8129 - val_loss: 0.5616 - val_accuracy: 0.8150
Epoch 31/350
391/391 - 24s - loss: 0.5593 - accuracy: 0.8160 - val_loss: 0.5524 - val_accuracy: 0.8259
Epoch 32/350
391/391 - 24s - loss: 0.5492 - accuracy: 0.8188 - val_loss: 0.6019 - val_accuracy: 0.8169
Epoch 33/350
391/391 - 24s - loss: 0.5388 - accuracy: 0.8227 - val_loss: 0.5547 - val_accuracy: 0.8231
Epoch 34/350
391/391 - 24s - loss: 0.5277 - accuracy: 0.8255 - val_loss: 0.5145 - val_accuracy: 0.8346
Epoch 35/350
391/391 - 24s - loss: 0.5166 - accuracy: 0.8298 - val_loss: 0.4864 - val_accuracy: 0.8430
Epoch 36/350
391/391 - 23s - loss: 0.5145 - accuracy: 0.8307 - val_loss: 0.4997 - val_accuracy: 0.8401
Epoch 37/350
391/391 - 24s - loss: 0.5006 - accuracy: 0.8359 - val_loss: 0.4976 - val_accuracy: 0.8413
Epoch 38/350
391/391 - 24s - loss: 0.5017 - accuracy: 0.8344 - val_loss: 0.5074 - val_accuracy: 0.8378
Epoch 39/350
391/391 - 24s - loss: 0.4878 - accuracy: 0.8403 - val_loss: 0.5424 - val_accuracy: 0.8310
Epoch 40/350
391/391 - 24s - loss: 0.4781 - accuracy: 0.8441 - val_loss: 0.5261 - val_accuracy: 0.8362
Epoch 41/350
391/391 - 24s - loss: 0.4797 - accuracy: 0.8440 - val_loss: 0.4528 - val_accuracy: 0.8574
Epoch 42/350
391/391 - 24s - loss: 0.4608 - accuracy: 0.8492 - val_loss: 0.5543 - val_accuracy: 0.8321
Epoch 43/350
391/391 - 24s - loss: 0.4627 - accuracy: 0.8502 - val_loss: 0.5369 - val_accuracy: 0.8334
Epoch 44/350
391/391 - 24s - loss: 0.4572 - accuracy: 0.8515 - val_loss: 0.5077 - val_accuracy: 0.8424
Epoch 45/350
391/391 - 24s - loss: 0.4491 - accuracy: 0.8550 - val_loss: 0.4817 - val_accuracy: 0.8556
Epoch 46/350
391/391 - 24s - loss: 0.4472 - accuracy: 0.8554 - val_loss: 0.4805 - val_accuracy: 0.8524
Epoch 47/350
391/391 - 24s - loss: 0.4371 - accuracy: 0.8584 - val_loss: 0.4675 - val_accuracy: 0.8503
Epoch 48/350
391/391 - 23s - loss: 0.4297 - accuracy: 0.8620 - val_loss: 0.4808 - val_accuracy: 0.8579
Epoch 49/350
391/391 - 24s - loss: 0.4326 - accuracy: 0.8605 - val_loss: 0.4407 - val_accuracy: 0.8619
Epoch 50/350


Snapshot weight 6 shuffle 6 at epoch 50
Layer 11
Getting activations...


391/391 - 24s - loss: 0.4171 - accuracy: 0.8653 - val_loss: 0.5200 - val_accuracy: 0.8489
Epoch 51/350
391/391 - 24s - loss: 0.4119 - accuracy: 0.8685 - val_loss: 0.5058 - val_accuracy: 0.8431
Epoch 52/350
391/391 - 24s - loss: 0.4143 - accuracy: 0.8669 - val_loss: 0.4620 - val_accuracy: 0.8571
Epoch 53/350
391/391 - 24s - loss: 0.4053 - accuracy: 0.8684 - val_loss: 0.4975 - val_accuracy: 0.8465
Epoch 54/350
391/391 - 24s - loss: 0.4095 - accuracy: 0.8689 - val_loss: 0.4697 - val_accuracy: 0.8605
Epoch 55/350
391/391 - 24s - loss: 0.3977 - accuracy: 0.8718 - val_loss: 0.4394 - val_accuracy: 0.8623
Epoch 56/350
391/391 - 24s - loss: 0.3921 - accuracy: 0.8739 - val_loss: 0.4369 - val_accuracy: 0.8660
Epoch 57/350
391/391 - 24s - loss: 0.3915 - accuracy: 0.8735 - val_loss: 0.4783 - val_accuracy: 0.8580
Epoch 58/350
391/391 - 24s - loss: 0.3834 - accuracy: 0.8780 - val_loss: 0.4665 - val_accuracy: 0.8607
Epoch 59/350
391/391 - 24s - loss: 0.3797 - accuracy: 0.8799 - val_loss: 0.4366 - val_accuracy: 0.8681
Epoch 60/350
391/391 - 24s - loss: 0.3751 - accuracy: 0.8810 - val_loss: 0.4774 - val_accuracy: 0.8583
Epoch 61/350
391/391 - 24s - loss: 0.3717 - accuracy: 0.8812 - val_loss: 0.4256 - val_accuracy: 0.8740
Epoch 62/350
391/391 - 24s - loss: 0.3640 - accuracy: 0.8845 - val_loss: 0.4646 - val_accuracy: 0.8647
Epoch 63/350
391/391 - 24s - loss: 0.3658 - accuracy: 0.8838 - val_loss: 0.4183 - val_accuracy: 0.8724
Epoch 64/350
391/391 - 24s - loss: 0.3623 - accuracy: 0.8851 - val_loss: 0.4436 - val_accuracy: 0.8700
Epoch 65/350
391/391 - 24s - loss: 0.3574 - accuracy: 0.8864 - val_loss: 0.4548 - val_accuracy: 0.8678
Epoch 66/350
391/391 - 24s - loss: 0.3520 - accuracy: 0.8885 - val_loss: 0.4455 - val_accuracy: 0.8712
Epoch 67/350
391/391 - 24s - loss: 0.3444 - accuracy: 0.8915 - val_loss: 0.4133 - val_accuracy: 0.8776
Epoch 68/350
391/391 - 23s - loss: 0.3413 - accuracy: 0.8932 - val_loss: 0.4521 - val_accuracy: 0.8685
Epoch 69/350
391/391 - 24s - loss: 0.3465 - accuracy: 0.8893 - val_loss: 0.4450 - val_accuracy: 0.8671
Epoch 70/350
391/391 - 24s - loss: 0.3364 - accuracy: 0.8938 - val_loss: 0.4498 - val_accuracy: 0.8707
Epoch 71/350
391/391 - 24s - loss: 0.3360 - accuracy: 0.8941 - val_loss: 0.4172 - val_accuracy: 0.8779
Epoch 72/350
391/391 - 24s - loss: 0.3384 - accuracy: 0.8933 - val_loss: 0.4198 - val_accuracy: 0.8802
Epoch 73/350
391/391 - 24s - loss: 0.3316 - accuracy: 0.8958 - val_loss: 0.4448 - val_accuracy: 0.8746
Epoch 74/350
391/391 - 24s - loss: 0.3308 - accuracy: 0.8953 - val_loss: 0.4050 - val_accuracy: 0.8820
Epoch 75/350
391/391 - 24s - loss: 0.3240 - accuracy: 0.8985 - val_loss: 0.4215 - val_accuracy: 0.8749
Epoch 76/350
391/391 - 24s - loss: 0.3261 - accuracy: 0.8982 - val_loss: 0.4888 - val_accuracy: 0.8668
Epoch 77/350
391/391 - 24s - loss: 0.3145 - accuracy: 0.9031 - val_loss: 0.4356 - val_accuracy: 0.8694
Epoch 78/350
391/391 - 24s - loss: 0.3164 - accuracy: 0.9014 - val_loss: 0.4335 - val_accuracy: 0.8708
Epoch 79/350
391/391 - 24s - loss: 0.3149 - accuracy: 0.9028 - val_loss: 0.4270 - val_accuracy: 0.8776
Epoch 80/350
391/391 - 24s - loss: 0.3124 - accuracy: 0.9024 - val_loss: 0.4083 - val_accuracy: 0.8819
Epoch 81/350
391/391 - 24s - loss: 0.3090 - accuracy: 0.9050 - val_loss: 0.4571 - val_accuracy: 0.8665
Epoch 82/350
391/391 - 24s - loss: 0.3121 - accuracy: 0.9015 - val_loss: 0.4339 - val_accuracy: 0.8696
Epoch 83/350
391/391 - 24s - loss: 0.3040 - accuracy: 0.9051 - val_loss: 0.4076 - val_accuracy: 0.8811
Epoch 84/350
391/391 - 24s - loss: 0.2958 - accuracy: 0.9090 - val_loss: 0.4148 - val_accuracy: 0.8829
Epoch 85/350
391/391 - 24s - loss: 0.3022 - accuracy: 0.9064 - val_loss: 0.4695 - val_accuracy: 0.8680
Epoch 86/350
391/391 - 24s - loss: 0.3022 - accuracy: 0.9066 - val_loss: 0.4464 - val_accuracy: 0.8726
Epoch 87/350
391/391 - 24s - loss: 0.2939 - accuracy: 0.9101 - val_loss: 0.4342 - val_accuracy: 0.8768
Epoch 88/350
391/391 - 24s - loss: 0.2920 - accuracy: 0.9109 - val_loss: 0.4088 - val_accuracy: 0.8815
Epoch 89/350
391/391 - 24s - loss: 0.2908 - accuracy: 0.9092 - val_loss: 0.3933 - val_accuracy: 0.8851
Epoch 90/350
391/391 - 24s - loss: 0.2837 - accuracy: 0.9120 - val_loss: 0.4378 - val_accuracy: 0.8757
Epoch 91/350
391/391 - 24s - loss: 0.2838 - accuracy: 0.9133 - val_loss: 0.4613 - val_accuracy: 0.8713
Epoch 92/350
391/391 - 24s - loss: 0.2833 - accuracy: 0.9130 - val_loss: 0.4518 - val_accuracy: 0.8755
Epoch 93/350
391/391 - 24s - loss: 0.2818 - accuracy: 0.9131 - val_loss: 0.4304 - val_accuracy: 0.8754
Epoch 94/350
391/391 - 24s - loss: 0.2831 - accuracy: 0.9118 - val_loss: 0.4108 - val_accuracy: 0.8827
Epoch 95/350
391/391 - 24s - loss: 0.2736 - accuracy: 0.9163 - val_loss: 0.4345 - val_accuracy: 0.8834
Epoch 96/350
391/391 - 24s - loss: 0.2805 - accuracy: 0.9143 - val_loss: 0.4443 - val_accuracy: 0.8783
Epoch 97/350
391/391 - 24s - loss: 0.2707 - accuracy: 0.9172 - val_loss: 0.4369 - val_accuracy: 0.8841
Epoch 98/350
391/391 - 24s - loss: 0.2709 - accuracy: 0.9170 - val_loss: 0.4298 - val_accuracy: 0.8819
Epoch 99/350
391/391 - 24s - loss: 0.2716 - accuracy: 0.9184 - val_loss: 0.4501 - val_accuracy: 0.8768
Epoch 100/350


Snapshot weight 6 shuffle 6 at epoch 100
Layer 11
Getting activations...


391/391 - 24s - loss: 0.2651 - accuracy: 0.9197 - val_loss: 0.4139 - val_accuracy: 0.8847
Epoch 101/350
391/391 - 24s - loss: 0.2621 - accuracy: 0.9189 - val_loss: 0.4445 - val_accuracy: 0.8792
Epoch 102/350
391/391 - 24s - loss: 0.2639 - accuracy: 0.9190 - val_loss: 0.4611 - val_accuracy: 0.8799
Epoch 103/350
391/391 - 24s - loss: 0.2624 - accuracy: 0.9208 - val_loss: 0.4235 - val_accuracy: 0.8845
Epoch 104/350
391/391 - 24s - loss: 0.2619 - accuracy: 0.9201 - val_loss: 0.4267 - val_accuracy: 0.8817
Epoch 105/350
391/391 - 24s - loss: 0.2569 - accuracy: 0.9229 - val_loss: 0.4415 - val_accuracy: 0.8788
Epoch 106/350
391/391 - 24s - loss: 0.2577 - accuracy: 0.9238 - val_loss: 0.4403 - val_accuracy: 0.8819
Epoch 107/350
391/391 - 24s - loss: 0.2537 - accuracy: 0.9241 - val_loss: 0.4436 - val_accuracy: 0.8820
Epoch 108/350
391/391 - 24s - loss: 0.2533 - accuracy: 0.9242 - val_loss: 0.4062 - val_accuracy: 0.8878
Epoch 109/350
391/391 - 24s - loss: 0.2475 - accuracy: 0.9264 - val_loss: 0.4023 - val_accuracy: 0.8853
Epoch 110/350
391/391 - 24s - loss: 0.2501 - accuracy: 0.9251 - val_loss: 0.4515 - val_accuracy: 0.8798
Epoch 111/350
391/391 - 24s - loss: 0.2492 - accuracy: 0.9263 - val_loss: 0.4286 - val_accuracy: 0.8860
Epoch 112/350
391/391 - 24s - loss: 0.2472 - accuracy: 0.9263 - val_loss: 0.4240 - val_accuracy: 0.8884
Epoch 113/350
391/391 - 24s - loss: 0.2430 - accuracy: 0.9282 - val_loss: 0.4367 - val_accuracy: 0.8845
Epoch 114/350
391/391 - 24s - loss: 0.2476 - accuracy: 0.9258 - val_loss: 0.4677 - val_accuracy: 0.8744
Epoch 115/350
391/391 - 24s - loss: 0.2431 - accuracy: 0.9284 - val_loss: 0.4169 - val_accuracy: 0.8913
Epoch 116/350
391/391 - 24s - loss: 0.2421 - accuracy: 0.9282 - val_loss: 0.5074 - val_accuracy: 0.8714
Epoch 117/350
391/391 - 24s - loss: 0.2430 - accuracy: 0.9273 - val_loss: 0.4285 - val_accuracy: 0.8866
Epoch 118/350
391/391 - 24s - loss: 0.2400 - accuracy: 0.9288 - val_loss: 0.4472 - val_accuracy: 0.8864
Epoch 119/350
391/391 - 24s - loss: 0.2358 - accuracy: 0.9295 - val_loss: 0.4193 - val_accuracy: 0.8888
Epoch 120/350
391/391 - 24s - loss: 0.2347 - accuracy: 0.9306 - val_loss: 0.4338 - val_accuracy: 0.8873
Epoch 121/350
391/391 - 24s - loss: 0.2360 - accuracy: 0.9297 - val_loss: 0.4790 - val_accuracy: 0.8827
Epoch 122/350
391/391 - 24s - loss: 0.2329 - accuracy: 0.9315 - val_loss: 0.4256 - val_accuracy: 0.8897
Epoch 123/350
391/391 - 24s - loss: 0.2292 - accuracy: 0.9327 - val_loss: 0.4437 - val_accuracy: 0.8861
Epoch 124/350
391/391 - 24s - loss: 0.2317 - accuracy: 0.9327 - val_loss: 0.4460 - val_accuracy: 0.8866
Epoch 125/350
391/391 - 24s - loss: 0.2316 - accuracy: 0.9329 - val_loss: 0.4540 - val_accuracy: 0.8851
Epoch 126/350
391/391 - 23s - loss: 0.2324 - accuracy: 0.9311 - val_loss: 0.4296 - val_accuracy: 0.8901
Epoch 127/350
391/391 - 24s - loss: 0.2240 - accuracy: 0.9351 - val_loss: 0.4997 - val_accuracy: 0.8732
Epoch 128/350
391/391 - 24s - loss: 0.2227 - accuracy: 0.9346 - val_loss: 0.4127 - val_accuracy: 0.8903
Epoch 129/350
391/391 - 24s - loss: 0.2199 - accuracy: 0.9359 - val_loss: 0.4407 - val_accuracy: 0.8921
Epoch 130/350
391/391 - 24s - loss: 0.2203 - accuracy: 0.9357 - val_loss: 0.4700 - val_accuracy: 0.8856
Epoch 131/350
391/391 - 24s - loss: 0.2198 - accuracy: 0.9362 - val_loss: 0.4294 - val_accuracy: 0.8901
Epoch 132/350
391/391 - 24s - loss: 0.2201 - accuracy: 0.9365 - val_loss: 0.4147 - val_accuracy: 0.8953
Epoch 133/350
391/391 - 24s - loss: 0.2186 - accuracy: 0.9369 - val_loss: 0.4410 - val_accuracy: 0.8875
Epoch 134/350
391/391 - 24s - loss: 0.2226 - accuracy: 0.9355 - val_loss: 0.4381 - val_accuracy: 0.8919
Epoch 135/350
391/391 - 24s - loss: 0.2166 - accuracy: 0.9377 - val_loss: 0.4409 - val_accuracy: 0.8901
Epoch 136/350
391/391 - 24s - loss: 0.2177 - accuracy: 0.9378 - val_loss: 0.4354 - val_accuracy: 0.8868
Epoch 137/350
391/391 - 24s - loss: 0.2137 - accuracy: 0.9383 - val_loss: 0.4664 - val_accuracy: 0.8834
Epoch 138/350
391/391 - 24s - loss: 0.2098 - accuracy: 0.9409 - val_loss: 0.4524 - val_accuracy: 0.8893
Epoch 139/350
391/391 - 24s - loss: 0.2177 - accuracy: 0.9377 - val_loss: 0.4584 - val_accuracy: 0.8883
Epoch 140/350
391/391 - 24s - loss: 0.2096 - accuracy: 0.9401 - val_loss: 0.4570 - val_accuracy: 0.8863
Epoch 141/350
391/391 - 24s - loss: 0.2067 - accuracy: 0.9416 - val_loss: 0.4601 - val_accuracy: 0.8904
Epoch 142/350
391/391 - 24s - loss: 0.2122 - accuracy: 0.9390 - val_loss: 0.4348 - val_accuracy: 0.8968
Epoch 143/350
391/391 - 23s - loss: 0.2152 - accuracy: 0.9372 - val_loss: 0.4319 - val_accuracy: 0.8933
Epoch 144/350
391/391 - 24s - loss: 0.2068 - accuracy: 0.9407 - val_loss: 0.4544 - val_accuracy: 0.8912
Epoch 145/350
391/391 - 24s - loss: 0.2055 - accuracy: 0.9416 - val_loss: 0.4809 - val_accuracy: 0.8898
Epoch 146/350
391/391 - 24s - loss: 0.2088 - accuracy: 0.9406 - val_loss: 0.4568 - val_accuracy: 0.8896
Epoch 147/350
391/391 - 24s - loss: 0.2060 - accuracy: 0.9412 - val_loss: 0.4622 - val_accuracy: 0.8860
Epoch 148/350
391/391 - 24s - loss: 0.2025 - accuracy: 0.9429 - val_loss: 0.4743 - val_accuracy: 0.8834
Epoch 149/350
391/391 - 24s - loss: 0.2037 - accuracy: 0.9428 - val_loss: 0.4770 - val_accuracy: 0.8884
Epoch 150/350


Snapshot weight 6 shuffle 6 at epoch 150
Layer 11
Getting activations...


391/391 - 24s - loss: 0.2029 - accuracy: 0.9421 - val_loss: 0.4547 - val_accuracy: 0.8899
Epoch 151/350
391/391 - 24s - loss: 0.2038 - accuracy: 0.9418 - val_loss: 0.4847 - val_accuracy: 0.8866
Epoch 152/350
391/391 - 24s - loss: 0.2006 - accuracy: 0.9443 - val_loss: 0.4409 - val_accuracy: 0.8959
Epoch 153/350
391/391 - 24s - loss: 0.2025 - accuracy: 0.9439 - val_loss: 0.4287 - val_accuracy: 0.8951
Epoch 154/350
391/391 - 24s - loss: 0.1964 - accuracy: 0.9461 - val_loss: 0.4538 - val_accuracy: 0.8898
Epoch 155/350
391/391 - 24s - loss: 0.1964 - accuracy: 0.9446 - val_loss: 0.4614 - val_accuracy: 0.8897
Epoch 156/350
391/391 - 24s - loss: 0.1985 - accuracy: 0.9448 - val_loss: 0.4832 - val_accuracy: 0.8892
Epoch 157/350
391/391 - 24s - loss: 0.1979 - accuracy: 0.9443 - val_loss: 0.4391 - val_accuracy: 0.8895
Epoch 158/350
391/391 - 24s - loss: 0.1975 - accuracy: 0.9448 - val_loss: 0.4375 - val_accuracy: 0.8940
Epoch 159/350
391/391 - 24s - loss: 0.1938 - accuracy: 0.9469 - val_loss: 0.4397 - val_accuracy: 0.8922
Epoch 160/350
391/391 - 24s - loss: 0.1947 - accuracy: 0.9463 - val_loss: 0.4898 - val_accuracy: 0.8843
Epoch 161/350
391/391 - 23s - loss: 0.1944 - accuracy: 0.9461 - val_loss: 0.4502 - val_accuracy: 0.8930
Epoch 162/350
391/391 - 24s - loss: 0.1863 - accuracy: 0.9489 - val_loss: 0.4580 - val_accuracy: 0.8929
Epoch 163/350
391/391 - 24s - loss: 0.1874 - accuracy: 0.9497 - val_loss: 0.4549 - val_accuracy: 0.8969
Epoch 164/350
391/391 - 24s - loss: 0.1920 - accuracy: 0.9473 - val_loss: 0.4508 - val_accuracy: 0.8908
Epoch 165/350
391/391 - 24s - loss: 0.1893 - accuracy: 0.9482 - val_loss: 0.4935 - val_accuracy: 0.8843
Epoch 166/350
391/391 - 23s - loss: 0.1897 - accuracy: 0.9483 - val_loss: 0.5011 - val_accuracy: 0.8854
Epoch 167/350
391/391 - 24s - loss: 0.1875 - accuracy: 0.9489 - val_loss: 0.4637 - val_accuracy: 0.8914
Epoch 168/350
391/391 - 24s - loss: 0.1842 - accuracy: 0.9504 - val_loss: 0.4882 - val_accuracy: 0.8896
Epoch 169/350
391/391 - 24s - loss: 0.1866 - accuracy: 0.9499 - val_loss: 0.4672 - val_accuracy: 0.8893
Epoch 170/350
391/391 - 24s - loss: 0.1867 - accuracy: 0.9500 - val_loss: 0.4423 - val_accuracy: 0.8950
Epoch 171/350
391/391 - 24s - loss: 0.1811 - accuracy: 0.9511 - val_loss: 0.4657 - val_accuracy: 0.8941
Epoch 172/350
391/391 - 24s - loss: 0.1842 - accuracy: 0.9507 - val_loss: 0.4721 - val_accuracy: 0.8897
Epoch 173/350
391/391 - 24s - loss: 0.1816 - accuracy: 0.9515 - val_loss: 0.4571 - val_accuracy: 0.8964
Epoch 174/350
391/391 - 24s - loss: 0.1823 - accuracy: 0.9515 - val_loss: 0.4506 - val_accuracy: 0.8960
Epoch 175/350
391/391 - 24s - loss: 0.1800 - accuracy: 0.9518 - val_loss: 0.4822 - val_accuracy: 0.8904
Epoch 176/350
391/391 - 23s - loss: 0.1845 - accuracy: 0.9505 - val_loss: 0.4380 - val_accuracy: 0.8974
Epoch 177/350
391/391 - 23s - loss: 0.1809 - accuracy: 0.9515 - val_loss: 0.4626 - val_accuracy: 0.8975
Epoch 178/350
391/391 - 24s - loss: 0.1817 - accuracy: 0.9517 - val_loss: 0.4722 - val_accuracy: 0.8908
Epoch 179/350
391/391 - 24s - loss: 0.1781 - accuracy: 0.9526 - val_loss: 0.4857 - val_accuracy: 0.8923
Epoch 180/350
391/391 - 24s - loss: 0.1767 - accuracy: 0.9527 - val_loss: 0.4524 - val_accuracy: 0.8941
Epoch 181/350
391/391 - 23s - loss: 0.1761 - accuracy: 0.9525 - val_loss: 0.4489 - val_accuracy: 0.8964
Epoch 182/350
391/391 - 24s - loss: 0.1755 - accuracy: 0.9538 - val_loss: 0.5180 - val_accuracy: 0.8837
Epoch 183/350
391/391 - 23s - loss: 0.1815 - accuracy: 0.9526 - val_loss: 0.4657 - val_accuracy: 0.8946
Epoch 184/350
391/391 - 24s - loss: 0.1750 - accuracy: 0.9539 - val_loss: 0.4703 - val_accuracy: 0.8959
Epoch 185/350
391/391 - 24s - loss: 0.1748 - accuracy: 0.9544 - val_loss: 0.4595 - val_accuracy: 0.8921
Epoch 186/350
391/391 - 24s - loss: 0.1720 - accuracy: 0.9538 - val_loss: 0.4681 - val_accuracy: 0.8938
Epoch 187/350
391/391 - 23s - loss: 0.1739 - accuracy: 0.9539 - val_loss: 0.4767 - val_accuracy: 0.8890
Epoch 188/350
391/391 - 24s - loss: 0.1726 - accuracy: 0.9541 - val_loss: 0.4488 - val_accuracy: 0.8934
Epoch 189/350
391/391 - 24s - loss: 0.1730 - accuracy: 0.9545 - val_loss: 0.5282 - val_accuracy: 0.8868
Epoch 190/350
391/391 - 24s - loss: 0.1748 - accuracy: 0.9535 - val_loss: 0.4686 - val_accuracy: 0.8935
Epoch 191/350
391/391 - 24s - loss: 0.1768 - accuracy: 0.9527 - val_loss: 0.4961 - val_accuracy: 0.8893
Epoch 192/350
391/391 - 24s - loss: 0.1744 - accuracy: 0.9547 - val_loss: 0.5042 - val_accuracy: 0.8890
Epoch 193/350
391/391 - 23s - loss: 0.1721 - accuracy: 0.9550 - val_loss: 0.4441 - val_accuracy: 0.8993
Epoch 194/350
391/391 - 24s - loss: 0.1792 - accuracy: 0.9517 - val_loss: 0.4727 - val_accuracy: 0.8916
Epoch 195/350
391/391 - 24s - loss: 0.1718 - accuracy: 0.9554 - val_loss: 0.4918 - val_accuracy: 0.8939
Epoch 196/350
391/391 - 24s - loss: 0.1680 - accuracy: 0.9564 - val_loss: 0.4782 - val_accuracy: 0.8922
Epoch 197/350
391/391 - 23s - loss: 0.1711 - accuracy: 0.9561 - val_loss: 0.5059 - val_accuracy: 0.8912
Epoch 198/350
391/391 - 24s - loss: 0.1699 - accuracy: 0.9552 - val_loss: 0.5153 - val_accuracy: 0.8905
Epoch 199/350
391/391 - 24s - loss: 0.1707 - accuracy: 0.9558 - val_loss: 0.4793 - val_accuracy: 0.8924
Epoch 200/350


Snapshot weight 6 shuffle 6 at epoch 200
Layer 11
Getting activations...


391/391 - 24s - loss: 0.1679 - accuracy: 0.9574 - val_loss: 0.4511 - val_accuracy: 0.9026
Epoch 201/350
391/391 - 24s - loss: 0.1387 - accuracy: 0.9670 - val_loss: 0.4610 - val_accuracy: 0.9031
Epoch 202/350
391/391 - 24s - loss: 0.1314 - accuracy: 0.9703 - val_loss: 0.4676 - val_accuracy: 0.9021
Epoch 203/350
391/391 - 24s - loss: 0.1273 - accuracy: 0.9714 - val_loss: 0.4619 - val_accuracy: 0.9027
Epoch 204/350
391/391 - 24s - loss: 0.1256 - accuracy: 0.9725 - val_loss: 0.4662 - val_accuracy: 0.9044
Epoch 205/350
391/391 - 24s - loss: 0.1228 - accuracy: 0.9729 - val_loss: 0.4719 - val_accuracy: 0.9022
Epoch 206/350
391/391 - 24s - loss: 0.1210 - accuracy: 0.9735 - val_loss: 0.4842 - val_accuracy: 0.9014
Epoch 207/350
391/391 - 23s - loss: 0.1214 - accuracy: 0.9726 - val_loss: 0.4799 - val_accuracy: 0.9015
Epoch 208/350
391/391 - 23s - loss: 0.1203 - accuracy: 0.9735 - val_loss: 0.4762 - val_accuracy: 0.9026
Epoch 209/350
391/391 - 23s - loss: 0.1192 - accuracy: 0.9746 - val_loss: 0.4819 - val_accuracy: 0.9030
Epoch 210/350
391/391 - 24s - loss: 0.1177 - accuracy: 0.9747 - val_loss: 0.4775 - val_accuracy: 0.9041
Epoch 211/350
391/391 - 24s - loss: 0.1167 - accuracy: 0.9743 - val_loss: 0.4794 - val_accuracy: 0.9036
Epoch 212/350
391/391 - 24s - loss: 0.1148 - accuracy: 0.9758 - val_loss: 0.4817 - val_accuracy: 0.9039
Epoch 213/350
391/391 - 24s - loss: 0.1181 - accuracy: 0.9748 - val_loss: 0.4825 - val_accuracy: 0.9028
Epoch 214/350
391/391 - 24s - loss: 0.1126 - accuracy: 0.9768 - val_loss: 0.4940 - val_accuracy: 0.9037
Epoch 215/350
391/391 - 24s - loss: 0.1154 - accuracy: 0.9756 - val_loss: 0.4866 - val_accuracy: 0.9036
Epoch 216/350
391/391 - 24s - loss: 0.1144 - accuracy: 0.9756 - val_loss: 0.4892 - val_accuracy: 0.9030
Epoch 217/350
391/391 - 24s - loss: 0.1157 - accuracy: 0.9756 - val_loss: 0.4904 - val_accuracy: 0.9026
Epoch 218/350
391/391 - 23s - loss: 0.1149 - accuracy: 0.9750 - val_loss: 0.4879 - val_accuracy: 0.9049
Epoch 219/350
391/391 - 24s - loss: 0.1156 - accuracy: 0.9751 - val_loss: 0.4938 - val_accuracy: 0.9041
Epoch 220/350
391/391 - 24s - loss: 0.1113 - accuracy: 0.9765 - val_loss: 0.5028 - val_accuracy: 0.9016
Epoch 221/350
391/391 - 24s - loss: 0.1147 - accuracy: 0.9762 - val_loss: 0.4877 - val_accuracy: 0.9024
Epoch 222/350
391/391 - 24s - loss: 0.1126 - accuracy: 0.9760 - val_loss: 0.4986 - val_accuracy: 0.9029
Epoch 223/350
391/391 - 24s - loss: 0.1110 - accuracy: 0.9771 - val_loss: 0.5074 - val_accuracy: 0.9033
Epoch 224/350
391/391 - 24s - loss: 0.1131 - accuracy: 0.9761 - val_loss: 0.4946 - val_accuracy: 0.9045
Epoch 225/350
391/391 - 24s - loss: 0.1126 - accuracy: 0.9770 - val_loss: 0.4945 - val_accuracy: 0.9035
Epoch 226/350
391/391 - 24s - loss: 0.1126 - accuracy: 0.9760 - val_loss: 0.5024 - val_accuracy: 0.9019
Epoch 227/350
391/391 - 24s - loss: 0.1154 - accuracy: 0.9758 - val_loss: 0.4963 - val_accuracy: 0.9046
Epoch 228/350
391/391 - 24s - loss: 0.1073 - accuracy: 0.9780 - val_loss: 0.5069 - val_accuracy: 0.9034
Epoch 229/350
391/391 - 24s - loss: 0.1115 - accuracy: 0.9773 - val_loss: 0.5034 - val_accuracy: 0.9045
Epoch 230/350
391/391 - 24s - loss: 0.1103 - accuracy: 0.9770 - val_loss: 0.5013 - val_accuracy: 0.9037
Epoch 231/350
391/391 - 24s - loss: 0.1080 - accuracy: 0.9778 - val_loss: 0.5093 - val_accuracy: 0.9031
Epoch 232/350
391/391 - 23s - loss: 0.1101 - accuracy: 0.9773 - val_loss: 0.5045 - val_accuracy: 0.9049
Epoch 233/350
391/391 - 23s - loss: 0.1097 - accuracy: 0.9772 - val_loss: 0.5083 - val_accuracy: 0.9021
Epoch 234/350
391/391 - 24s - loss: 0.1112 - accuracy: 0.9764 - val_loss: 0.4941 - val_accuracy: 0.9052
Epoch 235/350
391/391 - 24s - loss: 0.1107 - accuracy: 0.9773 - val_loss: 0.4951 - val_accuracy: 0.9033
Epoch 236/350
391/391 - 24s - loss: 0.1108 - accuracy: 0.9767 - val_loss: 0.5002 - val_accuracy: 0.9034
Epoch 237/350
391/391 - 24s - loss: 0.1090 - accuracy: 0.9779 - val_loss: 0.5053 - val_accuracy: 0.9033
Epoch 238/350
391/391 - 24s - loss: 0.1096 - accuracy: 0.9770 - val_loss: 0.5017 - val_accuracy: 0.9039
Epoch 239/350
391/391 - 23s - loss: 0.1091 - accuracy: 0.9779 - val_loss: 0.4992 - val_accuracy: 0.9057
Epoch 240/350
391/391 - 24s - loss: 0.1052 - accuracy: 0.9785 - val_loss: 0.4995 - val_accuracy: 0.9037
Epoch 241/350
391/391 - 24s - loss: 0.1093 - accuracy: 0.9773 - val_loss: 0.5147 - val_accuracy: 0.9029
Epoch 242/350
391/391 - 24s - loss: 0.1085 - accuracy: 0.9785 - val_loss: 0.5058 - val_accuracy: 0.9037
Epoch 243/350
391/391 - 23s - loss: 0.1078 - accuracy: 0.9782 - val_loss: 0.5048 - val_accuracy: 0.9023
Epoch 244/350
391/391 - 23s - loss: 0.1075 - accuracy: 0.9786 - val_loss: 0.5106 - val_accuracy: 0.9029
Epoch 245/350
391/391 - 24s - loss: 0.1090 - accuracy: 0.9775 - val_loss: 0.4950 - val_accuracy: 0.9027
Epoch 246/350
391/391 - 24s - loss: 0.1075 - accuracy: 0.9784 - val_loss: 0.5070 - val_accuracy: 0.9026
Epoch 247/350
391/391 - 24s - loss: 0.1054 - accuracy: 0.9785 - val_loss: 0.5113 - val_accuracy: 0.9035
Epoch 248/350
391/391 - 24s - loss: 0.1072 - accuracy: 0.9783 - val_loss: 0.5049 - val_accuracy: 0.9029
Epoch 249/350
391/391 - 24s - loss: 0.1055 - accuracy: 0.9786 - val_loss: 0.5161 - val_accuracy: 0.9033
Epoch 250/350


Snapshot weight 6 shuffle 6 at epoch 250
Layer 11
Getting activations...


391/391 - 24s - loss: 0.1070 - accuracy: 0.9782 - val_loss: 0.5048 - val_accuracy: 0.9031
Epoch 251/350
391/391 - 24s - loss: 0.1047 - accuracy: 0.9786 - val_loss: 0.5065 - val_accuracy: 0.9022
Epoch 252/350
391/391 - 24s - loss: 0.1057 - accuracy: 0.9796 - val_loss: 0.5081 - val_accuracy: 0.9024
Epoch 253/350
391/391 - 24s - loss: 0.1040 - accuracy: 0.9792 - val_loss: 0.5116 - val_accuracy: 0.9028
Epoch 254/350
391/391 - 24s - loss: 0.1026 - accuracy: 0.9799 - val_loss: 0.5103 - val_accuracy: 0.9029
Epoch 255/350
391/391 - 24s - loss: 0.1042 - accuracy: 0.9795 - val_loss: 0.5129 - val_accuracy: 0.9028
Epoch 256/350
391/391 - 24s - loss: 0.1023 - accuracy: 0.9797 - val_loss: 0.5116 - val_accuracy: 0.9028
Epoch 257/350
391/391 - 24s - loss: 0.1029 - accuracy: 0.9799 - val_loss: 0.5142 - val_accuracy: 0.9030
Epoch 258/350
391/391 - 24s - loss: 0.1045 - accuracy: 0.9796 - val_loss: 0.5103 - val_accuracy: 0.9031
Epoch 259/350
391/391 - 24s - loss: 0.1019 - accuracy: 0.9797 - val_loss: 0.5095 - val_accuracy: 0.9027
Epoch 260/350
391/391 - 24s - loss: 0.1054 - accuracy: 0.9788 - val_loss: 0.5080 - val_accuracy: 0.9031
Epoch 261/350
391/391 - 24s - loss: 0.1035 - accuracy: 0.9795 - val_loss: 0.5113 - val_accuracy: 0.9030
Epoch 262/350
391/391 - 24s - loss: 0.1030 - accuracy: 0.9802 - val_loss: 0.5116 - val_accuracy: 0.9025
Epoch 263/350
391/391 - 24s - loss: 0.1027 - accuracy: 0.9801 - val_loss: 0.5081 - val_accuracy: 0.9037
Epoch 264/350
391/391 - 24s - loss: 0.1024 - accuracy: 0.9800 - val_loss: 0.5121 - val_accuracy: 0.9026
Epoch 265/350
391/391 - 24s - loss: 0.1034 - accuracy: 0.9799 - val_loss: 0.5121 - val_accuracy: 0.9026
Epoch 266/350
391/391 - 24s - loss: 0.1028 - accuracy: 0.9796 - val_loss: 0.5134 - val_accuracy: 0.9022
Epoch 267/350
391/391 - 24s - loss: 0.1050 - accuracy: 0.9789 - val_loss: 0.5134 - val_accuracy: 0.9029
Epoch 268/350
391/391 - 24s - loss: 0.1016 - accuracy: 0.9807 - val_loss: 0.5126 - val_accuracy: 0.9030
Epoch 269/350
391/391 - 24s - loss: 0.1017 - accuracy: 0.9803 - val_loss: 0.5119 - val_accuracy: 0.9025
Epoch 270/350
391/391 - 24s - loss: 0.1006 - accuracy: 0.9802 - val_loss: 0.5122 - val_accuracy: 0.9030
Epoch 271/350
391/391 - 24s - loss: 0.1054 - accuracy: 0.9788 - val_loss: 0.5111 - val_accuracy: 0.9031
Epoch 272/350
391/391 - 24s - loss: 0.1012 - accuracy: 0.9806 - val_loss: 0.5094 - val_accuracy: 0.9033
Epoch 273/350
391/391 - 24s - loss: 0.1017 - accuracy: 0.9803 - val_loss: 0.5108 - val_accuracy: 0.9032
Epoch 274/350
391/391 - 24s - loss: 0.1043 - accuracy: 0.9795 - val_loss: 0.5143 - val_accuracy: 0.9030
Epoch 275/350
391/391 - 24s - loss: 0.1005 - accuracy: 0.9804 - val_loss: 0.5131 - val_accuracy: 0.9026
Epoch 276/350
391/391 - 23s - loss: 0.1018 - accuracy: 0.9806 - val_loss: 0.5146 - val_accuracy: 0.9032
Epoch 277/350
391/391 - 24s - loss: 0.1017 - accuracy: 0.9805 - val_loss: 0.5151 - val_accuracy: 0.9021
Epoch 278/350
391/391 - 24s - loss: 0.1008 - accuracy: 0.9811 - val_loss: 0.5151 - val_accuracy: 0.9020
Epoch 279/350
391/391 - 24s - loss: 0.1044 - accuracy: 0.9788 - val_loss: 0.5158 - val_accuracy: 0.9030
Epoch 280/350
391/391 - 24s - loss: 0.1040 - accuracy: 0.9795 - val_loss: 0.5154 - val_accuracy: 0.9024
Epoch 281/350
391/391 - 23s - loss: 0.1036 - accuracy: 0.9793 - val_loss: 0.5118 - val_accuracy: 0.9030
Epoch 282/350
391/391 - 24s - loss: 0.1048 - accuracy: 0.9794 - val_loss: 0.5105 - val_accuracy: 0.9030
Epoch 283/350
391/391 - 24s - loss: 0.1030 - accuracy: 0.9797 - val_loss: 0.5122 - val_accuracy: 0.9031
Epoch 284/350
391/391 - 24s - loss: 0.1020 - accuracy: 0.9801 - val_loss: 0.5116 - val_accuracy: 0.9030
Epoch 285/350
391/391 - 24s - loss: 0.1039 - accuracy: 0.9795 - val_loss: 0.5109 - val_accuracy: 0.9027
Epoch 286/350
391/391 - 23s - loss: 0.1016 - accuracy: 0.9799 - val_loss: 0.5134 - val_accuracy: 0.9037
Epoch 287/350
391/391 - 24s - loss: 0.1007 - accuracy: 0.9804 - val_loss: 0.5150 - val_accuracy: 0.9024
Epoch 288/350
391/391 - 24s - loss: 0.1011 - accuracy: 0.9809 - val_loss: 0.5129 - val_accuracy: 0.9026
Epoch 289/350
391/391 - 24s - loss: 0.1027 - accuracy: 0.9801 - val_loss: 0.5129 - val_accuracy: 0.9033
Epoch 290/350
391/391 - 23s - loss: 0.1023 - accuracy: 0.9802 - val_loss: 0.5152 - val_accuracy: 0.9027
Epoch 291/350
391/391 - 24s - loss: 0.1009 - accuracy: 0.9809 - val_loss: 0.5124 - val_accuracy: 0.9032
Epoch 292/350
391/391 - 24s - loss: 0.1034 - accuracy: 0.9801 - val_loss: 0.5143 - val_accuracy: 0.9031
Epoch 293/350
391/391 - 23s - loss: 0.1022 - accuracy: 0.9802 - val_loss: 0.5157 - val_accuracy: 0.9033
Epoch 294/350
391/391 - 23s - loss: 0.1017 - accuracy: 0.9805 - val_loss: 0.5175 - val_accuracy: 0.9035
Epoch 295/350
391/391 - 24s - loss: 0.1020 - accuracy: 0.9795 - val_loss: 0.5161 - val_accuracy: 0.9035
Epoch 296/350
391/391 - 24s - loss: 0.1018 - accuracy: 0.9806 - val_loss: 0.5165 - val_accuracy: 0.9027
Epoch 297/350
391/391 - 23s - loss: 0.1015 - accuracy: 0.9807 - val_loss: 0.5168 - val_accuracy: 0.9029
Epoch 298/350
391/391 - 24s - loss: 0.1036 - accuracy: 0.9798 - val_loss: 0.5145 - val_accuracy: 0.9031
Epoch 299/350
391/391 - 23s - loss: 0.1025 - accuracy: 0.9806 - val_loss: 0.5172 - val_accuracy: 0.9024
Epoch 300/350


Snapshot weight 6 shuffle 6 at epoch 300
Layer 11
Getting activations...


391/391 - 24s - loss: 0.1010 - accuracy: 0.9807 - val_loss: 0.5180 - val_accuracy: 0.9022
Epoch 301/350
391/391 - 23s - loss: 0.1032 - accuracy: 0.9803 - val_loss: 0.5179 - val_accuracy: 0.9023
Epoch 302/350
391/391 - 24s - loss: 0.1044 - accuracy: 0.9796 - val_loss: 0.5170 - val_accuracy: 0.9027
Epoch 303/350
391/391 - 24s - loss: 0.0989 - accuracy: 0.9814 - val_loss: 0.5162 - val_accuracy: 0.9028
Epoch 304/350
391/391 - 24s - loss: 0.1020 - accuracy: 0.9801 - val_loss: 0.5162 - val_accuracy: 0.9025
Epoch 305/350
391/391 - 24s - loss: 0.0998 - accuracy: 0.9812 - val_loss: 0.5159 - val_accuracy: 0.9025
Epoch 306/350
391/391 - 24s - loss: 0.1015 - accuracy: 0.9798 - val_loss: 0.5159 - val_accuracy: 0.9030
Epoch 307/350
391/391 - 24s - loss: 0.0993 - accuracy: 0.9814 - val_loss: 0.5156 - val_accuracy: 0.9030
Epoch 308/350
391/391 - 23s - loss: 0.1029 - accuracy: 0.9805 - val_loss: 0.5152 - val_accuracy: 0.9033
Epoch 309/350
391/391 - 23s - loss: 0.1006 - accuracy: 0.9807 - val_loss: 0.5153 - val_accuracy: 0.9032
Epoch 310/350
391/391 - 24s - loss: 0.1014 - accuracy: 0.9806 - val_loss: 0.5151 - val_accuracy: 0.9033
Epoch 311/350
391/391 - 24s - loss: 0.0995 - accuracy: 0.9810 - val_loss: 0.5152 - val_accuracy: 0.9031
Epoch 312/350
391/391 - 24s - loss: 0.1017 - accuracy: 0.9804 - val_loss: 0.5152 - val_accuracy: 0.9032
Epoch 313/350
391/391 - 24s - loss: 0.1003 - accuracy: 0.9808 - val_loss: 0.5152 - val_accuracy: 0.9031
Epoch 314/350
391/391 - 24s - loss: 0.1005 - accuracy: 0.9808 - val_loss: 0.5153 - val_accuracy: 0.9030
Epoch 315/350
391/391 - 24s - loss: 0.1043 - accuracy: 0.9795 - val_loss: 0.5148 - val_accuracy: 0.9031
Epoch 316/350
391/391 - 24s - loss: 0.1040 - accuracy: 0.9795 - val_loss: 0.5148 - val_accuracy: 0.9032
Epoch 317/350
391/391 - 24s - loss: 0.1001 - accuracy: 0.9811 - val_loss: 0.5148 - val_accuracy: 0.9029
Epoch 318/350
391/391 - 24s - loss: 0.1023 - accuracy: 0.9802 - val_loss: 0.5153 - val_accuracy: 0.9027
Epoch 319/350
391/391 - 24s - loss: 0.1017 - accuracy: 0.9805 - val_loss: 0.5152 - val_accuracy: 0.9030
Epoch 320/350
391/391 - 24s - loss: 0.1003 - accuracy: 0.9807 - val_loss: 0.5155 - val_accuracy: 0.9029
Epoch 321/350
391/391 - 23s - loss: 0.1003 - accuracy: 0.9810 - val_loss: 0.5156 - val_accuracy: 0.9030
Epoch 322/350
391/391 - 24s - loss: 0.1012 - accuracy: 0.9807 - val_loss: 0.5158 - val_accuracy: 0.9030
Epoch 323/350
391/391 - 24s - loss: 0.1021 - accuracy: 0.9804 - val_loss: 0.5157 - val_accuracy: 0.9029
Epoch 324/350
391/391 - 24s - loss: 0.1012 - accuracy: 0.9798 - val_loss: 0.5158 - val_accuracy: 0.9029
Epoch 325/350
391/391 - 24s - loss: 0.1006 - accuracy: 0.9804 - val_loss: 0.5158 - val_accuracy: 0.9033
Epoch 326/350
391/391 - 24s - loss: 0.1008 - accuracy: 0.9803 - val_loss: 0.5158 - val_accuracy: 0.9034
Epoch 327/350
391/391 - 24s - loss: 0.1033 - accuracy: 0.9794 - val_loss: 0.5163 - val_accuracy: 0.9030
Epoch 328/350
391/391 - 24s - loss: 0.1009 - accuracy: 0.9812 - val_loss: 0.5158 - val_accuracy: 0.9036
Epoch 329/350
391/391 - 24s - loss: 0.1008 - accuracy: 0.9813 - val_loss: 0.5156 - val_accuracy: 0.9035
Epoch 330/350
391/391 - 24s - loss: 0.1009 - accuracy: 0.9807 - val_loss: 0.5158 - val_accuracy: 0.9031
Epoch 331/350
391/391 - 24s - loss: 0.1021 - accuracy: 0.9797 - val_loss: 0.5157 - val_accuracy: 0.9034
Epoch 332/350
391/391 - 24s - loss: 0.1016 - accuracy: 0.9806 - val_loss: 0.5159 - val_accuracy: 0.9033
Epoch 333/350
391/391 - 24s - loss: 0.1014 - accuracy: 0.9806 - val_loss: 0.5156 - val_accuracy: 0.9031
Epoch 334/350
391/391 - 24s - loss: 0.1008 - accuracy: 0.9815 - val_loss: 0.5158 - val_accuracy: 0.9032
Epoch 335/350
391/391 - 23s - loss: 0.1001 - accuracy: 0.9812 - val_loss: 0.5157 - val_accuracy: 0.9031
Epoch 336/350
391/391 - 24s - loss: 0.1025 - accuracy: 0.9800 - val_loss: 0.5159 - val_accuracy: 0.9032
Epoch 337/350
391/391 - 23s - loss: 0.1031 - accuracy: 0.9797 - val_loss: 0.5159 - val_accuracy: 0.9034
Epoch 338/350
391/391 - 24s - loss: 0.1027 - accuracy: 0.9803 - val_loss: 0.5155 - val_accuracy: 0.9034
Epoch 339/350
391/391 - 23s - loss: 0.1010 - accuracy: 0.9804 - val_loss: 0.5156 - val_accuracy: 0.9032
Epoch 340/350
391/391 - 24s - loss: 0.1014 - accuracy: 0.9803 - val_loss: 0.5156 - val_accuracy: 0.9030
Epoch 341/350
391/391 - 24s - loss: 0.1033 - accuracy: 0.9795 - val_loss: 0.5158 - val_accuracy: 0.9030
Epoch 342/350
391/391 - 23s - loss: 0.1011 - accuracy: 0.9803 - val_loss: 0.5156 - val_accuracy: 0.9030
Epoch 343/350
391/391 - 24s - loss: 0.1004 - accuracy: 0.9805 - val_loss: 0.5158 - val_accuracy: 0.9028
Epoch 344/350
391/391 - 24s - loss: 0.1007 - accuracy: 0.9808 - val_loss: 0.5157 - val_accuracy: 0.9029
Epoch 345/350
391/391 - 24s - loss: 0.1013 - accuracy: 0.9805 - val_loss: 0.5156 - val_accuracy: 0.9031
Epoch 346/350
391/391 - 24s - loss: 0.0989 - accuracy: 0.9809 - val_loss: 0.5149 - val_accuracy: 0.9035
Epoch 347/350
391/391 - 24s - loss: 0.1018 - accuracy: 0.9804 - val_loss: 0.5152 - val_accuracy: 0.9033
Epoch 348/350
391/391 - 24s - loss: 0.1020 - accuracy: 0.9802 - val_loss: 0.5150 - val_accuracy: 0.9034
Epoch 349/350
391/391 - 23s - loss: 0.1017 - accuracy: 0.9800 - val_loss: 0.5145 - val_accuracy: 0.9034
Epoch 350/350


Snapshot weight 6 shuffle 6 at epoch 350
Layer 11
Getting activations...


391/391 - 24s - loss: 0.1001 - accuracy: 0.9808 - val_loss: 0.5147 - val_accuracy: 0.9038
/usr/local/lib/python3.6/dist-packages/tensorflow/python/autograph/impl/api.py:493: UserWarning: fill_value is not supported and is always 0 for TensorFlow < 2.4.0.
  return py_builtins.overload_of(f)(*args)
WARNING:tensorflow:From /usr/local/lib/python3.6/dist-packages/tensorflow/python/training/tracking/tracking.py:111: Model.state_updates (from tensorflow.python.keras.engine.training) is deprecated and will be removed in a future version.
Instructions for updating:
This property should not be used in TensorFlow 2.0, as updates are applied automatically.
2021-07-02 14:17:33.303535: W tensorflow/python/util/util.cc:348] Sets are not currently considered sequences, but this may change in the future, so consider avoiding using them.
WARNING:tensorflow:From /usr/local/lib/python3.6/dist-packages/tensorflow/python/training/tracking/tracking.py:111: Layer.updates (from tensorflow.python.keras.engine.base_layer) is deprecated and will be removed in a future version.
Instructions for updating:
This property should not be used in TensorFlow 2.0, as updates are applied automatically.
Saving, final validation acc: 0.9038000106811523
