2021-07-02 09:31:16.665297: I tensorflow/stream_executor/platform/default/dso_loader.cc:48] Successfully opened dynamic library libcudart.so.10.1
2021-07-02 09:32:39.763071: I tensorflow/stream_executor/platform/default/dso_loader.cc:48] Successfully opened dynamic library libcuda.so.1
2021-07-02 09:32:39.792397: I tensorflow/core/common_runtime/gpu/gpu_device.cc:1716] Found device 0 with properties: 
pciBusID: 0000:82:00.0 name: NVIDIA TITAN Xp computeCapability: 6.1
coreClock: 1.582GHz coreCount: 30 deviceMemorySize: 11.91GiB deviceMemoryBandwidth: 510.07GiB/s
2021-07-02 09:32:39.792481: I tensorflow/stream_executor/platform/default/dso_loader.cc:48] Successfully opened dynamic library libcudart.so.10.1
2021-07-02 09:32:39.832544: I tensorflow/stream_executor/platform/default/dso_loader.cc:48] Successfully opened dynamic library libcublas.so.10
2021-07-02 09:32:39.852748: I tensorflow/stream_executor/platform/default/dso_loader.cc:48] Successfully opened dynamic library libcufft.so.10
2021-07-02 09:32:39.860983: I tensorflow/stream_executor/platform/default/dso_loader.cc:48] Successfully opened dynamic library libcurand.so.10
2021-07-02 09:32:39.902999: I tensorflow/stream_executor/platform/default/dso_loader.cc:48] Successfully opened dynamic library libcusolver.so.10
2021-07-02 09:32:39.911207: I tensorflow/stream_executor/platform/default/dso_loader.cc:48] Successfully opened dynamic library libcusparse.so.10
2021-07-02 09:32:39.986134: I tensorflow/stream_executor/platform/default/dso_loader.cc:48] Successfully opened dynamic library libcudnn.so.7
2021-07-02 09:32:39.988532: I tensorflow/core/common_runtime/gpu/gpu_device.cc:1858] Adding visible gpu devices: 0
2021-07-02 09:32:39.992234: I tensorflow/core/platform/cpu_feature_guard.cc:142] This TensorFlow binary is optimized with oneAPI Deep Neural Network Library (oneDNN)to use the following CPU instructions in performance-critical operations:  AVX2 FMA
To enable them in other operations, rebuild TensorFlow with the appropriate compiler flags.
2021-07-02 09:32:40.008509: I tensorflow/core/platform/profile_utils/cpu_utils.cc:104] CPU Frequency: 2600265000 Hz
2021-07-02 09:32:40.008679: I tensorflow/compiler/xla/service/service.cc:168] XLA service 0x5397450 initialized for platform Host (this does not guarantee that XLA will be used). Devices:
2021-07-02 09:32:40.008701: I tensorflow/compiler/xla/service/service.cc:176]   StreamExecutor device (0): Host, Default Version
2021-07-02 09:32:40.149082: I tensorflow/compiler/xla/service/service.cc:168] XLA service 0x53797f0 initialized for platform CUDA (this does not guarantee that XLA will be used). Devices:
2021-07-02 09:32:40.149167: I tensorflow/compiler/xla/service/service.cc:176]   StreamExecutor device (0): NVIDIA TITAN Xp, Compute Capability 6.1
2021-07-02 09:32:40.151517: I tensorflow/core/common_runtime/gpu/gpu_device.cc:1716] Found device 0 with properties: 
pciBusID: 0000:82:00.0 name: NVIDIA TITAN Xp computeCapability: 6.1
coreClock: 1.582GHz coreCount: 30 deviceMemorySize: 11.91GiB deviceMemoryBandwidth: 510.07GiB/s
2021-07-02 09:32:40.151557: I tensorflow/stream_executor/platform/default/dso_loader.cc:48] Successfully opened dynamic library libcudart.so.10.1
2021-07-02 09:32:40.151591: I tensorflow/stream_executor/platform/default/dso_loader.cc:48] Successfully opened dynamic library libcublas.so.10
2021-07-02 09:32:40.151612: I tensorflow/stream_executor/platform/default/dso_loader.cc:48] Successfully opened dynamic library libcufft.so.10
2021-07-02 09:32:40.151631: I tensorflow/stream_executor/platform/default/dso_loader.cc:48] Successfully opened dynamic library libcurand.so.10
2021-07-02 09:32:40.151651: I tensorflow/stream_executor/platform/default/dso_loader.cc:48] Successfully opened dynamic library libcusolver.so.10
2021-07-02 09:32:40.151671: I tensorflow/stream_executor/platform/default/dso_loader.cc:48] Successfully opened dynamic library libcusparse.so.10
2021-07-02 09:32:40.151691: I tensorflow/stream_executor/platform/default/dso_loader.cc:48] Successfully opened dynamic library libcudnn.so.7
2021-07-02 09:32:40.154513: I tensorflow/core/common_runtime/gpu/gpu_device.cc:1858] Adding visible gpu devices: 0
2021-07-02 09:32:40.156251: I tensorflow/stream_executor/platform/default/dso_loader.cc:48] Successfully opened dynamic library libcudart.so.10.1
2021-07-02 09:32:41.885381: I tensorflow/core/common_runtime/gpu/gpu_device.cc:1257] Device interconnect StreamExecutor with strength 1 edge matrix:
2021-07-02 09:32:41.885463: I tensorflow/core/common_runtime/gpu/gpu_device.cc:1263]      0 
2021-07-02 09:32:41.885477: I tensorflow/core/common_runtime/gpu/gpu_device.cc:1276] 0:   N 
2021-07-02 09:32:41.891315: I tensorflow/core/common_runtime/gpu/gpu_device.cc:1402] Created TensorFlow device (/job:localhost/replica:0/task:0/device:GPU:0 with 11218 MB memory) -> physical GPU (device: 0, name: NVIDIA TITAN Xp, pci bus id: 0000:82:00.0, compute capability: 6.1)
2021-07-02 09:32:47.769689: I tensorflow/stream_executor/platform/default/dso_loader.cc:48] Successfully opened dynamic library libcudnn.so.7
2021-07-02 09:32:50.186278: I tensorflow/stream_executor/platform/default/dso_loader.cc:48] Successfully opened dynamic library libcublas.so.10
Using model index: 59
Making train data...
GCN...
ZCA...
Done!
Making test data...
Done!
Epoch 1/350


Snapshot weight 9 shuffle 5 at epoch 1
Layer 11
Getting activations...


391/391 - 24s - loss: 2.3200 - accuracy: 0.1161 - val_loss: 2.2949 - val_accuracy: 0.1641
Epoch 2/350


Snapshot weight 9 shuffle 5 at epoch 2
Layer 11
Getting activations...


391/391 - 23s - loss: 2.2355 - accuracy: 0.1721 - val_loss: 2.2370 - val_accuracy: 0.1919
Epoch 3/350


Snapshot weight 9 shuffle 5 at epoch 3
Layer 11
Getting activations...


391/391 - 24s - loss: 2.1334 - accuracy: 0.2418 - val_loss: 2.0784 - val_accuracy: 0.3064
Epoch 4/350


Snapshot weight 9 shuffle 5 at epoch 4
Layer 11
Getting activations...


391/391 - 24s - loss: 1.9594 - accuracy: 0.3326 - val_loss: 1.8471 - val_accuracy: 0.3817
Epoch 5/350


Snapshot weight 9 shuffle 5 at epoch 5
Layer 11
Getting activations...


391/391 - 24s - loss: 1.8143 - accuracy: 0.3931 - val_loss: 1.7540 - val_accuracy: 0.4120
Epoch 6/350


Snapshot weight 9 shuffle 5 at epoch 6
Layer 11
Getting activations...


391/391 - 24s - loss: 1.6124 - accuracy: 0.4549 - val_loss: 1.5088 - val_accuracy: 0.4966
Epoch 7/350


Snapshot weight 9 shuffle 5 at epoch 7
Layer 11
Getting activations...


391/391 - 24s - loss: 1.3660 - accuracy: 0.5224 - val_loss: 1.3160 - val_accuracy: 0.5408
Epoch 8/350


Snapshot weight 9 shuffle 5 at epoch 8
Layer 11
Getting activations...


391/391 - 24s - loss: 1.2275 - accuracy: 0.5704 - val_loss: 1.1122 - val_accuracy: 0.6182
Epoch 9/350


Snapshot weight 9 shuffle 5 at epoch 9
Layer 11
Getting activations...


391/391 - 24s - loss: 1.1539 - accuracy: 0.5989 - val_loss: 1.0398 - val_accuracy: 0.6416
Epoch 10/350


Snapshot weight 9 shuffle 5 at epoch 10
Layer 11
Getting activations...


391/391 - 24s - loss: 1.0820 - accuracy: 0.6242 - val_loss: 1.1700 - val_accuracy: 0.6183
Epoch 11/350
391/391 - 24s - loss: 1.0329 - accuracy: 0.6432 - val_loss: 0.9153 - val_accuracy: 0.6818
Epoch 12/350
391/391 - 24s - loss: 0.9790 - accuracy: 0.6626 - val_loss: 0.9764 - val_accuracy: 0.6703
Epoch 13/350
391/391 - 24s - loss: 0.9384 - accuracy: 0.6763 - val_loss: 0.8830 - val_accuracy: 0.6995
Epoch 14/350
391/391 - 24s - loss: 0.8996 - accuracy: 0.6909 - val_loss: 0.8299 - val_accuracy: 0.7197
Epoch 15/350
391/391 - 24s - loss: 0.8651 - accuracy: 0.7051 - val_loss: 0.9417 - val_accuracy: 0.6865
Epoch 16/350
391/391 - 24s - loss: 0.8357 - accuracy: 0.7156 - val_loss: 0.8238 - val_accuracy: 0.7242
Epoch 17/350
391/391 - 24s - loss: 0.8042 - accuracy: 0.7304 - val_loss: 0.7678 - val_accuracy: 0.7453
Epoch 18/350
391/391 - 24s - loss: 0.7590 - accuracy: 0.7434 - val_loss: 0.7582 - val_accuracy: 0.7419
Epoch 19/350
391/391 - 24s - loss: 0.7400 - accuracy: 0.7527 - val_loss: 0.7293 - val_accuracy: 0.7609
Epoch 20/350
391/391 - 24s - loss: 0.7164 - accuracy: 0.7604 - val_loss: 0.6973 - val_accuracy: 0.7707
Epoch 21/350
391/391 - 24s - loss: 0.6974 - accuracy: 0.7677 - val_loss: 0.7406 - val_accuracy: 0.7640
Epoch 22/350
391/391 - 24s - loss: 0.6768 - accuracy: 0.7735 - val_loss: 0.7437 - val_accuracy: 0.7681
Epoch 23/350
391/391 - 24s - loss: 0.6604 - accuracy: 0.7815 - val_loss: 0.6847 - val_accuracy: 0.7840
Epoch 24/350
391/391 - 24s - loss: 0.6477 - accuracy: 0.7856 - val_loss: 0.6037 - val_accuracy: 0.8031
Epoch 25/350
391/391 - 24s - loss: 0.6291 - accuracy: 0.7918 - val_loss: 0.6205 - val_accuracy: 0.8074
Epoch 26/350
391/391 - 24s - loss: 0.6117 - accuracy: 0.7970 - val_loss: 0.6265 - val_accuracy: 0.7944
Epoch 27/350
391/391 - 24s - loss: 0.6023 - accuracy: 0.8009 - val_loss: 0.5847 - val_accuracy: 0.8125
Epoch 28/350
391/391 - 24s - loss: 0.5902 - accuracy: 0.8049 - val_loss: 0.5651 - val_accuracy: 0.8199
Epoch 29/350
391/391 - 24s - loss: 0.5728 - accuracy: 0.8107 - val_loss: 0.5743 - val_accuracy: 0.8129
Epoch 30/350
391/391 - 24s - loss: 0.5655 - accuracy: 0.8140 - val_loss: 0.5487 - val_accuracy: 0.8230
Epoch 31/350
391/391 - 24s - loss: 0.5556 - accuracy: 0.8172 - val_loss: 0.5404 - val_accuracy: 0.8272
Epoch 32/350
391/391 - 24s - loss: 0.5471 - accuracy: 0.8214 - val_loss: 0.5237 - val_accuracy: 0.8283
Epoch 33/350
391/391 - 24s - loss: 0.5368 - accuracy: 0.8239 - val_loss: 0.5290 - val_accuracy: 0.8324
Epoch 34/350
391/391 - 24s - loss: 0.5253 - accuracy: 0.8283 - val_loss: 0.5732 - val_accuracy: 0.8194
Epoch 35/350
391/391 - 24s - loss: 0.5150 - accuracy: 0.8308 - val_loss: 0.4916 - val_accuracy: 0.8395
Epoch 36/350
391/391 - 24s - loss: 0.5039 - accuracy: 0.8358 - val_loss: 0.4966 - val_accuracy: 0.8456
Epoch 37/350
391/391 - 24s - loss: 0.4986 - accuracy: 0.8377 - val_loss: 0.5395 - val_accuracy: 0.8295
Epoch 38/350
391/391 - 24s - loss: 0.4886 - accuracy: 0.8407 - val_loss: 0.4941 - val_accuracy: 0.8426
Epoch 39/350
391/391 - 24s - loss: 0.4812 - accuracy: 0.8435 - val_loss: 0.5374 - val_accuracy: 0.8278
Epoch 40/350
391/391 - 24s - loss: 0.4728 - accuracy: 0.8465 - val_loss: 0.5328 - val_accuracy: 0.8382
Epoch 41/350
391/391 - 24s - loss: 0.4692 - accuracy: 0.8471 - val_loss: 0.5042 - val_accuracy: 0.8454
Epoch 42/350
391/391 - 24s - loss: 0.4614 - accuracy: 0.8504 - val_loss: 0.4546 - val_accuracy: 0.8533
Epoch 43/350
391/391 - 24s - loss: 0.4489 - accuracy: 0.8547 - val_loss: 0.5176 - val_accuracy: 0.8416
Epoch 44/350
391/391 - 24s - loss: 0.4542 - accuracy: 0.8549 - val_loss: 0.5107 - val_accuracy: 0.8386
Epoch 45/350
391/391 - 24s - loss: 0.4473 - accuracy: 0.8558 - val_loss: 0.4796 - val_accuracy: 0.8503
Epoch 46/350
391/391 - 24s - loss: 0.4325 - accuracy: 0.8603 - val_loss: 0.4553 - val_accuracy: 0.8550
Epoch 47/350
391/391 - 24s - loss: 0.4289 - accuracy: 0.8621 - val_loss: 0.4889 - val_accuracy: 0.8509
Epoch 48/350
391/391 - 24s - loss: 0.4237 - accuracy: 0.8620 - val_loss: 0.4835 - val_accuracy: 0.8474
Epoch 49/350
391/391 - 24s - loss: 0.4243 - accuracy: 0.8628 - val_loss: 0.4857 - val_accuracy: 0.8510
Epoch 50/350


Snapshot weight 9 shuffle 5 at epoch 50
Layer 11
Getting activations...


391/391 - 24s - loss: 0.4188 - accuracy: 0.8654 - val_loss: 0.4691 - val_accuracy: 0.8570
Epoch 51/350
391/391 - 24s - loss: 0.4073 - accuracy: 0.8698 - val_loss: 0.4853 - val_accuracy: 0.8491
Epoch 52/350
391/391 - 24s - loss: 0.4095 - accuracy: 0.8684 - val_loss: 0.5086 - val_accuracy: 0.8492
Epoch 53/350
391/391 - 24s - loss: 0.3993 - accuracy: 0.8703 - val_loss: 0.4701 - val_accuracy: 0.8574
Epoch 54/350
391/391 - 24s - loss: 0.3944 - accuracy: 0.8727 - val_loss: 0.4399 - val_accuracy: 0.8617
Epoch 55/350
391/391 - 24s - loss: 0.3899 - accuracy: 0.8753 - val_loss: 0.4471 - val_accuracy: 0.8612
Epoch 56/350
391/391 - 24s - loss: 0.3826 - accuracy: 0.8776 - val_loss: 0.4731 - val_accuracy: 0.8554
Epoch 57/350
391/391 - 24s - loss: 0.3833 - accuracy: 0.8774 - val_loss: 0.4665 - val_accuracy: 0.8571
Epoch 58/350
391/391 - 24s - loss: 0.3793 - accuracy: 0.8798 - val_loss: 0.4720 - val_accuracy: 0.8542
Epoch 59/350
391/391 - 24s - loss: 0.3704 - accuracy: 0.8831 - val_loss: 0.4638 - val_accuracy: 0.8590
Epoch 60/350
391/391 - 24s - loss: 0.3673 - accuracy: 0.8834 - val_loss: 0.4742 - val_accuracy: 0.8574
Epoch 61/350
391/391 - 24s - loss: 0.3652 - accuracy: 0.8836 - val_loss: 0.4497 - val_accuracy: 0.8647
Epoch 62/350
391/391 - 24s - loss: 0.3629 - accuracy: 0.8855 - val_loss: 0.4706 - val_accuracy: 0.8595
Epoch 63/350
391/391 - 24s - loss: 0.3577 - accuracy: 0.8858 - val_loss: 0.4552 - val_accuracy: 0.8607
Epoch 64/350
391/391 - 23s - loss: 0.3523 - accuracy: 0.8874 - val_loss: 0.4446 - val_accuracy: 0.8620
Epoch 65/350
391/391 - 24s - loss: 0.3439 - accuracy: 0.8911 - val_loss: 0.4406 - val_accuracy: 0.8674
Epoch 66/350
391/391 - 24s - loss: 0.3501 - accuracy: 0.8869 - val_loss: 0.4275 - val_accuracy: 0.8693
Epoch 67/350
391/391 - 23s - loss: 0.3444 - accuracy: 0.8912 - val_loss: 0.4223 - val_accuracy: 0.8753
Epoch 68/350
391/391 - 24s - loss: 0.3392 - accuracy: 0.8936 - val_loss: 0.4369 - val_accuracy: 0.8721
Epoch 69/350
391/391 - 24s - loss: 0.3349 - accuracy: 0.8946 - val_loss: 0.4640 - val_accuracy: 0.8684
Epoch 70/350
391/391 - 24s - loss: 0.3319 - accuracy: 0.8956 - val_loss: 0.4659 - val_accuracy: 0.8660
Epoch 71/350
391/391 - 24s - loss: 0.3312 - accuracy: 0.8948 - val_loss: 0.4062 - val_accuracy: 0.8789
Epoch 72/350
391/391 - 24s - loss: 0.3257 - accuracy: 0.8977 - val_loss: 0.4466 - val_accuracy: 0.8703
Epoch 73/350
391/391 - 24s - loss: 0.3252 - accuracy: 0.8978 - val_loss: 0.4388 - val_accuracy: 0.8758
Epoch 74/350
391/391 - 24s - loss: 0.3282 - accuracy: 0.8971 - val_loss: 0.4193 - val_accuracy: 0.8818
Epoch 75/350
391/391 - 24s - loss: 0.3216 - accuracy: 0.8986 - val_loss: 0.4260 - val_accuracy: 0.8781
Epoch 76/350
391/391 - 24s - loss: 0.3231 - accuracy: 0.8989 - val_loss: 0.4011 - val_accuracy: 0.8755
Epoch 77/350
391/391 - 24s - loss: 0.3157 - accuracy: 0.9016 - val_loss: 0.4093 - val_accuracy: 0.8798
Epoch 78/350
391/391 - 24s - loss: 0.3143 - accuracy: 0.9004 - val_loss: 0.4231 - val_accuracy: 0.8780
Epoch 79/350
391/391 - 24s - loss: 0.3101 - accuracy: 0.9032 - val_loss: 0.4226 - val_accuracy: 0.8770
Epoch 80/350
391/391 - 24s - loss: 0.3062 - accuracy: 0.9050 - val_loss: 0.4072 - val_accuracy: 0.8820
Epoch 81/350
391/391 - 24s - loss: 0.3074 - accuracy: 0.9047 - val_loss: 0.4462 - val_accuracy: 0.8742
Epoch 82/350
391/391 - 24s - loss: 0.3011 - accuracy: 0.9066 - val_loss: 0.4327 - val_accuracy: 0.8712
Epoch 83/350
391/391 - 24s - loss: 0.2987 - accuracy: 0.9074 - val_loss: 0.4345 - val_accuracy: 0.8794
Epoch 84/350
391/391 - 24s - loss: 0.3038 - accuracy: 0.9066 - val_loss: 0.4175 - val_accuracy: 0.8784
Epoch 85/350
391/391 - 24s - loss: 0.2915 - accuracy: 0.9111 - val_loss: 0.4120 - val_accuracy: 0.8777
Epoch 86/350
391/391 - 23s - loss: 0.2926 - accuracy: 0.9096 - val_loss: 0.4422 - val_accuracy: 0.8796
Epoch 87/350
391/391 - 24s - loss: 0.2865 - accuracy: 0.9118 - val_loss: 0.4102 - val_accuracy: 0.8845
Epoch 88/350
391/391 - 24s - loss: 0.2845 - accuracy: 0.9109 - val_loss: 0.4154 - val_accuracy: 0.8829
Epoch 89/350
391/391 - 24s - loss: 0.2842 - accuracy: 0.9119 - val_loss: 0.4163 - val_accuracy: 0.8802
Epoch 90/350
391/391 - 24s - loss: 0.2836 - accuracy: 0.9134 - val_loss: 0.4141 - val_accuracy: 0.8838
Epoch 91/350
391/391 - 24s - loss: 0.2812 - accuracy: 0.9138 - val_loss: 0.4218 - val_accuracy: 0.8784
Epoch 92/350
391/391 - 24s - loss: 0.2774 - accuracy: 0.9132 - val_loss: 0.4172 - val_accuracy: 0.8824
Epoch 93/350
391/391 - 24s - loss: 0.2768 - accuracy: 0.9151 - val_loss: 0.4270 - val_accuracy: 0.8828
Epoch 94/350
391/391 - 24s - loss: 0.2777 - accuracy: 0.9152 - val_loss: 0.4139 - val_accuracy: 0.8816
Epoch 95/350
391/391 - 24s - loss: 0.2700 - accuracy: 0.9174 - val_loss: 0.4239 - val_accuracy: 0.8872
Epoch 96/350
391/391 - 24s - loss: 0.2665 - accuracy: 0.9194 - val_loss: 0.4305 - val_accuracy: 0.8827
Epoch 97/350
391/391 - 24s - loss: 0.2728 - accuracy: 0.9172 - val_loss: 0.4065 - val_accuracy: 0.8857
Epoch 98/350
391/391 - 24s - loss: 0.2679 - accuracy: 0.9179 - val_loss: 0.3919 - val_accuracy: 0.8887
Epoch 99/350
391/391 - 24s - loss: 0.2618 - accuracy: 0.9209 - val_loss: 0.4085 - val_accuracy: 0.8860
Epoch 100/350


Snapshot weight 9 shuffle 5 at epoch 100
Layer 11
Getting activations...


391/391 - 24s - loss: 0.2660 - accuracy: 0.9193 - val_loss: 0.4096 - val_accuracy: 0.8882
Epoch 101/350
391/391 - 24s - loss: 0.2628 - accuracy: 0.9205 - val_loss: 0.4145 - val_accuracy: 0.8874
Epoch 102/350
391/391 - 24s - loss: 0.2568 - accuracy: 0.9215 - val_loss: 0.4154 - val_accuracy: 0.8911
Epoch 103/350
391/391 - 24s - loss: 0.2607 - accuracy: 0.9208 - val_loss: 0.4235 - val_accuracy: 0.8833
Epoch 104/350
391/391 - 24s - loss: 0.2568 - accuracy: 0.9220 - val_loss: 0.4663 - val_accuracy: 0.8760
Epoch 105/350
391/391 - 24s - loss: 0.2589 - accuracy: 0.9222 - val_loss: 0.4550 - val_accuracy: 0.8801
Epoch 106/350
391/391 - 24s - loss: 0.2573 - accuracy: 0.9234 - val_loss: 0.4240 - val_accuracy: 0.8857
Epoch 107/350
391/391 - 24s - loss: 0.2512 - accuracy: 0.9240 - val_loss: 0.3898 - val_accuracy: 0.8887
Epoch 108/350
391/391 - 24s - loss: 0.2518 - accuracy: 0.9243 - val_loss: 0.4678 - val_accuracy: 0.8790
Epoch 109/350
391/391 - 24s - loss: 0.2455 - accuracy: 0.9250 - val_loss: 0.4186 - val_accuracy: 0.8896
Epoch 110/350
391/391 - 24s - loss: 0.2469 - accuracy: 0.9264 - val_loss: 0.4292 - val_accuracy: 0.8820
Epoch 111/350
391/391 - 24s - loss: 0.2442 - accuracy: 0.9269 - val_loss: 0.4085 - val_accuracy: 0.8920
Epoch 112/350
391/391 - 24s - loss: 0.2449 - accuracy: 0.9280 - val_loss: 0.4040 - val_accuracy: 0.8916
Epoch 113/350
391/391 - 24s - loss: 0.2397 - accuracy: 0.9286 - val_loss: 0.4173 - val_accuracy: 0.8941
Epoch 114/350
391/391 - 24s - loss: 0.2382 - accuracy: 0.9285 - val_loss: 0.4411 - val_accuracy: 0.8825
Epoch 115/350
391/391 - 24s - loss: 0.2437 - accuracy: 0.9272 - val_loss: 0.4239 - val_accuracy: 0.8890
Epoch 116/350
391/391 - 24s - loss: 0.2370 - accuracy: 0.9304 - val_loss: 0.4262 - val_accuracy: 0.8884
Epoch 117/350
391/391 - 24s - loss: 0.2364 - accuracy: 0.9300 - val_loss: 0.4169 - val_accuracy: 0.8892
Epoch 118/350
391/391 - 24s - loss: 0.2322 - accuracy: 0.9311 - val_loss: 0.4136 - val_accuracy: 0.8923
Epoch 119/350
391/391 - 24s - loss: 0.2358 - accuracy: 0.9296 - val_loss: 0.4337 - val_accuracy: 0.8850
Epoch 120/350
391/391 - 24s - loss: 0.2351 - accuracy: 0.9304 - val_loss: 0.4205 - val_accuracy: 0.8941
Epoch 121/350
391/391 - 24s - loss: 0.2337 - accuracy: 0.9311 - val_loss: 0.4094 - val_accuracy: 0.8918
Epoch 122/350
391/391 - 24s - loss: 0.2311 - accuracy: 0.9314 - val_loss: 0.4156 - val_accuracy: 0.8929
Epoch 123/350
391/391 - 24s - loss: 0.2249 - accuracy: 0.9341 - val_loss: 0.4110 - val_accuracy: 0.8949
Epoch 124/350
391/391 - 24s - loss: 0.2230 - accuracy: 0.9358 - val_loss: 0.4051 - val_accuracy: 0.8943
Epoch 125/350
391/391 - 24s - loss: 0.2286 - accuracy: 0.9340 - val_loss: 0.4306 - val_accuracy: 0.8896
Epoch 126/350
391/391 - 24s - loss: 0.2240 - accuracy: 0.9354 - val_loss: 0.4067 - val_accuracy: 0.8922
Epoch 127/350
391/391 - 24s - loss: 0.2238 - accuracy: 0.9348 - val_loss: 0.3988 - val_accuracy: 0.8945
Epoch 128/350
391/391 - 24s - loss: 0.2248 - accuracy: 0.9334 - val_loss: 0.4291 - val_accuracy: 0.8873
Epoch 129/350
391/391 - 24s - loss: 0.2165 - accuracy: 0.9359 - val_loss: 0.4379 - val_accuracy: 0.8934
Epoch 130/350
391/391 - 24s - loss: 0.2250 - accuracy: 0.9356 - val_loss: 0.4207 - val_accuracy: 0.8907
Epoch 131/350
391/391 - 24s - loss: 0.2159 - accuracy: 0.9383 - val_loss: 0.4281 - val_accuracy: 0.8914
Epoch 132/350
391/391 - 24s - loss: 0.2216 - accuracy: 0.9349 - val_loss: 0.4313 - val_accuracy: 0.8933
Epoch 133/350
391/391 - 24s - loss: 0.2139 - accuracy: 0.9388 - val_loss: 0.4010 - val_accuracy: 0.8930
Epoch 134/350
391/391 - 24s - loss: 0.2145 - accuracy: 0.9377 - val_loss: 0.4209 - val_accuracy: 0.8898
Epoch 135/350
391/391 - 24s - loss: 0.2147 - accuracy: 0.9379 - val_loss: 0.4443 - val_accuracy: 0.8928
Epoch 136/350
391/391 - 24s - loss: 0.2164 - accuracy: 0.9376 - val_loss: 0.4534 - val_accuracy: 0.8914
Epoch 137/350
391/391 - 24s - loss: 0.2146 - accuracy: 0.9389 - val_loss: 0.4539 - val_accuracy: 0.8903
Epoch 138/350
391/391 - 24s - loss: 0.2069 - accuracy: 0.9412 - val_loss: 0.4393 - val_accuracy: 0.8877
Epoch 139/350
391/391 - 24s - loss: 0.2171 - accuracy: 0.9373 - val_loss: 0.4241 - val_accuracy: 0.8971
Epoch 140/350
391/391 - 24s - loss: 0.2118 - accuracy: 0.9393 - val_loss: 0.4313 - val_accuracy: 0.8934
Epoch 141/350
391/391 - 24s - loss: 0.2100 - accuracy: 0.9401 - val_loss: 0.4701 - val_accuracy: 0.8899
Epoch 142/350
391/391 - 24s - loss: 0.2079 - accuracy: 0.9416 - val_loss: 0.4638 - val_accuracy: 0.8901
Epoch 143/350
391/391 - 24s - loss: 0.2056 - accuracy: 0.9423 - val_loss: 0.4289 - val_accuracy: 0.8956
Epoch 144/350
391/391 - 24s - loss: 0.2041 - accuracy: 0.9411 - val_loss: 0.4424 - val_accuracy: 0.8935
Epoch 145/350
391/391 - 24s - loss: 0.2048 - accuracy: 0.9424 - val_loss: 0.4330 - val_accuracy: 0.8933
Epoch 146/350
391/391 - 24s - loss: 0.2037 - accuracy: 0.9417 - val_loss: 0.4500 - val_accuracy: 0.8901
Epoch 147/350
391/391 - 24s - loss: 0.2020 - accuracy: 0.9434 - val_loss: 0.4208 - val_accuracy: 0.8966
Epoch 148/350
391/391 - 24s - loss: 0.2008 - accuracy: 0.9436 - val_loss: 0.4478 - val_accuracy: 0.8940
Epoch 149/350
391/391 - 24s - loss: 0.1981 - accuracy: 0.9456 - val_loss: 0.4347 - val_accuracy: 0.8955
Epoch 150/350


Snapshot weight 9 shuffle 5 at epoch 150
Layer 11
Getting activations...


391/391 - 24s - loss: 0.2031 - accuracy: 0.9427 - val_loss: 0.4130 - val_accuracy: 0.8983
Epoch 151/350
391/391 - 24s - loss: 0.2019 - accuracy: 0.9440 - val_loss: 0.4609 - val_accuracy: 0.8917
Epoch 152/350
391/391 - 24s - loss: 0.1986 - accuracy: 0.9443 - val_loss: 0.4383 - val_accuracy: 0.8893
Epoch 153/350
391/391 - 24s - loss: 0.1974 - accuracy: 0.9446 - val_loss: 0.4290 - val_accuracy: 0.8948
Epoch 154/350
391/391 - 24s - loss: 0.1981 - accuracy: 0.9439 - val_loss: 0.4243 - val_accuracy: 0.8962
Epoch 155/350
391/391 - 24s - loss: 0.1986 - accuracy: 0.9450 - val_loss: 0.4316 - val_accuracy: 0.8953
Epoch 156/350
391/391 - 24s - loss: 0.1966 - accuracy: 0.9459 - val_loss: 0.4244 - val_accuracy: 0.8983
Epoch 157/350
391/391 - 24s - loss: 0.1983 - accuracy: 0.9451 - val_loss: 0.4504 - val_accuracy: 0.8960
Epoch 158/350
391/391 - 24s - loss: 0.1937 - accuracy: 0.9460 - val_loss: 0.4370 - val_accuracy: 0.8890
Epoch 159/350
391/391 - 24s - loss: 0.1963 - accuracy: 0.9443 - val_loss: 0.4582 - val_accuracy: 0.8958
Epoch 160/350
391/391 - 23s - loss: 0.1866 - accuracy: 0.9476 - val_loss: 0.4367 - val_accuracy: 0.8973
Epoch 161/350
391/391 - 24s - loss: 0.1887 - accuracy: 0.9493 - val_loss: 0.4298 - val_accuracy: 0.8995
Epoch 162/350
391/391 - 24s - loss: 0.1935 - accuracy: 0.9471 - val_loss: 0.4286 - val_accuracy: 0.8960
Epoch 163/350
391/391 - 24s - loss: 0.1933 - accuracy: 0.9460 - val_loss: 0.4529 - val_accuracy: 0.8945
Epoch 164/350
391/391 - 24s - loss: 0.1906 - accuracy: 0.9476 - val_loss: 0.4398 - val_accuracy: 0.8972
Epoch 165/350
391/391 - 24s - loss: 0.1900 - accuracy: 0.9478 - val_loss: 0.4716 - val_accuracy: 0.8838
Epoch 166/350
391/391 - 24s - loss: 0.1886 - accuracy: 0.9483 - val_loss: 0.4555 - val_accuracy: 0.8965
Epoch 167/350
391/391 - 24s - loss: 0.1875 - accuracy: 0.9482 - val_loss: 0.4303 - val_accuracy: 0.8995
Epoch 168/350
391/391 - 24s - loss: 0.1881 - accuracy: 0.9488 - val_loss: 0.4620 - val_accuracy: 0.8901
Epoch 169/350
391/391 - 24s - loss: 0.1856 - accuracy: 0.9493 - val_loss: 0.4162 - val_accuracy: 0.8975
Epoch 170/350
391/391 - 24s - loss: 0.1859 - accuracy: 0.9500 - val_loss: 0.4172 - val_accuracy: 0.9000
Epoch 171/350
391/391 - 24s - loss: 0.1828 - accuracy: 0.9509 - val_loss: 0.4459 - val_accuracy: 0.8975
Epoch 172/350
391/391 - 24s - loss: 0.1829 - accuracy: 0.9507 - val_loss: 0.4486 - val_accuracy: 0.8888
Epoch 173/350
391/391 - 24s - loss: 0.1811 - accuracy: 0.9515 - val_loss: 0.4530 - val_accuracy: 0.8985
Epoch 174/350
391/391 - 24s - loss: 0.1852 - accuracy: 0.9491 - val_loss: 0.4386 - val_accuracy: 0.8970
Epoch 175/350
391/391 - 24s - loss: 0.1803 - accuracy: 0.9521 - val_loss: 0.4578 - val_accuracy: 0.8934
Epoch 176/350
391/391 - 24s - loss: 0.1768 - accuracy: 0.9526 - val_loss: 0.4665 - val_accuracy: 0.8974
Epoch 177/350
391/391 - 24s - loss: 0.1758 - accuracy: 0.9531 - val_loss: 0.4494 - val_accuracy: 0.8982
Epoch 178/350
391/391 - 24s - loss: 0.1772 - accuracy: 0.9530 - val_loss: 0.4500 - val_accuracy: 0.8977
Epoch 179/350
391/391 - 24s - loss: 0.1764 - accuracy: 0.9532 - val_loss: 0.4415 - val_accuracy: 0.8973
Epoch 180/350
391/391 - 24s - loss: 0.1792 - accuracy: 0.9518 - val_loss: 0.4589 - val_accuracy: 0.8931
Epoch 181/350
391/391 - 24s - loss: 0.1803 - accuracy: 0.9526 - val_loss: 0.4467 - val_accuracy: 0.8965
Epoch 182/350
391/391 - 24s - loss: 0.1774 - accuracy: 0.9535 - val_loss: 0.4377 - val_accuracy: 0.8985
Epoch 183/350
391/391 - 24s - loss: 0.1720 - accuracy: 0.9558 - val_loss: 0.4567 - val_accuracy: 0.8983
Epoch 184/350
391/391 - 24s - loss: 0.1754 - accuracy: 0.9537 - val_loss: 0.4381 - val_accuracy: 0.8970
Epoch 185/350
391/391 - 24s - loss: 0.1722 - accuracy: 0.9548 - val_loss: 0.4966 - val_accuracy: 0.8965
Epoch 186/350
391/391 - 24s - loss: 0.1781 - accuracy: 0.9536 - val_loss: 0.4564 - val_accuracy: 0.8959
Epoch 187/350
391/391 - 24s - loss: 0.1735 - accuracy: 0.9554 - val_loss: 0.4577 - val_accuracy: 0.8972
Epoch 188/350
391/391 - 24s - loss: 0.1750 - accuracy: 0.9537 - val_loss: 0.4935 - val_accuracy: 0.8941
Epoch 189/350
391/391 - 24s - loss: 0.1765 - accuracy: 0.9539 - val_loss: 0.4541 - val_accuracy: 0.8969
Epoch 190/350
391/391 - 24s - loss: 0.1774 - accuracy: 0.9541 - val_loss: 0.4416 - val_accuracy: 0.8970
Epoch 191/350
391/391 - 24s - loss: 0.1754 - accuracy: 0.9542 - val_loss: 0.4524 - val_accuracy: 0.8987
Epoch 192/350
391/391 - 24s - loss: 0.1707 - accuracy: 0.9557 - val_loss: 0.4744 - val_accuracy: 0.8953
Epoch 193/350
391/391 - 24s - loss: 0.1724 - accuracy: 0.9545 - val_loss: 0.4481 - val_accuracy: 0.8965
Epoch 194/350
391/391 - 24s - loss: 0.1737 - accuracy: 0.9547 - val_loss: 0.4887 - val_accuracy: 0.8957
Epoch 195/350
391/391 - 24s - loss: 0.1648 - accuracy: 0.9583 - val_loss: 0.4857 - val_accuracy: 0.8938
Epoch 196/350
391/391 - 24s - loss: 0.1688 - accuracy: 0.9577 - val_loss: 0.4327 - val_accuracy: 0.8989
Epoch 197/350
391/391 - 24s - loss: 0.1656 - accuracy: 0.9573 - val_loss: 0.4354 - val_accuracy: 0.9002
Epoch 198/350
391/391 - 24s - loss: 0.1713 - accuracy: 0.9560 - val_loss: 0.4348 - val_accuracy: 0.8989
Epoch 199/350
391/391 - 24s - loss: 0.1679 - accuracy: 0.9570 - val_loss: 0.4181 - val_accuracy: 0.9016
Epoch 200/350


Snapshot weight 9 shuffle 5 at epoch 200
Layer 11
Getting activations...


391/391 - 24s - loss: 0.1628 - accuracy: 0.9582 - val_loss: 0.4629 - val_accuracy: 0.8944
Epoch 201/350
391/391 - 24s - loss: 0.1410 - accuracy: 0.9663 - val_loss: 0.4267 - val_accuracy: 0.9050
Epoch 202/350
391/391 - 24s - loss: 0.1279 - accuracy: 0.9708 - val_loss: 0.4298 - val_accuracy: 0.9073
Epoch 203/350
391/391 - 24s - loss: 0.1237 - accuracy: 0.9732 - val_loss: 0.4331 - val_accuracy: 0.9074
Epoch 204/350
391/391 - 24s - loss: 0.1250 - accuracy: 0.9718 - val_loss: 0.4334 - val_accuracy: 0.9076
Epoch 205/350
391/391 - 24s - loss: 0.1233 - accuracy: 0.9719 - val_loss: 0.4343 - val_accuracy: 0.9100
Epoch 206/350
391/391 - 24s - loss: 0.1210 - accuracy: 0.9731 - val_loss: 0.4438 - val_accuracy: 0.9092
Epoch 207/350
391/391 - 24s - loss: 0.1188 - accuracy: 0.9741 - val_loss: 0.4438 - val_accuracy: 0.9078
Epoch 208/350
391/391 - 24s - loss: 0.1203 - accuracy: 0.9739 - val_loss: 0.4463 - val_accuracy: 0.9106
Epoch 209/350
391/391 - 24s - loss: 0.1193 - accuracy: 0.9738 - val_loss: 0.4426 - val_accuracy: 0.9085
Epoch 210/350
391/391 - 24s - loss: 0.1185 - accuracy: 0.9743 - val_loss: 0.4502 - val_accuracy: 0.9055
Epoch 211/350
391/391 - 24s - loss: 0.1148 - accuracy: 0.9752 - val_loss: 0.4542 - val_accuracy: 0.9089
Epoch 212/350
391/391 - 24s - loss: 0.1165 - accuracy: 0.9753 - val_loss: 0.4607 - val_accuracy: 0.9096
Epoch 213/350
391/391 - 24s - loss: 0.1179 - accuracy: 0.9740 - val_loss: 0.4558 - val_accuracy: 0.9092
Epoch 214/350
391/391 - 24s - loss: 0.1155 - accuracy: 0.9750 - val_loss: 0.4481 - val_accuracy: 0.9089
Epoch 215/350
391/391 - 24s - loss: 0.1147 - accuracy: 0.9751 - val_loss: 0.4549 - val_accuracy: 0.9096
Epoch 216/350
391/391 - 24s - loss: 0.1160 - accuracy: 0.9753 - val_loss: 0.4528 - val_accuracy: 0.9082
Epoch 217/350
391/391 - 24s - loss: 0.1143 - accuracy: 0.9756 - val_loss: 0.4495 - val_accuracy: 0.9108
Epoch 218/350
391/391 - 24s - loss: 0.1101 - accuracy: 0.9780 - val_loss: 0.4572 - val_accuracy: 0.9090
Epoch 219/350
391/391 - 24s - loss: 0.1143 - accuracy: 0.9760 - val_loss: 0.4554 - val_accuracy: 0.9104
Epoch 220/350
391/391 - 24s - loss: 0.1148 - accuracy: 0.9755 - val_loss: 0.4477 - val_accuracy: 0.9094
Epoch 221/350
391/391 - 24s - loss: 0.1123 - accuracy: 0.9759 - val_loss: 0.4598 - val_accuracy: 0.9098
Epoch 222/350
391/391 - 24s - loss: 0.1127 - accuracy: 0.9769 - val_loss: 0.4583 - val_accuracy: 0.9087
Epoch 223/350
391/391 - 24s - loss: 0.1117 - accuracy: 0.9764 - val_loss: 0.4598 - val_accuracy: 0.9105
Epoch 224/350
391/391 - 24s - loss: 0.1129 - accuracy: 0.9756 - val_loss: 0.4574 - val_accuracy: 0.9111
Epoch 225/350
391/391 - 24s - loss: 0.1094 - accuracy: 0.9772 - val_loss: 0.4629 - val_accuracy: 0.9101
Epoch 226/350
391/391 - 24s - loss: 0.1106 - accuracy: 0.9771 - val_loss: 0.4653 - val_accuracy: 0.9100
Epoch 227/350
391/391 - 24s - loss: 0.1120 - accuracy: 0.9769 - val_loss: 0.4580 - val_accuracy: 0.9115
Epoch 228/350
391/391 - 24s - loss: 0.1067 - accuracy: 0.9779 - val_loss: 0.4673 - val_accuracy: 0.9095
Epoch 229/350
391/391 - 24s - loss: 0.1109 - accuracy: 0.9772 - val_loss: 0.4614 - val_accuracy: 0.9092
Epoch 230/350
391/391 - 24s - loss: 0.1101 - accuracy: 0.9774 - val_loss: 0.4702 - val_accuracy: 0.9103
Epoch 231/350
391/391 - 24s - loss: 0.1089 - accuracy: 0.9771 - val_loss: 0.4647 - val_accuracy: 0.9103
Epoch 232/350
391/391 - 24s - loss: 0.1102 - accuracy: 0.9767 - val_loss: 0.4731 - val_accuracy: 0.9087
Epoch 233/350
391/391 - 24s - loss: 0.1081 - accuracy: 0.9777 - val_loss: 0.4649 - val_accuracy: 0.9107
Epoch 234/350
391/391 - 24s - loss: 0.1093 - accuracy: 0.9781 - val_loss: 0.4662 - val_accuracy: 0.9081
Epoch 235/350
391/391 - 24s - loss: 0.1107 - accuracy: 0.9770 - val_loss: 0.4682 - val_accuracy: 0.9112
Epoch 236/350
391/391 - 24s - loss: 0.1063 - accuracy: 0.9785 - val_loss: 0.4725 - val_accuracy: 0.9107
Epoch 237/350
391/391 - 24s - loss: 0.1083 - accuracy: 0.9773 - val_loss: 0.4656 - val_accuracy: 0.9095
Epoch 238/350
391/391 - 24s - loss: 0.1076 - accuracy: 0.9779 - val_loss: 0.4749 - val_accuracy: 0.9113
Epoch 239/350
391/391 - 24s - loss: 0.1056 - accuracy: 0.9786 - val_loss: 0.4741 - val_accuracy: 0.9093
Epoch 240/350
391/391 - 24s - loss: 0.1054 - accuracy: 0.9787 - val_loss: 0.4812 - val_accuracy: 0.9095
Epoch 241/350
391/391 - 24s - loss: 0.1057 - accuracy: 0.9784 - val_loss: 0.4844 - val_accuracy: 0.9095
Epoch 242/350
391/391 - 24s - loss: 0.1078 - accuracy: 0.9779 - val_loss: 0.4751 - val_accuracy: 0.9102
Epoch 243/350
391/391 - 24s - loss: 0.1069 - accuracy: 0.9786 - val_loss: 0.4853 - val_accuracy: 0.9097
Epoch 244/350
391/391 - 24s - loss: 0.1050 - accuracy: 0.9790 - val_loss: 0.4819 - val_accuracy: 0.9087
Epoch 245/350
391/391 - 24s - loss: 0.1055 - accuracy: 0.9787 - val_loss: 0.4749 - val_accuracy: 0.9106
Epoch 246/350
391/391 - 24s - loss: 0.1071 - accuracy: 0.9785 - val_loss: 0.4725 - val_accuracy: 0.9089
Epoch 247/350
391/391 - 24s - loss: 0.1070 - accuracy: 0.9780 - val_loss: 0.4754 - val_accuracy: 0.9096
Epoch 248/350
391/391 - 24s - loss: 0.1060 - accuracy: 0.9786 - val_loss: 0.4666 - val_accuracy: 0.9094
Epoch 249/350
391/391 - 24s - loss: 0.1043 - accuracy: 0.9789 - val_loss: 0.4778 - val_accuracy: 0.9100
Epoch 250/350


Snapshot weight 9 shuffle 5 at epoch 250
Layer 11
Getting activations...


391/391 - 24s - loss: 0.1061 - accuracy: 0.9782 - val_loss: 0.4771 - val_accuracy: 0.9108
Epoch 251/350
391/391 - 24s - loss: 0.1029 - accuracy: 0.9794 - val_loss: 0.4736 - val_accuracy: 0.9110
Epoch 252/350
391/391 - 24s - loss: 0.1044 - accuracy: 0.9795 - val_loss: 0.4744 - val_accuracy: 0.9105
Epoch 253/350
391/391 - 24s - loss: 0.1031 - accuracy: 0.9799 - val_loss: 0.4749 - val_accuracy: 0.9115
Epoch 254/350
391/391 - 24s - loss: 0.1033 - accuracy: 0.9795 - val_loss: 0.4756 - val_accuracy: 0.9108
Epoch 255/350
391/391 - 24s - loss: 0.1015 - accuracy: 0.9802 - val_loss: 0.4754 - val_accuracy: 0.9106
Epoch 256/350
391/391 - 24s - loss: 0.1026 - accuracy: 0.9800 - val_loss: 0.4742 - val_accuracy: 0.9110
Epoch 257/350
391/391 - 24s - loss: 0.1015 - accuracy: 0.9797 - val_loss: 0.4759 - val_accuracy: 0.9108
Epoch 258/350
391/391 - 24s - loss: 0.1035 - accuracy: 0.9797 - val_loss: 0.4738 - val_accuracy: 0.9116
Epoch 259/350
391/391 - 24s - loss: 0.1032 - accuracy: 0.9799 - val_loss: 0.4738 - val_accuracy: 0.9112
Epoch 260/350
391/391 - 24s - loss: 0.1024 - accuracy: 0.9805 - val_loss: 0.4755 - val_accuracy: 0.9111
Epoch 261/350
391/391 - 24s - loss: 0.1024 - accuracy: 0.9803 - val_loss: 0.4725 - val_accuracy: 0.9119
Epoch 262/350
391/391 - 24s - loss: 0.1030 - accuracy: 0.9797 - val_loss: 0.4748 - val_accuracy: 0.9112
Epoch 263/350
391/391 - 24s - loss: 0.1048 - accuracy: 0.9784 - val_loss: 0.4746 - val_accuracy: 0.9116
Epoch 264/350
391/391 - 24s - loss: 0.1021 - accuracy: 0.9803 - val_loss: 0.4764 - val_accuracy: 0.9115
Epoch 265/350
391/391 - 24s - loss: 0.1019 - accuracy: 0.9801 - val_loss: 0.4767 - val_accuracy: 0.9118
Epoch 266/350
391/391 - 24s - loss: 0.1027 - accuracy: 0.9802 - val_loss: 0.4769 - val_accuracy: 0.9110
Epoch 267/350
391/391 - 24s - loss: 0.1023 - accuracy: 0.9801 - val_loss: 0.4775 - val_accuracy: 0.9118
Epoch 268/350
391/391 - 24s - loss: 0.1020 - accuracy: 0.9802 - val_loss: 0.4796 - val_accuracy: 0.9118
Epoch 269/350
391/391 - 24s - loss: 0.0993 - accuracy: 0.9805 - val_loss: 0.4781 - val_accuracy: 0.9117
Epoch 270/350
391/391 - 24s - loss: 0.1004 - accuracy: 0.9800 - val_loss: 0.4795 - val_accuracy: 0.9117
Epoch 271/350
391/391 - 24s - loss: 0.1013 - accuracy: 0.9805 - val_loss: 0.4811 - val_accuracy: 0.9115
Epoch 272/350
391/391 - 24s - loss: 0.1022 - accuracy: 0.9801 - val_loss: 0.4803 - val_accuracy: 0.9121
Epoch 273/350
391/391 - 24s - loss: 0.1034 - accuracy: 0.9788 - val_loss: 0.4800 - val_accuracy: 0.9117
Epoch 274/350
391/391 - 24s - loss: 0.1015 - accuracy: 0.9801 - val_loss: 0.4795 - val_accuracy: 0.9117
Epoch 275/350
391/391 - 24s - loss: 0.1014 - accuracy: 0.9801 - val_loss: 0.4765 - val_accuracy: 0.9114
Epoch 276/350
391/391 - 24s - loss: 0.1014 - accuracy: 0.9804 - val_loss: 0.4803 - val_accuracy: 0.9109
Epoch 277/350
391/391 - 24s - loss: 0.1006 - accuracy: 0.9804 - val_loss: 0.4791 - val_accuracy: 0.9120
Epoch 278/350
391/391 - 24s - loss: 0.1027 - accuracy: 0.9793 - val_loss: 0.4806 - val_accuracy: 0.9115
Epoch 279/350
391/391 - 24s - loss: 0.1016 - accuracy: 0.9805 - val_loss: 0.4795 - val_accuracy: 0.9115
Epoch 280/350
391/391 - 24s - loss: 0.1034 - accuracy: 0.9798 - val_loss: 0.4780 - val_accuracy: 0.9115
Epoch 281/350
391/391 - 24s - loss: 0.1011 - accuracy: 0.9808 - val_loss: 0.4816 - val_accuracy: 0.9112
Epoch 282/350
391/391 - 24s - loss: 0.1034 - accuracy: 0.9791 - val_loss: 0.4797 - val_accuracy: 0.9111
Epoch 283/350
391/391 - 24s - loss: 0.1003 - accuracy: 0.9801 - val_loss: 0.4801 - val_accuracy: 0.9113
Epoch 284/350
391/391 - 24s - loss: 0.1022 - accuracy: 0.9797 - val_loss: 0.4777 - val_accuracy: 0.9112
Epoch 285/350
391/391 - 24s - loss: 0.1024 - accuracy: 0.9798 - val_loss: 0.4746 - val_accuracy: 0.9121
Epoch 286/350
391/391 - 24s - loss: 0.1025 - accuracy: 0.9796 - val_loss: 0.4775 - val_accuracy: 0.9115
Epoch 287/350
391/391 - 24s - loss: 0.1037 - accuracy: 0.9798 - val_loss: 0.4757 - val_accuracy: 0.9113
Epoch 288/350
391/391 - 24s - loss: 0.1014 - accuracy: 0.9803 - val_loss: 0.4763 - val_accuracy: 0.9111
Epoch 289/350
391/391 - 24s - loss: 0.1036 - accuracy: 0.9795 - val_loss: 0.4779 - val_accuracy: 0.9113
Epoch 290/350
391/391 - 24s - loss: 0.0999 - accuracy: 0.9811 - val_loss: 0.4789 - val_accuracy: 0.9111
Epoch 291/350
391/391 - 24s - loss: 0.1004 - accuracy: 0.9798 - val_loss: 0.4771 - val_accuracy: 0.9109
Epoch 292/350
391/391 - 24s - loss: 0.1018 - accuracy: 0.9800 - val_loss: 0.4763 - val_accuracy: 0.9115
Epoch 293/350
391/391 - 24s - loss: 0.0993 - accuracy: 0.9814 - val_loss: 0.4789 - val_accuracy: 0.9110
Epoch 294/350
391/391 - 24s - loss: 0.1004 - accuracy: 0.9802 - val_loss: 0.4813 - val_accuracy: 0.9112
Epoch 295/350
391/391 - 24s - loss: 0.1000 - accuracy: 0.9804 - val_loss: 0.4806 - val_accuracy: 0.9106
Epoch 296/350
391/391 - 24s - loss: 0.0998 - accuracy: 0.9808 - val_loss: 0.4781 - val_accuracy: 0.9107
Epoch 297/350
391/391 - 24s - loss: 0.1017 - accuracy: 0.9799 - val_loss: 0.4798 - val_accuracy: 0.9106
Epoch 298/350
391/391 - 24s - loss: 0.0993 - accuracy: 0.9814 - val_loss: 0.4779 - val_accuracy: 0.9109
Epoch 299/350
391/391 - 24s - loss: 0.1001 - accuracy: 0.9807 - val_loss: 0.4771 - val_accuracy: 0.9111
Epoch 300/350


Snapshot weight 9 shuffle 5 at epoch 300
Layer 11
Getting activations...


391/391 - 24s - loss: 0.1017 - accuracy: 0.9797 - val_loss: 0.4793 - val_accuracy: 0.9109
Epoch 301/350
391/391 - 24s - loss: 0.0985 - accuracy: 0.9807 - val_loss: 0.4794 - val_accuracy: 0.9108
Epoch 302/350
391/391 - 24s - loss: 0.1005 - accuracy: 0.9805 - val_loss: 0.4794 - val_accuracy: 0.9111
Epoch 303/350
391/391 - 24s - loss: 0.0989 - accuracy: 0.9806 - val_loss: 0.4793 - val_accuracy: 0.9112
Epoch 304/350
391/391 - 23s - loss: 0.1009 - accuracy: 0.9806 - val_loss: 0.4790 - val_accuracy: 0.9112
Epoch 305/350
391/391 - 24s - loss: 0.1028 - accuracy: 0.9791 - val_loss: 0.4791 - val_accuracy: 0.9111
Epoch 306/350
391/391 - 24s - loss: 0.0994 - accuracy: 0.9808 - val_loss: 0.4791 - val_accuracy: 0.9110
Epoch 307/350
391/391 - 24s - loss: 0.1033 - accuracy: 0.9793 - val_loss: 0.4793 - val_accuracy: 0.9111
Epoch 308/350
391/391 - 24s - loss: 0.1010 - accuracy: 0.9805 - val_loss: 0.4794 - val_accuracy: 0.9111
Epoch 309/350
391/391 - 24s - loss: 0.1007 - accuracy: 0.9809 - val_loss: 0.4796 - val_accuracy: 0.9109
Epoch 310/350
391/391 - 24s - loss: 0.0998 - accuracy: 0.9808 - val_loss: 0.4795 - val_accuracy: 0.9110
Epoch 311/350
391/391 - 24s - loss: 0.0965 - accuracy: 0.9818 - val_loss: 0.4796 - val_accuracy: 0.9110
Epoch 312/350
391/391 - 24s - loss: 0.1023 - accuracy: 0.9792 - val_loss: 0.4796 - val_accuracy: 0.9107
Epoch 313/350
391/391 - 24s - loss: 0.1008 - accuracy: 0.9802 - val_loss: 0.4793 - val_accuracy: 0.9109
Epoch 314/350
391/391 - 24s - loss: 0.0995 - accuracy: 0.9810 - val_loss: 0.4791 - val_accuracy: 0.9113
Epoch 315/350
391/391 - 24s - loss: 0.1019 - accuracy: 0.9805 - val_loss: 0.4789 - val_accuracy: 0.9110
Epoch 316/350
391/391 - 24s - loss: 0.1011 - accuracy: 0.9798 - val_loss: 0.4791 - val_accuracy: 0.9109
Epoch 317/350
391/391 - 24s - loss: 0.1030 - accuracy: 0.9803 - val_loss: 0.4791 - val_accuracy: 0.9107
Epoch 318/350
391/391 - 24s - loss: 0.0995 - accuracy: 0.9806 - val_loss: 0.4787 - val_accuracy: 0.9107
Epoch 319/350
391/391 - 24s - loss: 0.0988 - accuracy: 0.9807 - val_loss: 0.4791 - val_accuracy: 0.9108
Epoch 320/350
391/391 - 24s - loss: 0.0996 - accuracy: 0.9813 - val_loss: 0.4793 - val_accuracy: 0.9105
Epoch 321/350
391/391 - 24s - loss: 0.1002 - accuracy: 0.9806 - val_loss: 0.4796 - val_accuracy: 0.9107
Epoch 322/350
391/391 - 24s - loss: 0.1028 - accuracy: 0.9796 - val_loss: 0.4793 - val_accuracy: 0.9107
Epoch 323/350
391/391 - 24s - loss: 0.1001 - accuracy: 0.9806 - val_loss: 0.4792 - val_accuracy: 0.9106
Epoch 324/350
391/391 - 24s - loss: 0.0991 - accuracy: 0.9815 - val_loss: 0.4793 - val_accuracy: 0.9108
Epoch 325/350
391/391 - 24s - loss: 0.1004 - accuracy: 0.9804 - val_loss: 0.4791 - val_accuracy: 0.9107
Epoch 326/350
391/391 - 24s - loss: 0.0999 - accuracy: 0.9805 - val_loss: 0.4790 - val_accuracy: 0.9106
Epoch 327/350
391/391 - 24s - loss: 0.1020 - accuracy: 0.9800 - val_loss: 0.4789 - val_accuracy: 0.9104
Epoch 328/350
391/391 - 24s - loss: 0.1020 - accuracy: 0.9802 - val_loss: 0.4785 - val_accuracy: 0.9108
Epoch 329/350
391/391 - 24s - loss: 0.1023 - accuracy: 0.9801 - val_loss: 0.4790 - val_accuracy: 0.9106
Epoch 330/350
391/391 - 24s - loss: 0.0986 - accuracy: 0.9811 - val_loss: 0.4794 - val_accuracy: 0.9107
Epoch 331/350
391/391 - 24s - loss: 0.0995 - accuracy: 0.9809 - val_loss: 0.4794 - val_accuracy: 0.9106
Epoch 332/350
391/391 - 24s - loss: 0.1003 - accuracy: 0.9814 - val_loss: 0.4794 - val_accuracy: 0.9106
Epoch 333/350
391/391 - 24s - loss: 0.0984 - accuracy: 0.9815 - val_loss: 0.4797 - val_accuracy: 0.9110
Epoch 334/350
391/391 - 24s - loss: 0.1022 - accuracy: 0.9806 - val_loss: 0.4795 - val_accuracy: 0.9108
Epoch 335/350
391/391 - 24s - loss: 0.0990 - accuracy: 0.9812 - val_loss: 0.4797 - val_accuracy: 0.9107
Epoch 336/350
391/391 - 24s - loss: 0.1007 - accuracy: 0.9807 - val_loss: 0.4797 - val_accuracy: 0.9106
Epoch 337/350
391/391 - 24s - loss: 0.1015 - accuracy: 0.9804 - val_loss: 0.4795 - val_accuracy: 0.9106
Epoch 338/350
391/391 - 24s - loss: 0.0988 - accuracy: 0.9808 - val_loss: 0.4797 - val_accuracy: 0.9106
Epoch 339/350
391/391 - 24s - loss: 0.1002 - accuracy: 0.9809 - val_loss: 0.4799 - val_accuracy: 0.9105
Epoch 340/350
391/391 - 24s - loss: 0.0981 - accuracy: 0.9807 - val_loss: 0.4799 - val_accuracy: 0.9106
Epoch 341/350
391/391 - 24s - loss: 0.1023 - accuracy: 0.9791 - val_loss: 0.4797 - val_accuracy: 0.9107
Epoch 342/350
391/391 - 24s - loss: 0.0997 - accuracy: 0.9812 - val_loss: 0.4795 - val_accuracy: 0.9105
Epoch 343/350
391/391 - 24s - loss: 0.1004 - accuracy: 0.9811 - val_loss: 0.4796 - val_accuracy: 0.9107
Epoch 344/350
391/391 - 23s - loss: 0.1019 - accuracy: 0.9800 - val_loss: 0.4794 - val_accuracy: 0.9107
Epoch 345/350
391/391 - 24s - loss: 0.1007 - accuracy: 0.9805 - val_loss: 0.4792 - val_accuracy: 0.9108
Epoch 346/350
391/391 - 24s - loss: 0.1005 - accuracy: 0.9804 - val_loss: 0.4793 - val_accuracy: 0.9107
Epoch 347/350
391/391 - 24s - loss: 0.0997 - accuracy: 0.9809 - val_loss: 0.4792 - val_accuracy: 0.9108
Epoch 348/350
391/391 - 24s - loss: 0.1004 - accuracy: 0.9812 - val_loss: 0.4789 - val_accuracy: 0.9111
Epoch 349/350
391/391 - 24s - loss: 0.1013 - accuracy: 0.9807 - val_loss: 0.4791 - val_accuracy: 0.9107
Epoch 350/350


Snapshot weight 9 shuffle 5 at epoch 350
Layer 11
Getting activations...


391/391 - 24s - loss: 0.1031 - accuracy: 0.9808 - val_loss: 0.4788 - val_accuracy: 0.9109
/usr/local/lib/python3.6/dist-packages/tensorflow/python/autograph/impl/api.py:493: UserWarning: fill_value is not supported and is always 0 for TensorFlow < 2.4.0.
  return py_builtins.overload_of(f)(*args)
WARNING:tensorflow:From /usr/local/lib/python3.6/dist-packages/tensorflow/python/training/tracking/tracking.py:111: Model.state_updates (from tensorflow.python.keras.engine.training) is deprecated and will be removed in a future version.
Instructions for updating:
This property should not be used in TensorFlow 2.0, as updates are applied automatically.
2021-07-02 11:57:39.772266: W tensorflow/python/util/util.cc:348] Sets are not currently considered sequences, but this may change in the future, so consider avoiding using them.
WARNING:tensorflow:From /usr/local/lib/python3.6/dist-packages/tensorflow/python/training/tracking/tracking.py:111: Layer.updates (from tensorflow.python.keras.engine.base_layer) is deprecated and will be removed in a future version.
Instructions for updating:
This property should not be used in TensorFlow 2.0, as updates are applied automatically.
Saving, final validation acc: 0.9108999967575073
