2021-07-01 18:44:50.088818: I tensorflow/stream_executor/platform/default/dso_loader.cc:48] Successfully opened dynamic library libcudart.so.10.1
2021-07-01 18:46:05.817276: I tensorflow/stream_executor/platform/default/dso_loader.cc:48] Successfully opened dynamic library libcuda.so.1
2021-07-01 18:46:05.878352: I tensorflow/core/common_runtime/gpu/gpu_device.cc:1716] Found device 0 with properties: 
pciBusID: 0000:02:00.0 name: NVIDIA TITAN X (Pascal) computeCapability: 6.1
coreClock: 1.531GHz coreCount: 28 deviceMemorySize: 11.91GiB deviceMemoryBandwidth: 447.48GiB/s
2021-07-01 18:46:05.878428: I tensorflow/stream_executor/platform/default/dso_loader.cc:48] Successfully opened dynamic library libcudart.so.10.1
2021-07-01 18:46:05.920620: I tensorflow/stream_executor/platform/default/dso_loader.cc:48] Successfully opened dynamic library libcublas.so.10
2021-07-01 18:46:05.942388: I tensorflow/stream_executor/platform/default/dso_loader.cc:48] Successfully opened dynamic library libcufft.so.10
2021-07-01 18:46:05.950968: I tensorflow/stream_executor/platform/default/dso_loader.cc:48] Successfully opened dynamic library libcurand.so.10
2021-07-01 18:46:05.995179: I tensorflow/stream_executor/platform/default/dso_loader.cc:48] Successfully opened dynamic library libcusolver.so.10
2021-07-01 18:46:06.003771: I tensorflow/stream_executor/platform/default/dso_loader.cc:48] Successfully opened dynamic library libcusparse.so.10
2021-07-01 18:46:06.082729: I tensorflow/stream_executor/platform/default/dso_loader.cc:48] Successfully opened dynamic library libcudnn.so.7
2021-07-01 18:46:06.133641: I tensorflow/core/common_runtime/gpu/gpu_device.cc:1858] Adding visible gpu devices: 0
2021-07-01 18:46:06.137655: I tensorflow/core/platform/cpu_feature_guard.cc:142] This TensorFlow binary is optimized with oneAPI Deep Neural Network Library (oneDNN)to use the following CPU instructions in performance-critical operations:  AVX2 FMA
To enable them in other operations, rebuild TensorFlow with the appropriate compiler flags.
2021-07-01 18:46:06.153989: I tensorflow/core/platform/profile_utils/cpu_utils.cc:104] CPU Frequency: 2600235000 Hz
2021-07-01 18:46:06.154126: I tensorflow/compiler/xla/service/service.cc:168] XLA service 0x43accc0 initialized for platform Host (this does not guarantee that XLA will be used). Devices:
2021-07-01 18:46:06.154146: I tensorflow/compiler/xla/service/service.cc:176]   StreamExecutor device (0): Host, Default Version
2021-07-01 18:46:06.302623: I tensorflow/compiler/xla/service/service.cc:168] XLA service 0x438dbc0 initialized for platform CUDA (this does not guarantee that XLA will be used). Devices:
2021-07-01 18:46:06.302709: I tensorflow/compiler/xla/service/service.cc:176]   StreamExecutor device (0): NVIDIA TITAN X (Pascal), Compute Capability 6.1
2021-07-01 18:46:06.305213: I tensorflow/core/common_runtime/gpu/gpu_device.cc:1716] Found device 0 with properties: 
pciBusID: 0000:02:00.0 name: NVIDIA TITAN X (Pascal) computeCapability: 6.1
coreClock: 1.531GHz coreCount: 28 deviceMemorySize: 11.91GiB deviceMemoryBandwidth: 447.48GiB/s
2021-07-01 18:46:06.305251: I tensorflow/stream_executor/platform/default/dso_loader.cc:48] Successfully opened dynamic library libcudart.so.10.1
2021-07-01 18:46:06.305282: I tensorflow/stream_executor/platform/default/dso_loader.cc:48] Successfully opened dynamic library libcublas.so.10
2021-07-01 18:46:06.305300: I tensorflow/stream_executor/platform/default/dso_loader.cc:48] Successfully opened dynamic library libcufft.so.10
2021-07-01 18:46:06.305317: I tensorflow/stream_executor/platform/default/dso_loader.cc:48] Successfully opened dynamic library libcurand.so.10
2021-07-01 18:46:06.305333: I tensorflow/stream_executor/platform/default/dso_loader.cc:48] Successfully opened dynamic library libcusolver.so.10
2021-07-01 18:46:06.305350: I tensorflow/stream_executor/platform/default/dso_loader.cc:48] Successfully opened dynamic library libcusparse.so.10
2021-07-01 18:46:06.305899: I tensorflow/stream_executor/platform/default/dso_loader.cc:48] Successfully opened dynamic library libcudnn.so.7
2021-07-01 18:46:06.307518: I tensorflow/core/common_runtime/gpu/gpu_device.cc:1858] Adding visible gpu devices: 0
2021-07-01 18:46:06.309376: I tensorflow/stream_executor/platform/default/dso_loader.cc:48] Successfully opened dynamic library libcudart.so.10.1
2021-07-01 18:46:08.253945: I tensorflow/core/common_runtime/gpu/gpu_device.cc:1257] Device interconnect StreamExecutor with strength 1 edge matrix:
2021-07-01 18:46:08.254019: I tensorflow/core/common_runtime/gpu/gpu_device.cc:1263]      0 
2021-07-01 18:46:08.254033: I tensorflow/core/common_runtime/gpu/gpu_device.cc:1276] 0:   N 
2021-07-01 18:46:08.261037: I tensorflow/core/common_runtime/gpu/gpu_device.cc:1402] Created TensorFlow device (/job:localhost/replica:0/task:0/device:GPU:0 with 11228 MB memory) -> physical GPU (device: 0, name: NVIDIA TITAN X (Pascal), pci bus id: 0000:02:00.0, compute capability: 6.1)
2021-07-01 18:46:14.013482: I tensorflow/stream_executor/platform/default/dso_loader.cc:48] Successfully opened dynamic library libcudnn.so.7
2021-07-01 18:46:16.584522: I tensorflow/stream_executor/platform/default/dso_loader.cc:48] Successfully opened dynamic library libcublas.so.10
/usr/local/lib/python3.6/dist-packages/tensorflow/python/autograph/impl/api.py:493: UserWarning: fill_value is not supported and is always 0 for TensorFlow < 2.4.0.
  return py_builtins.overload_of(f)(*args)
WARNING:tensorflow:Callbacks method `on_train_batch_end` is slow compared to the batch time (batch time: 0.0212s vs `on_train_batch_end` time: 0.0384s). Check your callbacks.
Using model index: 14
Making train data...
GCN...
ZCA...
Done!
Making test data...
Done!
Epoch 1/350


Snapshot weight 4 shuffle 1 at epoch 1
Layer 11
Getting activations...


391/391 - 25s - loss: 2.3251 - accuracy: 0.1020 - val_loss: 2.3252 - val_accuracy: 0.1196
Epoch 2/350


Snapshot weight 4 shuffle 1 at epoch 2
Layer 11
Getting activations...


391/391 - 25s - loss: 2.3127 - accuracy: 0.1162 - val_loss: 2.3050 - val_accuracy: 0.1488
Epoch 3/350


Snapshot weight 4 shuffle 1 at epoch 3
Layer 11
Getting activations...


391/391 - 25s - loss: 2.2482 - accuracy: 0.1778 - val_loss: 2.2828 - val_accuracy: 0.1544
Epoch 4/350


Snapshot weight 4 shuffle 1 at epoch 4
Layer 11
Getting activations...


391/391 - 25s - loss: 2.0831 - accuracy: 0.2529 - val_loss: 1.8451 - val_accuracy: 0.3578
Epoch 5/350


Snapshot weight 4 shuffle 1 at epoch 5
Layer 11
Getting activations...


391/391 - 25s - loss: 1.8184 - accuracy: 0.3690 - val_loss: 1.6560 - val_accuracy: 0.4347
Epoch 6/350


Snapshot weight 4 shuffle 1 at epoch 6
Layer 11
Getting activations...


391/391 - 25s - loss: 1.6510 - accuracy: 0.4336 - val_loss: 1.4307 - val_accuracy: 0.4832
Epoch 7/350


Snapshot weight 4 shuffle 1 at epoch 7
Layer 11
Getting activations...


391/391 - 25s - loss: 1.4284 - accuracy: 0.4930 - val_loss: 1.3526 - val_accuracy: 0.5168
Epoch 8/350


Snapshot weight 4 shuffle 1 at epoch 8
Layer 11
Getting activations...


391/391 - 25s - loss: 1.3024 - accuracy: 0.5420 - val_loss: 1.2093 - val_accuracy: 0.5762
Epoch 9/350


Snapshot weight 4 shuffle 1 at epoch 9
Layer 11
Getting activations...


391/391 - 25s - loss: 1.2174 - accuracy: 0.5713 - val_loss: 1.1655 - val_accuracy: 0.5886
Epoch 10/350


Snapshot weight 4 shuffle 1 at epoch 10
Layer 11
Getting activations...


391/391 - 25s - loss: 1.1459 - accuracy: 0.6023 - val_loss: 1.1586 - val_accuracy: 0.6037
Epoch 11/350
391/391 - 24s - loss: 1.0923 - accuracy: 0.6209 - val_loss: 1.0123 - val_accuracy: 0.6476
Epoch 12/350
391/391 - 24s - loss: 1.0316 - accuracy: 0.6430 - val_loss: 1.0364 - val_accuracy: 0.6414
Epoch 13/350
391/391 - 25s - loss: 0.9844 - accuracy: 0.6598 - val_loss: 0.9764 - val_accuracy: 0.6636
Epoch 14/350
391/391 - 25s - loss: 0.9517 - accuracy: 0.6719 - val_loss: 0.9414 - val_accuracy: 0.6810
Epoch 15/350
391/391 - 24s - loss: 0.9131 - accuracy: 0.6858 - val_loss: 0.8160 - val_accuracy: 0.7182
Epoch 16/350
391/391 - 25s - loss: 0.8773 - accuracy: 0.6985 - val_loss: 0.8123 - val_accuracy: 0.7262
Epoch 17/350
391/391 - 25s - loss: 0.8483 - accuracy: 0.7115 - val_loss: 0.7854 - val_accuracy: 0.7305
Epoch 18/350
391/391 - 25s - loss: 0.8137 - accuracy: 0.7229 - val_loss: 0.7665 - val_accuracy: 0.7331
Epoch 19/350
391/391 - 25s - loss: 0.7827 - accuracy: 0.7347 - val_loss: 0.7346 - val_accuracy: 0.7517
Epoch 20/350
391/391 - 24s - loss: 0.7632 - accuracy: 0.7440 - val_loss: 0.6791 - val_accuracy: 0.7719
Epoch 21/350
391/391 - 24s - loss: 0.7293 - accuracy: 0.7537 - val_loss: 0.6472 - val_accuracy: 0.7799
Epoch 22/350
391/391 - 25s - loss: 0.7078 - accuracy: 0.7620 - val_loss: 0.6443 - val_accuracy: 0.7852
Epoch 23/350
391/391 - 24s - loss: 0.6897 - accuracy: 0.7716 - val_loss: 0.6314 - val_accuracy: 0.7938
Epoch 24/350
391/391 - 25s - loss: 0.6676 - accuracy: 0.7762 - val_loss: 0.6366 - val_accuracy: 0.7944
Epoch 25/350
391/391 - 25s - loss: 0.6493 - accuracy: 0.7842 - val_loss: 0.5983 - val_accuracy: 0.8005
Epoch 26/350
391/391 - 25s - loss: 0.6343 - accuracy: 0.7877 - val_loss: 0.5900 - val_accuracy: 0.8063
Epoch 27/350
391/391 - 25s - loss: 0.6213 - accuracy: 0.7941 - val_loss: 0.5965 - val_accuracy: 0.8044
Epoch 28/350
391/391 - 25s - loss: 0.6001 - accuracy: 0.8018 - val_loss: 0.6104 - val_accuracy: 0.8025
Epoch 29/350
391/391 - 24s - loss: 0.5921 - accuracy: 0.8027 - val_loss: 0.5419 - val_accuracy: 0.8208
Epoch 30/350
391/391 - 25s - loss: 0.5798 - accuracy: 0.8096 - val_loss: 0.5577 - val_accuracy: 0.8190
Epoch 31/350
391/391 - 24s - loss: 0.5606 - accuracy: 0.8155 - val_loss: 0.5603 - val_accuracy: 0.8196
Epoch 32/350
391/391 - 24s - loss: 0.5539 - accuracy: 0.8171 - val_loss: 0.5387 - val_accuracy: 0.8298
Epoch 33/350
391/391 - 25s - loss: 0.5462 - accuracy: 0.8207 - val_loss: 0.5780 - val_accuracy: 0.8151
Epoch 34/350
391/391 - 24s - loss: 0.5354 - accuracy: 0.8236 - val_loss: 0.5151 - val_accuracy: 0.8348
Epoch 35/350
391/391 - 24s - loss: 0.5220 - accuracy: 0.8287 - val_loss: 0.5083 - val_accuracy: 0.8350
Epoch 36/350
391/391 - 25s - loss: 0.5126 - accuracy: 0.8319 - val_loss: 0.4971 - val_accuracy: 0.8395
Epoch 37/350
391/391 - 24s - loss: 0.5064 - accuracy: 0.8339 - val_loss: 0.5105 - val_accuracy: 0.8351
Epoch 38/350
391/391 - 24s - loss: 0.4982 - accuracy: 0.8365 - val_loss: 0.4992 - val_accuracy: 0.8423
Epoch 39/350
391/391 - 25s - loss: 0.4898 - accuracy: 0.8386 - val_loss: 0.4792 - val_accuracy: 0.8475
Epoch 40/350
391/391 - 25s - loss: 0.4851 - accuracy: 0.8421 - val_loss: 0.5173 - val_accuracy: 0.8382
Epoch 41/350
391/391 - 24s - loss: 0.4740 - accuracy: 0.8451 - val_loss: 0.5270 - val_accuracy: 0.8392
Epoch 42/350
391/391 - 24s - loss: 0.4718 - accuracy: 0.8446 - val_loss: 0.5142 - val_accuracy: 0.8366
Epoch 43/350
391/391 - 24s - loss: 0.4636 - accuracy: 0.8516 - val_loss: 0.4662 - val_accuracy: 0.8506
Epoch 44/350
391/391 - 24s - loss: 0.4534 - accuracy: 0.8529 - val_loss: 0.4509 - val_accuracy: 0.8570
Epoch 45/350
391/391 - 24s - loss: 0.4485 - accuracy: 0.8530 - val_loss: 0.4571 - val_accuracy: 0.8591
Epoch 46/350
391/391 - 24s - loss: 0.4448 - accuracy: 0.8553 - val_loss: 0.4583 - val_accuracy: 0.8559
Epoch 47/350
391/391 - 24s - loss: 0.4370 - accuracy: 0.8586 - val_loss: 0.4455 - val_accuracy: 0.8603
Epoch 48/350
391/391 - 24s - loss: 0.4345 - accuracy: 0.8590 - val_loss: 0.4411 - val_accuracy: 0.8629
Epoch 49/350
391/391 - 24s - loss: 0.4288 - accuracy: 0.8624 - val_loss: 0.4770 - val_accuracy: 0.8505
Epoch 50/350


Snapshot weight 4 shuffle 1 at epoch 50
Layer 11
Getting activations...


391/391 - 25s - loss: 0.4144 - accuracy: 0.8679 - val_loss: 0.5119 - val_accuracy: 0.8420
Epoch 51/350
391/391 - 25s - loss: 0.4164 - accuracy: 0.8648 - val_loss: 0.4789 - val_accuracy: 0.8530
Epoch 52/350
391/391 - 24s - loss: 0.4080 - accuracy: 0.8685 - val_loss: 0.4488 - val_accuracy: 0.8627
Epoch 53/350
391/391 - 25s - loss: 0.4043 - accuracy: 0.8685 - val_loss: 0.4892 - val_accuracy: 0.8524
Epoch 54/350
391/391 - 24s - loss: 0.3991 - accuracy: 0.8725 - val_loss: 0.4423 - val_accuracy: 0.8652
Epoch 55/350
391/391 - 24s - loss: 0.3934 - accuracy: 0.8746 - val_loss: 0.4787 - val_accuracy: 0.8509
Epoch 56/350
391/391 - 24s - loss: 0.3899 - accuracy: 0.8750 - val_loss: 0.4378 - val_accuracy: 0.8666
Epoch 57/350
391/391 - 24s - loss: 0.3821 - accuracy: 0.8778 - val_loss: 0.4749 - val_accuracy: 0.8560
Epoch 58/350
391/391 - 24s - loss: 0.3858 - accuracy: 0.8762 - val_loss: 0.4677 - val_accuracy: 0.8594
Epoch 59/350
391/391 - 24s - loss: 0.3801 - accuracy: 0.8781 - val_loss: 0.4351 - val_accuracy: 0.8682
Epoch 60/350
391/391 - 25s - loss: 0.3736 - accuracy: 0.8806 - val_loss: 0.4532 - val_accuracy: 0.8662
Epoch 61/350
391/391 - 24s - loss: 0.3648 - accuracy: 0.8842 - val_loss: 0.4271 - val_accuracy: 0.8705
Epoch 62/350
391/391 - 24s - loss: 0.3650 - accuracy: 0.8839 - val_loss: 0.4685 - val_accuracy: 0.8605
Epoch 63/350
391/391 - 25s - loss: 0.3626 - accuracy: 0.8831 - val_loss: 0.4471 - val_accuracy: 0.8688
Epoch 64/350
391/391 - 24s - loss: 0.3634 - accuracy: 0.8845 - val_loss: 0.4462 - val_accuracy: 0.8692
Epoch 65/350
391/391 - 25s - loss: 0.3522 - accuracy: 0.8873 - val_loss: 0.4139 - val_accuracy: 0.8777
Epoch 66/350
391/391 - 24s - loss: 0.3558 - accuracy: 0.8855 - val_loss: 0.4202 - val_accuracy: 0.8741
Epoch 67/350
391/391 - 24s - loss: 0.3448 - accuracy: 0.8903 - val_loss: 0.4454 - val_accuracy: 0.8719
Epoch 68/350
391/391 - 25s - loss: 0.3424 - accuracy: 0.8925 - val_loss: 0.4526 - val_accuracy: 0.8694
Epoch 69/350
391/391 - 25s - loss: 0.3442 - accuracy: 0.8904 - val_loss: 0.4348 - val_accuracy: 0.8754
Epoch 70/350
391/391 - 24s - loss: 0.3405 - accuracy: 0.8914 - val_loss: 0.4146 - val_accuracy: 0.8789
Epoch 71/350
391/391 - 24s - loss: 0.3364 - accuracy: 0.8932 - val_loss: 0.4154 - val_accuracy: 0.8754
Epoch 72/350
391/391 - 25s - loss: 0.3292 - accuracy: 0.8973 - val_loss: 0.4555 - val_accuracy: 0.8658
Epoch 73/350
391/391 - 24s - loss: 0.3269 - accuracy: 0.8949 - val_loss: 0.4378 - val_accuracy: 0.8708
Epoch 74/350
391/391 - 24s - loss: 0.3249 - accuracy: 0.8973 - val_loss: 0.4085 - val_accuracy: 0.8753
Epoch 75/350
391/391 - 25s - loss: 0.3194 - accuracy: 0.8992 - val_loss: 0.4341 - val_accuracy: 0.8777
Epoch 76/350
391/391 - 24s - loss: 0.3223 - accuracy: 0.8974 - val_loss: 0.4204 - val_accuracy: 0.8733
Epoch 77/350
391/391 - 24s - loss: 0.3140 - accuracy: 0.9022 - val_loss: 0.4304 - val_accuracy: 0.8774
Epoch 78/350
391/391 - 24s - loss: 0.3161 - accuracy: 0.9005 - val_loss: 0.4304 - val_accuracy: 0.8745
Epoch 79/350
391/391 - 24s - loss: 0.3090 - accuracy: 0.9034 - val_loss: 0.4121 - val_accuracy: 0.8826
Epoch 80/350
391/391 - 24s - loss: 0.3109 - accuracy: 0.9030 - val_loss: 0.4121 - val_accuracy: 0.8858
Epoch 81/350
391/391 - 24s - loss: 0.3094 - accuracy: 0.9029 - val_loss: 0.4262 - val_accuracy: 0.8798
Epoch 82/350
391/391 - 24s - loss: 0.3102 - accuracy: 0.9030 - val_loss: 0.3983 - val_accuracy: 0.8874
Epoch 83/350
391/391 - 24s - loss: 0.2998 - accuracy: 0.9068 - val_loss: 0.4164 - val_accuracy: 0.8831
Epoch 84/350
391/391 - 24s - loss: 0.3017 - accuracy: 0.9055 - val_loss: 0.4225 - val_accuracy: 0.8746
Epoch 85/350
391/391 - 25s - loss: 0.2944 - accuracy: 0.9081 - val_loss: 0.4482 - val_accuracy: 0.8742
Epoch 86/350
391/391 - 24s - loss: 0.2947 - accuracy: 0.9088 - val_loss: 0.4123 - val_accuracy: 0.8834
Epoch 87/350
391/391 - 24s - loss: 0.2931 - accuracy: 0.9078 - val_loss: 0.4206 - val_accuracy: 0.8852
Epoch 88/350
391/391 - 24s - loss: 0.2887 - accuracy: 0.9103 - val_loss: 0.3887 - val_accuracy: 0.8898
Epoch 89/350
391/391 - 25s - loss: 0.2883 - accuracy: 0.9099 - val_loss: 0.4235 - val_accuracy: 0.8844
Epoch 90/350
391/391 - 24s - loss: 0.2845 - accuracy: 0.9126 - val_loss: 0.4450 - val_accuracy: 0.8795
Epoch 91/350
391/391 - 24s - loss: 0.2804 - accuracy: 0.9130 - val_loss: 0.4083 - val_accuracy: 0.8855
Epoch 92/350
391/391 - 24s - loss: 0.2770 - accuracy: 0.9160 - val_loss: 0.4080 - val_accuracy: 0.8882
Epoch 93/350
391/391 - 25s - loss: 0.2808 - accuracy: 0.9142 - val_loss: 0.4137 - val_accuracy: 0.8853
Epoch 94/350
391/391 - 24s - loss: 0.2762 - accuracy: 0.9145 - val_loss: 0.4361 - val_accuracy: 0.8786
Epoch 95/350
391/391 - 25s - loss: 0.2768 - accuracy: 0.9155 - val_loss: 0.4096 - val_accuracy: 0.8844
Epoch 96/350
391/391 - 24s - loss: 0.2739 - accuracy: 0.9156 - val_loss: 0.4139 - val_accuracy: 0.8871
Epoch 97/350
391/391 - 25s - loss: 0.2692 - accuracy: 0.9164 - val_loss: 0.4528 - val_accuracy: 0.8776
Epoch 98/350
391/391 - 24s - loss: 0.2720 - accuracy: 0.9159 - val_loss: 0.3944 - val_accuracy: 0.8885
Epoch 99/350
391/391 - 24s - loss: 0.2678 - accuracy: 0.9174 - val_loss: 0.4071 - val_accuracy: 0.8867
Epoch 100/350


Snapshot weight 4 shuffle 1 at epoch 100
Layer 11
Getting activations...


391/391 - 25s - loss: 0.2663 - accuracy: 0.9191 - val_loss: 0.4028 - val_accuracy: 0.8898
Epoch 101/350
391/391 - 24s - loss: 0.2626 - accuracy: 0.9199 - val_loss: 0.4835 - val_accuracy: 0.8746
Epoch 102/350
391/391 - 24s - loss: 0.2638 - accuracy: 0.9193 - val_loss: 0.4067 - val_accuracy: 0.8905
Epoch 103/350
391/391 - 24s - loss: 0.2637 - accuracy: 0.9205 - val_loss: 0.4355 - val_accuracy: 0.8748
Epoch 104/350
391/391 - 24s - loss: 0.2579 - accuracy: 0.9224 - val_loss: 0.3987 - val_accuracy: 0.8851
Epoch 105/350
391/391 - 24s - loss: 0.2596 - accuracy: 0.9220 - val_loss: 0.4007 - val_accuracy: 0.8901
Epoch 106/350
391/391 - 24s - loss: 0.2536 - accuracy: 0.9236 - val_loss: 0.4070 - val_accuracy: 0.8910
Epoch 107/350
391/391 - 24s - loss: 0.2479 - accuracy: 0.9255 - val_loss: 0.4412 - val_accuracy: 0.8832
Epoch 108/350
391/391 - 24s - loss: 0.2503 - accuracy: 0.9253 - val_loss: 0.4042 - val_accuracy: 0.8905
Epoch 109/350
391/391 - 25s - loss: 0.2512 - accuracy: 0.9231 - val_loss: 0.4251 - val_accuracy: 0.8860
Epoch 110/350
391/391 - 24s - loss: 0.2444 - accuracy: 0.9263 - val_loss: 0.4058 - val_accuracy: 0.8927
Epoch 111/350
391/391 - 24s - loss: 0.2489 - accuracy: 0.9252 - val_loss: 0.4122 - val_accuracy: 0.8850
Epoch 112/350
391/391 - 25s - loss: 0.2485 - accuracy: 0.9257 - val_loss: 0.4138 - val_accuracy: 0.8939
Epoch 113/350
391/391 - 24s - loss: 0.2377 - accuracy: 0.9296 - val_loss: 0.4322 - val_accuracy: 0.8904
Epoch 114/350
391/391 - 24s - loss: 0.2428 - accuracy: 0.9275 - val_loss: 0.4197 - val_accuracy: 0.8863
Epoch 115/350
391/391 - 25s - loss: 0.2395 - accuracy: 0.9289 - val_loss: 0.4133 - val_accuracy: 0.8908
Epoch 116/350
391/391 - 24s - loss: 0.2379 - accuracy: 0.9298 - val_loss: 0.4554 - val_accuracy: 0.8813
Epoch 117/350
391/391 - 25s - loss: 0.2367 - accuracy: 0.9298 - val_loss: 0.4047 - val_accuracy: 0.8930
Epoch 118/350
391/391 - 24s - loss: 0.2398 - accuracy: 0.9281 - val_loss: 0.4101 - val_accuracy: 0.8876
Epoch 119/350
391/391 - 24s - loss: 0.2332 - accuracy: 0.9305 - val_loss: 0.4425 - val_accuracy: 0.8862
Epoch 120/350
391/391 - 25s - loss: 0.2351 - accuracy: 0.9309 - val_loss: 0.4384 - val_accuracy: 0.8913
Epoch 121/350
391/391 - 25s - loss: 0.2335 - accuracy: 0.9318 - val_loss: 0.4254 - val_accuracy: 0.8903
Epoch 122/350
391/391 - 25s - loss: 0.2307 - accuracy: 0.9314 - val_loss: 0.4054 - val_accuracy: 0.8924
Epoch 123/350
391/391 - 24s - loss: 0.2297 - accuracy: 0.9317 - val_loss: 0.4667 - val_accuracy: 0.8830
Epoch 124/350
391/391 - 24s - loss: 0.2266 - accuracy: 0.9345 - val_loss: 0.4335 - val_accuracy: 0.8890
Epoch 125/350
391/391 - 25s - loss: 0.2258 - accuracy: 0.9332 - val_loss: 0.4283 - val_accuracy: 0.8907
Epoch 126/350
391/391 - 25s - loss: 0.2277 - accuracy: 0.9329 - val_loss: 0.4125 - val_accuracy: 0.8956
Epoch 127/350
391/391 - 25s - loss: 0.2238 - accuracy: 0.9342 - val_loss: 0.4426 - val_accuracy: 0.8901
Epoch 128/350
391/391 - 24s - loss: 0.2173 - accuracy: 0.9359 - val_loss: 0.4249 - val_accuracy: 0.8926
Epoch 129/350
391/391 - 24s - loss: 0.2237 - accuracy: 0.9348 - val_loss: 0.4063 - val_accuracy: 0.8936
Epoch 130/350
391/391 - 24s - loss: 0.2213 - accuracy: 0.9356 - val_loss: 0.4537 - val_accuracy: 0.8856
Epoch 131/350
391/391 - 24s - loss: 0.2189 - accuracy: 0.9358 - val_loss: 0.4305 - val_accuracy: 0.8912
Epoch 132/350
391/391 - 25s - loss: 0.2199 - accuracy: 0.9353 - val_loss: 0.4582 - val_accuracy: 0.8866
Epoch 133/350
391/391 - 24s - loss: 0.2155 - accuracy: 0.9372 - val_loss: 0.4078 - val_accuracy: 0.8914
Epoch 134/350
391/391 - 24s - loss: 0.2166 - accuracy: 0.9374 - val_loss: 0.4499 - val_accuracy: 0.8870
Epoch 135/350
391/391 - 25s - loss: 0.2171 - accuracy: 0.9373 - val_loss: 0.4333 - val_accuracy: 0.8914
Epoch 136/350
391/391 - 25s - loss: 0.2151 - accuracy: 0.9373 - val_loss: 0.4221 - val_accuracy: 0.8918
Epoch 137/350
391/391 - 25s - loss: 0.2144 - accuracy: 0.9381 - val_loss: 0.4274 - val_accuracy: 0.8936
Epoch 138/350
391/391 - 24s - loss: 0.2103 - accuracy: 0.9389 - val_loss: 0.4381 - val_accuracy: 0.8897
Epoch 139/350
391/391 - 24s - loss: 0.2082 - accuracy: 0.9397 - val_loss: 0.4325 - val_accuracy: 0.8929
Epoch 140/350
391/391 - 24s - loss: 0.2055 - accuracy: 0.9411 - val_loss: 0.4404 - val_accuracy: 0.8953
Epoch 141/350
391/391 - 25s - loss: 0.2103 - accuracy: 0.9387 - val_loss: 0.4276 - val_accuracy: 0.8912
Epoch 142/350
391/391 - 24s - loss: 0.2070 - accuracy: 0.9407 - val_loss: 0.4433 - val_accuracy: 0.8908
Epoch 143/350
391/391 - 25s - loss: 0.2063 - accuracy: 0.9414 - val_loss: 0.4681 - val_accuracy: 0.8845
Epoch 144/350
391/391 - 24s - loss: 0.2085 - accuracy: 0.9405 - val_loss: 0.4350 - val_accuracy: 0.8905
Epoch 145/350
391/391 - 25s - loss: 0.2053 - accuracy: 0.9407 - val_loss: 0.4578 - val_accuracy: 0.8946
Epoch 146/350
391/391 - 25s - loss: 0.2041 - accuracy: 0.9421 - val_loss: 0.4570 - val_accuracy: 0.8927
Epoch 147/350
391/391 - 25s - loss: 0.2008 - accuracy: 0.9434 - val_loss: 0.4361 - val_accuracy: 0.8945
Epoch 148/350
391/391 - 24s - loss: 0.1982 - accuracy: 0.9446 - val_loss: 0.4519 - val_accuracy: 0.8884
Epoch 149/350
391/391 - 24s - loss: 0.2024 - accuracy: 0.9425 - val_loss: 0.4616 - val_accuracy: 0.8915
Epoch 150/350


Snapshot weight 4 shuffle 1 at epoch 150
Layer 11
Getting activations...


391/391 - 25s - loss: 0.1997 - accuracy: 0.9442 - val_loss: 0.4599 - val_accuracy: 0.8924
Epoch 151/350
391/391 - 24s - loss: 0.1997 - accuracy: 0.9433 - val_loss: 0.4412 - val_accuracy: 0.8962
Epoch 152/350
391/391 - 25s - loss: 0.1978 - accuracy: 0.9451 - val_loss: 0.4416 - val_accuracy: 0.8937
Epoch 153/350
391/391 - 24s - loss: 0.2013 - accuracy: 0.9438 - val_loss: 0.4531 - val_accuracy: 0.8940
Epoch 154/350
391/391 - 25s - loss: 0.1962 - accuracy: 0.9435 - val_loss: 0.4736 - val_accuracy: 0.8900
Epoch 155/350
391/391 - 24s - loss: 0.1951 - accuracy: 0.9450 - val_loss: 0.4542 - val_accuracy: 0.8927
Epoch 156/350
391/391 - 24s - loss: 0.1989 - accuracy: 0.9441 - val_loss: 0.5224 - val_accuracy: 0.8816
Epoch 157/350
391/391 - 24s - loss: 0.1943 - accuracy: 0.9454 - val_loss: 0.4293 - val_accuracy: 0.8962
Epoch 158/350
391/391 - 24s - loss: 0.1960 - accuracy: 0.9456 - val_loss: 0.4517 - val_accuracy: 0.8891
Epoch 159/350
391/391 - 25s - loss: 0.1951 - accuracy: 0.9455 - val_loss: 0.4349 - val_accuracy: 0.8952
Epoch 160/350
391/391 - 25s - loss: 0.1900 - accuracy: 0.9465 - val_loss: 0.4410 - val_accuracy: 0.8939
Epoch 161/350
391/391 - 24s - loss: 0.1933 - accuracy: 0.9461 - val_loss: 0.4257 - val_accuracy: 0.8949
Epoch 162/350
391/391 - 24s - loss: 0.1920 - accuracy: 0.9468 - val_loss: 0.4146 - val_accuracy: 0.8987
Epoch 163/350
391/391 - 25s - loss: 0.1877 - accuracy: 0.9499 - val_loss: 0.4528 - val_accuracy: 0.8936
Epoch 164/350
391/391 - 24s - loss: 0.1916 - accuracy: 0.9471 - val_loss: 0.4380 - val_accuracy: 0.8946
Epoch 165/350
391/391 - 24s - loss: 0.1858 - accuracy: 0.9485 - val_loss: 0.4545 - val_accuracy: 0.8976
Epoch 166/350
391/391 - 25s - loss: 0.1909 - accuracy: 0.9482 - val_loss: 0.4122 - val_accuracy: 0.8984
Epoch 167/350
391/391 - 24s - loss: 0.1840 - accuracy: 0.9498 - val_loss: 0.4240 - val_accuracy: 0.9004
Epoch 168/350
391/391 - 24s - loss: 0.1843 - accuracy: 0.9504 - val_loss: 0.4360 - val_accuracy: 0.8973
Epoch 169/350
391/391 - 24s - loss: 0.1818 - accuracy: 0.9505 - val_loss: 0.4191 - val_accuracy: 0.8990
Epoch 170/350
391/391 - 24s - loss: 0.1866 - accuracy: 0.9484 - val_loss: 0.4613 - val_accuracy: 0.8930
Epoch 171/350
391/391 - 24s - loss: 0.1830 - accuracy: 0.9495 - val_loss: 0.4688 - val_accuracy: 0.8941
Epoch 172/350
391/391 - 24s - loss: 0.1845 - accuracy: 0.9497 - val_loss: 0.4385 - val_accuracy: 0.8976
Epoch 173/350
391/391 - 24s - loss: 0.1793 - accuracy: 0.9524 - val_loss: 0.4373 - val_accuracy: 0.8925
Epoch 174/350
391/391 - 24s - loss: 0.1849 - accuracy: 0.9503 - val_loss: 0.4652 - val_accuracy: 0.8953
Epoch 175/350
391/391 - 24s - loss: 0.1806 - accuracy: 0.9511 - val_loss: 0.4805 - val_accuracy: 0.8855
Epoch 176/350
391/391 - 24s - loss: 0.1821 - accuracy: 0.9504 - val_loss: 0.4865 - val_accuracy: 0.8860
Epoch 177/350
391/391 - 25s - loss: 0.1804 - accuracy: 0.9516 - val_loss: 0.4303 - val_accuracy: 0.8958
Epoch 178/350
391/391 - 24s - loss: 0.1809 - accuracy: 0.9514 - val_loss: 0.4455 - val_accuracy: 0.8902
Epoch 179/350
391/391 - 25s - loss: 0.1808 - accuracy: 0.9512 - val_loss: 0.4519 - val_accuracy: 0.8976
Epoch 180/350
391/391 - 24s - loss: 0.1756 - accuracy: 0.9541 - val_loss: 0.4498 - val_accuracy: 0.8961
Epoch 181/350
391/391 - 25s - loss: 0.1689 - accuracy: 0.9553 - val_loss: 0.4789 - val_accuracy: 0.8930
Epoch 182/350
391/391 - 24s - loss: 0.1764 - accuracy: 0.9536 - val_loss: 0.4385 - val_accuracy: 0.9008
Epoch 183/350
391/391 - 24s - loss: 0.1741 - accuracy: 0.9542 - val_loss: 0.4435 - val_accuracy: 0.9012
Epoch 184/350
391/391 - 25s - loss: 0.1776 - accuracy: 0.9540 - val_loss: 0.4370 - val_accuracy: 0.8984
Epoch 185/350
391/391 - 24s - loss: 0.1779 - accuracy: 0.9527 - val_loss: 0.4451 - val_accuracy: 0.8943
Epoch 186/350
391/391 - 24s - loss: 0.1760 - accuracy: 0.9541 - val_loss: 0.4521 - val_accuracy: 0.9013
Epoch 187/350
391/391 - 25s - loss: 0.1689 - accuracy: 0.9549 - val_loss: 0.5053 - val_accuracy: 0.8883
Epoch 188/350
391/391 - 24s - loss: 0.1786 - accuracy: 0.9532 - val_loss: 0.4491 - val_accuracy: 0.8999
Epoch 189/350
391/391 - 24s - loss: 0.1727 - accuracy: 0.9550 - val_loss: 0.4453 - val_accuracy: 0.8964
Epoch 190/350
391/391 - 24s - loss: 0.1725 - accuracy: 0.9536 - val_loss: 0.4547 - val_accuracy: 0.8986
Epoch 191/350
391/391 - 24s - loss: 0.1704 - accuracy: 0.9550 - val_loss: 0.5285 - val_accuracy: 0.8832
Epoch 192/350
391/391 - 25s - loss: 0.1746 - accuracy: 0.9543 - val_loss: 0.4792 - val_accuracy: 0.8945
Epoch 193/350
391/391 - 25s - loss: 0.1699 - accuracy: 0.9561 - val_loss: 0.4599 - val_accuracy: 0.8983
Epoch 194/350
391/391 - 24s - loss: 0.1698 - accuracy: 0.9559 - val_loss: 0.4835 - val_accuracy: 0.8920
Epoch 195/350
391/391 - 24s - loss: 0.1692 - accuracy: 0.9568 - val_loss: 0.4560 - val_accuracy: 0.8970
Epoch 196/350
391/391 - 24s - loss: 0.1682 - accuracy: 0.9560 - val_loss: 0.4643 - val_accuracy: 0.8978
Epoch 197/350
391/391 - 24s - loss: 0.1675 - accuracy: 0.9568 - val_loss: 0.5304 - val_accuracy: 0.8862
Epoch 198/350
391/391 - 24s - loss: 0.1706 - accuracy: 0.9554 - val_loss: 0.4717 - val_accuracy: 0.8987
Epoch 199/350
391/391 - 24s - loss: 0.1699 - accuracy: 0.9553 - val_loss: 0.4624 - val_accuracy: 0.8984
Epoch 200/350


Snapshot weight 4 shuffle 1 at epoch 200
Layer 11
Getting activations...


391/391 - 25s - loss: 0.1687 - accuracy: 0.9564 - val_loss: 0.5011 - val_accuracy: 0.8964
Epoch 201/350
391/391 - 24s - loss: 0.1398 - accuracy: 0.9668 - val_loss: 0.4488 - val_accuracy: 0.9066
Epoch 202/350
391/391 - 25s - loss: 0.1278 - accuracy: 0.9707 - val_loss: 0.4567 - val_accuracy: 0.9049
Epoch 203/350
391/391 - 24s - loss: 0.1232 - accuracy: 0.9720 - val_loss: 0.4500 - val_accuracy: 0.9081
Epoch 204/350
391/391 - 25s - loss: 0.1220 - accuracy: 0.9741 - val_loss: 0.4602 - val_accuracy: 0.9079
Epoch 205/350
391/391 - 25s - loss: 0.1216 - accuracy: 0.9727 - val_loss: 0.4589 - val_accuracy: 0.9085
Epoch 206/350
391/391 - 25s - loss: 0.1189 - accuracy: 0.9739 - val_loss: 0.4638 - val_accuracy: 0.9077
Epoch 207/350
391/391 - 25s - loss: 0.1166 - accuracy: 0.9748 - val_loss: 0.4582 - val_accuracy: 0.9096
Epoch 208/350
391/391 - 24s - loss: 0.1187 - accuracy: 0.9743 - val_loss: 0.4649 - val_accuracy: 0.9083
Epoch 209/350
391/391 - 24s - loss: 0.1179 - accuracy: 0.9747 - val_loss: 0.4612 - val_accuracy: 0.9094
Epoch 210/350
391/391 - 24s - loss: 0.1165 - accuracy: 0.9748 - val_loss: 0.4596 - val_accuracy: 0.9094
Epoch 211/350
391/391 - 24s - loss: 0.1128 - accuracy: 0.9760 - val_loss: 0.4690 - val_accuracy: 0.9090
Epoch 212/350
391/391 - 24s - loss: 0.1126 - accuracy: 0.9755 - val_loss: 0.4739 - val_accuracy: 0.9078
Epoch 213/350
391/391 - 25s - loss: 0.1174 - accuracy: 0.9751 - val_loss: 0.4676 - val_accuracy: 0.9074
Epoch 214/350
391/391 - 25s - loss: 0.1126 - accuracy: 0.9762 - val_loss: 0.4551 - val_accuracy: 0.9085
Epoch 215/350
391/391 - 24s - loss: 0.1140 - accuracy: 0.9757 - val_loss: 0.4726 - val_accuracy: 0.9083
Epoch 216/350
391/391 - 24s - loss: 0.1145 - accuracy: 0.9756 - val_loss: 0.4748 - val_accuracy: 0.9079
Epoch 217/350
391/391 - 24s - loss: 0.1159 - accuracy: 0.9750 - val_loss: 0.4747 - val_accuracy: 0.9077
Epoch 218/350
391/391 - 24s - loss: 0.1112 - accuracy: 0.9768 - val_loss: 0.4638 - val_accuracy: 0.9087
Epoch 219/350
391/391 - 25s - loss: 0.1123 - accuracy: 0.9762 - val_loss: 0.4689 - val_accuracy: 0.9081
Epoch 220/350
391/391 - 24s - loss: 0.1112 - accuracy: 0.9775 - val_loss: 0.4709 - val_accuracy: 0.9102
Epoch 221/350
391/391 - 24s - loss: 0.1133 - accuracy: 0.9758 - val_loss: 0.4748 - val_accuracy: 0.9068
Epoch 222/350
391/391 - 24s - loss: 0.1106 - accuracy: 0.9764 - val_loss: 0.4811 - val_accuracy: 0.9075
Epoch 223/350
391/391 - 24s - loss: 0.1099 - accuracy: 0.9773 - val_loss: 0.4727 - val_accuracy: 0.9100
Epoch 224/350
391/391 - 24s - loss: 0.1111 - accuracy: 0.9776 - val_loss: 0.4861 - val_accuracy: 0.9061
Epoch 225/350
391/391 - 24s - loss: 0.1097 - accuracy: 0.9768 - val_loss: 0.4769 - val_accuracy: 0.9084
Epoch 226/350
391/391 - 24s - loss: 0.1127 - accuracy: 0.9760 - val_loss: 0.4668 - val_accuracy: 0.9082
Epoch 227/350
391/391 - 24s - loss: 0.1106 - accuracy: 0.9772 - val_loss: 0.4726 - val_accuracy: 0.9084
Epoch 228/350
391/391 - 24s - loss: 0.1109 - accuracy: 0.9772 - val_loss: 0.4703 - val_accuracy: 0.9092
Epoch 229/350
391/391 - 24s - loss: 0.1103 - accuracy: 0.9772 - val_loss: 0.4780 - val_accuracy: 0.9063
Epoch 230/350
391/391 - 25s - loss: 0.1092 - accuracy: 0.9782 - val_loss: 0.4701 - val_accuracy: 0.9087
Epoch 231/350
391/391 - 24s - loss: 0.1056 - accuracy: 0.9785 - val_loss: 0.4880 - val_accuracy: 0.9092
Epoch 232/350
391/391 - 25s - loss: 0.1057 - accuracy: 0.9793 - val_loss: 0.4819 - val_accuracy: 0.9112
Epoch 233/350
391/391 - 24s - loss: 0.1080 - accuracy: 0.9775 - val_loss: 0.4921 - val_accuracy: 0.9082
Epoch 234/350
391/391 - 25s - loss: 0.1052 - accuracy: 0.9782 - val_loss: 0.4852 - val_accuracy: 0.9095
Epoch 235/350
391/391 - 24s - loss: 0.1086 - accuracy: 0.9788 - val_loss: 0.5012 - val_accuracy: 0.9075
Epoch 236/350
391/391 - 25s - loss: 0.1072 - accuracy: 0.9781 - val_loss: 0.4882 - val_accuracy: 0.9088
Epoch 237/350
391/391 - 24s - loss: 0.1073 - accuracy: 0.9778 - val_loss: 0.4850 - val_accuracy: 0.9081
Epoch 238/350
391/391 - 25s - loss: 0.1074 - accuracy: 0.9779 - val_loss: 0.5005 - val_accuracy: 0.9063
Epoch 239/350
391/391 - 25s - loss: 0.1072 - accuracy: 0.9784 - val_loss: 0.4957 - val_accuracy: 0.9086
Epoch 240/350
391/391 - 25s - loss: 0.1066 - accuracy: 0.9782 - val_loss: 0.4917 - val_accuracy: 0.9087
Epoch 241/350
391/391 - 24s - loss: 0.1100 - accuracy: 0.9769 - val_loss: 0.4925 - val_accuracy: 0.9084
Epoch 242/350
391/391 - 25s - loss: 0.1034 - accuracy: 0.9789 - val_loss: 0.4817 - val_accuracy: 0.9095
Epoch 243/350
391/391 - 25s - loss: 0.1062 - accuracy: 0.9793 - val_loss: 0.4923 - val_accuracy: 0.9086
Epoch 244/350
391/391 - 24s - loss: 0.1068 - accuracy: 0.9775 - val_loss: 0.4828 - val_accuracy: 0.9091
Epoch 245/350
391/391 - 25s - loss: 0.1039 - accuracy: 0.9789 - val_loss: 0.5002 - val_accuracy: 0.9084
Epoch 246/350
391/391 - 25s - loss: 0.1076 - accuracy: 0.9779 - val_loss: 0.4846 - val_accuracy: 0.9093
Epoch 247/350
391/391 - 24s - loss: 0.1049 - accuracy: 0.9783 - val_loss: 0.4880 - val_accuracy: 0.9094
Epoch 248/350
391/391 - 24s - loss: 0.1081 - accuracy: 0.9776 - val_loss: 0.4816 - val_accuracy: 0.9084
Epoch 249/350
391/391 - 25s - loss: 0.1046 - accuracy: 0.9792 - val_loss: 0.4851 - val_accuracy: 0.9072
Epoch 250/350


Snapshot weight 4 shuffle 1 at epoch 250
Layer 11
Getting activations...


391/391 - 25s - loss: 0.1061 - accuracy: 0.9787 - val_loss: 0.4956 - val_accuracy: 0.9077
Epoch 251/350
391/391 - 25s - loss: 0.1032 - accuracy: 0.9800 - val_loss: 0.4868 - val_accuracy: 0.9089
Epoch 252/350
391/391 - 24s - loss: 0.1024 - accuracy: 0.9800 - val_loss: 0.4829 - val_accuracy: 0.9093
Epoch 253/350
391/391 - 25s - loss: 0.1037 - accuracy: 0.9798 - val_loss: 0.4839 - val_accuracy: 0.9103
Epoch 254/350
391/391 - 24s - loss: 0.1031 - accuracy: 0.9794 - val_loss: 0.4854 - val_accuracy: 0.9095
Epoch 255/350
391/391 - 24s - loss: 0.1036 - accuracy: 0.9796 - val_loss: 0.4815 - val_accuracy: 0.9102
Epoch 256/350
391/391 - 24s - loss: 0.1028 - accuracy: 0.9797 - val_loss: 0.4837 - val_accuracy: 0.9103
Epoch 257/350
391/391 - 25s - loss: 0.1007 - accuracy: 0.9800 - val_loss: 0.4851 - val_accuracy: 0.9103
Epoch 258/350
391/391 - 24s - loss: 0.1010 - accuracy: 0.9802 - val_loss: 0.4860 - val_accuracy: 0.9103
Epoch 259/350
391/391 - 24s - loss: 0.1009 - accuracy: 0.9804 - val_loss: 0.4850 - val_accuracy: 0.9105
Epoch 260/350
391/391 - 25s - loss: 0.0998 - accuracy: 0.9806 - val_loss: 0.4858 - val_accuracy: 0.9102
Epoch 261/350
391/391 - 25s - loss: 0.1000 - accuracy: 0.9805 - val_loss: 0.4876 - val_accuracy: 0.9099
Epoch 262/350
391/391 - 25s - loss: 0.1037 - accuracy: 0.9800 - val_loss: 0.4903 - val_accuracy: 0.9101
Epoch 263/350
391/391 - 25s - loss: 0.0996 - accuracy: 0.9811 - val_loss: 0.4879 - val_accuracy: 0.9108
Epoch 264/350
391/391 - 24s - loss: 0.1016 - accuracy: 0.9799 - val_loss: 0.4897 - val_accuracy: 0.9104
Epoch 265/350
391/391 - 25s - loss: 0.1001 - accuracy: 0.9807 - val_loss: 0.4871 - val_accuracy: 0.9109
Epoch 266/350
391/391 - 25s - loss: 0.1012 - accuracy: 0.9803 - val_loss: 0.4893 - val_accuracy: 0.9113
Epoch 267/350
391/391 - 24s - loss: 0.1007 - accuracy: 0.9802 - val_loss: 0.4887 - val_accuracy: 0.9112
Epoch 268/350
391/391 - 24s - loss: 0.1023 - accuracy: 0.9801 - val_loss: 0.4878 - val_accuracy: 0.9112
Epoch 269/350
391/391 - 24s - loss: 0.0999 - accuracy: 0.9808 - val_loss: 0.4887 - val_accuracy: 0.9113
Epoch 270/350
391/391 - 24s - loss: 0.1021 - accuracy: 0.9795 - val_loss: 0.4904 - val_accuracy: 0.9111
Epoch 271/350
391/391 - 25s - loss: 0.0992 - accuracy: 0.9817 - val_loss: 0.4886 - val_accuracy: 0.9111
Epoch 272/350
391/391 - 25s - loss: 0.1000 - accuracy: 0.9802 - val_loss: 0.4902 - val_accuracy: 0.9104
Epoch 273/350
391/391 - 24s - loss: 0.1005 - accuracy: 0.9805 - val_loss: 0.4894 - val_accuracy: 0.9113
Epoch 274/350
391/391 - 24s - loss: 0.1008 - accuracy: 0.9807 - val_loss: 0.4923 - val_accuracy: 0.9102
Epoch 275/350
391/391 - 24s - loss: 0.0995 - accuracy: 0.9809 - val_loss: 0.4915 - val_accuracy: 0.9110
Epoch 276/350
391/391 - 24s - loss: 0.1034 - accuracy: 0.9794 - val_loss: 0.4891 - val_accuracy: 0.9109
Epoch 277/350
391/391 - 25s - loss: 0.1043 - accuracy: 0.9795 - val_loss: 0.4873 - val_accuracy: 0.9111
Epoch 278/350
391/391 - 25s - loss: 0.1013 - accuracy: 0.9807 - val_loss: 0.4890 - val_accuracy: 0.9104
Epoch 279/350
391/391 - 24s - loss: 0.1006 - accuracy: 0.9807 - val_loss: 0.4892 - val_accuracy: 0.9109
Epoch 280/350
391/391 - 25s - loss: 0.1013 - accuracy: 0.9803 - val_loss: 0.4902 - val_accuracy: 0.9099
Epoch 281/350
391/391 - 25s - loss: 0.0992 - accuracy: 0.9817 - val_loss: 0.4901 - val_accuracy: 0.9104
Epoch 282/350
391/391 - 24s - loss: 0.1015 - accuracy: 0.9801 - val_loss: 0.4879 - val_accuracy: 0.9108
Epoch 283/350
391/391 - 25s - loss: 0.1014 - accuracy: 0.9803 - val_loss: 0.4890 - val_accuracy: 0.9104
Epoch 284/350
391/391 - 25s - loss: 0.1010 - accuracy: 0.9810 - val_loss: 0.4906 - val_accuracy: 0.9108
Epoch 285/350
391/391 - 25s - loss: 0.1006 - accuracy: 0.9802 - val_loss: 0.4898 - val_accuracy: 0.9104
Epoch 286/350
391/391 - 24s - loss: 0.1003 - accuracy: 0.9807 - val_loss: 0.4893 - val_accuracy: 0.9105
Epoch 287/350
391/391 - 24s - loss: 0.1018 - accuracy: 0.9800 - val_loss: 0.4866 - val_accuracy: 0.9113
Epoch 288/350
391/391 - 25s - loss: 0.1001 - accuracy: 0.9809 - val_loss: 0.4875 - val_accuracy: 0.9108
Epoch 289/350
391/391 - 24s - loss: 0.1029 - accuracy: 0.9791 - val_loss: 0.4889 - val_accuracy: 0.9111
Epoch 290/350
391/391 - 24s - loss: 0.1000 - accuracy: 0.9816 - val_loss: 0.4891 - val_accuracy: 0.9115
Epoch 291/350
391/391 - 24s - loss: 0.0979 - accuracy: 0.9815 - val_loss: 0.4910 - val_accuracy: 0.9110
Epoch 292/350
391/391 - 24s - loss: 0.1008 - accuracy: 0.9813 - val_loss: 0.4905 - val_accuracy: 0.9116
Epoch 293/350
391/391 - 24s - loss: 0.1033 - accuracy: 0.9797 - val_loss: 0.4903 - val_accuracy: 0.9110
Epoch 294/350
391/391 - 24s - loss: 0.0997 - accuracy: 0.9800 - val_loss: 0.4907 - val_accuracy: 0.9107
Epoch 295/350
391/391 - 24s - loss: 0.0999 - accuracy: 0.9807 - val_loss: 0.4888 - val_accuracy: 0.9103
Epoch 296/350
391/391 - 24s - loss: 0.1016 - accuracy: 0.9803 - val_loss: 0.4877 - val_accuracy: 0.9108
Epoch 297/350
391/391 - 25s - loss: 0.0976 - accuracy: 0.9816 - val_loss: 0.4886 - val_accuracy: 0.9106
Epoch 298/350
391/391 - 24s - loss: 0.0990 - accuracy: 0.9810 - val_loss: 0.4879 - val_accuracy: 0.9100
Epoch 299/350
391/391 - 24s - loss: 0.1004 - accuracy: 0.9808 - val_loss: 0.4886 - val_accuracy: 0.9115
Epoch 300/350


Snapshot weight 4 shuffle 1 at epoch 300
Layer 11
Getting activations...


391/391 - 25s - loss: 0.0995 - accuracy: 0.9809 - val_loss: 0.4896 - val_accuracy: 0.9112
Epoch 301/350
391/391 - 24s - loss: 0.1010 - accuracy: 0.9807 - val_loss: 0.4891 - val_accuracy: 0.9113
Epoch 302/350
391/391 - 24s - loss: 0.0984 - accuracy: 0.9815 - val_loss: 0.4889 - val_accuracy: 0.9120
Epoch 303/350
391/391 - 24s - loss: 0.0999 - accuracy: 0.9804 - val_loss: 0.4889 - val_accuracy: 0.9119
Epoch 304/350
391/391 - 24s - loss: 0.1008 - accuracy: 0.9802 - val_loss: 0.4891 - val_accuracy: 0.9115
Epoch 305/350
391/391 - 24s - loss: 0.1022 - accuracy: 0.9802 - val_loss: 0.4892 - val_accuracy: 0.9114
Epoch 306/350
391/391 - 24s - loss: 0.1027 - accuracy: 0.9804 - val_loss: 0.4893 - val_accuracy: 0.9115
Epoch 307/350
391/391 - 24s - loss: 0.1017 - accuracy: 0.9797 - val_loss: 0.4896 - val_accuracy: 0.9113
Epoch 308/350
391/391 - 24s - loss: 0.0993 - accuracy: 0.9805 - val_loss: 0.4895 - val_accuracy: 0.9115
Epoch 309/350
391/391 - 25s - loss: 0.0977 - accuracy: 0.9817 - val_loss: 0.4898 - val_accuracy: 0.9114
Epoch 310/350
391/391 - 24s - loss: 0.0988 - accuracy: 0.9803 - val_loss: 0.4897 - val_accuracy: 0.9111
Epoch 311/350
391/391 - 25s - loss: 0.1030 - accuracy: 0.9794 - val_loss: 0.4900 - val_accuracy: 0.9112
Epoch 312/350
391/391 - 24s - loss: 0.1016 - accuracy: 0.9806 - val_loss: 0.4900 - val_accuracy: 0.9112
Epoch 313/350
391/391 - 25s - loss: 0.1003 - accuracy: 0.9809 - val_loss: 0.4903 - val_accuracy: 0.9114
Epoch 314/350
391/391 - 24s - loss: 0.0994 - accuracy: 0.9805 - val_loss: 0.4904 - val_accuracy: 0.9113
Epoch 315/350
391/391 - 24s - loss: 0.0993 - accuracy: 0.9812 - val_loss: 0.4906 - val_accuracy: 0.9109
Epoch 316/350
391/391 - 24s - loss: 0.0978 - accuracy: 0.9822 - val_loss: 0.4908 - val_accuracy: 0.9108
Epoch 317/350
391/391 - 25s - loss: 0.0971 - accuracy: 0.9818 - val_loss: 0.4910 - val_accuracy: 0.9110
Epoch 318/350
391/391 - 24s - loss: 0.1020 - accuracy: 0.9803 - val_loss: 0.4910 - val_accuracy: 0.9110
Epoch 319/350
391/391 - 24s - loss: 0.1002 - accuracy: 0.9801 - val_loss: 0.4912 - val_accuracy: 0.9112
Epoch 320/350
391/391 - 24s - loss: 0.1006 - accuracy: 0.9809 - val_loss: 0.4915 - val_accuracy: 0.9110
Epoch 321/350
391/391 - 24s - loss: 0.0996 - accuracy: 0.9812 - val_loss: 0.4911 - val_accuracy: 0.9110
Epoch 322/350
391/391 - 25s - loss: 0.1032 - accuracy: 0.9798 - val_loss: 0.4906 - val_accuracy: 0.9111
Epoch 323/350
391/391 - 25s - loss: 0.1012 - accuracy: 0.9806 - val_loss: 0.4905 - val_accuracy: 0.9111
Epoch 324/350
391/391 - 24s - loss: 0.0994 - accuracy: 0.9807 - val_loss: 0.4906 - val_accuracy: 0.9109
Epoch 325/350
391/391 - 24s - loss: 0.1004 - accuracy: 0.9805 - val_loss: 0.4912 - val_accuracy: 0.9112
Epoch 326/350
391/391 - 24s - loss: 0.1021 - accuracy: 0.9798 - val_loss: 0.4912 - val_accuracy: 0.9110
Epoch 327/350
391/391 - 24s - loss: 0.1015 - accuracy: 0.9801 - val_loss: 0.4909 - val_accuracy: 0.9110
Epoch 328/350
391/391 - 24s - loss: 0.1010 - accuracy: 0.9804 - val_loss: 0.4911 - val_accuracy: 0.9110
Epoch 329/350
391/391 - 25s - loss: 0.0973 - accuracy: 0.9820 - val_loss: 0.4910 - val_accuracy: 0.9111
Epoch 330/350
391/391 - 24s - loss: 0.1007 - accuracy: 0.9803 - val_loss: 0.4907 - val_accuracy: 0.9111
Epoch 331/350
391/391 - 25s - loss: 0.1009 - accuracy: 0.9800 - val_loss: 0.4902 - val_accuracy: 0.9111
Epoch 332/350
391/391 - 25s - loss: 0.0979 - accuracy: 0.9812 - val_loss: 0.4906 - val_accuracy: 0.9112
Epoch 333/350
391/391 - 25s - loss: 0.1001 - accuracy: 0.9809 - val_loss: 0.4908 - val_accuracy: 0.9106
Epoch 334/350
391/391 - 24s - loss: 0.1016 - accuracy: 0.9793 - val_loss: 0.4911 - val_accuracy: 0.9105
Epoch 335/350
391/391 - 24s - loss: 0.1001 - accuracy: 0.9804 - val_loss: 0.4911 - val_accuracy: 0.9109
Epoch 336/350
391/391 - 24s - loss: 0.1015 - accuracy: 0.9802 - val_loss: 0.4909 - val_accuracy: 0.9110
Epoch 337/350
391/391 - 24s - loss: 0.0987 - accuracy: 0.9810 - val_loss: 0.4904 - val_accuracy: 0.9112
Epoch 338/350
391/391 - 24s - loss: 0.1004 - accuracy: 0.9804 - val_loss: 0.4903 - val_accuracy: 0.9110
Epoch 339/350
391/391 - 24s - loss: 0.1011 - accuracy: 0.9809 - val_loss: 0.4905 - val_accuracy: 0.9109
Epoch 340/350
391/391 - 24s - loss: 0.1032 - accuracy: 0.9800 - val_loss: 0.4903 - val_accuracy: 0.9109
Epoch 341/350
391/391 - 24s - loss: 0.1029 - accuracy: 0.9796 - val_loss: 0.4897 - val_accuracy: 0.9112
Epoch 342/350
391/391 - 25s - loss: 0.0991 - accuracy: 0.9808 - val_loss: 0.4897 - val_accuracy: 0.9114
Epoch 343/350
391/391 - 25s - loss: 0.1016 - accuracy: 0.9800 - val_loss: 0.4902 - val_accuracy: 0.9111
Epoch 344/350
391/391 - 24s - loss: 0.1016 - accuracy: 0.9800 - val_loss: 0.4903 - val_accuracy: 0.9106
Epoch 345/350
391/391 - 25s - loss: 0.1026 - accuracy: 0.9795 - val_loss: 0.4900 - val_accuracy: 0.9106
Epoch 346/350
391/391 - 24s - loss: 0.0996 - accuracy: 0.9806 - val_loss: 0.4904 - val_accuracy: 0.9107
Epoch 347/350
391/391 - 24s - loss: 0.1009 - accuracy: 0.9802 - val_loss: 0.4900 - val_accuracy: 0.9105
Epoch 348/350
391/391 - 24s - loss: 0.1003 - accuracy: 0.9801 - val_loss: 0.4897 - val_accuracy: 0.9109
Epoch 349/350
391/391 - 24s - loss: 0.0990 - accuracy: 0.9810 - val_loss: 0.4898 - val_accuracy: 0.9106
Epoch 350/350


Snapshot weight 4 shuffle 1 at epoch 350
Layer 11
Getting activations...


391/391 - 25s - loss: 0.0987 - accuracy: 0.9813 - val_loss: 0.4899 - val_accuracy: 0.9108
WARNING:tensorflow:From /usr/local/lib/python3.6/dist-packages/tensorflow/python/training/tracking/tracking.py:111: Model.state_updates (from tensorflow.python.keras.engine.training) is deprecated and will be removed in a future version.
Instructions for updating:
This property should not be used in TensorFlow 2.0, as updates are applied automatically.
2021-07-01 21:15:35.397239: W tensorflow/python/util/util.cc:348] Sets are not currently considered sequences, but this may change in the future, so consider avoiding using them.
WARNING:tensorflow:From /usr/local/lib/python3.6/dist-packages/tensorflow/python/training/tracking/tracking.py:111: Layer.updates (from tensorflow.python.keras.engine.base_layer) is deprecated and will be removed in a future version.
Instructions for updating:
This property should not be used in TensorFlow 2.0, as updates are applied automatically.
Saving, final validation acc: 0.9107999801635742
