2021-07-02 07:27:28.569946: I tensorflow/stream_executor/platform/default/dso_loader.cc:48] Successfully opened dynamic library libcudart.so.10.1
2021-07-02 07:28:48.568113: I tensorflow/stream_executor/platform/default/dso_loader.cc:48] Successfully opened dynamic library libcuda.so.1
2021-07-02 07:28:48.605080: I tensorflow/core/common_runtime/gpu/gpu_device.cc:1716] Found device 0 with properties: 
pciBusID: 0000:03:00.0 name: NVIDIA TITAN X (Pascal) computeCapability: 6.1
coreClock: 1.531GHz coreCount: 28 deviceMemorySize: 11.91GiB deviceMemoryBandwidth: 447.48GiB/s
2021-07-02 07:28:48.605199: I tensorflow/stream_executor/platform/default/dso_loader.cc:48] Successfully opened dynamic library libcudart.so.10.1
2021-07-02 07:28:48.647774: I tensorflow/stream_executor/platform/default/dso_loader.cc:48] Successfully opened dynamic library libcublas.so.10
2021-07-02 07:28:48.669732: I tensorflow/stream_executor/platform/default/dso_loader.cc:48] Successfully opened dynamic library libcufft.so.10
2021-07-02 07:28:48.678674: I tensorflow/stream_executor/platform/default/dso_loader.cc:48] Successfully opened dynamic library libcurand.so.10
2021-07-02 07:28:48.724260: I tensorflow/stream_executor/platform/default/dso_loader.cc:48] Successfully opened dynamic library libcusolver.so.10
2021-07-02 07:28:48.733657: I tensorflow/stream_executor/platform/default/dso_loader.cc:48] Successfully opened dynamic library libcusparse.so.10
2021-07-02 07:28:48.813294: I tensorflow/stream_executor/platform/default/dso_loader.cc:48] Successfully opened dynamic library libcudnn.so.7
2021-07-02 07:28:48.815789: I tensorflow/core/common_runtime/gpu/gpu_device.cc:1858] Adding visible gpu devices: 0
2021-07-02 07:28:48.819631: I tensorflow/core/platform/cpu_feature_guard.cc:142] This TensorFlow binary is optimized with oneAPI Deep Neural Network Library (oneDNN)to use the following CPU instructions in performance-critical operations:  AVX2 FMA
To enable them in other operations, rebuild TensorFlow with the appropriate compiler flags.
2021-07-02 07:28:48.836406: I tensorflow/core/platform/profile_utils/cpu_utils.cc:104] CPU Frequency: 2599865000 Hz
2021-07-02 07:28:48.836580: I tensorflow/compiler/xla/service/service.cc:168] XLA service 0x3d10a10 initialized for platform Host (this does not guarantee that XLA will be used). Devices:
2021-07-02 07:28:48.836600: I tensorflow/compiler/xla/service/service.cc:176]   StreamExecutor device (0): Host, Default Version
2021-07-02 07:28:48.997381: I tensorflow/compiler/xla/service/service.cc:168] XLA service 0x3cf28b0 initialized for platform CUDA (this does not guarantee that XLA will be used). Devices:
2021-07-02 07:28:48.997477: I tensorflow/compiler/xla/service/service.cc:176]   StreamExecutor device (0): NVIDIA TITAN X (Pascal), Compute Capability 6.1
2021-07-02 07:28:49.000024: I tensorflow/core/common_runtime/gpu/gpu_device.cc:1716] Found device 0 with properties: 
pciBusID: 0000:03:00.0 name: NVIDIA TITAN X (Pascal) computeCapability: 6.1
coreClock: 1.531GHz coreCount: 28 deviceMemorySize: 11.91GiB deviceMemoryBandwidth: 447.48GiB/s
2021-07-02 07:28:49.000091: I tensorflow/stream_executor/platform/default/dso_loader.cc:48] Successfully opened dynamic library libcudart.so.10.1
2021-07-02 07:28:49.000147: I tensorflow/stream_executor/platform/default/dso_loader.cc:48] Successfully opened dynamic library libcublas.so.10
2021-07-02 07:28:49.000168: I tensorflow/stream_executor/platform/default/dso_loader.cc:48] Successfully opened dynamic library libcufft.so.10
2021-07-02 07:28:49.000187: I tensorflow/stream_executor/platform/default/dso_loader.cc:48] Successfully opened dynamic library libcurand.so.10
2021-07-02 07:28:49.000205: I tensorflow/stream_executor/platform/default/dso_loader.cc:48] Successfully opened dynamic library libcusolver.so.10
2021-07-02 07:28:49.000222: I tensorflow/stream_executor/platform/default/dso_loader.cc:48] Successfully opened dynamic library libcusparse.so.10
2021-07-02 07:28:49.000964: I tensorflow/stream_executor/platform/default/dso_loader.cc:48] Successfully opened dynamic library libcudnn.so.7
2021-07-02 07:28:49.002640: I tensorflow/core/common_runtime/gpu/gpu_device.cc:1858] Adding visible gpu devices: 0
2021-07-02 07:28:49.004663: I tensorflow/stream_executor/platform/default/dso_loader.cc:48] Successfully opened dynamic library libcudart.so.10.1
2021-07-02 07:28:50.868795: I tensorflow/core/common_runtime/gpu/gpu_device.cc:1257] Device interconnect StreamExecutor with strength 1 edge matrix:
2021-07-02 07:28:50.868889: I tensorflow/core/common_runtime/gpu/gpu_device.cc:1263]      0 
2021-07-02 07:28:50.868903: I tensorflow/core/common_runtime/gpu/gpu_device.cc:1276] 0:   N 
2021-07-02 07:28:50.876228: I tensorflow/core/common_runtime/gpu/gpu_device.cc:1402] Created TensorFlow device (/job:localhost/replica:0/task:0/device:GPU:0 with 11228 MB memory) -> physical GPU (device: 0, name: NVIDIA TITAN X (Pascal), pci bus id: 0000:03:00.0, compute capability: 6.1)
2021-07-02 07:28:56.981647: I tensorflow/stream_executor/platform/default/dso_loader.cc:48] Successfully opened dynamic library libcudnn.so.7
2021-07-02 07:28:59.617313: I tensorflow/stream_executor/platform/default/dso_loader.cc:48] Successfully opened dynamic library libcublas.so.10
/usr/local/lib/python3.6/dist-packages/tensorflow/python/autograph/impl/api.py:493: UserWarning: fill_value is not supported and is always 0 for TensorFlow < 2.4.0.
  return py_builtins.overload_of(f)(*args)
WARNING:tensorflow:Callbacks method `on_train_batch_end` is slow compared to the batch time (batch time: 0.0226s vs `on_train_batch_end` time: 0.0349s). Check your callbacks.
Using model index: 55
Making train data...
GCN...
ZCA...
Done!
Making test data...
Done!
Epoch 1/350


Snapshot weight 5 shuffle 5 at epoch 1
Layer 11
Getting activations...


391/391 - 26s - loss: 2.3191 - accuracy: 0.1048 - val_loss: 2.3266 - val_accuracy: 0.0948
Epoch 2/350


Snapshot weight 5 shuffle 5 at epoch 2
Layer 11
Getting activations...


391/391 - 26s - loss: 2.2873 - accuracy: 0.1279 - val_loss: 2.2880 - val_accuracy: 0.1243
Epoch 3/350


Snapshot weight 5 shuffle 5 at epoch 3
Layer 11
Getting activations...


391/391 - 25s - loss: 2.2087 - accuracy: 0.1517 - val_loss: 2.0898 - val_accuracy: 0.2354
Epoch 4/350


Snapshot weight 5 shuffle 5 at epoch 4
Layer 11
Getting activations...


391/391 - 25s - loss: 2.0505 - accuracy: 0.2540 - val_loss: 1.8857 - val_accuracy: 0.3203
Epoch 5/350


Snapshot weight 5 shuffle 5 at epoch 5
Layer 11
Getting activations...


391/391 - 25s - loss: 1.8200 - accuracy: 0.3540 - val_loss: 1.6368 - val_accuracy: 0.4266
Epoch 6/350


Snapshot weight 5 shuffle 5 at epoch 6
Layer 11
Getting activations...


391/391 - 25s - loss: 1.5125 - accuracy: 0.4626 - val_loss: 1.3891 - val_accuracy: 0.5172
Epoch 7/350


Snapshot weight 5 shuffle 5 at epoch 7
Layer 11
Getting activations...


391/391 - 25s - loss: 1.3586 - accuracy: 0.5206 - val_loss: 1.2661 - val_accuracy: 0.5575
Epoch 8/350


Snapshot weight 5 shuffle 5 at epoch 8
Layer 11
Getting activations...


391/391 - 25s - loss: 1.2394 - accuracy: 0.5681 - val_loss: 1.1312 - val_accuracy: 0.6008
Epoch 9/350


Snapshot weight 5 shuffle 5 at epoch 9
Layer 11
Getting activations...


391/391 - 25s - loss: 1.1453 - accuracy: 0.6002 - val_loss: 1.0262 - val_accuracy: 0.6391
Epoch 10/350


Snapshot weight 5 shuffle 5 at epoch 10
Layer 11
Getting activations...


391/391 - 25s - loss: 1.0780 - accuracy: 0.6240 - val_loss: 1.1261 - val_accuracy: 0.6235
Epoch 11/350
391/391 - 25s - loss: 1.0277 - accuracy: 0.6435 - val_loss: 0.9837 - val_accuracy: 0.6684
Epoch 12/350
391/391 - 25s - loss: 0.9792 - accuracy: 0.6641 - val_loss: 0.9102 - val_accuracy: 0.6836
Epoch 13/350
391/391 - 25s - loss: 0.9423 - accuracy: 0.6773 - val_loss: 0.8533 - val_accuracy: 0.7038
Epoch 14/350
391/391 - 25s - loss: 0.9095 - accuracy: 0.6880 - val_loss: 0.8481 - val_accuracy: 0.7129
Epoch 15/350
391/391 - 25s - loss: 0.8795 - accuracy: 0.6992 - val_loss: 0.9155 - val_accuracy: 0.6848
Epoch 16/350
391/391 - 25s - loss: 0.8567 - accuracy: 0.7080 - val_loss: 0.8626 - val_accuracy: 0.7156
Epoch 17/350
391/391 - 25s - loss: 0.8164 - accuracy: 0.7237 - val_loss: 0.7490 - val_accuracy: 0.7501
Epoch 18/350
391/391 - 25s - loss: 0.7828 - accuracy: 0.7372 - val_loss: 0.7380 - val_accuracy: 0.7494
Epoch 19/350
391/391 - 25s - loss: 0.7576 - accuracy: 0.7459 - val_loss: 0.6816 - val_accuracy: 0.7730
Epoch 20/350
391/391 - 25s - loss: 0.7316 - accuracy: 0.7542 - val_loss: 0.6705 - val_accuracy: 0.7786
Epoch 21/350
391/391 - 25s - loss: 0.7140 - accuracy: 0.7613 - val_loss: 0.7307 - val_accuracy: 0.7607
Epoch 22/350
391/391 - 25s - loss: 0.6891 - accuracy: 0.7701 - val_loss: 0.6450 - val_accuracy: 0.7911
Epoch 23/350
391/391 - 25s - loss: 0.6656 - accuracy: 0.7795 - val_loss: 0.6399 - val_accuracy: 0.7952
Epoch 24/350
391/391 - 25s - loss: 0.6466 - accuracy: 0.7850 - val_loss: 0.5936 - val_accuracy: 0.8063
Epoch 25/350
391/391 - 25s - loss: 0.6388 - accuracy: 0.7875 - val_loss: 0.6246 - val_accuracy: 0.8036
Epoch 26/350
391/391 - 25s - loss: 0.6187 - accuracy: 0.7961 - val_loss: 0.5773 - val_accuracy: 0.8119
Epoch 27/350
391/391 - 25s - loss: 0.6055 - accuracy: 0.7992 - val_loss: 0.6188 - val_accuracy: 0.8004
Epoch 28/350
391/391 - 25s - loss: 0.5988 - accuracy: 0.8027 - val_loss: 0.5785 - val_accuracy: 0.8170
Epoch 29/350
391/391 - 25s - loss: 0.5777 - accuracy: 0.8069 - val_loss: 0.5285 - val_accuracy: 0.8342
Epoch 30/350
391/391 - 25s - loss: 0.5690 - accuracy: 0.8127 - val_loss: 0.5552 - val_accuracy: 0.8259
Epoch 31/350
391/391 - 25s - loss: 0.5567 - accuracy: 0.8163 - val_loss: 0.5249 - val_accuracy: 0.8317
Epoch 32/350
391/391 - 25s - loss: 0.5444 - accuracy: 0.8211 - val_loss: 0.5144 - val_accuracy: 0.8382
Epoch 33/350
391/391 - 25s - loss: 0.5414 - accuracy: 0.8219 - val_loss: 0.5485 - val_accuracy: 0.8287
Epoch 34/350
391/391 - 25s - loss: 0.5253 - accuracy: 0.8278 - val_loss: 0.5421 - val_accuracy: 0.8256
Epoch 35/350
391/391 - 25s - loss: 0.5112 - accuracy: 0.8339 - val_loss: 0.4845 - val_accuracy: 0.8432
Epoch 36/350
391/391 - 25s - loss: 0.5087 - accuracy: 0.8333 - val_loss: 0.4968 - val_accuracy: 0.8429
Epoch 37/350
391/391 - 25s - loss: 0.4939 - accuracy: 0.8385 - val_loss: 0.5264 - val_accuracy: 0.8324
Epoch 38/350
391/391 - 25s - loss: 0.4893 - accuracy: 0.8406 - val_loss: 0.4903 - val_accuracy: 0.8487
Epoch 39/350
391/391 - 25s - loss: 0.4818 - accuracy: 0.8431 - val_loss: 0.4858 - val_accuracy: 0.8476
Epoch 40/350
391/391 - 25s - loss: 0.4766 - accuracy: 0.8448 - val_loss: 0.4932 - val_accuracy: 0.8430
Epoch 41/350
391/391 - 25s - loss: 0.4650 - accuracy: 0.8488 - val_loss: 0.4847 - val_accuracy: 0.8496
Epoch 42/350
391/391 - 25s - loss: 0.4625 - accuracy: 0.8510 - val_loss: 0.4533 - val_accuracy: 0.8585
Epoch 43/350
391/391 - 25s - loss: 0.4541 - accuracy: 0.8541 - val_loss: 0.4930 - val_accuracy: 0.8519
Epoch 44/350
391/391 - 25s - loss: 0.4457 - accuracy: 0.8549 - val_loss: 0.4637 - val_accuracy: 0.8522
Epoch 45/350
391/391 - 25s - loss: 0.4457 - accuracy: 0.8532 - val_loss: 0.4665 - val_accuracy: 0.8570
Epoch 46/350
391/391 - 25s - loss: 0.4338 - accuracy: 0.8593 - val_loss: 0.4460 - val_accuracy: 0.8595
Epoch 47/350
391/391 - 25s - loss: 0.4274 - accuracy: 0.8620 - val_loss: 0.4391 - val_accuracy: 0.8647
Epoch 48/350
391/391 - 25s - loss: 0.4228 - accuracy: 0.8632 - val_loss: 0.4658 - val_accuracy: 0.8626
Epoch 49/350
391/391 - 25s - loss: 0.4164 - accuracy: 0.8673 - val_loss: 0.4494 - val_accuracy: 0.8629
Epoch 50/350


Snapshot weight 5 shuffle 5 at epoch 50
Layer 11
Getting activations...


391/391 - 25s - loss: 0.4206 - accuracy: 0.8640 - val_loss: 0.4548 - val_accuracy: 0.8623
Epoch 51/350
391/391 - 25s - loss: 0.4087 - accuracy: 0.8688 - val_loss: 0.4663 - val_accuracy: 0.8569
Epoch 52/350
391/391 - 25s - loss: 0.3974 - accuracy: 0.8725 - val_loss: 0.4640 - val_accuracy: 0.8631
Epoch 53/350
391/391 - 25s - loss: 0.4004 - accuracy: 0.8713 - val_loss: 0.4520 - val_accuracy: 0.8595
Epoch 54/350
391/391 - 25s - loss: 0.3965 - accuracy: 0.8730 - val_loss: 0.4441 - val_accuracy: 0.8643
Epoch 55/350
391/391 - 25s - loss: 0.3944 - accuracy: 0.8738 - val_loss: 0.4412 - val_accuracy: 0.8691
Epoch 56/350
391/391 - 25s - loss: 0.3833 - accuracy: 0.8787 - val_loss: 0.4430 - val_accuracy: 0.8657
Epoch 57/350
391/391 - 25s - loss: 0.3819 - accuracy: 0.8777 - val_loss: 0.4205 - val_accuracy: 0.8760
Epoch 58/350
391/391 - 25s - loss: 0.3775 - accuracy: 0.8805 - val_loss: 0.4390 - val_accuracy: 0.8690
Epoch 59/350
391/391 - 25s - loss: 0.3744 - accuracy: 0.8809 - val_loss: 0.4299 - val_accuracy: 0.8735
Epoch 60/350
391/391 - 25s - loss: 0.3683 - accuracy: 0.8823 - val_loss: 0.4684 - val_accuracy: 0.8625
Epoch 61/350
391/391 - 25s - loss: 0.3635 - accuracy: 0.8841 - val_loss: 0.4436 - val_accuracy: 0.8740
Epoch 62/350
391/391 - 25s - loss: 0.3620 - accuracy: 0.8848 - val_loss: 0.4587 - val_accuracy: 0.8666
Epoch 63/350
391/391 - 25s - loss: 0.3505 - accuracy: 0.8889 - val_loss: 0.4534 - val_accuracy: 0.8687
Epoch 64/350
391/391 - 25s - loss: 0.3560 - accuracy: 0.8865 - val_loss: 0.4649 - val_accuracy: 0.8666
Epoch 65/350
391/391 - 25s - loss: 0.3512 - accuracy: 0.8905 - val_loss: 0.4199 - val_accuracy: 0.8735
Epoch 66/350
391/391 - 25s - loss: 0.3422 - accuracy: 0.8911 - val_loss: 0.4156 - val_accuracy: 0.8765
Epoch 67/350
391/391 - 25s - loss: 0.3405 - accuracy: 0.8913 - val_loss: 0.4373 - val_accuracy: 0.8718
Epoch 68/350
391/391 - 25s - loss: 0.3420 - accuracy: 0.8910 - val_loss: 0.4582 - val_accuracy: 0.8748
Epoch 69/350
391/391 - 25s - loss: 0.3395 - accuracy: 0.8926 - val_loss: 0.4265 - val_accuracy: 0.8785
Epoch 70/350
391/391 - 25s - loss: 0.3286 - accuracy: 0.8974 - val_loss: 0.4392 - val_accuracy: 0.8762
Epoch 71/350
391/391 - 25s - loss: 0.3349 - accuracy: 0.8975 - val_loss: 0.4749 - val_accuracy: 0.8539
Epoch 72/350
391/391 - 25s - loss: 0.3270 - accuracy: 0.8970 - val_loss: 0.4443 - val_accuracy: 0.8733
Epoch 73/350
391/391 - 25s - loss: 0.3218 - accuracy: 0.8991 - val_loss: 0.4100 - val_accuracy: 0.8812
Epoch 74/350
391/391 - 25s - loss: 0.3206 - accuracy: 0.9003 - val_loss: 0.4519 - val_accuracy: 0.8752
Epoch 75/350
391/391 - 25s - loss: 0.3160 - accuracy: 0.9009 - val_loss: 0.4546 - val_accuracy: 0.8750
Epoch 76/350
391/391 - 25s - loss: 0.3136 - accuracy: 0.9012 - val_loss: 0.4390 - val_accuracy: 0.8728
Epoch 77/350
391/391 - 25s - loss: 0.3128 - accuracy: 0.9022 - val_loss: 0.4459 - val_accuracy: 0.8784
Epoch 78/350
391/391 - 25s - loss: 0.3105 - accuracy: 0.9029 - val_loss: 0.4130 - val_accuracy: 0.8833
Epoch 79/350
391/391 - 25s - loss: 0.3076 - accuracy: 0.9053 - val_loss: 0.4112 - val_accuracy: 0.8805
Epoch 80/350
391/391 - 25s - loss: 0.3083 - accuracy: 0.9049 - val_loss: 0.4109 - val_accuracy: 0.8820
Epoch 81/350
391/391 - 25s - loss: 0.3070 - accuracy: 0.9050 - val_loss: 0.4473 - val_accuracy: 0.8728
Epoch 82/350
391/391 - 25s - loss: 0.3001 - accuracy: 0.9069 - val_loss: 0.4307 - val_accuracy: 0.8813
Epoch 83/350
391/391 - 25s - loss: 0.2943 - accuracy: 0.9091 - val_loss: 0.4025 - val_accuracy: 0.8865
Epoch 84/350
391/391 - 25s - loss: 0.2978 - accuracy: 0.9081 - val_loss: 0.4116 - val_accuracy: 0.8840
Epoch 85/350
391/391 - 25s - loss: 0.2930 - accuracy: 0.9095 - val_loss: 0.4444 - val_accuracy: 0.8683
Epoch 86/350
391/391 - 25s - loss: 0.2905 - accuracy: 0.9084 - val_loss: 0.4262 - val_accuracy: 0.8788
Epoch 87/350
391/391 - 25s - loss: 0.2886 - accuracy: 0.9098 - val_loss: 0.4429 - val_accuracy: 0.8837
Epoch 88/350
391/391 - 25s - loss: 0.2856 - accuracy: 0.9107 - val_loss: 0.4345 - val_accuracy: 0.8796
Epoch 89/350
391/391 - 25s - loss: 0.2856 - accuracy: 0.9120 - val_loss: 0.4085 - val_accuracy: 0.8844
Epoch 90/350
391/391 - 25s - loss: 0.2817 - accuracy: 0.9132 - val_loss: 0.4164 - val_accuracy: 0.8847
Epoch 91/350
391/391 - 25s - loss: 0.2849 - accuracy: 0.9128 - val_loss: 0.4473 - val_accuracy: 0.8792
Epoch 92/350
391/391 - 25s - loss: 0.2730 - accuracy: 0.9154 - val_loss: 0.4312 - val_accuracy: 0.8870
Epoch 93/350
391/391 - 25s - loss: 0.2740 - accuracy: 0.9156 - val_loss: 0.4176 - val_accuracy: 0.8858
Epoch 94/350
391/391 - 25s - loss: 0.2758 - accuracy: 0.9150 - val_loss: 0.4130 - val_accuracy: 0.8843
Epoch 95/350
391/391 - 25s - loss: 0.2708 - accuracy: 0.9174 - val_loss: 0.4208 - val_accuracy: 0.8862
Epoch 96/350
391/391 - 25s - loss: 0.2680 - accuracy: 0.9183 - val_loss: 0.4746 - val_accuracy: 0.8751
Epoch 97/350
391/391 - 25s - loss: 0.2651 - accuracy: 0.9196 - val_loss: 0.4066 - val_accuracy: 0.8880
Epoch 98/350
391/391 - 25s - loss: 0.2674 - accuracy: 0.9193 - val_loss: 0.4167 - val_accuracy: 0.8882
Epoch 99/350
391/391 - 25s - loss: 0.2616 - accuracy: 0.9200 - val_loss: 0.4281 - val_accuracy: 0.8814
Epoch 100/350


Snapshot weight 5 shuffle 5 at epoch 100
Layer 11
Getting activations...


391/391 - 25s - loss: 0.2630 - accuracy: 0.9202 - val_loss: 0.4152 - val_accuracy: 0.8874
Epoch 101/350
391/391 - 25s - loss: 0.2540 - accuracy: 0.9233 - val_loss: 0.4165 - val_accuracy: 0.8896
Epoch 102/350
391/391 - 25s - loss: 0.2586 - accuracy: 0.9223 - val_loss: 0.4390 - val_accuracy: 0.8886
Epoch 103/350
391/391 - 25s - loss: 0.2541 - accuracy: 0.9243 - val_loss: 0.4239 - val_accuracy: 0.8846
Epoch 104/350
391/391 - 25s - loss: 0.2539 - accuracy: 0.9252 - val_loss: 0.4183 - val_accuracy: 0.8885
Epoch 105/350
391/391 - 25s - loss: 0.2523 - accuracy: 0.9240 - val_loss: 0.4335 - val_accuracy: 0.8857
Epoch 106/350
391/391 - 25s - loss: 0.2488 - accuracy: 0.9246 - val_loss: 0.4368 - val_accuracy: 0.8842
Epoch 107/350
391/391 - 25s - loss: 0.2494 - accuracy: 0.9236 - val_loss: 0.4326 - val_accuracy: 0.8850
Epoch 108/350
391/391 - 25s - loss: 0.2489 - accuracy: 0.9254 - val_loss: 0.4373 - val_accuracy: 0.8878
Epoch 109/350
391/391 - 25s - loss: 0.2459 - accuracy: 0.9269 - val_loss: 0.4293 - val_accuracy: 0.8912
Epoch 110/350
391/391 - 25s - loss: 0.2464 - accuracy: 0.9258 - val_loss: 0.4273 - val_accuracy: 0.8883
Epoch 111/350
391/391 - 25s - loss: 0.2448 - accuracy: 0.9268 - val_loss: 0.4144 - val_accuracy: 0.8890
Epoch 112/350
391/391 - 25s - loss: 0.2402 - accuracy: 0.9284 - val_loss: 0.4252 - val_accuracy: 0.8903
Epoch 113/350
391/391 - 25s - loss: 0.2376 - accuracy: 0.9294 - val_loss: 0.4190 - val_accuracy: 0.8901
Epoch 114/350
391/391 - 25s - loss: 0.2374 - accuracy: 0.9306 - val_loss: 0.4402 - val_accuracy: 0.8858
Epoch 115/350
391/391 - 25s - loss: 0.2376 - accuracy: 0.9292 - val_loss: 0.4277 - val_accuracy: 0.8885
Epoch 116/350
391/391 - 25s - loss: 0.2399 - accuracy: 0.9293 - val_loss: 0.4223 - val_accuracy: 0.8893
Epoch 117/350
391/391 - 25s - loss: 0.2321 - accuracy: 0.9314 - val_loss: 0.4220 - val_accuracy: 0.8880
Epoch 118/350
391/391 - 25s - loss: 0.2322 - accuracy: 0.9315 - val_loss: 0.4360 - val_accuracy: 0.8873
Epoch 119/350
391/391 - 25s - loss: 0.2344 - accuracy: 0.9305 - val_loss: 0.4016 - val_accuracy: 0.8923
Epoch 120/350
391/391 - 25s - loss: 0.2301 - accuracy: 0.9312 - val_loss: 0.4494 - val_accuracy: 0.8848
Epoch 121/350
391/391 - 25s - loss: 0.2291 - accuracy: 0.9320 - val_loss: 0.4259 - val_accuracy: 0.8912
Epoch 122/350
391/391 - 25s - loss: 0.2275 - accuracy: 0.9338 - val_loss: 0.4328 - val_accuracy: 0.8909
Epoch 123/350
391/391 - 25s - loss: 0.2294 - accuracy: 0.9326 - val_loss: 0.4175 - val_accuracy: 0.8869
Epoch 124/350
391/391 - 25s - loss: 0.2274 - accuracy: 0.9326 - val_loss: 0.4368 - val_accuracy: 0.8936
Epoch 125/350
391/391 - 25s - loss: 0.2279 - accuracy: 0.9342 - val_loss: 0.4087 - val_accuracy: 0.8956
Epoch 126/350
391/391 - 25s - loss: 0.2256 - accuracy: 0.9341 - val_loss: 0.4137 - val_accuracy: 0.8924
Epoch 127/350
391/391 - 25s - loss: 0.2247 - accuracy: 0.9341 - val_loss: 0.4069 - val_accuracy: 0.8962
Epoch 128/350
391/391 - 25s - loss: 0.2212 - accuracy: 0.9358 - val_loss: 0.4322 - val_accuracy: 0.8934
Epoch 129/350
391/391 - 25s - loss: 0.2215 - accuracy: 0.9361 - val_loss: 0.4313 - val_accuracy: 0.8944
Epoch 130/350
391/391 - 25s - loss: 0.2201 - accuracy: 0.9364 - val_loss: 0.4447 - val_accuracy: 0.8854
Epoch 131/350
391/391 - 25s - loss: 0.2199 - accuracy: 0.9379 - val_loss: 0.4326 - val_accuracy: 0.8903
Epoch 132/350
391/391 - 25s - loss: 0.2205 - accuracy: 0.9352 - val_loss: 0.4341 - val_accuracy: 0.8936
Epoch 133/350
391/391 - 25s - loss: 0.2152 - accuracy: 0.9383 - val_loss: 0.4263 - val_accuracy: 0.8971
Epoch 134/350
391/391 - 25s - loss: 0.2149 - accuracy: 0.9388 - val_loss: 0.4196 - val_accuracy: 0.8935
Epoch 135/350
391/391 - 25s - loss: 0.2115 - accuracy: 0.9405 - val_loss: 0.4702 - val_accuracy: 0.8878
Epoch 136/350
391/391 - 25s - loss: 0.2170 - accuracy: 0.9367 - val_loss: 0.4367 - val_accuracy: 0.8920
Epoch 137/350
391/391 - 25s - loss: 0.2104 - accuracy: 0.9410 - val_loss: 0.4397 - val_accuracy: 0.8946
Epoch 138/350
391/391 - 25s - loss: 0.2091 - accuracy: 0.9398 - val_loss: 0.4938 - val_accuracy: 0.8858
Epoch 139/350
391/391 - 25s - loss: 0.2081 - accuracy: 0.9412 - val_loss: 0.4142 - val_accuracy: 0.8963
Epoch 140/350
391/391 - 25s - loss: 0.2118 - accuracy: 0.9392 - val_loss: 0.4463 - val_accuracy: 0.8896
Epoch 141/350
391/391 - 25s - loss: 0.2127 - accuracy: 0.9381 - val_loss: 0.4496 - val_accuracy: 0.8922
Epoch 142/350
391/391 - 25s - loss: 0.2074 - accuracy: 0.9404 - val_loss: 0.4721 - val_accuracy: 0.8917
Epoch 143/350
391/391 - 25s - loss: 0.2080 - accuracy: 0.9403 - val_loss: 0.4282 - val_accuracy: 0.8954
Epoch 144/350
391/391 - 25s - loss: 0.2046 - accuracy: 0.9422 - val_loss: 0.4706 - val_accuracy: 0.8907
Epoch 145/350
391/391 - 25s - loss: 0.1994 - accuracy: 0.9448 - val_loss: 0.4509 - val_accuracy: 0.8943
Epoch 146/350
391/391 - 25s - loss: 0.2054 - accuracy: 0.9424 - val_loss: 0.4448 - val_accuracy: 0.8931
Epoch 147/350
391/391 - 25s - loss: 0.2011 - accuracy: 0.9439 - val_loss: 0.4551 - val_accuracy: 0.8929
Epoch 148/350
391/391 - 25s - loss: 0.2015 - accuracy: 0.9441 - val_loss: 0.4107 - val_accuracy: 0.8978
Epoch 149/350
391/391 - 25s - loss: 0.1948 - accuracy: 0.9465 - val_loss: 0.4457 - val_accuracy: 0.8983
Epoch 150/350


Snapshot weight 5 shuffle 5 at epoch 150
Layer 11
Getting activations...


391/391 - 25s - loss: 0.1988 - accuracy: 0.9446 - val_loss: 0.4171 - val_accuracy: 0.8986
Epoch 151/350
391/391 - 25s - loss: 0.1979 - accuracy: 0.9446 - val_loss: 0.4504 - val_accuracy: 0.8970
Epoch 152/350
391/391 - 25s - loss: 0.1959 - accuracy: 0.9459 - val_loss: 0.4381 - val_accuracy: 0.8927
Epoch 153/350
391/391 - 25s - loss: 0.1957 - accuracy: 0.9458 - val_loss: 0.4351 - val_accuracy: 0.8992
Epoch 154/350
391/391 - 25s - loss: 0.1970 - accuracy: 0.9456 - val_loss: 0.4699 - val_accuracy: 0.8894
Epoch 155/350
391/391 - 25s - loss: 0.1966 - accuracy: 0.9450 - val_loss: 0.4562 - val_accuracy: 0.8952
Epoch 156/350
391/391 - 25s - loss: 0.1906 - accuracy: 0.9474 - val_loss: 0.4574 - val_accuracy: 0.8858
Epoch 157/350
391/391 - 25s - loss: 0.1962 - accuracy: 0.9456 - val_loss: 0.4576 - val_accuracy: 0.8960
Epoch 158/350
391/391 - 25s - loss: 0.1886 - accuracy: 0.9488 - val_loss: 0.4507 - val_accuracy: 0.8967
Epoch 159/350
391/391 - 25s - loss: 0.1953 - accuracy: 0.9466 - val_loss: 0.4905 - val_accuracy: 0.8904
Epoch 160/350
391/391 - 25s - loss: 0.1893 - accuracy: 0.9487 - val_loss: 0.4533 - val_accuracy: 0.8968
Epoch 161/350
391/391 - 25s - loss: 0.1898 - accuracy: 0.9478 - val_loss: 0.4403 - val_accuracy: 0.8939
Epoch 162/350
391/391 - 25s - loss: 0.1935 - accuracy: 0.9469 - val_loss: 0.4668 - val_accuracy: 0.8964
Epoch 163/350
391/391 - 25s - loss: 0.1905 - accuracy: 0.9478 - val_loss: 0.4457 - val_accuracy: 0.8956
Epoch 164/350
391/391 - 25s - loss: 0.1872 - accuracy: 0.9486 - val_loss: 0.4196 - val_accuracy: 0.9032
Epoch 165/350
391/391 - 25s - loss: 0.1851 - accuracy: 0.9502 - val_loss: 0.4586 - val_accuracy: 0.8993
Epoch 166/350
391/391 - 25s - loss: 0.1850 - accuracy: 0.9503 - val_loss: 0.4534 - val_accuracy: 0.8937
Epoch 167/350
391/391 - 25s - loss: 0.1874 - accuracy: 0.9488 - val_loss: 0.4544 - val_accuracy: 0.8971
Epoch 168/350
391/391 - 25s - loss: 0.1827 - accuracy: 0.9506 - val_loss: 0.4701 - val_accuracy: 0.8971
Epoch 169/350
391/391 - 25s - loss: 0.1826 - accuracy: 0.9501 - val_loss: 0.4414 - val_accuracy: 0.8957
Epoch 170/350
391/391 - 25s - loss: 0.1855 - accuracy: 0.9506 - val_loss: 0.4630 - val_accuracy: 0.8970
Epoch 171/350
391/391 - 25s - loss: 0.1812 - accuracy: 0.9510 - val_loss: 0.4598 - val_accuracy: 0.8969
Epoch 172/350
391/391 - 25s - loss: 0.1833 - accuracy: 0.9504 - val_loss: 0.4394 - val_accuracy: 0.8969
Epoch 173/350
391/391 - 25s - loss: 0.1847 - accuracy: 0.9504 - val_loss: 0.4592 - val_accuracy: 0.8950
Epoch 174/350
391/391 - 25s - loss: 0.1823 - accuracy: 0.9509 - val_loss: 0.4399 - val_accuracy: 0.8990
Epoch 175/350
391/391 - 25s - loss: 0.1821 - accuracy: 0.9514 - val_loss: 0.4168 - val_accuracy: 0.8992
Epoch 176/350
391/391 - 25s - loss: 0.1803 - accuracy: 0.9517 - val_loss: 0.4501 - val_accuracy: 0.9003
Epoch 177/350
391/391 - 25s - loss: 0.1813 - accuracy: 0.9520 - val_loss: 0.4449 - val_accuracy: 0.8941
Epoch 178/350
391/391 - 25s - loss: 0.1769 - accuracy: 0.9526 - val_loss: 0.4789 - val_accuracy: 0.8920
Epoch 179/350
391/391 - 25s - loss: 0.1756 - accuracy: 0.9532 - val_loss: 0.4112 - val_accuracy: 0.9026
Epoch 180/350
391/391 - 25s - loss: 0.1749 - accuracy: 0.9543 - val_loss: 0.4730 - val_accuracy: 0.8950
Epoch 181/350
391/391 - 25s - loss: 0.1761 - accuracy: 0.9539 - val_loss: 0.4608 - val_accuracy: 0.9020
Epoch 182/350
391/391 - 25s - loss: 0.1774 - accuracy: 0.9533 - val_loss: 0.4573 - val_accuracy: 0.8986
Epoch 183/350
391/391 - 25s - loss: 0.1777 - accuracy: 0.9531 - val_loss: 0.4498 - val_accuracy: 0.8990
Epoch 184/350
391/391 - 25s - loss: 0.1754 - accuracy: 0.9546 - val_loss: 0.4445 - val_accuracy: 0.9006
Epoch 185/350
391/391 - 25s - loss: 0.1753 - accuracy: 0.9547 - val_loss: 0.4793 - val_accuracy: 0.8944
Epoch 186/350
391/391 - 25s - loss: 0.1755 - accuracy: 0.9532 - val_loss: 0.4604 - val_accuracy: 0.8949
Epoch 187/350
391/391 - 25s - loss: 0.1752 - accuracy: 0.9542 - val_loss: 0.4342 - val_accuracy: 0.8994
Epoch 188/350
391/391 - 25s - loss: 0.1744 - accuracy: 0.9542 - val_loss: 0.4670 - val_accuracy: 0.9004
Epoch 189/350
391/391 - 25s - loss: 0.1769 - accuracy: 0.9529 - val_loss: 0.4812 - val_accuracy: 0.8929
Epoch 190/350
391/391 - 25s - loss: 0.1762 - accuracy: 0.9539 - val_loss: 0.4410 - val_accuracy: 0.8999
Epoch 191/350
391/391 - 25s - loss: 0.1700 - accuracy: 0.9555 - val_loss: 0.4316 - val_accuracy: 0.8991
Epoch 192/350
391/391 - 25s - loss: 0.1736 - accuracy: 0.9543 - val_loss: 0.4790 - val_accuracy: 0.8921
Epoch 193/350
391/391 - 25s - loss: 0.1746 - accuracy: 0.9540 - val_loss: 0.4460 - val_accuracy: 0.8981
Epoch 194/350
391/391 - 25s - loss: 0.1625 - accuracy: 0.9577 - val_loss: 0.4369 - val_accuracy: 0.9015
Epoch 195/350
391/391 - 25s - loss: 0.1657 - accuracy: 0.9574 - val_loss: 0.4801 - val_accuracy: 0.8982
Epoch 196/350
391/391 - 25s - loss: 0.1685 - accuracy: 0.9563 - val_loss: 0.4437 - val_accuracy: 0.8987
Epoch 197/350
391/391 - 25s - loss: 0.1674 - accuracy: 0.9570 - val_loss: 0.4790 - val_accuracy: 0.8936
Epoch 198/350
391/391 - 25s - loss: 0.1707 - accuracy: 0.9553 - val_loss: 0.4354 - val_accuracy: 0.9040
Epoch 199/350
391/391 - 25s - loss: 0.1681 - accuracy: 0.9571 - val_loss: 0.4542 - val_accuracy: 0.8969
Epoch 200/350


Snapshot weight 5 shuffle 5 at epoch 200
Layer 11
Getting activations...


391/391 - 25s - loss: 0.1617 - accuracy: 0.9597 - val_loss: 0.5011 - val_accuracy: 0.8943
Epoch 201/350
391/391 - 25s - loss: 0.1382 - accuracy: 0.9678 - val_loss: 0.4671 - val_accuracy: 0.9025
Epoch 202/350
391/391 - 25s - loss: 0.1281 - accuracy: 0.9708 - val_loss: 0.4529 - val_accuracy: 0.9061
Epoch 203/350
391/391 - 25s - loss: 0.1244 - accuracy: 0.9734 - val_loss: 0.4568 - val_accuracy: 0.9047
Epoch 204/350
391/391 - 25s - loss: 0.1215 - accuracy: 0.9741 - val_loss: 0.4639 - val_accuracy: 0.9060
Epoch 205/350
391/391 - 25s - loss: 0.1206 - accuracy: 0.9734 - val_loss: 0.4637 - val_accuracy: 0.9058
Epoch 206/350
391/391 - 25s - loss: 0.1210 - accuracy: 0.9727 - val_loss: 0.4739 - val_accuracy: 0.9043
Epoch 207/350
391/391 - 25s - loss: 0.1204 - accuracy: 0.9731 - val_loss: 0.4690 - val_accuracy: 0.9044
Epoch 208/350
391/391 - 24s - loss: 0.1171 - accuracy: 0.9755 - val_loss: 0.4774 - val_accuracy: 0.9057
Epoch 209/350
391/391 - 25s - loss: 0.1175 - accuracy: 0.9752 - val_loss: 0.4579 - val_accuracy: 0.9067
Epoch 210/350
391/391 - 25s - loss: 0.1159 - accuracy: 0.9756 - val_loss: 0.4699 - val_accuracy: 0.9071
Epoch 211/350
391/391 - 25s - loss: 0.1158 - accuracy: 0.9756 - val_loss: 0.4858 - val_accuracy: 0.9053
Epoch 212/350
391/391 - 25s - loss: 0.1137 - accuracy: 0.9755 - val_loss: 0.4843 - val_accuracy: 0.9060
Epoch 213/350
391/391 - 25s - loss: 0.1151 - accuracy: 0.9751 - val_loss: 0.4685 - val_accuracy: 0.9080
Epoch 214/350
391/391 - 25s - loss: 0.1117 - accuracy: 0.9771 - val_loss: 0.4744 - val_accuracy: 0.9066
Epoch 215/350
391/391 - 25s - loss: 0.1135 - accuracy: 0.9763 - val_loss: 0.4686 - val_accuracy: 0.9062
Epoch 216/350
391/391 - 25s - loss: 0.1152 - accuracy: 0.9759 - val_loss: 0.4770 - val_accuracy: 0.9066
Epoch 217/350
391/391 - 25s - loss: 0.1118 - accuracy: 0.9766 - val_loss: 0.4816 - val_accuracy: 0.9060
Epoch 218/350
391/391 - 25s - loss: 0.1134 - accuracy: 0.9762 - val_loss: 0.4799 - val_accuracy: 0.9053
Epoch 219/350
391/391 - 25s - loss: 0.1127 - accuracy: 0.9763 - val_loss: 0.4734 - val_accuracy: 0.9056
Epoch 220/350
391/391 - 25s - loss: 0.1148 - accuracy: 0.9760 - val_loss: 0.4685 - val_accuracy: 0.9070
Epoch 221/350
391/391 - 25s - loss: 0.1122 - accuracy: 0.9762 - val_loss: 0.4780 - val_accuracy: 0.9073
Epoch 222/350
391/391 - 25s - loss: 0.1089 - accuracy: 0.9780 - val_loss: 0.4800 - val_accuracy: 0.9064
Epoch 223/350
391/391 - 25s - loss: 0.1123 - accuracy: 0.9769 - val_loss: 0.4877 - val_accuracy: 0.9054
Epoch 224/350
391/391 - 25s - loss: 0.1104 - accuracy: 0.9771 - val_loss: 0.4830 - val_accuracy: 0.9068
Epoch 225/350
391/391 - 25s - loss: 0.1096 - accuracy: 0.9776 - val_loss: 0.4797 - val_accuracy: 0.9068
Epoch 226/350
391/391 - 25s - loss: 0.1100 - accuracy: 0.9775 - val_loss: 0.4783 - val_accuracy: 0.9074
Epoch 227/350
391/391 - 25s - loss: 0.1079 - accuracy: 0.9777 - val_loss: 0.4892 - val_accuracy: 0.9054
Epoch 228/350
391/391 - 25s - loss: 0.1088 - accuracy: 0.9764 - val_loss: 0.4825 - val_accuracy: 0.9078
Epoch 229/350
391/391 - 25s - loss: 0.1105 - accuracy: 0.9772 - val_loss: 0.4767 - val_accuracy: 0.9069
Epoch 230/350
391/391 - 25s - loss: 0.1082 - accuracy: 0.9784 - val_loss: 0.4775 - val_accuracy: 0.9070
Epoch 231/350
391/391 - 25s - loss: 0.1081 - accuracy: 0.9781 - val_loss: 0.4838 - val_accuracy: 0.9065
Epoch 232/350
391/391 - 25s - loss: 0.1076 - accuracy: 0.9782 - val_loss: 0.4820 - val_accuracy: 0.9074
Epoch 233/350
391/391 - 25s - loss: 0.1064 - accuracy: 0.9788 - val_loss: 0.4979 - val_accuracy: 0.9075
Epoch 234/350
391/391 - 25s - loss: 0.1080 - accuracy: 0.9780 - val_loss: 0.4929 - val_accuracy: 0.9056
Epoch 235/350
391/391 - 25s - loss: 0.1089 - accuracy: 0.9777 - val_loss: 0.4918 - val_accuracy: 0.9059
Epoch 236/350
391/391 - 25s - loss: 0.1072 - accuracy: 0.9775 - val_loss: 0.4870 - val_accuracy: 0.9058
Epoch 237/350
391/391 - 25s - loss: 0.1078 - accuracy: 0.9779 - val_loss: 0.4931 - val_accuracy: 0.9070
Epoch 238/350
391/391 - 25s - loss: 0.1076 - accuracy: 0.9778 - val_loss: 0.4960 - val_accuracy: 0.9075
Epoch 239/350
391/391 - 25s - loss: 0.1058 - accuracy: 0.9787 - val_loss: 0.4916 - val_accuracy: 0.9058
Epoch 240/350
391/391 - 25s - loss: 0.1068 - accuracy: 0.9787 - val_loss: 0.4924 - val_accuracy: 0.9063
Epoch 241/350
391/391 - 25s - loss: 0.1069 - accuracy: 0.9786 - val_loss: 0.4967 - val_accuracy: 0.9065
Epoch 242/350
391/391 - 25s - loss: 0.1044 - accuracy: 0.9788 - val_loss: 0.4905 - val_accuracy: 0.9087
Epoch 243/350
391/391 - 25s - loss: 0.1084 - accuracy: 0.9782 - val_loss: 0.4973 - val_accuracy: 0.9079
Epoch 244/350
391/391 - 25s - loss: 0.1074 - accuracy: 0.9785 - val_loss: 0.5006 - val_accuracy: 0.9087
Epoch 245/350
391/391 - 25s - loss: 0.1074 - accuracy: 0.9781 - val_loss: 0.5033 - val_accuracy: 0.9079
Epoch 246/350
391/391 - 25s - loss: 0.1060 - accuracy: 0.9783 - val_loss: 0.4983 - val_accuracy: 0.9081
Epoch 247/350
391/391 - 25s - loss: 0.1049 - accuracy: 0.9786 - val_loss: 0.4920 - val_accuracy: 0.9093
Epoch 248/350
391/391 - 25s - loss: 0.1033 - accuracy: 0.9793 - val_loss: 0.4883 - val_accuracy: 0.9110
Epoch 249/350
391/391 - 25s - loss: 0.1049 - accuracy: 0.9793 - val_loss: 0.4919 - val_accuracy: 0.9086
Epoch 250/350


Snapshot weight 5 shuffle 5 at epoch 250
Layer 11
Getting activations...


391/391 - 25s - loss: 0.1068 - accuracy: 0.9785 - val_loss: 0.4911 - val_accuracy: 0.9076
Epoch 251/350
391/391 - 25s - loss: 0.1039 - accuracy: 0.9794 - val_loss: 0.4898 - val_accuracy: 0.9086
Epoch 252/350
391/391 - 25s - loss: 0.1029 - accuracy: 0.9795 - val_loss: 0.4909 - val_accuracy: 0.9092
Epoch 253/350
391/391 - 25s - loss: 0.1033 - accuracy: 0.9793 - val_loss: 0.4914 - val_accuracy: 0.9080
Epoch 254/350
391/391 - 25s - loss: 0.1030 - accuracy: 0.9799 - val_loss: 0.4920 - val_accuracy: 0.9089
Epoch 255/350
391/391 - 25s - loss: 0.1038 - accuracy: 0.9789 - val_loss: 0.4928 - val_accuracy: 0.9087
Epoch 256/350
391/391 - 25s - loss: 0.1005 - accuracy: 0.9807 - val_loss: 0.4924 - val_accuracy: 0.9087
Epoch 257/350
391/391 - 25s - loss: 0.1047 - accuracy: 0.9793 - val_loss: 0.4910 - val_accuracy: 0.9089
Epoch 258/350
391/391 - 25s - loss: 0.1028 - accuracy: 0.9799 - val_loss: 0.4905 - val_accuracy: 0.9085
Epoch 259/350
391/391 - 25s - loss: 0.1028 - accuracy: 0.9804 - val_loss: 0.4893 - val_accuracy: 0.9084
Epoch 260/350
391/391 - 25s - loss: 0.1011 - accuracy: 0.9803 - val_loss: 0.4897 - val_accuracy: 0.9086
Epoch 261/350
391/391 - 25s - loss: 0.1009 - accuracy: 0.9805 - val_loss: 0.4927 - val_accuracy: 0.9090
Epoch 262/350
391/391 - 25s - loss: 0.1022 - accuracy: 0.9799 - val_loss: 0.4929 - val_accuracy: 0.9086
Epoch 263/350
391/391 - 25s - loss: 0.0993 - accuracy: 0.9814 - val_loss: 0.4948 - val_accuracy: 0.9087
Epoch 264/350
391/391 - 25s - loss: 0.1028 - accuracy: 0.9795 - val_loss: 0.4950 - val_accuracy: 0.9085
Epoch 265/350
391/391 - 25s - loss: 0.1016 - accuracy: 0.9801 - val_loss: 0.4947 - val_accuracy: 0.9089
Epoch 266/350
391/391 - 25s - loss: 0.1020 - accuracy: 0.9799 - val_loss: 0.4932 - val_accuracy: 0.9095
Epoch 267/350
391/391 - 25s - loss: 0.1068 - accuracy: 0.9777 - val_loss: 0.4914 - val_accuracy: 0.9094
Epoch 268/350
391/391 - 25s - loss: 0.1012 - accuracy: 0.9809 - val_loss: 0.4913 - val_accuracy: 0.9092
Epoch 269/350
391/391 - 25s - loss: 0.1009 - accuracy: 0.9802 - val_loss: 0.4944 - val_accuracy: 0.9091
Epoch 270/350
391/391 - 25s - loss: 0.1010 - accuracy: 0.9807 - val_loss: 0.4941 - val_accuracy: 0.9090
Epoch 271/350
391/391 - 25s - loss: 0.0981 - accuracy: 0.9823 - val_loss: 0.4937 - val_accuracy: 0.9088
Epoch 272/350
391/391 - 25s - loss: 0.1008 - accuracy: 0.9802 - val_loss: 0.4931 - val_accuracy: 0.9089
Epoch 273/350
391/391 - 25s - loss: 0.1030 - accuracy: 0.9797 - val_loss: 0.4927 - val_accuracy: 0.9088
Epoch 274/350
391/391 - 25s - loss: 0.0979 - accuracy: 0.9815 - val_loss: 0.4955 - val_accuracy: 0.9088
Epoch 275/350
391/391 - 25s - loss: 0.1013 - accuracy: 0.9808 - val_loss: 0.4905 - val_accuracy: 0.9088
Epoch 276/350
391/391 - 25s - loss: 0.1009 - accuracy: 0.9807 - val_loss: 0.4905 - val_accuracy: 0.9096
Epoch 277/350
391/391 - 25s - loss: 0.1020 - accuracy: 0.9800 - val_loss: 0.4946 - val_accuracy: 0.9084
Epoch 278/350
391/391 - 25s - loss: 0.1007 - accuracy: 0.9811 - val_loss: 0.4938 - val_accuracy: 0.9097
Epoch 279/350
391/391 - 25s - loss: 0.1011 - accuracy: 0.9807 - val_loss: 0.4933 - val_accuracy: 0.9095
Epoch 280/350
391/391 - 25s - loss: 0.1049 - accuracy: 0.9788 - val_loss: 0.4950 - val_accuracy: 0.9090
Epoch 281/350
391/391 - 25s - loss: 0.1010 - accuracy: 0.9807 - val_loss: 0.4955 - val_accuracy: 0.9086
Epoch 282/350
391/391 - 25s - loss: 0.1012 - accuracy: 0.9807 - val_loss: 0.4956 - val_accuracy: 0.9094
Epoch 283/350
391/391 - 25s - loss: 0.0996 - accuracy: 0.9809 - val_loss: 0.4977 - val_accuracy: 0.9084
Epoch 284/350
391/391 - 25s - loss: 0.1012 - accuracy: 0.9802 - val_loss: 0.4964 - val_accuracy: 0.9088
Epoch 285/350
391/391 - 25s - loss: 0.1026 - accuracy: 0.9804 - val_loss: 0.4941 - val_accuracy: 0.9090
Epoch 286/350
391/391 - 25s - loss: 0.1014 - accuracy: 0.9807 - val_loss: 0.4929 - val_accuracy: 0.9089
Epoch 287/350
391/391 - 25s - loss: 0.1002 - accuracy: 0.9817 - val_loss: 0.4951 - val_accuracy: 0.9088
Epoch 288/350
391/391 - 25s - loss: 0.0997 - accuracy: 0.9811 - val_loss: 0.4955 - val_accuracy: 0.9087
Epoch 289/350
391/391 - 25s - loss: 0.1018 - accuracy: 0.9802 - val_loss: 0.4953 - val_accuracy: 0.9090
Epoch 290/350
391/391 - 25s - loss: 0.1007 - accuracy: 0.9809 - val_loss: 0.4942 - val_accuracy: 0.9087
Epoch 291/350
391/391 - 25s - loss: 0.0981 - accuracy: 0.9819 - val_loss: 0.4974 - val_accuracy: 0.9088
Epoch 292/350
391/391 - 25s - loss: 0.1007 - accuracy: 0.9807 - val_loss: 0.4928 - val_accuracy: 0.9098
Epoch 293/350
391/391 - 25s - loss: 0.0989 - accuracy: 0.9813 - val_loss: 0.4957 - val_accuracy: 0.9097
Epoch 294/350
391/391 - 25s - loss: 0.1009 - accuracy: 0.9803 - val_loss: 0.4971 - val_accuracy: 0.9091
Epoch 295/350
391/391 - 25s - loss: 0.0980 - accuracy: 0.9816 - val_loss: 0.4962 - val_accuracy: 0.9096
Epoch 296/350
391/391 - 25s - loss: 0.1008 - accuracy: 0.9810 - val_loss: 0.4970 - val_accuracy: 0.9089
Epoch 297/350
391/391 - 25s - loss: 0.0994 - accuracy: 0.9812 - val_loss: 0.4948 - val_accuracy: 0.9100
Epoch 298/350
391/391 - 25s - loss: 0.1020 - accuracy: 0.9804 - val_loss: 0.4960 - val_accuracy: 0.9091
Epoch 299/350
391/391 - 24s - loss: 0.1011 - accuracy: 0.9808 - val_loss: 0.4956 - val_accuracy: 0.9089
Epoch 300/350


Snapshot weight 5 shuffle 5 at epoch 300
Layer 11
Getting activations...


391/391 - 25s - loss: 0.1012 - accuracy: 0.9807 - val_loss: 0.4954 - val_accuracy: 0.9091
Epoch 301/350
391/391 - 25s - loss: 0.1009 - accuracy: 0.9807 - val_loss: 0.4949 - val_accuracy: 0.9097
Epoch 302/350
391/391 - 25s - loss: 0.0999 - accuracy: 0.9816 - val_loss: 0.4948 - val_accuracy: 0.9098
Epoch 303/350
391/391 - 25s - loss: 0.1003 - accuracy: 0.9806 - val_loss: 0.4950 - val_accuracy: 0.9096
Epoch 304/350
391/391 - 25s - loss: 0.1004 - accuracy: 0.9807 - val_loss: 0.4951 - val_accuracy: 0.9097
Epoch 305/350
391/391 - 25s - loss: 0.1009 - accuracy: 0.9803 - val_loss: 0.4951 - val_accuracy: 0.9099
Epoch 306/350
391/391 - 25s - loss: 0.1000 - accuracy: 0.9814 - val_loss: 0.4953 - val_accuracy: 0.9096
Epoch 307/350
391/391 - 25s - loss: 0.1002 - accuracy: 0.9811 - val_loss: 0.4954 - val_accuracy: 0.9096
Epoch 308/350
391/391 - 25s - loss: 0.0990 - accuracy: 0.9807 - val_loss: 0.4953 - val_accuracy: 0.9096
Epoch 309/350
391/391 - 25s - loss: 0.0979 - accuracy: 0.9811 - val_loss: 0.4953 - val_accuracy: 0.9096
Epoch 310/350
391/391 - 25s - loss: 0.0995 - accuracy: 0.9821 - val_loss: 0.4955 - val_accuracy: 0.9098
Epoch 311/350
391/391 - 25s - loss: 0.0987 - accuracy: 0.9812 - val_loss: 0.4955 - val_accuracy: 0.9097
Epoch 312/350
391/391 - 25s - loss: 0.1001 - accuracy: 0.9810 - val_loss: 0.4949 - val_accuracy: 0.9098
Epoch 313/350
391/391 - 25s - loss: 0.1020 - accuracy: 0.9796 - val_loss: 0.4949 - val_accuracy: 0.9097
Epoch 314/350
391/391 - 25s - loss: 0.1028 - accuracy: 0.9800 - val_loss: 0.4946 - val_accuracy: 0.9097
Epoch 315/350
391/391 - 25s - loss: 0.1015 - accuracy: 0.9810 - val_loss: 0.4946 - val_accuracy: 0.9099
Epoch 316/350
391/391 - 25s - loss: 0.0993 - accuracy: 0.9812 - val_loss: 0.4942 - val_accuracy: 0.9100
Epoch 317/350
391/391 - 25s - loss: 0.1012 - accuracy: 0.9806 - val_loss: 0.4943 - val_accuracy: 0.9098
Epoch 318/350
391/391 - 25s - loss: 0.0998 - accuracy: 0.9810 - val_loss: 0.4948 - val_accuracy: 0.9097
Epoch 319/350
391/391 - 25s - loss: 0.1003 - accuracy: 0.9810 - val_loss: 0.4947 - val_accuracy: 0.9095
Epoch 320/350
391/391 - 25s - loss: 0.0996 - accuracy: 0.9813 - val_loss: 0.4951 - val_accuracy: 0.9096
Epoch 321/350
391/391 - 25s - loss: 0.1014 - accuracy: 0.9804 - val_loss: 0.4950 - val_accuracy: 0.9095
Epoch 322/350
391/391 - 25s - loss: 0.0992 - accuracy: 0.9809 - val_loss: 0.4952 - val_accuracy: 0.9095
Epoch 323/350
391/391 - 25s - loss: 0.0991 - accuracy: 0.9816 - val_loss: 0.4950 - val_accuracy: 0.9098
Epoch 324/350
391/391 - 25s - loss: 0.1009 - accuracy: 0.9806 - val_loss: 0.4951 - val_accuracy: 0.9096
Epoch 325/350
391/391 - 25s - loss: 0.1007 - accuracy: 0.9809 - val_loss: 0.4953 - val_accuracy: 0.9097
Epoch 326/350
391/391 - 25s - loss: 0.1025 - accuracy: 0.9798 - val_loss: 0.4950 - val_accuracy: 0.9098
Epoch 327/350
391/391 - 25s - loss: 0.0984 - accuracy: 0.9819 - val_loss: 0.4950 - val_accuracy: 0.9098
Epoch 328/350
391/391 - 25s - loss: 0.0998 - accuracy: 0.9815 - val_loss: 0.4949 - val_accuracy: 0.9100
Epoch 329/350
391/391 - 25s - loss: 0.1010 - accuracy: 0.9802 - val_loss: 0.4954 - val_accuracy: 0.9094
Epoch 330/350
391/391 - 25s - loss: 0.0991 - accuracy: 0.9812 - val_loss: 0.4952 - val_accuracy: 0.9092
Epoch 331/350
391/391 - 25s - loss: 0.0986 - accuracy: 0.9815 - val_loss: 0.4952 - val_accuracy: 0.9094
Epoch 332/350
391/391 - 25s - loss: 0.1012 - accuracy: 0.9803 - val_loss: 0.4953 - val_accuracy: 0.9095
Epoch 333/350
391/391 - 24s - loss: 0.0997 - accuracy: 0.9810 - val_loss: 0.4956 - val_accuracy: 0.9094
Epoch 334/350
391/391 - 25s - loss: 0.1016 - accuracy: 0.9805 - val_loss: 0.4957 - val_accuracy: 0.9095
Epoch 335/350
391/391 - 25s - loss: 0.1017 - accuracy: 0.9807 - val_loss: 0.4954 - val_accuracy: 0.9097
Epoch 336/350
391/391 - 25s - loss: 0.0993 - accuracy: 0.9811 - val_loss: 0.4956 - val_accuracy: 0.9097
Epoch 337/350
391/391 - 25s - loss: 0.0993 - accuracy: 0.9813 - val_loss: 0.4952 - val_accuracy: 0.9098
Epoch 338/350
391/391 - 25s - loss: 0.0995 - accuracy: 0.9810 - val_loss: 0.4951 - val_accuracy: 0.9097
Epoch 339/350
391/391 - 25s - loss: 0.1010 - accuracy: 0.9803 - val_loss: 0.4950 - val_accuracy: 0.9095
Epoch 340/350
391/391 - 25s - loss: 0.1019 - accuracy: 0.9802 - val_loss: 0.4947 - val_accuracy: 0.9095
Epoch 341/350
391/391 - 25s - loss: 0.1016 - accuracy: 0.9798 - val_loss: 0.4948 - val_accuracy: 0.9094
Epoch 342/350
391/391 - 25s - loss: 0.0992 - accuracy: 0.9808 - val_loss: 0.4947 - val_accuracy: 0.9098
Epoch 343/350
391/391 - 25s - loss: 0.0997 - accuracy: 0.9814 - val_loss: 0.4947 - val_accuracy: 0.9098
Epoch 344/350
391/391 - 25s - loss: 0.0990 - accuracy: 0.9824 - val_loss: 0.4950 - val_accuracy: 0.9097
Epoch 345/350
391/391 - 25s - loss: 0.1000 - accuracy: 0.9809 - val_loss: 0.4952 - val_accuracy: 0.9094
Epoch 346/350
391/391 - 25s - loss: 0.0995 - accuracy: 0.9809 - val_loss: 0.4951 - val_accuracy: 0.9097
Epoch 347/350
391/391 - 25s - loss: 0.1017 - accuracy: 0.9802 - val_loss: 0.4947 - val_accuracy: 0.9098
Epoch 348/350
391/391 - 25s - loss: 0.0988 - accuracy: 0.9816 - val_loss: 0.4950 - val_accuracy: 0.9100
Epoch 349/350
391/391 - 25s - loss: 0.0992 - accuracy: 0.9810 - val_loss: 0.4951 - val_accuracy: 0.9099
Epoch 350/350


Snapshot weight 5 shuffle 5 at epoch 350
Layer 11
Getting activations...


391/391 - 25s - loss: 0.1015 - accuracy: 0.9801 - val_loss: 0.4950 - val_accuracy: 0.9099
WARNING:tensorflow:From /usr/local/lib/python3.6/dist-packages/tensorflow/python/training/tracking/tracking.py:111: Model.state_updates (from tensorflow.python.keras.engine.training) is deprecated and will be removed in a future version.
Instructions for updating:
This property should not be used in TensorFlow 2.0, as updates are applied automatically.
2021-07-02 10:00:50.262118: W tensorflow/python/util/util.cc:348] Sets are not currently considered sequences, but this may change in the future, so consider avoiding using them.
WARNING:tensorflow:From /usr/local/lib/python3.6/dist-packages/tensorflow/python/training/tracking/tracking.py:111: Layer.updates (from tensorflow.python.keras.engine.base_layer) is deprecated and will be removed in a future version.
Instructions for updating:
This property should not be used in TensorFlow 2.0, as updates are applied automatically.
Saving, final validation acc: 0.9099000096321106
