2021-07-02 12:26:29.235165: I tensorflow/stream_executor/platform/default/dso_loader.cc:48] Successfully opened dynamic library libcudart.so.10.1
2021-07-02 12:28:03.983210: I tensorflow/stream_executor/platform/default/dso_loader.cc:48] Successfully opened dynamic library libcuda.so.1
2021-07-02 12:28:04.019419: I tensorflow/core/common_runtime/gpu/gpu_device.cc:1716] Found device 0 with properties: 
pciBusID: 0000:03:00.0 name: NVIDIA TITAN Xp computeCapability: 6.1
coreClock: 1.582GHz coreCount: 30 deviceMemorySize: 11.91GiB deviceMemoryBandwidth: 510.07GiB/s
2021-07-02 12:28:04.019506: I tensorflow/stream_executor/platform/default/dso_loader.cc:48] Successfully opened dynamic library libcudart.so.10.1
2021-07-02 12:28:04.060998: I tensorflow/stream_executor/platform/default/dso_loader.cc:48] Successfully opened dynamic library libcublas.so.10
2021-07-02 12:28:04.081890: I tensorflow/stream_executor/platform/default/dso_loader.cc:48] Successfully opened dynamic library libcufft.so.10
2021-07-02 12:28:04.090151: I tensorflow/stream_executor/platform/default/dso_loader.cc:48] Successfully opened dynamic library libcurand.so.10
2021-07-02 12:28:04.134580: I tensorflow/stream_executor/platform/default/dso_loader.cc:48] Successfully opened dynamic library libcusolver.so.10
2021-07-02 12:28:04.143126: I tensorflow/stream_executor/platform/default/dso_loader.cc:48] Successfully opened dynamic library libcusparse.so.10
2021-07-02 12:28:04.217862: I tensorflow/stream_executor/platform/default/dso_loader.cc:48] Successfully opened dynamic library libcudnn.so.7
2021-07-02 12:28:04.220130: I tensorflow/core/common_runtime/gpu/gpu_device.cc:1858] Adding visible gpu devices: 0
2021-07-02 12:28:04.223687: I tensorflow/core/platform/cpu_feature_guard.cc:142] This TensorFlow binary is optimized with oneAPI Deep Neural Network Library (oneDNN)to use the following CPU instructions in performance-critical operations:  AVX2 FMA
To enable them in other operations, rebuild TensorFlow with the appropriate compiler flags.
2021-07-02 12:28:04.239473: I tensorflow/core/platform/profile_utils/cpu_utils.cc:104] CPU Frequency: 2600205000 Hz
2021-07-02 12:28:04.239602: I tensorflow/compiler/xla/service/service.cc:168] XLA service 0x46b91f0 initialized for platform Host (this does not guarantee that XLA will be used). Devices:
2021-07-02 12:28:04.239621: I tensorflow/compiler/xla/service/service.cc:176]   StreamExecutor device (0): Host, Default Version
2021-07-02 12:28:04.356570: I tensorflow/compiler/xla/service/service.cc:168] XLA service 0x46b16f0 initialized for platform CUDA (this does not guarantee that XLA will be used). Devices:
2021-07-02 12:28:04.356633: I tensorflow/compiler/xla/service/service.cc:176]   StreamExecutor device (0): NVIDIA TITAN Xp, Compute Capability 6.1
2021-07-02 12:28:04.359586: I tensorflow/core/common_runtime/gpu/gpu_device.cc:1716] Found device 0 with properties: 
pciBusID: 0000:03:00.0 name: NVIDIA TITAN Xp computeCapability: 6.1
coreClock: 1.582GHz coreCount: 30 deviceMemorySize: 11.91GiB deviceMemoryBandwidth: 510.07GiB/s
2021-07-02 12:28:04.359630: I tensorflow/stream_executor/platform/default/dso_loader.cc:48] Successfully opened dynamic library libcudart.so.10.1
2021-07-02 12:28:04.359660: I tensorflow/stream_executor/platform/default/dso_loader.cc:48] Successfully opened dynamic library libcublas.so.10
2021-07-02 12:28:04.359678: I tensorflow/stream_executor/platform/default/dso_loader.cc:48] Successfully opened dynamic library libcufft.so.10
2021-07-02 12:28:04.359695: I tensorflow/stream_executor/platform/default/dso_loader.cc:48] Successfully opened dynamic library libcurand.so.10
2021-07-02 12:28:04.359711: I tensorflow/stream_executor/platform/default/dso_loader.cc:48] Successfully opened dynamic library libcusolver.so.10
2021-07-02 12:28:04.359728: I tensorflow/stream_executor/platform/default/dso_loader.cc:48] Successfully opened dynamic library libcusparse.so.10
2021-07-02 12:28:04.359745: I tensorflow/stream_executor/platform/default/dso_loader.cc:48] Successfully opened dynamic library libcudnn.so.7
2021-07-02 12:28:04.364491: I tensorflow/core/common_runtime/gpu/gpu_device.cc:1858] Adding visible gpu devices: 0
2021-07-02 12:28:04.366271: I tensorflow/stream_executor/platform/default/dso_loader.cc:48] Successfully opened dynamic library libcudart.so.10.1
2021-07-02 12:28:06.184428: I tensorflow/core/common_runtime/gpu/gpu_device.cc:1257] Device interconnect StreamExecutor with strength 1 edge matrix:
2021-07-02 12:28:06.184501: I tensorflow/core/common_runtime/gpu/gpu_device.cc:1263]      0 
2021-07-02 12:28:06.184514: I tensorflow/core/common_runtime/gpu/gpu_device.cc:1276] 0:   N 
2021-07-02 12:28:06.190387: I tensorflow/core/common_runtime/gpu/gpu_device.cc:1402] Created TensorFlow device (/job:localhost/replica:0/task:0/device:GPU:0 with 11218 MB memory) -> physical GPU (device: 0, name: NVIDIA TITAN Xp, pci bus id: 0000:03:00.0, compute capability: 6.1)
2021-07-02 12:28:12.073143: I tensorflow/stream_executor/platform/default/dso_loader.cc:48] Successfully opened dynamic library libcudnn.so.7
2021-07-02 12:28:14.611674: I tensorflow/stream_executor/platform/default/dso_loader.cc:48] Successfully opened dynamic library libcublas.so.10
Using model index: 71
Making train data...
GCN...
ZCA...
Done!
Making test data...
Done!
Epoch 1/350


Snapshot weight 1 shuffle 7 at epoch 1
Layer 11
Getting activations...


391/391 - 24s - loss: 2.3232 - accuracy: 0.1103 - val_loss: 2.3010 - val_accuracy: 0.1232
Epoch 2/350


Snapshot weight 1 shuffle 7 at epoch 2
Layer 11
Getting activations...


391/391 - 23s - loss: 2.2545 - accuracy: 0.1376 - val_loss: 2.1432 - val_accuracy: 0.1545
Epoch 3/350


Snapshot weight 1 shuffle 7 at epoch 3
Layer 11
Getting activations...


391/391 - 23s - loss: 2.1545 - accuracy: 0.1692 - val_loss: 2.0964 - val_accuracy: 0.2167
Epoch 4/350


Snapshot weight 1 shuffle 7 at epoch 4
Layer 11
Getting activations...


391/391 - 24s - loss: 2.0584 - accuracy: 0.2362 - val_loss: 1.9376 - val_accuracy: 0.2946
Epoch 5/350


Snapshot weight 1 shuffle 7 at epoch 5
Layer 11
Getting activations...


391/391 - 24s - loss: 1.8840 - accuracy: 0.3474 - val_loss: 1.6588 - val_accuracy: 0.4243
Epoch 6/350


Snapshot weight 1 shuffle 7 at epoch 6
Layer 11
Getting activations...


391/391 - 24s - loss: 1.6237 - accuracy: 0.4505 - val_loss: 1.5970 - val_accuracy: 0.4522
Epoch 7/350


Snapshot weight 1 shuffle 7 at epoch 7
Layer 11
Getting activations...


391/391 - 23s - loss: 1.4968 - accuracy: 0.5010 - val_loss: 1.3469 - val_accuracy: 0.5537
Epoch 8/350


Snapshot weight 1 shuffle 7 at epoch 8
Layer 11
Getting activations...


391/391 - 23s - loss: 1.4017 - accuracy: 0.5363 - val_loss: 1.3764 - val_accuracy: 0.5449
Epoch 9/350


Snapshot weight 1 shuffle 7 at epoch 9
Layer 11
Getting activations...


391/391 - 23s - loss: 1.3192 - accuracy: 0.5668 - val_loss: 1.3426 - val_accuracy: 0.5691
Epoch 10/350


Snapshot weight 1 shuffle 7 at epoch 10
Layer 11
Getting activations...


391/391 - 24s - loss: 1.2695 - accuracy: 0.5873 - val_loss: 1.2078 - val_accuracy: 0.6028
Epoch 11/350
391/391 - 23s - loss: 1.2199 - accuracy: 0.5991 - val_loss: 1.3100 - val_accuracy: 0.5898
Epoch 12/350
391/391 - 23s - loss: 1.0886 - accuracy: 0.6326 - val_loss: 1.0662 - val_accuracy: 0.6356
Epoch 13/350
391/391 - 23s - loss: 0.9960 - accuracy: 0.6613 - val_loss: 0.8839 - val_accuracy: 0.6940
Epoch 14/350
391/391 - 23s - loss: 0.9413 - accuracy: 0.6766 - val_loss: 0.8841 - val_accuracy: 0.7017
Epoch 15/350
391/391 - 23s - loss: 0.9088 - accuracy: 0.6879 - val_loss: 0.8168 - val_accuracy: 0.7192
Epoch 16/350
391/391 - 23s - loss: 0.8749 - accuracy: 0.7009 - val_loss: 0.8733 - val_accuracy: 0.7097
Epoch 17/350
391/391 - 23s - loss: 0.8368 - accuracy: 0.7189 - val_loss: 0.7519 - val_accuracy: 0.7412
Epoch 18/350
391/391 - 24s - loss: 0.8012 - accuracy: 0.7287 - val_loss: 0.6945 - val_accuracy: 0.7660
Epoch 19/350
391/391 - 23s - loss: 0.7725 - accuracy: 0.7394 - val_loss: 0.7173 - val_accuracy: 0.7590
Epoch 20/350
391/391 - 23s - loss: 0.7494 - accuracy: 0.7490 - val_loss: 0.6668 - val_accuracy: 0.7700
Epoch 21/350
391/391 - 24s - loss: 0.7242 - accuracy: 0.7586 - val_loss: 0.7162 - val_accuracy: 0.7723
Epoch 22/350
391/391 - 24s - loss: 0.7011 - accuracy: 0.7645 - val_loss: 0.6713 - val_accuracy: 0.7725
Epoch 23/350
391/391 - 23s - loss: 0.6877 - accuracy: 0.7704 - val_loss: 0.6282 - val_accuracy: 0.7867
Epoch 24/350
391/391 - 23s - loss: 0.6705 - accuracy: 0.7764 - val_loss: 0.6255 - val_accuracy: 0.7964
Epoch 25/350
391/391 - 23s - loss: 0.6438 - accuracy: 0.7851 - val_loss: 0.6105 - val_accuracy: 0.8031
Epoch 26/350
391/391 - 24s - loss: 0.6273 - accuracy: 0.7933 - val_loss: 0.6168 - val_accuracy: 0.7933
Epoch 27/350
391/391 - 24s - loss: 0.6084 - accuracy: 0.7975 - val_loss: 0.5728 - val_accuracy: 0.8119
Epoch 28/350
391/391 - 23s - loss: 0.6006 - accuracy: 0.8012 - val_loss: 0.5887 - val_accuracy: 0.8100
Epoch 29/350
391/391 - 23s - loss: 0.5883 - accuracy: 0.8051 - val_loss: 0.5807 - val_accuracy: 0.8053
Epoch 30/350
391/391 - 23s - loss: 0.5763 - accuracy: 0.8098 - val_loss: 0.5663 - val_accuracy: 0.8168
Epoch 31/350
391/391 - 23s - loss: 0.5638 - accuracy: 0.8149 - val_loss: 0.6199 - val_accuracy: 0.8001
Epoch 32/350
391/391 - 23s - loss: 0.5529 - accuracy: 0.8166 - val_loss: 0.5849 - val_accuracy: 0.8129
Epoch 33/350
391/391 - 24s - loss: 0.5474 - accuracy: 0.8213 - val_loss: 0.5557 - val_accuracy: 0.8224
Epoch 34/350
391/391 - 24s - loss: 0.5304 - accuracy: 0.8262 - val_loss: 0.5481 - val_accuracy: 0.8255
Epoch 35/350
391/391 - 23s - loss: 0.5255 - accuracy: 0.8297 - val_loss: 0.5279 - val_accuracy: 0.8304
Epoch 36/350
391/391 - 24s - loss: 0.5105 - accuracy: 0.8322 - val_loss: 0.4844 - val_accuracy: 0.8444
Epoch 37/350
391/391 - 23s - loss: 0.5069 - accuracy: 0.8340 - val_loss: 0.4995 - val_accuracy: 0.8412
Epoch 38/350
391/391 - 24s - loss: 0.4969 - accuracy: 0.8378 - val_loss: 0.5478 - val_accuracy: 0.8263
Epoch 39/350
391/391 - 23s - loss: 0.4905 - accuracy: 0.8408 - val_loss: 0.5001 - val_accuracy: 0.8421
Epoch 40/350
391/391 - 23s - loss: 0.4753 - accuracy: 0.8460 - val_loss: 0.5376 - val_accuracy: 0.8344
Epoch 41/350
391/391 - 24s - loss: 0.4708 - accuracy: 0.8449 - val_loss: 0.4834 - val_accuracy: 0.8480
Epoch 42/350
391/391 - 23s - loss: 0.4618 - accuracy: 0.8515 - val_loss: 0.4966 - val_accuracy: 0.8475
Epoch 43/350
391/391 - 23s - loss: 0.4594 - accuracy: 0.8509 - val_loss: 0.4986 - val_accuracy: 0.8406
Epoch 44/350
391/391 - 23s - loss: 0.4558 - accuracy: 0.8515 - val_loss: 0.4570 - val_accuracy: 0.8597
Epoch 45/350
391/391 - 23s - loss: 0.4500 - accuracy: 0.8550 - val_loss: 0.4850 - val_accuracy: 0.8491
Epoch 46/350
391/391 - 23s - loss: 0.4438 - accuracy: 0.8571 - val_loss: 0.5013 - val_accuracy: 0.8463
Epoch 47/350
391/391 - 23s - loss: 0.4370 - accuracy: 0.8581 - val_loss: 0.4867 - val_accuracy: 0.8501
Epoch 48/350
391/391 - 24s - loss: 0.4280 - accuracy: 0.8601 - val_loss: 0.4797 - val_accuracy: 0.8535
Epoch 49/350
391/391 - 23s - loss: 0.4238 - accuracy: 0.8624 - val_loss: 0.4734 - val_accuracy: 0.8502
Epoch 50/350


Snapshot weight 1 shuffle 7 at epoch 50
Layer 11
Getting activations...


391/391 - 23s - loss: 0.4158 - accuracy: 0.8641 - val_loss: 0.4549 - val_accuracy: 0.8669
Epoch 51/350
391/391 - 23s - loss: 0.4160 - accuracy: 0.8662 - val_loss: 0.4396 - val_accuracy: 0.8641
Epoch 52/350
391/391 - 23s - loss: 0.4086 - accuracy: 0.8694 - val_loss: 0.4769 - val_accuracy: 0.8596
Epoch 53/350
391/391 - 23s - loss: 0.4082 - accuracy: 0.8678 - val_loss: 0.4679 - val_accuracy: 0.8549
Epoch 54/350
391/391 - 23s - loss: 0.3962 - accuracy: 0.8726 - val_loss: 0.4333 - val_accuracy: 0.8704
Epoch 55/350
391/391 - 23s - loss: 0.3883 - accuracy: 0.8752 - val_loss: 0.4425 - val_accuracy: 0.8613
Epoch 56/350
391/391 - 23s - loss: 0.3881 - accuracy: 0.8750 - val_loss: 0.4868 - val_accuracy: 0.8473
Epoch 57/350
391/391 - 24s - loss: 0.3825 - accuracy: 0.8778 - val_loss: 0.4267 - val_accuracy: 0.8701
Epoch 58/350
391/391 - 23s - loss: 0.3795 - accuracy: 0.8777 - val_loss: 0.4201 - val_accuracy: 0.8718
Epoch 59/350
391/391 - 23s - loss: 0.3741 - accuracy: 0.8798 - val_loss: 0.4870 - val_accuracy: 0.8576
Epoch 60/350
391/391 - 23s - loss: 0.3731 - accuracy: 0.8814 - val_loss: 0.4536 - val_accuracy: 0.8665
Epoch 61/350
391/391 - 23s - loss: 0.3699 - accuracy: 0.8832 - val_loss: 0.4522 - val_accuracy: 0.8675
Epoch 62/350
391/391 - 24s - loss: 0.3630 - accuracy: 0.8846 - val_loss: 0.4309 - val_accuracy: 0.8699
Epoch 63/350
391/391 - 23s - loss: 0.3600 - accuracy: 0.8836 - val_loss: 0.4739 - val_accuracy: 0.8584
Epoch 64/350
391/391 - 23s - loss: 0.3573 - accuracy: 0.8864 - val_loss: 0.4526 - val_accuracy: 0.8658
Epoch 65/350
391/391 - 23s - loss: 0.3473 - accuracy: 0.8897 - val_loss: 0.4633 - val_accuracy: 0.8667
Epoch 66/350
391/391 - 23s - loss: 0.3441 - accuracy: 0.8916 - val_loss: 0.4709 - val_accuracy: 0.8645
Epoch 67/350
391/391 - 23s - loss: 0.3444 - accuracy: 0.8930 - val_loss: 0.4220 - val_accuracy: 0.8757
Epoch 68/350
391/391 - 23s - loss: 0.3399 - accuracy: 0.8940 - val_loss: 0.4551 - val_accuracy: 0.8763
Epoch 69/350
391/391 - 23s - loss: 0.3395 - accuracy: 0.8933 - val_loss: 0.4352 - val_accuracy: 0.8776
Epoch 70/350
391/391 - 24s - loss: 0.3282 - accuracy: 0.8969 - val_loss: 0.4226 - val_accuracy: 0.8775
Epoch 71/350
391/391 - 24s - loss: 0.3392 - accuracy: 0.8951 - val_loss: 0.4195 - val_accuracy: 0.8799
Epoch 72/350
391/391 - 23s - loss: 0.3309 - accuracy: 0.8950 - val_loss: 0.4444 - val_accuracy: 0.8714
Epoch 73/350
391/391 - 23s - loss: 0.3319 - accuracy: 0.8953 - val_loss: 0.4476 - val_accuracy: 0.8727
Epoch 74/350
391/391 - 23s - loss: 0.3257 - accuracy: 0.8977 - val_loss: 0.4467 - val_accuracy: 0.8691
Epoch 75/350
391/391 - 23s - loss: 0.3179 - accuracy: 0.9001 - val_loss: 0.4432 - val_accuracy: 0.8765
Epoch 76/350
391/391 - 23s - loss: 0.3182 - accuracy: 0.9015 - val_loss: 0.4142 - val_accuracy: 0.8768
Epoch 77/350
391/391 - 23s - loss: 0.3122 - accuracy: 0.9018 - val_loss: 0.4336 - val_accuracy: 0.8759
Epoch 78/350
391/391 - 23s - loss: 0.3139 - accuracy: 0.9002 - val_loss: 0.4388 - val_accuracy: 0.8751
Epoch 79/350
391/391 - 23s - loss: 0.3100 - accuracy: 0.9034 - val_loss: 0.4401 - val_accuracy: 0.8779
Epoch 80/350
391/391 - 23s - loss: 0.3098 - accuracy: 0.9039 - val_loss: 0.3943 - val_accuracy: 0.8855
Epoch 81/350
391/391 - 24s - loss: 0.3036 - accuracy: 0.9049 - val_loss: 0.4111 - val_accuracy: 0.8846
Epoch 82/350
391/391 - 23s - loss: 0.3025 - accuracy: 0.9057 - val_loss: 0.4493 - val_accuracy: 0.8738
Epoch 83/350
391/391 - 23s - loss: 0.3003 - accuracy: 0.9070 - val_loss: 0.4138 - val_accuracy: 0.8825
Epoch 84/350
391/391 - 24s - loss: 0.2946 - accuracy: 0.9080 - val_loss: 0.4340 - val_accuracy: 0.8838
Epoch 85/350
391/391 - 24s - loss: 0.2954 - accuracy: 0.9092 - val_loss: 0.4018 - val_accuracy: 0.8865
Epoch 86/350
391/391 - 24s - loss: 0.2936 - accuracy: 0.9097 - val_loss: 0.3958 - val_accuracy: 0.8887
Epoch 87/350
391/391 - 23s - loss: 0.2892 - accuracy: 0.9111 - val_loss: 0.4253 - val_accuracy: 0.8821
Epoch 88/350
391/391 - 23s - loss: 0.2845 - accuracy: 0.9120 - val_loss: 0.4471 - val_accuracy: 0.8806
Epoch 89/350
391/391 - 23s - loss: 0.2809 - accuracy: 0.9151 - val_loss: 0.4304 - val_accuracy: 0.8798
Epoch 90/350
391/391 - 24s - loss: 0.2789 - accuracy: 0.9145 - val_loss: 0.4236 - val_accuracy: 0.8847
Epoch 91/350
391/391 - 23s - loss: 0.2778 - accuracy: 0.9143 - val_loss: 0.4058 - val_accuracy: 0.8873
Epoch 92/350
391/391 - 23s - loss: 0.2784 - accuracy: 0.9144 - val_loss: 0.4086 - val_accuracy: 0.8878
Epoch 93/350
391/391 - 23s - loss: 0.2775 - accuracy: 0.9141 - val_loss: 0.4185 - val_accuracy: 0.8821
Epoch 94/350
391/391 - 23s - loss: 0.2713 - accuracy: 0.9181 - val_loss: 0.4196 - val_accuracy: 0.8814
Epoch 95/350
391/391 - 24s - loss: 0.2696 - accuracy: 0.9180 - val_loss: 0.4165 - val_accuracy: 0.8859
Epoch 96/350
391/391 - 24s - loss: 0.2688 - accuracy: 0.9168 - val_loss: 0.4079 - val_accuracy: 0.8891
Epoch 97/350
391/391 - 24s - loss: 0.2655 - accuracy: 0.9185 - val_loss: 0.4228 - val_accuracy: 0.8855
Epoch 98/350
391/391 - 23s - loss: 0.2625 - accuracy: 0.9209 - val_loss: 0.4178 - val_accuracy: 0.8831
Epoch 99/350
391/391 - 23s - loss: 0.2600 - accuracy: 0.9205 - val_loss: 0.4390 - val_accuracy: 0.8850
Epoch 100/350


Snapshot weight 1 shuffle 7 at epoch 100
Layer 11
Getting activations...


391/391 - 24s - loss: 0.2632 - accuracy: 0.9206 - val_loss: 0.4382 - val_accuracy: 0.8871
Epoch 101/350
391/391 - 23s - loss: 0.2578 - accuracy: 0.9207 - val_loss: 0.4203 - val_accuracy: 0.8881
Epoch 102/350
391/391 - 23s - loss: 0.2607 - accuracy: 0.9215 - val_loss: 0.3992 - val_accuracy: 0.8883
Epoch 103/350
391/391 - 24s - loss: 0.2548 - accuracy: 0.9221 - val_loss: 0.3969 - val_accuracy: 0.8928
Epoch 104/350
391/391 - 23s - loss: 0.2536 - accuracy: 0.9230 - val_loss: 0.4260 - val_accuracy: 0.8888
Epoch 105/350
391/391 - 23s - loss: 0.2539 - accuracy: 0.9234 - val_loss: 0.4300 - val_accuracy: 0.8904
Epoch 106/350
391/391 - 23s - loss: 0.2518 - accuracy: 0.9253 - val_loss: 0.4487 - val_accuracy: 0.8798
Epoch 107/350
391/391 - 24s - loss: 0.2505 - accuracy: 0.9238 - val_loss: 0.4329 - val_accuracy: 0.8879
Epoch 108/350
391/391 - 23s - loss: 0.2500 - accuracy: 0.9259 - val_loss: 0.4359 - val_accuracy: 0.8831
Epoch 109/350
391/391 - 23s - loss: 0.2495 - accuracy: 0.9247 - val_loss: 0.4556 - val_accuracy: 0.8797
Epoch 110/350
391/391 - 23s - loss: 0.2468 - accuracy: 0.9260 - val_loss: 0.4225 - val_accuracy: 0.8922
Epoch 111/350
391/391 - 24s - loss: 0.2416 - accuracy: 0.9282 - val_loss: 0.4251 - val_accuracy: 0.8902
Epoch 112/350
391/391 - 23s - loss: 0.2419 - accuracy: 0.9282 - val_loss: 0.3830 - val_accuracy: 0.8972
Epoch 113/350
391/391 - 23s - loss: 0.2404 - accuracy: 0.9280 - val_loss: 0.4489 - val_accuracy: 0.8895
Epoch 114/350
391/391 - 23s - loss: 0.2399 - accuracy: 0.9284 - val_loss: 0.3981 - val_accuracy: 0.8943
Epoch 115/350
391/391 - 23s - loss: 0.2337 - accuracy: 0.9305 - val_loss: 0.4280 - val_accuracy: 0.8904
Epoch 116/350
391/391 - 23s - loss: 0.2329 - accuracy: 0.9310 - val_loss: 0.4724 - val_accuracy: 0.8807
Epoch 117/350
391/391 - 23s - loss: 0.2332 - accuracy: 0.9313 - val_loss: 0.4308 - val_accuracy: 0.8959
Epoch 118/350
391/391 - 23s - loss: 0.2336 - accuracy: 0.9317 - val_loss: 0.4379 - val_accuracy: 0.8896
Epoch 119/350
391/391 - 23s - loss: 0.2297 - accuracy: 0.9319 - val_loss: 0.4652 - val_accuracy: 0.8848
Epoch 120/350
391/391 - 24s - loss: 0.2293 - accuracy: 0.9333 - val_loss: 0.4032 - val_accuracy: 0.8975
Epoch 121/350
391/391 - 23s - loss: 0.2262 - accuracy: 0.9337 - val_loss: 0.4115 - val_accuracy: 0.8948
Epoch 122/350
391/391 - 23s - loss: 0.2298 - accuracy: 0.9317 - val_loss: 0.3984 - val_accuracy: 0.8953
Epoch 123/350
391/391 - 24s - loss: 0.2227 - accuracy: 0.9353 - val_loss: 0.4198 - val_accuracy: 0.8920
Epoch 124/350
391/391 - 23s - loss: 0.2265 - accuracy: 0.9342 - val_loss: 0.4387 - val_accuracy: 0.8931
Epoch 125/350
391/391 - 23s - loss: 0.2215 - accuracy: 0.9355 - val_loss: 0.4175 - val_accuracy: 0.8932
Epoch 126/350
391/391 - 23s - loss: 0.2235 - accuracy: 0.9345 - val_loss: 0.4193 - val_accuracy: 0.8900
Epoch 127/350
391/391 - 23s - loss: 0.2188 - accuracy: 0.9357 - val_loss: 0.4013 - val_accuracy: 0.8980
Epoch 128/350
391/391 - 23s - loss: 0.2178 - accuracy: 0.9374 - val_loss: 0.4229 - val_accuracy: 0.8973
Epoch 129/350
391/391 - 23s - loss: 0.2208 - accuracy: 0.9368 - val_loss: 0.4320 - val_accuracy: 0.8932
Epoch 130/350
391/391 - 23s - loss: 0.2118 - accuracy: 0.9385 - val_loss: 0.4109 - val_accuracy: 0.8966
Epoch 131/350
391/391 - 23s - loss: 0.2160 - accuracy: 0.9377 - val_loss: 0.4486 - val_accuracy: 0.8931
Epoch 132/350
391/391 - 24s - loss: 0.2161 - accuracy: 0.9374 - val_loss: 0.4211 - val_accuracy: 0.8947
Epoch 133/350
391/391 - 23s - loss: 0.2151 - accuracy: 0.9383 - val_loss: 0.4259 - val_accuracy: 0.8960
Epoch 134/350
391/391 - 23s - loss: 0.2129 - accuracy: 0.9383 - val_loss: 0.4221 - val_accuracy: 0.8944
Epoch 135/350
391/391 - 24s - loss: 0.2135 - accuracy: 0.9390 - val_loss: 0.4709 - val_accuracy: 0.8927
Epoch 136/350
391/391 - 23s - loss: 0.2097 - accuracy: 0.9398 - val_loss: 0.4390 - val_accuracy: 0.8938
Epoch 137/350
391/391 - 23s - loss: 0.2104 - accuracy: 0.9398 - val_loss: 0.4325 - val_accuracy: 0.8945
Epoch 138/350
391/391 - 23s - loss: 0.2076 - accuracy: 0.9415 - val_loss: 0.4403 - val_accuracy: 0.8915
Epoch 139/350
391/391 - 24s - loss: 0.2049 - accuracy: 0.9416 - val_loss: 0.4377 - val_accuracy: 0.9008
Epoch 140/350
391/391 - 23s - loss: 0.2052 - accuracy: 0.9412 - val_loss: 0.4442 - val_accuracy: 0.8947
Epoch 141/350
391/391 - 24s - loss: 0.2010 - accuracy: 0.9418 - val_loss: 0.4106 - val_accuracy: 0.8941
Epoch 142/350
391/391 - 24s - loss: 0.1997 - accuracy: 0.9431 - val_loss: 0.4226 - val_accuracy: 0.8991
Epoch 143/350
391/391 - 23s - loss: 0.2025 - accuracy: 0.9432 - val_loss: 0.4526 - val_accuracy: 0.8894
Epoch 144/350
391/391 - 24s - loss: 0.2027 - accuracy: 0.9429 - val_loss: 0.4439 - val_accuracy: 0.8921
Epoch 145/350
391/391 - 23s - loss: 0.2018 - accuracy: 0.9433 - val_loss: 0.4220 - val_accuracy: 0.8935
Epoch 146/350
391/391 - 24s - loss: 0.2005 - accuracy: 0.9434 - val_loss: 0.4410 - val_accuracy: 0.8941
Epoch 147/350
391/391 - 23s - loss: 0.1990 - accuracy: 0.9437 - val_loss: 0.4392 - val_accuracy: 0.8922
Epoch 148/350
391/391 - 24s - loss: 0.1984 - accuracy: 0.9439 - val_loss: 0.4600 - val_accuracy: 0.8911
Epoch 149/350
391/391 - 23s - loss: 0.1990 - accuracy: 0.9446 - val_loss: 0.4535 - val_accuracy: 0.8915
Epoch 150/350


Snapshot weight 1 shuffle 7 at epoch 150
Layer 11
Getting activations...


391/391 - 24s - loss: 0.2036 - accuracy: 0.9427 - val_loss: 0.4590 - val_accuracy: 0.8910
Epoch 151/350
391/391 - 23s - loss: 0.2007 - accuracy: 0.9426 - val_loss: 0.4192 - val_accuracy: 0.8983
Epoch 152/350
391/391 - 23s - loss: 0.1932 - accuracy: 0.9455 - val_loss: 0.4841 - val_accuracy: 0.8902
Epoch 153/350
391/391 - 23s - loss: 0.1946 - accuracy: 0.9453 - val_loss: 0.4279 - val_accuracy: 0.8974
Epoch 154/350
391/391 - 23s - loss: 0.1909 - accuracy: 0.9472 - val_loss: 0.4461 - val_accuracy: 0.8930
Epoch 155/350
391/391 - 24s - loss: 0.1938 - accuracy: 0.9456 - val_loss: 0.4556 - val_accuracy: 0.8985
Epoch 156/350
391/391 - 23s - loss: 0.1980 - accuracy: 0.9461 - val_loss: 0.4404 - val_accuracy: 0.8949
Epoch 157/350
391/391 - 23s - loss: 0.1865 - accuracy: 0.9474 - val_loss: 0.4292 - val_accuracy: 0.8993
Epoch 158/350
391/391 - 23s - loss: 0.1910 - accuracy: 0.9472 - val_loss: 0.4271 - val_accuracy: 0.9003
Epoch 159/350
391/391 - 23s - loss: 0.1941 - accuracy: 0.9455 - val_loss: 0.4547 - val_accuracy: 0.8914
Epoch 160/350
391/391 - 23s - loss: 0.1878 - accuracy: 0.9474 - val_loss: 0.4498 - val_accuracy: 0.8938
Epoch 161/350
391/391 - 23s - loss: 0.1846 - accuracy: 0.9499 - val_loss: 0.4582 - val_accuracy: 0.8981
Epoch 162/350
391/391 - 23s - loss: 0.1846 - accuracy: 0.9496 - val_loss: 0.4507 - val_accuracy: 0.8950
Epoch 163/350
391/391 - 23s - loss: 0.1864 - accuracy: 0.9505 - val_loss: 0.4440 - val_accuracy: 0.8968
Epoch 164/350
391/391 - 23s - loss: 0.1868 - accuracy: 0.9487 - val_loss: 0.4601 - val_accuracy: 0.8946
Epoch 165/350
391/391 - 24s - loss: 0.1794 - accuracy: 0.9512 - val_loss: 0.4734 - val_accuracy: 0.8977
Epoch 166/350
391/391 - 23s - loss: 0.1844 - accuracy: 0.9514 - val_loss: 0.4612 - val_accuracy: 0.8939
Epoch 167/350
391/391 - 23s - loss: 0.1864 - accuracy: 0.9500 - val_loss: 0.4421 - val_accuracy: 0.9000
Epoch 168/350
391/391 - 24s - loss: 0.1829 - accuracy: 0.9502 - val_loss: 0.4850 - val_accuracy: 0.8938
Epoch 169/350
391/391 - 23s - loss: 0.1859 - accuracy: 0.9490 - val_loss: 0.4185 - val_accuracy: 0.8990
Epoch 170/350
391/391 - 23s - loss: 0.1824 - accuracy: 0.9504 - val_loss: 0.4413 - val_accuracy: 0.8991
Epoch 171/350
391/391 - 23s - loss: 0.1797 - accuracy: 0.9527 - val_loss: 0.4473 - val_accuracy: 0.8993
Epoch 172/350
391/391 - 23s - loss: 0.1801 - accuracy: 0.9527 - val_loss: 0.4551 - val_accuracy: 0.8981
Epoch 173/350
391/391 - 23s - loss: 0.1776 - accuracy: 0.9520 - val_loss: 0.4267 - val_accuracy: 0.9002
Epoch 174/350
391/391 - 23s - loss: 0.1820 - accuracy: 0.9523 - val_loss: 0.4294 - val_accuracy: 0.9010
Epoch 175/350
391/391 - 23s - loss: 0.1773 - accuracy: 0.9528 - val_loss: 0.4457 - val_accuracy: 0.9034
Epoch 176/350
391/391 - 23s - loss: 0.1767 - accuracy: 0.9535 - val_loss: 0.4351 - val_accuracy: 0.8927
Epoch 177/350
391/391 - 23s - loss: 0.1808 - accuracy: 0.9517 - val_loss: 0.4452 - val_accuracy: 0.9006
Epoch 178/350
391/391 - 23s - loss: 0.1723 - accuracy: 0.9543 - val_loss: 0.4217 - val_accuracy: 0.9033
Epoch 179/350
391/391 - 23s - loss: 0.1792 - accuracy: 0.9517 - val_loss: 0.4294 - val_accuracy: 0.9003
Epoch 180/350
391/391 - 23s - loss: 0.1756 - accuracy: 0.9533 - val_loss: 0.4385 - val_accuracy: 0.9012
Epoch 181/350
391/391 - 23s - loss: 0.1743 - accuracy: 0.9541 - val_loss: 0.4474 - val_accuracy: 0.8997
Epoch 182/350
391/391 - 23s - loss: 0.1758 - accuracy: 0.9527 - val_loss: 0.4429 - val_accuracy: 0.9007
Epoch 183/350
391/391 - 23s - loss: 0.1726 - accuracy: 0.9539 - val_loss: 0.4792 - val_accuracy: 0.8941
Epoch 184/350
391/391 - 23s - loss: 0.1723 - accuracy: 0.9554 - val_loss: 0.4479 - val_accuracy: 0.8970
Epoch 185/350
391/391 - 23s - loss: 0.1710 - accuracy: 0.9556 - val_loss: 0.4837 - val_accuracy: 0.8989
Epoch 186/350
391/391 - 23s - loss: 0.1689 - accuracy: 0.9563 - val_loss: 0.4717 - val_accuracy: 0.8977
Epoch 187/350
391/391 - 23s - loss: 0.1691 - accuracy: 0.9567 - val_loss: 0.4463 - val_accuracy: 0.8993
Epoch 188/350
391/391 - 24s - loss: 0.1653 - accuracy: 0.9582 - val_loss: 0.4595 - val_accuracy: 0.8991
Epoch 189/350
391/391 - 23s - loss: 0.1681 - accuracy: 0.9562 - val_loss: 0.4557 - val_accuracy: 0.8989
Epoch 190/350
391/391 - 23s - loss: 0.1691 - accuracy: 0.9555 - val_loss: 0.4877 - val_accuracy: 0.8981
Epoch 191/350
391/391 - 23s - loss: 0.1700 - accuracy: 0.9566 - val_loss: 0.4750 - val_accuracy: 0.8957
Epoch 192/350
391/391 - 23s - loss: 0.1721 - accuracy: 0.9557 - val_loss: 0.4389 - val_accuracy: 0.9028
Epoch 193/350
391/391 - 24s - loss: 0.1678 - accuracy: 0.9559 - val_loss: 0.4892 - val_accuracy: 0.8958
Epoch 194/350
391/391 - 23s - loss: 0.1692 - accuracy: 0.9559 - val_loss: 0.4723 - val_accuracy: 0.8966
Epoch 195/350
391/391 - 23s - loss: 0.1637 - accuracy: 0.9578 - val_loss: 0.4746 - val_accuracy: 0.8966
Epoch 196/350
391/391 - 23s - loss: 0.1649 - accuracy: 0.9585 - val_loss: 0.4740 - val_accuracy: 0.9012
Epoch 197/350
391/391 - 23s - loss: 0.1690 - accuracy: 0.9571 - val_loss: 0.4600 - val_accuracy: 0.9000
Epoch 198/350
391/391 - 23s - loss: 0.1693 - accuracy: 0.9558 - val_loss: 0.4840 - val_accuracy: 0.8943
Epoch 199/350
391/391 - 23s - loss: 0.1609 - accuracy: 0.9593 - val_loss: 0.4308 - val_accuracy: 0.9014
Epoch 200/350


Snapshot weight 1 shuffle 7 at epoch 200
Layer 11
Getting activations...


391/391 - 24s - loss: 0.1627 - accuracy: 0.9581 - val_loss: 0.4439 - val_accuracy: 0.8972
Epoch 201/350
391/391 - 23s - loss: 0.1432 - accuracy: 0.9661 - val_loss: 0.4316 - val_accuracy: 0.9081
Epoch 202/350
391/391 - 24s - loss: 0.1229 - accuracy: 0.9728 - val_loss: 0.4390 - val_accuracy: 0.9086
Epoch 203/350
391/391 - 23s - loss: 0.1237 - accuracy: 0.9723 - val_loss: 0.4441 - val_accuracy: 0.9075
Epoch 204/350
391/391 - 23s - loss: 0.1223 - accuracy: 0.9731 - val_loss: 0.4461 - val_accuracy: 0.9087
Epoch 205/350
391/391 - 23s - loss: 0.1197 - accuracy: 0.9738 - val_loss: 0.4443 - val_accuracy: 0.9102
Epoch 206/350
391/391 - 23s - loss: 0.1191 - accuracy: 0.9743 - val_loss: 0.4473 - val_accuracy: 0.9106
Epoch 207/350
391/391 - 24s - loss: 0.1154 - accuracy: 0.9759 - val_loss: 0.4469 - val_accuracy: 0.9099
Epoch 208/350
391/391 - 23s - loss: 0.1173 - accuracy: 0.9750 - val_loss: 0.4524 - val_accuracy: 0.9111
Epoch 209/350
391/391 - 23s - loss: 0.1150 - accuracy: 0.9749 - val_loss: 0.4462 - val_accuracy: 0.9103
Epoch 210/350
391/391 - 23s - loss: 0.1159 - accuracy: 0.9757 - val_loss: 0.4497 - val_accuracy: 0.9120
Epoch 211/350
391/391 - 24s - loss: 0.1145 - accuracy: 0.9761 - val_loss: 0.4555 - val_accuracy: 0.9110
Epoch 212/350
391/391 - 23s - loss: 0.1128 - accuracy: 0.9767 - val_loss: 0.4518 - val_accuracy: 0.9112
Epoch 213/350
391/391 - 23s - loss: 0.1114 - accuracy: 0.9759 - val_loss: 0.4640 - val_accuracy: 0.9135
Epoch 214/350
391/391 - 23s - loss: 0.1147 - accuracy: 0.9754 - val_loss: 0.4566 - val_accuracy: 0.9109
Epoch 215/350
391/391 - 23s - loss: 0.1106 - accuracy: 0.9766 - val_loss: 0.4671 - val_accuracy: 0.9089
Epoch 216/350
391/391 - 23s - loss: 0.1107 - accuracy: 0.9774 - val_loss: 0.4566 - val_accuracy: 0.9118
Epoch 217/350
391/391 - 23s - loss: 0.1116 - accuracy: 0.9763 - val_loss: 0.4700 - val_accuracy: 0.9113
Epoch 218/350
391/391 - 24s - loss: 0.1101 - accuracy: 0.9777 - val_loss: 0.4626 - val_accuracy: 0.9127
Epoch 219/350
391/391 - 23s - loss: 0.1115 - accuracy: 0.9767 - val_loss: 0.4590 - val_accuracy: 0.9120
Epoch 220/350
391/391 - 23s - loss: 0.1086 - accuracy: 0.9783 - val_loss: 0.4580 - val_accuracy: 0.9127
Epoch 221/350
391/391 - 23s - loss: 0.1123 - accuracy: 0.9766 - val_loss: 0.4676 - val_accuracy: 0.9121
Epoch 222/350
391/391 - 23s - loss: 0.1091 - accuracy: 0.9769 - val_loss: 0.4685 - val_accuracy: 0.9130
Epoch 223/350
391/391 - 23s - loss: 0.1120 - accuracy: 0.9769 - val_loss: 0.4680 - val_accuracy: 0.9119
Epoch 224/350
391/391 - 23s - loss: 0.1115 - accuracy: 0.9776 - val_loss: 0.4703 - val_accuracy: 0.9105
Epoch 225/350
391/391 - 23s - loss: 0.1081 - accuracy: 0.9777 - val_loss: 0.4749 - val_accuracy: 0.9105
Epoch 226/350
391/391 - 23s - loss: 0.1071 - accuracy: 0.9774 - val_loss: 0.4676 - val_accuracy: 0.9114
Epoch 227/350
391/391 - 23s - loss: 0.1089 - accuracy: 0.9784 - val_loss: 0.4715 - val_accuracy: 0.9120
Epoch 228/350
391/391 - 23s - loss: 0.1074 - accuracy: 0.9783 - val_loss: 0.4719 - val_accuracy: 0.9109
Epoch 229/350
391/391 - 24s - loss: 0.1062 - accuracy: 0.9789 - val_loss: 0.4872 - val_accuracy: 0.9103
Epoch 230/350
391/391 - 23s - loss: 0.1083 - accuracy: 0.9780 - val_loss: 0.4767 - val_accuracy: 0.9119
Epoch 231/350
391/391 - 23s - loss: 0.1085 - accuracy: 0.9780 - val_loss: 0.4779 - val_accuracy: 0.9115
Epoch 232/350
391/391 - 23s - loss: 0.1091 - accuracy: 0.9770 - val_loss: 0.4803 - val_accuracy: 0.9124
Epoch 233/350
391/391 - 23s - loss: 0.1050 - accuracy: 0.9783 - val_loss: 0.4738 - val_accuracy: 0.9108
Epoch 234/350
391/391 - 23s - loss: 0.1052 - accuracy: 0.9787 - val_loss: 0.4753 - val_accuracy: 0.9136
Epoch 235/350
391/391 - 24s - loss: 0.1072 - accuracy: 0.9780 - val_loss: 0.4778 - val_accuracy: 0.9129
Epoch 236/350
391/391 - 23s - loss: 0.1031 - accuracy: 0.9796 - val_loss: 0.4742 - val_accuracy: 0.9111
Epoch 237/350
391/391 - 23s - loss: 0.1059 - accuracy: 0.9787 - val_loss: 0.4804 - val_accuracy: 0.9102
Epoch 238/350
391/391 - 23s - loss: 0.1043 - accuracy: 0.9792 - val_loss: 0.4765 - val_accuracy: 0.9121
Epoch 239/350
391/391 - 23s - loss: 0.1048 - accuracy: 0.9791 - val_loss: 0.4830 - val_accuracy: 0.9111
Epoch 240/350
391/391 - 23s - loss: 0.1039 - accuracy: 0.9792 - val_loss: 0.4744 - val_accuracy: 0.9141
Epoch 241/350
391/391 - 24s - loss: 0.1041 - accuracy: 0.9795 - val_loss: 0.4761 - val_accuracy: 0.9137
Epoch 242/350
391/391 - 23s - loss: 0.1045 - accuracy: 0.9798 - val_loss: 0.4893 - val_accuracy: 0.9124
Epoch 243/350
391/391 - 24s - loss: 0.1033 - accuracy: 0.9795 - val_loss: 0.4811 - val_accuracy: 0.9138
Epoch 244/350
391/391 - 23s - loss: 0.1050 - accuracy: 0.9789 - val_loss: 0.4783 - val_accuracy: 0.9135
Epoch 245/350
391/391 - 24s - loss: 0.1039 - accuracy: 0.9800 - val_loss: 0.4758 - val_accuracy: 0.9119
Epoch 246/350
391/391 - 23s - loss: 0.1044 - accuracy: 0.9790 - val_loss: 0.4766 - val_accuracy: 0.9115
Epoch 247/350
391/391 - 23s - loss: 0.1018 - accuracy: 0.9805 - val_loss: 0.4849 - val_accuracy: 0.9111
Epoch 248/350
391/391 - 23s - loss: 0.1072 - accuracy: 0.9774 - val_loss: 0.4784 - val_accuracy: 0.9119
Epoch 249/350
391/391 - 23s - loss: 0.1038 - accuracy: 0.9798 - val_loss: 0.4899 - val_accuracy: 0.9119
Epoch 250/350


Snapshot weight 1 shuffle 7 at epoch 250
Layer 11
Getting activations...


391/391 - 24s - loss: 0.1026 - accuracy: 0.9800 - val_loss: 0.4808 - val_accuracy: 0.9142
Epoch 251/350
391/391 - 24s - loss: 0.1016 - accuracy: 0.9799 - val_loss: 0.4790 - val_accuracy: 0.9148
Epoch 252/350
391/391 - 23s - loss: 0.1014 - accuracy: 0.9802 - val_loss: 0.4800 - val_accuracy: 0.9144
Epoch 253/350
391/391 - 23s - loss: 0.1013 - accuracy: 0.9806 - val_loss: 0.4793 - val_accuracy: 0.9138
Epoch 254/350
391/391 - 24s - loss: 0.1005 - accuracy: 0.9805 - val_loss: 0.4817 - val_accuracy: 0.9147
Epoch 255/350
391/391 - 23s - loss: 0.0995 - accuracy: 0.9810 - val_loss: 0.4839 - val_accuracy: 0.9149
Epoch 256/350
391/391 - 23s - loss: 0.1000 - accuracy: 0.9807 - val_loss: 0.4863 - val_accuracy: 0.9140
Epoch 257/350
391/391 - 23s - loss: 0.1005 - accuracy: 0.9806 - val_loss: 0.4841 - val_accuracy: 0.9137
Epoch 258/350
391/391 - 23s - loss: 0.1023 - accuracy: 0.9801 - val_loss: 0.4841 - val_accuracy: 0.9129
Epoch 259/350
391/391 - 23s - loss: 0.0999 - accuracy: 0.9804 - val_loss: 0.4832 - val_accuracy: 0.9137
Epoch 260/350
391/391 - 23s - loss: 0.0974 - accuracy: 0.9813 - val_loss: 0.4838 - val_accuracy: 0.9130
Epoch 261/350
391/391 - 23s - loss: 0.0995 - accuracy: 0.9810 - val_loss: 0.4846 - val_accuracy: 0.9136
Epoch 262/350
391/391 - 23s - loss: 0.0993 - accuracy: 0.9811 - val_loss: 0.4825 - val_accuracy: 0.9141
Epoch 263/350
391/391 - 23s - loss: 0.1000 - accuracy: 0.9808 - val_loss: 0.4817 - val_accuracy: 0.9148
Epoch 264/350
391/391 - 24s - loss: 0.0996 - accuracy: 0.9808 - val_loss: 0.4814 - val_accuracy: 0.9142
Epoch 265/350
391/391 - 23s - loss: 0.0996 - accuracy: 0.9803 - val_loss: 0.4842 - val_accuracy: 0.9140
Epoch 266/350
391/391 - 23s - loss: 0.1004 - accuracy: 0.9813 - val_loss: 0.4839 - val_accuracy: 0.9144
Epoch 267/350
391/391 - 23s - loss: 0.0988 - accuracy: 0.9812 - val_loss: 0.4821 - val_accuracy: 0.9132
Epoch 268/350
391/391 - 24s - loss: 0.0995 - accuracy: 0.9810 - val_loss: 0.4839 - val_accuracy: 0.9141
Epoch 269/350
391/391 - 23s - loss: 0.0978 - accuracy: 0.9817 - val_loss: 0.4854 - val_accuracy: 0.9143
Epoch 270/350
391/391 - 23s - loss: 0.0991 - accuracy: 0.9809 - val_loss: 0.4839 - val_accuracy: 0.9140
Epoch 271/350
391/391 - 23s - loss: 0.1012 - accuracy: 0.9810 - val_loss: 0.4840 - val_accuracy: 0.9141
Epoch 272/350
391/391 - 24s - loss: 0.0972 - accuracy: 0.9823 - val_loss: 0.4875 - val_accuracy: 0.9135
Epoch 273/350
391/391 - 23s - loss: 0.1003 - accuracy: 0.9799 - val_loss: 0.4871 - val_accuracy: 0.9140
Epoch 274/350
391/391 - 23s - loss: 0.1001 - accuracy: 0.9808 - val_loss: 0.4846 - val_accuracy: 0.9134
Epoch 275/350
391/391 - 23s - loss: 0.0992 - accuracy: 0.9820 - val_loss: 0.4843 - val_accuracy: 0.9128
Epoch 276/350
391/391 - 23s - loss: 0.0992 - accuracy: 0.9809 - val_loss: 0.4837 - val_accuracy: 0.9137
Epoch 277/350
391/391 - 23s - loss: 0.0973 - accuracy: 0.9820 - val_loss: 0.4861 - val_accuracy: 0.9135
Epoch 278/350
391/391 - 23s - loss: 0.1000 - accuracy: 0.9806 - val_loss: 0.4850 - val_accuracy: 0.9136
Epoch 279/350
391/391 - 23s - loss: 0.0993 - accuracy: 0.9806 - val_loss: 0.4861 - val_accuracy: 0.9135
Epoch 280/350
391/391 - 24s - loss: 0.1005 - accuracy: 0.9806 - val_loss: 0.4860 - val_accuracy: 0.9139
Epoch 281/350
391/391 - 23s - loss: 0.0985 - accuracy: 0.9807 - val_loss: 0.4847 - val_accuracy: 0.9139
Epoch 282/350
391/391 - 23s - loss: 0.0979 - accuracy: 0.9813 - val_loss: 0.4843 - val_accuracy: 0.9138
Epoch 283/350
391/391 - 23s - loss: 0.0980 - accuracy: 0.9816 - val_loss: 0.4832 - val_accuracy: 0.9142
Epoch 284/350
391/391 - 23s - loss: 0.0979 - accuracy: 0.9817 - val_loss: 0.4858 - val_accuracy: 0.9140
Epoch 285/350
391/391 - 23s - loss: 0.0975 - accuracy: 0.9816 - val_loss: 0.4868 - val_accuracy: 0.9139
Epoch 286/350
391/391 - 23s - loss: 0.1004 - accuracy: 0.9810 - val_loss: 0.4874 - val_accuracy: 0.9131
Epoch 287/350
391/391 - 23s - loss: 0.0964 - accuracy: 0.9818 - val_loss: 0.4866 - val_accuracy: 0.9138
Epoch 288/350
391/391 - 23s - loss: 0.0981 - accuracy: 0.9808 - val_loss: 0.4864 - val_accuracy: 0.9140
Epoch 289/350
391/391 - 23s - loss: 0.0980 - accuracy: 0.9815 - val_loss: 0.4880 - val_accuracy: 0.9139
Epoch 290/350
391/391 - 24s - loss: 0.0987 - accuracy: 0.9813 - val_loss: 0.4880 - val_accuracy: 0.9133
Epoch 291/350
391/391 - 23s - loss: 0.0982 - accuracy: 0.9817 - val_loss: 0.4874 - val_accuracy: 0.9145
Epoch 292/350
391/391 - 23s - loss: 0.0977 - accuracy: 0.9819 - val_loss: 0.4895 - val_accuracy: 0.9138
Epoch 293/350
391/391 - 23s - loss: 0.0987 - accuracy: 0.9813 - val_loss: 0.4876 - val_accuracy: 0.9138
Epoch 294/350
391/391 - 23s - loss: 0.0985 - accuracy: 0.9816 - val_loss: 0.4891 - val_accuracy: 0.9138
Epoch 295/350
391/391 - 24s - loss: 0.0985 - accuracy: 0.9812 - val_loss: 0.4879 - val_accuracy: 0.9140
Epoch 296/350
391/391 - 24s - loss: 0.0975 - accuracy: 0.9817 - val_loss: 0.4870 - val_accuracy: 0.9145
Epoch 297/350
391/391 - 23s - loss: 0.0996 - accuracy: 0.9809 - val_loss: 0.4869 - val_accuracy: 0.9140
Epoch 298/350
391/391 - 23s - loss: 0.1002 - accuracy: 0.9816 - val_loss: 0.4871 - val_accuracy: 0.9141
Epoch 299/350
391/391 - 23s - loss: 0.0966 - accuracy: 0.9822 - val_loss: 0.4878 - val_accuracy: 0.9151
Epoch 300/350


Snapshot weight 1 shuffle 7 at epoch 300
Layer 11
Getting activations...


391/391 - 24s - loss: 0.0998 - accuracy: 0.9810 - val_loss: 0.4902 - val_accuracy: 0.9135
Epoch 301/350
391/391 - 23s - loss: 0.0978 - accuracy: 0.9812 - val_loss: 0.4897 - val_accuracy: 0.9136
Epoch 302/350
391/391 - 24s - loss: 0.0972 - accuracy: 0.9817 - val_loss: 0.4894 - val_accuracy: 0.9140
Epoch 303/350
391/391 - 24s - loss: 0.0986 - accuracy: 0.9808 - val_loss: 0.4892 - val_accuracy: 0.9142
Epoch 304/350
391/391 - 23s - loss: 0.0977 - accuracy: 0.9820 - val_loss: 0.4891 - val_accuracy: 0.9142
Epoch 305/350
391/391 - 23s - loss: 0.0987 - accuracy: 0.9812 - val_loss: 0.4887 - val_accuracy: 0.9143
Epoch 306/350
391/391 - 24s - loss: 0.0982 - accuracy: 0.9813 - val_loss: 0.4888 - val_accuracy: 0.9140
Epoch 307/350
391/391 - 23s - loss: 0.0974 - accuracy: 0.9820 - val_loss: 0.4886 - val_accuracy: 0.9143
Epoch 308/350
391/391 - 23s - loss: 0.0975 - accuracy: 0.9814 - val_loss: 0.4886 - val_accuracy: 0.9143
Epoch 309/350
391/391 - 23s - loss: 0.0991 - accuracy: 0.9814 - val_loss: 0.4884 - val_accuracy: 0.9144
Epoch 310/350
391/391 - 23s - loss: 0.0984 - accuracy: 0.9808 - val_loss: 0.4882 - val_accuracy: 0.9140
Epoch 311/350
391/391 - 23s - loss: 0.0981 - accuracy: 0.9813 - val_loss: 0.4877 - val_accuracy: 0.9140
Epoch 312/350
391/391 - 23s - loss: 0.0979 - accuracy: 0.9818 - val_loss: 0.4879 - val_accuracy: 0.9141
Epoch 313/350
391/391 - 23s - loss: 0.0991 - accuracy: 0.9812 - val_loss: 0.4878 - val_accuracy: 0.9142
Epoch 314/350
391/391 - 23s - loss: 0.0977 - accuracy: 0.9818 - val_loss: 0.4877 - val_accuracy: 0.9143
Epoch 315/350
391/391 - 23s - loss: 0.0986 - accuracy: 0.9816 - val_loss: 0.4875 - val_accuracy: 0.9143
Epoch 316/350
391/391 - 24s - loss: 0.0977 - accuracy: 0.9820 - val_loss: 0.4879 - val_accuracy: 0.9142
Epoch 317/350
391/391 - 23s - loss: 0.0991 - accuracy: 0.9812 - val_loss: 0.4879 - val_accuracy: 0.9141
Epoch 318/350
391/391 - 23s - loss: 0.0974 - accuracy: 0.9822 - val_loss: 0.4881 - val_accuracy: 0.9143
Epoch 319/350
391/391 - 23s - loss: 0.0997 - accuracy: 0.9808 - val_loss: 0.4881 - val_accuracy: 0.9143
Epoch 320/350
391/391 - 23s - loss: 0.0981 - accuracy: 0.9811 - val_loss: 0.4883 - val_accuracy: 0.9144
Epoch 321/350
391/391 - 23s - loss: 0.0999 - accuracy: 0.9810 - val_loss: 0.4882 - val_accuracy: 0.9144
Epoch 322/350
391/391 - 23s - loss: 0.0990 - accuracy: 0.9808 - val_loss: 0.4882 - val_accuracy: 0.9144
Epoch 323/350
391/391 - 23s - loss: 0.0989 - accuracy: 0.9807 - val_loss: 0.4880 - val_accuracy: 0.9144
Epoch 324/350
391/391 - 23s - loss: 0.0965 - accuracy: 0.9816 - val_loss: 0.4884 - val_accuracy: 0.9147
Epoch 325/350
391/391 - 23s - loss: 0.0987 - accuracy: 0.9813 - val_loss: 0.4882 - val_accuracy: 0.9144
Epoch 326/350
391/391 - 23s - loss: 0.0969 - accuracy: 0.9818 - val_loss: 0.4884 - val_accuracy: 0.9143
Epoch 327/350
391/391 - 23s - loss: 0.0981 - accuracy: 0.9816 - val_loss: 0.4885 - val_accuracy: 0.9146
Epoch 328/350
391/391 - 23s - loss: 0.0999 - accuracy: 0.9810 - val_loss: 0.4885 - val_accuracy: 0.9144
Epoch 329/350
391/391 - 23s - loss: 0.0972 - accuracy: 0.9818 - val_loss: 0.4881 - val_accuracy: 0.9145
Epoch 330/350
391/391 - 23s - loss: 0.0972 - accuracy: 0.9817 - val_loss: 0.4882 - val_accuracy: 0.9147
Epoch 331/350
391/391 - 23s - loss: 0.0960 - accuracy: 0.9820 - val_loss: 0.4884 - val_accuracy: 0.9145
Epoch 332/350
391/391 - 23s - loss: 0.0991 - accuracy: 0.9815 - val_loss: 0.4886 - val_accuracy: 0.9144
Epoch 333/350
391/391 - 23s - loss: 0.0963 - accuracy: 0.9815 - val_loss: 0.4886 - val_accuracy: 0.9146
Epoch 334/350
391/391 - 23s - loss: 0.0991 - accuracy: 0.9807 - val_loss: 0.4885 - val_accuracy: 0.9143
Epoch 335/350
391/391 - 23s - loss: 0.0970 - accuracy: 0.9819 - val_loss: 0.4887 - val_accuracy: 0.9145
Epoch 336/350
391/391 - 23s - loss: 0.0976 - accuracy: 0.9815 - val_loss: 0.4884 - val_accuracy: 0.9144
Epoch 337/350
391/391 - 23s - loss: 0.0983 - accuracy: 0.9815 - val_loss: 0.4885 - val_accuracy: 0.9144
Epoch 338/350
391/391 - 23s - loss: 0.1014 - accuracy: 0.9801 - val_loss: 0.4883 - val_accuracy: 0.9143
Epoch 339/350
391/391 - 23s - loss: 0.0971 - accuracy: 0.9818 - val_loss: 0.4884 - val_accuracy: 0.9145
Epoch 340/350
391/391 - 23s - loss: 0.0986 - accuracy: 0.9811 - val_loss: 0.4882 - val_accuracy: 0.9147
Epoch 341/350
391/391 - 24s - loss: 0.0995 - accuracy: 0.9810 - val_loss: 0.4883 - val_accuracy: 0.9144
Epoch 342/350
391/391 - 23s - loss: 0.0975 - accuracy: 0.9813 - val_loss: 0.4884 - val_accuracy: 0.9143
Epoch 343/350
391/391 - 23s - loss: 0.0972 - accuracy: 0.9821 - val_loss: 0.4884 - val_accuracy: 0.9141
Epoch 344/350
391/391 - 23s - loss: 0.0999 - accuracy: 0.9813 - val_loss: 0.4883 - val_accuracy: 0.9142
Epoch 345/350
391/391 - 23s - loss: 0.0997 - accuracy: 0.9812 - val_loss: 0.4879 - val_accuracy: 0.9143
Epoch 346/350
391/391 - 23s - loss: 0.0983 - accuracy: 0.9815 - val_loss: 0.4879 - val_accuracy: 0.9144
Epoch 347/350
391/391 - 24s - loss: 0.0965 - accuracy: 0.9819 - val_loss: 0.4881 - val_accuracy: 0.9146
Epoch 348/350
391/391 - 24s - loss: 0.0971 - accuracy: 0.9815 - val_loss: 0.4883 - val_accuracy: 0.9145
Epoch 349/350
391/391 - 23s - loss: 0.0991 - accuracy: 0.9808 - val_loss: 0.4883 - val_accuracy: 0.9144
Epoch 350/350


Snapshot weight 1 shuffle 7 at epoch 350
Layer 11
Getting activations...


391/391 - 24s - loss: 0.0978 - accuracy: 0.9813 - val_loss: 0.4884 - val_accuracy: 0.9143
/usr/local/lib/python3.6/dist-packages/tensorflow/python/autograph/impl/api.py:493: UserWarning: fill_value is not supported and is always 0 for TensorFlow < 2.4.0.
  return py_builtins.overload_of(f)(*args)
WARNING:tensorflow:From /usr/local/lib/python3.6/dist-packages/tensorflow/python/training/tracking/tracking.py:111: Model.state_updates (from tensorflow.python.keras.engine.training) is deprecated and will be removed in a future version.
Instructions for updating:
This property should not be used in TensorFlow 2.0, as updates are applied automatically.
2021-07-02 14:51:32.604883: W tensorflow/python/util/util.cc:348] Sets are not currently considered sequences, but this may change in the future, so consider avoiding using them.
WARNING:tensorflow:From /usr/local/lib/python3.6/dist-packages/tensorflow/python/training/tracking/tracking.py:111: Layer.updates (from tensorflow.python.keras.engine.base_layer) is deprecated and will be removed in a future version.
Instructions for updating:
This property should not be used in TensorFlow 2.0, as updates are applied automatically.
Saving, final validation acc: 0.9143000245094299
