2021-07-02 17:16:42.623334: I tensorflow/stream_executor/platform/default/dso_loader.cc:48] Successfully opened dynamic library libcudart.so.10.1
2021-07-02 17:18:02.217846: I tensorflow/stream_executor/platform/default/dso_loader.cc:48] Successfully opened dynamic library libcuda.so.1
2021-07-02 17:18:02.255802: I tensorflow/core/common_runtime/gpu/gpu_device.cc:1716] Found device 0 with properties: 
pciBusID: 0000:03:00.0 name: NVIDIA TITAN Xp computeCapability: 6.1
coreClock: 1.582GHz coreCount: 30 deviceMemorySize: 11.91GiB deviceMemoryBandwidth: 510.07GiB/s
2021-07-02 17:18:02.255876: I tensorflow/stream_executor/platform/default/dso_loader.cc:48] Successfully opened dynamic library libcudart.so.10.1
2021-07-02 17:18:02.295741: I tensorflow/stream_executor/platform/default/dso_loader.cc:48] Successfully opened dynamic library libcublas.so.10
2021-07-02 17:18:02.316206: I tensorflow/stream_executor/platform/default/dso_loader.cc:48] Successfully opened dynamic library libcufft.so.10
2021-07-02 17:18:02.324777: I tensorflow/stream_executor/platform/default/dso_loader.cc:48] Successfully opened dynamic library libcurand.so.10
2021-07-02 17:18:02.367222: I tensorflow/stream_executor/platform/default/dso_loader.cc:48] Successfully opened dynamic library libcusolver.so.10
2021-07-02 17:18:02.375655: I tensorflow/stream_executor/platform/default/dso_loader.cc:48] Successfully opened dynamic library libcusparse.so.10
2021-07-02 17:18:02.455315: I tensorflow/stream_executor/platform/default/dso_loader.cc:48] Successfully opened dynamic library libcudnn.so.7
2021-07-02 17:18:02.458146: I tensorflow/core/common_runtime/gpu/gpu_device.cc:1858] Adding visible gpu devices: 0
2021-07-02 17:18:02.461922: I tensorflow/core/platform/cpu_feature_guard.cc:142] This TensorFlow binary is optimized with oneAPI Deep Neural Network Library (oneDNN)to use the following CPU instructions in performance-critical operations:  AVX2 FMA
To enable them in other operations, rebuild TensorFlow with the appropriate compiler flags.
2021-07-02 17:18:02.477866: I tensorflow/core/platform/profile_utils/cpu_utils.cc:104] CPU Frequency: 2600205000 Hz
2021-07-02 17:18:02.478044: I tensorflow/compiler/xla/service/service.cc:168] XLA service 0x4ee9670 initialized for platform Host (this does not guarantee that XLA will be used). Devices:
2021-07-02 17:18:02.478067: I tensorflow/compiler/xla/service/service.cc:176]   StreamExecutor device (0): Host, Default Version
2021-07-02 17:18:02.620749: I tensorflow/compiler/xla/service/service.cc:168] XLA service 0x4ecab20 initialized for platform CUDA (this does not guarantee that XLA will be used). Devices:
2021-07-02 17:18:02.620815: I tensorflow/compiler/xla/service/service.cc:176]   StreamExecutor device (0): NVIDIA TITAN Xp, Compute Capability 6.1
2021-07-02 17:18:02.623311: I tensorflow/core/common_runtime/gpu/gpu_device.cc:1716] Found device 0 with properties: 
pciBusID: 0000:03:00.0 name: NVIDIA TITAN Xp computeCapability: 6.1
coreClock: 1.582GHz coreCount: 30 deviceMemorySize: 11.91GiB deviceMemoryBandwidth: 510.07GiB/s
2021-07-02 17:18:02.623347: I tensorflow/stream_executor/platform/default/dso_loader.cc:48] Successfully opened dynamic library libcudart.so.10.1
2021-07-02 17:18:02.623376: I tensorflow/stream_executor/platform/default/dso_loader.cc:48] Successfully opened dynamic library libcublas.so.10
2021-07-02 17:18:02.623394: I tensorflow/stream_executor/platform/default/dso_loader.cc:48] Successfully opened dynamic library libcufft.so.10
2021-07-02 17:18:02.623411: I tensorflow/stream_executor/platform/default/dso_loader.cc:48] Successfully opened dynamic library libcurand.so.10
2021-07-02 17:18:02.623427: I tensorflow/stream_executor/platform/default/dso_loader.cc:48] Successfully opened dynamic library libcusolver.so.10
2021-07-02 17:18:02.623443: I tensorflow/stream_executor/platform/default/dso_loader.cc:48] Successfully opened dynamic library libcusparse.so.10
2021-07-02 17:18:02.623460: I tensorflow/stream_executor/platform/default/dso_loader.cc:48] Successfully opened dynamic library libcudnn.so.7
2021-07-02 17:18:02.625679: I tensorflow/core/common_runtime/gpu/gpu_device.cc:1858] Adding visible gpu devices: 0
2021-07-02 17:18:02.627516: I tensorflow/stream_executor/platform/default/dso_loader.cc:48] Successfully opened dynamic library libcudart.so.10.1
2021-07-02 17:18:04.487282: I tensorflow/core/common_runtime/gpu/gpu_device.cc:1257] Device interconnect StreamExecutor with strength 1 edge matrix:
2021-07-02 17:18:04.487353: I tensorflow/core/common_runtime/gpu/gpu_device.cc:1263]      0 
2021-07-02 17:18:04.487367: I tensorflow/core/common_runtime/gpu/gpu_device.cc:1276] 0:   N 
2021-07-02 17:18:04.493293: I tensorflow/core/common_runtime/gpu/gpu_device.cc:1402] Created TensorFlow device (/job:localhost/replica:0/task:0/device:GPU:0 with 11218 MB memory) -> physical GPU (device: 0, name: NVIDIA TITAN Xp, pci bus id: 0000:03:00.0, compute capability: 6.1)
2021-07-02 17:18:10.267166: I tensorflow/stream_executor/platform/default/dso_loader.cc:48] Successfully opened dynamic library libcudnn.so.7
2021-07-02 17:18:12.759513: I tensorflow/stream_executor/platform/default/dso_loader.cc:48] Successfully opened dynamic library libcublas.so.10
Using model index: 86
Making train data...
GCN...
ZCA...
Done!
Making test data...
Done!
Epoch 1/350


Snapshot weight 6 shuffle 8 at epoch 1
Layer 11
Getting activations...


391/391 - 23s - loss: 2.3088 - accuracy: 0.1260 - val_loss: 2.2710 - val_accuracy: 0.1552
Epoch 2/350


Snapshot weight 6 shuffle 8 at epoch 2
Layer 11
Getting activations...


391/391 - 23s - loss: 2.1724 - accuracy: 0.2071 - val_loss: 2.0090 - val_accuracy: 0.2820
Epoch 3/350


Snapshot weight 6 shuffle 8 at epoch 3
Layer 11
Getting activations...


391/391 - 23s - loss: 1.9387 - accuracy: 0.3077 - val_loss: 1.7611 - val_accuracy: 0.3846
Epoch 4/350


Snapshot weight 6 shuffle 8 at epoch 4
Layer 11
Getting activations...


391/391 - 24s - loss: 1.7153 - accuracy: 0.4116 - val_loss: 1.5465 - val_accuracy: 0.4818
Epoch 5/350


Snapshot weight 6 shuffle 8 at epoch 5
Layer 11
Getting activations...


391/391 - 24s - loss: 1.5617 - accuracy: 0.4748 - val_loss: 1.4344 - val_accuracy: 0.5249
Epoch 6/350


Snapshot weight 6 shuffle 8 at epoch 6
Layer 11
Getting activations...


391/391 - 24s - loss: 1.4666 - accuracy: 0.5125 - val_loss: 1.4233 - val_accuracy: 0.5213
Epoch 7/350


Snapshot weight 6 shuffle 8 at epoch 7
Layer 11
Getting activations...


391/391 - 24s - loss: 1.3833 - accuracy: 0.5427 - val_loss: 1.4457 - val_accuracy: 0.5513
Epoch 8/350


Snapshot weight 6 shuffle 8 at epoch 8
Layer 11
Getting activations...


391/391 - 24s - loss: 1.2271 - accuracy: 0.5842 - val_loss: 1.1248 - val_accuracy: 0.6163
Epoch 9/350


Snapshot weight 6 shuffle 8 at epoch 9
Layer 11
Getting activations...


391/391 - 23s - loss: 1.1047 - accuracy: 0.6193 - val_loss: 1.0114 - val_accuracy: 0.6488
Epoch 10/350


Snapshot weight 6 shuffle 8 at epoch 10
Layer 11
Getting activations...


391/391 - 23s - loss: 1.0397 - accuracy: 0.6432 - val_loss: 0.9863 - val_accuracy: 0.6593
Epoch 11/350
391/391 - 23s - loss: 1.0060 - accuracy: 0.6546 - val_loss: 0.9317 - val_accuracy: 0.6804
Epoch 12/350
391/391 - 23s - loss: 0.9597 - accuracy: 0.6709 - val_loss: 0.8918 - val_accuracy: 0.6995
Epoch 13/350
391/391 - 24s - loss: 0.9233 - accuracy: 0.6826 - val_loss: 0.8332 - val_accuracy: 0.7189
Epoch 14/350
391/391 - 23s - loss: 0.8844 - accuracy: 0.6974 - val_loss: 0.8338 - val_accuracy: 0.7240
Epoch 15/350
391/391 - 23s - loss: 0.8401 - accuracy: 0.7148 - val_loss: 0.9059 - val_accuracy: 0.7083
Epoch 16/350
391/391 - 24s - loss: 0.8111 - accuracy: 0.7257 - val_loss: 0.7984 - val_accuracy: 0.7382
Epoch 17/350
391/391 - 23s - loss: 0.7788 - accuracy: 0.7374 - val_loss: 0.7347 - val_accuracy: 0.7599
Epoch 18/350
391/391 - 23s - loss: 0.7562 - accuracy: 0.7449 - val_loss: 0.7165 - val_accuracy: 0.7639
Epoch 19/350
391/391 - 23s - loss: 0.7394 - accuracy: 0.7513 - val_loss: 0.6943 - val_accuracy: 0.7667
Epoch 20/350
391/391 - 23s - loss: 0.7056 - accuracy: 0.7634 - val_loss: 0.6562 - val_accuracy: 0.7843
Epoch 21/350
391/391 - 23s - loss: 0.6840 - accuracy: 0.7721 - val_loss: 0.7366 - val_accuracy: 0.7671
Epoch 22/350
391/391 - 23s - loss: 0.6646 - accuracy: 0.7764 - val_loss: 0.6153 - val_accuracy: 0.7958
Epoch 23/350
391/391 - 23s - loss: 0.6491 - accuracy: 0.7846 - val_loss: 0.6734 - val_accuracy: 0.7681
Epoch 24/350
391/391 - 23s - loss: 0.6396 - accuracy: 0.7870 - val_loss: 0.6053 - val_accuracy: 0.8014
Epoch 25/350
391/391 - 23s - loss: 0.6210 - accuracy: 0.7933 - val_loss: 0.6071 - val_accuracy: 0.8023
Epoch 26/350
391/391 - 23s - loss: 0.6059 - accuracy: 0.7996 - val_loss: 0.5722 - val_accuracy: 0.8150
Epoch 27/350
391/391 - 23s - loss: 0.5913 - accuracy: 0.8041 - val_loss: 0.5340 - val_accuracy: 0.8256
Epoch 28/350
391/391 - 23s - loss: 0.5713 - accuracy: 0.8105 - val_loss: 0.5592 - val_accuracy: 0.8168
Epoch 29/350
391/391 - 23s - loss: 0.5723 - accuracy: 0.8126 - val_loss: 0.5448 - val_accuracy: 0.8289
Epoch 30/350
391/391 - 23s - loss: 0.5554 - accuracy: 0.8168 - val_loss: 0.5150 - val_accuracy: 0.8343
Epoch 31/350
391/391 - 23s - loss: 0.5411 - accuracy: 0.8224 - val_loss: 0.5363 - val_accuracy: 0.8257
Epoch 32/350
391/391 - 23s - loss: 0.5357 - accuracy: 0.8239 - val_loss: 0.5594 - val_accuracy: 0.8242
Epoch 33/350
391/391 - 23s - loss: 0.5188 - accuracy: 0.8302 - val_loss: 0.4918 - val_accuracy: 0.8386
Epoch 34/350
391/391 - 23s - loss: 0.5097 - accuracy: 0.8330 - val_loss: 0.5186 - val_accuracy: 0.8354
Epoch 35/350
391/391 - 23s - loss: 0.5027 - accuracy: 0.8354 - val_loss: 0.4903 - val_accuracy: 0.8453
Epoch 36/350
391/391 - 23s - loss: 0.4941 - accuracy: 0.8386 - val_loss: 0.4930 - val_accuracy: 0.8363
Epoch 37/350
391/391 - 23s - loss: 0.4920 - accuracy: 0.8421 - val_loss: 0.4876 - val_accuracy: 0.8445
Epoch 38/350
391/391 - 23s - loss: 0.4796 - accuracy: 0.8445 - val_loss: 0.4884 - val_accuracy: 0.8429
Epoch 39/350
391/391 - 23s - loss: 0.4740 - accuracy: 0.8466 - val_loss: 0.4870 - val_accuracy: 0.8465
Epoch 40/350
391/391 - 23s - loss: 0.4627 - accuracy: 0.8508 - val_loss: 0.4630 - val_accuracy: 0.8499
Epoch 41/350
391/391 - 23s - loss: 0.4598 - accuracy: 0.8502 - val_loss: 0.4949 - val_accuracy: 0.8465
Epoch 42/350
391/391 - 23s - loss: 0.4504 - accuracy: 0.8532 - val_loss: 0.4952 - val_accuracy: 0.8464
Epoch 43/350
391/391 - 23s - loss: 0.4493 - accuracy: 0.8543 - val_loss: 0.4575 - val_accuracy: 0.8572
Epoch 44/350
391/391 - 23s - loss: 0.4387 - accuracy: 0.8593 - val_loss: 0.4580 - val_accuracy: 0.8579
Epoch 45/350
391/391 - 23s - loss: 0.4376 - accuracy: 0.8570 - val_loss: 0.5071 - val_accuracy: 0.8446
Epoch 46/350
391/391 - 23s - loss: 0.4289 - accuracy: 0.8616 - val_loss: 0.4596 - val_accuracy: 0.8550
Epoch 47/350
391/391 - 23s - loss: 0.4192 - accuracy: 0.8653 - val_loss: 0.4375 - val_accuracy: 0.8665
Epoch 48/350
391/391 - 23s - loss: 0.4182 - accuracy: 0.8648 - val_loss: 0.5305 - val_accuracy: 0.8413
Epoch 49/350
391/391 - 23s - loss: 0.4085 - accuracy: 0.8699 - val_loss: 0.4703 - val_accuracy: 0.8563
Epoch 50/350


Snapshot weight 6 shuffle 8 at epoch 50
Layer 11
Getting activations...


391/391 - 24s - loss: 0.4079 - accuracy: 0.8681 - val_loss: 0.4606 - val_accuracy: 0.8553
Epoch 51/350
391/391 - 24s - loss: 0.3980 - accuracy: 0.8709 - val_loss: 0.4526 - val_accuracy: 0.8581
Epoch 52/350
391/391 - 23s - loss: 0.3971 - accuracy: 0.8722 - val_loss: 0.4589 - val_accuracy: 0.8564
Epoch 53/350
391/391 - 23s - loss: 0.3840 - accuracy: 0.8778 - val_loss: 0.4822 - val_accuracy: 0.8489
Epoch 54/350
391/391 - 23s - loss: 0.3823 - accuracy: 0.8785 - val_loss: 0.4580 - val_accuracy: 0.8602
Epoch 55/350
391/391 - 23s - loss: 0.3821 - accuracy: 0.8786 - val_loss: 0.4371 - val_accuracy: 0.8709
Epoch 56/350
391/391 - 23s - loss: 0.3803 - accuracy: 0.8779 - val_loss: 0.4202 - val_accuracy: 0.8711
Epoch 57/350
391/391 - 23s - loss: 0.3757 - accuracy: 0.8806 - val_loss: 0.4396 - val_accuracy: 0.8662
Epoch 58/350
391/391 - 24s - loss: 0.3682 - accuracy: 0.8828 - val_loss: 0.4470 - val_accuracy: 0.8672
Epoch 59/350
391/391 - 23s - loss: 0.3677 - accuracy: 0.8827 - val_loss: 0.4392 - val_accuracy: 0.8634
Epoch 60/350
391/391 - 23s - loss: 0.3621 - accuracy: 0.8856 - val_loss: 0.4476 - val_accuracy: 0.8647
Epoch 61/350
391/391 - 23s - loss: 0.3585 - accuracy: 0.8863 - val_loss: 0.4570 - val_accuracy: 0.8730
Epoch 62/350
391/391 - 23s - loss: 0.3579 - accuracy: 0.8849 - val_loss: 0.4380 - val_accuracy: 0.8672
Epoch 63/350
391/391 - 24s - loss: 0.3501 - accuracy: 0.8898 - val_loss: 0.4425 - val_accuracy: 0.8606
Epoch 64/350
391/391 - 23s - loss: 0.3488 - accuracy: 0.8904 - val_loss: 0.4132 - val_accuracy: 0.8742
Epoch 65/350
391/391 - 23s - loss: 0.3416 - accuracy: 0.8927 - val_loss: 0.4093 - val_accuracy: 0.8801
Epoch 66/350
391/391 - 23s - loss: 0.3356 - accuracy: 0.8938 - val_loss: 0.4205 - val_accuracy: 0.8752
Epoch 67/350
391/391 - 23s - loss: 0.3364 - accuracy: 0.8935 - val_loss: 0.4503 - val_accuracy: 0.8667
Epoch 68/350
391/391 - 23s - loss: 0.3319 - accuracy: 0.8967 - val_loss: 0.4362 - val_accuracy: 0.8718
Epoch 69/350
391/391 - 23s - loss: 0.3324 - accuracy: 0.8956 - val_loss: 0.4154 - val_accuracy: 0.8773
Epoch 70/350
391/391 - 23s - loss: 0.3237 - accuracy: 0.8975 - val_loss: 0.4770 - val_accuracy: 0.8679
Epoch 71/350
391/391 - 23s - loss: 0.3233 - accuracy: 0.8983 - val_loss: 0.4223 - val_accuracy: 0.8813
Epoch 72/350
391/391 - 23s - loss: 0.3228 - accuracy: 0.8990 - val_loss: 0.4127 - val_accuracy: 0.8791
Epoch 73/350
391/391 - 23s - loss: 0.3173 - accuracy: 0.8997 - val_loss: 0.4215 - val_accuracy: 0.8750
Epoch 74/350
391/391 - 23s - loss: 0.3127 - accuracy: 0.9018 - val_loss: 0.4199 - val_accuracy: 0.8785
Epoch 75/350
391/391 - 23s - loss: 0.3099 - accuracy: 0.9040 - val_loss: 0.4449 - val_accuracy: 0.8699
Epoch 76/350
391/391 - 23s - loss: 0.3098 - accuracy: 0.9037 - val_loss: 0.4079 - val_accuracy: 0.8825
Epoch 77/350
391/391 - 23s - loss: 0.3096 - accuracy: 0.9039 - val_loss: 0.4377 - val_accuracy: 0.8765
Epoch 78/350
391/391 - 23s - loss: 0.3067 - accuracy: 0.9045 - val_loss: 0.4255 - val_accuracy: 0.8791
Epoch 79/350
391/391 - 23s - loss: 0.2986 - accuracy: 0.9074 - val_loss: 0.4148 - val_accuracy: 0.8822
Epoch 80/350
391/391 - 24s - loss: 0.3014 - accuracy: 0.9075 - val_loss: 0.4088 - val_accuracy: 0.8829
Epoch 81/350
391/391 - 23s - loss: 0.2936 - accuracy: 0.9084 - val_loss: 0.4558 - val_accuracy: 0.8723
Epoch 82/350
391/391 - 24s - loss: 0.2941 - accuracy: 0.9087 - val_loss: 0.4432 - val_accuracy: 0.8789
Epoch 83/350
391/391 - 23s - loss: 0.2935 - accuracy: 0.9106 - val_loss: 0.4082 - val_accuracy: 0.8854
Epoch 84/350
391/391 - 24s - loss: 0.2905 - accuracy: 0.9092 - val_loss: 0.3900 - val_accuracy: 0.8873
Epoch 85/350
391/391 - 23s - loss: 0.2845 - accuracy: 0.9126 - val_loss: 0.4062 - val_accuracy: 0.8849
Epoch 86/350
391/391 - 23s - loss: 0.2829 - accuracy: 0.9137 - val_loss: 0.4072 - val_accuracy: 0.8865
Epoch 87/350
391/391 - 23s - loss: 0.2806 - accuracy: 0.9127 - val_loss: 0.4299 - val_accuracy: 0.8821
Epoch 88/350
391/391 - 23s - loss: 0.2836 - accuracy: 0.9116 - val_loss: 0.4178 - val_accuracy: 0.8856
Epoch 89/350
391/391 - 23s - loss: 0.2768 - accuracy: 0.9152 - val_loss: 0.4138 - val_accuracy: 0.8852
Epoch 90/350
391/391 - 23s - loss: 0.2740 - accuracy: 0.9167 - val_loss: 0.4080 - val_accuracy: 0.8881
Epoch 91/350
391/391 - 23s - loss: 0.2753 - accuracy: 0.9170 - val_loss: 0.4409 - val_accuracy: 0.8777
Epoch 92/350
391/391 - 24s - loss: 0.2678 - accuracy: 0.9178 - val_loss: 0.4140 - val_accuracy: 0.8878
Epoch 93/350
391/391 - 23s - loss: 0.2714 - accuracy: 0.9175 - val_loss: 0.3994 - val_accuracy: 0.8865
Epoch 94/350
391/391 - 24s - loss: 0.2720 - accuracy: 0.9159 - val_loss: 0.4056 - val_accuracy: 0.8874
Epoch 95/350
391/391 - 23s - loss: 0.2651 - accuracy: 0.9199 - val_loss: 0.4675 - val_accuracy: 0.8780
Epoch 96/350
391/391 - 23s - loss: 0.2646 - accuracy: 0.9197 - val_loss: 0.3859 - val_accuracy: 0.8928
Epoch 97/350
391/391 - 24s - loss: 0.2586 - accuracy: 0.9216 - val_loss: 0.4294 - val_accuracy: 0.8885
Epoch 98/350
391/391 - 23s - loss: 0.2619 - accuracy: 0.9214 - val_loss: 0.4106 - val_accuracy: 0.8897
Epoch 99/350
391/391 - 23s - loss: 0.2660 - accuracy: 0.9214 - val_loss: 0.4151 - val_accuracy: 0.8866
Epoch 100/350


Snapshot weight 6 shuffle 8 at epoch 100
Layer 11
Getting activations...


391/391 - 24s - loss: 0.2582 - accuracy: 0.9215 - val_loss: 0.4235 - val_accuracy: 0.8871
Epoch 101/350
391/391 - 23s - loss: 0.2518 - accuracy: 0.9242 - val_loss: 0.4616 - val_accuracy: 0.8777
Epoch 102/350
391/391 - 23s - loss: 0.2554 - accuracy: 0.9241 - val_loss: 0.4012 - val_accuracy: 0.8908
Epoch 103/350
391/391 - 23s - loss: 0.2536 - accuracy: 0.9242 - val_loss: 0.3961 - val_accuracy: 0.8906
Epoch 104/350
391/391 - 23s - loss: 0.2493 - accuracy: 0.9254 - val_loss: 0.4449 - val_accuracy: 0.8846
Epoch 105/350
391/391 - 23s - loss: 0.2467 - accuracy: 0.9260 - val_loss: 0.4186 - val_accuracy: 0.8884
Epoch 106/350
391/391 - 24s - loss: 0.2496 - accuracy: 0.9261 - val_loss: 0.3842 - val_accuracy: 0.8983
Epoch 107/350
391/391 - 23s - loss: 0.2439 - accuracy: 0.9274 - val_loss: 0.4633 - val_accuracy: 0.8813
Epoch 108/350
391/391 - 23s - loss: 0.2414 - accuracy: 0.9275 - val_loss: 0.3930 - val_accuracy: 0.8957
Epoch 109/350
391/391 - 23s - loss: 0.2430 - accuracy: 0.9277 - val_loss: 0.4201 - val_accuracy: 0.8914
Epoch 110/350
391/391 - 23s - loss: 0.2370 - accuracy: 0.9289 - val_loss: 0.4225 - val_accuracy: 0.8901
Epoch 111/350
391/391 - 23s - loss: 0.2372 - accuracy: 0.9295 - val_loss: 0.4074 - val_accuracy: 0.8930
Epoch 112/350
391/391 - 23s - loss: 0.2390 - accuracy: 0.9294 - val_loss: 0.4020 - val_accuracy: 0.8888
Epoch 113/350
391/391 - 23s - loss: 0.2366 - accuracy: 0.9303 - val_loss: 0.3968 - val_accuracy: 0.8940
Epoch 114/350
391/391 - 23s - loss: 0.2339 - accuracy: 0.9305 - val_loss: 0.4016 - val_accuracy: 0.8946
Epoch 115/350
391/391 - 24s - loss: 0.2337 - accuracy: 0.9316 - val_loss: 0.4139 - val_accuracy: 0.8897
Epoch 116/350
391/391 - 23s - loss: 0.2274 - accuracy: 0.9332 - val_loss: 0.4707 - val_accuracy: 0.8877
Epoch 117/350
391/391 - 23s - loss: 0.2305 - accuracy: 0.9307 - val_loss: 0.4194 - val_accuracy: 0.8940
Epoch 118/350
391/391 - 23s - loss: 0.2304 - accuracy: 0.9323 - val_loss: 0.3983 - val_accuracy: 0.8933
Epoch 119/350
391/391 - 23s - loss: 0.2257 - accuracy: 0.9338 - val_loss: 0.4420 - val_accuracy: 0.8894
Epoch 120/350
391/391 - 24s - loss: 0.2298 - accuracy: 0.9327 - val_loss: 0.4021 - val_accuracy: 0.8950
Epoch 121/350
391/391 - 23s - loss: 0.2255 - accuracy: 0.9341 - val_loss: 0.4112 - val_accuracy: 0.8969
Epoch 122/350
391/391 - 23s - loss: 0.2285 - accuracy: 0.9334 - val_loss: 0.4012 - val_accuracy: 0.8917
Epoch 123/350
391/391 - 23s - loss: 0.2206 - accuracy: 0.9363 - val_loss: 0.4056 - val_accuracy: 0.8957
Epoch 124/350
391/391 - 23s - loss: 0.2210 - accuracy: 0.9364 - val_loss: 0.4161 - val_accuracy: 0.8943
Epoch 125/350
391/391 - 23s - loss: 0.2241 - accuracy: 0.9345 - val_loss: 0.4191 - val_accuracy: 0.8948
Epoch 126/350
391/391 - 23s - loss: 0.2167 - accuracy: 0.9374 - val_loss: 0.4220 - val_accuracy: 0.8943
Epoch 127/350
391/391 - 23s - loss: 0.2140 - accuracy: 0.9382 - val_loss: 0.4088 - val_accuracy: 0.8967
Epoch 128/350
391/391 - 23s - loss: 0.2192 - accuracy: 0.9363 - val_loss: 0.4195 - val_accuracy: 0.8944
Epoch 129/350
391/391 - 24s - loss: 0.2210 - accuracy: 0.9358 - val_loss: 0.4299 - val_accuracy: 0.8930
Epoch 130/350
391/391 - 23s - loss: 0.2137 - accuracy: 0.9404 - val_loss: 0.4006 - val_accuracy: 0.8994
Epoch 131/350
391/391 - 23s - loss: 0.2141 - accuracy: 0.9390 - val_loss: 0.4623 - val_accuracy: 0.8847
Epoch 132/350
391/391 - 24s - loss: 0.2147 - accuracy: 0.9374 - val_loss: 0.3991 - val_accuracy: 0.8978
Epoch 133/350
391/391 - 24s - loss: 0.2112 - accuracy: 0.9390 - val_loss: 0.4369 - val_accuracy: 0.8934
Epoch 134/350
391/391 - 23s - loss: 0.2075 - accuracy: 0.9410 - val_loss: 0.4384 - val_accuracy: 0.8956
Epoch 135/350
391/391 - 24s - loss: 0.2064 - accuracy: 0.9418 - val_loss: 0.4167 - val_accuracy: 0.8994
Epoch 136/350
391/391 - 24s - loss: 0.2098 - accuracy: 0.9412 - val_loss: 0.3867 - val_accuracy: 0.8993
Epoch 137/350
391/391 - 23s - loss: 0.2075 - accuracy: 0.9412 - val_loss: 0.4379 - val_accuracy: 0.8884
Epoch 138/350
391/391 - 23s - loss: 0.2115 - accuracy: 0.9401 - val_loss: 0.4215 - val_accuracy: 0.8941
Epoch 139/350
391/391 - 23s - loss: 0.2061 - accuracy: 0.9425 - val_loss: 0.4368 - val_accuracy: 0.8945
Epoch 140/350
391/391 - 24s - loss: 0.1990 - accuracy: 0.9441 - val_loss: 0.4269 - val_accuracy: 0.8993
Epoch 141/350
391/391 - 23s - loss: 0.2074 - accuracy: 0.9407 - val_loss: 0.4264 - val_accuracy: 0.9003
Epoch 142/350
391/391 - 23s - loss: 0.1988 - accuracy: 0.9450 - val_loss: 0.4231 - val_accuracy: 0.9000
Epoch 143/350
391/391 - 23s - loss: 0.1990 - accuracy: 0.9448 - val_loss: 0.4511 - val_accuracy: 0.8937
Epoch 144/350
391/391 - 24s - loss: 0.2000 - accuracy: 0.9441 - val_loss: 0.4112 - val_accuracy: 0.8981
Epoch 145/350
391/391 - 23s - loss: 0.1965 - accuracy: 0.9448 - val_loss: 0.4089 - val_accuracy: 0.8998
Epoch 146/350
391/391 - 23s - loss: 0.2022 - accuracy: 0.9435 - val_loss: 0.4238 - val_accuracy: 0.8997
Epoch 147/350
391/391 - 23s - loss: 0.1969 - accuracy: 0.9444 - val_loss: 0.4025 - val_accuracy: 0.8980
Epoch 148/350
391/391 - 23s - loss: 0.1977 - accuracy: 0.9447 - val_loss: 0.4370 - val_accuracy: 0.8969
Epoch 149/350
391/391 - 23s - loss: 0.1950 - accuracy: 0.9452 - val_loss: 0.4206 - val_accuracy: 0.9013
Epoch 150/350


Snapshot weight 6 shuffle 8 at epoch 150
Layer 11
Getting activations...


391/391 - 24s - loss: 0.2003 - accuracy: 0.9437 - val_loss: 0.4147 - val_accuracy: 0.8992
Epoch 151/350
391/391 - 24s - loss: 0.1971 - accuracy: 0.9439 - val_loss: 0.4316 - val_accuracy: 0.8989
Epoch 152/350
391/391 - 23s - loss: 0.1972 - accuracy: 0.9453 - val_loss: 0.4219 - val_accuracy: 0.8967
Epoch 153/350
391/391 - 23s - loss: 0.1906 - accuracy: 0.9466 - val_loss: 0.4288 - val_accuracy: 0.9004
Epoch 154/350
391/391 - 24s - loss: 0.1884 - accuracy: 0.9486 - val_loss: 0.4195 - val_accuracy: 0.9025
Epoch 155/350
391/391 - 23s - loss: 0.1923 - accuracy: 0.9473 - val_loss: 0.4058 - val_accuracy: 0.8978
Epoch 156/350
391/391 - 24s - loss: 0.1909 - accuracy: 0.9486 - val_loss: 0.4066 - val_accuracy: 0.9029
Epoch 157/350
391/391 - 23s - loss: 0.1886 - accuracy: 0.9485 - val_loss: 0.4142 - val_accuracy: 0.8987
Epoch 158/350
391/391 - 23s - loss: 0.1906 - accuracy: 0.9470 - val_loss: 0.4225 - val_accuracy: 0.8975
Epoch 159/350
391/391 - 23s - loss: 0.1861 - accuracy: 0.9488 - val_loss: 0.4489 - val_accuracy: 0.8983
Epoch 160/350
391/391 - 23s - loss: 0.1881 - accuracy: 0.9493 - val_loss: 0.4193 - val_accuracy: 0.8990
Epoch 161/350
391/391 - 23s - loss: 0.1831 - accuracy: 0.9501 - val_loss: 0.4312 - val_accuracy: 0.8978
Epoch 162/350
391/391 - 23s - loss: 0.1832 - accuracy: 0.9512 - val_loss: 0.4329 - val_accuracy: 0.8989
Epoch 163/350
391/391 - 23s - loss: 0.1858 - accuracy: 0.9496 - val_loss: 0.4370 - val_accuracy: 0.9036
Epoch 164/350
391/391 - 23s - loss: 0.1844 - accuracy: 0.9488 - val_loss: 0.4387 - val_accuracy: 0.9023
Epoch 165/350
391/391 - 23s - loss: 0.1830 - accuracy: 0.9508 - val_loss: 0.4389 - val_accuracy: 0.8998
Epoch 166/350
391/391 - 23s - loss: 0.1829 - accuracy: 0.9510 - val_loss: 0.4400 - val_accuracy: 0.8999
Epoch 167/350
391/391 - 23s - loss: 0.1849 - accuracy: 0.9490 - val_loss: 0.4696 - val_accuracy: 0.8943
Epoch 168/350
391/391 - 23s - loss: 0.1800 - accuracy: 0.9516 - val_loss: 0.4375 - val_accuracy: 0.9031
Epoch 169/350
391/391 - 23s - loss: 0.1828 - accuracy: 0.9503 - val_loss: 0.4679 - val_accuracy: 0.8966
Epoch 170/350
391/391 - 23s - loss: 0.1820 - accuracy: 0.9513 - val_loss: 0.4549 - val_accuracy: 0.8943
Epoch 171/350
391/391 - 23s - loss: 0.1770 - accuracy: 0.9532 - val_loss: 0.4584 - val_accuracy: 0.8942
Epoch 172/350
391/391 - 23s - loss: 0.1809 - accuracy: 0.9519 - val_loss: 0.4538 - val_accuracy: 0.8966
Epoch 173/350
391/391 - 23s - loss: 0.1728 - accuracy: 0.9540 - val_loss: 0.4313 - val_accuracy: 0.9016
Epoch 174/350
391/391 - 23s - loss: 0.1834 - accuracy: 0.9516 - val_loss: 0.4344 - val_accuracy: 0.8983
Epoch 175/350
391/391 - 23s - loss: 0.1770 - accuracy: 0.9533 - val_loss: 0.4477 - val_accuracy: 0.9018
Epoch 176/350
391/391 - 23s - loss: 0.1764 - accuracy: 0.9528 - val_loss: 0.4355 - val_accuracy: 0.9004
Epoch 177/350
391/391 - 23s - loss: 0.1754 - accuracy: 0.9539 - val_loss: 0.4754 - val_accuracy: 0.8981
Epoch 178/350
391/391 - 23s - loss: 0.1736 - accuracy: 0.9543 - val_loss: 0.4280 - val_accuracy: 0.9003
Epoch 179/350
391/391 - 23s - loss: 0.1769 - accuracy: 0.9542 - val_loss: 0.4339 - val_accuracy: 0.9013
Epoch 180/350
391/391 - 23s - loss: 0.1723 - accuracy: 0.9554 - val_loss: 0.4355 - val_accuracy: 0.9008
Epoch 181/350
391/391 - 23s - loss: 0.1751 - accuracy: 0.9533 - val_loss: 0.4571 - val_accuracy: 0.8993
Epoch 182/350
391/391 - 23s - loss: 0.1759 - accuracy: 0.9544 - val_loss: 0.4373 - val_accuracy: 0.8997
Epoch 183/350
391/391 - 23s - loss: 0.1710 - accuracy: 0.9552 - val_loss: 0.4658 - val_accuracy: 0.8964
Epoch 184/350
391/391 - 23s - loss: 0.1727 - accuracy: 0.9550 - val_loss: 0.4638 - val_accuracy: 0.9005
Epoch 185/350
391/391 - 23s - loss: 0.1705 - accuracy: 0.9562 - val_loss: 0.4480 - val_accuracy: 0.9010
Epoch 186/350
391/391 - 23s - loss: 0.1720 - accuracy: 0.9545 - val_loss: 0.4628 - val_accuracy: 0.8971
Epoch 187/350
391/391 - 23s - loss: 0.1687 - accuracy: 0.9571 - val_loss: 0.4281 - val_accuracy: 0.9032
Epoch 188/350
391/391 - 23s - loss: 0.1679 - accuracy: 0.9558 - val_loss: 0.4380 - val_accuracy: 0.9052
Epoch 189/350
391/391 - 23s - loss: 0.1676 - accuracy: 0.9566 - val_loss: 0.4375 - val_accuracy: 0.9058
Epoch 190/350
391/391 - 23s - loss: 0.1682 - accuracy: 0.9567 - val_loss: 0.4781 - val_accuracy: 0.8972
Epoch 191/350
391/391 - 23s - loss: 0.1684 - accuracy: 0.9558 - val_loss: 0.4420 - val_accuracy: 0.8999
Epoch 192/350
391/391 - 23s - loss: 0.1702 - accuracy: 0.9561 - val_loss: 0.4497 - val_accuracy: 0.9032
Epoch 193/350
391/391 - 23s - loss: 0.1701 - accuracy: 0.9553 - val_loss: 0.4602 - val_accuracy: 0.8995
Epoch 194/350
391/391 - 23s - loss: 0.1637 - accuracy: 0.9592 - val_loss: 0.4879 - val_accuracy: 0.9007
Epoch 195/350
391/391 - 23s - loss: 0.1671 - accuracy: 0.9570 - val_loss: 0.5054 - val_accuracy: 0.8956
Epoch 196/350
391/391 - 23s - loss: 0.1670 - accuracy: 0.9574 - val_loss: 0.4424 - val_accuracy: 0.8996
Epoch 197/350
391/391 - 23s - loss: 0.1610 - accuracy: 0.9592 - val_loss: 0.4307 - val_accuracy: 0.9036
Epoch 198/350
391/391 - 23s - loss: 0.1667 - accuracy: 0.9573 - val_loss: 0.4697 - val_accuracy: 0.8972
Epoch 199/350
391/391 - 23s - loss: 0.1672 - accuracy: 0.9575 - val_loss: 0.4325 - val_accuracy: 0.9049
Epoch 200/350


Snapshot weight 6 shuffle 8 at epoch 200
Layer 11
Getting activations...


391/391 - 23s - loss: 0.1662 - accuracy: 0.9571 - val_loss: 0.4410 - val_accuracy: 0.9038
Epoch 201/350
391/391 - 23s - loss: 0.1451 - accuracy: 0.9654 - val_loss: 0.4332 - val_accuracy: 0.9079
Epoch 202/350
391/391 - 23s - loss: 0.1258 - accuracy: 0.9717 - val_loss: 0.4362 - val_accuracy: 0.9086
Epoch 203/350
391/391 - 23s - loss: 0.1223 - accuracy: 0.9728 - val_loss: 0.4406 - val_accuracy: 0.9100
Epoch 204/350
391/391 - 23s - loss: 0.1188 - accuracy: 0.9740 - val_loss: 0.4485 - val_accuracy: 0.9091
Epoch 205/350
391/391 - 23s - loss: 0.1183 - accuracy: 0.9746 - val_loss: 0.4551 - val_accuracy: 0.9093
Epoch 206/350
391/391 - 23s - loss: 0.1169 - accuracy: 0.9754 - val_loss: 0.4490 - val_accuracy: 0.9092
Epoch 207/350
391/391 - 23s - loss: 0.1191 - accuracy: 0.9739 - val_loss: 0.4474 - val_accuracy: 0.9099
Epoch 208/350
391/391 - 23s - loss: 0.1157 - accuracy: 0.9757 - val_loss: 0.4587 - val_accuracy: 0.9085
Epoch 209/350
391/391 - 23s - loss: 0.1172 - accuracy: 0.9749 - val_loss: 0.4496 - val_accuracy: 0.9121
Epoch 210/350
391/391 - 23s - loss: 0.1141 - accuracy: 0.9764 - val_loss: 0.4612 - val_accuracy: 0.9106
Epoch 211/350
391/391 - 23s - loss: 0.1144 - accuracy: 0.9761 - val_loss: 0.4589 - val_accuracy: 0.9088
Epoch 212/350
391/391 - 23s - loss: 0.1123 - accuracy: 0.9758 - val_loss: 0.4643 - val_accuracy: 0.9102
Epoch 213/350
391/391 - 23s - loss: 0.1129 - accuracy: 0.9763 - val_loss: 0.4650 - val_accuracy: 0.9108
Epoch 214/350
391/391 - 23s - loss: 0.1157 - accuracy: 0.9752 - val_loss: 0.4571 - val_accuracy: 0.9106
Epoch 215/350
391/391 - 23s - loss: 0.1118 - accuracy: 0.9773 - val_loss: 0.4570 - val_accuracy: 0.9092
Epoch 216/350
391/391 - 23s - loss: 0.1108 - accuracy: 0.9774 - val_loss: 0.4648 - val_accuracy: 0.9099
Epoch 217/350
391/391 - 23s - loss: 0.1129 - accuracy: 0.9767 - val_loss: 0.4580 - val_accuracy: 0.9114
Epoch 218/350
391/391 - 23s - loss: 0.1075 - accuracy: 0.9777 - val_loss: 0.4624 - val_accuracy: 0.9105
Epoch 219/350
391/391 - 23s - loss: 0.1098 - accuracy: 0.9774 - val_loss: 0.4665 - val_accuracy: 0.9117
Epoch 220/350
391/391 - 23s - loss: 0.1109 - accuracy: 0.9768 - val_loss: 0.4587 - val_accuracy: 0.9124
Epoch 221/350
391/391 - 23s - loss: 0.1110 - accuracy: 0.9773 - val_loss: 0.4618 - val_accuracy: 0.9106
Epoch 222/350
391/391 - 23s - loss: 0.1109 - accuracy: 0.9767 - val_loss: 0.4642 - val_accuracy: 0.9113
Epoch 223/350
391/391 - 23s - loss: 0.1058 - accuracy: 0.9791 - val_loss: 0.4623 - val_accuracy: 0.9108
Epoch 224/350
391/391 - 23s - loss: 0.1103 - accuracy: 0.9767 - val_loss: 0.4667 - val_accuracy: 0.9115
Epoch 225/350
391/391 - 23s - loss: 0.1096 - accuracy: 0.9775 - val_loss: 0.4659 - val_accuracy: 0.9102
Epoch 226/350
391/391 - 23s - loss: 0.1095 - accuracy: 0.9771 - val_loss: 0.4675 - val_accuracy: 0.9080
Epoch 227/350
391/391 - 23s - loss: 0.1071 - accuracy: 0.9793 - val_loss: 0.4740 - val_accuracy: 0.9081
Epoch 228/350
391/391 - 23s - loss: 0.1076 - accuracy: 0.9779 - val_loss: 0.4695 - val_accuracy: 0.9102
Epoch 229/350
391/391 - 24s - loss: 0.1083 - accuracy: 0.9778 - val_loss: 0.4655 - val_accuracy: 0.9118
Epoch 230/350
391/391 - 23s - loss: 0.1077 - accuracy: 0.9781 - val_loss: 0.4691 - val_accuracy: 0.9112
Epoch 231/350
391/391 - 23s - loss: 0.1071 - accuracy: 0.9780 - val_loss: 0.4740 - val_accuracy: 0.9109
Epoch 232/350
391/391 - 23s - loss: 0.1063 - accuracy: 0.9787 - val_loss: 0.4767 - val_accuracy: 0.9124
Epoch 233/350
391/391 - 23s - loss: 0.1052 - accuracy: 0.9791 - val_loss: 0.4734 - val_accuracy: 0.9105
Epoch 234/350
391/391 - 23s - loss: 0.1045 - accuracy: 0.9795 - val_loss: 0.4795 - val_accuracy: 0.9103
Epoch 235/350
391/391 - 23s - loss: 0.1054 - accuracy: 0.9791 - val_loss: 0.4838 - val_accuracy: 0.9115
Epoch 236/350
391/391 - 23s - loss: 0.1053 - accuracy: 0.9799 - val_loss: 0.4677 - val_accuracy: 0.9107
Epoch 237/350
391/391 - 23s - loss: 0.1050 - accuracy: 0.9792 - val_loss: 0.4731 - val_accuracy: 0.9109
Epoch 238/350
391/391 - 23s - loss: 0.1029 - accuracy: 0.9801 - val_loss: 0.4806 - val_accuracy: 0.9103
Epoch 239/350
391/391 - 23s - loss: 0.1053 - accuracy: 0.9791 - val_loss: 0.4733 - val_accuracy: 0.9117
Epoch 240/350
391/391 - 23s - loss: 0.1038 - accuracy: 0.9797 - val_loss: 0.4835 - val_accuracy: 0.9092
Epoch 241/350
391/391 - 23s - loss: 0.1048 - accuracy: 0.9790 - val_loss: 0.4739 - val_accuracy: 0.9099
Epoch 242/350
391/391 - 23s - loss: 0.1049 - accuracy: 0.9785 - val_loss: 0.4893 - val_accuracy: 0.9097
Epoch 243/350
391/391 - 24s - loss: 0.1024 - accuracy: 0.9799 - val_loss: 0.4788 - val_accuracy: 0.9124
Epoch 244/350
391/391 - 23s - loss: 0.1032 - accuracy: 0.9795 - val_loss: 0.4797 - val_accuracy: 0.9102
Epoch 245/350
391/391 - 23s - loss: 0.1056 - accuracy: 0.9792 - val_loss: 0.4844 - val_accuracy: 0.9101
Epoch 246/350
391/391 - 23s - loss: 0.1055 - accuracy: 0.9789 - val_loss: 0.4809 - val_accuracy: 0.9110
Epoch 247/350
391/391 - 23s - loss: 0.1035 - accuracy: 0.9796 - val_loss: 0.4837 - val_accuracy: 0.9098
Epoch 248/350
391/391 - 23s - loss: 0.1018 - accuracy: 0.9804 - val_loss: 0.4781 - val_accuracy: 0.9125
Epoch 249/350
391/391 - 23s - loss: 0.1048 - accuracy: 0.9789 - val_loss: 0.4797 - val_accuracy: 0.9104
Epoch 250/350


Snapshot weight 6 shuffle 8 at epoch 250
Layer 11
Getting activations...


391/391 - 23s - loss: 0.1033 - accuracy: 0.9797 - val_loss: 0.4823 - val_accuracy: 0.9113
Epoch 251/350
391/391 - 23s - loss: 0.0996 - accuracy: 0.9811 - val_loss: 0.4788 - val_accuracy: 0.9122
Epoch 252/350
391/391 - 23s - loss: 0.1014 - accuracy: 0.9803 - val_loss: 0.4801 - val_accuracy: 0.9130
Epoch 253/350
391/391 - 23s - loss: 0.1007 - accuracy: 0.9808 - val_loss: 0.4786 - val_accuracy: 0.9126
Epoch 254/350
391/391 - 23s - loss: 0.1023 - accuracy: 0.9803 - val_loss: 0.4795 - val_accuracy: 0.9125
Epoch 255/350
391/391 - 23s - loss: 0.0992 - accuracy: 0.9813 - val_loss: 0.4782 - val_accuracy: 0.9126
Epoch 256/350
391/391 - 23s - loss: 0.1004 - accuracy: 0.9806 - val_loss: 0.4808 - val_accuracy: 0.9121
Epoch 257/350
391/391 - 23s - loss: 0.0990 - accuracy: 0.9804 - val_loss: 0.4801 - val_accuracy: 0.9131
Epoch 258/350
391/391 - 23s - loss: 0.0995 - accuracy: 0.9814 - val_loss: 0.4800 - val_accuracy: 0.9127
Epoch 259/350
391/391 - 23s - loss: 0.1010 - accuracy: 0.9802 - val_loss: 0.4794 - val_accuracy: 0.9133
Epoch 260/350
391/391 - 23s - loss: 0.0976 - accuracy: 0.9817 - val_loss: 0.4797 - val_accuracy: 0.9134
Epoch 261/350
391/391 - 23s - loss: 0.1004 - accuracy: 0.9813 - val_loss: 0.4820 - val_accuracy: 0.9132
Epoch 262/350
391/391 - 23s - loss: 0.0989 - accuracy: 0.9805 - val_loss: 0.4813 - val_accuracy: 0.9130
Epoch 263/350
391/391 - 23s - loss: 0.0980 - accuracy: 0.9814 - val_loss: 0.4809 - val_accuracy: 0.9127
Epoch 264/350
391/391 - 23s - loss: 0.1001 - accuracy: 0.9803 - val_loss: 0.4818 - val_accuracy: 0.9126
Epoch 265/350
391/391 - 23s - loss: 0.0992 - accuracy: 0.9817 - val_loss: 0.4797 - val_accuracy: 0.9136
Epoch 266/350
391/391 - 23s - loss: 0.1008 - accuracy: 0.9804 - val_loss: 0.4784 - val_accuracy: 0.9134
Epoch 267/350
391/391 - 23s - loss: 0.1006 - accuracy: 0.9806 - val_loss: 0.4795 - val_accuracy: 0.9136
Epoch 268/350
391/391 - 23s - loss: 0.0975 - accuracy: 0.9818 - val_loss: 0.4815 - val_accuracy: 0.9138
Epoch 269/350
391/391 - 23s - loss: 0.0990 - accuracy: 0.9815 - val_loss: 0.4800 - val_accuracy: 0.9136
Epoch 270/350
391/391 - 23s - loss: 0.0993 - accuracy: 0.9818 - val_loss: 0.4796 - val_accuracy: 0.9138
Epoch 271/350
391/391 - 23s - loss: 0.0988 - accuracy: 0.9818 - val_loss: 0.4811 - val_accuracy: 0.9134
Epoch 272/350
391/391 - 23s - loss: 0.1001 - accuracy: 0.9807 - val_loss: 0.4801 - val_accuracy: 0.9138
Epoch 273/350
391/391 - 23s - loss: 0.1000 - accuracy: 0.9808 - val_loss: 0.4806 - val_accuracy: 0.9133
Epoch 274/350
391/391 - 23s - loss: 0.0999 - accuracy: 0.9812 - val_loss: 0.4809 - val_accuracy: 0.9132
Epoch 275/350
391/391 - 24s - loss: 0.1001 - accuracy: 0.9807 - val_loss: 0.4806 - val_accuracy: 0.9139
Epoch 276/350
391/391 - 23s - loss: 0.1004 - accuracy: 0.9807 - val_loss: 0.4812 - val_accuracy: 0.9129
Epoch 277/350
391/391 - 23s - loss: 0.0972 - accuracy: 0.9821 - val_loss: 0.4815 - val_accuracy: 0.9139
Epoch 278/350
391/391 - 23s - loss: 0.0994 - accuracy: 0.9811 - val_loss: 0.4816 - val_accuracy: 0.9126
Epoch 279/350
391/391 - 23s - loss: 0.0999 - accuracy: 0.9807 - val_loss: 0.4789 - val_accuracy: 0.9129
Epoch 280/350
391/391 - 23s - loss: 0.0973 - accuracy: 0.9813 - val_loss: 0.4827 - val_accuracy: 0.9128
Epoch 281/350
391/391 - 23s - loss: 0.0997 - accuracy: 0.9811 - val_loss: 0.4830 - val_accuracy: 0.9136
Epoch 282/350
391/391 - 23s - loss: 0.0984 - accuracy: 0.9813 - val_loss: 0.4810 - val_accuracy: 0.9128
Epoch 283/350
391/391 - 23s - loss: 0.1020 - accuracy: 0.9805 - val_loss: 0.4781 - val_accuracy: 0.9132
Epoch 284/350
391/391 - 23s - loss: 0.1002 - accuracy: 0.9798 - val_loss: 0.4790 - val_accuracy: 0.9128
Epoch 285/350
391/391 - 23s - loss: 0.1004 - accuracy: 0.9810 - val_loss: 0.4782 - val_accuracy: 0.9122
Epoch 286/350
391/391 - 23s - loss: 0.0988 - accuracy: 0.9817 - val_loss: 0.4821 - val_accuracy: 0.9135
Epoch 287/350
391/391 - 23s - loss: 0.0993 - accuracy: 0.9811 - val_loss: 0.4827 - val_accuracy: 0.9122
Epoch 288/350
391/391 - 23s - loss: 0.0992 - accuracy: 0.9813 - val_loss: 0.4807 - val_accuracy: 0.9141
Epoch 289/350
391/391 - 24s - loss: 0.0963 - accuracy: 0.9822 - val_loss: 0.4798 - val_accuracy: 0.9132
Epoch 290/350
391/391 - 23s - loss: 0.0984 - accuracy: 0.9814 - val_loss: 0.4799 - val_accuracy: 0.9127
Epoch 291/350
391/391 - 23s - loss: 0.0987 - accuracy: 0.9816 - val_loss: 0.4801 - val_accuracy: 0.9129
Epoch 292/350
391/391 - 24s - loss: 0.0989 - accuracy: 0.9819 - val_loss: 0.4818 - val_accuracy: 0.9129
Epoch 293/350
391/391 - 23s - loss: 0.0982 - accuracy: 0.9813 - val_loss: 0.4823 - val_accuracy: 0.9136
Epoch 294/350
391/391 - 23s - loss: 0.0983 - accuracy: 0.9821 - val_loss: 0.4833 - val_accuracy: 0.9137
Epoch 295/350
391/391 - 23s - loss: 0.1002 - accuracy: 0.9810 - val_loss: 0.4840 - val_accuracy: 0.9131
Epoch 296/350
391/391 - 23s - loss: 0.0970 - accuracy: 0.9820 - val_loss: 0.4833 - val_accuracy: 0.9130
Epoch 297/350
391/391 - 23s - loss: 0.0996 - accuracy: 0.9803 - val_loss: 0.4838 - val_accuracy: 0.9139
Epoch 298/350
391/391 - 24s - loss: 0.0988 - accuracy: 0.9810 - val_loss: 0.4821 - val_accuracy: 0.9129
Epoch 299/350
391/391 - 23s - loss: 0.0999 - accuracy: 0.9810 - val_loss: 0.4817 - val_accuracy: 0.9131
Epoch 300/350


Snapshot weight 6 shuffle 8 at epoch 300
Layer 11
Getting activations...


391/391 - 24s - loss: 0.0989 - accuracy: 0.9814 - val_loss: 0.4814 - val_accuracy: 0.9132
Epoch 301/350
391/391 - 23s - loss: 0.0958 - accuracy: 0.9828 - val_loss: 0.4817 - val_accuracy: 0.9132
Epoch 302/350
391/391 - 23s - loss: 0.0984 - accuracy: 0.9813 - val_loss: 0.4818 - val_accuracy: 0.9133
Epoch 303/350
391/391 - 23s - loss: 0.0980 - accuracy: 0.9824 - val_loss: 0.4822 - val_accuracy: 0.9133
Epoch 304/350
391/391 - 23s - loss: 0.0996 - accuracy: 0.9816 - val_loss: 0.4821 - val_accuracy: 0.9131
Epoch 305/350
391/391 - 24s - loss: 0.0986 - accuracy: 0.9812 - val_loss: 0.4822 - val_accuracy: 0.9134
Epoch 306/350
391/391 - 23s - loss: 0.0968 - accuracy: 0.9823 - val_loss: 0.4820 - val_accuracy: 0.9133
Epoch 307/350
391/391 - 23s - loss: 0.1013 - accuracy: 0.9804 - val_loss: 0.4819 - val_accuracy: 0.9134
Epoch 308/350
391/391 - 24s - loss: 0.0995 - accuracy: 0.9809 - val_loss: 0.4819 - val_accuracy: 0.9133
Epoch 309/350
391/391 - 23s - loss: 0.0983 - accuracy: 0.9819 - val_loss: 0.4819 - val_accuracy: 0.9136
Epoch 310/350
391/391 - 23s - loss: 0.0974 - accuracy: 0.9821 - val_loss: 0.4817 - val_accuracy: 0.9139
Epoch 311/350
391/391 - 23s - loss: 0.0982 - accuracy: 0.9816 - val_loss: 0.4814 - val_accuracy: 0.9134
Epoch 312/350
391/391 - 23s - loss: 0.0999 - accuracy: 0.9813 - val_loss: 0.4813 - val_accuracy: 0.9139
Epoch 313/350
391/391 - 23s - loss: 0.0981 - accuracy: 0.9821 - val_loss: 0.4816 - val_accuracy: 0.9141
Epoch 314/350
391/391 - 23s - loss: 0.0981 - accuracy: 0.9810 - val_loss: 0.4820 - val_accuracy: 0.9143
Epoch 315/350
391/391 - 24s - loss: 0.0989 - accuracy: 0.9812 - val_loss: 0.4821 - val_accuracy: 0.9141
Epoch 316/350
391/391 - 23s - loss: 0.0996 - accuracy: 0.9808 - val_loss: 0.4819 - val_accuracy: 0.9139
Epoch 317/350
391/391 - 24s - loss: 0.0991 - accuracy: 0.9814 - val_loss: 0.4819 - val_accuracy: 0.9138
Epoch 318/350
391/391 - 23s - loss: 0.0993 - accuracy: 0.9812 - val_loss: 0.4817 - val_accuracy: 0.9135
Epoch 319/350
391/391 - 23s - loss: 0.0980 - accuracy: 0.9814 - val_loss: 0.4820 - val_accuracy: 0.9138
Epoch 320/350
391/391 - 23s - loss: 0.1004 - accuracy: 0.9811 - val_loss: 0.4818 - val_accuracy: 0.9140
Epoch 321/350
391/391 - 23s - loss: 0.0973 - accuracy: 0.9830 - val_loss: 0.4819 - val_accuracy: 0.9138
Epoch 322/350
391/391 - 23s - loss: 0.0986 - accuracy: 0.9818 - val_loss: 0.4819 - val_accuracy: 0.9137
Epoch 323/350
391/391 - 23s - loss: 0.0988 - accuracy: 0.9816 - val_loss: 0.4821 - val_accuracy: 0.9138
Epoch 324/350
391/391 - 23s - loss: 0.0991 - accuracy: 0.9813 - val_loss: 0.4822 - val_accuracy: 0.9139
Epoch 325/350
391/391 - 24s - loss: 0.0982 - accuracy: 0.9814 - val_loss: 0.4823 - val_accuracy: 0.9135
Epoch 326/350
391/391 - 23s - loss: 0.0982 - accuracy: 0.9816 - val_loss: 0.4822 - val_accuracy: 0.9139
Epoch 327/350
391/391 - 23s - loss: 0.0977 - accuracy: 0.9817 - val_loss: 0.4827 - val_accuracy: 0.9137
Epoch 328/350
391/391 - 23s - loss: 0.0955 - accuracy: 0.9823 - val_loss: 0.4828 - val_accuracy: 0.9138
Epoch 329/350
391/391 - 23s - loss: 0.0973 - accuracy: 0.9814 - val_loss: 0.4826 - val_accuracy: 0.9138
Epoch 330/350
391/391 - 23s - loss: 0.0977 - accuracy: 0.9822 - val_loss: 0.4827 - val_accuracy: 0.9137
Epoch 331/350
391/391 - 23s - loss: 0.0984 - accuracy: 0.9818 - val_loss: 0.4828 - val_accuracy: 0.9138
Epoch 332/350
391/391 - 23s - loss: 0.0947 - accuracy: 0.9833 - val_loss: 0.4830 - val_accuracy: 0.9135
Epoch 333/350
391/391 - 23s - loss: 0.1014 - accuracy: 0.9803 - val_loss: 0.4827 - val_accuracy: 0.9134
Epoch 334/350
391/391 - 23s - loss: 0.0982 - accuracy: 0.9813 - val_loss: 0.4827 - val_accuracy: 0.9134
Epoch 335/350
391/391 - 24s - loss: 0.0998 - accuracy: 0.9815 - val_loss: 0.4825 - val_accuracy: 0.9133
Epoch 336/350
391/391 - 23s - loss: 0.0971 - accuracy: 0.9821 - val_loss: 0.4827 - val_accuracy: 0.9133
Epoch 337/350
391/391 - 23s - loss: 0.0983 - accuracy: 0.9817 - val_loss: 0.4826 - val_accuracy: 0.9132
Epoch 338/350
391/391 - 23s - loss: 0.0965 - accuracy: 0.9821 - val_loss: 0.4824 - val_accuracy: 0.9135
Epoch 339/350
391/391 - 23s - loss: 0.0958 - accuracy: 0.9820 - val_loss: 0.4827 - val_accuracy: 0.9136
Epoch 340/350
391/391 - 24s - loss: 0.1015 - accuracy: 0.9806 - val_loss: 0.4827 - val_accuracy: 0.9135
Epoch 341/350
391/391 - 23s - loss: 0.0975 - accuracy: 0.9817 - val_loss: 0.4824 - val_accuracy: 0.9134
Epoch 342/350
391/391 - 23s - loss: 0.0973 - accuracy: 0.9818 - val_loss: 0.4823 - val_accuracy: 0.9136
Epoch 343/350
391/391 - 23s - loss: 0.0984 - accuracy: 0.9817 - val_loss: 0.4822 - val_accuracy: 0.9136
Epoch 344/350
391/391 - 23s - loss: 0.0977 - accuracy: 0.9824 - val_loss: 0.4824 - val_accuracy: 0.9136
Epoch 345/350
391/391 - 23s - loss: 0.0965 - accuracy: 0.9822 - val_loss: 0.4824 - val_accuracy: 0.9137
Epoch 346/350
391/391 - 23s - loss: 0.0976 - accuracy: 0.9821 - val_loss: 0.4827 - val_accuracy: 0.9137
Epoch 347/350
391/391 - 23s - loss: 0.0963 - accuracy: 0.9822 - val_loss: 0.4829 - val_accuracy: 0.9135
Epoch 348/350
391/391 - 23s - loss: 0.0968 - accuracy: 0.9821 - val_loss: 0.4831 - val_accuracy: 0.9136
Epoch 349/350
391/391 - 23s - loss: 0.0978 - accuracy: 0.9815 - val_loss: 0.4829 - val_accuracy: 0.9137
Epoch 350/350


Snapshot weight 6 shuffle 8 at epoch 350
Layer 11
Getting activations...


391/391 - 24s - loss: 0.0994 - accuracy: 0.9813 - val_loss: 0.4825 - val_accuracy: 0.9138
/usr/local/lib/python3.6/dist-packages/tensorflow/python/autograph/impl/api.py:493: UserWarning: fill_value is not supported and is always 0 for TensorFlow < 2.4.0.
  return py_builtins.overload_of(f)(*args)
WARNING:tensorflow:From /usr/local/lib/python3.6/dist-packages/tensorflow/python/training/tracking/tracking.py:111: Model.state_updates (from tensorflow.python.keras.engine.training) is deprecated and will be removed in a future version.
Instructions for updating:
This property should not be used in TensorFlow 2.0, as updates are applied automatically.
2021-07-02 19:40:44.095176: W tensorflow/python/util/util.cc:348] Sets are not currently considered sequences, but this may change in the future, so consider avoiding using them.
WARNING:tensorflow:From /usr/local/lib/python3.6/dist-packages/tensorflow/python/training/tracking/tracking.py:111: Layer.updates (from tensorflow.python.keras.engine.base_layer) is deprecated and will be removed in a future version.
Instructions for updating:
This property should not be used in TensorFlow 2.0, as updates are applied automatically.
Saving, final validation acc: 0.9138000011444092
