2021-07-02 04:30:10.620033: I tensorflow/stream_executor/platform/default/dso_loader.cc:48] Successfully opened dynamic library libcudart.so.10.1
2021-07-02 04:31:26.951315: I tensorflow/stream_executor/platform/default/dso_loader.cc:48] Successfully opened dynamic library libcuda.so.1
2021-07-02 04:31:26.980301: I tensorflow/core/common_runtime/gpu/gpu_device.cc:1716] Found device 0 with properties: 
pciBusID: 0000:82:00.0 name: NVIDIA TITAN Xp computeCapability: 6.1
coreClock: 1.582GHz coreCount: 30 deviceMemorySize: 11.91GiB deviceMemoryBandwidth: 510.07GiB/s
2021-07-02 04:31:26.980382: I tensorflow/stream_executor/platform/default/dso_loader.cc:48] Successfully opened dynamic library libcudart.so.10.1
2021-07-02 04:31:27.022029: I tensorflow/stream_executor/platform/default/dso_loader.cc:48] Successfully opened dynamic library libcublas.so.10
2021-07-02 04:31:27.043298: I tensorflow/stream_executor/platform/default/dso_loader.cc:48] Successfully opened dynamic library libcufft.so.10
2021-07-02 04:31:27.052111: I tensorflow/stream_executor/platform/default/dso_loader.cc:48] Successfully opened dynamic library libcurand.so.10
2021-07-02 04:31:27.097015: I tensorflow/stream_executor/platform/default/dso_loader.cc:48] Successfully opened dynamic library libcusolver.so.10
2021-07-02 04:31:27.105587: I tensorflow/stream_executor/platform/default/dso_loader.cc:48] Successfully opened dynamic library libcusparse.so.10
2021-07-02 04:31:27.182385: I tensorflow/stream_executor/platform/default/dso_loader.cc:48] Successfully opened dynamic library libcudnn.so.7
2021-07-02 04:31:27.184606: I tensorflow/core/common_runtime/gpu/gpu_device.cc:1858] Adding visible gpu devices: 0
2021-07-02 04:31:27.188454: I tensorflow/core/platform/cpu_feature_guard.cc:142] This TensorFlow binary is optimized with oneAPI Deep Neural Network Library (oneDNN)to use the following CPU instructions in performance-critical operations:  AVX2 FMA
To enable them in other operations, rebuild TensorFlow with the appropriate compiler flags.
2021-07-02 04:31:27.204482: I tensorflow/core/platform/profile_utils/cpu_utils.cc:104] CPU Frequency: 2600265000 Hz
2021-07-02 04:31:27.204606: I tensorflow/compiler/xla/service/service.cc:168] XLA service 0x43fcbc0 initialized for platform Host (this does not guarantee that XLA will be used). Devices:
2021-07-02 04:31:27.204627: I tensorflow/compiler/xla/service/service.cc:176]   StreamExecutor device (0): Host, Default Version
2021-07-02 04:31:27.315881: I tensorflow/compiler/xla/service/service.cc:168] XLA service 0x43f55b0 initialized for platform CUDA (this does not guarantee that XLA will be used). Devices:
2021-07-02 04:31:27.315956: I tensorflow/compiler/xla/service/service.cc:176]   StreamExecutor device (0): NVIDIA TITAN Xp, Compute Capability 6.1
2021-07-02 04:31:27.318363: I tensorflow/core/common_runtime/gpu/gpu_device.cc:1716] Found device 0 with properties: 
pciBusID: 0000:82:00.0 name: NVIDIA TITAN Xp computeCapability: 6.1
coreClock: 1.582GHz coreCount: 30 deviceMemorySize: 11.91GiB deviceMemoryBandwidth: 510.07GiB/s
2021-07-02 04:31:27.318403: I tensorflow/stream_executor/platform/default/dso_loader.cc:48] Successfully opened dynamic library libcudart.so.10.1
2021-07-02 04:31:27.318436: I tensorflow/stream_executor/platform/default/dso_loader.cc:48] Successfully opened dynamic library libcublas.so.10
2021-07-02 04:31:27.318457: I tensorflow/stream_executor/platform/default/dso_loader.cc:48] Successfully opened dynamic library libcufft.so.10
2021-07-02 04:31:27.318476: I tensorflow/stream_executor/platform/default/dso_loader.cc:48] Successfully opened dynamic library libcurand.so.10
2021-07-02 04:31:27.318495: I tensorflow/stream_executor/platform/default/dso_loader.cc:48] Successfully opened dynamic library libcusolver.so.10
2021-07-02 04:31:27.318514: I tensorflow/stream_executor/platform/default/dso_loader.cc:48] Successfully opened dynamic library libcusparse.so.10
2021-07-02 04:31:27.318534: I tensorflow/stream_executor/platform/default/dso_loader.cc:48] Successfully opened dynamic library libcudnn.so.7
2021-07-02 04:31:27.320906: I tensorflow/core/common_runtime/gpu/gpu_device.cc:1858] Adding visible gpu devices: 0
2021-07-02 04:31:27.322650: I tensorflow/stream_executor/platform/default/dso_loader.cc:48] Successfully opened dynamic library libcudart.so.10.1
2021-07-02 04:31:29.088003: I tensorflow/core/common_runtime/gpu/gpu_device.cc:1257] Device interconnect StreamExecutor with strength 1 edge matrix:
2021-07-02 04:31:29.088080: I tensorflow/core/common_runtime/gpu/gpu_device.cc:1263]      0 
2021-07-02 04:31:29.088095: I tensorflow/core/common_runtime/gpu/gpu_device.cc:1276] 0:   N 
2021-07-02 04:31:29.093951: I tensorflow/core/common_runtime/gpu/gpu_device.cc:1402] Created TensorFlow device (/job:localhost/replica:0/task:0/device:GPU:0 with 11218 MB memory) -> physical GPU (device: 0, name: NVIDIA TITAN Xp, pci bus id: 0000:82:00.0, compute capability: 6.1)
2021-07-02 04:31:35.053894: I tensorflow/stream_executor/platform/default/dso_loader.cc:48] Successfully opened dynamic library libcudnn.so.7
2021-07-02 04:31:37.553308: I tensorflow/stream_executor/platform/default/dso_loader.cc:48] Successfully opened dynamic library libcublas.so.10
Using model index: 43
Making train data...
GCN...
ZCA...
Done!
Making test data...
Done!
Epoch 1/350


Snapshot weight 3 shuffle 4 at epoch 1
Layer 11
Getting activations...


391/391 - 24s - loss: 2.3238 - accuracy: 0.1086 - val_loss: 2.3136 - val_accuracy: 0.1445
Epoch 2/350


Snapshot weight 3 shuffle 4 at epoch 2
Layer 11
Getting activations...


391/391 - 24s - loss: 2.2813 - accuracy: 0.1562 - val_loss: 2.1464 - val_accuracy: 0.1866
Epoch 3/350


Snapshot weight 3 shuffle 4 at epoch 3
Layer 11
Getting activations...


391/391 - 24s - loss: 2.0714 - accuracy: 0.2529 - val_loss: 1.8787 - val_accuracy: 0.3238
Epoch 4/350


Snapshot weight 3 shuffle 4 at epoch 4
Layer 11
Getting activations...


391/391 - 24s - loss: 1.7710 - accuracy: 0.3671 - val_loss: 1.4995 - val_accuracy: 0.4679
Epoch 5/350


Snapshot weight 3 shuffle 4 at epoch 5
Layer 11
Getting activations...


391/391 - 24s - loss: 1.5023 - accuracy: 0.4647 - val_loss: 1.3836 - val_accuracy: 0.5059
Epoch 6/350


Snapshot weight 3 shuffle 4 at epoch 6
Layer 11
Getting activations...


391/391 - 24s - loss: 1.3810 - accuracy: 0.5118 - val_loss: 1.2615 - val_accuracy: 0.5597
Epoch 7/350


Snapshot weight 3 shuffle 4 at epoch 7
Layer 11
Getting activations...


391/391 - 24s - loss: 1.2759 - accuracy: 0.5533 - val_loss: 1.1673 - val_accuracy: 0.5952
Epoch 8/350


Snapshot weight 3 shuffle 4 at epoch 8
Layer 11
Getting activations...


391/391 - 24s - loss: 1.1977 - accuracy: 0.5810 - val_loss: 1.1198 - val_accuracy: 0.6123
Epoch 9/350


Snapshot weight 3 shuffle 4 at epoch 9
Layer 11
Getting activations...


391/391 - 24s - loss: 1.1498 - accuracy: 0.5952 - val_loss: 1.1325 - val_accuracy: 0.6171
Epoch 10/350


Snapshot weight 3 shuffle 4 at epoch 10
Layer 11
Getting activations...


391/391 - 24s - loss: 1.0722 - accuracy: 0.6265 - val_loss: 1.0206 - val_accuracy: 0.6544
Epoch 11/350
391/391 - 24s - loss: 1.0315 - accuracy: 0.6428 - val_loss: 0.9453 - val_accuracy: 0.6733
Epoch 12/350
391/391 - 24s - loss: 0.9864 - accuracy: 0.6596 - val_loss: 0.9040 - val_accuracy: 0.6900
Epoch 13/350
391/391 - 24s - loss: 0.9466 - accuracy: 0.6744 - val_loss: 0.9078 - val_accuracy: 0.6881
Epoch 14/350
391/391 - 24s - loss: 0.9177 - accuracy: 0.6834 - val_loss: 0.9141 - val_accuracy: 0.6912
Epoch 15/350
391/391 - 24s - loss: 0.8722 - accuracy: 0.7025 - val_loss: 0.8783 - val_accuracy: 0.7103
Epoch 16/350
391/391 - 24s - loss: 0.8472 - accuracy: 0.7119 - val_loss: 0.7924 - val_accuracy: 0.7375
Epoch 17/350
391/391 - 24s - loss: 0.8098 - accuracy: 0.7251 - val_loss: 0.7340 - val_accuracy: 0.7550
Epoch 18/350
391/391 - 24s - loss: 0.7823 - accuracy: 0.7360 - val_loss: 0.7087 - val_accuracy: 0.7643
Epoch 19/350
391/391 - 24s - loss: 0.7652 - accuracy: 0.7417 - val_loss: 0.6610 - val_accuracy: 0.7738
Epoch 20/350
391/391 - 24s - loss: 0.7358 - accuracy: 0.7511 - val_loss: 0.6803 - val_accuracy: 0.7800
Epoch 21/350
391/391 - 24s - loss: 0.7080 - accuracy: 0.7606 - val_loss: 0.7164 - val_accuracy: 0.7619
Epoch 22/350
391/391 - 24s - loss: 0.6975 - accuracy: 0.7666 - val_loss: 0.6346 - val_accuracy: 0.7929
Epoch 23/350
391/391 - 24s - loss: 0.6717 - accuracy: 0.7751 - val_loss: 0.6317 - val_accuracy: 0.7977
Epoch 24/350
391/391 - 24s - loss: 0.6564 - accuracy: 0.7799 - val_loss: 0.6073 - val_accuracy: 0.8012
Epoch 25/350
391/391 - 24s - loss: 0.6364 - accuracy: 0.7895 - val_loss: 0.6235 - val_accuracy: 0.7944
Epoch 26/350
391/391 - 24s - loss: 0.6255 - accuracy: 0.7930 - val_loss: 0.5856 - val_accuracy: 0.8118
Epoch 27/350
391/391 - 24s - loss: 0.6091 - accuracy: 0.8008 - val_loss: 0.6220 - val_accuracy: 0.8020
Epoch 28/350
391/391 - 24s - loss: 0.5937 - accuracy: 0.8047 - val_loss: 0.5496 - val_accuracy: 0.8233
Epoch 29/350
391/391 - 24s - loss: 0.5808 - accuracy: 0.8074 - val_loss: 0.5693 - val_accuracy: 0.8196
Epoch 30/350
391/391 - 24s - loss: 0.5724 - accuracy: 0.8129 - val_loss: 0.5713 - val_accuracy: 0.8162
Epoch 31/350
391/391 - 24s - loss: 0.5608 - accuracy: 0.8156 - val_loss: 0.5211 - val_accuracy: 0.8352
Epoch 32/350
391/391 - 24s - loss: 0.5476 - accuracy: 0.8195 - val_loss: 0.5840 - val_accuracy: 0.8156
Epoch 33/350
391/391 - 24s - loss: 0.5370 - accuracy: 0.8219 - val_loss: 0.5286 - val_accuracy: 0.8332
Epoch 34/350
391/391 - 24s - loss: 0.5268 - accuracy: 0.8265 - val_loss: 0.5386 - val_accuracy: 0.8253
Epoch 35/350
391/391 - 24s - loss: 0.5190 - accuracy: 0.8301 - val_loss: 0.4797 - val_accuracy: 0.8441
Epoch 36/350
391/391 - 24s - loss: 0.5100 - accuracy: 0.8315 - val_loss: 0.4772 - val_accuracy: 0.8483
Epoch 37/350
391/391 - 24s - loss: 0.5027 - accuracy: 0.8349 - val_loss: 0.5318 - val_accuracy: 0.8339
Epoch 38/350
391/391 - 24s - loss: 0.4936 - accuracy: 0.8391 - val_loss: 0.5485 - val_accuracy: 0.8345
Epoch 39/350
391/391 - 24s - loss: 0.4877 - accuracy: 0.8403 - val_loss: 0.4958 - val_accuracy: 0.8430
Epoch 40/350
391/391 - 24s - loss: 0.4787 - accuracy: 0.8436 - val_loss: 0.5002 - val_accuracy: 0.8434
Epoch 41/350
391/391 - 24s - loss: 0.4759 - accuracy: 0.8449 - val_loss: 0.5034 - val_accuracy: 0.8404
Epoch 42/350
391/391 - 24s - loss: 0.4736 - accuracy: 0.8459 - val_loss: 0.5275 - val_accuracy: 0.8431
Epoch 43/350
391/391 - 24s - loss: 0.4580 - accuracy: 0.8522 - val_loss: 0.4853 - val_accuracy: 0.8485
Epoch 44/350
391/391 - 24s - loss: 0.4540 - accuracy: 0.8528 - val_loss: 0.4965 - val_accuracy: 0.8454
Epoch 45/350
391/391 - 24s - loss: 0.4459 - accuracy: 0.8560 - val_loss: 0.4696 - val_accuracy: 0.8504
Epoch 46/350
391/391 - 24s - loss: 0.4405 - accuracy: 0.8582 - val_loss: 0.5008 - val_accuracy: 0.8455
Epoch 47/350
391/391 - 24s - loss: 0.4348 - accuracy: 0.8589 - val_loss: 0.4631 - val_accuracy: 0.8624
Epoch 48/350
391/391 - 24s - loss: 0.4333 - accuracy: 0.8581 - val_loss: 0.4283 - val_accuracy: 0.8650
Epoch 49/350
391/391 - 24s - loss: 0.4286 - accuracy: 0.8610 - val_loss: 0.4639 - val_accuracy: 0.8561
Epoch 50/350


Snapshot weight 3 shuffle 4 at epoch 50
Layer 11
Getting activations...


391/391 - 24s - loss: 0.4163 - accuracy: 0.8648 - val_loss: 0.4630 - val_accuracy: 0.8609
Epoch 51/350
391/391 - 24s - loss: 0.4160 - accuracy: 0.8653 - val_loss: 0.4380 - val_accuracy: 0.8610
Epoch 52/350
391/391 - 24s - loss: 0.4146 - accuracy: 0.8675 - val_loss: 0.4711 - val_accuracy: 0.8513
Epoch 53/350
391/391 - 24s - loss: 0.4093 - accuracy: 0.8678 - val_loss: 0.4422 - val_accuracy: 0.8645
Epoch 54/350
391/391 - 24s - loss: 0.4046 - accuracy: 0.8703 - val_loss: 0.4597 - val_accuracy: 0.8557
Epoch 55/350
391/391 - 24s - loss: 0.3947 - accuracy: 0.8731 - val_loss: 0.4321 - val_accuracy: 0.8676
Epoch 56/350
391/391 - 24s - loss: 0.3910 - accuracy: 0.8747 - val_loss: 0.4712 - val_accuracy: 0.8612
Epoch 57/350
391/391 - 24s - loss: 0.3852 - accuracy: 0.8761 - val_loss: 0.4603 - val_accuracy: 0.8586
Epoch 58/350
391/391 - 24s - loss: 0.3850 - accuracy: 0.8764 - val_loss: 0.4480 - val_accuracy: 0.8608
Epoch 59/350
391/391 - 24s - loss: 0.3753 - accuracy: 0.8802 - val_loss: 0.5465 - val_accuracy: 0.8427
Epoch 60/350
391/391 - 24s - loss: 0.3763 - accuracy: 0.8795 - val_loss: 0.4592 - val_accuracy: 0.8622
Epoch 61/350
391/391 - 24s - loss: 0.3664 - accuracy: 0.8834 - val_loss: 0.4692 - val_accuracy: 0.8598
Epoch 62/350
391/391 - 24s - loss: 0.3613 - accuracy: 0.8849 - val_loss: 0.4424 - val_accuracy: 0.8668
Epoch 63/350
391/391 - 24s - loss: 0.3607 - accuracy: 0.8853 - val_loss: 0.4225 - val_accuracy: 0.8716
Epoch 64/350
391/391 - 24s - loss: 0.3559 - accuracy: 0.8866 - val_loss: 0.4232 - val_accuracy: 0.8767
Epoch 65/350
391/391 - 24s - loss: 0.3503 - accuracy: 0.8883 - val_loss: 0.4435 - val_accuracy: 0.8679
Epoch 66/350
391/391 - 24s - loss: 0.3534 - accuracy: 0.8877 - val_loss: 0.4047 - val_accuracy: 0.8794
Epoch 67/350
391/391 - 24s - loss: 0.3486 - accuracy: 0.8905 - val_loss: 0.4338 - val_accuracy: 0.8732
Epoch 68/350
391/391 - 24s - loss: 0.3470 - accuracy: 0.8909 - val_loss: 0.4093 - val_accuracy: 0.8802
Epoch 69/350
391/391 - 24s - loss: 0.3444 - accuracy: 0.8900 - val_loss: 0.4630 - val_accuracy: 0.8678
Epoch 70/350
391/391 - 24s - loss: 0.3340 - accuracy: 0.8938 - val_loss: 0.4380 - val_accuracy: 0.8711
Epoch 71/350
391/391 - 24s - loss: 0.3343 - accuracy: 0.8959 - val_loss: 0.4171 - val_accuracy: 0.8770
Epoch 72/350
391/391 - 24s - loss: 0.3348 - accuracy: 0.8954 - val_loss: 0.4074 - val_accuracy: 0.8836
Epoch 73/350
391/391 - 24s - loss: 0.3342 - accuracy: 0.8937 - val_loss: 0.4515 - val_accuracy: 0.8738
Epoch 74/350
391/391 - 24s - loss: 0.3205 - accuracy: 0.8997 - val_loss: 0.4179 - val_accuracy: 0.8826
Epoch 75/350
391/391 - 24s - loss: 0.3197 - accuracy: 0.8996 - val_loss: 0.4567 - val_accuracy: 0.8693
Epoch 76/350
391/391 - 24s - loss: 0.3189 - accuracy: 0.8993 - val_loss: 0.4265 - val_accuracy: 0.8768
Epoch 77/350
391/391 - 24s - loss: 0.3189 - accuracy: 0.9009 - val_loss: 0.4244 - val_accuracy: 0.8756
Epoch 78/350
391/391 - 24s - loss: 0.3112 - accuracy: 0.9029 - val_loss: 0.4256 - val_accuracy: 0.8806
Epoch 79/350
391/391 - 24s - loss: 0.3110 - accuracy: 0.9026 - val_loss: 0.4162 - val_accuracy: 0.8825
Epoch 80/350
391/391 - 24s - loss: 0.3067 - accuracy: 0.9045 - val_loss: 0.4467 - val_accuracy: 0.8789
Epoch 81/350
391/391 - 24s - loss: 0.3086 - accuracy: 0.9043 - val_loss: 0.4149 - val_accuracy: 0.8805
Epoch 82/350
391/391 - 24s - loss: 0.3066 - accuracy: 0.9042 - val_loss: 0.4247 - val_accuracy: 0.8775
Epoch 83/350
391/391 - 24s - loss: 0.3008 - accuracy: 0.9059 - val_loss: 0.4036 - val_accuracy: 0.8868
Epoch 84/350
391/391 - 24s - loss: 0.2964 - accuracy: 0.9082 - val_loss: 0.4416 - val_accuracy: 0.8773
Epoch 85/350
391/391 - 24s - loss: 0.2970 - accuracy: 0.9084 - val_loss: 0.3986 - val_accuracy: 0.8869
Epoch 86/350
391/391 - 24s - loss: 0.2907 - accuracy: 0.9102 - val_loss: 0.4295 - val_accuracy: 0.8786
Epoch 87/350
391/391 - 24s - loss: 0.2892 - accuracy: 0.9102 - val_loss: 0.4888 - val_accuracy: 0.8679
Epoch 88/350
391/391 - 24s - loss: 0.2929 - accuracy: 0.9106 - val_loss: 0.4417 - val_accuracy: 0.8781
Epoch 89/350
391/391 - 24s - loss: 0.2835 - accuracy: 0.9131 - val_loss: 0.4448 - val_accuracy: 0.8784
Epoch 90/350
391/391 - 24s - loss: 0.2905 - accuracy: 0.9089 - val_loss: 0.4466 - val_accuracy: 0.8742
Epoch 91/350
391/391 - 24s - loss: 0.2796 - accuracy: 0.9149 - val_loss: 0.4292 - val_accuracy: 0.8819
Epoch 92/350
391/391 - 24s - loss: 0.2769 - accuracy: 0.9152 - val_loss: 0.4359 - val_accuracy: 0.8780
Epoch 93/350
391/391 - 24s - loss: 0.2810 - accuracy: 0.9141 - val_loss: 0.4374 - val_accuracy: 0.8810
Epoch 94/350
391/391 - 24s - loss: 0.2743 - accuracy: 0.9158 - val_loss: 0.4207 - val_accuracy: 0.8803
Epoch 95/350
391/391 - 24s - loss: 0.2758 - accuracy: 0.9151 - val_loss: 0.4327 - val_accuracy: 0.8807
Epoch 96/350
391/391 - 24s - loss: 0.2724 - accuracy: 0.9170 - val_loss: 0.4103 - val_accuracy: 0.8825
Epoch 97/350
391/391 - 24s - loss: 0.2706 - accuracy: 0.9174 - val_loss: 0.4302 - val_accuracy: 0.8840
Epoch 98/350
391/391 - 24s - loss: 0.2690 - accuracy: 0.9189 - val_loss: 0.4186 - val_accuracy: 0.8849
Epoch 99/350
391/391 - 24s - loss: 0.2672 - accuracy: 0.9187 - val_loss: 0.4183 - val_accuracy: 0.8883
Epoch 100/350


Snapshot weight 3 shuffle 4 at epoch 100
Layer 11
Getting activations...


391/391 - 24s - loss: 0.2683 - accuracy: 0.9176 - val_loss: 0.4424 - val_accuracy: 0.8828
Epoch 101/350
391/391 - 24s - loss: 0.2614 - accuracy: 0.9203 - val_loss: 0.4175 - val_accuracy: 0.8848
Epoch 102/350
391/391 - 24s - loss: 0.2591 - accuracy: 0.9208 - val_loss: 0.4173 - val_accuracy: 0.8872
Epoch 103/350
391/391 - 24s - loss: 0.2568 - accuracy: 0.9224 - val_loss: 0.4409 - val_accuracy: 0.8831
Epoch 104/350
391/391 - 24s - loss: 0.2579 - accuracy: 0.9226 - val_loss: 0.4195 - val_accuracy: 0.8863
Epoch 105/350
391/391 - 24s - loss: 0.2543 - accuracy: 0.9240 - val_loss: 0.4471 - val_accuracy: 0.8812
Epoch 106/350
391/391 - 24s - loss: 0.2539 - accuracy: 0.9239 - val_loss: 0.4167 - val_accuracy: 0.8883
Epoch 107/350
391/391 - 24s - loss: 0.2587 - accuracy: 0.9230 - val_loss: 0.4418 - val_accuracy: 0.8811
Epoch 108/350
391/391 - 24s - loss: 0.2552 - accuracy: 0.9221 - val_loss: 0.4161 - val_accuracy: 0.8874
Epoch 109/350
391/391 - 24s - loss: 0.2483 - accuracy: 0.9272 - val_loss: 0.4301 - val_accuracy: 0.8905
Epoch 110/350
391/391 - 24s - loss: 0.2462 - accuracy: 0.9262 - val_loss: 0.4137 - val_accuracy: 0.8892
Epoch 111/350
391/391 - 24s - loss: 0.2462 - accuracy: 0.9251 - val_loss: 0.4144 - val_accuracy: 0.8887
Epoch 112/350
391/391 - 24s - loss: 0.2457 - accuracy: 0.9269 - val_loss: 0.4118 - val_accuracy: 0.8896
Epoch 113/350
391/391 - 24s - loss: 0.2389 - accuracy: 0.9289 - val_loss: 0.4306 - val_accuracy: 0.8872
Epoch 114/350
391/391 - 24s - loss: 0.2431 - accuracy: 0.9283 - val_loss: 0.4249 - val_accuracy: 0.8908
Epoch 115/350
391/391 - 24s - loss: 0.2394 - accuracy: 0.9297 - val_loss: 0.4553 - val_accuracy: 0.8875
Epoch 116/350
391/391 - 24s - loss: 0.2382 - accuracy: 0.9299 - val_loss: 0.4253 - val_accuracy: 0.8901
Epoch 117/350
391/391 - 24s - loss: 0.2394 - accuracy: 0.9283 - val_loss: 0.4163 - val_accuracy: 0.8934
Epoch 118/350
391/391 - 24s - loss: 0.2372 - accuracy: 0.9307 - val_loss: 0.4260 - val_accuracy: 0.8868
Epoch 119/350
391/391 - 24s - loss: 0.2362 - accuracy: 0.9305 - val_loss: 0.4210 - val_accuracy: 0.8898
Epoch 120/350
391/391 - 24s - loss: 0.2339 - accuracy: 0.9314 - val_loss: 0.4090 - val_accuracy: 0.8964
Epoch 121/350
391/391 - 24s - loss: 0.2294 - accuracy: 0.9329 - val_loss: 0.4323 - val_accuracy: 0.8868
Epoch 122/350
391/391 - 24s - loss: 0.2269 - accuracy: 0.9330 - val_loss: 0.4362 - val_accuracy: 0.8892
Epoch 123/350
391/391 - 24s - loss: 0.2292 - accuracy: 0.9318 - val_loss: 0.4078 - val_accuracy: 0.8936
Epoch 124/350
391/391 - 24s - loss: 0.2266 - accuracy: 0.9332 - val_loss: 0.4264 - val_accuracy: 0.8918
Epoch 125/350
391/391 - 23s - loss: 0.2214 - accuracy: 0.9355 - val_loss: 0.4296 - val_accuracy: 0.8905
Epoch 126/350
391/391 - 24s - loss: 0.2260 - accuracy: 0.9323 - val_loss: 0.4423 - val_accuracy: 0.8890
Epoch 127/350
391/391 - 24s - loss: 0.2266 - accuracy: 0.9342 - val_loss: 0.4007 - val_accuracy: 0.8949
Epoch 128/350
391/391 - 24s - loss: 0.2232 - accuracy: 0.9349 - val_loss: 0.4260 - val_accuracy: 0.8894
Epoch 129/350
391/391 - 24s - loss: 0.2197 - accuracy: 0.9360 - val_loss: 0.4097 - val_accuracy: 0.8928
Epoch 130/350
391/391 - 24s - loss: 0.2243 - accuracy: 0.9351 - val_loss: 0.4363 - val_accuracy: 0.8889
Epoch 131/350
391/391 - 24s - loss: 0.2185 - accuracy: 0.9371 - val_loss: 0.4428 - val_accuracy: 0.8875
Epoch 132/350
391/391 - 24s - loss: 0.2170 - accuracy: 0.9361 - val_loss: 0.4874 - val_accuracy: 0.8777
Epoch 133/350
391/391 - 24s - loss: 0.2164 - accuracy: 0.9380 - val_loss: 0.4310 - val_accuracy: 0.8942
Epoch 134/350
391/391 - 24s - loss: 0.2186 - accuracy: 0.9381 - val_loss: 0.4282 - val_accuracy: 0.8930
Epoch 135/350
391/391 - 24s - loss: 0.2157 - accuracy: 0.9372 - val_loss: 0.4354 - val_accuracy: 0.8920
Epoch 136/350
391/391 - 24s - loss: 0.2181 - accuracy: 0.9369 - val_loss: 0.4170 - val_accuracy: 0.8949
Epoch 137/350
391/391 - 24s - loss: 0.2129 - accuracy: 0.9392 - val_loss: 0.4320 - val_accuracy: 0.8898
Epoch 138/350
391/391 - 24s - loss: 0.2132 - accuracy: 0.9385 - val_loss: 0.4388 - val_accuracy: 0.8942
Epoch 139/350
391/391 - 24s - loss: 0.2096 - accuracy: 0.9404 - val_loss: 0.4176 - val_accuracy: 0.8966
Epoch 140/350
391/391 - 24s - loss: 0.2104 - accuracy: 0.9397 - val_loss: 0.3870 - val_accuracy: 0.8992
Epoch 141/350
391/391 - 24s - loss: 0.2116 - accuracy: 0.9403 - val_loss: 0.4361 - val_accuracy: 0.8918
Epoch 142/350
391/391 - 24s - loss: 0.2047 - accuracy: 0.9423 - val_loss: 0.4355 - val_accuracy: 0.8938
Epoch 143/350
391/391 - 24s - loss: 0.2115 - accuracy: 0.9400 - val_loss: 0.4339 - val_accuracy: 0.8932
Epoch 144/350
391/391 - 24s - loss: 0.2055 - accuracy: 0.9425 - val_loss: 0.4602 - val_accuracy: 0.8935
Epoch 145/350
391/391 - 24s - loss: 0.2043 - accuracy: 0.9419 - val_loss: 0.4270 - val_accuracy: 0.8964
Epoch 146/350
391/391 - 24s - loss: 0.2042 - accuracy: 0.9435 - val_loss: 0.4120 - val_accuracy: 0.8967
Epoch 147/350
391/391 - 24s - loss: 0.2007 - accuracy: 0.9430 - val_loss: 0.4553 - val_accuracy: 0.8900
Epoch 148/350
391/391 - 24s - loss: 0.2056 - accuracy: 0.9411 - val_loss: 0.4643 - val_accuracy: 0.8865
Epoch 149/350
391/391 - 24s - loss: 0.1995 - accuracy: 0.9428 - val_loss: 0.4681 - val_accuracy: 0.8871
Epoch 150/350


Snapshot weight 3 shuffle 4 at epoch 150
Layer 11
Getting activations...


391/391 - 24s - loss: 0.1928 - accuracy: 0.9461 - val_loss: 0.4650 - val_accuracy: 0.8928
Epoch 151/350
391/391 - 24s - loss: 0.1979 - accuracy: 0.9450 - val_loss: 0.4522 - val_accuracy: 0.8938
Epoch 152/350
391/391 - 24s - loss: 0.1963 - accuracy: 0.9447 - val_loss: 0.4506 - val_accuracy: 0.8940
Epoch 153/350
391/391 - 24s - loss: 0.2003 - accuracy: 0.9433 - val_loss: 0.4511 - val_accuracy: 0.8913
Epoch 154/350
391/391 - 24s - loss: 0.1983 - accuracy: 0.9436 - val_loss: 0.4464 - val_accuracy: 0.8938
Epoch 155/350
391/391 - 24s - loss: 0.1981 - accuracy: 0.9455 - val_loss: 0.4425 - val_accuracy: 0.8938
Epoch 156/350
391/391 - 24s - loss: 0.1935 - accuracy: 0.9468 - val_loss: 0.4638 - val_accuracy: 0.8931
Epoch 157/350
391/391 - 24s - loss: 0.1956 - accuracy: 0.9458 - val_loss: 0.4648 - val_accuracy: 0.8911
Epoch 158/350
391/391 - 23s - loss: 0.1935 - accuracy: 0.9464 - val_loss: 0.4407 - val_accuracy: 0.8900
Epoch 159/350
391/391 - 24s - loss: 0.1930 - accuracy: 0.9467 - val_loss: 0.4733 - val_accuracy: 0.8909
Epoch 160/350
391/391 - 24s - loss: 0.1872 - accuracy: 0.9496 - val_loss: 0.4296 - val_accuracy: 0.8984
Epoch 161/350
391/391 - 24s - loss: 0.1913 - accuracy: 0.9477 - val_loss: 0.4445 - val_accuracy: 0.8947
Epoch 162/350
391/391 - 24s - loss: 0.1895 - accuracy: 0.9470 - val_loss: 0.4503 - val_accuracy: 0.8958
Epoch 163/350
391/391 - 24s - loss: 0.1916 - accuracy: 0.9474 - val_loss: 0.4607 - val_accuracy: 0.8907
Epoch 164/350
391/391 - 24s - loss: 0.1861 - accuracy: 0.9491 - val_loss: 0.4199 - val_accuracy: 0.8993
Epoch 165/350
391/391 - 24s - loss: 0.1874 - accuracy: 0.9503 - val_loss: 0.4738 - val_accuracy: 0.8884
Epoch 166/350
391/391 - 24s - loss: 0.1853 - accuracy: 0.9497 - val_loss: 0.4823 - val_accuracy: 0.8874
Epoch 167/350
391/391 - 24s - loss: 0.1866 - accuracy: 0.9480 - val_loss: 0.4538 - val_accuracy: 0.8937
Epoch 168/350
391/391 - 24s - loss: 0.1854 - accuracy: 0.9492 - val_loss: 0.4772 - val_accuracy: 0.8915
Epoch 169/350
391/391 - 24s - loss: 0.1853 - accuracy: 0.9506 - val_loss: 0.4450 - val_accuracy: 0.8997
Epoch 170/350
391/391 - 24s - loss: 0.1843 - accuracy: 0.9497 - val_loss: 0.4670 - val_accuracy: 0.8906
Epoch 171/350
391/391 - 24s - loss: 0.1868 - accuracy: 0.9499 - val_loss: 0.4536 - val_accuracy: 0.8945
Epoch 172/350
391/391 - 24s - loss: 0.1844 - accuracy: 0.9508 - val_loss: 0.4476 - val_accuracy: 0.8959
Epoch 173/350
391/391 - 24s - loss: 0.1861 - accuracy: 0.9493 - val_loss: 0.4616 - val_accuracy: 0.8903
Epoch 174/350
391/391 - 24s - loss: 0.1807 - accuracy: 0.9526 - val_loss: 0.4667 - val_accuracy: 0.8931
Epoch 175/350
391/391 - 24s - loss: 0.1823 - accuracy: 0.9503 - val_loss: 0.4670 - val_accuracy: 0.8939
Epoch 176/350
391/391 - 24s - loss: 0.1818 - accuracy: 0.9506 - val_loss: 0.4703 - val_accuracy: 0.8950
Epoch 177/350
391/391 - 24s - loss: 0.1785 - accuracy: 0.9520 - val_loss: 0.4413 - val_accuracy: 0.8982
Epoch 178/350
391/391 - 23s - loss: 0.1787 - accuracy: 0.9526 - val_loss: 0.4643 - val_accuracy: 0.8952
Epoch 179/350
391/391 - 24s - loss: 0.1786 - accuracy: 0.9525 - val_loss: 0.4441 - val_accuracy: 0.8977
Epoch 180/350
391/391 - 24s - loss: 0.1818 - accuracy: 0.9504 - val_loss: 0.4657 - val_accuracy: 0.8965
Epoch 181/350
391/391 - 24s - loss: 0.1770 - accuracy: 0.9516 - val_loss: 0.4502 - val_accuracy: 0.8995
Epoch 182/350
391/391 - 24s - loss: 0.1739 - accuracy: 0.9536 - val_loss: 0.4895 - val_accuracy: 0.8954
Epoch 183/350
391/391 - 24s - loss: 0.1732 - accuracy: 0.9542 - val_loss: 0.4437 - val_accuracy: 0.9023
Epoch 184/350
391/391 - 24s - loss: 0.1769 - accuracy: 0.9529 - val_loss: 0.4443 - val_accuracy: 0.8993
Epoch 185/350
391/391 - 24s - loss: 0.1756 - accuracy: 0.9532 - val_loss: 0.4999 - val_accuracy: 0.8909
Epoch 186/350
391/391 - 24s - loss: 0.1781 - accuracy: 0.9532 - val_loss: 0.4525 - val_accuracy: 0.8974
Epoch 187/350
391/391 - 24s - loss: 0.1711 - accuracy: 0.9562 - val_loss: 0.4606 - val_accuracy: 0.8992
Epoch 188/350
391/391 - 24s - loss: 0.1723 - accuracy: 0.9553 - val_loss: 0.4821 - val_accuracy: 0.8961
Epoch 189/350
391/391 - 24s - loss: 0.1733 - accuracy: 0.9546 - val_loss: 0.4633 - val_accuracy: 0.9027
Epoch 190/350
391/391 - 24s - loss: 0.1727 - accuracy: 0.9555 - val_loss: 0.4990 - val_accuracy: 0.8942
Epoch 191/350
391/391 - 24s - loss: 0.1717 - accuracy: 0.9561 - val_loss: 0.4813 - val_accuracy: 0.8974
Epoch 192/350
391/391 - 24s - loss: 0.1742 - accuracy: 0.9551 - val_loss: 0.4769 - val_accuracy: 0.8978
Epoch 193/350
391/391 - 24s - loss: 0.1725 - accuracy: 0.9554 - val_loss: 0.4862 - val_accuracy: 0.8970
Epoch 194/350
391/391 - 24s - loss: 0.1688 - accuracy: 0.9558 - val_loss: 0.5160 - val_accuracy: 0.8944
Epoch 195/350
391/391 - 24s - loss: 0.1687 - accuracy: 0.9563 - val_loss: 0.4928 - val_accuracy: 0.8974
Epoch 196/350
391/391 - 24s - loss: 0.1652 - accuracy: 0.9587 - val_loss: 0.4744 - val_accuracy: 0.9004
Epoch 197/350
391/391 - 24s - loss: 0.1680 - accuracy: 0.9564 - val_loss: 0.4889 - val_accuracy: 0.8954
Epoch 198/350
391/391 - 24s - loss: 0.1688 - accuracy: 0.9560 - val_loss: 0.4734 - val_accuracy: 0.8987
Epoch 199/350
391/391 - 24s - loss: 0.1694 - accuracy: 0.9560 - val_loss: 0.4618 - val_accuracy: 0.8953
Epoch 200/350


Snapshot weight 3 shuffle 4 at epoch 200
Layer 11
Getting activations...


391/391 - 24s - loss: 0.1695 - accuracy: 0.9557 - val_loss: 0.4748 - val_accuracy: 0.8965
Epoch 201/350
391/391 - 24s - loss: 0.1459 - accuracy: 0.9641 - val_loss: 0.4492 - val_accuracy: 0.9061
Epoch 202/350
391/391 - 24s - loss: 0.1305 - accuracy: 0.9707 - val_loss: 0.4518 - val_accuracy: 0.9064
Epoch 203/350
391/391 - 24s - loss: 0.1282 - accuracy: 0.9709 - val_loss: 0.4599 - val_accuracy: 0.9051
Epoch 204/350
391/391 - 24s - loss: 0.1207 - accuracy: 0.9744 - val_loss: 0.4568 - val_accuracy: 0.9084
Epoch 205/350
391/391 - 24s - loss: 0.1206 - accuracy: 0.9738 - val_loss: 0.4682 - val_accuracy: 0.9060
Epoch 206/350
391/391 - 24s - loss: 0.1229 - accuracy: 0.9730 - val_loss: 0.4607 - val_accuracy: 0.9073
Epoch 207/350
391/391 - 24s - loss: 0.1199 - accuracy: 0.9741 - val_loss: 0.4718 - val_accuracy: 0.9072
Epoch 208/350
391/391 - 24s - loss: 0.1183 - accuracy: 0.9744 - val_loss: 0.4678 - val_accuracy: 0.9075
Epoch 209/350
391/391 - 24s - loss: 0.1192 - accuracy: 0.9732 - val_loss: 0.4769 - val_accuracy: 0.9073
Epoch 210/350
391/391 - 24s - loss: 0.1162 - accuracy: 0.9749 - val_loss: 0.4677 - val_accuracy: 0.9076
Epoch 211/350
391/391 - 24s - loss: 0.1181 - accuracy: 0.9741 - val_loss: 0.4759 - val_accuracy: 0.9076
Epoch 212/350
391/391 - 24s - loss: 0.1132 - accuracy: 0.9763 - val_loss: 0.4804 - val_accuracy: 0.9078
Epoch 213/350
391/391 - 24s - loss: 0.1140 - accuracy: 0.9761 - val_loss: 0.4752 - val_accuracy: 0.9080
Epoch 214/350
391/391 - 24s - loss: 0.1158 - accuracy: 0.9750 - val_loss: 0.4718 - val_accuracy: 0.9102
Epoch 215/350
391/391 - 24s - loss: 0.1165 - accuracy: 0.9747 - val_loss: 0.4786 - val_accuracy: 0.9084
Epoch 216/350
391/391 - 24s - loss: 0.1144 - accuracy: 0.9754 - val_loss: 0.4764 - val_accuracy: 0.9099
Epoch 217/350
391/391 - 24s - loss: 0.1121 - accuracy: 0.9769 - val_loss: 0.4955 - val_accuracy: 0.9079
Epoch 218/350
391/391 - 24s - loss: 0.1125 - accuracy: 0.9768 - val_loss: 0.4864 - val_accuracy: 0.9085
Epoch 219/350
391/391 - 24s - loss: 0.1111 - accuracy: 0.9774 - val_loss: 0.4823 - val_accuracy: 0.9090
Epoch 220/350
391/391 - 24s - loss: 0.1137 - accuracy: 0.9759 - val_loss: 0.4752 - val_accuracy: 0.9094
Epoch 221/350
391/391 - 24s - loss: 0.1153 - accuracy: 0.9754 - val_loss: 0.4835 - val_accuracy: 0.9095
Epoch 222/350
391/391 - 24s - loss: 0.1124 - accuracy: 0.9767 - val_loss: 0.4833 - val_accuracy: 0.9090
Epoch 223/350
391/391 - 24s - loss: 0.1094 - accuracy: 0.9772 - val_loss: 0.4859 - val_accuracy: 0.9083
Epoch 224/350
391/391 - 24s - loss: 0.1105 - accuracy: 0.9770 - val_loss: 0.4874 - val_accuracy: 0.9087
Epoch 225/350
391/391 - 24s - loss: 0.1091 - accuracy: 0.9782 - val_loss: 0.4832 - val_accuracy: 0.9098
Epoch 226/350
391/391 - 24s - loss: 0.1100 - accuracy: 0.9775 - val_loss: 0.4863 - val_accuracy: 0.9090
Epoch 227/350
391/391 - 24s - loss: 0.1099 - accuracy: 0.9777 - val_loss: 0.4893 - val_accuracy: 0.9102
Epoch 228/350
391/391 - 24s - loss: 0.1100 - accuracy: 0.9767 - val_loss: 0.4973 - val_accuracy: 0.9079
Epoch 229/350
391/391 - 24s - loss: 0.1105 - accuracy: 0.9767 - val_loss: 0.4804 - val_accuracy: 0.9115
Epoch 230/350
391/391 - 24s - loss: 0.1087 - accuracy: 0.9781 - val_loss: 0.4904 - val_accuracy: 0.9104
Epoch 231/350
391/391 - 24s - loss: 0.1081 - accuracy: 0.9774 - val_loss: 0.4902 - val_accuracy: 0.9087
Epoch 232/350
391/391 - 24s - loss: 0.1087 - accuracy: 0.9773 - val_loss: 0.4869 - val_accuracy: 0.9107
Epoch 233/350
391/391 - 24s - loss: 0.1090 - accuracy: 0.9775 - val_loss: 0.4913 - val_accuracy: 0.9106
Epoch 234/350
391/391 - 24s - loss: 0.1059 - accuracy: 0.9787 - val_loss: 0.4971 - val_accuracy: 0.9101
Epoch 235/350
391/391 - 24s - loss: 0.1104 - accuracy: 0.9770 - val_loss: 0.4834 - val_accuracy: 0.9105
Epoch 236/350
391/391 - 24s - loss: 0.1070 - accuracy: 0.9785 - val_loss: 0.4918 - val_accuracy: 0.9097
Epoch 237/350
391/391 - 24s - loss: 0.1063 - accuracy: 0.9785 - val_loss: 0.5003 - val_accuracy: 0.9087
Epoch 238/350
391/391 - 24s - loss: 0.1073 - accuracy: 0.9784 - val_loss: 0.4976 - val_accuracy: 0.9109
Epoch 239/350
391/391 - 24s - loss: 0.1078 - accuracy: 0.9780 - val_loss: 0.4802 - val_accuracy: 0.9101
Epoch 240/350
391/391 - 24s - loss: 0.1047 - accuracy: 0.9795 - val_loss: 0.4956 - val_accuracy: 0.9105
Epoch 241/350
391/391 - 24s - loss: 0.1037 - accuracy: 0.9793 - val_loss: 0.4999 - val_accuracy: 0.9100
Epoch 242/350
391/391 - 24s - loss: 0.1062 - accuracy: 0.9786 - val_loss: 0.4922 - val_accuracy: 0.9078
Epoch 243/350
391/391 - 24s - loss: 0.1044 - accuracy: 0.9792 - val_loss: 0.4997 - val_accuracy: 0.9081
Epoch 244/350
391/391 - 24s - loss: 0.1039 - accuracy: 0.9787 - val_loss: 0.5051 - val_accuracy: 0.9098
Epoch 245/350
391/391 - 24s - loss: 0.1072 - accuracy: 0.9779 - val_loss: 0.5068 - val_accuracy: 0.9084
Epoch 246/350
391/391 - 24s - loss: 0.1066 - accuracy: 0.9786 - val_loss: 0.5033 - val_accuracy: 0.9089
Epoch 247/350
391/391 - 24s - loss: 0.1054 - accuracy: 0.9786 - val_loss: 0.4977 - val_accuracy: 0.9098
Epoch 248/350
391/391 - 24s - loss: 0.1058 - accuracy: 0.9791 - val_loss: 0.4974 - val_accuracy: 0.9097
Epoch 249/350
391/391 - 24s - loss: 0.1045 - accuracy: 0.9796 - val_loss: 0.5041 - val_accuracy: 0.9090
Epoch 250/350


Snapshot weight 3 shuffle 4 at epoch 250
Layer 11
Getting activations...


391/391 - 24s - loss: 0.1019 - accuracy: 0.9799 - val_loss: 0.5036 - val_accuracy: 0.9091
Epoch 251/350
391/391 - 24s - loss: 0.1053 - accuracy: 0.9785 - val_loss: 0.5005 - val_accuracy: 0.9104
Epoch 252/350
391/391 - 24s - loss: 0.1032 - accuracy: 0.9795 - val_loss: 0.4984 - val_accuracy: 0.9102
Epoch 253/350
391/391 - 24s - loss: 0.1037 - accuracy: 0.9785 - val_loss: 0.4972 - val_accuracy: 0.9099
Epoch 254/350
391/391 - 24s - loss: 0.1037 - accuracy: 0.9799 - val_loss: 0.4963 - val_accuracy: 0.9103
Epoch 255/350
391/391 - 24s - loss: 0.1038 - accuracy: 0.9792 - val_loss: 0.5000 - val_accuracy: 0.9100
Epoch 256/350
391/391 - 24s - loss: 0.1030 - accuracy: 0.9798 - val_loss: 0.4963 - val_accuracy: 0.9106
Epoch 257/350
391/391 - 24s - loss: 0.1024 - accuracy: 0.9798 - val_loss: 0.5008 - val_accuracy: 0.9098
Epoch 258/350
391/391 - 24s - loss: 0.1029 - accuracy: 0.9798 - val_loss: 0.4991 - val_accuracy: 0.9102
Epoch 259/350
391/391 - 24s - loss: 0.1000 - accuracy: 0.9809 - val_loss: 0.4993 - val_accuracy: 0.9107
Epoch 260/350
391/391 - 24s - loss: 0.1027 - accuracy: 0.9792 - val_loss: 0.5000 - val_accuracy: 0.9103
Epoch 261/350
391/391 - 24s - loss: 0.1013 - accuracy: 0.9798 - val_loss: 0.5019 - val_accuracy: 0.9098
Epoch 262/350
391/391 - 24s - loss: 0.1010 - accuracy: 0.9802 - val_loss: 0.4994 - val_accuracy: 0.9097
Epoch 263/350
391/391 - 24s - loss: 0.1041 - accuracy: 0.9793 - val_loss: 0.4980 - val_accuracy: 0.9096
Epoch 264/350
391/391 - 24s - loss: 0.1020 - accuracy: 0.9802 - val_loss: 0.4968 - val_accuracy: 0.9097
Epoch 265/350
391/391 - 24s - loss: 0.1005 - accuracy: 0.9812 - val_loss: 0.4985 - val_accuracy: 0.9097
Epoch 266/350
391/391 - 24s - loss: 0.1034 - accuracy: 0.9792 - val_loss: 0.4997 - val_accuracy: 0.9098
Epoch 267/350
391/391 - 24s - loss: 0.1026 - accuracy: 0.9805 - val_loss: 0.4999 - val_accuracy: 0.9098
Epoch 268/350
391/391 - 24s - loss: 0.1018 - accuracy: 0.9803 - val_loss: 0.4991 - val_accuracy: 0.9101
Epoch 269/350
391/391 - 24s - loss: 0.1019 - accuracy: 0.9797 - val_loss: 0.4979 - val_accuracy: 0.9094
Epoch 270/350
391/391 - 24s - loss: 0.1004 - accuracy: 0.9803 - val_loss: 0.5020 - val_accuracy: 0.9095
Epoch 271/350
391/391 - 24s - loss: 0.1028 - accuracy: 0.9799 - val_loss: 0.4990 - val_accuracy: 0.9094
Epoch 272/350
391/391 - 24s - loss: 0.1034 - accuracy: 0.9795 - val_loss: 0.4977 - val_accuracy: 0.9091
Epoch 273/350
391/391 - 24s - loss: 0.0998 - accuracy: 0.9806 - val_loss: 0.5015 - val_accuracy: 0.9096
Epoch 274/350
391/391 - 24s - loss: 0.1002 - accuracy: 0.9812 - val_loss: 0.5011 - val_accuracy: 0.9102
Epoch 275/350
391/391 - 24s - loss: 0.1019 - accuracy: 0.9794 - val_loss: 0.5016 - val_accuracy: 0.9100
Epoch 276/350
391/391 - 24s - loss: 0.0989 - accuracy: 0.9813 - val_loss: 0.5033 - val_accuracy: 0.9095
Epoch 277/350
391/391 - 24s - loss: 0.1030 - accuracy: 0.9796 - val_loss: 0.4999 - val_accuracy: 0.9098
Epoch 278/350
391/391 - 24s - loss: 0.1022 - accuracy: 0.9796 - val_loss: 0.5006 - val_accuracy: 0.9098
Epoch 279/350
391/391 - 24s - loss: 0.1031 - accuracy: 0.9796 - val_loss: 0.5037 - val_accuracy: 0.9107
Epoch 280/350
391/391 - 24s - loss: 0.1011 - accuracy: 0.9805 - val_loss: 0.4995 - val_accuracy: 0.9096
Epoch 281/350
391/391 - 24s - loss: 0.1024 - accuracy: 0.9800 - val_loss: 0.4999 - val_accuracy: 0.9097
Epoch 282/350
391/391 - 24s - loss: 0.0995 - accuracy: 0.9810 - val_loss: 0.5016 - val_accuracy: 0.9102
Epoch 283/350
391/391 - 24s - loss: 0.0982 - accuracy: 0.9813 - val_loss: 0.5028 - val_accuracy: 0.9094
Epoch 284/350
391/391 - 24s - loss: 0.1033 - accuracy: 0.9797 - val_loss: 0.4997 - val_accuracy: 0.9094
Epoch 285/350
391/391 - 24s - loss: 0.0984 - accuracy: 0.9814 - val_loss: 0.4975 - val_accuracy: 0.9108
Epoch 286/350
391/391 - 24s - loss: 0.1012 - accuracy: 0.9812 - val_loss: 0.4985 - val_accuracy: 0.9102
Epoch 287/350
391/391 - 24s - loss: 0.1009 - accuracy: 0.9803 - val_loss: 0.5010 - val_accuracy: 0.9098
Epoch 288/350
391/391 - 24s - loss: 0.1005 - accuracy: 0.9809 - val_loss: 0.4999 - val_accuracy: 0.9094
Epoch 289/350
391/391 - 24s - loss: 0.0984 - accuracy: 0.9812 - val_loss: 0.5025 - val_accuracy: 0.9098
Epoch 290/350
391/391 - 23s - loss: 0.1008 - accuracy: 0.9803 - val_loss: 0.5033 - val_accuracy: 0.9095
Epoch 291/350
391/391 - 24s - loss: 0.1017 - accuracy: 0.9800 - val_loss: 0.5031 - val_accuracy: 0.9097
Epoch 292/350
391/391 - 24s - loss: 0.0980 - accuracy: 0.9819 - val_loss: 0.5033 - val_accuracy: 0.9104
Epoch 293/350
391/391 - 24s - loss: 0.1004 - accuracy: 0.9809 - val_loss: 0.5032 - val_accuracy: 0.9103
Epoch 294/350
391/391 - 24s - loss: 0.1017 - accuracy: 0.9805 - val_loss: 0.5046 - val_accuracy: 0.9104
Epoch 295/350
391/391 - 24s - loss: 0.1002 - accuracy: 0.9805 - val_loss: 0.5024 - val_accuracy: 0.9095
Epoch 296/350
391/391 - 24s - loss: 0.1006 - accuracy: 0.9807 - val_loss: 0.5018 - val_accuracy: 0.9099
Epoch 297/350
391/391 - 24s - loss: 0.0993 - accuracy: 0.9814 - val_loss: 0.5019 - val_accuracy: 0.9100
Epoch 298/350
391/391 - 24s - loss: 0.0998 - accuracy: 0.9810 - val_loss: 0.5021 - val_accuracy: 0.9095
Epoch 299/350
391/391 - 24s - loss: 0.1013 - accuracy: 0.9800 - val_loss: 0.5059 - val_accuracy: 0.9100
Epoch 300/350


Snapshot weight 3 shuffle 4 at epoch 300
Layer 11
Getting activations...


391/391 - 24s - loss: 0.1016 - accuracy: 0.9813 - val_loss: 0.5057 - val_accuracy: 0.9107
Epoch 301/350
391/391 - 24s - loss: 0.1005 - accuracy: 0.9809 - val_loss: 0.5054 - val_accuracy: 0.9102
Epoch 302/350
391/391 - 24s - loss: 0.1008 - accuracy: 0.9797 - val_loss: 0.5047 - val_accuracy: 0.9099
Epoch 303/350
391/391 - 24s - loss: 0.1012 - accuracy: 0.9794 - val_loss: 0.5045 - val_accuracy: 0.9100
Epoch 304/350
391/391 - 24s - loss: 0.1004 - accuracy: 0.9805 - val_loss: 0.5045 - val_accuracy: 0.9100
Epoch 305/350
391/391 - 24s - loss: 0.0979 - accuracy: 0.9813 - val_loss: 0.5047 - val_accuracy: 0.9101
Epoch 306/350
391/391 - 24s - loss: 0.1018 - accuracy: 0.9803 - val_loss: 0.5047 - val_accuracy: 0.9100
Epoch 307/350
391/391 - 24s - loss: 0.0999 - accuracy: 0.9809 - val_loss: 0.5043 - val_accuracy: 0.9099
Epoch 308/350
391/391 - 24s - loss: 0.1017 - accuracy: 0.9803 - val_loss: 0.5043 - val_accuracy: 0.9100
Epoch 309/350
391/391 - 24s - loss: 0.1006 - accuracy: 0.9801 - val_loss: 0.5038 - val_accuracy: 0.9100
Epoch 310/350
391/391 - 24s - loss: 0.1013 - accuracy: 0.9803 - val_loss: 0.5034 - val_accuracy: 0.9099
Epoch 311/350
391/391 - 24s - loss: 0.1010 - accuracy: 0.9802 - val_loss: 0.5032 - val_accuracy: 0.9100
Epoch 312/350
391/391 - 24s - loss: 0.1007 - accuracy: 0.9808 - val_loss: 0.5033 - val_accuracy: 0.9098
Epoch 313/350
391/391 - 24s - loss: 0.1013 - accuracy: 0.9808 - val_loss: 0.5032 - val_accuracy: 0.9097
Epoch 314/350
391/391 - 24s - loss: 0.1020 - accuracy: 0.9801 - val_loss: 0.5024 - val_accuracy: 0.9096
Epoch 315/350
391/391 - 24s - loss: 0.0994 - accuracy: 0.9812 - val_loss: 0.5023 - val_accuracy: 0.9097
Epoch 316/350
391/391 - 24s - loss: 0.0987 - accuracy: 0.9811 - val_loss: 0.5026 - val_accuracy: 0.9098
Epoch 317/350
391/391 - 24s - loss: 0.0993 - accuracy: 0.9814 - val_loss: 0.5030 - val_accuracy: 0.9095
Epoch 318/350
391/391 - 24s - loss: 0.1004 - accuracy: 0.9804 - val_loss: 0.5032 - val_accuracy: 0.9096
Epoch 319/350
391/391 - 24s - loss: 0.1006 - accuracy: 0.9808 - val_loss: 0.5033 - val_accuracy: 0.9096
Epoch 320/350
391/391 - 24s - loss: 0.1001 - accuracy: 0.9808 - val_loss: 0.5033 - val_accuracy: 0.9095
Epoch 321/350
391/391 - 24s - loss: 0.1017 - accuracy: 0.9800 - val_loss: 0.5033 - val_accuracy: 0.9096
Epoch 322/350
391/391 - 24s - loss: 0.1010 - accuracy: 0.9806 - val_loss: 0.5034 - val_accuracy: 0.9096
Epoch 323/350
391/391 - 24s - loss: 0.1001 - accuracy: 0.9812 - val_loss: 0.5032 - val_accuracy: 0.9094
Epoch 324/350
391/391 - 24s - loss: 0.1001 - accuracy: 0.9808 - val_loss: 0.5027 - val_accuracy: 0.9096
Epoch 325/350
391/391 - 24s - loss: 0.1014 - accuracy: 0.9802 - val_loss: 0.5027 - val_accuracy: 0.9097
Epoch 326/350
391/391 - 24s - loss: 0.1007 - accuracy: 0.9810 - val_loss: 0.5027 - val_accuracy: 0.9098
Epoch 327/350
391/391 - 24s - loss: 0.1004 - accuracy: 0.9809 - val_loss: 0.5028 - val_accuracy: 0.9096
Epoch 328/350
391/391 - 24s - loss: 0.0983 - accuracy: 0.9811 - val_loss: 0.5032 - val_accuracy: 0.9101
Epoch 329/350
391/391 - 24s - loss: 0.1036 - accuracy: 0.9802 - val_loss: 0.5032 - val_accuracy: 0.9099
Epoch 330/350
391/391 - 24s - loss: 0.1018 - accuracy: 0.9805 - val_loss: 0.5031 - val_accuracy: 0.9098
Epoch 331/350
391/391 - 24s - loss: 0.0989 - accuracy: 0.9813 - val_loss: 0.5031 - val_accuracy: 0.9099
Epoch 332/350
391/391 - 24s - loss: 0.0998 - accuracy: 0.9808 - val_loss: 0.5035 - val_accuracy: 0.9099
Epoch 333/350
391/391 - 24s - loss: 0.0998 - accuracy: 0.9810 - val_loss: 0.5037 - val_accuracy: 0.9098
Epoch 334/350
391/391 - 24s - loss: 0.1003 - accuracy: 0.9812 - val_loss: 0.5034 - val_accuracy: 0.9097
Epoch 335/350
391/391 - 24s - loss: 0.1017 - accuracy: 0.9801 - val_loss: 0.5030 - val_accuracy: 0.9096
Epoch 336/350
391/391 - 24s - loss: 0.1032 - accuracy: 0.9795 - val_loss: 0.5034 - val_accuracy: 0.9097
Epoch 337/350
391/391 - 24s - loss: 0.1039 - accuracy: 0.9791 - val_loss: 0.5028 - val_accuracy: 0.9097
Epoch 338/350
391/391 - 24s - loss: 0.1002 - accuracy: 0.9807 - val_loss: 0.5028 - val_accuracy: 0.9098
Epoch 339/350
391/391 - 24s - loss: 0.1011 - accuracy: 0.9805 - val_loss: 0.5033 - val_accuracy: 0.9096
Epoch 340/350
391/391 - 24s - loss: 0.0984 - accuracy: 0.9806 - val_loss: 0.5032 - val_accuracy: 0.9096
Epoch 341/350
391/391 - 24s - loss: 0.1022 - accuracy: 0.9801 - val_loss: 0.5033 - val_accuracy: 0.9096
Epoch 342/350
391/391 - 24s - loss: 0.0989 - accuracy: 0.9814 - val_loss: 0.5031 - val_accuracy: 0.9094
Epoch 343/350
391/391 - 24s - loss: 0.0995 - accuracy: 0.9812 - val_loss: 0.5034 - val_accuracy: 0.9097
Epoch 344/350
391/391 - 24s - loss: 0.1005 - accuracy: 0.9806 - val_loss: 0.5032 - val_accuracy: 0.9098
Epoch 345/350
391/391 - 24s - loss: 0.1014 - accuracy: 0.9805 - val_loss: 0.5036 - val_accuracy: 0.9097
Epoch 346/350
391/391 - 23s - loss: 0.0993 - accuracy: 0.9806 - val_loss: 0.5039 - val_accuracy: 0.9097
Epoch 347/350
391/391 - 24s - loss: 0.1016 - accuracy: 0.9799 - val_loss: 0.5033 - val_accuracy: 0.9095
Epoch 348/350
391/391 - 24s - loss: 0.0996 - accuracy: 0.9809 - val_loss: 0.5029 - val_accuracy: 0.9098
Epoch 349/350
391/391 - 24s - loss: 0.0987 - accuracy: 0.9808 - val_loss: 0.5029 - val_accuracy: 0.9096
Epoch 350/350


Snapshot weight 3 shuffle 4 at epoch 350
Layer 11
Getting activations...


391/391 - 24s - loss: 0.0985 - accuracy: 0.9811 - val_loss: 0.5034 - val_accuracy: 0.9096
/usr/local/lib/python3.6/dist-packages/tensorflow/python/autograph/impl/api.py:493: UserWarning: fill_value is not supported and is always 0 for TensorFlow < 2.4.0.
  return py_builtins.overload_of(f)(*args)
WARNING:tensorflow:From /usr/local/lib/python3.6/dist-packages/tensorflow/python/training/tracking/tracking.py:111: Model.state_updates (from tensorflow.python.keras.engine.training) is deprecated and will be removed in a future version.
Instructions for updating:
This property should not be used in TensorFlow 2.0, as updates are applied automatically.
2021-07-02 06:56:31.102000: W tensorflow/python/util/util.cc:348] Sets are not currently considered sequences, but this may change in the future, so consider avoiding using them.
WARNING:tensorflow:From /usr/local/lib/python3.6/dist-packages/tensorflow/python/training/tracking/tracking.py:111: Layer.updates (from tensorflow.python.keras.engine.base_layer) is deprecated and will be removed in a future version.
Instructions for updating:
This property should not be used in TensorFlow 2.0, as updates are applied automatically.
Saving, final validation acc: 0.909600019454956
