2021-07-02 16:39:07.039826: I tensorflow/stream_executor/platform/default/dso_loader.cc:48] Successfully opened dynamic library libcudart.so.10.1
2021-07-02 16:40:21.336230: I tensorflow/stream_executor/platform/default/dso_loader.cc:48] Successfully opened dynamic library libcuda.so.1
2021-07-02 16:40:21.365688: I tensorflow/core/common_runtime/gpu/gpu_device.cc:1716] Found device 0 with properties: 
pciBusID: 0000:03:00.0 name: NVIDIA TITAN Xp computeCapability: 6.1
coreClock: 1.582GHz coreCount: 30 deviceMemorySize: 11.91GiB deviceMemoryBandwidth: 510.07GiB/s
2021-07-02 16:40:21.365777: I tensorflow/stream_executor/platform/default/dso_loader.cc:48] Successfully opened dynamic library libcudart.so.10.1
2021-07-02 16:40:21.406729: I tensorflow/stream_executor/platform/default/dso_loader.cc:48] Successfully opened dynamic library libcublas.so.10
2021-07-02 16:40:21.427601: I tensorflow/stream_executor/platform/default/dso_loader.cc:48] Successfully opened dynamic library libcufft.so.10
2021-07-02 16:40:21.436273: I tensorflow/stream_executor/platform/default/dso_loader.cc:48] Successfully opened dynamic library libcurand.so.10
2021-07-02 16:40:21.480153: I tensorflow/stream_executor/platform/default/dso_loader.cc:48] Successfully opened dynamic library libcusolver.so.10
2021-07-02 16:40:21.488552: I tensorflow/stream_executor/platform/default/dso_loader.cc:48] Successfully opened dynamic library libcusparse.so.10
2021-07-02 16:40:21.565054: I tensorflow/stream_executor/platform/default/dso_loader.cc:48] Successfully opened dynamic library libcudnn.so.7
2021-07-02 16:40:21.567517: I tensorflow/core/common_runtime/gpu/gpu_device.cc:1858] Adding visible gpu devices: 0
2021-07-02 16:40:21.571411: I tensorflow/core/platform/cpu_feature_guard.cc:142] This TensorFlow binary is optimized with oneAPI Deep Neural Network Library (oneDNN)to use the following CPU instructions in performance-critical operations:  AVX2 FMA
To enable them in other operations, rebuild TensorFlow with the appropriate compiler flags.
2021-07-02 16:40:21.587622: I tensorflow/core/platform/profile_utils/cpu_utils.cc:104] CPU Frequency: 2600090000 Hz
2021-07-02 16:40:21.587795: I tensorflow/compiler/xla/service/service.cc:168] XLA service 0x4f7b3c0 initialized for platform Host (this does not guarantee that XLA will be used). Devices:
2021-07-02 16:40:21.587815: I tensorflow/compiler/xla/service/service.cc:176]   StreamExecutor device (0): Host, Default Version
2021-07-02 16:40:21.698660: I tensorflow/compiler/xla/service/service.cc:168] XLA service 0x4f73f50 initialized for platform CUDA (this does not guarantee that XLA will be used). Devices:
2021-07-02 16:40:21.698754: I tensorflow/compiler/xla/service/service.cc:176]   StreamExecutor device (0): NVIDIA TITAN Xp, Compute Capability 6.1
2021-07-02 16:40:21.701304: I tensorflow/core/common_runtime/gpu/gpu_device.cc:1716] Found device 0 with properties: 
pciBusID: 0000:03:00.0 name: NVIDIA TITAN Xp computeCapability: 6.1
coreClock: 1.582GHz coreCount: 30 deviceMemorySize: 11.91GiB deviceMemoryBandwidth: 510.07GiB/s
2021-07-02 16:40:21.701394: I tensorflow/stream_executor/platform/default/dso_loader.cc:48] Successfully opened dynamic library libcudart.so.10.1
2021-07-02 16:40:21.701426: I tensorflow/stream_executor/platform/default/dso_loader.cc:48] Successfully opened dynamic library libcublas.so.10
2021-07-02 16:40:21.701444: I tensorflow/stream_executor/platform/default/dso_loader.cc:48] Successfully opened dynamic library libcufft.so.10
2021-07-02 16:40:21.701461: I tensorflow/stream_executor/platform/default/dso_loader.cc:48] Successfully opened dynamic library libcurand.so.10
2021-07-02 16:40:21.701478: I tensorflow/stream_executor/platform/default/dso_loader.cc:48] Successfully opened dynamic library libcusolver.so.10
2021-07-02 16:40:21.701494: I tensorflow/stream_executor/platform/default/dso_loader.cc:48] Successfully opened dynamic library libcusparse.so.10
2021-07-02 16:40:21.701511: I tensorflow/stream_executor/platform/default/dso_loader.cc:48] Successfully opened dynamic library libcudnn.so.7
2021-07-02 16:40:21.706169: I tensorflow/core/common_runtime/gpu/gpu_device.cc:1858] Adding visible gpu devices: 0
2021-07-02 16:40:21.708099: I tensorflow/stream_executor/platform/default/dso_loader.cc:48] Successfully opened dynamic library libcudart.so.10.1
2021-07-02 16:40:23.508500: I tensorflow/core/common_runtime/gpu/gpu_device.cc:1257] Device interconnect StreamExecutor with strength 1 edge matrix:
2021-07-02 16:40:23.508586: I tensorflow/core/common_runtime/gpu/gpu_device.cc:1263]      0 
2021-07-02 16:40:23.508599: I tensorflow/core/common_runtime/gpu/gpu_device.cc:1276] 0:   N 
2021-07-02 16:40:23.514775: I tensorflow/core/common_runtime/gpu/gpu_device.cc:1402] Created TensorFlow device (/job:localhost/replica:0/task:0/device:GPU:0 with 11218 MB memory) -> physical GPU (device: 0, name: NVIDIA TITAN Xp, pci bus id: 0000:03:00.0, compute capability: 6.1)
2021-07-02 16:40:29.535943: I tensorflow/stream_executor/platform/default/dso_loader.cc:48] Successfully opened dynamic library libcudnn.so.7
2021-07-02 16:40:32.055825: I tensorflow/stream_executor/platform/default/dso_loader.cc:48] Successfully opened dynamic library libcublas.so.10
Using model index: 81
Making train data...
GCN...
ZCA...
Done!
Making test data...
Done!
Epoch 1/350


Snapshot weight 1 shuffle 8 at epoch 1
Layer 11
Getting activations...


391/391 - 24s - loss: 2.3164 - accuracy: 0.1150 - val_loss: 2.2793 - val_accuracy: 0.1356
Epoch 2/350


Snapshot weight 1 shuffle 8 at epoch 2
Layer 11
Getting activations...


391/391 - 23s - loss: 2.2077 - accuracy: 0.1989 - val_loss: 2.2219 - val_accuracy: 0.2225
Epoch 3/350


Snapshot weight 1 shuffle 8 at epoch 3
Layer 11
Getting activations...


391/391 - 23s - loss: 2.0389 - accuracy: 0.2909 - val_loss: 1.8838 - val_accuracy: 0.3557
Epoch 4/350


Snapshot weight 1 shuffle 8 at epoch 4
Layer 11
Getting activations...


391/391 - 24s - loss: 1.7784 - accuracy: 0.3861 - val_loss: 1.5934 - val_accuracy: 0.4788
Epoch 5/350


Snapshot weight 1 shuffle 8 at epoch 5
Layer 11
Getting activations...


391/391 - 24s - loss: 1.6003 - accuracy: 0.4638 - val_loss: 1.5115 - val_accuracy: 0.5129
Epoch 6/350


Snapshot weight 1 shuffle 8 at epoch 6
Layer 11
Getting activations...


391/391 - 24s - loss: 1.5084 - accuracy: 0.4970 - val_loss: 1.4725 - val_accuracy: 0.5318
Epoch 7/350


Snapshot weight 1 shuffle 8 at epoch 7
Layer 11
Getting activations...


391/391 - 24s - loss: 1.3639 - accuracy: 0.5365 - val_loss: 1.2380 - val_accuracy: 0.5758
Epoch 8/350


Snapshot weight 1 shuffle 8 at epoch 8
Layer 11
Getting activations...


391/391 - 24s - loss: 1.2219 - accuracy: 0.5761 - val_loss: 1.1862 - val_accuracy: 0.5895
Epoch 9/350


Snapshot weight 1 shuffle 8 at epoch 9
Layer 11
Getting activations...


391/391 - 23s - loss: 1.1478 - accuracy: 0.6022 - val_loss: 1.0934 - val_accuracy: 0.6100
Epoch 10/350


Snapshot weight 1 shuffle 8 at epoch 10
Layer 11
Getting activations...


391/391 - 24s - loss: 1.0804 - accuracy: 0.6260 - val_loss: 1.1432 - val_accuracy: 0.6208
Epoch 11/350
391/391 - 23s - loss: 1.0385 - accuracy: 0.6424 - val_loss: 0.9512 - val_accuracy: 0.6694
Epoch 12/350
391/391 - 23s - loss: 0.9886 - accuracy: 0.6578 - val_loss: 0.9448 - val_accuracy: 0.6765
Epoch 13/350
391/391 - 23s - loss: 0.9449 - accuracy: 0.6719 - val_loss: 0.9331 - val_accuracy: 0.6920
Epoch 14/350
391/391 - 24s - loss: 0.9200 - accuracy: 0.6847 - val_loss: 0.8578 - val_accuracy: 0.7112
Epoch 15/350
391/391 - 23s - loss: 0.8739 - accuracy: 0.7017 - val_loss: 0.9351 - val_accuracy: 0.6995
Epoch 16/350
391/391 - 24s - loss: 0.8471 - accuracy: 0.7105 - val_loss: 0.7929 - val_accuracy: 0.7367
Epoch 17/350
391/391 - 23s - loss: 0.8059 - accuracy: 0.7295 - val_loss: 0.7439 - val_accuracy: 0.7511
Epoch 18/350
391/391 - 23s - loss: 0.7818 - accuracy: 0.7337 - val_loss: 0.7505 - val_accuracy: 0.7522
Epoch 19/350
391/391 - 23s - loss: 0.7594 - accuracy: 0.7461 - val_loss: 0.7248 - val_accuracy: 0.7610
Epoch 20/350
391/391 - 24s - loss: 0.7256 - accuracy: 0.7576 - val_loss: 0.7288 - val_accuracy: 0.7648
Epoch 21/350
391/391 - 23s - loss: 0.7061 - accuracy: 0.7634 - val_loss: 0.6948 - val_accuracy: 0.7778
Epoch 22/350
391/391 - 23s - loss: 0.6917 - accuracy: 0.7681 - val_loss: 0.6300 - val_accuracy: 0.7930
Epoch 23/350
391/391 - 23s - loss: 0.6733 - accuracy: 0.7743 - val_loss: 0.7946 - val_accuracy: 0.7471
Epoch 24/350
391/391 - 23s - loss: 0.6488 - accuracy: 0.7840 - val_loss: 0.6618 - val_accuracy: 0.7882
Epoch 25/350
391/391 - 23s - loss: 0.6352 - accuracy: 0.7905 - val_loss: 0.6379 - val_accuracy: 0.7961
Epoch 26/350
391/391 - 23s - loss: 0.6163 - accuracy: 0.7959 - val_loss: 0.6040 - val_accuracy: 0.8107
Epoch 27/350
391/391 - 23s - loss: 0.6105 - accuracy: 0.7985 - val_loss: 0.5446 - val_accuracy: 0.8233
Epoch 28/350
391/391 - 23s - loss: 0.5899 - accuracy: 0.8057 - val_loss: 0.5431 - val_accuracy: 0.8223
Epoch 29/350
391/391 - 23s - loss: 0.5771 - accuracy: 0.8094 - val_loss: 0.5657 - val_accuracy: 0.8248
Epoch 30/350
391/391 - 23s - loss: 0.5694 - accuracy: 0.8138 - val_loss: 0.5512 - val_accuracy: 0.8269
Epoch 31/350
391/391 - 23s - loss: 0.5497 - accuracy: 0.8204 - val_loss: 0.5627 - val_accuracy: 0.8186
Epoch 32/350
391/391 - 24s - loss: 0.5508 - accuracy: 0.8184 - val_loss: 0.5859 - val_accuracy: 0.8162
Epoch 33/350
391/391 - 23s - loss: 0.5302 - accuracy: 0.8268 - val_loss: 0.5298 - val_accuracy: 0.8271
Epoch 34/350
391/391 - 23s - loss: 0.5216 - accuracy: 0.8285 - val_loss: 0.5168 - val_accuracy: 0.8377
Epoch 35/350
391/391 - 23s - loss: 0.5117 - accuracy: 0.8324 - val_loss: 0.5155 - val_accuracy: 0.8374
Epoch 36/350
391/391 - 23s - loss: 0.5093 - accuracy: 0.8347 - val_loss: 0.5165 - val_accuracy: 0.8360
Epoch 37/350
391/391 - 23s - loss: 0.4984 - accuracy: 0.8381 - val_loss: 0.5039 - val_accuracy: 0.8399
Epoch 38/350
391/391 - 23s - loss: 0.4926 - accuracy: 0.8402 - val_loss: 0.4969 - val_accuracy: 0.8444
Epoch 39/350
391/391 - 24s - loss: 0.4775 - accuracy: 0.8450 - val_loss: 0.5204 - val_accuracy: 0.8410
Epoch 40/350
391/391 - 23s - loss: 0.4754 - accuracy: 0.8459 - val_loss: 0.4816 - val_accuracy: 0.8480
Epoch 41/350
391/391 - 23s - loss: 0.4661 - accuracy: 0.8475 - val_loss: 0.5200 - val_accuracy: 0.8415
Epoch 42/350
391/391 - 23s - loss: 0.4604 - accuracy: 0.8510 - val_loss: 0.5192 - val_accuracy: 0.8379
Epoch 43/350
391/391 - 23s - loss: 0.4580 - accuracy: 0.8510 - val_loss: 0.4748 - val_accuracy: 0.8528
Epoch 44/350
391/391 - 23s - loss: 0.4538 - accuracy: 0.8523 - val_loss: 0.5207 - val_accuracy: 0.8416
Epoch 45/350
391/391 - 23s - loss: 0.4457 - accuracy: 0.8563 - val_loss: 0.5052 - val_accuracy: 0.8463
Epoch 46/350
391/391 - 23s - loss: 0.4333 - accuracy: 0.8606 - val_loss: 0.5041 - val_accuracy: 0.8471
Epoch 47/350
391/391 - 24s - loss: 0.4295 - accuracy: 0.8602 - val_loss: 0.4987 - val_accuracy: 0.8506
Epoch 48/350
391/391 - 23s - loss: 0.4261 - accuracy: 0.8627 - val_loss: 0.4920 - val_accuracy: 0.8509
Epoch 49/350
391/391 - 23s - loss: 0.4205 - accuracy: 0.8643 - val_loss: 0.4605 - val_accuracy: 0.8566
Epoch 50/350


Snapshot weight 1 shuffle 8 at epoch 50
Layer 11
Getting activations...


391/391 - 24s - loss: 0.4163 - accuracy: 0.8653 - val_loss: 0.4476 - val_accuracy: 0.8609
Epoch 51/350
391/391 - 23s - loss: 0.4123 - accuracy: 0.8680 - val_loss: 0.5000 - val_accuracy: 0.8513
Epoch 52/350
391/391 - 23s - loss: 0.4090 - accuracy: 0.8679 - val_loss: 0.4904 - val_accuracy: 0.8515
Epoch 53/350
391/391 - 23s - loss: 0.4016 - accuracy: 0.8708 - val_loss: 0.4714 - val_accuracy: 0.8625
Epoch 54/350
391/391 - 23s - loss: 0.3951 - accuracy: 0.8744 - val_loss: 0.4718 - val_accuracy: 0.8623
Epoch 55/350
391/391 - 23s - loss: 0.3927 - accuracy: 0.8747 - val_loss: 0.4505 - val_accuracy: 0.8627
Epoch 56/350
391/391 - 23s - loss: 0.3888 - accuracy: 0.8762 - val_loss: 0.4519 - val_accuracy: 0.8615
Epoch 57/350
391/391 - 23s - loss: 0.3841 - accuracy: 0.8778 - val_loss: 0.4607 - val_accuracy: 0.8586
Epoch 58/350
391/391 - 23s - loss: 0.3772 - accuracy: 0.8799 - val_loss: 0.4813 - val_accuracy: 0.8553
Epoch 59/350
391/391 - 24s - loss: 0.3718 - accuracy: 0.8812 - val_loss: 0.4648 - val_accuracy: 0.8649
Epoch 60/350
391/391 - 23s - loss: 0.3669 - accuracy: 0.8823 - val_loss: 0.4768 - val_accuracy: 0.8633
Epoch 61/350
391/391 - 23s - loss: 0.3703 - accuracy: 0.8806 - val_loss: 0.4561 - val_accuracy: 0.8693
Epoch 62/350
391/391 - 23s - loss: 0.3620 - accuracy: 0.8846 - val_loss: 0.4430 - val_accuracy: 0.8711
Epoch 63/350
391/391 - 23s - loss: 0.3612 - accuracy: 0.8854 - val_loss: 0.4351 - val_accuracy: 0.8679
Epoch 64/350
391/391 - 23s - loss: 0.3536 - accuracy: 0.8878 - val_loss: 0.4570 - val_accuracy: 0.8658
Epoch 65/350
391/391 - 23s - loss: 0.3550 - accuracy: 0.8874 - val_loss: 0.4440 - val_accuracy: 0.8722
Epoch 66/350
391/391 - 24s - loss: 0.3481 - accuracy: 0.8898 - val_loss: 0.4276 - val_accuracy: 0.8709
Epoch 67/350
391/391 - 23s - loss: 0.3474 - accuracy: 0.8904 - val_loss: 0.4074 - val_accuracy: 0.8785
Epoch 68/350
391/391 - 24s - loss: 0.3419 - accuracy: 0.8921 - val_loss: 0.4217 - val_accuracy: 0.8734
Epoch 69/350
391/391 - 23s - loss: 0.3376 - accuracy: 0.8936 - val_loss: 0.4371 - val_accuracy: 0.8770
Epoch 70/350
391/391 - 23s - loss: 0.3306 - accuracy: 0.8950 - val_loss: 0.4451 - val_accuracy: 0.8707
Epoch 71/350
391/391 - 24s - loss: 0.3317 - accuracy: 0.8958 - val_loss: 0.4532 - val_accuracy: 0.8734
Epoch 72/350
391/391 - 23s - loss: 0.3317 - accuracy: 0.8966 - val_loss: 0.4267 - val_accuracy: 0.8762
Epoch 73/350
391/391 - 23s - loss: 0.3279 - accuracy: 0.8975 - val_loss: 0.4596 - val_accuracy: 0.8672
Epoch 74/350
391/391 - 23s - loss: 0.3203 - accuracy: 0.8999 - val_loss: 0.4638 - val_accuracy: 0.8697
Epoch 75/350
391/391 - 24s - loss: 0.3191 - accuracy: 0.9005 - val_loss: 0.4435 - val_accuracy: 0.8686
Epoch 76/350
391/391 - 23s - loss: 0.3146 - accuracy: 0.9019 - val_loss: 0.4134 - val_accuracy: 0.8776
Epoch 77/350
391/391 - 23s - loss: 0.3197 - accuracy: 0.8992 - val_loss: 0.4234 - val_accuracy: 0.8766
Epoch 78/350
391/391 - 23s - loss: 0.3076 - accuracy: 0.9035 - val_loss: 0.4520 - val_accuracy: 0.8756
Epoch 79/350
391/391 - 23s - loss: 0.3082 - accuracy: 0.9041 - val_loss: 0.4190 - val_accuracy: 0.8783
Epoch 80/350
391/391 - 24s - loss: 0.3038 - accuracy: 0.9044 - val_loss: 0.4436 - val_accuracy: 0.8759
Epoch 81/350
391/391 - 23s - loss: 0.2996 - accuracy: 0.9052 - val_loss: 0.4225 - val_accuracy: 0.8840
Epoch 82/350
391/391 - 23s - loss: 0.3006 - accuracy: 0.9062 - val_loss: 0.4303 - val_accuracy: 0.8770
Epoch 83/350
391/391 - 23s - loss: 0.2989 - accuracy: 0.9073 - val_loss: 0.4153 - val_accuracy: 0.8805
Epoch 84/350
391/391 - 23s - loss: 0.2964 - accuracy: 0.9073 - val_loss: 0.4287 - val_accuracy: 0.8815
Epoch 85/350
391/391 - 23s - loss: 0.2939 - accuracy: 0.9094 - val_loss: 0.4781 - val_accuracy: 0.8652
Epoch 86/350
391/391 - 23s - loss: 0.2928 - accuracy: 0.9101 - val_loss: 0.4244 - val_accuracy: 0.8853
Epoch 87/350
391/391 - 23s - loss: 0.2880 - accuracy: 0.9101 - val_loss: 0.4195 - val_accuracy: 0.8828
Epoch 88/350
391/391 - 23s - loss: 0.2861 - accuracy: 0.9123 - val_loss: 0.4224 - val_accuracy: 0.8817
Epoch 89/350
391/391 - 23s - loss: 0.2842 - accuracy: 0.9130 - val_loss: 0.4139 - val_accuracy: 0.8800
Epoch 90/350
391/391 - 23s - loss: 0.2829 - accuracy: 0.9142 - val_loss: 0.4365 - val_accuracy: 0.8830
Epoch 91/350
391/391 - 23s - loss: 0.2748 - accuracy: 0.9155 - val_loss: 0.4625 - val_accuracy: 0.8732
Epoch 92/350
391/391 - 23s - loss: 0.2768 - accuracy: 0.9147 - val_loss: 0.4310 - val_accuracy: 0.8819
Epoch 93/350
391/391 - 23s - loss: 0.2733 - accuracy: 0.9158 - val_loss: 0.4265 - val_accuracy: 0.8790
Epoch 94/350
391/391 - 23s - loss: 0.2754 - accuracy: 0.9155 - val_loss: 0.4421 - val_accuracy: 0.8784
Epoch 95/350
391/391 - 23s - loss: 0.2745 - accuracy: 0.9171 - val_loss: 0.4242 - val_accuracy: 0.8815
Epoch 96/350
391/391 - 23s - loss: 0.2695 - accuracy: 0.9170 - val_loss: 0.4021 - val_accuracy: 0.8881
Epoch 97/350
391/391 - 23s - loss: 0.2674 - accuracy: 0.9178 - val_loss: 0.4426 - val_accuracy: 0.8736
Epoch 98/350
391/391 - 23s - loss: 0.2675 - accuracy: 0.9181 - val_loss: 0.4178 - val_accuracy: 0.8863
Epoch 99/350
391/391 - 23s - loss: 0.2647 - accuracy: 0.9194 - val_loss: 0.4589 - val_accuracy: 0.8802
Epoch 100/350


Snapshot weight 1 shuffle 8 at epoch 100
Layer 11
Getting activations...


391/391 - 24s - loss: 0.2633 - accuracy: 0.9198 - val_loss: 0.4217 - val_accuracy: 0.8883
Epoch 101/350
391/391 - 23s - loss: 0.2585 - accuracy: 0.9220 - val_loss: 0.4356 - val_accuracy: 0.8838
Epoch 102/350
391/391 - 24s - loss: 0.2641 - accuracy: 0.9198 - val_loss: 0.4200 - val_accuracy: 0.8848
Epoch 103/350
391/391 - 23s - loss: 0.2556 - accuracy: 0.9218 - val_loss: 0.4385 - val_accuracy: 0.8819
Epoch 104/350
391/391 - 23s - loss: 0.2562 - accuracy: 0.9216 - val_loss: 0.4262 - val_accuracy: 0.8832
Epoch 105/350
391/391 - 23s - loss: 0.2539 - accuracy: 0.9244 - val_loss: 0.4157 - val_accuracy: 0.8877
Epoch 106/350
391/391 - 23s - loss: 0.2535 - accuracy: 0.9226 - val_loss: 0.4391 - val_accuracy: 0.8843
Epoch 107/350
391/391 - 23s - loss: 0.2528 - accuracy: 0.9245 - val_loss: 0.4504 - val_accuracy: 0.8842
Epoch 108/350
391/391 - 23s - loss: 0.2546 - accuracy: 0.9241 - val_loss: 0.4554 - val_accuracy: 0.8801
Epoch 109/350
391/391 - 23s - loss: 0.2439 - accuracy: 0.9271 - val_loss: 0.4989 - val_accuracy: 0.8754
Epoch 110/350
391/391 - 24s - loss: 0.2461 - accuracy: 0.9274 - val_loss: 0.4082 - val_accuracy: 0.8880
Epoch 111/350
391/391 - 23s - loss: 0.2429 - accuracy: 0.9277 - val_loss: 0.4234 - val_accuracy: 0.8892
Epoch 112/350
391/391 - 23s - loss: 0.2435 - accuracy: 0.9265 - val_loss: 0.4171 - val_accuracy: 0.8893
Epoch 113/350
391/391 - 23s - loss: 0.2434 - accuracy: 0.9281 - val_loss: 0.4130 - val_accuracy: 0.8887
Epoch 114/350
391/391 - 24s - loss: 0.2371 - accuracy: 0.9299 - val_loss: 0.4460 - val_accuracy: 0.8856
Epoch 115/350
391/391 - 23s - loss: 0.2403 - accuracy: 0.9285 - val_loss: 0.4341 - val_accuracy: 0.8873
Epoch 116/350
391/391 - 23s - loss: 0.2362 - accuracy: 0.9298 - val_loss: 0.4438 - val_accuracy: 0.8880
Epoch 117/350
391/391 - 23s - loss: 0.2367 - accuracy: 0.9296 - val_loss: 0.4349 - val_accuracy: 0.8833
Epoch 118/350
391/391 - 23s - loss: 0.2283 - accuracy: 0.9321 - val_loss: 0.4481 - val_accuracy: 0.8876
Epoch 119/350
391/391 - 24s - loss: 0.2339 - accuracy: 0.9305 - val_loss: 0.4515 - val_accuracy: 0.8833
Epoch 120/350
391/391 - 23s - loss: 0.2286 - accuracy: 0.9325 - val_loss: 0.4013 - val_accuracy: 0.8927
Epoch 121/350
391/391 - 23s - loss: 0.2293 - accuracy: 0.9340 - val_loss: 0.4260 - val_accuracy: 0.8885
Epoch 122/350
391/391 - 23s - loss: 0.2318 - accuracy: 0.9327 - val_loss: 0.4348 - val_accuracy: 0.8878
Epoch 123/350
391/391 - 23s - loss: 0.2238 - accuracy: 0.9345 - val_loss: 0.4513 - val_accuracy: 0.8882
Epoch 124/350
391/391 - 23s - loss: 0.2289 - accuracy: 0.9325 - val_loss: 0.4475 - val_accuracy: 0.8857
Epoch 125/350
391/391 - 23s - loss: 0.2264 - accuracy: 0.9334 - val_loss: 0.4188 - val_accuracy: 0.8859
Epoch 126/350
391/391 - 23s - loss: 0.2235 - accuracy: 0.9336 - val_loss: 0.4419 - val_accuracy: 0.8908
Epoch 127/350
391/391 - 23s - loss: 0.2214 - accuracy: 0.9358 - val_loss: 0.4338 - val_accuracy: 0.8894
Epoch 128/350
391/391 - 23s - loss: 0.2245 - accuracy: 0.9350 - val_loss: 0.4344 - val_accuracy: 0.8904
Epoch 129/350
391/391 - 23s - loss: 0.2192 - accuracy: 0.9371 - val_loss: 0.4157 - val_accuracy: 0.8935
Epoch 130/350
391/391 - 23s - loss: 0.2163 - accuracy: 0.9383 - val_loss: 0.4608 - val_accuracy: 0.8859
Epoch 131/350
391/391 - 23s - loss: 0.2188 - accuracy: 0.9379 - val_loss: 0.4539 - val_accuracy: 0.8822
Epoch 132/350
391/391 - 23s - loss: 0.2149 - accuracy: 0.9376 - val_loss: 0.4448 - val_accuracy: 0.8862
Epoch 133/350
391/391 - 23s - loss: 0.2136 - accuracy: 0.9390 - val_loss: 0.4553 - val_accuracy: 0.8888
Epoch 134/350
391/391 - 23s - loss: 0.2186 - accuracy: 0.9372 - val_loss: 0.4140 - val_accuracy: 0.8943
Epoch 135/350
391/391 - 23s - loss: 0.2123 - accuracy: 0.9391 - val_loss: 0.4522 - val_accuracy: 0.8855
Epoch 136/350
391/391 - 23s - loss: 0.2100 - accuracy: 0.9400 - val_loss: 0.4310 - val_accuracy: 0.8927
Epoch 137/350
391/391 - 23s - loss: 0.2059 - accuracy: 0.9405 - val_loss: 0.4433 - val_accuracy: 0.8955
Epoch 138/350
391/391 - 23s - loss: 0.2132 - accuracy: 0.9390 - val_loss: 0.4492 - val_accuracy: 0.8917
Epoch 139/350
391/391 - 23s - loss: 0.2108 - accuracy: 0.9397 - val_loss: 0.4431 - val_accuracy: 0.8891
Epoch 140/350
391/391 - 23s - loss: 0.2074 - accuracy: 0.9405 - val_loss: 0.4358 - val_accuracy: 0.8907
Epoch 141/350
391/391 - 23s - loss: 0.2036 - accuracy: 0.9416 - val_loss: 0.4411 - val_accuracy: 0.8901
Epoch 142/350
391/391 - 24s - loss: 0.2081 - accuracy: 0.9397 - val_loss: 0.4333 - val_accuracy: 0.8942
Epoch 143/350
391/391 - 23s - loss: 0.2025 - accuracy: 0.9435 - val_loss: 0.4365 - val_accuracy: 0.8979
Epoch 144/350
391/391 - 23s - loss: 0.1998 - accuracy: 0.9428 - val_loss: 0.4138 - val_accuracy: 0.8950
Epoch 145/350
391/391 - 23s - loss: 0.2023 - accuracy: 0.9427 - val_loss: 0.4328 - val_accuracy: 0.8910
Epoch 146/350
391/391 - 23s - loss: 0.2034 - accuracy: 0.9414 - val_loss: 0.4320 - val_accuracy: 0.8908
Epoch 147/350
391/391 - 23s - loss: 0.2003 - accuracy: 0.9429 - val_loss: 0.4571 - val_accuracy: 0.8895
Epoch 148/350
391/391 - 23s - loss: 0.1949 - accuracy: 0.9458 - val_loss: 0.4267 - val_accuracy: 0.8923
Epoch 149/350
391/391 - 24s - loss: 0.1933 - accuracy: 0.9450 - val_loss: 0.4255 - val_accuracy: 0.8974
Epoch 150/350


Snapshot weight 1 shuffle 8 at epoch 150
Layer 11
Getting activations...


391/391 - 23s - loss: 0.1984 - accuracy: 0.9450 - val_loss: 0.4483 - val_accuracy: 0.8898
Epoch 151/350
391/391 - 23s - loss: 0.1991 - accuracy: 0.9452 - val_loss: 0.4408 - val_accuracy: 0.8932
Epoch 152/350
391/391 - 23s - loss: 0.1989 - accuracy: 0.9447 - val_loss: 0.4433 - val_accuracy: 0.8939
Epoch 153/350
391/391 - 24s - loss: 0.1918 - accuracy: 0.9473 - val_loss: 0.4542 - val_accuracy: 0.8949
Epoch 154/350
391/391 - 23s - loss: 0.1927 - accuracy: 0.9470 - val_loss: 0.4447 - val_accuracy: 0.8946
Epoch 155/350
391/391 - 24s - loss: 0.1915 - accuracy: 0.9470 - val_loss: 0.4353 - val_accuracy: 0.8912
Epoch 156/350
391/391 - 23s - loss: 0.1907 - accuracy: 0.9484 - val_loss: 0.4546 - val_accuracy: 0.8920
Epoch 157/350
391/391 - 24s - loss: 0.1904 - accuracy: 0.9471 - val_loss: 0.4720 - val_accuracy: 0.8822
Epoch 158/350
391/391 - 24s - loss: 0.1889 - accuracy: 0.9476 - val_loss: 0.4407 - val_accuracy: 0.8941
Epoch 159/350
391/391 - 23s - loss: 0.1897 - accuracy: 0.9479 - val_loss: 0.4596 - val_accuracy: 0.8923
Epoch 160/350
391/391 - 23s - loss: 0.1899 - accuracy: 0.9476 - val_loss: 0.4835 - val_accuracy: 0.8862
Epoch 161/350
391/391 - 23s - loss: 0.1882 - accuracy: 0.9490 - val_loss: 0.4363 - val_accuracy: 0.8916
Epoch 162/350
391/391 - 23s - loss: 0.1872 - accuracy: 0.9487 - val_loss: 0.4782 - val_accuracy: 0.8910
Epoch 163/350
391/391 - 23s - loss: 0.1908 - accuracy: 0.9480 - val_loss: 0.4429 - val_accuracy: 0.8952
Epoch 164/350
391/391 - 23s - loss: 0.1899 - accuracy: 0.9484 - val_loss: 0.4609 - val_accuracy: 0.8884
Epoch 165/350
391/391 - 23s - loss: 0.1864 - accuracy: 0.9484 - val_loss: 0.4415 - val_accuracy: 0.8966
Epoch 166/350
391/391 - 23s - loss: 0.1860 - accuracy: 0.9493 - val_loss: 0.4331 - val_accuracy: 0.8974
Epoch 167/350
391/391 - 23s - loss: 0.1883 - accuracy: 0.9486 - val_loss: 0.4351 - val_accuracy: 0.8981
Epoch 168/350
391/391 - 24s - loss: 0.1795 - accuracy: 0.9521 - val_loss: 0.4412 - val_accuracy: 0.8972
Epoch 169/350
391/391 - 24s - loss: 0.1833 - accuracy: 0.9493 - val_loss: 0.4426 - val_accuracy: 0.8941
Epoch 170/350
391/391 - 23s - loss: 0.1788 - accuracy: 0.9522 - val_loss: 0.4739 - val_accuracy: 0.8925
Epoch 171/350
391/391 - 23s - loss: 0.1828 - accuracy: 0.9505 - val_loss: 0.4194 - val_accuracy: 0.9024
Epoch 172/350
391/391 - 24s - loss: 0.1809 - accuracy: 0.9521 - val_loss: 0.4550 - val_accuracy: 0.8936
Epoch 173/350
391/391 - 23s - loss: 0.1794 - accuracy: 0.9524 - val_loss: 0.4813 - val_accuracy: 0.8900
Epoch 174/350
391/391 - 23s - loss: 0.1794 - accuracy: 0.9521 - val_loss: 0.4835 - val_accuracy: 0.8922
Epoch 175/350
391/391 - 23s - loss: 0.1766 - accuracy: 0.9529 - val_loss: 0.4692 - val_accuracy: 0.8912
Epoch 176/350
391/391 - 23s - loss: 0.1779 - accuracy: 0.9525 - val_loss: 0.4627 - val_accuracy: 0.8950
Epoch 177/350
391/391 - 24s - loss: 0.1797 - accuracy: 0.9523 - val_loss: 0.4808 - val_accuracy: 0.8944
Epoch 178/350
391/391 - 23s - loss: 0.1785 - accuracy: 0.9530 - val_loss: 0.4776 - val_accuracy: 0.8920
Epoch 179/350
391/391 - 23s - loss: 0.1714 - accuracy: 0.9547 - val_loss: 0.4403 - val_accuracy: 0.9002
Epoch 180/350
391/391 - 23s - loss: 0.1738 - accuracy: 0.9557 - val_loss: 0.4517 - val_accuracy: 0.8995
Epoch 181/350
391/391 - 24s - loss: 0.1788 - accuracy: 0.9528 - val_loss: 0.4519 - val_accuracy: 0.8970
Epoch 182/350
391/391 - 23s - loss: 0.1739 - accuracy: 0.9547 - val_loss: 0.5004 - val_accuracy: 0.8880
Epoch 183/350
391/391 - 24s - loss: 0.1723 - accuracy: 0.9548 - val_loss: 0.4537 - val_accuracy: 0.8995
Epoch 184/350
391/391 - 23s - loss: 0.1724 - accuracy: 0.9554 - val_loss: 0.4764 - val_accuracy: 0.8954
Epoch 185/350
391/391 - 23s - loss: 0.1736 - accuracy: 0.9536 - val_loss: 0.4302 - val_accuracy: 0.9009
Epoch 186/350
391/391 - 23s - loss: 0.1700 - accuracy: 0.9561 - val_loss: 0.4811 - val_accuracy: 0.8922
Epoch 187/350
391/391 - 23s - loss: 0.1655 - accuracy: 0.9576 - val_loss: 0.4461 - val_accuracy: 0.8998
Epoch 188/350
391/391 - 23s - loss: 0.1691 - accuracy: 0.9553 - val_loss: 0.4243 - val_accuracy: 0.8980
Epoch 189/350
391/391 - 23s - loss: 0.1709 - accuracy: 0.9557 - val_loss: 0.4568 - val_accuracy: 0.8929
Epoch 190/350
391/391 - 23s - loss: 0.1657 - accuracy: 0.9578 - val_loss: 0.4573 - val_accuracy: 0.8965
Epoch 191/350
391/391 - 23s - loss: 0.1680 - accuracy: 0.9564 - val_loss: 0.4247 - val_accuracy: 0.8976
Epoch 192/350
391/391 - 23s - loss: 0.1676 - accuracy: 0.9569 - val_loss: 0.4538 - val_accuracy: 0.8983
Epoch 193/350
391/391 - 23s - loss: 0.1643 - accuracy: 0.9583 - val_loss: 0.4870 - val_accuracy: 0.8918
Epoch 194/350
391/391 - 23s - loss: 0.1635 - accuracy: 0.9588 - val_loss: 0.4823 - val_accuracy: 0.8936
Epoch 195/350
391/391 - 23s - loss: 0.1622 - accuracy: 0.9588 - val_loss: 0.4986 - val_accuracy: 0.8976
Epoch 196/350
391/391 - 23s - loss: 0.1673 - accuracy: 0.9570 - val_loss: 0.4776 - val_accuracy: 0.8957
Epoch 197/350
391/391 - 23s - loss: 0.1629 - accuracy: 0.9579 - val_loss: 0.4435 - val_accuracy: 0.8999
Epoch 198/350
391/391 - 23s - loss: 0.1658 - accuracy: 0.9580 - val_loss: 0.4747 - val_accuracy: 0.8974
Epoch 199/350
391/391 - 23s - loss: 0.1630 - accuracy: 0.9587 - val_loss: 0.4566 - val_accuracy: 0.9005
Epoch 200/350


Snapshot weight 1 shuffle 8 at epoch 200
Layer 11
Getting activations...


391/391 - 24s - loss: 0.1656 - accuracy: 0.9564 - val_loss: 0.4917 - val_accuracy: 0.8911
Epoch 201/350
391/391 - 23s - loss: 0.1406 - accuracy: 0.9657 - val_loss: 0.4462 - val_accuracy: 0.9044
Epoch 202/350
391/391 - 23s - loss: 0.1272 - accuracy: 0.9707 - val_loss: 0.4500 - val_accuracy: 0.9045
Epoch 203/350
391/391 - 24s - loss: 0.1253 - accuracy: 0.9721 - val_loss: 0.4516 - val_accuracy: 0.9065
Epoch 204/350
391/391 - 23s - loss: 0.1208 - accuracy: 0.9737 - val_loss: 0.4665 - val_accuracy: 0.9048
Epoch 205/350
391/391 - 24s - loss: 0.1207 - accuracy: 0.9744 - val_loss: 0.4620 - val_accuracy: 0.9059
Epoch 206/350
391/391 - 24s - loss: 0.1176 - accuracy: 0.9750 - val_loss: 0.4666 - val_accuracy: 0.9054
Epoch 207/350
391/391 - 23s - loss: 0.1185 - accuracy: 0.9744 - val_loss: 0.4604 - val_accuracy: 0.9076
Epoch 208/350
391/391 - 23s - loss: 0.1170 - accuracy: 0.9749 - val_loss: 0.4679 - val_accuracy: 0.9065
Epoch 209/350
391/391 - 23s - loss: 0.1174 - accuracy: 0.9748 - val_loss: 0.4673 - val_accuracy: 0.9068
Epoch 210/350
391/391 - 23s - loss: 0.1161 - accuracy: 0.9749 - val_loss: 0.4663 - val_accuracy: 0.9071
Epoch 211/350
391/391 - 23s - loss: 0.1153 - accuracy: 0.9752 - val_loss: 0.4723 - val_accuracy: 0.9056
Epoch 212/350
391/391 - 23s - loss: 0.1147 - accuracy: 0.9753 - val_loss: 0.4717 - val_accuracy: 0.9070
Epoch 213/350
391/391 - 24s - loss: 0.1112 - accuracy: 0.9769 - val_loss: 0.4776 - val_accuracy: 0.9078
Epoch 214/350
391/391 - 23s - loss: 0.1137 - accuracy: 0.9761 - val_loss: 0.4825 - val_accuracy: 0.9060
Epoch 215/350
391/391 - 23s - loss: 0.1122 - accuracy: 0.9769 - val_loss: 0.4883 - val_accuracy: 0.9051
Epoch 216/350
391/391 - 23s - loss: 0.1120 - accuracy: 0.9768 - val_loss: 0.4825 - val_accuracy: 0.9070
Epoch 217/350
391/391 - 23s - loss: 0.1130 - accuracy: 0.9765 - val_loss: 0.4706 - val_accuracy: 0.9069
Epoch 218/350
391/391 - 23s - loss: 0.1114 - accuracy: 0.9769 - val_loss: 0.4806 - val_accuracy: 0.9068
Epoch 219/350
391/391 - 23s - loss: 0.1103 - accuracy: 0.9769 - val_loss: 0.4842 - val_accuracy: 0.9071
Epoch 220/350
391/391 - 23s - loss: 0.1103 - accuracy: 0.9771 - val_loss: 0.4814 - val_accuracy: 0.9078
Epoch 221/350
391/391 - 23s - loss: 0.1119 - accuracy: 0.9767 - val_loss: 0.4794 - val_accuracy: 0.9057
Epoch 222/350
391/391 - 23s - loss: 0.1105 - accuracy: 0.9773 - val_loss: 0.4874 - val_accuracy: 0.9051
Epoch 223/350
391/391 - 23s - loss: 0.1092 - accuracy: 0.9776 - val_loss: 0.4884 - val_accuracy: 0.9059
Epoch 224/350
391/391 - 23s - loss: 0.1094 - accuracy: 0.9777 - val_loss: 0.4858 - val_accuracy: 0.9057
Epoch 225/350
391/391 - 23s - loss: 0.1100 - accuracy: 0.9770 - val_loss: 0.4863 - val_accuracy: 0.9066
Epoch 226/350
391/391 - 23s - loss: 0.1081 - accuracy: 0.9779 - val_loss: 0.4936 - val_accuracy: 0.9050
Epoch 227/350
391/391 - 23s - loss: 0.1103 - accuracy: 0.9772 - val_loss: 0.4887 - val_accuracy: 0.9078
Epoch 228/350
391/391 - 23s - loss: 0.1085 - accuracy: 0.9771 - val_loss: 0.4812 - val_accuracy: 0.9078
Epoch 229/350
391/391 - 23s - loss: 0.1077 - accuracy: 0.9781 - val_loss: 0.4847 - val_accuracy: 0.9060
Epoch 230/350
391/391 - 23s - loss: 0.1104 - accuracy: 0.9766 - val_loss: 0.4900 - val_accuracy: 0.9075
Epoch 231/350
391/391 - 23s - loss: 0.1104 - accuracy: 0.9772 - val_loss: 0.4909 - val_accuracy: 0.9061
Epoch 232/350
391/391 - 23s - loss: 0.1086 - accuracy: 0.9776 - val_loss: 0.4798 - val_accuracy: 0.9070
Epoch 233/350
391/391 - 23s - loss: 0.1086 - accuracy: 0.9778 - val_loss: 0.4775 - val_accuracy: 0.9097
Epoch 234/350
391/391 - 23s - loss: 0.1084 - accuracy: 0.9784 - val_loss: 0.4754 - val_accuracy: 0.9075
Epoch 235/350
391/391 - 23s - loss: 0.1049 - accuracy: 0.9792 - val_loss: 0.4888 - val_accuracy: 0.9060
Epoch 236/350
391/391 - 23s - loss: 0.1048 - accuracy: 0.9793 - val_loss: 0.4919 - val_accuracy: 0.9064
Epoch 237/350
391/391 - 23s - loss: 0.1076 - accuracy: 0.9788 - val_loss: 0.4851 - val_accuracy: 0.9078
Epoch 238/350
391/391 - 23s - loss: 0.1036 - accuracy: 0.9792 - val_loss: 0.4968 - val_accuracy: 0.9066
Epoch 239/350
391/391 - 23s - loss: 0.1061 - accuracy: 0.9789 - val_loss: 0.4952 - val_accuracy: 0.9079
Epoch 240/350
391/391 - 23s - loss: 0.1056 - accuracy: 0.9792 - val_loss: 0.4839 - val_accuracy: 0.9073
Epoch 241/350
391/391 - 23s - loss: 0.1076 - accuracy: 0.9784 - val_loss: 0.4960 - val_accuracy: 0.9062
Epoch 242/350
391/391 - 23s - loss: 0.1060 - accuracy: 0.9781 - val_loss: 0.4953 - val_accuracy: 0.9077
Epoch 243/350
391/391 - 23s - loss: 0.1014 - accuracy: 0.9804 - val_loss: 0.5041 - val_accuracy: 0.9064
Epoch 244/350
391/391 - 23s - loss: 0.1067 - accuracy: 0.9780 - val_loss: 0.5026 - val_accuracy: 0.9072
Epoch 245/350
391/391 - 23s - loss: 0.1062 - accuracy: 0.9785 - val_loss: 0.4893 - val_accuracy: 0.9067
Epoch 246/350
391/391 - 23s - loss: 0.1040 - accuracy: 0.9798 - val_loss: 0.4997 - val_accuracy: 0.9071
Epoch 247/350
391/391 - 23s - loss: 0.1044 - accuracy: 0.9795 - val_loss: 0.4987 - val_accuracy: 0.9073
Epoch 248/350
391/391 - 24s - loss: 0.1032 - accuracy: 0.9795 - val_loss: 0.5015 - val_accuracy: 0.9077
Epoch 249/350
391/391 - 23s - loss: 0.1015 - accuracy: 0.9807 - val_loss: 0.4970 - val_accuracy: 0.9091
Epoch 250/350


Snapshot weight 1 shuffle 8 at epoch 250
Layer 11
Getting activations...


391/391 - 24s - loss: 0.1058 - accuracy: 0.9788 - val_loss: 0.5100 - val_accuracy: 0.9061
Epoch 251/350
391/391 - 23s - loss: 0.1028 - accuracy: 0.9802 - val_loss: 0.5008 - val_accuracy: 0.9071
Epoch 252/350
391/391 - 23s - loss: 0.1030 - accuracy: 0.9804 - val_loss: 0.4994 - val_accuracy: 0.9075
Epoch 253/350
391/391 - 23s - loss: 0.0996 - accuracy: 0.9810 - val_loss: 0.5005 - val_accuracy: 0.9074
Epoch 254/350
391/391 - 23s - loss: 0.1018 - accuracy: 0.9805 - val_loss: 0.4997 - val_accuracy: 0.9077
Epoch 255/350
391/391 - 23s - loss: 0.1028 - accuracy: 0.9797 - val_loss: 0.5019 - val_accuracy: 0.9074
Epoch 256/350
391/391 - 23s - loss: 0.1023 - accuracy: 0.9801 - val_loss: 0.5008 - val_accuracy: 0.9075
Epoch 257/350
391/391 - 23s - loss: 0.0986 - accuracy: 0.9817 - val_loss: 0.5013 - val_accuracy: 0.9080
Epoch 258/350
391/391 - 23s - loss: 0.1017 - accuracy: 0.9803 - val_loss: 0.4986 - val_accuracy: 0.9083
Epoch 259/350
391/391 - 23s - loss: 0.1021 - accuracy: 0.9802 - val_loss: 0.4991 - val_accuracy: 0.9084
Epoch 260/350
391/391 - 23s - loss: 0.0984 - accuracy: 0.9817 - val_loss: 0.5024 - val_accuracy: 0.9074
Epoch 261/350
391/391 - 24s - loss: 0.0997 - accuracy: 0.9811 - val_loss: 0.5001 - val_accuracy: 0.9084
Epoch 262/350
391/391 - 23s - loss: 0.1010 - accuracy: 0.9807 - val_loss: 0.5000 - val_accuracy: 0.9080
Epoch 263/350
391/391 - 23s - loss: 0.0991 - accuracy: 0.9810 - val_loss: 0.4997 - val_accuracy: 0.9080
Epoch 264/350
391/391 - 23s - loss: 0.0998 - accuracy: 0.9809 - val_loss: 0.4976 - val_accuracy: 0.9089
Epoch 265/350
391/391 - 23s - loss: 0.0999 - accuracy: 0.9805 - val_loss: 0.5012 - val_accuracy: 0.9069
Epoch 266/350
391/391 - 23s - loss: 0.0996 - accuracy: 0.9807 - val_loss: 0.5025 - val_accuracy: 0.9069
Epoch 267/350
391/391 - 23s - loss: 0.1011 - accuracy: 0.9804 - val_loss: 0.5005 - val_accuracy: 0.9073
Epoch 268/350
391/391 - 23s - loss: 0.1018 - accuracy: 0.9800 - val_loss: 0.4992 - val_accuracy: 0.9072
Epoch 269/350
391/391 - 23s - loss: 0.0985 - accuracy: 0.9819 - val_loss: 0.5005 - val_accuracy: 0.9078
Epoch 270/350
391/391 - 24s - loss: 0.0991 - accuracy: 0.9809 - val_loss: 0.5015 - val_accuracy: 0.9077
Epoch 271/350
391/391 - 23s - loss: 0.0998 - accuracy: 0.9804 - val_loss: 0.5026 - val_accuracy: 0.9081
Epoch 272/350
391/391 - 23s - loss: 0.0999 - accuracy: 0.9814 - val_loss: 0.5036 - val_accuracy: 0.9073
Epoch 273/350
391/391 - 23s - loss: 0.0986 - accuracy: 0.9813 - val_loss: 0.4986 - val_accuracy: 0.9076
Epoch 274/350
391/391 - 23s - loss: 0.1004 - accuracy: 0.9806 - val_loss: 0.4983 - val_accuracy: 0.9085
Epoch 275/350
391/391 - 23s - loss: 0.1022 - accuracy: 0.9800 - val_loss: 0.4965 - val_accuracy: 0.9082
Epoch 276/350
391/391 - 23s - loss: 0.1000 - accuracy: 0.9813 - val_loss: 0.4973 - val_accuracy: 0.9076
Epoch 277/350
391/391 - 23s - loss: 0.0980 - accuracy: 0.9814 - val_loss: 0.4991 - val_accuracy: 0.9074
Epoch 278/350
391/391 - 23s - loss: 0.1009 - accuracy: 0.9809 - val_loss: 0.4992 - val_accuracy: 0.9077
Epoch 279/350
391/391 - 23s - loss: 0.1028 - accuracy: 0.9799 - val_loss: 0.4966 - val_accuracy: 0.9077
Epoch 280/350
391/391 - 23s - loss: 0.1006 - accuracy: 0.9809 - val_loss: 0.4982 - val_accuracy: 0.9067
Epoch 281/350
391/391 - 23s - loss: 0.1001 - accuracy: 0.9806 - val_loss: 0.5001 - val_accuracy: 0.9082
Epoch 282/350
391/391 - 23s - loss: 0.1003 - accuracy: 0.9805 - val_loss: 0.5014 - val_accuracy: 0.9076
Epoch 283/350
391/391 - 23s - loss: 0.0999 - accuracy: 0.9812 - val_loss: 0.4998 - val_accuracy: 0.9073
Epoch 284/350
391/391 - 23s - loss: 0.1009 - accuracy: 0.9804 - val_loss: 0.5001 - val_accuracy: 0.9079
Epoch 285/350
391/391 - 24s - loss: 0.0985 - accuracy: 0.9810 - val_loss: 0.4998 - val_accuracy: 0.9073
Epoch 286/350
391/391 - 23s - loss: 0.1005 - accuracy: 0.9807 - val_loss: 0.5024 - val_accuracy: 0.9067
Epoch 287/350
391/391 - 23s - loss: 0.1000 - accuracy: 0.9806 - val_loss: 0.5018 - val_accuracy: 0.9065
Epoch 288/350
391/391 - 23s - loss: 0.1018 - accuracy: 0.9797 - val_loss: 0.4999 - val_accuracy: 0.9076
Epoch 289/350
391/391 - 23s - loss: 0.0988 - accuracy: 0.9816 - val_loss: 0.5001 - val_accuracy: 0.9073
Epoch 290/350
391/391 - 24s - loss: 0.1011 - accuracy: 0.9807 - val_loss: 0.5009 - val_accuracy: 0.9072
Epoch 291/350
391/391 - 23s - loss: 0.1007 - accuracy: 0.9805 - val_loss: 0.4990 - val_accuracy: 0.9075
Epoch 292/350
391/391 - 24s - loss: 0.0993 - accuracy: 0.9811 - val_loss: 0.5011 - val_accuracy: 0.9074
Epoch 293/350
391/391 - 23s - loss: 0.1011 - accuracy: 0.9810 - val_loss: 0.5010 - val_accuracy: 0.9071
Epoch 294/350
391/391 - 23s - loss: 0.0998 - accuracy: 0.9811 - val_loss: 0.4992 - val_accuracy: 0.9077
Epoch 295/350
391/391 - 23s - loss: 0.1013 - accuracy: 0.9801 - val_loss: 0.4994 - val_accuracy: 0.9071
Epoch 296/350
391/391 - 23s - loss: 0.0999 - accuracy: 0.9809 - val_loss: 0.4989 - val_accuracy: 0.9079
Epoch 297/350
391/391 - 23s - loss: 0.0999 - accuracy: 0.9812 - val_loss: 0.4995 - val_accuracy: 0.9078
Epoch 298/350
391/391 - 23s - loss: 0.1008 - accuracy: 0.9806 - val_loss: 0.5010 - val_accuracy: 0.9077
Epoch 299/350
391/391 - 23s - loss: 0.1010 - accuracy: 0.9810 - val_loss: 0.4989 - val_accuracy: 0.9067
Epoch 300/350


Snapshot weight 1 shuffle 8 at epoch 300
Layer 11
Getting activations...


391/391 - 24s - loss: 0.0997 - accuracy: 0.9807 - val_loss: 0.5003 - val_accuracy: 0.9075
Epoch 301/350
391/391 - 23s - loss: 0.0984 - accuracy: 0.9814 - val_loss: 0.4998 - val_accuracy: 0.9073
Epoch 302/350
391/391 - 24s - loss: 0.0999 - accuracy: 0.9805 - val_loss: 0.5000 - val_accuracy: 0.9071
Epoch 303/350
391/391 - 23s - loss: 0.1018 - accuracy: 0.9805 - val_loss: 0.5003 - val_accuracy: 0.9068
Epoch 304/350
391/391 - 23s - loss: 0.1018 - accuracy: 0.9812 - val_loss: 0.5005 - val_accuracy: 0.9068
Epoch 305/350
391/391 - 23s - loss: 0.0984 - accuracy: 0.9808 - val_loss: 0.5005 - val_accuracy: 0.9069
Epoch 306/350
391/391 - 23s - loss: 0.0985 - accuracy: 0.9813 - val_loss: 0.5009 - val_accuracy: 0.9067
Epoch 307/350
391/391 - 23s - loss: 0.1022 - accuracy: 0.9794 - val_loss: 0.5004 - val_accuracy: 0.9070
Epoch 308/350
391/391 - 23s - loss: 0.0970 - accuracy: 0.9820 - val_loss: 0.5007 - val_accuracy: 0.9069
Epoch 309/350
391/391 - 23s - loss: 0.0982 - accuracy: 0.9813 - val_loss: 0.5006 - val_accuracy: 0.9072
Epoch 310/350
391/391 - 23s - loss: 0.1006 - accuracy: 0.9809 - val_loss: 0.5009 - val_accuracy: 0.9069
Epoch 311/350
391/391 - 23s - loss: 0.0993 - accuracy: 0.9805 - val_loss: 0.5015 - val_accuracy: 0.9068
Epoch 312/350
391/391 - 23s - loss: 0.0993 - accuracy: 0.9813 - val_loss: 0.5016 - val_accuracy: 0.9069
Epoch 313/350
391/391 - 23s - loss: 0.0985 - accuracy: 0.9812 - val_loss: 0.5014 - val_accuracy: 0.9069
Epoch 314/350
391/391 - 23s - loss: 0.0993 - accuracy: 0.9812 - val_loss: 0.5011 - val_accuracy: 0.9068
Epoch 315/350
391/391 - 23s - loss: 0.0998 - accuracy: 0.9807 - val_loss: 0.5011 - val_accuracy: 0.9069
Epoch 316/350
391/391 - 23s - loss: 0.1008 - accuracy: 0.9811 - val_loss: 0.5014 - val_accuracy: 0.9069
Epoch 317/350
391/391 - 23s - loss: 0.0975 - accuracy: 0.9815 - val_loss: 0.5009 - val_accuracy: 0.9072
Epoch 318/350
391/391 - 23s - loss: 0.0993 - accuracy: 0.9807 - val_loss: 0.5008 - val_accuracy: 0.9074
Epoch 319/350
391/391 - 23s - loss: 0.0985 - accuracy: 0.9815 - val_loss: 0.5009 - val_accuracy: 0.9073
Epoch 320/350
391/391 - 23s - loss: 0.0999 - accuracy: 0.9808 - val_loss: 0.5008 - val_accuracy: 0.9072
Epoch 321/350
391/391 - 23s - loss: 0.0988 - accuracy: 0.9810 - val_loss: 0.5009 - val_accuracy: 0.9070
Epoch 322/350
391/391 - 23s - loss: 0.0983 - accuracy: 0.9810 - val_loss: 0.5009 - val_accuracy: 0.9076
Epoch 323/350
391/391 - 23s - loss: 0.0982 - accuracy: 0.9811 - val_loss: 0.5010 - val_accuracy: 0.9076
Epoch 324/350
391/391 - 23s - loss: 0.0993 - accuracy: 0.9813 - val_loss: 0.5009 - val_accuracy: 0.9072
Epoch 325/350
391/391 - 24s - loss: 0.1010 - accuracy: 0.9804 - val_loss: 0.5014 - val_accuracy: 0.9075
Epoch 326/350
391/391 - 23s - loss: 0.0977 - accuracy: 0.9826 - val_loss: 0.5016 - val_accuracy: 0.9073
Epoch 327/350
391/391 - 23s - loss: 0.0992 - accuracy: 0.9807 - val_loss: 0.5014 - val_accuracy: 0.9070
Epoch 328/350
391/391 - 23s - loss: 0.0988 - accuracy: 0.9810 - val_loss: 0.5016 - val_accuracy: 0.9071
Epoch 329/350
391/391 - 23s - loss: 0.0998 - accuracy: 0.9803 - val_loss: 0.5009 - val_accuracy: 0.9072
Epoch 330/350
391/391 - 23s - loss: 0.1003 - accuracy: 0.9806 - val_loss: 0.5011 - val_accuracy: 0.9072
Epoch 331/350
391/391 - 23s - loss: 0.0995 - accuracy: 0.9813 - val_loss: 0.5010 - val_accuracy: 0.9072
Epoch 332/350
391/391 - 23s - loss: 0.0997 - accuracy: 0.9807 - val_loss: 0.5010 - val_accuracy: 0.9076
Epoch 333/350
391/391 - 23s - loss: 0.0977 - accuracy: 0.9817 - val_loss: 0.5012 - val_accuracy: 0.9074
Epoch 334/350
391/391 - 23s - loss: 0.1005 - accuracy: 0.9810 - val_loss: 0.5013 - val_accuracy: 0.9074
Epoch 335/350
391/391 - 23s - loss: 0.0999 - accuracy: 0.9808 - val_loss: 0.5017 - val_accuracy: 0.9073
Epoch 336/350
391/391 - 24s - loss: 0.0991 - accuracy: 0.9816 - val_loss: 0.5015 - val_accuracy: 0.9073
Epoch 337/350
391/391 - 23s - loss: 0.1005 - accuracy: 0.9807 - val_loss: 0.5015 - val_accuracy: 0.9074
Epoch 338/350
391/391 - 23s - loss: 0.0985 - accuracy: 0.9811 - val_loss: 0.5016 - val_accuracy: 0.9072
Epoch 339/350
391/391 - 23s - loss: 0.0983 - accuracy: 0.9816 - val_loss: 0.5020 - val_accuracy: 0.9072
Epoch 340/350
391/391 - 24s - loss: 0.0987 - accuracy: 0.9817 - val_loss: 0.5023 - val_accuracy: 0.9072
Epoch 341/350
391/391 - 23s - loss: 0.0969 - accuracy: 0.9815 - val_loss: 0.5025 - val_accuracy: 0.9073
Epoch 342/350
391/391 - 23s - loss: 0.0996 - accuracy: 0.9806 - val_loss: 0.5023 - val_accuracy: 0.9072
Epoch 343/350
391/391 - 23s - loss: 0.0989 - accuracy: 0.9811 - val_loss: 0.5025 - val_accuracy: 0.9073
Epoch 344/350
391/391 - 23s - loss: 0.1008 - accuracy: 0.9803 - val_loss: 0.5025 - val_accuracy: 0.9073
Epoch 345/350
391/391 - 24s - loss: 0.0974 - accuracy: 0.9822 - val_loss: 0.5021 - val_accuracy: 0.9073
Epoch 346/350
391/391 - 23s - loss: 0.0990 - accuracy: 0.9807 - val_loss: 0.5018 - val_accuracy: 0.9075
Epoch 347/350
391/391 - 23s - loss: 0.0985 - accuracy: 0.9817 - val_loss: 0.5019 - val_accuracy: 0.9075
Epoch 348/350
391/391 - 24s - loss: 0.1001 - accuracy: 0.9811 - val_loss: 0.5017 - val_accuracy: 0.9075
Epoch 349/350
391/391 - 23s - loss: 0.1009 - accuracy: 0.9797 - val_loss: 0.5019 - val_accuracy: 0.9072
Epoch 350/350


Snapshot weight 1 shuffle 8 at epoch 350
Layer 11
Getting activations...


391/391 - 24s - loss: 0.1028 - accuracy: 0.9798 - val_loss: 0.5012 - val_accuracy: 0.9075
/usr/local/lib/python3.6/dist-packages/tensorflow/python/autograph/impl/api.py:493: UserWarning: fill_value is not supported and is always 0 for TensorFlow < 2.4.0.
  return py_builtins.overload_of(f)(*args)
WARNING:tensorflow:From /usr/local/lib/python3.6/dist-packages/tensorflow/python/training/tracking/tracking.py:111: Model.state_updates (from tensorflow.python.keras.engine.training) is deprecated and will be removed in a future version.
Instructions for updating:
This property should not be used in TensorFlow 2.0, as updates are applied automatically.
2021-07-02 19:03:24.837439: W tensorflow/python/util/util.cc:348] Sets are not currently considered sequences, but this may change in the future, so consider avoiding using them.
WARNING:tensorflow:From /usr/local/lib/python3.6/dist-packages/tensorflow/python/training/tracking/tracking.py:111: Layer.updates (from tensorflow.python.keras.engine.base_layer) is deprecated and will be removed in a future version.
Instructions for updating:
This property should not be used in TensorFlow 2.0, as updates are applied automatically.
Saving, final validation acc: 0.9075000286102295
