2021-07-02 07:05:54.713213: I tensorflow/stream_executor/platform/default/dso_loader.cc:48] Successfully opened dynamic library libcudart.so.10.1
2021-07-02 07:07:11.587687: I tensorflow/stream_executor/platform/default/dso_loader.cc:48] Successfully opened dynamic library libcuda.so.1
2021-07-02 07:07:11.616684: I tensorflow/core/common_runtime/gpu/gpu_device.cc:1716] Found device 0 with properties: 
pciBusID: 0000:82:00.0 name: NVIDIA TITAN X (Pascal) computeCapability: 6.1
coreClock: 1.531GHz coreCount: 28 deviceMemorySize: 11.91GiB deviceMemoryBandwidth: 447.48GiB/s
2021-07-02 07:07:11.616764: I tensorflow/stream_executor/platform/default/dso_loader.cc:48] Successfully opened dynamic library libcudart.so.10.1
2021-07-02 07:07:11.656215: I tensorflow/stream_executor/platform/default/dso_loader.cc:48] Successfully opened dynamic library libcublas.so.10
2021-07-02 07:07:11.676260: I tensorflow/stream_executor/platform/default/dso_loader.cc:48] Successfully opened dynamic library libcufft.so.10
2021-07-02 07:07:11.684736: I tensorflow/stream_executor/platform/default/dso_loader.cc:48] Successfully opened dynamic library libcurand.so.10
2021-07-02 07:07:11.727683: I tensorflow/stream_executor/platform/default/dso_loader.cc:48] Successfully opened dynamic library libcusolver.so.10
2021-07-02 07:07:11.735835: I tensorflow/stream_executor/platform/default/dso_loader.cc:48] Successfully opened dynamic library libcusparse.so.10
2021-07-02 07:07:11.810810: I tensorflow/stream_executor/platform/default/dso_loader.cc:48] Successfully opened dynamic library libcudnn.so.7
2021-07-02 07:07:11.813195: I tensorflow/core/common_runtime/gpu/gpu_device.cc:1858] Adding visible gpu devices: 0
2021-07-02 07:07:11.816757: I tensorflow/core/platform/cpu_feature_guard.cc:142] This TensorFlow binary is optimized with oneAPI Deep Neural Network Library (oneDNN)to use the following CPU instructions in performance-critical operations:  AVX2 FMA
To enable them in other operations, rebuild TensorFlow with the appropriate compiler flags.
2021-07-02 07:07:11.832842: I tensorflow/core/platform/profile_utils/cpu_utils.cc:104] CPU Frequency: 2599990000 Hz
2021-07-02 07:07:11.832963: I tensorflow/compiler/xla/service/service.cc:168] XLA service 0x4b1e500 initialized for platform Host (this does not guarantee that XLA will be used). Devices:
2021-07-02 07:07:11.832985: I tensorflow/compiler/xla/service/service.cc:176]   StreamExecutor device (0): Host, Default Version
2021-07-02 07:07:11.989375: I tensorflow/compiler/xla/service/service.cc:168] XLA service 0x4affca0 initialized for platform CUDA (this does not guarantee that XLA will be used). Devices:
2021-07-02 07:07:11.989441: I tensorflow/compiler/xla/service/service.cc:176]   StreamExecutor device (0): NVIDIA TITAN X (Pascal), Compute Capability 6.1
2021-07-02 07:07:11.991821: I tensorflow/core/common_runtime/gpu/gpu_device.cc:1716] Found device 0 with properties: 
pciBusID: 0000:82:00.0 name: NVIDIA TITAN X (Pascal) computeCapability: 6.1
coreClock: 1.531GHz coreCount: 28 deviceMemorySize: 11.91GiB deviceMemoryBandwidth: 447.48GiB/s
2021-07-02 07:07:11.991884: I tensorflow/stream_executor/platform/default/dso_loader.cc:48] Successfully opened dynamic library libcudart.so.10.1
2021-07-02 07:07:11.991919: I tensorflow/stream_executor/platform/default/dso_loader.cc:48] Successfully opened dynamic library libcublas.so.10
2021-07-02 07:07:11.991942: I tensorflow/stream_executor/platform/default/dso_loader.cc:48] Successfully opened dynamic library libcufft.so.10
2021-07-02 07:07:11.991964: I tensorflow/stream_executor/platform/default/dso_loader.cc:48] Successfully opened dynamic library libcurand.so.10
2021-07-02 07:07:11.991986: I tensorflow/stream_executor/platform/default/dso_loader.cc:48] Successfully opened dynamic library libcusolver.so.10
2021-07-02 07:07:11.992007: I tensorflow/stream_executor/platform/default/dso_loader.cc:48] Successfully opened dynamic library libcusparse.so.10
2021-07-02 07:07:11.992667: I tensorflow/stream_executor/platform/default/dso_loader.cc:48] Successfully opened dynamic library libcudnn.so.7
2021-07-02 07:07:11.994301: I tensorflow/core/common_runtime/gpu/gpu_device.cc:1858] Adding visible gpu devices: 0
2021-07-02 07:07:11.996148: I tensorflow/stream_executor/platform/default/dso_loader.cc:48] Successfully opened dynamic library libcudart.so.10.1
2021-07-02 07:07:13.767124: I tensorflow/core/common_runtime/gpu/gpu_device.cc:1257] Device interconnect StreamExecutor with strength 1 edge matrix:
2021-07-02 07:07:13.767203: I tensorflow/core/common_runtime/gpu/gpu_device.cc:1263]      0 
2021-07-02 07:07:13.767218: I tensorflow/core/common_runtime/gpu/gpu_device.cc:1276] 0:   N 
2021-07-02 07:07:13.773166: I tensorflow/core/common_runtime/gpu/gpu_device.cc:1402] Created TensorFlow device (/job:localhost/replica:0/task:0/device:GPU:0 with 11228 MB memory) -> physical GPU (device: 0, name: NVIDIA TITAN X (Pascal), pci bus id: 0000:82:00.0, compute capability: 6.1)
2021-07-02 07:07:19.710095: I tensorflow/stream_executor/platform/default/dso_loader.cc:48] Successfully opened dynamic library libcudnn.so.7
2021-07-02 07:07:22.240383: I tensorflow/stream_executor/platform/default/dso_loader.cc:48] Successfully opened dynamic library libcublas.so.10
Using model index: 53
Making train data...
GCN...
ZCA...
Done!
Making test data...
Done!
Epoch 1/350


Snapshot weight 3 shuffle 5 at epoch 1
Layer 11
Getting activations...


391/391 - 25s - loss: 2.3189 - accuracy: 0.1026 - val_loss: 2.2838 - val_accuracy: 0.1040
Epoch 2/350


Snapshot weight 3 shuffle 5 at epoch 2
Layer 11
Getting activations...


391/391 - 25s - loss: 2.2281 - accuracy: 0.1649 - val_loss: 2.1304 - val_accuracy: 0.2252
Epoch 3/350


Snapshot weight 3 shuffle 5 at epoch 3
Layer 11
Getting activations...


391/391 - 26s - loss: 2.0588 - accuracy: 0.2615 - val_loss: 1.9950 - val_accuracy: 0.3170
Epoch 4/350


Snapshot weight 3 shuffle 5 at epoch 4
Layer 11
Getting activations...


391/391 - 26s - loss: 1.8615 - accuracy: 0.3535 - val_loss: 1.6196 - val_accuracy: 0.4407
Epoch 5/350


Snapshot weight 3 shuffle 5 at epoch 5
Layer 11
Getting activations...


391/391 - 26s - loss: 1.5382 - accuracy: 0.4502 - val_loss: 1.3417 - val_accuracy: 0.5273
Epoch 6/350


Snapshot weight 3 shuffle 5 at epoch 6
Layer 11
Getting activations...


391/391 - 26s - loss: 1.3931 - accuracy: 0.5057 - val_loss: 1.2310 - val_accuracy: 0.5733
Epoch 7/350


Snapshot weight 3 shuffle 5 at epoch 7
Layer 11
Getting activations...


391/391 - 26s - loss: 1.3022 - accuracy: 0.5411 - val_loss: 1.1838 - val_accuracy: 0.5830
Epoch 8/350


Snapshot weight 3 shuffle 5 at epoch 8
Layer 11
Getting activations...


391/391 - 26s - loss: 1.2178 - accuracy: 0.5731 - val_loss: 1.0909 - val_accuracy: 0.6238
Epoch 9/350


Snapshot weight 3 shuffle 5 at epoch 9
Layer 11
Getting activations...


391/391 - 26s - loss: 1.1513 - accuracy: 0.5965 - val_loss: 1.0383 - val_accuracy: 0.6455
Epoch 10/350


Snapshot weight 3 shuffle 5 at epoch 10
Layer 11
Getting activations...


391/391 - 26s - loss: 1.0812 - accuracy: 0.6236 - val_loss: 1.1336 - val_accuracy: 0.6308
Epoch 11/350
391/391 - 25s - loss: 1.0424 - accuracy: 0.6376 - val_loss: 0.9197 - val_accuracy: 0.6851
Epoch 12/350
391/391 - 25s - loss: 0.9939 - accuracy: 0.6545 - val_loss: 0.9391 - val_accuracy: 0.6755
Epoch 13/350
391/391 - 25s - loss: 0.9549 - accuracy: 0.6708 - val_loss: 1.0482 - val_accuracy: 0.6573
Epoch 14/350
391/391 - 25s - loss: 0.9240 - accuracy: 0.6809 - val_loss: 0.8566 - val_accuracy: 0.7107
Epoch 15/350
391/391 - 25s - loss: 0.8872 - accuracy: 0.6949 - val_loss: 0.8916 - val_accuracy: 0.7024
Epoch 16/350
391/391 - 25s - loss: 0.8636 - accuracy: 0.7049 - val_loss: 0.7891 - val_accuracy: 0.7248
Epoch 17/350
391/391 - 25s - loss: 0.8355 - accuracy: 0.7168 - val_loss: 0.7659 - val_accuracy: 0.7375
Epoch 18/350
391/391 - 26s - loss: 0.7923 - accuracy: 0.7296 - val_loss: 0.7415 - val_accuracy: 0.7499
Epoch 19/350
391/391 - 25s - loss: 0.7671 - accuracy: 0.7389 - val_loss: 0.7562 - val_accuracy: 0.7534
Epoch 20/350
391/391 - 25s - loss: 0.7498 - accuracy: 0.7475 - val_loss: 0.6966 - val_accuracy: 0.7682
Epoch 21/350
391/391 - 26s - loss: 0.7318 - accuracy: 0.7511 - val_loss: 0.7272 - val_accuracy: 0.7683
Epoch 22/350
391/391 - 25s - loss: 0.7054 - accuracy: 0.7632 - val_loss: 0.6824 - val_accuracy: 0.7761
Epoch 23/350
391/391 - 25s - loss: 0.6869 - accuracy: 0.7688 - val_loss: 0.6741 - val_accuracy: 0.7821
Epoch 24/350
391/391 - 25s - loss: 0.6690 - accuracy: 0.7780 - val_loss: 0.6575 - val_accuracy: 0.7854
Epoch 25/350
391/391 - 25s - loss: 0.6517 - accuracy: 0.7804 - val_loss: 0.6251 - val_accuracy: 0.8004
Epoch 26/350
391/391 - 25s - loss: 0.6334 - accuracy: 0.7894 - val_loss: 0.5956 - val_accuracy: 0.8070
Epoch 27/350
391/391 - 25s - loss: 0.6152 - accuracy: 0.7951 - val_loss: 0.6276 - val_accuracy: 0.8000
Epoch 28/350
391/391 - 25s - loss: 0.6064 - accuracy: 0.8002 - val_loss: 0.5860 - val_accuracy: 0.8173
Epoch 29/350
391/391 - 25s - loss: 0.5930 - accuracy: 0.8024 - val_loss: 0.5914 - val_accuracy: 0.8051
Epoch 30/350
391/391 - 25s - loss: 0.5804 - accuracy: 0.8092 - val_loss: 0.5426 - val_accuracy: 0.8260
Epoch 31/350
391/391 - 25s - loss: 0.5711 - accuracy: 0.8117 - val_loss: 0.5485 - val_accuracy: 0.8241
Epoch 32/350
391/391 - 25s - loss: 0.5559 - accuracy: 0.8172 - val_loss: 0.5711 - val_accuracy: 0.8162
Epoch 33/350
391/391 - 26s - loss: 0.5542 - accuracy: 0.8175 - val_loss: 0.5582 - val_accuracy: 0.8266
Epoch 34/350
391/391 - 25s - loss: 0.5439 - accuracy: 0.8214 - val_loss: 0.5591 - val_accuracy: 0.8208
Epoch 35/350
391/391 - 25s - loss: 0.5278 - accuracy: 0.8260 - val_loss: 0.5167 - val_accuracy: 0.8318
Epoch 36/350
391/391 - 25s - loss: 0.5220 - accuracy: 0.8296 - val_loss: 0.4918 - val_accuracy: 0.8433
Epoch 37/350
391/391 - 25s - loss: 0.5115 - accuracy: 0.8313 - val_loss: 0.5213 - val_accuracy: 0.8383
Epoch 38/350
391/391 - 25s - loss: 0.5025 - accuracy: 0.8347 - val_loss: 0.5506 - val_accuracy: 0.8320
Epoch 39/350
391/391 - 25s - loss: 0.4997 - accuracy: 0.8368 - val_loss: 0.5400 - val_accuracy: 0.8329
Epoch 40/350
391/391 - 25s - loss: 0.4839 - accuracy: 0.8413 - val_loss: 0.5352 - val_accuracy: 0.8401
Epoch 41/350
391/391 - 25s - loss: 0.4783 - accuracy: 0.8448 - val_loss: 0.4928 - val_accuracy: 0.8473
Epoch 42/350
391/391 - 25s - loss: 0.4756 - accuracy: 0.8449 - val_loss: 0.4647 - val_accuracy: 0.8540
Epoch 43/350
391/391 - 25s - loss: 0.4709 - accuracy: 0.8478 - val_loss: 0.5078 - val_accuracy: 0.8435
Epoch 44/350
391/391 - 25s - loss: 0.4649 - accuracy: 0.8480 - val_loss: 0.4785 - val_accuracy: 0.8514
Epoch 45/350
391/391 - 25s - loss: 0.4530 - accuracy: 0.8512 - val_loss: 0.4692 - val_accuracy: 0.8550
Epoch 46/350
391/391 - 25s - loss: 0.4468 - accuracy: 0.8545 - val_loss: 0.4645 - val_accuracy: 0.8517
Epoch 47/350
391/391 - 25s - loss: 0.4386 - accuracy: 0.8568 - val_loss: 0.4910 - val_accuracy: 0.8523
Epoch 48/350
391/391 - 25s - loss: 0.4378 - accuracy: 0.8583 - val_loss: 0.4727 - val_accuracy: 0.8593
Epoch 49/350
391/391 - 25s - loss: 0.4353 - accuracy: 0.8605 - val_loss: 0.4873 - val_accuracy: 0.8520
Epoch 50/350


Snapshot weight 3 shuffle 5 at epoch 50
Layer 11
Getting activations...


391/391 - 26s - loss: 0.4274 - accuracy: 0.8613 - val_loss: 0.4749 - val_accuracy: 0.8557
Epoch 51/350
391/391 - 25s - loss: 0.4184 - accuracy: 0.8660 - val_loss: 0.5223 - val_accuracy: 0.8412
Epoch 52/350
391/391 - 25s - loss: 0.4160 - accuracy: 0.8662 - val_loss: 0.4858 - val_accuracy: 0.8559
Epoch 53/350
391/391 - 25s - loss: 0.4114 - accuracy: 0.8687 - val_loss: 0.4633 - val_accuracy: 0.8577
Epoch 54/350
391/391 - 25s - loss: 0.4107 - accuracy: 0.8684 - val_loss: 0.4422 - val_accuracy: 0.8667
Epoch 55/350
391/391 - 25s - loss: 0.4014 - accuracy: 0.8709 - val_loss: 0.4679 - val_accuracy: 0.8606
Epoch 56/350
391/391 - 25s - loss: 0.3935 - accuracy: 0.8742 - val_loss: 0.4787 - val_accuracy: 0.8577
Epoch 57/350
391/391 - 25s - loss: 0.3916 - accuracy: 0.8737 - val_loss: 0.4550 - val_accuracy: 0.8639
Epoch 58/350
391/391 - 25s - loss: 0.3929 - accuracy: 0.8735 - val_loss: 0.4821 - val_accuracy: 0.8593
Epoch 59/350
391/391 - 25s - loss: 0.3882 - accuracy: 0.8754 - val_loss: 0.4918 - val_accuracy: 0.8522
Epoch 60/350
391/391 - 25s - loss: 0.3764 - accuracy: 0.8813 - val_loss: 0.4816 - val_accuracy: 0.8591
Epoch 61/350
391/391 - 26s - loss: 0.3748 - accuracy: 0.8798 - val_loss: 0.4839 - val_accuracy: 0.8594
Epoch 62/350
391/391 - 25s - loss: 0.3732 - accuracy: 0.8806 - val_loss: 0.4272 - val_accuracy: 0.8720
Epoch 63/350
391/391 - 25s - loss: 0.3661 - accuracy: 0.8835 - val_loss: 0.4917 - val_accuracy: 0.8586
Epoch 64/350
391/391 - 25s - loss: 0.3652 - accuracy: 0.8835 - val_loss: 0.4612 - val_accuracy: 0.8619
Epoch 65/350
391/391 - 25s - loss: 0.3617 - accuracy: 0.8850 - val_loss: 0.4461 - val_accuracy: 0.8690
Epoch 66/350
391/391 - 25s - loss: 0.3576 - accuracy: 0.8869 - val_loss: 0.4520 - val_accuracy: 0.8658
Epoch 67/350
391/391 - 25s - loss: 0.3524 - accuracy: 0.8889 - val_loss: 0.4517 - val_accuracy: 0.8671
Epoch 68/350
391/391 - 25s - loss: 0.3527 - accuracy: 0.8871 - val_loss: 0.4356 - val_accuracy: 0.8725
Epoch 69/350
391/391 - 26s - loss: 0.3472 - accuracy: 0.8902 - val_loss: 0.4416 - val_accuracy: 0.8696
Epoch 70/350
391/391 - 25s - loss: 0.3451 - accuracy: 0.8900 - val_loss: 0.4405 - val_accuracy: 0.8693
Epoch 71/350
391/391 - 25s - loss: 0.3419 - accuracy: 0.8919 - val_loss: 0.4384 - val_accuracy: 0.8712
Epoch 72/350
391/391 - 25s - loss: 0.3393 - accuracy: 0.8922 - val_loss: 0.4479 - val_accuracy: 0.8734
Epoch 73/350
391/391 - 25s - loss: 0.3365 - accuracy: 0.8948 - val_loss: 0.4633 - val_accuracy: 0.8672
Epoch 74/350
391/391 - 25s - loss: 0.3340 - accuracy: 0.8958 - val_loss: 0.4411 - val_accuracy: 0.8733
Epoch 75/350
391/391 - 25s - loss: 0.3295 - accuracy: 0.8977 - val_loss: 0.4423 - val_accuracy: 0.8732
Epoch 76/350
391/391 - 25s - loss: 0.3280 - accuracy: 0.8963 - val_loss: 0.4312 - val_accuracy: 0.8727
Epoch 77/350
391/391 - 25s - loss: 0.3230 - accuracy: 0.8988 - val_loss: 0.4297 - val_accuracy: 0.8805
Epoch 78/350
391/391 - 25s - loss: 0.3254 - accuracy: 0.8979 - val_loss: 0.4996 - val_accuracy: 0.8637
Epoch 79/350
391/391 - 25s - loss: 0.3171 - accuracy: 0.9013 - val_loss: 0.4324 - val_accuracy: 0.8758
Epoch 80/350
391/391 - 25s - loss: 0.3170 - accuracy: 0.9023 - val_loss: 0.4433 - val_accuracy: 0.8750
Epoch 81/350
391/391 - 25s - loss: 0.3159 - accuracy: 0.9018 - val_loss: 0.4359 - val_accuracy: 0.8730
Epoch 82/350
391/391 - 25s - loss: 0.3115 - accuracy: 0.9023 - val_loss: 0.4210 - val_accuracy: 0.8834
Epoch 83/350
391/391 - 25s - loss: 0.3049 - accuracy: 0.9044 - val_loss: 0.4172 - val_accuracy: 0.8858
Epoch 84/350
391/391 - 25s - loss: 0.3096 - accuracy: 0.9031 - val_loss: 0.4377 - val_accuracy: 0.8738
Epoch 85/350
391/391 - 25s - loss: 0.3004 - accuracy: 0.9066 - val_loss: 0.4314 - val_accuracy: 0.8772
Epoch 86/350
391/391 - 25s - loss: 0.3017 - accuracy: 0.9051 - val_loss: 0.4332 - val_accuracy: 0.8774
Epoch 87/350
391/391 - 25s - loss: 0.2948 - accuracy: 0.9081 - val_loss: 0.4141 - val_accuracy: 0.8847
Epoch 88/350
391/391 - 25s - loss: 0.2941 - accuracy: 0.9078 - val_loss: 0.4337 - val_accuracy: 0.8788
Epoch 89/350
391/391 - 25s - loss: 0.2927 - accuracy: 0.9093 - val_loss: 0.4064 - val_accuracy: 0.8807
Epoch 90/350
391/391 - 25s - loss: 0.2892 - accuracy: 0.9117 - val_loss: 0.4427 - val_accuracy: 0.8762
Epoch 91/350
391/391 - 25s - loss: 0.2886 - accuracy: 0.9126 - val_loss: 0.4386 - val_accuracy: 0.8781
Epoch 92/350
391/391 - 25s - loss: 0.2836 - accuracy: 0.9129 - val_loss: 0.4429 - val_accuracy: 0.8809
Epoch 93/350
391/391 - 25s - loss: 0.2867 - accuracy: 0.9113 - val_loss: 0.4458 - val_accuracy: 0.8799
Epoch 94/350
391/391 - 25s - loss: 0.2916 - accuracy: 0.9081 - val_loss: 0.4413 - val_accuracy: 0.8750
Epoch 95/350
391/391 - 25s - loss: 0.2792 - accuracy: 0.9148 - val_loss: 0.4438 - val_accuracy: 0.8812
Epoch 96/350
391/391 - 25s - loss: 0.2790 - accuracy: 0.9147 - val_loss: 0.4491 - val_accuracy: 0.8787
Epoch 97/350
391/391 - 25s - loss: 0.2775 - accuracy: 0.9159 - val_loss: 0.4357 - val_accuracy: 0.8850
Epoch 98/350
391/391 - 25s - loss: 0.2720 - accuracy: 0.9161 - val_loss: 0.4162 - val_accuracy: 0.8845
Epoch 99/350
391/391 - 25s - loss: 0.2721 - accuracy: 0.9167 - val_loss: 0.4439 - val_accuracy: 0.8814
Epoch 100/350


Snapshot weight 3 shuffle 5 at epoch 100
Layer 11
Getting activations...


391/391 - 26s - loss: 0.2706 - accuracy: 0.9170 - val_loss: 0.4540 - val_accuracy: 0.8841
Epoch 101/350
391/391 - 25s - loss: 0.2689 - accuracy: 0.9178 - val_loss: 0.4229 - val_accuracy: 0.8869
Epoch 102/350
391/391 - 25s - loss: 0.2644 - accuracy: 0.9199 - val_loss: 0.4320 - val_accuracy: 0.8874
Epoch 103/350
391/391 - 25s - loss: 0.2637 - accuracy: 0.9187 - val_loss: 0.4593 - val_accuracy: 0.8785
Epoch 104/350
391/391 - 25s - loss: 0.2632 - accuracy: 0.9199 - val_loss: 0.4148 - val_accuracy: 0.8891
Epoch 105/350
391/391 - 25s - loss: 0.2633 - accuracy: 0.9189 - val_loss: 0.4268 - val_accuracy: 0.8841
Epoch 106/350
391/391 - 25s - loss: 0.2631 - accuracy: 0.9206 - val_loss: 0.4240 - val_accuracy: 0.8803
Epoch 107/350
391/391 - 25s - loss: 0.2578 - accuracy: 0.9229 - val_loss: 0.3991 - val_accuracy: 0.8887
Epoch 108/350
391/391 - 25s - loss: 0.2563 - accuracy: 0.9230 - val_loss: 0.4293 - val_accuracy: 0.8852
Epoch 109/350
391/391 - 25s - loss: 0.2523 - accuracy: 0.9240 - val_loss: 0.4155 - val_accuracy: 0.8915
Epoch 110/350
391/391 - 25s - loss: 0.2590 - accuracy: 0.9225 - val_loss: 0.4621 - val_accuracy: 0.8785
Epoch 111/350
391/391 - 25s - loss: 0.2526 - accuracy: 0.9244 - val_loss: 0.4256 - val_accuracy: 0.8846
Epoch 112/350
391/391 - 25s - loss: 0.2500 - accuracy: 0.9259 - val_loss: 0.4376 - val_accuracy: 0.8833
Epoch 113/350
391/391 - 25s - loss: 0.2497 - accuracy: 0.9241 - val_loss: 0.4394 - val_accuracy: 0.8839
Epoch 114/350
391/391 - 25s - loss: 0.2496 - accuracy: 0.9257 - val_loss: 0.4449 - val_accuracy: 0.8806
Epoch 115/350
391/391 - 25s - loss: 0.2438 - accuracy: 0.9269 - val_loss: 0.4661 - val_accuracy: 0.8802
Epoch 116/350
391/391 - 25s - loss: 0.2417 - accuracy: 0.9288 - val_loss: 0.4318 - val_accuracy: 0.8890
Epoch 117/350
391/391 - 25s - loss: 0.2427 - accuracy: 0.9274 - val_loss: 0.4349 - val_accuracy: 0.8916
Epoch 118/350
391/391 - 25s - loss: 0.2405 - accuracy: 0.9282 - val_loss: 0.4614 - val_accuracy: 0.8851
Epoch 119/350
391/391 - 25s - loss: 0.2383 - accuracy: 0.9284 - val_loss: 0.4074 - val_accuracy: 0.8918
Epoch 120/350
391/391 - 25s - loss: 0.2380 - accuracy: 0.9301 - val_loss: 0.4342 - val_accuracy: 0.8879
Epoch 121/350
391/391 - 25s - loss: 0.2401 - accuracy: 0.9285 - val_loss: 0.4774 - val_accuracy: 0.8839
Epoch 122/350
391/391 - 25s - loss: 0.2365 - accuracy: 0.9299 - val_loss: 0.4182 - val_accuracy: 0.8913
Epoch 123/350
391/391 - 25s - loss: 0.2328 - accuracy: 0.9313 - val_loss: 0.4270 - val_accuracy: 0.8884
Epoch 124/350
391/391 - 25s - loss: 0.2290 - accuracy: 0.9342 - val_loss: 0.4169 - val_accuracy: 0.8916
Epoch 125/350
391/391 - 25s - loss: 0.2307 - accuracy: 0.9329 - val_loss: 0.4236 - val_accuracy: 0.8898
Epoch 126/350
391/391 - 25s - loss: 0.2342 - accuracy: 0.9321 - val_loss: 0.4345 - val_accuracy: 0.8875
Epoch 127/350
391/391 - 25s - loss: 0.2306 - accuracy: 0.9331 - val_loss: 0.4302 - val_accuracy: 0.8882
Epoch 128/350
391/391 - 25s - loss: 0.2271 - accuracy: 0.9343 - val_loss: 0.4193 - val_accuracy: 0.8938
Epoch 129/350
391/391 - 25s - loss: 0.2281 - accuracy: 0.9334 - val_loss: 0.4456 - val_accuracy: 0.8887
Epoch 130/350
391/391 - 25s - loss: 0.2306 - accuracy: 0.9338 - val_loss: 0.4066 - val_accuracy: 0.8894
Epoch 131/350
391/391 - 25s - loss: 0.2224 - accuracy: 0.9348 - val_loss: 0.4534 - val_accuracy: 0.8840
Epoch 132/350
391/391 - 25s - loss: 0.2239 - accuracy: 0.9347 - val_loss: 0.4318 - val_accuracy: 0.8898
Epoch 133/350
391/391 - 25s - loss: 0.2195 - accuracy: 0.9360 - val_loss: 0.4430 - val_accuracy: 0.8880
Epoch 134/350
391/391 - 25s - loss: 0.2289 - accuracy: 0.9343 - val_loss: 0.4372 - val_accuracy: 0.8842
Epoch 135/350
391/391 - 25s - loss: 0.2207 - accuracy: 0.9369 - val_loss: 0.4513 - val_accuracy: 0.8895
Epoch 136/350
391/391 - 25s - loss: 0.2202 - accuracy: 0.9368 - val_loss: 0.4252 - val_accuracy: 0.8954
Epoch 137/350
391/391 - 25s - loss: 0.2166 - accuracy: 0.9360 - val_loss: 0.4243 - val_accuracy: 0.8897
Epoch 138/350
391/391 - 25s - loss: 0.2141 - accuracy: 0.9397 - val_loss: 0.4832 - val_accuracy: 0.8831
Epoch 139/350
391/391 - 25s - loss: 0.2194 - accuracy: 0.9366 - val_loss: 0.4569 - val_accuracy: 0.8859
Epoch 140/350
391/391 - 25s - loss: 0.2133 - accuracy: 0.9391 - val_loss: 0.4239 - val_accuracy: 0.8880
Epoch 141/350
391/391 - 25s - loss: 0.2121 - accuracy: 0.9400 - val_loss: 0.4517 - val_accuracy: 0.8929
Epoch 142/350
391/391 - 25s - loss: 0.2112 - accuracy: 0.9395 - val_loss: 0.4684 - val_accuracy: 0.8835
Epoch 143/350
391/391 - 25s - loss: 0.2120 - accuracy: 0.9400 - val_loss: 0.4481 - val_accuracy: 0.8898
Epoch 144/350
391/391 - 25s - loss: 0.2110 - accuracy: 0.9394 - val_loss: 0.4191 - val_accuracy: 0.8985
Epoch 145/350
391/391 - 25s - loss: 0.2118 - accuracy: 0.9390 - val_loss: 0.4296 - val_accuracy: 0.8907
Epoch 146/350
391/391 - 25s - loss: 0.2109 - accuracy: 0.9401 - val_loss: 0.4171 - val_accuracy: 0.8925
Epoch 147/350
391/391 - 25s - loss: 0.2113 - accuracy: 0.9406 - val_loss: 0.4507 - val_accuracy: 0.8906
Epoch 148/350
391/391 - 25s - loss: 0.2107 - accuracy: 0.9401 - val_loss: 0.4250 - val_accuracy: 0.8948
Epoch 149/350
391/391 - 25s - loss: 0.2059 - accuracy: 0.9408 - val_loss: 0.4488 - val_accuracy: 0.8933
Epoch 150/350


Snapshot weight 3 shuffle 5 at epoch 150
Layer 11
Getting activations...


391/391 - 25s - loss: 0.2027 - accuracy: 0.9434 - val_loss: 0.4283 - val_accuracy: 0.8950
Epoch 151/350
391/391 - 25s - loss: 0.1997 - accuracy: 0.9432 - val_loss: 0.4467 - val_accuracy: 0.8947
Epoch 152/350
391/391 - 25s - loss: 0.2050 - accuracy: 0.9415 - val_loss: 0.4339 - val_accuracy: 0.8954
Epoch 153/350
391/391 - 25s - loss: 0.1956 - accuracy: 0.9450 - val_loss: 0.4650 - val_accuracy: 0.8953
Epoch 154/350
391/391 - 25s - loss: 0.2021 - accuracy: 0.9437 - val_loss: 0.4520 - val_accuracy: 0.8932
Epoch 155/350
391/391 - 25s - loss: 0.2012 - accuracy: 0.9425 - val_loss: 0.4496 - val_accuracy: 0.8970
Epoch 156/350
391/391 - 25s - loss: 0.2020 - accuracy: 0.9443 - val_loss: 0.4750 - val_accuracy: 0.8905
Epoch 157/350
391/391 - 25s - loss: 0.2002 - accuracy: 0.9437 - val_loss: 0.4907 - val_accuracy: 0.8846
Epoch 158/350
391/391 - 25s - loss: 0.1977 - accuracy: 0.9445 - val_loss: 0.4564 - val_accuracy: 0.8909
Epoch 159/350
391/391 - 25s - loss: 0.2020 - accuracy: 0.9439 - val_loss: 0.4807 - val_accuracy: 0.8879
Epoch 160/350
391/391 - 25s - loss: 0.1962 - accuracy: 0.9454 - val_loss: 0.4544 - val_accuracy: 0.8925
Epoch 161/350
391/391 - 25s - loss: 0.2000 - accuracy: 0.9435 - val_loss: 0.4529 - val_accuracy: 0.8969
Epoch 162/350
391/391 - 25s - loss: 0.1935 - accuracy: 0.9457 - val_loss: 0.4480 - val_accuracy: 0.8946
Epoch 163/350
391/391 - 25s - loss: 0.1943 - accuracy: 0.9463 - val_loss: 0.4361 - val_accuracy: 0.8961
Epoch 164/350
391/391 - 25s - loss: 0.1909 - accuracy: 0.9476 - val_loss: 0.4727 - val_accuracy: 0.8878
Epoch 165/350
391/391 - 25s - loss: 0.1915 - accuracy: 0.9482 - val_loss: 0.4623 - val_accuracy: 0.8908
Epoch 166/350
391/391 - 25s - loss: 0.1933 - accuracy: 0.9472 - val_loss: 0.4631 - val_accuracy: 0.8937
Epoch 167/350
391/391 - 25s - loss: 0.1959 - accuracy: 0.9467 - val_loss: 0.4574 - val_accuracy: 0.8910
Epoch 168/350
391/391 - 25s - loss: 0.1853 - accuracy: 0.9495 - val_loss: 0.4741 - val_accuracy: 0.8921
Epoch 169/350
391/391 - 25s - loss: 0.1853 - accuracy: 0.9498 - val_loss: 0.4601 - val_accuracy: 0.8921
Epoch 170/350
391/391 - 25s - loss: 0.1848 - accuracy: 0.9489 - val_loss: 0.4579 - val_accuracy: 0.8923
Epoch 171/350
391/391 - 25s - loss: 0.1908 - accuracy: 0.9467 - val_loss: 0.4859 - val_accuracy: 0.8862
Epoch 172/350
391/391 - 25s - loss: 0.1874 - accuracy: 0.9489 - val_loss: 0.4230 - val_accuracy: 0.8973
Epoch 173/350
391/391 - 25s - loss: 0.1872 - accuracy: 0.9489 - val_loss: 0.4774 - val_accuracy: 0.8964
Epoch 174/350
391/391 - 25s - loss: 0.1882 - accuracy: 0.9497 - val_loss: 0.4599 - val_accuracy: 0.8929
Epoch 175/350
391/391 - 25s - loss: 0.1894 - accuracy: 0.9480 - val_loss: 0.4426 - val_accuracy: 0.8926
Epoch 176/350
391/391 - 25s - loss: 0.1830 - accuracy: 0.9502 - val_loss: 0.4622 - val_accuracy: 0.8947
Epoch 177/350
391/391 - 25s - loss: 0.1885 - accuracy: 0.9484 - val_loss: 0.4336 - val_accuracy: 0.8978
Epoch 178/350
391/391 - 25s - loss: 0.1827 - accuracy: 0.9499 - val_loss: 0.4508 - val_accuracy: 0.8985
Epoch 179/350
391/391 - 25s - loss: 0.1853 - accuracy: 0.9499 - val_loss: 0.4108 - val_accuracy: 0.8971
Epoch 180/350
391/391 - 25s - loss: 0.1834 - accuracy: 0.9501 - val_loss: 0.4367 - val_accuracy: 0.8953
Epoch 181/350
391/391 - 25s - loss: 0.1824 - accuracy: 0.9514 - val_loss: 0.4308 - val_accuracy: 0.8970
Epoch 182/350
391/391 - 25s - loss: 0.1825 - accuracy: 0.9508 - val_loss: 0.4815 - val_accuracy: 0.8984
Epoch 183/350
391/391 - 25s - loss: 0.1849 - accuracy: 0.9503 - val_loss: 0.4559 - val_accuracy: 0.9021
Epoch 184/350
391/391 - 25s - loss: 0.1830 - accuracy: 0.9513 - val_loss: 0.4308 - val_accuracy: 0.9012
Epoch 185/350
391/391 - 25s - loss: 0.1758 - accuracy: 0.9529 - val_loss: 0.4719 - val_accuracy: 0.8940
Epoch 186/350
391/391 - 25s - loss: 0.1770 - accuracy: 0.9532 - val_loss: 0.4561 - val_accuracy: 0.8998
Epoch 187/350
391/391 - 25s - loss: 0.1804 - accuracy: 0.9512 - val_loss: 0.4687 - val_accuracy: 0.8957
Epoch 188/350
391/391 - 25s - loss: 0.1764 - accuracy: 0.9530 - val_loss: 0.4503 - val_accuracy: 0.8976
Epoch 189/350
391/391 - 25s - loss: 0.1814 - accuracy: 0.9521 - val_loss: 0.4585 - val_accuracy: 0.8980
Epoch 190/350
391/391 - 25s - loss: 0.1767 - accuracy: 0.9533 - val_loss: 0.4491 - val_accuracy: 0.8979
Epoch 191/350
391/391 - 25s - loss: 0.1769 - accuracy: 0.9526 - val_loss: 0.4645 - val_accuracy: 0.8985
Epoch 192/350
391/391 - 25s - loss: 0.1805 - accuracy: 0.9522 - val_loss: 0.4845 - val_accuracy: 0.8929
Epoch 193/350
391/391 - 25s - loss: 0.1749 - accuracy: 0.9538 - val_loss: 0.4663 - val_accuracy: 0.8976
Epoch 194/350
391/391 - 25s - loss: 0.1785 - accuracy: 0.9534 - val_loss: 0.4545 - val_accuracy: 0.8976
Epoch 195/350
391/391 - 25s - loss: 0.1721 - accuracy: 0.9558 - val_loss: 0.5276 - val_accuracy: 0.8909
Epoch 196/350
391/391 - 25s - loss: 0.1709 - accuracy: 0.9558 - val_loss: 0.4358 - val_accuracy: 0.9000
Epoch 197/350
391/391 - 25s - loss: 0.1741 - accuracy: 0.9546 - val_loss: 0.4313 - val_accuracy: 0.8981
Epoch 198/350
391/391 - 25s - loss: 0.1720 - accuracy: 0.9552 - val_loss: 0.4259 - val_accuracy: 0.8984
Epoch 199/350
391/391 - 25s - loss: 0.1751 - accuracy: 0.9549 - val_loss: 0.4633 - val_accuracy: 0.8967
Epoch 200/350


Snapshot weight 3 shuffle 5 at epoch 200
Layer 11
Getting activations...


391/391 - 26s - loss: 0.1711 - accuracy: 0.9542 - val_loss: 0.4706 - val_accuracy: 0.8973
Epoch 201/350
391/391 - 25s - loss: 0.1441 - accuracy: 0.9661 - val_loss: 0.4399 - val_accuracy: 0.9050
Epoch 202/350
391/391 - 25s - loss: 0.1314 - accuracy: 0.9700 - val_loss: 0.4529 - val_accuracy: 0.9051
Epoch 203/350
391/391 - 25s - loss: 0.1292 - accuracy: 0.9709 - val_loss: 0.4523 - val_accuracy: 0.9054
Epoch 204/350
391/391 - 25s - loss: 0.1254 - accuracy: 0.9717 - val_loss: 0.4595 - val_accuracy: 0.9058
Epoch 205/350
391/391 - 25s - loss: 0.1268 - accuracy: 0.9724 - val_loss: 0.4499 - val_accuracy: 0.9069
Epoch 206/350
391/391 - 25s - loss: 0.1229 - accuracy: 0.9728 - val_loss: 0.4605 - val_accuracy: 0.9083
Epoch 207/350
391/391 - 25s - loss: 0.1233 - accuracy: 0.9732 - val_loss: 0.4507 - val_accuracy: 0.9077
Epoch 208/350
391/391 - 25s - loss: 0.1242 - accuracy: 0.9723 - val_loss: 0.4486 - val_accuracy: 0.9086
Epoch 209/350
391/391 - 25s - loss: 0.1199 - accuracy: 0.9734 - val_loss: 0.4544 - val_accuracy: 0.9077
Epoch 210/350
391/391 - 25s - loss: 0.1214 - accuracy: 0.9740 - val_loss: 0.4584 - val_accuracy: 0.9091
Epoch 211/350
391/391 - 25s - loss: 0.1195 - accuracy: 0.9741 - val_loss: 0.4646 - val_accuracy: 0.9074
Epoch 212/350
391/391 - 25s - loss: 0.1220 - accuracy: 0.9731 - val_loss: 0.4661 - val_accuracy: 0.9064
Epoch 213/350
391/391 - 25s - loss: 0.1198 - accuracy: 0.9732 - val_loss: 0.4717 - val_accuracy: 0.9068
Epoch 214/350
391/391 - 25s - loss: 0.1198 - accuracy: 0.9739 - val_loss: 0.4659 - val_accuracy: 0.9088
Epoch 215/350
391/391 - 25s - loss: 0.1161 - accuracy: 0.9751 - val_loss: 0.4692 - val_accuracy: 0.9083
Epoch 216/350
391/391 - 25s - loss: 0.1188 - accuracy: 0.9741 - val_loss: 0.4676 - val_accuracy: 0.9067
Epoch 217/350
391/391 - 25s - loss: 0.1161 - accuracy: 0.9750 - val_loss: 0.4718 - val_accuracy: 0.9056
Epoch 218/350
391/391 - 25s - loss: 0.1155 - accuracy: 0.9742 - val_loss: 0.4663 - val_accuracy: 0.9066
Epoch 219/350
391/391 - 25s - loss: 0.1179 - accuracy: 0.9748 - val_loss: 0.4727 - val_accuracy: 0.9070
Epoch 220/350
391/391 - 25s - loss: 0.1151 - accuracy: 0.9758 - val_loss: 0.4620 - val_accuracy: 0.9082
Epoch 221/350
391/391 - 25s - loss: 0.1147 - accuracy: 0.9763 - val_loss: 0.4563 - val_accuracy: 0.9078
Epoch 222/350
391/391 - 26s - loss: 0.1131 - accuracy: 0.9765 - val_loss: 0.4684 - val_accuracy: 0.9058
Epoch 223/350
391/391 - 25s - loss: 0.1163 - accuracy: 0.9753 - val_loss: 0.4699 - val_accuracy: 0.9077
Epoch 224/350
391/391 - 25s - loss: 0.1142 - accuracy: 0.9754 - val_loss: 0.4722 - val_accuracy: 0.9069
Epoch 225/350
391/391 - 25s - loss: 0.1130 - accuracy: 0.9756 - val_loss: 0.4774 - val_accuracy: 0.9074
Epoch 226/350
391/391 - 25s - loss: 0.1122 - accuracy: 0.9772 - val_loss: 0.4790 - val_accuracy: 0.9080
Epoch 227/350
391/391 - 25s - loss: 0.1135 - accuracy: 0.9763 - val_loss: 0.4769 - val_accuracy: 0.9085
Epoch 228/350
391/391 - 25s - loss: 0.1121 - accuracy: 0.9762 - val_loss: 0.4825 - val_accuracy: 0.9058
Epoch 229/350
391/391 - 25s - loss: 0.1140 - accuracy: 0.9761 - val_loss: 0.4842 - val_accuracy: 0.9081
Epoch 230/350
391/391 - 25s - loss: 0.1124 - accuracy: 0.9766 - val_loss: 0.4842 - val_accuracy: 0.9072
Epoch 231/350
391/391 - 25s - loss: 0.1122 - accuracy: 0.9761 - val_loss: 0.4771 - val_accuracy: 0.9084
Epoch 232/350
391/391 - 25s - loss: 0.1137 - accuracy: 0.9764 - val_loss: 0.4794 - val_accuracy: 0.9090
Epoch 233/350
391/391 - 25s - loss: 0.1137 - accuracy: 0.9753 - val_loss: 0.4882 - val_accuracy: 0.9070
Epoch 234/350
391/391 - 25s - loss: 0.1123 - accuracy: 0.9758 - val_loss: 0.4861 - val_accuracy: 0.9067
Epoch 235/350
391/391 - 25s - loss: 0.1121 - accuracy: 0.9768 - val_loss: 0.4917 - val_accuracy: 0.9062
Epoch 236/350
391/391 - 25s - loss: 0.1130 - accuracy: 0.9765 - val_loss: 0.4809 - val_accuracy: 0.9091
Epoch 237/350
391/391 - 25s - loss: 0.1090 - accuracy: 0.9775 - val_loss: 0.4808 - val_accuracy: 0.9072
Epoch 238/350
391/391 - 25s - loss: 0.1121 - accuracy: 0.9771 - val_loss: 0.4884 - val_accuracy: 0.9069
Epoch 239/350
391/391 - 25s - loss: 0.1101 - accuracy: 0.9775 - val_loss: 0.4865 - val_accuracy: 0.9074
Epoch 240/350
391/391 - 25s - loss: 0.1109 - accuracy: 0.9768 - val_loss: 0.4811 - val_accuracy: 0.9084
Epoch 241/350
391/391 - 25s - loss: 0.1091 - accuracy: 0.9786 - val_loss: 0.4884 - val_accuracy: 0.9078
Epoch 242/350
391/391 - 26s - loss: 0.1107 - accuracy: 0.9767 - val_loss: 0.4858 - val_accuracy: 0.9085
Epoch 243/350
391/391 - 25s - loss: 0.1084 - accuracy: 0.9777 - val_loss: 0.4920 - val_accuracy: 0.9072
Epoch 244/350
391/391 - 25s - loss: 0.1088 - accuracy: 0.9786 - val_loss: 0.4830 - val_accuracy: 0.9081
Epoch 245/350
391/391 - 25s - loss: 0.1086 - accuracy: 0.9775 - val_loss: 0.4793 - val_accuracy: 0.9083
Epoch 246/350
391/391 - 25s - loss: 0.1113 - accuracy: 0.9766 - val_loss: 0.4783 - val_accuracy: 0.9085
Epoch 247/350
391/391 - 25s - loss: 0.1070 - accuracy: 0.9786 - val_loss: 0.4894 - val_accuracy: 0.9073
Epoch 248/350
391/391 - 25s - loss: 0.1060 - accuracy: 0.9783 - val_loss: 0.4852 - val_accuracy: 0.9104
Epoch 249/350
391/391 - 25s - loss: 0.1096 - accuracy: 0.9780 - val_loss: 0.4832 - val_accuracy: 0.9065
Epoch 250/350


Snapshot weight 3 shuffle 5 at epoch 250
Layer 11
Getting activations...


391/391 - 26s - loss: 0.1092 - accuracy: 0.9778 - val_loss: 0.4947 - val_accuracy: 0.9071
Epoch 251/350
391/391 - 25s - loss: 0.1054 - accuracy: 0.9786 - val_loss: 0.4872 - val_accuracy: 0.9086
Epoch 252/350
391/391 - 25s - loss: 0.1074 - accuracy: 0.9789 - val_loss: 0.4870 - val_accuracy: 0.9084
Epoch 253/350
391/391 - 25s - loss: 0.1054 - accuracy: 0.9792 - val_loss: 0.4875 - val_accuracy: 0.9088
Epoch 254/350
391/391 - 25s - loss: 0.1053 - accuracy: 0.9789 - val_loss: 0.4890 - val_accuracy: 0.9086
Epoch 255/350
391/391 - 25s - loss: 0.1039 - accuracy: 0.9794 - val_loss: 0.4831 - val_accuracy: 0.9097
Epoch 256/350
391/391 - 25s - loss: 0.1030 - accuracy: 0.9795 - val_loss: 0.4884 - val_accuracy: 0.9084
Epoch 257/350
391/391 - 25s - loss: 0.1066 - accuracy: 0.9789 - val_loss: 0.4875 - val_accuracy: 0.9092
Epoch 258/350
391/391 - 25s - loss: 0.1053 - accuracy: 0.9792 - val_loss: 0.4851 - val_accuracy: 0.9093
Epoch 259/350
391/391 - 25s - loss: 0.1064 - accuracy: 0.9782 - val_loss: 0.4865 - val_accuracy: 0.9098
Epoch 260/350
391/391 - 25s - loss: 0.1063 - accuracy: 0.9782 - val_loss: 0.4844 - val_accuracy: 0.9084
Epoch 261/350
391/391 - 25s - loss: 0.1051 - accuracy: 0.9793 - val_loss: 0.4841 - val_accuracy: 0.9094
Epoch 262/350
391/391 - 25s - loss: 0.1034 - accuracy: 0.9795 - val_loss: 0.4843 - val_accuracy: 0.9092
Epoch 263/350
391/391 - 25s - loss: 0.1039 - accuracy: 0.9796 - val_loss: 0.4886 - val_accuracy: 0.9090
Epoch 264/350
391/391 - 25s - loss: 0.1050 - accuracy: 0.9795 - val_loss: 0.4881 - val_accuracy: 0.9083
Epoch 265/350
391/391 - 25s - loss: 0.1059 - accuracy: 0.9786 - val_loss: 0.4846 - val_accuracy: 0.9092
Epoch 266/350
391/391 - 25s - loss: 0.1051 - accuracy: 0.9786 - val_loss: 0.4854 - val_accuracy: 0.9093
Epoch 267/350
391/391 - 25s - loss: 0.1033 - accuracy: 0.9799 - val_loss: 0.4865 - val_accuracy: 0.9094
Epoch 268/350
391/391 - 25s - loss: 0.1075 - accuracy: 0.9781 - val_loss: 0.4897 - val_accuracy: 0.9086
Epoch 269/350
391/391 - 25s - loss: 0.1023 - accuracy: 0.9798 - val_loss: 0.4905 - val_accuracy: 0.9083
Epoch 270/350
391/391 - 25s - loss: 0.1031 - accuracy: 0.9793 - val_loss: 0.4889 - val_accuracy: 0.9088
Epoch 271/350
391/391 - 25s - loss: 0.1036 - accuracy: 0.9792 - val_loss: 0.4903 - val_accuracy: 0.9084
Epoch 272/350
391/391 - 25s - loss: 0.1028 - accuracy: 0.9794 - val_loss: 0.4911 - val_accuracy: 0.9084
Epoch 273/350
391/391 - 25s - loss: 0.1024 - accuracy: 0.9796 - val_loss: 0.4922 - val_accuracy: 0.9090
Epoch 274/350
391/391 - 25s - loss: 0.1027 - accuracy: 0.9801 - val_loss: 0.4921 - val_accuracy: 0.9092
Epoch 275/350
391/391 - 25s - loss: 0.1042 - accuracy: 0.9796 - val_loss: 0.4885 - val_accuracy: 0.9092
Epoch 276/350
391/391 - 25s - loss: 0.1027 - accuracy: 0.9796 - val_loss: 0.4893 - val_accuracy: 0.9088
Epoch 277/350
391/391 - 26s - loss: 0.1014 - accuracy: 0.9802 - val_loss: 0.4908 - val_accuracy: 0.9097
Epoch 278/350
391/391 - 25s - loss: 0.1039 - accuracy: 0.9785 - val_loss: 0.4917 - val_accuracy: 0.9090
Epoch 279/350
391/391 - 25s - loss: 0.1050 - accuracy: 0.9793 - val_loss: 0.4876 - val_accuracy: 0.9091
Epoch 280/350
391/391 - 25s - loss: 0.1048 - accuracy: 0.9798 - val_loss: 0.4886 - val_accuracy: 0.9088
Epoch 281/350
391/391 - 25s - loss: 0.1038 - accuracy: 0.9797 - val_loss: 0.4888 - val_accuracy: 0.9080
Epoch 282/350
391/391 - 25s - loss: 0.1046 - accuracy: 0.9792 - val_loss: 0.4902 - val_accuracy: 0.9085
Epoch 283/350
391/391 - 25s - loss: 0.1042 - accuracy: 0.9794 - val_loss: 0.4899 - val_accuracy: 0.9103
Epoch 284/350
391/391 - 25s - loss: 0.1045 - accuracy: 0.9790 - val_loss: 0.4899 - val_accuracy: 0.9088
Epoch 285/350
391/391 - 25s - loss: 0.1039 - accuracy: 0.9784 - val_loss: 0.4917 - val_accuracy: 0.9089
Epoch 286/350
391/391 - 25s - loss: 0.1024 - accuracy: 0.9801 - val_loss: 0.4925 - val_accuracy: 0.9083
Epoch 287/350
391/391 - 25s - loss: 0.1042 - accuracy: 0.9802 - val_loss: 0.4879 - val_accuracy: 0.9080
Epoch 288/350
391/391 - 25s - loss: 0.1044 - accuracy: 0.9793 - val_loss: 0.4866 - val_accuracy: 0.9097
Epoch 289/350
391/391 - 26s - loss: 0.1029 - accuracy: 0.9805 - val_loss: 0.4912 - val_accuracy: 0.9085
Epoch 290/350
391/391 - 25s - loss: 0.1039 - accuracy: 0.9801 - val_loss: 0.4899 - val_accuracy: 0.9085
Epoch 291/350
391/391 - 25s - loss: 0.1027 - accuracy: 0.9792 - val_loss: 0.4898 - val_accuracy: 0.9085
Epoch 292/350
391/391 - 25s - loss: 0.1050 - accuracy: 0.9788 - val_loss: 0.4869 - val_accuracy: 0.9096
Epoch 293/350
391/391 - 25s - loss: 0.1042 - accuracy: 0.9792 - val_loss: 0.4885 - val_accuracy: 0.9087
Epoch 294/350
391/391 - 25s - loss: 0.1014 - accuracy: 0.9803 - val_loss: 0.4886 - val_accuracy: 0.9092
Epoch 295/350
391/391 - 25s - loss: 0.1044 - accuracy: 0.9802 - val_loss: 0.4880 - val_accuracy: 0.9090
Epoch 296/350
391/391 - 25s - loss: 0.1048 - accuracy: 0.9794 - val_loss: 0.4885 - val_accuracy: 0.9099
Epoch 297/350
391/391 - 26s - loss: 0.1034 - accuracy: 0.9802 - val_loss: 0.4907 - val_accuracy: 0.9088
Epoch 298/350
391/391 - 25s - loss: 0.1024 - accuracy: 0.9799 - val_loss: 0.4881 - val_accuracy: 0.9102
Epoch 299/350
391/391 - 25s - loss: 0.1006 - accuracy: 0.9808 - val_loss: 0.4917 - val_accuracy: 0.9095
Epoch 300/350


Snapshot weight 3 shuffle 5 at epoch 300
Layer 11
Getting activations...


391/391 - 26s - loss: 0.1044 - accuracy: 0.9796 - val_loss: 0.4888 - val_accuracy: 0.9100
Epoch 301/350
391/391 - 25s - loss: 0.1028 - accuracy: 0.9794 - val_loss: 0.4886 - val_accuracy: 0.9101
Epoch 302/350
391/391 - 25s - loss: 0.1035 - accuracy: 0.9800 - val_loss: 0.4887 - val_accuracy: 0.9099
Epoch 303/350
391/391 - 25s - loss: 0.1037 - accuracy: 0.9788 - val_loss: 0.4891 - val_accuracy: 0.9100
Epoch 304/350
391/391 - 25s - loss: 0.1031 - accuracy: 0.9802 - val_loss: 0.4893 - val_accuracy: 0.9096
Epoch 305/350
391/391 - 25s - loss: 0.1008 - accuracy: 0.9806 - val_loss: 0.4894 - val_accuracy: 0.9096
Epoch 306/350
391/391 - 25s - loss: 0.1044 - accuracy: 0.9792 - val_loss: 0.4891 - val_accuracy: 0.9101
Epoch 307/350
391/391 - 25s - loss: 0.1037 - accuracy: 0.9794 - val_loss: 0.4895 - val_accuracy: 0.9098
Epoch 308/350
391/391 - 25s - loss: 0.1061 - accuracy: 0.9789 - val_loss: 0.4897 - val_accuracy: 0.9099
Epoch 309/350
391/391 - 25s - loss: 0.1040 - accuracy: 0.9797 - val_loss: 0.4892 - val_accuracy: 0.9101
Epoch 310/350
391/391 - 25s - loss: 0.1024 - accuracy: 0.9800 - val_loss: 0.4897 - val_accuracy: 0.9097
Epoch 311/350
391/391 - 25s - loss: 0.1034 - accuracy: 0.9797 - val_loss: 0.4898 - val_accuracy: 0.9098
Epoch 312/350
391/391 - 25s - loss: 0.1029 - accuracy: 0.9805 - val_loss: 0.4897 - val_accuracy: 0.9095
Epoch 313/350
391/391 - 25s - loss: 0.1044 - accuracy: 0.9796 - val_loss: 0.4896 - val_accuracy: 0.9096
Epoch 314/350
391/391 - 25s - loss: 0.1042 - accuracy: 0.9789 - val_loss: 0.4893 - val_accuracy: 0.9099
Epoch 315/350
391/391 - 25s - loss: 0.1043 - accuracy: 0.9799 - val_loss: 0.4890 - val_accuracy: 0.9096
Epoch 316/350
391/391 - 25s - loss: 0.1036 - accuracy: 0.9792 - val_loss: 0.4890 - val_accuracy: 0.9099
Epoch 317/350
391/391 - 25s - loss: 0.1038 - accuracy: 0.9791 - val_loss: 0.4888 - val_accuracy: 0.9095
Epoch 318/350
391/391 - 25s - loss: 0.1044 - accuracy: 0.9788 - val_loss: 0.4886 - val_accuracy: 0.9097
Epoch 319/350
391/391 - 25s - loss: 0.1016 - accuracy: 0.9803 - val_loss: 0.4888 - val_accuracy: 0.9095
Epoch 320/350
391/391 - 25s - loss: 0.1028 - accuracy: 0.9803 - val_loss: 0.4891 - val_accuracy: 0.9097
Epoch 321/350
391/391 - 25s - loss: 0.1019 - accuracy: 0.9800 - val_loss: 0.4891 - val_accuracy: 0.9094
Epoch 322/350
391/391 - 25s - loss: 0.1035 - accuracy: 0.9803 - val_loss: 0.4889 - val_accuracy: 0.9095
Epoch 323/350
391/391 - 26s - loss: 0.1061 - accuracy: 0.9793 - val_loss: 0.4893 - val_accuracy: 0.9094
Epoch 324/350
391/391 - 25s - loss: 0.1023 - accuracy: 0.9804 - val_loss: 0.4897 - val_accuracy: 0.9093
Epoch 325/350
391/391 - 25s - loss: 0.1032 - accuracy: 0.9801 - val_loss: 0.4890 - val_accuracy: 0.9097
Epoch 326/350
391/391 - 25s - loss: 0.1032 - accuracy: 0.9793 - val_loss: 0.4893 - val_accuracy: 0.9099
Epoch 327/350
391/391 - 25s - loss: 0.1047 - accuracy: 0.9795 - val_loss: 0.4894 - val_accuracy: 0.9099
Epoch 328/350
391/391 - 25s - loss: 0.1021 - accuracy: 0.9803 - val_loss: 0.4896 - val_accuracy: 0.9094
Epoch 329/350
391/391 - 25s - loss: 0.1035 - accuracy: 0.9801 - val_loss: 0.4898 - val_accuracy: 0.9095
Epoch 330/350
391/391 - 25s - loss: 0.1025 - accuracy: 0.9807 - val_loss: 0.4900 - val_accuracy: 0.9097
Epoch 331/350
391/391 - 25s - loss: 0.1038 - accuracy: 0.9787 - val_loss: 0.4899 - val_accuracy: 0.9095
Epoch 332/350
391/391 - 25s - loss: 0.1065 - accuracy: 0.9780 - val_loss: 0.4895 - val_accuracy: 0.9095
Epoch 333/350
391/391 - 25s - loss: 0.1040 - accuracy: 0.9795 - val_loss: 0.4890 - val_accuracy: 0.9096
Epoch 334/350
391/391 - 25s - loss: 0.1024 - accuracy: 0.9803 - val_loss: 0.4888 - val_accuracy: 0.9098
Epoch 335/350
391/391 - 25s - loss: 0.1003 - accuracy: 0.9810 - val_loss: 0.4890 - val_accuracy: 0.9097
Epoch 336/350
391/391 - 25s - loss: 0.1015 - accuracy: 0.9808 - val_loss: 0.4892 - val_accuracy: 0.9095
Epoch 337/350
391/391 - 25s - loss: 0.1030 - accuracy: 0.9799 - val_loss: 0.4892 - val_accuracy: 0.9097
Epoch 338/350
391/391 - 25s - loss: 0.1027 - accuracy: 0.9796 - val_loss: 0.4894 - val_accuracy: 0.9096
Epoch 339/350
391/391 - 25s - loss: 0.1032 - accuracy: 0.9801 - val_loss: 0.4896 - val_accuracy: 0.9098
Epoch 340/350
391/391 - 25s - loss: 0.0999 - accuracy: 0.9815 - val_loss: 0.4899 - val_accuracy: 0.9097
Epoch 341/350
391/391 - 25s - loss: 0.1035 - accuracy: 0.9798 - val_loss: 0.4896 - val_accuracy: 0.9094
Epoch 342/350
391/391 - 25s - loss: 0.1012 - accuracy: 0.9804 - val_loss: 0.4896 - val_accuracy: 0.9092
Epoch 343/350
391/391 - 25s - loss: 0.1047 - accuracy: 0.9788 - val_loss: 0.4900 - val_accuracy: 0.9095
Epoch 344/350
391/391 - 25s - loss: 0.1032 - accuracy: 0.9799 - val_loss: 0.4898 - val_accuracy: 0.9100
Epoch 345/350
391/391 - 25s - loss: 0.1036 - accuracy: 0.9796 - val_loss: 0.4896 - val_accuracy: 0.9099
Epoch 346/350
391/391 - 25s - loss: 0.1022 - accuracy: 0.9807 - val_loss: 0.4897 - val_accuracy: 0.9101
Epoch 347/350
391/391 - 25s - loss: 0.1031 - accuracy: 0.9794 - val_loss: 0.4899 - val_accuracy: 0.9098
Epoch 348/350
391/391 - 25s - loss: 0.1004 - accuracy: 0.9808 - val_loss: 0.4901 - val_accuracy: 0.9098
Epoch 349/350
391/391 - 25s - loss: 0.1009 - accuracy: 0.9806 - val_loss: 0.4899 - val_accuracy: 0.9096
Epoch 350/350


Snapshot weight 3 shuffle 5 at epoch 350
Layer 11
Getting activations...


391/391 - 25s - loss: 0.1041 - accuracy: 0.9793 - val_loss: 0.4899 - val_accuracy: 0.9097
/usr/local/lib/python3.6/dist-packages/tensorflow/python/autograph/impl/api.py:493: UserWarning: fill_value is not supported and is always 0 for TensorFlow < 2.4.0.
  return py_builtins.overload_of(f)(*args)
WARNING:tensorflow:From /usr/local/lib/python3.6/dist-packages/tensorflow/python/training/tracking/tracking.py:111: Model.state_updates (from tensorflow.python.keras.engine.training) is deprecated and will be removed in a future version.
Instructions for updating:
This property should not be used in TensorFlow 2.0, as updates are applied automatically.
2021-07-02 09:41:29.725192: W tensorflow/python/util/util.cc:348] Sets are not currently considered sequences, but this may change in the future, so consider avoiding using them.
WARNING:tensorflow:From /usr/local/lib/python3.6/dist-packages/tensorflow/python/training/tracking/tracking.py:111: Layer.updates (from tensorflow.python.keras.engine.base_layer) is deprecated and will be removed in a future version.
Instructions for updating:
This property should not be used in TensorFlow 2.0, as updates are applied automatically.
Saving, final validation acc: 0.9096999764442444
