2021-07-02 09:36:38.268550: I tensorflow/stream_executor/platform/default/dso_loader.cc:48] Successfully opened dynamic library libcudart.so.10.1
2021-07-02 09:37:57.489021: I tensorflow/stream_executor/platform/default/dso_loader.cc:48] Successfully opened dynamic library libcuda.so.1
2021-07-02 09:37:57.535150: I tensorflow/core/common_runtime/gpu/gpu_device.cc:1716] Found device 0 with properties: 
pciBusID: 0000:83:00.0 name: NVIDIA TITAN X (Pascal) computeCapability: 6.1
coreClock: 1.531GHz coreCount: 28 deviceMemorySize: 11.91GiB deviceMemoryBandwidth: 447.48GiB/s
2021-07-02 09:37:57.535246: I tensorflow/stream_executor/platform/default/dso_loader.cc:48] Successfully opened dynamic library libcudart.so.10.1
2021-07-02 09:37:57.577398: I tensorflow/stream_executor/platform/default/dso_loader.cc:48] Successfully opened dynamic library libcublas.so.10
2021-07-02 09:37:57.598718: I tensorflow/stream_executor/platform/default/dso_loader.cc:48] Successfully opened dynamic library libcufft.so.10
2021-07-02 09:37:57.607186: I tensorflow/stream_executor/platform/default/dso_loader.cc:48] Successfully opened dynamic library libcurand.so.10
2021-07-02 09:37:57.651585: I tensorflow/stream_executor/platform/default/dso_loader.cc:48] Successfully opened dynamic library libcusolver.so.10
2021-07-02 09:37:57.660089: I tensorflow/stream_executor/platform/default/dso_loader.cc:48] Successfully opened dynamic library libcusparse.so.10
2021-07-02 09:37:57.740011: I tensorflow/stream_executor/platform/default/dso_loader.cc:48] Successfully opened dynamic library libcudnn.so.7
2021-07-02 09:37:57.742413: I tensorflow/core/common_runtime/gpu/gpu_device.cc:1858] Adding visible gpu devices: 0
2021-07-02 09:37:57.746363: I tensorflow/core/platform/cpu_feature_guard.cc:142] This TensorFlow binary is optimized with oneAPI Deep Neural Network Library (oneDNN)to use the following CPU instructions in performance-critical operations:  AVX2 FMA
To enable them in other operations, rebuild TensorFlow with the appropriate compiler flags.
2021-07-02 09:37:57.762555: I tensorflow/core/platform/profile_utils/cpu_utils.cc:104] CPU Frequency: 2599865000 Hz
2021-07-02 09:37:57.762710: I tensorflow/compiler/xla/service/service.cc:168] XLA service 0x5590340 initialized for platform Host (this does not guarantee that XLA will be used). Devices:
2021-07-02 09:37:57.762730: I tensorflow/compiler/xla/service/service.cc:176]   StreamExecutor device (0): Host, Default Version
2021-07-02 09:37:57.927202: I tensorflow/compiler/xla/service/service.cc:168] XLA service 0x558e540 initialized for platform CUDA (this does not guarantee that XLA will be used). Devices:
2021-07-02 09:37:57.927272: I tensorflow/compiler/xla/service/service.cc:176]   StreamExecutor device (0): NVIDIA TITAN X (Pascal), Compute Capability 6.1
2021-07-02 09:37:57.931445: I tensorflow/core/common_runtime/gpu/gpu_device.cc:1716] Found device 0 with properties: 
pciBusID: 0000:83:00.0 name: NVIDIA TITAN X (Pascal) computeCapability: 6.1
coreClock: 1.531GHz coreCount: 28 deviceMemorySize: 11.91GiB deviceMemoryBandwidth: 447.48GiB/s
2021-07-02 09:37:57.931528: I tensorflow/stream_executor/platform/default/dso_loader.cc:48] Successfully opened dynamic library libcudart.so.10.1
2021-07-02 09:37:57.931578: I tensorflow/stream_executor/platform/default/dso_loader.cc:48] Successfully opened dynamic library libcublas.so.10
2021-07-02 09:37:57.931598: I tensorflow/stream_executor/platform/default/dso_loader.cc:48] Successfully opened dynamic library libcufft.so.10
2021-07-02 09:37:57.931617: I tensorflow/stream_executor/platform/default/dso_loader.cc:48] Successfully opened dynamic library libcurand.so.10
2021-07-02 09:37:57.931635: I tensorflow/stream_executor/platform/default/dso_loader.cc:48] Successfully opened dynamic library libcusolver.so.10
2021-07-02 09:37:57.931653: I tensorflow/stream_executor/platform/default/dso_loader.cc:48] Successfully opened dynamic library libcusparse.so.10
2021-07-02 09:37:57.932508: I tensorflow/stream_executor/platform/default/dso_loader.cc:48] Successfully opened dynamic library libcudnn.so.7
2021-07-02 09:37:57.934271: I tensorflow/core/common_runtime/gpu/gpu_device.cc:1858] Adding visible gpu devices: 0
2021-07-02 09:37:57.936080: I tensorflow/stream_executor/platform/default/dso_loader.cc:48] Successfully opened dynamic library libcudart.so.10.1
2021-07-02 09:37:59.792742: I tensorflow/core/common_runtime/gpu/gpu_device.cc:1257] Device interconnect StreamExecutor with strength 1 edge matrix:
2021-07-02 09:37:59.792818: I tensorflow/core/common_runtime/gpu/gpu_device.cc:1263]      0 
2021-07-02 09:37:59.792832: I tensorflow/core/common_runtime/gpu/gpu_device.cc:1276] 0:   N 
2021-07-02 09:37:59.810846: I tensorflow/core/common_runtime/gpu/gpu_device.cc:1402] Created TensorFlow device (/job:localhost/replica:0/task:0/device:GPU:0 with 11228 MB memory) -> physical GPU (device: 0, name: NVIDIA TITAN X (Pascal), pci bus id: 0000:83:00.0, compute capability: 6.1)
2021-07-02 09:38:05.750754: I tensorflow/stream_executor/platform/default/dso_loader.cc:48] Successfully opened dynamic library libcudnn.so.7
2021-07-02 09:38:08.347744: I tensorflow/stream_executor/platform/default/dso_loader.cc:48] Successfully opened dynamic library libcublas.so.10
Using model index: 60
Making train data...
GCN...
ZCA...
Done!
Making test data...
Done!
Epoch 1/350


Snapshot weight 0 shuffle 6 at epoch 1
Layer 11
Getting activations...


391/391 - 25s - loss: 2.3263 - accuracy: 0.1033 - val_loss: 2.3187 - val_accuracy: 0.1012
Epoch 2/350


Snapshot weight 0 shuffle 6 at epoch 2
Layer 11
Getting activations...


391/391 - 25s - loss: 2.2909 - accuracy: 0.1447 - val_loss: 2.2804 - val_accuracy: 0.1948
Epoch 3/350


Snapshot weight 0 shuffle 6 at epoch 3
Layer 11
Getting activations...


391/391 - 25s - loss: 2.2201 - accuracy: 0.2054 - val_loss: 2.2030 - val_accuracy: 0.2329
Epoch 4/350


Snapshot weight 0 shuffle 6 at epoch 4
Layer 11
Getting activations...


391/391 - 26s - loss: 2.0524 - accuracy: 0.2871 - val_loss: 1.7637 - val_accuracy: 0.4028
Epoch 5/350


Snapshot weight 0 shuffle 6 at epoch 5
Layer 11
Getting activations...


391/391 - 25s - loss: 1.6310 - accuracy: 0.4249 - val_loss: 1.4694 - val_accuracy: 0.4827
Epoch 6/350


Snapshot weight 0 shuffle 6 at epoch 6
Layer 11
Getting activations...


391/391 - 25s - loss: 1.4539 - accuracy: 0.4850 - val_loss: 1.2633 - val_accuracy: 0.5573
Epoch 7/350


Snapshot weight 0 shuffle 6 at epoch 7
Layer 11
Getting activations...


391/391 - 25s - loss: 1.3246 - accuracy: 0.5319 - val_loss: 1.2189 - val_accuracy: 0.5705
Epoch 8/350


Snapshot weight 0 shuffle 6 at epoch 8
Layer 11
Getting activations...


391/391 - 25s - loss: 1.2367 - accuracy: 0.5648 - val_loss: 1.1625 - val_accuracy: 0.5945
Epoch 9/350


Snapshot weight 0 shuffle 6 at epoch 9
Layer 11
Getting activations...


391/391 - 25s - loss: 1.1506 - accuracy: 0.5962 - val_loss: 1.1172 - val_accuracy: 0.6174
Epoch 10/350


Snapshot weight 0 shuffle 6 at epoch 10
Layer 11
Getting activations...


391/391 - 25s - loss: 1.0866 - accuracy: 0.6234 - val_loss: 0.9780 - val_accuracy: 0.6648
Epoch 11/350
391/391 - 25s - loss: 1.0395 - accuracy: 0.6385 - val_loss: 0.9335 - val_accuracy: 0.6838
Epoch 12/350
391/391 - 25s - loss: 0.9910 - accuracy: 0.6589 - val_loss: 0.9022 - val_accuracy: 0.6944
Epoch 13/350
391/391 - 25s - loss: 0.9472 - accuracy: 0.6761 - val_loss: 0.9533 - val_accuracy: 0.6775
Epoch 14/350
391/391 - 25s - loss: 0.9024 - accuracy: 0.6912 - val_loss: 0.9127 - val_accuracy: 0.6973
Epoch 15/350
391/391 - 25s - loss: 0.8813 - accuracy: 0.6969 - val_loss: 0.7835 - val_accuracy: 0.7255
Epoch 16/350
391/391 - 25s - loss: 0.8282 - accuracy: 0.7182 - val_loss: 0.8247 - val_accuracy: 0.7333
Epoch 17/350
391/391 - 25s - loss: 0.7954 - accuracy: 0.7293 - val_loss: 0.7074 - val_accuracy: 0.7592
Epoch 18/350
391/391 - 25s - loss: 0.7713 - accuracy: 0.7386 - val_loss: 0.7426 - val_accuracy: 0.7573
Epoch 19/350
391/391 - 25s - loss: 0.7474 - accuracy: 0.7461 - val_loss: 0.7095 - val_accuracy: 0.7672
Epoch 20/350
391/391 - 25s - loss: 0.7230 - accuracy: 0.7566 - val_loss: 0.6792 - val_accuracy: 0.7792
Epoch 21/350
391/391 - 25s - loss: 0.6971 - accuracy: 0.7665 - val_loss: 0.6682 - val_accuracy: 0.7807
Epoch 22/350
391/391 - 25s - loss: 0.6746 - accuracy: 0.7769 - val_loss: 0.6514 - val_accuracy: 0.7891
Epoch 23/350
391/391 - 25s - loss: 0.6620 - accuracy: 0.7798 - val_loss: 0.6082 - val_accuracy: 0.7997
Epoch 24/350
391/391 - 25s - loss: 0.6493 - accuracy: 0.7834 - val_loss: 0.7022 - val_accuracy: 0.7790
Epoch 25/350
391/391 - 25s - loss: 0.6299 - accuracy: 0.7895 - val_loss: 0.6086 - val_accuracy: 0.8021
Epoch 26/350
391/391 - 25s - loss: 0.6151 - accuracy: 0.7949 - val_loss: 0.6027 - val_accuracy: 0.8004
Epoch 27/350
391/391 - 25s - loss: 0.5995 - accuracy: 0.8026 - val_loss: 0.5593 - val_accuracy: 0.8230
Epoch 28/350
391/391 - 25s - loss: 0.5837 - accuracy: 0.8078 - val_loss: 0.5858 - val_accuracy: 0.8132
Epoch 29/350
391/391 - 24s - loss: 0.5723 - accuracy: 0.8110 - val_loss: 0.5636 - val_accuracy: 0.8181
Epoch 30/350
391/391 - 24s - loss: 0.5660 - accuracy: 0.8145 - val_loss: 0.5553 - val_accuracy: 0.8228
Epoch 31/350
391/391 - 25s - loss: 0.5594 - accuracy: 0.8155 - val_loss: 0.5628 - val_accuracy: 0.8198
Epoch 32/350
391/391 - 24s - loss: 0.5404 - accuracy: 0.8226 - val_loss: 0.5717 - val_accuracy: 0.8228
Epoch 33/350
391/391 - 24s - loss: 0.5265 - accuracy: 0.8274 - val_loss: 0.5929 - val_accuracy: 0.8155
Epoch 34/350
391/391 - 24s - loss: 0.5162 - accuracy: 0.8298 - val_loss: 0.4883 - val_accuracy: 0.8418
Epoch 35/350
391/391 - 25s - loss: 0.5107 - accuracy: 0.8315 - val_loss: 0.5178 - val_accuracy: 0.8359
Epoch 36/350
391/391 - 24s - loss: 0.5141 - accuracy: 0.8317 - val_loss: 0.5214 - val_accuracy: 0.8367
Epoch 37/350
391/391 - 24s - loss: 0.4918 - accuracy: 0.8397 - val_loss: 0.5015 - val_accuracy: 0.8358
Epoch 38/350
391/391 - 24s - loss: 0.4930 - accuracy: 0.8383 - val_loss: 0.5069 - val_accuracy: 0.8405
Epoch 39/350
391/391 - 25s - loss: 0.4852 - accuracy: 0.8417 - val_loss: 0.4827 - val_accuracy: 0.8494
Epoch 40/350
391/391 - 24s - loss: 0.4709 - accuracy: 0.8472 - val_loss: 0.5176 - val_accuracy: 0.8357
Epoch 41/350
391/391 - 24s - loss: 0.4642 - accuracy: 0.8495 - val_loss: 0.4990 - val_accuracy: 0.8435
Epoch 42/350
391/391 - 24s - loss: 0.4587 - accuracy: 0.8517 - val_loss: 0.4897 - val_accuracy: 0.8487
Epoch 43/350
391/391 - 24s - loss: 0.4528 - accuracy: 0.8539 - val_loss: 0.5081 - val_accuracy: 0.8410
Epoch 44/350
391/391 - 24s - loss: 0.4462 - accuracy: 0.8560 - val_loss: 0.5186 - val_accuracy: 0.8409
Epoch 45/350
391/391 - 24s - loss: 0.4347 - accuracy: 0.8595 - val_loss: 0.5086 - val_accuracy: 0.8475
Epoch 46/350
391/391 - 25s - loss: 0.4292 - accuracy: 0.8622 - val_loss: 0.4845 - val_accuracy: 0.8527
Epoch 47/350
391/391 - 24s - loss: 0.4284 - accuracy: 0.8613 - val_loss: 0.4755 - val_accuracy: 0.8486
Epoch 48/350
391/391 - 25s - loss: 0.4286 - accuracy: 0.8619 - val_loss: 0.4662 - val_accuracy: 0.8575
Epoch 49/350
391/391 - 25s - loss: 0.4168 - accuracy: 0.8662 - val_loss: 0.4789 - val_accuracy: 0.8565
Epoch 50/350


Snapshot weight 0 shuffle 6 at epoch 50
Layer 11
Getting activations...


391/391 - 25s - loss: 0.4116 - accuracy: 0.8677 - val_loss: 0.4973 - val_accuracy: 0.8523
Epoch 51/350
391/391 - 25s - loss: 0.4045 - accuracy: 0.8698 - val_loss: 0.4694 - val_accuracy: 0.8538
Epoch 52/350
391/391 - 25s - loss: 0.3964 - accuracy: 0.8722 - val_loss: 0.4489 - val_accuracy: 0.8633
Epoch 53/350
391/391 - 24s - loss: 0.4012 - accuracy: 0.8696 - val_loss: 0.4591 - val_accuracy: 0.8563
Epoch 54/350
391/391 - 25s - loss: 0.3938 - accuracy: 0.8736 - val_loss: 0.4690 - val_accuracy: 0.8590
Epoch 55/350
391/391 - 24s - loss: 0.3891 - accuracy: 0.8747 - val_loss: 0.4562 - val_accuracy: 0.8594
Epoch 56/350
391/391 - 24s - loss: 0.3795 - accuracy: 0.8772 - val_loss: 0.4392 - val_accuracy: 0.8668
Epoch 57/350
391/391 - 24s - loss: 0.3774 - accuracy: 0.8791 - val_loss: 0.4750 - val_accuracy: 0.8633
Epoch 58/350
391/391 - 24s - loss: 0.3794 - accuracy: 0.8792 - val_loss: 0.4362 - val_accuracy: 0.8709
Epoch 59/350
391/391 - 24s - loss: 0.3741 - accuracy: 0.8805 - val_loss: 0.4424 - val_accuracy: 0.8650
Epoch 60/350
391/391 - 25s - loss: 0.3705 - accuracy: 0.8813 - val_loss: 0.4727 - val_accuracy: 0.8595
Epoch 61/350
391/391 - 24s - loss: 0.3584 - accuracy: 0.8865 - val_loss: 0.4370 - val_accuracy: 0.8693
Epoch 62/350
391/391 - 25s - loss: 0.3592 - accuracy: 0.8865 - val_loss: 0.4573 - val_accuracy: 0.8675
Epoch 63/350
391/391 - 24s - loss: 0.3533 - accuracy: 0.8878 - val_loss: 0.4332 - val_accuracy: 0.8676
Epoch 64/350
391/391 - 24s - loss: 0.3450 - accuracy: 0.8915 - val_loss: 0.4218 - val_accuracy: 0.8710
Epoch 65/350
391/391 - 24s - loss: 0.3458 - accuracy: 0.8917 - val_loss: 0.4324 - val_accuracy: 0.8679
Epoch 66/350
391/391 - 24s - loss: 0.3426 - accuracy: 0.8921 - val_loss: 0.4188 - val_accuracy: 0.8760
Epoch 67/350
391/391 - 24s - loss: 0.3373 - accuracy: 0.8929 - val_loss: 0.4360 - val_accuracy: 0.8717
Epoch 68/350
391/391 - 24s - loss: 0.3392 - accuracy: 0.8935 - val_loss: 0.4152 - val_accuracy: 0.8762
Epoch 69/350
391/391 - 24s - loss: 0.3315 - accuracy: 0.8963 - val_loss: 0.4522 - val_accuracy: 0.8697
Epoch 70/350
391/391 - 24s - loss: 0.3270 - accuracy: 0.8966 - val_loss: 0.4056 - val_accuracy: 0.8803
Epoch 71/350
391/391 - 25s - loss: 0.3256 - accuracy: 0.8981 - val_loss: 0.4160 - val_accuracy: 0.8755
Epoch 72/350
391/391 - 24s - loss: 0.3267 - accuracy: 0.8963 - val_loss: 0.4488 - val_accuracy: 0.8700
Epoch 73/350
391/391 - 25s - loss: 0.3214 - accuracy: 0.9010 - val_loss: 0.4294 - val_accuracy: 0.8759
Epoch 74/350
391/391 - 25s - loss: 0.3225 - accuracy: 0.8997 - val_loss: 0.4051 - val_accuracy: 0.8809
Epoch 75/350
391/391 - 25s - loss: 0.3151 - accuracy: 0.9002 - val_loss: 0.4143 - val_accuracy: 0.8807
Epoch 76/350
391/391 - 25s - loss: 0.3124 - accuracy: 0.9033 - val_loss: 0.4272 - val_accuracy: 0.8750
Epoch 77/350
391/391 - 25s - loss: 0.3068 - accuracy: 0.9046 - val_loss: 0.4109 - val_accuracy: 0.8825
Epoch 78/350
391/391 - 25s - loss: 0.3047 - accuracy: 0.9041 - val_loss: 0.4026 - val_accuracy: 0.8839
Epoch 79/350
391/391 - 25s - loss: 0.2992 - accuracy: 0.9068 - val_loss: 0.4247 - val_accuracy: 0.8821
Epoch 80/350
391/391 - 25s - loss: 0.3016 - accuracy: 0.9061 - val_loss: 0.4062 - val_accuracy: 0.8855
Epoch 81/350
391/391 - 25s - loss: 0.2993 - accuracy: 0.9078 - val_loss: 0.4132 - val_accuracy: 0.8754
Epoch 82/350
391/391 - 25s - loss: 0.2970 - accuracy: 0.9067 - val_loss: 0.4406 - val_accuracy: 0.8715
Epoch 83/350
391/391 - 25s - loss: 0.2895 - accuracy: 0.9095 - val_loss: 0.4102 - val_accuracy: 0.8806
Epoch 84/350
391/391 - 25s - loss: 0.2959 - accuracy: 0.9085 - val_loss: 0.4040 - val_accuracy: 0.8826
Epoch 85/350
391/391 - 25s - loss: 0.2851 - accuracy: 0.9131 - val_loss: 0.4941 - val_accuracy: 0.8700
Epoch 86/350
391/391 - 25s - loss: 0.2912 - accuracy: 0.9112 - val_loss: 0.3916 - val_accuracy: 0.8868
Epoch 87/350
391/391 - 25s - loss: 0.2818 - accuracy: 0.9138 - val_loss: 0.4151 - val_accuracy: 0.8813
Epoch 88/350
391/391 - 25s - loss: 0.2778 - accuracy: 0.9152 - val_loss: 0.3994 - val_accuracy: 0.8850
Epoch 89/350
391/391 - 25s - loss: 0.2863 - accuracy: 0.9108 - val_loss: 0.4181 - val_accuracy: 0.8832
Epoch 90/350
391/391 - 25s - loss: 0.2792 - accuracy: 0.9139 - val_loss: 0.4012 - val_accuracy: 0.8826
Epoch 91/350
391/391 - 25s - loss: 0.2742 - accuracy: 0.9165 - val_loss: 0.4320 - val_accuracy: 0.8791
Epoch 92/350
391/391 - 25s - loss: 0.2751 - accuracy: 0.9161 - val_loss: 0.4232 - val_accuracy: 0.8816
Epoch 93/350
391/391 - 25s - loss: 0.2734 - accuracy: 0.9174 - val_loss: 0.4498 - val_accuracy: 0.8778
Epoch 94/350
391/391 - 25s - loss: 0.2703 - accuracy: 0.9193 - val_loss: 0.3989 - val_accuracy: 0.8859
Epoch 95/350
391/391 - 25s - loss: 0.2688 - accuracy: 0.9176 - val_loss: 0.4291 - val_accuracy: 0.8824
Epoch 96/350
391/391 - 25s - loss: 0.2646 - accuracy: 0.9183 - val_loss: 0.3990 - val_accuracy: 0.8871
Epoch 97/350
391/391 - 25s - loss: 0.2710 - accuracy: 0.9186 - val_loss: 0.4081 - val_accuracy: 0.8833
Epoch 98/350
391/391 - 25s - loss: 0.2603 - accuracy: 0.9215 - val_loss: 0.3976 - val_accuracy: 0.8846
Epoch 99/350
391/391 - 25s - loss: 0.2614 - accuracy: 0.9210 - val_loss: 0.4195 - val_accuracy: 0.8849
Epoch 100/350


Snapshot weight 0 shuffle 6 at epoch 100
Layer 11
Getting activations...


391/391 - 25s - loss: 0.2574 - accuracy: 0.9228 - val_loss: 0.4091 - val_accuracy: 0.8888
Epoch 101/350
391/391 - 25s - loss: 0.2576 - accuracy: 0.9229 - val_loss: 0.4289 - val_accuracy: 0.8839
Epoch 102/350
391/391 - 25s - loss: 0.2554 - accuracy: 0.9234 - val_loss: 0.4282 - val_accuracy: 0.8839
Epoch 103/350
391/391 - 25s - loss: 0.2489 - accuracy: 0.9252 - val_loss: 0.4187 - val_accuracy: 0.8849
Epoch 104/350
391/391 - 25s - loss: 0.2511 - accuracy: 0.9260 - val_loss: 0.3945 - val_accuracy: 0.8889
Epoch 105/350
391/391 - 25s - loss: 0.2511 - accuracy: 0.9247 - val_loss: 0.3947 - val_accuracy: 0.8891
Epoch 106/350
391/391 - 25s - loss: 0.2493 - accuracy: 0.9257 - val_loss: 0.4005 - val_accuracy: 0.8867
Epoch 107/350
391/391 - 25s - loss: 0.2455 - accuracy: 0.9262 - val_loss: 0.4291 - val_accuracy: 0.8842
Epoch 108/350
391/391 - 25s - loss: 0.2466 - accuracy: 0.9256 - val_loss: 0.4464 - val_accuracy: 0.8793
Epoch 109/350
391/391 - 25s - loss: 0.2462 - accuracy: 0.9268 - val_loss: 0.4043 - val_accuracy: 0.8888
Epoch 110/350
391/391 - 25s - loss: 0.2412 - accuracy: 0.9287 - val_loss: 0.4000 - val_accuracy: 0.8889
Epoch 111/350
391/391 - 25s - loss: 0.2425 - accuracy: 0.9287 - val_loss: 0.4210 - val_accuracy: 0.8884
Epoch 112/350
391/391 - 25s - loss: 0.2374 - accuracy: 0.9299 - val_loss: 0.4003 - val_accuracy: 0.8947
Epoch 113/350
391/391 - 25s - loss: 0.2343 - accuracy: 0.9312 - val_loss: 0.4026 - val_accuracy: 0.8881
Epoch 114/350
391/391 - 25s - loss: 0.2344 - accuracy: 0.9306 - val_loss: 0.4169 - val_accuracy: 0.8898
Epoch 115/350
391/391 - 25s - loss: 0.2313 - accuracy: 0.9325 - val_loss: 0.4109 - val_accuracy: 0.8940
Epoch 116/350
391/391 - 25s - loss: 0.2363 - accuracy: 0.9293 - val_loss: 0.4327 - val_accuracy: 0.8841
Epoch 117/350
391/391 - 25s - loss: 0.2331 - accuracy: 0.9310 - val_loss: 0.4172 - val_accuracy: 0.8895
Epoch 118/350
391/391 - 25s - loss: 0.2265 - accuracy: 0.9333 - val_loss: 0.4270 - val_accuracy: 0.8871
Epoch 119/350
391/391 - 25s - loss: 0.2312 - accuracy: 0.9319 - val_loss: 0.4433 - val_accuracy: 0.8873
Epoch 120/350
391/391 - 25s - loss: 0.2242 - accuracy: 0.9332 - val_loss: 0.4047 - val_accuracy: 0.8907
Epoch 121/350
391/391 - 25s - loss: 0.2194 - accuracy: 0.9367 - val_loss: 0.4300 - val_accuracy: 0.8908
Epoch 122/350
391/391 - 25s - loss: 0.2253 - accuracy: 0.9347 - val_loss: 0.4054 - val_accuracy: 0.8976
Epoch 123/350
391/391 - 25s - loss: 0.2275 - accuracy: 0.9335 - val_loss: 0.4224 - val_accuracy: 0.8874
Epoch 124/350
391/391 - 25s - loss: 0.2267 - accuracy: 0.9333 - val_loss: 0.4108 - val_accuracy: 0.8924
Epoch 125/350
391/391 - 25s - loss: 0.2230 - accuracy: 0.9350 - val_loss: 0.4365 - val_accuracy: 0.8853
Epoch 126/350
391/391 - 25s - loss: 0.2227 - accuracy: 0.9348 - val_loss: 0.4571 - val_accuracy: 0.8835
Epoch 127/350
391/391 - 25s - loss: 0.2193 - accuracy: 0.9369 - val_loss: 0.4448 - val_accuracy: 0.8854
Epoch 128/350
391/391 - 25s - loss: 0.2194 - accuracy: 0.9369 - val_loss: 0.4261 - val_accuracy: 0.8925
Epoch 129/350
391/391 - 25s - loss: 0.2222 - accuracy: 0.9361 - val_loss: 0.4354 - val_accuracy: 0.8896
Epoch 130/350
391/391 - 25s - loss: 0.2145 - accuracy: 0.9388 - val_loss: 0.4338 - val_accuracy: 0.8884
Epoch 131/350
391/391 - 25s - loss: 0.2130 - accuracy: 0.9387 - val_loss: 0.4373 - val_accuracy: 0.8875
Epoch 132/350
391/391 - 25s - loss: 0.2120 - accuracy: 0.9392 - val_loss: 0.4485 - val_accuracy: 0.8887
Epoch 133/350
391/391 - 25s - loss: 0.2108 - accuracy: 0.9397 - val_loss: 0.4113 - val_accuracy: 0.8919
Epoch 134/350
391/391 - 25s - loss: 0.2115 - accuracy: 0.9391 - val_loss: 0.4265 - val_accuracy: 0.8910
Epoch 135/350
391/391 - 25s - loss: 0.2124 - accuracy: 0.9398 - val_loss: 0.4135 - val_accuracy: 0.8908
Epoch 136/350
391/391 - 25s - loss: 0.2110 - accuracy: 0.9394 - val_loss: 0.4172 - val_accuracy: 0.8930
Epoch 137/350
391/391 - 25s - loss: 0.2055 - accuracy: 0.9427 - val_loss: 0.4358 - val_accuracy: 0.8922
Epoch 138/350
391/391 - 25s - loss: 0.2092 - accuracy: 0.9406 - val_loss: 0.4102 - val_accuracy: 0.8942
Epoch 139/350
391/391 - 25s - loss: 0.2077 - accuracy: 0.9412 - val_loss: 0.4478 - val_accuracy: 0.8867
Epoch 140/350
391/391 - 25s - loss: 0.2010 - accuracy: 0.9434 - val_loss: 0.4296 - val_accuracy: 0.8925
Epoch 141/350
391/391 - 25s - loss: 0.2056 - accuracy: 0.9426 - val_loss: 0.4087 - val_accuracy: 0.8969
Epoch 142/350
391/391 - 25s - loss: 0.2006 - accuracy: 0.9432 - val_loss: 0.4627 - val_accuracy: 0.8893
Epoch 143/350
391/391 - 25s - loss: 0.2036 - accuracy: 0.9423 - val_loss: 0.4079 - val_accuracy: 0.9000
Epoch 144/350
391/391 - 25s - loss: 0.2013 - accuracy: 0.9436 - val_loss: 0.4286 - val_accuracy: 0.8926
Epoch 145/350
391/391 - 25s - loss: 0.2055 - accuracy: 0.9420 - val_loss: 0.4289 - val_accuracy: 0.8952
Epoch 146/350
391/391 - 25s - loss: 0.2035 - accuracy: 0.9427 - val_loss: 0.4362 - val_accuracy: 0.8958
Epoch 147/350
391/391 - 25s - loss: 0.2011 - accuracy: 0.9442 - val_loss: 0.4685 - val_accuracy: 0.8886
Epoch 148/350
391/391 - 25s - loss: 0.1929 - accuracy: 0.9464 - val_loss: 0.4831 - val_accuracy: 0.8842
Epoch 149/350
391/391 - 25s - loss: 0.1950 - accuracy: 0.9452 - val_loss: 0.4600 - val_accuracy: 0.8903
Epoch 150/350


Snapshot weight 0 shuffle 6 at epoch 150
Layer 11
Getting activations...


391/391 - 25s - loss: 0.1950 - accuracy: 0.9456 - val_loss: 0.4494 - val_accuracy: 0.8934
Epoch 151/350
391/391 - 25s - loss: 0.1957 - accuracy: 0.9459 - val_loss: 0.4543 - val_accuracy: 0.8911
Epoch 152/350
391/391 - 25s - loss: 0.1931 - accuracy: 0.9461 - val_loss: 0.4402 - val_accuracy: 0.8956
Epoch 153/350
391/391 - 25s - loss: 0.1905 - accuracy: 0.9471 - val_loss: 0.4423 - val_accuracy: 0.8927
Epoch 154/350
391/391 - 25s - loss: 0.1913 - accuracy: 0.9477 - val_loss: 0.4586 - val_accuracy: 0.8931
Epoch 155/350
391/391 - 25s - loss: 0.1864 - accuracy: 0.9485 - val_loss: 0.4192 - val_accuracy: 0.9019
Epoch 156/350
391/391 - 25s - loss: 0.1887 - accuracy: 0.9479 - val_loss: 0.4481 - val_accuracy: 0.8934
Epoch 157/350
391/391 - 25s - loss: 0.1883 - accuracy: 0.9475 - val_loss: 0.4859 - val_accuracy: 0.8839
Epoch 158/350
391/391 - 25s - loss: 0.1872 - accuracy: 0.9485 - val_loss: 0.4232 - val_accuracy: 0.8985
Epoch 159/350
391/391 - 25s - loss: 0.1915 - accuracy: 0.9470 - val_loss: 0.4372 - val_accuracy: 0.8968
Epoch 160/350
391/391 - 25s - loss: 0.1851 - accuracy: 0.9497 - val_loss: 0.4392 - val_accuracy: 0.8952
Epoch 161/350
391/391 - 25s - loss: 0.1919 - accuracy: 0.9467 - val_loss: 0.4474 - val_accuracy: 0.8932
Epoch 162/350
391/391 - 25s - loss: 0.1857 - accuracy: 0.9501 - val_loss: 0.4978 - val_accuracy: 0.8912
Epoch 163/350
391/391 - 25s - loss: 0.1871 - accuracy: 0.9499 - val_loss: 0.4358 - val_accuracy: 0.8910
Epoch 164/350
391/391 - 25s - loss: 0.1854 - accuracy: 0.9494 - val_loss: 0.4536 - val_accuracy: 0.8946
Epoch 165/350
391/391 - 25s - loss: 0.1843 - accuracy: 0.9508 - val_loss: 0.4279 - val_accuracy: 0.8964
Epoch 166/350
391/391 - 25s - loss: 0.1809 - accuracy: 0.9505 - val_loss: 0.4603 - val_accuracy: 0.8921
Epoch 167/350
391/391 - 25s - loss: 0.1840 - accuracy: 0.9501 - val_loss: 0.4320 - val_accuracy: 0.8972
Epoch 168/350
391/391 - 25s - loss: 0.1809 - accuracy: 0.9517 - val_loss: 0.4607 - val_accuracy: 0.8908
Epoch 169/350
391/391 - 25s - loss: 0.1824 - accuracy: 0.9511 - val_loss: 0.4393 - val_accuracy: 0.9015
Epoch 170/350
391/391 - 25s - loss: 0.1786 - accuracy: 0.9522 - val_loss: 0.4561 - val_accuracy: 0.8960
Epoch 171/350
391/391 - 25s - loss: 0.1812 - accuracy: 0.9511 - val_loss: 0.4453 - val_accuracy: 0.8906
Epoch 172/350
391/391 - 25s - loss: 0.1791 - accuracy: 0.9510 - val_loss: 0.4716 - val_accuracy: 0.8932
Epoch 173/350
391/391 - 25s - loss: 0.1826 - accuracy: 0.9508 - val_loss: 0.4277 - val_accuracy: 0.8977
Epoch 174/350
391/391 - 25s - loss: 0.1786 - accuracy: 0.9525 - val_loss: 0.4373 - val_accuracy: 0.8986
Epoch 175/350
391/391 - 25s - loss: 0.1745 - accuracy: 0.9548 - val_loss: 0.4969 - val_accuracy: 0.8935
Epoch 176/350
391/391 - 25s - loss: 0.1779 - accuracy: 0.9526 - val_loss: 0.4304 - val_accuracy: 0.9028
Epoch 177/350
391/391 - 25s - loss: 0.1765 - accuracy: 0.9541 - val_loss: 0.4679 - val_accuracy: 0.8951
Epoch 178/350
391/391 - 25s - loss: 0.1765 - accuracy: 0.9531 - val_loss: 0.4599 - val_accuracy: 0.8958
Epoch 179/350
391/391 - 25s - loss: 0.1812 - accuracy: 0.9516 - val_loss: 0.4557 - val_accuracy: 0.8967
Epoch 180/350
391/391 - 25s - loss: 0.1763 - accuracy: 0.9538 - val_loss: 0.4167 - val_accuracy: 0.9017
Epoch 181/350
391/391 - 25s - loss: 0.1717 - accuracy: 0.9551 - val_loss: 0.4392 - val_accuracy: 0.8995
Epoch 182/350
391/391 - 25s - loss: 0.1780 - accuracy: 0.9529 - val_loss: 0.4374 - val_accuracy: 0.8984
Epoch 183/350
391/391 - 25s - loss: 0.1714 - accuracy: 0.9550 - val_loss: 0.4949 - val_accuracy: 0.8928
Epoch 184/350
391/391 - 25s - loss: 0.1722 - accuracy: 0.9549 - val_loss: 0.4388 - val_accuracy: 0.9019
Epoch 185/350
391/391 - 25s - loss: 0.1714 - accuracy: 0.9551 - val_loss: 0.4596 - val_accuracy: 0.8971
Epoch 186/350
391/391 - 25s - loss: 0.1718 - accuracy: 0.9546 - val_loss: 0.4434 - val_accuracy: 0.8998
Epoch 187/350
391/391 - 25s - loss: 0.1692 - accuracy: 0.9560 - val_loss: 0.4387 - val_accuracy: 0.8978
Epoch 188/350
391/391 - 25s - loss: 0.1676 - accuracy: 0.9560 - val_loss: 0.4297 - val_accuracy: 0.9041
Epoch 189/350
391/391 - 25s - loss: 0.1630 - accuracy: 0.9584 - val_loss: 0.4482 - val_accuracy: 0.8980
Epoch 190/350
391/391 - 25s - loss: 0.1708 - accuracy: 0.9547 - val_loss: 0.4499 - val_accuracy: 0.8991
Epoch 191/350
391/391 - 25s - loss: 0.1688 - accuracy: 0.9567 - val_loss: 0.4635 - val_accuracy: 0.9008
Epoch 192/350
391/391 - 25s - loss: 0.1668 - accuracy: 0.9578 - val_loss: 0.5064 - val_accuracy: 0.8920
Epoch 193/350
391/391 - 25s - loss: 0.1704 - accuracy: 0.9571 - val_loss: 0.4925 - val_accuracy: 0.8954
Epoch 194/350
391/391 - 25s - loss: 0.1665 - accuracy: 0.9565 - val_loss: 0.4573 - val_accuracy: 0.9005
Epoch 195/350
391/391 - 25s - loss: 0.1676 - accuracy: 0.9572 - val_loss: 0.4775 - val_accuracy: 0.8986
Epoch 196/350
391/391 - 25s - loss: 0.1611 - accuracy: 0.9590 - val_loss: 0.4325 - val_accuracy: 0.9003
Epoch 197/350
391/391 - 25s - loss: 0.1673 - accuracy: 0.9571 - val_loss: 0.4631 - val_accuracy: 0.9002
Epoch 198/350
391/391 - 25s - loss: 0.1630 - accuracy: 0.9581 - val_loss: 0.4805 - val_accuracy: 0.8964
Epoch 199/350
391/391 - 25s - loss: 0.1615 - accuracy: 0.9593 - val_loss: 0.5053 - val_accuracy: 0.8923
Epoch 200/350


Snapshot weight 0 shuffle 6 at epoch 200
Layer 11
Getting activations...


391/391 - 25s - loss: 0.1651 - accuracy: 0.9572 - val_loss: 0.4659 - val_accuracy: 0.8983
Epoch 201/350
391/391 - 25s - loss: 0.1398 - accuracy: 0.9668 - val_loss: 0.4351 - val_accuracy: 0.9087
Epoch 202/350
391/391 - 25s - loss: 0.1260 - accuracy: 0.9712 - val_loss: 0.4361 - val_accuracy: 0.9092
Epoch 203/350
391/391 - 25s - loss: 0.1237 - accuracy: 0.9731 - val_loss: 0.4425 - val_accuracy: 0.9087
Epoch 204/350
391/391 - 25s - loss: 0.1217 - accuracy: 0.9733 - val_loss: 0.4493 - val_accuracy: 0.9082
Epoch 205/350
391/391 - 25s - loss: 0.1198 - accuracy: 0.9738 - val_loss: 0.4489 - val_accuracy: 0.9098
Epoch 206/350
391/391 - 25s - loss: 0.1168 - accuracy: 0.9747 - val_loss: 0.4580 - val_accuracy: 0.9076
Epoch 207/350
391/391 - 25s - loss: 0.1166 - accuracy: 0.9750 - val_loss: 0.4607 - val_accuracy: 0.9099
Epoch 208/350
391/391 - 25s - loss: 0.1152 - accuracy: 0.9756 - val_loss: 0.4590 - val_accuracy: 0.9097
Epoch 209/350
391/391 - 25s - loss: 0.1164 - accuracy: 0.9749 - val_loss: 0.4572 - val_accuracy: 0.9095
Epoch 210/350
391/391 - 25s - loss: 0.1126 - accuracy: 0.9762 - val_loss: 0.4603 - val_accuracy: 0.9092
Epoch 211/350
391/391 - 25s - loss: 0.1160 - accuracy: 0.9752 - val_loss: 0.4518 - val_accuracy: 0.9104
Epoch 212/350
391/391 - 25s - loss: 0.1120 - accuracy: 0.9763 - val_loss: 0.4495 - val_accuracy: 0.9119
Epoch 213/350
391/391 - 25s - loss: 0.1129 - accuracy: 0.9765 - val_loss: 0.4641 - val_accuracy: 0.9091
Epoch 214/350
391/391 - 25s - loss: 0.1112 - accuracy: 0.9771 - val_loss: 0.4635 - val_accuracy: 0.9111
Epoch 215/350
391/391 - 25s - loss: 0.1119 - accuracy: 0.9763 - val_loss: 0.4638 - val_accuracy: 0.9094
Epoch 216/350
391/391 - 25s - loss: 0.1111 - accuracy: 0.9766 - val_loss: 0.4686 - val_accuracy: 0.9124
Epoch 217/350
391/391 - 25s - loss: 0.1128 - accuracy: 0.9761 - val_loss: 0.4615 - val_accuracy: 0.9111
Epoch 218/350
391/391 - 25s - loss: 0.1139 - accuracy: 0.9756 - val_loss: 0.4730 - val_accuracy: 0.9088
Epoch 219/350
391/391 - 25s - loss: 0.1136 - accuracy: 0.9768 - val_loss: 0.4552 - val_accuracy: 0.9128
Epoch 220/350
391/391 - 25s - loss: 0.1090 - accuracy: 0.9774 - val_loss: 0.4627 - val_accuracy: 0.9115
Epoch 221/350
391/391 - 25s - loss: 0.1072 - accuracy: 0.9780 - val_loss: 0.4660 - val_accuracy: 0.9115
Epoch 222/350
391/391 - 25s - loss: 0.1112 - accuracy: 0.9762 - val_loss: 0.4730 - val_accuracy: 0.9109
Epoch 223/350
391/391 - 25s - loss: 0.1093 - accuracy: 0.9770 - val_loss: 0.4702 - val_accuracy: 0.9118
Epoch 224/350
391/391 - 25s - loss: 0.1081 - accuracy: 0.9779 - val_loss: 0.4637 - val_accuracy: 0.9128
Epoch 225/350
391/391 - 25s - loss: 0.1076 - accuracy: 0.9780 - val_loss: 0.4677 - val_accuracy: 0.9116
Epoch 226/350
391/391 - 25s - loss: 0.1078 - accuracy: 0.9783 - val_loss: 0.4779 - val_accuracy: 0.9111
Epoch 227/350
391/391 - 25s - loss: 0.1067 - accuracy: 0.9779 - val_loss: 0.4674 - val_accuracy: 0.9121
Epoch 228/350
391/391 - 25s - loss: 0.1071 - accuracy: 0.9783 - val_loss: 0.4734 - val_accuracy: 0.9120
Epoch 229/350
391/391 - 25s - loss: 0.1100 - accuracy: 0.9777 - val_loss: 0.4728 - val_accuracy: 0.9127
Epoch 230/350
391/391 - 25s - loss: 0.1062 - accuracy: 0.9783 - val_loss: 0.4787 - val_accuracy: 0.9094
Epoch 231/350
391/391 - 25s - loss: 0.1072 - accuracy: 0.9779 - val_loss: 0.4754 - val_accuracy: 0.9116
Epoch 232/350
391/391 - 25s - loss: 0.1092 - accuracy: 0.9786 - val_loss: 0.4739 - val_accuracy: 0.9111
Epoch 233/350
391/391 - 25s - loss: 0.1049 - accuracy: 0.9791 - val_loss: 0.4692 - val_accuracy: 0.9108
Epoch 234/350
391/391 - 25s - loss: 0.1046 - accuracy: 0.9792 - val_loss: 0.4734 - val_accuracy: 0.9130
Epoch 235/350
391/391 - 25s - loss: 0.1036 - accuracy: 0.9802 - val_loss: 0.4771 - val_accuracy: 0.9113
Epoch 236/350
391/391 - 25s - loss: 0.1079 - accuracy: 0.9782 - val_loss: 0.4808 - val_accuracy: 0.9106
Epoch 237/350
391/391 - 25s - loss: 0.1071 - accuracy: 0.9782 - val_loss: 0.4777 - val_accuracy: 0.9128
Epoch 238/350
391/391 - 25s - loss: 0.1068 - accuracy: 0.9786 - val_loss: 0.4712 - val_accuracy: 0.9125
Epoch 239/350
391/391 - 25s - loss: 0.1051 - accuracy: 0.9793 - val_loss: 0.4856 - val_accuracy: 0.9118
Epoch 240/350
391/391 - 25s - loss: 0.1064 - accuracy: 0.9790 - val_loss: 0.4780 - val_accuracy: 0.9119
Epoch 241/350
391/391 - 25s - loss: 0.1050 - accuracy: 0.9794 - val_loss: 0.4883 - val_accuracy: 0.9108
Epoch 242/350
391/391 - 25s - loss: 0.1050 - accuracy: 0.9794 - val_loss: 0.4811 - val_accuracy: 0.9109
Epoch 243/350
391/391 - 25s - loss: 0.1049 - accuracy: 0.9792 - val_loss: 0.4839 - val_accuracy: 0.9107
Epoch 244/350
391/391 - 25s - loss: 0.1036 - accuracy: 0.9792 - val_loss: 0.4839 - val_accuracy: 0.9088
Epoch 245/350
391/391 - 25s - loss: 0.1044 - accuracy: 0.9786 - val_loss: 0.4850 - val_accuracy: 0.9101
Epoch 246/350
391/391 - 25s - loss: 0.1041 - accuracy: 0.9799 - val_loss: 0.4905 - val_accuracy: 0.9101
Epoch 247/350
391/391 - 25s - loss: 0.1039 - accuracy: 0.9794 - val_loss: 0.4803 - val_accuracy: 0.9098
Epoch 248/350
391/391 - 25s - loss: 0.1029 - accuracy: 0.9797 - val_loss: 0.4821 - val_accuracy: 0.9105
Epoch 249/350
391/391 - 25s - loss: 0.1020 - accuracy: 0.9796 - val_loss: 0.4838 - val_accuracy: 0.9103
Epoch 250/350


Snapshot weight 0 shuffle 6 at epoch 250
Layer 11
Getting activations...


391/391 - 25s - loss: 0.1022 - accuracy: 0.9803 - val_loss: 0.4775 - val_accuracy: 0.9110
Epoch 251/350
391/391 - 25s - loss: 0.1046 - accuracy: 0.9792 - val_loss: 0.4764 - val_accuracy: 0.9115
Epoch 252/350
391/391 - 25s - loss: 0.1046 - accuracy: 0.9793 - val_loss: 0.4750 - val_accuracy: 0.9117
Epoch 253/350
391/391 - 25s - loss: 0.1001 - accuracy: 0.9809 - val_loss: 0.4765 - val_accuracy: 0.9115
Epoch 254/350
391/391 - 25s - loss: 0.1018 - accuracy: 0.9804 - val_loss: 0.4769 - val_accuracy: 0.9124
Epoch 255/350
391/391 - 24s - loss: 0.1018 - accuracy: 0.9799 - val_loss: 0.4789 - val_accuracy: 0.9113
Epoch 256/350
391/391 - 25s - loss: 0.0993 - accuracy: 0.9814 - val_loss: 0.4797 - val_accuracy: 0.9112
Epoch 257/350
391/391 - 25s - loss: 0.0997 - accuracy: 0.9808 - val_loss: 0.4811 - val_accuracy: 0.9110
Epoch 258/350
391/391 - 25s - loss: 0.0999 - accuracy: 0.9809 - val_loss: 0.4803 - val_accuracy: 0.9115
Epoch 259/350
391/391 - 25s - loss: 0.1008 - accuracy: 0.9801 - val_loss: 0.4816 - val_accuracy: 0.9117
Epoch 260/350
391/391 - 25s - loss: 0.1017 - accuracy: 0.9809 - val_loss: 0.4805 - val_accuracy: 0.9124
Epoch 261/350
391/391 - 25s - loss: 0.0998 - accuracy: 0.9806 - val_loss: 0.4835 - val_accuracy: 0.9108
Epoch 262/350
391/391 - 25s - loss: 0.0994 - accuracy: 0.9806 - val_loss: 0.4828 - val_accuracy: 0.9121
Epoch 263/350
391/391 - 25s - loss: 0.0984 - accuracy: 0.9810 - val_loss: 0.4836 - val_accuracy: 0.9117
Epoch 264/350
391/391 - 25s - loss: 0.1022 - accuracy: 0.9799 - val_loss: 0.4821 - val_accuracy: 0.9119
Epoch 265/350
391/391 - 25s - loss: 0.0988 - accuracy: 0.9815 - val_loss: 0.4817 - val_accuracy: 0.9112
Epoch 266/350
391/391 - 25s - loss: 0.0996 - accuracy: 0.9808 - val_loss: 0.4816 - val_accuracy: 0.9120
Epoch 267/350
391/391 - 25s - loss: 0.1021 - accuracy: 0.9799 - val_loss: 0.4792 - val_accuracy: 0.9127
Epoch 268/350
391/391 - 25s - loss: 0.0997 - accuracy: 0.9804 - val_loss: 0.4819 - val_accuracy: 0.9123
Epoch 269/350
391/391 - 25s - loss: 0.0992 - accuracy: 0.9812 - val_loss: 0.4808 - val_accuracy: 0.9126
Epoch 270/350
391/391 - 25s - loss: 0.1003 - accuracy: 0.9806 - val_loss: 0.4836 - val_accuracy: 0.9118
Epoch 271/350
391/391 - 25s - loss: 0.0996 - accuracy: 0.9812 - val_loss: 0.4843 - val_accuracy: 0.9126
Epoch 272/350
391/391 - 25s - loss: 0.0997 - accuracy: 0.9813 - val_loss: 0.4838 - val_accuracy: 0.9119
Epoch 273/350
391/391 - 25s - loss: 0.0998 - accuracy: 0.9813 - val_loss: 0.4833 - val_accuracy: 0.9124
Epoch 274/350
391/391 - 25s - loss: 0.0982 - accuracy: 0.9813 - val_loss: 0.4803 - val_accuracy: 0.9125
Epoch 275/350
391/391 - 25s - loss: 0.1018 - accuracy: 0.9807 - val_loss: 0.4813 - val_accuracy: 0.9118
Epoch 276/350
391/391 - 25s - loss: 0.1017 - accuracy: 0.9804 - val_loss: 0.4824 - val_accuracy: 0.9119
Epoch 277/350
391/391 - 25s - loss: 0.0993 - accuracy: 0.9805 - val_loss: 0.4822 - val_accuracy: 0.9120
Epoch 278/350
391/391 - 25s - loss: 0.1003 - accuracy: 0.9806 - val_loss: 0.4801 - val_accuracy: 0.9119
Epoch 279/350
391/391 - 25s - loss: 0.0978 - accuracy: 0.9815 - val_loss: 0.4822 - val_accuracy: 0.9117
Epoch 280/350
391/391 - 25s - loss: 0.0981 - accuracy: 0.9821 - val_loss: 0.4832 - val_accuracy: 0.9122
Epoch 281/350
391/391 - 25s - loss: 0.0970 - accuracy: 0.9817 - val_loss: 0.4859 - val_accuracy: 0.9122
Epoch 282/350
391/391 - 25s - loss: 0.0987 - accuracy: 0.9813 - val_loss: 0.4842 - val_accuracy: 0.9124
Epoch 283/350
391/391 - 25s - loss: 0.0989 - accuracy: 0.9814 - val_loss: 0.4811 - val_accuracy: 0.9118
Epoch 284/350
391/391 - 25s - loss: 0.0981 - accuracy: 0.9810 - val_loss: 0.4826 - val_accuracy: 0.9118
Epoch 285/350
391/391 - 25s - loss: 0.1005 - accuracy: 0.9805 - val_loss: 0.4839 - val_accuracy: 0.9120
Epoch 286/350
391/391 - 25s - loss: 0.1005 - accuracy: 0.9806 - val_loss: 0.4829 - val_accuracy: 0.9124
Epoch 287/350
391/391 - 25s - loss: 0.0997 - accuracy: 0.9808 - val_loss: 0.4817 - val_accuracy: 0.9122
Epoch 288/350
391/391 - 25s - loss: 0.0970 - accuracy: 0.9820 - val_loss: 0.4837 - val_accuracy: 0.9126
Epoch 289/350
391/391 - 25s - loss: 0.0985 - accuracy: 0.9811 - val_loss: 0.4821 - val_accuracy: 0.9125
Epoch 290/350
391/391 - 25s - loss: 0.0981 - accuracy: 0.9814 - val_loss: 0.4836 - val_accuracy: 0.9125
Epoch 291/350
391/391 - 25s - loss: 0.0995 - accuracy: 0.9808 - val_loss: 0.4835 - val_accuracy: 0.9126
Epoch 292/350
391/391 - 25s - loss: 0.0992 - accuracy: 0.9812 - val_loss: 0.4833 - val_accuracy: 0.9127
Epoch 293/350
391/391 - 25s - loss: 0.0993 - accuracy: 0.9810 - val_loss: 0.4844 - val_accuracy: 0.9126
Epoch 294/350
391/391 - 25s - loss: 0.0977 - accuracy: 0.9816 - val_loss: 0.4838 - val_accuracy: 0.9122
Epoch 295/350
391/391 - 25s - loss: 0.0977 - accuracy: 0.9820 - val_loss: 0.4849 - val_accuracy: 0.9116
Epoch 296/350
391/391 - 25s - loss: 0.0999 - accuracy: 0.9809 - val_loss: 0.4838 - val_accuracy: 0.9122
Epoch 297/350
391/391 - 25s - loss: 0.0991 - accuracy: 0.9811 - val_loss: 0.4843 - val_accuracy: 0.9125
Epoch 298/350
391/391 - 25s - loss: 0.0971 - accuracy: 0.9823 - val_loss: 0.4846 - val_accuracy: 0.9132
Epoch 299/350
391/391 - 25s - loss: 0.1004 - accuracy: 0.9808 - val_loss: 0.4833 - val_accuracy: 0.9129
Epoch 300/350


Snapshot weight 0 shuffle 6 at epoch 300
Layer 11
Getting activations...


391/391 - 25s - loss: 0.0987 - accuracy: 0.9814 - val_loss: 0.4828 - val_accuracy: 0.9130
Epoch 301/350
391/391 - 25s - loss: 0.0998 - accuracy: 0.9812 - val_loss: 0.4828 - val_accuracy: 0.9132
Epoch 302/350
391/391 - 25s - loss: 0.0972 - accuracy: 0.9817 - val_loss: 0.4832 - val_accuracy: 0.9129
Epoch 303/350
391/391 - 25s - loss: 0.1006 - accuracy: 0.9806 - val_loss: 0.4832 - val_accuracy: 0.9127
Epoch 304/350
391/391 - 25s - loss: 0.0998 - accuracy: 0.9811 - val_loss: 0.4834 - val_accuracy: 0.9130
Epoch 305/350
391/391 - 25s - loss: 0.0968 - accuracy: 0.9818 - val_loss: 0.4837 - val_accuracy: 0.9129
Epoch 306/350
391/391 - 25s - loss: 0.0974 - accuracy: 0.9815 - val_loss: 0.4839 - val_accuracy: 0.9132
Epoch 307/350
391/391 - 25s - loss: 0.0989 - accuracy: 0.9812 - val_loss: 0.4838 - val_accuracy: 0.9130
Epoch 308/350
391/391 - 25s - loss: 0.1006 - accuracy: 0.9807 - val_loss: 0.4837 - val_accuracy: 0.9126
Epoch 309/350
391/391 - 25s - loss: 0.0984 - accuracy: 0.9817 - val_loss: 0.4836 - val_accuracy: 0.9127
Epoch 310/350
391/391 - 25s - loss: 0.0983 - accuracy: 0.9813 - val_loss: 0.4833 - val_accuracy: 0.9127
Epoch 311/350
391/391 - 25s - loss: 0.0991 - accuracy: 0.9811 - val_loss: 0.4835 - val_accuracy: 0.9129
Epoch 312/350
391/391 - 25s - loss: 0.0972 - accuracy: 0.9822 - val_loss: 0.4833 - val_accuracy: 0.9130
Epoch 313/350
391/391 - 25s - loss: 0.0981 - accuracy: 0.9814 - val_loss: 0.4835 - val_accuracy: 0.9130
Epoch 314/350
391/391 - 25s - loss: 0.0960 - accuracy: 0.9829 - val_loss: 0.4833 - val_accuracy: 0.9129
Epoch 315/350
391/391 - 25s - loss: 0.0978 - accuracy: 0.9814 - val_loss: 0.4839 - val_accuracy: 0.9129
Epoch 316/350
391/391 - 25s - loss: 0.1001 - accuracy: 0.9810 - val_loss: 0.4838 - val_accuracy: 0.9132
Epoch 317/350
391/391 - 25s - loss: 0.0996 - accuracy: 0.9814 - val_loss: 0.4835 - val_accuracy: 0.9127
Epoch 318/350
391/391 - 25s - loss: 0.0984 - accuracy: 0.9816 - val_loss: 0.4838 - val_accuracy: 0.9130
Epoch 319/350
391/391 - 25s - loss: 0.0984 - accuracy: 0.9812 - val_loss: 0.4839 - val_accuracy: 0.9132
Epoch 320/350
391/391 - 25s - loss: 0.0988 - accuracy: 0.9815 - val_loss: 0.4842 - val_accuracy: 0.9131
Epoch 321/350
391/391 - 25s - loss: 0.0974 - accuracy: 0.9820 - val_loss: 0.4844 - val_accuracy: 0.9134
Epoch 322/350
391/391 - 25s - loss: 0.0978 - accuracy: 0.9815 - val_loss: 0.4845 - val_accuracy: 0.9133
Epoch 323/350
391/391 - 25s - loss: 0.1021 - accuracy: 0.9807 - val_loss: 0.4845 - val_accuracy: 0.9132
Epoch 324/350
391/391 - 25s - loss: 0.0984 - accuracy: 0.9814 - val_loss: 0.4840 - val_accuracy: 0.9132
Epoch 325/350
391/391 - 25s - loss: 0.0980 - accuracy: 0.9813 - val_loss: 0.4839 - val_accuracy: 0.9130
Epoch 326/350
391/391 - 25s - loss: 0.0987 - accuracy: 0.9815 - val_loss: 0.4835 - val_accuracy: 0.9134
Epoch 327/350
391/391 - 25s - loss: 0.0975 - accuracy: 0.9811 - val_loss: 0.4835 - val_accuracy: 0.9133
Epoch 328/350
391/391 - 25s - loss: 0.0999 - accuracy: 0.9812 - val_loss: 0.4835 - val_accuracy: 0.9129
Epoch 329/350
391/391 - 25s - loss: 0.0972 - accuracy: 0.9821 - val_loss: 0.4835 - val_accuracy: 0.9133
Epoch 330/350
391/391 - 25s - loss: 0.0985 - accuracy: 0.9816 - val_loss: 0.4835 - val_accuracy: 0.9134
Epoch 331/350
391/391 - 25s - loss: 0.0985 - accuracy: 0.9813 - val_loss: 0.4836 - val_accuracy: 0.9132
Epoch 332/350
391/391 - 24s - loss: 0.0996 - accuracy: 0.9803 - val_loss: 0.4836 - val_accuracy: 0.9134
Epoch 333/350
391/391 - 25s - loss: 0.0986 - accuracy: 0.9813 - val_loss: 0.4835 - val_accuracy: 0.9134
Epoch 334/350
391/391 - 25s - loss: 0.0972 - accuracy: 0.9822 - val_loss: 0.4836 - val_accuracy: 0.9134
Epoch 335/350
391/391 - 25s - loss: 0.0990 - accuracy: 0.9815 - val_loss: 0.4835 - val_accuracy: 0.9134
Epoch 336/350
391/391 - 25s - loss: 0.1005 - accuracy: 0.9806 - val_loss: 0.4833 - val_accuracy: 0.9136
Epoch 337/350
391/391 - 25s - loss: 0.0991 - accuracy: 0.9811 - val_loss: 0.4832 - val_accuracy: 0.9135
Epoch 338/350
391/391 - 25s - loss: 0.0989 - accuracy: 0.9810 - val_loss: 0.4833 - val_accuracy: 0.9136
Epoch 339/350
391/391 - 25s - loss: 0.0985 - accuracy: 0.9811 - val_loss: 0.4835 - val_accuracy: 0.9133
Epoch 340/350
391/391 - 25s - loss: 0.0995 - accuracy: 0.9810 - val_loss: 0.4838 - val_accuracy: 0.9134
Epoch 341/350
391/391 - 25s - loss: 0.0999 - accuracy: 0.9809 - val_loss: 0.4836 - val_accuracy: 0.9132
Epoch 342/350
391/391 - 25s - loss: 0.0968 - accuracy: 0.9815 - val_loss: 0.4839 - val_accuracy: 0.9130
Epoch 343/350
391/391 - 25s - loss: 0.0973 - accuracy: 0.9823 - val_loss: 0.4839 - val_accuracy: 0.9132
Epoch 344/350
391/391 - 25s - loss: 0.0993 - accuracy: 0.9807 - val_loss: 0.4843 - val_accuracy: 0.9132
Epoch 345/350
391/391 - 25s - loss: 0.0983 - accuracy: 0.9814 - val_loss: 0.4843 - val_accuracy: 0.9129
Epoch 346/350
391/391 - 25s - loss: 0.0985 - accuracy: 0.9815 - val_loss: 0.4842 - val_accuracy: 0.9131
Epoch 347/350
391/391 - 25s - loss: 0.1011 - accuracy: 0.9809 - val_loss: 0.4844 - val_accuracy: 0.9130
Epoch 348/350
391/391 - 25s - loss: 0.0980 - accuracy: 0.9815 - val_loss: 0.4840 - val_accuracy: 0.9131
Epoch 349/350
391/391 - 25s - loss: 0.0971 - accuracy: 0.9821 - val_loss: 0.4842 - val_accuracy: 0.9128
Epoch 350/350


Snapshot weight 0 shuffle 6 at epoch 350
Layer 11
Getting activations...


391/391 - 25s - loss: 0.1011 - accuracy: 0.9809 - val_loss: 0.4836 - val_accuracy: 0.9131
/usr/local/lib/python3.6/dist-packages/tensorflow/python/autograph/impl/api.py:493: UserWarning: fill_value is not supported and is always 0 for TensorFlow < 2.4.0.
  return py_builtins.overload_of(f)(*args)
WARNING:tensorflow:From /usr/local/lib/python3.6/dist-packages/tensorflow/python/training/tracking/tracking.py:111: Model.state_updates (from tensorflow.python.keras.engine.training) is deprecated and will be removed in a future version.
Instructions for updating:
This property should not be used in TensorFlow 2.0, as updates are applied automatically.
2021-07-02 12:08:58.295160: W tensorflow/python/util/util.cc:348] Sets are not currently considered sequences, but this may change in the future, so consider avoiding using them.
WARNING:tensorflow:From /usr/local/lib/python3.6/dist-packages/tensorflow/python/training/tracking/tracking.py:111: Layer.updates (from tensorflow.python.keras.engine.base_layer) is deprecated and will be removed in a future version.
Instructions for updating:
This property should not be used in TensorFlow 2.0, as updates are applied automatically.
Saving, final validation acc: 0.913100004196167
