2021-07-01 21:07:16.079051: I tensorflow/stream_executor/platform/default/dso_loader.cc:48] Successfully opened dynamic library libcudart.so.10.1
2021-07-01 21:10:09.052491: I tensorflow/stream_executor/platform/default/dso_loader.cc:48] Successfully opened dynamic library libcuda.so.1
2021-07-01 21:10:09.099689: I tensorflow/core/common_runtime/gpu/gpu_device.cc:1716] Found device 0 with properties: 
pciBusID: 0000:03:00.0 name: NVIDIA TITAN Xp computeCapability: 6.1
coreClock: 1.582GHz coreCount: 30 deviceMemorySize: 11.91GiB deviceMemoryBandwidth: 510.07GiB/s
2021-07-01 21:10:09.099761: I tensorflow/stream_executor/platform/default/dso_loader.cc:48] Successfully opened dynamic library libcudart.so.10.1
2021-07-01 21:10:09.138754: I tensorflow/stream_executor/platform/default/dso_loader.cc:48] Successfully opened dynamic library libcublas.so.10
2021-07-01 21:10:09.158561: I tensorflow/stream_executor/platform/default/dso_loader.cc:48] Successfully opened dynamic library libcufft.so.10
2021-07-01 21:10:09.166758: I tensorflow/stream_executor/platform/default/dso_loader.cc:48] Successfully opened dynamic library libcurand.so.10
2021-07-01 21:10:09.208659: I tensorflow/stream_executor/platform/default/dso_loader.cc:48] Successfully opened dynamic library libcusolver.so.10
2021-07-01 21:10:09.216839: I tensorflow/stream_executor/platform/default/dso_loader.cc:48] Successfully opened dynamic library libcusparse.so.10
2021-07-01 21:10:09.290797: I tensorflow/stream_executor/platform/default/dso_loader.cc:48] Successfully opened dynamic library libcudnn.so.7
2021-07-01 21:10:09.293233: I tensorflow/core/common_runtime/gpu/gpu_device.cc:1858] Adding visible gpu devices: 0
2021-07-01 21:10:09.296821: I tensorflow/core/platform/cpu_feature_guard.cc:142] This TensorFlow binary is optimized with oneAPI Deep Neural Network Library (oneDNN)to use the following CPU instructions in performance-critical operations:  AVX2 FMA
To enable them in other operations, rebuild TensorFlow with the appropriate compiler flags.
2021-07-01 21:10:09.312180: I tensorflow/core/platform/profile_utils/cpu_utils.cc:104] CPU Frequency: 2600075000 Hz
2021-07-01 21:10:09.312293: I tensorflow/compiler/xla/service/service.cc:168] XLA service 0x3ee4510 initialized for platform Host (this does not guarantee that XLA will be used). Devices:
2021-07-01 21:10:09.312311: I tensorflow/compiler/xla/service/service.cc:176]   StreamExecutor device (0): Host, Default Version
2021-07-01 21:10:09.466923: I tensorflow/compiler/xla/service/service.cc:168] XLA service 0x3ec5750 initialized for platform CUDA (this does not guarantee that XLA will be used). Devices:
2021-07-01 21:10:09.466983: I tensorflow/compiler/xla/service/service.cc:176]   StreamExecutor device (0): NVIDIA TITAN Xp, Compute Capability 6.1
2021-07-01 21:10:09.469318: I tensorflow/core/common_runtime/gpu/gpu_device.cc:1716] Found device 0 with properties: 
pciBusID: 0000:03:00.0 name: NVIDIA TITAN Xp computeCapability: 6.1
coreClock: 1.582GHz coreCount: 30 deviceMemorySize: 11.91GiB deviceMemoryBandwidth: 510.07GiB/s
2021-07-01 21:10:09.469357: I tensorflow/stream_executor/platform/default/dso_loader.cc:48] Successfully opened dynamic library libcudart.so.10.1
2021-07-01 21:10:09.469391: I tensorflow/stream_executor/platform/default/dso_loader.cc:48] Successfully opened dynamic library libcublas.so.10
2021-07-01 21:10:09.469410: I tensorflow/stream_executor/platform/default/dso_loader.cc:48] Successfully opened dynamic library libcufft.so.10
2021-07-01 21:10:09.469428: I tensorflow/stream_executor/platform/default/dso_loader.cc:48] Successfully opened dynamic library libcurand.so.10
2021-07-01 21:10:09.469445: I tensorflow/stream_executor/platform/default/dso_loader.cc:48] Successfully opened dynamic library libcusolver.so.10
2021-07-01 21:10:09.469463: I tensorflow/stream_executor/platform/default/dso_loader.cc:48] Successfully opened dynamic library libcusparse.so.10
2021-07-01 21:10:09.469480: I tensorflow/stream_executor/platform/default/dso_loader.cc:48] Successfully opened dynamic library libcudnn.so.7
2021-07-01 21:10:09.476518: I tensorflow/core/common_runtime/gpu/gpu_device.cc:1858] Adding visible gpu devices: 0
2021-07-01 21:10:09.478238: I tensorflow/stream_executor/platform/default/dso_loader.cc:48] Successfully opened dynamic library libcudart.so.10.1
2021-07-01 21:10:11.200611: I tensorflow/core/common_runtime/gpu/gpu_device.cc:1257] Device interconnect StreamExecutor with strength 1 edge matrix:
2021-07-01 21:10:11.200683: I tensorflow/core/common_runtime/gpu/gpu_device.cc:1263]      0 
2021-07-01 21:10:11.200695: I tensorflow/core/common_runtime/gpu/gpu_device.cc:1276] 0:   N 
2021-07-01 21:10:11.206491: I tensorflow/core/common_runtime/gpu/gpu_device.cc:1402] Created TensorFlow device (/job:localhost/replica:0/task:0/device:GPU:0 with 11218 MB memory) -> physical GPU (device: 0, name: NVIDIA TITAN Xp, pci bus id: 0000:03:00.0, compute capability: 6.1)
2021-07-01 21:10:16.830249: I tensorflow/stream_executor/platform/default/dso_loader.cc:48] Successfully opened dynamic library libcudnn.so.7
2021-07-01 21:10:19.260069: I tensorflow/stream_executor/platform/default/dso_loader.cc:48] Successfully opened dynamic library libcublas.so.10
Using model index: 19
Making train data...
GCN...
ZCA...
Done!
Making test data...
Done!
Epoch 1/350


Snapshot weight 9 shuffle 1 at epoch 1
Layer 11
Getting activations...


391/391 - 23s - loss: 2.3180 - accuracy: 0.1146 - val_loss: 2.3142 - val_accuracy: 0.1253
Epoch 2/350


Snapshot weight 9 shuffle 1 at epoch 2
Layer 11
Getting activations...


391/391 - 23s - loss: 2.1498 - accuracy: 0.2167 - val_loss: 1.9391 - val_accuracy: 0.3105
Epoch 3/350


Snapshot weight 9 shuffle 1 at epoch 3
Layer 11
Getting activations...


391/391 - 24s - loss: 1.8834 - accuracy: 0.3317 - val_loss: 1.6914 - val_accuracy: 0.3982
Epoch 4/350


Snapshot weight 9 shuffle 1 at epoch 4
Layer 11
Getting activations...


391/391 - 23s - loss: 1.5850 - accuracy: 0.4305 - val_loss: 1.4000 - val_accuracy: 0.4952
Epoch 5/350


Snapshot weight 9 shuffle 1 at epoch 5
Layer 11
Getting activations...


391/391 - 23s - loss: 1.4144 - accuracy: 0.4980 - val_loss: 1.2655 - val_accuracy: 0.5390
Epoch 6/350


Snapshot weight 9 shuffle 1 at epoch 6
Layer 11
Getting activations...


391/391 - 24s - loss: 1.2814 - accuracy: 0.5488 - val_loss: 1.2244 - val_accuracy: 0.5729
Epoch 7/350


Snapshot weight 9 shuffle 1 at epoch 7
Layer 11
Getting activations...


391/391 - 24s - loss: 1.1998 - accuracy: 0.5799 - val_loss: 1.0769 - val_accuracy: 0.6189
Epoch 8/350


Snapshot weight 9 shuffle 1 at epoch 8
Layer 11
Getting activations...


391/391 - 24s - loss: 1.1264 - accuracy: 0.6062 - val_loss: 1.0225 - val_accuracy: 0.6410
Epoch 9/350


Snapshot weight 9 shuffle 1 at epoch 9
Layer 11
Getting activations...


391/391 - 24s - loss: 1.0739 - accuracy: 0.6250 - val_loss: 1.0968 - val_accuracy: 0.6241
Epoch 10/350


Snapshot weight 9 shuffle 1 at epoch 10
Layer 11
Getting activations...


391/391 - 24s - loss: 1.0312 - accuracy: 0.6421 - val_loss: 1.0155 - val_accuracy: 0.6523
Epoch 11/350
391/391 - 24s - loss: 0.9863 - accuracy: 0.6612 - val_loss: 0.9393 - val_accuracy: 0.6804
Epoch 12/350
391/391 - 23s - loss: 0.9398 - accuracy: 0.6772 - val_loss: 1.0447 - val_accuracy: 0.6575
Epoch 13/350
391/391 - 24s - loss: 0.8896 - accuracy: 0.6947 - val_loss: 0.8805 - val_accuracy: 0.7029
Epoch 14/350
391/391 - 23s - loss: 0.8665 - accuracy: 0.7041 - val_loss: 1.0436 - val_accuracy: 0.6617
Epoch 15/350
391/391 - 23s - loss: 0.8291 - accuracy: 0.7159 - val_loss: 0.7752 - val_accuracy: 0.7445
Epoch 16/350
391/391 - 24s - loss: 0.8003 - accuracy: 0.7296 - val_loss: 0.7908 - val_accuracy: 0.7350
Epoch 17/350
391/391 - 23s - loss: 0.7680 - accuracy: 0.7401 - val_loss: 0.6999 - val_accuracy: 0.7642
Epoch 18/350
391/391 - 23s - loss: 0.7402 - accuracy: 0.7500 - val_loss: 0.8192 - val_accuracy: 0.7281
Epoch 19/350
391/391 - 24s - loss: 0.7162 - accuracy: 0.7589 - val_loss: 0.7525 - val_accuracy: 0.7572
Epoch 20/350
391/391 - 23s - loss: 0.7095 - accuracy: 0.7645 - val_loss: 0.6247 - val_accuracy: 0.7975
Epoch 21/350
391/391 - 24s - loss: 0.6767 - accuracy: 0.7733 - val_loss: 0.6188 - val_accuracy: 0.7952
Epoch 22/350
391/391 - 23s - loss: 0.6654 - accuracy: 0.7794 - val_loss: 0.6193 - val_accuracy: 0.7960
Epoch 23/350
391/391 - 24s - loss: 0.6391 - accuracy: 0.7880 - val_loss: 0.6366 - val_accuracy: 0.7895
Epoch 24/350
391/391 - 23s - loss: 0.6367 - accuracy: 0.7882 - val_loss: 0.5972 - val_accuracy: 0.8055
Epoch 25/350
391/391 - 23s - loss: 0.6152 - accuracy: 0.7944 - val_loss: 0.6706 - val_accuracy: 0.7905
Epoch 26/350
391/391 - 23s - loss: 0.6021 - accuracy: 0.7998 - val_loss: 0.5811 - val_accuracy: 0.8117
Epoch 27/350
391/391 - 23s - loss: 0.5858 - accuracy: 0.8076 - val_loss: 0.6528 - val_accuracy: 0.7973
Epoch 28/350
391/391 - 24s - loss: 0.5787 - accuracy: 0.8099 - val_loss: 0.5716 - val_accuracy: 0.8156
Epoch 29/350
391/391 - 23s - loss: 0.5632 - accuracy: 0.8159 - val_loss: 0.5218 - val_accuracy: 0.8332
Epoch 30/350
391/391 - 24s - loss: 0.5505 - accuracy: 0.8193 - val_loss: 0.5550 - val_accuracy: 0.8222
Epoch 31/350
391/391 - 23s - loss: 0.5457 - accuracy: 0.8195 - val_loss: 0.5729 - val_accuracy: 0.8192
Epoch 32/350
391/391 - 23s - loss: 0.5262 - accuracy: 0.8283 - val_loss: 0.5080 - val_accuracy: 0.8404
Epoch 33/350
391/391 - 24s - loss: 0.5230 - accuracy: 0.8279 - val_loss: 0.4989 - val_accuracy: 0.8363
Epoch 34/350
391/391 - 23s - loss: 0.5046 - accuracy: 0.8348 - val_loss: 0.5122 - val_accuracy: 0.8369
Epoch 35/350
391/391 - 23s - loss: 0.5094 - accuracy: 0.8323 - val_loss: 0.4801 - val_accuracy: 0.8462
Epoch 36/350
391/391 - 23s - loss: 0.4922 - accuracy: 0.8397 - val_loss: 0.5298 - val_accuracy: 0.8354
Epoch 37/350
391/391 - 23s - loss: 0.4909 - accuracy: 0.8406 - val_loss: 0.5245 - val_accuracy: 0.8334
Epoch 38/350
391/391 - 23s - loss: 0.4827 - accuracy: 0.8421 - val_loss: 0.5041 - val_accuracy: 0.8440
Epoch 39/350
391/391 - 23s - loss: 0.4725 - accuracy: 0.8464 - val_loss: 0.4949 - val_accuracy: 0.8439
Epoch 40/350
391/391 - 24s - loss: 0.4680 - accuracy: 0.8481 - val_loss: 0.4987 - val_accuracy: 0.8472
Epoch 41/350
391/391 - 23s - loss: 0.4557 - accuracy: 0.8513 - val_loss: 0.4688 - val_accuracy: 0.8514
Epoch 42/350
391/391 - 23s - loss: 0.4571 - accuracy: 0.8497 - val_loss: 0.4864 - val_accuracy: 0.8511
Epoch 43/350
391/391 - 23s - loss: 0.4477 - accuracy: 0.8547 - val_loss: 0.4697 - val_accuracy: 0.8547
Epoch 44/350
391/391 - 23s - loss: 0.4422 - accuracy: 0.8574 - val_loss: 0.4993 - val_accuracy: 0.8467
Epoch 45/350
391/391 - 23s - loss: 0.4305 - accuracy: 0.8599 - val_loss: 0.4605 - val_accuracy: 0.8584
Epoch 46/350
391/391 - 23s - loss: 0.4323 - accuracy: 0.8591 - val_loss: 0.4500 - val_accuracy: 0.8607
Epoch 47/350
391/391 - 23s - loss: 0.4228 - accuracy: 0.8634 - val_loss: 0.4660 - val_accuracy: 0.8604
Epoch 48/350
391/391 - 24s - loss: 0.4206 - accuracy: 0.8636 - val_loss: 0.4334 - val_accuracy: 0.8669
Epoch 49/350
391/391 - 23s - loss: 0.4148 - accuracy: 0.8662 - val_loss: 0.4599 - val_accuracy: 0.8588
Epoch 50/350


Snapshot weight 9 shuffle 1 at epoch 50
Layer 11
Getting activations...


391/391 - 24s - loss: 0.4067 - accuracy: 0.8694 - val_loss: 0.4685 - val_accuracy: 0.8568
Epoch 51/350
391/391 - 23s - loss: 0.4071 - accuracy: 0.8688 - val_loss: 0.4909 - val_accuracy: 0.8460
Epoch 52/350
391/391 - 23s - loss: 0.3969 - accuracy: 0.8722 - val_loss: 0.4376 - val_accuracy: 0.8670
Epoch 53/350
391/391 - 23s - loss: 0.3907 - accuracy: 0.8746 - val_loss: 0.4926 - val_accuracy: 0.8530
Epoch 54/350
391/391 - 23s - loss: 0.3903 - accuracy: 0.8748 - val_loss: 0.4427 - val_accuracy: 0.8675
Epoch 55/350
391/391 - 23s - loss: 0.3807 - accuracy: 0.8787 - val_loss: 0.4290 - val_accuracy: 0.8697
Epoch 56/350
391/391 - 23s - loss: 0.3834 - accuracy: 0.8773 - val_loss: 0.4387 - val_accuracy: 0.8699
Epoch 57/350
391/391 - 23s - loss: 0.3739 - accuracy: 0.8823 - val_loss: 0.4794 - val_accuracy: 0.8593
Epoch 58/350
391/391 - 23s - loss: 0.3755 - accuracy: 0.8791 - val_loss: 0.4434 - val_accuracy: 0.8668
Epoch 59/350
391/391 - 23s - loss: 0.3707 - accuracy: 0.8815 - val_loss: 0.4325 - val_accuracy: 0.8724
Epoch 60/350
391/391 - 23s - loss: 0.3640 - accuracy: 0.8835 - val_loss: 0.4374 - val_accuracy: 0.8739
Epoch 61/350
391/391 - 23s - loss: 0.3588 - accuracy: 0.8852 - val_loss: 0.4514 - val_accuracy: 0.8699
Epoch 62/350
391/391 - 24s - loss: 0.3608 - accuracy: 0.8848 - val_loss: 0.4312 - val_accuracy: 0.8700
Epoch 63/350
391/391 - 23s - loss: 0.3510 - accuracy: 0.8877 - val_loss: 0.4400 - val_accuracy: 0.8674
Epoch 64/350
391/391 - 23s - loss: 0.3498 - accuracy: 0.8889 - val_loss: 0.4248 - val_accuracy: 0.8749
Epoch 65/350
391/391 - 23s - loss: 0.3437 - accuracy: 0.8911 - val_loss: 0.4462 - val_accuracy: 0.8725
Epoch 66/350
391/391 - 23s - loss: 0.3418 - accuracy: 0.8926 - val_loss: 0.4175 - val_accuracy: 0.8749
Epoch 67/350
391/391 - 23s - loss: 0.3362 - accuracy: 0.8937 - val_loss: 0.4477 - val_accuracy: 0.8689
Epoch 68/350
391/391 - 23s - loss: 0.3392 - accuracy: 0.8924 - val_loss: 0.4167 - val_accuracy: 0.8738
Epoch 69/350
391/391 - 23s - loss: 0.3319 - accuracy: 0.8951 - val_loss: 0.4268 - val_accuracy: 0.8758
Epoch 70/350
391/391 - 24s - loss: 0.3331 - accuracy: 0.8949 - val_loss: 0.4080 - val_accuracy: 0.8776
Epoch 71/350
391/391 - 23s - loss: 0.3308 - accuracy: 0.8941 - val_loss: 0.4124 - val_accuracy: 0.8817
Epoch 72/350
391/391 - 24s - loss: 0.3236 - accuracy: 0.8976 - val_loss: 0.4891 - val_accuracy: 0.8581
Epoch 73/350
391/391 - 24s - loss: 0.3223 - accuracy: 0.8977 - val_loss: 0.4430 - val_accuracy: 0.8693
Epoch 74/350
391/391 - 23s - loss: 0.3220 - accuracy: 0.8997 - val_loss: 0.4249 - val_accuracy: 0.8790
Epoch 75/350
391/391 - 23s - loss: 0.3142 - accuracy: 0.9026 - val_loss: 0.4422 - val_accuracy: 0.8778
Epoch 76/350
391/391 - 23s - loss: 0.3118 - accuracy: 0.9023 - val_loss: 0.4160 - val_accuracy: 0.8822
Epoch 77/350
391/391 - 24s - loss: 0.3108 - accuracy: 0.9035 - val_loss: 0.4197 - val_accuracy: 0.8795
Epoch 78/350
391/391 - 23s - loss: 0.3056 - accuracy: 0.9046 - val_loss: 0.4263 - val_accuracy: 0.8791
Epoch 79/350
391/391 - 23s - loss: 0.3047 - accuracy: 0.9049 - val_loss: 0.4393 - val_accuracy: 0.8774
Epoch 80/350
391/391 - 23s - loss: 0.3074 - accuracy: 0.9042 - val_loss: 0.4663 - val_accuracy: 0.8731
Epoch 81/350
391/391 - 23s - loss: 0.3039 - accuracy: 0.9049 - val_loss: 0.4113 - val_accuracy: 0.8794
Epoch 82/350
391/391 - 23s - loss: 0.2962 - accuracy: 0.9077 - val_loss: 0.4115 - val_accuracy: 0.8814
Epoch 83/350
391/391 - 23s - loss: 0.2986 - accuracy: 0.9079 - val_loss: 0.4101 - val_accuracy: 0.8799
Epoch 84/350
391/391 - 23s - loss: 0.2942 - accuracy: 0.9095 - val_loss: 0.4401 - val_accuracy: 0.8782
Epoch 85/350
391/391 - 23s - loss: 0.2928 - accuracy: 0.9087 - val_loss: 0.4331 - val_accuracy: 0.8779
Epoch 86/350
391/391 - 23s - loss: 0.2902 - accuracy: 0.9112 - val_loss: 0.4115 - val_accuracy: 0.8835
Epoch 87/350
391/391 - 24s - loss: 0.2867 - accuracy: 0.9119 - val_loss: 0.4277 - val_accuracy: 0.8799
Epoch 88/350
391/391 - 23s - loss: 0.2915 - accuracy: 0.9102 - val_loss: 0.4177 - val_accuracy: 0.8798
Epoch 89/350
391/391 - 23s - loss: 0.2849 - accuracy: 0.9122 - val_loss: 0.4507 - val_accuracy: 0.8777
Epoch 90/350
391/391 - 23s - loss: 0.2810 - accuracy: 0.9130 - val_loss: 0.4733 - val_accuracy: 0.8734
Epoch 91/350
391/391 - 23s - loss: 0.2754 - accuracy: 0.9149 - val_loss: 0.4278 - val_accuracy: 0.8805
Epoch 92/350
391/391 - 23s - loss: 0.2723 - accuracy: 0.9173 - val_loss: 0.4163 - val_accuracy: 0.8849
Epoch 93/350
391/391 - 23s - loss: 0.2748 - accuracy: 0.9164 - val_loss: 0.4712 - val_accuracy: 0.8774
Epoch 94/350
391/391 - 23s - loss: 0.2710 - accuracy: 0.9187 - val_loss: 0.4580 - val_accuracy: 0.8796
Epoch 95/350
391/391 - 24s - loss: 0.2684 - accuracy: 0.9188 - val_loss: 0.4942 - val_accuracy: 0.8684
Epoch 96/350
391/391 - 23s - loss: 0.2686 - accuracy: 0.9180 - val_loss: 0.4036 - val_accuracy: 0.8834
Epoch 97/350
391/391 - 23s - loss: 0.2617 - accuracy: 0.9211 - val_loss: 0.4219 - val_accuracy: 0.8898
Epoch 98/350
391/391 - 23s - loss: 0.2622 - accuracy: 0.9205 - val_loss: 0.4083 - val_accuracy: 0.8893
Epoch 99/350
391/391 - 23s - loss: 0.2629 - accuracy: 0.9208 - val_loss: 0.4490 - val_accuracy: 0.8777
Epoch 100/350


Snapshot weight 9 shuffle 1 at epoch 100
Layer 11
Getting activations...


391/391 - 24s - loss: 0.2641 - accuracy: 0.9199 - val_loss: 0.4132 - val_accuracy: 0.8877
Epoch 101/350
391/391 - 23s - loss: 0.2558 - accuracy: 0.9217 - val_loss: 0.4240 - val_accuracy: 0.8879
Epoch 102/350
391/391 - 23s - loss: 0.2597 - accuracy: 0.9222 - val_loss: 0.4178 - val_accuracy: 0.8869
Epoch 103/350
391/391 - 24s - loss: 0.2601 - accuracy: 0.9211 - val_loss: 0.4172 - val_accuracy: 0.8861
Epoch 104/350
391/391 - 23s - loss: 0.2520 - accuracy: 0.9234 - val_loss: 0.4073 - val_accuracy: 0.8869
Epoch 105/350
391/391 - 24s - loss: 0.2518 - accuracy: 0.9256 - val_loss: 0.4161 - val_accuracy: 0.8882
Epoch 106/350
391/391 - 23s - loss: 0.2501 - accuracy: 0.9251 - val_loss: 0.4009 - val_accuracy: 0.8871
Epoch 107/350
391/391 - 24s - loss: 0.2481 - accuracy: 0.9254 - val_loss: 0.4057 - val_accuracy: 0.8871
Epoch 108/350
391/391 - 23s - loss: 0.2512 - accuracy: 0.9235 - val_loss: 0.4302 - val_accuracy: 0.8860
Epoch 109/350
391/391 - 23s - loss: 0.2449 - accuracy: 0.9269 - val_loss: 0.4173 - val_accuracy: 0.8880
Epoch 110/350
391/391 - 23s - loss: 0.2444 - accuracy: 0.9267 - val_loss: 0.4194 - val_accuracy: 0.8855
Epoch 111/350
391/391 - 23s - loss: 0.2477 - accuracy: 0.9255 - val_loss: 0.4176 - val_accuracy: 0.8845
Epoch 112/350
391/391 - 23s - loss: 0.2438 - accuracy: 0.9269 - val_loss: 0.4538 - val_accuracy: 0.8810
Epoch 113/350
391/391 - 23s - loss: 0.2392 - accuracy: 0.9294 - val_loss: 0.4365 - val_accuracy: 0.8872
Epoch 114/350
391/391 - 23s - loss: 0.2407 - accuracy: 0.9288 - val_loss: 0.4708 - val_accuracy: 0.8803
Epoch 115/350
391/391 - 23s - loss: 0.2402 - accuracy: 0.9284 - val_loss: 0.4203 - val_accuracy: 0.8879
Epoch 116/350
391/391 - 24s - loss: 0.2352 - accuracy: 0.9300 - val_loss: 0.4170 - val_accuracy: 0.8879
Epoch 117/350
391/391 - 23s - loss: 0.2395 - accuracy: 0.9286 - val_loss: 0.4057 - val_accuracy: 0.8925
Epoch 118/350
391/391 - 24s - loss: 0.2347 - accuracy: 0.9302 - val_loss: 0.4182 - val_accuracy: 0.8903
Epoch 119/350
391/391 - 23s - loss: 0.2345 - accuracy: 0.9307 - val_loss: 0.4333 - val_accuracy: 0.8894
Epoch 120/350
391/391 - 24s - loss: 0.2335 - accuracy: 0.9302 - val_loss: 0.4158 - val_accuracy: 0.8872
Epoch 121/350
391/391 - 23s - loss: 0.2260 - accuracy: 0.9327 - val_loss: 0.4474 - val_accuracy: 0.8879
Epoch 122/350
391/391 - 24s - loss: 0.2334 - accuracy: 0.9316 - val_loss: 0.4210 - val_accuracy: 0.8925
Epoch 123/350
391/391 - 23s - loss: 0.2283 - accuracy: 0.9343 - val_loss: 0.4524 - val_accuracy: 0.8903
Epoch 124/350
391/391 - 23s - loss: 0.2243 - accuracy: 0.9335 - val_loss: 0.4625 - val_accuracy: 0.8837
Epoch 125/350
391/391 - 23s - loss: 0.2248 - accuracy: 0.9348 - val_loss: 0.4051 - val_accuracy: 0.8925
Epoch 126/350
391/391 - 23s - loss: 0.2254 - accuracy: 0.9345 - val_loss: 0.4025 - val_accuracy: 0.8971
Epoch 127/350
391/391 - 23s - loss: 0.2236 - accuracy: 0.9349 - val_loss: 0.4267 - val_accuracy: 0.8927
Epoch 128/350
391/391 - 24s - loss: 0.2176 - accuracy: 0.9360 - val_loss: 0.4710 - val_accuracy: 0.8823
Epoch 129/350
391/391 - 23s - loss: 0.2204 - accuracy: 0.9369 - val_loss: 0.4225 - val_accuracy: 0.8910
Epoch 130/350
391/391 - 23s - loss: 0.2178 - accuracy: 0.9375 - val_loss: 0.4527 - val_accuracy: 0.8868
Epoch 131/350
391/391 - 24s - loss: 0.2195 - accuracy: 0.9359 - val_loss: 0.4136 - val_accuracy: 0.8926
Epoch 132/350
391/391 - 23s - loss: 0.2173 - accuracy: 0.9371 - val_loss: 0.4141 - val_accuracy: 0.8948
Epoch 133/350
391/391 - 23s - loss: 0.2198 - accuracy: 0.9367 - val_loss: 0.4605 - val_accuracy: 0.8859
Epoch 134/350
391/391 - 23s - loss: 0.2112 - accuracy: 0.9395 - val_loss: 0.4374 - val_accuracy: 0.8941
Epoch 135/350
391/391 - 24s - loss: 0.2130 - accuracy: 0.9389 - val_loss: 0.4498 - val_accuracy: 0.8869
Epoch 136/350
391/391 - 23s - loss: 0.2093 - accuracy: 0.9395 - val_loss: 0.4315 - val_accuracy: 0.8895
Epoch 137/350
391/391 - 23s - loss: 0.2147 - accuracy: 0.9396 - val_loss: 0.4293 - val_accuracy: 0.8910
Epoch 138/350
391/391 - 24s - loss: 0.2106 - accuracy: 0.9401 - val_loss: 0.4497 - val_accuracy: 0.8803
Epoch 139/350
391/391 - 23s - loss: 0.2057 - accuracy: 0.9418 - val_loss: 0.4470 - val_accuracy: 0.8888
Epoch 140/350
391/391 - 24s - loss: 0.2116 - accuracy: 0.9394 - val_loss: 0.4577 - val_accuracy: 0.8874
Epoch 141/350
391/391 - 23s - loss: 0.2094 - accuracy: 0.9409 - val_loss: 0.4541 - val_accuracy: 0.8858
Epoch 142/350
391/391 - 23s - loss: 0.2042 - accuracy: 0.9409 - val_loss: 0.4353 - val_accuracy: 0.8922
Epoch 143/350
391/391 - 23s - loss: 0.2056 - accuracy: 0.9415 - val_loss: 0.4410 - val_accuracy: 0.8901
Epoch 144/350
391/391 - 23s - loss: 0.2031 - accuracy: 0.9422 - val_loss: 0.4756 - val_accuracy: 0.8884
Epoch 145/350
391/391 - 23s - loss: 0.2029 - accuracy: 0.9427 - val_loss: 0.4503 - val_accuracy: 0.8940
Epoch 146/350
391/391 - 23s - loss: 0.2007 - accuracy: 0.9432 - val_loss: 0.4379 - val_accuracy: 0.8929
Epoch 147/350
391/391 - 23s - loss: 0.2066 - accuracy: 0.9409 - val_loss: 0.4546 - val_accuracy: 0.8892
Epoch 148/350
391/391 - 23s - loss: 0.2039 - accuracy: 0.9424 - val_loss: 0.4356 - val_accuracy: 0.8928
Epoch 149/350
391/391 - 23s - loss: 0.1989 - accuracy: 0.9439 - val_loss: 0.4375 - val_accuracy: 0.8928
Epoch 150/350


Snapshot weight 9 shuffle 1 at epoch 150
Layer 11
Getting activations...


391/391 - 24s - loss: 0.2004 - accuracy: 0.9446 - val_loss: 0.4777 - val_accuracy: 0.8855
Epoch 151/350
391/391 - 23s - loss: 0.1968 - accuracy: 0.9447 - val_loss: 0.4382 - val_accuracy: 0.8962
Epoch 152/350
391/391 - 23s - loss: 0.1959 - accuracy: 0.9451 - val_loss: 0.4404 - val_accuracy: 0.8931
Epoch 153/350
391/391 - 23s - loss: 0.1983 - accuracy: 0.9444 - val_loss: 0.4612 - val_accuracy: 0.8922
Epoch 154/350
391/391 - 23s - loss: 0.2004 - accuracy: 0.9435 - val_loss: 0.4462 - val_accuracy: 0.8904
Epoch 155/350
391/391 - 23s - loss: 0.1977 - accuracy: 0.9446 - val_loss: 0.4629 - val_accuracy: 0.8929
Epoch 156/350
391/391 - 23s - loss: 0.1964 - accuracy: 0.9450 - val_loss: 0.4520 - val_accuracy: 0.8883
Epoch 157/350
391/391 - 23s - loss: 0.1934 - accuracy: 0.9471 - val_loss: 0.4375 - val_accuracy: 0.8966
Epoch 158/350
391/391 - 23s - loss: 0.1904 - accuracy: 0.9476 - val_loss: 0.4599 - val_accuracy: 0.8930
Epoch 159/350
391/391 - 23s - loss: 0.1923 - accuracy: 0.9460 - val_loss: 0.4502 - val_accuracy: 0.8920
Epoch 160/350
391/391 - 23s - loss: 0.1956 - accuracy: 0.9456 - val_loss: 0.4464 - val_accuracy: 0.8939
Epoch 161/350
391/391 - 23s - loss: 0.1937 - accuracy: 0.9478 - val_loss: 0.4290 - val_accuracy: 0.8932
Epoch 162/350
391/391 - 23s - loss: 0.1922 - accuracy: 0.9460 - val_loss: 0.4501 - val_accuracy: 0.8905
Epoch 163/350
391/391 - 23s - loss: 0.1937 - accuracy: 0.9455 - val_loss: 0.4302 - val_accuracy: 0.8975
Epoch 164/350
391/391 - 23s - loss: 0.1847 - accuracy: 0.9498 - val_loss: 0.4278 - val_accuracy: 0.8979
Epoch 165/350
391/391 - 23s - loss: 0.1851 - accuracy: 0.9499 - val_loss: 0.4798 - val_accuracy: 0.8895
Epoch 166/350
391/391 - 23s - loss: 0.1849 - accuracy: 0.9505 - val_loss: 0.4434 - val_accuracy: 0.8980
Epoch 167/350
391/391 - 23s - loss: 0.1817 - accuracy: 0.9507 - val_loss: 0.4604 - val_accuracy: 0.8924
Epoch 168/350
391/391 - 23s - loss: 0.1852 - accuracy: 0.9503 - val_loss: 0.4681 - val_accuracy: 0.8905
Epoch 169/350
391/391 - 23s - loss: 0.1840 - accuracy: 0.9506 - val_loss: 0.4541 - val_accuracy: 0.8972
Epoch 170/350
391/391 - 24s - loss: 0.1865 - accuracy: 0.9485 - val_loss: 0.4420 - val_accuracy: 0.8932
Epoch 171/350
391/391 - 23s - loss: 0.1882 - accuracy: 0.9484 - val_loss: 0.4385 - val_accuracy: 0.8929
Epoch 172/350
391/391 - 23s - loss: 0.1822 - accuracy: 0.9506 - val_loss: 0.4458 - val_accuracy: 0.8940
Epoch 173/350
391/391 - 23s - loss: 0.1852 - accuracy: 0.9497 - val_loss: 0.4397 - val_accuracy: 0.8937
Epoch 174/350
391/391 - 23s - loss: 0.1766 - accuracy: 0.9532 - val_loss: 0.4752 - val_accuracy: 0.8889
Epoch 175/350
391/391 - 23s - loss: 0.1801 - accuracy: 0.9524 - val_loss: 0.4581 - val_accuracy: 0.8929
Epoch 176/350
391/391 - 24s - loss: 0.1809 - accuracy: 0.9512 - val_loss: 0.4675 - val_accuracy: 0.8945
Epoch 177/350
391/391 - 23s - loss: 0.1781 - accuracy: 0.9523 - val_loss: 0.4419 - val_accuracy: 0.8897
Epoch 178/350
391/391 - 23s - loss: 0.1747 - accuracy: 0.9541 - val_loss: 0.4680 - val_accuracy: 0.8927
Epoch 179/350
391/391 - 23s - loss: 0.1770 - accuracy: 0.9529 - val_loss: 0.4628 - val_accuracy: 0.8966
Epoch 180/350
391/391 - 23s - loss: 0.1764 - accuracy: 0.9538 - val_loss: 0.4459 - val_accuracy: 0.8939
Epoch 181/350
391/391 - 23s - loss: 0.1742 - accuracy: 0.9540 - val_loss: 0.4885 - val_accuracy: 0.8917
Epoch 182/350
391/391 - 23s - loss: 0.1814 - accuracy: 0.9513 - val_loss: 0.4480 - val_accuracy: 0.8913
Epoch 183/350
391/391 - 23s - loss: 0.1758 - accuracy: 0.9538 - val_loss: 0.4414 - val_accuracy: 0.8923
Epoch 184/350
391/391 - 23s - loss: 0.1755 - accuracy: 0.9528 - val_loss: 0.4647 - val_accuracy: 0.8920
Epoch 185/350
391/391 - 23s - loss: 0.1766 - accuracy: 0.9536 - val_loss: 0.4854 - val_accuracy: 0.8906
Epoch 186/350
391/391 - 24s - loss: 0.1719 - accuracy: 0.9552 - val_loss: 0.4600 - val_accuracy: 0.8975
Epoch 187/350
391/391 - 23s - loss: 0.1736 - accuracy: 0.9543 - val_loss: 0.4476 - val_accuracy: 0.8974
Epoch 188/350
391/391 - 23s - loss: 0.1695 - accuracy: 0.9559 - val_loss: 0.4686 - val_accuracy: 0.8961
Epoch 189/350
391/391 - 23s - loss: 0.1753 - accuracy: 0.9556 - val_loss: 0.4581 - val_accuracy: 0.8925
Epoch 190/350
391/391 - 24s - loss: 0.1700 - accuracy: 0.9560 - val_loss: 0.4459 - val_accuracy: 0.8973
Epoch 191/350
391/391 - 23s - loss: 0.1743 - accuracy: 0.9535 - val_loss: 0.4605 - val_accuracy: 0.8925
Epoch 192/350
391/391 - 23s - loss: 0.1702 - accuracy: 0.9558 - val_loss: 0.4461 - val_accuracy: 0.8968
Epoch 193/350
391/391 - 23s - loss: 0.1705 - accuracy: 0.9558 - val_loss: 0.4586 - val_accuracy: 0.8964
Epoch 194/350
391/391 - 23s - loss: 0.1689 - accuracy: 0.9563 - val_loss: 0.4457 - val_accuracy: 0.9011
Epoch 195/350
391/391 - 23s - loss: 0.1709 - accuracy: 0.9561 - val_loss: 0.4695 - val_accuracy: 0.8919
Epoch 196/350
391/391 - 23s - loss: 0.1695 - accuracy: 0.9559 - val_loss: 0.4537 - val_accuracy: 0.8989
Epoch 197/350
391/391 - 23s - loss: 0.1680 - accuracy: 0.9564 - val_loss: 0.4976 - val_accuracy: 0.8940
Epoch 198/350
391/391 - 23s - loss: 0.1670 - accuracy: 0.9572 - val_loss: 0.4796 - val_accuracy: 0.8935
Epoch 199/350
391/391 - 24s - loss: 0.1709 - accuracy: 0.9554 - val_loss: 0.4778 - val_accuracy: 0.8958
Epoch 200/350


Snapshot weight 9 shuffle 1 at epoch 200
Layer 11
Getting activations...


391/391 - 23s - loss: 0.1658 - accuracy: 0.9567 - val_loss: 0.4497 - val_accuracy: 0.9015
Epoch 201/350
391/391 - 23s - loss: 0.1430 - accuracy: 0.9669 - val_loss: 0.4552 - val_accuracy: 0.9025
Epoch 202/350
391/391 - 23s - loss: 0.1292 - accuracy: 0.9702 - val_loss: 0.4619 - val_accuracy: 0.9022
Epoch 203/350
391/391 - 23s - loss: 0.1243 - accuracy: 0.9730 - val_loss: 0.4599 - val_accuracy: 0.9056
Epoch 204/350
391/391 - 23s - loss: 0.1235 - accuracy: 0.9728 - val_loss: 0.4678 - val_accuracy: 0.9030
Epoch 205/350
391/391 - 24s - loss: 0.1216 - accuracy: 0.9728 - val_loss: 0.4749 - val_accuracy: 0.9041
Epoch 206/350
391/391 - 23s - loss: 0.1201 - accuracy: 0.9732 - val_loss: 0.4603 - val_accuracy: 0.9047
Epoch 207/350
391/391 - 23s - loss: 0.1179 - accuracy: 0.9748 - val_loss: 0.4538 - val_accuracy: 0.9041
Epoch 208/350
391/391 - 23s - loss: 0.1203 - accuracy: 0.9738 - val_loss: 0.4621 - val_accuracy: 0.9037
Epoch 209/350
391/391 - 23s - loss: 0.1179 - accuracy: 0.9748 - val_loss: 0.4625 - val_accuracy: 0.9056
Epoch 210/350
391/391 - 23s - loss: 0.1159 - accuracy: 0.9745 - val_loss: 0.4817 - val_accuracy: 0.9028
Epoch 211/350
391/391 - 23s - loss: 0.1136 - accuracy: 0.9756 - val_loss: 0.4747 - val_accuracy: 0.9056
Epoch 212/350
391/391 - 24s - loss: 0.1133 - accuracy: 0.9767 - val_loss: 0.4710 - val_accuracy: 0.9060
Epoch 213/350
391/391 - 23s - loss: 0.1149 - accuracy: 0.9759 - val_loss: 0.4660 - val_accuracy: 0.9060
Epoch 214/350
391/391 - 23s - loss: 0.1161 - accuracy: 0.9751 - val_loss: 0.4686 - val_accuracy: 0.9046
Epoch 215/350
391/391 - 23s - loss: 0.1147 - accuracy: 0.9749 - val_loss: 0.4743 - val_accuracy: 0.9050
Epoch 216/350
391/391 - 23s - loss: 0.1122 - accuracy: 0.9764 - val_loss: 0.4758 - val_accuracy: 0.9043
Epoch 217/350
391/391 - 23s - loss: 0.1142 - accuracy: 0.9761 - val_loss: 0.4728 - val_accuracy: 0.9052
Epoch 218/350
391/391 - 24s - loss: 0.1123 - accuracy: 0.9763 - val_loss: 0.4749 - val_accuracy: 0.9047
Epoch 219/350
391/391 - 23s - loss: 0.1123 - accuracy: 0.9760 - val_loss: 0.4847 - val_accuracy: 0.9065
Epoch 220/350
391/391 - 23s - loss: 0.1133 - accuracy: 0.9765 - val_loss: 0.4719 - val_accuracy: 0.9037
Epoch 221/350
391/391 - 23s - loss: 0.1123 - accuracy: 0.9767 - val_loss: 0.4740 - val_accuracy: 0.9061
Epoch 222/350
391/391 - 23s - loss: 0.1108 - accuracy: 0.9764 - val_loss: 0.4881 - val_accuracy: 0.9048
Epoch 223/350
391/391 - 23s - loss: 0.1103 - accuracy: 0.9770 - val_loss: 0.4828 - val_accuracy: 0.9057
Epoch 224/350
391/391 - 23s - loss: 0.1110 - accuracy: 0.9769 - val_loss: 0.4839 - val_accuracy: 0.9047
Epoch 225/350
391/391 - 23s - loss: 0.1124 - accuracy: 0.9768 - val_loss: 0.4882 - val_accuracy: 0.9054
Epoch 226/350
391/391 - 23s - loss: 0.1115 - accuracy: 0.9771 - val_loss: 0.4741 - val_accuracy: 0.9062
Epoch 227/350
391/391 - 23s - loss: 0.1129 - accuracy: 0.9764 - val_loss: 0.4798 - val_accuracy: 0.9029
Epoch 228/350
391/391 - 23s - loss: 0.1106 - accuracy: 0.9771 - val_loss: 0.4747 - val_accuracy: 0.9041
Epoch 229/350
391/391 - 23s - loss: 0.1091 - accuracy: 0.9768 - val_loss: 0.4900 - val_accuracy: 0.9043
Epoch 230/350
391/391 - 24s - loss: 0.1074 - accuracy: 0.9787 - val_loss: 0.4872 - val_accuracy: 0.9041
Epoch 231/350
391/391 - 23s - loss: 0.1067 - accuracy: 0.9790 - val_loss: 0.4915 - val_accuracy: 0.9045
Epoch 232/350
391/391 - 23s - loss: 0.1116 - accuracy: 0.9765 - val_loss: 0.4957 - val_accuracy: 0.9043
Epoch 233/350
391/391 - 23s - loss: 0.1073 - accuracy: 0.9785 - val_loss: 0.5025 - val_accuracy: 0.9053
Epoch 234/350
391/391 - 23s - loss: 0.1096 - accuracy: 0.9768 - val_loss: 0.4914 - val_accuracy: 0.9048
Epoch 235/350
391/391 - 23s - loss: 0.1064 - accuracy: 0.9791 - val_loss: 0.4933 - val_accuracy: 0.9046
Epoch 236/350
391/391 - 23s - loss: 0.1074 - accuracy: 0.9781 - val_loss: 0.4817 - val_accuracy: 0.9045
Epoch 237/350
391/391 - 23s - loss: 0.1068 - accuracy: 0.9788 - val_loss: 0.5012 - val_accuracy: 0.9052
Epoch 238/350
391/391 - 23s - loss: 0.1069 - accuracy: 0.9784 - val_loss: 0.4914 - val_accuracy: 0.9053
Epoch 239/350
391/391 - 23s - loss: 0.1088 - accuracy: 0.9782 - val_loss: 0.4931 - val_accuracy: 0.9075
Epoch 240/350
391/391 - 23s - loss: 0.1063 - accuracy: 0.9785 - val_loss: 0.4919 - val_accuracy: 0.9061
Epoch 241/350
391/391 - 23s - loss: 0.1060 - accuracy: 0.9784 - val_loss: 0.4919 - val_accuracy: 0.9077
Epoch 242/350
391/391 - 24s - loss: 0.1070 - accuracy: 0.9783 - val_loss: 0.4877 - val_accuracy: 0.9073
Epoch 243/350
391/391 - 23s - loss: 0.1084 - accuracy: 0.9775 - val_loss: 0.4887 - val_accuracy: 0.9063
Epoch 244/350
391/391 - 23s - loss: 0.1069 - accuracy: 0.9788 - val_loss: 0.4999 - val_accuracy: 0.9057
Epoch 245/350
391/391 - 23s - loss: 0.1074 - accuracy: 0.9783 - val_loss: 0.4923 - val_accuracy: 0.9054
Epoch 246/350
391/391 - 23s - loss: 0.1076 - accuracy: 0.9789 - val_loss: 0.4955 - val_accuracy: 0.9053
Epoch 247/350
391/391 - 23s - loss: 0.1042 - accuracy: 0.9795 - val_loss: 0.4864 - val_accuracy: 0.9052
Epoch 248/350
391/391 - 23s - loss: 0.1052 - accuracy: 0.9789 - val_loss: 0.4864 - val_accuracy: 0.9051
Epoch 249/350
391/391 - 23s - loss: 0.1043 - accuracy: 0.9789 - val_loss: 0.5054 - val_accuracy: 0.9060
Epoch 250/350


Snapshot weight 9 shuffle 1 at epoch 250
Layer 11
Getting activations...


391/391 - 23s - loss: 0.1069 - accuracy: 0.9788 - val_loss: 0.4926 - val_accuracy: 0.9068
Epoch 251/350
391/391 - 23s - loss: 0.1038 - accuracy: 0.9795 - val_loss: 0.4911 - val_accuracy: 0.9058
Epoch 252/350
391/391 - 23s - loss: 0.1012 - accuracy: 0.9800 - val_loss: 0.4911 - val_accuracy: 0.9069
Epoch 253/350
391/391 - 23s - loss: 0.1030 - accuracy: 0.9800 - val_loss: 0.4899 - val_accuracy: 0.9066
Epoch 254/350
391/391 - 23s - loss: 0.1012 - accuracy: 0.9808 - val_loss: 0.4916 - val_accuracy: 0.9071
Epoch 255/350
391/391 - 23s - loss: 0.1039 - accuracy: 0.9790 - val_loss: 0.4891 - val_accuracy: 0.9067
Epoch 256/350
391/391 - 24s - loss: 0.1034 - accuracy: 0.9792 - val_loss: 0.4902 - val_accuracy: 0.9058
Epoch 257/350
391/391 - 23s - loss: 0.1003 - accuracy: 0.9806 - val_loss: 0.4925 - val_accuracy: 0.9070
Epoch 258/350
391/391 - 23s - loss: 0.1018 - accuracy: 0.9798 - val_loss: 0.4949 - val_accuracy: 0.9070
Epoch 259/350
391/391 - 23s - loss: 0.1043 - accuracy: 0.9791 - val_loss: 0.4932 - val_accuracy: 0.9066
Epoch 260/350
391/391 - 23s - loss: 0.1011 - accuracy: 0.9811 - val_loss: 0.4938 - val_accuracy: 0.9068
Epoch 261/350
391/391 - 23s - loss: 0.1055 - accuracy: 0.9793 - val_loss: 0.4944 - val_accuracy: 0.9062
Epoch 262/350
391/391 - 23s - loss: 0.1016 - accuracy: 0.9804 - val_loss: 0.4954 - val_accuracy: 0.9064
Epoch 263/350
391/391 - 23s - loss: 0.1022 - accuracy: 0.9798 - val_loss: 0.4954 - val_accuracy: 0.9066
Epoch 264/350
391/391 - 23s - loss: 0.1022 - accuracy: 0.9800 - val_loss: 0.4926 - val_accuracy: 0.9070
Epoch 265/350
391/391 - 23s - loss: 0.1008 - accuracy: 0.9806 - val_loss: 0.4943 - val_accuracy: 0.9073
Epoch 266/350
391/391 - 23s - loss: 0.0995 - accuracy: 0.9812 - val_loss: 0.4946 - val_accuracy: 0.9062
Epoch 267/350
391/391 - 23s - loss: 0.1025 - accuracy: 0.9797 - val_loss: 0.4951 - val_accuracy: 0.9067
Epoch 268/350
391/391 - 23s - loss: 0.1015 - accuracy: 0.9803 - val_loss: 0.4952 - val_accuracy: 0.9070
Epoch 269/350
391/391 - 23s - loss: 0.1019 - accuracy: 0.9803 - val_loss: 0.4949 - val_accuracy: 0.9066
Epoch 270/350
391/391 - 24s - loss: 0.1003 - accuracy: 0.9803 - val_loss: 0.4963 - val_accuracy: 0.9071
Epoch 271/350
391/391 - 23s - loss: 0.1017 - accuracy: 0.9803 - val_loss: 0.4959 - val_accuracy: 0.9076
Epoch 272/350
391/391 - 23s - loss: 0.0990 - accuracy: 0.9813 - val_loss: 0.4969 - val_accuracy: 0.9071
Epoch 273/350
391/391 - 23s - loss: 0.1029 - accuracy: 0.9802 - val_loss: 0.4964 - val_accuracy: 0.9062
Epoch 274/350
391/391 - 23s - loss: 0.1015 - accuracy: 0.9803 - val_loss: 0.4960 - val_accuracy: 0.9068
Epoch 275/350
391/391 - 23s - loss: 0.1036 - accuracy: 0.9795 - val_loss: 0.4948 - val_accuracy: 0.9070
Epoch 276/350
391/391 - 23s - loss: 0.1014 - accuracy: 0.9804 - val_loss: 0.4956 - val_accuracy: 0.9066
Epoch 277/350
391/391 - 23s - loss: 0.1008 - accuracy: 0.9807 - val_loss: 0.4965 - val_accuracy: 0.9070
Epoch 278/350
391/391 - 23s - loss: 0.1015 - accuracy: 0.9802 - val_loss: 0.4966 - val_accuracy: 0.9067
Epoch 279/350
391/391 - 23s - loss: 0.1014 - accuracy: 0.9803 - val_loss: 0.4964 - val_accuracy: 0.9062
Epoch 280/350
391/391 - 23s - loss: 0.1023 - accuracy: 0.9803 - val_loss: 0.4938 - val_accuracy: 0.9068
Epoch 281/350
391/391 - 24s - loss: 0.1005 - accuracy: 0.9809 - val_loss: 0.4964 - val_accuracy: 0.9072
Epoch 282/350
391/391 - 23s - loss: 0.1033 - accuracy: 0.9798 - val_loss: 0.4954 - val_accuracy: 0.9073
Epoch 283/350
391/391 - 23s - loss: 0.0994 - accuracy: 0.9816 - val_loss: 0.4956 - val_accuracy: 0.9075
Epoch 284/350
391/391 - 23s - loss: 0.1012 - accuracy: 0.9803 - val_loss: 0.4971 - val_accuracy: 0.9068
Epoch 285/350
391/391 - 23s - loss: 0.1023 - accuracy: 0.9798 - val_loss: 0.4943 - val_accuracy: 0.9072
Epoch 286/350
391/391 - 23s - loss: 0.0976 - accuracy: 0.9821 - val_loss: 0.4953 - val_accuracy: 0.9069
Epoch 287/350
391/391 - 23s - loss: 0.1017 - accuracy: 0.9801 - val_loss: 0.4961 - val_accuracy: 0.9069
Epoch 288/350
391/391 - 23s - loss: 0.1009 - accuracy: 0.9806 - val_loss: 0.4937 - val_accuracy: 0.9075
Epoch 289/350
391/391 - 23s - loss: 0.0997 - accuracy: 0.9805 - val_loss: 0.4963 - val_accuracy: 0.9068
Epoch 290/350
391/391 - 23s - loss: 0.1010 - accuracy: 0.9809 - val_loss: 0.4965 - val_accuracy: 0.9074
Epoch 291/350
391/391 - 24s - loss: 0.0992 - accuracy: 0.9805 - val_loss: 0.4975 - val_accuracy: 0.9070
Epoch 292/350
391/391 - 23s - loss: 0.1002 - accuracy: 0.9810 - val_loss: 0.4989 - val_accuracy: 0.9075
Epoch 293/350
391/391 - 23s - loss: 0.1030 - accuracy: 0.9800 - val_loss: 0.4987 - val_accuracy: 0.9064
Epoch 294/350
391/391 - 24s - loss: 0.1005 - accuracy: 0.9808 - val_loss: 0.4985 - val_accuracy: 0.9066
Epoch 295/350
391/391 - 24s - loss: 0.1011 - accuracy: 0.9800 - val_loss: 0.4977 - val_accuracy: 0.9074
Epoch 296/350
391/391 - 23s - loss: 0.1022 - accuracy: 0.9803 - val_loss: 0.4963 - val_accuracy: 0.9073
Epoch 297/350
391/391 - 24s - loss: 0.1005 - accuracy: 0.9808 - val_loss: 0.4967 - val_accuracy: 0.9073
Epoch 298/350
391/391 - 23s - loss: 0.1001 - accuracy: 0.9812 - val_loss: 0.4971 - val_accuracy: 0.9079
Epoch 299/350
391/391 - 23s - loss: 0.1010 - accuracy: 0.9802 - val_loss: 0.4976 - val_accuracy: 0.9074
Epoch 300/350


Snapshot weight 9 shuffle 1 at epoch 300
Layer 11
Getting activations...


391/391 - 23s - loss: 0.1006 - accuracy: 0.9808 - val_loss: 0.4980 - val_accuracy: 0.9070
Epoch 301/350
391/391 - 23s - loss: 0.0992 - accuracy: 0.9810 - val_loss: 0.4983 - val_accuracy: 0.9070
Epoch 302/350
391/391 - 24s - loss: 0.0994 - accuracy: 0.9812 - val_loss: 0.4984 - val_accuracy: 0.9070
Epoch 303/350
391/391 - 23s - loss: 0.1023 - accuracy: 0.9808 - val_loss: 0.4982 - val_accuracy: 0.9070
Epoch 304/350
391/391 - 23s - loss: 0.1006 - accuracy: 0.9806 - val_loss: 0.4981 - val_accuracy: 0.9072
Epoch 305/350
391/391 - 23s - loss: 0.0999 - accuracy: 0.9811 - val_loss: 0.4984 - val_accuracy: 0.9072
Epoch 306/350
391/391 - 23s - loss: 0.1001 - accuracy: 0.9803 - val_loss: 0.4982 - val_accuracy: 0.9074
Epoch 307/350
391/391 - 23s - loss: 0.1022 - accuracy: 0.9800 - val_loss: 0.4981 - val_accuracy: 0.9072
Epoch 308/350
391/391 - 23s - loss: 0.0994 - accuracy: 0.9807 - val_loss: 0.4979 - val_accuracy: 0.9069
Epoch 309/350
391/391 - 23s - loss: 0.0970 - accuracy: 0.9818 - val_loss: 0.4984 - val_accuracy: 0.9070
Epoch 310/350
391/391 - 23s - loss: 0.0988 - accuracy: 0.9810 - val_loss: 0.4986 - val_accuracy: 0.9075
Epoch 311/350
391/391 - 23s - loss: 0.1003 - accuracy: 0.9808 - val_loss: 0.4987 - val_accuracy: 0.9073
Epoch 312/350
391/391 - 23s - loss: 0.0999 - accuracy: 0.9810 - val_loss: 0.4990 - val_accuracy: 0.9071
Epoch 313/350
391/391 - 23s - loss: 0.0983 - accuracy: 0.9818 - val_loss: 0.4989 - val_accuracy: 0.9066
Epoch 314/350
391/391 - 23s - loss: 0.0997 - accuracy: 0.9807 - val_loss: 0.4989 - val_accuracy: 0.9073
Epoch 315/350
391/391 - 23s - loss: 0.0988 - accuracy: 0.9818 - val_loss: 0.4988 - val_accuracy: 0.9069
Epoch 316/350
391/391 - 23s - loss: 0.0995 - accuracy: 0.9813 - val_loss: 0.4990 - val_accuracy: 0.9069
Epoch 317/350
391/391 - 24s - loss: 0.1009 - accuracy: 0.9807 - val_loss: 0.4988 - val_accuracy: 0.9072
Epoch 318/350
391/391 - 23s - loss: 0.1006 - accuracy: 0.9811 - val_loss: 0.4987 - val_accuracy: 0.9068
Epoch 319/350
391/391 - 23s - loss: 0.0994 - accuracy: 0.9811 - val_loss: 0.4990 - val_accuracy: 0.9070
Epoch 320/350
391/391 - 23s - loss: 0.0991 - accuracy: 0.9812 - val_loss: 0.4990 - val_accuracy: 0.9072
Epoch 321/350
391/391 - 23s - loss: 0.0986 - accuracy: 0.9810 - val_loss: 0.4990 - val_accuracy: 0.9070
Epoch 322/350
391/391 - 23s - loss: 0.1016 - accuracy: 0.9805 - val_loss: 0.4989 - val_accuracy: 0.9067
Epoch 323/350
391/391 - 23s - loss: 0.1015 - accuracy: 0.9806 - val_loss: 0.4988 - val_accuracy: 0.9071
Epoch 324/350
391/391 - 23s - loss: 0.1009 - accuracy: 0.9804 - val_loss: 0.4986 - val_accuracy: 0.9071
Epoch 325/350
391/391 - 23s - loss: 0.1011 - accuracy: 0.9799 - val_loss: 0.4985 - val_accuracy: 0.9070
Epoch 326/350
391/391 - 23s - loss: 0.1020 - accuracy: 0.9798 - val_loss: 0.4984 - val_accuracy: 0.9068
Epoch 327/350
391/391 - 23s - loss: 0.1025 - accuracy: 0.9796 - val_loss: 0.4982 - val_accuracy: 0.9067
Epoch 328/350
391/391 - 23s - loss: 0.1024 - accuracy: 0.9803 - val_loss: 0.4983 - val_accuracy: 0.9066
Epoch 329/350
391/391 - 23s - loss: 0.0974 - accuracy: 0.9812 - val_loss: 0.4985 - val_accuracy: 0.9071
Epoch 330/350
391/391 - 23s - loss: 0.1014 - accuracy: 0.9804 - val_loss: 0.4982 - val_accuracy: 0.9071
Epoch 331/350
391/391 - 23s - loss: 0.1007 - accuracy: 0.9802 - val_loss: 0.4982 - val_accuracy: 0.9068
Epoch 332/350
391/391 - 23s - loss: 0.1014 - accuracy: 0.9804 - val_loss: 0.4983 - val_accuracy: 0.9067
Epoch 333/350
391/391 - 23s - loss: 0.0999 - accuracy: 0.9809 - val_loss: 0.4981 - val_accuracy: 0.9068
Epoch 334/350
391/391 - 23s - loss: 0.1009 - accuracy: 0.9805 - val_loss: 0.4983 - val_accuracy: 0.9067
Epoch 335/350
391/391 - 23s - loss: 0.1004 - accuracy: 0.9807 - val_loss: 0.4985 - val_accuracy: 0.9068
Epoch 336/350
391/391 - 23s - loss: 0.0993 - accuracy: 0.9810 - val_loss: 0.4984 - val_accuracy: 0.9067
Epoch 337/350
391/391 - 23s - loss: 0.1008 - accuracy: 0.9809 - val_loss: 0.4984 - val_accuracy: 0.9069
Epoch 338/350
391/391 - 23s - loss: 0.1013 - accuracy: 0.9805 - val_loss: 0.4982 - val_accuracy: 0.9071
Epoch 339/350
391/391 - 23s - loss: 0.1019 - accuracy: 0.9804 - val_loss: 0.4979 - val_accuracy: 0.9066
Epoch 340/350
391/391 - 23s - loss: 0.1007 - accuracy: 0.9802 - val_loss: 0.4980 - val_accuracy: 0.9069
Epoch 341/350
391/391 - 23s - loss: 0.0981 - accuracy: 0.9812 - val_loss: 0.4980 - val_accuracy: 0.9072
Epoch 342/350
391/391 - 23s - loss: 0.1005 - accuracy: 0.9811 - val_loss: 0.4982 - val_accuracy: 0.9070
Epoch 343/350
391/391 - 24s - loss: 0.1017 - accuracy: 0.9800 - val_loss: 0.4979 - val_accuracy: 0.9070
Epoch 344/350
391/391 - 23s - loss: 0.1011 - accuracy: 0.9809 - val_loss: 0.4982 - val_accuracy: 0.9065
Epoch 345/350
391/391 - 23s - loss: 0.1004 - accuracy: 0.9812 - val_loss: 0.4980 - val_accuracy: 0.9068
Epoch 346/350
391/391 - 23s - loss: 0.0989 - accuracy: 0.9807 - val_loss: 0.4980 - val_accuracy: 0.9065
Epoch 347/350
391/391 - 23s - loss: 0.0989 - accuracy: 0.9811 - val_loss: 0.4979 - val_accuracy: 0.9068
Epoch 348/350
391/391 - 23s - loss: 0.1011 - accuracy: 0.9799 - val_loss: 0.4981 - val_accuracy: 0.9069
Epoch 349/350
391/391 - 23s - loss: 0.1013 - accuracy: 0.9806 - val_loss: 0.4983 - val_accuracy: 0.9068
Epoch 350/350


Snapshot weight 9 shuffle 1 at epoch 350
Layer 11
Getting activations...


391/391 - 23s - loss: 0.1009 - accuracy: 0.9798 - val_loss: 0.4983 - val_accuracy: 0.9068
/usr/local/lib/python3.6/dist-packages/tensorflow/python/autograph/impl/api.py:493: UserWarning: fill_value is not supported and is always 0 for TensorFlow < 2.4.0.
  return py_builtins.overload_of(f)(*args)
WARNING:tensorflow:From /usr/local/lib/python3.6/dist-packages/tensorflow/python/training/tracking/tracking.py:111: Model.state_updates (from tensorflow.python.keras.engine.training) is deprecated and will be removed in a future version.
Instructions for updating:
This property should not be used in TensorFlow 2.0, as updates are applied automatically.
2021-07-01 23:33:18.377041: W tensorflow/python/util/util.cc:348] Sets are not currently considered sequences, but this may change in the future, so consider avoiding using them.
WARNING:tensorflow:From /usr/local/lib/python3.6/dist-packages/tensorflow/python/training/tracking/tracking.py:111: Layer.updates (from tensorflow.python.keras.engine.base_layer) is deprecated and will be removed in a future version.
Instructions for updating:
This property should not be used in TensorFlow 2.0, as updates are applied automatically.
Saving, final validation acc: 0.9067999720573425
