2021-07-02 09:24:57.025789: I tensorflow/stream_executor/platform/default/dso_loader.cc:48] Successfully opened dynamic library libcudart.so.10.1
2021-07-02 09:26:21.388819: I tensorflow/stream_executor/platform/default/dso_loader.cc:48] Successfully opened dynamic library libcuda.so.1
2021-07-02 09:26:21.422878: I tensorflow/core/common_runtime/gpu/gpu_device.cc:1716] Found device 0 with properties: 
pciBusID: 0000:02:00.0 name: NVIDIA TITAN Xp computeCapability: 6.1
coreClock: 1.582GHz coreCount: 30 deviceMemorySize: 11.91GiB deviceMemoryBandwidth: 510.07GiB/s
2021-07-02 09:26:21.422958: I tensorflow/stream_executor/platform/default/dso_loader.cc:48] Successfully opened dynamic library libcudart.so.10.1
2021-07-02 09:26:21.464243: I tensorflow/stream_executor/platform/default/dso_loader.cc:48] Successfully opened dynamic library libcublas.so.10
2021-07-02 09:26:21.485156: I tensorflow/stream_executor/platform/default/dso_loader.cc:48] Successfully opened dynamic library libcufft.so.10
2021-07-02 09:26:21.493668: I tensorflow/stream_executor/platform/default/dso_loader.cc:48] Successfully opened dynamic library libcurand.so.10
2021-07-02 09:26:21.539282: I tensorflow/stream_executor/platform/default/dso_loader.cc:48] Successfully opened dynamic library libcusolver.so.10
2021-07-02 09:26:21.548305: I tensorflow/stream_executor/platform/default/dso_loader.cc:48] Successfully opened dynamic library libcusparse.so.10
2021-07-02 09:26:21.625851: I tensorflow/stream_executor/platform/default/dso_loader.cc:48] Successfully opened dynamic library libcudnn.so.7
2021-07-02 09:26:21.629874: I tensorflow/core/common_runtime/gpu/gpu_device.cc:1858] Adding visible gpu devices: 0
2021-07-02 09:26:21.633645: I tensorflow/core/platform/cpu_feature_guard.cc:142] This TensorFlow binary is optimized with oneAPI Deep Neural Network Library (oneDNN)to use the following CPU instructions in performance-critical operations:  AVX2 FMA
To enable them in other operations, rebuild TensorFlow with the appropriate compiler flags.
2021-07-02 09:26:21.649847: I tensorflow/core/platform/profile_utils/cpu_utils.cc:104] CPU Frequency: 2600075000 Hz
2021-07-02 09:26:21.650009: I tensorflow/compiler/xla/service/service.cc:168] XLA service 0x464c420 initialized for platform Host (this does not guarantee that XLA will be used). Devices:
2021-07-02 09:26:21.650030: I tensorflow/compiler/xla/service/service.cc:176]   StreamExecutor device (0): Host, Default Version
2021-07-02 09:26:21.822049: I tensorflow/compiler/xla/service/service.cc:168] XLA service 0x462c550 initialized for platform CUDA (this does not guarantee that XLA will be used). Devices:
2021-07-02 09:26:21.822143: I tensorflow/compiler/xla/service/service.cc:176]   StreamExecutor device (0): NVIDIA TITAN Xp, Compute Capability 6.1
2021-07-02 09:26:21.824718: I tensorflow/core/common_runtime/gpu/gpu_device.cc:1716] Found device 0 with properties: 
pciBusID: 0000:02:00.0 name: NVIDIA TITAN Xp computeCapability: 6.1
coreClock: 1.582GHz coreCount: 30 deviceMemorySize: 11.91GiB deviceMemoryBandwidth: 510.07GiB/s
2021-07-02 09:26:21.824777: I tensorflow/stream_executor/platform/default/dso_loader.cc:48] Successfully opened dynamic library libcudart.so.10.1
2021-07-02 09:26:21.824807: I tensorflow/stream_executor/platform/default/dso_loader.cc:48] Successfully opened dynamic library libcublas.so.10
2021-07-02 09:26:21.824824: I tensorflow/stream_executor/platform/default/dso_loader.cc:48] Successfully opened dynamic library libcufft.so.10
2021-07-02 09:26:21.824840: I tensorflow/stream_executor/platform/default/dso_loader.cc:48] Successfully opened dynamic library libcurand.so.10
2021-07-02 09:26:21.824856: I tensorflow/stream_executor/platform/default/dso_loader.cc:48] Successfully opened dynamic library libcusolver.so.10
2021-07-02 09:26:21.824872: I tensorflow/stream_executor/platform/default/dso_loader.cc:48] Successfully opened dynamic library libcusparse.so.10
2021-07-02 09:26:21.824888: I tensorflow/stream_executor/platform/default/dso_loader.cc:48] Successfully opened dynamic library libcudnn.so.7
2021-07-02 09:26:21.827793: I tensorflow/core/common_runtime/gpu/gpu_device.cc:1858] Adding visible gpu devices: 0
2021-07-02 09:26:21.829781: I tensorflow/stream_executor/platform/default/dso_loader.cc:48] Successfully opened dynamic library libcudart.so.10.1
2021-07-02 09:26:23.720933: I tensorflow/core/common_runtime/gpu/gpu_device.cc:1257] Device interconnect StreamExecutor with strength 1 edge matrix:
2021-07-02 09:26:23.721013: I tensorflow/core/common_runtime/gpu/gpu_device.cc:1263]      0 
2021-07-02 09:26:23.721026: I tensorflow/core/common_runtime/gpu/gpu_device.cc:1276] 0:   N 
2021-07-02 09:26:23.727173: I tensorflow/core/common_runtime/gpu/gpu_device.cc:1402] Created TensorFlow device (/job:localhost/replica:0/task:0/device:GPU:0 with 11218 MB memory) -> physical GPU (device: 0, name: NVIDIA TITAN Xp, pci bus id: 0000:02:00.0, compute capability: 6.1)
2021-07-02 09:26:29.762326: I tensorflow/stream_executor/platform/default/dso_loader.cc:48] Successfully opened dynamic library libcudnn.so.7
2021-07-02 09:26:32.409363: I tensorflow/stream_executor/platform/default/dso_loader.cc:48] Successfully opened dynamic library libcublas.so.10
Using model index: 58
Making train data...
GCN...
ZCA...
Done!
Making test data...
Done!
Epoch 1/350


Snapshot weight 8 shuffle 5 at epoch 1
Layer 11
Getting activations...


391/391 - 24s - loss: 2.3216 - accuracy: 0.1247 - val_loss: 2.2876 - val_accuracy: 0.1612
Epoch 2/350


Snapshot weight 8 shuffle 5 at epoch 2
Layer 11
Getting activations...


391/391 - 23s - loss: 2.1912 - accuracy: 0.1990 - val_loss: 1.9596 - val_accuracy: 0.2891
Epoch 3/350


Snapshot weight 8 shuffle 5 at epoch 3
Layer 11
Getting activations...


391/391 - 23s - loss: 1.9153 - accuracy: 0.3136 - val_loss: 1.8866 - val_accuracy: 0.3555
Epoch 4/350


Snapshot weight 8 shuffle 5 at epoch 4
Layer 11
Getting activations...


391/391 - 23s - loss: 1.7336 - accuracy: 0.4030 - val_loss: 1.5662 - val_accuracy: 0.4864
Epoch 5/350


Snapshot weight 8 shuffle 5 at epoch 5
Layer 11
Getting activations...


391/391 - 23s - loss: 1.5958 - accuracy: 0.4637 - val_loss: 1.5753 - val_accuracy: 0.4856
Epoch 6/350


Snapshot weight 8 shuffle 5 at epoch 6
Layer 11
Getting activations...


391/391 - 24s - loss: 1.4141 - accuracy: 0.5180 - val_loss: 1.3138 - val_accuracy: 0.5503
Epoch 7/350


Snapshot weight 8 shuffle 5 at epoch 7
Layer 11
Getting activations...


391/391 - 24s - loss: 1.2887 - accuracy: 0.5469 - val_loss: 1.2177 - val_accuracy: 0.5809
Epoch 8/350


Snapshot weight 8 shuffle 5 at epoch 8
Layer 11
Getting activations...


391/391 - 24s - loss: 1.2048 - accuracy: 0.5801 - val_loss: 1.1747 - val_accuracy: 0.5985
Epoch 9/350


Snapshot weight 8 shuffle 5 at epoch 9
Layer 11
Getting activations...


391/391 - 24s - loss: 1.1327 - accuracy: 0.6049 - val_loss: 1.1162 - val_accuracy: 0.6316
Epoch 10/350


Snapshot weight 8 shuffle 5 at epoch 10
Layer 11
Getting activations...


391/391 - 24s - loss: 1.0722 - accuracy: 0.6265 - val_loss: 1.0183 - val_accuracy: 0.6532
Epoch 11/350
391/391 - 23s - loss: 1.0290 - accuracy: 0.6430 - val_loss: 1.0436 - val_accuracy: 0.6585
Epoch 12/350
391/391 - 24s - loss: 0.9890 - accuracy: 0.6573 - val_loss: 1.0249 - val_accuracy: 0.6574
Epoch 13/350
391/391 - 24s - loss: 0.9471 - accuracy: 0.6744 - val_loss: 0.9022 - val_accuracy: 0.6905
Epoch 14/350
391/391 - 23s - loss: 0.9215 - accuracy: 0.6823 - val_loss: 0.9145 - val_accuracy: 0.6944
Epoch 15/350
391/391 - 24s - loss: 0.8850 - accuracy: 0.6973 - val_loss: 0.9050 - val_accuracy: 0.6969
Epoch 16/350
391/391 - 24s - loss: 0.8545 - accuracy: 0.7084 - val_loss: 0.8301 - val_accuracy: 0.7179
Epoch 17/350
391/391 - 24s - loss: 0.8246 - accuracy: 0.7206 - val_loss: 0.8124 - val_accuracy: 0.7308
Epoch 18/350
391/391 - 24s - loss: 0.7826 - accuracy: 0.7353 - val_loss: 0.7719 - val_accuracy: 0.7416
Epoch 19/350
391/391 - 23s - loss: 0.7644 - accuracy: 0.7430 - val_loss: 0.7501 - val_accuracy: 0.7514
Epoch 20/350
391/391 - 23s - loss: 0.7338 - accuracy: 0.7520 - val_loss: 0.6984 - val_accuracy: 0.7628
Epoch 21/350
391/391 - 24s - loss: 0.7180 - accuracy: 0.7564 - val_loss: 0.7660 - val_accuracy: 0.7561
Epoch 22/350
391/391 - 24s - loss: 0.6973 - accuracy: 0.7660 - val_loss: 0.6899 - val_accuracy: 0.7723
Epoch 23/350
391/391 - 24s - loss: 0.6715 - accuracy: 0.7765 - val_loss: 0.6530 - val_accuracy: 0.7886
Epoch 24/350
391/391 - 23s - loss: 0.6626 - accuracy: 0.7816 - val_loss: 0.6111 - val_accuracy: 0.7978
Epoch 25/350
391/391 - 24s - loss: 0.6534 - accuracy: 0.7830 - val_loss: 0.6459 - val_accuracy: 0.7966
Epoch 26/350
391/391 - 23s - loss: 0.6281 - accuracy: 0.7911 - val_loss: 0.6196 - val_accuracy: 0.7971
Epoch 27/350
391/391 - 24s - loss: 0.6148 - accuracy: 0.7947 - val_loss: 0.6256 - val_accuracy: 0.8059
Epoch 28/350
391/391 - 23s - loss: 0.6019 - accuracy: 0.7985 - val_loss: 0.5835 - val_accuracy: 0.8125
Epoch 29/350
391/391 - 24s - loss: 0.5865 - accuracy: 0.8043 - val_loss: 0.5577 - val_accuracy: 0.8206
Epoch 30/350
391/391 - 24s - loss: 0.5741 - accuracy: 0.8093 - val_loss: 0.5756 - val_accuracy: 0.8188
Epoch 31/350
391/391 - 23s - loss: 0.5659 - accuracy: 0.8148 - val_loss: 0.5571 - val_accuracy: 0.8251
Epoch 32/350
391/391 - 24s - loss: 0.5545 - accuracy: 0.8177 - val_loss: 0.5509 - val_accuracy: 0.8206
Epoch 33/350
391/391 - 23s - loss: 0.5469 - accuracy: 0.8196 - val_loss: 0.5367 - val_accuracy: 0.8306
Epoch 34/350
391/391 - 24s - loss: 0.5311 - accuracy: 0.8258 - val_loss: 0.5737 - val_accuracy: 0.8193
Epoch 35/350
391/391 - 24s - loss: 0.5250 - accuracy: 0.8279 - val_loss: 0.5212 - val_accuracy: 0.8338
Epoch 36/350
391/391 - 23s - loss: 0.5156 - accuracy: 0.8307 - val_loss: 0.5031 - val_accuracy: 0.8442
Epoch 37/350
391/391 - 23s - loss: 0.5004 - accuracy: 0.8366 - val_loss: 0.5320 - val_accuracy: 0.8300
Epoch 38/350
391/391 - 24s - loss: 0.4968 - accuracy: 0.8383 - val_loss: 0.5070 - val_accuracy: 0.8432
Epoch 39/350
391/391 - 24s - loss: 0.4980 - accuracy: 0.8379 - val_loss: 0.5134 - val_accuracy: 0.8382
Epoch 40/350
391/391 - 23s - loss: 0.4847 - accuracy: 0.8412 - val_loss: 0.5274 - val_accuracy: 0.8370
Epoch 41/350
391/391 - 23s - loss: 0.4757 - accuracy: 0.8453 - val_loss: 0.5216 - val_accuracy: 0.8377
Epoch 42/350
391/391 - 23s - loss: 0.4720 - accuracy: 0.8477 - val_loss: 0.5066 - val_accuracy: 0.8406
Epoch 43/350
391/391 - 23s - loss: 0.4695 - accuracy: 0.8483 - val_loss: 0.5219 - val_accuracy: 0.8417
Epoch 44/350
391/391 - 24s - loss: 0.4547 - accuracy: 0.8518 - val_loss: 0.4693 - val_accuracy: 0.8516
Epoch 45/350
391/391 - 23s - loss: 0.4543 - accuracy: 0.8526 - val_loss: 0.4657 - val_accuracy: 0.8561
Epoch 46/350
391/391 - 23s - loss: 0.4465 - accuracy: 0.8541 - val_loss: 0.4587 - val_accuracy: 0.8558
Epoch 47/350
391/391 - 24s - loss: 0.4372 - accuracy: 0.8572 - val_loss: 0.5238 - val_accuracy: 0.8394
Epoch 48/350
391/391 - 23s - loss: 0.4317 - accuracy: 0.8595 - val_loss: 0.4943 - val_accuracy: 0.8493
Epoch 49/350
391/391 - 23s - loss: 0.4325 - accuracy: 0.8600 - val_loss: 0.4702 - val_accuracy: 0.8565
Epoch 50/350


Snapshot weight 8 shuffle 5 at epoch 50
Layer 11
Getting activations...


391/391 - 24s - loss: 0.4263 - accuracy: 0.8610 - val_loss: 0.4805 - val_accuracy: 0.8587
Epoch 51/350
391/391 - 23s - loss: 0.4156 - accuracy: 0.8661 - val_loss: 0.4858 - val_accuracy: 0.8484
Epoch 52/350
391/391 - 23s - loss: 0.4101 - accuracy: 0.8695 - val_loss: 0.6065 - val_accuracy: 0.8329
Epoch 53/350
391/391 - 24s - loss: 0.4090 - accuracy: 0.8681 - val_loss: 0.4361 - val_accuracy: 0.8685
Epoch 54/350
391/391 - 23s - loss: 0.3954 - accuracy: 0.8741 - val_loss: 0.4438 - val_accuracy: 0.8622
Epoch 55/350
391/391 - 24s - loss: 0.4020 - accuracy: 0.8698 - val_loss: 0.4524 - val_accuracy: 0.8647
Epoch 56/350
391/391 - 24s - loss: 0.3949 - accuracy: 0.8726 - val_loss: 0.4766 - val_accuracy: 0.8531
Epoch 57/350
391/391 - 24s - loss: 0.3969 - accuracy: 0.8727 - val_loss: 0.4530 - val_accuracy: 0.8631
Epoch 58/350
391/391 - 23s - loss: 0.3872 - accuracy: 0.8765 - val_loss: 0.4626 - val_accuracy: 0.8580
Epoch 59/350
391/391 - 24s - loss: 0.3844 - accuracy: 0.8777 - val_loss: 0.4633 - val_accuracy: 0.8636
Epoch 60/350
391/391 - 23s - loss: 0.3738 - accuracy: 0.8823 - val_loss: 0.4714 - val_accuracy: 0.8586
Epoch 61/350
391/391 - 23s - loss: 0.3731 - accuracy: 0.8819 - val_loss: 0.4901 - val_accuracy: 0.8565
Epoch 62/350
391/391 - 23s - loss: 0.3780 - accuracy: 0.8804 - val_loss: 0.4447 - val_accuracy: 0.8685
Epoch 63/350
391/391 - 23s - loss: 0.3628 - accuracy: 0.8849 - val_loss: 0.4412 - val_accuracy: 0.8719
Epoch 64/350
391/391 - 23s - loss: 0.3612 - accuracy: 0.8837 - val_loss: 0.4172 - val_accuracy: 0.8763
Epoch 65/350
391/391 - 24s - loss: 0.3597 - accuracy: 0.8859 - val_loss: 0.4385 - val_accuracy: 0.8704
Epoch 66/350
391/391 - 23s - loss: 0.3569 - accuracy: 0.8863 - val_loss: 0.4252 - val_accuracy: 0.8737
Epoch 67/350
391/391 - 23s - loss: 0.3524 - accuracy: 0.8872 - val_loss: 0.4688 - val_accuracy: 0.8695
Epoch 68/350
391/391 - 24s - loss: 0.3439 - accuracy: 0.8909 - val_loss: 0.4301 - val_accuracy: 0.8763
Epoch 69/350
391/391 - 24s - loss: 0.3416 - accuracy: 0.8930 - val_loss: 0.4269 - val_accuracy: 0.8738
Epoch 70/350
391/391 - 24s - loss: 0.3420 - accuracy: 0.8917 - val_loss: 0.4457 - val_accuracy: 0.8753
Epoch 71/350
391/391 - 23s - loss: 0.3357 - accuracy: 0.8946 - val_loss: 0.4413 - val_accuracy: 0.8681
Epoch 72/350
391/391 - 23s - loss: 0.3393 - accuracy: 0.8935 - val_loss: 0.4424 - val_accuracy: 0.8745
Epoch 73/350
391/391 - 23s - loss: 0.3320 - accuracy: 0.8954 - val_loss: 0.4514 - val_accuracy: 0.8715
Epoch 74/350
391/391 - 23s - loss: 0.3332 - accuracy: 0.8942 - val_loss: 0.4926 - val_accuracy: 0.8633
Epoch 75/350
391/391 - 23s - loss: 0.3267 - accuracy: 0.8960 - val_loss: 0.4101 - val_accuracy: 0.8796
Epoch 76/350
391/391 - 24s - loss: 0.3246 - accuracy: 0.8980 - val_loss: 0.4259 - val_accuracy: 0.8751
Epoch 77/350
391/391 - 23s - loss: 0.3192 - accuracy: 0.8993 - val_loss: 0.4166 - val_accuracy: 0.8795
Epoch 78/350
391/391 - 24s - loss: 0.3167 - accuracy: 0.9014 - val_loss: 0.4350 - val_accuracy: 0.8791
Epoch 79/350
391/391 - 24s - loss: 0.3156 - accuracy: 0.9010 - val_loss: 0.4214 - val_accuracy: 0.8803
Epoch 80/350
391/391 - 24s - loss: 0.3073 - accuracy: 0.9044 - val_loss: 0.5157 - val_accuracy: 0.8599
Epoch 81/350
391/391 - 23s - loss: 0.3098 - accuracy: 0.9025 - val_loss: 0.4399 - val_accuracy: 0.8707
Epoch 82/350
391/391 - 23s - loss: 0.3024 - accuracy: 0.9072 - val_loss: 0.4232 - val_accuracy: 0.8815
Epoch 83/350
391/391 - 24s - loss: 0.3079 - accuracy: 0.9047 - val_loss: 0.4153 - val_accuracy: 0.8845
Epoch 84/350
391/391 - 23s - loss: 0.3017 - accuracy: 0.9060 - val_loss: 0.4346 - val_accuracy: 0.8789
Epoch 85/350
391/391 - 23s - loss: 0.2976 - accuracy: 0.9084 - val_loss: 0.4335 - val_accuracy: 0.8747
Epoch 86/350
391/391 - 23s - loss: 0.2954 - accuracy: 0.9087 - val_loss: 0.4204 - val_accuracy: 0.8841
Epoch 87/350
391/391 - 23s - loss: 0.2957 - accuracy: 0.9089 - val_loss: 0.4505 - val_accuracy: 0.8733
Epoch 88/350
391/391 - 24s - loss: 0.2873 - accuracy: 0.9110 - val_loss: 0.4131 - val_accuracy: 0.8840
Epoch 89/350
391/391 - 23s - loss: 0.2904 - accuracy: 0.9096 - val_loss: 0.3942 - val_accuracy: 0.8851
Epoch 90/350
391/391 - 23s - loss: 0.2896 - accuracy: 0.9093 - val_loss: 0.4460 - val_accuracy: 0.8802
Epoch 91/350
391/391 - 23s - loss: 0.2877 - accuracy: 0.9128 - val_loss: 0.4464 - val_accuracy: 0.8822
Epoch 92/350
391/391 - 24s - loss: 0.2821 - accuracy: 0.9118 - val_loss: 0.4250 - val_accuracy: 0.8836
Epoch 93/350
391/391 - 23s - loss: 0.2854 - accuracy: 0.9122 - val_loss: 0.4801 - val_accuracy: 0.8712
Epoch 94/350
391/391 - 23s - loss: 0.2815 - accuracy: 0.9132 - val_loss: 0.4199 - val_accuracy: 0.8829
Epoch 95/350
391/391 - 24s - loss: 0.2791 - accuracy: 0.9142 - val_loss: 0.4182 - val_accuracy: 0.8856
Epoch 96/350
391/391 - 23s - loss: 0.2726 - accuracy: 0.9172 - val_loss: 0.4342 - val_accuracy: 0.8783
Epoch 97/350
391/391 - 23s - loss: 0.2757 - accuracy: 0.9150 - val_loss: 0.4224 - val_accuracy: 0.8809
Epoch 98/350
391/391 - 23s - loss: 0.2719 - accuracy: 0.9166 - val_loss: 0.4019 - val_accuracy: 0.8873
Epoch 99/350
391/391 - 23s - loss: 0.2682 - accuracy: 0.9187 - val_loss: 0.4297 - val_accuracy: 0.8804
Epoch 100/350


Snapshot weight 8 shuffle 5 at epoch 100
Layer 11
Getting activations...


391/391 - 24s - loss: 0.2693 - accuracy: 0.9179 - val_loss: 0.4408 - val_accuracy: 0.8852
Epoch 101/350
391/391 - 24s - loss: 0.2670 - accuracy: 0.9193 - val_loss: 0.4165 - val_accuracy: 0.8863
Epoch 102/350
391/391 - 24s - loss: 0.2621 - accuracy: 0.9205 - val_loss: 0.4039 - val_accuracy: 0.8876
Epoch 103/350
391/391 - 23s - loss: 0.2624 - accuracy: 0.9212 - val_loss: 0.4318 - val_accuracy: 0.8843
Epoch 104/350
391/391 - 23s - loss: 0.2640 - accuracy: 0.9204 - val_loss: 0.4424 - val_accuracy: 0.8796
Epoch 105/350
391/391 - 23s - loss: 0.2611 - accuracy: 0.9213 - val_loss: 0.4368 - val_accuracy: 0.8802
Epoch 106/350
391/391 - 24s - loss: 0.2595 - accuracy: 0.9218 - val_loss: 0.4468 - val_accuracy: 0.8795
Epoch 107/350
391/391 - 23s - loss: 0.2561 - accuracy: 0.9222 - val_loss: 0.4031 - val_accuracy: 0.8876
Epoch 108/350
391/391 - 23s - loss: 0.2526 - accuracy: 0.9237 - val_loss: 0.4303 - val_accuracy: 0.8880
Epoch 109/350
391/391 - 24s - loss: 0.2541 - accuracy: 0.9233 - val_loss: 0.4311 - val_accuracy: 0.8859
Epoch 110/350
391/391 - 23s - loss: 0.2538 - accuracy: 0.9244 - val_loss: 0.4246 - val_accuracy: 0.8859
Epoch 111/350
391/391 - 24s - loss: 0.2527 - accuracy: 0.9245 - val_loss: 0.4189 - val_accuracy: 0.8842
Epoch 112/350
391/391 - 23s - loss: 0.2481 - accuracy: 0.9260 - val_loss: 0.4280 - val_accuracy: 0.8886
Epoch 113/350
391/391 - 23s - loss: 0.2472 - accuracy: 0.9260 - val_loss: 0.4257 - val_accuracy: 0.8904
Epoch 114/350
391/391 - 23s - loss: 0.2478 - accuracy: 0.9253 - val_loss: 0.4427 - val_accuracy: 0.8803
Epoch 115/350
391/391 - 24s - loss: 0.2473 - accuracy: 0.9266 - val_loss: 0.4616 - val_accuracy: 0.8797
Epoch 116/350
391/391 - 23s - loss: 0.2389 - accuracy: 0.9288 - val_loss: 0.4592 - val_accuracy: 0.8840
Epoch 117/350
391/391 - 23s - loss: 0.2402 - accuracy: 0.9285 - val_loss: 0.4160 - val_accuracy: 0.8905
Epoch 118/350
391/391 - 23s - loss: 0.2402 - accuracy: 0.9278 - val_loss: 0.4281 - val_accuracy: 0.8858
Epoch 119/350
391/391 - 24s - loss: 0.2329 - accuracy: 0.9310 - val_loss: 0.4351 - val_accuracy: 0.8920
Epoch 120/350
391/391 - 24s - loss: 0.2333 - accuracy: 0.9310 - val_loss: 0.4416 - val_accuracy: 0.8897
Epoch 121/350
391/391 - 23s - loss: 0.2312 - accuracy: 0.9320 - val_loss: 0.4482 - val_accuracy: 0.8852
Epoch 122/350
391/391 - 24s - loss: 0.2331 - accuracy: 0.9307 - val_loss: 0.4315 - val_accuracy: 0.8896
Epoch 123/350
391/391 - 23s - loss: 0.2316 - accuracy: 0.9309 - val_loss: 0.4294 - val_accuracy: 0.8864
Epoch 124/350
391/391 - 24s - loss: 0.2282 - accuracy: 0.9323 - val_loss: 0.4334 - val_accuracy: 0.8876
Epoch 125/350
391/391 - 24s - loss: 0.2304 - accuracy: 0.9321 - val_loss: 0.4089 - val_accuracy: 0.8876
Epoch 126/350
391/391 - 23s - loss: 0.2349 - accuracy: 0.9309 - val_loss: 0.4351 - val_accuracy: 0.8842
Epoch 127/350
391/391 - 23s - loss: 0.2247 - accuracy: 0.9349 - val_loss: 0.4210 - val_accuracy: 0.8943
Epoch 128/350
391/391 - 23s - loss: 0.2267 - accuracy: 0.9340 - val_loss: 0.4691 - val_accuracy: 0.8827
Epoch 129/350
391/391 - 24s - loss: 0.2255 - accuracy: 0.9337 - val_loss: 0.4734 - val_accuracy: 0.8799
Epoch 130/350
391/391 - 24s - loss: 0.2260 - accuracy: 0.9349 - val_loss: 0.4103 - val_accuracy: 0.8945
Epoch 131/350
391/391 - 23s - loss: 0.2238 - accuracy: 0.9347 - val_loss: 0.4209 - val_accuracy: 0.8932
Epoch 132/350
391/391 - 23s - loss: 0.2216 - accuracy: 0.9354 - val_loss: 0.4258 - val_accuracy: 0.8937
Epoch 133/350
391/391 - 23s - loss: 0.2221 - accuracy: 0.9361 - val_loss: 0.4040 - val_accuracy: 0.8886
Epoch 134/350
391/391 - 23s - loss: 0.2206 - accuracy: 0.9352 - val_loss: 0.4823 - val_accuracy: 0.8765
Epoch 135/350
391/391 - 23s - loss: 0.2182 - accuracy: 0.9361 - val_loss: 0.4636 - val_accuracy: 0.8880
Epoch 136/350
391/391 - 23s - loss: 0.2168 - accuracy: 0.9367 - val_loss: 0.4225 - val_accuracy: 0.8946
Epoch 137/350
391/391 - 23s - loss: 0.2171 - accuracy: 0.9371 - val_loss: 0.4509 - val_accuracy: 0.8848
Epoch 138/350
391/391 - 23s - loss: 0.2170 - accuracy: 0.9366 - val_loss: 0.4383 - val_accuracy: 0.8922
Epoch 139/350
391/391 - 23s - loss: 0.2116 - accuracy: 0.9395 - val_loss: 0.4406 - val_accuracy: 0.8928
Epoch 140/350
391/391 - 23s - loss: 0.2194 - accuracy: 0.9370 - val_loss: 0.4294 - val_accuracy: 0.8919
Epoch 141/350
391/391 - 23s - loss: 0.2133 - accuracy: 0.9396 - val_loss: 0.4523 - val_accuracy: 0.8933
Epoch 142/350
391/391 - 23s - loss: 0.2084 - accuracy: 0.9407 - val_loss: 0.4666 - val_accuracy: 0.8887
Epoch 143/350
391/391 - 23s - loss: 0.2090 - accuracy: 0.9403 - val_loss: 0.4417 - val_accuracy: 0.8941
Epoch 144/350
391/391 - 23s - loss: 0.2097 - accuracy: 0.9404 - val_loss: 0.4481 - val_accuracy: 0.8934
Epoch 145/350
391/391 - 23s - loss: 0.2090 - accuracy: 0.9403 - val_loss: 0.4260 - val_accuracy: 0.8954
Epoch 146/350
391/391 - 23s - loss: 0.2068 - accuracy: 0.9410 - val_loss: 0.4512 - val_accuracy: 0.8899
Epoch 147/350
391/391 - 23s - loss: 0.2035 - accuracy: 0.9423 - val_loss: 0.4495 - val_accuracy: 0.8894
Epoch 148/350
391/391 - 24s - loss: 0.2049 - accuracy: 0.9425 - val_loss: 0.4217 - val_accuracy: 0.8925
Epoch 149/350
391/391 - 23s - loss: 0.2004 - accuracy: 0.9437 - val_loss: 0.4564 - val_accuracy: 0.8905
Epoch 150/350


Snapshot weight 8 shuffle 5 at epoch 150
Layer 11
Getting activations...


391/391 - 24s - loss: 0.2075 - accuracy: 0.9422 - val_loss: 0.4127 - val_accuracy: 0.8920
Epoch 151/350
391/391 - 23s - loss: 0.2025 - accuracy: 0.9430 - val_loss: 0.4228 - val_accuracy: 0.8962
Epoch 152/350
391/391 - 24s - loss: 0.1996 - accuracy: 0.9442 - val_loss: 0.4380 - val_accuracy: 0.8934
Epoch 153/350
391/391 - 23s - loss: 0.2007 - accuracy: 0.9447 - val_loss: 0.4740 - val_accuracy: 0.8934
Epoch 154/350
391/391 - 24s - loss: 0.2008 - accuracy: 0.9441 - val_loss: 0.4535 - val_accuracy: 0.8884
Epoch 155/350
391/391 - 23s - loss: 0.1981 - accuracy: 0.9441 - val_loss: 0.4934 - val_accuracy: 0.8899
Epoch 156/350
391/391 - 24s - loss: 0.1951 - accuracy: 0.9461 - val_loss: 0.4429 - val_accuracy: 0.8953
Epoch 157/350
391/391 - 23s - loss: 0.1980 - accuracy: 0.9451 - val_loss: 0.4707 - val_accuracy: 0.8939
Epoch 158/350
391/391 - 23s - loss: 0.1961 - accuracy: 0.9447 - val_loss: 0.4617 - val_accuracy: 0.8858
Epoch 159/350
391/391 - 24s - loss: 0.1942 - accuracy: 0.9461 - val_loss: 0.4876 - val_accuracy: 0.8848
Epoch 160/350
391/391 - 23s - loss: 0.1979 - accuracy: 0.9444 - val_loss: 0.4550 - val_accuracy: 0.8903
Epoch 161/350
391/391 - 23s - loss: 0.1978 - accuracy: 0.9454 - val_loss: 0.4307 - val_accuracy: 0.8964
Epoch 162/350
391/391 - 23s - loss: 0.1962 - accuracy: 0.9466 - val_loss: 0.4391 - val_accuracy: 0.8933
Epoch 163/350
391/391 - 24s - loss: 0.1914 - accuracy: 0.9467 - val_loss: 0.4381 - val_accuracy: 0.8940
Epoch 164/350
391/391 - 23s - loss: 0.1944 - accuracy: 0.9456 - val_loss: 0.4211 - val_accuracy: 0.9004
Epoch 165/350
391/391 - 24s - loss: 0.1936 - accuracy: 0.9460 - val_loss: 0.4187 - val_accuracy: 0.9000
Epoch 166/350
391/391 - 24s - loss: 0.1899 - accuracy: 0.9474 - val_loss: 0.4521 - val_accuracy: 0.8916
Epoch 167/350
391/391 - 24s - loss: 0.1935 - accuracy: 0.9474 - val_loss: 0.4504 - val_accuracy: 0.8955
Epoch 168/350
391/391 - 23s - loss: 0.1894 - accuracy: 0.9491 - val_loss: 0.4603 - val_accuracy: 0.8960
Epoch 169/350
391/391 - 23s - loss: 0.1909 - accuracy: 0.9482 - val_loss: 0.4365 - val_accuracy: 0.8945
Epoch 170/350
391/391 - 24s - loss: 0.1920 - accuracy: 0.9480 - val_loss: 0.4236 - val_accuracy: 0.8993
Epoch 171/350
391/391 - 23s - loss: 0.1870 - accuracy: 0.9496 - val_loss: 0.4525 - val_accuracy: 0.8927
Epoch 172/350
391/391 - 23s - loss: 0.1857 - accuracy: 0.9502 - val_loss: 0.4387 - val_accuracy: 0.8909
Epoch 173/350
391/391 - 23s - loss: 0.1831 - accuracy: 0.9512 - val_loss: 0.4578 - val_accuracy: 0.8974
Epoch 174/350
391/391 - 23s - loss: 0.1838 - accuracy: 0.9500 - val_loss: 0.4963 - val_accuracy: 0.8901
Epoch 175/350
391/391 - 24s - loss: 0.1862 - accuracy: 0.9494 - val_loss: 0.4365 - val_accuracy: 0.8972
Epoch 176/350
391/391 - 23s - loss: 0.1840 - accuracy: 0.9496 - val_loss: 0.4658 - val_accuracy: 0.8910
Epoch 177/350
391/391 - 23s - loss: 0.1868 - accuracy: 0.9491 - val_loss: 0.4758 - val_accuracy: 0.8917
Epoch 178/350
391/391 - 24s - loss: 0.1820 - accuracy: 0.9511 - val_loss: 0.4437 - val_accuracy: 0.8941
Epoch 179/350
391/391 - 23s - loss: 0.1798 - accuracy: 0.9505 - val_loss: 0.4967 - val_accuracy: 0.8944
Epoch 180/350
391/391 - 23s - loss: 0.1795 - accuracy: 0.9518 - val_loss: 0.4705 - val_accuracy: 0.8914
Epoch 181/350
391/391 - 23s - loss: 0.1816 - accuracy: 0.9517 - val_loss: 0.4401 - val_accuracy: 0.8947
Epoch 182/350
391/391 - 23s - loss: 0.1804 - accuracy: 0.9519 - val_loss: 0.4749 - val_accuracy: 0.8978
Epoch 183/350
391/391 - 23s - loss: 0.1805 - accuracy: 0.9514 - val_loss: 0.4775 - val_accuracy: 0.8909
Epoch 184/350
391/391 - 23s - loss: 0.1784 - accuracy: 0.9528 - val_loss: 0.4568 - val_accuracy: 0.8926
Epoch 185/350
391/391 - 23s - loss: 0.1759 - accuracy: 0.9532 - val_loss: 0.4570 - val_accuracy: 0.8963
Epoch 186/350
391/391 - 24s - loss: 0.1777 - accuracy: 0.9538 - val_loss: 0.4604 - val_accuracy: 0.8936
Epoch 187/350
391/391 - 24s - loss: 0.1765 - accuracy: 0.9530 - val_loss: 0.4689 - val_accuracy: 0.8938
Epoch 188/350
391/391 - 23s - loss: 0.1766 - accuracy: 0.9529 - val_loss: 0.4640 - val_accuracy: 0.8945
Epoch 189/350
391/391 - 23s - loss: 0.1746 - accuracy: 0.9539 - val_loss: 0.4834 - val_accuracy: 0.8933
Epoch 190/350
391/391 - 24s - loss: 0.1751 - accuracy: 0.9533 - val_loss: 0.4762 - val_accuracy: 0.8868
Epoch 191/350
391/391 - 23s - loss: 0.1736 - accuracy: 0.9549 - val_loss: 0.4574 - val_accuracy: 0.8959
Epoch 192/350
391/391 - 23s - loss: 0.1768 - accuracy: 0.9526 - val_loss: 0.4502 - val_accuracy: 0.9018
Epoch 193/350
391/391 - 23s - loss: 0.1699 - accuracy: 0.9550 - val_loss: 0.4932 - val_accuracy: 0.8924
Epoch 194/350
391/391 - 24s - loss: 0.1734 - accuracy: 0.9547 - val_loss: 0.4495 - val_accuracy: 0.8978
Epoch 195/350
391/391 - 23s - loss: 0.1764 - accuracy: 0.9547 - val_loss: 0.5000 - val_accuracy: 0.8939
Epoch 196/350
391/391 - 23s - loss: 0.1696 - accuracy: 0.9564 - val_loss: 0.4683 - val_accuracy: 0.8931
Epoch 197/350
391/391 - 24s - loss: 0.1715 - accuracy: 0.9556 - val_loss: 0.4528 - val_accuracy: 0.8956
Epoch 198/350
391/391 - 23s - loss: 0.1698 - accuracy: 0.9559 - val_loss: 0.4724 - val_accuracy: 0.8918
Epoch 199/350
391/391 - 23s - loss: 0.1687 - accuracy: 0.9546 - val_loss: 0.4745 - val_accuracy: 0.8963
Epoch 200/350


Snapshot weight 8 shuffle 5 at epoch 200
Layer 11
Getting activations...


391/391 - 24s - loss: 0.1671 - accuracy: 0.9573 - val_loss: 0.4807 - val_accuracy: 0.8941
Epoch 201/350
391/391 - 23s - loss: 0.1400 - accuracy: 0.9663 - val_loss: 0.4448 - val_accuracy: 0.9048
Epoch 202/350
391/391 - 23s - loss: 0.1294 - accuracy: 0.9698 - val_loss: 0.4533 - val_accuracy: 0.9036
Epoch 203/350
391/391 - 24s - loss: 0.1260 - accuracy: 0.9716 - val_loss: 0.4624 - val_accuracy: 0.9029
Epoch 204/350
391/391 - 23s - loss: 0.1234 - accuracy: 0.9718 - val_loss: 0.4643 - val_accuracy: 0.9022
Epoch 205/350
391/391 - 23s - loss: 0.1221 - accuracy: 0.9734 - val_loss: 0.4576 - val_accuracy: 0.9045
Epoch 206/350
391/391 - 23s - loss: 0.1211 - accuracy: 0.9726 - val_loss: 0.4621 - val_accuracy: 0.9046
Epoch 207/350
391/391 - 23s - loss: 0.1225 - accuracy: 0.9727 - val_loss: 0.4598 - val_accuracy: 0.9058
Epoch 208/350
391/391 - 24s - loss: 0.1225 - accuracy: 0.9734 - val_loss: 0.4613 - val_accuracy: 0.9064
Epoch 209/350
391/391 - 23s - loss: 0.1206 - accuracy: 0.9733 - val_loss: 0.4645 - val_accuracy: 0.9032
Epoch 210/350
391/391 - 24s - loss: 0.1171 - accuracy: 0.9744 - val_loss: 0.4621 - val_accuracy: 0.9061
Epoch 211/350
391/391 - 23s - loss: 0.1174 - accuracy: 0.9745 - val_loss: 0.4730 - val_accuracy: 0.9045
Epoch 212/350
391/391 - 24s - loss: 0.1215 - accuracy: 0.9729 - val_loss: 0.4755 - val_accuracy: 0.9058
Epoch 213/350
391/391 - 23s - loss: 0.1188 - accuracy: 0.9742 - val_loss: 0.4669 - val_accuracy: 0.9057
Epoch 214/350
391/391 - 23s - loss: 0.1131 - accuracy: 0.9762 - val_loss: 0.4743 - val_accuracy: 0.9045
Epoch 215/350
391/391 - 23s - loss: 0.1148 - accuracy: 0.9754 - val_loss: 0.4820 - val_accuracy: 0.9060
Epoch 216/350
391/391 - 23s - loss: 0.1183 - accuracy: 0.9742 - val_loss: 0.4814 - val_accuracy: 0.9026
Epoch 217/350
391/391 - 23s - loss: 0.1142 - accuracy: 0.9757 - val_loss: 0.4700 - val_accuracy: 0.9058
Epoch 218/350
391/391 - 23s - loss: 0.1148 - accuracy: 0.9747 - val_loss: 0.4716 - val_accuracy: 0.9063
Epoch 219/350
391/391 - 24s - loss: 0.1138 - accuracy: 0.9751 - val_loss: 0.4865 - val_accuracy: 0.9052
Epoch 220/350
391/391 - 23s - loss: 0.1158 - accuracy: 0.9749 - val_loss: 0.4758 - val_accuracy: 0.9062
Epoch 221/350
391/391 - 23s - loss: 0.1160 - accuracy: 0.9748 - val_loss: 0.4805 - val_accuracy: 0.9044
Epoch 222/350
391/391 - 23s - loss: 0.1125 - accuracy: 0.9762 - val_loss: 0.4741 - val_accuracy: 0.9058
Epoch 223/350
391/391 - 23s - loss: 0.1154 - accuracy: 0.9750 - val_loss: 0.4868 - val_accuracy: 0.9046
Epoch 224/350
391/391 - 23s - loss: 0.1149 - accuracy: 0.9758 - val_loss: 0.4850 - val_accuracy: 0.9046
Epoch 225/350
391/391 - 23s - loss: 0.1117 - accuracy: 0.9772 - val_loss: 0.4829 - val_accuracy: 0.9048
Epoch 226/350
391/391 - 24s - loss: 0.1114 - accuracy: 0.9766 - val_loss: 0.4938 - val_accuracy: 0.9044
Epoch 227/350
391/391 - 23s - loss: 0.1119 - accuracy: 0.9763 - val_loss: 0.4817 - val_accuracy: 0.9060
Epoch 228/350
391/391 - 24s - loss: 0.1118 - accuracy: 0.9765 - val_loss: 0.4823 - val_accuracy: 0.9062
Epoch 229/350
391/391 - 23s - loss: 0.1109 - accuracy: 0.9773 - val_loss: 0.4888 - val_accuracy: 0.9048
Epoch 230/350
391/391 - 23s - loss: 0.1110 - accuracy: 0.9769 - val_loss: 0.4778 - val_accuracy: 0.9062
Epoch 231/350
391/391 - 23s - loss: 0.1113 - accuracy: 0.9768 - val_loss: 0.4841 - val_accuracy: 0.9067
Epoch 232/350
391/391 - 23s - loss: 0.1115 - accuracy: 0.9763 - val_loss: 0.4798 - val_accuracy: 0.9058
Epoch 233/350
391/391 - 24s - loss: 0.1111 - accuracy: 0.9764 - val_loss: 0.4889 - val_accuracy: 0.9072
Epoch 234/350
391/391 - 23s - loss: 0.1123 - accuracy: 0.9760 - val_loss: 0.4859 - val_accuracy: 0.9061
Epoch 235/350
391/391 - 23s - loss: 0.1109 - accuracy: 0.9773 - val_loss: 0.4907 - val_accuracy: 0.9066
Epoch 236/350
391/391 - 23s - loss: 0.1098 - accuracy: 0.9780 - val_loss: 0.4828 - val_accuracy: 0.9053
Epoch 237/350
391/391 - 23s - loss: 0.1104 - accuracy: 0.9773 - val_loss: 0.4886 - val_accuracy: 0.9060
Epoch 238/350
391/391 - 23s - loss: 0.1104 - accuracy: 0.9769 - val_loss: 0.4818 - val_accuracy: 0.9060
Epoch 239/350
391/391 - 24s - loss: 0.1102 - accuracy: 0.9775 - val_loss: 0.4825 - val_accuracy: 0.9059
Epoch 240/350
391/391 - 23s - loss: 0.1089 - accuracy: 0.9773 - val_loss: 0.4943 - val_accuracy: 0.9065
Epoch 241/350
391/391 - 23s - loss: 0.1069 - accuracy: 0.9782 - val_loss: 0.4952 - val_accuracy: 0.9078
Epoch 242/350
391/391 - 23s - loss: 0.1074 - accuracy: 0.9778 - val_loss: 0.4981 - val_accuracy: 0.9064
Epoch 243/350
391/391 - 23s - loss: 0.1062 - accuracy: 0.9787 - val_loss: 0.4964 - val_accuracy: 0.9043
Epoch 244/350
391/391 - 23s - loss: 0.1066 - accuracy: 0.9788 - val_loss: 0.5010 - val_accuracy: 0.9066
Epoch 245/350
391/391 - 23s - loss: 0.1087 - accuracy: 0.9776 - val_loss: 0.4883 - val_accuracy: 0.9076
Epoch 246/350
391/391 - 23s - loss: 0.1089 - accuracy: 0.9775 - val_loss: 0.4834 - val_accuracy: 0.9074
Epoch 247/350
391/391 - 24s - loss: 0.1091 - accuracy: 0.9776 - val_loss: 0.4748 - val_accuracy: 0.9055
Epoch 248/350
391/391 - 23s - loss: 0.1079 - accuracy: 0.9775 - val_loss: 0.4869 - val_accuracy: 0.9072
Epoch 249/350
391/391 - 23s - loss: 0.1089 - accuracy: 0.9774 - val_loss: 0.4910 - val_accuracy: 0.9060
Epoch 250/350


Snapshot weight 8 shuffle 5 at epoch 250
Layer 11
Getting activations...


391/391 - 24s - loss: 0.1053 - accuracy: 0.9790 - val_loss: 0.4917 - val_accuracy: 0.9070
Epoch 251/350
391/391 - 23s - loss: 0.1057 - accuracy: 0.9787 - val_loss: 0.4893 - val_accuracy: 0.9065
Epoch 252/350
391/391 - 24s - loss: 0.1043 - accuracy: 0.9793 - val_loss: 0.4914 - val_accuracy: 0.9066
Epoch 253/350
391/391 - 23s - loss: 0.1035 - accuracy: 0.9792 - val_loss: 0.4932 - val_accuracy: 0.9068
Epoch 254/350
391/391 - 24s - loss: 0.1026 - accuracy: 0.9793 - val_loss: 0.4957 - val_accuracy: 0.9070
Epoch 255/350
391/391 - 23s - loss: 0.1057 - accuracy: 0.9787 - val_loss: 0.4941 - val_accuracy: 0.9063
Epoch 256/350
391/391 - 23s - loss: 0.1023 - accuracy: 0.9802 - val_loss: 0.4964 - val_accuracy: 0.9067
Epoch 257/350
391/391 - 23s - loss: 0.1018 - accuracy: 0.9807 - val_loss: 0.4963 - val_accuracy: 0.9068
Epoch 258/350
391/391 - 23s - loss: 0.1043 - accuracy: 0.9792 - val_loss: 0.4953 - val_accuracy: 0.9068
Epoch 259/350
391/391 - 23s - loss: 0.1046 - accuracy: 0.9793 - val_loss: 0.4928 - val_accuracy: 0.9068
Epoch 260/350
391/391 - 23s - loss: 0.1044 - accuracy: 0.9792 - val_loss: 0.4936 - val_accuracy: 0.9071
Epoch 261/350
391/391 - 23s - loss: 0.1040 - accuracy: 0.9798 - val_loss: 0.4931 - val_accuracy: 0.9076
Epoch 262/350
391/391 - 23s - loss: 0.1038 - accuracy: 0.9799 - val_loss: 0.4942 - val_accuracy: 0.9079
Epoch 263/350
391/391 - 23s - loss: 0.1027 - accuracy: 0.9804 - val_loss: 0.4977 - val_accuracy: 0.9076
Epoch 264/350
391/391 - 24s - loss: 0.1028 - accuracy: 0.9798 - val_loss: 0.4957 - val_accuracy: 0.9072
Epoch 265/350
391/391 - 23s - loss: 0.1056 - accuracy: 0.9790 - val_loss: 0.4958 - val_accuracy: 0.9071
Epoch 266/350
391/391 - 23s - loss: 0.1044 - accuracy: 0.9794 - val_loss: 0.4934 - val_accuracy: 0.9081
Epoch 267/350
391/391 - 23s - loss: 0.1036 - accuracy: 0.9797 - val_loss: 0.4935 - val_accuracy: 0.9074
Epoch 268/350
391/391 - 23s - loss: 0.1030 - accuracy: 0.9795 - val_loss: 0.4937 - val_accuracy: 0.9080
Epoch 269/350
391/391 - 23s - loss: 0.1047 - accuracy: 0.9790 - val_loss: 0.4938 - val_accuracy: 0.9078
Epoch 270/350
391/391 - 24s - loss: 0.1036 - accuracy: 0.9791 - val_loss: 0.4939 - val_accuracy: 0.9070
Epoch 271/350
391/391 - 23s - loss: 0.1054 - accuracy: 0.9789 - val_loss: 0.4963 - val_accuracy: 0.9068
Epoch 272/350
391/391 - 23s - loss: 0.1016 - accuracy: 0.9805 - val_loss: 0.4956 - val_accuracy: 0.9073
Epoch 273/350
391/391 - 23s - loss: 0.1044 - accuracy: 0.9793 - val_loss: 0.4948 - val_accuracy: 0.9068
Epoch 274/350
391/391 - 23s - loss: 0.1021 - accuracy: 0.9802 - val_loss: 0.4966 - val_accuracy: 0.9071
Epoch 275/350
391/391 - 24s - loss: 0.1018 - accuracy: 0.9805 - val_loss: 0.4960 - val_accuracy: 0.9071
Epoch 276/350
391/391 - 23s - loss: 0.1033 - accuracy: 0.9798 - val_loss: 0.4963 - val_accuracy: 0.9066
Epoch 277/350
391/391 - 23s - loss: 0.1031 - accuracy: 0.9792 - val_loss: 0.4980 - val_accuracy: 0.9073
Epoch 278/350
391/391 - 24s - loss: 0.1021 - accuracy: 0.9805 - val_loss: 0.4970 - val_accuracy: 0.9072
Epoch 279/350
391/391 - 23s - loss: 0.1030 - accuracy: 0.9792 - val_loss: 0.4964 - val_accuracy: 0.9066
Epoch 280/350
391/391 - 24s - loss: 0.1040 - accuracy: 0.9799 - val_loss: 0.4949 - val_accuracy: 0.9075
Epoch 281/350
391/391 - 23s - loss: 0.1041 - accuracy: 0.9795 - val_loss: 0.4950 - val_accuracy: 0.9064
Epoch 282/350
391/391 - 23s - loss: 0.1033 - accuracy: 0.9793 - val_loss: 0.4962 - val_accuracy: 0.9076
Epoch 283/350
391/391 - 23s - loss: 0.1035 - accuracy: 0.9795 - val_loss: 0.4963 - val_accuracy: 0.9068
Epoch 284/350
391/391 - 23s - loss: 0.1041 - accuracy: 0.9795 - val_loss: 0.4977 - val_accuracy: 0.9068
Epoch 285/350
391/391 - 23s - loss: 0.1037 - accuracy: 0.9797 - val_loss: 0.4942 - val_accuracy: 0.9073
Epoch 286/350
391/391 - 23s - loss: 0.1053 - accuracy: 0.9788 - val_loss: 0.4948 - val_accuracy: 0.9073
Epoch 287/350
391/391 - 24s - loss: 0.1024 - accuracy: 0.9798 - val_loss: 0.4943 - val_accuracy: 0.9072
Epoch 288/350
391/391 - 23s - loss: 0.1021 - accuracy: 0.9804 - val_loss: 0.4956 - val_accuracy: 0.9073
Epoch 289/350
391/391 - 24s - loss: 0.1067 - accuracy: 0.9783 - val_loss: 0.4966 - val_accuracy: 0.9065
Epoch 290/350
391/391 - 23s - loss: 0.1027 - accuracy: 0.9797 - val_loss: 0.4966 - val_accuracy: 0.9066
Epoch 291/350
391/391 - 23s - loss: 0.1023 - accuracy: 0.9801 - val_loss: 0.4950 - val_accuracy: 0.9078
Epoch 292/350
391/391 - 23s - loss: 0.1042 - accuracy: 0.9803 - val_loss: 0.4955 - val_accuracy: 0.9071
Epoch 293/350
391/391 - 23s - loss: 0.1004 - accuracy: 0.9814 - val_loss: 0.4958 - val_accuracy: 0.9065
Epoch 294/350
391/391 - 23s - loss: 0.0995 - accuracy: 0.9808 - val_loss: 0.4978 - val_accuracy: 0.9064
Epoch 295/350
391/391 - 23s - loss: 0.1003 - accuracy: 0.9802 - val_loss: 0.4980 - val_accuracy: 0.9065
Epoch 296/350
391/391 - 23s - loss: 0.1041 - accuracy: 0.9790 - val_loss: 0.4954 - val_accuracy: 0.9076
Epoch 297/350
391/391 - 23s - loss: 0.1019 - accuracy: 0.9802 - val_loss: 0.4959 - val_accuracy: 0.9073
Epoch 298/350
391/391 - 23s - loss: 0.1014 - accuracy: 0.9803 - val_loss: 0.4954 - val_accuracy: 0.9078
Epoch 299/350
391/391 - 23s - loss: 0.1012 - accuracy: 0.9803 - val_loss: 0.4973 - val_accuracy: 0.9076
Epoch 300/350


Snapshot weight 8 shuffle 5 at epoch 300
Layer 11
Getting activations...


391/391 - 23s - loss: 0.1026 - accuracy: 0.9797 - val_loss: 0.4955 - val_accuracy: 0.9076
Epoch 301/350
391/391 - 24s - loss: 0.1035 - accuracy: 0.9796 - val_loss: 0.4956 - val_accuracy: 0.9073
Epoch 302/350
391/391 - 23s - loss: 0.1029 - accuracy: 0.9794 - val_loss: 0.4959 - val_accuracy: 0.9076
Epoch 303/350
391/391 - 23s - loss: 0.1030 - accuracy: 0.9802 - val_loss: 0.4956 - val_accuracy: 0.9081
Epoch 304/350
391/391 - 23s - loss: 0.1029 - accuracy: 0.9792 - val_loss: 0.4956 - val_accuracy: 0.9079
Epoch 305/350
391/391 - 23s - loss: 0.1027 - accuracy: 0.9796 - val_loss: 0.4955 - val_accuracy: 0.9080
Epoch 306/350
391/391 - 23s - loss: 0.1037 - accuracy: 0.9801 - val_loss: 0.4953 - val_accuracy: 0.9079
Epoch 307/350
391/391 - 23s - loss: 0.1028 - accuracy: 0.9802 - val_loss: 0.4956 - val_accuracy: 0.9078
Epoch 308/350
391/391 - 23s - loss: 0.1030 - accuracy: 0.9799 - val_loss: 0.4956 - val_accuracy: 0.9077
Epoch 309/350
391/391 - 23s - loss: 0.1033 - accuracy: 0.9796 - val_loss: 0.4957 - val_accuracy: 0.9077
Epoch 310/350
391/391 - 23s - loss: 0.1020 - accuracy: 0.9800 - val_loss: 0.4955 - val_accuracy: 0.9076
Epoch 311/350
391/391 - 23s - loss: 0.1020 - accuracy: 0.9795 - val_loss: 0.4953 - val_accuracy: 0.9079
Epoch 312/350
391/391 - 23s - loss: 0.1027 - accuracy: 0.9792 - val_loss: 0.4955 - val_accuracy: 0.9079
Epoch 313/350
391/391 - 23s - loss: 0.1033 - accuracy: 0.9796 - val_loss: 0.4956 - val_accuracy: 0.9081
Epoch 314/350
391/391 - 23s - loss: 0.1036 - accuracy: 0.9790 - val_loss: 0.4957 - val_accuracy: 0.9080
Epoch 315/350
391/391 - 23s - loss: 0.0998 - accuracy: 0.9813 - val_loss: 0.4962 - val_accuracy: 0.9080
Epoch 316/350
391/391 - 23s - loss: 0.1026 - accuracy: 0.9799 - val_loss: 0.4962 - val_accuracy: 0.9076
Epoch 317/350
391/391 - 23s - loss: 0.1027 - accuracy: 0.9798 - val_loss: 0.4967 - val_accuracy: 0.9072
Epoch 318/350
391/391 - 23s - loss: 0.1026 - accuracy: 0.9799 - val_loss: 0.4970 - val_accuracy: 0.9073
Epoch 319/350
391/391 - 23s - loss: 0.0992 - accuracy: 0.9814 - val_loss: 0.4974 - val_accuracy: 0.9074
Epoch 320/350
391/391 - 23s - loss: 0.1044 - accuracy: 0.9792 - val_loss: 0.4968 - val_accuracy: 0.9074
Epoch 321/350
391/391 - 23s - loss: 0.0998 - accuracy: 0.9807 - val_loss: 0.4969 - val_accuracy: 0.9075
Epoch 322/350
391/391 - 23s - loss: 0.1021 - accuracy: 0.9796 - val_loss: 0.4973 - val_accuracy: 0.9073
Epoch 323/350
391/391 - 23s - loss: 0.1025 - accuracy: 0.9802 - val_loss: 0.4970 - val_accuracy: 0.9078
Epoch 324/350
391/391 - 23s - loss: 0.1028 - accuracy: 0.9803 - val_loss: 0.4974 - val_accuracy: 0.9074
Epoch 325/350
391/391 - 23s - loss: 0.1011 - accuracy: 0.9802 - val_loss: 0.4975 - val_accuracy: 0.9072
Epoch 326/350
391/391 - 23s - loss: 0.1027 - accuracy: 0.9797 - val_loss: 0.4972 - val_accuracy: 0.9078
Epoch 327/350
391/391 - 23s - loss: 0.1011 - accuracy: 0.9801 - val_loss: 0.4969 - val_accuracy: 0.9078
Epoch 328/350
391/391 - 23s - loss: 0.1032 - accuracy: 0.9796 - val_loss: 0.4971 - val_accuracy: 0.9073
Epoch 329/350
391/391 - 23s - loss: 0.1022 - accuracy: 0.9800 - val_loss: 0.4974 - val_accuracy: 0.9073
Epoch 330/350
391/391 - 23s - loss: 0.1033 - accuracy: 0.9805 - val_loss: 0.4971 - val_accuracy: 0.9073
Epoch 331/350
391/391 - 23s - loss: 0.1023 - accuracy: 0.9797 - val_loss: 0.4970 - val_accuracy: 0.9073
Epoch 332/350
391/391 - 23s - loss: 0.1024 - accuracy: 0.9803 - val_loss: 0.4972 - val_accuracy: 0.9075
Epoch 333/350
391/391 - 23s - loss: 0.1002 - accuracy: 0.9806 - val_loss: 0.4975 - val_accuracy: 0.9073
Epoch 334/350
391/391 - 23s - loss: 0.1050 - accuracy: 0.9792 - val_loss: 0.4970 - val_accuracy: 0.9079
Epoch 335/350
391/391 - 23s - loss: 0.1013 - accuracy: 0.9808 - val_loss: 0.4972 - val_accuracy: 0.9079
Epoch 336/350
391/391 - 23s - loss: 0.1011 - accuracy: 0.9795 - val_loss: 0.4976 - val_accuracy: 0.9077
Epoch 337/350
391/391 - 23s - loss: 0.1015 - accuracy: 0.9807 - val_loss: 0.4978 - val_accuracy: 0.9076
Epoch 338/350
391/391 - 23s - loss: 0.1009 - accuracy: 0.9804 - val_loss: 0.4976 - val_accuracy: 0.9070
Epoch 339/350
391/391 - 23s - loss: 0.1029 - accuracy: 0.9800 - val_loss: 0.4975 - val_accuracy: 0.9070
Epoch 340/350
391/391 - 23s - loss: 0.1012 - accuracy: 0.9806 - val_loss: 0.4977 - val_accuracy: 0.9072
Epoch 341/350
391/391 - 23s - loss: 0.1040 - accuracy: 0.9793 - val_loss: 0.4980 - val_accuracy: 0.9071
Epoch 342/350
391/391 - 23s - loss: 0.1027 - accuracy: 0.9802 - val_loss: 0.4976 - val_accuracy: 0.9074
Epoch 343/350
391/391 - 23s - loss: 0.1028 - accuracy: 0.9803 - val_loss: 0.4977 - val_accuracy: 0.9073
Epoch 344/350
391/391 - 23s - loss: 0.1038 - accuracy: 0.9799 - val_loss: 0.4978 - val_accuracy: 0.9075
Epoch 345/350
391/391 - 23s - loss: 0.1013 - accuracy: 0.9801 - val_loss: 0.4978 - val_accuracy: 0.9075
Epoch 346/350
391/391 - 23s - loss: 0.1011 - accuracy: 0.9809 - val_loss: 0.4979 - val_accuracy: 0.9070
Epoch 347/350
391/391 - 23s - loss: 0.1020 - accuracy: 0.9800 - val_loss: 0.4979 - val_accuracy: 0.9071
Epoch 348/350
391/391 - 23s - loss: 0.1020 - accuracy: 0.9804 - val_loss: 0.4977 - val_accuracy: 0.9070
Epoch 349/350
391/391 - 23s - loss: 0.1038 - accuracy: 0.9797 - val_loss: 0.4978 - val_accuracy: 0.9069
Epoch 350/350


Snapshot weight 8 shuffle 5 at epoch 350
Layer 11
Getting activations...


391/391 - 24s - loss: 0.1030 - accuracy: 0.9799 - val_loss: 0.4973 - val_accuracy: 0.9068
/usr/local/lib/python3.6/dist-packages/tensorflow/python/autograph/impl/api.py:493: UserWarning: fill_value is not supported and is always 0 for TensorFlow < 2.4.0.
  return py_builtins.overload_of(f)(*args)
WARNING:tensorflow:From /usr/local/lib/python3.6/dist-packages/tensorflow/python/training/tracking/tracking.py:111: Model.state_updates (from tensorflow.python.keras.engine.training) is deprecated and will be removed in a future version.
Instructions for updating:
This property should not be used in TensorFlow 2.0, as updates are applied automatically.
2021-07-02 11:49:47.569733: W tensorflow/python/util/util.cc:348] Sets are not currently considered sequences, but this may change in the future, so consider avoiding using them.
WARNING:tensorflow:From /usr/local/lib/python3.6/dist-packages/tensorflow/python/training/tracking/tracking.py:111: Layer.updates (from tensorflow.python.keras.engine.base_layer) is deprecated and will be removed in a future version.
Instructions for updating:
This property should not be used in TensorFlow 2.0, as updates are applied automatically.
Saving, final validation acc: 0.9067999720573425
