2021-07-02 04:52:51.506176: I tensorflow/stream_executor/platform/default/dso_loader.cc:48] Successfully opened dynamic library libcudart.so.10.1
2021-07-02 04:54:29.600301: I tensorflow/stream_executor/platform/default/dso_loader.cc:48] Successfully opened dynamic library libcuda.so.1
2021-07-02 04:54:29.637463: I tensorflow/core/common_runtime/gpu/gpu_device.cc:1716] Found device 0 with properties: 
pciBusID: 0000:02:00.0 name: NVIDIA TITAN Xp computeCapability: 6.1
coreClock: 1.582GHz coreCount: 30 deviceMemorySize: 11.91GiB deviceMemoryBandwidth: 510.07GiB/s
2021-07-02 04:54:29.637536: I tensorflow/stream_executor/platform/default/dso_loader.cc:48] Successfully opened dynamic library libcudart.so.10.1
2021-07-02 04:54:29.680204: I tensorflow/stream_executor/platform/default/dso_loader.cc:48] Successfully opened dynamic library libcublas.so.10
2021-07-02 04:54:29.701130: I tensorflow/stream_executor/platform/default/dso_loader.cc:48] Successfully opened dynamic library libcufft.so.10
2021-07-02 04:54:29.709723: I tensorflow/stream_executor/platform/default/dso_loader.cc:48] Successfully opened dynamic library libcurand.so.10
2021-07-02 04:54:29.753814: I tensorflow/stream_executor/platform/default/dso_loader.cc:48] Successfully opened dynamic library libcusolver.so.10
2021-07-02 04:54:29.762351: I tensorflow/stream_executor/platform/default/dso_loader.cc:48] Successfully opened dynamic library libcusparse.so.10
2021-07-02 04:54:29.841209: I tensorflow/stream_executor/platform/default/dso_loader.cc:48] Successfully opened dynamic library libcudnn.so.7
2021-07-02 04:54:29.847371: I tensorflow/core/common_runtime/gpu/gpu_device.cc:1858] Adding visible gpu devices: 0
2021-07-02 04:54:29.851236: I tensorflow/core/platform/cpu_feature_guard.cc:142] This TensorFlow binary is optimized with oneAPI Deep Neural Network Library (oneDNN)to use the following CPU instructions in performance-critical operations:  AVX2 FMA
To enable them in other operations, rebuild TensorFlow with the appropriate compiler flags.
2021-07-02 04:54:29.866973: I tensorflow/core/platform/profile_utils/cpu_utils.cc:104] CPU Frequency: 2600145000 Hz
2021-07-02 04:54:29.867098: I tensorflow/compiler/xla/service/service.cc:168] XLA service 0x46d79b0 initialized for platform Host (this does not guarantee that XLA will be used). Devices:
2021-07-02 04:54:29.867118: I tensorflow/compiler/xla/service/service.cc:176]   StreamExecutor device (0): Host, Default Version
2021-07-02 04:54:30.037220: I tensorflow/compiler/xla/service/service.cc:168] XLA service 0x46b8930 initialized for platform CUDA (this does not guarantee that XLA will be used). Devices:
2021-07-02 04:54:30.037296: I tensorflow/compiler/xla/service/service.cc:176]   StreamExecutor device (0): NVIDIA TITAN Xp, Compute Capability 6.1
2021-07-02 04:54:30.039754: I tensorflow/core/common_runtime/gpu/gpu_device.cc:1716] Found device 0 with properties: 
pciBusID: 0000:02:00.0 name: NVIDIA TITAN Xp computeCapability: 6.1
coreClock: 1.582GHz coreCount: 30 deviceMemorySize: 11.91GiB deviceMemoryBandwidth: 510.07GiB/s
2021-07-02 04:54:30.039794: I tensorflow/stream_executor/platform/default/dso_loader.cc:48] Successfully opened dynamic library libcudart.so.10.1
2021-07-02 04:54:30.039831: I tensorflow/stream_executor/platform/default/dso_loader.cc:48] Successfully opened dynamic library libcublas.so.10
2021-07-02 04:54:30.039854: I tensorflow/stream_executor/platform/default/dso_loader.cc:48] Successfully opened dynamic library libcufft.so.10
2021-07-02 04:54:30.039901: I tensorflow/stream_executor/platform/default/dso_loader.cc:48] Successfully opened dynamic library libcurand.so.10
2021-07-02 04:54:30.039925: I tensorflow/stream_executor/platform/default/dso_loader.cc:48] Successfully opened dynamic library libcusolver.so.10
2021-07-02 04:54:30.039948: I tensorflow/stream_executor/platform/default/dso_loader.cc:48] Successfully opened dynamic library libcusparse.so.10
2021-07-02 04:54:30.039970: I tensorflow/stream_executor/platform/default/dso_loader.cc:48] Successfully opened dynamic library libcudnn.so.7
2021-07-02 04:54:30.042541: I tensorflow/core/common_runtime/gpu/gpu_device.cc:1858] Adding visible gpu devices: 0
2021-07-02 04:54:30.044314: I tensorflow/stream_executor/platform/default/dso_loader.cc:48] Successfully opened dynamic library libcudart.so.10.1
2021-07-02 04:54:31.871795: I tensorflow/core/common_runtime/gpu/gpu_device.cc:1257] Device interconnect StreamExecutor with strength 1 edge matrix:
2021-07-02 04:54:31.871876: I tensorflow/core/common_runtime/gpu/gpu_device.cc:1263]      0 
2021-07-02 04:54:31.871892: I tensorflow/core/common_runtime/gpu/gpu_device.cc:1276] 0:   N 
2021-07-02 04:54:31.877787: I tensorflow/core/common_runtime/gpu/gpu_device.cc:1402] Created TensorFlow device (/job:localhost/replica:0/task:0/device:GPU:0 with 11218 MB memory) -> physical GPU (device: 0, name: NVIDIA TITAN Xp, pci bus id: 0000:02:00.0, compute capability: 6.1)
2021-07-02 04:54:37.609431: I tensorflow/stream_executor/platform/default/dso_loader.cc:48] Successfully opened dynamic library libcudnn.so.7
2021-07-02 04:54:40.128530: I tensorflow/stream_executor/platform/default/dso_loader.cc:48] Successfully opened dynamic library libcublas.so.10
Using model index: 46
Making train data...
GCN...
ZCA...
Done!
Making test data...
Done!
Epoch 1/350


Snapshot weight 6 shuffle 4 at epoch 1
Layer 11
Getting activations...


391/391 - 23s - loss: 2.3023 - accuracy: 0.1311 - val_loss: 2.6413 - val_accuracy: 0.1479
Epoch 2/350


Snapshot weight 6 shuffle 4 at epoch 2
Layer 11
Getting activations...


391/391 - 23s - loss: 1.9993 - accuracy: 0.2583 - val_loss: 1.7450 - val_accuracy: 0.3705
Epoch 3/350


Snapshot weight 6 shuffle 4 at epoch 3
Layer 11
Getting activations...


391/391 - 23s - loss: 1.6699 - accuracy: 0.3941 - val_loss: 1.5156 - val_accuracy: 0.4643
Epoch 4/350


Snapshot weight 6 shuffle 4 at epoch 4
Layer 11
Getting activations...


391/391 - 23s - loss: 1.4701 - accuracy: 0.4758 - val_loss: 1.2713 - val_accuracy: 0.5603
Epoch 5/350


Snapshot weight 6 shuffle 4 at epoch 5
Layer 11
Getting activations...


391/391 - 23s - loss: 1.3389 - accuracy: 0.5292 - val_loss: 1.2107 - val_accuracy: 0.5777
Epoch 6/350


Snapshot weight 6 shuffle 4 at epoch 6
Layer 11
Getting activations...


391/391 - 23s - loss: 1.2455 - accuracy: 0.5625 - val_loss: 1.1007 - val_accuracy: 0.6198
Epoch 7/350


Snapshot weight 6 shuffle 4 at epoch 7
Layer 11
Getting activations...


391/391 - 23s - loss: 1.1631 - accuracy: 0.5954 - val_loss: 1.0960 - val_accuracy: 0.6234
Epoch 8/350


Snapshot weight 6 shuffle 4 at epoch 8
Layer 11
Getting activations...


391/391 - 23s - loss: 1.1082 - accuracy: 0.6152 - val_loss: 1.0756 - val_accuracy: 0.6334
Epoch 9/350


Snapshot weight 6 shuffle 4 at epoch 9
Layer 11
Getting activations...


391/391 - 23s - loss: 1.0484 - accuracy: 0.6376 - val_loss: 1.0155 - val_accuracy: 0.6556
Epoch 10/350


Snapshot weight 6 shuffle 4 at epoch 10
Layer 11
Getting activations...


391/391 - 23s - loss: 1.0012 - accuracy: 0.6545 - val_loss: 0.9790 - val_accuracy: 0.6685
Epoch 11/350
391/391 - 23s - loss: 0.9597 - accuracy: 0.6689 - val_loss: 0.8662 - val_accuracy: 0.6994
Epoch 12/350
391/391 - 23s - loss: 0.9134 - accuracy: 0.6881 - val_loss: 0.8382 - val_accuracy: 0.7165
Epoch 13/350
391/391 - 23s - loss: 0.8827 - accuracy: 0.6967 - val_loss: 0.7927 - val_accuracy: 0.7267
Epoch 14/350
391/391 - 23s - loss: 0.8462 - accuracy: 0.7110 - val_loss: 0.8092 - val_accuracy: 0.7276
Epoch 15/350
391/391 - 23s - loss: 0.8122 - accuracy: 0.7252 - val_loss: 0.7197 - val_accuracy: 0.7581
Epoch 16/350
391/391 - 23s - loss: 0.7965 - accuracy: 0.7308 - val_loss: 0.7501 - val_accuracy: 0.7538
Epoch 17/350
391/391 - 23s - loss: 0.7593 - accuracy: 0.7436 - val_loss: 0.7431 - val_accuracy: 0.7537
Epoch 18/350
391/391 - 23s - loss: 0.7391 - accuracy: 0.7527 - val_loss: 0.6674 - val_accuracy: 0.7778
Epoch 19/350
391/391 - 23s - loss: 0.7181 - accuracy: 0.7585 - val_loss: 0.6521 - val_accuracy: 0.7877
Epoch 20/350
391/391 - 23s - loss: 0.6849 - accuracy: 0.7696 - val_loss: 0.6227 - val_accuracy: 0.7920
Epoch 21/350
391/391 - 23s - loss: 0.6719 - accuracy: 0.7757 - val_loss: 0.6949 - val_accuracy: 0.7706
Epoch 22/350
391/391 - 23s - loss: 0.6552 - accuracy: 0.7818 - val_loss: 0.6000 - val_accuracy: 0.8011
Epoch 23/350
391/391 - 23s - loss: 0.6439 - accuracy: 0.7851 - val_loss: 0.5870 - val_accuracy: 0.8065
Epoch 24/350
391/391 - 23s - loss: 0.6233 - accuracy: 0.7912 - val_loss: 0.5676 - val_accuracy: 0.8110
Epoch 25/350
391/391 - 23s - loss: 0.6038 - accuracy: 0.8004 - val_loss: 0.5979 - val_accuracy: 0.8069
Epoch 26/350
391/391 - 23s - loss: 0.5988 - accuracy: 0.8025 - val_loss: 0.5672 - val_accuracy: 0.8175
Epoch 27/350
391/391 - 23s - loss: 0.5841 - accuracy: 0.8074 - val_loss: 0.6273 - val_accuracy: 0.8026
Epoch 28/350
391/391 - 23s - loss: 0.5701 - accuracy: 0.8141 - val_loss: 0.5631 - val_accuracy: 0.8188
Epoch 29/350
391/391 - 23s - loss: 0.5534 - accuracy: 0.8185 - val_loss: 0.5693 - val_accuracy: 0.8193
Epoch 30/350
391/391 - 23s - loss: 0.5517 - accuracy: 0.8189 - val_loss: 0.5383 - val_accuracy: 0.8279
Epoch 31/350
391/391 - 23s - loss: 0.5484 - accuracy: 0.8197 - val_loss: 0.5162 - val_accuracy: 0.8382
Epoch 32/350
391/391 - 23s - loss: 0.5303 - accuracy: 0.8252 - val_loss: 0.5673 - val_accuracy: 0.8194
Epoch 33/350
391/391 - 23s - loss: 0.5175 - accuracy: 0.8299 - val_loss: 0.4991 - val_accuracy: 0.8396
Epoch 34/350
391/391 - 23s - loss: 0.5103 - accuracy: 0.8330 - val_loss: 0.5182 - val_accuracy: 0.8305
Epoch 35/350
391/391 - 23s - loss: 0.5013 - accuracy: 0.8366 - val_loss: 0.5029 - val_accuracy: 0.8392
Epoch 36/350
391/391 - 23s - loss: 0.4918 - accuracy: 0.8387 - val_loss: 0.5059 - val_accuracy: 0.8401
Epoch 37/350
391/391 - 23s - loss: 0.4878 - accuracy: 0.8404 - val_loss: 0.5013 - val_accuracy: 0.8414
Epoch 38/350
391/391 - 23s - loss: 0.4805 - accuracy: 0.8437 - val_loss: 0.5045 - val_accuracy: 0.8415
Epoch 39/350
391/391 - 23s - loss: 0.4704 - accuracy: 0.8471 - val_loss: 0.4816 - val_accuracy: 0.8527
Epoch 40/350
391/391 - 23s - loss: 0.4660 - accuracy: 0.8494 - val_loss: 0.4846 - val_accuracy: 0.8489
Epoch 41/350
391/391 - 23s - loss: 0.4521 - accuracy: 0.8539 - val_loss: 0.4542 - val_accuracy: 0.8561
Epoch 42/350
391/391 - 23s - loss: 0.4503 - accuracy: 0.8537 - val_loss: 0.5161 - val_accuracy: 0.8435
Epoch 43/350
391/391 - 23s - loss: 0.4459 - accuracy: 0.8559 - val_loss: 0.4649 - val_accuracy: 0.8575
Epoch 44/350
391/391 - 23s - loss: 0.4402 - accuracy: 0.8575 - val_loss: 0.4400 - val_accuracy: 0.8611
Epoch 45/350
391/391 - 23s - loss: 0.4336 - accuracy: 0.8595 - val_loss: 0.4804 - val_accuracy: 0.8536
Epoch 46/350
391/391 - 23s - loss: 0.4309 - accuracy: 0.8600 - val_loss: 0.4760 - val_accuracy: 0.8495
Epoch 47/350
391/391 - 23s - loss: 0.4211 - accuracy: 0.8642 - val_loss: 0.4574 - val_accuracy: 0.8578
Epoch 48/350
391/391 - 23s - loss: 0.4157 - accuracy: 0.8659 - val_loss: 0.4445 - val_accuracy: 0.8623
Epoch 49/350
391/391 - 23s - loss: 0.4150 - accuracy: 0.8654 - val_loss: 0.4676 - val_accuracy: 0.8545
Epoch 50/350


Snapshot weight 6 shuffle 4 at epoch 50
Layer 11
Getting activations...


391/391 - 23s - loss: 0.4035 - accuracy: 0.8698 - val_loss: 0.4534 - val_accuracy: 0.8590
Epoch 51/350
391/391 - 23s - loss: 0.4063 - accuracy: 0.8685 - val_loss: 0.4372 - val_accuracy: 0.8674
Epoch 52/350
391/391 - 23s - loss: 0.4006 - accuracy: 0.8725 - val_loss: 0.4579 - val_accuracy: 0.8634
Epoch 53/350
391/391 - 23s - loss: 0.3937 - accuracy: 0.8728 - val_loss: 0.4176 - val_accuracy: 0.8692
Epoch 54/350
391/391 - 23s - loss: 0.3908 - accuracy: 0.8735 - val_loss: 0.4595 - val_accuracy: 0.8653
Epoch 55/350
391/391 - 23s - loss: 0.3837 - accuracy: 0.8771 - val_loss: 0.4483 - val_accuracy: 0.8678
Epoch 56/350
391/391 - 23s - loss: 0.3782 - accuracy: 0.8794 - val_loss: 0.4401 - val_accuracy: 0.8692
Epoch 57/350
391/391 - 23s - loss: 0.3744 - accuracy: 0.8806 - val_loss: 0.4417 - val_accuracy: 0.8705
Epoch 58/350
391/391 - 23s - loss: 0.3697 - accuracy: 0.8820 - val_loss: 0.4492 - val_accuracy: 0.8639
Epoch 59/350
391/391 - 23s - loss: 0.3686 - accuracy: 0.8817 - val_loss: 0.5322 - val_accuracy: 0.8493
Epoch 60/350
391/391 - 23s - loss: 0.3644 - accuracy: 0.8832 - val_loss: 0.4573 - val_accuracy: 0.8643
Epoch 61/350
391/391 - 23s - loss: 0.3613 - accuracy: 0.8850 - val_loss: 0.4713 - val_accuracy: 0.8592
Epoch 62/350
391/391 - 23s - loss: 0.3515 - accuracy: 0.8898 - val_loss: 0.4527 - val_accuracy: 0.8680
Epoch 63/350
391/391 - 23s - loss: 0.3475 - accuracy: 0.8893 - val_loss: 0.4370 - val_accuracy: 0.8681
Epoch 64/350
391/391 - 23s - loss: 0.3475 - accuracy: 0.8894 - val_loss: 0.4773 - val_accuracy: 0.8616
Epoch 65/350
391/391 - 23s - loss: 0.3422 - accuracy: 0.8914 - val_loss: 0.4229 - val_accuracy: 0.8738
Epoch 66/350
391/391 - 23s - loss: 0.3440 - accuracy: 0.8915 - val_loss: 0.4235 - val_accuracy: 0.8758
Epoch 67/350
391/391 - 23s - loss: 0.3366 - accuracy: 0.8937 - val_loss: 0.4759 - val_accuracy: 0.8654
Epoch 68/350
391/391 - 23s - loss: 0.3358 - accuracy: 0.8936 - val_loss: 0.4446 - val_accuracy: 0.8713
Epoch 69/350
391/391 - 23s - loss: 0.3335 - accuracy: 0.8951 - val_loss: 0.4300 - val_accuracy: 0.8737
Epoch 70/350
391/391 - 23s - loss: 0.3311 - accuracy: 0.8954 - val_loss: 0.4392 - val_accuracy: 0.8743
Epoch 71/350
391/391 - 23s - loss: 0.3268 - accuracy: 0.8995 - val_loss: 0.4339 - val_accuracy: 0.8741
Epoch 72/350
391/391 - 23s - loss: 0.3267 - accuracy: 0.8974 - val_loss: 0.4085 - val_accuracy: 0.8851
Epoch 73/350
391/391 - 23s - loss: 0.3213 - accuracy: 0.8985 - val_loss: 0.4405 - val_accuracy: 0.8765
Epoch 74/350
391/391 - 23s - loss: 0.3167 - accuracy: 0.9006 - val_loss: 0.4233 - val_accuracy: 0.8787
Epoch 75/350
391/391 - 23s - loss: 0.3168 - accuracy: 0.9014 - val_loss: 0.4323 - val_accuracy: 0.8751
Epoch 76/350
391/391 - 23s - loss: 0.3143 - accuracy: 0.9017 - val_loss: 0.4305 - val_accuracy: 0.8750
Epoch 77/350
391/391 - 23s - loss: 0.3092 - accuracy: 0.9033 - val_loss: 0.4825 - val_accuracy: 0.8683
Epoch 78/350
391/391 - 23s - loss: 0.3022 - accuracy: 0.9053 - val_loss: 0.4488 - val_accuracy: 0.8733
Epoch 79/350
391/391 - 23s - loss: 0.3019 - accuracy: 0.9050 - val_loss: 0.4514 - val_accuracy: 0.8758
Epoch 80/350
391/391 - 23s - loss: 0.3003 - accuracy: 0.9078 - val_loss: 0.4602 - val_accuracy: 0.8687
Epoch 81/350
391/391 - 23s - loss: 0.3006 - accuracy: 0.9066 - val_loss: 0.4274 - val_accuracy: 0.8804
Epoch 82/350
391/391 - 23s - loss: 0.2966 - accuracy: 0.9071 - val_loss: 0.4182 - val_accuracy: 0.8832
Epoch 83/350
391/391 - 23s - loss: 0.2954 - accuracy: 0.9084 - val_loss: 0.4445 - val_accuracy: 0.8776
Epoch 84/350
391/391 - 23s - loss: 0.2952 - accuracy: 0.9077 - val_loss: 0.4473 - val_accuracy: 0.8781
Epoch 85/350
391/391 - 23s - loss: 0.2883 - accuracy: 0.9117 - val_loss: 0.4201 - val_accuracy: 0.8820
Epoch 86/350
391/391 - 23s - loss: 0.2832 - accuracy: 0.9122 - val_loss: 0.4226 - val_accuracy: 0.8830
Epoch 87/350
391/391 - 23s - loss: 0.2853 - accuracy: 0.9100 - val_loss: 0.4242 - val_accuracy: 0.8813
Epoch 88/350
391/391 - 23s - loss: 0.2806 - accuracy: 0.9131 - val_loss: 0.4250 - val_accuracy: 0.8821
Epoch 89/350
391/391 - 23s - loss: 0.2787 - accuracy: 0.9145 - val_loss: 0.4470 - val_accuracy: 0.8775
Epoch 90/350
391/391 - 23s - loss: 0.2827 - accuracy: 0.9132 - val_loss: 0.4210 - val_accuracy: 0.8802
Epoch 91/350
391/391 - 23s - loss: 0.2759 - accuracy: 0.9158 - val_loss: 0.4219 - val_accuracy: 0.8872
Epoch 92/350
391/391 - 23s - loss: 0.2768 - accuracy: 0.9157 - val_loss: 0.4353 - val_accuracy: 0.8773
Epoch 93/350
391/391 - 23s - loss: 0.2739 - accuracy: 0.9151 - val_loss: 0.4233 - val_accuracy: 0.8813
Epoch 94/350
391/391 - 23s - loss: 0.2751 - accuracy: 0.9164 - val_loss: 0.4266 - val_accuracy: 0.8811
Epoch 95/350
391/391 - 23s - loss: 0.2726 - accuracy: 0.9173 - val_loss: 0.4498 - val_accuracy: 0.8794
Epoch 96/350
391/391 - 23s - loss: 0.2698 - accuracy: 0.9177 - val_loss: 0.4351 - val_accuracy: 0.8826
Epoch 97/350
391/391 - 23s - loss: 0.2677 - accuracy: 0.9184 - val_loss: 0.4152 - val_accuracy: 0.8881
Epoch 98/350
391/391 - 23s - loss: 0.2616 - accuracy: 0.9203 - val_loss: 0.4079 - val_accuracy: 0.8893
Epoch 99/350
391/391 - 23s - loss: 0.2630 - accuracy: 0.9205 - val_loss: 0.4111 - val_accuracy: 0.8882
Epoch 100/350


Snapshot weight 6 shuffle 4 at epoch 100
Layer 11
Getting activations...


391/391 - 23s - loss: 0.2580 - accuracy: 0.9214 - val_loss: 0.4274 - val_accuracy: 0.8849
Epoch 101/350
391/391 - 23s - loss: 0.2578 - accuracy: 0.9214 - val_loss: 0.4373 - val_accuracy: 0.8798
Epoch 102/350
391/391 - 23s - loss: 0.2583 - accuracy: 0.9219 - val_loss: 0.4143 - val_accuracy: 0.8866
Epoch 103/350
391/391 - 23s - loss: 0.2531 - accuracy: 0.9244 - val_loss: 0.4572 - val_accuracy: 0.8810
Epoch 104/350
391/391 - 23s - loss: 0.2544 - accuracy: 0.9221 - val_loss: 0.4187 - val_accuracy: 0.8890
Epoch 105/350
391/391 - 23s - loss: 0.2498 - accuracy: 0.9250 - val_loss: 0.4232 - val_accuracy: 0.8832
Epoch 106/350
391/391 - 23s - loss: 0.2497 - accuracy: 0.9254 - val_loss: 0.4213 - val_accuracy: 0.8873
Epoch 107/350
391/391 - 23s - loss: 0.2511 - accuracy: 0.9251 - val_loss: 0.4237 - val_accuracy: 0.8899
Epoch 108/350
391/391 - 23s - loss: 0.2447 - accuracy: 0.9279 - val_loss: 0.4049 - val_accuracy: 0.8908
Epoch 109/350
391/391 - 23s - loss: 0.2490 - accuracy: 0.9246 - val_loss: 0.3991 - val_accuracy: 0.8906
Epoch 110/350
391/391 - 23s - loss: 0.2420 - accuracy: 0.9276 - val_loss: 0.4257 - val_accuracy: 0.8902
Epoch 111/350
391/391 - 23s - loss: 0.2422 - accuracy: 0.9275 - val_loss: 0.4556 - val_accuracy: 0.8837
Epoch 112/350
391/391 - 23s - loss: 0.2453 - accuracy: 0.9260 - val_loss: 0.4191 - val_accuracy: 0.8912
Epoch 113/350
391/391 - 23s - loss: 0.2397 - accuracy: 0.9283 - val_loss: 0.4267 - val_accuracy: 0.8887
Epoch 114/350
391/391 - 23s - loss: 0.2352 - accuracy: 0.9307 - val_loss: 0.4282 - val_accuracy: 0.8917
Epoch 115/350
391/391 - 23s - loss: 0.2338 - accuracy: 0.9304 - val_loss: 0.4311 - val_accuracy: 0.8898
Epoch 116/350
391/391 - 23s - loss: 0.2408 - accuracy: 0.9272 - val_loss: 0.4692 - val_accuracy: 0.8809
Epoch 117/350
391/391 - 23s - loss: 0.2354 - accuracy: 0.9306 - val_loss: 0.4180 - val_accuracy: 0.8940
Epoch 118/350
391/391 - 23s - loss: 0.2333 - accuracy: 0.9308 - val_loss: 0.4264 - val_accuracy: 0.8870
Epoch 119/350
391/391 - 23s - loss: 0.2291 - accuracy: 0.9332 - val_loss: 0.4689 - val_accuracy: 0.8836
Epoch 120/350
391/391 - 23s - loss: 0.2273 - accuracy: 0.9336 - val_loss: 0.3946 - val_accuracy: 0.8940
Epoch 121/350
391/391 - 23s - loss: 0.2285 - accuracy: 0.9337 - val_loss: 0.4198 - val_accuracy: 0.8883
Epoch 122/350
391/391 - 23s - loss: 0.2242 - accuracy: 0.9358 - val_loss: 0.4257 - val_accuracy: 0.8913
Epoch 123/350
391/391 - 23s - loss: 0.2258 - accuracy: 0.9333 - val_loss: 0.4265 - val_accuracy: 0.8876
Epoch 124/350
391/391 - 23s - loss: 0.2241 - accuracy: 0.9341 - val_loss: 0.4319 - val_accuracy: 0.8905
Epoch 125/350
391/391 - 23s - loss: 0.2263 - accuracy: 0.9341 - val_loss: 0.4497 - val_accuracy: 0.8883
Epoch 126/350
391/391 - 23s - loss: 0.2176 - accuracy: 0.9364 - val_loss: 0.4341 - val_accuracy: 0.8919
Epoch 127/350
391/391 - 23s - loss: 0.2256 - accuracy: 0.9336 - val_loss: 0.4253 - val_accuracy: 0.8946
Epoch 128/350
391/391 - 23s - loss: 0.2238 - accuracy: 0.9355 - val_loss: 0.4170 - val_accuracy: 0.8929
Epoch 129/350
391/391 - 23s - loss: 0.2231 - accuracy: 0.9344 - val_loss: 0.4506 - val_accuracy: 0.8908
Epoch 130/350
391/391 - 23s - loss: 0.2222 - accuracy: 0.9351 - val_loss: 0.4196 - val_accuracy: 0.8922
Epoch 131/350
391/391 - 23s - loss: 0.2200 - accuracy: 0.9361 - val_loss: 0.4222 - val_accuracy: 0.8933
Epoch 132/350
391/391 - 23s - loss: 0.2136 - accuracy: 0.9379 - val_loss: 0.4352 - val_accuracy: 0.8897
Epoch 133/350
391/391 - 23s - loss: 0.2182 - accuracy: 0.9375 - val_loss: 0.4362 - val_accuracy: 0.8893
Epoch 134/350
391/391 - 23s - loss: 0.2115 - accuracy: 0.9403 - val_loss: 0.4325 - val_accuracy: 0.8912
Epoch 135/350
391/391 - 23s - loss: 0.2142 - accuracy: 0.9376 - val_loss: 0.4255 - val_accuracy: 0.8927
Epoch 136/350
391/391 - 23s - loss: 0.2133 - accuracy: 0.9385 - val_loss: 0.4143 - val_accuracy: 0.8960
Epoch 137/350
391/391 - 23s - loss: 0.2101 - accuracy: 0.9397 - val_loss: 0.4531 - val_accuracy: 0.8906
Epoch 138/350
391/391 - 23s - loss: 0.2074 - accuracy: 0.9419 - val_loss: 0.4384 - val_accuracy: 0.8956
Epoch 139/350
391/391 - 23s - loss: 0.2067 - accuracy: 0.9421 - val_loss: 0.4456 - val_accuracy: 0.8902
Epoch 140/350
391/391 - 23s - loss: 0.2075 - accuracy: 0.9414 - val_loss: 0.4002 - val_accuracy: 0.9003
Epoch 141/350
391/391 - 23s - loss: 0.2063 - accuracy: 0.9425 - val_loss: 0.4231 - val_accuracy: 0.8956
Epoch 142/350
391/391 - 23s - loss: 0.2038 - accuracy: 0.9426 - val_loss: 0.4314 - val_accuracy: 0.8924
Epoch 143/350
391/391 - 23s - loss: 0.2089 - accuracy: 0.9415 - val_loss: 0.4466 - val_accuracy: 0.8905
Epoch 144/350
391/391 - 23s - loss: 0.2064 - accuracy: 0.9407 - val_loss: 0.4510 - val_accuracy: 0.8904
Epoch 145/350
391/391 - 23s - loss: 0.2060 - accuracy: 0.9419 - val_loss: 0.4386 - val_accuracy: 0.8958
Epoch 146/350
391/391 - 23s - loss: 0.1988 - accuracy: 0.9445 - val_loss: 0.4262 - val_accuracy: 0.8986
Epoch 147/350
391/391 - 23s - loss: 0.2000 - accuracy: 0.9440 - val_loss: 0.4298 - val_accuracy: 0.8967
Epoch 148/350
391/391 - 23s - loss: 0.2006 - accuracy: 0.9443 - val_loss: 0.4292 - val_accuracy: 0.8970
Epoch 149/350
391/391 - 23s - loss: 0.2011 - accuracy: 0.9426 - val_loss: 0.4323 - val_accuracy: 0.8952
Epoch 150/350


Snapshot weight 6 shuffle 4 at epoch 150
Layer 11
Getting activations...


391/391 - 23s - loss: 0.1957 - accuracy: 0.9450 - val_loss: 0.4699 - val_accuracy: 0.8923
Epoch 151/350
391/391 - 23s - loss: 0.1969 - accuracy: 0.9443 - val_loss: 0.4536 - val_accuracy: 0.8923
Epoch 152/350
391/391 - 23s - loss: 0.1960 - accuracy: 0.9451 - val_loss: 0.4281 - val_accuracy: 0.8948
Epoch 153/350
391/391 - 23s - loss: 0.1966 - accuracy: 0.9464 - val_loss: 0.4711 - val_accuracy: 0.8896
Epoch 154/350
391/391 - 23s - loss: 0.1941 - accuracy: 0.9470 - val_loss: 0.4533 - val_accuracy: 0.8939
Epoch 155/350
391/391 - 23s - loss: 0.1960 - accuracy: 0.9447 - val_loss: 0.4360 - val_accuracy: 0.8952
Epoch 156/350
391/391 - 23s - loss: 0.1931 - accuracy: 0.9463 - val_loss: 0.4606 - val_accuracy: 0.8904
Epoch 157/350
391/391 - 23s - loss: 0.1931 - accuracy: 0.9465 - val_loss: 0.4313 - val_accuracy: 0.8954
Epoch 158/350
391/391 - 23s - loss: 0.1915 - accuracy: 0.9461 - val_loss: 0.4856 - val_accuracy: 0.8891
Epoch 159/350
391/391 - 23s - loss: 0.1904 - accuracy: 0.9482 - val_loss: 0.4455 - val_accuracy: 0.8967
Epoch 160/350
391/391 - 23s - loss: 0.1860 - accuracy: 0.9490 - val_loss: 0.4462 - val_accuracy: 0.8944
Epoch 161/350
391/391 - 23s - loss: 0.1868 - accuracy: 0.9488 - val_loss: 0.4419 - val_accuracy: 0.8990
Epoch 162/350
391/391 - 23s - loss: 0.1868 - accuracy: 0.9485 - val_loss: 0.4486 - val_accuracy: 0.8940
Epoch 163/350
391/391 - 23s - loss: 0.1890 - accuracy: 0.9478 - val_loss: 0.4602 - val_accuracy: 0.8918
Epoch 164/350
391/391 - 23s - loss: 0.1832 - accuracy: 0.9488 - val_loss: 0.4421 - val_accuracy: 0.8954
Epoch 165/350
391/391 - 23s - loss: 0.1933 - accuracy: 0.9465 - val_loss: 0.4462 - val_accuracy: 0.8939
Epoch 166/350
391/391 - 23s - loss: 0.1878 - accuracy: 0.9479 - val_loss: 0.4956 - val_accuracy: 0.8913
Epoch 167/350
391/391 - 23s - loss: 0.1864 - accuracy: 0.9506 - val_loss: 0.4252 - val_accuracy: 0.8949
Epoch 168/350
391/391 - 23s - loss: 0.1864 - accuracy: 0.9489 - val_loss: 0.4349 - val_accuracy: 0.8966
Epoch 169/350
391/391 - 23s - loss: 0.1791 - accuracy: 0.9515 - val_loss: 0.4957 - val_accuracy: 0.8899
Epoch 170/350
391/391 - 23s - loss: 0.1839 - accuracy: 0.9512 - val_loss: 0.4555 - val_accuracy: 0.8928
Epoch 171/350
391/391 - 23s - loss: 0.1864 - accuracy: 0.9506 - val_loss: 0.4519 - val_accuracy: 0.8955
Epoch 172/350
391/391 - 23s - loss: 0.1757 - accuracy: 0.9535 - val_loss: 0.4519 - val_accuracy: 0.8983
Epoch 173/350
391/391 - 23s - loss: 0.1825 - accuracy: 0.9503 - val_loss: 0.4750 - val_accuracy: 0.8921
Epoch 174/350
391/391 - 23s - loss: 0.1811 - accuracy: 0.9524 - val_loss: 0.4524 - val_accuracy: 0.8954
Epoch 175/350
391/391 - 23s - loss: 0.1755 - accuracy: 0.9530 - val_loss: 0.4626 - val_accuracy: 0.8964
Epoch 176/350
391/391 - 23s - loss: 0.1778 - accuracy: 0.9530 - val_loss: 0.4760 - val_accuracy: 0.8908
Epoch 177/350
391/391 - 23s - loss: 0.1826 - accuracy: 0.9514 - val_loss: 0.4307 - val_accuracy: 0.9015
Epoch 178/350
391/391 - 23s - loss: 0.1775 - accuracy: 0.9527 - val_loss: 0.4509 - val_accuracy: 0.9009
Epoch 179/350
391/391 - 23s - loss: 0.1787 - accuracy: 0.9527 - val_loss: 0.4888 - val_accuracy: 0.8924
Epoch 180/350
391/391 - 23s - loss: 0.1761 - accuracy: 0.9543 - val_loss: 0.4682 - val_accuracy: 0.8979
Epoch 181/350
391/391 - 23s - loss: 0.1736 - accuracy: 0.9536 - val_loss: 0.4518 - val_accuracy: 0.9006
Epoch 182/350
391/391 - 23s - loss: 0.1791 - accuracy: 0.9522 - val_loss: 0.4586 - val_accuracy: 0.9005
Epoch 183/350
391/391 - 23s - loss: 0.1730 - accuracy: 0.9551 - val_loss: 0.4650 - val_accuracy: 0.8970
Epoch 184/350
391/391 - 23s - loss: 0.1748 - accuracy: 0.9528 - val_loss: 0.4416 - val_accuracy: 0.8999
Epoch 185/350
391/391 - 23s - loss: 0.1767 - accuracy: 0.9533 - val_loss: 0.5020 - val_accuracy: 0.8909
Epoch 186/350
391/391 - 23s - loss: 0.1777 - accuracy: 0.9533 - val_loss: 0.4546 - val_accuracy: 0.8941
Epoch 187/350
391/391 - 23s - loss: 0.1761 - accuracy: 0.9537 - val_loss: 0.4523 - val_accuracy: 0.8981
Epoch 188/350
391/391 - 23s - loss: 0.1677 - accuracy: 0.9571 - val_loss: 0.4541 - val_accuracy: 0.8972
Epoch 189/350
391/391 - 23s - loss: 0.1727 - accuracy: 0.9547 - val_loss: 0.4731 - val_accuracy: 0.8987
Epoch 190/350
391/391 - 23s - loss: 0.1756 - accuracy: 0.9537 - val_loss: 0.4771 - val_accuracy: 0.8970
Epoch 191/350
391/391 - 23s - loss: 0.1680 - accuracy: 0.9565 - val_loss: 0.5211 - val_accuracy: 0.8920
Epoch 192/350
391/391 - 23s - loss: 0.1688 - accuracy: 0.9571 - val_loss: 0.4950 - val_accuracy: 0.8969
Epoch 193/350
391/391 - 23s - loss: 0.1678 - accuracy: 0.9575 - val_loss: 0.4835 - val_accuracy: 0.8988
Epoch 194/350
391/391 - 23s - loss: 0.1661 - accuracy: 0.9576 - val_loss: 0.4655 - val_accuracy: 0.8984
Epoch 195/350
391/391 - 23s - loss: 0.1661 - accuracy: 0.9573 - val_loss: 0.4489 - val_accuracy: 0.9027
Epoch 196/350
391/391 - 23s - loss: 0.1670 - accuracy: 0.9571 - val_loss: 0.4604 - val_accuracy: 0.9016
Epoch 197/350
391/391 - 23s - loss: 0.1656 - accuracy: 0.9571 - val_loss: 0.4889 - val_accuracy: 0.8966
Epoch 198/350
391/391 - 23s - loss: 0.1662 - accuracy: 0.9579 - val_loss: 0.4880 - val_accuracy: 0.9008
Epoch 199/350
391/391 - 23s - loss: 0.1679 - accuracy: 0.9576 - val_loss: 0.4838 - val_accuracy: 0.8998
Epoch 200/350


Snapshot weight 6 shuffle 4 at epoch 200
Layer 11
Getting activations...


391/391 - 23s - loss: 0.1690 - accuracy: 0.9554 - val_loss: 0.4826 - val_accuracy: 0.8961
Epoch 201/350
391/391 - 23s - loss: 0.1363 - accuracy: 0.9688 - val_loss: 0.4523 - val_accuracy: 0.9090
Epoch 202/350
391/391 - 23s - loss: 0.1308 - accuracy: 0.9706 - val_loss: 0.4484 - val_accuracy: 0.9100
Epoch 203/350
391/391 - 23s - loss: 0.1266 - accuracy: 0.9715 - val_loss: 0.4449 - val_accuracy: 0.9119
Epoch 204/350
391/391 - 23s - loss: 0.1237 - accuracy: 0.9731 - val_loss: 0.4447 - val_accuracy: 0.9110
Epoch 205/350
391/391 - 23s - loss: 0.1258 - accuracy: 0.9725 - val_loss: 0.4535 - val_accuracy: 0.9097
Epoch 206/350
391/391 - 23s - loss: 0.1216 - accuracy: 0.9734 - val_loss: 0.4532 - val_accuracy: 0.9098
Epoch 207/350
391/391 - 23s - loss: 0.1210 - accuracy: 0.9742 - val_loss: 0.4467 - val_accuracy: 0.9111
Epoch 208/350
391/391 - 23s - loss: 0.1198 - accuracy: 0.9742 - val_loss: 0.4550 - val_accuracy: 0.9113
Epoch 209/350
391/391 - 23s - loss: 0.1169 - accuracy: 0.9748 - val_loss: 0.4513 - val_accuracy: 0.9109
Epoch 210/350
391/391 - 23s - loss: 0.1156 - accuracy: 0.9755 - val_loss: 0.4575 - val_accuracy: 0.9115
Epoch 211/350
391/391 - 23s - loss: 0.1149 - accuracy: 0.9765 - val_loss: 0.4642 - val_accuracy: 0.9105
Epoch 212/350
391/391 - 23s - loss: 0.1143 - accuracy: 0.9761 - val_loss: 0.4691 - val_accuracy: 0.9096
Epoch 213/350
391/391 - 23s - loss: 0.1156 - accuracy: 0.9753 - val_loss: 0.4682 - val_accuracy: 0.9114
Epoch 214/350
391/391 - 23s - loss: 0.1151 - accuracy: 0.9760 - val_loss: 0.4679 - val_accuracy: 0.9102
Epoch 215/350
391/391 - 23s - loss: 0.1160 - accuracy: 0.9757 - val_loss: 0.4686 - val_accuracy: 0.9097
Epoch 216/350
391/391 - 23s - loss: 0.1140 - accuracy: 0.9755 - val_loss: 0.4753 - val_accuracy: 0.9113
Epoch 217/350
391/391 - 23s - loss: 0.1146 - accuracy: 0.9764 - val_loss: 0.4869 - val_accuracy: 0.9097
Epoch 218/350
391/391 - 23s - loss: 0.1097 - accuracy: 0.9773 - val_loss: 0.4697 - val_accuracy: 0.9126
Epoch 219/350
391/391 - 23s - loss: 0.1120 - accuracy: 0.9764 - val_loss: 0.4670 - val_accuracy: 0.9117
Epoch 220/350
391/391 - 23s - loss: 0.1096 - accuracy: 0.9774 - val_loss: 0.4767 - val_accuracy: 0.9107
Epoch 221/350
391/391 - 23s - loss: 0.1121 - accuracy: 0.9765 - val_loss: 0.4728 - val_accuracy: 0.9117
Epoch 222/350
391/391 - 23s - loss: 0.1114 - accuracy: 0.9767 - val_loss: 0.4789 - val_accuracy: 0.9106
Epoch 223/350
391/391 - 23s - loss: 0.1116 - accuracy: 0.9775 - val_loss: 0.4779 - val_accuracy: 0.9103
Epoch 224/350
391/391 - 23s - loss: 0.1102 - accuracy: 0.9778 - val_loss: 0.4788 - val_accuracy: 0.9113
Epoch 225/350
391/391 - 23s - loss: 0.1084 - accuracy: 0.9780 - val_loss: 0.4821 - val_accuracy: 0.9111
Epoch 226/350
391/391 - 23s - loss: 0.1106 - accuracy: 0.9769 - val_loss: 0.4696 - val_accuracy: 0.9122
Epoch 227/350
391/391 - 23s - loss: 0.1108 - accuracy: 0.9772 - val_loss: 0.4733 - val_accuracy: 0.9116
Epoch 228/350
391/391 - 23s - loss: 0.1117 - accuracy: 0.9761 - val_loss: 0.4860 - val_accuracy: 0.9095
Epoch 229/350
391/391 - 23s - loss: 0.1116 - accuracy: 0.9770 - val_loss: 0.4720 - val_accuracy: 0.9100
Epoch 230/350
391/391 - 23s - loss: 0.1052 - accuracy: 0.9793 - val_loss: 0.4802 - val_accuracy: 0.9106
Epoch 231/350
391/391 - 23s - loss: 0.1086 - accuracy: 0.9769 - val_loss: 0.4768 - val_accuracy: 0.9114
Epoch 232/350
391/391 - 23s - loss: 0.1104 - accuracy: 0.9777 - val_loss: 0.4844 - val_accuracy: 0.9105
Epoch 233/350
391/391 - 23s - loss: 0.1082 - accuracy: 0.9784 - val_loss: 0.4821 - val_accuracy: 0.9110
Epoch 234/350
391/391 - 23s - loss: 0.1069 - accuracy: 0.9787 - val_loss: 0.4782 - val_accuracy: 0.9107
Epoch 235/350
391/391 - 23s - loss: 0.1075 - accuracy: 0.9779 - val_loss: 0.4995 - val_accuracy: 0.9093
Epoch 236/350
391/391 - 23s - loss: 0.1065 - accuracy: 0.9782 - val_loss: 0.4870 - val_accuracy: 0.9109
Epoch 237/350
391/391 - 23s - loss: 0.1060 - accuracy: 0.9784 - val_loss: 0.4833 - val_accuracy: 0.9119
Epoch 238/350
391/391 - 23s - loss: 0.1065 - accuracy: 0.9792 - val_loss: 0.4777 - val_accuracy: 0.9117
Epoch 239/350
391/391 - 23s - loss: 0.1084 - accuracy: 0.9778 - val_loss: 0.4860 - val_accuracy: 0.9126
Epoch 240/350
391/391 - 23s - loss: 0.1081 - accuracy: 0.9783 - val_loss: 0.4791 - val_accuracy: 0.9100
Epoch 241/350
391/391 - 22s - loss: 0.1045 - accuracy: 0.9791 - val_loss: 0.4989 - val_accuracy: 0.9107
Epoch 242/350
391/391 - 23s - loss: 0.1084 - accuracy: 0.9784 - val_loss: 0.4887 - val_accuracy: 0.9102
Epoch 243/350
391/391 - 23s - loss: 0.1057 - accuracy: 0.9796 - val_loss: 0.4955 - val_accuracy: 0.9106
Epoch 244/350
391/391 - 23s - loss: 0.1042 - accuracy: 0.9791 - val_loss: 0.4867 - val_accuracy: 0.9117
Epoch 245/350
391/391 - 23s - loss: 0.1063 - accuracy: 0.9788 - val_loss: 0.4922 - val_accuracy: 0.9114
Epoch 246/350
391/391 - 23s - loss: 0.1049 - accuracy: 0.9789 - val_loss: 0.4956 - val_accuracy: 0.9105
Epoch 247/350
391/391 - 23s - loss: 0.1045 - accuracy: 0.9791 - val_loss: 0.4834 - val_accuracy: 0.9117
Epoch 248/350
391/391 - 23s - loss: 0.1032 - accuracy: 0.9796 - val_loss: 0.4929 - val_accuracy: 0.9105
Epoch 249/350
391/391 - 23s - loss: 0.1059 - accuracy: 0.9785 - val_loss: 0.4966 - val_accuracy: 0.9099
Epoch 250/350


Snapshot weight 6 shuffle 4 at epoch 250
Layer 11
Getting activations...


391/391 - 23s - loss: 0.1073 - accuracy: 0.9781 - val_loss: 0.4814 - val_accuracy: 0.9102
Epoch 251/350
391/391 - 23s - loss: 0.1056 - accuracy: 0.9793 - val_loss: 0.4833 - val_accuracy: 0.9112
Epoch 252/350
391/391 - 23s - loss: 0.1026 - accuracy: 0.9804 - val_loss: 0.4858 - val_accuracy: 0.9112
Epoch 253/350
391/391 - 23s - loss: 0.1025 - accuracy: 0.9808 - val_loss: 0.4873 - val_accuracy: 0.9112
Epoch 254/350
391/391 - 22s - loss: 0.1037 - accuracy: 0.9796 - val_loss: 0.4873 - val_accuracy: 0.9122
Epoch 255/350
391/391 - 23s - loss: 0.1034 - accuracy: 0.9794 - val_loss: 0.4862 - val_accuracy: 0.9122
Epoch 256/350
391/391 - 23s - loss: 0.1029 - accuracy: 0.9798 - val_loss: 0.4880 - val_accuracy: 0.9116
Epoch 257/350
391/391 - 23s - loss: 0.1005 - accuracy: 0.9810 - val_loss: 0.4918 - val_accuracy: 0.9120
Epoch 258/350
391/391 - 23s - loss: 0.1006 - accuracy: 0.9821 - val_loss: 0.4922 - val_accuracy: 0.9121
Epoch 259/350
391/391 - 23s - loss: 0.1033 - accuracy: 0.9808 - val_loss: 0.4898 - val_accuracy: 0.9114
Epoch 260/350
391/391 - 23s - loss: 0.1027 - accuracy: 0.9802 - val_loss: 0.4913 - val_accuracy: 0.9115
Epoch 261/350
391/391 - 23s - loss: 0.1013 - accuracy: 0.9799 - val_loss: 0.4903 - val_accuracy: 0.9121
Epoch 262/350
391/391 - 23s - loss: 0.0992 - accuracy: 0.9814 - val_loss: 0.4915 - val_accuracy: 0.9116
Epoch 263/350
391/391 - 23s - loss: 0.1033 - accuracy: 0.9800 - val_loss: 0.4922 - val_accuracy: 0.9115
Epoch 264/350
391/391 - 23s - loss: 0.1022 - accuracy: 0.9804 - val_loss: 0.4907 - val_accuracy: 0.9123
Epoch 265/350
391/391 - 23s - loss: 0.1003 - accuracy: 0.9807 - val_loss: 0.4929 - val_accuracy: 0.9121
Epoch 266/350
391/391 - 23s - loss: 0.1018 - accuracy: 0.9804 - val_loss: 0.4946 - val_accuracy: 0.9112
Epoch 267/350
391/391 - 23s - loss: 0.1024 - accuracy: 0.9803 - val_loss: 0.4924 - val_accuracy: 0.9115
Epoch 268/350
391/391 - 23s - loss: 0.0991 - accuracy: 0.9809 - val_loss: 0.4925 - val_accuracy: 0.9109
Epoch 269/350
391/391 - 23s - loss: 0.1004 - accuracy: 0.9812 - val_loss: 0.4940 - val_accuracy: 0.9117
Epoch 270/350
391/391 - 23s - loss: 0.1002 - accuracy: 0.9805 - val_loss: 0.4934 - val_accuracy: 0.9123
Epoch 271/350
391/391 - 23s - loss: 0.1019 - accuracy: 0.9812 - val_loss: 0.4954 - val_accuracy: 0.9115
Epoch 272/350
391/391 - 23s - loss: 0.0986 - accuracy: 0.9816 - val_loss: 0.4932 - val_accuracy: 0.9123
Epoch 273/350
391/391 - 23s - loss: 0.1012 - accuracy: 0.9806 - val_loss: 0.4918 - val_accuracy: 0.9125
Epoch 274/350
391/391 - 23s - loss: 0.1010 - accuracy: 0.9802 - val_loss: 0.4925 - val_accuracy: 0.9124
Epoch 275/350
391/391 - 23s - loss: 0.1020 - accuracy: 0.9799 - val_loss: 0.4910 - val_accuracy: 0.9122
Epoch 276/350
391/391 - 23s - loss: 0.1002 - accuracy: 0.9811 - val_loss: 0.4925 - val_accuracy: 0.9126
Epoch 277/350
391/391 - 23s - loss: 0.1007 - accuracy: 0.9806 - val_loss: 0.4919 - val_accuracy: 0.9119
Epoch 278/350
391/391 - 23s - loss: 0.1004 - accuracy: 0.9809 - val_loss: 0.4963 - val_accuracy: 0.9114
Epoch 279/350
391/391 - 23s - loss: 0.1007 - accuracy: 0.9804 - val_loss: 0.4934 - val_accuracy: 0.9126
Epoch 280/350
391/391 - 23s - loss: 0.1011 - accuracy: 0.9812 - val_loss: 0.4941 - val_accuracy: 0.9122
Epoch 281/350
391/391 - 23s - loss: 0.1003 - accuracy: 0.9807 - val_loss: 0.4918 - val_accuracy: 0.9126
Epoch 282/350
391/391 - 23s - loss: 0.1000 - accuracy: 0.9805 - val_loss: 0.4943 - val_accuracy: 0.9124
Epoch 283/350
391/391 - 23s - loss: 0.1024 - accuracy: 0.9801 - val_loss: 0.4936 - val_accuracy: 0.9122
Epoch 284/350
391/391 - 23s - loss: 0.1014 - accuracy: 0.9802 - val_loss: 0.4916 - val_accuracy: 0.9119
Epoch 285/350
391/391 - 23s - loss: 0.1011 - accuracy: 0.9803 - val_loss: 0.4932 - val_accuracy: 0.9121
Epoch 286/350
391/391 - 23s - loss: 0.1003 - accuracy: 0.9809 - val_loss: 0.4948 - val_accuracy: 0.9120
Epoch 287/350
391/391 - 23s - loss: 0.0993 - accuracy: 0.9812 - val_loss: 0.4933 - val_accuracy: 0.9117
Epoch 288/350
391/391 - 23s - loss: 0.1008 - accuracy: 0.9808 - val_loss: 0.4917 - val_accuracy: 0.9119
Epoch 289/350
391/391 - 23s - loss: 0.1013 - accuracy: 0.9803 - val_loss: 0.4935 - val_accuracy: 0.9120
Epoch 290/350
391/391 - 23s - loss: 0.1016 - accuracy: 0.9814 - val_loss: 0.4938 - val_accuracy: 0.9117
Epoch 291/350
391/391 - 23s - loss: 0.1034 - accuracy: 0.9795 - val_loss: 0.4930 - val_accuracy: 0.9121
Epoch 292/350
391/391 - 23s - loss: 0.1025 - accuracy: 0.9801 - val_loss: 0.4948 - val_accuracy: 0.9117
Epoch 293/350
391/391 - 23s - loss: 0.1028 - accuracy: 0.9792 - val_loss: 0.4947 - val_accuracy: 0.9120
Epoch 294/350
391/391 - 23s - loss: 0.1000 - accuracy: 0.9806 - val_loss: 0.4933 - val_accuracy: 0.9125
Epoch 295/350
391/391 - 23s - loss: 0.1030 - accuracy: 0.9798 - val_loss: 0.4941 - val_accuracy: 0.9112
Epoch 296/350
391/391 - 23s - loss: 0.1016 - accuracy: 0.9804 - val_loss: 0.4933 - val_accuracy: 0.9118
Epoch 297/350
391/391 - 23s - loss: 0.0983 - accuracy: 0.9816 - val_loss: 0.4934 - val_accuracy: 0.9122
Epoch 298/350
391/391 - 23s - loss: 0.0990 - accuracy: 0.9815 - val_loss: 0.4950 - val_accuracy: 0.9120
Epoch 299/350
391/391 - 23s - loss: 0.0990 - accuracy: 0.9813 - val_loss: 0.4968 - val_accuracy: 0.9116
Epoch 300/350


Snapshot weight 6 shuffle 4 at epoch 300
Layer 11
Getting activations...


391/391 - 23s - loss: 0.0991 - accuracy: 0.9808 - val_loss: 0.4977 - val_accuracy: 0.9115
Epoch 301/350
391/391 - 23s - loss: 0.1005 - accuracy: 0.9807 - val_loss: 0.4972 - val_accuracy: 0.9113
Epoch 302/350
391/391 - 23s - loss: 0.1016 - accuracy: 0.9802 - val_loss: 0.4967 - val_accuracy: 0.9112
Epoch 303/350
391/391 - 23s - loss: 0.0985 - accuracy: 0.9807 - val_loss: 0.4964 - val_accuracy: 0.9114
Epoch 304/350
391/391 - 23s - loss: 0.1006 - accuracy: 0.9810 - val_loss: 0.4963 - val_accuracy: 0.9112
Epoch 305/350
391/391 - 23s - loss: 0.1016 - accuracy: 0.9804 - val_loss: 0.4962 - val_accuracy: 0.9111
Epoch 306/350
391/391 - 23s - loss: 0.0989 - accuracy: 0.9816 - val_loss: 0.4963 - val_accuracy: 0.9114
Epoch 307/350
391/391 - 23s - loss: 0.1009 - accuracy: 0.9809 - val_loss: 0.4961 - val_accuracy: 0.9114
Epoch 308/350
391/391 - 23s - loss: 0.1008 - accuracy: 0.9807 - val_loss: 0.4963 - val_accuracy: 0.9115
Epoch 309/350
391/391 - 23s - loss: 0.0977 - accuracy: 0.9819 - val_loss: 0.4962 - val_accuracy: 0.9115
Epoch 310/350
391/391 - 23s - loss: 0.1011 - accuracy: 0.9804 - val_loss: 0.4961 - val_accuracy: 0.9116
Epoch 311/350
391/391 - 23s - loss: 0.0985 - accuracy: 0.9820 - val_loss: 0.4960 - val_accuracy: 0.9113
Epoch 312/350
391/391 - 23s - loss: 0.0992 - accuracy: 0.9814 - val_loss: 0.4958 - val_accuracy: 0.9111
Epoch 313/350
391/391 - 23s - loss: 0.0990 - accuracy: 0.9812 - val_loss: 0.4960 - val_accuracy: 0.9112
Epoch 314/350
391/391 - 23s - loss: 0.0985 - accuracy: 0.9814 - val_loss: 0.4960 - val_accuracy: 0.9116
Epoch 315/350
391/391 - 23s - loss: 0.0985 - accuracy: 0.9816 - val_loss: 0.4958 - val_accuracy: 0.9114
Epoch 316/350
391/391 - 23s - loss: 0.1028 - accuracy: 0.9803 - val_loss: 0.4958 - val_accuracy: 0.9116
Epoch 317/350
391/391 - 22s - loss: 0.1038 - accuracy: 0.9793 - val_loss: 0.4954 - val_accuracy: 0.9118
Epoch 318/350
391/391 - 23s - loss: 0.1003 - accuracy: 0.9813 - val_loss: 0.4954 - val_accuracy: 0.9117
Epoch 319/350
391/391 - 23s - loss: 0.1002 - accuracy: 0.9808 - val_loss: 0.4955 - val_accuracy: 0.9115
Epoch 320/350
391/391 - 23s - loss: 0.0997 - accuracy: 0.9815 - val_loss: 0.4953 - val_accuracy: 0.9117
Epoch 321/350
391/391 - 23s - loss: 0.1014 - accuracy: 0.9806 - val_loss: 0.4953 - val_accuracy: 0.9118
Epoch 322/350
391/391 - 23s - loss: 0.1003 - accuracy: 0.9813 - val_loss: 0.4951 - val_accuracy: 0.9117
Epoch 323/350
391/391 - 23s - loss: 0.1000 - accuracy: 0.9812 - val_loss: 0.4949 - val_accuracy: 0.9117
Epoch 324/350
391/391 - 23s - loss: 0.1018 - accuracy: 0.9807 - val_loss: 0.4949 - val_accuracy: 0.9116
Epoch 325/350
391/391 - 23s - loss: 0.1032 - accuracy: 0.9796 - val_loss: 0.4949 - val_accuracy: 0.9118
Epoch 326/350
391/391 - 23s - loss: 0.0989 - accuracy: 0.9815 - val_loss: 0.4951 - val_accuracy: 0.9118
Epoch 327/350
391/391 - 23s - loss: 0.1013 - accuracy: 0.9807 - val_loss: 0.4947 - val_accuracy: 0.9121
Epoch 328/350
391/391 - 23s - loss: 0.1005 - accuracy: 0.9811 - val_loss: 0.4948 - val_accuracy: 0.9120
Epoch 329/350
391/391 - 23s - loss: 0.1004 - accuracy: 0.9809 - val_loss: 0.4952 - val_accuracy: 0.9115
Epoch 330/350
391/391 - 23s - loss: 0.0977 - accuracy: 0.9823 - val_loss: 0.4952 - val_accuracy: 0.9117
Epoch 331/350
391/391 - 23s - loss: 0.1007 - accuracy: 0.9808 - val_loss: 0.4949 - val_accuracy: 0.9119
Epoch 332/350
391/391 - 23s - loss: 0.0990 - accuracy: 0.9811 - val_loss: 0.4948 - val_accuracy: 0.9121
Epoch 333/350
391/391 - 23s - loss: 0.1025 - accuracy: 0.9793 - val_loss: 0.4948 - val_accuracy: 0.9118
Epoch 334/350
391/391 - 23s - loss: 0.0999 - accuracy: 0.9813 - val_loss: 0.4946 - val_accuracy: 0.9116
Epoch 335/350
391/391 - 23s - loss: 0.0980 - accuracy: 0.9811 - val_loss: 0.4947 - val_accuracy: 0.9116
Epoch 336/350
391/391 - 23s - loss: 0.1005 - accuracy: 0.9808 - val_loss: 0.4948 - val_accuracy: 0.9116
Epoch 337/350
391/391 - 23s - loss: 0.0987 - accuracy: 0.9816 - val_loss: 0.4946 - val_accuracy: 0.9121
Epoch 338/350
391/391 - 23s - loss: 0.0988 - accuracy: 0.9809 - val_loss: 0.4947 - val_accuracy: 0.9121
Epoch 339/350
391/391 - 23s - loss: 0.0989 - accuracy: 0.9815 - val_loss: 0.4948 - val_accuracy: 0.9120
Epoch 340/350
391/391 - 23s - loss: 0.1013 - accuracy: 0.9802 - val_loss: 0.4947 - val_accuracy: 0.9120
Epoch 341/350
391/391 - 23s - loss: 0.0980 - accuracy: 0.9812 - val_loss: 0.4946 - val_accuracy: 0.9119
Epoch 342/350
391/391 - 23s - loss: 0.1010 - accuracy: 0.9808 - val_loss: 0.4943 - val_accuracy: 0.9117
Epoch 343/350
391/391 - 23s - loss: 0.1010 - accuracy: 0.9806 - val_loss: 0.4944 - val_accuracy: 0.9122
Epoch 344/350
391/391 - 23s - loss: 0.1015 - accuracy: 0.9802 - val_loss: 0.4943 - val_accuracy: 0.9122
Epoch 345/350
391/391 - 23s - loss: 0.1006 - accuracy: 0.9811 - val_loss: 0.4944 - val_accuracy: 0.9123
Epoch 346/350
391/391 - 23s - loss: 0.1009 - accuracy: 0.9810 - val_loss: 0.4947 - val_accuracy: 0.9120
Epoch 347/350
391/391 - 23s - loss: 0.1004 - accuracy: 0.9805 - val_loss: 0.4945 - val_accuracy: 0.9121
Epoch 348/350
391/391 - 23s - loss: 0.0984 - accuracy: 0.9823 - val_loss: 0.4945 - val_accuracy: 0.9122
Epoch 349/350
391/391 - 23s - loss: 0.0994 - accuracy: 0.9821 - val_loss: 0.4947 - val_accuracy: 0.9119
Epoch 350/350


Snapshot weight 6 shuffle 4 at epoch 350
Layer 11
Getting activations...


391/391 - 23s - loss: 0.1001 - accuracy: 0.9809 - val_loss: 0.4949 - val_accuracy: 0.9120
/usr/local/lib/python3.6/dist-packages/tensorflow/python/autograph/impl/api.py:493: UserWarning: fill_value is not supported and is always 0 for TensorFlow < 2.4.0.
  return py_builtins.overload_of(f)(*args)
WARNING:tensorflow:From /usr/local/lib/python3.6/dist-packages/tensorflow/python/training/tracking/tracking.py:111: Model.state_updates (from tensorflow.python.keras.engine.training) is deprecated and will be removed in a future version.
Instructions for updating:
This property should not be used in TensorFlow 2.0, as updates are applied automatically.
2021-07-02 07:13:34.109899: W tensorflow/python/util/util.cc:348] Sets are not currently considered sequences, but this may change in the future, so consider avoiding using them.
WARNING:tensorflow:From /usr/local/lib/python3.6/dist-packages/tensorflow/python/training/tracking/tracking.py:111: Layer.updates (from tensorflow.python.keras.engine.base_layer) is deprecated and will be removed in a future version.
Instructions for updating:
This property should not be used in TensorFlow 2.0, as updates are applied automatically.
Saving, final validation acc: 0.9120000004768372
