2021-07-04 15:32:38.188952: I tensorflow/stream_executor/platform/default/dso_loader.cc:48] Successfully opened dynamic library libcudart.so.10.1
2021-07-04 15:33:49.104821: I tensorflow/stream_executor/platform/default/dso_loader.cc:48] Successfully opened dynamic library libcuda.so.1
2021-07-04 15:33:49.127248: I tensorflow/core/common_runtime/gpu/gpu_device.cc:1716] Found device 0 with properties: 
pciBusID: 0000:03:00.0 name: NVIDIA TITAN Xp computeCapability: 6.1
coreClock: 1.582GHz coreCount: 30 deviceMemorySize: 11.91GiB deviceMemoryBandwidth: 510.07GiB/s
2021-07-04 15:33:49.127330: I tensorflow/stream_executor/platform/default/dso_loader.cc:48] Successfully opened dynamic library libcudart.so.10.1
2021-07-04 15:33:49.166902: I tensorflow/stream_executor/platform/default/dso_loader.cc:48] Successfully opened dynamic library libcublas.so.10
2021-07-04 15:33:49.187462: I tensorflow/stream_executor/platform/default/dso_loader.cc:48] Successfully opened dynamic library libcufft.so.10
2021-07-04 15:33:49.195752: I tensorflow/stream_executor/platform/default/dso_loader.cc:48] Successfully opened dynamic library libcurand.so.10
2021-07-04 15:33:49.237061: I tensorflow/stream_executor/platform/default/dso_loader.cc:48] Successfully opened dynamic library libcusolver.so.10
2021-07-04 15:33:49.245279: I tensorflow/stream_executor/platform/default/dso_loader.cc:48] Successfully opened dynamic library libcusparse.so.10
2021-07-04 15:33:49.317592: I tensorflow/stream_executor/platform/default/dso_loader.cc:48] Successfully opened dynamic library libcudnn.so.7
2021-07-04 15:33:49.320050: I tensorflow/core/common_runtime/gpu/gpu_device.cc:1858] Adding visible gpu devices: 0
2021-07-04 15:33:49.323677: I tensorflow/core/platform/cpu_feature_guard.cc:142] This TensorFlow binary is optimized with oneAPI Deep Neural Network Library (oneDNN)to use the following CPU instructions in performance-critical operations:  AVX2 FMA
To enable them in other operations, rebuild TensorFlow with the appropriate compiler flags.
2021-07-04 15:33:49.338756: I tensorflow/core/platform/profile_utils/cpu_utils.cc:104] CPU Frequency: 2599870000 Hz
2021-07-04 15:33:49.338895: I tensorflow/compiler/xla/service/service.cc:168] XLA service 0x5946f80 initialized for platform Host (this does not guarantee that XLA will be used). Devices:
2021-07-04 15:33:49.338914: I tensorflow/compiler/xla/service/service.cc:176]   StreamExecutor device (0): Host, Default Version
2021-07-04 15:33:49.458903: I tensorflow/compiler/xla/service/service.cc:168] XLA service 0x5928030 initialized for platform CUDA (this does not guarantee that XLA will be used). Devices:
2021-07-04 15:33:49.458972: I tensorflow/compiler/xla/service/service.cc:176]   StreamExecutor device (0): NVIDIA TITAN Xp, Compute Capability 6.1
2021-07-04 15:33:49.461452: I tensorflow/core/common_runtime/gpu/gpu_device.cc:1716] Found device 0 with properties: 
pciBusID: 0000:03:00.0 name: NVIDIA TITAN Xp computeCapability: 6.1
coreClock: 1.582GHz coreCount: 30 deviceMemorySize: 11.91GiB deviceMemoryBandwidth: 510.07GiB/s
2021-07-04 15:33:49.461491: I tensorflow/stream_executor/platform/default/dso_loader.cc:48] Successfully opened dynamic library libcudart.so.10.1
2021-07-04 15:33:49.461520: I tensorflow/stream_executor/platform/default/dso_loader.cc:48] Successfully opened dynamic library libcublas.so.10
2021-07-04 15:33:49.461537: I tensorflow/stream_executor/platform/default/dso_loader.cc:48] Successfully opened dynamic library libcufft.so.10
2021-07-04 15:33:49.461554: I tensorflow/stream_executor/platform/default/dso_loader.cc:48] Successfully opened dynamic library libcurand.so.10
2021-07-04 15:33:49.461570: I tensorflow/stream_executor/platform/default/dso_loader.cc:48] Successfully opened dynamic library libcusolver.so.10
2021-07-04 15:33:49.461586: I tensorflow/stream_executor/platform/default/dso_loader.cc:48] Successfully opened dynamic library libcusparse.so.10
2021-07-04 15:33:49.461602: I tensorflow/stream_executor/platform/default/dso_loader.cc:48] Successfully opened dynamic library libcudnn.so.7
2021-07-04 15:33:49.463985: I tensorflow/core/common_runtime/gpu/gpu_device.cc:1858] Adding visible gpu devices: 0
2021-07-04 15:33:49.465912: I tensorflow/stream_executor/platform/default/dso_loader.cc:48] Successfully opened dynamic library libcudart.so.10.1
2021-07-04 15:33:51.237335: I tensorflow/core/common_runtime/gpu/gpu_device.cc:1257] Device interconnect StreamExecutor with strength 1 edge matrix:
2021-07-04 15:33:51.237415: I tensorflow/core/common_runtime/gpu/gpu_device.cc:1263]      0 
2021-07-04 15:33:51.237428: I tensorflow/core/common_runtime/gpu/gpu_device.cc:1276] 0:   N 
2021-07-04 15:33:51.243174: I tensorflow/core/common_runtime/gpu/gpu_device.cc:1402] Created TensorFlow device (/job:localhost/replica:0/task:0/device:GPU:0 with 11218 MB memory) -> physical GPU (device: 0, name: NVIDIA TITAN Xp, pci bus id: 0000:03:00.0, compute capability: 6.1)
2021-07-04 15:33:56.832698: I tensorflow/stream_executor/platform/default/dso_loader.cc:48] Successfully opened dynamic library libcudnn.so.7
2021-07-04 15:33:59.185978: I tensorflow/stream_executor/platform/default/dso_loader.cc:48] Successfully opened dynamic library libcublas.so.10
Using shuffle seed: 2 and weight seed: 0
Making train data...
GCN...
ZCA...
Done!
Making test data...
Done!
Epoch 1/350


Snapshot weight 0 shuffle 2 at epoch 1
Layer 11
Getting activations...


391/391 - 23s - loss: 2.3158 - accuracy: 0.1202 - val_loss: 2.5363 - val_accuracy: 0.1145
Epoch 2/350


Snapshot weight 0 shuffle 2 at epoch 2
Layer 11
Getting activations...


391/391 - 22s - loss: 2.3210 - accuracy: 0.1013 - val_loss: 2.3267 - val_accuracy: 0.1000
Epoch 3/350


Snapshot weight 0 shuffle 2 at epoch 3
Layer 11
Getting activations...


391/391 - 22s - loss: 2.3267 - accuracy: 0.0991 - val_loss: 2.3267 - val_accuracy: 0.1000
Epoch 4/350


Snapshot weight 0 shuffle 2 at epoch 4
Layer 11
Getting activations...


391/391 - 23s - loss: 2.3266 - accuracy: 0.0994 - val_loss: 2.3266 - val_accuracy: 0.1000
Epoch 5/350


Snapshot weight 0 shuffle 2 at epoch 5
Layer 11
Getting activations...


391/391 - 23s - loss: 2.3266 - accuracy: 0.0998 - val_loss: 2.3266 - val_accuracy: 0.1000
Epoch 6/350


Snapshot weight 0 shuffle 2 at epoch 6
Layer 11
Getting activations...


391/391 - 23s - loss: 2.3266 - accuracy: 0.0996 - val_loss: 2.3265 - val_accuracy: 0.1000
Epoch 7/350


Snapshot weight 0 shuffle 2 at epoch 7
Layer 11
Getting activations...


391/391 - 23s - loss: 2.3265 - accuracy: 0.0999 - val_loss: 2.3265 - val_accuracy: 0.1000
Epoch 8/350


Snapshot weight 0 shuffle 2 at epoch 8
Layer 11
Getting activations...


391/391 - 23s - loss: 2.3265 - accuracy: 0.0999 - val_loss: 2.3265 - val_accuracy: 0.1000
Epoch 9/350


Snapshot weight 0 shuffle 2 at epoch 9
Layer 11
Getting activations...


391/391 - 23s - loss: 2.3264 - accuracy: 0.1000 - val_loss: 2.3264 - val_accuracy: 0.1000
Epoch 10/350


Snapshot weight 0 shuffle 2 at epoch 10
Layer 11
Getting activations...


391/391 - 23s - loss: 2.3264 - accuracy: 0.1000 - val_loss: 2.3264 - val_accuracy: 0.1000
Epoch 11/350
391/391 - 22s - loss: 2.3264 - accuracy: 0.0999 - val_loss: 2.3264 - val_accuracy: 0.1000
Epoch 12/350
391/391 - 23s - loss: 2.3263 - accuracy: 0.0997 - val_loss: 2.3263 - val_accuracy: 0.1000
Epoch 13/350
391/391 - 23s - loss: 2.3263 - accuracy: 0.0999 - val_loss: 2.3263 - val_accuracy: 0.1000
Epoch 14/350
391/391 - 23s - loss: 2.3263 - accuracy: 0.0997 - val_loss: 2.3262 - val_accuracy: 0.1000
Epoch 15/350
391/391 - 22s - loss: 2.3262 - accuracy: 0.0999 - val_loss: 2.3262 - val_accuracy: 0.1000
Epoch 16/350
391/391 - 23s - loss: 2.3262 - accuracy: 0.0999 - val_loss: 2.3262 - val_accuracy: 0.1000
Epoch 17/350
391/391 - 23s - loss: 2.3262 - accuracy: 0.0999 - val_loss: 2.3261 - val_accuracy: 0.1000
Epoch 18/350
391/391 - 23s - loss: 2.3261 - accuracy: 0.0998 - val_loss: 2.3261 - val_accuracy: 0.1000
Epoch 19/350
391/391 - 23s - loss: 2.3261 - accuracy: 0.1000 - val_loss: 2.3261 - val_accuracy: 0.1000
Epoch 20/350
391/391 - 22s - loss: 2.3261 - accuracy: 0.0999 - val_loss: 2.3260 - val_accuracy: 0.1000
Epoch 21/350
391/391 - 22s - loss: 2.3260 - accuracy: 0.1000 - val_loss: 2.3260 - val_accuracy: 0.1000
Epoch 22/350
391/391 - 23s - loss: 2.3260 - accuracy: 0.1000 - val_loss: 2.3260 - val_accuracy: 0.1000
Epoch 23/350
391/391 - 23s - loss: 2.3259 - accuracy: 0.0999 - val_loss: 2.3259 - val_accuracy: 0.1000
Epoch 24/350
391/391 - 23s - loss: 2.3259 - accuracy: 0.1000 - val_loss: 2.3259 - val_accuracy: 0.1000
Epoch 25/350
391/391 - 23s - loss: 2.3259 - accuracy: 0.0999 - val_loss: 2.3258 - val_accuracy: 0.1000
Epoch 26/350
391/391 - 22s - loss: 2.3258 - accuracy: 0.0997 - val_loss: 2.3258 - val_accuracy: 0.1000
Epoch 27/350
391/391 - 23s - loss: 2.3258 - accuracy: 0.1004 - val_loss: 2.3258 - val_accuracy: 0.1000
Epoch 28/350
391/391 - 22s - loss: 2.3257 - accuracy: 0.1006 - val_loss: 2.3257 - val_accuracy: 0.1000
Epoch 29/350
391/391 - 23s - loss: 2.3257 - accuracy: 0.0999 - val_loss: 2.3257 - val_accuracy: 0.1000
Epoch 30/350
391/391 - 23s - loss: 2.3257 - accuracy: 0.0999 - val_loss: 2.3257 - val_accuracy: 0.1000
Epoch 31/350
391/391 - 23s - loss: 2.3256 - accuracy: 0.1000 - val_loss: 2.3256 - val_accuracy: 0.1000
Epoch 32/350
391/391 - 22s - loss: 2.3256 - accuracy: 0.1000 - val_loss: 2.3256 - val_accuracy: 0.1000
Epoch 33/350
391/391 - 23s - loss: 2.3256 - accuracy: 0.1000 - val_loss: 2.3256 - val_accuracy: 0.1000
Epoch 34/350
391/391 - 23s - loss: 2.3255 - accuracy: 0.1000 - val_loss: 2.3255 - val_accuracy: 0.1000
Epoch 35/350
391/391 - 23s - loss: 2.3255 - accuracy: 0.1000 - val_loss: 2.3255 - val_accuracy: 0.1000
Epoch 36/350
391/391 - 23s - loss: 2.3255 - accuracy: 0.1000 - val_loss: 2.3254 - val_accuracy: 0.1000
Epoch 37/350
391/391 - 23s - loss: 2.3254 - accuracy: 0.1000 - val_loss: 2.3254 - val_accuracy: 0.1000
Epoch 38/350
391/391 - 23s - loss: 2.3254 - accuracy: 0.1000 - val_loss: 2.3254 - val_accuracy: 0.1000
Epoch 39/350
391/391 - 23s - loss: 2.3254 - accuracy: 0.0999 - val_loss: 2.3253 - val_accuracy: 0.1000
Epoch 40/350
391/391 - 23s - loss: 2.3253 - accuracy: 0.1000 - val_loss: 2.3253 - val_accuracy: 0.1000
Epoch 41/350
391/391 - 23s - loss: 2.3253 - accuracy: 0.1000 - val_loss: 2.3253 - val_accuracy: 0.1000
Epoch 42/350
391/391 - 23s - loss: 2.3253 - accuracy: 0.0999 - val_loss: 2.3252 - val_accuracy: 0.1000
Epoch 43/350
391/391 - 23s - loss: 2.3252 - accuracy: 0.0999 - val_loss: 2.3252 - val_accuracy: 0.1000
Epoch 44/350
391/391 - 22s - loss: 2.3252 - accuracy: 0.1000 - val_loss: 2.3252 - val_accuracy: 0.1000
Epoch 45/350
391/391 - 23s - loss: 2.3251 - accuracy: 0.1000 - val_loss: 2.3251 - val_accuracy: 0.1000
Epoch 46/350
391/391 - 23s - loss: 2.3251 - accuracy: 0.1000 - val_loss: 2.3251 - val_accuracy: 0.1000
Epoch 47/350
391/391 - 23s - loss: 2.3251 - accuracy: 0.1000 - val_loss: 2.3251 - val_accuracy: 0.1000
Epoch 48/350
391/391 - 23s - loss: 2.3250 - accuracy: 0.1000 - val_loss: 2.3250 - val_accuracy: 0.1000
Epoch 49/350
391/391 - 23s - loss: 2.3250 - accuracy: 0.1000 - val_loss: 2.3250 - val_accuracy: 0.1000
Epoch 50/350


Snapshot weight 0 shuffle 2 at epoch 50
Layer 11
Getting activations...


391/391 - 23s - loss: 2.3250 - accuracy: 0.1000 - val_loss: 2.3250 - val_accuracy: 0.1000
Epoch 51/350
391/391 - 23s - loss: 2.3249 - accuracy: 0.1000 - val_loss: 2.3249 - val_accuracy: 0.1000
Epoch 52/350
391/391 - 23s - loss: 2.3249 - accuracy: 0.1000 - val_loss: 2.3249 - val_accuracy: 0.1000
Epoch 53/350
391/391 - 23s - loss: 2.3249 - accuracy: 0.1000 - val_loss: 2.3248 - val_accuracy: 0.1000
Epoch 54/350
391/391 - 23s - loss: 2.3248 - accuracy: 0.0999 - val_loss: 2.3248 - val_accuracy: 0.1000
Epoch 55/350
391/391 - 23s - loss: 2.3248 - accuracy: 0.1000 - val_loss: 2.3248 - val_accuracy: 0.1000
Epoch 56/350
391/391 - 23s - loss: 2.3248 - accuracy: 0.1000 - val_loss: 2.3247 - val_accuracy: 0.1000
Epoch 57/350
391/391 - 23s - loss: 2.3247 - accuracy: 0.1000 - val_loss: 2.3247 - val_accuracy: 0.1000
Epoch 58/350
391/391 - 23s - loss: 2.3247 - accuracy: 0.1000 - val_loss: 2.3247 - val_accuracy: 0.1000
Epoch 59/350
391/391 - 23s - loss: 2.3247 - accuracy: 0.1000 - val_loss: 2.3246 - val_accuracy: 0.1000
Epoch 60/350
391/391 - 23s - loss: 2.3246 - accuracy: 0.1000 - val_loss: 2.3246 - val_accuracy: 0.1000
Epoch 61/350
391/391 - 23s - loss: 2.3246 - accuracy: 0.1000 - val_loss: 2.3246 - val_accuracy: 0.1000
Epoch 62/350
391/391 - 22s - loss: 2.3245 - accuracy: 0.1000 - val_loss: 2.3245 - val_accuracy: 0.1000
Epoch 63/350
391/391 - 23s - loss: 2.3245 - accuracy: 0.1000 - val_loss: 2.3245 - val_accuracy: 0.1000
Epoch 64/350
391/391 - 23s - loss: 2.3245 - accuracy: 0.1000 - val_loss: 2.3245 - val_accuracy: 0.1000
Epoch 65/350
391/391 - 22s - loss: 2.3245 - accuracy: 0.1000 - val_loss: 2.3244 - val_accuracy: 0.1000
Epoch 66/350
391/391 - 23s - loss: 2.3244 - accuracy: 0.0999 - val_loss: 2.3244 - val_accuracy: 0.1000
Epoch 67/350
391/391 - 23s - loss: 2.3244 - accuracy: 0.1000 - val_loss: 2.3244 - val_accuracy: 0.1000
Epoch 68/350
391/391 - 23s - loss: 2.3243 - accuracy: 0.1000 - val_loss: 2.3243 - val_accuracy: 0.1000
Epoch 69/350
391/391 - 23s - loss: 2.3243 - accuracy: 0.0999 - val_loss: 2.3243 - val_accuracy: 0.1000
Epoch 70/350
391/391 - 22s - loss: 2.3243 - accuracy: 0.0999 - val_loss: 2.3243 - val_accuracy: 0.1000
Epoch 71/350
391/391 - 23s - loss: 2.3242 - accuracy: 0.0999 - val_loss: 2.3242 - val_accuracy: 0.1000
Epoch 72/350
391/391 - 22s - loss: 2.3242 - accuracy: 0.1001 - val_loss: 2.3242 - val_accuracy: 0.1000
Epoch 73/350
391/391 - 23s - loss: 2.3242 - accuracy: 0.1003 - val_loss: 2.3242 - val_accuracy: 0.1000
Epoch 74/350
391/391 - 23s - loss: 2.3239 - accuracy: 0.1020 - val_loss: 2.3241 - val_accuracy: 0.1023
Epoch 75/350
391/391 - 23s - loss: 2.3175 - accuracy: 0.1123 - val_loss: 2.3100 - val_accuracy: 0.1266
Epoch 76/350
391/391 - 23s - loss: 2.3099 - accuracy: 0.1192 - val_loss: 2.3057 - val_accuracy: 0.1247
Epoch 77/350
391/391 - 23s - loss: 2.3078 - accuracy: 0.1173 - val_loss: 2.3117 - val_accuracy: 0.1215
Epoch 78/350
391/391 - 23s - loss: 2.3049 - accuracy: 0.1139 - val_loss: 2.3017 - val_accuracy: 0.1206
Epoch 79/350
391/391 - 23s - loss: 2.3026 - accuracy: 0.1160 - val_loss: 2.2994 - val_accuracy: 0.1190
Epoch 80/350
391/391 - 23s - loss: 2.3003 - accuracy: 0.1168 - val_loss: 2.3053 - val_accuracy: 0.1220
Epoch 81/350
391/391 - 23s - loss: 2.2989 - accuracy: 0.1165 - val_loss: 2.2930 - val_accuracy: 0.1210
Epoch 82/350
391/391 - 23s - loss: 2.2950 - accuracy: 0.1173 - val_loss: 2.2887 - val_accuracy: 0.1231
Epoch 83/350
391/391 - 23s - loss: 2.2926 - accuracy: 0.1185 - val_loss: 2.2891 - val_accuracy: 0.1210
Epoch 84/350
391/391 - 23s - loss: 2.2901 - accuracy: 0.1206 - val_loss: 2.2896 - val_accuracy: 0.1266
Epoch 85/350
391/391 - 23s - loss: 2.2889 - accuracy: 0.1204 - val_loss: 2.2894 - val_accuracy: 0.1281
Epoch 86/350
391/391 - 23s - loss: 2.2863 - accuracy: 0.1239 - val_loss: 2.2826 - val_accuracy: 0.1263
Epoch 87/350
391/391 - 23s - loss: 2.2828 - accuracy: 0.1265 - val_loss: 2.2731 - val_accuracy: 0.1360
Epoch 88/350
391/391 - 23s - loss: 2.2722 - accuracy: 0.1406 - val_loss: 2.2555 - val_accuracy: 0.1463
Epoch 89/350
391/391 - 23s - loss: 2.2589 - accuracy: 0.1560 - val_loss: 2.2510 - val_accuracy: 0.1585
Epoch 90/350
391/391 - 23s - loss: 2.2579 - accuracy: 0.1530 - val_loss: 2.2738 - val_accuracy: 0.1419
Epoch 91/350
391/391 - 23s - loss: 2.1773 - accuracy: 0.2028 - val_loss: 2.0953 - val_accuracy: 0.2733
Epoch 92/350
391/391 - 23s - loss: 2.0826 - accuracy: 0.2697 - val_loss: 2.1154 - val_accuracy: 0.2742
Epoch 93/350
391/391 - 23s - loss: 1.8929 - accuracy: 0.3403 - val_loss: 1.8254 - val_accuracy: 0.3586
Epoch 94/350
391/391 - 24s - loss: 1.6443 - accuracy: 0.4187 - val_loss: 1.4715 - val_accuracy: 0.4826
Epoch 95/350
391/391 - 23s - loss: 1.4440 - accuracy: 0.4897 - val_loss: 1.3145 - val_accuracy: 0.5466
Epoch 96/350
391/391 - 23s - loss: 1.2647 - accuracy: 0.5555 - val_loss: 1.1524 - val_accuracy: 0.5961
Epoch 97/350
391/391 - 23s - loss: 1.1764 - accuracy: 0.5895 - val_loss: 1.0491 - val_accuracy: 0.6329
Epoch 98/350
391/391 - 23s - loss: 1.0934 - accuracy: 0.6152 - val_loss: 0.9609 - val_accuracy: 0.6692
Epoch 99/350
391/391 - 23s - loss: 1.0406 - accuracy: 0.6390 - val_loss: 1.0709 - val_accuracy: 0.6448
Epoch 100/350


Snapshot weight 0 shuffle 2 at epoch 100
Layer 11
Getting activations...


391/391 - 24s - loss: 0.9830 - accuracy: 0.6619 - val_loss: 0.9219 - val_accuracy: 0.6817
Epoch 101/350
391/391 - 23s - loss: 0.9481 - accuracy: 0.6711 - val_loss: 0.8195 - val_accuracy: 0.7189
Epoch 102/350
391/391 - 23s - loss: 0.8996 - accuracy: 0.6905 - val_loss: 0.9468 - val_accuracy: 0.6828
Epoch 103/350
391/391 - 24s - loss: 0.8574 - accuracy: 0.7074 - val_loss: 0.8111 - val_accuracy: 0.7236
Epoch 104/350
391/391 - 23s - loss: 0.8305 - accuracy: 0.7178 - val_loss: 0.7612 - val_accuracy: 0.7428
Epoch 105/350
391/391 - 23s - loss: 0.7985 - accuracy: 0.7286 - val_loss: 0.7349 - val_accuracy: 0.7541
Epoch 106/350
391/391 - 24s - loss: 0.7653 - accuracy: 0.7434 - val_loss: 0.7320 - val_accuracy: 0.7539
Epoch 107/350
391/391 - 23s - loss: 0.7364 - accuracy: 0.7521 - val_loss: 0.7307 - val_accuracy: 0.7538
Epoch 108/350
391/391 - 23s - loss: 0.7114 - accuracy: 0.7625 - val_loss: 0.7015 - val_accuracy: 0.7618
Epoch 109/350
391/391 - 23s - loss: 0.6936 - accuracy: 0.7676 - val_loss: 0.6244 - val_accuracy: 0.7968
Epoch 110/350
391/391 - 23s - loss: 0.6715 - accuracy: 0.7746 - val_loss: 0.6516 - val_accuracy: 0.7822
Epoch 111/350
391/391 - 23s - loss: 0.6502 - accuracy: 0.7827 - val_loss: 0.6275 - val_accuracy: 0.7948
Epoch 112/350
391/391 - 23s - loss: 0.6313 - accuracy: 0.7897 - val_loss: 0.6293 - val_accuracy: 0.7935
Epoch 113/350
391/391 - 23s - loss: 0.6252 - accuracy: 0.7919 - val_loss: 0.5657 - val_accuracy: 0.8185
Epoch 114/350
391/391 - 23s - loss: 0.5934 - accuracy: 0.8007 - val_loss: 0.5847 - val_accuracy: 0.8122
Epoch 115/350
391/391 - 23s - loss: 0.5855 - accuracy: 0.8049 - val_loss: 0.5471 - val_accuracy: 0.8251
Epoch 116/350
391/391 - 23s - loss: 0.5834 - accuracy: 0.8051 - val_loss: 0.5539 - val_accuracy: 0.8198
Epoch 117/350
391/391 - 23s - loss: 0.5592 - accuracy: 0.8135 - val_loss: 0.5526 - val_accuracy: 0.8181
Epoch 118/350
391/391 - 23s - loss: 0.5515 - accuracy: 0.8174 - val_loss: 0.5046 - val_accuracy: 0.8336
Epoch 119/350
391/391 - 23s - loss: 0.5394 - accuracy: 0.8225 - val_loss: 0.5237 - val_accuracy: 0.8317
Epoch 120/350
391/391 - 23s - loss: 0.5235 - accuracy: 0.8283 - val_loss: 0.5457 - val_accuracy: 0.8338
Epoch 121/350
391/391 - 23s - loss: 0.5155 - accuracy: 0.8304 - val_loss: 0.5047 - val_accuracy: 0.8409
Epoch 122/350
391/391 - 23s - loss: 0.5117 - accuracy: 0.8309 - val_loss: 0.5129 - val_accuracy: 0.8331
Epoch 123/350
391/391 - 23s - loss: 0.5009 - accuracy: 0.8346 - val_loss: 0.4897 - val_accuracy: 0.8460
Epoch 124/350
391/391 - 24s - loss: 0.4827 - accuracy: 0.8426 - val_loss: 0.4793 - val_accuracy: 0.8470
Epoch 125/350
391/391 - 23s - loss: 0.4795 - accuracy: 0.8420 - val_loss: 0.5196 - val_accuracy: 0.8390
Epoch 126/350
391/391 - 23s - loss: 0.4773 - accuracy: 0.8427 - val_loss: 0.5094 - val_accuracy: 0.8410
Epoch 127/350
391/391 - 23s - loss: 0.4677 - accuracy: 0.8476 - val_loss: 0.5062 - val_accuracy: 0.8342
Epoch 128/350
391/391 - 23s - loss: 0.4609 - accuracy: 0.8496 - val_loss: 0.4664 - val_accuracy: 0.8545
Epoch 129/350
391/391 - 23s - loss: 0.4549 - accuracy: 0.8528 - val_loss: 0.4712 - val_accuracy: 0.8476
Epoch 130/350
391/391 - 23s - loss: 0.4443 - accuracy: 0.8541 - val_loss: 0.4742 - val_accuracy: 0.8481
Epoch 131/350
391/391 - 23s - loss: 0.4383 - accuracy: 0.8580 - val_loss: 0.4734 - val_accuracy: 0.8561
Epoch 132/350
391/391 - 23s - loss: 0.4294 - accuracy: 0.8596 - val_loss: 0.4677 - val_accuracy: 0.8564
Epoch 133/350
391/391 - 23s - loss: 0.4237 - accuracy: 0.8634 - val_loss: 0.4589 - val_accuracy: 0.8576
Epoch 134/350
391/391 - 23s - loss: 0.4208 - accuracy: 0.8638 - val_loss: 0.4779 - val_accuracy: 0.8538
Epoch 135/350
391/391 - 23s - loss: 0.4116 - accuracy: 0.8659 - val_loss: 0.4380 - val_accuracy: 0.8667
Epoch 136/350
391/391 - 23s - loss: 0.4121 - accuracy: 0.8675 - val_loss: 0.4502 - val_accuracy: 0.8593
Epoch 137/350
391/391 - 23s - loss: 0.4049 - accuracy: 0.8695 - val_loss: 0.4705 - val_accuracy: 0.8566
Epoch 138/350
391/391 - 23s - loss: 0.4016 - accuracy: 0.8718 - val_loss: 0.4435 - val_accuracy: 0.8606
Epoch 139/350
391/391 - 23s - loss: 0.3905 - accuracy: 0.8730 - val_loss: 0.4541 - val_accuracy: 0.8621
Epoch 140/350
391/391 - 23s - loss: 0.3956 - accuracy: 0.8736 - val_loss: 0.4386 - val_accuracy: 0.8638
Epoch 141/350
391/391 - 24s - loss: 0.3877 - accuracy: 0.8747 - val_loss: 0.4372 - val_accuracy: 0.8668
Epoch 142/350
391/391 - 23s - loss: 0.3758 - accuracy: 0.8784 - val_loss: 0.4462 - val_accuracy: 0.8601
Epoch 143/350
391/391 - 23s - loss: 0.3707 - accuracy: 0.8807 - val_loss: 0.4931 - val_accuracy: 0.8491
Epoch 144/350
391/391 - 23s - loss: 0.3712 - accuracy: 0.8815 - val_loss: 0.4311 - val_accuracy: 0.8680
Epoch 145/350
391/391 - 23s - loss: 0.3662 - accuracy: 0.8828 - val_loss: 0.4542 - val_accuracy: 0.8626
Epoch 146/350
391/391 - 23s - loss: 0.3602 - accuracy: 0.8843 - val_loss: 0.4296 - val_accuracy: 0.8652
Epoch 147/350
391/391 - 23s - loss: 0.3531 - accuracy: 0.8859 - val_loss: 0.4965 - val_accuracy: 0.8541
Epoch 148/350
391/391 - 23s - loss: 0.3580 - accuracy: 0.8855 - val_loss: 0.4247 - val_accuracy: 0.8716
Epoch 149/350
391/391 - 23s - loss: 0.3478 - accuracy: 0.8881 - val_loss: 0.4373 - val_accuracy: 0.8694
Epoch 150/350


Snapshot weight 0 shuffle 2 at epoch 150
Layer 11
Getting activations...


391/391 - 23s - loss: 0.3462 - accuracy: 0.8905 - val_loss: 0.4304 - val_accuracy: 0.8683
Epoch 151/350
391/391 - 23s - loss: 0.3401 - accuracy: 0.8904 - val_loss: 0.4422 - val_accuracy: 0.8651
Epoch 152/350
391/391 - 23s - loss: 0.3387 - accuracy: 0.8934 - val_loss: 0.4249 - val_accuracy: 0.8732
Epoch 153/350
391/391 - 23s - loss: 0.3344 - accuracy: 0.8932 - val_loss: 0.4429 - val_accuracy: 0.8695
Epoch 154/350
391/391 - 23s - loss: 0.3345 - accuracy: 0.8931 - val_loss: 0.4027 - val_accuracy: 0.8780
Epoch 155/350
391/391 - 23s - loss: 0.3280 - accuracy: 0.8958 - val_loss: 0.4394 - val_accuracy: 0.8693
Epoch 156/350
391/391 - 23s - loss: 0.3226 - accuracy: 0.8970 - val_loss: 0.4376 - val_accuracy: 0.8654
Epoch 157/350
391/391 - 23s - loss: 0.3234 - accuracy: 0.8971 - val_loss: 0.4074 - val_accuracy: 0.8770
Epoch 158/350
391/391 - 23s - loss: 0.3172 - accuracy: 0.8994 - val_loss: 0.4128 - val_accuracy: 0.8760
Epoch 159/350
391/391 - 23s - loss: 0.3180 - accuracy: 0.9000 - val_loss: 0.4348 - val_accuracy: 0.8741
Epoch 160/350
391/391 - 23s - loss: 0.3129 - accuracy: 0.9016 - val_loss: 0.4349 - val_accuracy: 0.8711
Epoch 161/350
391/391 - 23s - loss: 0.3113 - accuracy: 0.9026 - val_loss: 0.4250 - val_accuracy: 0.8745
Epoch 162/350
391/391 - 23s - loss: 0.3064 - accuracy: 0.9051 - val_loss: 0.4323 - val_accuracy: 0.8694
Epoch 163/350
391/391 - 23s - loss: 0.3056 - accuracy: 0.9041 - val_loss: 0.4375 - val_accuracy: 0.8773
Epoch 164/350
391/391 - 24s - loss: 0.3015 - accuracy: 0.9057 - val_loss: 0.4281 - val_accuracy: 0.8727
Epoch 165/350
391/391 - 23s - loss: 0.2988 - accuracy: 0.9065 - val_loss: 0.4196 - val_accuracy: 0.8799
Epoch 166/350
391/391 - 24s - loss: 0.2978 - accuracy: 0.9070 - val_loss: 0.4127 - val_accuracy: 0.8777
Epoch 167/350
391/391 - 23s - loss: 0.2988 - accuracy: 0.9053 - val_loss: 0.4000 - val_accuracy: 0.8831
Epoch 168/350
391/391 - 23s - loss: 0.2930 - accuracy: 0.9080 - val_loss: 0.4242 - val_accuracy: 0.8774
Epoch 169/350
391/391 - 23s - loss: 0.2925 - accuracy: 0.9089 - val_loss: 0.4127 - val_accuracy: 0.8820
Epoch 170/350
391/391 - 23s - loss: 0.2874 - accuracy: 0.9104 - val_loss: 0.4073 - val_accuracy: 0.8843
Epoch 171/350
391/391 - 23s - loss: 0.2826 - accuracy: 0.9116 - val_loss: 0.4265 - val_accuracy: 0.8770
Epoch 172/350
391/391 - 23s - loss: 0.2796 - accuracy: 0.9133 - val_loss: 0.4225 - val_accuracy: 0.8829
Epoch 173/350
391/391 - 23s - loss: 0.2837 - accuracy: 0.9125 - val_loss: 0.4439 - val_accuracy: 0.8748
Epoch 174/350
391/391 - 24s - loss: 0.2779 - accuracy: 0.9147 - val_loss: 0.4041 - val_accuracy: 0.8828
Epoch 175/350
391/391 - 23s - loss: 0.2750 - accuracy: 0.9142 - val_loss: 0.4122 - val_accuracy: 0.8801
Epoch 176/350
391/391 - 23s - loss: 0.2703 - accuracy: 0.9162 - val_loss: 0.4213 - val_accuracy: 0.8791
Epoch 177/350
391/391 - 23s - loss: 0.2682 - accuracy: 0.9172 - val_loss: 0.3961 - val_accuracy: 0.8838
Epoch 178/350
391/391 - 24s - loss: 0.2699 - accuracy: 0.9166 - val_loss: 0.4083 - val_accuracy: 0.8834
Epoch 179/350
391/391 - 23s - loss: 0.2664 - accuracy: 0.9188 - val_loss: 0.4277 - val_accuracy: 0.8820
Epoch 180/350
391/391 - 23s - loss: 0.2626 - accuracy: 0.9204 - val_loss: 0.4098 - val_accuracy: 0.8827
Epoch 181/350
391/391 - 23s - loss: 0.2596 - accuracy: 0.9196 - val_loss: 0.4295 - val_accuracy: 0.8765
Epoch 182/350
391/391 - 23s - loss: 0.2578 - accuracy: 0.9217 - val_loss: 0.4261 - val_accuracy: 0.8843
Epoch 183/350
391/391 - 23s - loss: 0.2593 - accuracy: 0.9208 - val_loss: 0.4187 - val_accuracy: 0.8830
Epoch 184/350
391/391 - 23s - loss: 0.2568 - accuracy: 0.9217 - val_loss: 0.4294 - val_accuracy: 0.8853
Epoch 185/350
391/391 - 23s - loss: 0.2564 - accuracy: 0.9211 - val_loss: 0.4563 - val_accuracy: 0.8747
Epoch 186/350
391/391 - 23s - loss: 0.2484 - accuracy: 0.9238 - val_loss: 0.4295 - val_accuracy: 0.8813
Epoch 187/350
391/391 - 23s - loss: 0.2553 - accuracy: 0.9210 - val_loss: 0.4244 - val_accuracy: 0.8815
Epoch 188/350
391/391 - 23s - loss: 0.2507 - accuracy: 0.9234 - val_loss: 0.4661 - val_accuracy: 0.8747
Epoch 189/350
391/391 - 23s - loss: 0.2470 - accuracy: 0.9246 - val_loss: 0.4268 - val_accuracy: 0.8822
Epoch 190/350
391/391 - 24s - loss: 0.2439 - accuracy: 0.9262 - val_loss: 0.3961 - val_accuracy: 0.8904
Epoch 191/350
391/391 - 23s - loss: 0.2439 - accuracy: 0.9261 - val_loss: 0.4074 - val_accuracy: 0.8898
Epoch 192/350
391/391 - 23s - loss: 0.2430 - accuracy: 0.9263 - val_loss: 0.4431 - val_accuracy: 0.8801
Epoch 193/350
391/391 - 23s - loss: 0.2413 - accuracy: 0.9279 - val_loss: 0.4392 - val_accuracy: 0.8851
Epoch 194/350
391/391 - 23s - loss: 0.2393 - accuracy: 0.9277 - val_loss: 0.3972 - val_accuracy: 0.8915
Epoch 195/350
391/391 - 23s - loss: 0.2371 - accuracy: 0.9279 - val_loss: 0.4031 - val_accuracy: 0.8866
Epoch 196/350
391/391 - 23s - loss: 0.2363 - accuracy: 0.9288 - val_loss: 0.3896 - val_accuracy: 0.8900
Epoch 197/350
391/391 - 23s - loss: 0.2384 - accuracy: 0.9293 - val_loss: 0.4166 - val_accuracy: 0.8862
Epoch 198/350
391/391 - 23s - loss: 0.2370 - accuracy: 0.9269 - val_loss: 0.4052 - val_accuracy: 0.8907
Epoch 199/350
391/391 - 23s - loss: 0.2315 - accuracy: 0.9317 - val_loss: 0.4196 - val_accuracy: 0.8895
Epoch 200/350


Snapshot weight 0 shuffle 2 at epoch 200
Layer 11
Getting activations...


391/391 - 23s - loss: 0.2318 - accuracy: 0.9314 - val_loss: 0.3936 - val_accuracy: 0.8900
Epoch 201/350
391/391 - 23s - loss: 0.1962 - accuracy: 0.9426 - val_loss: 0.4043 - val_accuracy: 0.8926
Epoch 202/350
391/391 - 23s - loss: 0.1812 - accuracy: 0.9491 - val_loss: 0.3934 - val_accuracy: 0.8970
Epoch 203/350
391/391 - 23s - loss: 0.1766 - accuracy: 0.9500 - val_loss: 0.3997 - val_accuracy: 0.8970
Epoch 204/350
391/391 - 23s - loss: 0.1708 - accuracy: 0.9516 - val_loss: 0.4041 - val_accuracy: 0.8971
Epoch 205/350
391/391 - 23s - loss: 0.1723 - accuracy: 0.9513 - val_loss: 0.3985 - val_accuracy: 0.8983
Epoch 206/350
391/391 - 23s - loss: 0.1721 - accuracy: 0.9510 - val_loss: 0.4040 - val_accuracy: 0.8983
Epoch 207/350
391/391 - 23s - loss: 0.1682 - accuracy: 0.9530 - val_loss: 0.4062 - val_accuracy: 0.8981
Epoch 208/350
391/391 - 23s - loss: 0.1684 - accuracy: 0.9538 - val_loss: 0.4012 - val_accuracy: 0.8994
Epoch 209/350
391/391 - 23s - loss: 0.1682 - accuracy: 0.9518 - val_loss: 0.4076 - val_accuracy: 0.8961
Epoch 210/350
391/391 - 24s - loss: 0.1658 - accuracy: 0.9543 - val_loss: 0.4045 - val_accuracy: 0.8977
Epoch 211/350
391/391 - 23s - loss: 0.1627 - accuracy: 0.9545 - val_loss: 0.4136 - val_accuracy: 0.8965
Epoch 212/350
391/391 - 23s - loss: 0.1664 - accuracy: 0.9533 - val_loss: 0.4092 - val_accuracy: 0.9002
Epoch 213/350
391/391 - 23s - loss: 0.1604 - accuracy: 0.9555 - val_loss: 0.4120 - val_accuracy: 0.9015
Epoch 214/350
391/391 - 23s - loss: 0.1611 - accuracy: 0.9559 - val_loss: 0.4129 - val_accuracy: 0.8987
Epoch 215/350
391/391 - 23s - loss: 0.1611 - accuracy: 0.9556 - val_loss: 0.4118 - val_accuracy: 0.8970
Epoch 216/350
391/391 - 23s - loss: 0.1633 - accuracy: 0.9536 - val_loss: 0.4082 - val_accuracy: 0.9012
Epoch 217/350
391/391 - 23s - loss: 0.1603 - accuracy: 0.9552 - val_loss: 0.4115 - val_accuracy: 0.8990
Epoch 218/350
391/391 - 24s - loss: 0.1620 - accuracy: 0.9552 - val_loss: 0.4126 - val_accuracy: 0.8998
Epoch 219/350
391/391 - 23s - loss: 0.1614 - accuracy: 0.9552 - val_loss: 0.4173 - val_accuracy: 0.9003
Epoch 220/350
391/391 - 23s - loss: 0.1598 - accuracy: 0.9555 - val_loss: 0.4093 - val_accuracy: 0.8998
Epoch 221/350
391/391 - 23s - loss: 0.1609 - accuracy: 0.9551 - val_loss: 0.4110 - val_accuracy: 0.8990
Epoch 222/350
391/391 - 23s - loss: 0.1594 - accuracy: 0.9568 - val_loss: 0.4163 - val_accuracy: 0.8964
Epoch 223/350
391/391 - 23s - loss: 0.1592 - accuracy: 0.9564 - val_loss: 0.4144 - val_accuracy: 0.8990
Epoch 224/350
391/391 - 23s - loss: 0.1561 - accuracy: 0.9569 - val_loss: 0.4173 - val_accuracy: 0.9003
Epoch 225/350
391/391 - 23s - loss: 0.1596 - accuracy: 0.9568 - val_loss: 0.4155 - val_accuracy: 0.9002
Epoch 226/350
391/391 - 23s - loss: 0.1547 - accuracy: 0.9584 - val_loss: 0.4165 - val_accuracy: 0.8997
Epoch 227/350
391/391 - 23s - loss: 0.1550 - accuracy: 0.9585 - val_loss: 0.4123 - val_accuracy: 0.8991
Epoch 228/350
391/391 - 23s - loss: 0.1557 - accuracy: 0.9563 - val_loss: 0.4140 - val_accuracy: 0.9013
Epoch 229/350
391/391 - 23s - loss: 0.1556 - accuracy: 0.9573 - val_loss: 0.4193 - val_accuracy: 0.8992
Epoch 230/350
391/391 - 23s - loss: 0.1539 - accuracy: 0.9577 - val_loss: 0.4231 - val_accuracy: 0.8983
Epoch 231/350
391/391 - 23s - loss: 0.1546 - accuracy: 0.9575 - val_loss: 0.4166 - val_accuracy: 0.9020
Epoch 232/350
391/391 - 23s - loss: 0.1517 - accuracy: 0.9586 - val_loss: 0.4220 - val_accuracy: 0.8996
Epoch 233/350
391/391 - 23s - loss: 0.1524 - accuracy: 0.9590 - val_loss: 0.4138 - val_accuracy: 0.9011
Epoch 234/350
391/391 - 23s - loss: 0.1500 - accuracy: 0.9592 - val_loss: 0.4266 - val_accuracy: 0.8997
Epoch 235/350
391/391 - 23s - loss: 0.1539 - accuracy: 0.9574 - val_loss: 0.4240 - val_accuracy: 0.9006
Epoch 236/350
391/391 - 23s - loss: 0.1484 - accuracy: 0.9610 - val_loss: 0.4140 - val_accuracy: 0.9018
Epoch 237/350
391/391 - 23s - loss: 0.1491 - accuracy: 0.9587 - val_loss: 0.4224 - val_accuracy: 0.9001
Epoch 238/350
391/391 - 23s - loss: 0.1507 - accuracy: 0.9596 - val_loss: 0.4237 - val_accuracy: 0.8999
Epoch 239/350
391/391 - 23s - loss: 0.1542 - accuracy: 0.9577 - val_loss: 0.4221 - val_accuracy: 0.9015
Epoch 240/350
391/391 - 23s - loss: 0.1508 - accuracy: 0.9593 - val_loss: 0.4281 - val_accuracy: 0.9002
Epoch 241/350
391/391 - 23s - loss: 0.1522 - accuracy: 0.9591 - val_loss: 0.4240 - val_accuracy: 0.8988
Epoch 242/350
391/391 - 23s - loss: 0.1471 - accuracy: 0.9612 - val_loss: 0.4326 - val_accuracy: 0.8992
Epoch 243/350
391/391 - 23s - loss: 0.1492 - accuracy: 0.9597 - val_loss: 0.4231 - val_accuracy: 0.9004
Epoch 244/350
391/391 - 24s - loss: 0.1502 - accuracy: 0.9582 - val_loss: 0.4274 - val_accuracy: 0.8988
Epoch 245/350
391/391 - 23s - loss: 0.1511 - accuracy: 0.9594 - val_loss: 0.4304 - val_accuracy: 0.8994
Epoch 246/350
391/391 - 23s - loss: 0.1480 - accuracy: 0.9596 - val_loss: 0.4259 - val_accuracy: 0.8992
Epoch 247/350
391/391 - 24s - loss: 0.1491 - accuracy: 0.9594 - val_loss: 0.4309 - val_accuracy: 0.8988
Epoch 248/350
391/391 - 23s - loss: 0.1472 - accuracy: 0.9597 - val_loss: 0.4301 - val_accuracy: 0.8982
Epoch 249/350
391/391 - 23s - loss: 0.1492 - accuracy: 0.9592 - val_loss: 0.4229 - val_accuracy: 0.9007
Epoch 250/350


Snapshot weight 0 shuffle 2 at epoch 250
Layer 11
Getting activations...


391/391 - 23s - loss: 0.1468 - accuracy: 0.9610 - val_loss: 0.4239 - val_accuracy: 0.9012
Epoch 251/350
391/391 - 23s - loss: 0.1428 - accuracy: 0.9618 - val_loss: 0.4218 - val_accuracy: 0.9009
Epoch 252/350
391/391 - 23s - loss: 0.1433 - accuracy: 0.9612 - val_loss: 0.4227 - val_accuracy: 0.9006
Epoch 253/350
391/391 - 23s - loss: 0.1429 - accuracy: 0.9627 - val_loss: 0.4250 - val_accuracy: 0.9005
Epoch 254/350
391/391 - 23s - loss: 0.1476 - accuracy: 0.9609 - val_loss: 0.4213 - val_accuracy: 0.9006
Epoch 255/350
391/391 - 23s - loss: 0.1426 - accuracy: 0.9625 - val_loss: 0.4229 - val_accuracy: 0.9012
Epoch 256/350
391/391 - 23s - loss: 0.1445 - accuracy: 0.9610 - val_loss: 0.4258 - val_accuracy: 0.9014
Epoch 257/350
391/391 - 23s - loss: 0.1415 - accuracy: 0.9629 - val_loss: 0.4225 - val_accuracy: 0.9013
Epoch 258/350
391/391 - 24s - loss: 0.1436 - accuracy: 0.9613 - val_loss: 0.4250 - val_accuracy: 0.9011
Epoch 259/350
391/391 - 23s - loss: 0.1411 - accuracy: 0.9628 - val_loss: 0.4228 - val_accuracy: 0.9017
Epoch 260/350
391/391 - 23s - loss: 0.1430 - accuracy: 0.9614 - val_loss: 0.4238 - val_accuracy: 0.9013
Epoch 261/350
391/391 - 23s - loss: 0.1438 - accuracy: 0.9617 - val_loss: 0.4238 - val_accuracy: 0.9013
Epoch 262/350
391/391 - 23s - loss: 0.1437 - accuracy: 0.9608 - val_loss: 0.4231 - val_accuracy: 0.9012
Epoch 263/350
391/391 - 23s - loss: 0.1408 - accuracy: 0.9625 - val_loss: 0.4257 - val_accuracy: 0.9006
Epoch 264/350
391/391 - 23s - loss: 0.1406 - accuracy: 0.9622 - val_loss: 0.4267 - val_accuracy: 0.9002
Epoch 265/350
391/391 - 23s - loss: 0.1427 - accuracy: 0.9621 - val_loss: 0.4246 - val_accuracy: 0.9012
Epoch 266/350
391/391 - 23s - loss: 0.1404 - accuracy: 0.9626 - val_loss: 0.4252 - val_accuracy: 0.9018
Epoch 267/350
391/391 - 23s - loss: 0.1436 - accuracy: 0.9615 - val_loss: 0.4222 - val_accuracy: 0.9020
Epoch 268/350
391/391 - 23s - loss: 0.1410 - accuracy: 0.9620 - val_loss: 0.4264 - val_accuracy: 0.9013
Epoch 269/350
391/391 - 23s - loss: 0.1382 - accuracy: 0.9629 - val_loss: 0.4235 - val_accuracy: 0.9021
Epoch 270/350
391/391 - 23s - loss: 0.1410 - accuracy: 0.9617 - val_loss: 0.4266 - val_accuracy: 0.9017
Epoch 271/350
391/391 - 23s - loss: 0.1411 - accuracy: 0.9630 - val_loss: 0.4239 - val_accuracy: 0.9021
Epoch 272/350
391/391 - 23s - loss: 0.1413 - accuracy: 0.9620 - val_loss: 0.4277 - val_accuracy: 0.9006
Epoch 273/350
391/391 - 23s - loss: 0.1419 - accuracy: 0.9620 - val_loss: 0.4277 - val_accuracy: 0.9008
Epoch 274/350
391/391 - 23s - loss: 0.1423 - accuracy: 0.9618 - val_loss: 0.4266 - val_accuracy: 0.9013
Epoch 275/350
391/391 - 23s - loss: 0.1421 - accuracy: 0.9623 - val_loss: 0.4261 - val_accuracy: 0.9015
Epoch 276/350
391/391 - 23s - loss: 0.1402 - accuracy: 0.9626 - val_loss: 0.4265 - val_accuracy: 0.9015
Epoch 277/350
391/391 - 23s - loss: 0.1425 - accuracy: 0.9633 - val_loss: 0.4251 - val_accuracy: 0.9017
Epoch 278/350
391/391 - 23s - loss: 0.1376 - accuracy: 0.9633 - val_loss: 0.4271 - val_accuracy: 0.9016
Epoch 279/350
391/391 - 23s - loss: 0.1387 - accuracy: 0.9635 - val_loss: 0.4256 - val_accuracy: 0.9020
Epoch 280/350
391/391 - 23s - loss: 0.1404 - accuracy: 0.9617 - val_loss: 0.4260 - val_accuracy: 0.9019
Epoch 281/350
391/391 - 23s - loss: 0.1395 - accuracy: 0.9636 - val_loss: 0.4282 - val_accuracy: 0.9012
Epoch 282/350
391/391 - 23s - loss: 0.1425 - accuracy: 0.9623 - val_loss: 0.4265 - val_accuracy: 0.9022
Epoch 283/350
391/391 - 24s - loss: 0.1404 - accuracy: 0.9629 - val_loss: 0.4272 - val_accuracy: 0.9017
Epoch 284/350
391/391 - 23s - loss: 0.1407 - accuracy: 0.9627 - val_loss: 0.4285 - val_accuracy: 0.9014
Epoch 285/350
391/391 - 24s - loss: 0.1407 - accuracy: 0.9623 - val_loss: 0.4281 - val_accuracy: 0.9010
Epoch 286/350
391/391 - 23s - loss: 0.1404 - accuracy: 0.9633 - val_loss: 0.4298 - val_accuracy: 0.9006
Epoch 287/350
391/391 - 23s - loss: 0.1394 - accuracy: 0.9636 - val_loss: 0.4264 - val_accuracy: 0.9006
Epoch 288/350
391/391 - 23s - loss: 0.1421 - accuracy: 0.9617 - val_loss: 0.4272 - val_accuracy: 0.9018
Epoch 289/350
391/391 - 23s - loss: 0.1407 - accuracy: 0.9627 - val_loss: 0.4261 - val_accuracy: 0.9016
Epoch 290/350
391/391 - 23s - loss: 0.1415 - accuracy: 0.9625 - val_loss: 0.4274 - val_accuracy: 0.9018
Epoch 291/350
391/391 - 23s - loss: 0.1425 - accuracy: 0.9633 - val_loss: 0.4236 - val_accuracy: 0.9013
Epoch 292/350
391/391 - 23s - loss: 0.1435 - accuracy: 0.9620 - val_loss: 0.4274 - val_accuracy: 0.9005
Epoch 293/350
391/391 - 23s - loss: 0.1377 - accuracy: 0.9637 - val_loss: 0.4268 - val_accuracy: 0.9015
Epoch 294/350
391/391 - 24s - loss: 0.1390 - accuracy: 0.9627 - val_loss: 0.4274 - val_accuracy: 0.9016
Epoch 295/350
391/391 - 23s - loss: 0.1413 - accuracy: 0.9624 - val_loss: 0.4285 - val_accuracy: 0.9012
Epoch 296/350
391/391 - 23s - loss: 0.1402 - accuracy: 0.9632 - val_loss: 0.4277 - val_accuracy: 0.9010
Epoch 297/350
391/391 - 23s - loss: 0.1407 - accuracy: 0.9625 - val_loss: 0.4289 - val_accuracy: 0.9012
Epoch 298/350
391/391 - 23s - loss: 0.1401 - accuracy: 0.9625 - val_loss: 0.4276 - val_accuracy: 0.9014
Epoch 299/350
391/391 - 23s - loss: 0.1396 - accuracy: 0.9627 - val_loss: 0.4297 - val_accuracy: 0.9005
Epoch 300/350


Snapshot weight 0 shuffle 2 at epoch 300
Layer 11
Getting activations...


391/391 - 24s - loss: 0.1398 - accuracy: 0.9623 - val_loss: 0.4273 - val_accuracy: 0.9013
Epoch 301/350
391/391 - 23s - loss: 0.1397 - accuracy: 0.9622 - val_loss: 0.4279 - val_accuracy: 0.9005
Epoch 302/350
391/391 - 23s - loss: 0.1407 - accuracy: 0.9634 - val_loss: 0.4277 - val_accuracy: 0.9010
Epoch 303/350
391/391 - 23s - loss: 0.1395 - accuracy: 0.9627 - val_loss: 0.4276 - val_accuracy: 0.9008
Epoch 304/350
391/391 - 23s - loss: 0.1410 - accuracy: 0.9629 - val_loss: 0.4275 - val_accuracy: 0.9009
Epoch 305/350
391/391 - 23s - loss: 0.1421 - accuracy: 0.9625 - val_loss: 0.4274 - val_accuracy: 0.9007
Epoch 306/350
391/391 - 23s - loss: 0.1403 - accuracy: 0.9638 - val_loss: 0.4272 - val_accuracy: 0.9010
Epoch 307/350
391/391 - 24s - loss: 0.1390 - accuracy: 0.9634 - val_loss: 0.4270 - val_accuracy: 0.9010
Epoch 308/350
391/391 - 23s - loss: 0.1418 - accuracy: 0.9624 - val_loss: 0.4271 - val_accuracy: 0.9013
Epoch 309/350
391/391 - 23s - loss: 0.1403 - accuracy: 0.9631 - val_loss: 0.4272 - val_accuracy: 0.9012
Epoch 310/350
391/391 - 23s - loss: 0.1401 - accuracy: 0.9636 - val_loss: 0.4271 - val_accuracy: 0.9017
Epoch 311/350
391/391 - 23s - loss: 0.1382 - accuracy: 0.9637 - val_loss: 0.4269 - val_accuracy: 0.9016
Epoch 312/350
391/391 - 23s - loss: 0.1410 - accuracy: 0.9622 - val_loss: 0.4271 - val_accuracy: 0.9014
Epoch 313/350
391/391 - 23s - loss: 0.1414 - accuracy: 0.9622 - val_loss: 0.4274 - val_accuracy: 0.9017
Epoch 314/350
391/391 - 23s - loss: 0.1408 - accuracy: 0.9620 - val_loss: 0.4274 - val_accuracy: 0.9017
Epoch 315/350
391/391 - 23s - loss: 0.1409 - accuracy: 0.9628 - val_loss: 0.4279 - val_accuracy: 0.9018
Epoch 316/350
391/391 - 23s - loss: 0.1390 - accuracy: 0.9634 - val_loss: 0.4280 - val_accuracy: 0.9016
Epoch 317/350
391/391 - 23s - loss: 0.1425 - accuracy: 0.9626 - val_loss: 0.4276 - val_accuracy: 0.9017
Epoch 318/350
391/391 - 23s - loss: 0.1373 - accuracy: 0.9636 - val_loss: 0.4275 - val_accuracy: 0.9017
Epoch 319/350
391/391 - 23s - loss: 0.1410 - accuracy: 0.9618 - val_loss: 0.4273 - val_accuracy: 0.9017
Epoch 320/350
391/391 - 23s - loss: 0.1385 - accuracy: 0.9632 - val_loss: 0.4273 - val_accuracy: 0.9016
Epoch 321/350
391/391 - 23s - loss: 0.1409 - accuracy: 0.9628 - val_loss: 0.4271 - val_accuracy: 0.9016
Epoch 322/350
391/391 - 24s - loss: 0.1386 - accuracy: 0.9633 - val_loss: 0.4271 - val_accuracy: 0.9014
Epoch 323/350
391/391 - 23s - loss: 0.1414 - accuracy: 0.9630 - val_loss: 0.4273 - val_accuracy: 0.9018
Epoch 324/350
391/391 - 23s - loss: 0.1403 - accuracy: 0.9622 - val_loss: 0.4275 - val_accuracy: 0.9012
Epoch 325/350
391/391 - 23s - loss: 0.1401 - accuracy: 0.9628 - val_loss: 0.4274 - val_accuracy: 0.9013
Epoch 326/350
391/391 - 23s - loss: 0.1423 - accuracy: 0.9620 - val_loss: 0.4274 - val_accuracy: 0.9014
Epoch 327/350
391/391 - 23s - loss: 0.1383 - accuracy: 0.9634 - val_loss: 0.4276 - val_accuracy: 0.9011
Epoch 328/350
391/391 - 23s - loss: 0.1395 - accuracy: 0.9623 - val_loss: 0.4276 - val_accuracy: 0.9015
Epoch 329/350
391/391 - 23s - loss: 0.1387 - accuracy: 0.9633 - val_loss: 0.4281 - val_accuracy: 0.9014
Epoch 330/350
391/391 - 23s - loss: 0.1393 - accuracy: 0.9628 - val_loss: 0.4280 - val_accuracy: 0.9012
Epoch 331/350
391/391 - 23s - loss: 0.1384 - accuracy: 0.9640 - val_loss: 0.4278 - val_accuracy: 0.9010
Epoch 332/350
391/391 - 23s - loss: 0.1406 - accuracy: 0.9619 - val_loss: 0.4280 - val_accuracy: 0.9012
Epoch 333/350
391/391 - 23s - loss: 0.1409 - accuracy: 0.9630 - val_loss: 0.4278 - val_accuracy: 0.9013
Epoch 334/350
391/391 - 23s - loss: 0.1397 - accuracy: 0.9634 - val_loss: 0.4280 - val_accuracy: 0.9013
Epoch 335/350
391/391 - 23s - loss: 0.1424 - accuracy: 0.9620 - val_loss: 0.4272 - val_accuracy: 0.9015
Epoch 336/350
391/391 - 23s - loss: 0.1396 - accuracy: 0.9624 - val_loss: 0.4271 - val_accuracy: 0.9016
Epoch 337/350
391/391 - 23s - loss: 0.1379 - accuracy: 0.9639 - val_loss: 0.4274 - val_accuracy: 0.9017
Epoch 338/350
391/391 - 23s - loss: 0.1419 - accuracy: 0.9621 - val_loss: 0.4274 - val_accuracy: 0.9016
Epoch 339/350
391/391 - 23s - loss: 0.1410 - accuracy: 0.9620 - val_loss: 0.4278 - val_accuracy: 0.9013
Epoch 340/350
391/391 - 23s - loss: 0.1404 - accuracy: 0.9626 - val_loss: 0.4278 - val_accuracy: 0.9011
Epoch 341/350
391/391 - 23s - loss: 0.1385 - accuracy: 0.9630 - val_loss: 0.4274 - val_accuracy: 0.9012
Epoch 342/350
391/391 - 23s - loss: 0.1400 - accuracy: 0.9626 - val_loss: 0.4275 - val_accuracy: 0.9015
Epoch 343/350
391/391 - 23s - loss: 0.1394 - accuracy: 0.9627 - val_loss: 0.4279 - val_accuracy: 0.9011
Epoch 344/350
391/391 - 23s - loss: 0.1388 - accuracy: 0.9631 - val_loss: 0.4282 - val_accuracy: 0.9011
Epoch 345/350
391/391 - 23s - loss: 0.1403 - accuracy: 0.9625 - val_loss: 0.4282 - val_accuracy: 0.9012
Epoch 346/350
391/391 - 23s - loss: 0.1394 - accuracy: 0.9640 - val_loss: 0.4280 - val_accuracy: 0.9010
Epoch 347/350
391/391 - 23s - loss: 0.1404 - accuracy: 0.9623 - val_loss: 0.4281 - val_accuracy: 0.9014
Epoch 348/350
391/391 - 23s - loss: 0.1391 - accuracy: 0.9628 - val_loss: 0.4276 - val_accuracy: 0.9011
Epoch 349/350
391/391 - 23s - loss: 0.1374 - accuracy: 0.9638 - val_loss: 0.4275 - val_accuracy: 0.9015
Epoch 350/350


Snapshot weight 0 shuffle 2 at epoch 350
Layer 11
Getting activations...


391/391 - 24s - loss: 0.1393 - accuracy: 0.9625 - val_loss: 0.4276 - val_accuracy: 0.9015
/usr/local/lib/python3.6/dist-packages/tensorflow/python/autograph/impl/api.py:493: UserWarning: fill_value is not supported and is always 0 for TensorFlow < 2.4.0.
  return py_builtins.overload_of(f)(*args)
WARNING:tensorflow:From /usr/local/lib/python3.6/dist-packages/tensorflow/python/training/tracking/tracking.py:111: Model.state_updates (from tensorflow.python.keras.engine.training) is deprecated and will be removed in a future version.
Instructions for updating:
This property should not be used in TensorFlow 2.0, as updates are applied automatically.
2021-07-04 17:55:41.625659: W tensorflow/python/util/util.cc:348] Sets are not currently considered sequences, but this may change in the future, so consider avoiding using them.
WARNING:tensorflow:From /usr/local/lib/python3.6/dist-packages/tensorflow/python/training/tracking/tracking.py:111: Layer.updates (from tensorflow.python.keras.engine.base_layer) is deprecated and will be removed in a future version.
Instructions for updating:
This property should not be used in TensorFlow 2.0, as updates are applied automatically.
Saving, final validation acc: 0.9014999866485596
