2021-07-02 09:24:56.359566: I tensorflow/stream_executor/platform/default/dso_loader.cc:48] Successfully opened dynamic library libcudart.so.10.1
2021-07-02 09:26:12.368982: I tensorflow/stream_executor/platform/default/dso_loader.cc:48] Successfully opened dynamic library libcuda.so.1
2021-07-02 09:26:12.390655: I tensorflow/core/common_runtime/gpu/gpu_device.cc:1716] Found device 0 with properties: 
pciBusID: 0000:03:00.0 name: NVIDIA TITAN Xp computeCapability: 6.1
coreClock: 1.582GHz coreCount: 30 deviceMemorySize: 11.91GiB deviceMemoryBandwidth: 510.07GiB/s
2021-07-02 09:26:12.390742: I tensorflow/stream_executor/platform/default/dso_loader.cc:48] Successfully opened dynamic library libcudart.so.10.1
2021-07-02 09:26:12.432502: I tensorflow/stream_executor/platform/default/dso_loader.cc:48] Successfully opened dynamic library libcublas.so.10
2021-07-02 09:26:12.452435: I tensorflow/stream_executor/platform/default/dso_loader.cc:48] Successfully opened dynamic library libcufft.so.10
2021-07-02 09:26:12.460943: I tensorflow/stream_executor/platform/default/dso_loader.cc:48] Successfully opened dynamic library libcurand.so.10
2021-07-02 09:26:12.502886: I tensorflow/stream_executor/platform/default/dso_loader.cc:48] Successfully opened dynamic library libcusolver.so.10
2021-07-02 09:26:12.511045: I tensorflow/stream_executor/platform/default/dso_loader.cc:48] Successfully opened dynamic library libcusparse.so.10
2021-07-02 09:26:12.586108: I tensorflow/stream_executor/platform/default/dso_loader.cc:48] Successfully opened dynamic library libcudnn.so.7
2021-07-02 09:26:12.589680: I tensorflow/core/common_runtime/gpu/gpu_device.cc:1858] Adding visible gpu devices: 0
2021-07-02 09:26:12.593263: I tensorflow/core/platform/cpu_feature_guard.cc:142] This TensorFlow binary is optimized with oneAPI Deep Neural Network Library (oneDNN)to use the following CPU instructions in performance-critical operations:  AVX2 FMA
To enable them in other operations, rebuild TensorFlow with the appropriate compiler flags.
2021-07-02 09:26:12.608537: I tensorflow/core/platform/profile_utils/cpu_utils.cc:104] CPU Frequency: 2599870000 Hz
2021-07-02 09:26:12.608648: I tensorflow/compiler/xla/service/service.cc:168] XLA service 0x3e62e80 initialized for platform Host (this does not guarantee that XLA will be used). Devices:
2021-07-02 09:26:12.608667: I tensorflow/compiler/xla/service/service.cc:176]   StreamExecutor device (0): Host, Default Version
2021-07-02 09:26:12.741059: I tensorflow/compiler/xla/service/service.cc:168] XLA service 0x3e44820 initialized for platform CUDA (this does not guarantee that XLA will be used). Devices:
2021-07-02 09:26:12.741129: I tensorflow/compiler/xla/service/service.cc:176]   StreamExecutor device (0): NVIDIA TITAN Xp, Compute Capability 6.1
2021-07-02 09:26:12.743473: I tensorflow/core/common_runtime/gpu/gpu_device.cc:1716] Found device 0 with properties: 
pciBusID: 0000:03:00.0 name: NVIDIA TITAN Xp computeCapability: 6.1
coreClock: 1.582GHz coreCount: 30 deviceMemorySize: 11.91GiB deviceMemoryBandwidth: 510.07GiB/s
2021-07-02 09:26:12.743514: I tensorflow/stream_executor/platform/default/dso_loader.cc:48] Successfully opened dynamic library libcudart.so.10.1
2021-07-02 09:26:12.743548: I tensorflow/stream_executor/platform/default/dso_loader.cc:48] Successfully opened dynamic library libcublas.so.10
2021-07-02 09:26:12.743567: I tensorflow/stream_executor/platform/default/dso_loader.cc:48] Successfully opened dynamic library libcufft.so.10
2021-07-02 09:26:12.743585: I tensorflow/stream_executor/platform/default/dso_loader.cc:48] Successfully opened dynamic library libcurand.so.10
2021-07-02 09:26:12.743602: I tensorflow/stream_executor/platform/default/dso_loader.cc:48] Successfully opened dynamic library libcusolver.so.10
2021-07-02 09:26:12.743619: I tensorflow/stream_executor/platform/default/dso_loader.cc:48] Successfully opened dynamic library libcusparse.so.10
2021-07-02 09:26:12.743637: I tensorflow/stream_executor/platform/default/dso_loader.cc:48] Successfully opened dynamic library libcudnn.so.7
2021-07-02 09:26:12.746558: I tensorflow/core/common_runtime/gpu/gpu_device.cc:1858] Adding visible gpu devices: 0
2021-07-02 09:26:12.748308: I tensorflow/stream_executor/platform/default/dso_loader.cc:48] Successfully opened dynamic library libcudart.so.10.1
2021-07-02 09:26:14.447357: I tensorflow/core/common_runtime/gpu/gpu_device.cc:1257] Device interconnect StreamExecutor with strength 1 edge matrix:
2021-07-02 09:26:14.447436: I tensorflow/core/common_runtime/gpu/gpu_device.cc:1263]      0 
2021-07-02 09:26:14.447449: I tensorflow/core/common_runtime/gpu/gpu_device.cc:1276] 0:   N 
2021-07-02 09:26:14.453126: I tensorflow/core/common_runtime/gpu/gpu_device.cc:1402] Created TensorFlow device (/job:localhost/replica:0/task:0/device:GPU:0 with 11218 MB memory) -> physical GPU (device: 0, name: NVIDIA TITAN Xp, pci bus id: 0000:03:00.0, compute capability: 6.1)
2021-07-02 09:26:20.031046: I tensorflow/stream_executor/platform/default/dso_loader.cc:48] Successfully opened dynamic library libcudnn.so.7
2021-07-02 09:26:22.463665: I tensorflow/stream_executor/platform/default/dso_loader.cc:48] Successfully opened dynamic library libcublas.so.10
Using model index: 57
Making train data...
GCN...
ZCA...
Done!
Making test data...
Done!
Epoch 1/350


Snapshot weight 7 shuffle 5 at epoch 1
Layer 11
Getting activations...


391/391 - 24s - loss: 2.3124 - accuracy: 0.1155 - val_loss: 2.2945 - val_accuracy: 0.1339
Epoch 2/350


Snapshot weight 7 shuffle 5 at epoch 2
Layer 11
Getting activations...


391/391 - 23s - loss: 2.0591 - accuracy: 0.2463 - val_loss: 1.8905 - val_accuracy: 0.3065
Epoch 3/350


Snapshot weight 7 shuffle 5 at epoch 3
Layer 11
Getting activations...


391/391 - 24s - loss: 1.7777 - accuracy: 0.3655 - val_loss: 1.6561 - val_accuracy: 0.4139
Epoch 4/350


Snapshot weight 7 shuffle 5 at epoch 4
Layer 11
Getting activations...


391/391 - 24s - loss: 1.5335 - accuracy: 0.4543 - val_loss: 1.4103 - val_accuracy: 0.5132
Epoch 5/350


Snapshot weight 7 shuffle 5 at epoch 5
Layer 11
Getting activations...


391/391 - 23s - loss: 1.3981 - accuracy: 0.5070 - val_loss: 1.3066 - val_accuracy: 0.5515
Epoch 6/350


Snapshot weight 7 shuffle 5 at epoch 6
Layer 11
Getting activations...


391/391 - 24s - loss: 1.2964 - accuracy: 0.5460 - val_loss: 1.1913 - val_accuracy: 0.5877
Epoch 7/350


Snapshot weight 7 shuffle 5 at epoch 7
Layer 11
Getting activations...


391/391 - 24s - loss: 1.2067 - accuracy: 0.5749 - val_loss: 1.1542 - val_accuracy: 0.6008
Epoch 8/350


Snapshot weight 7 shuffle 5 at epoch 8
Layer 11
Getting activations...


391/391 - 24s - loss: 1.1400 - accuracy: 0.6041 - val_loss: 1.1127 - val_accuracy: 0.6266
Epoch 9/350


Snapshot weight 7 shuffle 5 at epoch 9
Layer 11
Getting activations...


391/391 - 24s - loss: 1.0724 - accuracy: 0.6278 - val_loss: 1.0643 - val_accuracy: 0.6451
Epoch 10/350


Snapshot weight 7 shuffle 5 at epoch 10
Layer 11
Getting activations...


391/391 - 23s - loss: 1.0215 - accuracy: 0.6454 - val_loss: 1.1886 - val_accuracy: 0.6231
Epoch 11/350
391/391 - 24s - loss: 0.9836 - accuracy: 0.6590 - val_loss: 0.9067 - val_accuracy: 0.6937
Epoch 12/350
391/391 - 23s - loss: 0.9415 - accuracy: 0.6776 - val_loss: 0.9249 - val_accuracy: 0.6869
Epoch 13/350
391/391 - 23s - loss: 0.9188 - accuracy: 0.6862 - val_loss: 0.9625 - val_accuracy: 0.6745
Epoch 14/350
391/391 - 23s - loss: 0.8814 - accuracy: 0.6989 - val_loss: 0.9029 - val_accuracy: 0.7025
Epoch 15/350
391/391 - 24s - loss: 0.8496 - accuracy: 0.7091 - val_loss: 0.8727 - val_accuracy: 0.7097
Epoch 16/350
391/391 - 23s - loss: 0.8273 - accuracy: 0.7173 - val_loss: 0.8145 - val_accuracy: 0.7263
Epoch 17/350
391/391 - 23s - loss: 0.7918 - accuracy: 0.7322 - val_loss: 0.8001 - val_accuracy: 0.7336
Epoch 18/350
391/391 - 24s - loss: 0.7580 - accuracy: 0.7451 - val_loss: 0.6850 - val_accuracy: 0.7647
Epoch 19/350
391/391 - 23s - loss: 0.7352 - accuracy: 0.7538 - val_loss: 0.7984 - val_accuracy: 0.7427
Epoch 20/350
391/391 - 24s - loss: 0.7103 - accuracy: 0.7636 - val_loss: 0.6899 - val_accuracy: 0.7770
Epoch 21/350
391/391 - 24s - loss: 0.6943 - accuracy: 0.7686 - val_loss: 0.7293 - val_accuracy: 0.7682
Epoch 22/350
391/391 - 23s - loss: 0.6757 - accuracy: 0.7748 - val_loss: 0.6520 - val_accuracy: 0.7890
Epoch 23/350
391/391 - 24s - loss: 0.6519 - accuracy: 0.7854 - val_loss: 0.6420 - val_accuracy: 0.7942
Epoch 24/350
391/391 - 24s - loss: 0.6367 - accuracy: 0.7894 - val_loss: 0.5934 - val_accuracy: 0.8092
Epoch 25/350
391/391 - 24s - loss: 0.6272 - accuracy: 0.7931 - val_loss: 0.6091 - val_accuracy: 0.8139
Epoch 26/350
391/391 - 23s - loss: 0.6081 - accuracy: 0.8001 - val_loss: 0.5747 - val_accuracy: 0.8126
Epoch 27/350
391/391 - 23s - loss: 0.5936 - accuracy: 0.8041 - val_loss: 0.6136 - val_accuracy: 0.8095
Epoch 28/350
391/391 - 23s - loss: 0.5801 - accuracy: 0.8085 - val_loss: 0.5631 - val_accuracy: 0.8195
Epoch 29/350
391/391 - 23s - loss: 0.5699 - accuracy: 0.8123 - val_loss: 0.5279 - val_accuracy: 0.8314
Epoch 30/350
391/391 - 24s - loss: 0.5562 - accuracy: 0.8173 - val_loss: 0.5515 - val_accuracy: 0.8258
Epoch 31/350
391/391 - 24s - loss: 0.5468 - accuracy: 0.8201 - val_loss: 0.5223 - val_accuracy: 0.8328
Epoch 32/350
391/391 - 24s - loss: 0.5424 - accuracy: 0.8232 - val_loss: 0.5484 - val_accuracy: 0.8249
Epoch 33/350
391/391 - 24s - loss: 0.5308 - accuracy: 0.8267 - val_loss: 0.5234 - val_accuracy: 0.8368
Epoch 34/350
391/391 - 24s - loss: 0.5198 - accuracy: 0.8303 - val_loss: 0.5550 - val_accuracy: 0.8243
Epoch 35/350
391/391 - 24s - loss: 0.5066 - accuracy: 0.8341 - val_loss: 0.4945 - val_accuracy: 0.8379
Epoch 36/350
391/391 - 23s - loss: 0.5000 - accuracy: 0.8374 - val_loss: 0.4935 - val_accuracy: 0.8449
Epoch 37/350
391/391 - 24s - loss: 0.4935 - accuracy: 0.8395 - val_loss: 0.5357 - val_accuracy: 0.8306
Epoch 38/350
391/391 - 24s - loss: 0.4855 - accuracy: 0.8415 - val_loss: 0.5359 - val_accuracy: 0.8318
Epoch 39/350
391/391 - 24s - loss: 0.4762 - accuracy: 0.8463 - val_loss: 0.4968 - val_accuracy: 0.8450
Epoch 40/350
391/391 - 24s - loss: 0.4702 - accuracy: 0.8473 - val_loss: 0.5221 - val_accuracy: 0.8408
Epoch 41/350
391/391 - 24s - loss: 0.4611 - accuracy: 0.8494 - val_loss: 0.5259 - val_accuracy: 0.8426
Epoch 42/350
391/391 - 24s - loss: 0.4583 - accuracy: 0.8501 - val_loss: 0.4629 - val_accuracy: 0.8531
Epoch 43/350
391/391 - 24s - loss: 0.4513 - accuracy: 0.8550 - val_loss: 0.4962 - val_accuracy: 0.8464
Epoch 44/350
391/391 - 24s - loss: 0.4499 - accuracy: 0.8552 - val_loss: 0.4786 - val_accuracy: 0.8496
Epoch 45/350
391/391 - 24s - loss: 0.4355 - accuracy: 0.8593 - val_loss: 0.4830 - val_accuracy: 0.8517
Epoch 46/350
391/391 - 24s - loss: 0.4317 - accuracy: 0.8598 - val_loss: 0.4808 - val_accuracy: 0.8541
Epoch 47/350
391/391 - 24s - loss: 0.4233 - accuracy: 0.8648 - val_loss: 0.4638 - val_accuracy: 0.8574
Epoch 48/350
391/391 - 24s - loss: 0.4269 - accuracy: 0.8613 - val_loss: 0.4751 - val_accuracy: 0.8510
Epoch 49/350
391/391 - 24s - loss: 0.4178 - accuracy: 0.8654 - val_loss: 0.4854 - val_accuracy: 0.8546
Epoch 50/350


Snapshot weight 7 shuffle 5 at epoch 50
Layer 11
Getting activations...


391/391 - 24s - loss: 0.4126 - accuracy: 0.8669 - val_loss: 0.4727 - val_accuracy: 0.8561
Epoch 51/350
391/391 - 24s - loss: 0.4060 - accuracy: 0.8700 - val_loss: 0.4603 - val_accuracy: 0.8588
Epoch 52/350
391/391 - 24s - loss: 0.3963 - accuracy: 0.8728 - val_loss: 0.5218 - val_accuracy: 0.8410
Epoch 53/350
391/391 - 24s - loss: 0.3971 - accuracy: 0.8725 - val_loss: 0.4442 - val_accuracy: 0.8625
Epoch 54/350
391/391 - 24s - loss: 0.3932 - accuracy: 0.8722 - val_loss: 0.4543 - val_accuracy: 0.8613
Epoch 55/350
391/391 - 24s - loss: 0.3924 - accuracy: 0.8733 - val_loss: 0.4582 - val_accuracy: 0.8636
Epoch 56/350
391/391 - 24s - loss: 0.3823 - accuracy: 0.8779 - val_loss: 0.4532 - val_accuracy: 0.8625
Epoch 57/350
391/391 - 24s - loss: 0.3796 - accuracy: 0.8786 - val_loss: 0.4424 - val_accuracy: 0.8657
Epoch 58/350
391/391 - 24s - loss: 0.3768 - accuracy: 0.8802 - val_loss: 0.4481 - val_accuracy: 0.8665
Epoch 59/350
391/391 - 24s - loss: 0.3682 - accuracy: 0.8829 - val_loss: 0.4690 - val_accuracy: 0.8595
Epoch 60/350
391/391 - 24s - loss: 0.3660 - accuracy: 0.8831 - val_loss: 0.4720 - val_accuracy: 0.8613
Epoch 61/350
391/391 - 24s - loss: 0.3712 - accuracy: 0.8818 - val_loss: 0.4658 - val_accuracy: 0.8673
Epoch 62/350
391/391 - 24s - loss: 0.3642 - accuracy: 0.8841 - val_loss: 0.4317 - val_accuracy: 0.8728
Epoch 63/350
391/391 - 24s - loss: 0.3530 - accuracy: 0.8880 - val_loss: 0.4371 - val_accuracy: 0.8722
Epoch 64/350
391/391 - 24s - loss: 0.3515 - accuracy: 0.8873 - val_loss: 0.4872 - val_accuracy: 0.8595
Epoch 65/350
391/391 - 24s - loss: 0.3437 - accuracy: 0.8915 - val_loss: 0.4325 - val_accuracy: 0.8738
Epoch 66/350
391/391 - 24s - loss: 0.3468 - accuracy: 0.8908 - val_loss: 0.4336 - val_accuracy: 0.8720
Epoch 67/350
391/391 - 24s - loss: 0.3400 - accuracy: 0.8934 - val_loss: 0.4324 - val_accuracy: 0.8733
Epoch 68/350
391/391 - 24s - loss: 0.3406 - accuracy: 0.8938 - val_loss: 0.4614 - val_accuracy: 0.8691
Epoch 69/350
391/391 - 24s - loss: 0.3367 - accuracy: 0.8932 - val_loss: 0.4496 - val_accuracy: 0.8686
Epoch 70/350
391/391 - 24s - loss: 0.3310 - accuracy: 0.8970 - val_loss: 0.4362 - val_accuracy: 0.8765
Epoch 71/350
391/391 - 23s - loss: 0.3266 - accuracy: 0.8978 - val_loss: 0.4464 - val_accuracy: 0.8714
Epoch 72/350
391/391 - 24s - loss: 0.3273 - accuracy: 0.8968 - val_loss: 0.4529 - val_accuracy: 0.8721
Epoch 73/350
391/391 - 24s - loss: 0.3228 - accuracy: 0.8988 - val_loss: 0.4295 - val_accuracy: 0.8768
Epoch 74/350
391/391 - 24s - loss: 0.3205 - accuracy: 0.8997 - val_loss: 0.4451 - val_accuracy: 0.8762
Epoch 75/350
391/391 - 24s - loss: 0.3198 - accuracy: 0.9010 - val_loss: 0.4363 - val_accuracy: 0.8772
Epoch 76/350
391/391 - 24s - loss: 0.3192 - accuracy: 0.8986 - val_loss: 0.4281 - val_accuracy: 0.8729
Epoch 77/350
391/391 - 24s - loss: 0.3142 - accuracy: 0.9031 - val_loss: 0.4200 - val_accuracy: 0.8788
Epoch 78/350
391/391 - 24s - loss: 0.3074 - accuracy: 0.9041 - val_loss: 0.4331 - val_accuracy: 0.8742
Epoch 79/350
391/391 - 24s - loss: 0.3077 - accuracy: 0.9043 - val_loss: 0.4537 - val_accuracy: 0.8744
Epoch 80/350
391/391 - 23s - loss: 0.3067 - accuracy: 0.9054 - val_loss: 0.4205 - val_accuracy: 0.8777
Epoch 81/350
391/391 - 24s - loss: 0.3014 - accuracy: 0.9070 - val_loss: 0.4413 - val_accuracy: 0.8790
Epoch 82/350
391/391 - 23s - loss: 0.2973 - accuracy: 0.9064 - val_loss: 0.4260 - val_accuracy: 0.8813
Epoch 83/350
391/391 - 24s - loss: 0.2981 - accuracy: 0.9084 - val_loss: 0.4646 - val_accuracy: 0.8793
Epoch 84/350
391/391 - 24s - loss: 0.2947 - accuracy: 0.9085 - val_loss: 0.4383 - val_accuracy: 0.8810
Epoch 85/350
391/391 - 24s - loss: 0.2912 - accuracy: 0.9103 - val_loss: 0.4216 - val_accuracy: 0.8856
Epoch 86/350
391/391 - 24s - loss: 0.2923 - accuracy: 0.9100 - val_loss: 0.4215 - val_accuracy: 0.8824
Epoch 87/350
391/391 - 24s - loss: 0.2887 - accuracy: 0.9103 - val_loss: 0.4496 - val_accuracy: 0.8796
Epoch 88/350
391/391 - 24s - loss: 0.2783 - accuracy: 0.9140 - val_loss: 0.4362 - val_accuracy: 0.8757
Epoch 89/350
391/391 - 24s - loss: 0.2841 - accuracy: 0.9129 - val_loss: 0.4736 - val_accuracy: 0.8693
Epoch 90/350
391/391 - 24s - loss: 0.2854 - accuracy: 0.9117 - val_loss: 0.4327 - val_accuracy: 0.8780
Epoch 91/350
391/391 - 24s - loss: 0.2808 - accuracy: 0.9141 - val_loss: 0.4384 - val_accuracy: 0.8781
Epoch 92/350
391/391 - 24s - loss: 0.2760 - accuracy: 0.9161 - val_loss: 0.4352 - val_accuracy: 0.8838
Epoch 93/350
391/391 - 24s - loss: 0.2774 - accuracy: 0.9156 - val_loss: 0.4556 - val_accuracy: 0.8754
Epoch 94/350
391/391 - 23s - loss: 0.2735 - accuracy: 0.9160 - val_loss: 0.4374 - val_accuracy: 0.8845
Epoch 95/350
391/391 - 24s - loss: 0.2737 - accuracy: 0.9177 - val_loss: 0.4389 - val_accuracy: 0.8811
Epoch 96/350
391/391 - 23s - loss: 0.2675 - accuracy: 0.9187 - val_loss: 0.4561 - val_accuracy: 0.8777
Epoch 97/350
391/391 - 24s - loss: 0.2695 - accuracy: 0.9183 - val_loss: 0.4125 - val_accuracy: 0.8890
Epoch 98/350
391/391 - 24s - loss: 0.2634 - accuracy: 0.9192 - val_loss: 0.4298 - val_accuracy: 0.8847
Epoch 99/350
391/391 - 24s - loss: 0.2636 - accuracy: 0.9208 - val_loss: 0.4270 - val_accuracy: 0.8812
Epoch 100/350


Snapshot weight 7 shuffle 5 at epoch 100
Layer 11
Getting activations...


391/391 - 24s - loss: 0.2629 - accuracy: 0.9217 - val_loss: 0.4222 - val_accuracy: 0.8870
Epoch 101/350
391/391 - 24s - loss: 0.2576 - accuracy: 0.9225 - val_loss: 0.4119 - val_accuracy: 0.8928
Epoch 102/350
391/391 - 24s - loss: 0.2594 - accuracy: 0.9219 - val_loss: 0.4319 - val_accuracy: 0.8835
Epoch 103/350
391/391 - 23s - loss: 0.2549 - accuracy: 0.9230 - val_loss: 0.4138 - val_accuracy: 0.8880
Epoch 104/350
391/391 - 24s - loss: 0.2566 - accuracy: 0.9228 - val_loss: 0.4193 - val_accuracy: 0.8852
Epoch 105/350
391/391 - 23s - loss: 0.2522 - accuracy: 0.9234 - val_loss: 0.4676 - val_accuracy: 0.8748
Epoch 106/350
391/391 - 24s - loss: 0.2483 - accuracy: 0.9255 - val_loss: 0.4264 - val_accuracy: 0.8825
Epoch 107/350
391/391 - 23s - loss: 0.2497 - accuracy: 0.9254 - val_loss: 0.4201 - val_accuracy: 0.8854
Epoch 108/350
391/391 - 24s - loss: 0.2460 - accuracy: 0.9273 - val_loss: 0.4562 - val_accuracy: 0.8803
Epoch 109/350
391/391 - 23s - loss: 0.2406 - accuracy: 0.9289 - val_loss: 0.4644 - val_accuracy: 0.8869
Epoch 110/350
391/391 - 24s - loss: 0.2435 - accuracy: 0.9276 - val_loss: 0.4318 - val_accuracy: 0.8851
Epoch 111/350
391/391 - 24s - loss: 0.2440 - accuracy: 0.9270 - val_loss: 0.4274 - val_accuracy: 0.8869
Epoch 112/350
391/391 - 24s - loss: 0.2417 - accuracy: 0.9269 - val_loss: 0.4942 - val_accuracy: 0.8774
Epoch 113/350
391/391 - 24s - loss: 0.2421 - accuracy: 0.9284 - val_loss: 0.4206 - val_accuracy: 0.8918
Epoch 114/350
391/391 - 24s - loss: 0.2396 - accuracy: 0.9292 - val_loss: 0.4592 - val_accuracy: 0.8761
Epoch 115/350
391/391 - 24s - loss: 0.2341 - accuracy: 0.9307 - val_loss: 0.4637 - val_accuracy: 0.8869
Epoch 116/350
391/391 - 23s - loss: 0.2400 - accuracy: 0.9289 - val_loss: 0.4471 - val_accuracy: 0.8855
Epoch 117/350
391/391 - 24s - loss: 0.2355 - accuracy: 0.9301 - val_loss: 0.4328 - val_accuracy: 0.8892
Epoch 118/350
391/391 - 23s - loss: 0.2296 - accuracy: 0.9312 - val_loss: 0.4361 - val_accuracy: 0.8933
Epoch 119/350
391/391 - 24s - loss: 0.2319 - accuracy: 0.9322 - val_loss: 0.4734 - val_accuracy: 0.8840
Epoch 120/350
391/391 - 24s - loss: 0.2284 - accuracy: 0.9342 - val_loss: 0.4629 - val_accuracy: 0.8819
Epoch 121/350
391/391 - 24s - loss: 0.2287 - accuracy: 0.9332 - val_loss: 0.4369 - val_accuracy: 0.8877
Epoch 122/350
391/391 - 24s - loss: 0.2331 - accuracy: 0.9306 - val_loss: 0.4753 - val_accuracy: 0.8843
Epoch 123/350
391/391 - 24s - loss: 0.2289 - accuracy: 0.9328 - val_loss: 0.4621 - val_accuracy: 0.8785
Epoch 124/350
391/391 - 23s - loss: 0.2226 - accuracy: 0.9348 - val_loss: 0.4286 - val_accuracy: 0.8891
Epoch 125/350
391/391 - 23s - loss: 0.2234 - accuracy: 0.9346 - val_loss: 0.4446 - val_accuracy: 0.8871
Epoch 126/350
391/391 - 24s - loss: 0.2226 - accuracy: 0.9361 - val_loss: 0.4132 - val_accuracy: 0.8908
Epoch 127/350
391/391 - 24s - loss: 0.2240 - accuracy: 0.9356 - val_loss: 0.4114 - val_accuracy: 0.8920
Epoch 128/350
391/391 - 24s - loss: 0.2190 - accuracy: 0.9365 - val_loss: 0.4247 - val_accuracy: 0.8910
Epoch 129/350
391/391 - 24s - loss: 0.2174 - accuracy: 0.9374 - val_loss: 0.4458 - val_accuracy: 0.8931
Epoch 130/350
391/391 - 23s - loss: 0.2183 - accuracy: 0.9364 - val_loss: 0.4146 - val_accuracy: 0.8909
Epoch 131/350
391/391 - 23s - loss: 0.2192 - accuracy: 0.9374 - val_loss: 0.4310 - val_accuracy: 0.8884
Epoch 132/350
391/391 - 24s - loss: 0.2156 - accuracy: 0.9381 - val_loss: 0.4230 - val_accuracy: 0.8925
Epoch 133/350
391/391 - 24s - loss: 0.2138 - accuracy: 0.9381 - val_loss: 0.4245 - val_accuracy: 0.8935
Epoch 134/350
391/391 - 23s - loss: 0.2161 - accuracy: 0.9379 - val_loss: 0.4381 - val_accuracy: 0.8895
Epoch 135/350
391/391 - 24s - loss: 0.2117 - accuracy: 0.9393 - val_loss: 0.4191 - val_accuracy: 0.8952
Epoch 136/350
391/391 - 24s - loss: 0.2107 - accuracy: 0.9398 - val_loss: 0.4444 - val_accuracy: 0.8924
Epoch 137/350
391/391 - 24s - loss: 0.2106 - accuracy: 0.9389 - val_loss: 0.4330 - val_accuracy: 0.8921
Epoch 138/350
391/391 - 24s - loss: 0.2101 - accuracy: 0.9395 - val_loss: 0.4577 - val_accuracy: 0.8879
Epoch 139/350
391/391 - 23s - loss: 0.2133 - accuracy: 0.9392 - val_loss: 0.4425 - val_accuracy: 0.8906
Epoch 140/350
391/391 - 23s - loss: 0.2096 - accuracy: 0.9400 - val_loss: 0.4246 - val_accuracy: 0.8917
Epoch 141/350
391/391 - 23s - loss: 0.2028 - accuracy: 0.9425 - val_loss: 0.4601 - val_accuracy: 0.8889
Epoch 142/350
391/391 - 24s - loss: 0.2000 - accuracy: 0.9441 - val_loss: 0.5319 - val_accuracy: 0.8806
Epoch 143/350
391/391 - 23s - loss: 0.2072 - accuracy: 0.9411 - val_loss: 0.4307 - val_accuracy: 0.8926
Epoch 144/350
391/391 - 24s - loss: 0.2027 - accuracy: 0.9431 - val_loss: 0.4580 - val_accuracy: 0.8853
Epoch 145/350
391/391 - 24s - loss: 0.2046 - accuracy: 0.9420 - val_loss: 0.4582 - val_accuracy: 0.8917
Epoch 146/350
391/391 - 23s - loss: 0.2020 - accuracy: 0.9432 - val_loss: 0.4798 - val_accuracy: 0.8851
Epoch 147/350
391/391 - 23s - loss: 0.1976 - accuracy: 0.9434 - val_loss: 0.4446 - val_accuracy: 0.8926
Epoch 148/350
391/391 - 24s - loss: 0.1962 - accuracy: 0.9456 - val_loss: 0.4186 - val_accuracy: 0.8971
Epoch 149/350
391/391 - 24s - loss: 0.1989 - accuracy: 0.9442 - val_loss: 0.4569 - val_accuracy: 0.8937
Epoch 150/350


Snapshot weight 7 shuffle 5 at epoch 150
Layer 11
Getting activations...


391/391 - 24s - loss: 0.1954 - accuracy: 0.9462 - val_loss: 0.4242 - val_accuracy: 0.8957
Epoch 151/350
391/391 - 24s - loss: 0.1940 - accuracy: 0.9456 - val_loss: 0.4436 - val_accuracy: 0.8900
Epoch 152/350
391/391 - 23s - loss: 0.1965 - accuracy: 0.9454 - val_loss: 0.4366 - val_accuracy: 0.8936
Epoch 153/350
391/391 - 24s - loss: 0.1913 - accuracy: 0.9463 - val_loss: 0.4767 - val_accuracy: 0.8902
Epoch 154/350
391/391 - 24s - loss: 0.1914 - accuracy: 0.9472 - val_loss: 0.4671 - val_accuracy: 0.8933
Epoch 155/350
391/391 - 23s - loss: 0.1965 - accuracy: 0.9449 - val_loss: 0.4525 - val_accuracy: 0.8926
Epoch 156/350
391/391 - 24s - loss: 0.1942 - accuracy: 0.9471 - val_loss: 0.5000 - val_accuracy: 0.8905
Epoch 157/350
391/391 - 24s - loss: 0.1919 - accuracy: 0.9471 - val_loss: 0.4320 - val_accuracy: 0.8934
Epoch 158/350
391/391 - 24s - loss: 0.1916 - accuracy: 0.9479 - val_loss: 0.4363 - val_accuracy: 0.8963
Epoch 159/350
391/391 - 24s - loss: 0.1930 - accuracy: 0.9470 - val_loss: 0.4829 - val_accuracy: 0.8929
Epoch 160/350
391/391 - 24s - loss: 0.1844 - accuracy: 0.9508 - val_loss: 0.4447 - val_accuracy: 0.8973
Epoch 161/350
391/391 - 23s - loss: 0.1914 - accuracy: 0.9454 - val_loss: 0.4414 - val_accuracy: 0.8998
Epoch 162/350
391/391 - 24s - loss: 0.1921 - accuracy: 0.9471 - val_loss: 0.4473 - val_accuracy: 0.8979
Epoch 163/350
391/391 - 24s - loss: 0.1843 - accuracy: 0.9500 - val_loss: 0.4454 - val_accuracy: 0.8942
Epoch 164/350
391/391 - 24s - loss: 0.1834 - accuracy: 0.9495 - val_loss: 0.4824 - val_accuracy: 0.8914
Epoch 165/350
391/391 - 23s - loss: 0.1861 - accuracy: 0.9501 - val_loss: 0.4634 - val_accuracy: 0.8922
Epoch 166/350
391/391 - 23s - loss: 0.1869 - accuracy: 0.9495 - val_loss: 0.4526 - val_accuracy: 0.8933
Epoch 167/350
391/391 - 24s - loss: 0.1860 - accuracy: 0.9485 - val_loss: 0.4370 - val_accuracy: 0.8943
Epoch 168/350
391/391 - 23s - loss: 0.1862 - accuracy: 0.9488 - val_loss: 0.4494 - val_accuracy: 0.8933
Epoch 169/350
391/391 - 24s - loss: 0.1805 - accuracy: 0.9509 - val_loss: 0.4882 - val_accuracy: 0.8903
Epoch 170/350
391/391 - 23s - loss: 0.1850 - accuracy: 0.9499 - val_loss: 0.4528 - val_accuracy: 0.8920
Epoch 171/350
391/391 - 24s - loss: 0.1824 - accuracy: 0.9511 - val_loss: 0.4350 - val_accuracy: 0.8994
Epoch 172/350
391/391 - 24s - loss: 0.1816 - accuracy: 0.9508 - val_loss: 0.4898 - val_accuracy: 0.8908
Epoch 173/350
391/391 - 24s - loss: 0.1781 - accuracy: 0.9513 - val_loss: 0.4766 - val_accuracy: 0.8954
Epoch 174/350
391/391 - 24s - loss: 0.1811 - accuracy: 0.9530 - val_loss: 0.4279 - val_accuracy: 0.9004
Epoch 175/350
391/391 - 24s - loss: 0.1838 - accuracy: 0.9512 - val_loss: 0.4206 - val_accuracy: 0.8976
Epoch 176/350
391/391 - 23s - loss: 0.1775 - accuracy: 0.9537 - val_loss: 0.4470 - val_accuracy: 0.8964
Epoch 177/350
391/391 - 23s - loss: 0.1778 - accuracy: 0.9526 - val_loss: 0.4570 - val_accuracy: 0.8914
Epoch 178/350
391/391 - 24s - loss: 0.1801 - accuracy: 0.9512 - val_loss: 0.4436 - val_accuracy: 0.8950
Epoch 179/350
391/391 - 23s - loss: 0.1747 - accuracy: 0.9542 - val_loss: 0.4436 - val_accuracy: 0.8957
Epoch 180/350
391/391 - 23s - loss: 0.1762 - accuracy: 0.9527 - val_loss: 0.4658 - val_accuracy: 0.8941
Epoch 181/350
391/391 - 23s - loss: 0.1769 - accuracy: 0.9526 - val_loss: 0.4794 - val_accuracy: 0.8965
Epoch 182/350
391/391 - 24s - loss: 0.1757 - accuracy: 0.9530 - val_loss: 0.4517 - val_accuracy: 0.8986
Epoch 183/350
391/391 - 23s - loss: 0.1735 - accuracy: 0.9547 - val_loss: 0.4576 - val_accuracy: 0.8972
Epoch 184/350
391/391 - 23s - loss: 0.1762 - accuracy: 0.9528 - val_loss: 0.4599 - val_accuracy: 0.8958
Epoch 185/350
391/391 - 24s - loss: 0.1695 - accuracy: 0.9556 - val_loss: 0.4478 - val_accuracy: 0.8984
Epoch 186/350
391/391 - 24s - loss: 0.1758 - accuracy: 0.9540 - val_loss: 0.4499 - val_accuracy: 0.8996
Epoch 187/350
391/391 - 24s - loss: 0.1710 - accuracy: 0.9552 - val_loss: 0.4555 - val_accuracy: 0.8982
Epoch 188/350
391/391 - 24s - loss: 0.1726 - accuracy: 0.9547 - val_loss: 0.4823 - val_accuracy: 0.8955
Epoch 189/350
391/391 - 23s - loss: 0.1692 - accuracy: 0.9566 - val_loss: 0.4810 - val_accuracy: 0.8946
Epoch 190/350
391/391 - 24s - loss: 0.1694 - accuracy: 0.9562 - val_loss: 0.4622 - val_accuracy: 0.8975
Epoch 191/350
391/391 - 23s - loss: 0.1681 - accuracy: 0.9573 - val_loss: 0.4643 - val_accuracy: 0.8949
Epoch 192/350
391/391 - 24s - loss: 0.1733 - accuracy: 0.9549 - val_loss: 0.4760 - val_accuracy: 0.8970
Epoch 193/350
391/391 - 24s - loss: 0.1700 - accuracy: 0.9567 - val_loss: 0.4652 - val_accuracy: 0.8922
Epoch 194/350
391/391 - 23s - loss: 0.1670 - accuracy: 0.9568 - val_loss: 0.4485 - val_accuracy: 0.9026
Epoch 195/350
391/391 - 24s - loss: 0.1663 - accuracy: 0.9565 - val_loss: 0.4570 - val_accuracy: 0.8982
Epoch 196/350
391/391 - 24s - loss: 0.1662 - accuracy: 0.9572 - val_loss: 0.4472 - val_accuracy: 0.8983
Epoch 197/350
391/391 - 23s - loss: 0.1649 - accuracy: 0.9588 - val_loss: 0.4418 - val_accuracy: 0.9008
Epoch 198/350
391/391 - 24s - loss: 0.1668 - accuracy: 0.9569 - val_loss: 0.4417 - val_accuracy: 0.8975
Epoch 199/350
391/391 - 24s - loss: 0.1677 - accuracy: 0.9572 - val_loss: 0.4474 - val_accuracy: 0.8989
Epoch 200/350


Snapshot weight 7 shuffle 5 at epoch 200
Layer 11
Getting activations...


391/391 - 24s - loss: 0.1600 - accuracy: 0.9595 - val_loss: 0.4946 - val_accuracy: 0.8912
Epoch 201/350
391/391 - 24s - loss: 0.1378 - accuracy: 0.9675 - val_loss: 0.4538 - val_accuracy: 0.9049
Epoch 202/350
391/391 - 24s - loss: 0.1270 - accuracy: 0.9717 - val_loss: 0.4584 - val_accuracy: 0.9063
Epoch 203/350
391/391 - 24s - loss: 0.1235 - accuracy: 0.9731 - val_loss: 0.4557 - val_accuracy: 0.9065
Epoch 204/350
391/391 - 23s - loss: 0.1158 - accuracy: 0.9754 - val_loss: 0.4636 - val_accuracy: 0.9089
Epoch 205/350
391/391 - 23s - loss: 0.1196 - accuracy: 0.9741 - val_loss: 0.4586 - val_accuracy: 0.9081
Epoch 206/350
391/391 - 24s - loss: 0.1196 - accuracy: 0.9751 - val_loss: 0.4661 - val_accuracy: 0.9084
Epoch 207/350
391/391 - 24s - loss: 0.1194 - accuracy: 0.9738 - val_loss: 0.4578 - val_accuracy: 0.9107
Epoch 208/350
391/391 - 23s - loss: 0.1151 - accuracy: 0.9753 - val_loss: 0.4708 - val_accuracy: 0.9079
Epoch 209/350
391/391 - 24s - loss: 0.1151 - accuracy: 0.9759 - val_loss: 0.4662 - val_accuracy: 0.9074
Epoch 210/350
391/391 - 23s - loss: 0.1141 - accuracy: 0.9762 - val_loss: 0.4653 - val_accuracy: 0.9070
Epoch 211/350
391/391 - 23s - loss: 0.1142 - accuracy: 0.9759 - val_loss: 0.4718 - val_accuracy: 0.9088
Epoch 212/350
391/391 - 24s - loss: 0.1157 - accuracy: 0.9759 - val_loss: 0.4794 - val_accuracy: 0.9061
Epoch 213/350
391/391 - 24s - loss: 0.1116 - accuracy: 0.9767 - val_loss: 0.4795 - val_accuracy: 0.9067
Epoch 214/350
391/391 - 24s - loss: 0.1134 - accuracy: 0.9761 - val_loss: 0.4756 - val_accuracy: 0.9081
Epoch 215/350
391/391 - 24s - loss: 0.1113 - accuracy: 0.9764 - val_loss: 0.4831 - val_accuracy: 0.9077
Epoch 216/350
391/391 - 24s - loss: 0.1127 - accuracy: 0.9760 - val_loss: 0.4774 - val_accuracy: 0.9073
Epoch 217/350
391/391 - 24s - loss: 0.1121 - accuracy: 0.9765 - val_loss: 0.4817 - val_accuracy: 0.9068
Epoch 218/350
391/391 - 24s - loss: 0.1124 - accuracy: 0.9766 - val_loss: 0.4739 - val_accuracy: 0.9094
Epoch 219/350
391/391 - 24s - loss: 0.1099 - accuracy: 0.9773 - val_loss: 0.4837 - val_accuracy: 0.9060
Epoch 220/350
391/391 - 24s - loss: 0.1111 - accuracy: 0.9766 - val_loss: 0.4732 - val_accuracy: 0.9112
Epoch 221/350
391/391 - 24s - loss: 0.1122 - accuracy: 0.9767 - val_loss: 0.4840 - val_accuracy: 0.9109
Epoch 222/350
391/391 - 24s - loss: 0.1086 - accuracy: 0.9775 - val_loss: 0.4798 - val_accuracy: 0.9089
Epoch 223/350
391/391 - 24s - loss: 0.1111 - accuracy: 0.9770 - val_loss: 0.4778 - val_accuracy: 0.9101
Epoch 224/350
391/391 - 24s - loss: 0.1101 - accuracy: 0.9774 - val_loss: 0.4754 - val_accuracy: 0.9089
Epoch 225/350
391/391 - 24s - loss: 0.1068 - accuracy: 0.9777 - val_loss: 0.4832 - val_accuracy: 0.9083
Epoch 226/350
391/391 - 24s - loss: 0.1082 - accuracy: 0.9783 - val_loss: 0.4863 - val_accuracy: 0.9105
Epoch 227/350
391/391 - 24s - loss: 0.1075 - accuracy: 0.9782 - val_loss: 0.4845 - val_accuracy: 0.9083
Epoch 228/350
391/391 - 23s - loss: 0.1061 - accuracy: 0.9783 - val_loss: 0.4787 - val_accuracy: 0.9102
Epoch 229/350
391/391 - 23s - loss: 0.1094 - accuracy: 0.9781 - val_loss: 0.4769 - val_accuracy: 0.9099
Epoch 230/350
391/391 - 24s - loss: 0.1066 - accuracy: 0.9787 - val_loss: 0.4802 - val_accuracy: 0.9090
Epoch 231/350
391/391 - 24s - loss: 0.1109 - accuracy: 0.9769 - val_loss: 0.4897 - val_accuracy: 0.9085
Epoch 232/350
391/391 - 24s - loss: 0.1081 - accuracy: 0.9782 - val_loss: 0.4828 - val_accuracy: 0.9106
Epoch 233/350
391/391 - 23s - loss: 0.1080 - accuracy: 0.9784 - val_loss: 0.4923 - val_accuracy: 0.9082
Epoch 234/350
391/391 - 24s - loss: 0.1068 - accuracy: 0.9783 - val_loss: 0.4855 - val_accuracy: 0.9103
Epoch 235/350
391/391 - 24s - loss: 0.1085 - accuracy: 0.9774 - val_loss: 0.4934 - val_accuracy: 0.9087
Epoch 236/350
391/391 - 24s - loss: 0.1068 - accuracy: 0.9791 - val_loss: 0.4808 - val_accuracy: 0.9078
Epoch 237/350
391/391 - 24s - loss: 0.1049 - accuracy: 0.9790 - val_loss: 0.4835 - val_accuracy: 0.9089
Epoch 238/350
391/391 - 24s - loss: 0.1071 - accuracy: 0.9782 - val_loss: 0.4837 - val_accuracy: 0.9082
Epoch 239/350
391/391 - 24s - loss: 0.1044 - accuracy: 0.9790 - val_loss: 0.4905 - val_accuracy: 0.9085
Epoch 240/350
391/391 - 24s - loss: 0.1075 - accuracy: 0.9783 - val_loss: 0.4913 - val_accuracy: 0.9067
Epoch 241/350
391/391 - 24s - loss: 0.1055 - accuracy: 0.9791 - val_loss: 0.4917 - val_accuracy: 0.9068
Epoch 242/350
391/391 - 24s - loss: 0.1053 - accuracy: 0.9783 - val_loss: 0.4908 - val_accuracy: 0.9078
Epoch 243/350
391/391 - 23s - loss: 0.1089 - accuracy: 0.9778 - val_loss: 0.4904 - val_accuracy: 0.9070
Epoch 244/350
391/391 - 24s - loss: 0.1059 - accuracy: 0.9790 - val_loss: 0.4849 - val_accuracy: 0.9098
Epoch 245/350
391/391 - 24s - loss: 0.1060 - accuracy: 0.9793 - val_loss: 0.4893 - val_accuracy: 0.9084
Epoch 246/350
391/391 - 24s - loss: 0.1062 - accuracy: 0.9790 - val_loss: 0.4934 - val_accuracy: 0.9089
Epoch 247/350
391/391 - 24s - loss: 0.1033 - accuracy: 0.9799 - val_loss: 0.4913 - val_accuracy: 0.9080
Epoch 248/350
391/391 - 24s - loss: 0.1043 - accuracy: 0.9799 - val_loss: 0.4920 - val_accuracy: 0.9096
Epoch 249/350
391/391 - 24s - loss: 0.1041 - accuracy: 0.9795 - val_loss: 0.4894 - val_accuracy: 0.9101
Epoch 250/350


Snapshot weight 7 shuffle 5 at epoch 250
Layer 11
Getting activations...


391/391 - 24s - loss: 0.1031 - accuracy: 0.9808 - val_loss: 0.4972 - val_accuracy: 0.9087
Epoch 251/350
391/391 - 24s - loss: 0.1016 - accuracy: 0.9802 - val_loss: 0.4947 - val_accuracy: 0.9095
Epoch 252/350
391/391 - 23s - loss: 0.1024 - accuracy: 0.9798 - val_loss: 0.4965 - val_accuracy: 0.9093
Epoch 253/350
391/391 - 23s - loss: 0.1003 - accuracy: 0.9803 - val_loss: 0.4938 - val_accuracy: 0.9092
Epoch 254/350
391/391 - 23s - loss: 0.1026 - accuracy: 0.9791 - val_loss: 0.4920 - val_accuracy: 0.9090
Epoch 255/350
391/391 - 23s - loss: 0.1008 - accuracy: 0.9803 - val_loss: 0.4923 - val_accuracy: 0.9097
Epoch 256/350
391/391 - 23s - loss: 0.1015 - accuracy: 0.9811 - val_loss: 0.4908 - val_accuracy: 0.9093
Epoch 257/350
391/391 - 24s - loss: 0.1013 - accuracy: 0.9800 - val_loss: 0.4934 - val_accuracy: 0.9088
Epoch 258/350
391/391 - 24s - loss: 0.1021 - accuracy: 0.9801 - val_loss: 0.4933 - val_accuracy: 0.9093
Epoch 259/350
391/391 - 24s - loss: 0.1003 - accuracy: 0.9815 - val_loss: 0.4929 - val_accuracy: 0.9097
Epoch 260/350
391/391 - 23s - loss: 0.1007 - accuracy: 0.9802 - val_loss: 0.4920 - val_accuracy: 0.9098
Epoch 261/350
391/391 - 24s - loss: 0.1004 - accuracy: 0.9813 - val_loss: 0.4938 - val_accuracy: 0.9099
Epoch 262/350
391/391 - 23s - loss: 0.1016 - accuracy: 0.9801 - val_loss: 0.4942 - val_accuracy: 0.9100
Epoch 263/350
391/391 - 23s - loss: 0.0991 - accuracy: 0.9816 - val_loss: 0.4944 - val_accuracy: 0.9098
Epoch 264/350
391/391 - 24s - loss: 0.1005 - accuracy: 0.9809 - val_loss: 0.4944 - val_accuracy: 0.9101
Epoch 265/350
391/391 - 24s - loss: 0.1000 - accuracy: 0.9806 - val_loss: 0.4934 - val_accuracy: 0.9103
Epoch 266/350
391/391 - 23s - loss: 0.1006 - accuracy: 0.9807 - val_loss: 0.4919 - val_accuracy: 0.9111
Epoch 267/350
391/391 - 24s - loss: 0.1030 - accuracy: 0.9799 - val_loss: 0.4906 - val_accuracy: 0.9107
Epoch 268/350
391/391 - 24s - loss: 0.1012 - accuracy: 0.9812 - val_loss: 0.4916 - val_accuracy: 0.9107
Epoch 269/350
391/391 - 24s - loss: 0.0989 - accuracy: 0.9810 - val_loss: 0.4946 - val_accuracy: 0.9101
Epoch 270/350
391/391 - 23s - loss: 0.1017 - accuracy: 0.9804 - val_loss: 0.4945 - val_accuracy: 0.9102
Epoch 271/350
391/391 - 24s - loss: 0.0989 - accuracy: 0.9819 - val_loss: 0.4949 - val_accuracy: 0.9098
Epoch 272/350
391/391 - 24s - loss: 0.0993 - accuracy: 0.9817 - val_loss: 0.4934 - val_accuracy: 0.9101
Epoch 273/350
391/391 - 24s - loss: 0.1002 - accuracy: 0.9806 - val_loss: 0.4960 - val_accuracy: 0.9091
Epoch 274/350
391/391 - 23s - loss: 0.0982 - accuracy: 0.9818 - val_loss: 0.4942 - val_accuracy: 0.9100
Epoch 275/350
391/391 - 23s - loss: 0.1016 - accuracy: 0.9808 - val_loss: 0.4911 - val_accuracy: 0.9107
Epoch 276/350
391/391 - 24s - loss: 0.0997 - accuracy: 0.9806 - val_loss: 0.4922 - val_accuracy: 0.9103
Epoch 277/350
391/391 - 23s - loss: 0.1001 - accuracy: 0.9807 - val_loss: 0.4950 - val_accuracy: 0.9103
Epoch 278/350
391/391 - 23s - loss: 0.0985 - accuracy: 0.9816 - val_loss: 0.4954 - val_accuracy: 0.9099
Epoch 279/350
391/391 - 24s - loss: 0.0991 - accuracy: 0.9805 - val_loss: 0.4949 - val_accuracy: 0.9101
Epoch 280/350
391/391 - 23s - loss: 0.0997 - accuracy: 0.9810 - val_loss: 0.4963 - val_accuracy: 0.9099
Epoch 281/350
391/391 - 24s - loss: 0.0998 - accuracy: 0.9812 - val_loss: 0.4945 - val_accuracy: 0.9097
Epoch 282/350
391/391 - 24s - loss: 0.1005 - accuracy: 0.9808 - val_loss: 0.4938 - val_accuracy: 0.9098
Epoch 283/350
391/391 - 24s - loss: 0.1014 - accuracy: 0.9805 - val_loss: 0.4948 - val_accuracy: 0.9099
Epoch 284/350
391/391 - 23s - loss: 0.1012 - accuracy: 0.9803 - val_loss: 0.4955 - val_accuracy: 0.9099
Epoch 285/350
391/391 - 24s - loss: 0.0978 - accuracy: 0.9827 - val_loss: 0.4945 - val_accuracy: 0.9103
Epoch 286/350
391/391 - 24s - loss: 0.0990 - accuracy: 0.9806 - val_loss: 0.4944 - val_accuracy: 0.9099
Epoch 287/350
391/391 - 24s - loss: 0.0976 - accuracy: 0.9812 - val_loss: 0.4936 - val_accuracy: 0.9106
Epoch 288/350
391/391 - 24s - loss: 0.1016 - accuracy: 0.9802 - val_loss: 0.4926 - val_accuracy: 0.9098
Epoch 289/350
391/391 - 24s - loss: 0.0983 - accuracy: 0.9816 - val_loss: 0.4957 - val_accuracy: 0.9103
Epoch 290/350
391/391 - 24s - loss: 0.0987 - accuracy: 0.9820 - val_loss: 0.4947 - val_accuracy: 0.9100
Epoch 291/350
391/391 - 23s - loss: 0.1020 - accuracy: 0.9802 - val_loss: 0.4939 - val_accuracy: 0.9100
Epoch 292/350
391/391 - 24s - loss: 0.1014 - accuracy: 0.9807 - val_loss: 0.4920 - val_accuracy: 0.9102
Epoch 293/350
391/391 - 23s - loss: 0.0999 - accuracy: 0.9807 - val_loss: 0.4943 - val_accuracy: 0.9096
Epoch 294/350
391/391 - 24s - loss: 0.0997 - accuracy: 0.9806 - val_loss: 0.4955 - val_accuracy: 0.9100
Epoch 295/350
391/391 - 24s - loss: 0.0993 - accuracy: 0.9816 - val_loss: 0.4957 - val_accuracy: 0.9107
Epoch 296/350
391/391 - 24s - loss: 0.0985 - accuracy: 0.9814 - val_loss: 0.4953 - val_accuracy: 0.9103
Epoch 297/350
391/391 - 24s - loss: 0.1002 - accuracy: 0.9810 - val_loss: 0.4955 - val_accuracy: 0.9102
Epoch 298/350
391/391 - 23s - loss: 0.0979 - accuracy: 0.9813 - val_loss: 0.4974 - val_accuracy: 0.9104
Epoch 299/350
391/391 - 24s - loss: 0.1011 - accuracy: 0.9808 - val_loss: 0.4965 - val_accuracy: 0.9108
Epoch 300/350


Snapshot weight 7 shuffle 5 at epoch 300
Layer 11
Getting activations...


391/391 - 24s - loss: 0.1000 - accuracy: 0.9810 - val_loss: 0.4943 - val_accuracy: 0.9100
Epoch 301/350
391/391 - 24s - loss: 0.0967 - accuracy: 0.9827 - val_loss: 0.4947 - val_accuracy: 0.9100
Epoch 302/350
391/391 - 24s - loss: 0.0994 - accuracy: 0.9810 - val_loss: 0.4949 - val_accuracy: 0.9105
Epoch 303/350
391/391 - 24s - loss: 0.0978 - accuracy: 0.9818 - val_loss: 0.4949 - val_accuracy: 0.9104
Epoch 304/350
391/391 - 23s - loss: 0.0979 - accuracy: 0.9818 - val_loss: 0.4953 - val_accuracy: 0.9105
Epoch 305/350
391/391 - 24s - loss: 0.0984 - accuracy: 0.9809 - val_loss: 0.4950 - val_accuracy: 0.9102
Epoch 306/350
391/391 - 24s - loss: 0.1004 - accuracy: 0.9808 - val_loss: 0.4955 - val_accuracy: 0.9104
Epoch 307/350
391/391 - 23s - loss: 0.1010 - accuracy: 0.9802 - val_loss: 0.4951 - val_accuracy: 0.9107
Epoch 308/350
391/391 - 24s - loss: 0.0985 - accuracy: 0.9813 - val_loss: 0.4947 - val_accuracy: 0.9107
Epoch 309/350
391/391 - 24s - loss: 0.1008 - accuracy: 0.9802 - val_loss: 0.4947 - val_accuracy: 0.9105
Epoch 310/350
391/391 - 24s - loss: 0.0971 - accuracy: 0.9821 - val_loss: 0.4952 - val_accuracy: 0.9113
Epoch 311/350
391/391 - 24s - loss: 0.0982 - accuracy: 0.9817 - val_loss: 0.4949 - val_accuracy: 0.9109
Epoch 312/350
391/391 - 24s - loss: 0.1023 - accuracy: 0.9808 - val_loss: 0.4944 - val_accuracy: 0.9109
Epoch 313/350
391/391 - 23s - loss: 0.0980 - accuracy: 0.9818 - val_loss: 0.4947 - val_accuracy: 0.9109
Epoch 314/350
391/391 - 24s - loss: 0.1001 - accuracy: 0.9810 - val_loss: 0.4949 - val_accuracy: 0.9107
Epoch 315/350
391/391 - 23s - loss: 0.0994 - accuracy: 0.9816 - val_loss: 0.4947 - val_accuracy: 0.9108
Epoch 316/350
391/391 - 24s - loss: 0.1000 - accuracy: 0.9810 - val_loss: 0.4949 - val_accuracy: 0.9106
Epoch 317/350
391/391 - 24s - loss: 0.1004 - accuracy: 0.9805 - val_loss: 0.4950 - val_accuracy: 0.9110
Epoch 318/350
391/391 - 24s - loss: 0.0993 - accuracy: 0.9807 - val_loss: 0.4953 - val_accuracy: 0.9106
Epoch 319/350
391/391 - 23s - loss: 0.0978 - accuracy: 0.9820 - val_loss: 0.4950 - val_accuracy: 0.9104
Epoch 320/350
391/391 - 24s - loss: 0.0976 - accuracy: 0.9817 - val_loss: 0.4950 - val_accuracy: 0.9104
Epoch 321/350
391/391 - 24s - loss: 0.0995 - accuracy: 0.9812 - val_loss: 0.4948 - val_accuracy: 0.9106
Epoch 322/350
391/391 - 24s - loss: 0.0979 - accuracy: 0.9816 - val_loss: 0.4952 - val_accuracy: 0.9104
Epoch 323/350
391/391 - 24s - loss: 0.0999 - accuracy: 0.9807 - val_loss: 0.4954 - val_accuracy: 0.9108
Epoch 324/350
391/391 - 23s - loss: 0.1013 - accuracy: 0.9807 - val_loss: 0.4954 - val_accuracy: 0.9106
Epoch 325/350
391/391 - 24s - loss: 0.0997 - accuracy: 0.9809 - val_loss: 0.4953 - val_accuracy: 0.9106
Epoch 326/350
391/391 - 24s - loss: 0.0987 - accuracy: 0.9811 - val_loss: 0.4949 - val_accuracy: 0.9105
Epoch 327/350
391/391 - 23s - loss: 0.0984 - accuracy: 0.9818 - val_loss: 0.4950 - val_accuracy: 0.9103
Epoch 328/350
391/391 - 23s - loss: 0.1002 - accuracy: 0.9806 - val_loss: 0.4947 - val_accuracy: 0.9105
Epoch 329/350
391/391 - 24s - loss: 0.1003 - accuracy: 0.9807 - val_loss: 0.4948 - val_accuracy: 0.9105
Epoch 330/350
391/391 - 24s - loss: 0.0995 - accuracy: 0.9810 - val_loss: 0.4952 - val_accuracy: 0.9106
Epoch 331/350
391/391 - 24s - loss: 0.0998 - accuracy: 0.9808 - val_loss: 0.4952 - val_accuracy: 0.9107
Epoch 332/350
391/391 - 23s - loss: 0.1004 - accuracy: 0.9803 - val_loss: 0.4948 - val_accuracy: 0.9106
Epoch 333/350
391/391 - 24s - loss: 0.0996 - accuracy: 0.9808 - val_loss: 0.4949 - val_accuracy: 0.9107
Epoch 334/350
391/391 - 24s - loss: 0.0987 - accuracy: 0.9812 - val_loss: 0.4951 - val_accuracy: 0.9108
Epoch 335/350
391/391 - 23s - loss: 0.0984 - accuracy: 0.9812 - val_loss: 0.4953 - val_accuracy: 0.9105
Epoch 336/350
391/391 - 23s - loss: 0.0992 - accuracy: 0.9809 - val_loss: 0.4953 - val_accuracy: 0.9111
Epoch 337/350
391/391 - 24s - loss: 0.0980 - accuracy: 0.9812 - val_loss: 0.4955 - val_accuracy: 0.9107
Epoch 338/350
391/391 - 23s - loss: 0.0978 - accuracy: 0.9816 - val_loss: 0.4955 - val_accuracy: 0.9104
Epoch 339/350
391/391 - 24s - loss: 0.0974 - accuracy: 0.9820 - val_loss: 0.4954 - val_accuracy: 0.9107
Epoch 340/350
391/391 - 24s - loss: 0.0991 - accuracy: 0.9812 - val_loss: 0.4951 - val_accuracy: 0.9107
Epoch 341/350
391/391 - 24s - loss: 0.0971 - accuracy: 0.9816 - val_loss: 0.4955 - val_accuracy: 0.9109
Epoch 342/350
391/391 - 24s - loss: 0.1003 - accuracy: 0.9800 - val_loss: 0.4952 - val_accuracy: 0.9107
Epoch 343/350
391/391 - 24s - loss: 0.0983 - accuracy: 0.9815 - val_loss: 0.4955 - val_accuracy: 0.9108
Epoch 344/350
391/391 - 23s - loss: 0.1023 - accuracy: 0.9802 - val_loss: 0.4955 - val_accuracy: 0.9109
Epoch 345/350
391/391 - 24s - loss: 0.0981 - accuracy: 0.9818 - val_loss: 0.4954 - val_accuracy: 0.9109
Epoch 346/350
391/391 - 24s - loss: 0.0976 - accuracy: 0.9811 - val_loss: 0.4955 - val_accuracy: 0.9108
Epoch 347/350
391/391 - 24s - loss: 0.0994 - accuracy: 0.9807 - val_loss: 0.4948 - val_accuracy: 0.9109
Epoch 348/350
391/391 - 24s - loss: 0.1007 - accuracy: 0.9807 - val_loss: 0.4947 - val_accuracy: 0.9102
Epoch 349/350
391/391 - 24s - loss: 0.1012 - accuracy: 0.9797 - val_loss: 0.4947 - val_accuracy: 0.9104
Epoch 350/350


Snapshot weight 7 shuffle 5 at epoch 350
Layer 11
Getting activations...


391/391 - 24s - loss: 0.1018 - accuracy: 0.9803 - val_loss: 0.4946 - val_accuracy: 0.9109
/usr/local/lib/python3.6/dist-packages/tensorflow/python/autograph/impl/api.py:493: UserWarning: fill_value is not supported and is always 0 for TensorFlow < 2.4.0.
  return py_builtins.overload_of(f)(*args)
WARNING:tensorflow:From /usr/local/lib/python3.6/dist-packages/tensorflow/python/training/tracking/tracking.py:111: Model.state_updates (from tensorflow.python.keras.engine.training) is deprecated and will be removed in a future version.
Instructions for updating:
This property should not be used in TensorFlow 2.0, as updates are applied automatically.
2021-07-02 11:50:48.049316: W tensorflow/python/util/util.cc:348] Sets are not currently considered sequences, but this may change in the future, so consider avoiding using them.
WARNING:tensorflow:From /usr/local/lib/python3.6/dist-packages/tensorflow/python/training/tracking/tracking.py:111: Layer.updates (from tensorflow.python.keras.engine.base_layer) is deprecated and will be removed in a future version.
Instructions for updating:
This property should not be used in TensorFlow 2.0, as updates are applied automatically.
Saving, final validation acc: 0.9108999967575073
