2021-07-02 14:43:16.648384: I tensorflow/stream_executor/platform/default/dso_loader.cc:48] Successfully opened dynamic library libcudart.so.10.1
2021-07-02 14:44:31.843864: I tensorflow/stream_executor/platform/default/dso_loader.cc:48] Successfully opened dynamic library libcuda.so.1
2021-07-02 14:44:31.898876: I tensorflow/core/common_runtime/gpu/gpu_device.cc:1716] Found device 0 with properties: 
pciBusID: 0000:83:00.0 name: NVIDIA TITAN X (Pascal) computeCapability: 6.1
coreClock: 1.531GHz coreCount: 28 deviceMemorySize: 11.91GiB deviceMemoryBandwidth: 447.48GiB/s
2021-07-02 14:44:31.898967: I tensorflow/stream_executor/platform/default/dso_loader.cc:48] Successfully opened dynamic library libcudart.so.10.1
2021-07-02 14:44:31.942282: I tensorflow/stream_executor/platform/default/dso_loader.cc:48] Successfully opened dynamic library libcublas.so.10
2021-07-02 14:44:31.963645: I tensorflow/stream_executor/platform/default/dso_loader.cc:48] Successfully opened dynamic library libcufft.so.10
2021-07-02 14:44:31.972207: I tensorflow/stream_executor/platform/default/dso_loader.cc:48] Successfully opened dynamic library libcurand.so.10
2021-07-02 14:44:32.016981: I tensorflow/stream_executor/platform/default/dso_loader.cc:48] Successfully opened dynamic library libcusolver.so.10
2021-07-02 14:44:32.025706: I tensorflow/stream_executor/platform/default/dso_loader.cc:48] Successfully opened dynamic library libcusparse.so.10
2021-07-02 14:44:32.105224: I tensorflow/stream_executor/platform/default/dso_loader.cc:48] Successfully opened dynamic library libcudnn.so.7
2021-07-02 14:44:32.107645: I tensorflow/core/common_runtime/gpu/gpu_device.cc:1858] Adding visible gpu devices: 0
2021-07-02 14:44:32.111411: I tensorflow/core/platform/cpu_feature_guard.cc:142] This TensorFlow binary is optimized with oneAPI Deep Neural Network Library (oneDNN)to use the following CPU instructions in performance-critical operations:  AVX2 FMA
To enable them in other operations, rebuild TensorFlow with the appropriate compiler flags.
2021-07-02 14:44:32.127805: I tensorflow/core/platform/profile_utils/cpu_utils.cc:104] CPU Frequency: 2599865000 Hz
2021-07-02 14:44:32.127974: I tensorflow/compiler/xla/service/service.cc:168] XLA service 0x4289780 initialized for platform Host (this does not guarantee that XLA will be used). Devices:
2021-07-02 14:44:32.127998: I tensorflow/compiler/xla/service/service.cc:176]   StreamExecutor device (0): Host, Default Version
2021-07-02 14:44:32.326084: I tensorflow/compiler/xla/service/service.cc:168] XLA service 0x4287980 initialized for platform CUDA (this does not guarantee that XLA will be used). Devices:
2021-07-02 14:44:32.326195: I tensorflow/compiler/xla/service/service.cc:176]   StreamExecutor device (0): NVIDIA TITAN X (Pascal), Compute Capability 6.1
2021-07-02 14:44:32.328851: I tensorflow/core/common_runtime/gpu/gpu_device.cc:1716] Found device 0 with properties: 
pciBusID: 0000:83:00.0 name: NVIDIA TITAN X (Pascal) computeCapability: 6.1
coreClock: 1.531GHz coreCount: 28 deviceMemorySize: 11.91GiB deviceMemoryBandwidth: 447.48GiB/s
2021-07-02 14:44:32.328907: I tensorflow/stream_executor/platform/default/dso_loader.cc:48] Successfully opened dynamic library libcudart.so.10.1
2021-07-02 14:44:32.328938: I tensorflow/stream_executor/platform/default/dso_loader.cc:48] Successfully opened dynamic library libcublas.so.10
2021-07-02 14:44:32.328957: I tensorflow/stream_executor/platform/default/dso_loader.cc:48] Successfully opened dynamic library libcufft.so.10
2021-07-02 14:44:32.328974: I tensorflow/stream_executor/platform/default/dso_loader.cc:48] Successfully opened dynamic library libcurand.so.10
2021-07-02 14:44:32.328992: I tensorflow/stream_executor/platform/default/dso_loader.cc:48] Successfully opened dynamic library libcusolver.so.10
2021-07-02 14:44:32.329009: I tensorflow/stream_executor/platform/default/dso_loader.cc:48] Successfully opened dynamic library libcusparse.so.10
2021-07-02 14:44:32.329548: I tensorflow/stream_executor/platform/default/dso_loader.cc:48] Successfully opened dynamic library libcudnn.so.7
2021-07-02 14:44:32.331281: I tensorflow/core/common_runtime/gpu/gpu_device.cc:1858] Adding visible gpu devices: 0
2021-07-02 14:44:32.333162: I tensorflow/stream_executor/platform/default/dso_loader.cc:48] Successfully opened dynamic library libcudart.so.10.1
2021-07-02 14:44:34.175359: I tensorflow/core/common_runtime/gpu/gpu_device.cc:1257] Device interconnect StreamExecutor with strength 1 edge matrix:
2021-07-02 14:44:34.175433: I tensorflow/core/common_runtime/gpu/gpu_device.cc:1263]      0 
2021-07-02 14:44:34.175446: I tensorflow/core/common_runtime/gpu/gpu_device.cc:1276] 0:   N 
2021-07-02 14:44:34.181580: I tensorflow/core/common_runtime/gpu/gpu_device.cc:1402] Created TensorFlow device (/job:localhost/replica:0/task:0/device:GPU:0 with 11228 MB memory) -> physical GPU (device: 0, name: NVIDIA TITAN X (Pascal), pci bus id: 0000:83:00.0, compute capability: 6.1)
2021-07-02 14:44:40.217736: I tensorflow/stream_executor/platform/default/dso_loader.cc:48] Successfully opened dynamic library libcudnn.so.7
2021-07-02 14:44:42.839333: I tensorflow/stream_executor/platform/default/dso_loader.cc:48] Successfully opened dynamic library libcublas.so.10
Using model index: 77
Making train data...
GCN...
ZCA...
Done!
Making test data...
Done!
Epoch 1/350


Snapshot weight 7 shuffle 7 at epoch 1
Layer 11
Getting activations...


391/391 - 25s - loss: 2.3117 - accuracy: 0.1199 - val_loss: 2.2414 - val_accuracy: 0.1391
Epoch 2/350


Snapshot weight 7 shuffle 7 at epoch 2
Layer 11
Getting activations...


391/391 - 25s - loss: 2.2457 - accuracy: 0.1268 - val_loss: 2.2183 - val_accuracy: 0.1153
Epoch 3/350


Snapshot weight 7 shuffle 7 at epoch 3
Layer 11
Getting activations...


391/391 - 25s - loss: 2.2254 - accuracy: 0.1379 - val_loss: 2.1913 - val_accuracy: 0.1743
Epoch 4/350


Snapshot weight 7 shuffle 7 at epoch 4
Layer 11
Getting activations...


391/391 - 25s - loss: 2.1996 - accuracy: 0.1677 - val_loss: 2.1676 - val_accuracy: 0.1818
Epoch 5/350


Snapshot weight 7 shuffle 7 at epoch 5
Layer 11
Getting activations...


391/391 - 25s - loss: 2.1781 - accuracy: 0.1741 - val_loss: 2.1478 - val_accuracy: 0.1860
Epoch 6/350


Snapshot weight 7 shuffle 7 at epoch 6
Layer 11
Getting activations...


391/391 - 25s - loss: 2.1629 - accuracy: 0.1833 - val_loss: 2.1301 - val_accuracy: 0.1861
Epoch 7/350


Snapshot weight 7 shuffle 7 at epoch 7
Layer 11
Getting activations...


391/391 - 25s - loss: 2.1351 - accuracy: 0.2050 - val_loss: 2.1060 - val_accuracy: 0.1981
Epoch 8/350


Snapshot weight 7 shuffle 7 at epoch 8
Layer 11
Getting activations...


391/391 - 25s - loss: 2.1201 - accuracy: 0.1983 - val_loss: 2.1547 - val_accuracy: 0.1939
Epoch 9/350


Snapshot weight 7 shuffle 7 at epoch 9
Layer 11
Getting activations...


391/391 - 25s - loss: 2.1048 - accuracy: 0.2052 - val_loss: 2.1732 - val_accuracy: 0.1842
Epoch 10/350


Snapshot weight 7 shuffle 7 at epoch 10
Layer 11
Getting activations...


391/391 - 25s - loss: 2.0871 - accuracy: 0.2114 - val_loss: 2.0648 - val_accuracy: 0.2220
Epoch 11/350
391/391 - 25s - loss: 2.0808 - accuracy: 0.2118 - val_loss: 2.0741 - val_accuracy: 0.2007
Epoch 12/350
391/391 - 25s - loss: 2.0661 - accuracy: 0.2179 - val_loss: 2.0322 - val_accuracy: 0.2285
Epoch 13/350
391/391 - 25s - loss: 2.0510 - accuracy: 0.2242 - val_loss: 2.0282 - val_accuracy: 0.2332
Epoch 14/350
391/391 - 25s - loss: 2.0433 - accuracy: 0.2226 - val_loss: 2.0359 - val_accuracy: 0.2275
Epoch 15/350
391/391 - 25s - loss: 2.0385 - accuracy: 0.2250 - val_loss: 2.0507 - val_accuracy: 0.2213
Epoch 16/350
391/391 - 25s - loss: 2.0140 - accuracy: 0.2436 - val_loss: 2.0058 - val_accuracy: 0.2722
Epoch 17/350
391/391 - 25s - loss: 1.9525 - accuracy: 0.2854 - val_loss: 2.1642 - val_accuracy: 0.2824
Epoch 18/350
391/391 - 25s - loss: 1.9137 - accuracy: 0.2997 - val_loss: 1.8710 - val_accuracy: 0.3068
Epoch 19/350
391/391 - 25s - loss: 1.8800 - accuracy: 0.3335 - val_loss: 1.8114 - val_accuracy: 0.3721
Epoch 20/350
391/391 - 25s - loss: 1.7885 - accuracy: 0.3788 - val_loss: 1.7438 - val_accuracy: 0.3970
Epoch 21/350
391/391 - 25s - loss: 1.7434 - accuracy: 0.4002 - val_loss: 1.7377 - val_accuracy: 0.4154
Epoch 22/350
391/391 - 25s - loss: 1.7210 - accuracy: 0.4078 - val_loss: 1.7443 - val_accuracy: 0.4150
Epoch 23/350
391/391 - 25s - loss: 1.6947 - accuracy: 0.4172 - val_loss: 1.7083 - val_accuracy: 0.4350
Epoch 24/350
391/391 - 25s - loss: 1.6085 - accuracy: 0.4584 - val_loss: 1.6915 - val_accuracy: 0.4645
Epoch 25/350
391/391 - 25s - loss: 1.4516 - accuracy: 0.5029 - val_loss: 1.3834 - val_accuracy: 0.5266
Epoch 26/350
391/391 - 25s - loss: 1.2781 - accuracy: 0.5807 - val_loss: 1.2319 - val_accuracy: 0.6070
Epoch 27/350
391/391 - 25s - loss: 1.0103 - accuracy: 0.6600 - val_loss: 0.8854 - val_accuracy: 0.7051
Epoch 28/350
391/391 - 25s - loss: 0.9127 - accuracy: 0.6961 - val_loss: 0.8617 - val_accuracy: 0.7170
Epoch 29/350
391/391 - 25s - loss: 0.8497 - accuracy: 0.7160 - val_loss: 0.7736 - val_accuracy: 0.7444
Epoch 30/350
391/391 - 25s - loss: 0.8023 - accuracy: 0.7326 - val_loss: 0.8097 - val_accuracy: 0.7370
Epoch 31/350
391/391 - 25s - loss: 0.7584 - accuracy: 0.7475 - val_loss: 0.7365 - val_accuracy: 0.7574
Epoch 32/350
391/391 - 25s - loss: 0.7300 - accuracy: 0.7565 - val_loss: 0.6841 - val_accuracy: 0.7796
Epoch 33/350
391/391 - 25s - loss: 0.7163 - accuracy: 0.7628 - val_loss: 0.6568 - val_accuracy: 0.7849
Epoch 34/350
391/391 - 25s - loss: 0.6807 - accuracy: 0.7750 - val_loss: 0.6049 - val_accuracy: 0.8085
Epoch 35/350
391/391 - 25s - loss: 0.6654 - accuracy: 0.7814 - val_loss: 0.6210 - val_accuracy: 0.7955
Epoch 36/350
391/391 - 25s - loss: 0.6406 - accuracy: 0.7898 - val_loss: 0.5777 - val_accuracy: 0.8102
Epoch 37/350
391/391 - 25s - loss: 0.6360 - accuracy: 0.7892 - val_loss: 0.5960 - val_accuracy: 0.8083
Epoch 38/350
391/391 - 25s - loss: 0.6045 - accuracy: 0.8010 - val_loss: 0.5876 - val_accuracy: 0.8183
Epoch 39/350
391/391 - 25s - loss: 0.5904 - accuracy: 0.8077 - val_loss: 0.5664 - val_accuracy: 0.8205
Epoch 40/350
391/391 - 25s - loss: 0.5769 - accuracy: 0.8118 - val_loss: 0.5989 - val_accuracy: 0.8127
Epoch 41/350
391/391 - 25s - loss: 0.5645 - accuracy: 0.8159 - val_loss: 0.5210 - val_accuracy: 0.8331
Epoch 42/350
391/391 - 25s - loss: 0.5516 - accuracy: 0.8198 - val_loss: 0.5571 - val_accuracy: 0.8272
Epoch 43/350
391/391 - 25s - loss: 0.5418 - accuracy: 0.8236 - val_loss: 0.5401 - val_accuracy: 0.8278
Epoch 44/350
391/391 - 25s - loss: 0.5345 - accuracy: 0.8251 - val_loss: 0.4954 - val_accuracy: 0.8431
Epoch 45/350
391/391 - 25s - loss: 0.5231 - accuracy: 0.8303 - val_loss: 0.5240 - val_accuracy: 0.8326
Epoch 46/350
391/391 - 25s - loss: 0.5146 - accuracy: 0.8321 - val_loss: 0.5434 - val_accuracy: 0.8361
Epoch 47/350
391/391 - 25s - loss: 0.4923 - accuracy: 0.8399 - val_loss: 0.5319 - val_accuracy: 0.8324
Epoch 48/350
391/391 - 25s - loss: 0.4944 - accuracy: 0.8396 - val_loss: 0.4960 - val_accuracy: 0.8452
Epoch 49/350
391/391 - 25s - loss: 0.4871 - accuracy: 0.8425 - val_loss: 0.4728 - val_accuracy: 0.8524
Epoch 50/350


Snapshot weight 7 shuffle 7 at epoch 50
Layer 11
Getting activations...


391/391 - 25s - loss: 0.4781 - accuracy: 0.8444 - val_loss: 0.4666 - val_accuracy: 0.8574
Epoch 51/350
391/391 - 25s - loss: 0.4614 - accuracy: 0.8498 - val_loss: 0.4695 - val_accuracy: 0.8503
Epoch 52/350
391/391 - 25s - loss: 0.4649 - accuracy: 0.8488 - val_loss: 0.4944 - val_accuracy: 0.8498
Epoch 53/350
391/391 - 25s - loss: 0.4554 - accuracy: 0.8505 - val_loss: 0.4751 - val_accuracy: 0.8524
Epoch 54/350
391/391 - 25s - loss: 0.4456 - accuracy: 0.8550 - val_loss: 0.4721 - val_accuracy: 0.8533
Epoch 55/350
391/391 - 25s - loss: 0.4431 - accuracy: 0.8594 - val_loss: 0.4325 - val_accuracy: 0.8642
Epoch 56/350
391/391 - 25s - loss: 0.4283 - accuracy: 0.8627 - val_loss: 0.4993 - val_accuracy: 0.8487
Epoch 57/350
391/391 - 25s - loss: 0.4264 - accuracy: 0.8630 - val_loss: 0.4409 - val_accuracy: 0.8625
Epoch 58/350
391/391 - 25s - loss: 0.4214 - accuracy: 0.8650 - val_loss: 0.4350 - val_accuracy: 0.8660
Epoch 59/350
391/391 - 25s - loss: 0.4132 - accuracy: 0.8662 - val_loss: 0.4552 - val_accuracy: 0.8600
Epoch 60/350
391/391 - 25s - loss: 0.4159 - accuracy: 0.8672 - val_loss: 0.4497 - val_accuracy: 0.8621
Epoch 61/350
391/391 - 25s - loss: 0.4066 - accuracy: 0.8702 - val_loss: 0.4492 - val_accuracy: 0.8595
Epoch 62/350
391/391 - 25s - loss: 0.4000 - accuracy: 0.8708 - val_loss: 0.4444 - val_accuracy: 0.8665
Epoch 63/350
391/391 - 25s - loss: 0.3916 - accuracy: 0.8739 - val_loss: 0.4498 - val_accuracy: 0.8654
Epoch 64/350
391/391 - 25s - loss: 0.3899 - accuracy: 0.8758 - val_loss: 0.4107 - val_accuracy: 0.8751
Epoch 65/350
391/391 - 25s - loss: 0.3831 - accuracy: 0.8770 - val_loss: 0.4506 - val_accuracy: 0.8622
Epoch 66/350
391/391 - 25s - loss: 0.3839 - accuracy: 0.8789 - val_loss: 0.4170 - val_accuracy: 0.8729
Epoch 67/350
391/391 - 25s - loss: 0.3741 - accuracy: 0.8798 - val_loss: 0.4064 - val_accuracy: 0.8787
Epoch 68/350
391/391 - 25s - loss: 0.3662 - accuracy: 0.8837 - val_loss: 0.4744 - val_accuracy: 0.8610
Epoch 69/350
391/391 - 25s - loss: 0.3685 - accuracy: 0.8820 - val_loss: 0.4457 - val_accuracy: 0.8705
Epoch 70/350
391/391 - 25s - loss: 0.3629 - accuracy: 0.8842 - val_loss: 0.4077 - val_accuracy: 0.8754
Epoch 71/350
391/391 - 25s - loss: 0.3639 - accuracy: 0.8841 - val_loss: 0.4015 - val_accuracy: 0.8780
Epoch 72/350
391/391 - 25s - loss: 0.3499 - accuracy: 0.8887 - val_loss: 0.4184 - val_accuracy: 0.8756
Epoch 73/350
391/391 - 25s - loss: 0.3522 - accuracy: 0.8878 - val_loss: 0.4186 - val_accuracy: 0.8752
Epoch 74/350
391/391 - 25s - loss: 0.3469 - accuracy: 0.8910 - val_loss: 0.4025 - val_accuracy: 0.8755
Epoch 75/350
391/391 - 25s - loss: 0.3383 - accuracy: 0.8926 - val_loss: 0.4211 - val_accuracy: 0.8774
Epoch 76/350
391/391 - 25s - loss: 0.3347 - accuracy: 0.8952 - val_loss: 0.3988 - val_accuracy: 0.8848
Epoch 77/350
391/391 - 25s - loss: 0.3400 - accuracy: 0.8931 - val_loss: 0.4201 - val_accuracy: 0.8751
Epoch 78/350
391/391 - 25s - loss: 0.3335 - accuracy: 0.8950 - val_loss: 0.4022 - val_accuracy: 0.8825
Epoch 79/350
391/391 - 25s - loss: 0.3364 - accuracy: 0.8932 - val_loss: 0.4560 - val_accuracy: 0.8736
Epoch 80/350
391/391 - 25s - loss: 0.3287 - accuracy: 0.8965 - val_loss: 0.3907 - val_accuracy: 0.8807
Epoch 81/350
391/391 - 25s - loss: 0.3195 - accuracy: 0.8998 - val_loss: 0.4179 - val_accuracy: 0.8779
Epoch 82/350
391/391 - 25s - loss: 0.3158 - accuracy: 0.9008 - val_loss: 0.3981 - val_accuracy: 0.8848
Epoch 83/350
391/391 - 25s - loss: 0.3209 - accuracy: 0.8988 - val_loss: 0.4197 - val_accuracy: 0.8775
Epoch 84/350
391/391 - 25s - loss: 0.3161 - accuracy: 0.9018 - val_loss: 0.4367 - val_accuracy: 0.8760
Epoch 85/350
391/391 - 25s - loss: 0.3137 - accuracy: 0.9023 - val_loss: 0.4346 - val_accuracy: 0.8792
Epoch 86/350
391/391 - 25s - loss: 0.3092 - accuracy: 0.9031 - val_loss: 0.4109 - val_accuracy: 0.8813
Epoch 87/350
391/391 - 25s - loss: 0.3057 - accuracy: 0.9047 - val_loss: 0.4397 - val_accuracy: 0.8773
Epoch 88/350
391/391 - 25s - loss: 0.3088 - accuracy: 0.9051 - val_loss: 0.4079 - val_accuracy: 0.8860
Epoch 89/350
391/391 - 25s - loss: 0.3014 - accuracy: 0.9063 - val_loss: 0.4503 - val_accuracy: 0.8740
Epoch 90/350
391/391 - 25s - loss: 0.3055 - accuracy: 0.9042 - val_loss: 0.4102 - val_accuracy: 0.8859
Epoch 91/350
391/391 - 25s - loss: 0.2943 - accuracy: 0.9096 - val_loss: 0.4093 - val_accuracy: 0.8825
Epoch 92/350
391/391 - 25s - loss: 0.2952 - accuracy: 0.9088 - val_loss: 0.4153 - val_accuracy: 0.8843
Epoch 93/350
391/391 - 25s - loss: 0.2884 - accuracy: 0.9121 - val_loss: 0.3954 - val_accuracy: 0.8865
Epoch 94/350
391/391 - 25s - loss: 0.2900 - accuracy: 0.9104 - val_loss: 0.3989 - val_accuracy: 0.8860
Epoch 95/350
391/391 - 25s - loss: 0.2870 - accuracy: 0.9105 - val_loss: 0.4286 - val_accuracy: 0.8830
Epoch 96/350
391/391 - 25s - loss: 0.2854 - accuracy: 0.9135 - val_loss: 0.3920 - val_accuracy: 0.8910
Epoch 97/350
391/391 - 25s - loss: 0.2791 - accuracy: 0.9140 - val_loss: 0.4517 - val_accuracy: 0.8796
Epoch 98/350
391/391 - 25s - loss: 0.2848 - accuracy: 0.9116 - val_loss: 0.4270 - val_accuracy: 0.8830
Epoch 99/350
391/391 - 25s - loss: 0.2834 - accuracy: 0.9128 - val_loss: 0.3995 - val_accuracy: 0.8827
Epoch 100/350


Snapshot weight 7 shuffle 7 at epoch 100
Layer 11
Getting activations...


391/391 - 25s - loss: 0.2752 - accuracy: 0.9156 - val_loss: 0.4198 - val_accuracy: 0.8852
Epoch 101/350
391/391 - 25s - loss: 0.2710 - accuracy: 0.9164 - val_loss: 0.3930 - val_accuracy: 0.8893
Epoch 102/350
391/391 - 25s - loss: 0.2745 - accuracy: 0.9173 - val_loss: 0.3835 - val_accuracy: 0.8917
Epoch 103/350
391/391 - 25s - loss: 0.2743 - accuracy: 0.9164 - val_loss: 0.3890 - val_accuracy: 0.8923
Epoch 104/350
391/391 - 25s - loss: 0.2651 - accuracy: 0.9198 - val_loss: 0.4198 - val_accuracy: 0.8816
Epoch 105/350
391/391 - 25s - loss: 0.2698 - accuracy: 0.9184 - val_loss: 0.3943 - val_accuracy: 0.8891
Epoch 106/350
391/391 - 25s - loss: 0.2570 - accuracy: 0.9218 - val_loss: 0.3962 - val_accuracy: 0.8887
Epoch 107/350
391/391 - 25s - loss: 0.2635 - accuracy: 0.9197 - val_loss: 0.4081 - val_accuracy: 0.8908
Epoch 108/350
391/391 - 25s - loss: 0.2616 - accuracy: 0.9199 - val_loss: 0.4047 - val_accuracy: 0.8889
Epoch 109/350
391/391 - 25s - loss: 0.2587 - accuracy: 0.9221 - val_loss: 0.4111 - val_accuracy: 0.8893
Epoch 110/350
391/391 - 25s - loss: 0.2542 - accuracy: 0.9218 - val_loss: 0.4027 - val_accuracy: 0.8916
Epoch 111/350
391/391 - 25s - loss: 0.2512 - accuracy: 0.9253 - val_loss: 0.4099 - val_accuracy: 0.8884
Epoch 112/350
391/391 - 25s - loss: 0.2530 - accuracy: 0.9219 - val_loss: 0.3828 - val_accuracy: 0.8928
Epoch 113/350
391/391 - 25s - loss: 0.2503 - accuracy: 0.9259 - val_loss: 0.4429 - val_accuracy: 0.8865
Epoch 114/350
391/391 - 25s - loss: 0.2449 - accuracy: 0.9266 - val_loss: 0.4020 - val_accuracy: 0.8907
Epoch 115/350
391/391 - 25s - loss: 0.2503 - accuracy: 0.9239 - val_loss: 0.3930 - val_accuracy: 0.8927
Epoch 116/350
391/391 - 25s - loss: 0.2448 - accuracy: 0.9265 - val_loss: 0.4552 - val_accuracy: 0.8842
Epoch 117/350
391/391 - 25s - loss: 0.2489 - accuracy: 0.9256 - val_loss: 0.4113 - val_accuracy: 0.8897
Epoch 118/350
391/391 - 25s - loss: 0.2381 - accuracy: 0.9295 - val_loss: 0.4141 - val_accuracy: 0.8932
Epoch 119/350
391/391 - 25s - loss: 0.2425 - accuracy: 0.9280 - val_loss: 0.4298 - val_accuracy: 0.8882
Epoch 120/350
391/391 - 25s - loss: 0.2384 - accuracy: 0.9290 - val_loss: 0.4000 - val_accuracy: 0.8936
Epoch 121/350
391/391 - 25s - loss: 0.2464 - accuracy: 0.9266 - val_loss: 0.3999 - val_accuracy: 0.8901
Epoch 122/350
391/391 - 25s - loss: 0.2381 - accuracy: 0.9292 - val_loss: 0.4190 - val_accuracy: 0.8905
Epoch 123/350
391/391 - 25s - loss: 0.2332 - accuracy: 0.9305 - val_loss: 0.3936 - val_accuracy: 0.8939
Epoch 124/350
391/391 - 25s - loss: 0.2329 - accuracy: 0.9308 - val_loss: 0.4429 - val_accuracy: 0.8879
Epoch 125/350
391/391 - 25s - loss: 0.2277 - accuracy: 0.9318 - val_loss: 0.3987 - val_accuracy: 0.8960
Epoch 126/350
391/391 - 25s - loss: 0.2312 - accuracy: 0.9319 - val_loss: 0.4116 - val_accuracy: 0.8963
Epoch 127/350
391/391 - 25s - loss: 0.2272 - accuracy: 0.9336 - val_loss: 0.4254 - val_accuracy: 0.8902
Epoch 128/350
391/391 - 25s - loss: 0.2240 - accuracy: 0.9344 - val_loss: 0.3708 - val_accuracy: 0.9041
Epoch 129/350
391/391 - 25s - loss: 0.2234 - accuracy: 0.9342 - val_loss: 0.3912 - val_accuracy: 0.8978
Epoch 130/350
391/391 - 25s - loss: 0.2236 - accuracy: 0.9335 - val_loss: 0.4009 - val_accuracy: 0.8935
Epoch 131/350
391/391 - 25s - loss: 0.2230 - accuracy: 0.9353 - val_loss: 0.4020 - val_accuracy: 0.8989
Epoch 132/350
391/391 - 25s - loss: 0.2238 - accuracy: 0.9344 - val_loss: 0.3963 - val_accuracy: 0.8958
Epoch 133/350
391/391 - 25s - loss: 0.2149 - accuracy: 0.9383 - val_loss: 0.4075 - val_accuracy: 0.8920
Epoch 134/350
391/391 - 25s - loss: 0.2185 - accuracy: 0.9363 - val_loss: 0.4458 - val_accuracy: 0.8916
Epoch 135/350
391/391 - 25s - loss: 0.2152 - accuracy: 0.9372 - val_loss: 0.4204 - val_accuracy: 0.8964
Epoch 136/350
391/391 - 25s - loss: 0.2190 - accuracy: 0.9364 - val_loss: 0.4100 - val_accuracy: 0.8973
Epoch 137/350
391/391 - 25s - loss: 0.2129 - accuracy: 0.9385 - val_loss: 0.4013 - val_accuracy: 0.8985
Epoch 138/350
391/391 - 25s - loss: 0.2137 - accuracy: 0.9389 - val_loss: 0.4118 - val_accuracy: 0.8952
Epoch 139/350
391/391 - 25s - loss: 0.2091 - accuracy: 0.9403 - val_loss: 0.4209 - val_accuracy: 0.8950
Epoch 140/350
391/391 - 25s - loss: 0.2084 - accuracy: 0.9392 - val_loss: 0.4205 - val_accuracy: 0.8963
Epoch 141/350
391/391 - 25s - loss: 0.2124 - accuracy: 0.9386 - val_loss: 0.4481 - val_accuracy: 0.8907
Epoch 142/350
391/391 - 25s - loss: 0.2117 - accuracy: 0.9386 - val_loss: 0.4393 - val_accuracy: 0.8908
Epoch 143/350
391/391 - 25s - loss: 0.2048 - accuracy: 0.9414 - val_loss: 0.4667 - val_accuracy: 0.8917
Epoch 144/350
391/391 - 25s - loss: 0.2072 - accuracy: 0.9416 - val_loss: 0.4262 - val_accuracy: 0.8952
Epoch 145/350
391/391 - 25s - loss: 0.2083 - accuracy: 0.9398 - val_loss: 0.4303 - val_accuracy: 0.8926
Epoch 146/350
391/391 - 25s - loss: 0.2074 - accuracy: 0.9412 - val_loss: 0.4513 - val_accuracy: 0.8911
Epoch 147/350
391/391 - 25s - loss: 0.2046 - accuracy: 0.9423 - val_loss: 0.3926 - val_accuracy: 0.9018
Epoch 148/350
391/391 - 25s - loss: 0.2060 - accuracy: 0.9414 - val_loss: 0.4093 - val_accuracy: 0.9013
Epoch 149/350
391/391 - 25s - loss: 0.2076 - accuracy: 0.9410 - val_loss: 0.4248 - val_accuracy: 0.8943
Epoch 150/350


Snapshot weight 7 shuffle 7 at epoch 150
Layer 11
Getting activations...


391/391 - 25s - loss: 0.1979 - accuracy: 0.9441 - val_loss: 0.4560 - val_accuracy: 0.8887
Epoch 151/350
391/391 - 25s - loss: 0.1985 - accuracy: 0.9446 - val_loss: 0.3940 - val_accuracy: 0.8997
Epoch 152/350
391/391 - 25s - loss: 0.1977 - accuracy: 0.9444 - val_loss: 0.4318 - val_accuracy: 0.8967
Epoch 153/350
391/391 - 25s - loss: 0.2011 - accuracy: 0.9427 - val_loss: 0.4177 - val_accuracy: 0.8984
Epoch 154/350
391/391 - 25s - loss: 0.1918 - accuracy: 0.9471 - val_loss: 0.4594 - val_accuracy: 0.8918
Epoch 155/350
391/391 - 25s - loss: 0.1934 - accuracy: 0.9458 - val_loss: 0.4720 - val_accuracy: 0.8933
Epoch 156/350
391/391 - 25s - loss: 0.1981 - accuracy: 0.9451 - val_loss: 0.4177 - val_accuracy: 0.8989
Epoch 157/350
391/391 - 25s - loss: 0.1955 - accuracy: 0.9444 - val_loss: 0.4238 - val_accuracy: 0.8925
Epoch 158/350
391/391 - 25s - loss: 0.1944 - accuracy: 0.9457 - val_loss: 0.4259 - val_accuracy: 0.8988
Epoch 159/350
391/391 - 25s - loss: 0.1947 - accuracy: 0.9465 - val_loss: 0.4524 - val_accuracy: 0.8961
Epoch 160/350
391/391 - 25s - loss: 0.1895 - accuracy: 0.9476 - val_loss: 0.4725 - val_accuracy: 0.8894
Epoch 161/350
391/391 - 25s - loss: 0.1909 - accuracy: 0.9471 - val_loss: 0.4305 - val_accuracy: 0.8961
Epoch 162/350
391/391 - 25s - loss: 0.1937 - accuracy: 0.9456 - val_loss: 0.4236 - val_accuracy: 0.8926
Epoch 163/350
391/391 - 25s - loss: 0.1847 - accuracy: 0.9481 - val_loss: 0.4461 - val_accuracy: 0.8955
Epoch 164/350
391/391 - 25s - loss: 0.1886 - accuracy: 0.9482 - val_loss: 0.4313 - val_accuracy: 0.8997
Epoch 165/350
391/391 - 25s - loss: 0.1841 - accuracy: 0.9492 - val_loss: 0.4459 - val_accuracy: 0.8947
Epoch 166/350
391/391 - 25s - loss: 0.1881 - accuracy: 0.9490 - val_loss: 0.4379 - val_accuracy: 0.8997
Epoch 167/350
391/391 - 25s - loss: 0.1892 - accuracy: 0.9478 - val_loss: 0.4246 - val_accuracy: 0.9011
Epoch 168/350
391/391 - 25s - loss: 0.1832 - accuracy: 0.9497 - val_loss: 0.4297 - val_accuracy: 0.9018
Epoch 169/350
391/391 - 25s - loss: 0.1819 - accuracy: 0.9507 - val_loss: 0.4497 - val_accuracy: 0.8970
Epoch 170/350
391/391 - 25s - loss: 0.1822 - accuracy: 0.9510 - val_loss: 0.4374 - val_accuracy: 0.8989
Epoch 171/350
391/391 - 25s - loss: 0.1788 - accuracy: 0.9509 - val_loss: 0.4250 - val_accuracy: 0.8998
Epoch 172/350
391/391 - 25s - loss: 0.1828 - accuracy: 0.9504 - val_loss: 0.4394 - val_accuracy: 0.8962
Epoch 173/350
391/391 - 25s - loss: 0.1818 - accuracy: 0.9511 - val_loss: 0.4062 - val_accuracy: 0.9028
Epoch 174/350
391/391 - 25s - loss: 0.1809 - accuracy: 0.9521 - val_loss: 0.4185 - val_accuracy: 0.9031
Epoch 175/350
391/391 - 25s - loss: 0.1809 - accuracy: 0.9514 - val_loss: 0.4247 - val_accuracy: 0.9015
Epoch 176/350
391/391 - 25s - loss: 0.1819 - accuracy: 0.9524 - val_loss: 0.4335 - val_accuracy: 0.8999
Epoch 177/350
391/391 - 25s - loss: 0.1837 - accuracy: 0.9514 - val_loss: 0.4575 - val_accuracy: 0.8947
Epoch 178/350
391/391 - 25s - loss: 0.1755 - accuracy: 0.9522 - val_loss: 0.4148 - val_accuracy: 0.9024
Epoch 179/350
391/391 - 25s - loss: 0.1742 - accuracy: 0.9535 - val_loss: 0.4365 - val_accuracy: 0.8995
Epoch 180/350
391/391 - 25s - loss: 0.1779 - accuracy: 0.9527 - val_loss: 0.4241 - val_accuracy: 0.9042
Epoch 181/350
391/391 - 25s - loss: 0.1755 - accuracy: 0.9531 - val_loss: 0.4499 - val_accuracy: 0.8995
Epoch 182/350
391/391 - 25s - loss: 0.1750 - accuracy: 0.9537 - val_loss: 0.4443 - val_accuracy: 0.8990
Epoch 183/350
391/391 - 25s - loss: 0.1739 - accuracy: 0.9527 - val_loss: 0.4769 - val_accuracy: 0.8929
Epoch 184/350
391/391 - 25s - loss: 0.1747 - accuracy: 0.9539 - val_loss: 0.4257 - val_accuracy: 0.9012
Epoch 185/350
391/391 - 25s - loss: 0.1736 - accuracy: 0.9549 - val_loss: 0.4828 - val_accuracy: 0.8991
Epoch 186/350
391/391 - 25s - loss: 0.1732 - accuracy: 0.9540 - val_loss: 0.4434 - val_accuracy: 0.9004
Epoch 187/350
391/391 - 25s - loss: 0.1742 - accuracy: 0.9537 - val_loss: 0.4080 - val_accuracy: 0.9021
Epoch 188/350
391/391 - 25s - loss: 0.1695 - accuracy: 0.9551 - val_loss: 0.4365 - val_accuracy: 0.9029
Epoch 189/350
391/391 - 25s - loss: 0.1743 - accuracy: 0.9542 - val_loss: 0.4735 - val_accuracy: 0.8991
Epoch 190/350
391/391 - 25s - loss: 0.1696 - accuracy: 0.9557 - val_loss: 0.4312 - val_accuracy: 0.9021
Epoch 191/350
391/391 - 25s - loss: 0.1726 - accuracy: 0.9546 - val_loss: 0.4679 - val_accuracy: 0.8969
Epoch 192/350
391/391 - 25s - loss: 0.1707 - accuracy: 0.9553 - val_loss: 0.4357 - val_accuracy: 0.9010
Epoch 193/350
391/391 - 25s - loss: 0.1675 - accuracy: 0.9558 - val_loss: 0.4736 - val_accuracy: 0.8951
Epoch 194/350
391/391 - 25s - loss: 0.1699 - accuracy: 0.9546 - val_loss: 0.4521 - val_accuracy: 0.8968
Epoch 195/350
391/391 - 25s - loss: 0.1726 - accuracy: 0.9549 - val_loss: 0.4209 - val_accuracy: 0.9020
Epoch 196/350
391/391 - 25s - loss: 0.1650 - accuracy: 0.9574 - val_loss: 0.4403 - val_accuracy: 0.9027
Epoch 197/350
391/391 - 25s - loss: 0.1649 - accuracy: 0.9570 - val_loss: 0.4453 - val_accuracy: 0.9052
Epoch 198/350
391/391 - 25s - loss: 0.1634 - accuracy: 0.9577 - val_loss: 0.4787 - val_accuracy: 0.8965
Epoch 199/350
391/391 - 25s - loss: 0.1674 - accuracy: 0.9566 - val_loss: 0.4631 - val_accuracy: 0.9009
Epoch 200/350


Snapshot weight 7 shuffle 7 at epoch 200
Layer 11
Getting activations...


391/391 - 25s - loss: 0.1649 - accuracy: 0.9581 - val_loss: 0.4539 - val_accuracy: 0.8997
Epoch 201/350
391/391 - 25s - loss: 0.1377 - accuracy: 0.9666 - val_loss: 0.4378 - val_accuracy: 0.9108
Epoch 202/350
391/391 - 25s - loss: 0.1285 - accuracy: 0.9702 - val_loss: 0.4380 - val_accuracy: 0.9121
Epoch 203/350
391/391 - 25s - loss: 0.1241 - accuracy: 0.9723 - val_loss: 0.4454 - val_accuracy: 0.9112
Epoch 204/350
391/391 - 25s - loss: 0.1203 - accuracy: 0.9722 - val_loss: 0.4486 - val_accuracy: 0.9109
Epoch 205/350
391/391 - 25s - loss: 0.1170 - accuracy: 0.9743 - val_loss: 0.4490 - val_accuracy: 0.9118
Epoch 206/350
391/391 - 25s - loss: 0.1193 - accuracy: 0.9736 - val_loss: 0.4485 - val_accuracy: 0.9102
Epoch 207/350
391/391 - 25s - loss: 0.1180 - accuracy: 0.9744 - val_loss: 0.4524 - val_accuracy: 0.9107
Epoch 208/350
391/391 - 25s - loss: 0.1186 - accuracy: 0.9729 - val_loss: 0.4492 - val_accuracy: 0.9104
Epoch 209/350
391/391 - 25s - loss: 0.1167 - accuracy: 0.9739 - val_loss: 0.4538 - val_accuracy: 0.9112
Epoch 210/350
391/391 - 25s - loss: 0.1172 - accuracy: 0.9741 - val_loss: 0.4518 - val_accuracy: 0.9120
Epoch 211/350
391/391 - 25s - loss: 0.1168 - accuracy: 0.9742 - val_loss: 0.4491 - val_accuracy: 0.9118
Epoch 212/350
391/391 - 25s - loss: 0.1150 - accuracy: 0.9750 - val_loss: 0.4566 - val_accuracy: 0.9112
Epoch 213/350
391/391 - 25s - loss: 0.1150 - accuracy: 0.9752 - val_loss: 0.4570 - val_accuracy: 0.9121
Epoch 214/350
391/391 - 25s - loss: 0.1140 - accuracy: 0.9755 - val_loss: 0.4630 - val_accuracy: 0.9111
Epoch 215/350
391/391 - 25s - loss: 0.1139 - accuracy: 0.9756 - val_loss: 0.4632 - val_accuracy: 0.9109
Epoch 216/350
391/391 - 25s - loss: 0.1142 - accuracy: 0.9754 - val_loss: 0.4550 - val_accuracy: 0.9132
Epoch 217/350
391/391 - 25s - loss: 0.1120 - accuracy: 0.9762 - val_loss: 0.4552 - val_accuracy: 0.9130
Epoch 218/350
391/391 - 25s - loss: 0.1131 - accuracy: 0.9761 - val_loss: 0.4514 - val_accuracy: 0.9115
Epoch 219/350
391/391 - 25s - loss: 0.1099 - accuracy: 0.9773 - val_loss: 0.4709 - val_accuracy: 0.9117
Epoch 220/350
391/391 - 25s - loss: 0.1098 - accuracy: 0.9769 - val_loss: 0.4594 - val_accuracy: 0.9132
Epoch 221/350
391/391 - 25s - loss: 0.1115 - accuracy: 0.9759 - val_loss: 0.4606 - val_accuracy: 0.9120
Epoch 222/350
391/391 - 25s - loss: 0.1132 - accuracy: 0.9758 - val_loss: 0.4590 - val_accuracy: 0.9109
Epoch 223/350
391/391 - 25s - loss: 0.1075 - accuracy: 0.9777 - val_loss: 0.4637 - val_accuracy: 0.9120
Epoch 224/350
391/391 - 25s - loss: 0.1088 - accuracy: 0.9765 - val_loss: 0.4735 - val_accuracy: 0.9109
Epoch 225/350
391/391 - 25s - loss: 0.1110 - accuracy: 0.9769 - val_loss: 0.4642 - val_accuracy: 0.9113
Epoch 226/350
391/391 - 25s - loss: 0.1063 - accuracy: 0.9784 - val_loss: 0.4669 - val_accuracy: 0.9091
Epoch 227/350
391/391 - 25s - loss: 0.1104 - accuracy: 0.9773 - val_loss: 0.4695 - val_accuracy: 0.9085
Epoch 228/350
391/391 - 25s - loss: 0.1065 - accuracy: 0.9779 - val_loss: 0.4723 - val_accuracy: 0.9100
Epoch 229/350
391/391 - 25s - loss: 0.1101 - accuracy: 0.9762 - val_loss: 0.4663 - val_accuracy: 0.9111
Epoch 230/350
391/391 - 25s - loss: 0.1064 - accuracy: 0.9784 - val_loss: 0.4626 - val_accuracy: 0.9105
Epoch 231/350
391/391 - 25s - loss: 0.1080 - accuracy: 0.9770 - val_loss: 0.4772 - val_accuracy: 0.9100
Epoch 232/350
391/391 - 25s - loss: 0.1085 - accuracy: 0.9770 - val_loss: 0.4616 - val_accuracy: 0.9111
Epoch 233/350
391/391 - 25s - loss: 0.1071 - accuracy: 0.9780 - val_loss: 0.4764 - val_accuracy: 0.9103
Epoch 234/350
391/391 - 25s - loss: 0.1075 - accuracy: 0.9777 - val_loss: 0.4732 - val_accuracy: 0.9116
Epoch 235/350
391/391 - 25s - loss: 0.1075 - accuracy: 0.9780 - val_loss: 0.4667 - val_accuracy: 0.9106
Epoch 236/350
391/391 - 25s - loss: 0.1042 - accuracy: 0.9785 - val_loss: 0.4666 - val_accuracy: 0.9117
Epoch 237/350
391/391 - 25s - loss: 0.1065 - accuracy: 0.9779 - val_loss: 0.4687 - val_accuracy: 0.9105
Epoch 238/350
391/391 - 25s - loss: 0.1039 - accuracy: 0.9788 - val_loss: 0.4675 - val_accuracy: 0.9117
Epoch 239/350
391/391 - 25s - loss: 0.1040 - accuracy: 0.9786 - val_loss: 0.4713 - val_accuracy: 0.9123
Epoch 240/350
391/391 - 25s - loss: 0.1038 - accuracy: 0.9783 - val_loss: 0.4763 - val_accuracy: 0.9122
Epoch 241/350
391/391 - 25s - loss: 0.1034 - accuracy: 0.9787 - val_loss: 0.4723 - val_accuracy: 0.9092
Epoch 242/350
391/391 - 25s - loss: 0.1043 - accuracy: 0.9797 - val_loss: 0.4813 - val_accuracy: 0.9116
Epoch 243/350
391/391 - 25s - loss: 0.1067 - accuracy: 0.9784 - val_loss: 0.4800 - val_accuracy: 0.9088
Epoch 244/350
391/391 - 25s - loss: 0.1064 - accuracy: 0.9783 - val_loss: 0.4731 - val_accuracy: 0.9109
Epoch 245/350
391/391 - 25s - loss: 0.1040 - accuracy: 0.9786 - val_loss: 0.4808 - val_accuracy: 0.9102
Epoch 246/350
391/391 - 25s - loss: 0.1049 - accuracy: 0.9786 - val_loss: 0.4678 - val_accuracy: 0.9110
Epoch 247/350
391/391 - 25s - loss: 0.1042 - accuracy: 0.9787 - val_loss: 0.4873 - val_accuracy: 0.9101
Epoch 248/350
391/391 - 25s - loss: 0.1052 - accuracy: 0.9785 - val_loss: 0.4751 - val_accuracy: 0.9108
Epoch 249/350
391/391 - 25s - loss: 0.1053 - accuracy: 0.9782 - val_loss: 0.4646 - val_accuracy: 0.9117
Epoch 250/350


Snapshot weight 7 shuffle 7 at epoch 250
Layer 11
Getting activations...


391/391 - 25s - loss: 0.1044 - accuracy: 0.9783 - val_loss: 0.4798 - val_accuracy: 0.9096
Epoch 251/350
391/391 - 25s - loss: 0.1029 - accuracy: 0.9793 - val_loss: 0.4722 - val_accuracy: 0.9111
Epoch 252/350
391/391 - 25s - loss: 0.1024 - accuracy: 0.9796 - val_loss: 0.4707 - val_accuracy: 0.9109
Epoch 253/350
391/391 - 25s - loss: 0.1024 - accuracy: 0.9794 - val_loss: 0.4709 - val_accuracy: 0.9112
Epoch 254/350
391/391 - 25s - loss: 0.1020 - accuracy: 0.9790 - val_loss: 0.4712 - val_accuracy: 0.9119
Epoch 255/350
391/391 - 25s - loss: 0.0984 - accuracy: 0.9815 - val_loss: 0.4724 - val_accuracy: 0.9118
Epoch 256/350
391/391 - 25s - loss: 0.1001 - accuracy: 0.9809 - val_loss: 0.4724 - val_accuracy: 0.9123
Epoch 257/350
391/391 - 25s - loss: 0.1023 - accuracy: 0.9790 - val_loss: 0.4743 - val_accuracy: 0.9116
Epoch 258/350
391/391 - 25s - loss: 0.1012 - accuracy: 0.9803 - val_loss: 0.4731 - val_accuracy: 0.9117
Epoch 259/350
391/391 - 25s - loss: 0.1023 - accuracy: 0.9796 - val_loss: 0.4730 - val_accuracy: 0.9117
Epoch 260/350
391/391 - 25s - loss: 0.1021 - accuracy: 0.9797 - val_loss: 0.4722 - val_accuracy: 0.9117
Epoch 261/350
391/391 - 25s - loss: 0.0995 - accuracy: 0.9804 - val_loss: 0.4746 - val_accuracy: 0.9119
Epoch 262/350
391/391 - 25s - loss: 0.1019 - accuracy: 0.9795 - val_loss: 0.4720 - val_accuracy: 0.9123
Epoch 263/350
391/391 - 25s - loss: 0.1018 - accuracy: 0.9799 - val_loss: 0.4715 - val_accuracy: 0.9112
Epoch 264/350
391/391 - 25s - loss: 0.0997 - accuracy: 0.9801 - val_loss: 0.4752 - val_accuracy: 0.9122
Epoch 265/350
391/391 - 25s - loss: 0.1005 - accuracy: 0.9789 - val_loss: 0.4728 - val_accuracy: 0.9119
Epoch 266/350
391/391 - 25s - loss: 0.1002 - accuracy: 0.9805 - val_loss: 0.4726 - val_accuracy: 0.9111
Epoch 267/350
391/391 - 25s - loss: 0.0998 - accuracy: 0.9803 - val_loss: 0.4776 - val_accuracy: 0.9123
Epoch 268/350
391/391 - 25s - loss: 0.0999 - accuracy: 0.9799 - val_loss: 0.4728 - val_accuracy: 0.9106
Epoch 269/350
391/391 - 25s - loss: 0.1013 - accuracy: 0.9805 - val_loss: 0.4738 - val_accuracy: 0.9112
Epoch 270/350
391/391 - 25s - loss: 0.0978 - accuracy: 0.9815 - val_loss: 0.4731 - val_accuracy: 0.9119
Epoch 271/350
391/391 - 25s - loss: 0.0979 - accuracy: 0.9815 - val_loss: 0.4750 - val_accuracy: 0.9122
Epoch 272/350
391/391 - 25s - loss: 0.0980 - accuracy: 0.9809 - val_loss: 0.4759 - val_accuracy: 0.9115
Epoch 273/350
391/391 - 25s - loss: 0.1010 - accuracy: 0.9790 - val_loss: 0.4757 - val_accuracy: 0.9112
Epoch 274/350
391/391 - 25s - loss: 0.0996 - accuracy: 0.9802 - val_loss: 0.4743 - val_accuracy: 0.9118
Epoch 275/350
391/391 - 25s - loss: 0.0997 - accuracy: 0.9803 - val_loss: 0.4774 - val_accuracy: 0.9104
Epoch 276/350
391/391 - 25s - loss: 0.0996 - accuracy: 0.9806 - val_loss: 0.4758 - val_accuracy: 0.9123
Epoch 277/350
391/391 - 25s - loss: 0.0986 - accuracy: 0.9810 - val_loss: 0.4762 - val_accuracy: 0.9114
Epoch 278/350
391/391 - 25s - loss: 0.0990 - accuracy: 0.9810 - val_loss: 0.4756 - val_accuracy: 0.9113
Epoch 279/350
391/391 - 25s - loss: 0.0987 - accuracy: 0.9807 - val_loss: 0.4794 - val_accuracy: 0.9111
Epoch 280/350
391/391 - 25s - loss: 0.0984 - accuracy: 0.9809 - val_loss: 0.4788 - val_accuracy: 0.9109
Epoch 281/350
391/391 - 25s - loss: 0.1009 - accuracy: 0.9798 - val_loss: 0.4791 - val_accuracy: 0.9111
Epoch 282/350
391/391 - 25s - loss: 0.0971 - accuracy: 0.9810 - val_loss: 0.4772 - val_accuracy: 0.9125
Epoch 283/350
391/391 - 25s - loss: 0.0978 - accuracy: 0.9809 - val_loss: 0.4787 - val_accuracy: 0.9113
Epoch 284/350
391/391 - 25s - loss: 0.0994 - accuracy: 0.9803 - val_loss: 0.4775 - val_accuracy: 0.9108
Epoch 285/350
391/391 - 25s - loss: 0.1001 - accuracy: 0.9803 - val_loss: 0.4773 - val_accuracy: 0.9124
Epoch 286/350
391/391 - 25s - loss: 0.0993 - accuracy: 0.9806 - val_loss: 0.4790 - val_accuracy: 0.9113
Epoch 287/350
391/391 - 25s - loss: 0.0995 - accuracy: 0.9807 - val_loss: 0.4802 - val_accuracy: 0.9115
Epoch 288/350
391/391 - 25s - loss: 0.0985 - accuracy: 0.9809 - val_loss: 0.4767 - val_accuracy: 0.9117
Epoch 289/350
391/391 - 25s - loss: 0.1011 - accuracy: 0.9794 - val_loss: 0.4775 - val_accuracy: 0.9122
Epoch 290/350
391/391 - 25s - loss: 0.0987 - accuracy: 0.9810 - val_loss: 0.4786 - val_accuracy: 0.9119
Epoch 291/350
391/391 - 25s - loss: 0.0993 - accuracy: 0.9795 - val_loss: 0.4766 - val_accuracy: 0.9112
Epoch 292/350
391/391 - 25s - loss: 0.0998 - accuracy: 0.9800 - val_loss: 0.4788 - val_accuracy: 0.9123
Epoch 293/350
391/391 - 25s - loss: 0.1003 - accuracy: 0.9801 - val_loss: 0.4798 - val_accuracy: 0.9111
Epoch 294/350
391/391 - 25s - loss: 0.1000 - accuracy: 0.9803 - val_loss: 0.4799 - val_accuracy: 0.9111
Epoch 295/350
391/391 - 25s - loss: 0.0999 - accuracy: 0.9805 - val_loss: 0.4799 - val_accuracy: 0.9116
Epoch 296/350
391/391 - 25s - loss: 0.0964 - accuracy: 0.9814 - val_loss: 0.4783 - val_accuracy: 0.9117
Epoch 297/350
391/391 - 25s - loss: 0.1005 - accuracy: 0.9798 - val_loss: 0.4769 - val_accuracy: 0.9114
Epoch 298/350
391/391 - 25s - loss: 0.0991 - accuracy: 0.9808 - val_loss: 0.4770 - val_accuracy: 0.9111
Epoch 299/350
391/391 - 25s - loss: 0.0996 - accuracy: 0.9805 - val_loss: 0.4783 - val_accuracy: 0.9118
Epoch 300/350


Snapshot weight 7 shuffle 7 at epoch 300
Layer 11
Getting activations...


391/391 - 25s - loss: 0.0971 - accuracy: 0.9817 - val_loss: 0.4810 - val_accuracy: 0.9113
Epoch 301/350
391/391 - 25s - loss: 0.0995 - accuracy: 0.9806 - val_loss: 0.4804 - val_accuracy: 0.9110
Epoch 302/350
391/391 - 25s - loss: 0.0979 - accuracy: 0.9815 - val_loss: 0.4803 - val_accuracy: 0.9113
Epoch 303/350
391/391 - 25s - loss: 0.0985 - accuracy: 0.9810 - val_loss: 0.4800 - val_accuracy: 0.9113
Epoch 304/350
391/391 - 25s - loss: 0.0989 - accuracy: 0.9811 - val_loss: 0.4796 - val_accuracy: 0.9111
Epoch 305/350
391/391 - 25s - loss: 0.1012 - accuracy: 0.9800 - val_loss: 0.4794 - val_accuracy: 0.9110
Epoch 306/350
391/391 - 25s - loss: 0.0981 - accuracy: 0.9806 - val_loss: 0.4794 - val_accuracy: 0.9110
Epoch 307/350
391/391 - 25s - loss: 0.0991 - accuracy: 0.9808 - val_loss: 0.4791 - val_accuracy: 0.9110
Epoch 308/350
391/391 - 25s - loss: 0.0990 - accuracy: 0.9807 - val_loss: 0.4792 - val_accuracy: 0.9111
Epoch 309/350
391/391 - 25s - loss: 0.1006 - accuracy: 0.9806 - val_loss: 0.4788 - val_accuracy: 0.9112
Epoch 310/350
391/391 - 25s - loss: 0.1011 - accuracy: 0.9795 - val_loss: 0.4785 - val_accuracy: 0.9111
Epoch 311/350
391/391 - 25s - loss: 0.0989 - accuracy: 0.9810 - val_loss: 0.4785 - val_accuracy: 0.9110
Epoch 312/350
391/391 - 25s - loss: 0.0990 - accuracy: 0.9810 - val_loss: 0.4785 - val_accuracy: 0.9110
Epoch 313/350
391/391 - 25s - loss: 0.1002 - accuracy: 0.9805 - val_loss: 0.4785 - val_accuracy: 0.9113
Epoch 314/350
391/391 - 25s - loss: 0.0966 - accuracy: 0.9816 - val_loss: 0.4787 - val_accuracy: 0.9110
Epoch 315/350
391/391 - 25s - loss: 0.0973 - accuracy: 0.9813 - val_loss: 0.4790 - val_accuracy: 0.9111
Epoch 316/350
391/391 - 25s - loss: 0.0993 - accuracy: 0.9809 - val_loss: 0.4788 - val_accuracy: 0.9111
Epoch 317/350
391/391 - 25s - loss: 0.1002 - accuracy: 0.9808 - val_loss: 0.4789 - val_accuracy: 0.9111
Epoch 318/350
391/391 - 25s - loss: 0.0976 - accuracy: 0.9809 - val_loss: 0.4790 - val_accuracy: 0.9114
Epoch 319/350
391/391 - 25s - loss: 0.0979 - accuracy: 0.9808 - val_loss: 0.4789 - val_accuracy: 0.9113
Epoch 320/350
391/391 - 25s - loss: 0.0965 - accuracy: 0.9815 - val_loss: 0.4790 - val_accuracy: 0.9113
Epoch 321/350
391/391 - 25s - loss: 0.1003 - accuracy: 0.9802 - val_loss: 0.4787 - val_accuracy: 0.9110
Epoch 322/350
391/391 - 25s - loss: 0.0983 - accuracy: 0.9813 - val_loss: 0.4788 - val_accuracy: 0.9110
Epoch 323/350
391/391 - 25s - loss: 0.0991 - accuracy: 0.9801 - val_loss: 0.4786 - val_accuracy: 0.9109
Epoch 324/350
391/391 - 25s - loss: 0.0984 - accuracy: 0.9808 - val_loss: 0.4785 - val_accuracy: 0.9109
Epoch 325/350
391/391 - 25s - loss: 0.0981 - accuracy: 0.9809 - val_loss: 0.4790 - val_accuracy: 0.9113
Epoch 326/350
391/391 - 25s - loss: 0.0986 - accuracy: 0.9808 - val_loss: 0.4793 - val_accuracy: 0.9114
Epoch 327/350
391/391 - 25s - loss: 0.1004 - accuracy: 0.9800 - val_loss: 0.4793 - val_accuracy: 0.9113
Epoch 328/350
391/391 - 25s - loss: 0.0980 - accuracy: 0.9812 - val_loss: 0.4794 - val_accuracy: 0.9116
Epoch 329/350
391/391 - 25s - loss: 0.1004 - accuracy: 0.9798 - val_loss: 0.4790 - val_accuracy: 0.9115
Epoch 330/350
391/391 - 25s - loss: 0.1001 - accuracy: 0.9799 - val_loss: 0.4792 - val_accuracy: 0.9117
Epoch 331/350
391/391 - 25s - loss: 0.0980 - accuracy: 0.9813 - val_loss: 0.4790 - val_accuracy: 0.9116
Epoch 332/350
391/391 - 25s - loss: 0.0997 - accuracy: 0.9806 - val_loss: 0.4788 - val_accuracy: 0.9121
Epoch 333/350
391/391 - 25s - loss: 0.0981 - accuracy: 0.9812 - val_loss: 0.4786 - val_accuracy: 0.9115
Epoch 334/350
391/391 - 25s - loss: 0.1003 - accuracy: 0.9806 - val_loss: 0.4782 - val_accuracy: 0.9113
Epoch 335/350
391/391 - 25s - loss: 0.0984 - accuracy: 0.9810 - val_loss: 0.4782 - val_accuracy: 0.9112
Epoch 336/350
391/391 - 25s - loss: 0.0991 - accuracy: 0.9800 - val_loss: 0.4782 - val_accuracy: 0.9113
Epoch 337/350
391/391 - 25s - loss: 0.0988 - accuracy: 0.9804 - val_loss: 0.4781 - val_accuracy: 0.9112
Epoch 338/350
391/391 - 25s - loss: 0.1001 - accuracy: 0.9805 - val_loss: 0.4778 - val_accuracy: 0.9113
Epoch 339/350
391/391 - 25s - loss: 0.1003 - accuracy: 0.9799 - val_loss: 0.4780 - val_accuracy: 0.9110
Epoch 340/350
391/391 - 25s - loss: 0.0989 - accuracy: 0.9808 - val_loss: 0.4779 - val_accuracy: 0.9112
Epoch 341/350
391/391 - 25s - loss: 0.1001 - accuracy: 0.9802 - val_loss: 0.4781 - val_accuracy: 0.9111
Epoch 342/350
391/391 - 25s - loss: 0.0982 - accuracy: 0.9810 - val_loss: 0.4781 - val_accuracy: 0.9111
Epoch 343/350
391/391 - 25s - loss: 0.1011 - accuracy: 0.9797 - val_loss: 0.4781 - val_accuracy: 0.9112
Epoch 344/350
391/391 - 25s - loss: 0.0993 - accuracy: 0.9808 - val_loss: 0.4786 - val_accuracy: 0.9110
Epoch 345/350
391/391 - 25s - loss: 0.0985 - accuracy: 0.9811 - val_loss: 0.4787 - val_accuracy: 0.9109
Epoch 346/350
391/391 - 25s - loss: 0.0976 - accuracy: 0.9810 - val_loss: 0.4788 - val_accuracy: 0.9110
Epoch 347/350
391/391 - 25s - loss: 0.0999 - accuracy: 0.9804 - val_loss: 0.4787 - val_accuracy: 0.9111
Epoch 348/350
391/391 - 25s - loss: 0.0967 - accuracy: 0.9815 - val_loss: 0.4790 - val_accuracy: 0.9108
Epoch 349/350
391/391 - 25s - loss: 0.0995 - accuracy: 0.9805 - val_loss: 0.4786 - val_accuracy: 0.9109
Epoch 350/350


Snapshot weight 7 shuffle 7 at epoch 350
Layer 11
Getting activations...


391/391 - 25s - loss: 0.1005 - accuracy: 0.9804 - val_loss: 0.4783 - val_accuracy: 0.9113
/usr/local/lib/python3.6/dist-packages/tensorflow/python/autograph/impl/api.py:493: UserWarning: fill_value is not supported and is always 0 for TensorFlow < 2.4.0.
  return py_builtins.overload_of(f)(*args)
WARNING:tensorflow:From /usr/local/lib/python3.6/dist-packages/tensorflow/python/training/tracking/tracking.py:111: Model.state_updates (from tensorflow.python.keras.engine.training) is deprecated and will be removed in a future version.
Instructions for updating:
This property should not be used in TensorFlow 2.0, as updates are applied automatically.
2021-07-02 17:16:18.991404: W tensorflow/python/util/util.cc:348] Sets are not currently considered sequences, but this may change in the future, so consider avoiding using them.
WARNING:tensorflow:From /usr/local/lib/python3.6/dist-packages/tensorflow/python/training/tracking/tracking.py:111: Layer.updates (from tensorflow.python.keras.engine.base_layer) is deprecated and will be removed in a future version.
Instructions for updating:
This property should not be used in TensorFlow 2.0, as updates are applied automatically.
Saving, final validation acc: 0.911300003528595
