2021-07-02 12:04:37.027515: I tensorflow/stream_executor/platform/default/dso_loader.cc:48] Successfully opened dynamic library libcudart.so.10.1
2021-07-02 12:06:02.473730: I tensorflow/stream_executor/platform/default/dso_loader.cc:48] Successfully opened dynamic library libcuda.so.1
2021-07-02 12:06:02.505984: I tensorflow/core/common_runtime/gpu/gpu_device.cc:1716] Found device 0 with properties: 
pciBusID: 0000:02:00.0 name: NVIDIA TITAN Xp computeCapability: 6.1
coreClock: 1.582GHz coreCount: 30 deviceMemorySize: 11.91GiB deviceMemoryBandwidth: 510.07GiB/s
2021-07-02 12:06:02.506065: I tensorflow/stream_executor/platform/default/dso_loader.cc:48] Successfully opened dynamic library libcudart.so.10.1
2021-07-02 12:06:02.548016: I tensorflow/stream_executor/platform/default/dso_loader.cc:48] Successfully opened dynamic library libcublas.so.10
2021-07-02 12:06:02.569620: I tensorflow/stream_executor/platform/default/dso_loader.cc:48] Successfully opened dynamic library libcufft.so.10
2021-07-02 12:06:02.578398: I tensorflow/stream_executor/platform/default/dso_loader.cc:48] Successfully opened dynamic library libcurand.so.10
2021-07-02 12:06:02.622684: I tensorflow/stream_executor/platform/default/dso_loader.cc:48] Successfully opened dynamic library libcusolver.so.10
2021-07-02 12:06:02.631076: I tensorflow/stream_executor/platform/default/dso_loader.cc:48] Successfully opened dynamic library libcusparse.so.10
2021-07-02 12:06:02.711025: I tensorflow/stream_executor/platform/default/dso_loader.cc:48] Successfully opened dynamic library libcudnn.so.7
2021-07-02 12:06:02.717215: I tensorflow/core/common_runtime/gpu/gpu_device.cc:1858] Adding visible gpu devices: 0
2021-07-02 12:06:02.720930: I tensorflow/core/platform/cpu_feature_guard.cc:142] This TensorFlow binary is optimized with oneAPI Deep Neural Network Library (oneDNN)to use the following CPU instructions in performance-critical operations:  AVX2 FMA
To enable them in other operations, rebuild TensorFlow with the appropriate compiler flags.
2021-07-02 12:06:02.736789: I tensorflow/core/platform/profile_utils/cpu_utils.cc:104] CPU Frequency: 2599870000 Hz
2021-07-02 12:06:02.736918: I tensorflow/compiler/xla/service/service.cc:168] XLA service 0x3dbe360 initialized for platform Host (this does not guarantee that XLA will be used). Devices:
2021-07-02 12:06:02.736937: I tensorflow/compiler/xla/service/service.cc:176]   StreamExecutor device (0): Host, Default Version
2021-07-02 12:06:02.862086: I tensorflow/compiler/xla/service/service.cc:168] XLA service 0x3da4ab0 initialized for platform CUDA (this does not guarantee that XLA will be used). Devices:
2021-07-02 12:06:02.862156: I tensorflow/compiler/xla/service/service.cc:176]   StreamExecutor device (0): NVIDIA TITAN Xp, Compute Capability 6.1
2021-07-02 12:06:02.866004: I tensorflow/core/common_runtime/gpu/gpu_device.cc:1716] Found device 0 with properties: 
pciBusID: 0000:02:00.0 name: NVIDIA TITAN Xp computeCapability: 6.1
coreClock: 1.582GHz coreCount: 30 deviceMemorySize: 11.91GiB deviceMemoryBandwidth: 510.07GiB/s
2021-07-02 12:06:02.866049: I tensorflow/stream_executor/platform/default/dso_loader.cc:48] Successfully opened dynamic library libcudart.so.10.1
2021-07-02 12:06:02.866080: I tensorflow/stream_executor/platform/default/dso_loader.cc:48] Successfully opened dynamic library libcublas.so.10
2021-07-02 12:06:02.866113: I tensorflow/stream_executor/platform/default/dso_loader.cc:48] Successfully opened dynamic library libcufft.so.10
2021-07-02 12:06:02.866132: I tensorflow/stream_executor/platform/default/dso_loader.cc:48] Successfully opened dynamic library libcurand.so.10
2021-07-02 12:06:02.866149: I tensorflow/stream_executor/platform/default/dso_loader.cc:48] Successfully opened dynamic library libcusolver.so.10
2021-07-02 12:06:02.866166: I tensorflow/stream_executor/platform/default/dso_loader.cc:48] Successfully opened dynamic library libcusparse.so.10
2021-07-02 12:06:02.866184: I tensorflow/stream_executor/platform/default/dso_loader.cc:48] Successfully opened dynamic library libcudnn.so.7
2021-07-02 12:06:02.871245: I tensorflow/core/common_runtime/gpu/gpu_device.cc:1858] Adding visible gpu devices: 0
2021-07-02 12:06:02.873010: I tensorflow/stream_executor/platform/default/dso_loader.cc:48] Successfully opened dynamic library libcudart.so.10.1
2021-07-02 12:06:04.698648: I tensorflow/core/common_runtime/gpu/gpu_device.cc:1257] Device interconnect StreamExecutor with strength 1 edge matrix:
2021-07-02 12:06:04.698729: I tensorflow/core/common_runtime/gpu/gpu_device.cc:1263]      0 
2021-07-02 12:06:04.698742: I tensorflow/core/common_runtime/gpu/gpu_device.cc:1276] 0:   N 
2021-07-02 12:06:04.704596: I tensorflow/core/common_runtime/gpu/gpu_device.cc:1402] Created TensorFlow device (/job:localhost/replica:0/task:0/device:GPU:0 with 11218 MB memory) -> physical GPU (device: 0, name: NVIDIA TITAN Xp, pci bus id: 0000:02:00.0, compute capability: 6.1)
2021-07-02 12:06:10.473992: I tensorflow/stream_executor/platform/default/dso_loader.cc:48] Successfully opened dynamic library libcudnn.so.7
2021-07-02 12:06:13.020689: I tensorflow/stream_executor/platform/default/dso_loader.cc:48] Successfully opened dynamic library libcublas.so.10
Using model index: 68
Making train data...
GCN...
ZCA...
Done!
Making test data...
Done!
Epoch 1/350


Snapshot weight 8 shuffle 6 at epoch 1
Layer 11
Getting activations...


391/391 - 24s - loss: 2.3146 - accuracy: 0.1233 - val_loss: 2.2823 - val_accuracy: 0.1841
Epoch 2/350


Snapshot weight 8 shuffle 6 at epoch 2
Layer 11
Getting activations...


391/391 - 23s - loss: 2.1237 - accuracy: 0.2388 - val_loss: 1.9493 - val_accuracy: 0.3209
Epoch 3/350


Snapshot weight 8 shuffle 6 at epoch 3
Layer 11
Getting activations...


391/391 - 24s - loss: 1.9089 - accuracy: 0.3226 - val_loss: 1.6258 - val_accuracy: 0.4055
Epoch 4/350


Snapshot weight 8 shuffle 6 at epoch 4
Layer 11
Getting activations...


391/391 - 24s - loss: 1.5788 - accuracy: 0.4298 - val_loss: 1.3772 - val_accuracy: 0.5170
Epoch 5/350


Snapshot weight 8 shuffle 6 at epoch 5
Layer 11
Getting activations...


391/391 - 24s - loss: 1.4282 - accuracy: 0.4919 - val_loss: 1.2662 - val_accuracy: 0.5536
Epoch 6/350


Snapshot weight 8 shuffle 6 at epoch 6
Layer 11
Getting activations...


391/391 - 24s - loss: 1.3291 - accuracy: 0.5283 - val_loss: 1.2162 - val_accuracy: 0.5598
Epoch 7/350


Snapshot weight 8 shuffle 6 at epoch 7
Layer 11
Getting activations...


391/391 - 24s - loss: 1.2453 - accuracy: 0.5628 - val_loss: 1.1703 - val_accuracy: 0.5938
Epoch 8/350


Snapshot weight 8 shuffle 6 at epoch 8
Layer 11
Getting activations...


391/391 - 24s - loss: 1.1750 - accuracy: 0.5907 - val_loss: 1.0656 - val_accuracy: 0.6303
Epoch 9/350


Snapshot weight 8 shuffle 6 at epoch 9
Layer 11
Getting activations...


391/391 - 24s - loss: 1.1026 - accuracy: 0.6171 - val_loss: 1.0418 - val_accuracy: 0.6431
Epoch 10/350


Snapshot weight 8 shuffle 6 at epoch 10
Layer 11
Getting activations...


391/391 - 23s - loss: 1.0622 - accuracy: 0.6287 - val_loss: 1.0314 - val_accuracy: 0.6546
Epoch 11/350
391/391 - 24s - loss: 1.0215 - accuracy: 0.6460 - val_loss: 0.9386 - val_accuracy: 0.6803
Epoch 12/350
391/391 - 23s - loss: 0.9697 - accuracy: 0.6652 - val_loss: 0.8971 - val_accuracy: 0.6895
Epoch 13/350
391/391 - 24s - loss: 0.9458 - accuracy: 0.6757 - val_loss: 0.9738 - val_accuracy: 0.6765
Epoch 14/350
391/391 - 24s - loss: 0.9015 - accuracy: 0.6881 - val_loss: 0.9038 - val_accuracy: 0.6995
Epoch 15/350
391/391 - 23s - loss: 0.8774 - accuracy: 0.6993 - val_loss: 0.7716 - val_accuracy: 0.7401
Epoch 16/350
391/391 - 24s - loss: 0.8349 - accuracy: 0.7152 - val_loss: 0.8011 - val_accuracy: 0.7291
Epoch 17/350
391/391 - 24s - loss: 0.8083 - accuracy: 0.7250 - val_loss: 0.7361 - val_accuracy: 0.7497
Epoch 18/350
391/391 - 23s - loss: 0.7919 - accuracy: 0.7318 - val_loss: 0.7163 - val_accuracy: 0.7637
Epoch 19/350
391/391 - 24s - loss: 0.7558 - accuracy: 0.7463 - val_loss: 0.7288 - val_accuracy: 0.7616
Epoch 20/350
391/391 - 24s - loss: 0.7377 - accuracy: 0.7512 - val_loss: 0.7067 - val_accuracy: 0.7640
Epoch 21/350
391/391 - 24s - loss: 0.7081 - accuracy: 0.7634 - val_loss: 0.6996 - val_accuracy: 0.7694
Epoch 22/350
391/391 - 23s - loss: 0.6913 - accuracy: 0.7678 - val_loss: 0.7123 - val_accuracy: 0.7645
Epoch 23/350
391/391 - 24s - loss: 0.6725 - accuracy: 0.7737 - val_loss: 0.7062 - val_accuracy: 0.7720
Epoch 24/350
391/391 - 24s - loss: 0.6608 - accuracy: 0.7773 - val_loss: 0.7062 - val_accuracy: 0.7742
Epoch 25/350
391/391 - 24s - loss: 0.6449 - accuracy: 0.7857 - val_loss: 0.6424 - val_accuracy: 0.7962
Epoch 26/350
391/391 - 23s - loss: 0.6332 - accuracy: 0.7909 - val_loss: 0.6454 - val_accuracy: 0.7893
Epoch 27/350
391/391 - 24s - loss: 0.6105 - accuracy: 0.7976 - val_loss: 0.5770 - val_accuracy: 0.8115
Epoch 28/350
391/391 - 23s - loss: 0.5983 - accuracy: 0.8032 - val_loss: 0.5569 - val_accuracy: 0.8215
Epoch 29/350
391/391 - 24s - loss: 0.5941 - accuracy: 0.8037 - val_loss: 0.5996 - val_accuracy: 0.8084
Epoch 30/350
391/391 - 24s - loss: 0.5727 - accuracy: 0.8115 - val_loss: 0.5923 - val_accuracy: 0.8100
Epoch 31/350
391/391 - 23s - loss: 0.5698 - accuracy: 0.8116 - val_loss: 0.5524 - val_accuracy: 0.8263
Epoch 32/350
391/391 - 24s - loss: 0.5515 - accuracy: 0.8185 - val_loss: 0.5987 - val_accuracy: 0.8147
Epoch 33/350
391/391 - 23s - loss: 0.5441 - accuracy: 0.8221 - val_loss: 0.6218 - val_accuracy: 0.8152
Epoch 34/350
391/391 - 24s - loss: 0.5390 - accuracy: 0.8237 - val_loss: 0.5276 - val_accuracy: 0.8341
Epoch 35/350
391/391 - 24s - loss: 0.5169 - accuracy: 0.8309 - val_loss: 0.5257 - val_accuracy: 0.8333
Epoch 36/350
391/391 - 23s - loss: 0.5177 - accuracy: 0.8289 - val_loss: 0.5426 - val_accuracy: 0.8299
Epoch 37/350
391/391 - 24s - loss: 0.5055 - accuracy: 0.8334 - val_loss: 0.4892 - val_accuracy: 0.8406
Epoch 38/350
391/391 - 23s - loss: 0.5018 - accuracy: 0.8354 - val_loss: 0.5365 - val_accuracy: 0.8351
Epoch 39/350
391/391 - 24s - loss: 0.4896 - accuracy: 0.8417 - val_loss: 0.4971 - val_accuracy: 0.8452
Epoch 40/350
391/391 - 24s - loss: 0.4801 - accuracy: 0.8441 - val_loss: 0.5886 - val_accuracy: 0.8195
Epoch 41/350
391/391 - 24s - loss: 0.4813 - accuracy: 0.8442 - val_loss: 0.4871 - val_accuracy: 0.8492
Epoch 42/350
391/391 - 23s - loss: 0.4634 - accuracy: 0.8500 - val_loss: 0.5130 - val_accuracy: 0.8416
Epoch 43/350
391/391 - 24s - loss: 0.4598 - accuracy: 0.8498 - val_loss: 0.5322 - val_accuracy: 0.8344
Epoch 44/350
391/391 - 24s - loss: 0.4565 - accuracy: 0.8508 - val_loss: 0.5130 - val_accuracy: 0.8422
Epoch 45/350
391/391 - 23s - loss: 0.4466 - accuracy: 0.8560 - val_loss: 0.5216 - val_accuracy: 0.8429
Epoch 46/350
391/391 - 24s - loss: 0.4418 - accuracy: 0.8581 - val_loss: 0.5060 - val_accuracy: 0.8449
Epoch 47/350
391/391 - 24s - loss: 0.4407 - accuracy: 0.8577 - val_loss: 0.5116 - val_accuracy: 0.8435
Epoch 48/350
391/391 - 23s - loss: 0.4343 - accuracy: 0.8599 - val_loss: 0.4717 - val_accuracy: 0.8550
Epoch 49/350
391/391 - 24s - loss: 0.4309 - accuracy: 0.8610 - val_loss: 0.4884 - val_accuracy: 0.8511
Epoch 50/350


Snapshot weight 8 shuffle 6 at epoch 50
Layer 11
Getting activations...


391/391 - 23s - loss: 0.4186 - accuracy: 0.8661 - val_loss: 0.5321 - val_accuracy: 0.8420
Epoch 51/350
391/391 - 24s - loss: 0.4167 - accuracy: 0.8644 - val_loss: 0.4705 - val_accuracy: 0.8534
Epoch 52/350
391/391 - 24s - loss: 0.4135 - accuracy: 0.8675 - val_loss: 0.4647 - val_accuracy: 0.8593
Epoch 53/350
391/391 - 23s - loss: 0.4013 - accuracy: 0.8705 - val_loss: 0.4692 - val_accuracy: 0.8587
Epoch 54/350
391/391 - 23s - loss: 0.4078 - accuracy: 0.8693 - val_loss: 0.4653 - val_accuracy: 0.8619
Epoch 55/350
391/391 - 24s - loss: 0.3939 - accuracy: 0.8737 - val_loss: 0.4666 - val_accuracy: 0.8582
Epoch 56/350
391/391 - 24s - loss: 0.3946 - accuracy: 0.8728 - val_loss: 0.4408 - val_accuracy: 0.8625
Epoch 57/350
391/391 - 24s - loss: 0.3876 - accuracy: 0.8760 - val_loss: 0.4710 - val_accuracy: 0.8649
Epoch 58/350
391/391 - 23s - loss: 0.3852 - accuracy: 0.8785 - val_loss: 0.4794 - val_accuracy: 0.8595
Epoch 59/350
391/391 - 24s - loss: 0.3813 - accuracy: 0.8786 - val_loss: 0.4467 - val_accuracy: 0.8682
Epoch 60/350
391/391 - 24s - loss: 0.3729 - accuracy: 0.8786 - val_loss: 0.4401 - val_accuracy: 0.8693
Epoch 61/350
391/391 - 23s - loss: 0.3684 - accuracy: 0.8824 - val_loss: 0.4331 - val_accuracy: 0.8743
Epoch 62/350
391/391 - 24s - loss: 0.3715 - accuracy: 0.8801 - val_loss: 0.4945 - val_accuracy: 0.8551
Epoch 63/350
391/391 - 24s - loss: 0.3628 - accuracy: 0.8851 - val_loss: 0.4560 - val_accuracy: 0.8630
Epoch 64/350
391/391 - 24s - loss: 0.3565 - accuracy: 0.8870 - val_loss: 0.4412 - val_accuracy: 0.8740
Epoch 65/350
391/391 - 24s - loss: 0.3544 - accuracy: 0.8872 - val_loss: 0.4380 - val_accuracy: 0.8689
Epoch 66/350
391/391 - 23s - loss: 0.3582 - accuracy: 0.8874 - val_loss: 0.4829 - val_accuracy: 0.8636
Epoch 67/350
391/391 - 24s - loss: 0.3469 - accuracy: 0.8900 - val_loss: 0.4319 - val_accuracy: 0.8770
Epoch 68/350
391/391 - 24s - loss: 0.3479 - accuracy: 0.8901 - val_loss: 0.4323 - val_accuracy: 0.8722
Epoch 69/350
391/391 - 23s - loss: 0.3401 - accuracy: 0.8920 - val_loss: 0.4548 - val_accuracy: 0.8717
Epoch 70/350
391/391 - 24s - loss: 0.3356 - accuracy: 0.8941 - val_loss: 0.4337 - val_accuracy: 0.8754
Epoch 71/350
391/391 - 23s - loss: 0.3336 - accuracy: 0.8943 - val_loss: 0.4310 - val_accuracy: 0.8745
Epoch 72/350
391/391 - 24s - loss: 0.3339 - accuracy: 0.8942 - val_loss: 0.4217 - val_accuracy: 0.8789
Epoch 73/350
391/391 - 23s - loss: 0.3317 - accuracy: 0.8955 - val_loss: 0.4400 - val_accuracy: 0.8760
Epoch 74/350
391/391 - 23s - loss: 0.3281 - accuracy: 0.8960 - val_loss: 0.4328 - val_accuracy: 0.8767
Epoch 75/350
391/391 - 24s - loss: 0.3242 - accuracy: 0.8985 - val_loss: 0.4655 - val_accuracy: 0.8702
Epoch 76/350
391/391 - 24s - loss: 0.3216 - accuracy: 0.8984 - val_loss: 0.4376 - val_accuracy: 0.8774
Epoch 77/350
391/391 - 24s - loss: 0.3165 - accuracy: 0.9002 - val_loss: 0.4526 - val_accuracy: 0.8756
Epoch 78/350
391/391 - 24s - loss: 0.3161 - accuracy: 0.9002 - val_loss: 0.4199 - val_accuracy: 0.8824
Epoch 79/350
391/391 - 24s - loss: 0.3158 - accuracy: 0.9011 - val_loss: 0.4307 - val_accuracy: 0.8795
Epoch 80/350
391/391 - 24s - loss: 0.3042 - accuracy: 0.9062 - val_loss: 0.4261 - val_accuracy: 0.8839
Epoch 81/350
391/391 - 23s - loss: 0.3053 - accuracy: 0.9041 - val_loss: 0.4362 - val_accuracy: 0.8806
Epoch 82/350
391/391 - 24s - loss: 0.3071 - accuracy: 0.9040 - val_loss: 0.4590 - val_accuracy: 0.8747
Epoch 83/350
391/391 - 23s - loss: 0.3034 - accuracy: 0.9057 - val_loss: 0.4497 - val_accuracy: 0.8752
Epoch 84/350
391/391 - 24s - loss: 0.2988 - accuracy: 0.9077 - val_loss: 0.4117 - val_accuracy: 0.8850
Epoch 85/350
391/391 - 24s - loss: 0.2984 - accuracy: 0.9075 - val_loss: 0.4263 - val_accuracy: 0.8806
Epoch 86/350
391/391 - 23s - loss: 0.2946 - accuracy: 0.9079 - val_loss: 0.4965 - val_accuracy: 0.8711
Epoch 87/350
391/391 - 24s - loss: 0.2968 - accuracy: 0.9083 - val_loss: 0.4430 - val_accuracy: 0.8762
Epoch 88/350
391/391 - 24s - loss: 0.2910 - accuracy: 0.9108 - val_loss: 0.4024 - val_accuracy: 0.8864
Epoch 89/350
391/391 - 23s - loss: 0.2890 - accuracy: 0.9094 - val_loss: 0.4195 - val_accuracy: 0.8825
Epoch 90/350
391/391 - 24s - loss: 0.2858 - accuracy: 0.9123 - val_loss: 0.4275 - val_accuracy: 0.8796
Epoch 91/350
391/391 - 24s - loss: 0.2875 - accuracy: 0.9107 - val_loss: 0.4331 - val_accuracy: 0.8823
Epoch 92/350
391/391 - 23s - loss: 0.2805 - accuracy: 0.9137 - val_loss: 0.4241 - val_accuracy: 0.8806
Epoch 93/350
391/391 - 24s - loss: 0.2839 - accuracy: 0.9137 - val_loss: 0.4513 - val_accuracy: 0.8807
Epoch 94/350
391/391 - 23s - loss: 0.2760 - accuracy: 0.9154 - val_loss: 0.4207 - val_accuracy: 0.8826
Epoch 95/350
391/391 - 24s - loss: 0.2748 - accuracy: 0.9159 - val_loss: 0.4657 - val_accuracy: 0.8776
Epoch 96/350
391/391 - 24s - loss: 0.2744 - accuracy: 0.9153 - val_loss: 0.4385 - val_accuracy: 0.8809
Epoch 97/350
391/391 - 24s - loss: 0.2738 - accuracy: 0.9154 - val_loss: 0.4369 - val_accuracy: 0.8804
Epoch 98/350
391/391 - 24s - loss: 0.2729 - accuracy: 0.9161 - val_loss: 0.4237 - val_accuracy: 0.8836
Epoch 99/350
391/391 - 23s - loss: 0.2672 - accuracy: 0.9187 - val_loss: 0.4471 - val_accuracy: 0.8827
Epoch 100/350


Snapshot weight 8 shuffle 6 at epoch 100
Layer 11
Getting activations...


391/391 - 24s - loss: 0.2655 - accuracy: 0.9197 - val_loss: 0.4277 - val_accuracy: 0.8847
Epoch 101/350
391/391 - 24s - loss: 0.2622 - accuracy: 0.9211 - val_loss: 0.4554 - val_accuracy: 0.8862
Epoch 102/350
391/391 - 24s - loss: 0.2659 - accuracy: 0.9193 - val_loss: 0.4789 - val_accuracy: 0.8724
Epoch 103/350
391/391 - 24s - loss: 0.2615 - accuracy: 0.9211 - val_loss: 0.4463 - val_accuracy: 0.8842
Epoch 104/350
391/391 - 24s - loss: 0.2624 - accuracy: 0.9205 - val_loss: 0.4252 - val_accuracy: 0.8878
Epoch 105/350
391/391 - 24s - loss: 0.2607 - accuracy: 0.9203 - val_loss: 0.4037 - val_accuracy: 0.8907
Epoch 106/350
391/391 - 23s - loss: 0.2544 - accuracy: 0.9232 - val_loss: 0.4784 - val_accuracy: 0.8781
Epoch 107/350
391/391 - 23s - loss: 0.2537 - accuracy: 0.9236 - val_loss: 0.4672 - val_accuracy: 0.8819
Epoch 108/350
391/391 - 24s - loss: 0.2501 - accuracy: 0.9256 - val_loss: 0.4180 - val_accuracy: 0.8895
Epoch 109/350
391/391 - 24s - loss: 0.2515 - accuracy: 0.9253 - val_loss: 0.4292 - val_accuracy: 0.8841
Epoch 110/350
391/391 - 24s - loss: 0.2508 - accuracy: 0.9240 - val_loss: 0.4048 - val_accuracy: 0.8906
Epoch 111/350
391/391 - 24s - loss: 0.2424 - accuracy: 0.9272 - val_loss: 0.4262 - val_accuracy: 0.8899
Epoch 112/350
391/391 - 24s - loss: 0.2476 - accuracy: 0.9267 - val_loss: 0.4396 - val_accuracy: 0.8881
Epoch 113/350
391/391 - 24s - loss: 0.2447 - accuracy: 0.9267 - val_loss: 0.4182 - val_accuracy: 0.8909
Epoch 114/350
391/391 - 24s - loss: 0.2422 - accuracy: 0.9273 - val_loss: 0.4256 - val_accuracy: 0.8906
Epoch 115/350
391/391 - 23s - loss: 0.2348 - accuracy: 0.9293 - val_loss: 0.4124 - val_accuracy: 0.8915
Epoch 116/350
391/391 - 24s - loss: 0.2420 - accuracy: 0.9278 - val_loss: 0.4621 - val_accuracy: 0.8821
Epoch 117/350
391/391 - 24s - loss: 0.2333 - accuracy: 0.9318 - val_loss: 0.4305 - val_accuracy: 0.8889
Epoch 118/350
391/391 - 24s - loss: 0.2393 - accuracy: 0.9298 - val_loss: 0.4432 - val_accuracy: 0.8838
Epoch 119/350
391/391 - 23s - loss: 0.2294 - accuracy: 0.9326 - val_loss: 0.4383 - val_accuracy: 0.8911
Epoch 120/350
391/391 - 24s - loss: 0.2345 - accuracy: 0.9318 - val_loss: 0.4560 - val_accuracy: 0.8876
Epoch 121/350
391/391 - 24s - loss: 0.2296 - accuracy: 0.9325 - val_loss: 0.4491 - val_accuracy: 0.8862
Epoch 122/350
391/391 - 24s - loss: 0.2316 - accuracy: 0.9310 - val_loss: 0.4341 - val_accuracy: 0.8900
Epoch 123/350
391/391 - 24s - loss: 0.2287 - accuracy: 0.9318 - val_loss: 0.4411 - val_accuracy: 0.8909
Epoch 124/350
391/391 - 23s - loss: 0.2292 - accuracy: 0.9336 - val_loss: 0.4422 - val_accuracy: 0.8875
Epoch 125/350
391/391 - 24s - loss: 0.2304 - accuracy: 0.9319 - val_loss: 0.4889 - val_accuracy: 0.8899
Epoch 126/350
391/391 - 24s - loss: 0.2298 - accuracy: 0.9325 - val_loss: 0.4137 - val_accuracy: 0.8911
Epoch 127/350
391/391 - 24s - loss: 0.2267 - accuracy: 0.9343 - val_loss: 0.4617 - val_accuracy: 0.8843
Epoch 128/350
391/391 - 24s - loss: 0.2254 - accuracy: 0.9341 - val_loss: 0.4439 - val_accuracy: 0.8862
Epoch 129/350
391/391 - 23s - loss: 0.2224 - accuracy: 0.9349 - val_loss: 0.4408 - val_accuracy: 0.8901
Epoch 130/350
391/391 - 24s - loss: 0.2211 - accuracy: 0.9356 - val_loss: 0.4557 - val_accuracy: 0.8852
Epoch 131/350
391/391 - 23s - loss: 0.2216 - accuracy: 0.9363 - val_loss: 0.4393 - val_accuracy: 0.8873
Epoch 132/350
391/391 - 23s - loss: 0.2229 - accuracy: 0.9355 - val_loss: 0.4335 - val_accuracy: 0.8926
Epoch 133/350
391/391 - 24s - loss: 0.2173 - accuracy: 0.9371 - val_loss: 0.4601 - val_accuracy: 0.8907
Epoch 134/350
391/391 - 24s - loss: 0.2186 - accuracy: 0.9357 - val_loss: 0.4453 - val_accuracy: 0.8879
Epoch 135/350
391/391 - 24s - loss: 0.2185 - accuracy: 0.9370 - val_loss: 0.4456 - val_accuracy: 0.8931
Epoch 136/350
391/391 - 23s - loss: 0.2196 - accuracy: 0.9363 - val_loss: 0.4489 - val_accuracy: 0.8894
Epoch 137/350
391/391 - 24s - loss: 0.2133 - accuracy: 0.9389 - val_loss: 0.4226 - val_accuracy: 0.8948
Epoch 138/350
391/391 - 24s - loss: 0.2138 - accuracy: 0.9376 - val_loss: 0.4175 - val_accuracy: 0.8978
Epoch 139/350
391/391 - 24s - loss: 0.2148 - accuracy: 0.9373 - val_loss: 0.4337 - val_accuracy: 0.8925
Epoch 140/350
391/391 - 24s - loss: 0.2153 - accuracy: 0.9380 - val_loss: 0.4156 - val_accuracy: 0.8990
Epoch 141/350
391/391 - 24s - loss: 0.2087 - accuracy: 0.9402 - val_loss: 0.4255 - val_accuracy: 0.8946
Epoch 142/350
391/391 - 24s - loss: 0.2040 - accuracy: 0.9412 - val_loss: 0.4510 - val_accuracy: 0.8944
Epoch 143/350
391/391 - 23s - loss: 0.2085 - accuracy: 0.9414 - val_loss: 0.4407 - val_accuracy: 0.8942
Epoch 144/350
391/391 - 23s - loss: 0.2082 - accuracy: 0.9398 - val_loss: 0.4431 - val_accuracy: 0.8927
Epoch 145/350
391/391 - 24s - loss: 0.2056 - accuracy: 0.9423 - val_loss: 0.4424 - val_accuracy: 0.8945
Epoch 146/350
391/391 - 24s - loss: 0.2028 - accuracy: 0.9438 - val_loss: 0.4729 - val_accuracy: 0.8901
Epoch 147/350
391/391 - 24s - loss: 0.2027 - accuracy: 0.9414 - val_loss: 0.4791 - val_accuracy: 0.8886
Epoch 148/350
391/391 - 24s - loss: 0.2037 - accuracy: 0.9426 - val_loss: 0.4265 - val_accuracy: 0.8907
Epoch 149/350
391/391 - 23s - loss: 0.2040 - accuracy: 0.9423 - val_loss: 0.4526 - val_accuracy: 0.8923
Epoch 150/350


Snapshot weight 8 shuffle 6 at epoch 150
Layer 11
Getting activations...


391/391 - 24s - loss: 0.2042 - accuracy: 0.9424 - val_loss: 0.4304 - val_accuracy: 0.8921
Epoch 151/350
391/391 - 24s - loss: 0.2018 - accuracy: 0.9446 - val_loss: 0.4329 - val_accuracy: 0.8936
Epoch 152/350
391/391 - 24s - loss: 0.2022 - accuracy: 0.9424 - val_loss: 0.4573 - val_accuracy: 0.8941
Epoch 153/350
391/391 - 23s - loss: 0.1978 - accuracy: 0.9447 - val_loss: 0.4419 - val_accuracy: 0.8885
Epoch 154/350
391/391 - 24s - loss: 0.1949 - accuracy: 0.9471 - val_loss: 0.4489 - val_accuracy: 0.8918
Epoch 155/350
391/391 - 24s - loss: 0.1930 - accuracy: 0.9464 - val_loss: 0.4279 - val_accuracy: 0.8955
Epoch 156/350
391/391 - 24s - loss: 0.1988 - accuracy: 0.9439 - val_loss: 0.4450 - val_accuracy: 0.8951
Epoch 157/350
391/391 - 23s - loss: 0.1913 - accuracy: 0.9468 - val_loss: 0.4616 - val_accuracy: 0.8922
Epoch 158/350
391/391 - 24s - loss: 0.1925 - accuracy: 0.9477 - val_loss: 0.4410 - val_accuracy: 0.8986
Epoch 159/350
391/391 - 24s - loss: 0.1901 - accuracy: 0.9464 - val_loss: 0.4726 - val_accuracy: 0.8907
Epoch 160/350
391/391 - 24s - loss: 0.1907 - accuracy: 0.9485 - val_loss: 0.4511 - val_accuracy: 0.8972
Epoch 161/350
391/391 - 24s - loss: 0.1931 - accuracy: 0.9473 - val_loss: 0.4438 - val_accuracy: 0.8975
Epoch 162/350
391/391 - 24s - loss: 0.1895 - accuracy: 0.9477 - val_loss: 0.4728 - val_accuracy: 0.8934
Epoch 163/350
391/391 - 24s - loss: 0.1928 - accuracy: 0.9476 - val_loss: 0.4486 - val_accuracy: 0.8931
Epoch 164/350
391/391 - 24s - loss: 0.1870 - accuracy: 0.9483 - val_loss: 0.4432 - val_accuracy: 0.8964
Epoch 165/350
391/391 - 24s - loss: 0.1891 - accuracy: 0.9480 - val_loss: 0.5084 - val_accuracy: 0.8829
Epoch 166/350
391/391 - 24s - loss: 0.1894 - accuracy: 0.9487 - val_loss: 0.4726 - val_accuracy: 0.8912
Epoch 167/350
391/391 - 24s - loss: 0.1815 - accuracy: 0.9515 - val_loss: 0.4501 - val_accuracy: 0.8969
Epoch 168/350
391/391 - 23s - loss: 0.1872 - accuracy: 0.9490 - val_loss: 0.4836 - val_accuracy: 0.8920
Epoch 169/350
391/391 - 24s - loss: 0.1852 - accuracy: 0.9502 - val_loss: 0.4246 - val_accuracy: 0.8975
Epoch 170/350
391/391 - 24s - loss: 0.1836 - accuracy: 0.9497 - val_loss: 0.5015 - val_accuracy: 0.8915
Epoch 171/350
391/391 - 24s - loss: 0.1811 - accuracy: 0.9509 - val_loss: 0.4484 - val_accuracy: 0.8986
Epoch 172/350
391/391 - 23s - loss: 0.1803 - accuracy: 0.9513 - val_loss: 0.4411 - val_accuracy: 0.8994
Epoch 173/350
391/391 - 24s - loss: 0.1799 - accuracy: 0.9514 - val_loss: 0.4326 - val_accuracy: 0.9006
Epoch 174/350
391/391 - 24s - loss: 0.1815 - accuracy: 0.9504 - val_loss: 0.4388 - val_accuracy: 0.8946
Epoch 175/350
391/391 - 24s - loss: 0.1765 - accuracy: 0.9524 - val_loss: 0.4815 - val_accuracy: 0.8935
Epoch 176/350
391/391 - 24s - loss: 0.1763 - accuracy: 0.9523 - val_loss: 0.4606 - val_accuracy: 0.8931
Epoch 177/350
391/391 - 24s - loss: 0.1850 - accuracy: 0.9504 - val_loss: 0.4616 - val_accuracy: 0.8907
Epoch 178/350
391/391 - 24s - loss: 0.1801 - accuracy: 0.9526 - val_loss: 0.4851 - val_accuracy: 0.8931
Epoch 179/350
391/391 - 24s - loss: 0.1830 - accuracy: 0.9497 - val_loss: 0.4612 - val_accuracy: 0.8969
Epoch 180/350
391/391 - 23s - loss: 0.1783 - accuracy: 0.9531 - val_loss: 0.4502 - val_accuracy: 0.8953
Epoch 181/350
391/391 - 24s - loss: 0.1793 - accuracy: 0.9527 - val_loss: 0.4805 - val_accuracy: 0.8970
Epoch 182/350
391/391 - 24s - loss: 0.1787 - accuracy: 0.9533 - val_loss: 0.4841 - val_accuracy: 0.8884
Epoch 183/350
391/391 - 24s - loss: 0.1792 - accuracy: 0.9518 - val_loss: 0.4409 - val_accuracy: 0.8956
Epoch 184/350
391/391 - 24s - loss: 0.1689 - accuracy: 0.9558 - val_loss: 0.4729 - val_accuracy: 0.8936
Epoch 185/350
391/391 - 24s - loss: 0.1733 - accuracy: 0.9543 - val_loss: 0.4720 - val_accuracy: 0.8939
Epoch 186/350
391/391 - 24s - loss: 0.1720 - accuracy: 0.9553 - val_loss: 0.4879 - val_accuracy: 0.8913
Epoch 187/350
391/391 - 24s - loss: 0.1792 - accuracy: 0.9525 - val_loss: 0.4482 - val_accuracy: 0.8984
Epoch 188/350
391/391 - 24s - loss: 0.1693 - accuracy: 0.9564 - val_loss: 0.4705 - val_accuracy: 0.8938
Epoch 189/350
391/391 - 24s - loss: 0.1747 - accuracy: 0.9543 - val_loss: 0.4543 - val_accuracy: 0.8948
Epoch 190/350
391/391 - 24s - loss: 0.1718 - accuracy: 0.9556 - val_loss: 0.5034 - val_accuracy: 0.8954
Epoch 191/350
391/391 - 24s - loss: 0.1698 - accuracy: 0.9562 - val_loss: 0.4601 - val_accuracy: 0.8938
Epoch 192/350
391/391 - 23s - loss: 0.1727 - accuracy: 0.9552 - val_loss: 0.4986 - val_accuracy: 0.8907
Epoch 193/350
391/391 - 23s - loss: 0.1738 - accuracy: 0.9551 - val_loss: 0.4687 - val_accuracy: 0.8958
Epoch 194/350
391/391 - 24s - loss: 0.1678 - accuracy: 0.9568 - val_loss: 0.4720 - val_accuracy: 0.8941
Epoch 195/350
391/391 - 24s - loss: 0.1720 - accuracy: 0.9559 - val_loss: 0.4890 - val_accuracy: 0.8928
Epoch 196/350
391/391 - 24s - loss: 0.1681 - accuracy: 0.9565 - val_loss: 0.4736 - val_accuracy: 0.8972
Epoch 197/350
391/391 - 24s - loss: 0.1669 - accuracy: 0.9574 - val_loss: 0.4809 - val_accuracy: 0.8931
Epoch 198/350
391/391 - 24s - loss: 0.1695 - accuracy: 0.9555 - val_loss: 0.4449 - val_accuracy: 0.8991
Epoch 199/350
391/391 - 24s - loss: 0.1664 - accuracy: 0.9579 - val_loss: 0.4443 - val_accuracy: 0.8995
Epoch 200/350


Snapshot weight 8 shuffle 6 at epoch 200
Layer 11
Getting activations...


391/391 - 24s - loss: 0.1649 - accuracy: 0.9575 - val_loss: 0.4600 - val_accuracy: 0.8963
Epoch 201/350
391/391 - 24s - loss: 0.1404 - accuracy: 0.9667 - val_loss: 0.4535 - val_accuracy: 0.9027
Epoch 202/350
391/391 - 24s - loss: 0.1263 - accuracy: 0.9723 - val_loss: 0.4542 - val_accuracy: 0.9045
Epoch 203/350
391/391 - 24s - loss: 0.1262 - accuracy: 0.9719 - val_loss: 0.4563 - val_accuracy: 0.9052
Epoch 204/350
391/391 - 24s - loss: 0.1226 - accuracy: 0.9724 - val_loss: 0.4630 - val_accuracy: 0.9046
Epoch 205/350
391/391 - 23s - loss: 0.1220 - accuracy: 0.9727 - val_loss: 0.4765 - val_accuracy: 0.9040
Epoch 206/350
391/391 - 24s - loss: 0.1189 - accuracy: 0.9741 - val_loss: 0.4789 - val_accuracy: 0.9055
Epoch 207/350
391/391 - 24s - loss: 0.1215 - accuracy: 0.9738 - val_loss: 0.4766 - val_accuracy: 0.9055
Epoch 208/350
391/391 - 24s - loss: 0.1196 - accuracy: 0.9746 - val_loss: 0.4677 - val_accuracy: 0.9042
Epoch 209/350
391/391 - 24s - loss: 0.1192 - accuracy: 0.9736 - val_loss: 0.4721 - val_accuracy: 0.9054
Epoch 210/350
391/391 - 24s - loss: 0.1167 - accuracy: 0.9751 - val_loss: 0.4805 - val_accuracy: 0.9056
Epoch 211/350
391/391 - 23s - loss: 0.1192 - accuracy: 0.9742 - val_loss: 0.4683 - val_accuracy: 0.9066
Epoch 212/350
391/391 - 24s - loss: 0.1161 - accuracy: 0.9747 - val_loss: 0.4706 - val_accuracy: 0.9064
Epoch 213/350
391/391 - 24s - loss: 0.1156 - accuracy: 0.9760 - val_loss: 0.4790 - val_accuracy: 0.9052
Epoch 214/350
391/391 - 24s - loss: 0.1139 - accuracy: 0.9757 - val_loss: 0.4805 - val_accuracy: 0.9058
Epoch 215/350
391/391 - 24s - loss: 0.1151 - accuracy: 0.9754 - val_loss: 0.4818 - val_accuracy: 0.9076
Epoch 216/350
391/391 - 24s - loss: 0.1122 - accuracy: 0.9759 - val_loss: 0.4858 - val_accuracy: 0.9078
Epoch 217/350
391/391 - 24s - loss: 0.1140 - accuracy: 0.9760 - val_loss: 0.4855 - val_accuracy: 0.9069
Epoch 218/350
391/391 - 23s - loss: 0.1107 - accuracy: 0.9778 - val_loss: 0.4782 - val_accuracy: 0.9077
Epoch 219/350
391/391 - 24s - loss: 0.1137 - accuracy: 0.9756 - val_loss: 0.4844 - val_accuracy: 0.9057
Epoch 220/350
391/391 - 24s - loss: 0.1122 - accuracy: 0.9766 - val_loss: 0.4808 - val_accuracy: 0.9062
Epoch 221/350
391/391 - 24s - loss: 0.1108 - accuracy: 0.9774 - val_loss: 0.4783 - val_accuracy: 0.9075
Epoch 222/350
391/391 - 24s - loss: 0.1121 - accuracy: 0.9768 - val_loss: 0.4882 - val_accuracy: 0.9062
Epoch 223/350
391/391 - 23s - loss: 0.1115 - accuracy: 0.9767 - val_loss: 0.4862 - val_accuracy: 0.9064
Epoch 224/350
391/391 - 23s - loss: 0.1119 - accuracy: 0.9769 - val_loss: 0.4833 - val_accuracy: 0.9077
Epoch 225/350
391/391 - 24s - loss: 0.1099 - accuracy: 0.9776 - val_loss: 0.4863 - val_accuracy: 0.9080
Epoch 226/350
391/391 - 24s - loss: 0.1122 - accuracy: 0.9762 - val_loss: 0.4912 - val_accuracy: 0.9074
Epoch 227/350
391/391 - 24s - loss: 0.1123 - accuracy: 0.9767 - val_loss: 0.4876 - val_accuracy: 0.9048
Epoch 228/350
391/391 - 23s - loss: 0.1098 - accuracy: 0.9767 - val_loss: 0.4950 - val_accuracy: 0.9060
Epoch 229/350
391/391 - 23s - loss: 0.1087 - accuracy: 0.9783 - val_loss: 0.4990 - val_accuracy: 0.9044
Epoch 230/350
391/391 - 24s - loss: 0.1100 - accuracy: 0.9775 - val_loss: 0.4909 - val_accuracy: 0.9063
Epoch 231/350
391/391 - 23s - loss: 0.1103 - accuracy: 0.9776 - val_loss: 0.4898 - val_accuracy: 0.9059
Epoch 232/350
391/391 - 24s - loss: 0.1105 - accuracy: 0.9766 - val_loss: 0.4857 - val_accuracy: 0.9055
Epoch 233/350
391/391 - 23s - loss: 0.1100 - accuracy: 0.9775 - val_loss: 0.4922 - val_accuracy: 0.9077
Epoch 234/350
391/391 - 23s - loss: 0.1085 - accuracy: 0.9780 - val_loss: 0.4913 - val_accuracy: 0.9072
Epoch 235/350
391/391 - 24s - loss: 0.1063 - accuracy: 0.9790 - val_loss: 0.5050 - val_accuracy: 0.9043
Epoch 236/350
391/391 - 24s - loss: 0.1086 - accuracy: 0.9780 - val_loss: 0.4962 - val_accuracy: 0.9066
Epoch 237/350
391/391 - 23s - loss: 0.1069 - accuracy: 0.9782 - val_loss: 0.4933 - val_accuracy: 0.9067
Epoch 238/350
391/391 - 23s - loss: 0.1095 - accuracy: 0.9772 - val_loss: 0.4927 - val_accuracy: 0.9081
Epoch 239/350
391/391 - 24s - loss: 0.1074 - accuracy: 0.9783 - val_loss: 0.4965 - val_accuracy: 0.9065
Epoch 240/350
391/391 - 24s - loss: 0.1072 - accuracy: 0.9783 - val_loss: 0.4964 - val_accuracy: 0.9052
Epoch 241/350
391/391 - 24s - loss: 0.1073 - accuracy: 0.9781 - val_loss: 0.4979 - val_accuracy: 0.9071
Epoch 242/350
391/391 - 24s - loss: 0.1060 - accuracy: 0.9784 - val_loss: 0.4957 - val_accuracy: 0.9088
Epoch 243/350
391/391 - 24s - loss: 0.1062 - accuracy: 0.9790 - val_loss: 0.4995 - val_accuracy: 0.9078
Epoch 244/350
391/391 - 24s - loss: 0.1036 - accuracy: 0.9800 - val_loss: 0.5168 - val_accuracy: 0.9050
Epoch 245/350
391/391 - 23s - loss: 0.1079 - accuracy: 0.9777 - val_loss: 0.5063 - val_accuracy: 0.9063
Epoch 246/350
391/391 - 23s - loss: 0.1047 - accuracy: 0.9790 - val_loss: 0.5087 - val_accuracy: 0.9074
Epoch 247/350
391/391 - 24s - loss: 0.1081 - accuracy: 0.9777 - val_loss: 0.4977 - val_accuracy: 0.9075
Epoch 248/350
391/391 - 24s - loss: 0.1031 - accuracy: 0.9793 - val_loss: 0.5012 - val_accuracy: 0.9080
Epoch 249/350
391/391 - 24s - loss: 0.1042 - accuracy: 0.9797 - val_loss: 0.5036 - val_accuracy: 0.9072
Epoch 250/350


Snapshot weight 8 shuffle 6 at epoch 250
Layer 11
Getting activations...


391/391 - 24s - loss: 0.1045 - accuracy: 0.9795 - val_loss: 0.5243 - val_accuracy: 0.9061
Epoch 251/350
391/391 - 23s - loss: 0.1062 - accuracy: 0.9780 - val_loss: 0.5091 - val_accuracy: 0.9068
Epoch 252/350
391/391 - 24s - loss: 0.1048 - accuracy: 0.9788 - val_loss: 0.5060 - val_accuracy: 0.9071
Epoch 253/350
391/391 - 23s - loss: 0.1039 - accuracy: 0.9799 - val_loss: 0.5053 - val_accuracy: 0.9077
Epoch 254/350
391/391 - 24s - loss: 0.1005 - accuracy: 0.9809 - val_loss: 0.5043 - val_accuracy: 0.9073
Epoch 255/350
391/391 - 23s - loss: 0.1031 - accuracy: 0.9801 - val_loss: 0.5051 - val_accuracy: 0.9074
Epoch 256/350
391/391 - 24s - loss: 0.1006 - accuracy: 0.9812 - val_loss: 0.5045 - val_accuracy: 0.9065
Epoch 257/350
391/391 - 24s - loss: 0.1027 - accuracy: 0.9803 - val_loss: 0.5053 - val_accuracy: 0.9070
Epoch 258/350
391/391 - 24s - loss: 0.1024 - accuracy: 0.9795 - val_loss: 0.5051 - val_accuracy: 0.9067
Epoch 259/350
391/391 - 23s - loss: 0.1020 - accuracy: 0.9805 - val_loss: 0.5051 - val_accuracy: 0.9070
Epoch 260/350
391/391 - 24s - loss: 0.1014 - accuracy: 0.9803 - val_loss: 0.5030 - val_accuracy: 0.9069
Epoch 261/350
391/391 - 24s - loss: 0.1026 - accuracy: 0.9796 - val_loss: 0.5044 - val_accuracy: 0.9077
Epoch 262/350
391/391 - 24s - loss: 0.1014 - accuracy: 0.9803 - val_loss: 0.5028 - val_accuracy: 0.9079
Epoch 263/350
391/391 - 24s - loss: 0.1019 - accuracy: 0.9806 - val_loss: 0.5039 - val_accuracy: 0.9074
Epoch 264/350
391/391 - 23s - loss: 0.1024 - accuracy: 0.9796 - val_loss: 0.5026 - val_accuracy: 0.9086
Epoch 265/350
391/391 - 24s - loss: 0.1002 - accuracy: 0.9814 - val_loss: 0.5033 - val_accuracy: 0.9082
Epoch 266/350
391/391 - 24s - loss: 0.1029 - accuracy: 0.9798 - val_loss: 0.5035 - val_accuracy: 0.9081
Epoch 267/350
391/391 - 23s - loss: 0.1028 - accuracy: 0.9804 - val_loss: 0.5013 - val_accuracy: 0.9082
Epoch 268/350
391/391 - 24s - loss: 0.1013 - accuracy: 0.9803 - val_loss: 0.5038 - val_accuracy: 0.9083
Epoch 269/350
391/391 - 23s - loss: 0.1024 - accuracy: 0.9799 - val_loss: 0.5019 - val_accuracy: 0.9090
Epoch 270/350
391/391 - 24s - loss: 0.1001 - accuracy: 0.9808 - val_loss: 0.5012 - val_accuracy: 0.9076
Epoch 271/350
391/391 - 24s - loss: 0.1024 - accuracy: 0.9800 - val_loss: 0.5009 - val_accuracy: 0.9086
Epoch 272/350
391/391 - 24s - loss: 0.0994 - accuracy: 0.9813 - val_loss: 0.5040 - val_accuracy: 0.9079
Epoch 273/350
391/391 - 24s - loss: 0.0997 - accuracy: 0.9807 - val_loss: 0.5054 - val_accuracy: 0.9075
Epoch 274/350
391/391 - 24s - loss: 0.1023 - accuracy: 0.9798 - val_loss: 0.5063 - val_accuracy: 0.9071
Epoch 275/350
391/391 - 23s - loss: 0.1011 - accuracy: 0.9807 - val_loss: 0.5060 - val_accuracy: 0.9068
Epoch 276/350
391/391 - 24s - loss: 0.1026 - accuracy: 0.9801 - val_loss: 0.5070 - val_accuracy: 0.9071
Epoch 277/350
391/391 - 24s - loss: 0.1010 - accuracy: 0.9812 - val_loss: 0.5066 - val_accuracy: 0.9075
Epoch 278/350
391/391 - 23s - loss: 0.1012 - accuracy: 0.9801 - val_loss: 0.5068 - val_accuracy: 0.9076
Epoch 279/350
391/391 - 24s - loss: 0.1025 - accuracy: 0.9800 - val_loss: 0.5054 - val_accuracy: 0.9071
Epoch 280/350
391/391 - 24s - loss: 0.1006 - accuracy: 0.9808 - val_loss: 0.5073 - val_accuracy: 0.9086
Epoch 281/350
391/391 - 23s - loss: 0.1025 - accuracy: 0.9806 - val_loss: 0.5046 - val_accuracy: 0.9083
Epoch 282/350
391/391 - 24s - loss: 0.1002 - accuracy: 0.9808 - val_loss: 0.5032 - val_accuracy: 0.9085
Epoch 283/350
391/391 - 24s - loss: 0.1008 - accuracy: 0.9806 - val_loss: 0.5075 - val_accuracy: 0.9089
Epoch 284/350
391/391 - 24s - loss: 0.1019 - accuracy: 0.9805 - val_loss: 0.5063 - val_accuracy: 0.9088
Epoch 285/350
391/391 - 23s - loss: 0.1015 - accuracy: 0.9802 - val_loss: 0.5072 - val_accuracy: 0.9081
Epoch 286/350
391/391 - 24s - loss: 0.1012 - accuracy: 0.9806 - val_loss: 0.5070 - val_accuracy: 0.9077
Epoch 287/350
391/391 - 23s - loss: 0.1008 - accuracy: 0.9810 - val_loss: 0.5050 - val_accuracy: 0.9087
Epoch 288/350
391/391 - 23s - loss: 0.0985 - accuracy: 0.9811 - val_loss: 0.5065 - val_accuracy: 0.9078
Epoch 289/350
391/391 - 24s - loss: 0.0994 - accuracy: 0.9818 - val_loss: 0.5080 - val_accuracy: 0.9083
Epoch 290/350
391/391 - 23s - loss: 0.1010 - accuracy: 0.9812 - val_loss: 0.5076 - val_accuracy: 0.9078
Epoch 291/350
391/391 - 24s - loss: 0.1020 - accuracy: 0.9802 - val_loss: 0.5056 - val_accuracy: 0.9078
Epoch 292/350
391/391 - 23s - loss: 0.0992 - accuracy: 0.9813 - val_loss: 0.5062 - val_accuracy: 0.9079
Epoch 293/350
391/391 - 23s - loss: 0.1022 - accuracy: 0.9797 - val_loss: 0.5065 - val_accuracy: 0.9075
Epoch 294/350
391/391 - 24s - loss: 0.1028 - accuracy: 0.9791 - val_loss: 0.5073 - val_accuracy: 0.9074
Epoch 295/350
391/391 - 23s - loss: 0.1011 - accuracy: 0.9807 - val_loss: 0.5079 - val_accuracy: 0.9079
Epoch 296/350
391/391 - 24s - loss: 0.1003 - accuracy: 0.9808 - val_loss: 0.5087 - val_accuracy: 0.9083
Epoch 297/350
391/391 - 24s - loss: 0.1004 - accuracy: 0.9808 - val_loss: 0.5084 - val_accuracy: 0.9077
Epoch 298/350
391/391 - 24s - loss: 0.0991 - accuracy: 0.9815 - val_loss: 0.5062 - val_accuracy: 0.9082
Epoch 299/350
391/391 - 23s - loss: 0.1017 - accuracy: 0.9806 - val_loss: 0.5068 - val_accuracy: 0.9076
Epoch 300/350


Snapshot weight 8 shuffle 6 at epoch 300
Layer 11
Getting activations...


391/391 - 24s - loss: 0.1028 - accuracy: 0.9803 - val_loss: 0.5071 - val_accuracy: 0.9077
Epoch 301/350
391/391 - 24s - loss: 0.0994 - accuracy: 0.9814 - val_loss: 0.5065 - val_accuracy: 0.9075
Epoch 302/350
391/391 - 24s - loss: 0.0972 - accuracy: 0.9812 - val_loss: 0.5068 - val_accuracy: 0.9078
Epoch 303/350
391/391 - 23s - loss: 0.0979 - accuracy: 0.9813 - val_loss: 0.5070 - val_accuracy: 0.9078
Epoch 304/350
391/391 - 24s - loss: 0.0983 - accuracy: 0.9817 - val_loss: 0.5073 - val_accuracy: 0.9080
Epoch 305/350
391/391 - 23s - loss: 0.0988 - accuracy: 0.9806 - val_loss: 0.5077 - val_accuracy: 0.9076
Epoch 306/350
391/391 - 24s - loss: 0.1022 - accuracy: 0.9801 - val_loss: 0.5074 - val_accuracy: 0.9080
Epoch 307/350
391/391 - 24s - loss: 0.0997 - accuracy: 0.9810 - val_loss: 0.5072 - val_accuracy: 0.9078
Epoch 308/350
391/391 - 23s - loss: 0.0991 - accuracy: 0.9813 - val_loss: 0.5071 - val_accuracy: 0.9080
Epoch 309/350
391/391 - 24s - loss: 0.1011 - accuracy: 0.9802 - val_loss: 0.5071 - val_accuracy: 0.9082
Epoch 310/350
391/391 - 24s - loss: 0.1020 - accuracy: 0.9802 - val_loss: 0.5067 - val_accuracy: 0.9079
Epoch 311/350
391/391 - 23s - loss: 0.1000 - accuracy: 0.9810 - val_loss: 0.5068 - val_accuracy: 0.9079
Epoch 312/350
391/391 - 23s - loss: 0.1023 - accuracy: 0.9804 - val_loss: 0.5064 - val_accuracy: 0.9079
Epoch 313/350
391/391 - 24s - loss: 0.0990 - accuracy: 0.9813 - val_loss: 0.5062 - val_accuracy: 0.9080
Epoch 314/350
391/391 - 23s - loss: 0.0990 - accuracy: 0.9807 - val_loss: 0.5061 - val_accuracy: 0.9083
Epoch 315/350
391/391 - 24s - loss: 0.1028 - accuracy: 0.9803 - val_loss: 0.5061 - val_accuracy: 0.9081
Epoch 316/350
391/391 - 24s - loss: 0.0997 - accuracy: 0.9807 - val_loss: 0.5061 - val_accuracy: 0.9080
Epoch 317/350
391/391 - 24s - loss: 0.1005 - accuracy: 0.9809 - val_loss: 0.5066 - val_accuracy: 0.9081
Epoch 318/350
391/391 - 24s - loss: 0.1015 - accuracy: 0.9795 - val_loss: 0.5060 - val_accuracy: 0.9080
Epoch 319/350
391/391 - 24s - loss: 0.1010 - accuracy: 0.9804 - val_loss: 0.5058 - val_accuracy: 0.9077
Epoch 320/350
391/391 - 23s - loss: 0.1008 - accuracy: 0.9804 - val_loss: 0.5056 - val_accuracy: 0.9080
Epoch 321/350
391/391 - 24s - loss: 0.0990 - accuracy: 0.9811 - val_loss: 0.5059 - val_accuracy: 0.9077
Epoch 322/350
391/391 - 23s - loss: 0.0995 - accuracy: 0.9805 - val_loss: 0.5061 - val_accuracy: 0.9079
Epoch 323/350
391/391 - 23s - loss: 0.1008 - accuracy: 0.9814 - val_loss: 0.5066 - val_accuracy: 0.9084
Epoch 324/350
391/391 - 24s - loss: 0.0969 - accuracy: 0.9823 - val_loss: 0.5068 - val_accuracy: 0.9081
Epoch 325/350
391/391 - 24s - loss: 0.0984 - accuracy: 0.9816 - val_loss: 0.5063 - val_accuracy: 0.9080
Epoch 326/350
391/391 - 23s - loss: 0.1006 - accuracy: 0.9804 - val_loss: 0.5063 - val_accuracy: 0.9081
Epoch 327/350
391/391 - 23s - loss: 0.0976 - accuracy: 0.9817 - val_loss: 0.5063 - val_accuracy: 0.9081
Epoch 328/350
391/391 - 23s - loss: 0.1024 - accuracy: 0.9799 - val_loss: 0.5063 - val_accuracy: 0.9081
Epoch 329/350
391/391 - 23s - loss: 0.1014 - accuracy: 0.9804 - val_loss: 0.5064 - val_accuracy: 0.9084
Epoch 330/350
391/391 - 23s - loss: 0.0995 - accuracy: 0.9811 - val_loss: 0.5067 - val_accuracy: 0.9082
Epoch 331/350
391/391 - 23s - loss: 0.1004 - accuracy: 0.9801 - val_loss: 0.5065 - val_accuracy: 0.9083
Epoch 332/350
391/391 - 23s - loss: 0.1014 - accuracy: 0.9811 - val_loss: 0.5065 - val_accuracy: 0.9081
Epoch 333/350
391/391 - 24s - loss: 0.0997 - accuracy: 0.9808 - val_loss: 0.5064 - val_accuracy: 0.9083
Epoch 334/350
391/391 - 23s - loss: 0.1005 - accuracy: 0.9816 - val_loss: 0.5064 - val_accuracy: 0.9081
Epoch 335/350
391/391 - 23s - loss: 0.0999 - accuracy: 0.9810 - val_loss: 0.5066 - val_accuracy: 0.9079
Epoch 336/350
391/391 - 23s - loss: 0.1012 - accuracy: 0.9802 - val_loss: 0.5064 - val_accuracy: 0.9077
Epoch 337/350
391/391 - 23s - loss: 0.1014 - accuracy: 0.9809 - val_loss: 0.5065 - val_accuracy: 0.9079
Epoch 338/350
391/391 - 23s - loss: 0.1002 - accuracy: 0.9808 - val_loss: 0.5062 - val_accuracy: 0.9081
Epoch 339/350
391/391 - 24s - loss: 0.1015 - accuracy: 0.9801 - val_loss: 0.5060 - val_accuracy: 0.9079
Epoch 340/350
391/391 - 24s - loss: 0.1016 - accuracy: 0.9808 - val_loss: 0.5062 - val_accuracy: 0.9082
Epoch 341/350
391/391 - 23s - loss: 0.1028 - accuracy: 0.9799 - val_loss: 0.5063 - val_accuracy: 0.9078
Epoch 342/350
391/391 - 23s - loss: 0.1005 - accuracy: 0.9800 - val_loss: 0.5060 - val_accuracy: 0.9077
Epoch 343/350
391/391 - 23s - loss: 0.0987 - accuracy: 0.9813 - val_loss: 0.5061 - val_accuracy: 0.9076
Epoch 344/350
391/391 - 23s - loss: 0.1000 - accuracy: 0.9805 - val_loss: 0.5063 - val_accuracy: 0.9074
Epoch 345/350
391/391 - 24s - loss: 0.0998 - accuracy: 0.9820 - val_loss: 0.5065 - val_accuracy: 0.9072
Epoch 346/350
391/391 - 24s - loss: 0.1011 - accuracy: 0.9805 - val_loss: 0.5063 - val_accuracy: 0.9075
Epoch 347/350
391/391 - 23s - loss: 0.0969 - accuracy: 0.9820 - val_loss: 0.5068 - val_accuracy: 0.9071
Epoch 348/350
391/391 - 24s - loss: 0.0990 - accuracy: 0.9817 - val_loss: 0.5068 - val_accuracy: 0.9072
Epoch 349/350
391/391 - 23s - loss: 0.1013 - accuracy: 0.9804 - val_loss: 0.5069 - val_accuracy: 0.9071
Epoch 350/350


Snapshot weight 8 shuffle 6 at epoch 350
Layer 11
Getting activations...


391/391 - 24s - loss: 0.1012 - accuracy: 0.9809 - val_loss: 0.5069 - val_accuracy: 0.9075
/usr/local/lib/python3.6/dist-packages/tensorflow/python/autograph/impl/api.py:493: UserWarning: fill_value is not supported and is always 0 for TensorFlow < 2.4.0.
  return py_builtins.overload_of(f)(*args)
WARNING:tensorflow:From /usr/local/lib/python3.6/dist-packages/tensorflow/python/training/tracking/tracking.py:111: Model.state_updates (from tensorflow.python.keras.engine.training) is deprecated and will be removed in a future version.
Instructions for updating:
This property should not be used in TensorFlow 2.0, as updates are applied automatically.
2021-07-02 14:30:30.976389: W tensorflow/python/util/util.cc:348] Sets are not currently considered sequences, but this may change in the future, so consider avoiding using them.
WARNING:tensorflow:From /usr/local/lib/python3.6/dist-packages/tensorflow/python/training/tracking/tracking.py:111: Layer.updates (from tensorflow.python.keras.engine.base_layer) is deprecated and will be removed in a future version.
Instructions for updating:
This property should not be used in TensorFlow 2.0, as updates are applied automatically.
Saving, final validation acc: 0.9075000286102295
