2021-07-01 20:59:00.444898: I tensorflow/stream_executor/platform/default/dso_loader.cc:48] Successfully opened dynamic library libcudart.so.10.1
2021-07-01 21:00:30.524170: I tensorflow/stream_executor/platform/default/dso_loader.cc:48] Successfully opened dynamic library libcuda.so.1
2021-07-01 21:00:30.551901: I tensorflow/core/common_runtime/gpu/gpu_device.cc:1716] Found device 0 with properties: 
pciBusID: 0000:02:00.0 name: NVIDIA TITAN X (Pascal) computeCapability: 6.1
coreClock: 1.531GHz coreCount: 28 deviceMemorySize: 11.91GiB deviceMemoryBandwidth: 447.48GiB/s
2021-07-01 21:00:30.551998: I tensorflow/stream_executor/platform/default/dso_loader.cc:48] Successfully opened dynamic library libcudart.so.10.1
2021-07-01 21:00:30.593741: I tensorflow/stream_executor/platform/default/dso_loader.cc:48] Successfully opened dynamic library libcublas.so.10
2021-07-01 21:00:30.614882: I tensorflow/stream_executor/platform/default/dso_loader.cc:48] Successfully opened dynamic library libcufft.so.10
2021-07-01 21:00:30.623367: I tensorflow/stream_executor/platform/default/dso_loader.cc:48] Successfully opened dynamic library libcurand.so.10
2021-07-01 21:00:30.667428: I tensorflow/stream_executor/platform/default/dso_loader.cc:48] Successfully opened dynamic library libcusolver.so.10
2021-07-01 21:00:30.676113: I tensorflow/stream_executor/platform/default/dso_loader.cc:48] Successfully opened dynamic library libcusparse.so.10
2021-07-01 21:00:30.754222: I tensorflow/stream_executor/platform/default/dso_loader.cc:48] Successfully opened dynamic library libcudnn.so.7
2021-07-01 21:00:30.758392: I tensorflow/core/common_runtime/gpu/gpu_device.cc:1858] Adding visible gpu devices: 0
2021-07-01 21:00:30.762222: I tensorflow/core/platform/cpu_feature_guard.cc:142] This TensorFlow binary is optimized with oneAPI Deep Neural Network Library (oneDNN)to use the following CPU instructions in performance-critical operations:  AVX2 FMA
To enable them in other operations, rebuild TensorFlow with the appropriate compiler flags.
2021-07-01 21:00:30.778387: I tensorflow/core/platform/profile_utils/cpu_utils.cc:104] CPU Frequency: 2599840000 Hz
2021-07-01 21:00:30.778510: I tensorflow/compiler/xla/service/service.cc:168] XLA service 0x4cb9130 initialized for platform Host (this does not guarantee that XLA will be used). Devices:
2021-07-01 21:00:30.778530: I tensorflow/compiler/xla/service/service.cc:176]   StreamExecutor device (0): Host, Default Version
2021-07-01 21:00:30.914482: I tensorflow/compiler/xla/service/service.cc:168] XLA service 0x4c6a5a0 initialized for platform CUDA (this does not guarantee that XLA will be used). Devices:
2021-07-01 21:00:30.914572: I tensorflow/compiler/xla/service/service.cc:176]   StreamExecutor device (0): NVIDIA TITAN X (Pascal), Compute Capability 6.1
2021-07-01 21:00:30.920676: I tensorflow/core/common_runtime/gpu/gpu_device.cc:1716] Found device 0 with properties: 
pciBusID: 0000:02:00.0 name: NVIDIA TITAN X (Pascal) computeCapability: 6.1
coreClock: 1.531GHz coreCount: 28 deviceMemorySize: 11.91GiB deviceMemoryBandwidth: 447.48GiB/s
2021-07-01 21:00:30.920718: I tensorflow/stream_executor/platform/default/dso_loader.cc:48] Successfully opened dynamic library libcudart.so.10.1
2021-07-01 21:00:30.920748: I tensorflow/stream_executor/platform/default/dso_loader.cc:48] Successfully opened dynamic library libcublas.so.10
2021-07-01 21:00:30.920767: I tensorflow/stream_executor/platform/default/dso_loader.cc:48] Successfully opened dynamic library libcufft.so.10
2021-07-01 21:00:30.920784: I tensorflow/stream_executor/platform/default/dso_loader.cc:48] Successfully opened dynamic library libcurand.so.10
2021-07-01 21:00:30.920800: I tensorflow/stream_executor/platform/default/dso_loader.cc:48] Successfully opened dynamic library libcusolver.so.10
2021-07-01 21:00:30.920817: I tensorflow/stream_executor/platform/default/dso_loader.cc:48] Successfully opened dynamic library libcusparse.so.10
2021-07-01 21:00:30.921867: I tensorflow/stream_executor/platform/default/dso_loader.cc:48] Successfully opened dynamic library libcudnn.so.7
2021-07-01 21:00:30.923492: I tensorflow/core/common_runtime/gpu/gpu_device.cc:1858] Adding visible gpu devices: 0
2021-07-01 21:00:30.925227: I tensorflow/stream_executor/platform/default/dso_loader.cc:48] Successfully opened dynamic library libcudart.so.10.1
2021-07-01 21:00:34.154733: I tensorflow/core/common_runtime/gpu/gpu_device.cc:1257] Device interconnect StreamExecutor with strength 1 edge matrix:
2021-07-01 21:00:34.154805: I tensorflow/core/common_runtime/gpu/gpu_device.cc:1263]      0 
2021-07-01 21:00:34.154818: I tensorflow/core/common_runtime/gpu/gpu_device.cc:1276] 0:   N 
2021-07-01 21:00:34.160824: I tensorflow/core/common_runtime/gpu/gpu_device.cc:1402] Created TensorFlow device (/job:localhost/replica:0/task:0/device:GPU:0 with 11228 MB memory) -> physical GPU (device: 0, name: NVIDIA TITAN X (Pascal), pci bus id: 0000:02:00.0, compute capability: 6.1)
2021-07-01 21:00:39.863898: I tensorflow/stream_executor/platform/default/dso_loader.cc:48] Successfully opened dynamic library libcudnn.so.7
2021-07-01 21:00:42.372807: I tensorflow/stream_executor/platform/default/dso_loader.cc:48] Successfully opened dynamic library libcublas.so.10
/usr/local/lib/python3.6/dist-packages/tensorflow/python/autograph/impl/api.py:493: UserWarning: fill_value is not supported and is always 0 for TensorFlow < 2.4.0.
  return py_builtins.overload_of(f)(*args)
WARNING:tensorflow:Callbacks method `on_train_batch_end` is slow compared to the batch time (batch time: 0.0214s vs `on_train_batch_end` time: 0.0391s). Check your callbacks.
Using model index: 16
Making train data...
GCN...
ZCA...
Done!
Making test data...
Done!
Epoch 1/350


Snapshot weight 6 shuffle 1 at epoch 1
Layer 11
Getting activations...


391/391 - 25s - loss: 2.3243 - accuracy: 0.1052 - val_loss: 2.3138 - val_accuracy: 0.1004
Epoch 2/350


Snapshot weight 6 shuffle 1 at epoch 2
Layer 11
Getting activations...


391/391 - 24s - loss: 2.2912 - accuracy: 0.1258 - val_loss: 2.2399 - val_accuracy: 0.1093
Epoch 3/350


Snapshot weight 6 shuffle 1 at epoch 3
Layer 11
Getting activations...


391/391 - 24s - loss: 2.2444 - accuracy: 0.1152 - val_loss: 2.2160 - val_accuracy: 0.1152
Epoch 4/350


Snapshot weight 6 shuffle 1 at epoch 4
Layer 11
Getting activations...


391/391 - 25s - loss: 2.2246 - accuracy: 0.1279 - val_loss: 2.1961 - val_accuracy: 0.1213
Epoch 5/350


Snapshot weight 6 shuffle 1 at epoch 5
Layer 11
Getting activations...


391/391 - 25s - loss: 2.2085 - accuracy: 0.1674 - val_loss: 2.1913 - val_accuracy: 0.1795
Epoch 6/350


Snapshot weight 6 shuffle 1 at epoch 6
Layer 11
Getting activations...


391/391 - 25s - loss: 2.1929 - accuracy: 0.1478 - val_loss: 2.1632 - val_accuracy: 0.1430
Epoch 7/350


Snapshot weight 6 shuffle 1 at epoch 7
Layer 11
Getting activations...


391/391 - 25s - loss: 2.1728 - accuracy: 0.1686 - val_loss: 2.1403 - val_accuracy: 0.1686
Epoch 8/350


Snapshot weight 6 shuffle 1 at epoch 8
Layer 11
Getting activations...


391/391 - 25s - loss: 2.1412 - accuracy: 0.1917 - val_loss: 2.1151 - val_accuracy: 0.1970
Epoch 9/350


Snapshot weight 6 shuffle 1 at epoch 9
Layer 11
Getting activations...


391/391 - 25s - loss: 2.1209 - accuracy: 0.1978 - val_loss: 2.1591 - val_accuracy: 0.1755
Epoch 10/350


Snapshot weight 6 shuffle 1 at epoch 10
Layer 11
Getting activations...


391/391 - 25s - loss: 2.0994 - accuracy: 0.2121 - val_loss: 2.0524 - val_accuracy: 0.2561
Epoch 11/350
391/391 - 24s - loss: 2.0572 - accuracy: 0.2534 - val_loss: 2.1724 - val_accuracy: 0.1757
Epoch 12/350
391/391 - 24s - loss: 1.9878 - accuracy: 0.2865 - val_loss: 1.9019 - val_accuracy: 0.3355
Epoch 13/350
391/391 - 25s - loss: 1.9141 - accuracy: 0.3260 - val_loss: 1.9227 - val_accuracy: 0.3399
Epoch 14/350
391/391 - 25s - loss: 1.8689 - accuracy: 0.3414 - val_loss: 1.9888 - val_accuracy: 0.3433
Epoch 15/350
391/391 - 25s - loss: 1.7530 - accuracy: 0.3910 - val_loss: 1.7327 - val_accuracy: 0.4075
Epoch 16/350
391/391 - 25s - loss: 1.5803 - accuracy: 0.4624 - val_loss: 1.4835 - val_accuracy: 0.5073
Epoch 17/350
391/391 - 25s - loss: 1.2923 - accuracy: 0.5594 - val_loss: 1.0931 - val_accuracy: 0.6189
Epoch 18/350
391/391 - 25s - loss: 1.1216 - accuracy: 0.6144 - val_loss: 1.1122 - val_accuracy: 0.6182
Epoch 19/350
391/391 - 25s - loss: 1.0453 - accuracy: 0.6403 - val_loss: 0.9441 - val_accuracy: 0.6789
Epoch 20/350
391/391 - 24s - loss: 0.9685 - accuracy: 0.6691 - val_loss: 0.8460 - val_accuracy: 0.7105
Epoch 21/350
391/391 - 25s - loss: 0.9176 - accuracy: 0.6890 - val_loss: 0.9934 - val_accuracy: 0.6749
Epoch 22/350
391/391 - 25s - loss: 0.8804 - accuracy: 0.7022 - val_loss: 0.8005 - val_accuracy: 0.7194
Epoch 23/350
391/391 - 25s - loss: 0.8272 - accuracy: 0.7217 - val_loss: 0.8796 - val_accuracy: 0.7135
Epoch 24/350
391/391 - 25s - loss: 0.7930 - accuracy: 0.7335 - val_loss: 0.7564 - val_accuracy: 0.7495
Epoch 25/350
391/391 - 25s - loss: 0.7689 - accuracy: 0.7415 - val_loss: 0.6849 - val_accuracy: 0.7665
Epoch 26/350
391/391 - 25s - loss: 0.7338 - accuracy: 0.7542 - val_loss: 0.7021 - val_accuracy: 0.7682
Epoch 27/350
391/391 - 25s - loss: 0.7120 - accuracy: 0.7618 - val_loss: 0.7567 - val_accuracy: 0.7541
Epoch 28/350
391/391 - 24s - loss: 0.6927 - accuracy: 0.7704 - val_loss: 0.6599 - val_accuracy: 0.7789
Epoch 29/350
391/391 - 25s - loss: 0.6724 - accuracy: 0.7768 - val_loss: 0.5794 - val_accuracy: 0.8075
Epoch 30/350
391/391 - 24s - loss: 0.6447 - accuracy: 0.7866 - val_loss: 0.6033 - val_accuracy: 0.8055
Epoch 31/350
391/391 - 25s - loss: 0.6303 - accuracy: 0.7914 - val_loss: 0.6023 - val_accuracy: 0.8035
Epoch 32/350
391/391 - 24s - loss: 0.6104 - accuracy: 0.7976 - val_loss: 0.5948 - val_accuracy: 0.8112
Epoch 33/350
391/391 - 24s - loss: 0.5993 - accuracy: 0.8034 - val_loss: 0.5725 - val_accuracy: 0.8175
Epoch 34/350
391/391 - 24s - loss: 0.5849 - accuracy: 0.8075 - val_loss: 0.5575 - val_accuracy: 0.8220
Epoch 35/350
391/391 - 24s - loss: 0.5717 - accuracy: 0.8121 - val_loss: 0.5188 - val_accuracy: 0.8279
Epoch 36/350
391/391 - 25s - loss: 0.5558 - accuracy: 0.8183 - val_loss: 0.5610 - val_accuracy: 0.8189
Epoch 37/350
391/391 - 25s - loss: 0.5556 - accuracy: 0.8160 - val_loss: 0.5699 - val_accuracy: 0.8149
Epoch 38/350
391/391 - 25s - loss: 0.5419 - accuracy: 0.8215 - val_loss: 0.5606 - val_accuracy: 0.8208
Epoch 39/350
391/391 - 25s - loss: 0.5295 - accuracy: 0.8258 - val_loss: 0.5248 - val_accuracy: 0.8350
Epoch 40/350
391/391 - 24s - loss: 0.5184 - accuracy: 0.8323 - val_loss: 0.5210 - val_accuracy: 0.8296
Epoch 41/350
391/391 - 24s - loss: 0.5055 - accuracy: 0.8335 - val_loss: 0.5275 - val_accuracy: 0.8307
Epoch 42/350
391/391 - 25s - loss: 0.5006 - accuracy: 0.8379 - val_loss: 0.5114 - val_accuracy: 0.8398
Epoch 43/350
391/391 - 25s - loss: 0.4882 - accuracy: 0.8421 - val_loss: 0.4995 - val_accuracy: 0.8427
Epoch 44/350
391/391 - 25s - loss: 0.4853 - accuracy: 0.8419 - val_loss: 0.4856 - val_accuracy: 0.8455
Epoch 45/350
391/391 - 24s - loss: 0.4694 - accuracy: 0.8480 - val_loss: 0.4806 - val_accuracy: 0.8509
Epoch 46/350
391/391 - 25s - loss: 0.4658 - accuracy: 0.8485 - val_loss: 0.4714 - val_accuracy: 0.8501
Epoch 47/350
391/391 - 25s - loss: 0.4653 - accuracy: 0.8502 - val_loss: 0.4952 - val_accuracy: 0.8412
Epoch 48/350
391/391 - 25s - loss: 0.4546 - accuracy: 0.8531 - val_loss: 0.4441 - val_accuracy: 0.8605
Epoch 49/350
391/391 - 25s - loss: 0.4494 - accuracy: 0.8531 - val_loss: 0.4541 - val_accuracy: 0.8596
Epoch 50/350


Snapshot weight 6 shuffle 1 at epoch 50
Layer 11
Getting activations...


391/391 - 25s - loss: 0.4373 - accuracy: 0.8589 - val_loss: 0.4707 - val_accuracy: 0.8540
Epoch 51/350
391/391 - 24s - loss: 0.4280 - accuracy: 0.8606 - val_loss: 0.4764 - val_accuracy: 0.8549
Epoch 52/350
391/391 - 24s - loss: 0.4271 - accuracy: 0.8620 - val_loss: 0.4517 - val_accuracy: 0.8615
Epoch 53/350
391/391 - 25s - loss: 0.4259 - accuracy: 0.8624 - val_loss: 0.5031 - val_accuracy: 0.8449
Epoch 54/350
391/391 - 25s - loss: 0.4134 - accuracy: 0.8668 - val_loss: 0.4445 - val_accuracy: 0.8611
Epoch 55/350
391/391 - 25s - loss: 0.4122 - accuracy: 0.8696 - val_loss: 0.4805 - val_accuracy: 0.8486
Epoch 56/350
391/391 - 25s - loss: 0.4070 - accuracy: 0.8698 - val_loss: 0.4505 - val_accuracy: 0.8631
Epoch 57/350
391/391 - 24s - loss: 0.4014 - accuracy: 0.8713 - val_loss: 0.4499 - val_accuracy: 0.8641
Epoch 58/350
391/391 - 25s - loss: 0.3995 - accuracy: 0.8717 - val_loss: 0.4403 - val_accuracy: 0.8684
Epoch 59/350
391/391 - 25s - loss: 0.3891 - accuracy: 0.8760 - val_loss: 0.4603 - val_accuracy: 0.8612
Epoch 60/350
391/391 - 25s - loss: 0.3881 - accuracy: 0.8757 - val_loss: 0.4428 - val_accuracy: 0.8639
Epoch 61/350
391/391 - 25s - loss: 0.3802 - accuracy: 0.8789 - val_loss: 0.4396 - val_accuracy: 0.8686
Epoch 62/350
391/391 - 25s - loss: 0.3807 - accuracy: 0.8782 - val_loss: 0.4829 - val_accuracy: 0.8583
Epoch 63/350
391/391 - 25s - loss: 0.3781 - accuracy: 0.8788 - val_loss: 0.4574 - val_accuracy: 0.8586
Epoch 64/350
391/391 - 25s - loss: 0.3743 - accuracy: 0.8805 - val_loss: 0.4433 - val_accuracy: 0.8708
Epoch 65/350
391/391 - 25s - loss: 0.3667 - accuracy: 0.8839 - val_loss: 0.4269 - val_accuracy: 0.8698
Epoch 66/350
391/391 - 25s - loss: 0.3614 - accuracy: 0.8840 - val_loss: 0.4256 - val_accuracy: 0.8691
Epoch 67/350
391/391 - 24s - loss: 0.3560 - accuracy: 0.8882 - val_loss: 0.4318 - val_accuracy: 0.8707
Epoch 68/350
391/391 - 24s - loss: 0.3575 - accuracy: 0.8857 - val_loss: 0.4253 - val_accuracy: 0.8727
Epoch 69/350
391/391 - 25s - loss: 0.3505 - accuracy: 0.8889 - val_loss: 0.4679 - val_accuracy: 0.8636
Epoch 70/350
391/391 - 25s - loss: 0.3452 - accuracy: 0.8903 - val_loss: 0.4334 - val_accuracy: 0.8685
Epoch 71/350
391/391 - 25s - loss: 0.3416 - accuracy: 0.8926 - val_loss: 0.4321 - val_accuracy: 0.8725
Epoch 72/350
391/391 - 25s - loss: 0.3429 - accuracy: 0.8917 - val_loss: 0.4471 - val_accuracy: 0.8674
Epoch 73/350
391/391 - 24s - loss: 0.3353 - accuracy: 0.8940 - val_loss: 0.4090 - val_accuracy: 0.8814
Epoch 74/350
391/391 - 24s - loss: 0.3316 - accuracy: 0.8956 - val_loss: 0.4032 - val_accuracy: 0.8834
Epoch 75/350
391/391 - 25s - loss: 0.3309 - accuracy: 0.8949 - val_loss: 0.4316 - val_accuracy: 0.8715
Epoch 76/350
391/391 - 25s - loss: 0.3254 - accuracy: 0.8976 - val_loss: 0.4365 - val_accuracy: 0.8789
Epoch 77/350
391/391 - 25s - loss: 0.3234 - accuracy: 0.8990 - val_loss: 0.4107 - val_accuracy: 0.8791
Epoch 78/350
391/391 - 25s - loss: 0.3183 - accuracy: 0.9000 - val_loss: 0.3979 - val_accuracy: 0.8866
Epoch 79/350
391/391 - 25s - loss: 0.3155 - accuracy: 0.8998 - val_loss: 0.4338 - val_accuracy: 0.8809
Epoch 80/350
391/391 - 25s - loss: 0.3115 - accuracy: 0.9035 - val_loss: 0.4267 - val_accuracy: 0.8797
Epoch 81/350
391/391 - 25s - loss: 0.3134 - accuracy: 0.9040 - val_loss: 0.4001 - val_accuracy: 0.8837
Epoch 82/350
391/391 - 24s - loss: 0.3091 - accuracy: 0.9033 - val_loss: 0.3972 - val_accuracy: 0.8871
Epoch 83/350
391/391 - 25s - loss: 0.3096 - accuracy: 0.9020 - val_loss: 0.3811 - val_accuracy: 0.8854
Epoch 84/350
391/391 - 25s - loss: 0.3027 - accuracy: 0.9052 - val_loss: 0.4176 - val_accuracy: 0.8809
Epoch 85/350
391/391 - 25s - loss: 0.3009 - accuracy: 0.9055 - val_loss: 0.4507 - val_accuracy: 0.8753
Epoch 86/350
391/391 - 25s - loss: 0.2964 - accuracy: 0.9086 - val_loss: 0.4227 - val_accuracy: 0.8804
Epoch 87/350
391/391 - 25s - loss: 0.2931 - accuracy: 0.9092 - val_loss: 0.4325 - val_accuracy: 0.8738
Epoch 88/350
391/391 - 25s - loss: 0.2978 - accuracy: 0.9080 - val_loss: 0.4181 - val_accuracy: 0.8801
Epoch 89/350
391/391 - 24s - loss: 0.2906 - accuracy: 0.9105 - val_loss: 0.4078 - val_accuracy: 0.8837
Epoch 90/350
391/391 - 25s - loss: 0.2902 - accuracy: 0.9107 - val_loss: 0.4189 - val_accuracy: 0.8855
Epoch 91/350
391/391 - 25s - loss: 0.2882 - accuracy: 0.9105 - val_loss: 0.4179 - val_accuracy: 0.8772
Epoch 92/350
391/391 - 25s - loss: 0.2823 - accuracy: 0.9140 - val_loss: 0.3935 - val_accuracy: 0.8883
Epoch 93/350
391/391 - 24s - loss: 0.2818 - accuracy: 0.9132 - val_loss: 0.4141 - val_accuracy: 0.8825
Epoch 94/350
391/391 - 25s - loss: 0.2751 - accuracy: 0.9159 - val_loss: 0.4220 - val_accuracy: 0.8810
Epoch 95/350
391/391 - 25s - loss: 0.2829 - accuracy: 0.9136 - val_loss: 0.4090 - val_accuracy: 0.8875
Epoch 96/350
391/391 - 25s - loss: 0.2752 - accuracy: 0.9151 - val_loss: 0.4363 - val_accuracy: 0.8809
Epoch 97/350
391/391 - 25s - loss: 0.2724 - accuracy: 0.9163 - val_loss: 0.4030 - val_accuracy: 0.8897
Epoch 98/350
391/391 - 25s - loss: 0.2725 - accuracy: 0.9168 - val_loss: 0.3922 - val_accuracy: 0.8918
Epoch 99/350
391/391 - 24s - loss: 0.2685 - accuracy: 0.9181 - val_loss: 0.4110 - val_accuracy: 0.8863
Epoch 100/350


Snapshot weight 6 shuffle 1 at epoch 100
Layer 11
Getting activations...


391/391 - 25s - loss: 0.2673 - accuracy: 0.9185 - val_loss: 0.4054 - val_accuracy: 0.8856
Epoch 101/350
391/391 - 24s - loss: 0.2678 - accuracy: 0.9180 - val_loss: 0.4146 - val_accuracy: 0.8854
Epoch 102/350
391/391 - 25s - loss: 0.2659 - accuracy: 0.9191 - val_loss: 0.4146 - val_accuracy: 0.8855
Epoch 103/350
391/391 - 24s - loss: 0.2600 - accuracy: 0.9197 - val_loss: 0.4339 - val_accuracy: 0.8765
Epoch 104/350
391/391 - 25s - loss: 0.2653 - accuracy: 0.9195 - val_loss: 0.3814 - val_accuracy: 0.8923
Epoch 105/350
391/391 - 25s - loss: 0.2591 - accuracy: 0.9213 - val_loss: 0.4120 - val_accuracy: 0.8875
Epoch 106/350
391/391 - 25s - loss: 0.2563 - accuracy: 0.9234 - val_loss: 0.4054 - val_accuracy: 0.8901
Epoch 107/350
391/391 - 25s - loss: 0.2523 - accuracy: 0.9241 - val_loss: 0.4054 - val_accuracy: 0.8887
Epoch 108/350
391/391 - 24s - loss: 0.2541 - accuracy: 0.9241 - val_loss: 0.4365 - val_accuracy: 0.8788
Epoch 109/350
391/391 - 24s - loss: 0.2463 - accuracy: 0.9264 - val_loss: 0.4133 - val_accuracy: 0.8881
Epoch 110/350
391/391 - 25s - loss: 0.2483 - accuracy: 0.9266 - val_loss: 0.4008 - val_accuracy: 0.8916
Epoch 111/350
391/391 - 25s - loss: 0.2454 - accuracy: 0.9253 - val_loss: 0.4220 - val_accuracy: 0.8843
Epoch 112/350
391/391 - 25s - loss: 0.2484 - accuracy: 0.9249 - val_loss: 0.4430 - val_accuracy: 0.8786
Epoch 113/350
391/391 - 25s - loss: 0.2388 - accuracy: 0.9278 - val_loss: 0.4274 - val_accuracy: 0.8867
Epoch 114/350
391/391 - 24s - loss: 0.2471 - accuracy: 0.9253 - val_loss: 0.4231 - val_accuracy: 0.8892
Epoch 115/350
391/391 - 25s - loss: 0.2398 - accuracy: 0.9285 - val_loss: 0.3863 - val_accuracy: 0.8935
Epoch 116/350
391/391 - 25s - loss: 0.2379 - accuracy: 0.9289 - val_loss: 0.3955 - val_accuracy: 0.8946
Epoch 117/350
391/391 - 25s - loss: 0.2411 - accuracy: 0.9285 - val_loss: 0.3944 - val_accuracy: 0.8941
Epoch 118/350
391/391 - 25s - loss: 0.2390 - accuracy: 0.9290 - val_loss: 0.4341 - val_accuracy: 0.8798
Epoch 119/350
391/391 - 25s - loss: 0.2381 - accuracy: 0.9288 - val_loss: 0.4063 - val_accuracy: 0.8876
Epoch 120/350
391/391 - 25s - loss: 0.2357 - accuracy: 0.9311 - val_loss: 0.4201 - val_accuracy: 0.8922
Epoch 121/350
391/391 - 24s - loss: 0.2327 - accuracy: 0.9314 - val_loss: 0.4343 - val_accuracy: 0.8908
Epoch 122/350
391/391 - 25s - loss: 0.2339 - accuracy: 0.9304 - val_loss: 0.4313 - val_accuracy: 0.8890
Epoch 123/350
391/391 - 25s - loss: 0.2340 - accuracy: 0.9303 - val_loss: 0.4223 - val_accuracy: 0.8894
Epoch 124/350
391/391 - 25s - loss: 0.2307 - accuracy: 0.9320 - val_loss: 0.3881 - val_accuracy: 0.8959
Epoch 125/350
391/391 - 25s - loss: 0.2232 - accuracy: 0.9342 - val_loss: 0.3974 - val_accuracy: 0.8969
Epoch 126/350
391/391 - 25s - loss: 0.2279 - accuracy: 0.9329 - val_loss: 0.4264 - val_accuracy: 0.8859
Epoch 127/350
391/391 - 25s - loss: 0.2222 - accuracy: 0.9346 - val_loss: 0.4100 - val_accuracy: 0.8915
Epoch 128/350
391/391 - 25s - loss: 0.2221 - accuracy: 0.9360 - val_loss: 0.4045 - val_accuracy: 0.8943
Epoch 129/350
391/391 - 25s - loss: 0.2213 - accuracy: 0.9360 - val_loss: 0.4279 - val_accuracy: 0.8929
Epoch 130/350
391/391 - 25s - loss: 0.2195 - accuracy: 0.9363 - val_loss: 0.4246 - val_accuracy: 0.8939
Epoch 131/350
391/391 - 24s - loss: 0.2186 - accuracy: 0.9372 - val_loss: 0.3932 - val_accuracy: 0.8962
Epoch 132/350
391/391 - 25s - loss: 0.2200 - accuracy: 0.9354 - val_loss: 0.4328 - val_accuracy: 0.8899
Epoch 133/350
391/391 - 25s - loss: 0.2187 - accuracy: 0.9351 - val_loss: 0.3991 - val_accuracy: 0.8958
Epoch 134/350
391/391 - 25s - loss: 0.2162 - accuracy: 0.9384 - val_loss: 0.4064 - val_accuracy: 0.8955
Epoch 135/350
391/391 - 25s - loss: 0.2167 - accuracy: 0.9377 - val_loss: 0.4222 - val_accuracy: 0.8917
Epoch 136/350
391/391 - 25s - loss: 0.2113 - accuracy: 0.9390 - val_loss: 0.4339 - val_accuracy: 0.8940
Epoch 137/350
391/391 - 25s - loss: 0.2144 - accuracy: 0.9380 - val_loss: 0.4298 - val_accuracy: 0.8919
Epoch 138/350
391/391 - 25s - loss: 0.2141 - accuracy: 0.9378 - val_loss: 0.4438 - val_accuracy: 0.8851
Epoch 139/350
391/391 - 25s - loss: 0.2127 - accuracy: 0.9391 - val_loss: 0.4003 - val_accuracy: 0.8933
Epoch 140/350
391/391 - 25s - loss: 0.2049 - accuracy: 0.9416 - val_loss: 0.4226 - val_accuracy: 0.8952
Epoch 141/350
391/391 - 25s - loss: 0.2126 - accuracy: 0.9388 - val_loss: 0.4306 - val_accuracy: 0.8963
Epoch 142/350
391/391 - 25s - loss: 0.2029 - accuracy: 0.9416 - val_loss: 0.4001 - val_accuracy: 0.8942
Epoch 143/350
391/391 - 25s - loss: 0.2066 - accuracy: 0.9407 - val_loss: 0.4255 - val_accuracy: 0.8910
Epoch 144/350
391/391 - 25s - loss: 0.2107 - accuracy: 0.9386 - val_loss: 0.4327 - val_accuracy: 0.8950
Epoch 145/350
391/391 - 25s - loss: 0.2087 - accuracy: 0.9406 - val_loss: 0.4163 - val_accuracy: 0.8951
Epoch 146/350
391/391 - 24s - loss: 0.1991 - accuracy: 0.9438 - val_loss: 0.4017 - val_accuracy: 0.8990
Epoch 147/350
391/391 - 25s - loss: 0.2027 - accuracy: 0.9422 - val_loss: 0.4049 - val_accuracy: 0.8951
Epoch 148/350
391/391 - 25s - loss: 0.1970 - accuracy: 0.9447 - val_loss: 0.4272 - val_accuracy: 0.8943
Epoch 149/350
391/391 - 25s - loss: 0.2069 - accuracy: 0.9407 - val_loss: 0.4047 - val_accuracy: 0.8979
Epoch 150/350


Snapshot weight 6 shuffle 1 at epoch 150
Layer 11
Getting activations...


391/391 - 25s - loss: 0.2008 - accuracy: 0.9435 - val_loss: 0.4354 - val_accuracy: 0.9001
Epoch 151/350
391/391 - 25s - loss: 0.1990 - accuracy: 0.9435 - val_loss: 0.4631 - val_accuracy: 0.8908
Epoch 152/350
391/391 - 25s - loss: 0.1980 - accuracy: 0.9449 - val_loss: 0.4090 - val_accuracy: 0.9001
Epoch 153/350
391/391 - 25s - loss: 0.1978 - accuracy: 0.9453 - val_loss: 0.4245 - val_accuracy: 0.8987
Epoch 154/350
391/391 - 24s - loss: 0.1950 - accuracy: 0.9458 - val_loss: 0.4219 - val_accuracy: 0.8983
Epoch 155/350
391/391 - 25s - loss: 0.1952 - accuracy: 0.9452 - val_loss: 0.4191 - val_accuracy: 0.8970
Epoch 156/350
391/391 - 25s - loss: 0.1971 - accuracy: 0.9451 - val_loss: 0.4239 - val_accuracy: 0.8967
Epoch 157/350
391/391 - 25s - loss: 0.1890 - accuracy: 0.9479 - val_loss: 0.4141 - val_accuracy: 0.8946
Epoch 158/350
391/391 - 25s - loss: 0.1967 - accuracy: 0.9457 - val_loss: 0.4213 - val_accuracy: 0.8992
Epoch 159/350
391/391 - 25s - loss: 0.1918 - accuracy: 0.9469 - val_loss: 0.3980 - val_accuracy: 0.9021
Epoch 160/350
391/391 - 25s - loss: 0.1948 - accuracy: 0.9453 - val_loss: 0.4280 - val_accuracy: 0.8949
Epoch 161/350
391/391 - 25s - loss: 0.1863 - accuracy: 0.9478 - val_loss: 0.4236 - val_accuracy: 0.8959
Epoch 162/350
391/391 - 24s - loss: 0.1882 - accuracy: 0.9486 - val_loss: 0.4147 - val_accuracy: 0.8946
Epoch 163/350
391/391 - 25s - loss: 0.1874 - accuracy: 0.9496 - val_loss: 0.4392 - val_accuracy: 0.8985
Epoch 164/350
391/391 - 25s - loss: 0.1873 - accuracy: 0.9487 - val_loss: 0.4126 - val_accuracy: 0.8992
Epoch 165/350
391/391 - 25s - loss: 0.1846 - accuracy: 0.9500 - val_loss: 0.4695 - val_accuracy: 0.8907
Epoch 166/350
391/391 - 25s - loss: 0.1883 - accuracy: 0.9482 - val_loss: 0.4161 - val_accuracy: 0.9000
Epoch 167/350
391/391 - 25s - loss: 0.1845 - accuracy: 0.9509 - val_loss: 0.4170 - val_accuracy: 0.9012
Epoch 168/350
391/391 - 25s - loss: 0.1851 - accuracy: 0.9493 - val_loss: 0.4356 - val_accuracy: 0.8980
Epoch 169/350
391/391 - 25s - loss: 0.1866 - accuracy: 0.9484 - val_loss: 0.4048 - val_accuracy: 0.9026
Epoch 170/350
391/391 - 24s - loss: 0.1821 - accuracy: 0.9498 - val_loss: 0.4325 - val_accuracy: 0.8982
Epoch 171/350
391/391 - 24s - loss: 0.1814 - accuracy: 0.9510 - val_loss: 0.4415 - val_accuracy: 0.8958
Epoch 172/350
391/391 - 25s - loss: 0.1826 - accuracy: 0.9517 - val_loss: 0.4411 - val_accuracy: 0.8921
Epoch 173/350
391/391 - 24s - loss: 0.1841 - accuracy: 0.9505 - val_loss: 0.4390 - val_accuracy: 0.8976
Epoch 174/350
391/391 - 25s - loss: 0.1812 - accuracy: 0.9504 - val_loss: 0.4374 - val_accuracy: 0.9017
Epoch 175/350
391/391 - 25s - loss: 0.1785 - accuracy: 0.9515 - val_loss: 0.4368 - val_accuracy: 0.8963
Epoch 176/350
391/391 - 25s - loss: 0.1781 - accuracy: 0.9521 - val_loss: 0.4494 - val_accuracy: 0.8917
Epoch 177/350
391/391 - 25s - loss: 0.1804 - accuracy: 0.9521 - val_loss: 0.4410 - val_accuracy: 0.8952
Epoch 178/350
391/391 - 25s - loss: 0.1760 - accuracy: 0.9513 - val_loss: 0.4429 - val_accuracy: 0.8967
Epoch 179/350
391/391 - 25s - loss: 0.1831 - accuracy: 0.9506 - val_loss: 0.4176 - val_accuracy: 0.8999
Epoch 180/350
391/391 - 25s - loss: 0.1748 - accuracy: 0.9533 - val_loss: 0.4449 - val_accuracy: 0.8959
Epoch 181/350
391/391 - 24s - loss: 0.1719 - accuracy: 0.9546 - val_loss: 0.4401 - val_accuracy: 0.8996
Epoch 182/350
391/391 - 24s - loss: 0.1716 - accuracy: 0.9548 - val_loss: 0.4491 - val_accuracy: 0.8995
Epoch 183/350
391/391 - 25s - loss: 0.1710 - accuracy: 0.9557 - val_loss: 0.4595 - val_accuracy: 0.8954
Epoch 184/350
391/391 - 25s - loss: 0.1780 - accuracy: 0.9524 - val_loss: 0.4678 - val_accuracy: 0.8944
Epoch 185/350
391/391 - 25s - loss: 0.1730 - accuracy: 0.9546 - val_loss: 0.4493 - val_accuracy: 0.8957
Epoch 186/350
391/391 - 24s - loss: 0.1700 - accuracy: 0.9553 - val_loss: 0.4170 - val_accuracy: 0.9054
Epoch 187/350
391/391 - 25s - loss: 0.1722 - accuracy: 0.9549 - val_loss: 0.4161 - val_accuracy: 0.9035
Epoch 188/350
391/391 - 25s - loss: 0.1696 - accuracy: 0.9564 - val_loss: 0.4339 - val_accuracy: 0.9016
Epoch 189/350
391/391 - 25s - loss: 0.1666 - accuracy: 0.9565 - val_loss: 0.4325 - val_accuracy: 0.9027
Epoch 190/350
391/391 - 25s - loss: 0.1716 - accuracy: 0.9545 - val_loss: 0.4678 - val_accuracy: 0.8971
Epoch 191/350
391/391 - 25s - loss: 0.1749 - accuracy: 0.9544 - val_loss: 0.4407 - val_accuracy: 0.8991
Epoch 192/350
391/391 - 25s - loss: 0.1684 - accuracy: 0.9562 - val_loss: 0.4601 - val_accuracy: 0.8951
Epoch 193/350
391/391 - 25s - loss: 0.1669 - accuracy: 0.9568 - val_loss: 0.4317 - val_accuracy: 0.9034
Epoch 194/350
391/391 - 25s - loss: 0.1676 - accuracy: 0.9572 - val_loss: 0.4554 - val_accuracy: 0.8973
Epoch 195/350
391/391 - 25s - loss: 0.1709 - accuracy: 0.9550 - val_loss: 0.4276 - val_accuracy: 0.9012
Epoch 196/350
391/391 - 25s - loss: 0.1673 - accuracy: 0.9563 - val_loss: 0.4364 - val_accuracy: 0.9025
Epoch 197/350
391/391 - 24s - loss: 0.1659 - accuracy: 0.9563 - val_loss: 0.4538 - val_accuracy: 0.8964
Epoch 198/350
391/391 - 25s - loss: 0.1689 - accuracy: 0.9569 - val_loss: 0.4406 - val_accuracy: 0.8964
Epoch 199/350
391/391 - 25s - loss: 0.1673 - accuracy: 0.9566 - val_loss: 0.4358 - val_accuracy: 0.9052
Epoch 200/350


Snapshot weight 6 shuffle 1 at epoch 200
Layer 11
Getting activations...


391/391 - 25s - loss: 0.1636 - accuracy: 0.9584 - val_loss: 0.4745 - val_accuracy: 0.8984
Epoch 201/350
391/391 - 25s - loss: 0.1470 - accuracy: 0.9650 - val_loss: 0.4356 - val_accuracy: 0.9051
Epoch 202/350
391/391 - 25s - loss: 0.1282 - accuracy: 0.9708 - val_loss: 0.4347 - val_accuracy: 0.9090
Epoch 203/350
391/391 - 25s - loss: 0.1230 - accuracy: 0.9733 - val_loss: 0.4405 - val_accuracy: 0.9084
Epoch 204/350
391/391 - 25s - loss: 0.1199 - accuracy: 0.9740 - val_loss: 0.4485 - val_accuracy: 0.9085
Epoch 205/350
391/391 - 25s - loss: 0.1213 - accuracy: 0.9729 - val_loss: 0.4453 - val_accuracy: 0.9092
Epoch 206/350
391/391 - 25s - loss: 0.1195 - accuracy: 0.9737 - val_loss: 0.4463 - val_accuracy: 0.9103
Epoch 207/350
391/391 - 24s - loss: 0.1191 - accuracy: 0.9745 - val_loss: 0.4421 - val_accuracy: 0.9102
Epoch 208/350
391/391 - 25s - loss: 0.1173 - accuracy: 0.9747 - val_loss: 0.4493 - val_accuracy: 0.9092
Epoch 209/350
391/391 - 25s - loss: 0.1183 - accuracy: 0.9738 - val_loss: 0.4459 - val_accuracy: 0.9108
Epoch 210/350
391/391 - 25s - loss: 0.1176 - accuracy: 0.9746 - val_loss: 0.4495 - val_accuracy: 0.9093
Epoch 211/350
391/391 - 25s - loss: 0.1141 - accuracy: 0.9748 - val_loss: 0.4563 - val_accuracy: 0.9075
Epoch 212/350
391/391 - 25s - loss: 0.1139 - accuracy: 0.9757 - val_loss: 0.4558 - val_accuracy: 0.9081
Epoch 213/350
391/391 - 25s - loss: 0.1144 - accuracy: 0.9750 - val_loss: 0.4542 - val_accuracy: 0.9108
Epoch 214/350
391/391 - 25s - loss: 0.1147 - accuracy: 0.9747 - val_loss: 0.4498 - val_accuracy: 0.9108
Epoch 215/350
391/391 - 25s - loss: 0.1137 - accuracy: 0.9755 - val_loss: 0.4537 - val_accuracy: 0.9096
Epoch 216/350
391/391 - 24s - loss: 0.1125 - accuracy: 0.9764 - val_loss: 0.4649 - val_accuracy: 0.9094
Epoch 217/350
391/391 - 25s - loss: 0.1152 - accuracy: 0.9743 - val_loss: 0.4573 - val_accuracy: 0.9101
Epoch 218/350
391/391 - 25s - loss: 0.1121 - accuracy: 0.9767 - val_loss: 0.4564 - val_accuracy: 0.9106
Epoch 219/350
391/391 - 25s - loss: 0.1117 - accuracy: 0.9761 - val_loss: 0.4593 - val_accuracy: 0.9088
Epoch 220/350
391/391 - 24s - loss: 0.1151 - accuracy: 0.9752 - val_loss: 0.4519 - val_accuracy: 0.9093
Epoch 221/350
391/391 - 24s - loss: 0.1095 - accuracy: 0.9771 - val_loss: 0.4660 - val_accuracy: 0.9106
Epoch 222/350
391/391 - 25s - loss: 0.1137 - accuracy: 0.9749 - val_loss: 0.4625 - val_accuracy: 0.9100
Epoch 223/350
391/391 - 25s - loss: 0.1084 - accuracy: 0.9774 - val_loss: 0.4525 - val_accuracy: 0.9122
Epoch 224/350
391/391 - 25s - loss: 0.1089 - accuracy: 0.9778 - val_loss: 0.4597 - val_accuracy: 0.9119
Epoch 225/350
391/391 - 25s - loss: 0.1113 - accuracy: 0.9769 - val_loss: 0.4521 - val_accuracy: 0.9107
Epoch 226/350
391/391 - 25s - loss: 0.1085 - accuracy: 0.9774 - val_loss: 0.4586 - val_accuracy: 0.9116
Epoch 227/350
391/391 - 25s - loss: 0.1106 - accuracy: 0.9767 - val_loss: 0.4604 - val_accuracy: 0.9106
Epoch 228/350
391/391 - 25s - loss: 0.1085 - accuracy: 0.9779 - val_loss: 0.4629 - val_accuracy: 0.9112
Epoch 229/350
391/391 - 25s - loss: 0.1085 - accuracy: 0.9774 - val_loss: 0.4622 - val_accuracy: 0.9106
Epoch 230/350
391/391 - 25s - loss: 0.1114 - accuracy: 0.9765 - val_loss: 0.4677 - val_accuracy: 0.9109
Epoch 231/350
391/391 - 25s - loss: 0.1090 - accuracy: 0.9775 - val_loss: 0.4594 - val_accuracy: 0.9116
Epoch 232/350
391/391 - 25s - loss: 0.1084 - accuracy: 0.9776 - val_loss: 0.4545 - val_accuracy: 0.9105
Epoch 233/350
391/391 - 25s - loss: 0.1082 - accuracy: 0.9783 - val_loss: 0.4656 - val_accuracy: 0.9112
Epoch 234/350
391/391 - 24s - loss: 0.1069 - accuracy: 0.9779 - val_loss: 0.4635 - val_accuracy: 0.9113
Epoch 235/350
391/391 - 25s - loss: 0.1062 - accuracy: 0.9781 - val_loss: 0.4689 - val_accuracy: 0.9107
Epoch 236/350
391/391 - 24s - loss: 0.1069 - accuracy: 0.9775 - val_loss: 0.4664 - val_accuracy: 0.9098
Epoch 237/350
391/391 - 25s - loss: 0.1068 - accuracy: 0.9777 - val_loss: 0.4610 - val_accuracy: 0.9110
Epoch 238/350
391/391 - 25s - loss: 0.1074 - accuracy: 0.9780 - val_loss: 0.4584 - val_accuracy: 0.9118
Epoch 239/350
391/391 - 25s - loss: 0.1057 - accuracy: 0.9783 - val_loss: 0.4649 - val_accuracy: 0.9119
Epoch 240/350
391/391 - 24s - loss: 0.1051 - accuracy: 0.9790 - val_loss: 0.4628 - val_accuracy: 0.9114
Epoch 241/350
391/391 - 25s - loss: 0.1052 - accuracy: 0.9793 - val_loss: 0.4601 - val_accuracy: 0.9109
Epoch 242/350
391/391 - 25s - loss: 0.1056 - accuracy: 0.9784 - val_loss: 0.4649 - val_accuracy: 0.9110
Epoch 243/350
391/391 - 25s - loss: 0.1081 - accuracy: 0.9772 - val_loss: 0.4628 - val_accuracy: 0.9111
Epoch 244/350
391/391 - 24s - loss: 0.1067 - accuracy: 0.9785 - val_loss: 0.4626 - val_accuracy: 0.9108
Epoch 245/350
391/391 - 25s - loss: 0.1055 - accuracy: 0.9790 - val_loss: 0.4653 - val_accuracy: 0.9104
Epoch 246/350
391/391 - 25s - loss: 0.1062 - accuracy: 0.9786 - val_loss: 0.4668 - val_accuracy: 0.9108
Epoch 247/350
391/391 - 25s - loss: 0.1046 - accuracy: 0.9791 - val_loss: 0.4672 - val_accuracy: 0.9105
Epoch 248/350
391/391 - 25s - loss: 0.1024 - accuracy: 0.9801 - val_loss: 0.4659 - val_accuracy: 0.9120
Epoch 249/350
391/391 - 24s - loss: 0.1028 - accuracy: 0.9796 - val_loss: 0.4774 - val_accuracy: 0.9115
Epoch 250/350


Snapshot weight 6 shuffle 1 at epoch 250
Layer 11
Getting activations...


391/391 - 25s - loss: 0.1038 - accuracy: 0.9788 - val_loss: 0.4671 - val_accuracy: 0.9107
Epoch 251/350
391/391 - 25s - loss: 0.1033 - accuracy: 0.9792 - val_loss: 0.4697 - val_accuracy: 0.9109
Epoch 252/350
391/391 - 25s - loss: 0.1037 - accuracy: 0.9795 - val_loss: 0.4681 - val_accuracy: 0.9106
Epoch 253/350
391/391 - 24s - loss: 0.1044 - accuracy: 0.9789 - val_loss: 0.4684 - val_accuracy: 0.9107
Epoch 254/350
391/391 - 25s - loss: 0.0981 - accuracy: 0.9809 - val_loss: 0.4690 - val_accuracy: 0.9105
Epoch 255/350
391/391 - 25s - loss: 0.1010 - accuracy: 0.9799 - val_loss: 0.4679 - val_accuracy: 0.9108
Epoch 256/350
391/391 - 25s - loss: 0.1006 - accuracy: 0.9799 - val_loss: 0.4714 - val_accuracy: 0.9114
Epoch 257/350
391/391 - 25s - loss: 0.1006 - accuracy: 0.9804 - val_loss: 0.4721 - val_accuracy: 0.9102
Epoch 258/350
391/391 - 25s - loss: 0.1006 - accuracy: 0.9804 - val_loss: 0.4736 - val_accuracy: 0.9107
Epoch 259/350
391/391 - 25s - loss: 0.0997 - accuracy: 0.9806 - val_loss: 0.4735 - val_accuracy: 0.9111
Epoch 260/350
391/391 - 25s - loss: 0.1007 - accuracy: 0.9798 - val_loss: 0.4748 - val_accuracy: 0.9105
Epoch 261/350
391/391 - 25s - loss: 0.1010 - accuracy: 0.9801 - val_loss: 0.4726 - val_accuracy: 0.9101
Epoch 262/350
391/391 - 25s - loss: 0.1021 - accuracy: 0.9803 - val_loss: 0.4731 - val_accuracy: 0.9111
Epoch 263/350
391/391 - 25s - loss: 0.0998 - accuracy: 0.9800 - val_loss: 0.4713 - val_accuracy: 0.9118
Epoch 264/350
391/391 - 25s - loss: 0.1008 - accuracy: 0.9802 - val_loss: 0.4706 - val_accuracy: 0.9120
Epoch 265/350
391/391 - 24s - loss: 0.0997 - accuracy: 0.9807 - val_loss: 0.4714 - val_accuracy: 0.9106
Epoch 266/350
391/391 - 25s - loss: 0.1011 - accuracy: 0.9807 - val_loss: 0.4722 - val_accuracy: 0.9116
Epoch 267/350
391/391 - 25s - loss: 0.1007 - accuracy: 0.9806 - val_loss: 0.4735 - val_accuracy: 0.9116
Epoch 268/350
391/391 - 25s - loss: 0.1014 - accuracy: 0.9801 - val_loss: 0.4733 - val_accuracy: 0.9115
Epoch 269/350
391/391 - 25s - loss: 0.0985 - accuracy: 0.9810 - val_loss: 0.4725 - val_accuracy: 0.9116
Epoch 270/350
391/391 - 25s - loss: 0.1028 - accuracy: 0.9794 - val_loss: 0.4729 - val_accuracy: 0.9111
Epoch 271/350
391/391 - 25s - loss: 0.0985 - accuracy: 0.9816 - val_loss: 0.4728 - val_accuracy: 0.9107
Epoch 272/350
391/391 - 25s - loss: 0.0999 - accuracy: 0.9798 - val_loss: 0.4750 - val_accuracy: 0.9110
Epoch 273/350
391/391 - 25s - loss: 0.1003 - accuracy: 0.9810 - val_loss: 0.4720 - val_accuracy: 0.9114
Epoch 274/350
391/391 - 25s - loss: 0.0993 - accuracy: 0.9810 - val_loss: 0.4735 - val_accuracy: 0.9114
Epoch 275/350
391/391 - 25s - loss: 0.1024 - accuracy: 0.9796 - val_loss: 0.4758 - val_accuracy: 0.9111
Epoch 276/350
391/391 - 25s - loss: 0.1026 - accuracy: 0.9794 - val_loss: 0.4733 - val_accuracy: 0.9114
Epoch 277/350
391/391 - 24s - loss: 0.0996 - accuracy: 0.9804 - val_loss: 0.4726 - val_accuracy: 0.9116
Epoch 278/350
391/391 - 25s - loss: 0.1000 - accuracy: 0.9800 - val_loss: 0.4722 - val_accuracy: 0.9118
Epoch 279/350
391/391 - 25s - loss: 0.0984 - accuracy: 0.9810 - val_loss: 0.4745 - val_accuracy: 0.9113
Epoch 280/350
391/391 - 25s - loss: 0.1010 - accuracy: 0.9801 - val_loss: 0.4756 - val_accuracy: 0.9117
Epoch 281/350
391/391 - 25s - loss: 0.1006 - accuracy: 0.9800 - val_loss: 0.4733 - val_accuracy: 0.9118
Epoch 282/350
391/391 - 24s - loss: 0.1006 - accuracy: 0.9800 - val_loss: 0.4735 - val_accuracy: 0.9119
Epoch 283/350
391/391 - 25s - loss: 0.0993 - accuracy: 0.9803 - val_loss: 0.4723 - val_accuracy: 0.9114
Epoch 284/350
391/391 - 25s - loss: 0.1019 - accuracy: 0.9798 - val_loss: 0.4736 - val_accuracy: 0.9115
Epoch 285/350
391/391 - 25s - loss: 0.1030 - accuracy: 0.9788 - val_loss: 0.4710 - val_accuracy: 0.9120
Epoch 286/350
391/391 - 25s - loss: 0.0993 - accuracy: 0.9804 - val_loss: 0.4734 - val_accuracy: 0.9107
Epoch 287/350
391/391 - 25s - loss: 0.1011 - accuracy: 0.9802 - val_loss: 0.4707 - val_accuracy: 0.9118
Epoch 288/350
391/391 - 25s - loss: 0.0983 - accuracy: 0.9808 - val_loss: 0.4724 - val_accuracy: 0.9114
Epoch 289/350
391/391 - 25s - loss: 0.1009 - accuracy: 0.9806 - val_loss: 0.4692 - val_accuracy: 0.9116
Epoch 290/350
391/391 - 25s - loss: 0.1007 - accuracy: 0.9803 - val_loss: 0.4716 - val_accuracy: 0.9111
Epoch 291/350
391/391 - 24s - loss: 0.1006 - accuracy: 0.9803 - val_loss: 0.4731 - val_accuracy: 0.9104
Epoch 292/350
391/391 - 25s - loss: 0.1012 - accuracy: 0.9801 - val_loss: 0.4724 - val_accuracy: 0.9122
Epoch 293/350
391/391 - 25s - loss: 0.1016 - accuracy: 0.9800 - val_loss: 0.4715 - val_accuracy: 0.9117
Epoch 294/350
391/391 - 25s - loss: 0.1007 - accuracy: 0.9804 - val_loss: 0.4705 - val_accuracy: 0.9125
Epoch 295/350
391/391 - 25s - loss: 0.1007 - accuracy: 0.9803 - val_loss: 0.4709 - val_accuracy: 0.9125
Epoch 296/350
391/391 - 25s - loss: 0.0983 - accuracy: 0.9810 - val_loss: 0.4712 - val_accuracy: 0.9119
Epoch 297/350
391/391 - 25s - loss: 0.0977 - accuracy: 0.9810 - val_loss: 0.4729 - val_accuracy: 0.9116
Epoch 298/350
391/391 - 25s - loss: 0.0975 - accuracy: 0.9812 - val_loss: 0.4741 - val_accuracy: 0.9114
Epoch 299/350
391/391 - 24s - loss: 0.1003 - accuracy: 0.9805 - val_loss: 0.4721 - val_accuracy: 0.9108
Epoch 300/350


Snapshot weight 6 shuffle 1 at epoch 300
Layer 11
Getting activations...


391/391 - 25s - loss: 0.0997 - accuracy: 0.9811 - val_loss: 0.4704 - val_accuracy: 0.9115
Epoch 301/350
391/391 - 25s - loss: 0.0990 - accuracy: 0.9810 - val_loss: 0.4710 - val_accuracy: 0.9114
Epoch 302/350
391/391 - 25s - loss: 0.0980 - accuracy: 0.9812 - val_loss: 0.4712 - val_accuracy: 0.9112
Epoch 303/350
391/391 - 25s - loss: 0.0985 - accuracy: 0.9806 - val_loss: 0.4714 - val_accuracy: 0.9114
Epoch 304/350
391/391 - 25s - loss: 0.0983 - accuracy: 0.9811 - val_loss: 0.4717 - val_accuracy: 0.9113
Epoch 305/350
391/391 - 25s - loss: 0.0992 - accuracy: 0.9809 - val_loss: 0.4722 - val_accuracy: 0.9115
Epoch 306/350
391/391 - 25s - loss: 0.0986 - accuracy: 0.9813 - val_loss: 0.4726 - val_accuracy: 0.9114
Epoch 307/350
391/391 - 25s - loss: 0.0996 - accuracy: 0.9801 - val_loss: 0.4726 - val_accuracy: 0.9115
Epoch 308/350
391/391 - 25s - loss: 0.0981 - accuracy: 0.9809 - val_loss: 0.4728 - val_accuracy: 0.9116
Epoch 309/350
391/391 - 25s - loss: 0.0997 - accuracy: 0.9804 - val_loss: 0.4728 - val_accuracy: 0.9114
Epoch 310/350
391/391 - 25s - loss: 0.0989 - accuracy: 0.9803 - val_loss: 0.4728 - val_accuracy: 0.9116
Epoch 311/350
391/391 - 25s - loss: 0.1003 - accuracy: 0.9806 - val_loss: 0.4726 - val_accuracy: 0.9115
Epoch 312/350
391/391 - 25s - loss: 0.1005 - accuracy: 0.9796 - val_loss: 0.4726 - val_accuracy: 0.9120
Epoch 313/350
391/391 - 25s - loss: 0.0997 - accuracy: 0.9804 - val_loss: 0.4729 - val_accuracy: 0.9119
Epoch 314/350
391/391 - 25s - loss: 0.0981 - accuracy: 0.9809 - val_loss: 0.4732 - val_accuracy: 0.9114
Epoch 315/350
391/391 - 25s - loss: 0.0988 - accuracy: 0.9810 - val_loss: 0.4733 - val_accuracy: 0.9111
Epoch 316/350
391/391 - 25s - loss: 0.0986 - accuracy: 0.9812 - val_loss: 0.4734 - val_accuracy: 0.9113
Epoch 317/350
391/391 - 25s - loss: 0.0994 - accuracy: 0.9806 - val_loss: 0.4736 - val_accuracy: 0.9112
Epoch 318/350
391/391 - 25s - loss: 0.1002 - accuracy: 0.9811 - val_loss: 0.4733 - val_accuracy: 0.9114
Epoch 319/350
391/391 - 25s - loss: 0.0984 - accuracy: 0.9806 - val_loss: 0.4733 - val_accuracy: 0.9119
Epoch 320/350
391/391 - 25s - loss: 0.1000 - accuracy: 0.9809 - val_loss: 0.4737 - val_accuracy: 0.9113
Epoch 321/350
391/391 - 25s - loss: 0.1001 - accuracy: 0.9803 - val_loss: 0.4737 - val_accuracy: 0.9112
Epoch 322/350
391/391 - 25s - loss: 0.0997 - accuracy: 0.9816 - val_loss: 0.4738 - val_accuracy: 0.9112
Epoch 323/350
391/391 - 24s - loss: 0.0996 - accuracy: 0.9804 - val_loss: 0.4737 - val_accuracy: 0.9115
Epoch 324/350
391/391 - 25s - loss: 0.0970 - accuracy: 0.9811 - val_loss: 0.4738 - val_accuracy: 0.9115
Epoch 325/350
391/391 - 25s - loss: 0.1014 - accuracy: 0.9798 - val_loss: 0.4735 - val_accuracy: 0.9116
Epoch 326/350
391/391 - 25s - loss: 0.0993 - accuracy: 0.9807 - val_loss: 0.4735 - val_accuracy: 0.9114
Epoch 327/350
391/391 - 25s - loss: 0.0991 - accuracy: 0.9805 - val_loss: 0.4734 - val_accuracy: 0.9114
Epoch 328/350
391/391 - 25s - loss: 0.1006 - accuracy: 0.9802 - val_loss: 0.4735 - val_accuracy: 0.9116
Epoch 329/350
391/391 - 25s - loss: 0.1005 - accuracy: 0.9801 - val_loss: 0.4734 - val_accuracy: 0.9115
Epoch 330/350
391/391 - 25s - loss: 0.0980 - accuracy: 0.9812 - val_loss: 0.4734 - val_accuracy: 0.9116
Epoch 331/350
391/391 - 24s - loss: 0.0993 - accuracy: 0.9806 - val_loss: 0.4735 - val_accuracy: 0.9116
Epoch 332/350
391/391 - 25s - loss: 0.0991 - accuracy: 0.9810 - val_loss: 0.4734 - val_accuracy: 0.9114
Epoch 333/350
391/391 - 25s - loss: 0.1018 - accuracy: 0.9794 - val_loss: 0.4732 - val_accuracy: 0.9115
Epoch 334/350
391/391 - 25s - loss: 0.0997 - accuracy: 0.9807 - val_loss: 0.4730 - val_accuracy: 0.9115
Epoch 335/350
391/391 - 25s - loss: 0.0999 - accuracy: 0.9806 - val_loss: 0.4731 - val_accuracy: 0.9116
Epoch 336/350
391/391 - 25s - loss: 0.0982 - accuracy: 0.9811 - val_loss: 0.4732 - val_accuracy: 0.9117
Epoch 337/350
391/391 - 24s - loss: 0.1021 - accuracy: 0.9788 - val_loss: 0.4732 - val_accuracy: 0.9118
Epoch 338/350
391/391 - 25s - loss: 0.1005 - accuracy: 0.9802 - val_loss: 0.4731 - val_accuracy: 0.9117
Epoch 339/350
391/391 - 25s - loss: 0.0998 - accuracy: 0.9805 - val_loss: 0.4730 - val_accuracy: 0.9113
Epoch 340/350
391/391 - 25s - loss: 0.0991 - accuracy: 0.9810 - val_loss: 0.4731 - val_accuracy: 0.9115
Epoch 341/350
391/391 - 25s - loss: 0.0987 - accuracy: 0.9807 - val_loss: 0.4733 - val_accuracy: 0.9114
Epoch 342/350
391/391 - 25s - loss: 0.0999 - accuracy: 0.9803 - val_loss: 0.4732 - val_accuracy: 0.9117
Epoch 343/350
391/391 - 25s - loss: 0.0999 - accuracy: 0.9810 - val_loss: 0.4732 - val_accuracy: 0.9117
Epoch 344/350
391/391 - 25s - loss: 0.1007 - accuracy: 0.9804 - val_loss: 0.4735 - val_accuracy: 0.9113
Epoch 345/350
391/391 - 25s - loss: 0.0974 - accuracy: 0.9812 - val_loss: 0.4734 - val_accuracy: 0.9115
Epoch 346/350
391/391 - 25s - loss: 0.1002 - accuracy: 0.9805 - val_loss: 0.4735 - val_accuracy: 0.9114
Epoch 347/350
391/391 - 25s - loss: 0.1002 - accuracy: 0.9804 - val_loss: 0.4733 - val_accuracy: 0.9115
Epoch 348/350
391/391 - 25s - loss: 0.0999 - accuracy: 0.9805 - val_loss: 0.4733 - val_accuracy: 0.9116
Epoch 349/350
391/391 - 25s - loss: 0.0988 - accuracy: 0.9811 - val_loss: 0.4734 - val_accuracy: 0.9115
Epoch 350/350


Snapshot weight 6 shuffle 1 at epoch 350
Layer 11
Getting activations...


391/391 - 25s - loss: 0.0982 - accuracy: 0.9812 - val_loss: 0.4735 - val_accuracy: 0.9115
WARNING:tensorflow:From /usr/local/lib/python3.6/dist-packages/tensorflow/python/training/tracking/tracking.py:111: Model.state_updates (from tensorflow.python.keras.engine.training) is deprecated and will be removed in a future version.
Instructions for updating:
This property should not be used in TensorFlow 2.0, as updates are applied automatically.
2021-07-01 23:30:45.644569: W tensorflow/python/util/util.cc:348] Sets are not currently considered sequences, but this may change in the future, so consider avoiding using them.
WARNING:tensorflow:From /usr/local/lib/python3.6/dist-packages/tensorflow/python/training/tracking/tracking.py:111: Layer.updates (from tensorflow.python.keras.engine.base_layer) is deprecated and will be removed in a future version.
Instructions for updating:
This property should not be used in TensorFlow 2.0, as updates are applied automatically.
Saving, final validation acc: 0.9114999771118164
