2021-07-02 19:17:45.809913: I tensorflow/stream_executor/platform/default/dso_loader.cc:48] Successfully opened dynamic library libcudart.so.10.1
2021-07-02 19:19:13.688022: I tensorflow/stream_executor/platform/default/dso_loader.cc:48] Successfully opened dynamic library libcuda.so.1
2021-07-02 19:19:13.725059: I tensorflow/core/common_runtime/gpu/gpu_device.cc:1716] Found device 0 with properties: 
pciBusID: 0000:02:00.0 name: NVIDIA TITAN Xp computeCapability: 6.1
coreClock: 1.582GHz coreCount: 30 deviceMemorySize: 11.91GiB deviceMemoryBandwidth: 510.07GiB/s
2021-07-02 19:19:13.725165: I tensorflow/stream_executor/platform/default/dso_loader.cc:48] Successfully opened dynamic library libcudart.so.10.1
2021-07-02 19:19:13.767674: I tensorflow/stream_executor/platform/default/dso_loader.cc:48] Successfully opened dynamic library libcublas.so.10
2021-07-02 19:19:13.788851: I tensorflow/stream_executor/platform/default/dso_loader.cc:48] Successfully opened dynamic library libcufft.so.10
2021-07-02 19:19:13.797403: I tensorflow/stream_executor/platform/default/dso_loader.cc:48] Successfully opened dynamic library libcurand.so.10
2021-07-02 19:19:13.840805: I tensorflow/stream_executor/platform/default/dso_loader.cc:48] Successfully opened dynamic library libcusolver.so.10
2021-07-02 19:19:13.849542: I tensorflow/stream_executor/platform/default/dso_loader.cc:48] Successfully opened dynamic library libcusparse.so.10
2021-07-02 19:19:13.925849: I tensorflow/stream_executor/platform/default/dso_loader.cc:48] Successfully opened dynamic library libcudnn.so.7
2021-07-02 19:19:13.927838: I tensorflow/core/common_runtime/gpu/gpu_device.cc:1858] Adding visible gpu devices: 0
2021-07-02 19:19:13.931551: I tensorflow/core/platform/cpu_feature_guard.cc:142] This TensorFlow binary is optimized with oneAPI Deep Neural Network Library (oneDNN)to use the following CPU instructions in performance-critical operations:  AVX2 FMA
To enable them in other operations, rebuild TensorFlow with the appropriate compiler flags.
2021-07-02 19:19:13.947626: I tensorflow/core/platform/profile_utils/cpu_utils.cc:104] CPU Frequency: 2600265000 Hz
2021-07-02 19:19:13.947842: I tensorflow/compiler/xla/service/service.cc:168] XLA service 0x54badf0 initialized for platform Host (this does not guarantee that XLA will be used). Devices:
2021-07-02 19:19:13.947864: I tensorflow/compiler/xla/service/service.cc:176]   StreamExecutor device (0): Host, Default Version
2021-07-02 19:19:14.103987: I tensorflow/compiler/xla/service/service.cc:168] XLA service 0x549b220 initialized for platform CUDA (this does not guarantee that XLA will be used). Devices:
2021-07-02 19:19:14.104067: I tensorflow/compiler/xla/service/service.cc:176]   StreamExecutor device (0): NVIDIA TITAN Xp, Compute Capability 6.1
2021-07-02 19:19:14.106596: I tensorflow/core/common_runtime/gpu/gpu_device.cc:1716] Found device 0 with properties: 
pciBusID: 0000:02:00.0 name: NVIDIA TITAN Xp computeCapability: 6.1
coreClock: 1.582GHz coreCount: 30 deviceMemorySize: 11.91GiB deviceMemoryBandwidth: 510.07GiB/s
2021-07-02 19:19:14.106665: I tensorflow/stream_executor/platform/default/dso_loader.cc:48] Successfully opened dynamic library libcudart.so.10.1
2021-07-02 19:19:14.106698: I tensorflow/stream_executor/platform/default/dso_loader.cc:48] Successfully opened dynamic library libcublas.so.10
2021-07-02 19:19:14.106715: I tensorflow/stream_executor/platform/default/dso_loader.cc:48] Successfully opened dynamic library libcufft.so.10
2021-07-02 19:19:14.106730: I tensorflow/stream_executor/platform/default/dso_loader.cc:48] Successfully opened dynamic library libcurand.so.10
2021-07-02 19:19:14.106746: I tensorflow/stream_executor/platform/default/dso_loader.cc:48] Successfully opened dynamic library libcusolver.so.10
2021-07-02 19:19:14.106761: I tensorflow/stream_executor/platform/default/dso_loader.cc:48] Successfully opened dynamic library libcusparse.so.10
2021-07-02 19:19:14.106777: I tensorflow/stream_executor/platform/default/dso_loader.cc:48] Successfully opened dynamic library libcudnn.so.7
2021-07-02 19:19:14.111942: I tensorflow/core/common_runtime/gpu/gpu_device.cc:1858] Adding visible gpu devices: 0
2021-07-02 19:19:14.113772: I tensorflow/stream_executor/platform/default/dso_loader.cc:48] Successfully opened dynamic library libcudart.so.10.1
2021-07-02 19:19:15.968327: I tensorflow/core/common_runtime/gpu/gpu_device.cc:1257] Device interconnect StreamExecutor with strength 1 edge matrix:
2021-07-02 19:19:15.968414: I tensorflow/core/common_runtime/gpu/gpu_device.cc:1263]      0 
2021-07-02 19:19:15.968429: I tensorflow/core/common_runtime/gpu/gpu_device.cc:1276] 0:   N 
2021-07-02 19:19:15.974538: I tensorflow/core/common_runtime/gpu/gpu_device.cc:1402] Created TensorFlow device (/job:localhost/replica:0/task:0/device:GPU:0 with 11218 MB memory) -> physical GPU (device: 0, name: NVIDIA TITAN Xp, pci bus id: 0000:02:00.0, compute capability: 6.1)
2021-07-02 19:19:21.979391: I tensorflow/stream_executor/platform/default/dso_loader.cc:48] Successfully opened dynamic library libcudnn.so.7
2021-07-02 19:19:24.601878: I tensorflow/stream_executor/platform/default/dso_loader.cc:48] Successfully opened dynamic library libcublas.so.10
Using model index: 93
Making train data...
GCN...
ZCA...
Done!
Making test data...
Done!
Epoch 1/350


Snapshot weight 3 shuffle 9 at epoch 1
Layer 11
Getting activations...


391/391 - 24s - loss: 2.3237 - accuracy: 0.1146 - val_loss: 2.3148 - val_accuracy: 0.1640
Epoch 2/350


Snapshot weight 3 shuffle 9 at epoch 2
Layer 11
Getting activations...


391/391 - 23s - loss: 2.2731 - accuracy: 0.1484 - val_loss: 2.1804 - val_accuracy: 0.1902
Epoch 3/350


Snapshot weight 3 shuffle 9 at epoch 3
Layer 11
Getting activations...


391/391 - 24s - loss: 2.1367 - accuracy: 0.2179 - val_loss: 2.0900 - val_accuracy: 0.2580
Epoch 4/350


Snapshot weight 3 shuffle 9 at epoch 4
Layer 11
Getting activations...


391/391 - 23s - loss: 1.9822 - accuracy: 0.3041 - val_loss: 1.8391 - val_accuracy: 0.3462
Epoch 5/350


Snapshot weight 3 shuffle 9 at epoch 5
Layer 11
Getting activations...


391/391 - 23s - loss: 1.7489 - accuracy: 0.3870 - val_loss: 1.5793 - val_accuracy: 0.4560
Epoch 6/350


Snapshot weight 3 shuffle 9 at epoch 6
Layer 11
Getting activations...


391/391 - 24s - loss: 1.4675 - accuracy: 0.4869 - val_loss: 1.2930 - val_accuracy: 0.5422
Epoch 7/350


Snapshot weight 3 shuffle 9 at epoch 7
Layer 11
Getting activations...


391/391 - 24s - loss: 1.2826 - accuracy: 0.5456 - val_loss: 1.2990 - val_accuracy: 0.5452
Epoch 8/350


Snapshot weight 3 shuffle 9 at epoch 8
Layer 11
Getting activations...


391/391 - 23s - loss: 1.2022 - accuracy: 0.5765 - val_loss: 1.1377 - val_accuracy: 0.5941
Epoch 9/350


Snapshot weight 3 shuffle 9 at epoch 9
Layer 11
Getting activations...


391/391 - 23s - loss: 1.1381 - accuracy: 0.6020 - val_loss: 1.1437 - val_accuracy: 0.6183
Epoch 10/350


Snapshot weight 3 shuffle 9 at epoch 10
Layer 11
Getting activations...


391/391 - 24s - loss: 1.0783 - accuracy: 0.6256 - val_loss: 1.0262 - val_accuracy: 0.6429
Epoch 11/350
391/391 - 23s - loss: 1.0285 - accuracy: 0.6436 - val_loss: 0.9159 - val_accuracy: 0.6843
Epoch 12/350
391/391 - 23s - loss: 0.9963 - accuracy: 0.6559 - val_loss: 0.9183 - val_accuracy: 0.6900
Epoch 13/350
391/391 - 23s - loss: 0.9548 - accuracy: 0.6733 - val_loss: 0.9336 - val_accuracy: 0.6831
Epoch 14/350
391/391 - 23s - loss: 0.9136 - accuracy: 0.6866 - val_loss: 1.0126 - val_accuracy: 0.6554
Epoch 15/350
391/391 - 23s - loss: 0.8687 - accuracy: 0.7019 - val_loss: 0.7640 - val_accuracy: 0.7410
Epoch 16/350
391/391 - 23s - loss: 0.8443 - accuracy: 0.7142 - val_loss: 0.7943 - val_accuracy: 0.7392
Epoch 17/350
391/391 - 23s - loss: 0.8092 - accuracy: 0.7270 - val_loss: 0.7466 - val_accuracy: 0.7497
Epoch 18/350
391/391 - 23s - loss: 0.7818 - accuracy: 0.7380 - val_loss: 0.7584 - val_accuracy: 0.7454
Epoch 19/350
391/391 - 23s - loss: 0.7500 - accuracy: 0.7498 - val_loss: 0.6764 - val_accuracy: 0.7747
Epoch 20/350
391/391 - 23s - loss: 0.7334 - accuracy: 0.7546 - val_loss: 0.7143 - val_accuracy: 0.7681
Epoch 21/350
391/391 - 23s - loss: 0.7151 - accuracy: 0.7602 - val_loss: 0.6336 - val_accuracy: 0.7912
Epoch 22/350
391/391 - 24s - loss: 0.6945 - accuracy: 0.7688 - val_loss: 0.6478 - val_accuracy: 0.7875
Epoch 23/350
391/391 - 23s - loss: 0.6708 - accuracy: 0.7770 - val_loss: 0.6193 - val_accuracy: 0.7970
Epoch 24/350
391/391 - 23s - loss: 0.6540 - accuracy: 0.7837 - val_loss: 0.6268 - val_accuracy: 0.7954
Epoch 25/350
391/391 - 23s - loss: 0.6366 - accuracy: 0.7904 - val_loss: 0.6001 - val_accuracy: 0.8017
Epoch 26/350
391/391 - 23s - loss: 0.6254 - accuracy: 0.7927 - val_loss: 0.5943 - val_accuracy: 0.8047
Epoch 27/350
391/391 - 23s - loss: 0.6100 - accuracy: 0.7987 - val_loss: 0.5631 - val_accuracy: 0.8169
Epoch 28/350
391/391 - 23s - loss: 0.6019 - accuracy: 0.8008 - val_loss: 0.6557 - val_accuracy: 0.7958
Epoch 29/350
391/391 - 23s - loss: 0.5888 - accuracy: 0.8061 - val_loss: 0.5577 - val_accuracy: 0.8170
Epoch 30/350
391/391 - 24s - loss: 0.5749 - accuracy: 0.8113 - val_loss: 0.5422 - val_accuracy: 0.8243
Epoch 31/350
391/391 - 23s - loss: 0.5603 - accuracy: 0.8153 - val_loss: 0.5160 - val_accuracy: 0.8337
Epoch 32/350
391/391 - 23s - loss: 0.5542 - accuracy: 0.8168 - val_loss: 0.5152 - val_accuracy: 0.8312
Epoch 33/350
391/391 - 23s - loss: 0.5394 - accuracy: 0.8228 - val_loss: 0.5356 - val_accuracy: 0.8280
Epoch 34/350
391/391 - 23s - loss: 0.5328 - accuracy: 0.8256 - val_loss: 0.5272 - val_accuracy: 0.8314
Epoch 35/350
391/391 - 23s - loss: 0.5247 - accuracy: 0.8285 - val_loss: 0.4961 - val_accuracy: 0.8443
Epoch 36/350
391/391 - 23s - loss: 0.5182 - accuracy: 0.8296 - val_loss: 0.5230 - val_accuracy: 0.8337
Epoch 37/350
391/391 - 23s - loss: 0.5048 - accuracy: 0.8344 - val_loss: 0.5430 - val_accuracy: 0.8294
Epoch 38/350
391/391 - 23s - loss: 0.4969 - accuracy: 0.8366 - val_loss: 0.4964 - val_accuracy: 0.8405
Epoch 39/350
391/391 - 23s - loss: 0.4867 - accuracy: 0.8412 - val_loss: 0.4828 - val_accuracy: 0.8479
Epoch 40/350
391/391 - 23s - loss: 0.4876 - accuracy: 0.8422 - val_loss: 0.5135 - val_accuracy: 0.8404
Epoch 41/350
391/391 - 23s - loss: 0.4790 - accuracy: 0.8437 - val_loss: 0.5003 - val_accuracy: 0.8435
Epoch 42/350
391/391 - 23s - loss: 0.4739 - accuracy: 0.8459 - val_loss: 0.5234 - val_accuracy: 0.8347
Epoch 43/350
391/391 - 23s - loss: 0.4629 - accuracy: 0.8472 - val_loss: 0.4705 - val_accuracy: 0.8517
Epoch 44/350
391/391 - 23s - loss: 0.4572 - accuracy: 0.8505 - val_loss: 0.4937 - val_accuracy: 0.8410
Epoch 45/350
391/391 - 23s - loss: 0.4510 - accuracy: 0.8542 - val_loss: 0.4882 - val_accuracy: 0.8522
Epoch 46/350
391/391 - 23s - loss: 0.4412 - accuracy: 0.8575 - val_loss: 0.5010 - val_accuracy: 0.8460
Epoch 47/350
391/391 - 23s - loss: 0.4409 - accuracy: 0.8588 - val_loss: 0.4972 - val_accuracy: 0.8485
Epoch 48/350
391/391 - 23s - loss: 0.4304 - accuracy: 0.8596 - val_loss: 0.4464 - val_accuracy: 0.8620
Epoch 49/350
391/391 - 23s - loss: 0.4297 - accuracy: 0.8620 - val_loss: 0.4650 - val_accuracy: 0.8572
Epoch 50/350


Snapshot weight 3 shuffle 9 at epoch 50
Layer 11
Getting activations...


391/391 - 23s - loss: 0.4193 - accuracy: 0.8651 - val_loss: 0.4567 - val_accuracy: 0.8552
Epoch 51/350
391/391 - 23s - loss: 0.4158 - accuracy: 0.8655 - val_loss: 0.4492 - val_accuracy: 0.8608
Epoch 52/350
391/391 - 23s - loss: 0.4192 - accuracy: 0.8657 - val_loss: 0.4623 - val_accuracy: 0.8586
Epoch 53/350
391/391 - 23s - loss: 0.4106 - accuracy: 0.8682 - val_loss: 0.4423 - val_accuracy: 0.8610
Epoch 54/350
391/391 - 23s - loss: 0.3993 - accuracy: 0.8717 - val_loss: 0.4538 - val_accuracy: 0.8651
Epoch 55/350
391/391 - 23s - loss: 0.4013 - accuracy: 0.8699 - val_loss: 0.4474 - val_accuracy: 0.8630
Epoch 56/350
391/391 - 23s - loss: 0.3885 - accuracy: 0.8759 - val_loss: 0.4548 - val_accuracy: 0.8609
Epoch 57/350
391/391 - 23s - loss: 0.3942 - accuracy: 0.8743 - val_loss: 0.4799 - val_accuracy: 0.8480
Epoch 58/350
391/391 - 23s - loss: 0.3837 - accuracy: 0.8758 - val_loss: 0.4698 - val_accuracy: 0.8618
Epoch 59/350
391/391 - 23s - loss: 0.3779 - accuracy: 0.8771 - val_loss: 0.4497 - val_accuracy: 0.8620
Epoch 60/350
391/391 - 23s - loss: 0.3743 - accuracy: 0.8810 - val_loss: 0.4377 - val_accuracy: 0.8702
Epoch 61/350
391/391 - 23s - loss: 0.3681 - accuracy: 0.8830 - val_loss: 0.4897 - val_accuracy: 0.8536
Epoch 62/350
391/391 - 23s - loss: 0.3691 - accuracy: 0.8831 - val_loss: 0.4549 - val_accuracy: 0.8664
Epoch 63/350
391/391 - 23s - loss: 0.3687 - accuracy: 0.8814 - val_loss: 0.4516 - val_accuracy: 0.8610
Epoch 64/350
391/391 - 23s - loss: 0.3579 - accuracy: 0.8863 - val_loss: 0.5280 - val_accuracy: 0.8482
Epoch 65/350
391/391 - 23s - loss: 0.3595 - accuracy: 0.8861 - val_loss: 0.4387 - val_accuracy: 0.8673
Epoch 66/350
391/391 - 23s - loss: 0.3535 - accuracy: 0.8874 - val_loss: 0.4568 - val_accuracy: 0.8645
Epoch 67/350
391/391 - 23s - loss: 0.3540 - accuracy: 0.8887 - val_loss: 0.4474 - val_accuracy: 0.8637
Epoch 68/350
391/391 - 23s - loss: 0.3450 - accuracy: 0.8910 - val_loss: 0.4355 - val_accuracy: 0.8725
Epoch 69/350
391/391 - 23s - loss: 0.3452 - accuracy: 0.8895 - val_loss: 0.4316 - val_accuracy: 0.8744
Epoch 70/350
391/391 - 23s - loss: 0.3451 - accuracy: 0.8898 - val_loss: 0.4008 - val_accuracy: 0.8785
Epoch 71/350
391/391 - 23s - loss: 0.3357 - accuracy: 0.8923 - val_loss: 0.4433 - val_accuracy: 0.8714
Epoch 72/350
391/391 - 23s - loss: 0.3339 - accuracy: 0.8952 - val_loss: 0.4409 - val_accuracy: 0.8699
Epoch 73/350
391/391 - 23s - loss: 0.3300 - accuracy: 0.8953 - val_loss: 0.4050 - val_accuracy: 0.8775
Epoch 74/350
391/391 - 23s - loss: 0.3259 - accuracy: 0.8976 - val_loss: 0.4353 - val_accuracy: 0.8763
Epoch 75/350
391/391 - 23s - loss: 0.3254 - accuracy: 0.8990 - val_loss: 0.4527 - val_accuracy: 0.8662
Epoch 76/350
391/391 - 23s - loss: 0.3258 - accuracy: 0.8977 - val_loss: 0.4445 - val_accuracy: 0.8770
Epoch 77/350
391/391 - 23s - loss: 0.3219 - accuracy: 0.8979 - val_loss: 0.4305 - val_accuracy: 0.8735
Epoch 78/350
391/391 - 23s - loss: 0.3175 - accuracy: 0.8992 - val_loss: 0.4133 - val_accuracy: 0.8804
Epoch 79/350
391/391 - 23s - loss: 0.3122 - accuracy: 0.9019 - val_loss: 0.4418 - val_accuracy: 0.8768
Epoch 80/350
391/391 - 23s - loss: 0.3095 - accuracy: 0.9028 - val_loss: 0.4280 - val_accuracy: 0.8745
Epoch 81/350
391/391 - 23s - loss: 0.3079 - accuracy: 0.9045 - val_loss: 0.4044 - val_accuracy: 0.8802
Epoch 82/350
391/391 - 23s - loss: 0.3064 - accuracy: 0.9046 - val_loss: 0.4077 - val_accuracy: 0.8849
Epoch 83/350
391/391 - 23s - loss: 0.3031 - accuracy: 0.9066 - val_loss: 0.4295 - val_accuracy: 0.8758
Epoch 84/350
391/391 - 23s - loss: 0.3014 - accuracy: 0.9070 - val_loss: 0.4203 - val_accuracy: 0.8766
Epoch 85/350
391/391 - 23s - loss: 0.2998 - accuracy: 0.9055 - val_loss: 0.4107 - val_accuracy: 0.8834
Epoch 86/350
391/391 - 23s - loss: 0.2941 - accuracy: 0.9079 - val_loss: 0.4887 - val_accuracy: 0.8635
Epoch 87/350
391/391 - 23s - loss: 0.2943 - accuracy: 0.9076 - val_loss: 0.4357 - val_accuracy: 0.8811
Epoch 88/350
391/391 - 23s - loss: 0.2924 - accuracy: 0.9093 - val_loss: 0.4277 - val_accuracy: 0.8768
Epoch 89/350
391/391 - 23s - loss: 0.2886 - accuracy: 0.9099 - val_loss: 0.4199 - val_accuracy: 0.8785
Epoch 90/350
391/391 - 23s - loss: 0.2913 - accuracy: 0.9095 - val_loss: 0.4241 - val_accuracy: 0.8798
Epoch 91/350
391/391 - 23s - loss: 0.2853 - accuracy: 0.9127 - val_loss: 0.4236 - val_accuracy: 0.8768
Epoch 92/350
391/391 - 23s - loss: 0.2848 - accuracy: 0.9131 - val_loss: 0.4593 - val_accuracy: 0.8758
Epoch 93/350
391/391 - 23s - loss: 0.2798 - accuracy: 0.9131 - val_loss: 0.4316 - val_accuracy: 0.8772
Epoch 94/350
391/391 - 23s - loss: 0.2787 - accuracy: 0.9136 - val_loss: 0.4351 - val_accuracy: 0.8810
Epoch 95/350
391/391 - 23s - loss: 0.2817 - accuracy: 0.9139 - val_loss: 0.4203 - val_accuracy: 0.8828
Epoch 96/350
391/391 - 23s - loss: 0.2752 - accuracy: 0.9157 - val_loss: 0.4017 - val_accuracy: 0.8851
Epoch 97/350
391/391 - 23s - loss: 0.2717 - accuracy: 0.9182 - val_loss: 0.4205 - val_accuracy: 0.8862
Epoch 98/350
391/391 - 23s - loss: 0.2756 - accuracy: 0.9160 - val_loss: 0.4108 - val_accuracy: 0.8855
Epoch 99/350
391/391 - 23s - loss: 0.2689 - accuracy: 0.9174 - val_loss: 0.4220 - val_accuracy: 0.8861
Epoch 100/350


Snapshot weight 3 shuffle 9 at epoch 100
Layer 11
Getting activations...


391/391 - 23s - loss: 0.2683 - accuracy: 0.9177 - val_loss: 0.4305 - val_accuracy: 0.8834
Epoch 101/350
391/391 - 23s - loss: 0.2656 - accuracy: 0.9182 - val_loss: 0.4365 - val_accuracy: 0.8803
Epoch 102/350
391/391 - 23s - loss: 0.2687 - accuracy: 0.9169 - val_loss: 0.3986 - val_accuracy: 0.8861
Epoch 103/350
391/391 - 23s - loss: 0.2653 - accuracy: 0.9196 - val_loss: 0.4197 - val_accuracy: 0.8837
Epoch 104/350
391/391 - 23s - loss: 0.2608 - accuracy: 0.9211 - val_loss: 0.4246 - val_accuracy: 0.8882
Epoch 105/350
391/391 - 23s - loss: 0.2572 - accuracy: 0.9229 - val_loss: 0.4078 - val_accuracy: 0.8874
Epoch 106/350
391/391 - 23s - loss: 0.2603 - accuracy: 0.9205 - val_loss: 0.4521 - val_accuracy: 0.8778
Epoch 107/350
391/391 - 23s - loss: 0.2547 - accuracy: 0.9236 - val_loss: 0.4307 - val_accuracy: 0.8848
Epoch 108/350
391/391 - 23s - loss: 0.2553 - accuracy: 0.9232 - val_loss: 0.4165 - val_accuracy: 0.8876
Epoch 109/350
391/391 - 23s - loss: 0.2542 - accuracy: 0.9238 - val_loss: 0.4179 - val_accuracy: 0.8896
Epoch 110/350
391/391 - 23s - loss: 0.2520 - accuracy: 0.9247 - val_loss: 0.4132 - val_accuracy: 0.8884
Epoch 111/350
391/391 - 23s - loss: 0.2496 - accuracy: 0.9255 - val_loss: 0.4373 - val_accuracy: 0.8852
Epoch 112/350
391/391 - 23s - loss: 0.2484 - accuracy: 0.9261 - val_loss: 0.4226 - val_accuracy: 0.8885
Epoch 113/350
391/391 - 23s - loss: 0.2427 - accuracy: 0.9270 - val_loss: 0.4358 - val_accuracy: 0.8870
Epoch 114/350
391/391 - 23s - loss: 0.2443 - accuracy: 0.9280 - val_loss: 0.4308 - val_accuracy: 0.8837
Epoch 115/350
391/391 - 23s - loss: 0.2457 - accuracy: 0.9270 - val_loss: 0.4442 - val_accuracy: 0.8856
Epoch 116/350
391/391 - 23s - loss: 0.2494 - accuracy: 0.9257 - val_loss: 0.4134 - val_accuracy: 0.8901
Epoch 117/350
391/391 - 23s - loss: 0.2411 - accuracy: 0.9270 - val_loss: 0.4143 - val_accuracy: 0.8890
Epoch 118/350
391/391 - 23s - loss: 0.2352 - accuracy: 0.9311 - val_loss: 0.4887 - val_accuracy: 0.8799
Epoch 119/350
391/391 - 23s - loss: 0.2396 - accuracy: 0.9294 - val_loss: 0.4353 - val_accuracy: 0.8886
Epoch 120/350
391/391 - 23s - loss: 0.2369 - accuracy: 0.9291 - val_loss: 0.4660 - val_accuracy: 0.8823
Epoch 121/350
391/391 - 23s - loss: 0.2360 - accuracy: 0.9300 - val_loss: 0.4475 - val_accuracy: 0.8852
Epoch 122/350
391/391 - 23s - loss: 0.2328 - accuracy: 0.9307 - val_loss: 0.4393 - val_accuracy: 0.8895
Epoch 123/350
391/391 - 23s - loss: 0.2301 - accuracy: 0.9321 - val_loss: 0.4191 - val_accuracy: 0.8911
Epoch 124/350
391/391 - 23s - loss: 0.2291 - accuracy: 0.9336 - val_loss: 0.4718 - val_accuracy: 0.8816
Epoch 125/350
391/391 - 23s - loss: 0.2302 - accuracy: 0.9322 - val_loss: 0.4058 - val_accuracy: 0.8955
Epoch 126/350
391/391 - 23s - loss: 0.2254 - accuracy: 0.9343 - val_loss: 0.4597 - val_accuracy: 0.8829
Epoch 127/350
391/391 - 23s - loss: 0.2291 - accuracy: 0.9341 - val_loss: 0.4035 - val_accuracy: 0.8946
Epoch 128/350
391/391 - 23s - loss: 0.2254 - accuracy: 0.9335 - val_loss: 0.4230 - val_accuracy: 0.8957
Epoch 129/350
391/391 - 23s - loss: 0.2203 - accuracy: 0.9371 - val_loss: 0.4326 - val_accuracy: 0.8884
Epoch 130/350
391/391 - 23s - loss: 0.2264 - accuracy: 0.9344 - val_loss: 0.4559 - val_accuracy: 0.8915
Epoch 131/350
391/391 - 23s - loss: 0.2295 - accuracy: 0.9324 - val_loss: 0.4461 - val_accuracy: 0.8882
Epoch 132/350
391/391 - 23s - loss: 0.2209 - accuracy: 0.9371 - val_loss: 0.4315 - val_accuracy: 0.8903
Epoch 133/350
391/391 - 23s - loss: 0.2165 - accuracy: 0.9377 - val_loss: 0.4664 - val_accuracy: 0.8865
Epoch 134/350
391/391 - 23s - loss: 0.2242 - accuracy: 0.9327 - val_loss: 0.4505 - val_accuracy: 0.8866
Epoch 135/350
391/391 - 23s - loss: 0.2172 - accuracy: 0.9375 - val_loss: 0.4374 - val_accuracy: 0.8920
Epoch 136/350
391/391 - 23s - loss: 0.2159 - accuracy: 0.9369 - val_loss: 0.4422 - val_accuracy: 0.8954
Epoch 137/350
391/391 - 23s - loss: 0.2180 - accuracy: 0.9373 - val_loss: 0.4102 - val_accuracy: 0.8955
Epoch 138/350
391/391 - 23s - loss: 0.2131 - accuracy: 0.9384 - val_loss: 0.4198 - val_accuracy: 0.8938
Epoch 139/350
391/391 - 23s - loss: 0.2147 - accuracy: 0.9385 - val_loss: 0.4345 - val_accuracy: 0.8944
Epoch 140/350
391/391 - 24s - loss: 0.2120 - accuracy: 0.9395 - val_loss: 0.4362 - val_accuracy: 0.8901
Epoch 141/350
391/391 - 23s - loss: 0.2065 - accuracy: 0.9422 - val_loss: 0.4549 - val_accuracy: 0.8936
Epoch 142/350
391/391 - 23s - loss: 0.2093 - accuracy: 0.9402 - val_loss: 0.4646 - val_accuracy: 0.8897
Epoch 143/350
391/391 - 23s - loss: 0.2136 - accuracy: 0.9383 - val_loss: 0.4422 - val_accuracy: 0.8885
Epoch 144/350
391/391 - 23s - loss: 0.2037 - accuracy: 0.9419 - val_loss: 0.4191 - val_accuracy: 0.8965
Epoch 145/350
391/391 - 23s - loss: 0.2061 - accuracy: 0.9426 - val_loss: 0.4397 - val_accuracy: 0.8934
Epoch 146/350
391/391 - 23s - loss: 0.2063 - accuracy: 0.9414 - val_loss: 0.4512 - val_accuracy: 0.8874
Epoch 147/350
391/391 - 23s - loss: 0.2050 - accuracy: 0.9427 - val_loss: 0.4591 - val_accuracy: 0.8889
Epoch 148/350
391/391 - 23s - loss: 0.2058 - accuracy: 0.9421 - val_loss: 0.4259 - val_accuracy: 0.8986
Epoch 149/350
391/391 - 24s - loss: 0.2037 - accuracy: 0.9427 - val_loss: 0.4543 - val_accuracy: 0.8876
Epoch 150/350


Snapshot weight 3 shuffle 9 at epoch 150
Layer 11
Getting activations...


391/391 - 23s - loss: 0.2001 - accuracy: 0.9440 - val_loss: 0.4535 - val_accuracy: 0.8917
Epoch 151/350
391/391 - 23s - loss: 0.2010 - accuracy: 0.9442 - val_loss: 0.4369 - val_accuracy: 0.8932
Epoch 152/350
391/391 - 23s - loss: 0.2011 - accuracy: 0.9438 - val_loss: 0.4332 - val_accuracy: 0.8982
Epoch 153/350
391/391 - 23s - loss: 0.1988 - accuracy: 0.9449 - val_loss: 0.4257 - val_accuracy: 0.8939
Epoch 154/350
391/391 - 23s - loss: 0.1981 - accuracy: 0.9448 - val_loss: 0.4235 - val_accuracy: 0.8956
Epoch 155/350
391/391 - 23s - loss: 0.1998 - accuracy: 0.9448 - val_loss: 0.4409 - val_accuracy: 0.8939
Epoch 156/350
391/391 - 23s - loss: 0.2021 - accuracy: 0.9430 - val_loss: 0.4554 - val_accuracy: 0.8938
Epoch 157/350
391/391 - 23s - loss: 0.1968 - accuracy: 0.9446 - val_loss: 0.4230 - val_accuracy: 0.8916
Epoch 158/350
391/391 - 23s - loss: 0.1928 - accuracy: 0.9467 - val_loss: 0.4522 - val_accuracy: 0.8932
Epoch 159/350
391/391 - 23s - loss: 0.1969 - accuracy: 0.9450 - val_loss: 0.4378 - val_accuracy: 0.8928
Epoch 160/350
391/391 - 23s - loss: 0.1938 - accuracy: 0.9469 - val_loss: 0.4355 - val_accuracy: 0.8929
Epoch 161/350
391/391 - 23s - loss: 0.1909 - accuracy: 0.9480 - val_loss: 0.4518 - val_accuracy: 0.8908
Epoch 162/350
391/391 - 23s - loss: 0.1949 - accuracy: 0.9469 - val_loss: 0.4445 - val_accuracy: 0.8938
Epoch 163/350
391/391 - 23s - loss: 0.1948 - accuracy: 0.9464 - val_loss: 0.4648 - val_accuracy: 0.8907
Epoch 164/350
391/391 - 23s - loss: 0.1911 - accuracy: 0.9477 - val_loss: 0.4517 - val_accuracy: 0.8979
Epoch 165/350
391/391 - 23s - loss: 0.1930 - accuracy: 0.9465 - val_loss: 0.4419 - val_accuracy: 0.8921
Epoch 166/350
391/391 - 23s - loss: 0.1874 - accuracy: 0.9496 - val_loss: 0.4881 - val_accuracy: 0.8865
Epoch 167/350
391/391 - 23s - loss: 0.1907 - accuracy: 0.9483 - val_loss: 0.4278 - val_accuracy: 0.8973
Epoch 168/350
391/391 - 23s - loss: 0.1884 - accuracy: 0.9486 - val_loss: 0.4298 - val_accuracy: 0.8958
Epoch 169/350
391/391 - 23s - loss: 0.1879 - accuracy: 0.9494 - val_loss: 0.4524 - val_accuracy: 0.8954
Epoch 170/350
391/391 - 23s - loss: 0.1867 - accuracy: 0.9486 - val_loss: 0.4430 - val_accuracy: 0.8969
Epoch 171/350
391/391 - 23s - loss: 0.1884 - accuracy: 0.9491 - val_loss: 0.4856 - val_accuracy: 0.8896
Epoch 172/350
391/391 - 23s - loss: 0.1917 - accuracy: 0.9484 - val_loss: 0.4542 - val_accuracy: 0.8924
Epoch 173/350
391/391 - 23s - loss: 0.1877 - accuracy: 0.9497 - val_loss: 0.4315 - val_accuracy: 0.8984
Epoch 174/350
391/391 - 23s - loss: 0.1854 - accuracy: 0.9501 - val_loss: 0.4536 - val_accuracy: 0.8949
Epoch 175/350
391/391 - 23s - loss: 0.1823 - accuracy: 0.9506 - val_loss: 0.4480 - val_accuracy: 0.8968
Epoch 176/350
391/391 - 23s - loss: 0.1825 - accuracy: 0.9509 - val_loss: 0.4540 - val_accuracy: 0.8996
Epoch 177/350
391/391 - 23s - loss: 0.1802 - accuracy: 0.9527 - val_loss: 0.4434 - val_accuracy: 0.8976
Epoch 178/350
391/391 - 23s - loss: 0.1825 - accuracy: 0.9515 - val_loss: 0.4327 - val_accuracy: 0.8978
Epoch 179/350
391/391 - 23s - loss: 0.1785 - accuracy: 0.9518 - val_loss: 0.4722 - val_accuracy: 0.8971
Epoch 180/350
391/391 - 23s - loss: 0.1771 - accuracy: 0.9520 - val_loss: 0.4632 - val_accuracy: 0.8960
Epoch 181/350
391/391 - 23s - loss: 0.1846 - accuracy: 0.9513 - val_loss: 0.4717 - val_accuracy: 0.8916
Epoch 182/350
391/391 - 23s - loss: 0.1791 - accuracy: 0.9515 - val_loss: 0.4432 - val_accuracy: 0.8973
Epoch 183/350
391/391 - 23s - loss: 0.1825 - accuracy: 0.9507 - val_loss: 0.4327 - val_accuracy: 0.8996
Epoch 184/350
391/391 - 23s - loss: 0.1764 - accuracy: 0.9534 - val_loss: 0.4651 - val_accuracy: 0.8937
Epoch 185/350
391/391 - 23s - loss: 0.1773 - accuracy: 0.9526 - val_loss: 0.4810 - val_accuracy: 0.8922
Epoch 186/350
391/391 - 23s - loss: 0.1807 - accuracy: 0.9517 - val_loss: 0.4555 - val_accuracy: 0.8899
Epoch 187/350
391/391 - 23s - loss: 0.1765 - accuracy: 0.9532 - val_loss: 0.4728 - val_accuracy: 0.8930
Epoch 188/350
391/391 - 23s - loss: 0.1752 - accuracy: 0.9534 - val_loss: 0.4540 - val_accuracy: 0.8962
Epoch 189/350
391/391 - 23s - loss: 0.1720 - accuracy: 0.9555 - val_loss: 0.4601 - val_accuracy: 0.8961
Epoch 190/350
391/391 - 23s - loss: 0.1750 - accuracy: 0.9539 - val_loss: 0.4853 - val_accuracy: 0.8948
Epoch 191/350
391/391 - 23s - loss: 0.1737 - accuracy: 0.9543 - val_loss: 0.4647 - val_accuracy: 0.8990
Epoch 192/350
391/391 - 23s - loss: 0.1729 - accuracy: 0.9545 - val_loss: 0.5032 - val_accuracy: 0.8906
Epoch 193/350
391/391 - 23s - loss: 0.1701 - accuracy: 0.9555 - val_loss: 0.4403 - val_accuracy: 0.9004
Epoch 194/350
391/391 - 23s - loss: 0.1732 - accuracy: 0.9548 - val_loss: 0.4587 - val_accuracy: 0.8981
Epoch 195/350
391/391 - 23s - loss: 0.1713 - accuracy: 0.9557 - val_loss: 0.4827 - val_accuracy: 0.8898
Epoch 196/350
391/391 - 23s - loss: 0.1684 - accuracy: 0.9560 - val_loss: 0.5054 - val_accuracy: 0.8946
Epoch 197/350
391/391 - 23s - loss: 0.1710 - accuracy: 0.9561 - val_loss: 0.4694 - val_accuracy: 0.8941
Epoch 198/350
391/391 - 23s - loss: 0.1727 - accuracy: 0.9541 - val_loss: 0.4782 - val_accuracy: 0.9014
Epoch 199/350
391/391 - 23s - loss: 0.1688 - accuracy: 0.9563 - val_loss: 0.4674 - val_accuracy: 0.8988
Epoch 200/350


Snapshot weight 3 shuffle 9 at epoch 200
Layer 11
Getting activations...


391/391 - 23s - loss: 0.1682 - accuracy: 0.9556 - val_loss: 0.4854 - val_accuracy: 0.8953
Epoch 201/350
391/391 - 23s - loss: 0.1425 - accuracy: 0.9665 - val_loss: 0.4559 - val_accuracy: 0.9055
Epoch 202/350
391/391 - 23s - loss: 0.1305 - accuracy: 0.9703 - val_loss: 0.4557 - val_accuracy: 0.9076
Epoch 203/350
391/391 - 23s - loss: 0.1275 - accuracy: 0.9709 - val_loss: 0.4646 - val_accuracy: 0.9067
Epoch 204/350
391/391 - 23s - loss: 0.1262 - accuracy: 0.9716 - val_loss: 0.4554 - val_accuracy: 0.9074
Epoch 205/350
391/391 - 23s - loss: 0.1253 - accuracy: 0.9716 - val_loss: 0.4642 - val_accuracy: 0.9069
Epoch 206/350
391/391 - 23s - loss: 0.1229 - accuracy: 0.9734 - val_loss: 0.4669 - val_accuracy: 0.9088
Epoch 207/350
391/391 - 23s - loss: 0.1173 - accuracy: 0.9751 - val_loss: 0.4683 - val_accuracy: 0.9084
Epoch 208/350
391/391 - 23s - loss: 0.1181 - accuracy: 0.9753 - val_loss: 0.4810 - val_accuracy: 0.9085
Epoch 209/350
391/391 - 23s - loss: 0.1225 - accuracy: 0.9730 - val_loss: 0.4684 - val_accuracy: 0.9078
Epoch 210/350
391/391 - 23s - loss: 0.1213 - accuracy: 0.9728 - val_loss: 0.4647 - val_accuracy: 0.9084
Epoch 211/350
391/391 - 23s - loss: 0.1197 - accuracy: 0.9738 - val_loss: 0.4699 - val_accuracy: 0.9065
Epoch 212/350
391/391 - 23s - loss: 0.1170 - accuracy: 0.9745 - val_loss: 0.4758 - val_accuracy: 0.9079
Epoch 213/350
391/391 - 23s - loss: 0.1176 - accuracy: 0.9748 - val_loss: 0.4756 - val_accuracy: 0.9081
Epoch 214/350
391/391 - 23s - loss: 0.1172 - accuracy: 0.9748 - val_loss: 0.4765 - val_accuracy: 0.9068
Epoch 215/350
391/391 - 23s - loss: 0.1155 - accuracy: 0.9757 - val_loss: 0.4814 - val_accuracy: 0.9069
Epoch 216/350
391/391 - 23s - loss: 0.1152 - accuracy: 0.9754 - val_loss: 0.4950 - val_accuracy: 0.9071
Epoch 217/350
391/391 - 23s - loss: 0.1149 - accuracy: 0.9758 - val_loss: 0.4921 - val_accuracy: 0.9080
Epoch 218/350
391/391 - 23s - loss: 0.1160 - accuracy: 0.9749 - val_loss: 0.4866 - val_accuracy: 0.9078
Epoch 219/350
391/391 - 23s - loss: 0.1150 - accuracy: 0.9756 - val_loss: 0.4754 - val_accuracy: 0.9076
Epoch 220/350
391/391 - 23s - loss: 0.1154 - accuracy: 0.9757 - val_loss: 0.4890 - val_accuracy: 0.9082
Epoch 221/350
391/391 - 23s - loss: 0.1160 - accuracy: 0.9759 - val_loss: 0.4694 - val_accuracy: 0.9066
Epoch 222/350
391/391 - 23s - loss: 0.1117 - accuracy: 0.9768 - val_loss: 0.4775 - val_accuracy: 0.9096
Epoch 223/350
391/391 - 23s - loss: 0.1144 - accuracy: 0.9758 - val_loss: 0.4809 - val_accuracy: 0.9089
Epoch 224/350
391/391 - 23s - loss: 0.1111 - accuracy: 0.9772 - val_loss: 0.4776 - val_accuracy: 0.9072
Epoch 225/350
391/391 - 23s - loss: 0.1117 - accuracy: 0.9764 - val_loss: 0.4904 - val_accuracy: 0.9072
Epoch 226/350
391/391 - 23s - loss: 0.1119 - accuracy: 0.9765 - val_loss: 0.4822 - val_accuracy: 0.9096
Epoch 227/350
391/391 - 23s - loss: 0.1116 - accuracy: 0.9766 - val_loss: 0.4866 - val_accuracy: 0.9102
Epoch 228/350
391/391 - 23s - loss: 0.1102 - accuracy: 0.9775 - val_loss: 0.4831 - val_accuracy: 0.9097
Epoch 229/350
391/391 - 23s - loss: 0.1125 - accuracy: 0.9768 - val_loss: 0.4876 - val_accuracy: 0.9086
Epoch 230/350
391/391 - 23s - loss: 0.1103 - accuracy: 0.9774 - val_loss: 0.4857 - val_accuracy: 0.9099
Epoch 231/350
391/391 - 23s - loss: 0.1088 - accuracy: 0.9774 - val_loss: 0.4985 - val_accuracy: 0.9069
Epoch 232/350
391/391 - 23s - loss: 0.1114 - accuracy: 0.9767 - val_loss: 0.4969 - val_accuracy: 0.9083
Epoch 233/350
391/391 - 23s - loss: 0.1073 - accuracy: 0.9783 - val_loss: 0.4861 - val_accuracy: 0.9099
Epoch 234/350
391/391 - 23s - loss: 0.1106 - accuracy: 0.9772 - val_loss: 0.4855 - val_accuracy: 0.9092
Epoch 235/350
391/391 - 23s - loss: 0.1081 - accuracy: 0.9780 - val_loss: 0.4880 - val_accuracy: 0.9093
Epoch 236/350
391/391 - 23s - loss: 0.1085 - accuracy: 0.9775 - val_loss: 0.4921 - val_accuracy: 0.9091
Epoch 237/350
391/391 - 23s - loss: 0.1117 - accuracy: 0.9770 - val_loss: 0.4886 - val_accuracy: 0.9102
Epoch 238/350
391/391 - 23s - loss: 0.1116 - accuracy: 0.9766 - val_loss: 0.4911 - val_accuracy: 0.9095
Epoch 239/350
391/391 - 23s - loss: 0.1098 - accuracy: 0.9775 - val_loss: 0.4823 - val_accuracy: 0.9108
Epoch 240/350
391/391 - 23s - loss: 0.1092 - accuracy: 0.9781 - val_loss: 0.4899 - val_accuracy: 0.9087
Epoch 241/350
391/391 - 23s - loss: 0.1080 - accuracy: 0.9777 - val_loss: 0.4983 - val_accuracy: 0.9090
Epoch 242/350
391/391 - 23s - loss: 0.1084 - accuracy: 0.9777 - val_loss: 0.4948 - val_accuracy: 0.9089
Epoch 243/350
391/391 - 23s - loss: 0.1079 - accuracy: 0.9780 - val_loss: 0.4900 - val_accuracy: 0.9081
Epoch 244/350
391/391 - 23s - loss: 0.1078 - accuracy: 0.9783 - val_loss: 0.4912 - val_accuracy: 0.9078
Epoch 245/350
391/391 - 23s - loss: 0.1085 - accuracy: 0.9781 - val_loss: 0.4823 - val_accuracy: 0.9093
Epoch 246/350
391/391 - 23s - loss: 0.1047 - accuracy: 0.9796 - val_loss: 0.4914 - val_accuracy: 0.9088
Epoch 247/350
391/391 - 23s - loss: 0.1085 - accuracy: 0.9780 - val_loss: 0.5018 - val_accuracy: 0.9073
Epoch 248/350
391/391 - 23s - loss: 0.1071 - accuracy: 0.9780 - val_loss: 0.5018 - val_accuracy: 0.9073
Epoch 249/350
391/391 - 23s - loss: 0.1052 - accuracy: 0.9789 - val_loss: 0.5018 - val_accuracy: 0.9092
Epoch 250/350


Snapshot weight 3 shuffle 9 at epoch 250
Layer 11
Getting activations...


391/391 - 23s - loss: 0.1083 - accuracy: 0.9775 - val_loss: 0.4960 - val_accuracy: 0.9074
Epoch 251/350
391/391 - 23s - loss: 0.1055 - accuracy: 0.9790 - val_loss: 0.4951 - val_accuracy: 0.9073
Epoch 252/350
391/391 - 23s - loss: 0.1045 - accuracy: 0.9793 - val_loss: 0.4957 - val_accuracy: 0.9075
Epoch 253/350
391/391 - 23s - loss: 0.1032 - accuracy: 0.9801 - val_loss: 0.4940 - val_accuracy: 0.9072
Epoch 254/350
391/391 - 23s - loss: 0.1052 - accuracy: 0.9787 - val_loss: 0.4946 - val_accuracy: 0.9081
Epoch 255/350
391/391 - 23s - loss: 0.1030 - accuracy: 0.9799 - val_loss: 0.4951 - val_accuracy: 0.9080
Epoch 256/350
391/391 - 23s - loss: 0.1036 - accuracy: 0.9794 - val_loss: 0.4964 - val_accuracy: 0.9077
Epoch 257/350
391/391 - 23s - loss: 0.1043 - accuracy: 0.9791 - val_loss: 0.4975 - val_accuracy: 0.9078
Epoch 258/350
391/391 - 23s - loss: 0.1036 - accuracy: 0.9798 - val_loss: 0.4966 - val_accuracy: 0.9084
Epoch 259/350
391/391 - 23s - loss: 0.1016 - accuracy: 0.9800 - val_loss: 0.4982 - val_accuracy: 0.9076
Epoch 260/350
391/391 - 23s - loss: 0.1034 - accuracy: 0.9793 - val_loss: 0.4992 - val_accuracy: 0.9087
Epoch 261/350
391/391 - 23s - loss: 0.1048 - accuracy: 0.9788 - val_loss: 0.4989 - val_accuracy: 0.9073
Epoch 262/350
391/391 - 23s - loss: 0.1011 - accuracy: 0.9809 - val_loss: 0.4981 - val_accuracy: 0.9084
Epoch 263/350
391/391 - 23s - loss: 0.1048 - accuracy: 0.9794 - val_loss: 0.5019 - val_accuracy: 0.9080
Epoch 264/350
391/391 - 23s - loss: 0.1016 - accuracy: 0.9801 - val_loss: 0.4993 - val_accuracy: 0.9073
Epoch 265/350
391/391 - 23s - loss: 0.1014 - accuracy: 0.9809 - val_loss: 0.5000 - val_accuracy: 0.9075
Epoch 266/350
391/391 - 23s - loss: 0.1035 - accuracy: 0.9797 - val_loss: 0.4980 - val_accuracy: 0.9071
Epoch 267/350
391/391 - 23s - loss: 0.1029 - accuracy: 0.9797 - val_loss: 0.5007 - val_accuracy: 0.9079
Epoch 268/350
391/391 - 23s - loss: 0.1031 - accuracy: 0.9793 - val_loss: 0.4988 - val_accuracy: 0.9080
Epoch 269/350
391/391 - 23s - loss: 0.1032 - accuracy: 0.9792 - val_loss: 0.4995 - val_accuracy: 0.9085
Epoch 270/350
391/391 - 23s - loss: 0.1035 - accuracy: 0.9795 - val_loss: 0.5004 - val_accuracy: 0.9080
Epoch 271/350
391/391 - 23s - loss: 0.1019 - accuracy: 0.9803 - val_loss: 0.4976 - val_accuracy: 0.9072
Epoch 272/350
391/391 - 23s - loss: 0.1025 - accuracy: 0.9791 - val_loss: 0.4987 - val_accuracy: 0.9072
Epoch 273/350
391/391 - 23s - loss: 0.1024 - accuracy: 0.9802 - val_loss: 0.4977 - val_accuracy: 0.9081
Epoch 274/350
391/391 - 23s - loss: 0.1071 - accuracy: 0.9787 - val_loss: 0.4973 - val_accuracy: 0.9075
Epoch 275/350
391/391 - 23s - loss: 0.1018 - accuracy: 0.9800 - val_loss: 0.4992 - val_accuracy: 0.9080
Epoch 276/350
391/391 - 23s - loss: 0.1040 - accuracy: 0.9796 - val_loss: 0.4980 - val_accuracy: 0.9078
Epoch 277/350
391/391 - 23s - loss: 0.1024 - accuracy: 0.9800 - val_loss: 0.5006 - val_accuracy: 0.9077
Epoch 278/350
391/391 - 23s - loss: 0.1025 - accuracy: 0.9803 - val_loss: 0.5016 - val_accuracy: 0.9077
Epoch 279/350
391/391 - 23s - loss: 0.1039 - accuracy: 0.9802 - val_loss: 0.4995 - val_accuracy: 0.9082
Epoch 280/350
391/391 - 23s - loss: 0.1012 - accuracy: 0.9809 - val_loss: 0.5003 - val_accuracy: 0.9083
Epoch 281/350
391/391 - 23s - loss: 0.1036 - accuracy: 0.9801 - val_loss: 0.4980 - val_accuracy: 0.9085
Epoch 282/350
391/391 - 23s - loss: 0.1038 - accuracy: 0.9799 - val_loss: 0.4988 - val_accuracy: 0.9081
Epoch 283/350
391/391 - 23s - loss: 0.1040 - accuracy: 0.9791 - val_loss: 0.4974 - val_accuracy: 0.9081
Epoch 284/350
391/391 - 23s - loss: 0.1034 - accuracy: 0.9801 - val_loss: 0.4998 - val_accuracy: 0.9078
Epoch 285/350
391/391 - 23s - loss: 0.1011 - accuracy: 0.9804 - val_loss: 0.4998 - val_accuracy: 0.9087
Epoch 286/350
391/391 - 23s - loss: 0.1039 - accuracy: 0.9796 - val_loss: 0.4995 - val_accuracy: 0.9080
Epoch 287/350
391/391 - 23s - loss: 0.1037 - accuracy: 0.9793 - val_loss: 0.4962 - val_accuracy: 0.9088
Epoch 288/350
391/391 - 23s - loss: 0.1046 - accuracy: 0.9791 - val_loss: 0.4965 - val_accuracy: 0.9082
Epoch 289/350
391/391 - 23s - loss: 0.1026 - accuracy: 0.9802 - val_loss: 0.4991 - val_accuracy: 0.9084
Epoch 290/350
391/391 - 23s - loss: 0.1021 - accuracy: 0.9797 - val_loss: 0.4978 - val_accuracy: 0.9092
Epoch 291/350
391/391 - 23s - loss: 0.1028 - accuracy: 0.9795 - val_loss: 0.4987 - val_accuracy: 0.9087
Epoch 292/350
391/391 - 23s - loss: 0.1027 - accuracy: 0.9799 - val_loss: 0.4983 - val_accuracy: 0.9091
Epoch 293/350
391/391 - 23s - loss: 0.1025 - accuracy: 0.9800 - val_loss: 0.4980 - val_accuracy: 0.9085
Epoch 294/350
391/391 - 23s - loss: 0.1041 - accuracy: 0.9794 - val_loss: 0.4997 - val_accuracy: 0.9086
Epoch 295/350
391/391 - 23s - loss: 0.1031 - accuracy: 0.9799 - val_loss: 0.4985 - val_accuracy: 0.9080
Epoch 296/350
391/391 - 23s - loss: 0.1010 - accuracy: 0.9806 - val_loss: 0.4994 - val_accuracy: 0.9080
Epoch 297/350
391/391 - 23s - loss: 0.1019 - accuracy: 0.9806 - val_loss: 0.4982 - val_accuracy: 0.9082
Epoch 298/350
391/391 - 23s - loss: 0.1026 - accuracy: 0.9806 - val_loss: 0.4996 - val_accuracy: 0.9085
Epoch 299/350
391/391 - 23s - loss: 0.1030 - accuracy: 0.9801 - val_loss: 0.5003 - val_accuracy: 0.9083
Epoch 300/350


Snapshot weight 3 shuffle 9 at epoch 300
Layer 11
Getting activations...


391/391 - 24s - loss: 0.1022 - accuracy: 0.9797 - val_loss: 0.5017 - val_accuracy: 0.9072
Epoch 301/350
391/391 - 23s - loss: 0.1012 - accuracy: 0.9804 - val_loss: 0.5018 - val_accuracy: 0.9072
Epoch 302/350
391/391 - 23s - loss: 0.1030 - accuracy: 0.9792 - val_loss: 0.5016 - val_accuracy: 0.9072
Epoch 303/350
391/391 - 23s - loss: 0.1011 - accuracy: 0.9807 - val_loss: 0.5017 - val_accuracy: 0.9074
Epoch 304/350
391/391 - 23s - loss: 0.1050 - accuracy: 0.9793 - val_loss: 0.5012 - val_accuracy: 0.9079
Epoch 305/350
391/391 - 23s - loss: 0.1040 - accuracy: 0.9788 - val_loss: 0.5012 - val_accuracy: 0.9078
Epoch 306/350
391/391 - 23s - loss: 0.1031 - accuracy: 0.9796 - val_loss: 0.5014 - val_accuracy: 0.9079
Epoch 307/350
391/391 - 23s - loss: 0.1001 - accuracy: 0.9808 - val_loss: 0.5012 - val_accuracy: 0.9075
Epoch 308/350
391/391 - 23s - loss: 0.1018 - accuracy: 0.9803 - val_loss: 0.5010 - val_accuracy: 0.9077
Epoch 309/350
391/391 - 23s - loss: 0.1012 - accuracy: 0.9803 - val_loss: 0.5010 - val_accuracy: 0.9076
Epoch 310/350
391/391 - 23s - loss: 0.1019 - accuracy: 0.9798 - val_loss: 0.5008 - val_accuracy: 0.9077
Epoch 311/350
391/391 - 23s - loss: 0.1027 - accuracy: 0.9794 - val_loss: 0.5006 - val_accuracy: 0.9078
Epoch 312/350
391/391 - 23s - loss: 0.1013 - accuracy: 0.9804 - val_loss: 0.5006 - val_accuracy: 0.9079
Epoch 313/350
391/391 - 23s - loss: 0.1022 - accuracy: 0.9799 - val_loss: 0.5005 - val_accuracy: 0.9078
Epoch 314/350
391/391 - 23s - loss: 0.0994 - accuracy: 0.9812 - val_loss: 0.5004 - val_accuracy: 0.9075
Epoch 315/350
391/391 - 23s - loss: 0.1001 - accuracy: 0.9807 - val_loss: 0.5003 - val_accuracy: 0.9079
Epoch 316/350
391/391 - 23s - loss: 0.1034 - accuracy: 0.9800 - val_loss: 0.5005 - val_accuracy: 0.9083
Epoch 317/350
391/391 - 23s - loss: 0.1030 - accuracy: 0.9799 - val_loss: 0.5002 - val_accuracy: 0.9078
Epoch 318/350
391/391 - 23s - loss: 0.1025 - accuracy: 0.9801 - val_loss: 0.5005 - val_accuracy: 0.9080
Epoch 319/350
391/391 - 23s - loss: 0.1021 - accuracy: 0.9797 - val_loss: 0.5003 - val_accuracy: 0.9078
Epoch 320/350
391/391 - 23s - loss: 0.1031 - accuracy: 0.9791 - val_loss: 0.5006 - val_accuracy: 0.9079
Epoch 321/350
391/391 - 23s - loss: 0.1041 - accuracy: 0.9787 - val_loss: 0.5006 - val_accuracy: 0.9082
Epoch 322/350
391/391 - 23s - loss: 0.1041 - accuracy: 0.9796 - val_loss: 0.5003 - val_accuracy: 0.9080
Epoch 323/350
391/391 - 23s - loss: 0.1006 - accuracy: 0.9805 - val_loss: 0.5002 - val_accuracy: 0.9078
Epoch 324/350
391/391 - 23s - loss: 0.1002 - accuracy: 0.9811 - val_loss: 0.5002 - val_accuracy: 0.9080
Epoch 325/350
391/391 - 23s - loss: 0.1026 - accuracy: 0.9798 - val_loss: 0.5004 - val_accuracy: 0.9080
Epoch 326/350
391/391 - 23s - loss: 0.1024 - accuracy: 0.9799 - val_loss: 0.5001 - val_accuracy: 0.9079
Epoch 327/350
391/391 - 23s - loss: 0.1046 - accuracy: 0.9792 - val_loss: 0.4997 - val_accuracy: 0.9078
Epoch 328/350
391/391 - 23s - loss: 0.1009 - accuracy: 0.9801 - val_loss: 0.4998 - val_accuracy: 0.9079
Epoch 329/350
391/391 - 23s - loss: 0.1021 - accuracy: 0.9807 - val_loss: 0.4995 - val_accuracy: 0.9077
Epoch 330/350
391/391 - 23s - loss: 0.1009 - accuracy: 0.9807 - val_loss: 0.5001 - val_accuracy: 0.9076
Epoch 331/350
391/391 - 23s - loss: 0.1037 - accuracy: 0.9790 - val_loss: 0.4999 - val_accuracy: 0.9078
Epoch 332/350
391/391 - 23s - loss: 0.1012 - accuracy: 0.9804 - val_loss: 0.5000 - val_accuracy: 0.9077
Epoch 333/350
391/391 - 23s - loss: 0.1031 - accuracy: 0.9799 - val_loss: 0.4998 - val_accuracy: 0.9076
Epoch 334/350
391/391 - 23s - loss: 0.0997 - accuracy: 0.9812 - val_loss: 0.4997 - val_accuracy: 0.9080
Epoch 335/350
391/391 - 23s - loss: 0.1030 - accuracy: 0.9799 - val_loss: 0.4998 - val_accuracy: 0.9079
Epoch 336/350
391/391 - 23s - loss: 0.1012 - accuracy: 0.9809 - val_loss: 0.4996 - val_accuracy: 0.9079
Epoch 337/350
391/391 - 23s - loss: 0.1021 - accuracy: 0.9798 - val_loss: 0.5000 - val_accuracy: 0.9079
Epoch 338/350
391/391 - 23s - loss: 0.1006 - accuracy: 0.9805 - val_loss: 0.5002 - val_accuracy: 0.9078
Epoch 339/350
391/391 - 23s - loss: 0.1019 - accuracy: 0.9805 - val_loss: 0.5006 - val_accuracy: 0.9080
Epoch 340/350
391/391 - 23s - loss: 0.1033 - accuracy: 0.9800 - val_loss: 0.5007 - val_accuracy: 0.9078
Epoch 341/350
391/391 - 23s - loss: 0.1001 - accuracy: 0.9810 - val_loss: 0.5008 - val_accuracy: 0.9078
Epoch 342/350
391/391 - 23s - loss: 0.1020 - accuracy: 0.9800 - val_loss: 0.5008 - val_accuracy: 0.9077
Epoch 343/350
391/391 - 23s - loss: 0.1013 - accuracy: 0.9800 - val_loss: 0.5009 - val_accuracy: 0.9077
Epoch 344/350
391/391 - 23s - loss: 0.1008 - accuracy: 0.9807 - val_loss: 0.5007 - val_accuracy: 0.9080
Epoch 345/350
391/391 - 23s - loss: 0.1017 - accuracy: 0.9797 - val_loss: 0.5004 - val_accuracy: 0.9076
Epoch 346/350
391/391 - 23s - loss: 0.1011 - accuracy: 0.9802 - val_loss: 0.5008 - val_accuracy: 0.9080
Epoch 347/350
391/391 - 23s - loss: 0.1030 - accuracy: 0.9795 - val_loss: 0.5008 - val_accuracy: 0.9079
Epoch 348/350
391/391 - 23s - loss: 0.1027 - accuracy: 0.9804 - val_loss: 0.5007 - val_accuracy: 0.9079
Epoch 349/350
391/391 - 23s - loss: 0.1039 - accuracy: 0.9799 - val_loss: 0.5011 - val_accuracy: 0.9075
Epoch 350/350


Snapshot weight 3 shuffle 9 at epoch 350
Layer 11
Getting activations...


391/391 - 24s - loss: 0.1028 - accuracy: 0.9799 - val_loss: 0.5010 - val_accuracy: 0.9075
/usr/local/lib/python3.6/dist-packages/tensorflow/python/autograph/impl/api.py:493: UserWarning: fill_value is not supported and is always 0 for TensorFlow < 2.4.0.
  return py_builtins.overload_of(f)(*args)
WARNING:tensorflow:From /usr/local/lib/python3.6/dist-packages/tensorflow/python/training/tracking/tracking.py:111: Model.state_updates (from tensorflow.python.keras.engine.training) is deprecated and will be removed in a future version.
Instructions for updating:
This property should not be used in TensorFlow 2.0, as updates are applied automatically.
2021-07-02 21:41:03.808985: W tensorflow/python/util/util.cc:348] Sets are not currently considered sequences, but this may change in the future, so consider avoiding using them.
WARNING:tensorflow:From /usr/local/lib/python3.6/dist-packages/tensorflow/python/training/tracking/tracking.py:111: Layer.updates (from tensorflow.python.keras.engine.base_layer) is deprecated and will be removed in a future version.
Instructions for updating:
This property should not be used in TensorFlow 2.0, as updates are applied automatically.
Saving, final validation acc: 0.9075000286102295
