2021-07-02 14:12:44.305469: I tensorflow/stream_executor/platform/default/dso_loader.cc:48] Successfully opened dynamic library libcudart.so.10.1
2021-07-02 14:14:01.979153: I tensorflow/stream_executor/platform/default/dso_loader.cc:48] Successfully opened dynamic library libcuda.so.1
2021-07-02 14:14:02.010062: I tensorflow/core/common_runtime/gpu/gpu_device.cc:1716] Found device 0 with properties: 
pciBusID: 0000:03:00.0 name: NVIDIA TITAN Xp computeCapability: 6.1
coreClock: 1.582GHz coreCount: 30 deviceMemorySize: 11.91GiB deviceMemoryBandwidth: 510.07GiB/s
2021-07-02 14:14:02.010155: I tensorflow/stream_executor/platform/default/dso_loader.cc:48] Successfully opened dynamic library libcudart.so.10.1
2021-07-02 14:14:02.051181: I tensorflow/stream_executor/platform/default/dso_loader.cc:48] Successfully opened dynamic library libcublas.so.10
2021-07-02 14:14:02.072007: I tensorflow/stream_executor/platform/default/dso_loader.cc:48] Successfully opened dynamic library libcufft.so.10
2021-07-02 14:14:02.080773: I tensorflow/stream_executor/platform/default/dso_loader.cc:48] Successfully opened dynamic library libcurand.so.10
2021-07-02 14:14:02.124177: I tensorflow/stream_executor/platform/default/dso_loader.cc:48] Successfully opened dynamic library libcusolver.so.10
2021-07-02 14:14:02.132734: I tensorflow/stream_executor/platform/default/dso_loader.cc:48] Successfully opened dynamic library libcusparse.so.10
2021-07-02 14:14:02.208934: I tensorflow/stream_executor/platform/default/dso_loader.cc:48] Successfully opened dynamic library libcudnn.so.7
2021-07-02 14:14:02.211459: I tensorflow/core/common_runtime/gpu/gpu_device.cc:1858] Adding visible gpu devices: 0
2021-07-02 14:14:02.215188: I tensorflow/core/platform/cpu_feature_guard.cc:142] This TensorFlow binary is optimized with oneAPI Deep Neural Network Library (oneDNN)to use the following CPU instructions in performance-critical operations:  AVX2 FMA
To enable them in other operations, rebuild TensorFlow with the appropriate compiler flags.
2021-07-02 14:14:02.231773: I tensorflow/core/platform/profile_utils/cpu_utils.cc:104] CPU Frequency: 2600090000 Hz
2021-07-02 14:14:02.231938: I tensorflow/compiler/xla/service/service.cc:168] XLA service 0x4d127b0 initialized for platform Host (this does not guarantee that XLA will be used). Devices:
2021-07-02 14:14:02.231957: I tensorflow/compiler/xla/service/service.cc:176]   StreamExecutor device (0): Host, Default Version
2021-07-02 14:14:02.348878: I tensorflow/compiler/xla/service/service.cc:168] XLA service 0x4cf3c60 initialized for platform CUDA (this does not guarantee that XLA will be used). Devices:
2021-07-02 14:14:02.348959: I tensorflow/compiler/xla/service/service.cc:176]   StreamExecutor device (0): NVIDIA TITAN Xp, Compute Capability 6.1
2021-07-02 14:14:02.351533: I tensorflow/core/common_runtime/gpu/gpu_device.cc:1716] Found device 0 with properties: 
pciBusID: 0000:03:00.0 name: NVIDIA TITAN Xp computeCapability: 6.1
coreClock: 1.582GHz coreCount: 30 deviceMemorySize: 11.91GiB deviceMemoryBandwidth: 510.07GiB/s
2021-07-02 14:14:02.351589: I tensorflow/stream_executor/platform/default/dso_loader.cc:48] Successfully opened dynamic library libcudart.so.10.1
2021-07-02 14:14:02.351621: I tensorflow/stream_executor/platform/default/dso_loader.cc:48] Successfully opened dynamic library libcublas.so.10
2021-07-02 14:14:02.351654: I tensorflow/stream_executor/platform/default/dso_loader.cc:48] Successfully opened dynamic library libcufft.so.10
2021-07-02 14:14:02.351670: I tensorflow/stream_executor/platform/default/dso_loader.cc:48] Successfully opened dynamic library libcurand.so.10
2021-07-02 14:14:02.351687: I tensorflow/stream_executor/platform/default/dso_loader.cc:48] Successfully opened dynamic library libcusolver.so.10
2021-07-02 14:14:02.351703: I tensorflow/stream_executor/platform/default/dso_loader.cc:48] Successfully opened dynamic library libcusparse.so.10
2021-07-02 14:14:02.351720: I tensorflow/stream_executor/platform/default/dso_loader.cc:48] Successfully opened dynamic library libcudnn.so.7
2021-07-02 14:14:02.354053: I tensorflow/core/common_runtime/gpu/gpu_device.cc:1858] Adding visible gpu devices: 0
2021-07-02 14:14:02.355954: I tensorflow/stream_executor/platform/default/dso_loader.cc:48] Successfully opened dynamic library libcudart.so.10.1
2021-07-02 14:14:04.154594: I tensorflow/core/common_runtime/gpu/gpu_device.cc:1257] Device interconnect StreamExecutor with strength 1 edge matrix:
2021-07-02 14:14:04.154692: I tensorflow/core/common_runtime/gpu/gpu_device.cc:1263]      0 
2021-07-02 14:14:04.154704: I tensorflow/core/common_runtime/gpu/gpu_device.cc:1276] 0:   N 
2021-07-02 14:14:04.160769: I tensorflow/core/common_runtime/gpu/gpu_device.cc:1402] Created TensorFlow device (/job:localhost/replica:0/task:0/device:GPU:0 with 11218 MB memory) -> physical GPU (device: 0, name: NVIDIA TITAN Xp, pci bus id: 0000:03:00.0, compute capability: 6.1)
2021-07-02 14:14:10.417583: I tensorflow/stream_executor/platform/default/dso_loader.cc:48] Successfully opened dynamic library libcudnn.so.7
2021-07-02 14:14:13.084241: I tensorflow/stream_executor/platform/default/dso_loader.cc:48] Successfully opened dynamic library libcublas.so.10
Using model index: 73
Making train data...
GCN...
ZCA...
Done!
Making test data...
Done!
Epoch 1/350


Snapshot weight 3 shuffle 7 at epoch 1
Layer 11
Getting activations...


391/391 - 24s - loss: 2.3264 - accuracy: 0.1137 - val_loss: 2.3205 - val_accuracy: 0.1326
Epoch 2/350


Snapshot weight 3 shuffle 7 at epoch 2
Layer 11
Getting activations...


391/391 - 23s - loss: 2.3077 - accuracy: 0.1237 - val_loss: 2.2985 - val_accuracy: 0.1375
Epoch 3/350


Snapshot weight 3 shuffle 7 at epoch 3
Layer 11
Getting activations...


391/391 - 24s - loss: 2.2900 - accuracy: 0.1365 - val_loss: 2.2910 - val_accuracy: 0.1445
Epoch 4/350


Snapshot weight 3 shuffle 7 at epoch 4
Layer 11
Getting activations...


391/391 - 24s - loss: 2.2796 - accuracy: 0.1399 - val_loss: 2.2757 - val_accuracy: 0.1503
Epoch 5/350


Snapshot weight 3 shuffle 7 at epoch 5
Layer 11
Getting activations...


391/391 - 24s - loss: 2.2594 - accuracy: 0.1539 - val_loss: 2.2451 - val_accuracy: 0.1728
Epoch 6/350


Snapshot weight 3 shuffle 7 at epoch 6
Layer 11
Getting activations...


391/391 - 24s - loss: 2.2508 - accuracy: 0.1540 - val_loss: 2.2379 - val_accuracy: 0.1803
Epoch 7/350


Snapshot weight 3 shuffle 7 at epoch 7
Layer 11
Getting activations...


391/391 - 23s - loss: 2.2364 - accuracy: 0.1650 - val_loss: 2.2376 - val_accuracy: 0.1361
Epoch 8/350


Snapshot weight 3 shuffle 7 at epoch 8
Layer 11
Getting activations...


391/391 - 23s - loss: 2.2366 - accuracy: 0.1458 - val_loss: 2.2119 - val_accuracy: 0.1888
Epoch 9/350


Snapshot weight 3 shuffle 7 at epoch 9
Layer 11
Getting activations...


391/391 - 24s - loss: 2.1775 - accuracy: 0.2259 - val_loss: 2.1300 - val_accuracy: 0.2464
Epoch 10/350


Snapshot weight 3 shuffle 7 at epoch 10
Layer 11
Getting activations...


391/391 - 24s - loss: 2.0734 - accuracy: 0.2702 - val_loss: 1.9716 - val_accuracy: 0.2920
Epoch 11/350
391/391 - 23s - loss: 1.8590 - accuracy: 0.3524 - val_loss: 1.7312 - val_accuracy: 0.4010
Epoch 12/350
391/391 - 24s - loss: 1.6784 - accuracy: 0.4245 - val_loss: 1.4836 - val_accuracy: 0.4796
Epoch 13/350
391/391 - 23s - loss: 1.3724 - accuracy: 0.5203 - val_loss: 1.2663 - val_accuracy: 0.5473
Epoch 14/350
391/391 - 23s - loss: 1.2482 - accuracy: 0.5641 - val_loss: 1.1784 - val_accuracy: 0.5922
Epoch 15/350
391/391 - 23s - loss: 1.1700 - accuracy: 0.5936 - val_loss: 1.0464 - val_accuracy: 0.6320
Epoch 16/350
391/391 - 24s - loss: 1.1057 - accuracy: 0.6170 - val_loss: 1.0161 - val_accuracy: 0.6514
Epoch 17/350
391/391 - 24s - loss: 1.0520 - accuracy: 0.6384 - val_loss: 0.9566 - val_accuracy: 0.6693
Epoch 18/350
391/391 - 23s - loss: 0.9816 - accuracy: 0.6621 - val_loss: 0.8632 - val_accuracy: 0.7004
Epoch 19/350
391/391 - 23s - loss: 0.9375 - accuracy: 0.6788 - val_loss: 0.8898 - val_accuracy: 0.6947
Epoch 20/350
391/391 - 24s - loss: 0.8992 - accuracy: 0.6919 - val_loss: 0.8324 - val_accuracy: 0.7206
Epoch 21/350
391/391 - 23s - loss: 0.8599 - accuracy: 0.7082 - val_loss: 0.8053 - val_accuracy: 0.7363
Epoch 22/350
391/391 - 23s - loss: 0.8254 - accuracy: 0.7185 - val_loss: 0.7759 - val_accuracy: 0.7336
Epoch 23/350
391/391 - 24s - loss: 0.8023 - accuracy: 0.7305 - val_loss: 0.7170 - val_accuracy: 0.7571
Epoch 24/350
391/391 - 24s - loss: 0.7683 - accuracy: 0.7403 - val_loss: 0.7126 - val_accuracy: 0.7669
Epoch 25/350
391/391 - 24s - loss: 0.7435 - accuracy: 0.7520 - val_loss: 0.6682 - val_accuracy: 0.7775
Epoch 26/350
391/391 - 23s - loss: 0.7276 - accuracy: 0.7583 - val_loss: 0.7045 - val_accuracy: 0.7685
Epoch 27/350
391/391 - 23s - loss: 0.7004 - accuracy: 0.7679 - val_loss: 0.6225 - val_accuracy: 0.7937
Epoch 28/350
391/391 - 23s - loss: 0.6843 - accuracy: 0.7712 - val_loss: 0.7213 - val_accuracy: 0.7595
Epoch 29/350
391/391 - 23s - loss: 0.6667 - accuracy: 0.7778 - val_loss: 0.6431 - val_accuracy: 0.7884
Epoch 30/350
391/391 - 24s - loss: 0.6473 - accuracy: 0.7870 - val_loss: 0.6263 - val_accuracy: 0.7943
Epoch 31/350
391/391 - 23s - loss: 0.6337 - accuracy: 0.7878 - val_loss: 0.6022 - val_accuracy: 0.8024
Epoch 32/350
391/391 - 24s - loss: 0.6160 - accuracy: 0.7952 - val_loss: 0.5985 - val_accuracy: 0.8038
Epoch 33/350
391/391 - 23s - loss: 0.6066 - accuracy: 0.8006 - val_loss: 0.5695 - val_accuracy: 0.8167
Epoch 34/350
391/391 - 23s - loss: 0.5938 - accuracy: 0.8036 - val_loss: 0.5732 - val_accuracy: 0.8180
Epoch 35/350
391/391 - 24s - loss: 0.5780 - accuracy: 0.8090 - val_loss: 0.5344 - val_accuracy: 0.8277
Epoch 36/350
391/391 - 24s - loss: 0.5646 - accuracy: 0.8156 - val_loss: 0.5204 - val_accuracy: 0.8304
Epoch 37/350
391/391 - 24s - loss: 0.5652 - accuracy: 0.8154 - val_loss: 0.5485 - val_accuracy: 0.8259
Epoch 38/350
391/391 - 23s - loss: 0.5391 - accuracy: 0.8238 - val_loss: 0.5385 - val_accuracy: 0.8268
Epoch 39/350
391/391 - 23s - loss: 0.5350 - accuracy: 0.8254 - val_loss: 0.5220 - val_accuracy: 0.8316
Epoch 40/350
391/391 - 23s - loss: 0.5249 - accuracy: 0.8279 - val_loss: 0.5411 - val_accuracy: 0.8276
Epoch 41/350
391/391 - 23s - loss: 0.5169 - accuracy: 0.8320 - val_loss: 0.5356 - val_accuracy: 0.8317
Epoch 42/350
391/391 - 23s - loss: 0.5102 - accuracy: 0.8325 - val_loss: 0.5112 - val_accuracy: 0.8422
Epoch 43/350
391/391 - 23s - loss: 0.5052 - accuracy: 0.8346 - val_loss: 0.5080 - val_accuracy: 0.8378
Epoch 44/350
391/391 - 24s - loss: 0.4926 - accuracy: 0.8393 - val_loss: 0.5168 - val_accuracy: 0.8363
Epoch 45/350
391/391 - 23s - loss: 0.4893 - accuracy: 0.8390 - val_loss: 0.5401 - val_accuracy: 0.8270
Epoch 46/350
391/391 - 24s - loss: 0.4757 - accuracy: 0.8450 - val_loss: 0.5402 - val_accuracy: 0.8323
Epoch 47/350
391/391 - 23s - loss: 0.4652 - accuracy: 0.8482 - val_loss: 0.4833 - val_accuracy: 0.8487
Epoch 48/350
391/391 - 24s - loss: 0.4672 - accuracy: 0.8479 - val_loss: 0.4727 - val_accuracy: 0.8464
Epoch 49/350
391/391 - 23s - loss: 0.4584 - accuracy: 0.8512 - val_loss: 0.4694 - val_accuracy: 0.8495
Epoch 50/350


Snapshot weight 3 shuffle 7 at epoch 50
Layer 11
Getting activations...


391/391 - 24s - loss: 0.4482 - accuracy: 0.8552 - val_loss: 0.4600 - val_accuracy: 0.8573
Epoch 51/350
391/391 - 23s - loss: 0.4394 - accuracy: 0.8586 - val_loss: 0.4496 - val_accuracy: 0.8585
Epoch 52/350
391/391 - 23s - loss: 0.4391 - accuracy: 0.8582 - val_loss: 0.4960 - val_accuracy: 0.8518
Epoch 53/350
391/391 - 24s - loss: 0.4362 - accuracy: 0.8594 - val_loss: 0.4930 - val_accuracy: 0.8447
Epoch 54/350
391/391 - 23s - loss: 0.4276 - accuracy: 0.8616 - val_loss: 0.4408 - val_accuracy: 0.8665
Epoch 55/350
391/391 - 23s - loss: 0.4193 - accuracy: 0.8661 - val_loss: 0.4388 - val_accuracy: 0.8652
Epoch 56/350
391/391 - 23s - loss: 0.4157 - accuracy: 0.8652 - val_loss: 0.4628 - val_accuracy: 0.8558
Epoch 57/350
391/391 - 23s - loss: 0.4121 - accuracy: 0.8677 - val_loss: 0.4644 - val_accuracy: 0.8580
Epoch 58/350
391/391 - 23s - loss: 0.4054 - accuracy: 0.8695 - val_loss: 0.4855 - val_accuracy: 0.8534
Epoch 59/350
391/391 - 23s - loss: 0.4035 - accuracy: 0.8705 - val_loss: 0.4635 - val_accuracy: 0.8598
Epoch 60/350
391/391 - 23s - loss: 0.4001 - accuracy: 0.8727 - val_loss: 0.4422 - val_accuracy: 0.8639
Epoch 61/350
391/391 - 23s - loss: 0.3954 - accuracy: 0.8736 - val_loss: 0.4427 - val_accuracy: 0.8660
Epoch 62/350
391/391 - 23s - loss: 0.3878 - accuracy: 0.8759 - val_loss: 0.4770 - val_accuracy: 0.8566
Epoch 63/350
391/391 - 23s - loss: 0.3806 - accuracy: 0.8776 - val_loss: 0.4306 - val_accuracy: 0.8688
Epoch 64/350
391/391 - 24s - loss: 0.3783 - accuracy: 0.8790 - val_loss: 0.4572 - val_accuracy: 0.8598
Epoch 65/350
391/391 - 23s - loss: 0.3774 - accuracy: 0.8789 - val_loss: 0.4422 - val_accuracy: 0.8663
Epoch 66/350
391/391 - 23s - loss: 0.3697 - accuracy: 0.8824 - val_loss: 0.4301 - val_accuracy: 0.8684
Epoch 67/350
391/391 - 23s - loss: 0.3690 - accuracy: 0.8821 - val_loss: 0.4092 - val_accuracy: 0.8742
Epoch 68/350
391/391 - 23s - loss: 0.3649 - accuracy: 0.8854 - val_loss: 0.5032 - val_accuracy: 0.8533
Epoch 69/350
391/391 - 23s - loss: 0.3543 - accuracy: 0.8879 - val_loss: 0.4612 - val_accuracy: 0.8634
Epoch 70/350
391/391 - 23s - loss: 0.3579 - accuracy: 0.8870 - val_loss: 0.4274 - val_accuracy: 0.8732
Epoch 71/350
391/391 - 23s - loss: 0.3552 - accuracy: 0.8873 - val_loss: 0.4426 - val_accuracy: 0.8653
Epoch 72/350
391/391 - 23s - loss: 0.3532 - accuracy: 0.8884 - val_loss: 0.4229 - val_accuracy: 0.8734
Epoch 73/350
391/391 - 23s - loss: 0.3518 - accuracy: 0.8869 - val_loss: 0.4229 - val_accuracy: 0.8692
Epoch 74/350
391/391 - 23s - loss: 0.3434 - accuracy: 0.8902 - val_loss: 0.4781 - val_accuracy: 0.8578
Epoch 75/350
391/391 - 24s - loss: 0.3410 - accuracy: 0.8937 - val_loss: 0.4466 - val_accuracy: 0.8745
Epoch 76/350
391/391 - 23s - loss: 0.3333 - accuracy: 0.8942 - val_loss: 0.4325 - val_accuracy: 0.8693
Epoch 77/350
391/391 - 24s - loss: 0.3338 - accuracy: 0.8939 - val_loss: 0.4269 - val_accuracy: 0.8737
Epoch 78/350
391/391 - 23s - loss: 0.3300 - accuracy: 0.8954 - val_loss: 0.4267 - val_accuracy: 0.8764
Epoch 79/350
391/391 - 23s - loss: 0.3335 - accuracy: 0.8935 - val_loss: 0.4315 - val_accuracy: 0.8770
Epoch 80/350
391/391 - 23s - loss: 0.3207 - accuracy: 0.8994 - val_loss: 0.4077 - val_accuracy: 0.8776
Epoch 81/350
391/391 - 23s - loss: 0.3245 - accuracy: 0.8980 - val_loss: 0.4292 - val_accuracy: 0.8749
Epoch 82/350
391/391 - 24s - loss: 0.3194 - accuracy: 0.9009 - val_loss: 0.4405 - val_accuracy: 0.8669
Epoch 83/350
391/391 - 23s - loss: 0.3185 - accuracy: 0.9011 - val_loss: 0.4270 - val_accuracy: 0.8759
Epoch 84/350
391/391 - 23s - loss: 0.3156 - accuracy: 0.9016 - val_loss: 0.4482 - val_accuracy: 0.8758
Epoch 85/350
391/391 - 23s - loss: 0.3120 - accuracy: 0.9027 - val_loss: 0.4365 - val_accuracy: 0.8758
Epoch 86/350
391/391 - 23s - loss: 0.3047 - accuracy: 0.9037 - val_loss: 0.4108 - val_accuracy: 0.8777
Epoch 87/350
391/391 - 23s - loss: 0.3078 - accuracy: 0.9046 - val_loss: 0.4366 - val_accuracy: 0.8765
Epoch 88/350
391/391 - 23s - loss: 0.3027 - accuracy: 0.9054 - val_loss: 0.4159 - val_accuracy: 0.8816
Epoch 89/350
391/391 - 23s - loss: 0.3025 - accuracy: 0.9063 - val_loss: 0.4368 - val_accuracy: 0.8750
Epoch 90/350
391/391 - 23s - loss: 0.3012 - accuracy: 0.9059 - val_loss: 0.4306 - val_accuracy: 0.8756
Epoch 91/350
391/391 - 23s - loss: 0.2977 - accuracy: 0.9069 - val_loss: 0.4175 - val_accuracy: 0.8772
Epoch 92/350
391/391 - 23s - loss: 0.2943 - accuracy: 0.9080 - val_loss: 0.4089 - val_accuracy: 0.8840
Epoch 93/350
391/391 - 23s - loss: 0.2965 - accuracy: 0.9083 - val_loss: 0.4195 - val_accuracy: 0.8795
Epoch 94/350
391/391 - 23s - loss: 0.2851 - accuracy: 0.9120 - val_loss: 0.4575 - val_accuracy: 0.8724
Epoch 95/350
391/391 - 23s - loss: 0.2906 - accuracy: 0.9103 - val_loss: 0.4374 - val_accuracy: 0.8788
Epoch 96/350
391/391 - 23s - loss: 0.2830 - accuracy: 0.9113 - val_loss: 0.4176 - val_accuracy: 0.8855
Epoch 97/350
391/391 - 23s - loss: 0.2787 - accuracy: 0.9151 - val_loss: 0.4084 - val_accuracy: 0.8836
Epoch 98/350
391/391 - 23s - loss: 0.2733 - accuracy: 0.9161 - val_loss: 0.4222 - val_accuracy: 0.8847
Epoch 99/350
391/391 - 23s - loss: 0.2777 - accuracy: 0.9144 - val_loss: 0.4180 - val_accuracy: 0.8837
Epoch 100/350


Snapshot weight 3 shuffle 7 at epoch 100
Layer 11
Getting activations...


391/391 - 23s - loss: 0.2738 - accuracy: 0.9165 - val_loss: 0.4702 - val_accuracy: 0.8758
Epoch 101/350
391/391 - 23s - loss: 0.2769 - accuracy: 0.9154 - val_loss: 0.4294 - val_accuracy: 0.8851
Epoch 102/350
391/391 - 23s - loss: 0.2715 - accuracy: 0.9186 - val_loss: 0.3870 - val_accuracy: 0.8871
Epoch 103/350
391/391 - 23s - loss: 0.2654 - accuracy: 0.9192 - val_loss: 0.3948 - val_accuracy: 0.8895
Epoch 104/350
391/391 - 23s - loss: 0.2705 - accuracy: 0.9170 - val_loss: 0.4010 - val_accuracy: 0.8900
Epoch 105/350
391/391 - 23s - loss: 0.2694 - accuracy: 0.9183 - val_loss: 0.4085 - val_accuracy: 0.8874
Epoch 106/350
391/391 - 23s - loss: 0.2648 - accuracy: 0.9195 - val_loss: 0.4423 - val_accuracy: 0.8767
Epoch 107/350
391/391 - 23s - loss: 0.2673 - accuracy: 0.9187 - val_loss: 0.4045 - val_accuracy: 0.8872
Epoch 108/350
391/391 - 23s - loss: 0.2623 - accuracy: 0.9212 - val_loss: 0.4371 - val_accuracy: 0.8814
Epoch 109/350
391/391 - 23s - loss: 0.2583 - accuracy: 0.9227 - val_loss: 0.3854 - val_accuracy: 0.8887
Epoch 110/350
391/391 - 23s - loss: 0.2562 - accuracy: 0.9212 - val_loss: 0.3930 - val_accuracy: 0.8928
Epoch 111/350
391/391 - 24s - loss: 0.2537 - accuracy: 0.9232 - val_loss: 0.4274 - val_accuracy: 0.8870
Epoch 112/350
391/391 - 23s - loss: 0.2601 - accuracy: 0.9204 - val_loss: 0.3922 - val_accuracy: 0.8897
Epoch 113/350
391/391 - 23s - loss: 0.2531 - accuracy: 0.9223 - val_loss: 0.4312 - val_accuracy: 0.8889
Epoch 114/350
391/391 - 23s - loss: 0.2531 - accuracy: 0.9247 - val_loss: 0.4552 - val_accuracy: 0.8809
Epoch 115/350
391/391 - 23s - loss: 0.2543 - accuracy: 0.9236 - val_loss: 0.4105 - val_accuracy: 0.8859
Epoch 116/350
391/391 - 23s - loss: 0.2469 - accuracy: 0.9275 - val_loss: 0.4342 - val_accuracy: 0.8874
Epoch 117/350
391/391 - 23s - loss: 0.2471 - accuracy: 0.9269 - val_loss: 0.4239 - val_accuracy: 0.8851
Epoch 118/350
391/391 - 23s - loss: 0.2470 - accuracy: 0.9266 - val_loss: 0.4225 - val_accuracy: 0.8864
Epoch 119/350
391/391 - 23s - loss: 0.2422 - accuracy: 0.9280 - val_loss: 0.4452 - val_accuracy: 0.8820
Epoch 120/350
391/391 - 23s - loss: 0.2419 - accuracy: 0.9275 - val_loss: 0.4220 - val_accuracy: 0.8841
Epoch 121/350
391/391 - 23s - loss: 0.2450 - accuracy: 0.9282 - val_loss: 0.4110 - val_accuracy: 0.8891
Epoch 122/350
391/391 - 23s - loss: 0.2421 - accuracy: 0.9280 - val_loss: 0.4545 - val_accuracy: 0.8836
Epoch 123/350
391/391 - 23s - loss: 0.2414 - accuracy: 0.9275 - val_loss: 0.4342 - val_accuracy: 0.8883
Epoch 124/350
391/391 - 24s - loss: 0.2353 - accuracy: 0.9311 - val_loss: 0.4337 - val_accuracy: 0.8820
Epoch 125/350
391/391 - 23s - loss: 0.2380 - accuracy: 0.9290 - val_loss: 0.4431 - val_accuracy: 0.8844
Epoch 126/350
391/391 - 23s - loss: 0.2288 - accuracy: 0.9322 - val_loss: 0.4115 - val_accuracy: 0.8874
Epoch 127/350
391/391 - 23s - loss: 0.2311 - accuracy: 0.9337 - val_loss: 0.4086 - val_accuracy: 0.8890
Epoch 128/350
391/391 - 23s - loss: 0.2320 - accuracy: 0.9311 - val_loss: 0.4190 - val_accuracy: 0.8898
Epoch 129/350
391/391 - 23s - loss: 0.2306 - accuracy: 0.9315 - val_loss: 0.4450 - val_accuracy: 0.8807
Epoch 130/350
391/391 - 23s - loss: 0.2308 - accuracy: 0.9318 - val_loss: 0.4207 - val_accuracy: 0.8898
Epoch 131/350
391/391 - 23s - loss: 0.2243 - accuracy: 0.9342 - val_loss: 0.4123 - val_accuracy: 0.8942
Epoch 132/350
391/391 - 23s - loss: 0.2319 - accuracy: 0.9312 - val_loss: 0.4141 - val_accuracy: 0.8899
Epoch 133/350
391/391 - 23s - loss: 0.2286 - accuracy: 0.9323 - val_loss: 0.4153 - val_accuracy: 0.8902
Epoch 134/350
391/391 - 23s - loss: 0.2230 - accuracy: 0.9354 - val_loss: 0.4366 - val_accuracy: 0.8867
Epoch 135/350
391/391 - 24s - loss: 0.2215 - accuracy: 0.9362 - val_loss: 0.4452 - val_accuracy: 0.8886
Epoch 136/350
391/391 - 23s - loss: 0.2237 - accuracy: 0.9342 - val_loss: 0.4316 - val_accuracy: 0.8881
Epoch 137/350
391/391 - 23s - loss: 0.2228 - accuracy: 0.9351 - val_loss: 0.4161 - val_accuracy: 0.8924
Epoch 138/350
391/391 - 23s - loss: 0.2193 - accuracy: 0.9359 - val_loss: 0.3988 - val_accuracy: 0.8962
Epoch 139/350
391/391 - 23s - loss: 0.2178 - accuracy: 0.9367 - val_loss: 0.4194 - val_accuracy: 0.8910
Epoch 140/350
391/391 - 24s - loss: 0.2208 - accuracy: 0.9362 - val_loss: 0.4060 - val_accuracy: 0.8958
Epoch 141/350
391/391 - 23s - loss: 0.2157 - accuracy: 0.9383 - val_loss: 0.4339 - val_accuracy: 0.8898
Epoch 142/350
391/391 - 23s - loss: 0.2110 - accuracy: 0.9389 - val_loss: 0.4660 - val_accuracy: 0.8829
Epoch 143/350
391/391 - 23s - loss: 0.2141 - accuracy: 0.9387 - val_loss: 0.4295 - val_accuracy: 0.8910
Epoch 144/350
391/391 - 23s - loss: 0.2118 - accuracy: 0.9390 - val_loss: 0.4219 - val_accuracy: 0.8922
Epoch 145/350
391/391 - 24s - loss: 0.2165 - accuracy: 0.9379 - val_loss: 0.4248 - val_accuracy: 0.8899
Epoch 146/350
391/391 - 23s - loss: 0.2092 - accuracy: 0.9403 - val_loss: 0.4785 - val_accuracy: 0.8799
Epoch 147/350
391/391 - 23s - loss: 0.2109 - accuracy: 0.9388 - val_loss: 0.4412 - val_accuracy: 0.8858
Epoch 148/350
391/391 - 23s - loss: 0.2113 - accuracy: 0.9390 - val_loss: 0.4281 - val_accuracy: 0.8890
Epoch 149/350
391/391 - 23s - loss: 0.2054 - accuracy: 0.9404 - val_loss: 0.4311 - val_accuracy: 0.8923
Epoch 150/350


Snapshot weight 3 shuffle 7 at epoch 150
Layer 11
Getting activations...


391/391 - 23s - loss: 0.2061 - accuracy: 0.9418 - val_loss: 0.4310 - val_accuracy: 0.8931
Epoch 151/350
391/391 - 24s - loss: 0.2031 - accuracy: 0.9429 - val_loss: 0.4529 - val_accuracy: 0.8869
Epoch 152/350
391/391 - 23s - loss: 0.2039 - accuracy: 0.9424 - val_loss: 0.4528 - val_accuracy: 0.8869
Epoch 153/350
391/391 - 23s - loss: 0.2086 - accuracy: 0.9403 - val_loss: 0.4091 - val_accuracy: 0.8936
Epoch 154/350
391/391 - 23s - loss: 0.1999 - accuracy: 0.9440 - val_loss: 0.4236 - val_accuracy: 0.8963
Epoch 155/350
391/391 - 23s - loss: 0.2019 - accuracy: 0.9432 - val_loss: 0.4419 - val_accuracy: 0.8941
Epoch 156/350
391/391 - 23s - loss: 0.1998 - accuracy: 0.9432 - val_loss: 0.4311 - val_accuracy: 0.8909
Epoch 157/350
391/391 - 23s - loss: 0.2052 - accuracy: 0.9420 - val_loss: 0.4457 - val_accuracy: 0.8903
Epoch 158/350
391/391 - 24s - loss: 0.2008 - accuracy: 0.9437 - val_loss: 0.4146 - val_accuracy: 0.8936
Epoch 159/350
391/391 - 23s - loss: 0.1960 - accuracy: 0.9458 - val_loss: 0.4423 - val_accuracy: 0.8913
Epoch 160/350
391/391 - 23s - loss: 0.1963 - accuracy: 0.9452 - val_loss: 0.4552 - val_accuracy: 0.8891
Epoch 161/350
391/391 - 23s - loss: 0.1962 - accuracy: 0.9458 - val_loss: 0.4728 - val_accuracy: 0.8859
Epoch 162/350
391/391 - 24s - loss: 0.1979 - accuracy: 0.9448 - val_loss: 0.4380 - val_accuracy: 0.8889
Epoch 163/350
391/391 - 24s - loss: 0.1982 - accuracy: 0.9441 - val_loss: 0.4423 - val_accuracy: 0.8938
Epoch 164/350
391/391 - 23s - loss: 0.1907 - accuracy: 0.9461 - val_loss: 0.4527 - val_accuracy: 0.8938
Epoch 165/350
391/391 - 23s - loss: 0.1956 - accuracy: 0.9465 - val_loss: 0.4505 - val_accuracy: 0.8896
Epoch 166/350
391/391 - 23s - loss: 0.1927 - accuracy: 0.9468 - val_loss: 0.4307 - val_accuracy: 0.8957
Epoch 167/350
391/391 - 23s - loss: 0.1880 - accuracy: 0.9482 - val_loss: 0.4389 - val_accuracy: 0.8948
Epoch 168/350
391/391 - 23s - loss: 0.1891 - accuracy: 0.9484 - val_loss: 0.4529 - val_accuracy: 0.8935
Epoch 169/350
391/391 - 23s - loss: 0.1893 - accuracy: 0.9478 - val_loss: 0.4596 - val_accuracy: 0.8920
Epoch 170/350
391/391 - 23s - loss: 0.1911 - accuracy: 0.9475 - val_loss: 0.4516 - val_accuracy: 0.8917
Epoch 171/350
391/391 - 23s - loss: 0.1871 - accuracy: 0.9480 - val_loss: 0.4466 - val_accuracy: 0.8946
Epoch 172/350
391/391 - 23s - loss: 0.1885 - accuracy: 0.9478 - val_loss: 0.4433 - val_accuracy: 0.8915
Epoch 173/350
391/391 - 23s - loss: 0.1896 - accuracy: 0.9484 - val_loss: 0.4663 - val_accuracy: 0.8907
Epoch 174/350
391/391 - 23s - loss: 0.1877 - accuracy: 0.9492 - val_loss: 0.4348 - val_accuracy: 0.8939
Epoch 175/350
391/391 - 23s - loss: 0.1824 - accuracy: 0.9504 - val_loss: 0.4536 - val_accuracy: 0.8897
Epoch 176/350
391/391 - 23s - loss: 0.1880 - accuracy: 0.9488 - val_loss: 0.4585 - val_accuracy: 0.8932
Epoch 177/350
391/391 - 23s - loss: 0.1851 - accuracy: 0.9486 - val_loss: 0.4542 - val_accuracy: 0.8923
Epoch 178/350
391/391 - 23s - loss: 0.1808 - accuracy: 0.9516 - val_loss: 0.4249 - val_accuracy: 0.8951
Epoch 179/350
391/391 - 23s - loss: 0.1829 - accuracy: 0.9502 - val_loss: 0.4460 - val_accuracy: 0.8953
Epoch 180/350
391/391 - 23s - loss: 0.1842 - accuracy: 0.9499 - val_loss: 0.4576 - val_accuracy: 0.8924
Epoch 181/350
391/391 - 23s - loss: 0.1830 - accuracy: 0.9501 - val_loss: 0.4691 - val_accuracy: 0.8935
Epoch 182/350
391/391 - 23s - loss: 0.1775 - accuracy: 0.9533 - val_loss: 0.4719 - val_accuracy: 0.8945
Epoch 183/350
391/391 - 23s - loss: 0.1842 - accuracy: 0.9501 - val_loss: 0.4371 - val_accuracy: 0.8949
Epoch 184/350
391/391 - 23s - loss: 0.1814 - accuracy: 0.9501 - val_loss: 0.4584 - val_accuracy: 0.8929
Epoch 185/350
391/391 - 23s - loss: 0.1779 - accuracy: 0.9528 - val_loss: 0.4387 - val_accuracy: 0.8966
Epoch 186/350
391/391 - 23s - loss: 0.1779 - accuracy: 0.9529 - val_loss: 0.4429 - val_accuracy: 0.8982
Epoch 187/350
391/391 - 23s - loss: 0.1762 - accuracy: 0.9539 - val_loss: 0.4893 - val_accuracy: 0.8867
Epoch 188/350
391/391 - 23s - loss: 0.1814 - accuracy: 0.9513 - val_loss: 0.4225 - val_accuracy: 0.8970
Epoch 189/350
391/391 - 23s - loss: 0.1779 - accuracy: 0.9526 - val_loss: 0.4672 - val_accuracy: 0.8955
Epoch 190/350
391/391 - 23s - loss: 0.1755 - accuracy: 0.9536 - val_loss: 0.4593 - val_accuracy: 0.8936
Epoch 191/350
391/391 - 23s - loss: 0.1774 - accuracy: 0.9541 - val_loss: 0.4566 - val_accuracy: 0.8937
Epoch 192/350
391/391 - 23s - loss: 0.1754 - accuracy: 0.9543 - val_loss: 0.4498 - val_accuracy: 0.8932
Epoch 193/350
391/391 - 23s - loss: 0.1752 - accuracy: 0.9539 - val_loss: 0.4651 - val_accuracy: 0.8944
Epoch 194/350
391/391 - 23s - loss: 0.1754 - accuracy: 0.9542 - val_loss: 0.4469 - val_accuracy: 0.8945
Epoch 195/350
391/391 - 24s - loss: 0.1684 - accuracy: 0.9550 - val_loss: 0.4791 - val_accuracy: 0.8958
Epoch 196/350
391/391 - 23s - loss: 0.1758 - accuracy: 0.9541 - val_loss: 0.4644 - val_accuracy: 0.8980
Epoch 197/350
391/391 - 23s - loss: 0.1734 - accuracy: 0.9539 - val_loss: 0.4506 - val_accuracy: 0.8937
Epoch 198/350
391/391 - 24s - loss: 0.1652 - accuracy: 0.9579 - val_loss: 0.5124 - val_accuracy: 0.8861
Epoch 199/350
391/391 - 23s - loss: 0.1704 - accuracy: 0.9554 - val_loss: 0.4502 - val_accuracy: 0.8973
Epoch 200/350


Snapshot weight 3 shuffle 7 at epoch 200
Layer 11
Getting activations...


391/391 - 23s - loss: 0.1683 - accuracy: 0.9565 - val_loss: 0.4405 - val_accuracy: 0.8974
Epoch 201/350
391/391 - 23s - loss: 0.1414 - accuracy: 0.9659 - val_loss: 0.4412 - val_accuracy: 0.9018
Epoch 202/350
391/391 - 23s - loss: 0.1285 - accuracy: 0.9710 - val_loss: 0.4439 - val_accuracy: 0.9034
Epoch 203/350
391/391 - 23s - loss: 0.1283 - accuracy: 0.9702 - val_loss: 0.4449 - val_accuracy: 0.9014
Epoch 204/350
391/391 - 23s - loss: 0.1249 - accuracy: 0.9721 - val_loss: 0.4532 - val_accuracy: 0.9029
Epoch 205/350
391/391 - 23s - loss: 0.1228 - accuracy: 0.9725 - val_loss: 0.4517 - val_accuracy: 0.9036
Epoch 206/350
391/391 - 23s - loss: 0.1249 - accuracy: 0.9724 - val_loss: 0.4510 - val_accuracy: 0.9029
Epoch 207/350
391/391 - 23s - loss: 0.1211 - accuracy: 0.9727 - val_loss: 0.4462 - val_accuracy: 0.9049
Epoch 208/350
391/391 - 23s - loss: 0.1201 - accuracy: 0.9735 - val_loss: 0.4589 - val_accuracy: 0.9051
Epoch 209/350
391/391 - 23s - loss: 0.1203 - accuracy: 0.9739 - val_loss: 0.4517 - val_accuracy: 0.9065
Epoch 210/350
391/391 - 23s - loss: 0.1217 - accuracy: 0.9729 - val_loss: 0.4570 - val_accuracy: 0.9065
Epoch 211/350
391/391 - 23s - loss: 0.1193 - accuracy: 0.9738 - val_loss: 0.4613 - val_accuracy: 0.9070
Epoch 212/350
391/391 - 24s - loss: 0.1181 - accuracy: 0.9738 - val_loss: 0.4644 - val_accuracy: 0.9044
Epoch 213/350
391/391 - 23s - loss: 0.1171 - accuracy: 0.9743 - val_loss: 0.4613 - val_accuracy: 0.9059
Epoch 214/350
391/391 - 23s - loss: 0.1177 - accuracy: 0.9747 - val_loss: 0.4648 - val_accuracy: 0.9047
Epoch 215/350
391/391 - 23s - loss: 0.1161 - accuracy: 0.9752 - val_loss: 0.4629 - val_accuracy: 0.9069
Epoch 216/350
391/391 - 24s - loss: 0.1168 - accuracy: 0.9745 - val_loss: 0.4705 - val_accuracy: 0.9047
Epoch 217/350
391/391 - 23s - loss: 0.1152 - accuracy: 0.9747 - val_loss: 0.4608 - val_accuracy: 0.9059
Epoch 218/350
391/391 - 23s - loss: 0.1132 - accuracy: 0.9756 - val_loss: 0.4639 - val_accuracy: 0.9044
Epoch 219/350
391/391 - 23s - loss: 0.1132 - accuracy: 0.9761 - val_loss: 0.4759 - val_accuracy: 0.9041
Epoch 220/350
391/391 - 23s - loss: 0.1126 - accuracy: 0.9763 - val_loss: 0.4730 - val_accuracy: 0.9040
Epoch 221/350
391/391 - 23s - loss: 0.1144 - accuracy: 0.9758 - val_loss: 0.4688 - val_accuracy: 0.9034
Epoch 222/350
391/391 - 23s - loss: 0.1121 - accuracy: 0.9770 - val_loss: 0.4725 - val_accuracy: 0.9046
Epoch 223/350
391/391 - 23s - loss: 0.1151 - accuracy: 0.9762 - val_loss: 0.4716 - val_accuracy: 0.9062
Epoch 224/350
391/391 - 23s - loss: 0.1137 - accuracy: 0.9760 - val_loss: 0.4747 - val_accuracy: 0.9057
Epoch 225/350
391/391 - 23s - loss: 0.1121 - accuracy: 0.9759 - val_loss: 0.4730 - val_accuracy: 0.9041
Epoch 226/350
391/391 - 23s - loss: 0.1126 - accuracy: 0.9765 - val_loss: 0.4722 - val_accuracy: 0.9075
Epoch 227/350
391/391 - 23s - loss: 0.1141 - accuracy: 0.9757 - val_loss: 0.4754 - val_accuracy: 0.9058
Epoch 228/350
391/391 - 23s - loss: 0.1128 - accuracy: 0.9761 - val_loss: 0.4751 - val_accuracy: 0.9038
Epoch 229/350
391/391 - 23s - loss: 0.1100 - accuracy: 0.9772 - val_loss: 0.4801 - val_accuracy: 0.9048
Epoch 230/350
391/391 - 23s - loss: 0.1103 - accuracy: 0.9773 - val_loss: 0.4764 - val_accuracy: 0.9051
Epoch 231/350
391/391 - 24s - loss: 0.1159 - accuracy: 0.9755 - val_loss: 0.4601 - val_accuracy: 0.9067
Epoch 232/350
391/391 - 23s - loss: 0.1102 - accuracy: 0.9767 - val_loss: 0.4783 - val_accuracy: 0.9071
Epoch 233/350
391/391 - 23s - loss: 0.1115 - accuracy: 0.9767 - val_loss: 0.4810 - val_accuracy: 0.9054
Epoch 234/350
391/391 - 23s - loss: 0.1077 - accuracy: 0.9782 - val_loss: 0.4894 - val_accuracy: 0.9049
Epoch 235/350
391/391 - 23s - loss: 0.1090 - accuracy: 0.9774 - val_loss: 0.4774 - val_accuracy: 0.9057
Epoch 236/350
391/391 - 23s - loss: 0.1087 - accuracy: 0.9768 - val_loss: 0.4783 - val_accuracy: 0.9065
Epoch 237/350
391/391 - 23s - loss: 0.1103 - accuracy: 0.9770 - val_loss: 0.4886 - val_accuracy: 0.9057
Epoch 238/350
391/391 - 23s - loss: 0.1100 - accuracy: 0.9763 - val_loss: 0.4740 - val_accuracy: 0.9038
Epoch 239/350
391/391 - 23s - loss: 0.1110 - accuracy: 0.9767 - val_loss: 0.4720 - val_accuracy: 0.9051
Epoch 240/350
391/391 - 24s - loss: 0.1081 - accuracy: 0.9780 - val_loss: 0.4845 - val_accuracy: 0.9063
Epoch 241/350
391/391 - 23s - loss: 0.1118 - accuracy: 0.9760 - val_loss: 0.4767 - val_accuracy: 0.9051
Epoch 242/350
391/391 - 23s - loss: 0.1087 - accuracy: 0.9780 - val_loss: 0.4806 - val_accuracy: 0.9049
Epoch 243/350
391/391 - 23s - loss: 0.1084 - accuracy: 0.9776 - val_loss: 0.4833 - val_accuracy: 0.9050
Epoch 244/350
391/391 - 23s - loss: 0.1091 - accuracy: 0.9775 - val_loss: 0.4820 - val_accuracy: 0.9059
Epoch 245/350
391/391 - 23s - loss: 0.1100 - accuracy: 0.9765 - val_loss: 0.4848 - val_accuracy: 0.9046
Epoch 246/350
391/391 - 23s - loss: 0.1073 - accuracy: 0.9779 - val_loss: 0.4891 - val_accuracy: 0.9045
Epoch 247/350
391/391 - 23s - loss: 0.1075 - accuracy: 0.9781 - val_loss: 0.4878 - val_accuracy: 0.9050
Epoch 248/350
391/391 - 23s - loss: 0.1087 - accuracy: 0.9774 - val_loss: 0.4946 - val_accuracy: 0.9039
Epoch 249/350
391/391 - 23s - loss: 0.1089 - accuracy: 0.9774 - val_loss: 0.4841 - val_accuracy: 0.9040
Epoch 250/350


Snapshot weight 3 shuffle 7 at epoch 250
Layer 11
Getting activations...


391/391 - 23s - loss: 0.1061 - accuracy: 0.9788 - val_loss: 0.4920 - val_accuracy: 0.9047
Epoch 251/350
391/391 - 24s - loss: 0.1046 - accuracy: 0.9792 - val_loss: 0.4867 - val_accuracy: 0.9051
Epoch 252/350
391/391 - 23s - loss: 0.1063 - accuracy: 0.9786 - val_loss: 0.4863 - val_accuracy: 0.9056
Epoch 253/350
391/391 - 23s - loss: 0.1040 - accuracy: 0.9800 - val_loss: 0.4859 - val_accuracy: 0.9059
Epoch 254/350
391/391 - 24s - loss: 0.1065 - accuracy: 0.9789 - val_loss: 0.4861 - val_accuracy: 0.9050
Epoch 255/350
391/391 - 23s - loss: 0.1030 - accuracy: 0.9795 - val_loss: 0.4859 - val_accuracy: 0.9050
Epoch 256/350
391/391 - 23s - loss: 0.1050 - accuracy: 0.9789 - val_loss: 0.4870 - val_accuracy: 0.9058
Epoch 257/350
391/391 - 23s - loss: 0.1057 - accuracy: 0.9783 - val_loss: 0.4845 - val_accuracy: 0.9053
Epoch 258/350
391/391 - 23s - loss: 0.1029 - accuracy: 0.9796 - val_loss: 0.4848 - val_accuracy: 0.9061
Epoch 259/350
391/391 - 23s - loss: 0.1022 - accuracy: 0.9795 - val_loss: 0.4858 - val_accuracy: 0.9054
Epoch 260/350
391/391 - 23s - loss: 0.1021 - accuracy: 0.9798 - val_loss: 0.4861 - val_accuracy: 0.9054
Epoch 261/350
391/391 - 23s - loss: 0.1022 - accuracy: 0.9797 - val_loss: 0.4885 - val_accuracy: 0.9057
Epoch 262/350
391/391 - 23s - loss: 0.1047 - accuracy: 0.9783 - val_loss: 0.4891 - val_accuracy: 0.9054
Epoch 263/350
391/391 - 23s - loss: 0.1051 - accuracy: 0.9784 - val_loss: 0.4883 - val_accuracy: 0.9059
Epoch 264/350
391/391 - 23s - loss: 0.1035 - accuracy: 0.9797 - val_loss: 0.4881 - val_accuracy: 0.9053
Epoch 265/350
391/391 - 23s - loss: 0.1030 - accuracy: 0.9797 - val_loss: 0.4880 - val_accuracy: 0.9057
Epoch 266/350
391/391 - 23s - loss: 0.1028 - accuracy: 0.9784 - val_loss: 0.4881 - val_accuracy: 0.9062
Epoch 267/350
391/391 - 23s - loss: 0.1049 - accuracy: 0.9792 - val_loss: 0.4872 - val_accuracy: 0.9059
Epoch 268/350
391/391 - 23s - loss: 0.1041 - accuracy: 0.9796 - val_loss: 0.4870 - val_accuracy: 0.9055
Epoch 269/350
391/391 - 23s - loss: 0.1038 - accuracy: 0.9791 - val_loss: 0.4884 - val_accuracy: 0.9056
Epoch 270/350
391/391 - 23s - loss: 0.1051 - accuracy: 0.9784 - val_loss: 0.4869 - val_accuracy: 0.9058
Epoch 271/350
391/391 - 23s - loss: 0.1062 - accuracy: 0.9783 - val_loss: 0.4867 - val_accuracy: 0.9062
Epoch 272/350
391/391 - 23s - loss: 0.1044 - accuracy: 0.9790 - val_loss: 0.4870 - val_accuracy: 0.9058
Epoch 273/350
391/391 - 23s - loss: 0.1043 - accuracy: 0.9792 - val_loss: 0.4872 - val_accuracy: 0.9059
Epoch 274/350
391/391 - 24s - loss: 0.1032 - accuracy: 0.9793 - val_loss: 0.4869 - val_accuracy: 0.9056
Epoch 275/350
391/391 - 23s - loss: 0.1007 - accuracy: 0.9810 - val_loss: 0.4899 - val_accuracy: 0.9059
Epoch 276/350
391/391 - 23s - loss: 0.1052 - accuracy: 0.9791 - val_loss: 0.4883 - val_accuracy: 0.9061
Epoch 277/350
391/391 - 24s - loss: 0.1021 - accuracy: 0.9796 - val_loss: 0.4861 - val_accuracy: 0.9061
Epoch 278/350
391/391 - 23s - loss: 0.1025 - accuracy: 0.9800 - val_loss: 0.4880 - val_accuracy: 0.9057
Epoch 279/350
391/391 - 23s - loss: 0.1010 - accuracy: 0.9800 - val_loss: 0.4878 - val_accuracy: 0.9062
Epoch 280/350
391/391 - 23s - loss: 0.1042 - accuracy: 0.9786 - val_loss: 0.4882 - val_accuracy: 0.9056
Epoch 281/350
391/391 - 23s - loss: 0.1026 - accuracy: 0.9790 - val_loss: 0.4897 - val_accuracy: 0.9058
Epoch 282/350
391/391 - 24s - loss: 0.1038 - accuracy: 0.9791 - val_loss: 0.4889 - val_accuracy: 0.9056
Epoch 283/350
391/391 - 23s - loss: 0.1030 - accuracy: 0.9796 - val_loss: 0.4882 - val_accuracy: 0.9059
Epoch 284/350
391/391 - 23s - loss: 0.1035 - accuracy: 0.9792 - val_loss: 0.4883 - val_accuracy: 0.9062
Epoch 285/350
391/391 - 24s - loss: 0.1015 - accuracy: 0.9800 - val_loss: 0.4879 - val_accuracy: 0.9055
Epoch 286/350
391/391 - 24s - loss: 0.1027 - accuracy: 0.9790 - val_loss: 0.4888 - val_accuracy: 0.9058
Epoch 287/350
391/391 - 23s - loss: 0.1027 - accuracy: 0.9793 - val_loss: 0.4897 - val_accuracy: 0.9066
Epoch 288/350
391/391 - 23s - loss: 0.1020 - accuracy: 0.9802 - val_loss: 0.4903 - val_accuracy: 0.9056
Epoch 289/350
391/391 - 23s - loss: 0.1032 - accuracy: 0.9793 - val_loss: 0.4885 - val_accuracy: 0.9068
Epoch 290/350
391/391 - 23s - loss: 0.1030 - accuracy: 0.9795 - val_loss: 0.4878 - val_accuracy: 0.9067
Epoch 291/350
391/391 - 23s - loss: 0.1034 - accuracy: 0.9801 - val_loss: 0.4883 - val_accuracy: 0.9066
Epoch 292/350
391/391 - 24s - loss: 0.1027 - accuracy: 0.9791 - val_loss: 0.4882 - val_accuracy: 0.9068
Epoch 293/350
391/391 - 23s - loss: 0.1040 - accuracy: 0.9795 - val_loss: 0.4867 - val_accuracy: 0.9065
Epoch 294/350
391/391 - 23s - loss: 0.1001 - accuracy: 0.9804 - val_loss: 0.4893 - val_accuracy: 0.9060
Epoch 295/350
391/391 - 23s - loss: 0.1024 - accuracy: 0.9800 - val_loss: 0.4870 - val_accuracy: 0.9064
Epoch 296/350
391/391 - 23s - loss: 0.1033 - accuracy: 0.9796 - val_loss: 0.4877 - val_accuracy: 0.9059
Epoch 297/350
391/391 - 24s - loss: 0.1026 - accuracy: 0.9801 - val_loss: 0.4899 - val_accuracy: 0.9064
Epoch 298/350
391/391 - 23s - loss: 0.1034 - accuracy: 0.9788 - val_loss: 0.4891 - val_accuracy: 0.9063
Epoch 299/350
391/391 - 24s - loss: 0.1040 - accuracy: 0.9794 - val_loss: 0.4875 - val_accuracy: 0.9058
Epoch 300/350


Snapshot weight 3 shuffle 7 at epoch 300
Layer 11
Getting activations...


391/391 - 23s - loss: 0.1037 - accuracy: 0.9794 - val_loss: 0.4887 - val_accuracy: 0.9067
Epoch 301/350
391/391 - 24s - loss: 0.1007 - accuracy: 0.9802 - val_loss: 0.4892 - val_accuracy: 0.9068
Epoch 302/350
391/391 - 23s - loss: 0.1037 - accuracy: 0.9798 - val_loss: 0.4887 - val_accuracy: 0.9066
Epoch 303/350
391/391 - 23s - loss: 0.1016 - accuracy: 0.9807 - val_loss: 0.4887 - val_accuracy: 0.9065
Epoch 304/350
391/391 - 23s - loss: 0.1024 - accuracy: 0.9797 - val_loss: 0.4888 - val_accuracy: 0.9065
Epoch 305/350
391/391 - 24s - loss: 0.1030 - accuracy: 0.9793 - val_loss: 0.4887 - val_accuracy: 0.9069
Epoch 306/350
391/391 - 23s - loss: 0.1006 - accuracy: 0.9803 - val_loss: 0.4890 - val_accuracy: 0.9069
Epoch 307/350
391/391 - 23s - loss: 0.1008 - accuracy: 0.9800 - val_loss: 0.4890 - val_accuracy: 0.9071
Epoch 308/350
391/391 - 23s - loss: 0.1004 - accuracy: 0.9810 - val_loss: 0.4891 - val_accuracy: 0.9071
Epoch 309/350
391/391 - 24s - loss: 0.1017 - accuracy: 0.9801 - val_loss: 0.4889 - val_accuracy: 0.9070
Epoch 310/350
391/391 - 23s - loss: 0.1025 - accuracy: 0.9801 - val_loss: 0.4888 - val_accuracy: 0.9070
Epoch 311/350
391/391 - 23s - loss: 0.1021 - accuracy: 0.9799 - val_loss: 0.4885 - val_accuracy: 0.9069
Epoch 312/350
391/391 - 23s - loss: 0.1016 - accuracy: 0.9806 - val_loss: 0.4886 - val_accuracy: 0.9068
Epoch 313/350
391/391 - 23s - loss: 0.1027 - accuracy: 0.9795 - val_loss: 0.4886 - val_accuracy: 0.9070
Epoch 314/350
391/391 - 23s - loss: 0.1037 - accuracy: 0.9785 - val_loss: 0.4886 - val_accuracy: 0.9067
Epoch 315/350
391/391 - 23s - loss: 0.1052 - accuracy: 0.9782 - val_loss: 0.4886 - val_accuracy: 0.9062
Epoch 316/350
391/391 - 24s - loss: 0.1016 - accuracy: 0.9805 - val_loss: 0.4888 - val_accuracy: 0.9062
Epoch 317/350
391/391 - 23s - loss: 0.1027 - accuracy: 0.9796 - val_loss: 0.4888 - val_accuracy: 0.9062
Epoch 318/350
391/391 - 23s - loss: 0.1016 - accuracy: 0.9790 - val_loss: 0.4888 - val_accuracy: 0.9061
Epoch 319/350
391/391 - 24s - loss: 0.1018 - accuracy: 0.9797 - val_loss: 0.4886 - val_accuracy: 0.9064
Epoch 320/350
391/391 - 23s - loss: 0.1027 - accuracy: 0.9787 - val_loss: 0.4884 - val_accuracy: 0.9062
Epoch 321/350
391/391 - 23s - loss: 0.0991 - accuracy: 0.9808 - val_loss: 0.4883 - val_accuracy: 0.9064
Epoch 322/350
391/391 - 23s - loss: 0.1002 - accuracy: 0.9808 - val_loss: 0.4886 - val_accuracy: 0.9062
Epoch 323/350
391/391 - 23s - loss: 0.1041 - accuracy: 0.9793 - val_loss: 0.4886 - val_accuracy: 0.9065
Epoch 324/350
391/391 - 23s - loss: 0.1010 - accuracy: 0.9795 - val_loss: 0.4888 - val_accuracy: 0.9064
Epoch 325/350
391/391 - 23s - loss: 0.1013 - accuracy: 0.9804 - val_loss: 0.4890 - val_accuracy: 0.9061
Epoch 326/350
391/391 - 23s - loss: 0.1015 - accuracy: 0.9801 - val_loss: 0.4890 - val_accuracy: 0.9067
Epoch 327/350
391/391 - 23s - loss: 0.1035 - accuracy: 0.9788 - val_loss: 0.4892 - val_accuracy: 0.9065
Epoch 328/350
391/391 - 23s - loss: 0.1016 - accuracy: 0.9804 - val_loss: 0.4893 - val_accuracy: 0.9069
Epoch 329/350
391/391 - 23s - loss: 0.1009 - accuracy: 0.9802 - val_loss: 0.4892 - val_accuracy: 0.9068
Epoch 330/350
391/391 - 24s - loss: 0.1008 - accuracy: 0.9804 - val_loss: 0.4891 - val_accuracy: 0.9066
Epoch 331/350
391/391 - 23s - loss: 0.1015 - accuracy: 0.9797 - val_loss: 0.4891 - val_accuracy: 0.9062
Epoch 332/350
391/391 - 23s - loss: 0.1028 - accuracy: 0.9794 - val_loss: 0.4890 - val_accuracy: 0.9068
Epoch 333/350
391/391 - 23s - loss: 0.1033 - accuracy: 0.9799 - val_loss: 0.4892 - val_accuracy: 0.9064
Epoch 334/350
391/391 - 23s - loss: 0.1032 - accuracy: 0.9791 - val_loss: 0.4889 - val_accuracy: 0.9067
Epoch 335/350
391/391 - 23s - loss: 0.1040 - accuracy: 0.9785 - val_loss: 0.4887 - val_accuracy: 0.9069
Epoch 336/350
391/391 - 23s - loss: 0.1025 - accuracy: 0.9798 - val_loss: 0.4888 - val_accuracy: 0.9069
Epoch 337/350
391/391 - 23s - loss: 0.1008 - accuracy: 0.9802 - val_loss: 0.4889 - val_accuracy: 0.9066
Epoch 338/350
391/391 - 23s - loss: 0.1008 - accuracy: 0.9806 - val_loss: 0.4893 - val_accuracy: 0.9067
Epoch 339/350
391/391 - 24s - loss: 0.1019 - accuracy: 0.9804 - val_loss: 0.4894 - val_accuracy: 0.9065
Epoch 340/350
391/391 - 23s - loss: 0.1043 - accuracy: 0.9790 - val_loss: 0.4896 - val_accuracy: 0.9065
Epoch 341/350
391/391 - 23s - loss: 0.1061 - accuracy: 0.9785 - val_loss: 0.4894 - val_accuracy: 0.9060
Epoch 342/350
391/391 - 23s - loss: 0.1013 - accuracy: 0.9795 - val_loss: 0.4894 - val_accuracy: 0.9059
Epoch 343/350
391/391 - 24s - loss: 0.1022 - accuracy: 0.9802 - val_loss: 0.4889 - val_accuracy: 0.9065
Epoch 344/350
391/391 - 23s - loss: 0.1044 - accuracy: 0.9790 - val_loss: 0.4889 - val_accuracy: 0.9062
Epoch 345/350
391/391 - 24s - loss: 0.1008 - accuracy: 0.9799 - val_loss: 0.4890 - val_accuracy: 0.9062
Epoch 346/350
391/391 - 24s - loss: 0.1015 - accuracy: 0.9789 - val_loss: 0.4891 - val_accuracy: 0.9063
Epoch 347/350
391/391 - 23s - loss: 0.1015 - accuracy: 0.9798 - val_loss: 0.4890 - val_accuracy: 0.9064
Epoch 348/350
391/391 - 23s - loss: 0.1006 - accuracy: 0.9799 - val_loss: 0.4890 - val_accuracy: 0.9070
Epoch 349/350
391/391 - 23s - loss: 0.1049 - accuracy: 0.9783 - val_loss: 0.4889 - val_accuracy: 0.9069
Epoch 350/350


Snapshot weight 3 shuffle 7 at epoch 350
Layer 11
Getting activations...


391/391 - 24s - loss: 0.1029 - accuracy: 0.9801 - val_loss: 0.4885 - val_accuracy: 0.9066
/usr/local/lib/python3.6/dist-packages/tensorflow/python/autograph/impl/api.py:493: UserWarning: fill_value is not supported and is always 0 for TensorFlow < 2.4.0.
  return py_builtins.overload_of(f)(*args)
WARNING:tensorflow:From /usr/local/lib/python3.6/dist-packages/tensorflow/python/training/tracking/tracking.py:111: Model.state_updates (from tensorflow.python.keras.engine.training) is deprecated and will be removed in a future version.
Instructions for updating:
This property should not be used in TensorFlow 2.0, as updates are applied automatically.
2021-07-02 16:37:09.703276: W tensorflow/python/util/util.cc:348] Sets are not currently considered sequences, but this may change in the future, so consider avoiding using them.
WARNING:tensorflow:From /usr/local/lib/python3.6/dist-packages/tensorflow/python/training/tracking/tracking.py:111: Layer.updates (from tensorflow.python.keras.engine.base_layer) is deprecated and will be removed in a future version.
Instructions for updating:
This property should not be used in TensorFlow 2.0, as updates are applied automatically.
Saving, final validation acc: 0.9065999984741211
