2021-07-02 12:09:06.720438: I tensorflow/stream_executor/platform/default/dso_loader.cc:48] Successfully opened dynamic library libcudart.so.10.1
2021-07-02 12:10:28.243915: I tensorflow/stream_executor/platform/default/dso_loader.cc:48] Successfully opened dynamic library libcuda.so.1
2021-07-02 12:10:28.286920: I tensorflow/core/common_runtime/gpu/gpu_device.cc:1716] Found device 0 with properties: 
pciBusID: 0000:83:00.0 name: NVIDIA TITAN X (Pascal) computeCapability: 6.1
coreClock: 1.531GHz coreCount: 28 deviceMemorySize: 11.91GiB deviceMemoryBandwidth: 447.48GiB/s
2021-07-02 12:10:28.286995: I tensorflow/stream_executor/platform/default/dso_loader.cc:48] Successfully opened dynamic library libcudart.so.10.1
2021-07-02 12:10:28.329651: I tensorflow/stream_executor/platform/default/dso_loader.cc:48] Successfully opened dynamic library libcublas.so.10
2021-07-02 12:10:28.350585: I tensorflow/stream_executor/platform/default/dso_loader.cc:48] Successfully opened dynamic library libcufft.so.10
2021-07-02 12:10:28.359810: I tensorflow/stream_executor/platform/default/dso_loader.cc:48] Successfully opened dynamic library libcurand.so.10
2021-07-02 12:10:28.403834: I tensorflow/stream_executor/platform/default/dso_loader.cc:48] Successfully opened dynamic library libcusolver.so.10
2021-07-02 12:10:28.412409: I tensorflow/stream_executor/platform/default/dso_loader.cc:48] Successfully opened dynamic library libcusparse.so.10
2021-07-02 12:10:28.491182: I tensorflow/stream_executor/platform/default/dso_loader.cc:48] Successfully opened dynamic library libcudnn.so.7
2021-07-02 12:10:28.493720: I tensorflow/core/common_runtime/gpu/gpu_device.cc:1858] Adding visible gpu devices: 0
2021-07-02 12:10:28.497664: I tensorflow/core/platform/cpu_feature_guard.cc:142] This TensorFlow binary is optimized with oneAPI Deep Neural Network Library (oneDNN)to use the following CPU instructions in performance-critical operations:  AVX2 FMA
To enable them in other operations, rebuild TensorFlow with the appropriate compiler flags.
2021-07-02 12:10:28.514014: I tensorflow/core/platform/profile_utils/cpu_utils.cc:104] CPU Frequency: 2599865000 Hz
2021-07-02 12:10:28.514208: I tensorflow/compiler/xla/service/service.cc:168] XLA service 0x45af210 initialized for platform Host (this does not guarantee that XLA will be used). Devices:
2021-07-02 12:10:28.514230: I tensorflow/compiler/xla/service/service.cc:176]   StreamExecutor device (0): Host, Default Version
2021-07-02 12:10:28.656166: I tensorflow/compiler/xla/service/service.cc:168] XLA service 0x45a77e0 initialized for platform CUDA (this does not guarantee that XLA will be used). Devices:
2021-07-02 12:10:28.656240: I tensorflow/compiler/xla/service/service.cc:176]   StreamExecutor device (0): NVIDIA TITAN X (Pascal), Compute Capability 6.1
2021-07-02 12:10:28.658874: I tensorflow/core/common_runtime/gpu/gpu_device.cc:1716] Found device 0 with properties: 
pciBusID: 0000:83:00.0 name: NVIDIA TITAN X (Pascal) computeCapability: 6.1
coreClock: 1.531GHz coreCount: 28 deviceMemorySize: 11.91GiB deviceMemoryBandwidth: 447.48GiB/s
2021-07-02 12:10:28.658930: I tensorflow/stream_executor/platform/default/dso_loader.cc:48] Successfully opened dynamic library libcudart.so.10.1
2021-07-02 12:10:28.658969: I tensorflow/stream_executor/platform/default/dso_loader.cc:48] Successfully opened dynamic library libcublas.so.10
2021-07-02 12:10:28.658990: I tensorflow/stream_executor/platform/default/dso_loader.cc:48] Successfully opened dynamic library libcufft.so.10
2021-07-02 12:10:28.659010: I tensorflow/stream_executor/platform/default/dso_loader.cc:48] Successfully opened dynamic library libcurand.so.10
2021-07-02 12:10:28.659029: I tensorflow/stream_executor/platform/default/dso_loader.cc:48] Successfully opened dynamic library libcusolver.so.10
2021-07-02 12:10:28.659049: I tensorflow/stream_executor/platform/default/dso_loader.cc:48] Successfully opened dynamic library libcusparse.so.10
2021-07-02 12:10:28.659838: I tensorflow/stream_executor/platform/default/dso_loader.cc:48] Successfully opened dynamic library libcudnn.so.7
2021-07-02 12:10:28.661671: I tensorflow/core/common_runtime/gpu/gpu_device.cc:1858] Adding visible gpu devices: 0
2021-07-02 12:10:28.663513: I tensorflow/stream_executor/platform/default/dso_loader.cc:48] Successfully opened dynamic library libcudart.so.10.1
2021-07-02 12:10:30.546428: I tensorflow/core/common_runtime/gpu/gpu_device.cc:1257] Device interconnect StreamExecutor with strength 1 edge matrix:
2021-07-02 12:10:30.546502: I tensorflow/core/common_runtime/gpu/gpu_device.cc:1263]      0 
2021-07-02 12:10:30.546516: I tensorflow/core/common_runtime/gpu/gpu_device.cc:1276] 0:   N 
2021-07-02 12:10:30.553216: I tensorflow/core/common_runtime/gpu/gpu_device.cc:1402] Created TensorFlow device (/job:localhost/replica:0/task:0/device:GPU:0 with 11228 MB memory) -> physical GPU (device: 0, name: NVIDIA TITAN X (Pascal), pci bus id: 0000:83:00.0, compute capability: 6.1)
2021-07-02 12:10:36.608151: I tensorflow/stream_executor/platform/default/dso_loader.cc:48] Successfully opened dynamic library libcudnn.so.7
2021-07-02 12:10:39.177476: I tensorflow/stream_executor/platform/default/dso_loader.cc:48] Successfully opened dynamic library libcublas.so.10
Using model index: 69
Making train data...
GCN...
ZCA...
Done!
Making test data...
Done!
Epoch 1/350


Snapshot weight 9 shuffle 6 at epoch 1
Layer 11
Getting activations...


391/391 - 25s - loss: 2.3090 - accuracy: 0.1178 - val_loss: 2.2975 - val_accuracy: 0.1542
Epoch 2/350


Snapshot weight 9 shuffle 6 at epoch 2
Layer 11
Getting activations...


391/391 - 25s - loss: 2.1402 - accuracy: 0.2239 - val_loss: 1.9653 - val_accuracy: 0.3163
Epoch 3/350


Snapshot weight 9 shuffle 6 at epoch 3
Layer 11
Getting activations...


391/391 - 25s - loss: 1.8260 - accuracy: 0.3426 - val_loss: 1.6354 - val_accuracy: 0.3957
Epoch 4/350


Snapshot weight 9 shuffle 6 at epoch 4
Layer 11
Getting activations...


391/391 - 25s - loss: 1.5382 - accuracy: 0.4471 - val_loss: 1.4399 - val_accuracy: 0.5008
Epoch 5/350


Snapshot weight 9 shuffle 6 at epoch 5
Layer 11
Getting activations...


391/391 - 25s - loss: 1.3824 - accuracy: 0.5123 - val_loss: 1.2039 - val_accuracy: 0.5820
Epoch 6/350


Snapshot weight 9 shuffle 6 at epoch 6
Layer 11
Getting activations...


391/391 - 25s - loss: 1.2762 - accuracy: 0.5492 - val_loss: 1.1501 - val_accuracy: 0.5952
Epoch 7/350


Snapshot weight 9 shuffle 6 at epoch 7
Layer 11
Getting activations...


391/391 - 25s - loss: 1.2026 - accuracy: 0.5784 - val_loss: 1.1299 - val_accuracy: 0.6122
Epoch 8/350


Snapshot weight 9 shuffle 6 at epoch 8
Layer 11
Getting activations...


391/391 - 25s - loss: 1.1310 - accuracy: 0.6039 - val_loss: 1.0061 - val_accuracy: 0.6463
Epoch 9/350


Snapshot weight 9 shuffle 6 at epoch 9
Layer 11
Getting activations...


391/391 - 25s - loss: 1.0811 - accuracy: 0.6228 - val_loss: 1.0664 - val_accuracy: 0.6340
Epoch 10/350


Snapshot weight 9 shuffle 6 at epoch 10
Layer 11
Getting activations...


391/391 - 25s - loss: 1.0318 - accuracy: 0.6442 - val_loss: 0.9795 - val_accuracy: 0.6643
Epoch 11/350
391/391 - 25s - loss: 0.9927 - accuracy: 0.6576 - val_loss: 0.8952 - val_accuracy: 0.6915
Epoch 12/350
391/391 - 25s - loss: 0.9512 - accuracy: 0.6734 - val_loss: 0.8938 - val_accuracy: 0.6864
Epoch 13/350
391/391 - 25s - loss: 0.9271 - accuracy: 0.6822 - val_loss: 0.8772 - val_accuracy: 0.7012
Epoch 14/350
391/391 - 25s - loss: 0.8876 - accuracy: 0.6960 - val_loss: 0.7970 - val_accuracy: 0.7313
Epoch 15/350
391/391 - 25s - loss: 0.8492 - accuracy: 0.7111 - val_loss: 0.7747 - val_accuracy: 0.7362
Epoch 16/350
391/391 - 25s - loss: 0.8129 - accuracy: 0.7250 - val_loss: 0.7644 - val_accuracy: 0.7443
Epoch 17/350
391/391 - 25s - loss: 0.7780 - accuracy: 0.7358 - val_loss: 0.7270 - val_accuracy: 0.7548
Epoch 18/350
391/391 - 25s - loss: 0.7594 - accuracy: 0.7431 - val_loss: 0.6889 - val_accuracy: 0.7715
Epoch 19/350
391/391 - 25s - loss: 0.7305 - accuracy: 0.7528 - val_loss: 0.6982 - val_accuracy: 0.7737
Epoch 20/350
391/391 - 25s - loss: 0.7121 - accuracy: 0.7620 - val_loss: 0.6547 - val_accuracy: 0.7840
Epoch 21/350
391/391 - 25s - loss: 0.6832 - accuracy: 0.7715 - val_loss: 0.6768 - val_accuracy: 0.7733
Epoch 22/350
391/391 - 25s - loss: 0.6679 - accuracy: 0.7775 - val_loss: 0.6935 - val_accuracy: 0.7728
Epoch 23/350
391/391 - 25s - loss: 0.6545 - accuracy: 0.7812 - val_loss: 0.6072 - val_accuracy: 0.8007
Epoch 24/350
391/391 - 25s - loss: 0.6445 - accuracy: 0.7863 - val_loss: 0.6399 - val_accuracy: 0.7917
Epoch 25/350
391/391 - 25s - loss: 0.6224 - accuracy: 0.7953 - val_loss: 0.6405 - val_accuracy: 0.7889
Epoch 26/350
391/391 - 25s - loss: 0.6054 - accuracy: 0.7987 - val_loss: 0.6010 - val_accuracy: 0.8006
Epoch 27/350
391/391 - 25s - loss: 0.5952 - accuracy: 0.8019 - val_loss: 0.5441 - val_accuracy: 0.8256
Epoch 28/350
391/391 - 25s - loss: 0.5788 - accuracy: 0.8083 - val_loss: 0.5341 - val_accuracy: 0.8278
Epoch 29/350
391/391 - 25s - loss: 0.5709 - accuracy: 0.8120 - val_loss: 0.5593 - val_accuracy: 0.8196
Epoch 30/350
391/391 - 25s - loss: 0.5635 - accuracy: 0.8139 - val_loss: 0.5577 - val_accuracy: 0.8204
Epoch 31/350
391/391 - 25s - loss: 0.5481 - accuracy: 0.8190 - val_loss: 0.5260 - val_accuracy: 0.8301
Epoch 32/350
391/391 - 25s - loss: 0.5336 - accuracy: 0.8245 - val_loss: 0.5619 - val_accuracy: 0.8205
Epoch 33/350
391/391 - 25s - loss: 0.5268 - accuracy: 0.8273 - val_loss: 0.5625 - val_accuracy: 0.8214
Epoch 34/350
391/391 - 25s - loss: 0.5144 - accuracy: 0.8319 - val_loss: 0.4910 - val_accuracy: 0.8440
Epoch 35/350
391/391 - 25s - loss: 0.5090 - accuracy: 0.8341 - val_loss: 0.4764 - val_accuracy: 0.8462
Epoch 36/350
391/391 - 25s - loss: 0.5019 - accuracy: 0.8361 - val_loss: 0.5109 - val_accuracy: 0.8372
Epoch 37/350
391/391 - 25s - loss: 0.4926 - accuracy: 0.8396 - val_loss: 0.4709 - val_accuracy: 0.8534
Epoch 38/350
391/391 - 25s - loss: 0.4839 - accuracy: 0.8419 - val_loss: 0.4617 - val_accuracy: 0.8514
Epoch 39/350
391/391 - 25s - loss: 0.4784 - accuracy: 0.8444 - val_loss: 0.5083 - val_accuracy: 0.8420
Epoch 40/350
391/391 - 25s - loss: 0.4687 - accuracy: 0.8486 - val_loss: 0.5071 - val_accuracy: 0.8456
Epoch 41/350
391/391 - 25s - loss: 0.4660 - accuracy: 0.8477 - val_loss: 0.4869 - val_accuracy: 0.8448
Epoch 42/350
391/391 - 25s - loss: 0.4516 - accuracy: 0.8549 - val_loss: 0.4707 - val_accuracy: 0.8517
Epoch 43/350
391/391 - 25s - loss: 0.4478 - accuracy: 0.8548 - val_loss: 0.4960 - val_accuracy: 0.8448
Epoch 44/350
391/391 - 25s - loss: 0.4480 - accuracy: 0.8536 - val_loss: 0.4943 - val_accuracy: 0.8472
Epoch 45/350
391/391 - 25s - loss: 0.4386 - accuracy: 0.8599 - val_loss: 0.4667 - val_accuracy: 0.8556
Epoch 46/350
391/391 - 25s - loss: 0.4313 - accuracy: 0.8610 - val_loss: 0.4628 - val_accuracy: 0.8575
Epoch 47/350
391/391 - 25s - loss: 0.4296 - accuracy: 0.8617 - val_loss: 0.4646 - val_accuracy: 0.8537
Epoch 48/350
391/391 - 25s - loss: 0.4230 - accuracy: 0.8642 - val_loss: 0.4495 - val_accuracy: 0.8595
Epoch 49/350
391/391 - 25s - loss: 0.4174 - accuracy: 0.8652 - val_loss: 0.4271 - val_accuracy: 0.8640
Epoch 50/350


Snapshot weight 9 shuffle 6 at epoch 50
Layer 11
Getting activations...


391/391 - 25s - loss: 0.4093 - accuracy: 0.8676 - val_loss: 0.5790 - val_accuracy: 0.8299
Epoch 51/350
391/391 - 25s - loss: 0.4028 - accuracy: 0.8702 - val_loss: 0.4527 - val_accuracy: 0.8591
Epoch 52/350
391/391 - 25s - loss: 0.3976 - accuracy: 0.8718 - val_loss: 0.4697 - val_accuracy: 0.8570
Epoch 53/350
391/391 - 25s - loss: 0.4050 - accuracy: 0.8696 - val_loss: 0.4473 - val_accuracy: 0.8605
Epoch 54/350
391/391 - 25s - loss: 0.3948 - accuracy: 0.8720 - val_loss: 0.4267 - val_accuracy: 0.8665
Epoch 55/350
391/391 - 25s - loss: 0.3826 - accuracy: 0.8754 - val_loss: 0.4660 - val_accuracy: 0.8589
Epoch 56/350
391/391 - 25s - loss: 0.3845 - accuracy: 0.8770 - val_loss: 0.4203 - val_accuracy: 0.8700
Epoch 57/350
391/391 - 25s - loss: 0.3767 - accuracy: 0.8785 - val_loss: 0.4323 - val_accuracy: 0.8695
Epoch 58/350
391/391 - 25s - loss: 0.3783 - accuracy: 0.8810 - val_loss: 0.4435 - val_accuracy: 0.8630
Epoch 59/350
391/391 - 25s - loss: 0.3730 - accuracy: 0.8809 - val_loss: 0.4224 - val_accuracy: 0.8722
Epoch 60/350
391/391 - 25s - loss: 0.3670 - accuracy: 0.8823 - val_loss: 0.4389 - val_accuracy: 0.8673
Epoch 61/350
391/391 - 25s - loss: 0.3617 - accuracy: 0.8862 - val_loss: 0.4266 - val_accuracy: 0.8736
Epoch 62/350
391/391 - 25s - loss: 0.3543 - accuracy: 0.8866 - val_loss: 0.4532 - val_accuracy: 0.8711
Epoch 63/350
391/391 - 25s - loss: 0.3602 - accuracy: 0.8855 - val_loss: 0.4907 - val_accuracy: 0.8549
Epoch 64/350
391/391 - 25s - loss: 0.3560 - accuracy: 0.8875 - val_loss: 0.4205 - val_accuracy: 0.8728
Epoch 65/350
391/391 - 25s - loss: 0.3440 - accuracy: 0.8907 - val_loss: 0.4150 - val_accuracy: 0.8746
Epoch 66/350
391/391 - 25s - loss: 0.3469 - accuracy: 0.8903 - val_loss: 0.4211 - val_accuracy: 0.8748
Epoch 67/350
391/391 - 25s - loss: 0.3432 - accuracy: 0.8919 - val_loss: 0.4209 - val_accuracy: 0.8750
Epoch 68/350
391/391 - 25s - loss: 0.3397 - accuracy: 0.8929 - val_loss: 0.4509 - val_accuracy: 0.8685
Epoch 69/350
391/391 - 25s - loss: 0.3362 - accuracy: 0.8954 - val_loss: 0.4253 - val_accuracy: 0.8705
Epoch 70/350
391/391 - 25s - loss: 0.3314 - accuracy: 0.8960 - val_loss: 0.4191 - val_accuracy: 0.8759
Epoch 71/350
391/391 - 25s - loss: 0.3342 - accuracy: 0.8933 - val_loss: 0.4484 - val_accuracy: 0.8716
Epoch 72/350
391/391 - 25s - loss: 0.3229 - accuracy: 0.8983 - val_loss: 0.4421 - val_accuracy: 0.8703
Epoch 73/350
391/391 - 25s - loss: 0.3209 - accuracy: 0.8999 - val_loss: 0.4366 - val_accuracy: 0.8695
Epoch 74/350
391/391 - 25s - loss: 0.3187 - accuracy: 0.9000 - val_loss: 0.4423 - val_accuracy: 0.8723
Epoch 75/350
391/391 - 25s - loss: 0.3158 - accuracy: 0.9010 - val_loss: 0.4279 - val_accuracy: 0.8750
Epoch 76/350
391/391 - 25s - loss: 0.3166 - accuracy: 0.9003 - val_loss: 0.4505 - val_accuracy: 0.8691
Epoch 77/350
391/391 - 25s - loss: 0.3088 - accuracy: 0.9024 - val_loss: 0.4314 - val_accuracy: 0.8753
Epoch 78/350
391/391 - 25s - loss: 0.3102 - accuracy: 0.9020 - val_loss: 0.4056 - val_accuracy: 0.8778
Epoch 79/350
391/391 - 25s - loss: 0.3111 - accuracy: 0.9036 - val_loss: 0.4268 - val_accuracy: 0.8743
Epoch 80/350
391/391 - 25s - loss: 0.3044 - accuracy: 0.9049 - val_loss: 0.4053 - val_accuracy: 0.8852
Epoch 81/350
391/391 - 25s - loss: 0.3036 - accuracy: 0.9045 - val_loss: 0.4278 - val_accuracy: 0.8811
Epoch 82/350
391/391 - 25s - loss: 0.3042 - accuracy: 0.9051 - val_loss: 0.4364 - val_accuracy: 0.8778
Epoch 83/350
391/391 - 25s - loss: 0.2936 - accuracy: 0.9087 - val_loss: 0.4153 - val_accuracy: 0.8777
Epoch 84/350
391/391 - 25s - loss: 0.2945 - accuracy: 0.9096 - val_loss: 0.4088 - val_accuracy: 0.8831
Epoch 85/350
391/391 - 25s - loss: 0.2920 - accuracy: 0.9102 - val_loss: 0.3916 - val_accuracy: 0.8869
Epoch 86/350
391/391 - 25s - loss: 0.2868 - accuracy: 0.9112 - val_loss: 0.4390 - val_accuracy: 0.8748
Epoch 87/350
391/391 - 25s - loss: 0.2885 - accuracy: 0.9097 - val_loss: 0.4156 - val_accuracy: 0.8807
Epoch 88/350
391/391 - 25s - loss: 0.2838 - accuracy: 0.9130 - val_loss: 0.4020 - val_accuracy: 0.8820
Epoch 89/350
391/391 - 25s - loss: 0.2848 - accuracy: 0.9118 - val_loss: 0.4089 - val_accuracy: 0.8858
Epoch 90/350
391/391 - 25s - loss: 0.2844 - accuracy: 0.9129 - val_loss: 0.4135 - val_accuracy: 0.8832
Epoch 91/350
391/391 - 25s - loss: 0.2796 - accuracy: 0.9145 - val_loss: 0.4282 - val_accuracy: 0.8807
Epoch 92/350
391/391 - 25s - loss: 0.2766 - accuracy: 0.9148 - val_loss: 0.4270 - val_accuracy: 0.8830
Epoch 93/350
391/391 - 25s - loss: 0.2769 - accuracy: 0.9154 - val_loss: 0.4324 - val_accuracy: 0.8822
Epoch 94/350
391/391 - 25s - loss: 0.2735 - accuracy: 0.9167 - val_loss: 0.4140 - val_accuracy: 0.8770
Epoch 95/350
391/391 - 25s - loss: 0.2719 - accuracy: 0.9166 - val_loss: 0.3919 - val_accuracy: 0.8921
Epoch 96/350
391/391 - 25s - loss: 0.2665 - accuracy: 0.9175 - val_loss: 0.4062 - val_accuracy: 0.8896
Epoch 97/350
391/391 - 25s - loss: 0.2676 - accuracy: 0.9188 - val_loss: 0.4069 - val_accuracy: 0.8865
Epoch 98/350
391/391 - 25s - loss: 0.2644 - accuracy: 0.9197 - val_loss: 0.4049 - val_accuracy: 0.8892
Epoch 99/350
391/391 - 25s - loss: 0.2650 - accuracy: 0.9189 - val_loss: 0.4120 - val_accuracy: 0.8832
Epoch 100/350


Snapshot weight 9 shuffle 6 at epoch 100
Layer 11
Getting activations...


391/391 - 25s - loss: 0.2630 - accuracy: 0.9200 - val_loss: 0.3935 - val_accuracy: 0.8908
Epoch 101/350
391/391 - 25s - loss: 0.2540 - accuracy: 0.9247 - val_loss: 0.4579 - val_accuracy: 0.8791
Epoch 102/350
391/391 - 25s - loss: 0.2606 - accuracy: 0.9197 - val_loss: 0.4092 - val_accuracy: 0.8864
Epoch 103/350
391/391 - 25s - loss: 0.2553 - accuracy: 0.9230 - val_loss: 0.4663 - val_accuracy: 0.8781
Epoch 104/350
391/391 - 25s - loss: 0.2570 - accuracy: 0.9221 - val_loss: 0.4129 - val_accuracy: 0.8885
Epoch 105/350
391/391 - 25s - loss: 0.2615 - accuracy: 0.9206 - val_loss: 0.4011 - val_accuracy: 0.8860
Epoch 106/350
391/391 - 25s - loss: 0.2512 - accuracy: 0.9241 - val_loss: 0.4321 - val_accuracy: 0.8848
Epoch 107/350
391/391 - 25s - loss: 0.2505 - accuracy: 0.9250 - val_loss: 0.4173 - val_accuracy: 0.8839
Epoch 108/350
391/391 - 25s - loss: 0.2495 - accuracy: 0.9256 - val_loss: 0.4211 - val_accuracy: 0.8890
Epoch 109/350
391/391 - 25s - loss: 0.2460 - accuracy: 0.9252 - val_loss: 0.4132 - val_accuracy: 0.8882
Epoch 110/350
391/391 - 25s - loss: 0.2470 - accuracy: 0.9265 - val_loss: 0.3975 - val_accuracy: 0.8945
Epoch 111/350
391/391 - 25s - loss: 0.2440 - accuracy: 0.9265 - val_loss: 0.4079 - val_accuracy: 0.8850
Epoch 112/350
391/391 - 25s - loss: 0.2439 - accuracy: 0.9262 - val_loss: 0.4005 - val_accuracy: 0.8938
Epoch 113/350
391/391 - 25s - loss: 0.2401 - accuracy: 0.9297 - val_loss: 0.4227 - val_accuracy: 0.8832
Epoch 114/350
391/391 - 25s - loss: 0.2432 - accuracy: 0.9272 - val_loss: 0.4067 - val_accuracy: 0.8924
Epoch 115/350
391/391 - 25s - loss: 0.2378 - accuracy: 0.9289 - val_loss: 0.3992 - val_accuracy: 0.8917
Epoch 116/350
391/391 - 25s - loss: 0.2292 - accuracy: 0.9319 - val_loss: 0.4267 - val_accuracy: 0.8870
Epoch 117/350
391/391 - 25s - loss: 0.2403 - accuracy: 0.9282 - val_loss: 0.4318 - val_accuracy: 0.8855
Epoch 118/350
391/391 - 25s - loss: 0.2317 - accuracy: 0.9321 - val_loss: 0.4032 - val_accuracy: 0.8914
Epoch 119/350
391/391 - 25s - loss: 0.2348 - accuracy: 0.9309 - val_loss: 0.4396 - val_accuracy: 0.8925
Epoch 120/350
391/391 - 25s - loss: 0.2346 - accuracy: 0.9305 - val_loss: 0.4046 - val_accuracy: 0.8928
Epoch 121/350
391/391 - 25s - loss: 0.2274 - accuracy: 0.9327 - val_loss: 0.4392 - val_accuracy: 0.8900
Epoch 122/350
391/391 - 25s - loss: 0.2331 - accuracy: 0.9305 - val_loss: 0.4106 - val_accuracy: 0.8932
Epoch 123/350
391/391 - 25s - loss: 0.2281 - accuracy: 0.9319 - val_loss: 0.4149 - val_accuracy: 0.8894
Epoch 124/350
391/391 - 25s - loss: 0.2249 - accuracy: 0.9351 - val_loss: 0.4135 - val_accuracy: 0.8901
Epoch 125/350
391/391 - 25s - loss: 0.2234 - accuracy: 0.9355 - val_loss: 0.4273 - val_accuracy: 0.8914
Epoch 126/350
391/391 - 25s - loss: 0.2251 - accuracy: 0.9336 - val_loss: 0.3982 - val_accuracy: 0.8918
Epoch 127/350
391/391 - 25s - loss: 0.2183 - accuracy: 0.9375 - val_loss: 0.4253 - val_accuracy: 0.8906
Epoch 128/350
391/391 - 25s - loss: 0.2207 - accuracy: 0.9352 - val_loss: 0.4249 - val_accuracy: 0.8901
Epoch 129/350
391/391 - 25s - loss: 0.2238 - accuracy: 0.9353 - val_loss: 0.4023 - val_accuracy: 0.8935
Epoch 130/350
391/391 - 25s - loss: 0.2209 - accuracy: 0.9362 - val_loss: 0.4282 - val_accuracy: 0.8890
Epoch 131/350
391/391 - 25s - loss: 0.2192 - accuracy: 0.9373 - val_loss: 0.4089 - val_accuracy: 0.8948
Epoch 132/350
391/391 - 25s - loss: 0.2147 - accuracy: 0.9389 - val_loss: 0.4163 - val_accuracy: 0.8950
Epoch 133/350
391/391 - 25s - loss: 0.2166 - accuracy: 0.9376 - val_loss: 0.4644 - val_accuracy: 0.8847
Epoch 134/350
391/391 - 25s - loss: 0.2154 - accuracy: 0.9376 - val_loss: 0.4590 - val_accuracy: 0.8845
Epoch 135/350
391/391 - 25s - loss: 0.2153 - accuracy: 0.9380 - val_loss: 0.4187 - val_accuracy: 0.8910
Epoch 136/350
391/391 - 25s - loss: 0.2125 - accuracy: 0.9387 - val_loss: 0.4273 - val_accuracy: 0.8946
Epoch 137/350
391/391 - 25s - loss: 0.2098 - accuracy: 0.9406 - val_loss: 0.4259 - val_accuracy: 0.8919
Epoch 138/350
391/391 - 25s - loss: 0.2100 - accuracy: 0.9397 - val_loss: 0.4224 - val_accuracy: 0.8916
Epoch 139/350
391/391 - 25s - loss: 0.2118 - accuracy: 0.9400 - val_loss: 0.4257 - val_accuracy: 0.8935
Epoch 140/350
391/391 - 25s - loss: 0.2088 - accuracy: 0.9399 - val_loss: 0.4401 - val_accuracy: 0.8958
Epoch 141/350
391/391 - 25s - loss: 0.2113 - accuracy: 0.9402 - val_loss: 0.4282 - val_accuracy: 0.8918
Epoch 142/350
391/391 - 25s - loss: 0.2049 - accuracy: 0.9421 - val_loss: 0.4634 - val_accuracy: 0.8905
Epoch 143/350
391/391 - 25s - loss: 0.2099 - accuracy: 0.9395 - val_loss: 0.4287 - val_accuracy: 0.8901
Epoch 144/350
391/391 - 25s - loss: 0.2024 - accuracy: 0.9419 - val_loss: 0.4709 - val_accuracy: 0.8903
Epoch 145/350
391/391 - 25s - loss: 0.2083 - accuracy: 0.9403 - val_loss: 0.4337 - val_accuracy: 0.8946
Epoch 146/350
391/391 - 25s - loss: 0.2068 - accuracy: 0.9410 - val_loss: 0.4186 - val_accuracy: 0.8924
Epoch 147/350
391/391 - 25s - loss: 0.2035 - accuracy: 0.9438 - val_loss: 0.4457 - val_accuracy: 0.8932
Epoch 148/350
391/391 - 25s - loss: 0.2010 - accuracy: 0.9429 - val_loss: 0.4301 - val_accuracy: 0.8931
Epoch 149/350
391/391 - 25s - loss: 0.2002 - accuracy: 0.9442 - val_loss: 0.4332 - val_accuracy: 0.8930
Epoch 150/350


Snapshot weight 9 shuffle 6 at epoch 150
Layer 11
Getting activations...


391/391 - 25s - loss: 0.1986 - accuracy: 0.9444 - val_loss: 0.3987 - val_accuracy: 0.9016
Epoch 151/350
391/391 - 25s - loss: 0.1990 - accuracy: 0.9437 - val_loss: 0.4433 - val_accuracy: 0.8921
Epoch 152/350
391/391 - 25s - loss: 0.1947 - accuracy: 0.9454 - val_loss: 0.4298 - val_accuracy: 0.8950
Epoch 153/350
391/391 - 25s - loss: 0.1921 - accuracy: 0.9470 - val_loss: 0.4252 - val_accuracy: 0.8960
Epoch 154/350
391/391 - 25s - loss: 0.2018 - accuracy: 0.9435 - val_loss: 0.4400 - val_accuracy: 0.8928
Epoch 155/350
391/391 - 25s - loss: 0.1964 - accuracy: 0.9456 - val_loss: 0.4485 - val_accuracy: 0.8939
Epoch 156/350
391/391 - 25s - loss: 0.1953 - accuracy: 0.9468 - val_loss: 0.4233 - val_accuracy: 0.8948
Epoch 157/350
391/391 - 25s - loss: 0.1927 - accuracy: 0.9453 - val_loss: 0.4416 - val_accuracy: 0.8950
Epoch 158/350
391/391 - 25s - loss: 0.1939 - accuracy: 0.9459 - val_loss: 0.4069 - val_accuracy: 0.8968
Epoch 159/350
391/391 - 25s - loss: 0.1959 - accuracy: 0.9447 - val_loss: 0.4132 - val_accuracy: 0.9006
Epoch 160/350
391/391 - 25s - loss: 0.1914 - accuracy: 0.9474 - val_loss: 0.4338 - val_accuracy: 0.8960
Epoch 161/350
391/391 - 25s - loss: 0.1909 - accuracy: 0.9472 - val_loss: 0.4102 - val_accuracy: 0.8994
Epoch 162/350
391/391 - 25s - loss: 0.1891 - accuracy: 0.9494 - val_loss: 0.4437 - val_accuracy: 0.8942
Epoch 163/350
391/391 - 25s - loss: 0.1917 - accuracy: 0.9475 - val_loss: 0.4062 - val_accuracy: 0.9009
Epoch 164/350
391/391 - 25s - loss: 0.1877 - accuracy: 0.9491 - val_loss: 0.4498 - val_accuracy: 0.8938
Epoch 165/350
391/391 - 25s - loss: 0.1901 - accuracy: 0.9483 - val_loss: 0.4535 - val_accuracy: 0.8937
Epoch 166/350
391/391 - 25s - loss: 0.1907 - accuracy: 0.9474 - val_loss: 0.4673 - val_accuracy: 0.8879
Epoch 167/350
391/391 - 25s - loss: 0.1841 - accuracy: 0.9498 - val_loss: 0.4663 - val_accuracy: 0.8966
Epoch 168/350
391/391 - 25s - loss: 0.1865 - accuracy: 0.9493 - val_loss: 0.4908 - val_accuracy: 0.8860
Epoch 169/350
391/391 - 25s - loss: 0.1859 - accuracy: 0.9501 - val_loss: 0.4564 - val_accuracy: 0.8955
Epoch 170/350
391/391 - 25s - loss: 0.1839 - accuracy: 0.9500 - val_loss: 0.4481 - val_accuracy: 0.8958
Epoch 171/350
391/391 - 25s - loss: 0.1884 - accuracy: 0.9490 - val_loss: 0.4422 - val_accuracy: 0.8941
Epoch 172/350
391/391 - 25s - loss: 0.1829 - accuracy: 0.9500 - val_loss: 0.4784 - val_accuracy: 0.8945
Epoch 173/350
391/391 - 25s - loss: 0.1818 - accuracy: 0.9510 - val_loss: 0.4524 - val_accuracy: 0.8899
Epoch 174/350
391/391 - 25s - loss: 0.1780 - accuracy: 0.9528 - val_loss: 0.4406 - val_accuracy: 0.8939
Epoch 175/350
391/391 - 25s - loss: 0.1781 - accuracy: 0.9521 - val_loss: 0.4746 - val_accuracy: 0.8907
Epoch 176/350
391/391 - 25s - loss: 0.1767 - accuracy: 0.9520 - val_loss: 0.4285 - val_accuracy: 0.8984
Epoch 177/350
391/391 - 25s - loss: 0.1831 - accuracy: 0.9503 - val_loss: 0.4344 - val_accuracy: 0.8972
Epoch 178/350
391/391 - 25s - loss: 0.1770 - accuracy: 0.9531 - val_loss: 0.4411 - val_accuracy: 0.9000
Epoch 179/350
391/391 - 25s - loss: 0.1779 - accuracy: 0.9524 - val_loss: 0.4861 - val_accuracy: 0.8955
Epoch 180/350
391/391 - 25s - loss: 0.1792 - accuracy: 0.9524 - val_loss: 0.4302 - val_accuracy: 0.8995
Epoch 181/350
391/391 - 25s - loss: 0.1778 - accuracy: 0.9524 - val_loss: 0.4126 - val_accuracy: 0.9004
Epoch 182/350
391/391 - 25s - loss: 0.1762 - accuracy: 0.9537 - val_loss: 0.4609 - val_accuracy: 0.8970
Epoch 183/350
391/391 - 25s - loss: 0.1752 - accuracy: 0.9542 - val_loss: 0.4868 - val_accuracy: 0.8955
Epoch 184/350
391/391 - 25s - loss: 0.1806 - accuracy: 0.9516 - val_loss: 0.4667 - val_accuracy: 0.8982
Epoch 185/350
391/391 - 25s - loss: 0.1776 - accuracy: 0.9520 - val_loss: 0.4441 - val_accuracy: 0.8972
Epoch 186/350
391/391 - 25s - loss: 0.1700 - accuracy: 0.9553 - val_loss: 0.4735 - val_accuracy: 0.8995
Epoch 187/350
391/391 - 25s - loss: 0.1742 - accuracy: 0.9541 - val_loss: 0.4428 - val_accuracy: 0.8996
Epoch 188/350
391/391 - 25s - loss: 0.1736 - accuracy: 0.9550 - val_loss: 0.4514 - val_accuracy: 0.8973
Epoch 189/350
391/391 - 25s - loss: 0.1705 - accuracy: 0.9562 - val_loss: 0.4759 - val_accuracy: 0.8948
Epoch 190/350
391/391 - 25s - loss: 0.1717 - accuracy: 0.9551 - val_loss: 0.4443 - val_accuracy: 0.9012
Epoch 191/350
391/391 - 25s - loss: 0.1713 - accuracy: 0.9555 - val_loss: 0.4318 - val_accuracy: 0.8960
Epoch 192/350
391/391 - 25s - loss: 0.1715 - accuracy: 0.9553 - val_loss: 0.5043 - val_accuracy: 0.8913
Epoch 193/350
391/391 - 25s - loss: 0.1698 - accuracy: 0.9557 - val_loss: 0.4686 - val_accuracy: 0.8986
Epoch 194/350
391/391 - 25s - loss: 0.1691 - accuracy: 0.9568 - val_loss: 0.4351 - val_accuracy: 0.9005
Epoch 195/350
391/391 - 25s - loss: 0.1692 - accuracy: 0.9569 - val_loss: 0.4904 - val_accuracy: 0.8935
Epoch 196/350
391/391 - 25s - loss: 0.1704 - accuracy: 0.9565 - val_loss: 0.4458 - val_accuracy: 0.9001
Epoch 197/350
391/391 - 25s - loss: 0.1669 - accuracy: 0.9570 - val_loss: 0.4827 - val_accuracy: 0.8935
Epoch 198/350
391/391 - 25s - loss: 0.1689 - accuracy: 0.9557 - val_loss: 0.4752 - val_accuracy: 0.8929
Epoch 199/350
391/391 - 25s - loss: 0.1697 - accuracy: 0.9567 - val_loss: 0.4621 - val_accuracy: 0.8959
Epoch 200/350


Snapshot weight 9 shuffle 6 at epoch 200
Layer 11
Getting activations...


391/391 - 25s - loss: 0.1640 - accuracy: 0.9579 - val_loss: 0.4819 - val_accuracy: 0.8984
Epoch 201/350
391/391 - 25s - loss: 0.1434 - accuracy: 0.9656 - val_loss: 0.4341 - val_accuracy: 0.9047
Epoch 202/350
391/391 - 25s - loss: 0.1301 - accuracy: 0.9697 - val_loss: 0.4284 - val_accuracy: 0.9058
Epoch 203/350
391/391 - 25s - loss: 0.1230 - accuracy: 0.9726 - val_loss: 0.4451 - val_accuracy: 0.9056
Epoch 204/350
391/391 - 25s - loss: 0.1231 - accuracy: 0.9725 - val_loss: 0.4491 - val_accuracy: 0.9033
Epoch 205/350
391/391 - 25s - loss: 0.1211 - accuracy: 0.9738 - val_loss: 0.4440 - val_accuracy: 0.9071
Epoch 206/350
391/391 - 25s - loss: 0.1204 - accuracy: 0.9729 - val_loss: 0.4458 - val_accuracy: 0.9055
Epoch 207/350
391/391 - 25s - loss: 0.1200 - accuracy: 0.9735 - val_loss: 0.4500 - val_accuracy: 0.9051
Epoch 208/350
391/391 - 25s - loss: 0.1182 - accuracy: 0.9744 - val_loss: 0.4442 - val_accuracy: 0.9058
Epoch 209/350
391/391 - 25s - loss: 0.1202 - accuracy: 0.9733 - val_loss: 0.4540 - val_accuracy: 0.9046
Epoch 210/350
391/391 - 25s - loss: 0.1181 - accuracy: 0.9741 - val_loss: 0.4500 - val_accuracy: 0.9061
Epoch 211/350
391/391 - 25s - loss: 0.1210 - accuracy: 0.9731 - val_loss: 0.4382 - val_accuracy: 0.9064
Epoch 212/350
391/391 - 25s - loss: 0.1133 - accuracy: 0.9758 - val_loss: 0.4528 - val_accuracy: 0.9061
Epoch 213/350
391/391 - 25s - loss: 0.1118 - accuracy: 0.9762 - val_loss: 0.4601 - val_accuracy: 0.9073
Epoch 214/350
391/391 - 25s - loss: 0.1163 - accuracy: 0.9744 - val_loss: 0.4503 - val_accuracy: 0.9067
Epoch 215/350
391/391 - 25s - loss: 0.1120 - accuracy: 0.9759 - val_loss: 0.4618 - val_accuracy: 0.9063
Epoch 216/350
391/391 - 25s - loss: 0.1142 - accuracy: 0.9754 - val_loss: 0.4635 - val_accuracy: 0.9074
Epoch 217/350
391/391 - 25s - loss: 0.1136 - accuracy: 0.9754 - val_loss: 0.4638 - val_accuracy: 0.9065
Epoch 218/350
391/391 - 25s - loss: 0.1167 - accuracy: 0.9743 - val_loss: 0.4663 - val_accuracy: 0.9074
Epoch 219/350
391/391 - 25s - loss: 0.1146 - accuracy: 0.9758 - val_loss: 0.4618 - val_accuracy: 0.9065
Epoch 220/350
391/391 - 25s - loss: 0.1135 - accuracy: 0.9763 - val_loss: 0.4610 - val_accuracy: 0.9065
Epoch 221/350
391/391 - 25s - loss: 0.1099 - accuracy: 0.9769 - val_loss: 0.4566 - val_accuracy: 0.9063
Epoch 222/350
391/391 - 25s - loss: 0.1133 - accuracy: 0.9767 - val_loss: 0.4605 - val_accuracy: 0.9079
Epoch 223/350
391/391 - 25s - loss: 0.1117 - accuracy: 0.9771 - val_loss: 0.4652 - val_accuracy: 0.9053
Epoch 224/350
391/391 - 25s - loss: 0.1112 - accuracy: 0.9770 - val_loss: 0.4554 - val_accuracy: 0.9081
Epoch 225/350
391/391 - 25s - loss: 0.1081 - accuracy: 0.9784 - val_loss: 0.4657 - val_accuracy: 0.9076
Epoch 226/350
391/391 - 25s - loss: 0.1106 - accuracy: 0.9766 - val_loss: 0.4611 - val_accuracy: 0.9077
Epoch 227/350
391/391 - 25s - loss: 0.1118 - accuracy: 0.9765 - val_loss: 0.4630 - val_accuracy: 0.9085
Epoch 228/350
391/391 - 25s - loss: 0.1118 - accuracy: 0.9765 - val_loss: 0.4567 - val_accuracy: 0.9069
Epoch 229/350
391/391 - 25s - loss: 0.1118 - accuracy: 0.9767 - val_loss: 0.4685 - val_accuracy: 0.9071
Epoch 230/350
391/391 - 25s - loss: 0.1114 - accuracy: 0.9769 - val_loss: 0.4588 - val_accuracy: 0.9065
Epoch 231/350
391/391 - 25s - loss: 0.1088 - accuracy: 0.9779 - val_loss: 0.4642 - val_accuracy: 0.9086
Epoch 232/350
391/391 - 25s - loss: 0.1079 - accuracy: 0.9777 - val_loss: 0.4739 - val_accuracy: 0.9072
Epoch 233/350
391/391 - 25s - loss: 0.1106 - accuracy: 0.9771 - val_loss: 0.4597 - val_accuracy: 0.9069
Epoch 234/350
391/391 - 25s - loss: 0.1080 - accuracy: 0.9780 - val_loss: 0.4675 - val_accuracy: 0.9061
Epoch 235/350
391/391 - 25s - loss: 0.1059 - accuracy: 0.9793 - val_loss: 0.4727 - val_accuracy: 0.9076
Epoch 236/350
391/391 - 25s - loss: 0.1085 - accuracy: 0.9775 - val_loss: 0.4710 - val_accuracy: 0.9071
Epoch 237/350
391/391 - 25s - loss: 0.1052 - accuracy: 0.9790 - val_loss: 0.4791 - val_accuracy: 0.9092
Epoch 238/350
391/391 - 25s - loss: 0.1069 - accuracy: 0.9791 - val_loss: 0.4718 - val_accuracy: 0.9068
Epoch 239/350
391/391 - 25s - loss: 0.1083 - accuracy: 0.9781 - val_loss: 0.4709 - val_accuracy: 0.9075
Epoch 240/350
391/391 - 25s - loss: 0.1061 - accuracy: 0.9788 - val_loss: 0.4692 - val_accuracy: 0.9073
Epoch 241/350
391/391 - 25s - loss: 0.1074 - accuracy: 0.9778 - val_loss: 0.4783 - val_accuracy: 0.9041
Epoch 242/350
391/391 - 25s - loss: 0.1078 - accuracy: 0.9786 - val_loss: 0.4733 - val_accuracy: 0.9063
Epoch 243/350
391/391 - 25s - loss: 0.1075 - accuracy: 0.9779 - val_loss: 0.4879 - val_accuracy: 0.9057
Epoch 244/350
391/391 - 25s - loss: 0.1065 - accuracy: 0.9784 - val_loss: 0.4820 - val_accuracy: 0.9055
Epoch 245/350
391/391 - 25s - loss: 0.1090 - accuracy: 0.9772 - val_loss: 0.4739 - val_accuracy: 0.9071
Epoch 246/350
391/391 - 25s - loss: 0.1047 - accuracy: 0.9798 - val_loss: 0.4723 - val_accuracy: 0.9084
Epoch 247/350
391/391 - 25s - loss: 0.1068 - accuracy: 0.9777 - val_loss: 0.4710 - val_accuracy: 0.9064
Epoch 248/350
391/391 - 25s - loss: 0.1069 - accuracy: 0.9780 - val_loss: 0.4664 - val_accuracy: 0.9065
Epoch 249/350
391/391 - 25s - loss: 0.1055 - accuracy: 0.9783 - val_loss: 0.4689 - val_accuracy: 0.9071
Epoch 250/350


Snapshot weight 9 shuffle 6 at epoch 250
Layer 11
Getting activations...


391/391 - 25s - loss: 0.1085 - accuracy: 0.9773 - val_loss: 0.4787 - val_accuracy: 0.9089
Epoch 251/350
391/391 - 25s - loss: 0.1058 - accuracy: 0.9786 - val_loss: 0.4728 - val_accuracy: 0.9086
Epoch 252/350
391/391 - 25s - loss: 0.1044 - accuracy: 0.9791 - val_loss: 0.4725 - val_accuracy: 0.9076
Epoch 253/350
391/391 - 25s - loss: 0.1045 - accuracy: 0.9793 - val_loss: 0.4727 - val_accuracy: 0.9078
Epoch 254/350
391/391 - 25s - loss: 0.1014 - accuracy: 0.9808 - val_loss: 0.4723 - val_accuracy: 0.9084
Epoch 255/350
391/391 - 25s - loss: 0.1031 - accuracy: 0.9796 - val_loss: 0.4763 - val_accuracy: 0.9084
Epoch 256/350
391/391 - 25s - loss: 0.1029 - accuracy: 0.9803 - val_loss: 0.4755 - val_accuracy: 0.9077
Epoch 257/350
391/391 - 25s - loss: 0.1032 - accuracy: 0.9794 - val_loss: 0.4748 - val_accuracy: 0.9077
Epoch 258/350
391/391 - 25s - loss: 0.0994 - accuracy: 0.9819 - val_loss: 0.4760 - val_accuracy: 0.9083
Epoch 259/350
391/391 - 25s - loss: 0.1047 - accuracy: 0.9785 - val_loss: 0.4760 - val_accuracy: 0.9082
Epoch 260/350
391/391 - 25s - loss: 0.0997 - accuracy: 0.9810 - val_loss: 0.4773 - val_accuracy: 0.9089
Epoch 261/350
391/391 - 25s - loss: 0.1027 - accuracy: 0.9804 - val_loss: 0.4764 - val_accuracy: 0.9082
Epoch 262/350
391/391 - 25s - loss: 0.1021 - accuracy: 0.9796 - val_loss: 0.4780 - val_accuracy: 0.9077
Epoch 263/350
391/391 - 25s - loss: 0.1035 - accuracy: 0.9797 - val_loss: 0.4751 - val_accuracy: 0.9081
Epoch 264/350
391/391 - 25s - loss: 0.1046 - accuracy: 0.9795 - val_loss: 0.4755 - val_accuracy: 0.9088
Epoch 265/350
391/391 - 25s - loss: 0.1032 - accuracy: 0.9790 - val_loss: 0.4758 - val_accuracy: 0.9079
Epoch 266/350
391/391 - 25s - loss: 0.0989 - accuracy: 0.9815 - val_loss: 0.4770 - val_accuracy: 0.9093
Epoch 267/350
391/391 - 25s - loss: 0.1020 - accuracy: 0.9802 - val_loss: 0.4751 - val_accuracy: 0.9093
Epoch 268/350
391/391 - 25s - loss: 0.1015 - accuracy: 0.9801 - val_loss: 0.4760 - val_accuracy: 0.9099
Epoch 269/350
391/391 - 25s - loss: 0.1027 - accuracy: 0.9800 - val_loss: 0.4748 - val_accuracy: 0.9093
Epoch 270/350
391/391 - 25s - loss: 0.1017 - accuracy: 0.9802 - val_loss: 0.4778 - val_accuracy: 0.9092
Epoch 271/350
391/391 - 25s - loss: 0.1013 - accuracy: 0.9809 - val_loss: 0.4774 - val_accuracy: 0.9082
Epoch 272/350
391/391 - 25s - loss: 0.1009 - accuracy: 0.9811 - val_loss: 0.4784 - val_accuracy: 0.9085
Epoch 273/350
391/391 - 25s - loss: 0.1041 - accuracy: 0.9795 - val_loss: 0.4783 - val_accuracy: 0.9084
Epoch 274/350
391/391 - 25s - loss: 0.1017 - accuracy: 0.9801 - val_loss: 0.4774 - val_accuracy: 0.9077
Epoch 275/350
391/391 - 25s - loss: 0.1013 - accuracy: 0.9801 - val_loss: 0.4785 - val_accuracy: 0.9081
Epoch 276/350
391/391 - 25s - loss: 0.1023 - accuracy: 0.9802 - val_loss: 0.4776 - val_accuracy: 0.9088
Epoch 277/350
391/391 - 25s - loss: 0.1040 - accuracy: 0.9791 - val_loss: 0.4773 - val_accuracy: 0.9088
Epoch 278/350
391/391 - 25s - loss: 0.1013 - accuracy: 0.9806 - val_loss: 0.4769 - val_accuracy: 0.9091
Epoch 279/350
391/391 - 25s - loss: 0.1007 - accuracy: 0.9813 - val_loss: 0.4770 - val_accuracy: 0.9087
Epoch 280/350
391/391 - 25s - loss: 0.0997 - accuracy: 0.9808 - val_loss: 0.4834 - val_accuracy: 0.9084
Epoch 281/350
391/391 - 25s - loss: 0.0998 - accuracy: 0.9810 - val_loss: 0.4800 - val_accuracy: 0.9076
Epoch 282/350
391/391 - 25s - loss: 0.1030 - accuracy: 0.9802 - val_loss: 0.4790 - val_accuracy: 0.9084
Epoch 283/350
391/391 - 25s - loss: 0.0999 - accuracy: 0.9804 - val_loss: 0.4796 - val_accuracy: 0.9082
Epoch 284/350
391/391 - 25s - loss: 0.0993 - accuracy: 0.9807 - val_loss: 0.4774 - val_accuracy: 0.9092
Epoch 285/350
391/391 - 25s - loss: 0.1013 - accuracy: 0.9809 - val_loss: 0.4796 - val_accuracy: 0.9081
Epoch 286/350
391/391 - 25s - loss: 0.1012 - accuracy: 0.9799 - val_loss: 0.4779 - val_accuracy: 0.9082
Epoch 287/350
391/391 - 25s - loss: 0.1018 - accuracy: 0.9806 - val_loss: 0.4790 - val_accuracy: 0.9074
Epoch 288/350
391/391 - 25s - loss: 0.1013 - accuracy: 0.9803 - val_loss: 0.4801 - val_accuracy: 0.9081
Epoch 289/350
391/391 - 25s - loss: 0.1004 - accuracy: 0.9813 - val_loss: 0.4816 - val_accuracy: 0.9089
Epoch 290/350
391/391 - 25s - loss: 0.1012 - accuracy: 0.9804 - val_loss: 0.4819 - val_accuracy: 0.9081
Epoch 291/350
391/391 - 25s - loss: 0.1007 - accuracy: 0.9803 - val_loss: 0.4818 - val_accuracy: 0.9083
Epoch 292/350
391/391 - 25s - loss: 0.1013 - accuracy: 0.9803 - val_loss: 0.4765 - val_accuracy: 0.9078
Epoch 293/350
391/391 - 25s - loss: 0.1014 - accuracy: 0.9806 - val_loss: 0.4798 - val_accuracy: 0.9079
Epoch 294/350
391/391 - 25s - loss: 0.0997 - accuracy: 0.9800 - val_loss: 0.4814 - val_accuracy: 0.9083
Epoch 295/350
391/391 - 25s - loss: 0.1022 - accuracy: 0.9794 - val_loss: 0.4810 - val_accuracy: 0.9081
Epoch 296/350
391/391 - 25s - loss: 0.1021 - accuracy: 0.9797 - val_loss: 0.4812 - val_accuracy: 0.9079
Epoch 297/350
391/391 - 25s - loss: 0.1019 - accuracy: 0.9803 - val_loss: 0.4837 - val_accuracy: 0.9082
Epoch 298/350
391/391 - 25s - loss: 0.1044 - accuracy: 0.9793 - val_loss: 0.4829 - val_accuracy: 0.9083
Epoch 299/350
391/391 - 25s - loss: 0.1027 - accuracy: 0.9797 - val_loss: 0.4792 - val_accuracy: 0.9093
Epoch 300/350


Snapshot weight 9 shuffle 6 at epoch 300
Layer 11
Getting activations...


391/391 - 25s - loss: 0.1016 - accuracy: 0.9801 - val_loss: 0.4778 - val_accuracy: 0.9085
Epoch 301/350
391/391 - 25s - loss: 0.1022 - accuracy: 0.9796 - val_loss: 0.4783 - val_accuracy: 0.9086
Epoch 302/350
391/391 - 25s - loss: 0.0988 - accuracy: 0.9816 - val_loss: 0.4784 - val_accuracy: 0.9088
Epoch 303/350
391/391 - 25s - loss: 0.0998 - accuracy: 0.9808 - val_loss: 0.4784 - val_accuracy: 0.9085
Epoch 304/350
391/391 - 25s - loss: 0.0990 - accuracy: 0.9806 - val_loss: 0.4784 - val_accuracy: 0.9084
Epoch 305/350
391/391 - 25s - loss: 0.1002 - accuracy: 0.9805 - val_loss: 0.4785 - val_accuracy: 0.9086
Epoch 306/350
391/391 - 25s - loss: 0.1002 - accuracy: 0.9804 - val_loss: 0.4790 - val_accuracy: 0.9084
Epoch 307/350
391/391 - 25s - loss: 0.1025 - accuracy: 0.9803 - val_loss: 0.4789 - val_accuracy: 0.9082
Epoch 308/350
391/391 - 25s - loss: 0.1000 - accuracy: 0.9805 - val_loss: 0.4789 - val_accuracy: 0.9084
Epoch 309/350
391/391 - 25s - loss: 0.0994 - accuracy: 0.9803 - val_loss: 0.4788 - val_accuracy: 0.9086
Epoch 310/350
391/391 - 25s - loss: 0.1015 - accuracy: 0.9805 - val_loss: 0.4784 - val_accuracy: 0.9087
Epoch 311/350
391/391 - 25s - loss: 0.0996 - accuracy: 0.9809 - val_loss: 0.4789 - val_accuracy: 0.9083
Epoch 312/350
391/391 - 25s - loss: 0.1004 - accuracy: 0.9802 - val_loss: 0.4792 - val_accuracy: 0.9086
Epoch 313/350
391/391 - 25s - loss: 0.1007 - accuracy: 0.9810 - val_loss: 0.4795 - val_accuracy: 0.9086
Epoch 314/350
391/391 - 25s - loss: 0.0999 - accuracy: 0.9809 - val_loss: 0.4798 - val_accuracy: 0.9083
Epoch 315/350
391/391 - 25s - loss: 0.0992 - accuracy: 0.9811 - val_loss: 0.4797 - val_accuracy: 0.9087
Epoch 316/350
391/391 - 25s - loss: 0.1015 - accuracy: 0.9806 - val_loss: 0.4795 - val_accuracy: 0.9086
Epoch 317/350
391/391 - 25s - loss: 0.1006 - accuracy: 0.9802 - val_loss: 0.4795 - val_accuracy: 0.9085
Epoch 318/350
391/391 - 25s - loss: 0.1005 - accuracy: 0.9807 - val_loss: 0.4790 - val_accuracy: 0.9087
Epoch 319/350
391/391 - 25s - loss: 0.1013 - accuracy: 0.9809 - val_loss: 0.4789 - val_accuracy: 0.9089
Epoch 320/350
391/391 - 25s - loss: 0.0992 - accuracy: 0.9807 - val_loss: 0.4790 - val_accuracy: 0.9088
Epoch 321/350
391/391 - 25s - loss: 0.1014 - accuracy: 0.9801 - val_loss: 0.4793 - val_accuracy: 0.9089
Epoch 322/350
391/391 - 25s - loss: 0.1006 - accuracy: 0.9807 - val_loss: 0.4791 - val_accuracy: 0.9088
Epoch 323/350
391/391 - 25s - loss: 0.1012 - accuracy: 0.9799 - val_loss: 0.4793 - val_accuracy: 0.9089
Epoch 324/350
391/391 - 25s - loss: 0.1004 - accuracy: 0.9808 - val_loss: 0.4796 - val_accuracy: 0.9087
Epoch 325/350
391/391 - 25s - loss: 0.1025 - accuracy: 0.9796 - val_loss: 0.4794 - val_accuracy: 0.9083
Epoch 326/350
391/391 - 25s - loss: 0.1034 - accuracy: 0.9795 - val_loss: 0.4790 - val_accuracy: 0.9083
Epoch 327/350
391/391 - 25s - loss: 0.0999 - accuracy: 0.9809 - val_loss: 0.4792 - val_accuracy: 0.9078
Epoch 328/350
391/391 - 25s - loss: 0.1018 - accuracy: 0.9802 - val_loss: 0.4794 - val_accuracy: 0.9079
Epoch 329/350
391/391 - 25s - loss: 0.0996 - accuracy: 0.9811 - val_loss: 0.4792 - val_accuracy: 0.9082
Epoch 330/350
391/391 - 25s - loss: 0.1012 - accuracy: 0.9801 - val_loss: 0.4796 - val_accuracy: 0.9083
Epoch 331/350
391/391 - 25s - loss: 0.1008 - accuracy: 0.9805 - val_loss: 0.4796 - val_accuracy: 0.9081
Epoch 332/350
391/391 - 25s - loss: 0.1012 - accuracy: 0.9801 - val_loss: 0.4794 - val_accuracy: 0.9082
Epoch 333/350
391/391 - 25s - loss: 0.1009 - accuracy: 0.9808 - val_loss: 0.4795 - val_accuracy: 0.9081
Epoch 334/350
391/391 - 25s - loss: 0.1017 - accuracy: 0.9799 - val_loss: 0.4798 - val_accuracy: 0.9082
Epoch 335/350
391/391 - 25s - loss: 0.1020 - accuracy: 0.9795 - val_loss: 0.4796 - val_accuracy: 0.9084
Epoch 336/350
391/391 - 25s - loss: 0.1006 - accuracy: 0.9809 - val_loss: 0.4797 - val_accuracy: 0.9080
Epoch 337/350
391/391 - 25s - loss: 0.0998 - accuracy: 0.9815 - val_loss: 0.4800 - val_accuracy: 0.9080
Epoch 338/350
391/391 - 25s - loss: 0.0992 - accuracy: 0.9810 - val_loss: 0.4806 - val_accuracy: 0.9083
Epoch 339/350
391/391 - 25s - loss: 0.1014 - accuracy: 0.9805 - val_loss: 0.4806 - val_accuracy: 0.9085
Epoch 340/350
391/391 - 25s - loss: 0.0991 - accuracy: 0.9816 - val_loss: 0.4805 - val_accuracy: 0.9084
Epoch 341/350
391/391 - 25s - loss: 0.1016 - accuracy: 0.9806 - val_loss: 0.4807 - val_accuracy: 0.9080
Epoch 342/350
391/391 - 25s - loss: 0.0994 - accuracy: 0.9810 - val_loss: 0.4805 - val_accuracy: 0.9079
Epoch 343/350
391/391 - 25s - loss: 0.1018 - accuracy: 0.9791 - val_loss: 0.4801 - val_accuracy: 0.9079
Epoch 344/350
391/391 - 25s - loss: 0.1015 - accuracy: 0.9802 - val_loss: 0.4799 - val_accuracy: 0.9081
Epoch 345/350
391/391 - 25s - loss: 0.1032 - accuracy: 0.9793 - val_loss: 0.4798 - val_accuracy: 0.9079
Epoch 346/350
391/391 - 25s - loss: 0.0991 - accuracy: 0.9815 - val_loss: 0.4794 - val_accuracy: 0.9079
Epoch 347/350
391/391 - 25s - loss: 0.1019 - accuracy: 0.9799 - val_loss: 0.4794 - val_accuracy: 0.9083
Epoch 348/350
391/391 - 25s - loss: 0.1017 - accuracy: 0.9799 - val_loss: 0.4795 - val_accuracy: 0.9081
Epoch 349/350
391/391 - 25s - loss: 0.1026 - accuracy: 0.9794 - val_loss: 0.4795 - val_accuracy: 0.9084
Epoch 350/350


Snapshot weight 9 shuffle 6 at epoch 350
Layer 11
Getting activations...


391/391 - 25s - loss: 0.0987 - accuracy: 0.9818 - val_loss: 0.4797 - val_accuracy: 0.9080
/usr/local/lib/python3.6/dist-packages/tensorflow/python/autograph/impl/api.py:493: UserWarning: fill_value is not supported and is always 0 for TensorFlow < 2.4.0.
  return py_builtins.overload_of(f)(*args)
WARNING:tensorflow:From /usr/local/lib/python3.6/dist-packages/tensorflow/python/training/tracking/tracking.py:111: Model.state_updates (from tensorflow.python.keras.engine.training) is deprecated and will be removed in a future version.
Instructions for updating:
This property should not be used in TensorFlow 2.0, as updates are applied automatically.
2021-07-02 14:43:03.664999: W tensorflow/python/util/util.cc:348] Sets are not currently considered sequences, but this may change in the future, so consider avoiding using them.
WARNING:tensorflow:From /usr/local/lib/python3.6/dist-packages/tensorflow/python/training/tracking/tracking.py:111: Layer.updates (from tensorflow.python.keras.engine.base_layer) is deprecated and will be removed in a future version.
Instructions for updating:
This property should not be used in TensorFlow 2.0, as updates are applied automatically.
Saving, final validation acc: 0.9079999923706055
