2021-07-02 14:55:10.984766: I tensorflow/stream_executor/platform/default/dso_loader.cc:48] Successfully opened dynamic library libcudart.so.10.1
2021-07-02 14:56:31.383963: I tensorflow/stream_executor/platform/default/dso_loader.cc:48] Successfully opened dynamic library libcuda.so.1
2021-07-02 14:56:31.413853: I tensorflow/core/common_runtime/gpu/gpu_device.cc:1716] Found device 0 with properties: 
pciBusID: 0000:82:00.0 name: NVIDIA TITAN X (Pascal) computeCapability: 6.1
coreClock: 1.531GHz coreCount: 28 deviceMemorySize: 11.91GiB deviceMemoryBandwidth: 447.48GiB/s
2021-07-02 14:56:31.413933: I tensorflow/stream_executor/platform/default/dso_loader.cc:48] Successfully opened dynamic library libcudart.so.10.1
2021-07-02 14:56:31.456087: I tensorflow/stream_executor/platform/default/dso_loader.cc:48] Successfully opened dynamic library libcublas.so.10
2021-07-02 14:56:31.477435: I tensorflow/stream_executor/platform/default/dso_loader.cc:48] Successfully opened dynamic library libcufft.so.10
2021-07-02 14:56:31.485688: I tensorflow/stream_executor/platform/default/dso_loader.cc:48] Successfully opened dynamic library libcurand.so.10
2021-07-02 14:56:31.530396: I tensorflow/stream_executor/platform/default/dso_loader.cc:48] Successfully opened dynamic library libcusolver.so.10
2021-07-02 14:56:31.539096: I tensorflow/stream_executor/platform/default/dso_loader.cc:48] Successfully opened dynamic library libcusparse.so.10
2021-07-02 14:56:31.619149: I tensorflow/stream_executor/platform/default/dso_loader.cc:48] Successfully opened dynamic library libcudnn.so.7
2021-07-02 14:56:31.624539: I tensorflow/core/common_runtime/gpu/gpu_device.cc:1858] Adding visible gpu devices: 0
2021-07-02 14:56:31.628161: I tensorflow/core/platform/cpu_feature_guard.cc:142] This TensorFlow binary is optimized with oneAPI Deep Neural Network Library (oneDNN)to use the following CPU instructions in performance-critical operations:  AVX2 FMA
To enable them in other operations, rebuild TensorFlow with the appropriate compiler flags.
2021-07-02 14:56:31.644517: I tensorflow/core/platform/profile_utils/cpu_utils.cc:104] CPU Frequency: 2599990000 Hz
2021-07-02 14:56:31.644638: I tensorflow/compiler/xla/service/service.cc:168] XLA service 0x4131290 initialized for platform Host (this does not guarantee that XLA will be used). Devices:
2021-07-02 14:56:31.644659: I tensorflow/compiler/xla/service/service.cc:176]   StreamExecutor device (0): Host, Default Version
2021-07-02 14:56:31.782105: I tensorflow/compiler/xla/service/service.cc:168] XLA service 0x4129e20 initialized for platform CUDA (this does not guarantee that XLA will be used). Devices:
2021-07-02 14:56:31.782188: I tensorflow/compiler/xla/service/service.cc:176]   StreamExecutor device (0): NVIDIA TITAN X (Pascal), Compute Capability 6.1
2021-07-02 14:56:31.784516: I tensorflow/core/common_runtime/gpu/gpu_device.cc:1716] Found device 0 with properties: 
pciBusID: 0000:82:00.0 name: NVIDIA TITAN X (Pascal) computeCapability: 6.1
coreClock: 1.531GHz coreCount: 28 deviceMemorySize: 11.91GiB deviceMemoryBandwidth: 447.48GiB/s
2021-07-02 14:56:31.784557: I tensorflow/stream_executor/platform/default/dso_loader.cc:48] Successfully opened dynamic library libcudart.so.10.1
2021-07-02 14:56:31.784590: I tensorflow/stream_executor/platform/default/dso_loader.cc:48] Successfully opened dynamic library libcublas.so.10
2021-07-02 14:56:31.784612: I tensorflow/stream_executor/platform/default/dso_loader.cc:48] Successfully opened dynamic library libcufft.so.10
2021-07-02 14:56:31.784633: I tensorflow/stream_executor/platform/default/dso_loader.cc:48] Successfully opened dynamic library libcurand.so.10
2021-07-02 14:56:31.784654: I tensorflow/stream_executor/platform/default/dso_loader.cc:48] Successfully opened dynamic library libcusolver.so.10
2021-07-02 14:56:31.784674: I tensorflow/stream_executor/platform/default/dso_loader.cc:48] Successfully opened dynamic library libcusparse.so.10
2021-07-02 14:56:31.785426: I tensorflow/stream_executor/platform/default/dso_loader.cc:48] Successfully opened dynamic library libcudnn.so.7
2021-07-02 14:56:31.787073: I tensorflow/core/common_runtime/gpu/gpu_device.cc:1858] Adding visible gpu devices: 0
2021-07-02 14:56:31.788729: I tensorflow/stream_executor/platform/default/dso_loader.cc:48] Successfully opened dynamic library libcudart.so.10.1
2021-07-02 14:56:33.589468: I tensorflow/core/common_runtime/gpu/gpu_device.cc:1257] Device interconnect StreamExecutor with strength 1 edge matrix:
2021-07-02 14:56:33.589548: I tensorflow/core/common_runtime/gpu/gpu_device.cc:1263]      0 
2021-07-02 14:56:33.589564: I tensorflow/core/common_runtime/gpu/gpu_device.cc:1276] 0:   N 
2021-07-02 14:56:33.595588: I tensorflow/core/common_runtime/gpu/gpu_device.cc:1402] Created TensorFlow device (/job:localhost/replica:0/task:0/device:GPU:0 with 11228 MB memory) -> physical GPU (device: 0, name: NVIDIA TITAN X (Pascal), pci bus id: 0000:82:00.0, compute capability: 6.1)
2021-07-02 14:56:39.451214: I tensorflow/stream_executor/platform/default/dso_loader.cc:48] Successfully opened dynamic library libcudnn.so.7
2021-07-02 14:56:41.997122: I tensorflow/stream_executor/platform/default/dso_loader.cc:48] Successfully opened dynamic library libcublas.so.10
Using model index: 79
Making train data...
GCN...
ZCA...
Done!
Making test data...
Done!
Epoch 1/350


Snapshot weight 9 shuffle 7 at epoch 1
Layer 11
Getting activations...


391/391 - 26s - loss: 2.3207 - accuracy: 0.1107 - val_loss: 2.3013 - val_accuracy: 0.1088
Epoch 2/350


Snapshot weight 9 shuffle 7 at epoch 2
Layer 11
Getting activations...


391/391 - 26s - loss: 2.2492 - accuracy: 0.1545 - val_loss: 2.2048 - val_accuracy: 0.1590
Epoch 3/350


Snapshot weight 9 shuffle 7 at epoch 3
Layer 11
Getting activations...


391/391 - 26s - loss: 2.2158 - accuracy: 0.1754 - val_loss: 2.1599 - val_accuracy: 0.2172
Epoch 4/350


Snapshot weight 9 shuffle 7 at epoch 4
Layer 11
Getting activations...


391/391 - 26s - loss: 2.1933 - accuracy: 0.1869 - val_loss: 2.1509 - val_accuracy: 0.2277
Epoch 5/350


Snapshot weight 9 shuffle 7 at epoch 5
Layer 11
Getting activations...


391/391 - 26s - loss: 2.1459 - accuracy: 0.2304 - val_loss: 2.0823 - val_accuracy: 0.2636
Epoch 6/350


Snapshot weight 9 shuffle 7 at epoch 6
Layer 11
Getting activations...


391/391 - 26s - loss: 2.0643 - accuracy: 0.2764 - val_loss: 2.0866 - val_accuracy: 0.3049
Epoch 7/350


Snapshot weight 9 shuffle 7 at epoch 7
Layer 11
Getting activations...


391/391 - 26s - loss: 1.8301 - accuracy: 0.3655 - val_loss: 1.6327 - val_accuracy: 0.4406
Epoch 8/350


Snapshot weight 9 shuffle 7 at epoch 8
Layer 11
Getting activations...


391/391 - 26s - loss: 1.6193 - accuracy: 0.4375 - val_loss: 1.5492 - val_accuracy: 0.4695
Epoch 9/350


Snapshot weight 9 shuffle 7 at epoch 9
Layer 11
Getting activations...


391/391 - 26s - loss: 1.5107 - accuracy: 0.4818 - val_loss: 1.4949 - val_accuracy: 0.5049
Epoch 10/350


Snapshot weight 9 shuffle 7 at epoch 10
Layer 11
Getting activations...


391/391 - 26s - loss: 1.4396 - accuracy: 0.5096 - val_loss: 1.3259 - val_accuracy: 0.5503
Epoch 11/350
391/391 - 26s - loss: 1.3661 - accuracy: 0.5337 - val_loss: 1.3196 - val_accuracy: 0.5408
Epoch 12/350
391/391 - 25s - loss: 1.3056 - accuracy: 0.5561 - val_loss: 1.2051 - val_accuracy: 0.5884
Epoch 13/350
391/391 - 25s - loss: 1.1700 - accuracy: 0.6010 - val_loss: 1.0593 - val_accuracy: 0.6349
Epoch 14/350
391/391 - 25s - loss: 1.0336 - accuracy: 0.6449 - val_loss: 0.9264 - val_accuracy: 0.6827
Epoch 15/350
391/391 - 26s - loss: 0.9822 - accuracy: 0.6629 - val_loss: 0.8843 - val_accuracy: 0.6974
Epoch 16/350
391/391 - 25s - loss: 0.9390 - accuracy: 0.6801 - val_loss: 0.9533 - val_accuracy: 0.6818
Epoch 17/350
391/391 - 26s - loss: 0.8903 - accuracy: 0.6990 - val_loss: 0.7656 - val_accuracy: 0.7394
Epoch 18/350
391/391 - 25s - loss: 0.8539 - accuracy: 0.7108 - val_loss: 0.7650 - val_accuracy: 0.7431
Epoch 19/350
391/391 - 26s - loss: 0.8186 - accuracy: 0.7242 - val_loss: 0.7558 - val_accuracy: 0.7444
Epoch 20/350
391/391 - 25s - loss: 0.7942 - accuracy: 0.7299 - val_loss: 0.7126 - val_accuracy: 0.7658
Epoch 21/350
391/391 - 25s - loss: 0.7655 - accuracy: 0.7438 - val_loss: 0.6993 - val_accuracy: 0.7717
Epoch 22/350
391/391 - 25s - loss: 0.7409 - accuracy: 0.7512 - val_loss: 0.6824 - val_accuracy: 0.7660
Epoch 23/350
391/391 - 25s - loss: 0.7221 - accuracy: 0.7569 - val_loss: 0.6488 - val_accuracy: 0.7829
Epoch 24/350
391/391 - 25s - loss: 0.6932 - accuracy: 0.7655 - val_loss: 0.6812 - val_accuracy: 0.7800
Epoch 25/350
391/391 - 25s - loss: 0.6748 - accuracy: 0.7738 - val_loss: 0.5983 - val_accuracy: 0.8015
Epoch 26/350
391/391 - 25s - loss: 0.6616 - accuracy: 0.7795 - val_loss: 0.6380 - val_accuracy: 0.7868
Epoch 27/350
391/391 - 25s - loss: 0.6408 - accuracy: 0.7863 - val_loss: 0.6389 - val_accuracy: 0.7965
Epoch 28/350
391/391 - 25s - loss: 0.6307 - accuracy: 0.7910 - val_loss: 0.6751 - val_accuracy: 0.7846
Epoch 29/350
391/391 - 25s - loss: 0.6081 - accuracy: 0.7978 - val_loss: 0.5703 - val_accuracy: 0.8174
Epoch 30/350
391/391 - 25s - loss: 0.5982 - accuracy: 0.8014 - val_loss: 0.5883 - val_accuracy: 0.8078
Epoch 31/350
391/391 - 25s - loss: 0.5854 - accuracy: 0.8055 - val_loss: 0.5906 - val_accuracy: 0.8153
Epoch 32/350
391/391 - 25s - loss: 0.5788 - accuracy: 0.8095 - val_loss: 0.5844 - val_accuracy: 0.8071
Epoch 33/350
391/391 - 25s - loss: 0.5665 - accuracy: 0.8136 - val_loss: 0.5847 - val_accuracy: 0.8127
Epoch 34/350
391/391 - 25s - loss: 0.5493 - accuracy: 0.8176 - val_loss: 0.6003 - val_accuracy: 0.8094
Epoch 35/350
391/391 - 25s - loss: 0.5422 - accuracy: 0.8218 - val_loss: 0.5642 - val_accuracy: 0.8197
Epoch 36/350
391/391 - 25s - loss: 0.5315 - accuracy: 0.8255 - val_loss: 0.4966 - val_accuracy: 0.8371
Epoch 37/350
391/391 - 25s - loss: 0.5238 - accuracy: 0.8267 - val_loss: 0.5174 - val_accuracy: 0.8398
Epoch 38/350
391/391 - 25s - loss: 0.5112 - accuracy: 0.8341 - val_loss: 0.5341 - val_accuracy: 0.8334
Epoch 39/350
391/391 - 26s - loss: 0.5040 - accuracy: 0.8358 - val_loss: 0.5104 - val_accuracy: 0.8370
Epoch 40/350
391/391 - 25s - loss: 0.5003 - accuracy: 0.8366 - val_loss: 0.5166 - val_accuracy: 0.8367
Epoch 41/350
391/391 - 25s - loss: 0.4864 - accuracy: 0.8420 - val_loss: 0.5462 - val_accuracy: 0.8334
Epoch 42/350
391/391 - 25s - loss: 0.4851 - accuracy: 0.8424 - val_loss: 0.4865 - val_accuracy: 0.8497
Epoch 43/350
391/391 - 25s - loss: 0.4777 - accuracy: 0.8451 - val_loss: 0.4805 - val_accuracy: 0.8464
Epoch 44/350
391/391 - 25s - loss: 0.4684 - accuracy: 0.8475 - val_loss: 0.5128 - val_accuracy: 0.8468
Epoch 45/350
391/391 - 26s - loss: 0.4580 - accuracy: 0.8512 - val_loss: 0.4798 - val_accuracy: 0.8471
Epoch 46/350
391/391 - 25s - loss: 0.4588 - accuracy: 0.8514 - val_loss: 0.5140 - val_accuracy: 0.8450
Epoch 47/350
391/391 - 25s - loss: 0.4427 - accuracy: 0.8567 - val_loss: 0.4604 - val_accuracy: 0.8573
Epoch 48/350
391/391 - 25s - loss: 0.4435 - accuracy: 0.8570 - val_loss: 0.4882 - val_accuracy: 0.8480
Epoch 49/350
391/391 - 25s - loss: 0.4353 - accuracy: 0.8595 - val_loss: 0.4939 - val_accuracy: 0.8505
Epoch 50/350


Snapshot weight 9 shuffle 7 at epoch 50
Layer 11
Getting activations...


391/391 - 26s - loss: 0.4304 - accuracy: 0.8597 - val_loss: 0.4677 - val_accuracy: 0.8594
Epoch 51/350
391/391 - 25s - loss: 0.4245 - accuracy: 0.8645 - val_loss: 0.4712 - val_accuracy: 0.8525
Epoch 52/350
391/391 - 25s - loss: 0.4157 - accuracy: 0.8648 - val_loss: 0.4726 - val_accuracy: 0.8596
Epoch 53/350
391/391 - 25s - loss: 0.4160 - accuracy: 0.8661 - val_loss: 0.4463 - val_accuracy: 0.8572
Epoch 54/350
391/391 - 25s - loss: 0.4079 - accuracy: 0.8682 - val_loss: 0.4432 - val_accuracy: 0.8659
Epoch 55/350
391/391 - 26s - loss: 0.4063 - accuracy: 0.8682 - val_loss: 0.4414 - val_accuracy: 0.8633
Epoch 56/350
391/391 - 25s - loss: 0.4007 - accuracy: 0.8707 - val_loss: 0.4913 - val_accuracy: 0.8510
Epoch 57/350
391/391 - 25s - loss: 0.3897 - accuracy: 0.8739 - val_loss: 0.4657 - val_accuracy: 0.8567
Epoch 58/350
391/391 - 25s - loss: 0.3882 - accuracy: 0.8748 - val_loss: 0.4419 - val_accuracy: 0.8654
Epoch 59/350
391/391 - 25s - loss: 0.3878 - accuracy: 0.8762 - val_loss: 0.4836 - val_accuracy: 0.8583
Epoch 60/350
391/391 - 25s - loss: 0.3817 - accuracy: 0.8778 - val_loss: 0.4376 - val_accuracy: 0.8678
Epoch 61/350
391/391 - 25s - loss: 0.3798 - accuracy: 0.8786 - val_loss: 0.4455 - val_accuracy: 0.8667
Epoch 62/350
391/391 - 25s - loss: 0.3738 - accuracy: 0.8794 - val_loss: 0.4834 - val_accuracy: 0.8574
Epoch 63/350
391/391 - 26s - loss: 0.3660 - accuracy: 0.8832 - val_loss: 0.4489 - val_accuracy: 0.8687
Epoch 64/350
391/391 - 25s - loss: 0.3662 - accuracy: 0.8824 - val_loss: 0.4637 - val_accuracy: 0.8606
Epoch 65/350
391/391 - 25s - loss: 0.3645 - accuracy: 0.8838 - val_loss: 0.4821 - val_accuracy: 0.8655
Epoch 66/350
391/391 - 25s - loss: 0.3573 - accuracy: 0.8875 - val_loss: 0.4663 - val_accuracy: 0.8647
Epoch 67/350
391/391 - 25s - loss: 0.3501 - accuracy: 0.8883 - val_loss: 0.4313 - val_accuracy: 0.8713
Epoch 68/350
391/391 - 25s - loss: 0.3509 - accuracy: 0.8878 - val_loss: 0.4456 - val_accuracy: 0.8717
Epoch 69/350
391/391 - 25s - loss: 0.3470 - accuracy: 0.8897 - val_loss: 0.4656 - val_accuracy: 0.8643
Epoch 70/350
391/391 - 25s - loss: 0.3394 - accuracy: 0.8930 - val_loss: 0.4503 - val_accuracy: 0.8650
Epoch 71/350
391/391 - 25s - loss: 0.3417 - accuracy: 0.8920 - val_loss: 0.4511 - val_accuracy: 0.8724
Epoch 72/350
391/391 - 25s - loss: 0.3353 - accuracy: 0.8935 - val_loss: 0.4657 - val_accuracy: 0.8636
Epoch 73/350
391/391 - 25s - loss: 0.3355 - accuracy: 0.8935 - val_loss: 0.4348 - val_accuracy: 0.8731
Epoch 74/350
391/391 - 25s - loss: 0.3313 - accuracy: 0.8961 - val_loss: 0.4260 - val_accuracy: 0.8758
Epoch 75/350
391/391 - 25s - loss: 0.3258 - accuracy: 0.8969 - val_loss: 0.4921 - val_accuracy: 0.8634
Epoch 76/350
391/391 - 25s - loss: 0.3204 - accuracy: 0.8995 - val_loss: 0.4562 - val_accuracy: 0.8686
Epoch 77/350
391/391 - 25s - loss: 0.3224 - accuracy: 0.8984 - val_loss: 0.4297 - val_accuracy: 0.8769
Epoch 78/350
391/391 - 25s - loss: 0.3177 - accuracy: 0.8997 - val_loss: 0.4222 - val_accuracy: 0.8761
Epoch 79/350
391/391 - 25s - loss: 0.3196 - accuracy: 0.8998 - val_loss: 0.4314 - val_accuracy: 0.8737
Epoch 80/350
391/391 - 25s - loss: 0.3171 - accuracy: 0.9016 - val_loss: 0.4301 - val_accuracy: 0.8739
Epoch 81/350
391/391 - 25s - loss: 0.3148 - accuracy: 0.9021 - val_loss: 0.4550 - val_accuracy: 0.8734
Epoch 82/350
391/391 - 25s - loss: 0.2999 - accuracy: 0.9067 - val_loss: 0.4419 - val_accuracy: 0.8759
Epoch 83/350
391/391 - 25s - loss: 0.3085 - accuracy: 0.9022 - val_loss: 0.4328 - val_accuracy: 0.8741
Epoch 84/350
391/391 - 25s - loss: 0.3037 - accuracy: 0.9063 - val_loss: 0.4325 - val_accuracy: 0.8814
Epoch 85/350
391/391 - 26s - loss: 0.3030 - accuracy: 0.9075 - val_loss: 0.4110 - val_accuracy: 0.8784
Epoch 86/350
391/391 - 25s - loss: 0.2998 - accuracy: 0.9065 - val_loss: 0.4122 - val_accuracy: 0.8846
Epoch 87/350
391/391 - 25s - loss: 0.2966 - accuracy: 0.9071 - val_loss: 0.4454 - val_accuracy: 0.8732
Epoch 88/350
391/391 - 25s - loss: 0.2945 - accuracy: 0.9094 - val_loss: 0.4117 - val_accuracy: 0.8817
Epoch 89/350
391/391 - 25s - loss: 0.2861 - accuracy: 0.9122 - val_loss: 0.4646 - val_accuracy: 0.8775
Epoch 90/350
391/391 - 25s - loss: 0.2905 - accuracy: 0.9107 - val_loss: 0.4485 - val_accuracy: 0.8717
Epoch 91/350
391/391 - 25s - loss: 0.2865 - accuracy: 0.9122 - val_loss: 0.4579 - val_accuracy: 0.8744
Epoch 92/350
391/391 - 25s - loss: 0.2843 - accuracy: 0.9132 - val_loss: 0.4234 - val_accuracy: 0.8848
Epoch 93/350
391/391 - 25s - loss: 0.2798 - accuracy: 0.9147 - val_loss: 0.4366 - val_accuracy: 0.8784
Epoch 94/350
391/391 - 25s - loss: 0.2838 - accuracy: 0.9132 - val_loss: 0.4478 - val_accuracy: 0.8735
Epoch 95/350
391/391 - 25s - loss: 0.2784 - accuracy: 0.9139 - val_loss: 0.4458 - val_accuracy: 0.8786
Epoch 96/350
391/391 - 25s - loss: 0.2765 - accuracy: 0.9152 - val_loss: 0.4246 - val_accuracy: 0.8862
Epoch 97/350
391/391 - 25s - loss: 0.2723 - accuracy: 0.9165 - val_loss: 0.4476 - val_accuracy: 0.8758
Epoch 98/350
391/391 - 25s - loss: 0.2673 - accuracy: 0.9180 - val_loss: 0.4092 - val_accuracy: 0.8849
Epoch 99/350
391/391 - 25s - loss: 0.2708 - accuracy: 0.9177 - val_loss: 0.4245 - val_accuracy: 0.8874
Epoch 100/350


Snapshot weight 9 shuffle 7 at epoch 100
Layer 11
Getting activations...


391/391 - 26s - loss: 0.2698 - accuracy: 0.9186 - val_loss: 0.4464 - val_accuracy: 0.8802
Epoch 101/350
391/391 - 25s - loss: 0.2679 - accuracy: 0.9172 - val_loss: 0.4211 - val_accuracy: 0.8872
Epoch 102/350
391/391 - 25s - loss: 0.2684 - accuracy: 0.9181 - val_loss: 0.4174 - val_accuracy: 0.8860
Epoch 103/350
391/391 - 25s - loss: 0.2653 - accuracy: 0.9199 - val_loss: 0.4134 - val_accuracy: 0.8846
Epoch 104/350
391/391 - 25s - loss: 0.2631 - accuracy: 0.9204 - val_loss: 0.4191 - val_accuracy: 0.8861
Epoch 105/350
391/391 - 25s - loss: 0.2622 - accuracy: 0.9200 - val_loss: 0.4518 - val_accuracy: 0.8800
Epoch 106/350
391/391 - 25s - loss: 0.2514 - accuracy: 0.9228 - val_loss: 0.4377 - val_accuracy: 0.8788
Epoch 107/350
391/391 - 25s - loss: 0.2578 - accuracy: 0.9216 - val_loss: 0.4512 - val_accuracy: 0.8807
Epoch 108/350
391/391 - 25s - loss: 0.2552 - accuracy: 0.9228 - val_loss: 0.4780 - val_accuracy: 0.8776
Epoch 109/350
391/391 - 25s - loss: 0.2540 - accuracy: 0.9235 - val_loss: 0.4663 - val_accuracy: 0.8809
Epoch 110/350
391/391 - 25s - loss: 0.2486 - accuracy: 0.9242 - val_loss: 0.4284 - val_accuracy: 0.8847
Epoch 111/350
391/391 - 25s - loss: 0.2527 - accuracy: 0.9228 - val_loss: 0.4213 - val_accuracy: 0.8862
Epoch 112/350
391/391 - 25s - loss: 0.2459 - accuracy: 0.9271 - val_loss: 0.4158 - val_accuracy: 0.8876
Epoch 113/350
391/391 - 25s - loss: 0.2472 - accuracy: 0.9253 - val_loss: 0.4507 - val_accuracy: 0.8902
Epoch 114/350
391/391 - 25s - loss: 0.2428 - accuracy: 0.9271 - val_loss: 0.4504 - val_accuracy: 0.8840
Epoch 115/350
391/391 - 25s - loss: 0.2495 - accuracy: 0.9256 - val_loss: 0.4001 - val_accuracy: 0.8891
Epoch 116/350
391/391 - 25s - loss: 0.2424 - accuracy: 0.9281 - val_loss: 0.4624 - val_accuracy: 0.8823
Epoch 117/350
391/391 - 25s - loss: 0.2392 - accuracy: 0.9295 - val_loss: 0.4488 - val_accuracy: 0.8811
Epoch 118/350
391/391 - 25s - loss: 0.2415 - accuracy: 0.9293 - val_loss: 0.4100 - val_accuracy: 0.8949
Epoch 119/350
391/391 - 25s - loss: 0.2348 - accuracy: 0.9305 - val_loss: 0.4498 - val_accuracy: 0.8870
Epoch 120/350
391/391 - 25s - loss: 0.2351 - accuracy: 0.9300 - val_loss: 0.4317 - val_accuracy: 0.8854
Epoch 121/350
391/391 - 25s - loss: 0.2372 - accuracy: 0.9298 - val_loss: 0.4201 - val_accuracy: 0.8921
Epoch 122/350
391/391 - 25s - loss: 0.2319 - accuracy: 0.9312 - val_loss: 0.4322 - val_accuracy: 0.8905
Epoch 123/350
391/391 - 25s - loss: 0.2331 - accuracy: 0.9312 - val_loss: 0.4653 - val_accuracy: 0.8855
Epoch 124/350
391/391 - 26s - loss: 0.2283 - accuracy: 0.9322 - val_loss: 0.4805 - val_accuracy: 0.8859
Epoch 125/350
391/391 - 25s - loss: 0.2342 - accuracy: 0.9308 - val_loss: 0.4461 - val_accuracy: 0.8855
Epoch 126/350
391/391 - 25s - loss: 0.2306 - accuracy: 0.9323 - val_loss: 0.4485 - val_accuracy: 0.8875
Epoch 127/350
391/391 - 25s - loss: 0.2292 - accuracy: 0.9320 - val_loss: 0.4554 - val_accuracy: 0.8828
Epoch 128/350
391/391 - 25s - loss: 0.2264 - accuracy: 0.9332 - val_loss: 0.4268 - val_accuracy: 0.8925
Epoch 129/350
391/391 - 26s - loss: 0.2279 - accuracy: 0.9338 - val_loss: 0.4180 - val_accuracy: 0.8902
Epoch 130/350
391/391 - 25s - loss: 0.2228 - accuracy: 0.9358 - val_loss: 0.4890 - val_accuracy: 0.8833
Epoch 131/350
391/391 - 25s - loss: 0.2214 - accuracy: 0.9354 - val_loss: 0.4476 - val_accuracy: 0.8914
Epoch 132/350
391/391 - 25s - loss: 0.2198 - accuracy: 0.9364 - val_loss: 0.4409 - val_accuracy: 0.8863
Epoch 133/350
391/391 - 25s - loss: 0.2215 - accuracy: 0.9368 - val_loss: 0.3978 - val_accuracy: 0.8964
Epoch 134/350
391/391 - 25s - loss: 0.2161 - accuracy: 0.9368 - val_loss: 0.4202 - val_accuracy: 0.8949
Epoch 135/350
391/391 - 25s - loss: 0.2192 - accuracy: 0.9373 - val_loss: 0.4350 - val_accuracy: 0.8918
Epoch 136/350
391/391 - 25s - loss: 0.2122 - accuracy: 0.9389 - val_loss: 0.4413 - val_accuracy: 0.8889
Epoch 137/350
391/391 - 25s - loss: 0.2132 - accuracy: 0.9397 - val_loss: 0.4385 - val_accuracy: 0.8888
Epoch 138/350
391/391 - 25s - loss: 0.2108 - accuracy: 0.9396 - val_loss: 0.4321 - val_accuracy: 0.8894
Epoch 139/350
391/391 - 25s - loss: 0.2084 - accuracy: 0.9409 - val_loss: 0.4453 - val_accuracy: 0.8915
Epoch 140/350
391/391 - 25s - loss: 0.2146 - accuracy: 0.9386 - val_loss: 0.4280 - val_accuracy: 0.8958
Epoch 141/350
391/391 - 25s - loss: 0.2094 - accuracy: 0.9398 - val_loss: 0.4735 - val_accuracy: 0.8863
Epoch 142/350
391/391 - 25s - loss: 0.2076 - accuracy: 0.9409 - val_loss: 0.4310 - val_accuracy: 0.8938
Epoch 143/350
391/391 - 25s - loss: 0.2140 - accuracy: 0.9388 - val_loss: 0.4774 - val_accuracy: 0.8886
Epoch 144/350
391/391 - 25s - loss: 0.2043 - accuracy: 0.9414 - val_loss: 0.4851 - val_accuracy: 0.8888
Epoch 145/350
391/391 - 25s - loss: 0.2057 - accuracy: 0.9421 - val_loss: 0.4292 - val_accuracy: 0.8958
Epoch 146/350
391/391 - 25s - loss: 0.2049 - accuracy: 0.9434 - val_loss: 0.4553 - val_accuracy: 0.8885
Epoch 147/350
391/391 - 25s - loss: 0.2060 - accuracy: 0.9413 - val_loss: 0.4606 - val_accuracy: 0.8926
Epoch 148/350
391/391 - 25s - loss: 0.2007 - accuracy: 0.9428 - val_loss: 0.4805 - val_accuracy: 0.8844
Epoch 149/350
391/391 - 25s - loss: 0.2062 - accuracy: 0.9415 - val_loss: 0.4385 - val_accuracy: 0.8914
Epoch 150/350


Snapshot weight 9 shuffle 7 at epoch 150
Layer 11
Getting activations...


391/391 - 26s - loss: 0.1996 - accuracy: 0.9452 - val_loss: 0.4309 - val_accuracy: 0.8914
Epoch 151/350
391/391 - 25s - loss: 0.2019 - accuracy: 0.9431 - val_loss: 0.4424 - val_accuracy: 0.8905
Epoch 152/350
391/391 - 25s - loss: 0.2019 - accuracy: 0.9424 - val_loss: 0.4534 - val_accuracy: 0.8862
Epoch 153/350
391/391 - 25s - loss: 0.1967 - accuracy: 0.9462 - val_loss: 0.4163 - val_accuracy: 0.8967
Epoch 154/350
391/391 - 25s - loss: 0.1946 - accuracy: 0.9456 - val_loss: 0.4348 - val_accuracy: 0.8943
Epoch 155/350
391/391 - 25s - loss: 0.1946 - accuracy: 0.9461 - val_loss: 0.4711 - val_accuracy: 0.8953
Epoch 156/350
391/391 - 25s - loss: 0.1998 - accuracy: 0.9447 - val_loss: 0.4520 - val_accuracy: 0.8926
Epoch 157/350
391/391 - 25s - loss: 0.1949 - accuracy: 0.9455 - val_loss: 0.4324 - val_accuracy: 0.8940
Epoch 158/350
391/391 - 25s - loss: 0.1959 - accuracy: 0.9448 - val_loss: 0.4576 - val_accuracy: 0.8911
Epoch 159/350
391/391 - 25s - loss: 0.1893 - accuracy: 0.9477 - val_loss: 0.4612 - val_accuracy: 0.8948
Epoch 160/350
391/391 - 25s - loss: 0.1888 - accuracy: 0.9485 - val_loss: 0.4884 - val_accuracy: 0.8890
Epoch 161/350
391/391 - 26s - loss: 0.1939 - accuracy: 0.9465 - val_loss: 0.4504 - val_accuracy: 0.8948
Epoch 162/350
391/391 - 25s - loss: 0.1900 - accuracy: 0.9485 - val_loss: 0.4614 - val_accuracy: 0.8944
Epoch 163/350
391/391 - 25s - loss: 0.1894 - accuracy: 0.9480 - val_loss: 0.4669 - val_accuracy: 0.8957
Epoch 164/350
391/391 - 25s - loss: 0.1899 - accuracy: 0.9483 - val_loss: 0.4297 - val_accuracy: 0.8979
Epoch 165/350
391/391 - 25s - loss: 0.1896 - accuracy: 0.9481 - val_loss: 0.4673 - val_accuracy: 0.8896
Epoch 166/350
391/391 - 25s - loss: 0.1885 - accuracy: 0.9483 - val_loss: 0.4489 - val_accuracy: 0.8968
Epoch 167/350
391/391 - 25s - loss: 0.1905 - accuracy: 0.9476 - val_loss: 0.4491 - val_accuracy: 0.8959
Epoch 168/350
391/391 - 25s - loss: 0.1868 - accuracy: 0.9485 - val_loss: 0.4756 - val_accuracy: 0.8942
Epoch 169/350
391/391 - 25s - loss: 0.1862 - accuracy: 0.9493 - val_loss: 0.4320 - val_accuracy: 0.8939
Epoch 170/350
391/391 - 25s - loss: 0.1848 - accuracy: 0.9499 - val_loss: 0.4535 - val_accuracy: 0.8955
Epoch 171/350
391/391 - 25s - loss: 0.1884 - accuracy: 0.9480 - val_loss: 0.4380 - val_accuracy: 0.8968
Epoch 172/350
391/391 - 25s - loss: 0.1832 - accuracy: 0.9507 - val_loss: 0.4484 - val_accuracy: 0.8933
Epoch 173/350
391/391 - 25s - loss: 0.1846 - accuracy: 0.9500 - val_loss: 0.4502 - val_accuracy: 0.8937
Epoch 174/350
391/391 - 25s - loss: 0.1805 - accuracy: 0.9517 - val_loss: 0.4574 - val_accuracy: 0.8975
Epoch 175/350
391/391 - 25s - loss: 0.1827 - accuracy: 0.9515 - val_loss: 0.4320 - val_accuracy: 0.8951
Epoch 176/350
391/391 - 25s - loss: 0.1818 - accuracy: 0.9514 - val_loss: 0.4300 - val_accuracy: 0.8961
Epoch 177/350
391/391 - 25s - loss: 0.1833 - accuracy: 0.9501 - val_loss: 0.4426 - val_accuracy: 0.8968
Epoch 178/350
391/391 - 26s - loss: 0.1782 - accuracy: 0.9535 - val_loss: 0.4397 - val_accuracy: 0.8985
Epoch 179/350
391/391 - 25s - loss: 0.1769 - accuracy: 0.9521 - val_loss: 0.4734 - val_accuracy: 0.8949
Epoch 180/350
391/391 - 25s - loss: 0.1795 - accuracy: 0.9522 - val_loss: 0.4456 - val_accuracy: 0.8959
Epoch 181/350
391/391 - 25s - loss: 0.1823 - accuracy: 0.9517 - val_loss: 0.4525 - val_accuracy: 0.8963
Epoch 182/350
391/391 - 25s - loss: 0.1800 - accuracy: 0.9527 - val_loss: 0.4418 - val_accuracy: 0.8962
Epoch 183/350
391/391 - 25s - loss: 0.1797 - accuracy: 0.9520 - val_loss: 0.4571 - val_accuracy: 0.8932
Epoch 184/350
391/391 - 25s - loss: 0.1737 - accuracy: 0.9538 - val_loss: 0.4754 - val_accuracy: 0.8953
Epoch 185/350
391/391 - 25s - loss: 0.1778 - accuracy: 0.9533 - val_loss: 0.4664 - val_accuracy: 0.8928
Epoch 186/350
391/391 - 26s - loss: 0.1738 - accuracy: 0.9538 - val_loss: 0.4962 - val_accuracy: 0.8928
Epoch 187/350
391/391 - 25s - loss: 0.1757 - accuracy: 0.9549 - val_loss: 0.4438 - val_accuracy: 0.8955
Epoch 188/350
391/391 - 25s - loss: 0.1713 - accuracy: 0.9546 - val_loss: 0.4760 - val_accuracy: 0.8984
Epoch 189/350
391/391 - 25s - loss: 0.1721 - accuracy: 0.9540 - val_loss: 0.5140 - val_accuracy: 0.8959
Epoch 190/350
391/391 - 25s - loss: 0.1733 - accuracy: 0.9538 - val_loss: 0.4914 - val_accuracy: 0.8925
Epoch 191/350
391/391 - 25s - loss: 0.1705 - accuracy: 0.9549 - val_loss: 0.4675 - val_accuracy: 0.8970
Epoch 192/350
391/391 - 25s - loss: 0.1735 - accuracy: 0.9544 - val_loss: 0.4459 - val_accuracy: 0.8986
Epoch 193/350
391/391 - 25s - loss: 0.1694 - accuracy: 0.9567 - val_loss: 0.4908 - val_accuracy: 0.8937
Epoch 194/350
391/391 - 26s - loss: 0.1725 - accuracy: 0.9544 - val_loss: 0.4386 - val_accuracy: 0.9006
Epoch 195/350
391/391 - 25s - loss: 0.1694 - accuracy: 0.9555 - val_loss: 0.4478 - val_accuracy: 0.9019
Epoch 196/350
391/391 - 25s - loss: 0.1709 - accuracy: 0.9553 - val_loss: 0.5084 - val_accuracy: 0.8916
Epoch 197/350
391/391 - 25s - loss: 0.1684 - accuracy: 0.9569 - val_loss: 0.4878 - val_accuracy: 0.8938
Epoch 198/350
391/391 - 26s - loss: 0.1685 - accuracy: 0.9560 - val_loss: 0.4467 - val_accuracy: 0.8999
Epoch 199/350
391/391 - 25s - loss: 0.1678 - accuracy: 0.9571 - val_loss: 0.4549 - val_accuracy: 0.8966
Epoch 200/350


Snapshot weight 9 shuffle 7 at epoch 200
Layer 11
Getting activations...


391/391 - 26s - loss: 0.1683 - accuracy: 0.9566 - val_loss: 0.4501 - val_accuracy: 0.9003
Epoch 201/350
391/391 - 25s - loss: 0.1423 - accuracy: 0.9661 - val_loss: 0.4458 - val_accuracy: 0.9032
Epoch 202/350
391/391 - 25s - loss: 0.1319 - accuracy: 0.9696 - val_loss: 0.4427 - val_accuracy: 0.9046
Epoch 203/350
391/391 - 25s - loss: 0.1257 - accuracy: 0.9717 - val_loss: 0.4489 - val_accuracy: 0.9051
Epoch 204/350
391/391 - 26s - loss: 0.1245 - accuracy: 0.9716 - val_loss: 0.4478 - val_accuracy: 0.9058
Epoch 205/350
391/391 - 25s - loss: 0.1215 - accuracy: 0.9733 - val_loss: 0.4523 - val_accuracy: 0.9063
Epoch 206/350
391/391 - 25s - loss: 0.1199 - accuracy: 0.9739 - val_loss: 0.4492 - val_accuracy: 0.9080
Epoch 207/350
391/391 - 25s - loss: 0.1223 - accuracy: 0.9729 - val_loss: 0.4434 - val_accuracy: 0.9079
Epoch 208/350
391/391 - 25s - loss: 0.1194 - accuracy: 0.9740 - val_loss: 0.4499 - val_accuracy: 0.9092
Epoch 209/350
391/391 - 25s - loss: 0.1158 - accuracy: 0.9747 - val_loss: 0.4585 - val_accuracy: 0.9082
Epoch 210/350
391/391 - 25s - loss: 0.1212 - accuracy: 0.9732 - val_loss: 0.4535 - val_accuracy: 0.9067
Epoch 211/350
391/391 - 25s - loss: 0.1194 - accuracy: 0.9736 - val_loss: 0.4558 - val_accuracy: 0.9061
Epoch 212/350
391/391 - 25s - loss: 0.1160 - accuracy: 0.9748 - val_loss: 0.4593 - val_accuracy: 0.9080
Epoch 213/350
391/391 - 25s - loss: 0.1153 - accuracy: 0.9748 - val_loss: 0.4609 - val_accuracy: 0.9066
Epoch 214/350
391/391 - 25s - loss: 0.1164 - accuracy: 0.9746 - val_loss: 0.4620 - val_accuracy: 0.9068
Epoch 215/350
391/391 - 25s - loss: 0.1142 - accuracy: 0.9753 - val_loss: 0.4743 - val_accuracy: 0.9066
Epoch 216/350
391/391 - 25s - loss: 0.1149 - accuracy: 0.9762 - val_loss: 0.4748 - val_accuracy: 0.9066
Epoch 217/350
391/391 - 25s - loss: 0.1143 - accuracy: 0.9755 - val_loss: 0.4703 - val_accuracy: 0.9067
Epoch 218/350
391/391 - 25s - loss: 0.1137 - accuracy: 0.9760 - val_loss: 0.4656 - val_accuracy: 0.9077
Epoch 219/350
391/391 - 25s - loss: 0.1145 - accuracy: 0.9766 - val_loss: 0.4682 - val_accuracy: 0.9078
Epoch 220/350
391/391 - 25s - loss: 0.1120 - accuracy: 0.9761 - val_loss: 0.4735 - val_accuracy: 0.9066
Epoch 221/350
391/391 - 25s - loss: 0.1124 - accuracy: 0.9761 - val_loss: 0.4739 - val_accuracy: 0.9062
Epoch 222/350
391/391 - 25s - loss: 0.1110 - accuracy: 0.9764 - val_loss: 0.4773 - val_accuracy: 0.9067
Epoch 223/350
391/391 - 25s - loss: 0.1141 - accuracy: 0.9767 - val_loss: 0.4672 - val_accuracy: 0.9071
Epoch 224/350
391/391 - 25s - loss: 0.1123 - accuracy: 0.9763 - val_loss: 0.4798 - val_accuracy: 0.9079
Epoch 225/350
391/391 - 25s - loss: 0.1100 - accuracy: 0.9775 - val_loss: 0.4836 - val_accuracy: 0.9076
Epoch 226/350
391/391 - 25s - loss: 0.1100 - accuracy: 0.9772 - val_loss: 0.4699 - val_accuracy: 0.9089
Epoch 227/350
391/391 - 25s - loss: 0.1120 - accuracy: 0.9761 - val_loss: 0.4854 - val_accuracy: 0.9078
Epoch 228/350
391/391 - 25s - loss: 0.1106 - accuracy: 0.9774 - val_loss: 0.4763 - val_accuracy: 0.9072
Epoch 229/350
391/391 - 25s - loss: 0.1111 - accuracy: 0.9761 - val_loss: 0.4778 - val_accuracy: 0.9086
Epoch 230/350
391/391 - 25s - loss: 0.1111 - accuracy: 0.9766 - val_loss: 0.4674 - val_accuracy: 0.9101
Epoch 231/350
391/391 - 25s - loss: 0.1095 - accuracy: 0.9774 - val_loss: 0.4758 - val_accuracy: 0.9081
Epoch 232/350
391/391 - 25s - loss: 0.1106 - accuracy: 0.9762 - val_loss: 0.4725 - val_accuracy: 0.9085
Epoch 233/350
391/391 - 26s - loss: 0.1086 - accuracy: 0.9774 - val_loss: 0.4846 - val_accuracy: 0.9066
Epoch 234/350
391/391 - 25s - loss: 0.1104 - accuracy: 0.9767 - val_loss: 0.4847 - val_accuracy: 0.9075
Epoch 235/350
391/391 - 25s - loss: 0.1067 - accuracy: 0.9786 - val_loss: 0.4779 - val_accuracy: 0.9096
Epoch 236/350
391/391 - 25s - loss: 0.1109 - accuracy: 0.9766 - val_loss: 0.4876 - val_accuracy: 0.9065
Epoch 237/350
391/391 - 25s - loss: 0.1108 - accuracy: 0.9770 - val_loss: 0.4804 - val_accuracy: 0.9089
Epoch 238/350
391/391 - 25s - loss: 0.1086 - accuracy: 0.9776 - val_loss: 0.4775 - val_accuracy: 0.9090
Epoch 239/350
391/391 - 25s - loss: 0.1059 - accuracy: 0.9783 - val_loss: 0.4822 - val_accuracy: 0.9087
Epoch 240/350
391/391 - 25s - loss: 0.1074 - accuracy: 0.9778 - val_loss: 0.4858 - val_accuracy: 0.9088
Epoch 241/350
391/391 - 25s - loss: 0.1072 - accuracy: 0.9784 - val_loss: 0.4783 - val_accuracy: 0.9083
Epoch 242/350
391/391 - 25s - loss: 0.1060 - accuracy: 0.9778 - val_loss: 0.4858 - val_accuracy: 0.9075
Epoch 243/350
391/391 - 25s - loss: 0.1072 - accuracy: 0.9774 - val_loss: 0.4850 - val_accuracy: 0.9084
Epoch 244/350
391/391 - 25s - loss: 0.1068 - accuracy: 0.9795 - val_loss: 0.4803 - val_accuracy: 0.9103
Epoch 245/350
391/391 - 25s - loss: 0.1087 - accuracy: 0.9774 - val_loss: 0.4809 - val_accuracy: 0.9082
Epoch 246/350
391/391 - 25s - loss: 0.1078 - accuracy: 0.9776 - val_loss: 0.4784 - val_accuracy: 0.9092
Epoch 247/350
391/391 - 25s - loss: 0.1067 - accuracy: 0.9785 - val_loss: 0.4868 - val_accuracy: 0.9089
Epoch 248/350
391/391 - 25s - loss: 0.1066 - accuracy: 0.9781 - val_loss: 0.4828 - val_accuracy: 0.9091
Epoch 249/350
391/391 - 25s - loss: 0.1077 - accuracy: 0.9778 - val_loss: 0.4830 - val_accuracy: 0.9078
Epoch 250/350


Snapshot weight 9 shuffle 7 at epoch 250
Layer 11
Getting activations...


391/391 - 25s - loss: 0.1089 - accuracy: 0.9769 - val_loss: 0.4851 - val_accuracy: 0.9077
Epoch 251/350
391/391 - 25s - loss: 0.1065 - accuracy: 0.9787 - val_loss: 0.4769 - val_accuracy: 0.9096
Epoch 252/350
391/391 - 25s - loss: 0.1055 - accuracy: 0.9787 - val_loss: 0.4773 - val_accuracy: 0.9103
Epoch 253/350
391/391 - 25s - loss: 0.1014 - accuracy: 0.9802 - val_loss: 0.4790 - val_accuracy: 0.9104
Epoch 254/350
391/391 - 25s - loss: 0.1029 - accuracy: 0.9797 - val_loss: 0.4810 - val_accuracy: 0.9107
Epoch 255/350
391/391 - 25s - loss: 0.1044 - accuracy: 0.9796 - val_loss: 0.4796 - val_accuracy: 0.9102
Epoch 256/350
391/391 - 25s - loss: 0.1026 - accuracy: 0.9804 - val_loss: 0.4811 - val_accuracy: 0.9104
Epoch 257/350
391/391 - 25s - loss: 0.1031 - accuracy: 0.9791 - val_loss: 0.4808 - val_accuracy: 0.9099
Epoch 258/350
391/391 - 26s - loss: 0.1043 - accuracy: 0.9789 - val_loss: 0.4822 - val_accuracy: 0.9098
Epoch 259/350
391/391 - 25s - loss: 0.1032 - accuracy: 0.9798 - val_loss: 0.4833 - val_accuracy: 0.9101
Epoch 260/350
391/391 - 25s - loss: 0.1015 - accuracy: 0.9803 - val_loss: 0.4827 - val_accuracy: 0.9097
Epoch 261/350
391/391 - 25s - loss: 0.1051 - accuracy: 0.9794 - val_loss: 0.4877 - val_accuracy: 0.9103
Epoch 262/350
391/391 - 25s - loss: 0.1034 - accuracy: 0.9799 - val_loss: 0.4837 - val_accuracy: 0.9094
Epoch 263/350
391/391 - 25s - loss: 0.1062 - accuracy: 0.9791 - val_loss: 0.4846 - val_accuracy: 0.9091
Epoch 264/350
391/391 - 25s - loss: 0.1031 - accuracy: 0.9796 - val_loss: 0.4843 - val_accuracy: 0.9096
Epoch 265/350
391/391 - 25s - loss: 0.1026 - accuracy: 0.9801 - val_loss: 0.4853 - val_accuracy: 0.9091
Epoch 266/350
391/391 - 25s - loss: 0.1009 - accuracy: 0.9802 - val_loss: 0.4847 - val_accuracy: 0.9094
Epoch 267/350
391/391 - 25s - loss: 0.1022 - accuracy: 0.9799 - val_loss: 0.4830 - val_accuracy: 0.9092
Epoch 268/350
391/391 - 26s - loss: 0.1027 - accuracy: 0.9800 - val_loss: 0.4834 - val_accuracy: 0.9102
Epoch 269/350
391/391 - 25s - loss: 0.1022 - accuracy: 0.9796 - val_loss: 0.4834 - val_accuracy: 0.9098
Epoch 270/350
391/391 - 25s - loss: 0.1055 - accuracy: 0.9789 - val_loss: 0.4836 - val_accuracy: 0.9090
Epoch 271/350
391/391 - 25s - loss: 0.1051 - accuracy: 0.9787 - val_loss: 0.4856 - val_accuracy: 0.9083
Epoch 272/350
391/391 - 25s - loss: 0.1021 - accuracy: 0.9802 - val_loss: 0.4866 - val_accuracy: 0.9093
Epoch 273/350
391/391 - 25s - loss: 0.1035 - accuracy: 0.9798 - val_loss: 0.4843 - val_accuracy: 0.9097
Epoch 274/350
391/391 - 25s - loss: 0.1005 - accuracy: 0.9796 - val_loss: 0.4861 - val_accuracy: 0.9102
Epoch 275/350
391/391 - 25s - loss: 0.1023 - accuracy: 0.9794 - val_loss: 0.4859 - val_accuracy: 0.9096
Epoch 276/350
391/391 - 25s - loss: 0.1018 - accuracy: 0.9802 - val_loss: 0.4854 - val_accuracy: 0.9092
Epoch 277/350
391/391 - 25s - loss: 0.1016 - accuracy: 0.9802 - val_loss: 0.4834 - val_accuracy: 0.9096
Epoch 278/350
391/391 - 25s - loss: 0.1023 - accuracy: 0.9801 - val_loss: 0.4846 - val_accuracy: 0.9100
Epoch 279/350
391/391 - 25s - loss: 0.1032 - accuracy: 0.9791 - val_loss: 0.4856 - val_accuracy: 0.9091
Epoch 280/350
391/391 - 26s - loss: 0.1048 - accuracy: 0.9787 - val_loss: 0.4838 - val_accuracy: 0.9093
Epoch 281/350
391/391 - 25s - loss: 0.1025 - accuracy: 0.9797 - val_loss: 0.4830 - val_accuracy: 0.9094
Epoch 282/350
391/391 - 25s - loss: 0.1030 - accuracy: 0.9798 - val_loss: 0.4837 - val_accuracy: 0.9097
Epoch 283/350
391/391 - 25s - loss: 0.1042 - accuracy: 0.9788 - val_loss: 0.4813 - val_accuracy: 0.9102
Epoch 284/350
391/391 - 25s - loss: 0.1024 - accuracy: 0.9797 - val_loss: 0.4841 - val_accuracy: 0.9100
Epoch 285/350
391/391 - 25s - loss: 0.1026 - accuracy: 0.9798 - val_loss: 0.4857 - val_accuracy: 0.9103
Epoch 286/350
391/391 - 25s - loss: 0.1010 - accuracy: 0.9810 - val_loss: 0.4858 - val_accuracy: 0.9099
Epoch 287/350
391/391 - 25s - loss: 0.1006 - accuracy: 0.9802 - val_loss: 0.4873 - val_accuracy: 0.9099
Epoch 288/350
391/391 - 26s - loss: 0.1000 - accuracy: 0.9808 - val_loss: 0.4859 - val_accuracy: 0.9097
Epoch 289/350
391/391 - 25s - loss: 0.0988 - accuracy: 0.9810 - val_loss: 0.4856 - val_accuracy: 0.9097
Epoch 290/350
391/391 - 25s - loss: 0.1009 - accuracy: 0.9799 - val_loss: 0.4870 - val_accuracy: 0.9096
Epoch 291/350
391/391 - 25s - loss: 0.1030 - accuracy: 0.9790 - val_loss: 0.4866 - val_accuracy: 0.9101
Epoch 292/350
391/391 - 25s - loss: 0.1018 - accuracy: 0.9800 - val_loss: 0.4856 - val_accuracy: 0.9101
Epoch 293/350
391/391 - 26s - loss: 0.1015 - accuracy: 0.9796 - val_loss: 0.4837 - val_accuracy: 0.9106
Epoch 294/350
391/391 - 25s - loss: 0.1003 - accuracy: 0.9807 - val_loss: 0.4873 - val_accuracy: 0.9101
Epoch 295/350
391/391 - 25s - loss: 0.1018 - accuracy: 0.9797 - val_loss: 0.4867 - val_accuracy: 0.9093
Epoch 296/350
391/391 - 25s - loss: 0.1006 - accuracy: 0.9800 - val_loss: 0.4857 - val_accuracy: 0.9096
Epoch 297/350
391/391 - 25s - loss: 0.1035 - accuracy: 0.9794 - val_loss: 0.4883 - val_accuracy: 0.9096
Epoch 298/350
391/391 - 25s - loss: 0.1005 - accuracy: 0.9810 - val_loss: 0.4881 - val_accuracy: 0.9097
Epoch 299/350
391/391 - 25s - loss: 0.1019 - accuracy: 0.9804 - val_loss: 0.4848 - val_accuracy: 0.9098
Epoch 300/350


Snapshot weight 9 shuffle 7 at epoch 300
Layer 11
Getting activations...


391/391 - 26s - loss: 0.1003 - accuracy: 0.9801 - val_loss: 0.4866 - val_accuracy: 0.9095
Epoch 301/350
391/391 - 25s - loss: 0.0991 - accuracy: 0.9812 - val_loss: 0.4867 - val_accuracy: 0.9097
Epoch 302/350
391/391 - 25s - loss: 0.1014 - accuracy: 0.9804 - val_loss: 0.4868 - val_accuracy: 0.9102
Epoch 303/350
391/391 - 25s - loss: 0.0997 - accuracy: 0.9806 - val_loss: 0.4869 - val_accuracy: 0.9100
Epoch 304/350
391/391 - 25s - loss: 0.0992 - accuracy: 0.9808 - val_loss: 0.4873 - val_accuracy: 0.9098
Epoch 305/350
391/391 - 25s - loss: 0.1012 - accuracy: 0.9804 - val_loss: 0.4875 - val_accuracy: 0.9101
Epoch 306/350
391/391 - 25s - loss: 0.1013 - accuracy: 0.9812 - val_loss: 0.4874 - val_accuracy: 0.9101
Epoch 307/350
391/391 - 25s - loss: 0.1032 - accuracy: 0.9791 - val_loss: 0.4873 - val_accuracy: 0.9099
Epoch 308/350
391/391 - 25s - loss: 0.1000 - accuracy: 0.9806 - val_loss: 0.4876 - val_accuracy: 0.9098
Epoch 309/350
391/391 - 25s - loss: 0.1011 - accuracy: 0.9809 - val_loss: 0.4876 - val_accuracy: 0.9101
Epoch 310/350
391/391 - 25s - loss: 0.1004 - accuracy: 0.9806 - val_loss: 0.4876 - val_accuracy: 0.9100
Epoch 311/350
391/391 - 25s - loss: 0.1009 - accuracy: 0.9799 - val_loss: 0.4878 - val_accuracy: 0.9098
Epoch 312/350
391/391 - 25s - loss: 0.1017 - accuracy: 0.9808 - val_loss: 0.4875 - val_accuracy: 0.9099
Epoch 313/350
391/391 - 25s - loss: 0.1003 - accuracy: 0.9802 - val_loss: 0.4874 - val_accuracy: 0.9098
Epoch 314/350
391/391 - 25s - loss: 0.1014 - accuracy: 0.9807 - val_loss: 0.4877 - val_accuracy: 0.9098
Epoch 315/350
391/391 - 25s - loss: 0.1020 - accuracy: 0.9805 - val_loss: 0.4874 - val_accuracy: 0.9099
Epoch 316/350
391/391 - 25s - loss: 0.1037 - accuracy: 0.9795 - val_loss: 0.4874 - val_accuracy: 0.9097
Epoch 317/350
391/391 - 25s - loss: 0.1000 - accuracy: 0.9806 - val_loss: 0.4878 - val_accuracy: 0.9098
Epoch 318/350
391/391 - 25s - loss: 0.1033 - accuracy: 0.9797 - val_loss: 0.4876 - val_accuracy: 0.9098
Epoch 319/350
391/391 - 25s - loss: 0.1004 - accuracy: 0.9804 - val_loss: 0.4877 - val_accuracy: 0.9097
Epoch 320/350
391/391 - 26s - loss: 0.1002 - accuracy: 0.9813 - val_loss: 0.4874 - val_accuracy: 0.9094
Epoch 321/350
391/391 - 25s - loss: 0.1021 - accuracy: 0.9799 - val_loss: 0.4878 - val_accuracy: 0.9096
Epoch 322/350
391/391 - 25s - loss: 0.1019 - accuracy: 0.9806 - val_loss: 0.4877 - val_accuracy: 0.9097
Epoch 323/350
391/391 - 26s - loss: 0.1013 - accuracy: 0.9803 - val_loss: 0.4877 - val_accuracy: 0.9096
Epoch 324/350
391/391 - 25s - loss: 0.1001 - accuracy: 0.9806 - val_loss: 0.4880 - val_accuracy: 0.9099
Epoch 325/350
391/391 - 25s - loss: 0.1015 - accuracy: 0.9801 - val_loss: 0.4879 - val_accuracy: 0.9100
Epoch 326/350
391/391 - 25s - loss: 0.1013 - accuracy: 0.9799 - val_loss: 0.4873 - val_accuracy: 0.9095
Epoch 327/350
391/391 - 25s - loss: 0.1043 - accuracy: 0.9796 - val_loss: 0.4877 - val_accuracy: 0.9099
Epoch 328/350
391/391 - 25s - loss: 0.1038 - accuracy: 0.9788 - val_loss: 0.4882 - val_accuracy: 0.9095
Epoch 329/350
391/391 - 26s - loss: 0.1005 - accuracy: 0.9810 - val_loss: 0.4878 - val_accuracy: 0.9097
Epoch 330/350
391/391 - 25s - loss: 0.1023 - accuracy: 0.9798 - val_loss: 0.4878 - val_accuracy: 0.9097
Epoch 331/350
391/391 - 25s - loss: 0.0999 - accuracy: 0.9805 - val_loss: 0.4879 - val_accuracy: 0.9096
Epoch 332/350
391/391 - 26s - loss: 0.1015 - accuracy: 0.9799 - val_loss: 0.4877 - val_accuracy: 0.9098
Epoch 333/350
391/391 - 25s - loss: 0.0999 - accuracy: 0.9811 - val_loss: 0.4876 - val_accuracy: 0.9100
Epoch 334/350
391/391 - 25s - loss: 0.1040 - accuracy: 0.9799 - val_loss: 0.4868 - val_accuracy: 0.9100
Epoch 335/350
391/391 - 25s - loss: 0.1020 - accuracy: 0.9799 - val_loss: 0.4870 - val_accuracy: 0.9099
Epoch 336/350
391/391 - 25s - loss: 0.1009 - accuracy: 0.9797 - val_loss: 0.4867 - val_accuracy: 0.9098
Epoch 337/350
391/391 - 26s - loss: 0.1022 - accuracy: 0.9804 - val_loss: 0.4869 - val_accuracy: 0.9099
Epoch 338/350
391/391 - 25s - loss: 0.1021 - accuracy: 0.9799 - val_loss: 0.4869 - val_accuracy: 0.9100
Epoch 339/350
391/391 - 25s - loss: 0.1002 - accuracy: 0.9806 - val_loss: 0.4871 - val_accuracy: 0.9098
Epoch 340/350
391/391 - 25s - loss: 0.1013 - accuracy: 0.9804 - val_loss: 0.4873 - val_accuracy: 0.9097
Epoch 341/350
391/391 - 25s - loss: 0.1001 - accuracy: 0.9809 - val_loss: 0.4870 - val_accuracy: 0.9099
Epoch 342/350
391/391 - 25s - loss: 0.1028 - accuracy: 0.9801 - val_loss: 0.4874 - val_accuracy: 0.9099
Epoch 343/350
391/391 - 25s - loss: 0.1014 - accuracy: 0.9808 - val_loss: 0.4872 - val_accuracy: 0.9100
Epoch 344/350
391/391 - 25s - loss: 0.1016 - accuracy: 0.9801 - val_loss: 0.4874 - val_accuracy: 0.9101
Epoch 345/350
391/391 - 25s - loss: 0.1027 - accuracy: 0.9796 - val_loss: 0.4874 - val_accuracy: 0.9101
Epoch 346/350
391/391 - 25s - loss: 0.1033 - accuracy: 0.9791 - val_loss: 0.4873 - val_accuracy: 0.9100
Epoch 347/350
391/391 - 25s - loss: 0.1007 - accuracy: 0.9807 - val_loss: 0.4872 - val_accuracy: 0.9100
Epoch 348/350
391/391 - 25s - loss: 0.1009 - accuracy: 0.9805 - val_loss: 0.4878 - val_accuracy: 0.9098
Epoch 349/350
391/391 - 25s - loss: 0.1024 - accuracy: 0.9799 - val_loss: 0.4875 - val_accuracy: 0.9102
Epoch 350/350


Snapshot weight 9 shuffle 7 at epoch 350
Layer 11
Getting activations...


391/391 - 26s - loss: 0.1007 - accuracy: 0.9808 - val_loss: 0.4873 - val_accuracy: 0.9102
/usr/local/lib/python3.6/dist-packages/tensorflow/python/autograph/impl/api.py:493: UserWarning: fill_value is not supported and is always 0 for TensorFlow < 2.4.0.
  return py_builtins.overload_of(f)(*args)
WARNING:tensorflow:From /usr/local/lib/python3.6/dist-packages/tensorflow/python/training/tracking/tracking.py:111: Model.state_updates (from tensorflow.python.keras.engine.training) is deprecated and will be removed in a future version.
Instructions for updating:
This property should not be used in TensorFlow 2.0, as updates are applied automatically.
2021-07-02 17:31:02.752652: W tensorflow/python/util/util.cc:348] Sets are not currently considered sequences, but this may change in the future, so consider avoiding using them.
WARNING:tensorflow:From /usr/local/lib/python3.6/dist-packages/tensorflow/python/training/tracking/tracking.py:111: Layer.updates (from tensorflow.python.keras.engine.base_layer) is deprecated and will be removed in a future version.
Instructions for updating:
This property should not be used in TensorFlow 2.0, as updates are applied automatically.
Saving, final validation acc: 0.9101999998092651
