2021-07-02 06:57:07.129899: I tensorflow/stream_executor/platform/default/dso_loader.cc:48] Successfully opened dynamic library libcudart.so.10.1
2021-07-02 06:58:32.897069: I tensorflow/stream_executor/platform/default/dso_loader.cc:48] Successfully opened dynamic library libcuda.so.1
2021-07-02 06:58:32.926800: I tensorflow/core/common_runtime/gpu/gpu_device.cc:1716] Found device 0 with properties: 
pciBusID: 0000:82:00.0 name: NVIDIA TITAN Xp computeCapability: 6.1
coreClock: 1.582GHz coreCount: 30 deviceMemorySize: 11.91GiB deviceMemoryBandwidth: 510.07GiB/s
2021-07-02 06:58:32.926882: I tensorflow/stream_executor/platform/default/dso_loader.cc:48] Successfully opened dynamic library libcudart.so.10.1
2021-07-02 06:58:32.968998: I tensorflow/stream_executor/platform/default/dso_loader.cc:48] Successfully opened dynamic library libcublas.so.10
2021-07-02 06:58:32.990119: I tensorflow/stream_executor/platform/default/dso_loader.cc:48] Successfully opened dynamic library libcufft.so.10
2021-07-02 06:58:32.998810: I tensorflow/stream_executor/platform/default/dso_loader.cc:48] Successfully opened dynamic library libcurand.so.10
2021-07-02 06:58:33.043363: I tensorflow/stream_executor/platform/default/dso_loader.cc:48] Successfully opened dynamic library libcusolver.so.10
2021-07-02 06:58:33.051932: I tensorflow/stream_executor/platform/default/dso_loader.cc:48] Successfully opened dynamic library libcusparse.so.10
2021-07-02 06:58:33.130303: I tensorflow/stream_executor/platform/default/dso_loader.cc:48] Successfully opened dynamic library libcudnn.so.7
2021-07-02 06:58:33.132535: I tensorflow/core/common_runtime/gpu/gpu_device.cc:1858] Adding visible gpu devices: 0
2021-07-02 06:58:33.136215: I tensorflow/core/platform/cpu_feature_guard.cc:142] This TensorFlow binary is optimized with oneAPI Deep Neural Network Library (oneDNN)to use the following CPU instructions in performance-critical operations:  AVX2 FMA
To enable them in other operations, rebuild TensorFlow with the appropriate compiler flags.
2021-07-02 06:58:33.152464: I tensorflow/core/platform/profile_utils/cpu_utils.cc:104] CPU Frequency: 2600265000 Hz
2021-07-02 06:58:33.152588: I tensorflow/compiler/xla/service/service.cc:168] XLA service 0x58abaf0 initialized for platform Host (this does not guarantee that XLA will be used). Devices:
2021-07-02 06:58:33.152608: I tensorflow/compiler/xla/service/service.cc:176]   StreamExecutor device (0): Host, Default Version
2021-07-02 06:58:33.274945: I tensorflow/compiler/xla/service/service.cc:168] XLA service 0x58a4680 initialized for platform CUDA (this does not guarantee that XLA will be used). Devices:
2021-07-02 06:58:33.275017: I tensorflow/compiler/xla/service/service.cc:176]   StreamExecutor device (0): NVIDIA TITAN Xp, Compute Capability 6.1
2021-07-02 06:58:33.281854: I tensorflow/core/common_runtime/gpu/gpu_device.cc:1716] Found device 0 with properties: 
pciBusID: 0000:82:00.0 name: NVIDIA TITAN Xp computeCapability: 6.1
coreClock: 1.582GHz coreCount: 30 deviceMemorySize: 11.91GiB deviceMemoryBandwidth: 510.07GiB/s
2021-07-02 06:58:33.281898: I tensorflow/stream_executor/platform/default/dso_loader.cc:48] Successfully opened dynamic library libcudart.so.10.1
2021-07-02 06:58:33.281932: I tensorflow/stream_executor/platform/default/dso_loader.cc:48] Successfully opened dynamic library libcublas.so.10
2021-07-02 06:58:33.281954: I tensorflow/stream_executor/platform/default/dso_loader.cc:48] Successfully opened dynamic library libcufft.so.10
2021-07-02 06:58:33.281974: I tensorflow/stream_executor/platform/default/dso_loader.cc:48] Successfully opened dynamic library libcurand.so.10
2021-07-02 06:58:33.281995: I tensorflow/stream_executor/platform/default/dso_loader.cc:48] Successfully opened dynamic library libcusolver.so.10
2021-07-02 06:58:33.282014: I tensorflow/stream_executor/platform/default/dso_loader.cc:48] Successfully opened dynamic library libcusparse.so.10
2021-07-02 06:58:33.282035: I tensorflow/stream_executor/platform/default/dso_loader.cc:48] Successfully opened dynamic library libcudnn.so.7
2021-07-02 06:58:33.284389: I tensorflow/core/common_runtime/gpu/gpu_device.cc:1858] Adding visible gpu devices: 0
2021-07-02 06:58:33.286149: I tensorflow/stream_executor/platform/default/dso_loader.cc:48] Successfully opened dynamic library libcudart.so.10.1
2021-07-02 06:58:35.046230: I tensorflow/core/common_runtime/gpu/gpu_device.cc:1257] Device interconnect StreamExecutor with strength 1 edge matrix:
2021-07-02 06:58:35.046313: I tensorflow/core/common_runtime/gpu/gpu_device.cc:1263]      0 
2021-07-02 06:58:35.046328: I tensorflow/core/common_runtime/gpu/gpu_device.cc:1276] 0:   N 
2021-07-02 06:58:35.052934: I tensorflow/core/common_runtime/gpu/gpu_device.cc:1402] Created TensorFlow device (/job:localhost/replica:0/task:0/device:GPU:0 with 11218 MB memory) -> physical GPU (device: 0, name: NVIDIA TITAN Xp, pci bus id: 0000:82:00.0, compute capability: 6.1)
2021-07-02 06:58:40.947482: I tensorflow/stream_executor/platform/default/dso_loader.cc:48] Successfully opened dynamic library libcudnn.so.7
2021-07-02 06:58:43.408761: I tensorflow/stream_executor/platform/default/dso_loader.cc:48] Successfully opened dynamic library libcublas.so.10
Using model index: 49
Making train data...
GCN...
ZCA...
Done!
Making test data...
Done!
Epoch 1/350


Snapshot weight 9 shuffle 4 at epoch 1
Layer 11
Getting activations...


391/391 - 24s - loss: 2.3163 - accuracy: 0.1135 - val_loss: 2.2940 - val_accuracy: 0.1258
Epoch 2/350


Snapshot weight 9 shuffle 4 at epoch 2
Layer 11
Getting activations...


391/391 - 24s - loss: 2.2519 - accuracy: 0.1444 - val_loss: 2.2216 - val_accuracy: 0.1441
Epoch 3/350


Snapshot weight 9 shuffle 4 at epoch 3
Layer 11
Getting activations...


391/391 - 24s - loss: 2.2191 - accuracy: 0.1589 - val_loss: 2.1709 - val_accuracy: 0.2047
Epoch 4/350


Snapshot weight 9 shuffle 4 at epoch 4
Layer 11
Getting activations...


391/391 - 24s - loss: 2.1553 - accuracy: 0.2162 - val_loss: 2.0616 - val_accuracy: 0.2556
Epoch 5/350


Snapshot weight 9 shuffle 4 at epoch 5
Layer 11
Getting activations...


391/391 - 24s - loss: 1.8884 - accuracy: 0.3264 - val_loss: 1.7403 - val_accuracy: 0.3651
Epoch 6/350


Snapshot weight 9 shuffle 4 at epoch 6
Layer 11
Getting activations...


391/391 - 24s - loss: 1.5906 - accuracy: 0.4332 - val_loss: 1.4162 - val_accuracy: 0.4951
Epoch 7/350


Snapshot weight 9 shuffle 4 at epoch 7
Layer 11
Getting activations...


391/391 - 24s - loss: 1.3964 - accuracy: 0.5078 - val_loss: 1.2694 - val_accuracy: 0.5445
Epoch 8/350


Snapshot weight 9 shuffle 4 at epoch 8
Layer 11
Getting activations...


391/391 - 24s - loss: 1.2802 - accuracy: 0.5518 - val_loss: 1.1953 - val_accuracy: 0.5854
Epoch 9/350


Snapshot weight 9 shuffle 4 at epoch 9
Layer 11
Getting activations...


391/391 - 24s - loss: 1.2080 - accuracy: 0.5771 - val_loss: 1.1978 - val_accuracy: 0.5951
Epoch 10/350


Snapshot weight 9 shuffle 4 at epoch 10
Layer 11
Getting activations...


391/391 - 24s - loss: 1.1199 - accuracy: 0.6104 - val_loss: 1.0189 - val_accuracy: 0.6519
Epoch 11/350
391/391 - 24s - loss: 1.0697 - accuracy: 0.6302 - val_loss: 0.9570 - val_accuracy: 0.6671
Epoch 12/350
391/391 - 24s - loss: 1.0156 - accuracy: 0.6473 - val_loss: 0.9961 - val_accuracy: 0.6524
Epoch 13/350
391/391 - 24s - loss: 0.9721 - accuracy: 0.6656 - val_loss: 0.9087 - val_accuracy: 0.6859
Epoch 14/350
391/391 - 24s - loss: 0.9326 - accuracy: 0.6790 - val_loss: 0.9236 - val_accuracy: 0.6919
Epoch 15/350
391/391 - 24s - loss: 0.8923 - accuracy: 0.6963 - val_loss: 0.8357 - val_accuracy: 0.7169
Epoch 16/350
391/391 - 24s - loss: 0.8587 - accuracy: 0.7077 - val_loss: 0.8879 - val_accuracy: 0.7031
Epoch 17/350
391/391 - 24s - loss: 0.8205 - accuracy: 0.7215 - val_loss: 0.8208 - val_accuracy: 0.7265
Epoch 18/350
391/391 - 24s - loss: 0.7966 - accuracy: 0.7300 - val_loss: 0.7313 - val_accuracy: 0.7505
Epoch 19/350
391/391 - 24s - loss: 0.7619 - accuracy: 0.7446 - val_loss: 0.7120 - val_accuracy: 0.7570
Epoch 20/350
391/391 - 24s - loss: 0.7375 - accuracy: 0.7521 - val_loss: 0.7127 - val_accuracy: 0.7600
Epoch 21/350
391/391 - 24s - loss: 0.7230 - accuracy: 0.7566 - val_loss: 0.8503 - val_accuracy: 0.7234
Epoch 22/350
391/391 - 24s - loss: 0.7014 - accuracy: 0.7654 - val_loss: 0.6861 - val_accuracy: 0.7781
Epoch 23/350
391/391 - 24s - loss: 0.6770 - accuracy: 0.7716 - val_loss: 0.6640 - val_accuracy: 0.7800
Epoch 24/350
391/391 - 24s - loss: 0.6620 - accuracy: 0.7796 - val_loss: 0.6253 - val_accuracy: 0.7911
Epoch 25/350
391/391 - 24s - loss: 0.6432 - accuracy: 0.7854 - val_loss: 0.6514 - val_accuracy: 0.7911
Epoch 26/350
391/391 - 24s - loss: 0.6299 - accuracy: 0.7909 - val_loss: 0.6175 - val_accuracy: 0.8008
Epoch 27/350
391/391 - 24s - loss: 0.6132 - accuracy: 0.7971 - val_loss: 0.6090 - val_accuracy: 0.8041
Epoch 28/350
391/391 - 24s - loss: 0.6002 - accuracy: 0.8022 - val_loss: 0.5762 - val_accuracy: 0.8090
Epoch 29/350
391/391 - 24s - loss: 0.5883 - accuracy: 0.8067 - val_loss: 0.5798 - val_accuracy: 0.8097
Epoch 30/350
391/391 - 24s - loss: 0.5799 - accuracy: 0.8093 - val_loss: 0.5558 - val_accuracy: 0.8227
Epoch 31/350
391/391 - 24s - loss: 0.5588 - accuracy: 0.8181 - val_loss: 0.5286 - val_accuracy: 0.8257
Epoch 32/350
391/391 - 24s - loss: 0.5507 - accuracy: 0.8189 - val_loss: 0.5626 - val_accuracy: 0.8204
Epoch 33/350
391/391 - 24s - loss: 0.5417 - accuracy: 0.8225 - val_loss: 0.5300 - val_accuracy: 0.8281
Epoch 34/350
391/391 - 24s - loss: 0.5319 - accuracy: 0.8261 - val_loss: 0.5880 - val_accuracy: 0.8075
Epoch 35/350
391/391 - 24s - loss: 0.5237 - accuracy: 0.8283 - val_loss: 0.4943 - val_accuracy: 0.8388
Epoch 36/350
391/391 - 24s - loss: 0.5079 - accuracy: 0.8333 - val_loss: 0.5135 - val_accuracy: 0.8323
Epoch 37/350
391/391 - 24s - loss: 0.5037 - accuracy: 0.8338 - val_loss: 0.5320 - val_accuracy: 0.8275
Epoch 38/350
391/391 - 24s - loss: 0.4925 - accuracy: 0.8389 - val_loss: 0.5632 - val_accuracy: 0.8215
Epoch 39/350
391/391 - 24s - loss: 0.4877 - accuracy: 0.8405 - val_loss: 0.5093 - val_accuracy: 0.8368
Epoch 40/350
391/391 - 24s - loss: 0.4758 - accuracy: 0.8469 - val_loss: 0.4736 - val_accuracy: 0.8489
Epoch 41/350
391/391 - 24s - loss: 0.4746 - accuracy: 0.8461 - val_loss: 0.5221 - val_accuracy: 0.8286
Epoch 42/350
391/391 - 24s - loss: 0.4674 - accuracy: 0.8467 - val_loss: 0.5357 - val_accuracy: 0.8363
Epoch 43/350
391/391 - 24s - loss: 0.4619 - accuracy: 0.8496 - val_loss: 0.5055 - val_accuracy: 0.8368
Epoch 44/350
391/391 - 24s - loss: 0.4534 - accuracy: 0.8537 - val_loss: 0.4570 - val_accuracy: 0.8509
Epoch 45/350
391/391 - 24s - loss: 0.4453 - accuracy: 0.8560 - val_loss: 0.5014 - val_accuracy: 0.8397
Epoch 46/350
391/391 - 24s - loss: 0.4407 - accuracy: 0.8599 - val_loss: 0.6028 - val_accuracy: 0.8157
Epoch 47/350
391/391 - 24s - loss: 0.4371 - accuracy: 0.8602 - val_loss: 0.4664 - val_accuracy: 0.8538
Epoch 48/350
391/391 - 24s - loss: 0.4306 - accuracy: 0.8602 - val_loss: 0.4529 - val_accuracy: 0.8535
Epoch 49/350
391/391 - 24s - loss: 0.4282 - accuracy: 0.8615 - val_loss: 0.4983 - val_accuracy: 0.8378
Epoch 50/350


Snapshot weight 9 shuffle 4 at epoch 50
Layer 11
Getting activations...


391/391 - 24s - loss: 0.4197 - accuracy: 0.8650 - val_loss: 0.4560 - val_accuracy: 0.8565
Epoch 51/350
391/391 - 24s - loss: 0.4098 - accuracy: 0.8679 - val_loss: 0.4610 - val_accuracy: 0.8540
Epoch 52/350
391/391 - 24s - loss: 0.4107 - accuracy: 0.8696 - val_loss: 0.4936 - val_accuracy: 0.8494
Epoch 53/350
391/391 - 24s - loss: 0.4035 - accuracy: 0.8706 - val_loss: 0.4455 - val_accuracy: 0.8596
Epoch 54/350
391/391 - 24s - loss: 0.3988 - accuracy: 0.8717 - val_loss: 0.4168 - val_accuracy: 0.8709
Epoch 55/350
391/391 - 24s - loss: 0.3965 - accuracy: 0.8713 - val_loss: 0.4374 - val_accuracy: 0.8627
Epoch 56/350
391/391 - 24s - loss: 0.3896 - accuracy: 0.8746 - val_loss: 0.4540 - val_accuracy: 0.8619
Epoch 57/350
391/391 - 24s - loss: 0.3821 - accuracy: 0.8782 - val_loss: 0.4215 - val_accuracy: 0.8689
Epoch 58/350
391/391 - 24s - loss: 0.3803 - accuracy: 0.8783 - val_loss: 0.4567 - val_accuracy: 0.8539
Epoch 59/350
391/391 - 24s - loss: 0.3750 - accuracy: 0.8795 - val_loss: 0.5059 - val_accuracy: 0.8488
Epoch 60/350
391/391 - 24s - loss: 0.3716 - accuracy: 0.8807 - val_loss: 0.4712 - val_accuracy: 0.8616
Epoch 61/350
391/391 - 24s - loss: 0.3656 - accuracy: 0.8834 - val_loss: 0.4307 - val_accuracy: 0.8647
Epoch 62/350
391/391 - 24s - loss: 0.3655 - accuracy: 0.8841 - val_loss: 0.4645 - val_accuracy: 0.8573
Epoch 63/350
391/391 - 24s - loss: 0.3579 - accuracy: 0.8863 - val_loss: 0.4356 - val_accuracy: 0.8667
Epoch 64/350
391/391 - 24s - loss: 0.3543 - accuracy: 0.8879 - val_loss: 0.4118 - val_accuracy: 0.8698
Epoch 65/350
391/391 - 24s - loss: 0.3497 - accuracy: 0.8880 - val_loss: 0.4685 - val_accuracy: 0.8646
Epoch 66/350
391/391 - 24s - loss: 0.3532 - accuracy: 0.8885 - val_loss: 0.4088 - val_accuracy: 0.8773
Epoch 67/350
391/391 - 24s - loss: 0.3447 - accuracy: 0.8920 - val_loss: 0.4095 - val_accuracy: 0.8786
Epoch 68/350
391/391 - 24s - loss: 0.3398 - accuracy: 0.8925 - val_loss: 0.4366 - val_accuracy: 0.8725
Epoch 69/350
391/391 - 24s - loss: 0.3389 - accuracy: 0.8913 - val_loss: 0.4402 - val_accuracy: 0.8668
Epoch 70/350
391/391 - 24s - loss: 0.3341 - accuracy: 0.8944 - val_loss: 0.4268 - val_accuracy: 0.8721
Epoch 71/350
391/391 - 24s - loss: 0.3336 - accuracy: 0.8949 - val_loss: 0.4138 - val_accuracy: 0.8794
Epoch 72/350
391/391 - 24s - loss: 0.3307 - accuracy: 0.8976 - val_loss: 0.4626 - val_accuracy: 0.8709
Epoch 73/350
391/391 - 24s - loss: 0.3258 - accuracy: 0.8983 - val_loss: 0.4371 - val_accuracy: 0.8702
Epoch 74/350
391/391 - 24s - loss: 0.3245 - accuracy: 0.8976 - val_loss: 0.4070 - val_accuracy: 0.8768
Epoch 75/350
391/391 - 24s - loss: 0.3211 - accuracy: 0.8996 - val_loss: 0.4097 - val_accuracy: 0.8758
Epoch 76/350
391/391 - 24s - loss: 0.3144 - accuracy: 0.9018 - val_loss: 0.4254 - val_accuracy: 0.8730
Epoch 77/350
391/391 - 24s - loss: 0.3169 - accuracy: 0.9011 - val_loss: 0.4392 - val_accuracy: 0.8683
Epoch 78/350
391/391 - 24s - loss: 0.3116 - accuracy: 0.9019 - val_loss: 0.4560 - val_accuracy: 0.8687
Epoch 79/350
391/391 - 24s - loss: 0.3087 - accuracy: 0.9039 - val_loss: 0.4055 - val_accuracy: 0.8811
Epoch 80/350
391/391 - 24s - loss: 0.3165 - accuracy: 0.9008 - val_loss: 0.4330 - val_accuracy: 0.8734
Epoch 81/350
391/391 - 24s - loss: 0.3036 - accuracy: 0.9061 - val_loss: 0.4740 - val_accuracy: 0.8689
Epoch 82/350
391/391 - 24s - loss: 0.3019 - accuracy: 0.9059 - val_loss: 0.4146 - val_accuracy: 0.8787
Epoch 83/350
391/391 - 24s - loss: 0.3006 - accuracy: 0.9058 - val_loss: 0.3941 - val_accuracy: 0.8833
Epoch 84/350
391/391 - 24s - loss: 0.3023 - accuracy: 0.9073 - val_loss: 0.4015 - val_accuracy: 0.8837
Epoch 85/350
391/391 - 24s - loss: 0.2927 - accuracy: 0.9111 - val_loss: 0.4188 - val_accuracy: 0.8787
Epoch 86/350
391/391 - 24s - loss: 0.2945 - accuracy: 0.9091 - val_loss: 0.4025 - val_accuracy: 0.8865
Epoch 87/350
391/391 - 24s - loss: 0.2903 - accuracy: 0.9107 - val_loss: 0.4289 - val_accuracy: 0.8739
Epoch 88/350
391/391 - 24s - loss: 0.2895 - accuracy: 0.9110 - val_loss: 0.4146 - val_accuracy: 0.8825
Epoch 89/350
391/391 - 24s - loss: 0.2860 - accuracy: 0.9107 - val_loss: 0.4234 - val_accuracy: 0.8776
Epoch 90/350
391/391 - 24s - loss: 0.2821 - accuracy: 0.9138 - val_loss: 0.3969 - val_accuracy: 0.8836
Epoch 91/350
391/391 - 24s - loss: 0.2840 - accuracy: 0.9138 - val_loss: 0.4320 - val_accuracy: 0.8763
Epoch 92/350
391/391 - 24s - loss: 0.2774 - accuracy: 0.9158 - val_loss: 0.4183 - val_accuracy: 0.8792
Epoch 93/350
391/391 - 24s - loss: 0.2768 - accuracy: 0.9155 - val_loss: 0.4198 - val_accuracy: 0.8787
Epoch 94/350
391/391 - 24s - loss: 0.2753 - accuracy: 0.9162 - val_loss: 0.3970 - val_accuracy: 0.8846
Epoch 95/350
391/391 - 24s - loss: 0.2742 - accuracy: 0.9165 - val_loss: 0.3984 - val_accuracy: 0.8864
Epoch 96/350
391/391 - 24s - loss: 0.2701 - accuracy: 0.9166 - val_loss: 0.4446 - val_accuracy: 0.8740
Epoch 97/350
391/391 - 24s - loss: 0.2674 - accuracy: 0.9185 - val_loss: 0.4336 - val_accuracy: 0.8849
Epoch 98/350
391/391 - 24s - loss: 0.2661 - accuracy: 0.9184 - val_loss: 0.4187 - val_accuracy: 0.8897
Epoch 99/350
391/391 - 24s - loss: 0.2615 - accuracy: 0.9203 - val_loss: 0.4238 - val_accuracy: 0.8872
Epoch 100/350


Snapshot weight 9 shuffle 4 at epoch 100
Layer 11
Getting activations...


391/391 - 24s - loss: 0.2635 - accuracy: 0.9203 - val_loss: 0.3952 - val_accuracy: 0.8925
Epoch 101/350
391/391 - 24s - loss: 0.2603 - accuracy: 0.9211 - val_loss: 0.4380 - val_accuracy: 0.8814
Epoch 102/350
391/391 - 24s - loss: 0.2626 - accuracy: 0.9200 - val_loss: 0.3950 - val_accuracy: 0.8910
Epoch 103/350
391/391 - 24s - loss: 0.2555 - accuracy: 0.9220 - val_loss: 0.4180 - val_accuracy: 0.8840
Epoch 104/350
391/391 - 24s - loss: 0.2562 - accuracy: 0.9226 - val_loss: 0.4058 - val_accuracy: 0.8868
Epoch 105/350
391/391 - 24s - loss: 0.2562 - accuracy: 0.9237 - val_loss: 0.4173 - val_accuracy: 0.8867
Epoch 106/350
391/391 - 24s - loss: 0.2520 - accuracy: 0.9237 - val_loss: 0.4665 - val_accuracy: 0.8794
Epoch 107/350
391/391 - 24s - loss: 0.2471 - accuracy: 0.9262 - val_loss: 0.4028 - val_accuracy: 0.8888
Epoch 108/350
391/391 - 24s - loss: 0.2507 - accuracy: 0.9242 - val_loss: 0.4235 - val_accuracy: 0.8781
Epoch 109/350
391/391 - 24s - loss: 0.2501 - accuracy: 0.9246 - val_loss: 0.4017 - val_accuracy: 0.8919
Epoch 110/350
391/391 - 24s - loss: 0.2483 - accuracy: 0.9251 - val_loss: 0.4166 - val_accuracy: 0.8866
Epoch 111/350
391/391 - 24s - loss: 0.2453 - accuracy: 0.9271 - val_loss: 0.4144 - val_accuracy: 0.8858
Epoch 112/350
391/391 - 24s - loss: 0.2455 - accuracy: 0.9256 - val_loss: 0.3945 - val_accuracy: 0.8925
Epoch 113/350
391/391 - 24s - loss: 0.2425 - accuracy: 0.9282 - val_loss: 0.4283 - val_accuracy: 0.8876
Epoch 114/350
391/391 - 24s - loss: 0.2447 - accuracy: 0.9259 - val_loss: 0.4159 - val_accuracy: 0.8895
Epoch 115/350
391/391 - 24s - loss: 0.2439 - accuracy: 0.9281 - val_loss: 0.4542 - val_accuracy: 0.8788
Epoch 116/350
391/391 - 24s - loss: 0.2390 - accuracy: 0.9285 - val_loss: 0.4431 - val_accuracy: 0.8842
Epoch 117/350
391/391 - 24s - loss: 0.2367 - accuracy: 0.9299 - val_loss: 0.4199 - val_accuracy: 0.8900
Epoch 118/350
391/391 - 24s - loss: 0.2418 - accuracy: 0.9292 - val_loss: 0.4104 - val_accuracy: 0.8901
Epoch 119/350
391/391 - 24s - loss: 0.2327 - accuracy: 0.9304 - val_loss: 0.4124 - val_accuracy: 0.8901
Epoch 120/350
391/391 - 24s - loss: 0.2300 - accuracy: 0.9323 - val_loss: 0.3845 - val_accuracy: 0.8942
Epoch 121/350
391/391 - 24s - loss: 0.2310 - accuracy: 0.9319 - val_loss: 0.4174 - val_accuracy: 0.8886
Epoch 122/350
391/391 - 24s - loss: 0.2269 - accuracy: 0.9340 - val_loss: 0.4220 - val_accuracy: 0.8866
Epoch 123/350
391/391 - 24s - loss: 0.2316 - accuracy: 0.9320 - val_loss: 0.3986 - val_accuracy: 0.8897
Epoch 124/350
391/391 - 24s - loss: 0.2281 - accuracy: 0.9330 - val_loss: 0.4035 - val_accuracy: 0.8933
Epoch 125/350
391/391 - 24s - loss: 0.2239 - accuracy: 0.9344 - val_loss: 0.3910 - val_accuracy: 0.8964
Epoch 126/350
391/391 - 24s - loss: 0.2236 - accuracy: 0.9342 - val_loss: 0.4093 - val_accuracy: 0.8932
Epoch 127/350
391/391 - 24s - loss: 0.2263 - accuracy: 0.9330 - val_loss: 0.4162 - val_accuracy: 0.8928
Epoch 128/350
391/391 - 24s - loss: 0.2268 - accuracy: 0.9337 - val_loss: 0.4090 - val_accuracy: 0.8924
Epoch 129/350
391/391 - 24s - loss: 0.2222 - accuracy: 0.9356 - val_loss: 0.3997 - val_accuracy: 0.8975
Epoch 130/350
391/391 - 24s - loss: 0.2159 - accuracy: 0.9381 - val_loss: 0.4140 - val_accuracy: 0.8946
Epoch 131/350
391/391 - 24s - loss: 0.2179 - accuracy: 0.9361 - val_loss: 0.4291 - val_accuracy: 0.8887
Epoch 132/350
391/391 - 24s - loss: 0.2192 - accuracy: 0.9359 - val_loss: 0.4086 - val_accuracy: 0.8955
Epoch 133/350
391/391 - 24s - loss: 0.2132 - accuracy: 0.9387 - val_loss: 0.4181 - val_accuracy: 0.8921
Epoch 134/350
391/391 - 24s - loss: 0.2162 - accuracy: 0.9380 - val_loss: 0.4288 - val_accuracy: 0.8910
Epoch 135/350
391/391 - 24s - loss: 0.2132 - accuracy: 0.9388 - val_loss: 0.4127 - val_accuracy: 0.8926
Epoch 136/350
391/391 - 24s - loss: 0.2169 - accuracy: 0.9371 - val_loss: 0.4057 - val_accuracy: 0.8980
Epoch 137/350
391/391 - 24s - loss: 0.2105 - accuracy: 0.9412 - val_loss: 0.3837 - val_accuracy: 0.8991
Epoch 138/350
391/391 - 24s - loss: 0.2143 - accuracy: 0.9387 - val_loss: 0.4504 - val_accuracy: 0.8915
Epoch 139/350
391/391 - 24s - loss: 0.2112 - accuracy: 0.9404 - val_loss: 0.4244 - val_accuracy: 0.8942
Epoch 140/350
391/391 - 24s - loss: 0.2104 - accuracy: 0.9401 - val_loss: 0.4373 - val_accuracy: 0.8885
Epoch 141/350
391/391 - 24s - loss: 0.2044 - accuracy: 0.9412 - val_loss: 0.4293 - val_accuracy: 0.8954
Epoch 142/350
391/391 - 24s - loss: 0.2100 - accuracy: 0.9396 - val_loss: 0.4353 - val_accuracy: 0.8880
Epoch 143/350
391/391 - 24s - loss: 0.2080 - accuracy: 0.9406 - val_loss: 0.4141 - val_accuracy: 0.8933
Epoch 144/350
391/391 - 24s - loss: 0.2024 - accuracy: 0.9426 - val_loss: 0.4220 - val_accuracy: 0.8954
Epoch 145/350
391/391 - 24s - loss: 0.2051 - accuracy: 0.9419 - val_loss: 0.4142 - val_accuracy: 0.8989
Epoch 146/350
391/391 - 24s - loss: 0.2006 - accuracy: 0.9441 - val_loss: 0.4076 - val_accuracy: 0.8985
Epoch 147/350
391/391 - 24s - loss: 0.1997 - accuracy: 0.9432 - val_loss: 0.4486 - val_accuracy: 0.8921
Epoch 148/350
391/391 - 24s - loss: 0.1998 - accuracy: 0.9443 - val_loss: 0.4538 - val_accuracy: 0.8888
Epoch 149/350
391/391 - 24s - loss: 0.2021 - accuracy: 0.9436 - val_loss: 0.4260 - val_accuracy: 0.8899
Epoch 150/350


Snapshot weight 9 shuffle 4 at epoch 150
Layer 11
Getting activations...


391/391 - 24s - loss: 0.1999 - accuracy: 0.9435 - val_loss: 0.4318 - val_accuracy: 0.8949
Epoch 151/350
391/391 - 24s - loss: 0.1997 - accuracy: 0.9435 - val_loss: 0.4339 - val_accuracy: 0.8907
Epoch 152/350
391/391 - 24s - loss: 0.1957 - accuracy: 0.9446 - val_loss: 0.4224 - val_accuracy: 0.8958
Epoch 153/350
391/391 - 24s - loss: 0.1961 - accuracy: 0.9453 - val_loss: 0.4220 - val_accuracy: 0.8962
Epoch 154/350
391/391 - 24s - loss: 0.1980 - accuracy: 0.9447 - val_loss: 0.4220 - val_accuracy: 0.8993
Epoch 155/350
391/391 - 24s - loss: 0.1946 - accuracy: 0.9458 - val_loss: 0.5082 - val_accuracy: 0.8812
Epoch 156/350
391/391 - 24s - loss: 0.1948 - accuracy: 0.9459 - val_loss: 0.4432 - val_accuracy: 0.8930
Epoch 157/350
391/391 - 24s - loss: 0.1917 - accuracy: 0.9472 - val_loss: 0.4234 - val_accuracy: 0.8956
Epoch 158/350
391/391 - 24s - loss: 0.1930 - accuracy: 0.9468 - val_loss: 0.4215 - val_accuracy: 0.8965
Epoch 159/350
391/391 - 24s - loss: 0.1943 - accuracy: 0.9466 - val_loss: 0.4301 - val_accuracy: 0.8932
Epoch 160/350
391/391 - 24s - loss: 0.1938 - accuracy: 0.9473 - val_loss: 0.4272 - val_accuracy: 0.8948
Epoch 161/350
391/391 - 24s - loss: 0.1915 - accuracy: 0.9469 - val_loss: 0.4440 - val_accuracy: 0.8931
Epoch 162/350
391/391 - 24s - loss: 0.1907 - accuracy: 0.9469 - val_loss: 0.4319 - val_accuracy: 0.8946
Epoch 163/350
391/391 - 24s - loss: 0.1834 - accuracy: 0.9497 - val_loss: 0.4243 - val_accuracy: 0.8996
Epoch 164/350
391/391 - 24s - loss: 0.1857 - accuracy: 0.9487 - val_loss: 0.4322 - val_accuracy: 0.8941
Epoch 165/350
391/391 - 24s - loss: 0.1863 - accuracy: 0.9503 - val_loss: 0.4243 - val_accuracy: 0.8954
Epoch 166/350
391/391 - 24s - loss: 0.1868 - accuracy: 0.9497 - val_loss: 0.4305 - val_accuracy: 0.8984
Epoch 167/350
391/391 - 24s - loss: 0.1866 - accuracy: 0.9479 - val_loss: 0.4108 - val_accuracy: 0.8990
Epoch 168/350
391/391 - 24s - loss: 0.1841 - accuracy: 0.9504 - val_loss: 0.4632 - val_accuracy: 0.8857
Epoch 169/350
391/391 - 24s - loss: 0.1805 - accuracy: 0.9515 - val_loss: 0.4682 - val_accuracy: 0.8906
Epoch 170/350
391/391 - 24s - loss: 0.1845 - accuracy: 0.9502 - val_loss: 0.4731 - val_accuracy: 0.8867
Epoch 171/350
391/391 - 24s - loss: 0.1837 - accuracy: 0.9510 - val_loss: 0.4832 - val_accuracy: 0.8909
Epoch 172/350
391/391 - 24s - loss: 0.1791 - accuracy: 0.9525 - val_loss: 0.4326 - val_accuracy: 0.8942
Epoch 173/350
391/391 - 24s - loss: 0.1789 - accuracy: 0.9517 - val_loss: 0.4816 - val_accuracy: 0.8913
Epoch 174/350
391/391 - 24s - loss: 0.1810 - accuracy: 0.9517 - val_loss: 0.4335 - val_accuracy: 0.8975
Epoch 175/350
391/391 - 24s - loss: 0.1827 - accuracy: 0.9499 - val_loss: 0.4580 - val_accuracy: 0.8967
Epoch 176/350
391/391 - 24s - loss: 0.1810 - accuracy: 0.9506 - val_loss: 0.4361 - val_accuracy: 0.9005
Epoch 177/350
391/391 - 24s - loss: 0.1840 - accuracy: 0.9508 - val_loss: 0.4881 - val_accuracy: 0.8911
Epoch 178/350
391/391 - 24s - loss: 0.1786 - accuracy: 0.9521 - val_loss: 0.4777 - val_accuracy: 0.8917
Epoch 179/350
391/391 - 24s - loss: 0.1782 - accuracy: 0.9527 - val_loss: 0.4481 - val_accuracy: 0.8967
Epoch 180/350
391/391 - 24s - loss: 0.1797 - accuracy: 0.9517 - val_loss: 0.4795 - val_accuracy: 0.8885
Epoch 181/350
391/391 - 24s - loss: 0.1769 - accuracy: 0.9525 - val_loss: 0.4623 - val_accuracy: 0.8944
Epoch 182/350
391/391 - 24s - loss: 0.1763 - accuracy: 0.9534 - val_loss: 0.4543 - val_accuracy: 0.8965
Epoch 183/350
391/391 - 24s - loss: 0.1759 - accuracy: 0.9538 - val_loss: 0.4469 - val_accuracy: 0.8983
Epoch 184/350
391/391 - 24s - loss: 0.1730 - accuracy: 0.9535 - val_loss: 0.4242 - val_accuracy: 0.8955
Epoch 185/350
391/391 - 24s - loss: 0.1715 - accuracy: 0.9557 - val_loss: 0.4340 - val_accuracy: 0.8958
Epoch 186/350
391/391 - 24s - loss: 0.1744 - accuracy: 0.9540 - val_loss: 0.4223 - val_accuracy: 0.8967
Epoch 187/350
391/391 - 24s - loss: 0.1742 - accuracy: 0.9535 - val_loss: 0.4748 - val_accuracy: 0.8928
Epoch 188/350
391/391 - 24s - loss: 0.1708 - accuracy: 0.9560 - val_loss: 0.4363 - val_accuracy: 0.8982
Epoch 189/350
391/391 - 24s - loss: 0.1709 - accuracy: 0.9554 - val_loss: 0.4693 - val_accuracy: 0.8994
Epoch 190/350
391/391 - 24s - loss: 0.1692 - accuracy: 0.9559 - val_loss: 0.4708 - val_accuracy: 0.8952
Epoch 191/350
391/391 - 24s - loss: 0.1725 - accuracy: 0.9548 - val_loss: 0.4428 - val_accuracy: 0.8953
Epoch 192/350
391/391 - 24s - loss: 0.1692 - accuracy: 0.9550 - val_loss: 0.4609 - val_accuracy: 0.8936
Epoch 193/350
391/391 - 24s - loss: 0.1652 - accuracy: 0.9580 - val_loss: 0.4413 - val_accuracy: 0.9009
Epoch 194/350
391/391 - 24s - loss: 0.1737 - accuracy: 0.9549 - val_loss: 0.4514 - val_accuracy: 0.8979
Epoch 195/350
391/391 - 24s - loss: 0.1664 - accuracy: 0.9572 - val_loss: 0.4583 - val_accuracy: 0.8967
Epoch 196/350
391/391 - 24s - loss: 0.1676 - accuracy: 0.9566 - val_loss: 0.4486 - val_accuracy: 0.8966
Epoch 197/350
391/391 - 24s - loss: 0.1643 - accuracy: 0.9583 - val_loss: 0.4709 - val_accuracy: 0.8980
Epoch 198/350
391/391 - 24s - loss: 0.1688 - accuracy: 0.9555 - val_loss: 0.4525 - val_accuracy: 0.8953
Epoch 199/350
391/391 - 24s - loss: 0.1653 - accuracy: 0.9580 - val_loss: 0.4492 - val_accuracy: 0.8988
Epoch 200/350


Snapshot weight 9 shuffle 4 at epoch 200
Layer 11
Getting activations...


391/391 - 24s - loss: 0.1688 - accuracy: 0.9568 - val_loss: 0.4888 - val_accuracy: 0.8918
Epoch 201/350
391/391 - 24s - loss: 0.1400 - accuracy: 0.9667 - val_loss: 0.4201 - val_accuracy: 0.9050
Epoch 202/350
391/391 - 24s - loss: 0.1308 - accuracy: 0.9706 - val_loss: 0.4215 - val_accuracy: 0.9062
Epoch 203/350
391/391 - 24s - loss: 0.1272 - accuracy: 0.9707 - val_loss: 0.4301 - val_accuracy: 0.9076
Epoch 204/350
391/391 - 24s - loss: 0.1247 - accuracy: 0.9720 - val_loss: 0.4335 - val_accuracy: 0.9058
Epoch 205/350
391/391 - 24s - loss: 0.1232 - accuracy: 0.9729 - val_loss: 0.4326 - val_accuracy: 0.9068
Epoch 206/350
391/391 - 24s - loss: 0.1201 - accuracy: 0.9734 - val_loss: 0.4347 - val_accuracy: 0.9072
Epoch 207/350
391/391 - 24s - loss: 0.1175 - accuracy: 0.9744 - val_loss: 0.4419 - val_accuracy: 0.9055
Epoch 208/350
391/391 - 24s - loss: 0.1188 - accuracy: 0.9742 - val_loss: 0.4466 - val_accuracy: 0.9069
Epoch 209/350
391/391 - 24s - loss: 0.1176 - accuracy: 0.9747 - val_loss: 0.4461 - val_accuracy: 0.9067
Epoch 210/350
391/391 - 24s - loss: 0.1176 - accuracy: 0.9751 - val_loss: 0.4425 - val_accuracy: 0.9072
Epoch 211/350
391/391 - 24s - loss: 0.1182 - accuracy: 0.9740 - val_loss: 0.4380 - val_accuracy: 0.9077
Epoch 212/350
391/391 - 24s - loss: 0.1164 - accuracy: 0.9752 - val_loss: 0.4474 - val_accuracy: 0.9060
Epoch 213/350
391/391 - 24s - loss: 0.1167 - accuracy: 0.9744 - val_loss: 0.4461 - val_accuracy: 0.9063
Epoch 214/350
391/391 - 24s - loss: 0.1147 - accuracy: 0.9757 - val_loss: 0.4395 - val_accuracy: 0.9080
Epoch 215/350
391/391 - 24s - loss: 0.1138 - accuracy: 0.9762 - val_loss: 0.4535 - val_accuracy: 0.9070
Epoch 216/350
391/391 - 24s - loss: 0.1119 - accuracy: 0.9766 - val_loss: 0.4510 - val_accuracy: 0.9067
Epoch 217/350
391/391 - 24s - loss: 0.1168 - accuracy: 0.9748 - val_loss: 0.4491 - val_accuracy: 0.9046
Epoch 218/350
391/391 - 24s - loss: 0.1125 - accuracy: 0.9767 - val_loss: 0.4541 - val_accuracy: 0.9067
Epoch 219/350
391/391 - 24s - loss: 0.1141 - accuracy: 0.9756 - val_loss: 0.4613 - val_accuracy: 0.9070
Epoch 220/350
391/391 - 24s - loss: 0.1116 - accuracy: 0.9761 - val_loss: 0.4574 - val_accuracy: 0.9077
Epoch 221/350
391/391 - 24s - loss: 0.1128 - accuracy: 0.9767 - val_loss: 0.4478 - val_accuracy: 0.9092
Epoch 222/350
391/391 - 24s - loss: 0.1096 - accuracy: 0.9776 - val_loss: 0.4505 - val_accuracy: 0.9093
Epoch 223/350
391/391 - 24s - loss: 0.1114 - accuracy: 0.9769 - val_loss: 0.4553 - val_accuracy: 0.9084
Epoch 224/350
391/391 - 24s - loss: 0.1102 - accuracy: 0.9766 - val_loss: 0.4560 - val_accuracy: 0.9093
Epoch 225/350
391/391 - 24s - loss: 0.1107 - accuracy: 0.9768 - val_loss: 0.4597 - val_accuracy: 0.9077
Epoch 226/350
391/391 - 24s - loss: 0.1090 - accuracy: 0.9776 - val_loss: 0.4667 - val_accuracy: 0.9077
Epoch 227/350
391/391 - 24s - loss: 0.1116 - accuracy: 0.9769 - val_loss: 0.4574 - val_accuracy: 0.9071
Epoch 228/350
391/391 - 24s - loss: 0.1098 - accuracy: 0.9775 - val_loss: 0.4596 - val_accuracy: 0.9068
Epoch 229/350
391/391 - 24s - loss: 0.1090 - accuracy: 0.9772 - val_loss: 0.4541 - val_accuracy: 0.9071
Epoch 230/350
391/391 - 24s - loss: 0.1124 - accuracy: 0.9759 - val_loss: 0.4591 - val_accuracy: 0.9093
Epoch 231/350
391/391 - 24s - loss: 0.1089 - accuracy: 0.9774 - val_loss: 0.4608 - val_accuracy: 0.9081
Epoch 232/350
391/391 - 24s - loss: 0.1090 - accuracy: 0.9772 - val_loss: 0.4656 - val_accuracy: 0.9077
Epoch 233/350
391/391 - 24s - loss: 0.1092 - accuracy: 0.9779 - val_loss: 0.4595 - val_accuracy: 0.9073
Epoch 234/350
391/391 - 24s - loss: 0.1069 - accuracy: 0.9787 - val_loss: 0.4684 - val_accuracy: 0.9060
Epoch 235/350
391/391 - 24s - loss: 0.1084 - accuracy: 0.9778 - val_loss: 0.4635 - val_accuracy: 0.9095
Epoch 236/350
391/391 - 24s - loss: 0.1092 - accuracy: 0.9769 - val_loss: 0.4630 - val_accuracy: 0.9067
Epoch 237/350
391/391 - 24s - loss: 0.1080 - accuracy: 0.9777 - val_loss: 0.4685 - val_accuracy: 0.9081
Epoch 238/350
391/391 - 24s - loss: 0.1093 - accuracy: 0.9777 - val_loss: 0.4652 - val_accuracy: 0.9077
Epoch 239/350
391/391 - 24s - loss: 0.1076 - accuracy: 0.9780 - val_loss: 0.4658 - val_accuracy: 0.9081
Epoch 240/350
391/391 - 24s - loss: 0.1079 - accuracy: 0.9779 - val_loss: 0.4698 - val_accuracy: 0.9071
Epoch 241/350
391/391 - 24s - loss: 0.1072 - accuracy: 0.9788 - val_loss: 0.4623 - val_accuracy: 0.9087
Epoch 242/350
391/391 - 24s - loss: 0.1065 - accuracy: 0.9790 - val_loss: 0.4623 - val_accuracy: 0.9096
Epoch 243/350
391/391 - 24s - loss: 0.1097 - accuracy: 0.9782 - val_loss: 0.4541 - val_accuracy: 0.9090
Epoch 244/350
391/391 - 24s - loss: 0.1056 - accuracy: 0.9792 - val_loss: 0.4669 - val_accuracy: 0.9082
Epoch 245/350
391/391 - 24s - loss: 0.1063 - accuracy: 0.9787 - val_loss: 0.4701 - val_accuracy: 0.9087
Epoch 246/350
391/391 - 24s - loss: 0.1057 - accuracy: 0.9782 - val_loss: 0.4712 - val_accuracy: 0.9070
Epoch 247/350
391/391 - 24s - loss: 0.1044 - accuracy: 0.9788 - val_loss: 0.4669 - val_accuracy: 0.9069
Epoch 248/350
391/391 - 24s - loss: 0.1050 - accuracy: 0.9786 - val_loss: 0.4673 - val_accuracy: 0.9082
Epoch 249/350
391/391 - 24s - loss: 0.1068 - accuracy: 0.9788 - val_loss: 0.4627 - val_accuracy: 0.9084
Epoch 250/350


Snapshot weight 9 shuffle 4 at epoch 250
Layer 11
Getting activations...


391/391 - 24s - loss: 0.1027 - accuracy: 0.9792 - val_loss: 0.4734 - val_accuracy: 0.9083
Epoch 251/350
391/391 - 24s - loss: 0.1037 - accuracy: 0.9799 - val_loss: 0.4722 - val_accuracy: 0.9084
Epoch 252/350
391/391 - 24s - loss: 0.1035 - accuracy: 0.9801 - val_loss: 0.4699 - val_accuracy: 0.9082
Epoch 253/350
391/391 - 24s - loss: 0.1008 - accuracy: 0.9810 - val_loss: 0.4721 - val_accuracy: 0.9078
Epoch 254/350
391/391 - 24s - loss: 0.1016 - accuracy: 0.9795 - val_loss: 0.4724 - val_accuracy: 0.9085
Epoch 255/350
391/391 - 24s - loss: 0.1035 - accuracy: 0.9797 - val_loss: 0.4680 - val_accuracy: 0.9087
Epoch 256/350
391/391 - 24s - loss: 0.1031 - accuracy: 0.9794 - val_loss: 0.4704 - val_accuracy: 0.9083
Epoch 257/350
391/391 - 24s - loss: 0.1011 - accuracy: 0.9808 - val_loss: 0.4700 - val_accuracy: 0.9083
Epoch 258/350
391/391 - 24s - loss: 0.1023 - accuracy: 0.9792 - val_loss: 0.4710 - val_accuracy: 0.9085
Epoch 259/350
391/391 - 24s - loss: 0.1036 - accuracy: 0.9796 - val_loss: 0.4728 - val_accuracy: 0.9081
Epoch 260/350
391/391 - 24s - loss: 0.1025 - accuracy: 0.9806 - val_loss: 0.4691 - val_accuracy: 0.9076
Epoch 261/350
391/391 - 24s - loss: 0.1014 - accuracy: 0.9806 - val_loss: 0.4696 - val_accuracy: 0.9087
Epoch 262/350
391/391 - 24s - loss: 0.1010 - accuracy: 0.9794 - val_loss: 0.4692 - val_accuracy: 0.9092
Epoch 263/350
391/391 - 24s - loss: 0.1011 - accuracy: 0.9800 - val_loss: 0.4685 - val_accuracy: 0.9082
Epoch 264/350
391/391 - 24s - loss: 0.1011 - accuracy: 0.9805 - val_loss: 0.4700 - val_accuracy: 0.9087
Epoch 265/350
391/391 - 24s - loss: 0.1021 - accuracy: 0.9808 - val_loss: 0.4693 - val_accuracy: 0.9077
Epoch 266/350
391/391 - 24s - loss: 0.1013 - accuracy: 0.9811 - val_loss: 0.4671 - val_accuracy: 0.9085
Epoch 267/350
391/391 - 24s - loss: 0.1031 - accuracy: 0.9797 - val_loss: 0.4684 - val_accuracy: 0.9083
Epoch 268/350
391/391 - 24s - loss: 0.0993 - accuracy: 0.9814 - val_loss: 0.4701 - val_accuracy: 0.9090
Epoch 269/350
391/391 - 24s - loss: 0.1024 - accuracy: 0.9797 - val_loss: 0.4688 - val_accuracy: 0.9092
Epoch 270/350
391/391 - 24s - loss: 0.1023 - accuracy: 0.9797 - val_loss: 0.4693 - val_accuracy: 0.9087
Epoch 271/350
391/391 - 24s - loss: 0.1012 - accuracy: 0.9800 - val_loss: 0.4687 - val_accuracy: 0.9088
Epoch 272/350
391/391 - 24s - loss: 0.1004 - accuracy: 0.9808 - val_loss: 0.4688 - val_accuracy: 0.9088
Epoch 273/350
391/391 - 24s - loss: 0.1031 - accuracy: 0.9801 - val_loss: 0.4670 - val_accuracy: 0.9097
Epoch 274/350
391/391 - 24s - loss: 0.1014 - accuracy: 0.9807 - val_loss: 0.4703 - val_accuracy: 0.9086
Epoch 275/350
391/391 - 24s - loss: 0.1033 - accuracy: 0.9793 - val_loss: 0.4676 - val_accuracy: 0.9089
Epoch 276/350
391/391 - 24s - loss: 0.1013 - accuracy: 0.9808 - val_loss: 0.4682 - val_accuracy: 0.9090
Epoch 277/350
391/391 - 24s - loss: 0.0981 - accuracy: 0.9818 - val_loss: 0.4703 - val_accuracy: 0.9092
Epoch 278/350
391/391 - 24s - loss: 0.0997 - accuracy: 0.9805 - val_loss: 0.4711 - val_accuracy: 0.9086
Epoch 279/350
391/391 - 24s - loss: 0.1003 - accuracy: 0.9804 - val_loss: 0.4695 - val_accuracy: 0.9088
Epoch 280/350
391/391 - 24s - loss: 0.1012 - accuracy: 0.9804 - val_loss: 0.4716 - val_accuracy: 0.9083
Epoch 281/350
391/391 - 24s - loss: 0.0994 - accuracy: 0.9806 - val_loss: 0.4717 - val_accuracy: 0.9081
Epoch 282/350
391/391 - 24s - loss: 0.0983 - accuracy: 0.9816 - val_loss: 0.4735 - val_accuracy: 0.9086
Epoch 283/350
391/391 - 24s - loss: 0.1013 - accuracy: 0.9797 - val_loss: 0.4735 - val_accuracy: 0.9075
Epoch 284/350
391/391 - 24s - loss: 0.0977 - accuracy: 0.9819 - val_loss: 0.4727 - val_accuracy: 0.9087
Epoch 285/350
391/391 - 24s - loss: 0.1000 - accuracy: 0.9807 - val_loss: 0.4696 - val_accuracy: 0.9086
Epoch 286/350
391/391 - 24s - loss: 0.1001 - accuracy: 0.9797 - val_loss: 0.4703 - val_accuracy: 0.9092
Epoch 287/350
391/391 - 24s - loss: 0.0994 - accuracy: 0.9801 - val_loss: 0.4715 - val_accuracy: 0.9082
Epoch 288/350
391/391 - 24s - loss: 0.1000 - accuracy: 0.9810 - val_loss: 0.4743 - val_accuracy: 0.9078
Epoch 289/350
391/391 - 24s - loss: 0.1019 - accuracy: 0.9798 - val_loss: 0.4685 - val_accuracy: 0.9087
Epoch 290/350
391/391 - 24s - loss: 0.1039 - accuracy: 0.9795 - val_loss: 0.4683 - val_accuracy: 0.9085
Epoch 291/350
391/391 - 24s - loss: 0.0998 - accuracy: 0.9811 - val_loss: 0.4736 - val_accuracy: 0.9072
Epoch 292/350
391/391 - 24s - loss: 0.1019 - accuracy: 0.9797 - val_loss: 0.4711 - val_accuracy: 0.9081
Epoch 293/350
391/391 - 24s - loss: 0.1044 - accuracy: 0.9791 - val_loss: 0.4687 - val_accuracy: 0.9084
Epoch 294/350
391/391 - 24s - loss: 0.1006 - accuracy: 0.9805 - val_loss: 0.4698 - val_accuracy: 0.9085
Epoch 295/350
391/391 - 24s - loss: 0.1005 - accuracy: 0.9809 - val_loss: 0.4687 - val_accuracy: 0.9084
Epoch 296/350
391/391 - 24s - loss: 0.1005 - accuracy: 0.9806 - val_loss: 0.4680 - val_accuracy: 0.9094
Epoch 297/350
391/391 - 24s - loss: 0.1020 - accuracy: 0.9802 - val_loss: 0.4692 - val_accuracy: 0.9075
Epoch 298/350
391/391 - 24s - loss: 0.1009 - accuracy: 0.9806 - val_loss: 0.4699 - val_accuracy: 0.9083
Epoch 299/350
391/391 - 24s - loss: 0.0988 - accuracy: 0.9815 - val_loss: 0.4722 - val_accuracy: 0.9077
Epoch 300/350


Snapshot weight 9 shuffle 4 at epoch 300
Layer 11
Getting activations...


391/391 - 24s - loss: 0.1035 - accuracy: 0.9794 - val_loss: 0.4686 - val_accuracy: 0.9090
Epoch 301/350
391/391 - 24s - loss: 0.1004 - accuracy: 0.9809 - val_loss: 0.4689 - val_accuracy: 0.9092
Epoch 302/350
391/391 - 24s - loss: 0.1036 - accuracy: 0.9794 - val_loss: 0.4688 - val_accuracy: 0.9090
Epoch 303/350
391/391 - 24s - loss: 0.0988 - accuracy: 0.9813 - val_loss: 0.4689 - val_accuracy: 0.9090
Epoch 304/350
391/391 - 24s - loss: 0.1015 - accuracy: 0.9805 - val_loss: 0.4686 - val_accuracy: 0.9089
Epoch 305/350
391/391 - 24s - loss: 0.0982 - accuracy: 0.9814 - val_loss: 0.4684 - val_accuracy: 0.9089
Epoch 306/350
391/391 - 24s - loss: 0.0977 - accuracy: 0.9815 - val_loss: 0.4686 - val_accuracy: 0.9087
Epoch 307/350
391/391 - 24s - loss: 0.1006 - accuracy: 0.9812 - val_loss: 0.4683 - val_accuracy: 0.9091
Epoch 308/350
391/391 - 24s - loss: 0.1021 - accuracy: 0.9798 - val_loss: 0.4683 - val_accuracy: 0.9088
Epoch 309/350
391/391 - 24s - loss: 0.0998 - accuracy: 0.9809 - val_loss: 0.4685 - val_accuracy: 0.9086
Epoch 310/350
391/391 - 24s - loss: 0.1004 - accuracy: 0.9804 - val_loss: 0.4685 - val_accuracy: 0.9088
Epoch 311/350
391/391 - 24s - loss: 0.1019 - accuracy: 0.9800 - val_loss: 0.4687 - val_accuracy: 0.9089
Epoch 312/350
391/391 - 24s - loss: 0.0990 - accuracy: 0.9809 - val_loss: 0.4691 - val_accuracy: 0.9093
Epoch 313/350
391/391 - 24s - loss: 0.1016 - accuracy: 0.9799 - val_loss: 0.4694 - val_accuracy: 0.9087
Epoch 314/350
391/391 - 24s - loss: 0.0973 - accuracy: 0.9821 - val_loss: 0.4697 - val_accuracy: 0.9085
Epoch 315/350
391/391 - 24s - loss: 0.1004 - accuracy: 0.9801 - val_loss: 0.4694 - val_accuracy: 0.9087
Epoch 316/350
391/391 - 24s - loss: 0.1006 - accuracy: 0.9802 - val_loss: 0.4691 - val_accuracy: 0.9087
Epoch 317/350
391/391 - 24s - loss: 0.1016 - accuracy: 0.9804 - val_loss: 0.4691 - val_accuracy: 0.9089
Epoch 318/350
391/391 - 24s - loss: 0.0991 - accuracy: 0.9805 - val_loss: 0.4695 - val_accuracy: 0.9093
Epoch 319/350
391/391 - 24s - loss: 0.0983 - accuracy: 0.9813 - val_loss: 0.4694 - val_accuracy: 0.9093
Epoch 320/350
391/391 - 24s - loss: 0.1000 - accuracy: 0.9810 - val_loss: 0.4692 - val_accuracy: 0.9085
Epoch 321/350
391/391 - 24s - loss: 0.1012 - accuracy: 0.9811 - val_loss: 0.4697 - val_accuracy: 0.9090
Epoch 322/350
391/391 - 24s - loss: 0.1024 - accuracy: 0.9804 - val_loss: 0.4697 - val_accuracy: 0.9088
Epoch 323/350
391/391 - 24s - loss: 0.1018 - accuracy: 0.9802 - val_loss: 0.4696 - val_accuracy: 0.9089
Epoch 324/350
391/391 - 24s - loss: 0.1006 - accuracy: 0.9809 - val_loss: 0.4692 - val_accuracy: 0.9088
Epoch 325/350
391/391 - 24s - loss: 0.1024 - accuracy: 0.9797 - val_loss: 0.4693 - val_accuracy: 0.9086
Epoch 326/350
391/391 - 24s - loss: 0.1026 - accuracy: 0.9804 - val_loss: 0.4690 - val_accuracy: 0.9087
Epoch 327/350
391/391 - 24s - loss: 0.1023 - accuracy: 0.9800 - val_loss: 0.4690 - val_accuracy: 0.9087
Epoch 328/350
391/391 - 24s - loss: 0.1017 - accuracy: 0.9811 - val_loss: 0.4690 - val_accuracy: 0.9087
Epoch 329/350
391/391 - 24s - loss: 0.1004 - accuracy: 0.9807 - val_loss: 0.4690 - val_accuracy: 0.9087
Epoch 330/350
391/391 - 24s - loss: 0.1019 - accuracy: 0.9799 - val_loss: 0.4684 - val_accuracy: 0.9085
Epoch 331/350
391/391 - 24s - loss: 0.1026 - accuracy: 0.9805 - val_loss: 0.4683 - val_accuracy: 0.9089
Epoch 332/350
391/391 - 24s - loss: 0.1001 - accuracy: 0.9805 - val_loss: 0.4684 - val_accuracy: 0.9089
Epoch 333/350
391/391 - 24s - loss: 0.1002 - accuracy: 0.9810 - val_loss: 0.4686 - val_accuracy: 0.9088
Epoch 334/350
391/391 - 24s - loss: 0.0987 - accuracy: 0.9814 - val_loss: 0.4687 - val_accuracy: 0.9085
Epoch 335/350
391/391 - 24s - loss: 0.0977 - accuracy: 0.9813 - val_loss: 0.4690 - val_accuracy: 0.9086
Epoch 336/350
391/391 - 24s - loss: 0.0992 - accuracy: 0.9814 - val_loss: 0.4691 - val_accuracy: 0.9088
Epoch 337/350
391/391 - 24s - loss: 0.0999 - accuracy: 0.9809 - val_loss: 0.4693 - val_accuracy: 0.9087
Epoch 338/350
391/391 - 24s - loss: 0.1007 - accuracy: 0.9802 - val_loss: 0.4696 - val_accuracy: 0.9083
Epoch 339/350
391/391 - 24s - loss: 0.1013 - accuracy: 0.9800 - val_loss: 0.4694 - val_accuracy: 0.9086
Epoch 340/350
391/391 - 24s - loss: 0.1012 - accuracy: 0.9802 - val_loss: 0.4695 - val_accuracy: 0.9086
Epoch 341/350
391/391 - 24s - loss: 0.0979 - accuracy: 0.9811 - val_loss: 0.4696 - val_accuracy: 0.9086
Epoch 342/350
391/391 - 24s - loss: 0.0987 - accuracy: 0.9806 - val_loss: 0.4696 - val_accuracy: 0.9084
Epoch 343/350
391/391 - 24s - loss: 0.1014 - accuracy: 0.9795 - val_loss: 0.4692 - val_accuracy: 0.9084
Epoch 344/350
391/391 - 24s - loss: 0.1006 - accuracy: 0.9809 - val_loss: 0.4690 - val_accuracy: 0.9085
Epoch 345/350
391/391 - 24s - loss: 0.1009 - accuracy: 0.9808 - val_loss: 0.4690 - val_accuracy: 0.9086
Epoch 346/350
391/391 - 24s - loss: 0.0981 - accuracy: 0.9813 - val_loss: 0.4693 - val_accuracy: 0.9085
Epoch 347/350
391/391 - 24s - loss: 0.1004 - accuracy: 0.9804 - val_loss: 0.4694 - val_accuracy: 0.9088
Epoch 348/350
391/391 - 24s - loss: 0.0981 - accuracy: 0.9816 - val_loss: 0.4695 - val_accuracy: 0.9085
Epoch 349/350
391/391 - 24s - loss: 0.1025 - accuracy: 0.9797 - val_loss: 0.4694 - val_accuracy: 0.9086
Epoch 350/350


Snapshot weight 9 shuffle 4 at epoch 350
Layer 11
Getting activations...


391/391 - 24s - loss: 0.1022 - accuracy: 0.9803 - val_loss: 0.4694 - val_accuracy: 0.9089
/usr/local/lib/python3.6/dist-packages/tensorflow/python/autograph/impl/api.py:493: UserWarning: fill_value is not supported and is always 0 for TensorFlow < 2.4.0.
  return py_builtins.overload_of(f)(*args)
WARNING:tensorflow:From /usr/local/lib/python3.6/dist-packages/tensorflow/python/training/tracking/tracking.py:111: Model.state_updates (from tensorflow.python.keras.engine.training) is deprecated and will be removed in a future version.
Instructions for updating:
This property should not be used in TensorFlow 2.0, as updates are applied automatically.
2021-07-02 09:24:00.605739: W tensorflow/python/util/util.cc:348] Sets are not currently considered sequences, but this may change in the future, so consider avoiding using them.
WARNING:tensorflow:From /usr/local/lib/python3.6/dist-packages/tensorflow/python/training/tracking/tracking.py:111: Layer.updates (from tensorflow.python.keras.engine.base_layer) is deprecated and will be removed in a future version.
Instructions for updating:
This property should not be used in TensorFlow 2.0, as updates are applied automatically.
Saving, final validation acc: 0.9089000225067139
