2021-07-02 17:32:13.730635: I tensorflow/stream_executor/platform/default/dso_loader.cc:48] Successfully opened dynamic library libcudart.so.10.1
2021-07-02 17:33:42.424477: I tensorflow/stream_executor/platform/default/dso_loader.cc:48] Successfully opened dynamic library libcuda.so.1
2021-07-02 17:33:42.462276: I tensorflow/core/common_runtime/gpu/gpu_device.cc:1716] Found device 0 with properties: 
pciBusID: 0000:83:00.0 name: NVIDIA TITAN X (Pascal) computeCapability: 6.1
coreClock: 1.531GHz coreCount: 28 deviceMemorySize: 11.91GiB deviceMemoryBandwidth: 447.48GiB/s
2021-07-02 17:33:42.462364: I tensorflow/stream_executor/platform/default/dso_loader.cc:48] Successfully opened dynamic library libcudart.so.10.1
2021-07-02 17:33:42.502204: I tensorflow/stream_executor/platform/default/dso_loader.cc:48] Successfully opened dynamic library libcublas.so.10
2021-07-02 17:33:42.522731: I tensorflow/stream_executor/platform/default/dso_loader.cc:48] Successfully opened dynamic library libcufft.so.10
2021-07-02 17:33:42.531071: I tensorflow/stream_executor/platform/default/dso_loader.cc:48] Successfully opened dynamic library libcurand.so.10
2021-07-02 17:33:42.573227: I tensorflow/stream_executor/platform/default/dso_loader.cc:48] Successfully opened dynamic library libcusolver.so.10
2021-07-02 17:33:42.581545: I tensorflow/stream_executor/platform/default/dso_loader.cc:48] Successfully opened dynamic library libcusparse.so.10
2021-07-02 17:33:42.658116: I tensorflow/stream_executor/platform/default/dso_loader.cc:48] Successfully opened dynamic library libcudnn.so.7
2021-07-02 17:33:42.661770: I tensorflow/core/common_runtime/gpu/gpu_device.cc:1858] Adding visible gpu devices: 0
2021-07-02 17:33:42.665419: I tensorflow/core/platform/cpu_feature_guard.cc:142] This TensorFlow binary is optimized with oneAPI Deep Neural Network Library (oneDNN)to use the following CPU instructions in performance-critical operations:  AVX2 FMA
To enable them in other operations, rebuild TensorFlow with the appropriate compiler flags.
2021-07-02 17:33:42.681444: I tensorflow/core/platform/profile_utils/cpu_utils.cc:104] CPU Frequency: 2599940000 Hz
2021-07-02 17:33:42.681630: I tensorflow/compiler/xla/service/service.cc:168] XLA service 0x4dfc860 initialized for platform Host (this does not guarantee that XLA will be used). Devices:
2021-07-02 17:33:42.681652: I tensorflow/compiler/xla/service/service.cc:176]   StreamExecutor device (0): Host, Default Version
2021-07-02 17:33:42.857208: I tensorflow/compiler/xla/service/service.cc:168] XLA service 0x4ddf4a0 initialized for platform CUDA (this does not guarantee that XLA will be used). Devices:
2021-07-02 17:33:42.857277: I tensorflow/compiler/xla/service/service.cc:176]   StreamExecutor device (0): NVIDIA TITAN X (Pascal), Compute Capability 6.1
2021-07-02 17:33:42.859874: I tensorflow/core/common_runtime/gpu/gpu_device.cc:1716] Found device 0 with properties: 
pciBusID: 0000:83:00.0 name: NVIDIA TITAN X (Pascal) computeCapability: 6.1
coreClock: 1.531GHz coreCount: 28 deviceMemorySize: 11.91GiB deviceMemoryBandwidth: 447.48GiB/s
2021-07-02 17:33:42.859935: I tensorflow/stream_executor/platform/default/dso_loader.cc:48] Successfully opened dynamic library libcudart.so.10.1
2021-07-02 17:33:42.859968: I tensorflow/stream_executor/platform/default/dso_loader.cc:48] Successfully opened dynamic library libcublas.so.10
2021-07-02 17:33:42.859986: I tensorflow/stream_executor/platform/default/dso_loader.cc:48] Successfully opened dynamic library libcufft.so.10
2021-07-02 17:33:42.860003: I tensorflow/stream_executor/platform/default/dso_loader.cc:48] Successfully opened dynamic library libcurand.so.10
2021-07-02 17:33:42.860019: I tensorflow/stream_executor/platform/default/dso_loader.cc:48] Successfully opened dynamic library libcusolver.so.10
2021-07-02 17:33:42.860044: I tensorflow/stream_executor/platform/default/dso_loader.cc:48] Successfully opened dynamic library libcusparse.so.10
2021-07-02 17:33:42.861027: I tensorflow/stream_executor/platform/default/dso_loader.cc:48] Successfully opened dynamic library libcudnn.so.7
2021-07-02 17:33:42.862737: I tensorflow/core/common_runtime/gpu/gpu_device.cc:1858] Adding visible gpu devices: 0
2021-07-02 17:33:42.864559: I tensorflow/stream_executor/platform/default/dso_loader.cc:48] Successfully opened dynamic library libcudart.so.10.1
2021-07-02 17:33:44.695367: I tensorflow/core/common_runtime/gpu/gpu_device.cc:1257] Device interconnect StreamExecutor with strength 1 edge matrix:
2021-07-02 17:33:44.695447: I tensorflow/core/common_runtime/gpu/gpu_device.cc:1263]      0 
2021-07-02 17:33:44.695460: I tensorflow/core/common_runtime/gpu/gpu_device.cc:1276] 0:   N 
2021-07-02 17:33:44.701500: I tensorflow/core/common_runtime/gpu/gpu_device.cc:1402] Created TensorFlow device (/job:localhost/replica:0/task:0/device:GPU:0 with 11228 MB memory) -> physical GPU (device: 0, name: NVIDIA TITAN X (Pascal), pci bus id: 0000:83:00.0, compute capability: 6.1)
2021-07-02 17:33:50.700677: I tensorflow/stream_executor/platform/default/dso_loader.cc:48] Successfully opened dynamic library libcudnn.so.7
2021-07-02 17:33:53.274927: I tensorflow/stream_executor/platform/default/dso_loader.cc:48] Successfully opened dynamic library libcublas.so.10
Using model index: 87
Making train data...
GCN...
ZCA...
Done!
Making test data...
Done!
Epoch 1/350


Snapshot weight 7 shuffle 8 at epoch 1
Layer 11
Getting activations...


391/391 - 25s - loss: 2.3177 - accuracy: 0.1087 - val_loss: 2.3261 - val_accuracy: 0.1191
Epoch 2/350


Snapshot weight 7 shuffle 8 at epoch 2
Layer 11
Getting activations...


391/391 - 25s - loss: 2.3203 - accuracy: 0.1031 - val_loss: 2.3268 - val_accuracy: 0.1000
Epoch 3/350


Snapshot weight 7 shuffle 8 at epoch 3
Layer 11
Getting activations...


391/391 - 25s - loss: 2.3267 - accuracy: 0.0995 - val_loss: 2.3267 - val_accuracy: 0.1000
Epoch 4/350


Snapshot weight 7 shuffle 8 at epoch 4
Layer 11
Getting activations...


391/391 - 25s - loss: 2.3267 - accuracy: 0.0998 - val_loss: 2.3267 - val_accuracy: 0.1000
Epoch 5/350


Snapshot weight 7 shuffle 8 at epoch 5
Layer 11
Getting activations...


391/391 - 25s - loss: 2.3267 - accuracy: 0.0997 - val_loss: 2.3267 - val_accuracy: 0.1000
Epoch 6/350


Snapshot weight 7 shuffle 8 at epoch 6
Layer 11
Getting activations...


391/391 - 25s - loss: 2.3266 - accuracy: 0.1004 - val_loss: 2.3266 - val_accuracy: 0.1000
Epoch 7/350


Snapshot weight 7 shuffle 8 at epoch 7
Layer 11
Getting activations...


391/391 - 25s - loss: 2.3266 - accuracy: 0.0998 - val_loss: 2.3266 - val_accuracy: 0.1000
Epoch 8/350


Snapshot weight 7 shuffle 8 at epoch 8
Layer 11
Getting activations...


391/391 - 25s - loss: 2.3266 - accuracy: 0.0997 - val_loss: 2.3265 - val_accuracy: 0.1000
Epoch 9/350


Snapshot weight 7 shuffle 8 at epoch 9
Layer 11
Getting activations...


391/391 - 25s - loss: 2.3265 - accuracy: 0.0997 - val_loss: 2.3265 - val_accuracy: 0.1000
Epoch 10/350


Snapshot weight 7 shuffle 8 at epoch 10
Layer 11
Getting activations...


391/391 - 25s - loss: 2.3265 - accuracy: 0.0998 - val_loss: 2.3265 - val_accuracy: 0.1000
Epoch 11/350
391/391 - 25s - loss: 2.3264 - accuracy: 0.0998 - val_loss: 2.3264 - val_accuracy: 0.1000
Epoch 12/350
391/391 - 25s - loss: 2.3264 - accuracy: 0.1000 - val_loss: 2.3264 - val_accuracy: 0.1000
Epoch 13/350
391/391 - 25s - loss: 2.3264 - accuracy: 0.1000 - val_loss: 2.3264 - val_accuracy: 0.1000
Epoch 14/350
391/391 - 25s - loss: 2.3263 - accuracy: 0.0997 - val_loss: 2.3263 - val_accuracy: 0.1000
Epoch 15/350
391/391 - 25s - loss: 2.3263 - accuracy: 0.0998 - val_loss: 2.3263 - val_accuracy: 0.1000
Epoch 16/350
391/391 - 25s - loss: 2.3263 - accuracy: 0.0998 - val_loss: 2.3262 - val_accuracy: 0.1000
Epoch 17/350
391/391 - 25s - loss: 2.3262 - accuracy: 0.1000 - val_loss: 2.3262 - val_accuracy: 0.1000
Epoch 18/350
391/391 - 25s - loss: 2.3262 - accuracy: 0.0999 - val_loss: 2.3262 - val_accuracy: 0.1000
Epoch 19/350
391/391 - 24s - loss: 2.3261 - accuracy: 0.0999 - val_loss: 2.3261 - val_accuracy: 0.1000
Epoch 20/350
391/391 - 24s - loss: 2.3261 - accuracy: 0.0999 - val_loss: 2.3261 - val_accuracy: 0.1000
Epoch 21/350
391/391 - 24s - loss: 2.3261 - accuracy: 0.0999 - val_loss: 2.3261 - val_accuracy: 0.1000
Epoch 22/350
391/391 - 25s - loss: 2.3261 - accuracy: 0.0999 - val_loss: 2.3260 - val_accuracy: 0.1000
Epoch 23/350
391/391 - 25s - loss: 2.3260 - accuracy: 0.0999 - val_loss: 2.3260 - val_accuracy: 0.1000
Epoch 24/350
391/391 - 25s - loss: 2.3260 - accuracy: 0.1000 - val_loss: 2.3259 - val_accuracy: 0.1000
Epoch 25/350
391/391 - 25s - loss: 2.3259 - accuracy: 0.0999 - val_loss: 2.3259 - val_accuracy: 0.1000
Epoch 26/350
391/391 - 25s - loss: 2.3259 - accuracy: 0.1000 - val_loss: 2.3259 - val_accuracy: 0.1000
Epoch 27/350
391/391 - 25s - loss: 2.3259 - accuracy: 0.1000 - val_loss: 2.3258 - val_accuracy: 0.1000
Epoch 28/350
391/391 - 25s - loss: 2.3258 - accuracy: 0.0999 - val_loss: 2.3258 - val_accuracy: 0.1000
Epoch 29/350
391/391 - 25s - loss: 2.3258 - accuracy: 0.1000 - val_loss: 2.3258 - val_accuracy: 0.1000
Epoch 30/350
391/391 - 25s - loss: 2.3257 - accuracy: 0.1000 - val_loss: 2.3257 - val_accuracy: 0.1000
Epoch 31/350
391/391 - 24s - loss: 2.3257 - accuracy: 0.1000 - val_loss: 2.3257 - val_accuracy: 0.1000
Epoch 32/350
391/391 - 25s - loss: 2.3257 - accuracy: 0.0999 - val_loss: 2.3257 - val_accuracy: 0.1000
Epoch 33/350
391/391 - 25s - loss: 2.3256 - accuracy: 0.1000 - val_loss: 2.3256 - val_accuracy: 0.1000
Epoch 34/350
391/391 - 25s - loss: 2.3256 - accuracy: 0.1000 - val_loss: 2.3256 - val_accuracy: 0.1000
Epoch 35/350
391/391 - 25s - loss: 2.3256 - accuracy: 0.1000 - val_loss: 2.3255 - val_accuracy: 0.1000
Epoch 36/350
391/391 - 25s - loss: 2.3255 - accuracy: 0.1000 - val_loss: 2.3255 - val_accuracy: 0.1000
Epoch 37/350
391/391 - 25s - loss: 2.3255 - accuracy: 0.1000 - val_loss: 2.3255 - val_accuracy: 0.1000
Epoch 38/350
391/391 - 25s - loss: 2.3255 - accuracy: 0.1000 - val_loss: 2.3254 - val_accuracy: 0.1000
Epoch 39/350
391/391 - 25s - loss: 2.3254 - accuracy: 0.0999 - val_loss: 2.3254 - val_accuracy: 0.1000
Epoch 40/350
391/391 - 25s - loss: 2.3254 - accuracy: 0.1000 - val_loss: 2.3254 - val_accuracy: 0.1000
Epoch 41/350
391/391 - 25s - loss: 2.3253 - accuracy: 0.1000 - val_loss: 2.3253 - val_accuracy: 0.1000
Epoch 42/350
391/391 - 25s - loss: 2.3253 - accuracy: 0.1000 - val_loss: 2.3253 - val_accuracy: 0.1000
Epoch 43/350
391/391 - 25s - loss: 2.3253 - accuracy: 0.1000 - val_loss: 2.3253 - val_accuracy: 0.1000
Epoch 44/350
391/391 - 25s - loss: 2.3253 - accuracy: 0.1000 - val_loss: 2.3252 - val_accuracy: 0.1000
Epoch 45/350
391/391 - 25s - loss: 2.3252 - accuracy: 0.1000 - val_loss: 2.3252 - val_accuracy: 0.1000
Epoch 46/350
391/391 - 25s - loss: 2.3252 - accuracy: 0.0999 - val_loss: 2.3252 - val_accuracy: 0.1000
Epoch 47/350
391/391 - 25s - loss: 2.3251 - accuracy: 0.1000 - val_loss: 2.3251 - val_accuracy: 0.1000
Epoch 48/350
391/391 - 25s - loss: 2.3251 - accuracy: 0.0999 - val_loss: 2.3251 - val_accuracy: 0.1000
Epoch 49/350
391/391 - 25s - loss: 2.3251 - accuracy: 0.1000 - val_loss: 2.3251 - val_accuracy: 0.1000
Epoch 50/350


Snapshot weight 7 shuffle 8 at epoch 50
Layer 11
Getting activations...


391/391 - 25s - loss: 2.3250 - accuracy: 0.1000 - val_loss: 2.3250 - val_accuracy: 0.1000
Epoch 51/350
391/391 - 25s - loss: 2.3250 - accuracy: 0.1000 - val_loss: 2.3250 - val_accuracy: 0.1000
Epoch 52/350
391/391 - 25s - loss: 2.3250 - accuracy: 0.1000 - val_loss: 2.3249 - val_accuracy: 0.1000
Epoch 53/350
391/391 - 25s - loss: 2.3249 - accuracy: 0.0999 - val_loss: 2.3249 - val_accuracy: 0.1000
Epoch 54/350
391/391 - 24s - loss: 2.3249 - accuracy: 0.1000 - val_loss: 2.3249 - val_accuracy: 0.1000
Epoch 55/350
391/391 - 25s - loss: 2.3249 - accuracy: 0.0999 - val_loss: 2.3248 - val_accuracy: 0.1000
Epoch 56/350
391/391 - 25s - loss: 2.3248 - accuracy: 0.1000 - val_loss: 2.3248 - val_accuracy: 0.1000
Epoch 57/350
391/391 - 25s - loss: 2.3248 - accuracy: 0.0999 - val_loss: 2.3248 - val_accuracy: 0.1000
Epoch 58/350
391/391 - 25s - loss: 2.3248 - accuracy: 0.0999 - val_loss: 2.3247 - val_accuracy: 0.1000
Epoch 59/350
391/391 - 25s - loss: 2.3247 - accuracy: 0.1000 - val_loss: 2.3247 - val_accuracy: 0.1000
Epoch 60/350
391/391 - 25s - loss: 2.3247 - accuracy: 0.1000 - val_loss: 2.3247 - val_accuracy: 0.1000
Epoch 61/350
391/391 - 25s - loss: 2.3247 - accuracy: 0.0999 - val_loss: 2.3246 - val_accuracy: 0.1000
Epoch 62/350
391/391 - 25s - loss: 2.3246 - accuracy: 0.0999 - val_loss: 2.3246 - val_accuracy: 0.1000
Epoch 63/350
391/391 - 25s - loss: 2.3246 - accuracy: 0.1000 - val_loss: 2.3246 - val_accuracy: 0.1000
Epoch 64/350
391/391 - 25s - loss: 2.3245 - accuracy: 0.1000 - val_loss: 2.3245 - val_accuracy: 0.1000
Epoch 65/350
391/391 - 25s - loss: 2.3245 - accuracy: 0.1000 - val_loss: 2.3245 - val_accuracy: 0.1000
Epoch 66/350
391/391 - 25s - loss: 2.3245 - accuracy: 0.1000 - val_loss: 2.3245 - val_accuracy: 0.1000
Epoch 67/350
391/391 - 25s - loss: 2.3244 - accuracy: 0.1000 - val_loss: 2.3244 - val_accuracy: 0.1000
Epoch 68/350
391/391 - 25s - loss: 2.3244 - accuracy: 0.1000 - val_loss: 2.3244 - val_accuracy: 0.1000
Epoch 69/350
391/391 - 25s - loss: 2.3244 - accuracy: 0.1000 - val_loss: 2.3244 - val_accuracy: 0.1000
Epoch 70/350
391/391 - 25s - loss: 2.3243 - accuracy: 0.0999 - val_loss: 2.3243 - val_accuracy: 0.1000
Epoch 71/350
391/391 - 25s - loss: 2.3243 - accuracy: 0.1000 - val_loss: 2.3243 - val_accuracy: 0.1000
Epoch 72/350
391/391 - 25s - loss: 2.3243 - accuracy: 0.1000 - val_loss: 2.3243 - val_accuracy: 0.1000
Epoch 73/350
391/391 - 25s - loss: 2.3242 - accuracy: 0.0999 - val_loss: 2.3242 - val_accuracy: 0.1000
Epoch 74/350
391/391 - 25s - loss: 2.3242 - accuracy: 0.1000 - val_loss: 2.3242 - val_accuracy: 0.1000
Epoch 75/350
391/391 - 25s - loss: 2.3242 - accuracy: 0.1000 - val_loss: 2.3242 - val_accuracy: 0.1000
Epoch 76/350
391/391 - 25s - loss: 2.3241 - accuracy: 0.1000 - val_loss: 2.3241 - val_accuracy: 0.1000
Epoch 77/350
391/391 - 25s - loss: 2.3241 - accuracy: 0.0999 - val_loss: 2.3241 - val_accuracy: 0.1000
Epoch 78/350
391/391 - 24s - loss: 2.3241 - accuracy: 0.1000 - val_loss: 2.3241 - val_accuracy: 0.1000
Epoch 79/350
391/391 - 25s - loss: 2.3240 - accuracy: 0.1000 - val_loss: 2.3240 - val_accuracy: 0.1000
Epoch 80/350
391/391 - 25s - loss: 2.3240 - accuracy: 0.1000 - val_loss: 2.3240 - val_accuracy: 0.1000
Epoch 81/350
391/391 - 25s - loss: 2.3240 - accuracy: 0.0999 - val_loss: 2.3240 - val_accuracy: 0.1000
Epoch 82/350
391/391 - 25s - loss: 2.3239 - accuracy: 0.1000 - val_loss: 2.3239 - val_accuracy: 0.1000
Epoch 83/350
391/391 - 25s - loss: 2.3239 - accuracy: 0.1000 - val_loss: 2.3239 - val_accuracy: 0.1000
Epoch 84/350
391/391 - 25s - loss: 2.3239 - accuracy: 0.0999 - val_loss: 2.3239 - val_accuracy: 0.1000
Epoch 85/350
391/391 - 25s - loss: 2.3239 - accuracy: 0.0999 - val_loss: 2.3238 - val_accuracy: 0.1000
Epoch 86/350
391/391 - 25s - loss: 2.3238 - accuracy: 0.1000 - val_loss: 2.3238 - val_accuracy: 0.1000
Epoch 87/350
391/391 - 25s - loss: 2.3238 - accuracy: 0.0999 - val_loss: 2.3238 - val_accuracy: 0.1000
Epoch 88/350
391/391 - 25s - loss: 2.3237 - accuracy: 0.0999 - val_loss: 2.3237 - val_accuracy: 0.1000
Epoch 89/350
391/391 - 25s - loss: 2.3237 - accuracy: 0.1000 - val_loss: 2.3237 - val_accuracy: 0.1000
Epoch 90/350
391/391 - 25s - loss: 2.3237 - accuracy: 0.1000 - val_loss: 2.3237 - val_accuracy: 0.1000
Epoch 91/350
391/391 - 25s - loss: 2.3236 - accuracy: 0.1000 - val_loss: 2.3236 - val_accuracy: 0.1000
Epoch 92/350
391/391 - 25s - loss: 2.3236 - accuracy: 0.0999 - val_loss: 2.3236 - val_accuracy: 0.1000
Epoch 93/350
391/391 - 25s - loss: 2.3236 - accuracy: 0.1000 - val_loss: 2.3236 - val_accuracy: 0.1000
Epoch 94/350
391/391 - 25s - loss: 2.3235 - accuracy: 0.1001 - val_loss: 2.3235 - val_accuracy: 0.1000
Epoch 95/350
391/391 - 25s - loss: 2.3235 - accuracy: 0.1000 - val_loss: 2.3235 - val_accuracy: 0.1000
Epoch 96/350
391/391 - 25s - loss: 2.3235 - accuracy: 0.0999 - val_loss: 2.3235 - val_accuracy: 0.1000
Epoch 97/350
391/391 - 25s - loss: 2.3234 - accuracy: 0.1000 - val_loss: 2.3234 - val_accuracy: 0.1000
Epoch 98/350
391/391 - 25s - loss: 2.3234 - accuracy: 0.1000 - val_loss: 2.3234 - val_accuracy: 0.1000
Epoch 99/350
391/391 - 25s - loss: 2.3234 - accuracy: 0.0999 - val_loss: 2.3234 - val_accuracy: 0.1000
Epoch 100/350


Snapshot weight 7 shuffle 8 at epoch 100
Layer 11
Getting activations...


391/391 - 25s - loss: 2.3233 - accuracy: 0.1000 - val_loss: 2.3233 - val_accuracy: 0.1000
Epoch 101/350
391/391 - 25s - loss: 2.3233 - accuracy: 0.0999 - val_loss: 2.3233 - val_accuracy: 0.1000
Epoch 102/350
Acc: 0.09995999932289124
391/391 - 25s - loss: 2.3233 - accuracy: 0.1000 - val_loss: 2.3233 - val_accuracy: 0.1000
/usr/local/lib/python3.6/dist-packages/tensorflow/python/autograph/impl/api.py:493: UserWarning: fill_value is not supported and is always 0 for TensorFlow < 2.4.0.
  return py_builtins.overload_of(f)(*args)
Traceback (most recent call last):
  File "../python_scripts/train.py", line 465, in <module>
    raise ValueException(
NameError: name 'ValueException' is not defined
