2021-07-02 02:20:28.640087: I tensorflow/stream_executor/platform/default/dso_loader.cc:48] Successfully opened dynamic library libcudart.so.10.1
2021-07-02 02:21:49.645164: I tensorflow/stream_executor/platform/default/dso_loader.cc:48] Successfully opened dynamic library libcuda.so.1
2021-07-02 02:21:49.689476: I tensorflow/core/common_runtime/gpu/gpu_device.cc:1716] Found device 0 with properties: 
pciBusID: 0000:02:00.0 name: NVIDIA TITAN X (Pascal) computeCapability: 6.1
coreClock: 1.531GHz coreCount: 28 deviceMemorySize: 11.91GiB deviceMemoryBandwidth: 447.48GiB/s
2021-07-02 02:21:49.689550: I tensorflow/stream_executor/platform/default/dso_loader.cc:48] Successfully opened dynamic library libcudart.so.10.1
2021-07-02 02:21:49.731726: I tensorflow/stream_executor/platform/default/dso_loader.cc:48] Successfully opened dynamic library libcublas.so.10
2021-07-02 02:21:49.753563: I tensorflow/stream_executor/platform/default/dso_loader.cc:48] Successfully opened dynamic library libcufft.so.10
2021-07-02 02:21:49.762184: I tensorflow/stream_executor/platform/default/dso_loader.cc:48] Successfully opened dynamic library libcurand.so.10
2021-07-02 02:21:49.806839: I tensorflow/stream_executor/platform/default/dso_loader.cc:48] Successfully opened dynamic library libcusolver.so.10
2021-07-02 02:21:49.815345: I tensorflow/stream_executor/platform/default/dso_loader.cc:48] Successfully opened dynamic library libcusparse.so.10
2021-07-02 02:21:49.894300: I tensorflow/stream_executor/platform/default/dso_loader.cc:48] Successfully opened dynamic library libcudnn.so.7
2021-07-02 02:21:49.896764: I tensorflow/core/common_runtime/gpu/gpu_device.cc:1858] Adding visible gpu devices: 0
2021-07-02 02:21:49.900510: I tensorflow/core/platform/cpu_feature_guard.cc:142] This TensorFlow binary is optimized with oneAPI Deep Neural Network Library (oneDNN)to use the following CPU instructions in performance-critical operations:  AVX2 FMA
To enable them in other operations, rebuild TensorFlow with the appropriate compiler flags.
2021-07-02 02:21:49.916864: I tensorflow/core/platform/profile_utils/cpu_utils.cc:104] CPU Frequency: 2600235000 Hz
2021-07-02 02:21:49.916994: I tensorflow/compiler/xla/service/service.cc:168] XLA service 0x496ec30 initialized for platform Host (this does not guarantee that XLA will be used). Devices:
2021-07-02 02:21:49.917015: I tensorflow/compiler/xla/service/service.cc:176]   StreamExecutor device (0): Host, Default Version
2021-07-02 02:21:50.059464: I tensorflow/compiler/xla/service/service.cc:168] XLA service 0x494f7a0 initialized for platform CUDA (this does not guarantee that XLA will be used). Devices:
2021-07-02 02:21:50.059525: I tensorflow/compiler/xla/service/service.cc:176]   StreamExecutor device (0): NVIDIA TITAN X (Pascal), Compute Capability 6.1
2021-07-02 02:21:50.061984: I tensorflow/core/common_runtime/gpu/gpu_device.cc:1716] Found device 0 with properties: 
pciBusID: 0000:02:00.0 name: NVIDIA TITAN X (Pascal) computeCapability: 6.1
coreClock: 1.531GHz coreCount: 28 deviceMemorySize: 11.91GiB deviceMemoryBandwidth: 447.48GiB/s
2021-07-02 02:21:50.062025: I tensorflow/stream_executor/platform/default/dso_loader.cc:48] Successfully opened dynamic library libcudart.so.10.1
2021-07-02 02:21:50.062061: I tensorflow/stream_executor/platform/default/dso_loader.cc:48] Successfully opened dynamic library libcublas.so.10
2021-07-02 02:21:50.062082: I tensorflow/stream_executor/platform/default/dso_loader.cc:48] Successfully opened dynamic library libcufft.so.10
2021-07-02 02:21:50.062101: I tensorflow/stream_executor/platform/default/dso_loader.cc:48] Successfully opened dynamic library libcurand.so.10
2021-07-02 02:21:50.062121: I tensorflow/stream_executor/platform/default/dso_loader.cc:48] Successfully opened dynamic library libcusolver.so.10
2021-07-02 02:21:50.062140: I tensorflow/stream_executor/platform/default/dso_loader.cc:48] Successfully opened dynamic library libcusparse.so.10
2021-07-02 02:21:50.062746: I tensorflow/stream_executor/platform/default/dso_loader.cc:48] Successfully opened dynamic library libcudnn.so.7
2021-07-02 02:21:50.064415: I tensorflow/core/common_runtime/gpu/gpu_device.cc:1858] Adding visible gpu devices: 0
2021-07-02 02:21:50.066169: I tensorflow/stream_executor/platform/default/dso_loader.cc:48] Successfully opened dynamic library libcudart.so.10.1
2021-07-02 02:21:51.899160: I tensorflow/core/common_runtime/gpu/gpu_device.cc:1257] Device interconnect StreamExecutor with strength 1 edge matrix:
2021-07-02 02:21:51.899236: I tensorflow/core/common_runtime/gpu/gpu_device.cc:1263]      0 
2021-07-02 02:21:51.899250: I tensorflow/core/common_runtime/gpu/gpu_device.cc:1276] 0:   N 
2021-07-02 02:21:51.911312: I tensorflow/core/common_runtime/gpu/gpu_device.cc:1402] Created TensorFlow device (/job:localhost/replica:0/task:0/device:GPU:0 with 11228 MB memory) -> physical GPU (device: 0, name: NVIDIA TITAN X (Pascal), pci bus id: 0000:02:00.0, compute capability: 6.1)
2021-07-02 02:21:57.795505: I tensorflow/stream_executor/platform/default/dso_loader.cc:48] Successfully opened dynamic library libcudnn.so.7
2021-07-02 02:22:00.392468: I tensorflow/stream_executor/platform/default/dso_loader.cc:48] Successfully opened dynamic library libcublas.so.10
Using model index: 39
Making train data...
GCN...
ZCA...
Done!
Making test data...
Done!
Epoch 1/350


Snapshot weight 9 shuffle 3 at epoch 1
Layer 11
Getting activations...


391/391 - 25s - loss: 2.3162 - accuracy: 0.1217 - val_loss: 2.2925 - val_accuracy: 0.1604
Epoch 2/350


Snapshot weight 9 shuffle 3 at epoch 2
Layer 11
Getting activations...


391/391 - 24s - loss: 2.2829 - accuracy: 0.1597 - val_loss: 2.2686 - val_accuracy: 0.1380
Epoch 3/350


Snapshot weight 9 shuffle 3 at epoch 3
Layer 11
Getting activations...


391/391 - 25s - loss: 2.2740 - accuracy: 0.1440 - val_loss: 2.2226 - val_accuracy: 0.1369
Epoch 4/350


Snapshot weight 9 shuffle 3 at epoch 4
Layer 11
Getting activations...


391/391 - 25s - loss: 2.1965 - accuracy: 0.1967 - val_loss: 2.0877 - val_accuracy: 0.2597
Epoch 5/350


Snapshot weight 9 shuffle 3 at epoch 5
Layer 11
Getting activations...


391/391 - 25s - loss: 2.1198 - accuracy: 0.2357 - val_loss: 2.0633 - val_accuracy: 0.2571
Epoch 6/350


Snapshot weight 9 shuffle 3 at epoch 6
Layer 11
Getting activations...


391/391 - 25s - loss: 2.0591 - accuracy: 0.2600 - val_loss: 2.0212 - val_accuracy: 0.2734
Epoch 7/350


Snapshot weight 9 shuffle 3 at epoch 7
Layer 11
Getting activations...


391/391 - 25s - loss: 1.9912 - accuracy: 0.3038 - val_loss: 1.9025 - val_accuracy: 0.3542
Epoch 8/350


Snapshot weight 9 shuffle 3 at epoch 8
Layer 11
Getting activations...


391/391 - 25s - loss: 1.8631 - accuracy: 0.3738 - val_loss: 1.7965 - val_accuracy: 0.3833
Epoch 9/350


Snapshot weight 9 shuffle 3 at epoch 9
Layer 11
Getting activations...


391/391 - 25s - loss: 1.7408 - accuracy: 0.4233 - val_loss: 1.5048 - val_accuracy: 0.4976
Epoch 10/350


Snapshot weight 9 shuffle 3 at epoch 10
Layer 11
Getting activations...


391/391 - 25s - loss: 1.3733 - accuracy: 0.5224 - val_loss: 1.4119 - val_accuracy: 0.5312
Epoch 11/350
391/391 - 24s - loss: 1.2488 - accuracy: 0.5659 - val_loss: 1.1430 - val_accuracy: 0.6068
Epoch 12/350
391/391 - 24s - loss: 1.1451 - accuracy: 0.6022 - val_loss: 1.0631 - val_accuracy: 0.6297
Epoch 13/350
391/391 - 25s - loss: 1.0747 - accuracy: 0.6269 - val_loss: 1.0872 - val_accuracy: 0.6422
Epoch 14/350
391/391 - 25s - loss: 1.0169 - accuracy: 0.6515 - val_loss: 0.9341 - val_accuracy: 0.6763
Epoch 15/350
391/391 - 25s - loss: 0.9688 - accuracy: 0.6673 - val_loss: 0.8774 - val_accuracy: 0.6989
Epoch 16/350
391/391 - 25s - loss: 0.9285 - accuracy: 0.6816 - val_loss: 0.8168 - val_accuracy: 0.7192
Epoch 17/350
391/391 - 25s - loss: 0.8854 - accuracy: 0.6974 - val_loss: 0.8067 - val_accuracy: 0.7325
Epoch 18/350
391/391 - 24s - loss: 0.8397 - accuracy: 0.7162 - val_loss: 0.7926 - val_accuracy: 0.7341
Epoch 19/350
391/391 - 24s - loss: 0.8176 - accuracy: 0.7238 - val_loss: 0.7214 - val_accuracy: 0.7550
Epoch 20/350
391/391 - 25s - loss: 0.7887 - accuracy: 0.7352 - val_loss: 0.7205 - val_accuracy: 0.7631
Epoch 21/350
391/391 - 24s - loss: 0.7434 - accuracy: 0.7517 - val_loss: 0.7106 - val_accuracy: 0.7646
Epoch 22/350
391/391 - 24s - loss: 0.7223 - accuracy: 0.7571 - val_loss: 0.7103 - val_accuracy: 0.7667
Epoch 23/350
391/391 - 25s - loss: 0.7087 - accuracy: 0.7625 - val_loss: 0.6574 - val_accuracy: 0.7858
Epoch 24/350
391/391 - 24s - loss: 0.6784 - accuracy: 0.7733 - val_loss: 0.6716 - val_accuracy: 0.7781
Epoch 25/350
391/391 - 24s - loss: 0.6643 - accuracy: 0.7770 - val_loss: 0.6761 - val_accuracy: 0.7820
Epoch 26/350
391/391 - 25s - loss: 0.6418 - accuracy: 0.7865 - val_loss: 0.6548 - val_accuracy: 0.7903
Epoch 27/350
391/391 - 24s - loss: 0.6231 - accuracy: 0.7942 - val_loss: 0.5929 - val_accuracy: 0.8073
Epoch 28/350
391/391 - 24s - loss: 0.6076 - accuracy: 0.7987 - val_loss: 0.5699 - val_accuracy: 0.8094
Epoch 29/350
391/391 - 24s - loss: 0.5999 - accuracy: 0.8007 - val_loss: 0.6008 - val_accuracy: 0.8043
Epoch 30/350
391/391 - 25s - loss: 0.5859 - accuracy: 0.8071 - val_loss: 0.5832 - val_accuracy: 0.8128
Epoch 31/350
391/391 - 25s - loss: 0.5690 - accuracy: 0.8105 - val_loss: 0.5514 - val_accuracy: 0.8207
Epoch 32/350
391/391 - 24s - loss: 0.5591 - accuracy: 0.8156 - val_loss: 0.5967 - val_accuracy: 0.8084
Epoch 33/350
391/391 - 24s - loss: 0.5478 - accuracy: 0.8195 - val_loss: 0.5038 - val_accuracy: 0.8326
Epoch 34/350
391/391 - 25s - loss: 0.5379 - accuracy: 0.8237 - val_loss: 0.5356 - val_accuracy: 0.8301
Epoch 35/350
391/391 - 24s - loss: 0.5268 - accuracy: 0.8265 - val_loss: 0.5048 - val_accuracy: 0.8372
Epoch 36/350
391/391 - 25s - loss: 0.5211 - accuracy: 0.8291 - val_loss: 0.5121 - val_accuracy: 0.8346
Epoch 37/350
391/391 - 25s - loss: 0.5089 - accuracy: 0.8332 - val_loss: 0.5123 - val_accuracy: 0.8405
Epoch 38/350
391/391 - 25s - loss: 0.4978 - accuracy: 0.8368 - val_loss: 0.5136 - val_accuracy: 0.8292
Epoch 39/350
391/391 - 24s - loss: 0.4896 - accuracy: 0.8396 - val_loss: 0.5021 - val_accuracy: 0.8408
Epoch 40/350
391/391 - 24s - loss: 0.4879 - accuracy: 0.8420 - val_loss: 0.4760 - val_accuracy: 0.8426
Epoch 41/350
391/391 - 25s - loss: 0.4783 - accuracy: 0.8448 - val_loss: 0.5031 - val_accuracy: 0.8445
Epoch 42/350
391/391 - 24s - loss: 0.4708 - accuracy: 0.8475 - val_loss: 0.4917 - val_accuracy: 0.8469
Epoch 43/350
391/391 - 24s - loss: 0.4655 - accuracy: 0.8476 - val_loss: 0.4908 - val_accuracy: 0.8433
Epoch 44/350
391/391 - 24s - loss: 0.4535 - accuracy: 0.8523 - val_loss: 0.4691 - val_accuracy: 0.8514
Epoch 45/350
391/391 - 25s - loss: 0.4494 - accuracy: 0.8535 - val_loss: 0.4718 - val_accuracy: 0.8515
Epoch 46/350
391/391 - 24s - loss: 0.4452 - accuracy: 0.8555 - val_loss: 0.4728 - val_accuracy: 0.8534
Epoch 47/350
391/391 - 25s - loss: 0.4371 - accuracy: 0.8573 - val_loss: 0.4693 - val_accuracy: 0.8556
Epoch 48/350
391/391 - 24s - loss: 0.4293 - accuracy: 0.8620 - val_loss: 0.4684 - val_accuracy: 0.8589
Epoch 49/350
391/391 - 25s - loss: 0.4301 - accuracy: 0.8600 - val_loss: 0.4708 - val_accuracy: 0.8559
Epoch 50/350


Snapshot weight 9 shuffle 3 at epoch 50
Layer 11
Getting activations...


391/391 - 25s - loss: 0.4244 - accuracy: 0.8625 - val_loss: 0.4634 - val_accuracy: 0.8587
Epoch 51/350
391/391 - 25s - loss: 0.4191 - accuracy: 0.8651 - val_loss: 0.4479 - val_accuracy: 0.8574
Epoch 52/350
391/391 - 24s - loss: 0.4105 - accuracy: 0.8677 - val_loss: 0.4342 - val_accuracy: 0.8643
Epoch 53/350
391/391 - 24s - loss: 0.4022 - accuracy: 0.8697 - val_loss: 0.4844 - val_accuracy: 0.8510
Epoch 54/350
391/391 - 24s - loss: 0.4044 - accuracy: 0.8708 - val_loss: 0.4592 - val_accuracy: 0.8573
Epoch 55/350
391/391 - 25s - loss: 0.3966 - accuracy: 0.8732 - val_loss: 0.4494 - val_accuracy: 0.8647
Epoch 56/350
391/391 - 24s - loss: 0.3887 - accuracy: 0.8760 - val_loss: 0.4464 - val_accuracy: 0.8698
Epoch 57/350
391/391 - 25s - loss: 0.3880 - accuracy: 0.8759 - val_loss: 0.4564 - val_accuracy: 0.8598
Epoch 58/350
391/391 - 25s - loss: 0.3783 - accuracy: 0.8795 - val_loss: 0.4381 - val_accuracy: 0.8682
Epoch 59/350
391/391 - 25s - loss: 0.3791 - accuracy: 0.8794 - val_loss: 0.4212 - val_accuracy: 0.8716
Epoch 60/350
391/391 - 25s - loss: 0.3750 - accuracy: 0.8801 - val_loss: 0.4400 - val_accuracy: 0.8692
Epoch 61/350
391/391 - 25s - loss: 0.3671 - accuracy: 0.8829 - val_loss: 0.4688 - val_accuracy: 0.8622
Epoch 62/350
391/391 - 24s - loss: 0.3618 - accuracy: 0.8854 - val_loss: 0.4268 - val_accuracy: 0.8732
Epoch 63/350
391/391 - 24s - loss: 0.3644 - accuracy: 0.8840 - val_loss: 0.4512 - val_accuracy: 0.8680
Epoch 64/350
391/391 - 24s - loss: 0.3544 - accuracy: 0.8871 - val_loss: 0.4545 - val_accuracy: 0.8706
Epoch 65/350
391/391 - 25s - loss: 0.3491 - accuracy: 0.8905 - val_loss: 0.4484 - val_accuracy: 0.8677
Epoch 66/350
391/391 - 24s - loss: 0.3500 - accuracy: 0.8895 - val_loss: 0.4179 - val_accuracy: 0.8741
Epoch 67/350
391/391 - 25s - loss: 0.3495 - accuracy: 0.8889 - val_loss: 0.4417 - val_accuracy: 0.8645
Epoch 68/350
391/391 - 24s - loss: 0.3440 - accuracy: 0.8896 - val_loss: 0.4215 - val_accuracy: 0.8714
Epoch 69/350
391/391 - 25s - loss: 0.3433 - accuracy: 0.8908 - val_loss: 0.4215 - val_accuracy: 0.8745
Epoch 70/350
391/391 - 24s - loss: 0.3350 - accuracy: 0.8932 - val_loss: 0.4152 - val_accuracy: 0.8790
Epoch 71/350
391/391 - 25s - loss: 0.3361 - accuracy: 0.8933 - val_loss: 0.4468 - val_accuracy: 0.8675
Epoch 72/350
391/391 - 25s - loss: 0.3283 - accuracy: 0.8971 - val_loss: 0.4091 - val_accuracy: 0.8817
Epoch 73/350
391/391 - 24s - loss: 0.3277 - accuracy: 0.8971 - val_loss: 0.4291 - val_accuracy: 0.8739
Epoch 74/350
391/391 - 24s - loss: 0.3273 - accuracy: 0.8979 - val_loss: 0.4398 - val_accuracy: 0.8710
Epoch 75/350
391/391 - 24s - loss: 0.3166 - accuracy: 0.8994 - val_loss: 0.4382 - val_accuracy: 0.8739
Epoch 76/350
391/391 - 25s - loss: 0.3175 - accuracy: 0.9013 - val_loss: 0.4101 - val_accuracy: 0.8824
Epoch 77/350
391/391 - 24s - loss: 0.3120 - accuracy: 0.9021 - val_loss: 0.4414 - val_accuracy: 0.8785
Epoch 78/350
391/391 - 24s - loss: 0.3123 - accuracy: 0.9025 - val_loss: 0.4713 - val_accuracy: 0.8693
Epoch 79/350
391/391 - 25s - loss: 0.3067 - accuracy: 0.9033 - val_loss: 0.4031 - val_accuracy: 0.8857
Epoch 80/350
391/391 - 24s - loss: 0.3032 - accuracy: 0.9060 - val_loss: 0.4363 - val_accuracy: 0.8728
Epoch 81/350
391/391 - 24s - loss: 0.3056 - accuracy: 0.9049 - val_loss: 0.4328 - val_accuracy: 0.8749
Epoch 82/350
391/391 - 24s - loss: 0.3039 - accuracy: 0.9054 - val_loss: 0.3879 - val_accuracy: 0.8877
Epoch 83/350
391/391 - 24s - loss: 0.2980 - accuracy: 0.9061 - val_loss: 0.4290 - val_accuracy: 0.8769
Epoch 84/350
391/391 - 25s - loss: 0.2996 - accuracy: 0.9066 - val_loss: 0.4194 - val_accuracy: 0.8799
Epoch 85/350
391/391 - 25s - loss: 0.2925 - accuracy: 0.9099 - val_loss: 0.4116 - val_accuracy: 0.8836
Epoch 86/350
391/391 - 24s - loss: 0.2901 - accuracy: 0.9106 - val_loss: 0.4461 - val_accuracy: 0.8750
Epoch 87/350
391/391 - 24s - loss: 0.2899 - accuracy: 0.9106 - val_loss: 0.4367 - val_accuracy: 0.8740
Epoch 88/350
391/391 - 25s - loss: 0.2858 - accuracy: 0.9126 - val_loss: 0.4120 - val_accuracy: 0.8877
Epoch 89/350
391/391 - 24s - loss: 0.2829 - accuracy: 0.9119 - val_loss: 0.4009 - val_accuracy: 0.8871
Epoch 90/350
391/391 - 24s - loss: 0.2815 - accuracy: 0.9140 - val_loss: 0.4346 - val_accuracy: 0.8794
Epoch 91/350
391/391 - 24s - loss: 0.2791 - accuracy: 0.9136 - val_loss: 0.4594 - val_accuracy: 0.8741
Epoch 92/350
391/391 - 24s - loss: 0.2824 - accuracy: 0.9137 - val_loss: 0.4127 - val_accuracy: 0.8827
Epoch 93/350
391/391 - 24s - loss: 0.2829 - accuracy: 0.9137 - val_loss: 0.4062 - val_accuracy: 0.8833
Epoch 94/350
391/391 - 24s - loss: 0.2795 - accuracy: 0.9155 - val_loss: 0.4011 - val_accuracy: 0.8886
Epoch 95/350
391/391 - 24s - loss: 0.2726 - accuracy: 0.9170 - val_loss: 0.4150 - val_accuracy: 0.8848
Epoch 96/350
391/391 - 25s - loss: 0.2739 - accuracy: 0.9154 - val_loss: 0.4017 - val_accuracy: 0.8891
Epoch 97/350
391/391 - 25s - loss: 0.2655 - accuracy: 0.9188 - val_loss: 0.4535 - val_accuracy: 0.8795
Epoch 98/350
391/391 - 24s - loss: 0.2660 - accuracy: 0.9191 - val_loss: 0.4304 - val_accuracy: 0.8856
Epoch 99/350
391/391 - 25s - loss: 0.2683 - accuracy: 0.9179 - val_loss: 0.4104 - val_accuracy: 0.8900
Epoch 100/350


Snapshot weight 9 shuffle 3 at epoch 100
Layer 11
Getting activations...


391/391 - 25s - loss: 0.2614 - accuracy: 0.9201 - val_loss: 0.4253 - val_accuracy: 0.8848
Epoch 101/350
391/391 - 24s - loss: 0.2634 - accuracy: 0.9200 - val_loss: 0.4058 - val_accuracy: 0.8874
Epoch 102/350
391/391 - 24s - loss: 0.2557 - accuracy: 0.9231 - val_loss: 0.4443 - val_accuracy: 0.8849
Epoch 103/350
391/391 - 25s - loss: 0.2605 - accuracy: 0.9217 - val_loss: 0.4243 - val_accuracy: 0.8881
Epoch 104/350
391/391 - 25s - loss: 0.2614 - accuracy: 0.9212 - val_loss: 0.4109 - val_accuracy: 0.8884
Epoch 105/350
391/391 - 24s - loss: 0.2545 - accuracy: 0.9229 - val_loss: 0.4221 - val_accuracy: 0.8866
Epoch 106/350
391/391 - 25s - loss: 0.2541 - accuracy: 0.9231 - val_loss: 0.4258 - val_accuracy: 0.8826
Epoch 107/350
391/391 - 24s - loss: 0.2483 - accuracy: 0.9264 - val_loss: 0.4340 - val_accuracy: 0.8800
Epoch 108/350
391/391 - 25s - loss: 0.2465 - accuracy: 0.9256 - val_loss: 0.4174 - val_accuracy: 0.8902
Epoch 109/350
391/391 - 25s - loss: 0.2465 - accuracy: 0.9263 - val_loss: 0.4406 - val_accuracy: 0.8834
Epoch 110/350
391/391 - 25s - loss: 0.2465 - accuracy: 0.9257 - val_loss: 0.3949 - val_accuracy: 0.8934
Epoch 111/350
391/391 - 24s - loss: 0.2413 - accuracy: 0.9278 - val_loss: 0.4552 - val_accuracy: 0.8843
Epoch 112/350
391/391 - 24s - loss: 0.2418 - accuracy: 0.9281 - val_loss: 0.4602 - val_accuracy: 0.8831
Epoch 113/350
391/391 - 25s - loss: 0.2363 - accuracy: 0.9306 - val_loss: 0.4162 - val_accuracy: 0.8891
Epoch 114/350
391/391 - 24s - loss: 0.2367 - accuracy: 0.9295 - val_loss: 0.4260 - val_accuracy: 0.8910
Epoch 115/350
391/391 - 25s - loss: 0.2419 - accuracy: 0.9275 - val_loss: 0.3937 - val_accuracy: 0.8969
Epoch 116/350
391/391 - 24s - loss: 0.2363 - accuracy: 0.9302 - val_loss: 0.4178 - val_accuracy: 0.8947
Epoch 117/350
391/391 - 24s - loss: 0.2367 - accuracy: 0.9304 - val_loss: 0.4236 - val_accuracy: 0.8899
Epoch 118/350
391/391 - 25s - loss: 0.2345 - accuracy: 0.9304 - val_loss: 0.4134 - val_accuracy: 0.8920
Epoch 119/350
391/391 - 24s - loss: 0.2318 - accuracy: 0.9320 - val_loss: 0.4292 - val_accuracy: 0.8905
Epoch 120/350
391/391 - 25s - loss: 0.2345 - accuracy: 0.9305 - val_loss: 0.4370 - val_accuracy: 0.8839
Epoch 121/350
391/391 - 24s - loss: 0.2325 - accuracy: 0.9323 - val_loss: 0.4300 - val_accuracy: 0.8944
Epoch 122/350
391/391 - 24s - loss: 0.2279 - accuracy: 0.9336 - val_loss: 0.4300 - val_accuracy: 0.8897
Epoch 123/350
391/391 - 25s - loss: 0.2325 - accuracy: 0.9311 - val_loss: 0.4537 - val_accuracy: 0.8844
Epoch 124/350
391/391 - 25s - loss: 0.2252 - accuracy: 0.9331 - val_loss: 0.4200 - val_accuracy: 0.8914
Epoch 125/350
391/391 - 24s - loss: 0.2261 - accuracy: 0.9335 - val_loss: 0.4717 - val_accuracy: 0.8861
Epoch 126/350
391/391 - 25s - loss: 0.2274 - accuracy: 0.9328 - val_loss: 0.4342 - val_accuracy: 0.8899
Epoch 127/350
391/391 - 24s - loss: 0.2253 - accuracy: 0.9352 - val_loss: 0.4213 - val_accuracy: 0.8915
Epoch 128/350
391/391 - 25s - loss: 0.2217 - accuracy: 0.9362 - val_loss: 0.4228 - val_accuracy: 0.8917
Epoch 129/350
391/391 - 24s - loss: 0.2255 - accuracy: 0.9340 - val_loss: 0.4535 - val_accuracy: 0.8886
Epoch 130/350
391/391 - 24s - loss: 0.2201 - accuracy: 0.9357 - val_loss: 0.4426 - val_accuracy: 0.8906
Epoch 131/350
391/391 - 25s - loss: 0.2160 - accuracy: 0.9365 - val_loss: 0.4633 - val_accuracy: 0.8867
Epoch 132/350
391/391 - 25s - loss: 0.2205 - accuracy: 0.9356 - val_loss: 0.4341 - val_accuracy: 0.8892
Epoch 133/350
391/391 - 25s - loss: 0.2150 - accuracy: 0.9378 - val_loss: 0.4370 - val_accuracy: 0.8904
Epoch 134/350
391/391 - 24s - loss: 0.2136 - accuracy: 0.9394 - val_loss: 0.4409 - val_accuracy: 0.8917
Epoch 135/350
391/391 - 25s - loss: 0.2100 - accuracy: 0.9392 - val_loss: 0.4779 - val_accuracy: 0.8829
Epoch 136/350
391/391 - 25s - loss: 0.2158 - accuracy: 0.9373 - val_loss: 0.4257 - val_accuracy: 0.8957
Epoch 137/350
391/391 - 24s - loss: 0.2124 - accuracy: 0.9384 - val_loss: 0.4569 - val_accuracy: 0.8908
Epoch 138/350
391/391 - 25s - loss: 0.2084 - accuracy: 0.9401 - val_loss: 0.4581 - val_accuracy: 0.8867
Epoch 139/350
391/391 - 24s - loss: 0.2072 - accuracy: 0.9409 - val_loss: 0.4499 - val_accuracy: 0.8901
Epoch 140/350
391/391 - 24s - loss: 0.2059 - accuracy: 0.9401 - val_loss: 0.4179 - val_accuracy: 0.8956
Epoch 141/350
391/391 - 24s - loss: 0.2057 - accuracy: 0.9409 - val_loss: 0.4306 - val_accuracy: 0.8948
Epoch 142/350
391/391 - 24s - loss: 0.2059 - accuracy: 0.9413 - val_loss: 0.4197 - val_accuracy: 0.8968
Epoch 143/350
391/391 - 25s - loss: 0.2089 - accuracy: 0.9396 - val_loss: 0.4201 - val_accuracy: 0.8944
Epoch 144/350
391/391 - 24s - loss: 0.2020 - accuracy: 0.9422 - val_loss: 0.4557 - val_accuracy: 0.8959
Epoch 145/350
391/391 - 24s - loss: 0.2056 - accuracy: 0.9413 - val_loss: 0.4536 - val_accuracy: 0.8909
Epoch 146/350
391/391 - 24s - loss: 0.2003 - accuracy: 0.9434 - val_loss: 0.4414 - val_accuracy: 0.8950
Epoch 147/350
391/391 - 25s - loss: 0.1998 - accuracy: 0.9437 - val_loss: 0.4632 - val_accuracy: 0.8895
Epoch 148/350
391/391 - 24s - loss: 0.2033 - accuracy: 0.9421 - val_loss: 0.4448 - val_accuracy: 0.8939
Epoch 149/350
391/391 - 24s - loss: 0.2006 - accuracy: 0.9434 - val_loss: 0.4454 - val_accuracy: 0.8933
Epoch 150/350


Snapshot weight 9 shuffle 3 at epoch 150
Layer 11
Getting activations...


391/391 - 25s - loss: 0.1940 - accuracy: 0.9457 - val_loss: 0.4435 - val_accuracy: 0.8933
Epoch 151/350
391/391 - 25s - loss: 0.1985 - accuracy: 0.9438 - val_loss: 0.4630 - val_accuracy: 0.8949
Epoch 152/350
391/391 - 24s - loss: 0.1944 - accuracy: 0.9466 - val_loss: 0.4735 - val_accuracy: 0.8908
Epoch 153/350
391/391 - 24s - loss: 0.1940 - accuracy: 0.9447 - val_loss: 0.4377 - val_accuracy: 0.8951
Epoch 154/350
391/391 - 24s - loss: 0.1944 - accuracy: 0.9463 - val_loss: 0.4330 - val_accuracy: 0.8978
Epoch 155/350
391/391 - 25s - loss: 0.1983 - accuracy: 0.9443 - val_loss: 0.4329 - val_accuracy: 0.8925
Epoch 156/350
391/391 - 24s - loss: 0.1900 - accuracy: 0.9464 - val_loss: 0.4747 - val_accuracy: 0.8896
Epoch 157/350
391/391 - 24s - loss: 0.1914 - accuracy: 0.9479 - val_loss: 0.4559 - val_accuracy: 0.8898
Epoch 158/350
391/391 - 25s - loss: 0.1841 - accuracy: 0.9500 - val_loss: 0.4779 - val_accuracy: 0.8901
Epoch 159/350
391/391 - 24s - loss: 0.1901 - accuracy: 0.9477 - val_loss: 0.4470 - val_accuracy: 0.8951
Epoch 160/350
391/391 - 24s - loss: 0.1913 - accuracy: 0.9469 - val_loss: 0.4108 - val_accuracy: 0.9023
Epoch 161/350
391/391 - 24s - loss: 0.1874 - accuracy: 0.9487 - val_loss: 0.4331 - val_accuracy: 0.8974
Epoch 162/350
391/391 - 25s - loss: 0.1872 - accuracy: 0.9479 - val_loss: 0.4313 - val_accuracy: 0.8981
Epoch 163/350
391/391 - 25s - loss: 0.1917 - accuracy: 0.9463 - val_loss: 0.4378 - val_accuracy: 0.8984
Epoch 164/350
391/391 - 25s - loss: 0.1864 - accuracy: 0.9489 - val_loss: 0.4208 - val_accuracy: 0.9021
Epoch 165/350
391/391 - 24s - loss: 0.1869 - accuracy: 0.9475 - val_loss: 0.4486 - val_accuracy: 0.8936
Epoch 166/350
391/391 - 25s - loss: 0.1861 - accuracy: 0.9494 - val_loss: 0.4400 - val_accuracy: 0.8957
Epoch 167/350
391/391 - 25s - loss: 0.1875 - accuracy: 0.9491 - val_loss: 0.4290 - val_accuracy: 0.8991
Epoch 168/350
391/391 - 24s - loss: 0.1821 - accuracy: 0.9518 - val_loss: 0.4348 - val_accuracy: 0.8968
Epoch 169/350
391/391 - 24s - loss: 0.1849 - accuracy: 0.9506 - val_loss: 0.4393 - val_accuracy: 0.8970
Epoch 170/350
391/391 - 24s - loss: 0.1834 - accuracy: 0.9493 - val_loss: 0.4877 - val_accuracy: 0.8895
Epoch 171/350
391/391 - 24s - loss: 0.1792 - accuracy: 0.9516 - val_loss: 0.4295 - val_accuracy: 0.9009
Epoch 172/350
391/391 - 24s - loss: 0.1814 - accuracy: 0.9508 - val_loss: 0.4424 - val_accuracy: 0.8970
Epoch 173/350
391/391 - 25s - loss: 0.1784 - accuracy: 0.9528 - val_loss: 0.4255 - val_accuracy: 0.8989
Epoch 174/350
391/391 - 25s - loss: 0.1830 - accuracy: 0.9509 - val_loss: 0.4237 - val_accuracy: 0.8998
Epoch 175/350
391/391 - 25s - loss: 0.1796 - accuracy: 0.9521 - val_loss: 0.4661 - val_accuracy: 0.8963
Epoch 176/350
391/391 - 24s - loss: 0.1785 - accuracy: 0.9504 - val_loss: 0.4791 - val_accuracy: 0.8957
Epoch 177/350
391/391 - 25s - loss: 0.1765 - accuracy: 0.9531 - val_loss: 0.5029 - val_accuracy: 0.8919
Epoch 178/350
391/391 - 25s - loss: 0.1811 - accuracy: 0.9515 - val_loss: 0.4574 - val_accuracy: 0.8970
Epoch 179/350
391/391 - 24s - loss: 0.1765 - accuracy: 0.9534 - val_loss: 0.4302 - val_accuracy: 0.9001
Epoch 180/350
391/391 - 24s - loss: 0.1778 - accuracy: 0.9528 - val_loss: 0.4569 - val_accuracy: 0.8981
Epoch 181/350
391/391 - 24s - loss: 0.1801 - accuracy: 0.9525 - val_loss: 0.4570 - val_accuracy: 0.8914
Epoch 182/350
391/391 - 24s - loss: 0.1745 - accuracy: 0.9539 - val_loss: 0.4858 - val_accuracy: 0.8968
Epoch 183/350
391/391 - 25s - loss: 0.1754 - accuracy: 0.9541 - val_loss: 0.4594 - val_accuracy: 0.8994
Epoch 184/350
391/391 - 24s - loss: 0.1683 - accuracy: 0.9554 - val_loss: 0.4601 - val_accuracy: 0.8990
Epoch 185/350
391/391 - 24s - loss: 0.1760 - accuracy: 0.9536 - val_loss: 0.4537 - val_accuracy: 0.8956
Epoch 186/350
391/391 - 24s - loss: 0.1752 - accuracy: 0.9519 - val_loss: 0.4543 - val_accuracy: 0.8985
Epoch 187/350
391/391 - 24s - loss: 0.1726 - accuracy: 0.9552 - val_loss: 0.4597 - val_accuracy: 0.9007
Epoch 188/350
391/391 - 25s - loss: 0.1680 - accuracy: 0.9562 - val_loss: 0.4851 - val_accuracy: 0.8943
Epoch 189/350
391/391 - 25s - loss: 0.1723 - accuracy: 0.9551 - val_loss: 0.4442 - val_accuracy: 0.9023
Epoch 190/350
391/391 - 24s - loss: 0.1697 - accuracy: 0.9556 - val_loss: 0.4706 - val_accuracy: 0.8959
Epoch 191/350
391/391 - 25s - loss: 0.1732 - accuracy: 0.9545 - val_loss: 0.4665 - val_accuracy: 0.9014
Epoch 192/350
391/391 - 24s - loss: 0.1672 - accuracy: 0.9576 - val_loss: 0.4838 - val_accuracy: 0.8962
Epoch 193/350
391/391 - 24s - loss: 0.1673 - accuracy: 0.9563 - val_loss: 0.4518 - val_accuracy: 0.9021
Epoch 194/350
391/391 - 24s - loss: 0.1710 - accuracy: 0.9557 - val_loss: 0.4676 - val_accuracy: 0.8940
Epoch 195/350
391/391 - 24s - loss: 0.1686 - accuracy: 0.9562 - val_loss: 0.4875 - val_accuracy: 0.8942
Epoch 196/350
391/391 - 25s - loss: 0.1697 - accuracy: 0.9554 - val_loss: 0.4689 - val_accuracy: 0.8966
Epoch 197/350
391/391 - 24s - loss: 0.1722 - accuracy: 0.9553 - val_loss: 0.4348 - val_accuracy: 0.9018
Epoch 198/350
391/391 - 24s - loss: 0.1692 - accuracy: 0.9569 - val_loss: 0.4461 - val_accuracy: 0.9001
Epoch 199/350
391/391 - 24s - loss: 0.1696 - accuracy: 0.9558 - val_loss: 0.4719 - val_accuracy: 0.8965
Epoch 200/350


Snapshot weight 9 shuffle 3 at epoch 200
Layer 11
Getting activations...


391/391 - 25s - loss: 0.1621 - accuracy: 0.9585 - val_loss: 0.4605 - val_accuracy: 0.9003
Epoch 201/350
391/391 - 24s - loss: 0.1410 - accuracy: 0.9662 - val_loss: 0.4538 - val_accuracy: 0.9055
Epoch 202/350
391/391 - 24s - loss: 0.1290 - accuracy: 0.9712 - val_loss: 0.4588 - val_accuracy: 0.9066
Epoch 203/350
391/391 - 25s - loss: 0.1238 - accuracy: 0.9727 - val_loss: 0.4606 - val_accuracy: 0.9074
Epoch 204/350
391/391 - 24s - loss: 0.1208 - accuracy: 0.9729 - val_loss: 0.4525 - val_accuracy: 0.9096
Epoch 205/350
391/391 - 24s - loss: 0.1209 - accuracy: 0.9734 - val_loss: 0.4563 - val_accuracy: 0.9111
Epoch 206/350
391/391 - 24s - loss: 0.1207 - accuracy: 0.9735 - val_loss: 0.4644 - val_accuracy: 0.9099
Epoch 207/350
391/391 - 24s - loss: 0.1177 - accuracy: 0.9747 - val_loss: 0.4718 - val_accuracy: 0.9075
Epoch 208/350
391/391 - 24s - loss: 0.1154 - accuracy: 0.9751 - val_loss: 0.4770 - val_accuracy: 0.9074
Epoch 209/350
391/391 - 24s - loss: 0.1206 - accuracy: 0.9739 - val_loss: 0.4638 - val_accuracy: 0.9081
Epoch 210/350
391/391 - 24s - loss: 0.1143 - accuracy: 0.9759 - val_loss: 0.4792 - val_accuracy: 0.9082
Epoch 211/350
391/391 - 24s - loss: 0.1156 - accuracy: 0.9746 - val_loss: 0.4761 - val_accuracy: 0.9085
Epoch 212/350
391/391 - 24s - loss: 0.1122 - accuracy: 0.9763 - val_loss: 0.4750 - val_accuracy: 0.9080
Epoch 213/350
391/391 - 25s - loss: 0.1146 - accuracy: 0.9754 - val_loss: 0.4742 - val_accuracy: 0.9095
Epoch 214/350
391/391 - 24s - loss: 0.1143 - accuracy: 0.9749 - val_loss: 0.4779 - val_accuracy: 0.9102
Epoch 215/350
391/391 - 25s - loss: 0.1139 - accuracy: 0.9751 - val_loss: 0.4638 - val_accuracy: 0.9105
Epoch 216/350
391/391 - 24s - loss: 0.1139 - accuracy: 0.9757 - val_loss: 0.4903 - val_accuracy: 0.9070
Epoch 217/350
391/391 - 25s - loss: 0.1095 - accuracy: 0.9775 - val_loss: 0.4815 - val_accuracy: 0.9092
Epoch 218/350
391/391 - 25s - loss: 0.1110 - accuracy: 0.9768 - val_loss: 0.4801 - val_accuracy: 0.9088
Epoch 219/350
391/391 - 24s - loss: 0.1130 - accuracy: 0.9761 - val_loss: 0.4784 - val_accuracy: 0.9088
Epoch 220/350
391/391 - 25s - loss: 0.1084 - accuracy: 0.9777 - val_loss: 0.4803 - val_accuracy: 0.9092
Epoch 221/350
391/391 - 24s - loss: 0.1110 - accuracy: 0.9764 - val_loss: 0.4835 - val_accuracy: 0.9093
Epoch 222/350
391/391 - 24s - loss: 0.1121 - accuracy: 0.9772 - val_loss: 0.4816 - val_accuracy: 0.9081
Epoch 223/350
391/391 - 24s - loss: 0.1104 - accuracy: 0.9769 - val_loss: 0.4823 - val_accuracy: 0.9092
Epoch 224/350
391/391 - 24s - loss: 0.1102 - accuracy: 0.9771 - val_loss: 0.4957 - val_accuracy: 0.9076
Epoch 225/350
391/391 - 25s - loss: 0.1113 - accuracy: 0.9763 - val_loss: 0.4769 - val_accuracy: 0.9084
Epoch 226/350
391/391 - 24s - loss: 0.1080 - accuracy: 0.9777 - val_loss: 0.4876 - val_accuracy: 0.9093
Epoch 227/350
391/391 - 24s - loss: 0.1106 - accuracy: 0.9769 - val_loss: 0.4902 - val_accuracy: 0.9080
Epoch 228/350
391/391 - 25s - loss: 0.1074 - accuracy: 0.9781 - val_loss: 0.4948 - val_accuracy: 0.9081
Epoch 229/350
391/391 - 24s - loss: 0.1102 - accuracy: 0.9774 - val_loss: 0.4863 - val_accuracy: 0.9090
Epoch 230/350
391/391 - 25s - loss: 0.1086 - accuracy: 0.9779 - val_loss: 0.4849 - val_accuracy: 0.9098
Epoch 231/350
391/391 - 24s - loss: 0.1096 - accuracy: 0.9780 - val_loss: 0.4910 - val_accuracy: 0.9085
Epoch 232/350
391/391 - 24s - loss: 0.1069 - accuracy: 0.9778 - val_loss: 0.5041 - val_accuracy: 0.9068
Epoch 233/350
391/391 - 25s - loss: 0.1074 - accuracy: 0.9778 - val_loss: 0.4804 - val_accuracy: 0.9111
Epoch 234/350
391/391 - 24s - loss: 0.1063 - accuracy: 0.9788 - val_loss: 0.4903 - val_accuracy: 0.9100
Epoch 235/350
391/391 - 25s - loss: 0.1087 - accuracy: 0.9774 - val_loss: 0.4916 - val_accuracy: 0.9080
Epoch 236/350
391/391 - 24s - loss: 0.1068 - accuracy: 0.9775 - val_loss: 0.4891 - val_accuracy: 0.9091
Epoch 237/350
391/391 - 25s - loss: 0.1070 - accuracy: 0.9791 - val_loss: 0.4868 - val_accuracy: 0.9105
Epoch 238/350
391/391 - 24s - loss: 0.1062 - accuracy: 0.9791 - val_loss: 0.4903 - val_accuracy: 0.9090
Epoch 239/350
391/391 - 25s - loss: 0.1058 - accuracy: 0.9792 - val_loss: 0.4924 - val_accuracy: 0.9081
Epoch 240/350
391/391 - 24s - loss: 0.1060 - accuracy: 0.9783 - val_loss: 0.4879 - val_accuracy: 0.9100
Epoch 241/350
391/391 - 25s - loss: 0.1056 - accuracy: 0.9790 - val_loss: 0.4908 - val_accuracy: 0.9094
Epoch 242/350
391/391 - 24s - loss: 0.1073 - accuracy: 0.9776 - val_loss: 0.4947 - val_accuracy: 0.9089
Epoch 243/350
391/391 - 24s - loss: 0.1059 - accuracy: 0.9783 - val_loss: 0.4933 - val_accuracy: 0.9091
Epoch 244/350
391/391 - 25s - loss: 0.1036 - accuracy: 0.9790 - val_loss: 0.5028 - val_accuracy: 0.9087
Epoch 245/350
391/391 - 24s - loss: 0.1064 - accuracy: 0.9785 - val_loss: 0.4963 - val_accuracy: 0.9084
Epoch 246/350
391/391 - 24s - loss: 0.1051 - accuracy: 0.9789 - val_loss: 0.4889 - val_accuracy: 0.9098
Epoch 247/350
391/391 - 25s - loss: 0.1040 - accuracy: 0.9800 - val_loss: 0.4881 - val_accuracy: 0.9106
Epoch 248/350
391/391 - 25s - loss: 0.1030 - accuracy: 0.9787 - val_loss: 0.4937 - val_accuracy: 0.9099
Epoch 249/350
391/391 - 24s - loss: 0.1037 - accuracy: 0.9796 - val_loss: 0.5157 - val_accuracy: 0.9075
Epoch 250/350


Snapshot weight 9 shuffle 3 at epoch 250
Layer 11
Getting activations...


391/391 - 25s - loss: 0.1055 - accuracy: 0.9787 - val_loss: 0.4926 - val_accuracy: 0.9091
Epoch 251/350
391/391 - 24s - loss: 0.1039 - accuracy: 0.9785 - val_loss: 0.4898 - val_accuracy: 0.9118
Epoch 252/350
391/391 - 25s - loss: 0.1059 - accuracy: 0.9783 - val_loss: 0.4948 - val_accuracy: 0.9103
Epoch 253/350
391/391 - 24s - loss: 0.1013 - accuracy: 0.9811 - val_loss: 0.4934 - val_accuracy: 0.9099
Epoch 254/350
391/391 - 24s - loss: 0.1006 - accuracy: 0.9805 - val_loss: 0.4949 - val_accuracy: 0.9102
Epoch 255/350
391/391 - 25s - loss: 0.1023 - accuracy: 0.9793 - val_loss: 0.4933 - val_accuracy: 0.9106
Epoch 256/350
391/391 - 24s - loss: 0.0993 - accuracy: 0.9806 - val_loss: 0.4927 - val_accuracy: 0.9109
Epoch 257/350
391/391 - 24s - loss: 0.1017 - accuracy: 0.9791 - val_loss: 0.4952 - val_accuracy: 0.9101
Epoch 258/350
391/391 - 24s - loss: 0.1005 - accuracy: 0.9802 - val_loss: 0.4940 - val_accuracy: 0.9111
Epoch 259/350
391/391 - 24s - loss: 0.0999 - accuracy: 0.9810 - val_loss: 0.4949 - val_accuracy: 0.9104
Epoch 260/350
391/391 - 25s - loss: 0.1012 - accuracy: 0.9808 - val_loss: 0.4952 - val_accuracy: 0.9104
Epoch 261/350
391/391 - 24s - loss: 0.1005 - accuracy: 0.9798 - val_loss: 0.4950 - val_accuracy: 0.9108
Epoch 262/350
391/391 - 24s - loss: 0.1008 - accuracy: 0.9807 - val_loss: 0.4954 - val_accuracy: 0.9100
Epoch 263/350
391/391 - 24s - loss: 0.0985 - accuracy: 0.9817 - val_loss: 0.4936 - val_accuracy: 0.9113
Epoch 264/350
391/391 - 25s - loss: 0.1002 - accuracy: 0.9803 - val_loss: 0.4956 - val_accuracy: 0.9103
Epoch 265/350
391/391 - 25s - loss: 0.1033 - accuracy: 0.9786 - val_loss: 0.4983 - val_accuracy: 0.9104
Epoch 266/350
391/391 - 24s - loss: 0.1026 - accuracy: 0.9799 - val_loss: 0.4981 - val_accuracy: 0.9104
Epoch 267/350
391/391 - 24s - loss: 0.0987 - accuracy: 0.9805 - val_loss: 0.4960 - val_accuracy: 0.9110
Epoch 268/350
391/391 - 24s - loss: 0.1006 - accuracy: 0.9804 - val_loss: 0.4969 - val_accuracy: 0.9107
Epoch 269/350
391/391 - 24s - loss: 0.1012 - accuracy: 0.9805 - val_loss: 0.4959 - val_accuracy: 0.9108
Epoch 270/350
391/391 - 24s - loss: 0.1023 - accuracy: 0.9796 - val_loss: 0.4968 - val_accuracy: 0.9107
Epoch 271/350
391/391 - 24s - loss: 0.0997 - accuracy: 0.9809 - val_loss: 0.4968 - val_accuracy: 0.9101
Epoch 272/350
391/391 - 25s - loss: 0.0999 - accuracy: 0.9804 - val_loss: 0.4944 - val_accuracy: 0.9100
Epoch 273/350
391/391 - 24s - loss: 0.1016 - accuracy: 0.9803 - val_loss: 0.4988 - val_accuracy: 0.9099
Epoch 274/350
391/391 - 24s - loss: 0.0973 - accuracy: 0.9816 - val_loss: 0.4945 - val_accuracy: 0.9103
Epoch 275/350
391/391 - 24s - loss: 0.0992 - accuracy: 0.9803 - val_loss: 0.4988 - val_accuracy: 0.9096
Epoch 276/350
391/391 - 24s - loss: 0.1003 - accuracy: 0.9808 - val_loss: 0.4989 - val_accuracy: 0.9095
Epoch 277/350
391/391 - 24s - loss: 0.0994 - accuracy: 0.9813 - val_loss: 0.4993 - val_accuracy: 0.9098
Epoch 278/350
391/391 - 24s - loss: 0.0990 - accuracy: 0.9809 - val_loss: 0.4975 - val_accuracy: 0.9111
Epoch 279/350
391/391 - 24s - loss: 0.0987 - accuracy: 0.9808 - val_loss: 0.4966 - val_accuracy: 0.9106
Epoch 280/350
391/391 - 25s - loss: 0.0991 - accuracy: 0.9812 - val_loss: 0.4973 - val_accuracy: 0.9105
Epoch 281/350
391/391 - 24s - loss: 0.1003 - accuracy: 0.9809 - val_loss: 0.4992 - val_accuracy: 0.9092
Epoch 282/350
391/391 - 24s - loss: 0.1018 - accuracy: 0.9803 - val_loss: 0.4984 - val_accuracy: 0.9099
Epoch 283/350
391/391 - 25s - loss: 0.0990 - accuracy: 0.9813 - val_loss: 0.5004 - val_accuracy: 0.9098
Epoch 284/350
391/391 - 25s - loss: 0.1001 - accuracy: 0.9803 - val_loss: 0.4976 - val_accuracy: 0.9106
Epoch 285/350
391/391 - 25s - loss: 0.0984 - accuracy: 0.9812 - val_loss: 0.4993 - val_accuracy: 0.9096
Epoch 286/350
391/391 - 24s - loss: 0.0992 - accuracy: 0.9809 - val_loss: 0.4965 - val_accuracy: 0.9104
Epoch 287/350
391/391 - 24s - loss: 0.0999 - accuracy: 0.9801 - val_loss: 0.4945 - val_accuracy: 0.9103
Epoch 288/350
391/391 - 25s - loss: 0.1017 - accuracy: 0.9800 - val_loss: 0.4968 - val_accuracy: 0.9097
Epoch 289/350
391/391 - 24s - loss: 0.1009 - accuracy: 0.9807 - val_loss: 0.4955 - val_accuracy: 0.9105
Epoch 290/350
391/391 - 24s - loss: 0.1000 - accuracy: 0.9806 - val_loss: 0.4984 - val_accuracy: 0.9099
Epoch 291/350
391/391 - 25s - loss: 0.0987 - accuracy: 0.9806 - val_loss: 0.4981 - val_accuracy: 0.9103
Epoch 292/350
391/391 - 24s - loss: 0.0979 - accuracy: 0.9813 - val_loss: 0.4989 - val_accuracy: 0.9106
Epoch 293/350
391/391 - 24s - loss: 0.1002 - accuracy: 0.9805 - val_loss: 0.4969 - val_accuracy: 0.9102
Epoch 294/350
391/391 - 25s - loss: 0.0985 - accuracy: 0.9807 - val_loss: 0.4998 - val_accuracy: 0.9100
Epoch 295/350
391/391 - 25s - loss: 0.1002 - accuracy: 0.9807 - val_loss: 0.5023 - val_accuracy: 0.9103
Epoch 296/350
391/391 - 24s - loss: 0.0992 - accuracy: 0.9805 - val_loss: 0.4998 - val_accuracy: 0.9107
Epoch 297/350
391/391 - 25s - loss: 0.1001 - accuracy: 0.9813 - val_loss: 0.4999 - val_accuracy: 0.9104
Epoch 298/350
391/391 - 24s - loss: 0.0979 - accuracy: 0.9823 - val_loss: 0.4991 - val_accuracy: 0.9104
Epoch 299/350
391/391 - 24s - loss: 0.1019 - accuracy: 0.9797 - val_loss: 0.5004 - val_accuracy: 0.9097
Epoch 300/350


Snapshot weight 9 shuffle 3 at epoch 300
Layer 11
Getting activations...


391/391 - 25s - loss: 0.0989 - accuracy: 0.9812 - val_loss: 0.5008 - val_accuracy: 0.9093
Epoch 301/350
391/391 - 24s - loss: 0.0968 - accuracy: 0.9816 - val_loss: 0.5008 - val_accuracy: 0.9093
Epoch 302/350
391/391 - 25s - loss: 0.0987 - accuracy: 0.9812 - val_loss: 0.5003 - val_accuracy: 0.9096
Epoch 303/350
391/391 - 24s - loss: 0.0998 - accuracy: 0.9802 - val_loss: 0.5000 - val_accuracy: 0.9098
Epoch 304/350
391/391 - 24s - loss: 0.1018 - accuracy: 0.9805 - val_loss: 0.4999 - val_accuracy: 0.9096
Epoch 305/350
391/391 - 24s - loss: 0.0982 - accuracy: 0.9816 - val_loss: 0.4997 - val_accuracy: 0.9095
Epoch 306/350
391/391 - 25s - loss: 0.0971 - accuracy: 0.9818 - val_loss: 0.4999 - val_accuracy: 0.9097
Epoch 307/350
391/391 - 24s - loss: 0.0998 - accuracy: 0.9813 - val_loss: 0.4996 - val_accuracy: 0.9098
Epoch 308/350
391/391 - 24s - loss: 0.0988 - accuracy: 0.9807 - val_loss: 0.4991 - val_accuracy: 0.9098
Epoch 309/350
391/391 - 24s - loss: 0.1020 - accuracy: 0.9803 - val_loss: 0.4989 - val_accuracy: 0.9099
Epoch 310/350
391/391 - 24s - loss: 0.1002 - accuracy: 0.9807 - val_loss: 0.4991 - val_accuracy: 0.9096
Epoch 311/350
391/391 - 25s - loss: 0.0998 - accuracy: 0.9805 - val_loss: 0.4988 - val_accuracy: 0.9098
Epoch 312/350
391/391 - 24s - loss: 0.0967 - accuracy: 0.9818 - val_loss: 0.4990 - val_accuracy: 0.9095
Epoch 313/350
391/391 - 24s - loss: 0.1000 - accuracy: 0.9810 - val_loss: 0.4993 - val_accuracy: 0.9096
Epoch 314/350
391/391 - 24s - loss: 0.0987 - accuracy: 0.9817 - val_loss: 0.4993 - val_accuracy: 0.9097
Epoch 315/350
391/391 - 24s - loss: 0.0996 - accuracy: 0.9814 - val_loss: 0.4992 - val_accuracy: 0.9095
Epoch 316/350
391/391 - 24s - loss: 0.0990 - accuracy: 0.9813 - val_loss: 0.4992 - val_accuracy: 0.9098
Epoch 317/350
391/391 - 24s - loss: 0.1007 - accuracy: 0.9809 - val_loss: 0.4993 - val_accuracy: 0.9100
Epoch 318/350
391/391 - 24s - loss: 0.0976 - accuracy: 0.9813 - val_loss: 0.4993 - val_accuracy: 0.9097
Epoch 319/350
391/391 - 25s - loss: 0.0999 - accuracy: 0.9811 - val_loss: 0.4996 - val_accuracy: 0.9098
Epoch 320/350
391/391 - 24s - loss: 0.1015 - accuracy: 0.9804 - val_loss: 0.5003 - val_accuracy: 0.9096
Epoch 321/350
391/391 - 24s - loss: 0.0996 - accuracy: 0.9813 - val_loss: 0.5003 - val_accuracy: 0.9097
Epoch 322/350
391/391 - 24s - loss: 0.0988 - accuracy: 0.9814 - val_loss: 0.4992 - val_accuracy: 0.9100
Epoch 323/350
391/391 - 24s - loss: 0.0974 - accuracy: 0.9818 - val_loss: 0.4994 - val_accuracy: 0.9101
Epoch 324/350
391/391 - 24s - loss: 0.1000 - accuracy: 0.9806 - val_loss: 0.4999 - val_accuracy: 0.9101
Epoch 325/350
391/391 - 24s - loss: 0.1002 - accuracy: 0.9809 - val_loss: 0.5000 - val_accuracy: 0.9101
Epoch 326/350
391/391 - 24s - loss: 0.1005 - accuracy: 0.9809 - val_loss: 0.4996 - val_accuracy: 0.9102
Epoch 327/350
391/391 - 24s - loss: 0.0992 - accuracy: 0.9813 - val_loss: 0.4992 - val_accuracy: 0.9100
Epoch 328/350
391/391 - 24s - loss: 0.1011 - accuracy: 0.9800 - val_loss: 0.4987 - val_accuracy: 0.9102
Epoch 329/350
391/391 - 24s - loss: 0.0985 - accuracy: 0.9809 - val_loss: 0.4989 - val_accuracy: 0.9102
Epoch 330/350
391/391 - 24s - loss: 0.0989 - accuracy: 0.9811 - val_loss: 0.4988 - val_accuracy: 0.9100
Epoch 331/350
391/391 - 25s - loss: 0.0993 - accuracy: 0.9811 - val_loss: 0.4987 - val_accuracy: 0.9100
Epoch 332/350
391/391 - 25s - loss: 0.0991 - accuracy: 0.9818 - val_loss: 0.4988 - val_accuracy: 0.9102
Epoch 333/350
391/391 - 24s - loss: 0.0966 - accuracy: 0.9817 - val_loss: 0.4991 - val_accuracy: 0.9104
Epoch 334/350
391/391 - 24s - loss: 0.0995 - accuracy: 0.9810 - val_loss: 0.4992 - val_accuracy: 0.9101
Epoch 335/350
391/391 - 24s - loss: 0.0994 - accuracy: 0.9810 - val_loss: 0.4991 - val_accuracy: 0.9102
Epoch 336/350
391/391 - 24s - loss: 0.1000 - accuracy: 0.9808 - val_loss: 0.4986 - val_accuracy: 0.9103
Epoch 337/350
391/391 - 24s - loss: 0.1009 - accuracy: 0.9807 - val_loss: 0.4985 - val_accuracy: 0.9103
Epoch 338/350
391/391 - 25s - loss: 0.1004 - accuracy: 0.9806 - val_loss: 0.4987 - val_accuracy: 0.9104
Epoch 339/350
391/391 - 24s - loss: 0.1010 - accuracy: 0.9800 - val_loss: 0.4986 - val_accuracy: 0.9103
Epoch 340/350
391/391 - 24s - loss: 0.1010 - accuracy: 0.9804 - val_loss: 0.4991 - val_accuracy: 0.9104
Epoch 341/350
391/391 - 24s - loss: 0.1005 - accuracy: 0.9803 - val_loss: 0.4988 - val_accuracy: 0.9099
Epoch 342/350
391/391 - 24s - loss: 0.1006 - accuracy: 0.9809 - val_loss: 0.4987 - val_accuracy: 0.9102
Epoch 343/350
391/391 - 25s - loss: 0.0984 - accuracy: 0.9810 - val_loss: 0.4993 - val_accuracy: 0.9102
Epoch 344/350
391/391 - 24s - loss: 0.0999 - accuracy: 0.9809 - val_loss: 0.4999 - val_accuracy: 0.9097
Epoch 345/350
391/391 - 24s - loss: 0.1012 - accuracy: 0.9807 - val_loss: 0.4989 - val_accuracy: 0.9104
Epoch 346/350
391/391 - 24s - loss: 0.0981 - accuracy: 0.9812 - val_loss: 0.4986 - val_accuracy: 0.9106
Epoch 347/350
391/391 - 24s - loss: 0.1024 - accuracy: 0.9800 - val_loss: 0.4989 - val_accuracy: 0.9105
Epoch 348/350
391/391 - 24s - loss: 0.0982 - accuracy: 0.9810 - val_loss: 0.4992 - val_accuracy: 0.9103
Epoch 349/350
391/391 - 24s - loss: 0.0986 - accuracy: 0.9806 - val_loss: 0.4991 - val_accuracy: 0.9101
Epoch 350/350


Snapshot weight 9 shuffle 3 at epoch 350
Layer 11
Getting activations...


391/391 - 25s - loss: 0.1010 - accuracy: 0.9801 - val_loss: 0.4989 - val_accuracy: 0.9104
/usr/local/lib/python3.6/dist-packages/tensorflow/python/autograph/impl/api.py:493: UserWarning: fill_value is not supported and is always 0 for TensorFlow < 2.4.0.
  return py_builtins.overload_of(f)(*args)
WARNING:tensorflow:From /usr/local/lib/python3.6/dist-packages/tensorflow/python/training/tracking/tracking.py:111: Model.state_updates (from tensorflow.python.keras.engine.training) is deprecated and will be removed in a future version.
Instructions for updating:
This property should not be used in TensorFlow 2.0, as updates are applied automatically.
2021-07-02 04:51:22.432225: W tensorflow/python/util/util.cc:348] Sets are not currently considered sequences, but this may change in the future, so consider avoiding using them.
WARNING:tensorflow:From /usr/local/lib/python3.6/dist-packages/tensorflow/python/training/tracking/tracking.py:111: Layer.updates (from tensorflow.python.keras.engine.base_layer) is deprecated and will be removed in a future version.
Instructions for updating:
This property should not be used in TensorFlow 2.0, as updates are applied automatically.
Saving, final validation acc: 0.9103999733924866
