2021-07-02 10:26:08.770177: I tensorflow/stream_executor/platform/default/dso_loader.cc:48] Successfully opened dynamic library libcudart.so.10.1
2021-07-02 10:27:22.952284: I tensorflow/stream_executor/platform/default/dso_loader.cc:48] Successfully opened dynamic library libcuda.so.1
2021-07-02 10:27:22.990566: I tensorflow/core/common_runtime/gpu/gpu_device.cc:1716] Found device 0 with properties: 
pciBusID: 0000:03:00.0 name: NVIDIA TITAN X (Pascal) computeCapability: 6.1
coreClock: 1.531GHz coreCount: 28 deviceMemorySize: 11.91GiB deviceMemoryBandwidth: 447.48GiB/s
2021-07-02 10:27:22.990666: I tensorflow/stream_executor/platform/default/dso_loader.cc:48] Successfully opened dynamic library libcudart.so.10.1
2021-07-02 10:27:23.033229: I tensorflow/stream_executor/platform/default/dso_loader.cc:48] Successfully opened dynamic library libcublas.so.10
2021-07-02 10:27:23.054821: I tensorflow/stream_executor/platform/default/dso_loader.cc:48] Successfully opened dynamic library libcufft.so.10
2021-07-02 10:27:23.063311: I tensorflow/stream_executor/platform/default/dso_loader.cc:48] Successfully opened dynamic library libcurand.so.10
2021-07-02 10:27:23.108297: I tensorflow/stream_executor/platform/default/dso_loader.cc:48] Successfully opened dynamic library libcusolver.so.10
2021-07-02 10:27:23.116930: I tensorflow/stream_executor/platform/default/dso_loader.cc:48] Successfully opened dynamic library libcusparse.so.10
2021-07-02 10:27:23.196669: I tensorflow/stream_executor/platform/default/dso_loader.cc:48] Successfully opened dynamic library libcudnn.so.7
2021-07-02 10:27:23.203248: I tensorflow/core/common_runtime/gpu/gpu_device.cc:1858] Adding visible gpu devices: 0
2021-07-02 10:27:23.207224: I tensorflow/core/platform/cpu_feature_guard.cc:142] This TensorFlow binary is optimized with oneAPI Deep Neural Network Library (oneDNN)to use the following CPU instructions in performance-critical operations:  AVX2 FMA
To enable them in other operations, rebuild TensorFlow with the appropriate compiler flags.
2021-07-02 10:27:23.223850: I tensorflow/core/platform/profile_utils/cpu_utils.cc:104] CPU Frequency: 2599865000 Hz
2021-07-02 10:27:23.224030: I tensorflow/compiler/xla/service/service.cc:168] XLA service 0x4f701b0 initialized for platform Host (this does not guarantee that XLA will be used). Devices:
2021-07-02 10:27:23.224052: I tensorflow/compiler/xla/service/service.cc:176]   StreamExecutor device (0): Host, Default Version
2021-07-02 10:27:23.407114: I tensorflow/compiler/xla/service/service.cc:168] XLA service 0x4f50950 initialized for platform CUDA (this does not guarantee that XLA will be used). Devices:
2021-07-02 10:27:23.407220: I tensorflow/compiler/xla/service/service.cc:176]   StreamExecutor device (0): NVIDIA TITAN X (Pascal), Compute Capability 6.1
2021-07-02 10:27:23.412939: I tensorflow/core/common_runtime/gpu/gpu_device.cc:1716] Found device 0 with properties: 
pciBusID: 0000:03:00.0 name: NVIDIA TITAN X (Pascal) computeCapability: 6.1
coreClock: 1.531GHz coreCount: 28 deviceMemorySize: 11.91GiB deviceMemoryBandwidth: 447.48GiB/s
2021-07-02 10:27:23.413030: I tensorflow/stream_executor/platform/default/dso_loader.cc:48] Successfully opened dynamic library libcudart.so.10.1
2021-07-02 10:27:23.413073: I tensorflow/stream_executor/platform/default/dso_loader.cc:48] Successfully opened dynamic library libcublas.so.10
2021-07-02 10:27:23.413095: I tensorflow/stream_executor/platform/default/dso_loader.cc:48] Successfully opened dynamic library libcufft.so.10
2021-07-02 10:27:23.413114: I tensorflow/stream_executor/platform/default/dso_loader.cc:48] Successfully opened dynamic library libcurand.so.10
2021-07-02 10:27:23.413160: I tensorflow/stream_executor/platform/default/dso_loader.cc:48] Successfully opened dynamic library libcusolver.so.10
2021-07-02 10:27:23.413181: I tensorflow/stream_executor/platform/default/dso_loader.cc:48] Successfully opened dynamic library libcusparse.so.10
2021-07-02 10:27:23.414750: I tensorflow/stream_executor/platform/default/dso_loader.cc:48] Successfully opened dynamic library libcudnn.so.7
2021-07-02 10:27:23.416672: I tensorflow/core/common_runtime/gpu/gpu_device.cc:1858] Adding visible gpu devices: 0
2021-07-02 10:27:23.418529: I tensorflow/stream_executor/platform/default/dso_loader.cc:48] Successfully opened dynamic library libcudart.so.10.1
2021-07-02 10:27:25.288244: I tensorflow/core/common_runtime/gpu/gpu_device.cc:1257] Device interconnect StreamExecutor with strength 1 edge matrix:
2021-07-02 10:27:25.288340: I tensorflow/core/common_runtime/gpu/gpu_device.cc:1263]      0 
2021-07-02 10:27:25.288356: I tensorflow/core/common_runtime/gpu/gpu_device.cc:1276] 0:   N 
2021-07-02 10:27:25.299020: I tensorflow/core/common_runtime/gpu/gpu_device.cc:1402] Created TensorFlow device (/job:localhost/replica:0/task:0/device:GPU:0 with 11228 MB memory) -> physical GPU (device: 0, name: NVIDIA TITAN X (Pascal), pci bus id: 0000:03:00.0, compute capability: 6.1)
2021-07-02 10:27:31.318039: I tensorflow/stream_executor/platform/default/dso_loader.cc:48] Successfully opened dynamic library libcudnn.so.7
2021-07-02 10:27:33.915630: I tensorflow/stream_executor/platform/default/dso_loader.cc:48] Successfully opened dynamic library libcublas.so.10
Using model index: 64
Making train data...
GCN...
ZCA...
Done!
Making test data...
Done!
Epoch 1/350


Snapshot weight 4 shuffle 6 at epoch 1
Layer 11
Getting activations...


391/391 - 25s - loss: 2.3212 - accuracy: 0.1073 - val_loss: 2.3171 - val_accuracy: 0.1273
Epoch 2/350


Snapshot weight 4 shuffle 6 at epoch 2
Layer 11
Getting activations...


391/391 - 25s - loss: 2.3119 - accuracy: 0.1234 - val_loss: 2.3621 - val_accuracy: 0.1059
Epoch 3/350


Snapshot weight 4 shuffle 6 at epoch 3
Layer 11
Getting activations...


391/391 - 25s - loss: 2.2642 - accuracy: 0.1657 - val_loss: 2.1410 - val_accuracy: 0.1981
Epoch 4/350


Snapshot weight 4 shuffle 6 at epoch 4
Layer 11
Getting activations...


391/391 - 25s - loss: 2.0976 - accuracy: 0.2477 - val_loss: 1.8002 - val_accuracy: 0.3579
Epoch 5/350


Snapshot weight 4 shuffle 6 at epoch 5
Layer 11
Getting activations...


391/391 - 25s - loss: 1.6592 - accuracy: 0.4008 - val_loss: 1.4970 - val_accuracy: 0.4590
Epoch 6/350


Snapshot weight 4 shuffle 6 at epoch 6
Layer 11
Getting activations...


391/391 - 25s - loss: 1.4707 - accuracy: 0.4754 - val_loss: 1.2854 - val_accuracy: 0.5475
Epoch 7/350


Snapshot weight 4 shuffle 6 at epoch 7
Layer 11
Getting activations...


391/391 - 25s - loss: 1.3267 - accuracy: 0.5327 - val_loss: 1.1587 - val_accuracy: 0.5925
Epoch 8/350


Snapshot weight 4 shuffle 6 at epoch 8
Layer 11
Getting activations...


391/391 - 25s - loss: 1.2480 - accuracy: 0.5598 - val_loss: 1.2169 - val_accuracy: 0.5652
Epoch 9/350


Snapshot weight 4 shuffle 6 at epoch 9
Layer 11
Getting activations...


391/391 - 25s - loss: 1.1596 - accuracy: 0.5946 - val_loss: 1.0512 - val_accuracy: 0.6335
Epoch 10/350


Snapshot weight 4 shuffle 6 at epoch 10
Layer 11
Getting activations...


391/391 - 25s - loss: 1.0866 - accuracy: 0.6224 - val_loss: 1.0201 - val_accuracy: 0.6515
Epoch 11/350
391/391 - 25s - loss: 1.0440 - accuracy: 0.6374 - val_loss: 0.9505 - val_accuracy: 0.6740
Epoch 12/350
391/391 - 25s - loss: 0.9865 - accuracy: 0.6591 - val_loss: 0.8873 - val_accuracy: 0.6906
Epoch 13/350
391/391 - 25s - loss: 0.9616 - accuracy: 0.6710 - val_loss: 0.9066 - val_accuracy: 0.6868
Epoch 14/350
391/391 - 25s - loss: 0.9137 - accuracy: 0.6870 - val_loss: 0.8403 - val_accuracy: 0.7161
Epoch 15/350
391/391 - 25s - loss: 0.8751 - accuracy: 0.7012 - val_loss: 0.7912 - val_accuracy: 0.7284
Epoch 16/350
391/391 - 25s - loss: 0.8417 - accuracy: 0.7132 - val_loss: 0.7431 - val_accuracy: 0.7467
Epoch 17/350
391/391 - 25s - loss: 0.8035 - accuracy: 0.7261 - val_loss: 0.7508 - val_accuracy: 0.7449
Epoch 18/350
391/391 - 25s - loss: 0.7781 - accuracy: 0.7369 - val_loss: 0.7187 - val_accuracy: 0.7585
Epoch 19/350
391/391 - 25s - loss: 0.7638 - accuracy: 0.7424 - val_loss: 0.7066 - val_accuracy: 0.7659
Epoch 20/350
391/391 - 25s - loss: 0.7356 - accuracy: 0.7529 - val_loss: 0.7085 - val_accuracy: 0.7612
Epoch 21/350
391/391 - 25s - loss: 0.6989 - accuracy: 0.7660 - val_loss: 0.6787 - val_accuracy: 0.7740
Epoch 22/350
391/391 - 25s - loss: 0.6904 - accuracy: 0.7699 - val_loss: 0.6616 - val_accuracy: 0.7829
Epoch 23/350
391/391 - 25s - loss: 0.6625 - accuracy: 0.7796 - val_loss: 0.5927 - val_accuracy: 0.8021
Epoch 24/350
391/391 - 25s - loss: 0.6537 - accuracy: 0.7844 - val_loss: 0.7251 - val_accuracy: 0.7721
Epoch 25/350
391/391 - 25s - loss: 0.6377 - accuracy: 0.7874 - val_loss: 0.5839 - val_accuracy: 0.8126
Epoch 26/350
391/391 - 25s - loss: 0.6185 - accuracy: 0.7932 - val_loss: 0.5879 - val_accuracy: 0.8031
Epoch 27/350
391/391 - 25s - loss: 0.6025 - accuracy: 0.8021 - val_loss: 0.5467 - val_accuracy: 0.8217
Epoch 28/350
391/391 - 25s - loss: 0.5848 - accuracy: 0.8062 - val_loss: 0.5326 - val_accuracy: 0.8311
Epoch 29/350
391/391 - 25s - loss: 0.5753 - accuracy: 0.8092 - val_loss: 0.5568 - val_accuracy: 0.8237
Epoch 30/350
391/391 - 25s - loss: 0.5606 - accuracy: 0.8157 - val_loss: 0.5384 - val_accuracy: 0.8258
Epoch 31/350
391/391 - 25s - loss: 0.5519 - accuracy: 0.8194 - val_loss: 0.5227 - val_accuracy: 0.8349
Epoch 32/350
391/391 - 25s - loss: 0.5419 - accuracy: 0.8225 - val_loss: 0.5550 - val_accuracy: 0.8269
Epoch 33/350
391/391 - 25s - loss: 0.5373 - accuracy: 0.8233 - val_loss: 0.5059 - val_accuracy: 0.8401
Epoch 34/350
391/391 - 25s - loss: 0.5221 - accuracy: 0.8286 - val_loss: 0.4990 - val_accuracy: 0.8430
Epoch 35/350
391/391 - 25s - loss: 0.5092 - accuracy: 0.8331 - val_loss: 0.5184 - val_accuracy: 0.8352
Epoch 36/350
391/391 - 25s - loss: 0.5042 - accuracy: 0.8335 - val_loss: 0.5140 - val_accuracy: 0.8384
Epoch 37/350
391/391 - 25s - loss: 0.4949 - accuracy: 0.8380 - val_loss: 0.4989 - val_accuracy: 0.8407
Epoch 38/350
391/391 - 25s - loss: 0.4951 - accuracy: 0.8390 - val_loss: 0.4866 - val_accuracy: 0.8463
Epoch 39/350
391/391 - 25s - loss: 0.4810 - accuracy: 0.8449 - val_loss: 0.4928 - val_accuracy: 0.8471
Epoch 40/350
391/391 - 25s - loss: 0.4657 - accuracy: 0.8488 - val_loss: 0.4885 - val_accuracy: 0.8498
Epoch 41/350
391/391 - 25s - loss: 0.4596 - accuracy: 0.8506 - val_loss: 0.4592 - val_accuracy: 0.8586
Epoch 42/350
391/391 - 25s - loss: 0.4529 - accuracy: 0.8521 - val_loss: 0.4576 - val_accuracy: 0.8585
Epoch 43/350
391/391 - 25s - loss: 0.4484 - accuracy: 0.8536 - val_loss: 0.5278 - val_accuracy: 0.8342
Epoch 44/350
391/391 - 25s - loss: 0.4424 - accuracy: 0.8551 - val_loss: 0.4961 - val_accuracy: 0.8466
Epoch 45/350
391/391 - 25s - loss: 0.4307 - accuracy: 0.8598 - val_loss: 0.4664 - val_accuracy: 0.8579
Epoch 46/350
391/391 - 25s - loss: 0.4298 - accuracy: 0.8604 - val_loss: 0.4693 - val_accuracy: 0.8539
Epoch 47/350
391/391 - 25s - loss: 0.4215 - accuracy: 0.8642 - val_loss: 0.4662 - val_accuracy: 0.8534
Epoch 48/350
391/391 - 25s - loss: 0.4225 - accuracy: 0.8631 - val_loss: 0.4519 - val_accuracy: 0.8611
Epoch 49/350
391/391 - 25s - loss: 0.4127 - accuracy: 0.8663 - val_loss: 0.4564 - val_accuracy: 0.8612
Epoch 50/350


Snapshot weight 4 shuffle 6 at epoch 50
Layer 11
Getting activations...


391/391 - 25s - loss: 0.3986 - accuracy: 0.8719 - val_loss: 0.5190 - val_accuracy: 0.8507
Epoch 51/350
391/391 - 25s - loss: 0.3978 - accuracy: 0.8725 - val_loss: 0.4553 - val_accuracy: 0.8610
Epoch 52/350
391/391 - 25s - loss: 0.3961 - accuracy: 0.8707 - val_loss: 0.4452 - val_accuracy: 0.8665
Epoch 53/350
391/391 - 25s - loss: 0.3903 - accuracy: 0.8745 - val_loss: 0.4520 - val_accuracy: 0.8623
Epoch 54/350
391/391 - 25s - loss: 0.3887 - accuracy: 0.8754 - val_loss: 0.4380 - val_accuracy: 0.8658
Epoch 55/350
391/391 - 25s - loss: 0.3781 - accuracy: 0.8786 - val_loss: 0.4616 - val_accuracy: 0.8611
Epoch 56/350
391/391 - 25s - loss: 0.3735 - accuracy: 0.8802 - val_loss: 0.4441 - val_accuracy: 0.8642
Epoch 57/350
391/391 - 25s - loss: 0.3729 - accuracy: 0.8798 - val_loss: 0.4438 - val_accuracy: 0.8675
Epoch 58/350
391/391 - 25s - loss: 0.3724 - accuracy: 0.8816 - val_loss: 0.4383 - val_accuracy: 0.8656
Epoch 59/350
391/391 - 25s - loss: 0.3651 - accuracy: 0.8831 - val_loss: 0.4254 - val_accuracy: 0.8721
Epoch 60/350
391/391 - 25s - loss: 0.3602 - accuracy: 0.8859 - val_loss: 0.4374 - val_accuracy: 0.8678
Epoch 61/350
391/391 - 25s - loss: 0.3522 - accuracy: 0.8873 - val_loss: 0.4302 - val_accuracy: 0.8729
Epoch 62/350
391/391 - 25s - loss: 0.3552 - accuracy: 0.8859 - val_loss: 0.4313 - val_accuracy: 0.8720
Epoch 63/350
391/391 - 25s - loss: 0.3490 - accuracy: 0.8888 - val_loss: 0.4441 - val_accuracy: 0.8693
Epoch 64/350
391/391 - 25s - loss: 0.3471 - accuracy: 0.8896 - val_loss: 0.4106 - val_accuracy: 0.8776
Epoch 65/350
391/391 - 25s - loss: 0.3411 - accuracy: 0.8934 - val_loss: 0.4437 - val_accuracy: 0.8739
Epoch 66/350
391/391 - 25s - loss: 0.3446 - accuracy: 0.8910 - val_loss: 0.4494 - val_accuracy: 0.8728
Epoch 67/350
391/391 - 25s - loss: 0.3395 - accuracy: 0.8926 - val_loss: 0.4143 - val_accuracy: 0.8784
Epoch 68/350
391/391 - 25s - loss: 0.3315 - accuracy: 0.8945 - val_loss: 0.4365 - val_accuracy: 0.8751
Epoch 69/350
391/391 - 25s - loss: 0.3284 - accuracy: 0.8967 - val_loss: 0.4300 - val_accuracy: 0.8733
Epoch 70/350
391/391 - 25s - loss: 0.3270 - accuracy: 0.8974 - val_loss: 0.4091 - val_accuracy: 0.8834
Epoch 71/350
391/391 - 25s - loss: 0.3242 - accuracy: 0.8977 - val_loss: 0.4225 - val_accuracy: 0.8782
Epoch 72/350
391/391 - 25s - loss: 0.3194 - accuracy: 0.9010 - val_loss: 0.4214 - val_accuracy: 0.8767
Epoch 73/350
391/391 - 25s - loss: 0.3204 - accuracy: 0.8997 - val_loss: 0.4175 - val_accuracy: 0.8767
Epoch 74/350
391/391 - 25s - loss: 0.3127 - accuracy: 0.9029 - val_loss: 0.4133 - val_accuracy: 0.8823
Epoch 75/350
391/391 - 25s - loss: 0.3149 - accuracy: 0.9002 - val_loss: 0.4285 - val_accuracy: 0.8782
Epoch 76/350
391/391 - 25s - loss: 0.3072 - accuracy: 0.9041 - val_loss: 0.4324 - val_accuracy: 0.8798
Epoch 77/350
391/391 - 25s - loss: 0.3050 - accuracy: 0.9056 - val_loss: 0.4291 - val_accuracy: 0.8752
Epoch 78/350
391/391 - 25s - loss: 0.2990 - accuracy: 0.9079 - val_loss: 0.4069 - val_accuracy: 0.8858
Epoch 79/350
391/391 - 25s - loss: 0.2993 - accuracy: 0.9074 - val_loss: 0.4382 - val_accuracy: 0.8797
Epoch 80/350
391/391 - 25s - loss: 0.2940 - accuracy: 0.9099 - val_loss: 0.4159 - val_accuracy: 0.8800
Epoch 81/350
391/391 - 25s - loss: 0.2941 - accuracy: 0.9075 - val_loss: 0.4490 - val_accuracy: 0.8735
Epoch 82/350
391/391 - 25s - loss: 0.2935 - accuracy: 0.9075 - val_loss: 0.4138 - val_accuracy: 0.8820
Epoch 83/350
391/391 - 25s - loss: 0.2950 - accuracy: 0.9072 - val_loss: 0.4177 - val_accuracy: 0.8836
Epoch 84/350
391/391 - 25s - loss: 0.2845 - accuracy: 0.9115 - val_loss: 0.3899 - val_accuracy: 0.8914
Epoch 85/350
391/391 - 25s - loss: 0.2881 - accuracy: 0.9116 - val_loss: 0.4121 - val_accuracy: 0.8820
Epoch 86/350
391/391 - 25s - loss: 0.2814 - accuracy: 0.9146 - val_loss: 0.4015 - val_accuracy: 0.8857
Epoch 87/350
391/391 - 25s - loss: 0.2797 - accuracy: 0.9139 - val_loss: 0.4197 - val_accuracy: 0.8817
Epoch 88/350
391/391 - 25s - loss: 0.2744 - accuracy: 0.9150 - val_loss: 0.3875 - val_accuracy: 0.8852
Epoch 89/350
391/391 - 25s - loss: 0.2776 - accuracy: 0.9139 - val_loss: 0.4113 - val_accuracy: 0.8853
Epoch 90/350
391/391 - 25s - loss: 0.2778 - accuracy: 0.9140 - val_loss: 0.3996 - val_accuracy: 0.8875
Epoch 91/350
391/391 - 25s - loss: 0.2744 - accuracy: 0.9155 - val_loss: 0.4196 - val_accuracy: 0.8830
Epoch 92/350
391/391 - 25s - loss: 0.2661 - accuracy: 0.9174 - val_loss: 0.4177 - val_accuracy: 0.8814
Epoch 93/350
391/391 - 25s - loss: 0.2671 - accuracy: 0.9188 - val_loss: 0.4289 - val_accuracy: 0.8838
Epoch 94/350
391/391 - 25s - loss: 0.2646 - accuracy: 0.9194 - val_loss: 0.4090 - val_accuracy: 0.8847
Epoch 95/350
391/391 - 25s - loss: 0.2604 - accuracy: 0.9212 - val_loss: 0.4098 - val_accuracy: 0.8897
Epoch 96/350
391/391 - 25s - loss: 0.2677 - accuracy: 0.9173 - val_loss: 0.4181 - val_accuracy: 0.8829
Epoch 97/350
391/391 - 25s - loss: 0.2599 - accuracy: 0.9216 - val_loss: 0.4258 - val_accuracy: 0.8864
Epoch 98/350
391/391 - 25s - loss: 0.2585 - accuracy: 0.9214 - val_loss: 0.3967 - val_accuracy: 0.8915
Epoch 99/350
391/391 - 25s - loss: 0.2548 - accuracy: 0.9230 - val_loss: 0.3815 - val_accuracy: 0.8924
Epoch 100/350


Snapshot weight 4 shuffle 6 at epoch 100
Layer 11
Getting activations...


391/391 - 25s - loss: 0.2519 - accuracy: 0.9230 - val_loss: 0.4078 - val_accuracy: 0.8856
Epoch 101/350
391/391 - 25s - loss: 0.2520 - accuracy: 0.9240 - val_loss: 0.4233 - val_accuracy: 0.8878
Epoch 102/350
391/391 - 25s - loss: 0.2543 - accuracy: 0.9244 - val_loss: 0.4618 - val_accuracy: 0.8749
Epoch 103/350
391/391 - 25s - loss: 0.2463 - accuracy: 0.9264 - val_loss: 0.4196 - val_accuracy: 0.8859
Epoch 104/350
391/391 - 25s - loss: 0.2476 - accuracy: 0.9272 - val_loss: 0.4019 - val_accuracy: 0.8941
Epoch 105/350
391/391 - 25s - loss: 0.2476 - accuracy: 0.9252 - val_loss: 0.3816 - val_accuracy: 0.8941
Epoch 106/350
391/391 - 25s - loss: 0.2479 - accuracy: 0.9262 - val_loss: 0.4160 - val_accuracy: 0.8884
Epoch 107/350
391/391 - 26s - loss: 0.2430 - accuracy: 0.9279 - val_loss: 0.4232 - val_accuracy: 0.8867
Epoch 108/350
391/391 - 25s - loss: 0.2359 - accuracy: 0.9302 - val_loss: 0.4303 - val_accuracy: 0.8860
Epoch 109/350
391/391 - 25s - loss: 0.2389 - accuracy: 0.9290 - val_loss: 0.4086 - val_accuracy: 0.8924
Epoch 110/350
391/391 - 25s - loss: 0.2411 - accuracy: 0.9284 - val_loss: 0.4060 - val_accuracy: 0.8926
Epoch 111/350
391/391 - 25s - loss: 0.2369 - accuracy: 0.9295 - val_loss: 0.4070 - val_accuracy: 0.8869
Epoch 112/350
391/391 - 25s - loss: 0.2358 - accuracy: 0.9298 - val_loss: 0.4056 - val_accuracy: 0.8920
Epoch 113/350
391/391 - 25s - loss: 0.2303 - accuracy: 0.9321 - val_loss: 0.4324 - val_accuracy: 0.8858
Epoch 114/350
391/391 - 25s - loss: 0.2377 - accuracy: 0.9296 - val_loss: 0.4390 - val_accuracy: 0.8899
Epoch 115/350
391/391 - 25s - loss: 0.2339 - accuracy: 0.9312 - val_loss: 0.4038 - val_accuracy: 0.8904
Epoch 116/350
391/391 - 25s - loss: 0.2306 - accuracy: 0.9325 - val_loss: 0.4382 - val_accuracy: 0.8858
Epoch 117/350
391/391 - 25s - loss: 0.2255 - accuracy: 0.9337 - val_loss: 0.4246 - val_accuracy: 0.8936
Epoch 118/350
391/391 - 25s - loss: 0.2235 - accuracy: 0.9349 - val_loss: 0.4123 - val_accuracy: 0.8947
Epoch 119/350
391/391 - 25s - loss: 0.2255 - accuracy: 0.9341 - val_loss: 0.4224 - val_accuracy: 0.8919
Epoch 120/350
391/391 - 25s - loss: 0.2227 - accuracy: 0.9356 - val_loss: 0.4470 - val_accuracy: 0.8900
Epoch 121/350
391/391 - 25s - loss: 0.2204 - accuracy: 0.9363 - val_loss: 0.4383 - val_accuracy: 0.8895
Epoch 122/350
391/391 - 25s - loss: 0.2176 - accuracy: 0.9364 - val_loss: 0.4402 - val_accuracy: 0.8877
Epoch 123/350
391/391 - 25s - loss: 0.2232 - accuracy: 0.9343 - val_loss: 0.4307 - val_accuracy: 0.8891
Epoch 124/350
391/391 - 25s - loss: 0.2195 - accuracy: 0.9358 - val_loss: 0.4153 - val_accuracy: 0.8954
Epoch 125/350
391/391 - 25s - loss: 0.2228 - accuracy: 0.9354 - val_loss: 0.4548 - val_accuracy: 0.8916
Epoch 126/350
391/391 - 25s - loss: 0.2175 - accuracy: 0.9374 - val_loss: 0.4452 - val_accuracy: 0.8883
Epoch 127/350
391/391 - 25s - loss: 0.2123 - accuracy: 0.9385 - val_loss: 0.4485 - val_accuracy: 0.8841
Epoch 128/350
391/391 - 25s - loss: 0.2132 - accuracy: 0.9383 - val_loss: 0.4381 - val_accuracy: 0.8912
Epoch 129/350
391/391 - 25s - loss: 0.2102 - accuracy: 0.9392 - val_loss: 0.4422 - val_accuracy: 0.8905
Epoch 130/350
391/391 - 25s - loss: 0.2121 - accuracy: 0.9391 - val_loss: 0.4272 - val_accuracy: 0.8928
Epoch 131/350
391/391 - 25s - loss: 0.2099 - accuracy: 0.9393 - val_loss: 0.4507 - val_accuracy: 0.8888
Epoch 132/350
391/391 - 25s - loss: 0.2113 - accuracy: 0.9390 - val_loss: 0.4370 - val_accuracy: 0.8863
Epoch 133/350
391/391 - 25s - loss: 0.2091 - accuracy: 0.9395 - val_loss: 0.3976 - val_accuracy: 0.8984
Epoch 134/350
391/391 - 25s - loss: 0.2107 - accuracy: 0.9400 - val_loss: 0.4273 - val_accuracy: 0.8926
Epoch 135/350
391/391 - 25s - loss: 0.2062 - accuracy: 0.9404 - val_loss: 0.4303 - val_accuracy: 0.8908
Epoch 136/350
391/391 - 25s - loss: 0.2054 - accuracy: 0.9429 - val_loss: 0.4194 - val_accuracy: 0.8990
Epoch 137/350
391/391 - 25s - loss: 0.2050 - accuracy: 0.9416 - val_loss: 0.4424 - val_accuracy: 0.8920
Epoch 138/350
391/391 - 25s - loss: 0.2033 - accuracy: 0.9420 - val_loss: 0.4476 - val_accuracy: 0.8901
Epoch 139/350
391/391 - 25s - loss: 0.2013 - accuracy: 0.9428 - val_loss: 0.4431 - val_accuracy: 0.8929
Epoch 140/350
391/391 - 25s - loss: 0.1992 - accuracy: 0.9445 - val_loss: 0.4551 - val_accuracy: 0.8899
Epoch 141/350
391/391 - 25s - loss: 0.1980 - accuracy: 0.9445 - val_loss: 0.4426 - val_accuracy: 0.8940
Epoch 142/350
391/391 - 25s - loss: 0.2034 - accuracy: 0.9431 - val_loss: 0.4228 - val_accuracy: 0.8958
Epoch 143/350
391/391 - 25s - loss: 0.2027 - accuracy: 0.9431 - val_loss: 0.4329 - val_accuracy: 0.8941
Epoch 144/350
391/391 - 25s - loss: 0.1965 - accuracy: 0.9456 - val_loss: 0.4264 - val_accuracy: 0.8990
Epoch 145/350
391/391 - 25s - loss: 0.1977 - accuracy: 0.9436 - val_loss: 0.4647 - val_accuracy: 0.8919
Epoch 146/350
391/391 - 25s - loss: 0.1996 - accuracy: 0.9438 - val_loss: 0.4356 - val_accuracy: 0.8958
Epoch 147/350
391/391 - 25s - loss: 0.1924 - accuracy: 0.9464 - val_loss: 0.4494 - val_accuracy: 0.8957
Epoch 148/350
391/391 - 25s - loss: 0.1922 - accuracy: 0.9459 - val_loss: 0.4283 - val_accuracy: 0.8981
Epoch 149/350
391/391 - 25s - loss: 0.1951 - accuracy: 0.9458 - val_loss: 0.4356 - val_accuracy: 0.8973
Epoch 150/350


Snapshot weight 4 shuffle 6 at epoch 150
Layer 11
Getting activations...


391/391 - 25s - loss: 0.1931 - accuracy: 0.9456 - val_loss: 0.4329 - val_accuracy: 0.8977
Epoch 151/350
391/391 - 25s - loss: 0.1915 - accuracy: 0.9476 - val_loss: 0.4263 - val_accuracy: 0.8973
Epoch 152/350
391/391 - 25s - loss: 0.1920 - accuracy: 0.9459 - val_loss: 0.4422 - val_accuracy: 0.8967
Epoch 153/350
391/391 - 25s - loss: 0.1890 - accuracy: 0.9474 - val_loss: 0.4417 - val_accuracy: 0.8932
Epoch 154/350
391/391 - 25s - loss: 0.1873 - accuracy: 0.9484 - val_loss: 0.4350 - val_accuracy: 0.8945
Epoch 155/350
391/391 - 25s - loss: 0.1895 - accuracy: 0.9465 - val_loss: 0.4117 - val_accuracy: 0.9044
Epoch 156/350
391/391 - 25s - loss: 0.1851 - accuracy: 0.9492 - val_loss: 0.4712 - val_accuracy: 0.8933
Epoch 157/350
391/391 - 25s - loss: 0.1826 - accuracy: 0.9508 - val_loss: 0.4495 - val_accuracy: 0.8971
Epoch 158/350
391/391 - 25s - loss: 0.1867 - accuracy: 0.9496 - val_loss: 0.4325 - val_accuracy: 0.8938
Epoch 159/350
391/391 - 25s - loss: 0.1872 - accuracy: 0.9491 - val_loss: 0.4335 - val_accuracy: 0.8986
Epoch 160/350
391/391 - 25s - loss: 0.1835 - accuracy: 0.9502 - val_loss: 0.4513 - val_accuracy: 0.8986
Epoch 161/350
391/391 - 25s - loss: 0.1830 - accuracy: 0.9495 - val_loss: 0.4402 - val_accuracy: 0.8980
Epoch 162/350
391/391 - 25s - loss: 0.1810 - accuracy: 0.9502 - val_loss: 0.4798 - val_accuracy: 0.8917
Epoch 163/350
391/391 - 25s - loss: 0.1843 - accuracy: 0.9498 - val_loss: 0.4392 - val_accuracy: 0.8991
Epoch 164/350
391/391 - 25s - loss: 0.1794 - accuracy: 0.9508 - val_loss: 0.4247 - val_accuracy: 0.8991
Epoch 165/350
391/391 - 25s - loss: 0.1782 - accuracy: 0.9519 - val_loss: 0.4639 - val_accuracy: 0.8927
Epoch 166/350
391/391 - 25s - loss: 0.1748 - accuracy: 0.9531 - val_loss: 0.4613 - val_accuracy: 0.8946
Epoch 167/350
391/391 - 25s - loss: 0.1794 - accuracy: 0.9514 - val_loss: 0.4398 - val_accuracy: 0.8981
Epoch 168/350
391/391 - 25s - loss: 0.1790 - accuracy: 0.9519 - val_loss: 0.4459 - val_accuracy: 0.8956
Epoch 169/350
391/391 - 25s - loss: 0.1798 - accuracy: 0.9519 - val_loss: 0.4596 - val_accuracy: 0.8961
Epoch 170/350
391/391 - 25s - loss: 0.1762 - accuracy: 0.9542 - val_loss: 0.4681 - val_accuracy: 0.8964
Epoch 171/350
391/391 - 25s - loss: 0.1803 - accuracy: 0.9519 - val_loss: 0.4596 - val_accuracy: 0.8945
Epoch 172/350
391/391 - 25s - loss: 0.1755 - accuracy: 0.9522 - val_loss: 0.4314 - val_accuracy: 0.9012
Epoch 173/350
391/391 - 25s - loss: 0.1738 - accuracy: 0.9537 - val_loss: 0.4721 - val_accuracy: 0.8975
Epoch 174/350
391/391 - 25s - loss: 0.1762 - accuracy: 0.9528 - val_loss: 0.4469 - val_accuracy: 0.8959
Epoch 175/350
391/391 - 25s - loss: 0.1721 - accuracy: 0.9550 - val_loss: 0.4601 - val_accuracy: 0.9008
Epoch 176/350
391/391 - 25s - loss: 0.1743 - accuracy: 0.9549 - val_loss: 0.4270 - val_accuracy: 0.9000
Epoch 177/350
391/391 - 25s - loss: 0.1717 - accuracy: 0.9548 - val_loss: 0.4486 - val_accuracy: 0.9019
Epoch 178/350
391/391 - 25s - loss: 0.1723 - accuracy: 0.9547 - val_loss: 0.4560 - val_accuracy: 0.8952
Epoch 179/350
391/391 - 25s - loss: 0.1752 - accuracy: 0.9544 - val_loss: 0.4407 - val_accuracy: 0.8990
Epoch 180/350
391/391 - 25s - loss: 0.1732 - accuracy: 0.9547 - val_loss: 0.4251 - val_accuracy: 0.9006
Epoch 181/350
391/391 - 25s - loss: 0.1719 - accuracy: 0.9554 - val_loss: 0.4496 - val_accuracy: 0.8968
Epoch 182/350
391/391 - 25s - loss: 0.1698 - accuracy: 0.9560 - val_loss: 0.4987 - val_accuracy: 0.8842
Epoch 183/350
391/391 - 25s - loss: 0.1660 - accuracy: 0.9560 - val_loss: 0.5026 - val_accuracy: 0.8941
Epoch 184/350
391/391 - 25s - loss: 0.1664 - accuracy: 0.9572 - val_loss: 0.4559 - val_accuracy: 0.9045
Epoch 185/350
391/391 - 25s - loss: 0.1653 - accuracy: 0.9578 - val_loss: 0.5160 - val_accuracy: 0.8910
Epoch 186/350
391/391 - 25s - loss: 0.1691 - accuracy: 0.9567 - val_loss: 0.4378 - val_accuracy: 0.8992
Epoch 187/350
391/391 - 25s - loss: 0.1647 - accuracy: 0.9568 - val_loss: 0.4616 - val_accuracy: 0.8981
Epoch 188/350
391/391 - 25s - loss: 0.1643 - accuracy: 0.9582 - val_loss: 0.4473 - val_accuracy: 0.8968
Epoch 189/350
391/391 - 25s - loss: 0.1661 - accuracy: 0.9575 - val_loss: 0.4517 - val_accuracy: 0.8978
Epoch 190/350
391/391 - 25s - loss: 0.1646 - accuracy: 0.9568 - val_loss: 0.5260 - val_accuracy: 0.8901
Epoch 191/350
391/391 - 25s - loss: 0.1692 - accuracy: 0.9569 - val_loss: 0.4704 - val_accuracy: 0.8943
Epoch 192/350
391/391 - 25s - loss: 0.1662 - accuracy: 0.9569 - val_loss: 0.4978 - val_accuracy: 0.8934
Epoch 193/350
391/391 - 25s - loss: 0.1651 - accuracy: 0.9579 - val_loss: 0.4542 - val_accuracy: 0.9002
Epoch 194/350
391/391 - 25s - loss: 0.1627 - accuracy: 0.9579 - val_loss: 0.5173 - val_accuracy: 0.8891
Epoch 195/350
391/391 - 25s - loss: 0.1654 - accuracy: 0.9571 - val_loss: 0.5044 - val_accuracy: 0.8960
Epoch 196/350
391/391 - 25s - loss: 0.1586 - accuracy: 0.9595 - val_loss: 0.4688 - val_accuracy: 0.9002
Epoch 197/350
391/391 - 25s - loss: 0.1589 - accuracy: 0.9606 - val_loss: 0.4575 - val_accuracy: 0.8961
Epoch 198/350
391/391 - 25s - loss: 0.1598 - accuracy: 0.9602 - val_loss: 0.4856 - val_accuracy: 0.8966
Epoch 199/350
391/391 - 25s - loss: 0.1681 - accuracy: 0.9564 - val_loss: 0.4541 - val_accuracy: 0.8949
Epoch 200/350


Snapshot weight 4 shuffle 6 at epoch 200
Layer 11
Getting activations...


391/391 - 25s - loss: 0.1576 - accuracy: 0.9605 - val_loss: 0.5008 - val_accuracy: 0.8966
Epoch 201/350
391/391 - 25s - loss: 0.1370 - accuracy: 0.9678 - val_loss: 0.4378 - val_accuracy: 0.9083
Epoch 202/350
391/391 - 25s - loss: 0.1250 - accuracy: 0.9714 - val_loss: 0.4326 - val_accuracy: 0.9085
Epoch 203/350
391/391 - 25s - loss: 0.1196 - accuracy: 0.9740 - val_loss: 0.4462 - val_accuracy: 0.9087
Epoch 204/350
391/391 - 25s - loss: 0.1192 - accuracy: 0.9737 - val_loss: 0.4490 - val_accuracy: 0.9078
Epoch 205/350
391/391 - 25s - loss: 0.1138 - accuracy: 0.9758 - val_loss: 0.4505 - val_accuracy: 0.9087
Epoch 206/350
391/391 - 25s - loss: 0.1140 - accuracy: 0.9756 - val_loss: 0.4487 - val_accuracy: 0.9079
Epoch 207/350
391/391 - 25s - loss: 0.1131 - accuracy: 0.9764 - val_loss: 0.4555 - val_accuracy: 0.9088
Epoch 208/350
391/391 - 25s - loss: 0.1116 - accuracy: 0.9765 - val_loss: 0.4550 - val_accuracy: 0.9091
Epoch 209/350
391/391 - 25s - loss: 0.1124 - accuracy: 0.9759 - val_loss: 0.4632 - val_accuracy: 0.9078
Epoch 210/350
391/391 - 25s - loss: 0.1134 - accuracy: 0.9767 - val_loss: 0.4644 - val_accuracy: 0.9091
Epoch 211/350
391/391 - 25s - loss: 0.1106 - accuracy: 0.9771 - val_loss: 0.4626 - val_accuracy: 0.9069
Epoch 212/350
391/391 - 25s - loss: 0.1115 - accuracy: 0.9774 - val_loss: 0.4675 - val_accuracy: 0.9083
Epoch 213/350
391/391 - 25s - loss: 0.1101 - accuracy: 0.9771 - val_loss: 0.4634 - val_accuracy: 0.9098
Epoch 214/350
391/391 - 25s - loss: 0.1109 - accuracy: 0.9772 - val_loss: 0.4606 - val_accuracy: 0.9108
Epoch 215/350
391/391 - 25s - loss: 0.1097 - accuracy: 0.9773 - val_loss: 0.4673 - val_accuracy: 0.9092
Epoch 216/350
391/391 - 25s - loss: 0.1072 - accuracy: 0.9789 - val_loss: 0.4681 - val_accuracy: 0.9098
Epoch 217/350
391/391 - 25s - loss: 0.1083 - accuracy: 0.9787 - val_loss: 0.4643 - val_accuracy: 0.9094
Epoch 218/350
391/391 - 25s - loss: 0.1067 - accuracy: 0.9783 - val_loss: 0.4677 - val_accuracy: 0.9097
Epoch 219/350
391/391 - 25s - loss: 0.1068 - accuracy: 0.9793 - val_loss: 0.4777 - val_accuracy: 0.9079
Epoch 220/350
391/391 - 25s - loss: 0.1036 - accuracy: 0.9791 - val_loss: 0.4705 - val_accuracy: 0.9086
Epoch 221/350
391/391 - 25s - loss: 0.1056 - accuracy: 0.9785 - val_loss: 0.4664 - val_accuracy: 0.9109
Epoch 222/350
391/391 - 25s - loss: 0.1044 - accuracy: 0.9792 - val_loss: 0.4797 - val_accuracy: 0.9098
Epoch 223/350
391/391 - 25s - loss: 0.1045 - accuracy: 0.9791 - val_loss: 0.4758 - val_accuracy: 0.9092
Epoch 224/350
391/391 - 25s - loss: 0.1068 - accuracy: 0.9787 - val_loss: 0.4758 - val_accuracy: 0.9093
Epoch 225/350
391/391 - 25s - loss: 0.1037 - accuracy: 0.9802 - val_loss: 0.4732 - val_accuracy: 0.9099
Epoch 226/350
391/391 - 25s - loss: 0.1058 - accuracy: 0.9786 - val_loss: 0.4871 - val_accuracy: 0.9083
Epoch 227/350
391/391 - 25s - loss: 0.1058 - accuracy: 0.9797 - val_loss: 0.4762 - val_accuracy: 0.9099
Epoch 228/350
391/391 - 25s - loss: 0.1069 - accuracy: 0.9783 - val_loss: 0.4802 - val_accuracy: 0.9102
Epoch 229/350
391/391 - 25s - loss: 0.1036 - accuracy: 0.9795 - val_loss: 0.4781 - val_accuracy: 0.9090
Epoch 230/350
391/391 - 25s - loss: 0.1057 - accuracy: 0.9789 - val_loss: 0.4845 - val_accuracy: 0.9076
Epoch 231/350
391/391 - 25s - loss: 0.1013 - accuracy: 0.9800 - val_loss: 0.4798 - val_accuracy: 0.9102
Epoch 232/350
391/391 - 25s - loss: 0.1035 - accuracy: 0.9793 - val_loss: 0.4846 - val_accuracy: 0.9085
Epoch 233/350
391/391 - 25s - loss: 0.1032 - accuracy: 0.9796 - val_loss: 0.4753 - val_accuracy: 0.9090
Epoch 234/350
391/391 - 25s - loss: 0.1034 - accuracy: 0.9795 - val_loss: 0.4794 - val_accuracy: 0.9105
Epoch 235/350
391/391 - 25s - loss: 0.1041 - accuracy: 0.9795 - val_loss: 0.4814 - val_accuracy: 0.9087
Epoch 236/350
391/391 - 25s - loss: 0.1028 - accuracy: 0.9801 - val_loss: 0.4822 - val_accuracy: 0.9101
Epoch 237/350
391/391 - 25s - loss: 0.0996 - accuracy: 0.9810 - val_loss: 0.4812 - val_accuracy: 0.9097
Epoch 238/350
391/391 - 25s - loss: 0.1040 - accuracy: 0.9790 - val_loss: 0.4806 - val_accuracy: 0.9099
Epoch 239/350
391/391 - 25s - loss: 0.1013 - accuracy: 0.9807 - val_loss: 0.4850 - val_accuracy: 0.9086
Epoch 240/350
391/391 - 25s - loss: 0.1036 - accuracy: 0.9799 - val_loss: 0.4793 - val_accuracy: 0.9089
Epoch 241/350
391/391 - 25s - loss: 0.1010 - accuracy: 0.9811 - val_loss: 0.4779 - val_accuracy: 0.9099
Epoch 242/350
391/391 - 25s - loss: 0.1002 - accuracy: 0.9808 - val_loss: 0.4848 - val_accuracy: 0.9089
Epoch 243/350
391/391 - 25s - loss: 0.1033 - accuracy: 0.9789 - val_loss: 0.4927 - val_accuracy: 0.9073
Epoch 244/350
391/391 - 25s - loss: 0.1008 - accuracy: 0.9806 - val_loss: 0.4863 - val_accuracy: 0.9101
Epoch 245/350
391/391 - 25s - loss: 0.1026 - accuracy: 0.9800 - val_loss: 0.4774 - val_accuracy: 0.9091
Epoch 246/350
391/391 - 25s - loss: 0.1023 - accuracy: 0.9802 - val_loss: 0.4873 - val_accuracy: 0.9087
Epoch 247/350
391/391 - 25s - loss: 0.1009 - accuracy: 0.9807 - val_loss: 0.4900 - val_accuracy: 0.9093
Epoch 248/350
391/391 - 25s - loss: 0.0972 - accuracy: 0.9821 - val_loss: 0.4859 - val_accuracy: 0.9098
Epoch 249/350
391/391 - 25s - loss: 0.0999 - accuracy: 0.9806 - val_loss: 0.4880 - val_accuracy: 0.9088
Epoch 250/350


Snapshot weight 4 shuffle 6 at epoch 250
Layer 11
Getting activations...


391/391 - 25s - loss: 0.1013 - accuracy: 0.9806 - val_loss: 0.4906 - val_accuracy: 0.9082
Epoch 251/350
391/391 - 25s - loss: 0.0971 - accuracy: 0.9821 - val_loss: 0.4894 - val_accuracy: 0.9100
Epoch 252/350
391/391 - 25s - loss: 0.0967 - accuracy: 0.9821 - val_loss: 0.4888 - val_accuracy: 0.9101
Epoch 253/350
391/391 - 25s - loss: 0.1000 - accuracy: 0.9804 - val_loss: 0.4889 - val_accuracy: 0.9100
Epoch 254/350
391/391 - 25s - loss: 0.0986 - accuracy: 0.9813 - val_loss: 0.4848 - val_accuracy: 0.9106
Epoch 255/350
391/391 - 25s - loss: 0.0956 - accuracy: 0.9828 - val_loss: 0.4893 - val_accuracy: 0.9102
Epoch 256/350
391/391 - 25s - loss: 0.0972 - accuracy: 0.9820 - val_loss: 0.4888 - val_accuracy: 0.9105
Epoch 257/350
391/391 - 25s - loss: 0.0964 - accuracy: 0.9825 - val_loss: 0.4888 - val_accuracy: 0.9105
Epoch 258/350
391/391 - 25s - loss: 0.0970 - accuracy: 0.9822 - val_loss: 0.4879 - val_accuracy: 0.9108
Epoch 259/350
391/391 - 25s - loss: 0.0975 - accuracy: 0.9816 - val_loss: 0.4886 - val_accuracy: 0.9108
Epoch 260/350
391/391 - 25s - loss: 0.0970 - accuracy: 0.9819 - val_loss: 0.4878 - val_accuracy: 0.9105
Epoch 261/350
391/391 - 25s - loss: 0.0995 - accuracy: 0.9811 - val_loss: 0.4875 - val_accuracy: 0.9108
Epoch 262/350
391/391 - 25s - loss: 0.0966 - accuracy: 0.9828 - val_loss: 0.4863 - val_accuracy: 0.9112
Epoch 263/350
391/391 - 25s - loss: 0.0977 - accuracy: 0.9821 - val_loss: 0.4869 - val_accuracy: 0.9107
Epoch 264/350
391/391 - 25s - loss: 0.0987 - accuracy: 0.9808 - val_loss: 0.4901 - val_accuracy: 0.9098
Epoch 265/350
391/391 - 25s - loss: 0.0960 - accuracy: 0.9821 - val_loss: 0.4893 - val_accuracy: 0.9108
Epoch 266/350
391/391 - 25s - loss: 0.0981 - accuracy: 0.9814 - val_loss: 0.4878 - val_accuracy: 0.9106
Epoch 267/350
391/391 - 25s - loss: 0.0956 - accuracy: 0.9827 - val_loss: 0.4859 - val_accuracy: 0.9107
Epoch 268/350
391/391 - 25s - loss: 0.0971 - accuracy: 0.9826 - val_loss: 0.4889 - val_accuracy: 0.9115
Epoch 269/350
391/391 - 25s - loss: 0.0976 - accuracy: 0.9815 - val_loss: 0.4893 - val_accuracy: 0.9101
Epoch 270/350
391/391 - 25s - loss: 0.0946 - accuracy: 0.9826 - val_loss: 0.4906 - val_accuracy: 0.9108
Epoch 271/350
391/391 - 25s - loss: 0.0973 - accuracy: 0.9822 - val_loss: 0.4893 - val_accuracy: 0.9110
Epoch 272/350
391/391 - 25s - loss: 0.0960 - accuracy: 0.9824 - val_loss: 0.4910 - val_accuracy: 0.9108
Epoch 273/350
391/391 - 25s - loss: 0.0968 - accuracy: 0.9822 - val_loss: 0.4915 - val_accuracy: 0.9104
Epoch 274/350
391/391 - 25s - loss: 0.0984 - accuracy: 0.9818 - val_loss: 0.4899 - val_accuracy: 0.9108
Epoch 275/350
391/391 - 25s - loss: 0.0972 - accuracy: 0.9819 - val_loss: 0.4897 - val_accuracy: 0.9102
Epoch 276/350
391/391 - 25s - loss: 0.0962 - accuracy: 0.9827 - val_loss: 0.4913 - val_accuracy: 0.9106
Epoch 277/350
391/391 - 25s - loss: 0.0957 - accuracy: 0.9824 - val_loss: 0.4919 - val_accuracy: 0.9100
Epoch 278/350
391/391 - 25s - loss: 0.0962 - accuracy: 0.9828 - val_loss: 0.4884 - val_accuracy: 0.9108
Epoch 279/350
391/391 - 25s - loss: 0.0962 - accuracy: 0.9820 - val_loss: 0.4897 - val_accuracy: 0.9108
Epoch 280/350
391/391 - 25s - loss: 0.0945 - accuracy: 0.9834 - val_loss: 0.4935 - val_accuracy: 0.9099
Epoch 281/350
391/391 - 25s - loss: 0.0945 - accuracy: 0.9822 - val_loss: 0.4905 - val_accuracy: 0.9098
Epoch 282/350
391/391 - 25s - loss: 0.0966 - accuracy: 0.9820 - val_loss: 0.4892 - val_accuracy: 0.9100
Epoch 283/350
391/391 - 25s - loss: 0.0979 - accuracy: 0.9818 - val_loss: 0.4895 - val_accuracy: 0.9106
Epoch 284/350
391/391 - 25s - loss: 0.0958 - accuracy: 0.9823 - val_loss: 0.4894 - val_accuracy: 0.9100
Epoch 285/350
391/391 - 25s - loss: 0.0947 - accuracy: 0.9830 - val_loss: 0.4938 - val_accuracy: 0.9093
Epoch 286/350
391/391 - 25s - loss: 0.0957 - accuracy: 0.9820 - val_loss: 0.4911 - val_accuracy: 0.9103
Epoch 287/350
391/391 - 25s - loss: 0.0950 - accuracy: 0.9831 - val_loss: 0.4918 - val_accuracy: 0.9102
Epoch 288/350
391/391 - 25s - loss: 0.0972 - accuracy: 0.9818 - val_loss: 0.4903 - val_accuracy: 0.9108
Epoch 289/350
391/391 - 25s - loss: 0.0958 - accuracy: 0.9824 - val_loss: 0.4913 - val_accuracy: 0.9103
Epoch 290/350
391/391 - 25s - loss: 0.0979 - accuracy: 0.9819 - val_loss: 0.4905 - val_accuracy: 0.9105
Epoch 291/350
391/391 - 25s - loss: 0.0949 - accuracy: 0.9829 - val_loss: 0.4911 - val_accuracy: 0.9103
Epoch 292/350
391/391 - 25s - loss: 0.0974 - accuracy: 0.9818 - val_loss: 0.4888 - val_accuracy: 0.9103
Epoch 293/350
391/391 - 25s - loss: 0.0961 - accuracy: 0.9823 - val_loss: 0.4910 - val_accuracy: 0.9098
Epoch 294/350
391/391 - 25s - loss: 0.0959 - accuracy: 0.9824 - val_loss: 0.4935 - val_accuracy: 0.9109
Epoch 295/350
391/391 - 25s - loss: 0.0939 - accuracy: 0.9840 - val_loss: 0.4931 - val_accuracy: 0.9112
Epoch 296/350
391/391 - 25s - loss: 0.0951 - accuracy: 0.9821 - val_loss: 0.4954 - val_accuracy: 0.9109
Epoch 297/350
391/391 - 25s - loss: 0.0974 - accuracy: 0.9818 - val_loss: 0.4953 - val_accuracy: 0.9102
Epoch 298/350
391/391 - 25s - loss: 0.0982 - accuracy: 0.9807 - val_loss: 0.4960 - val_accuracy: 0.9100
Epoch 299/350
391/391 - 25s - loss: 0.0950 - accuracy: 0.9822 - val_loss: 0.4945 - val_accuracy: 0.9108
Epoch 300/350


Snapshot weight 4 shuffle 6 at epoch 300
Layer 11
Getting activations...


391/391 - 25s - loss: 0.0964 - accuracy: 0.9822 - val_loss: 0.4945 - val_accuracy: 0.9100
Epoch 301/350
391/391 - 25s - loss: 0.0957 - accuracy: 0.9819 - val_loss: 0.4944 - val_accuracy: 0.9103
Epoch 302/350
391/391 - 25s - loss: 0.0951 - accuracy: 0.9821 - val_loss: 0.4944 - val_accuracy: 0.9098
Epoch 303/350
391/391 - 25s - loss: 0.0949 - accuracy: 0.9828 - val_loss: 0.4942 - val_accuracy: 0.9100
Epoch 304/350
391/391 - 25s - loss: 0.0954 - accuracy: 0.9824 - val_loss: 0.4939 - val_accuracy: 0.9097
Epoch 305/350
391/391 - 25s - loss: 0.0968 - accuracy: 0.9817 - val_loss: 0.4935 - val_accuracy: 0.9096
Epoch 306/350
391/391 - 25s - loss: 0.0953 - accuracy: 0.9825 - val_loss: 0.4934 - val_accuracy: 0.9095
Epoch 307/350
391/391 - 25s - loss: 0.0961 - accuracy: 0.9818 - val_loss: 0.4934 - val_accuracy: 0.9099
Epoch 308/350
391/391 - 25s - loss: 0.0948 - accuracy: 0.9822 - val_loss: 0.4936 - val_accuracy: 0.9100
Epoch 309/350
391/391 - 25s - loss: 0.0953 - accuracy: 0.9827 - val_loss: 0.4936 - val_accuracy: 0.9096
Epoch 310/350
391/391 - 25s - loss: 0.0957 - accuracy: 0.9826 - val_loss: 0.4938 - val_accuracy: 0.9098
Epoch 311/350
391/391 - 25s - loss: 0.0951 - accuracy: 0.9826 - val_loss: 0.4940 - val_accuracy: 0.9098
Epoch 312/350
391/391 - 25s - loss: 0.0954 - accuracy: 0.9828 - val_loss: 0.4940 - val_accuracy: 0.9098
Epoch 313/350
391/391 - 25s - loss: 0.0956 - accuracy: 0.9823 - val_loss: 0.4936 - val_accuracy: 0.9103
Epoch 314/350
391/391 - 25s - loss: 0.0946 - accuracy: 0.9828 - val_loss: 0.4939 - val_accuracy: 0.9102
Epoch 315/350
391/391 - 25s - loss: 0.0952 - accuracy: 0.9826 - val_loss: 0.4943 - val_accuracy: 0.9099
Epoch 316/350
391/391 - 25s - loss: 0.0961 - accuracy: 0.9826 - val_loss: 0.4941 - val_accuracy: 0.9101
Epoch 317/350
391/391 - 25s - loss: 0.0951 - accuracy: 0.9829 - val_loss: 0.4940 - val_accuracy: 0.9098
Epoch 318/350
391/391 - 25s - loss: 0.0962 - accuracy: 0.9826 - val_loss: 0.4942 - val_accuracy: 0.9100
Epoch 319/350
391/391 - 25s - loss: 0.0958 - accuracy: 0.9827 - val_loss: 0.4942 - val_accuracy: 0.9100
Epoch 320/350
391/391 - 25s - loss: 0.0971 - accuracy: 0.9821 - val_loss: 0.4944 - val_accuracy: 0.9098
Epoch 321/350
391/391 - 25s - loss: 0.0958 - accuracy: 0.9822 - val_loss: 0.4943 - val_accuracy: 0.9098
Epoch 322/350
391/391 - 25s - loss: 0.0969 - accuracy: 0.9814 - val_loss: 0.4940 - val_accuracy: 0.9097
Epoch 323/350
391/391 - 25s - loss: 0.0954 - accuracy: 0.9824 - val_loss: 0.4943 - val_accuracy: 0.9099
Epoch 324/350
391/391 - 25s - loss: 0.0974 - accuracy: 0.9827 - val_loss: 0.4940 - val_accuracy: 0.9096
Epoch 325/350
391/391 - 25s - loss: 0.0968 - accuracy: 0.9813 - val_loss: 0.4940 - val_accuracy: 0.9098
Epoch 326/350
391/391 - 25s - loss: 0.0953 - accuracy: 0.9827 - val_loss: 0.4940 - val_accuracy: 0.9099
Epoch 327/350
391/391 - 25s - loss: 0.0961 - accuracy: 0.9824 - val_loss: 0.4939 - val_accuracy: 0.9097
Epoch 328/350
391/391 - 25s - loss: 0.0943 - accuracy: 0.9829 - val_loss: 0.4938 - val_accuracy: 0.9099
Epoch 329/350
391/391 - 25s - loss: 0.0962 - accuracy: 0.9821 - val_loss: 0.4934 - val_accuracy: 0.9099
Epoch 330/350
391/391 - 25s - loss: 0.0951 - accuracy: 0.9826 - val_loss: 0.4938 - val_accuracy: 0.9100
Epoch 331/350
391/391 - 25s - loss: 0.0947 - accuracy: 0.9829 - val_loss: 0.4938 - val_accuracy: 0.9100
Epoch 332/350
391/391 - 25s - loss: 0.0956 - accuracy: 0.9826 - val_loss: 0.4940 - val_accuracy: 0.9099
Epoch 333/350
391/391 - 25s - loss: 0.0937 - accuracy: 0.9828 - val_loss: 0.4939 - val_accuracy: 0.9101
Epoch 334/350
391/391 - 25s - loss: 0.0952 - accuracy: 0.9828 - val_loss: 0.4940 - val_accuracy: 0.9100
Epoch 335/350
391/391 - 25s - loss: 0.0948 - accuracy: 0.9832 - val_loss: 0.4940 - val_accuracy: 0.9101
Epoch 336/350
391/391 - 25s - loss: 0.0973 - accuracy: 0.9815 - val_loss: 0.4943 - val_accuracy: 0.9103
Epoch 337/350
391/391 - 25s - loss: 0.0966 - accuracy: 0.9818 - val_loss: 0.4945 - val_accuracy: 0.9097
Epoch 338/350
391/391 - 25s - loss: 0.0965 - accuracy: 0.9820 - val_loss: 0.4948 - val_accuracy: 0.9099
Epoch 339/350
391/391 - 25s - loss: 0.0941 - accuracy: 0.9835 - val_loss: 0.4945 - val_accuracy: 0.9098
Epoch 340/350
391/391 - 25s - loss: 0.0952 - accuracy: 0.9823 - val_loss: 0.4944 - val_accuracy: 0.9098
Epoch 341/350
391/391 - 25s - loss: 0.0964 - accuracy: 0.9814 - val_loss: 0.4943 - val_accuracy: 0.9098
Epoch 342/350
391/391 - 25s - loss: 0.0944 - accuracy: 0.9824 - val_loss: 0.4945 - val_accuracy: 0.9097
Epoch 343/350
391/391 - 24s - loss: 0.0967 - accuracy: 0.9827 - val_loss: 0.4939 - val_accuracy: 0.9099
Epoch 344/350
391/391 - 25s - loss: 0.0949 - accuracy: 0.9825 - val_loss: 0.4936 - val_accuracy: 0.9099
Epoch 345/350
391/391 - 25s - loss: 0.0957 - accuracy: 0.9822 - val_loss: 0.4936 - val_accuracy: 0.9098
Epoch 346/350
391/391 - 25s - loss: 0.0955 - accuracy: 0.9823 - val_loss: 0.4934 - val_accuracy: 0.9098
Epoch 347/350
391/391 - 24s - loss: 0.0946 - accuracy: 0.9825 - val_loss: 0.4935 - val_accuracy: 0.9096
Epoch 348/350
391/391 - 24s - loss: 0.0928 - accuracy: 0.9834 - val_loss: 0.4938 - val_accuracy: 0.9098
Epoch 349/350
391/391 - 25s - loss: 0.0938 - accuracy: 0.9822 - val_loss: 0.4936 - val_accuracy: 0.9097
Epoch 350/350


Snapshot weight 4 shuffle 6 at epoch 350
Layer 11
Getting activations...


391/391 - 25s - loss: 0.0934 - accuracy: 0.9832 - val_loss: 0.4935 - val_accuracy: 0.9102
/usr/local/lib/python3.6/dist-packages/tensorflow/python/autograph/impl/api.py:493: UserWarning: fill_value is not supported and is always 0 for TensorFlow < 2.4.0.
  return py_builtins.overload_of(f)(*args)
WARNING:tensorflow:From /usr/local/lib/python3.6/dist-packages/tensorflow/python/training/tracking/tracking.py:111: Model.state_updates (from tensorflow.python.keras.engine.training) is deprecated and will be removed in a future version.
Instructions for updating:
This property should not be used in TensorFlow 2.0, as updates are applied automatically.
2021-07-02 13:00:09.545993: W tensorflow/python/util/util.cc:348] Sets are not currently considered sequences, but this may change in the future, so consider avoiding using them.
WARNING:tensorflow:From /usr/local/lib/python3.6/dist-packages/tensorflow/python/training/tracking/tracking.py:111: Layer.updates (from tensorflow.python.keras.engine.base_layer) is deprecated and will be removed in a future version.
Instructions for updating:
This property should not be used in TensorFlow 2.0, as updates are applied automatically.
Saving, final validation acc: 0.9101999998092651
