2021-07-01 21:08:29.678649: I tensorflow/stream_executor/platform/default/dso_loader.cc:48] Successfully opened dynamic library libcudart.so.10.1
2021-07-01 21:10:06.218901: I tensorflow/stream_executor/platform/default/dso_loader.cc:48] Successfully opened dynamic library libcuda.so.1
2021-07-01 21:10:06.252204: I tensorflow/core/common_runtime/gpu/gpu_device.cc:1716] Found device 0 with properties: 
pciBusID: 0000:82:00.0 name: NVIDIA TITAN Xp computeCapability: 6.1
coreClock: 1.582GHz coreCount: 30 deviceMemorySize: 11.91GiB deviceMemoryBandwidth: 510.07GiB/s
2021-07-01 21:10:06.252283: I tensorflow/stream_executor/platform/default/dso_loader.cc:48] Successfully opened dynamic library libcudart.so.10.1
2021-07-01 21:10:06.292093: I tensorflow/stream_executor/platform/default/dso_loader.cc:48] Successfully opened dynamic library libcublas.so.10
2021-07-01 21:10:06.312407: I tensorflow/stream_executor/platform/default/dso_loader.cc:48] Successfully opened dynamic library libcufft.so.10
2021-07-01 21:10:06.320537: I tensorflow/stream_executor/platform/default/dso_loader.cc:48] Successfully opened dynamic library libcurand.so.10
2021-07-01 21:10:06.363191: I tensorflow/stream_executor/platform/default/dso_loader.cc:48] Successfully opened dynamic library libcusolver.so.10
2021-07-01 21:10:06.371914: I tensorflow/stream_executor/platform/default/dso_loader.cc:48] Successfully opened dynamic library libcusparse.so.10
2021-07-01 21:10:06.447112: I tensorflow/stream_executor/platform/default/dso_loader.cc:48] Successfully opened dynamic library libcudnn.so.7
2021-07-01 21:10:06.449900: I tensorflow/core/common_runtime/gpu/gpu_device.cc:1858] Adding visible gpu devices: 0
2021-07-01 21:10:06.453525: I tensorflow/core/platform/cpu_feature_guard.cc:142] This TensorFlow binary is optimized with oneAPI Deep Neural Network Library (oneDNN)to use the following CPU instructions in performance-critical operations:  AVX2 FMA
To enable them in other operations, rebuild TensorFlow with the appropriate compiler flags.
2021-07-01 21:10:06.469674: I tensorflow/core/platform/profile_utils/cpu_utils.cc:104] CPU Frequency: 2600265000 Hz
2021-07-01 21:10:06.469800: I tensorflow/compiler/xla/service/service.cc:168] XLA service 0x5262a70 initialized for platform Host (this does not guarantee that XLA will be used). Devices:
2021-07-01 21:10:06.469821: I tensorflow/compiler/xla/service/service.cc:176]   StreamExecutor device (0): Host, Default Version
2021-07-01 21:10:06.636152: I tensorflow/compiler/xla/service/service.cc:168] XLA service 0x525b600 initialized for platform CUDA (this does not guarantee that XLA will be used). Devices:
2021-07-01 21:10:06.636220: I tensorflow/compiler/xla/service/service.cc:176]   StreamExecutor device (0): NVIDIA TITAN Xp, Compute Capability 6.1
2021-07-01 21:10:06.638563: I tensorflow/core/common_runtime/gpu/gpu_device.cc:1716] Found device 0 with properties: 
pciBusID: 0000:82:00.0 name: NVIDIA TITAN Xp computeCapability: 6.1
coreClock: 1.582GHz coreCount: 30 deviceMemorySize: 11.91GiB deviceMemoryBandwidth: 510.07GiB/s
2021-07-01 21:10:06.638605: I tensorflow/stream_executor/platform/default/dso_loader.cc:48] Successfully opened dynamic library libcudart.so.10.1
2021-07-01 21:10:06.638642: I tensorflow/stream_executor/platform/default/dso_loader.cc:48] Successfully opened dynamic library libcublas.so.10
2021-07-01 21:10:06.638665: I tensorflow/stream_executor/platform/default/dso_loader.cc:48] Successfully opened dynamic library libcufft.so.10
2021-07-01 21:10:06.638686: I tensorflow/stream_executor/platform/default/dso_loader.cc:48] Successfully opened dynamic library libcurand.so.10
2021-07-01 21:10:06.638707: I tensorflow/stream_executor/platform/default/dso_loader.cc:48] Successfully opened dynamic library libcusolver.so.10
2021-07-01 21:10:06.638728: I tensorflow/stream_executor/platform/default/dso_loader.cc:48] Successfully opened dynamic library libcusparse.so.10
2021-07-01 21:10:06.638749: I tensorflow/stream_executor/platform/default/dso_loader.cc:48] Successfully opened dynamic library libcudnn.so.7
2021-07-01 21:10:06.643617: I tensorflow/core/common_runtime/gpu/gpu_device.cc:1858] Adding visible gpu devices: 0
2021-07-01 21:10:06.645432: I tensorflow/stream_executor/platform/default/dso_loader.cc:48] Successfully opened dynamic library libcudart.so.10.1
2021-07-01 21:10:08.408262: I tensorflow/core/common_runtime/gpu/gpu_device.cc:1257] Device interconnect StreamExecutor with strength 1 edge matrix:
2021-07-01 21:10:08.408336: I tensorflow/core/common_runtime/gpu/gpu_device.cc:1263]      0 
2021-07-01 21:10:08.408350: I tensorflow/core/common_runtime/gpu/gpu_device.cc:1276] 0:   N 
2021-07-01 21:10:08.414342: I tensorflow/core/common_runtime/gpu/gpu_device.cc:1402] Created TensorFlow device (/job:localhost/replica:0/task:0/device:GPU:0 with 11218 MB memory) -> physical GPU (device: 0, name: NVIDIA TITAN Xp, pci bus id: 0000:82:00.0, compute capability: 6.1)
2021-07-01 21:10:14.337890: I tensorflow/stream_executor/platform/default/dso_loader.cc:48] Successfully opened dynamic library libcudnn.so.7
2021-07-01 21:10:16.856544: I tensorflow/stream_executor/platform/default/dso_loader.cc:48] Successfully opened dynamic library libcublas.so.10
Using model index: 18
Making train data...
GCN...
ZCA...
Done!
Making test data...
Done!
Epoch 1/350


Snapshot weight 8 shuffle 1 at epoch 1
Layer 11
Getting activations...


391/391 - 25s - loss: 2.3160 - accuracy: 0.1292 - val_loss: 2.2890 - val_accuracy: 0.1565
Epoch 2/350


Snapshot weight 8 shuffle 1 at epoch 2
Layer 11
Getting activations...


391/391 - 23s - loss: 2.0945 - accuracy: 0.2482 - val_loss: 1.8785 - val_accuracy: 0.3351
Epoch 3/350


Snapshot weight 8 shuffle 1 at epoch 3
Layer 11
Getting activations...


391/391 - 24s - loss: 1.7882 - accuracy: 0.3431 - val_loss: 1.7410 - val_accuracy: 0.3801
Epoch 4/350


Snapshot weight 8 shuffle 1 at epoch 4
Layer 11
Getting activations...


391/391 - 24s - loss: 1.5478 - accuracy: 0.4417 - val_loss: 1.4397 - val_accuracy: 0.4858
Epoch 5/350


Snapshot weight 8 shuffle 1 at epoch 5
Layer 11
Getting activations...


391/391 - 24s - loss: 1.4133 - accuracy: 0.4959 - val_loss: 1.2853 - val_accuracy: 0.5316
Epoch 6/350


Snapshot weight 8 shuffle 1 at epoch 6
Layer 11
Getting activations...


391/391 - 24s - loss: 1.2980 - accuracy: 0.5442 - val_loss: 1.3284 - val_accuracy: 0.5398
Epoch 7/350


Snapshot weight 8 shuffle 1 at epoch 7
Layer 11
Getting activations...


391/391 - 24s - loss: 1.2260 - accuracy: 0.5710 - val_loss: 1.1690 - val_accuracy: 0.5963
Epoch 8/350


Snapshot weight 8 shuffle 1 at epoch 8
Layer 11
Getting activations...


391/391 - 24s - loss: 1.1547 - accuracy: 0.5958 - val_loss: 1.1099 - val_accuracy: 0.6162
Epoch 9/350


Snapshot weight 8 shuffle 1 at epoch 9
Layer 11
Getting activations...


391/391 - 24s - loss: 1.0972 - accuracy: 0.6180 - val_loss: 1.1315 - val_accuracy: 0.6213
Epoch 10/350


Snapshot weight 8 shuffle 1 at epoch 10
Layer 11
Getting activations...


391/391 - 24s - loss: 1.0518 - accuracy: 0.6351 - val_loss: 1.1146 - val_accuracy: 0.6343
Epoch 11/350
391/391 - 24s - loss: 1.0107 - accuracy: 0.6489 - val_loss: 1.0005 - val_accuracy: 0.6592
Epoch 12/350
391/391 - 24s - loss: 0.9617 - accuracy: 0.6690 - val_loss: 1.0909 - val_accuracy: 0.6498
Epoch 13/350
391/391 - 24s - loss: 0.9282 - accuracy: 0.6816 - val_loss: 1.0255 - val_accuracy: 0.6679
Epoch 14/350
391/391 - 24s - loss: 0.9003 - accuracy: 0.6911 - val_loss: 1.0479 - val_accuracy: 0.6655
Epoch 15/350
391/391 - 24s - loss: 0.8628 - accuracy: 0.7058 - val_loss: 0.8713 - val_accuracy: 0.7128
Epoch 16/350
391/391 - 24s - loss: 0.8295 - accuracy: 0.7170 - val_loss: 0.8582 - val_accuracy: 0.7158
Epoch 17/350
391/391 - 24s - loss: 0.8027 - accuracy: 0.7274 - val_loss: 0.7473 - val_accuracy: 0.7532
Epoch 18/350
391/391 - 24s - loss: 0.7696 - accuracy: 0.7402 - val_loss: 0.8968 - val_accuracy: 0.7042
Epoch 19/350
391/391 - 24s - loss: 0.7435 - accuracy: 0.7488 - val_loss: 0.7408 - val_accuracy: 0.7568
Epoch 20/350
391/391 - 24s - loss: 0.7324 - accuracy: 0.7543 - val_loss: 0.6833 - val_accuracy: 0.7759
Epoch 21/350
391/391 - 24s - loss: 0.7025 - accuracy: 0.7670 - val_loss: 0.6925 - val_accuracy: 0.7772
Epoch 22/350
391/391 - 24s - loss: 0.6841 - accuracy: 0.7727 - val_loss: 0.6420 - val_accuracy: 0.7882
Epoch 23/350
391/391 - 24s - loss: 0.6612 - accuracy: 0.7797 - val_loss: 0.6991 - val_accuracy: 0.7769
Epoch 24/350
391/391 - 24s - loss: 0.6568 - accuracy: 0.7804 - val_loss: 0.6589 - val_accuracy: 0.7926
Epoch 25/350
391/391 - 24s - loss: 0.6250 - accuracy: 0.7919 - val_loss: 0.6084 - val_accuracy: 0.8027
Epoch 26/350
391/391 - 24s - loss: 0.6102 - accuracy: 0.7982 - val_loss: 0.6162 - val_accuracy: 0.7999
Epoch 27/350
391/391 - 24s - loss: 0.6093 - accuracy: 0.7976 - val_loss: 0.6300 - val_accuracy: 0.7995
Epoch 28/350
391/391 - 24s - loss: 0.5869 - accuracy: 0.8069 - val_loss: 0.6054 - val_accuracy: 0.8094
Epoch 29/350
391/391 - 24s - loss: 0.5797 - accuracy: 0.8091 - val_loss: 0.5319 - val_accuracy: 0.8270
Epoch 30/350
391/391 - 24s - loss: 0.5719 - accuracy: 0.8134 - val_loss: 0.5730 - val_accuracy: 0.8189
Epoch 31/350
391/391 - 24s - loss: 0.5558 - accuracy: 0.8172 - val_loss: 0.6018 - val_accuracy: 0.8099
Epoch 32/350
391/391 - 24s - loss: 0.5407 - accuracy: 0.8232 - val_loss: 0.6372 - val_accuracy: 0.8061
Epoch 33/350
391/391 - 24s - loss: 0.5269 - accuracy: 0.8264 - val_loss: 0.5912 - val_accuracy: 0.8146
Epoch 34/350
391/391 - 24s - loss: 0.5260 - accuracy: 0.8268 - val_loss: 0.5190 - val_accuracy: 0.8384
Epoch 35/350
391/391 - 24s - loss: 0.5215 - accuracy: 0.8308 - val_loss: 0.5284 - val_accuracy: 0.8316
Epoch 36/350
391/391 - 24s - loss: 0.5080 - accuracy: 0.8336 - val_loss: 0.5755 - val_accuracy: 0.8174
Epoch 37/350
391/391 - 24s - loss: 0.5076 - accuracy: 0.8355 - val_loss: 0.5393 - val_accuracy: 0.8307
Epoch 38/350
391/391 - 24s - loss: 0.5028 - accuracy: 0.8357 - val_loss: 0.5420 - val_accuracy: 0.8286
Epoch 39/350
391/391 - 24s - loss: 0.4835 - accuracy: 0.8412 - val_loss: 0.5519 - val_accuracy: 0.8274
Epoch 40/350
391/391 - 24s - loss: 0.4844 - accuracy: 0.8406 - val_loss: 0.4979 - val_accuracy: 0.8407
Epoch 41/350
391/391 - 24s - loss: 0.4694 - accuracy: 0.8477 - val_loss: 0.5074 - val_accuracy: 0.8393
Epoch 42/350
391/391 - 24s - loss: 0.4642 - accuracy: 0.8489 - val_loss: 0.4941 - val_accuracy: 0.8480
Epoch 43/350
391/391 - 24s - loss: 0.4594 - accuracy: 0.8517 - val_loss: 0.4664 - val_accuracy: 0.8555
Epoch 44/350
391/391 - 24s - loss: 0.4482 - accuracy: 0.8551 - val_loss: 0.4953 - val_accuracy: 0.8504
Epoch 45/350
391/391 - 24s - loss: 0.4454 - accuracy: 0.8547 - val_loss: 0.5043 - val_accuracy: 0.8461
Epoch 46/350
391/391 - 24s - loss: 0.4406 - accuracy: 0.8569 - val_loss: 0.4500 - val_accuracy: 0.8623
Epoch 47/350
391/391 - 24s - loss: 0.4346 - accuracy: 0.8600 - val_loss: 0.4879 - val_accuracy: 0.8480
Epoch 48/350
391/391 - 24s - loss: 0.4336 - accuracy: 0.8598 - val_loss: 0.4862 - val_accuracy: 0.8520
Epoch 49/350
391/391 - 24s - loss: 0.4205 - accuracy: 0.8647 - val_loss: 0.4588 - val_accuracy: 0.8566
Epoch 50/350


Snapshot weight 8 shuffle 1 at epoch 50
Layer 11
Getting activations...


391/391 - 24s - loss: 0.4228 - accuracy: 0.8646 - val_loss: 0.4941 - val_accuracy: 0.8512
Epoch 51/350
391/391 - 24s - loss: 0.4141 - accuracy: 0.8653 - val_loss: 0.4975 - val_accuracy: 0.8437
Epoch 52/350
391/391 - 24s - loss: 0.4076 - accuracy: 0.8684 - val_loss: 0.4745 - val_accuracy: 0.8585
Epoch 53/350
391/391 - 24s - loss: 0.4061 - accuracy: 0.8707 - val_loss: 0.4814 - val_accuracy: 0.8534
Epoch 54/350
391/391 - 24s - loss: 0.3981 - accuracy: 0.8728 - val_loss: 0.4522 - val_accuracy: 0.8614
Epoch 55/350
391/391 - 24s - loss: 0.3928 - accuracy: 0.8729 - val_loss: 0.4721 - val_accuracy: 0.8565
Epoch 56/350
391/391 - 24s - loss: 0.3879 - accuracy: 0.8763 - val_loss: 0.4710 - val_accuracy: 0.8573
Epoch 57/350
391/391 - 24s - loss: 0.3892 - accuracy: 0.8765 - val_loss: 0.4817 - val_accuracy: 0.8559
Epoch 58/350
391/391 - 24s - loss: 0.3820 - accuracy: 0.8787 - val_loss: 0.4311 - val_accuracy: 0.8685
Epoch 59/350
391/391 - 24s - loss: 0.3791 - accuracy: 0.8787 - val_loss: 0.5198 - val_accuracy: 0.8530
Epoch 60/350
391/391 - 24s - loss: 0.3757 - accuracy: 0.8792 - val_loss: 0.4549 - val_accuracy: 0.8606
Epoch 61/350
391/391 - 24s - loss: 0.3684 - accuracy: 0.8823 - val_loss: 0.4641 - val_accuracy: 0.8621
Epoch 62/350
391/391 - 24s - loss: 0.3711 - accuracy: 0.8829 - val_loss: 0.4803 - val_accuracy: 0.8607
Epoch 63/350
391/391 - 24s - loss: 0.3641 - accuracy: 0.8832 - val_loss: 0.4793 - val_accuracy: 0.8637
Epoch 64/350
391/391 - 24s - loss: 0.3598 - accuracy: 0.8863 - val_loss: 0.4583 - val_accuracy: 0.8678
Epoch 65/350
391/391 - 24s - loss: 0.3537 - accuracy: 0.8883 - val_loss: 0.4676 - val_accuracy: 0.8623
Epoch 66/350
391/391 - 24s - loss: 0.3511 - accuracy: 0.8891 - val_loss: 0.4428 - val_accuracy: 0.8713
Epoch 67/350
391/391 - 24s - loss: 0.3468 - accuracy: 0.8894 - val_loss: 0.4408 - val_accuracy: 0.8714
Epoch 68/350
391/391 - 24s - loss: 0.3457 - accuracy: 0.8894 - val_loss: 0.4277 - val_accuracy: 0.8730
Epoch 69/350
391/391 - 24s - loss: 0.3403 - accuracy: 0.8918 - val_loss: 0.4378 - val_accuracy: 0.8739
Epoch 70/350
391/391 - 24s - loss: 0.3371 - accuracy: 0.8925 - val_loss: 0.4781 - val_accuracy: 0.8613
Epoch 71/350
391/391 - 24s - loss: 0.3352 - accuracy: 0.8957 - val_loss: 0.4553 - val_accuracy: 0.8692
Epoch 72/350
391/391 - 24s - loss: 0.3326 - accuracy: 0.8947 - val_loss: 0.4975 - val_accuracy: 0.8612
Epoch 73/350
391/391 - 24s - loss: 0.3295 - accuracy: 0.8964 - val_loss: 0.4351 - val_accuracy: 0.8769
Epoch 74/350
391/391 - 24s - loss: 0.3322 - accuracy: 0.8938 - val_loss: 0.4300 - val_accuracy: 0.8763
Epoch 75/350
391/391 - 24s - loss: 0.3265 - accuracy: 0.8981 - val_loss: 0.4388 - val_accuracy: 0.8743
Epoch 76/350
391/391 - 24s - loss: 0.3177 - accuracy: 0.9005 - val_loss: 0.4681 - val_accuracy: 0.8680
Epoch 77/350
391/391 - 24s - loss: 0.3151 - accuracy: 0.9024 - val_loss: 0.4584 - val_accuracy: 0.8701
Epoch 78/350
391/391 - 24s - loss: 0.3140 - accuracy: 0.9015 - val_loss: 0.4293 - val_accuracy: 0.8752
Epoch 79/350
391/391 - 24s - loss: 0.3131 - accuracy: 0.9025 - val_loss: 0.4279 - val_accuracy: 0.8752
Epoch 80/350
391/391 - 24s - loss: 0.3164 - accuracy: 0.8997 - val_loss: 0.4351 - val_accuracy: 0.8747
Epoch 81/350
391/391 - 24s - loss: 0.3066 - accuracy: 0.9034 - val_loss: 0.4845 - val_accuracy: 0.8666
Epoch 82/350
391/391 - 24s - loss: 0.3043 - accuracy: 0.9053 - val_loss: 0.4500 - val_accuracy: 0.8757
Epoch 83/350
391/391 - 24s - loss: 0.3000 - accuracy: 0.9074 - val_loss: 0.4188 - val_accuracy: 0.8758
Epoch 84/350
391/391 - 24s - loss: 0.2980 - accuracy: 0.9060 - val_loss: 0.4485 - val_accuracy: 0.8747
Epoch 85/350
391/391 - 24s - loss: 0.2950 - accuracy: 0.9075 - val_loss: 0.4984 - val_accuracy: 0.8675
Epoch 86/350
391/391 - 24s - loss: 0.2908 - accuracy: 0.9090 - val_loss: 0.4146 - val_accuracy: 0.8820
Epoch 87/350
391/391 - 24s - loss: 0.2978 - accuracy: 0.9072 - val_loss: 0.4139 - val_accuracy: 0.8842
Epoch 88/350
391/391 - 24s - loss: 0.2930 - accuracy: 0.9089 - val_loss: 0.4241 - val_accuracy: 0.8785
Epoch 89/350
391/391 - 24s - loss: 0.2902 - accuracy: 0.9115 - val_loss: 0.4327 - val_accuracy: 0.8777
Epoch 90/350
391/391 - 24s - loss: 0.2845 - accuracy: 0.9123 - val_loss: 0.4458 - val_accuracy: 0.8772
Epoch 91/350
391/391 - 24s - loss: 0.2794 - accuracy: 0.9135 - val_loss: 0.4211 - val_accuracy: 0.8818
Epoch 92/350
391/391 - 24s - loss: 0.2787 - accuracy: 0.9134 - val_loss: 0.4379 - val_accuracy: 0.8777
Epoch 93/350
391/391 - 24s - loss: 0.2838 - accuracy: 0.9133 - val_loss: 0.4314 - val_accuracy: 0.8805
Epoch 94/350
391/391 - 24s - loss: 0.2789 - accuracy: 0.9147 - val_loss: 0.4563 - val_accuracy: 0.8756
Epoch 95/350
391/391 - 24s - loss: 0.2724 - accuracy: 0.9169 - val_loss: 0.4164 - val_accuracy: 0.8830
Epoch 96/350
391/391 - 24s - loss: 0.2716 - accuracy: 0.9161 - val_loss: 0.4111 - val_accuracy: 0.8819
Epoch 97/350
391/391 - 24s - loss: 0.2745 - accuracy: 0.9156 - val_loss: 0.4375 - val_accuracy: 0.8845
Epoch 98/350
391/391 - 24s - loss: 0.2659 - accuracy: 0.9191 - val_loss: 0.4205 - val_accuracy: 0.8863
Epoch 99/350
391/391 - 24s - loss: 0.2637 - accuracy: 0.9188 - val_loss: 0.4544 - val_accuracy: 0.8754
Epoch 100/350


Snapshot weight 8 shuffle 1 at epoch 100
Layer 11
Getting activations...


391/391 - 24s - loss: 0.2677 - accuracy: 0.9187 - val_loss: 0.4298 - val_accuracy: 0.8778
Epoch 101/350
391/391 - 24s - loss: 0.2635 - accuracy: 0.9189 - val_loss: 0.4473 - val_accuracy: 0.8788
Epoch 102/350
391/391 - 24s - loss: 0.2655 - accuracy: 0.9183 - val_loss: 0.4107 - val_accuracy: 0.8877
Epoch 103/350
391/391 - 24s - loss: 0.2650 - accuracy: 0.9197 - val_loss: 0.4087 - val_accuracy: 0.8867
Epoch 104/350
391/391 - 24s - loss: 0.2627 - accuracy: 0.9198 - val_loss: 0.4165 - val_accuracy: 0.8858
Epoch 105/350
391/391 - 24s - loss: 0.2591 - accuracy: 0.9219 - val_loss: 0.4545 - val_accuracy: 0.8781
Epoch 106/350
391/391 - 24s - loss: 0.2569 - accuracy: 0.9212 - val_loss: 0.4570 - val_accuracy: 0.8739
Epoch 107/350
391/391 - 24s - loss: 0.2510 - accuracy: 0.9249 - val_loss: 0.4222 - val_accuracy: 0.8857
Epoch 108/350
391/391 - 24s - loss: 0.2554 - accuracy: 0.9230 - val_loss: 0.4436 - val_accuracy: 0.8842
Epoch 109/350
391/391 - 24s - loss: 0.2505 - accuracy: 0.9239 - val_loss: 0.4295 - val_accuracy: 0.8868
Epoch 110/350
391/391 - 24s - loss: 0.2518 - accuracy: 0.9240 - val_loss: 0.4473 - val_accuracy: 0.8829
Epoch 111/350
391/391 - 24s - loss: 0.2478 - accuracy: 0.9251 - val_loss: 0.4479 - val_accuracy: 0.8776
Epoch 112/350
391/391 - 24s - loss: 0.2513 - accuracy: 0.9246 - val_loss: 0.4474 - val_accuracy: 0.8836
Epoch 113/350
391/391 - 24s - loss: 0.2443 - accuracy: 0.9259 - val_loss: 0.4447 - val_accuracy: 0.8837
Epoch 114/350
391/391 - 24s - loss: 0.2433 - accuracy: 0.9266 - val_loss: 0.4958 - val_accuracy: 0.8756
Epoch 115/350
391/391 - 24s - loss: 0.2385 - accuracy: 0.9291 - val_loss: 0.4330 - val_accuracy: 0.8863
Epoch 116/350
391/391 - 24s - loss: 0.2424 - accuracy: 0.9284 - val_loss: 0.4231 - val_accuracy: 0.8863
Epoch 117/350
391/391 - 24s - loss: 0.2457 - accuracy: 0.9269 - val_loss: 0.4568 - val_accuracy: 0.8847
Epoch 118/350
391/391 - 24s - loss: 0.2420 - accuracy: 0.9276 - val_loss: 0.4162 - val_accuracy: 0.8851
Epoch 119/350
391/391 - 24s - loss: 0.2368 - accuracy: 0.9295 - val_loss: 0.4617 - val_accuracy: 0.8871
Epoch 120/350
391/391 - 24s - loss: 0.2362 - accuracy: 0.9294 - val_loss: 0.4476 - val_accuracy: 0.8848
Epoch 121/350
391/391 - 24s - loss: 0.2303 - accuracy: 0.9312 - val_loss: 0.4482 - val_accuracy: 0.8856
Epoch 122/350
391/391 - 24s - loss: 0.2304 - accuracy: 0.9330 - val_loss: 0.4747 - val_accuracy: 0.8822
Epoch 123/350
391/391 - 24s - loss: 0.2301 - accuracy: 0.9327 - val_loss: 0.4406 - val_accuracy: 0.8897
Epoch 124/350
391/391 - 24s - loss: 0.2262 - accuracy: 0.9339 - val_loss: 0.4351 - val_accuracy: 0.8895
Epoch 125/350
391/391 - 24s - loss: 0.2285 - accuracy: 0.9329 - val_loss: 0.4425 - val_accuracy: 0.8848
Epoch 126/350
391/391 - 24s - loss: 0.2273 - accuracy: 0.9337 - val_loss: 0.4137 - val_accuracy: 0.8935
Epoch 127/350
391/391 - 24s - loss: 0.2225 - accuracy: 0.9340 - val_loss: 0.4234 - val_accuracy: 0.8956
Epoch 128/350
391/391 - 24s - loss: 0.2202 - accuracy: 0.9351 - val_loss: 0.4992 - val_accuracy: 0.8765
Epoch 129/350
391/391 - 24s - loss: 0.2228 - accuracy: 0.9358 - val_loss: 0.4339 - val_accuracy: 0.8895
Epoch 130/350
391/391 - 24s - loss: 0.2177 - accuracy: 0.9376 - val_loss: 0.4882 - val_accuracy: 0.8809
Epoch 131/350
391/391 - 24s - loss: 0.2240 - accuracy: 0.9340 - val_loss: 0.4711 - val_accuracy: 0.8840
Epoch 132/350
391/391 - 24s - loss: 0.2234 - accuracy: 0.9345 - val_loss: 0.4896 - val_accuracy: 0.8784
Epoch 133/350
391/391 - 24s - loss: 0.2200 - accuracy: 0.9357 - val_loss: 0.4211 - val_accuracy: 0.8971
Epoch 134/350
391/391 - 24s - loss: 0.2186 - accuracy: 0.9372 - val_loss: 0.4486 - val_accuracy: 0.8908
Epoch 135/350
391/391 - 24s - loss: 0.2161 - accuracy: 0.9383 - val_loss: 0.4255 - val_accuracy: 0.8887
Epoch 136/350
391/391 - 24s - loss: 0.2150 - accuracy: 0.9378 - val_loss: 0.4391 - val_accuracy: 0.8881
Epoch 137/350
391/391 - 24s - loss: 0.2152 - accuracy: 0.9376 - val_loss: 0.4225 - val_accuracy: 0.8908
Epoch 138/350
391/391 - 24s - loss: 0.2148 - accuracy: 0.9374 - val_loss: 0.4248 - val_accuracy: 0.8946
Epoch 139/350
391/391 - 24s - loss: 0.2114 - accuracy: 0.9399 - val_loss: 0.4319 - val_accuracy: 0.8866
Epoch 140/350
391/391 - 24s - loss: 0.2157 - accuracy: 0.9377 - val_loss: 0.4290 - val_accuracy: 0.8926
Epoch 141/350
391/391 - 24s - loss: 0.2116 - accuracy: 0.9398 - val_loss: 0.4428 - val_accuracy: 0.8906
Epoch 142/350
391/391 - 24s - loss: 0.2154 - accuracy: 0.9375 - val_loss: 0.4342 - val_accuracy: 0.8922
Epoch 143/350
391/391 - 24s - loss: 0.2086 - accuracy: 0.9397 - val_loss: 0.4164 - val_accuracy: 0.8946
Epoch 144/350
391/391 - 24s - loss: 0.2077 - accuracy: 0.9408 - val_loss: 0.4606 - val_accuracy: 0.8909
Epoch 145/350
391/391 - 24s - loss: 0.2066 - accuracy: 0.9404 - val_loss: 0.4727 - val_accuracy: 0.8871
Epoch 146/350
391/391 - 24s - loss: 0.2068 - accuracy: 0.9405 - val_loss: 0.4578 - val_accuracy: 0.8879
Epoch 147/350
391/391 - 24s - loss: 0.2032 - accuracy: 0.9425 - val_loss: 0.4400 - val_accuracy: 0.8933
Epoch 148/350
391/391 - 24s - loss: 0.2068 - accuracy: 0.9414 - val_loss: 0.4469 - val_accuracy: 0.8912
Epoch 149/350
391/391 - 24s - loss: 0.2039 - accuracy: 0.9426 - val_loss: 0.4341 - val_accuracy: 0.8945
Epoch 150/350


Snapshot weight 8 shuffle 1 at epoch 150
Layer 11
Getting activations...


391/391 - 24s - loss: 0.2021 - accuracy: 0.9430 - val_loss: 0.4643 - val_accuracy: 0.8923
Epoch 151/350
391/391 - 24s - loss: 0.2010 - accuracy: 0.9440 - val_loss: 0.4853 - val_accuracy: 0.8850
Epoch 152/350
391/391 - 24s - loss: 0.1993 - accuracy: 0.9444 - val_loss: 0.4783 - val_accuracy: 0.8893
Epoch 153/350
391/391 - 24s - loss: 0.2026 - accuracy: 0.9423 - val_loss: 0.4449 - val_accuracy: 0.8917
Epoch 154/350
391/391 - 24s - loss: 0.2021 - accuracy: 0.9446 - val_loss: 0.4345 - val_accuracy: 0.8930
Epoch 155/350
391/391 - 24s - loss: 0.1939 - accuracy: 0.9463 - val_loss: 0.4599 - val_accuracy: 0.8876
Epoch 156/350
391/391 - 24s - loss: 0.1993 - accuracy: 0.9443 - val_loss: 0.5164 - val_accuracy: 0.8844
Epoch 157/350
391/391 - 24s - loss: 0.1994 - accuracy: 0.9442 - val_loss: 0.4411 - val_accuracy: 0.8939
Epoch 158/350
391/391 - 24s - loss: 0.1919 - accuracy: 0.9459 - val_loss: 0.4638 - val_accuracy: 0.8887
Epoch 159/350
391/391 - 24s - loss: 0.1950 - accuracy: 0.9453 - val_loss: 0.4650 - val_accuracy: 0.8907
Epoch 160/350
391/391 - 24s - loss: 0.1969 - accuracy: 0.9460 - val_loss: 0.4542 - val_accuracy: 0.8944
Epoch 161/350
391/391 - 24s - loss: 0.1946 - accuracy: 0.9465 - val_loss: 0.4487 - val_accuracy: 0.8905
Epoch 162/350
391/391 - 24s - loss: 0.1933 - accuracy: 0.9468 - val_loss: 0.4393 - val_accuracy: 0.8938
Epoch 163/350
391/391 - 24s - loss: 0.1925 - accuracy: 0.9474 - val_loss: 0.4391 - val_accuracy: 0.8931
Epoch 164/350
391/391 - 24s - loss: 0.1921 - accuracy: 0.9456 - val_loss: 0.4727 - val_accuracy: 0.8928
Epoch 165/350
391/391 - 24s - loss: 0.1900 - accuracy: 0.9471 - val_loss: 0.4513 - val_accuracy: 0.8964
Epoch 166/350
391/391 - 24s - loss: 0.1901 - accuracy: 0.9475 - val_loss: 0.4615 - val_accuracy: 0.8945
Epoch 167/350
391/391 - 24s - loss: 0.1920 - accuracy: 0.9474 - val_loss: 0.4410 - val_accuracy: 0.8943
Epoch 168/350
391/391 - 24s - loss: 0.1912 - accuracy: 0.9467 - val_loss: 0.4553 - val_accuracy: 0.8926
Epoch 169/350
391/391 - 24s - loss: 0.1875 - accuracy: 0.9487 - val_loss: 0.4475 - val_accuracy: 0.8948
Epoch 170/350
391/391 - 24s - loss: 0.1834 - accuracy: 0.9508 - val_loss: 0.5032 - val_accuracy: 0.8884
Epoch 171/350
391/391 - 24s - loss: 0.1891 - accuracy: 0.9487 - val_loss: 0.4540 - val_accuracy: 0.8936
Epoch 172/350
391/391 - 24s - loss: 0.1881 - accuracy: 0.9490 - val_loss: 0.4546 - val_accuracy: 0.8940
Epoch 173/350
391/391 - 24s - loss: 0.1888 - accuracy: 0.9492 - val_loss: 0.4955 - val_accuracy: 0.8885
Epoch 174/350
391/391 - 24s - loss: 0.1842 - accuracy: 0.9502 - val_loss: 0.4633 - val_accuracy: 0.8993
Epoch 175/350
391/391 - 24s - loss: 0.1811 - accuracy: 0.9514 - val_loss: 0.5144 - val_accuracy: 0.8889
Epoch 176/350
391/391 - 24s - loss: 0.1834 - accuracy: 0.9502 - val_loss: 0.4868 - val_accuracy: 0.8944
Epoch 177/350
391/391 - 24s - loss: 0.1825 - accuracy: 0.9499 - val_loss: 0.4475 - val_accuracy: 0.8934
Epoch 178/350
391/391 - 24s - loss: 0.1812 - accuracy: 0.9520 - val_loss: 0.4558 - val_accuracy: 0.8940
Epoch 179/350
391/391 - 24s - loss: 0.1825 - accuracy: 0.9507 - val_loss: 0.4743 - val_accuracy: 0.8960
Epoch 180/350
391/391 - 24s - loss: 0.1820 - accuracy: 0.9511 - val_loss: 0.4272 - val_accuracy: 0.8931
Epoch 181/350
391/391 - 24s - loss: 0.1752 - accuracy: 0.9534 - val_loss: 0.4840 - val_accuracy: 0.8961
Epoch 182/350
391/391 - 24s - loss: 0.1801 - accuracy: 0.9516 - val_loss: 0.4788 - val_accuracy: 0.8916
Epoch 183/350
391/391 - 24s - loss: 0.1810 - accuracy: 0.9515 - val_loss: 0.4650 - val_accuracy: 0.8929
Epoch 184/350
391/391 - 24s - loss: 0.1772 - accuracy: 0.9540 - val_loss: 0.4916 - val_accuracy: 0.8896
Epoch 185/350
391/391 - 24s - loss: 0.1763 - accuracy: 0.9531 - val_loss: 0.4618 - val_accuracy: 0.8950
Epoch 186/350
391/391 - 24s - loss: 0.1798 - accuracy: 0.9527 - val_loss: 0.4510 - val_accuracy: 0.8956
Epoch 187/350
391/391 - 24s - loss: 0.1747 - accuracy: 0.9534 - val_loss: 0.4852 - val_accuracy: 0.8946
Epoch 188/350
391/391 - 24s - loss: 0.1740 - accuracy: 0.9541 - val_loss: 0.4638 - val_accuracy: 0.8931
Epoch 189/350
391/391 - 24s - loss: 0.1739 - accuracy: 0.9541 - val_loss: 0.4872 - val_accuracy: 0.8906
Epoch 190/350
391/391 - 24s - loss: 0.1765 - accuracy: 0.9524 - val_loss: 0.4657 - val_accuracy: 0.8964
Epoch 191/350
391/391 - 24s - loss: 0.1700 - accuracy: 0.9546 - val_loss: 0.4783 - val_accuracy: 0.8962
Epoch 192/350
391/391 - 23s - loss: 0.1725 - accuracy: 0.9551 - val_loss: 0.4733 - val_accuracy: 0.8952
Epoch 193/350
391/391 - 24s - loss: 0.1711 - accuracy: 0.9562 - val_loss: 0.4721 - val_accuracy: 0.8934
Epoch 194/350
391/391 - 24s - loss: 0.1779 - accuracy: 0.9539 - val_loss: 0.4604 - val_accuracy: 0.8926
Epoch 195/350
391/391 - 24s - loss: 0.1675 - accuracy: 0.9564 - val_loss: 0.4688 - val_accuracy: 0.8995
Epoch 196/350
391/391 - 24s - loss: 0.1741 - accuracy: 0.9541 - val_loss: 0.4747 - val_accuracy: 0.8930
Epoch 197/350
391/391 - 24s - loss: 0.1681 - accuracy: 0.9562 - val_loss: 0.4973 - val_accuracy: 0.8924
Epoch 198/350
391/391 - 24s - loss: 0.1668 - accuracy: 0.9572 - val_loss: 0.4867 - val_accuracy: 0.8911
Epoch 199/350
391/391 - 24s - loss: 0.1670 - accuracy: 0.9572 - val_loss: 0.4965 - val_accuracy: 0.8925
Epoch 200/350


Snapshot weight 8 shuffle 1 at epoch 200
Layer 11
Getting activations...


391/391 - 24s - loss: 0.1711 - accuracy: 0.9557 - val_loss: 0.4592 - val_accuracy: 0.8960
Epoch 201/350
391/391 - 24s - loss: 0.1421 - accuracy: 0.9661 - val_loss: 0.4544 - val_accuracy: 0.9007
Epoch 202/350
391/391 - 24s - loss: 0.1328 - accuracy: 0.9691 - val_loss: 0.4609 - val_accuracy: 0.9012
Epoch 203/350
391/391 - 24s - loss: 0.1278 - accuracy: 0.9716 - val_loss: 0.4542 - val_accuracy: 0.9036
Epoch 204/350
391/391 - 24s - loss: 0.1251 - accuracy: 0.9711 - val_loss: 0.4570 - val_accuracy: 0.9045
Epoch 205/350
391/391 - 24s - loss: 0.1260 - accuracy: 0.9713 - val_loss: 0.4621 - val_accuracy: 0.9033
Epoch 206/350
391/391 - 24s - loss: 0.1246 - accuracy: 0.9725 - val_loss: 0.4600 - val_accuracy: 0.9061
Epoch 207/350
391/391 - 24s - loss: 0.1207 - accuracy: 0.9735 - val_loss: 0.4595 - val_accuracy: 0.9058
Epoch 208/350
391/391 - 24s - loss: 0.1215 - accuracy: 0.9735 - val_loss: 0.4658 - val_accuracy: 0.9055
Epoch 209/350
391/391 - 24s - loss: 0.1211 - accuracy: 0.9727 - val_loss: 0.4676 - val_accuracy: 0.9066
Epoch 210/350
391/391 - 24s - loss: 0.1209 - accuracy: 0.9741 - val_loss: 0.4676 - val_accuracy: 0.9070
Epoch 211/350
391/391 - 24s - loss: 0.1156 - accuracy: 0.9746 - val_loss: 0.4707 - val_accuracy: 0.9074
Epoch 212/350
391/391 - 24s - loss: 0.1187 - accuracy: 0.9744 - val_loss: 0.4744 - val_accuracy: 0.9044
Epoch 213/350
391/391 - 24s - loss: 0.1156 - accuracy: 0.9750 - val_loss: 0.4788 - val_accuracy: 0.9056
Epoch 214/350
391/391 - 24s - loss: 0.1179 - accuracy: 0.9733 - val_loss: 0.4673 - val_accuracy: 0.9075
Epoch 215/350
391/391 - 24s - loss: 0.1183 - accuracy: 0.9736 - val_loss: 0.4774 - val_accuracy: 0.9071
Epoch 216/350
391/391 - 24s - loss: 0.1164 - accuracy: 0.9751 - val_loss: 0.4630 - val_accuracy: 0.9074
Epoch 217/350
391/391 - 24s - loss: 0.1158 - accuracy: 0.9757 - val_loss: 0.4774 - val_accuracy: 0.9066
Epoch 218/350
391/391 - 24s - loss: 0.1171 - accuracy: 0.9751 - val_loss: 0.4732 - val_accuracy: 0.9068
Epoch 219/350
391/391 - 24s - loss: 0.1156 - accuracy: 0.9759 - val_loss: 0.4751 - val_accuracy: 0.9080
Epoch 220/350
391/391 - 24s - loss: 0.1152 - accuracy: 0.9753 - val_loss: 0.4707 - val_accuracy: 0.9081
Epoch 221/350
391/391 - 24s - loss: 0.1158 - accuracy: 0.9753 - val_loss: 0.4732 - val_accuracy: 0.9093
Epoch 222/350
391/391 - 24s - loss: 0.1142 - accuracy: 0.9755 - val_loss: 0.4759 - val_accuracy: 0.9062
Epoch 223/350
391/391 - 24s - loss: 0.1130 - accuracy: 0.9757 - val_loss: 0.4839 - val_accuracy: 0.9067
Epoch 224/350
391/391 - 24s - loss: 0.1141 - accuracy: 0.9756 - val_loss: 0.4849 - val_accuracy: 0.9067
Epoch 225/350
391/391 - 24s - loss: 0.1112 - accuracy: 0.9769 - val_loss: 0.4835 - val_accuracy: 0.9088
Epoch 226/350
391/391 - 24s - loss: 0.1101 - accuracy: 0.9773 - val_loss: 0.4793 - val_accuracy: 0.9067
Epoch 227/350
391/391 - 24s - loss: 0.1099 - accuracy: 0.9771 - val_loss: 0.4883 - val_accuracy: 0.9075
Epoch 228/350
391/391 - 24s - loss: 0.1117 - accuracy: 0.9766 - val_loss: 0.4846 - val_accuracy: 0.9068
Epoch 229/350
391/391 - 24s - loss: 0.1113 - accuracy: 0.9770 - val_loss: 0.4887 - val_accuracy: 0.9069
Epoch 230/350
391/391 - 24s - loss: 0.1106 - accuracy: 0.9780 - val_loss: 0.4913 - val_accuracy: 0.9084
Epoch 231/350
391/391 - 24s - loss: 0.1111 - accuracy: 0.9772 - val_loss: 0.4928 - val_accuracy: 0.9061
Epoch 232/350
391/391 - 24s - loss: 0.1088 - accuracy: 0.9774 - val_loss: 0.4902 - val_accuracy: 0.9089
Epoch 233/350
391/391 - 24s - loss: 0.1083 - accuracy: 0.9774 - val_loss: 0.5004 - val_accuracy: 0.9069
Epoch 234/350
391/391 - 24s - loss: 0.1099 - accuracy: 0.9774 - val_loss: 0.5012 - val_accuracy: 0.9065
Epoch 235/350
391/391 - 24s - loss: 0.1083 - accuracy: 0.9782 - val_loss: 0.4958 - val_accuracy: 0.9072
Epoch 236/350
391/391 - 24s - loss: 0.1092 - accuracy: 0.9777 - val_loss: 0.4910 - val_accuracy: 0.9074
Epoch 237/350
391/391 - 24s - loss: 0.1124 - accuracy: 0.9760 - val_loss: 0.4870 - val_accuracy: 0.9071
Epoch 238/350
391/391 - 24s - loss: 0.1120 - accuracy: 0.9765 - val_loss: 0.5053 - val_accuracy: 0.9056
Epoch 239/350
391/391 - 24s - loss: 0.1095 - accuracy: 0.9786 - val_loss: 0.4888 - val_accuracy: 0.9077
Epoch 240/350
391/391 - 24s - loss: 0.1090 - accuracy: 0.9773 - val_loss: 0.4836 - val_accuracy: 0.9088
Epoch 241/350
391/391 - 24s - loss: 0.1089 - accuracy: 0.9776 - val_loss: 0.4837 - val_accuracy: 0.9075
Epoch 242/350
391/391 - 24s - loss: 0.1063 - accuracy: 0.9784 - val_loss: 0.4906 - val_accuracy: 0.9081
Epoch 243/350
391/391 - 24s - loss: 0.1087 - accuracy: 0.9778 - val_loss: 0.4948 - val_accuracy: 0.9074
Epoch 244/350
391/391 - 24s - loss: 0.1090 - accuracy: 0.9783 - val_loss: 0.4913 - val_accuracy: 0.9076
Epoch 245/350
391/391 - 24s - loss: 0.1072 - accuracy: 0.9779 - val_loss: 0.4912 - val_accuracy: 0.9096
Epoch 246/350
391/391 - 24s - loss: 0.1076 - accuracy: 0.9783 - val_loss: 0.4884 - val_accuracy: 0.9076
Epoch 247/350
391/391 - 24s - loss: 0.1065 - accuracy: 0.9784 - val_loss: 0.4945 - val_accuracy: 0.9077
Epoch 248/350
391/391 - 24s - loss: 0.1070 - accuracy: 0.9782 - val_loss: 0.4959 - val_accuracy: 0.9083
Epoch 249/350
391/391 - 24s - loss: 0.1060 - accuracy: 0.9784 - val_loss: 0.4922 - val_accuracy: 0.9067
Epoch 250/350


Snapshot weight 8 shuffle 1 at epoch 250
Layer 11
Getting activations...


391/391 - 24s - loss: 0.1077 - accuracy: 0.9779 - val_loss: 0.5064 - val_accuracy: 0.9070
Epoch 251/350
391/391 - 24s - loss: 0.1065 - accuracy: 0.9777 - val_loss: 0.4974 - val_accuracy: 0.9092
Epoch 252/350
391/391 - 24s - loss: 0.1043 - accuracy: 0.9794 - val_loss: 0.4968 - val_accuracy: 0.9083
Epoch 253/350
391/391 - 24s - loss: 0.1035 - accuracy: 0.9793 - val_loss: 0.4961 - val_accuracy: 0.9079
Epoch 254/350
391/391 - 24s - loss: 0.1049 - accuracy: 0.9789 - val_loss: 0.4937 - val_accuracy: 0.9083
Epoch 255/350
391/391 - 24s - loss: 0.1051 - accuracy: 0.9793 - val_loss: 0.4897 - val_accuracy: 0.9082
Epoch 256/350
391/391 - 24s - loss: 0.1033 - accuracy: 0.9797 - val_loss: 0.4911 - val_accuracy: 0.9083
Epoch 257/350
391/391 - 24s - loss: 0.1063 - accuracy: 0.9787 - val_loss: 0.4914 - val_accuracy: 0.9076
Epoch 258/350
391/391 - 24s - loss: 0.1032 - accuracy: 0.9801 - val_loss: 0.4931 - val_accuracy: 0.9083
Epoch 259/350
391/391 - 24s - loss: 0.1029 - accuracy: 0.9800 - val_loss: 0.4912 - val_accuracy: 0.9089
Epoch 260/350
391/391 - 24s - loss: 0.1019 - accuracy: 0.9802 - val_loss: 0.4939 - val_accuracy: 0.9081
Epoch 261/350
391/391 - 24s - loss: 0.1062 - accuracy: 0.9787 - val_loss: 0.4951 - val_accuracy: 0.9077
Epoch 262/350
391/391 - 24s - loss: 0.1024 - accuracy: 0.9795 - val_loss: 0.4973 - val_accuracy: 0.9085
Epoch 263/350
391/391 - 24s - loss: 0.1050 - accuracy: 0.9796 - val_loss: 0.4935 - val_accuracy: 0.9087
Epoch 264/350
391/391 - 24s - loss: 0.1038 - accuracy: 0.9793 - val_loss: 0.4968 - val_accuracy: 0.9088
Epoch 265/350
391/391 - 24s - loss: 0.1040 - accuracy: 0.9792 - val_loss: 0.4941 - val_accuracy: 0.9075
Epoch 266/350
391/391 - 24s - loss: 0.1026 - accuracy: 0.9797 - val_loss: 0.4972 - val_accuracy: 0.9085
Epoch 267/350
391/391 - 24s - loss: 0.1036 - accuracy: 0.9797 - val_loss: 0.4995 - val_accuracy: 0.9073
Epoch 268/350
391/391 - 24s - loss: 0.1020 - accuracy: 0.9806 - val_loss: 0.4980 - val_accuracy: 0.9081
Epoch 269/350
391/391 - 24s - loss: 0.1011 - accuracy: 0.9811 - val_loss: 0.4973 - val_accuracy: 0.9076
Epoch 270/350
391/391 - 24s - loss: 0.1047 - accuracy: 0.9792 - val_loss: 0.4971 - val_accuracy: 0.9080
Epoch 271/350
391/391 - 24s - loss: 0.1056 - accuracy: 0.9783 - val_loss: 0.4948 - val_accuracy: 0.9077
Epoch 272/350
391/391 - 24s - loss: 0.1021 - accuracy: 0.9791 - val_loss: 0.4952 - val_accuracy: 0.9087
Epoch 273/350
391/391 - 24s - loss: 0.1047 - accuracy: 0.9789 - val_loss: 0.4945 - val_accuracy: 0.9078
Epoch 274/350
391/391 - 24s - loss: 0.1047 - accuracy: 0.9792 - val_loss: 0.4952 - val_accuracy: 0.9083
Epoch 275/350
391/391 - 24s - loss: 0.1023 - accuracy: 0.9800 - val_loss: 0.4942 - val_accuracy: 0.9079
Epoch 276/350
391/391 - 24s - loss: 0.1033 - accuracy: 0.9794 - val_loss: 0.4941 - val_accuracy: 0.9077
Epoch 277/350
391/391 - 24s - loss: 0.1049 - accuracy: 0.9795 - val_loss: 0.4975 - val_accuracy: 0.9079
Epoch 278/350
391/391 - 24s - loss: 0.1036 - accuracy: 0.9791 - val_loss: 0.4958 - val_accuracy: 0.9070
Epoch 279/350
391/391 - 24s - loss: 0.1033 - accuracy: 0.9795 - val_loss: 0.4961 - val_accuracy: 0.9081
Epoch 280/350
391/391 - 24s - loss: 0.1045 - accuracy: 0.9784 - val_loss: 0.4981 - val_accuracy: 0.9078
Epoch 281/350
391/391 - 24s - loss: 0.1036 - accuracy: 0.9798 - val_loss: 0.4987 - val_accuracy: 0.9083
Epoch 282/350
391/391 - 24s - loss: 0.1051 - accuracy: 0.9788 - val_loss: 0.4984 - val_accuracy: 0.9077
Epoch 283/350
391/391 - 24s - loss: 0.1060 - accuracy: 0.9786 - val_loss: 0.4939 - val_accuracy: 0.9089
Epoch 284/350
391/391 - 24s - loss: 0.1044 - accuracy: 0.9795 - val_loss: 0.4948 - val_accuracy: 0.9092
Epoch 285/350
391/391 - 24s - loss: 0.1036 - accuracy: 0.9796 - val_loss: 0.4995 - val_accuracy: 0.9079
Epoch 286/350
391/391 - 24s - loss: 0.1018 - accuracy: 0.9804 - val_loss: 0.5005 - val_accuracy: 0.9089
Epoch 287/350
391/391 - 24s - loss: 0.1059 - accuracy: 0.9789 - val_loss: 0.4962 - val_accuracy: 0.9091
Epoch 288/350
391/391 - 24s - loss: 0.1005 - accuracy: 0.9803 - val_loss: 0.4979 - val_accuracy: 0.9080
Epoch 289/350
391/391 - 24s - loss: 0.1035 - accuracy: 0.9797 - val_loss: 0.4969 - val_accuracy: 0.9082
Epoch 290/350
391/391 - 24s - loss: 0.1038 - accuracy: 0.9792 - val_loss: 0.4983 - val_accuracy: 0.9078
Epoch 291/350
391/391 - 24s - loss: 0.1008 - accuracy: 0.9799 - val_loss: 0.4986 - val_accuracy: 0.9085
Epoch 292/350
391/391 - 24s - loss: 0.1031 - accuracy: 0.9796 - val_loss: 0.4981 - val_accuracy: 0.9075
Epoch 293/350
391/391 - 24s - loss: 0.1048 - accuracy: 0.9789 - val_loss: 0.4966 - val_accuracy: 0.9074
Epoch 294/350
391/391 - 24s - loss: 0.0999 - accuracy: 0.9803 - val_loss: 0.4978 - val_accuracy: 0.9077
Epoch 295/350
391/391 - 24s - loss: 0.1038 - accuracy: 0.9798 - val_loss: 0.4973 - val_accuracy: 0.9072
Epoch 296/350
391/391 - 24s - loss: 0.1017 - accuracy: 0.9794 - val_loss: 0.4975 - val_accuracy: 0.9077
Epoch 297/350
391/391 - 24s - loss: 0.1017 - accuracy: 0.9797 - val_loss: 0.4999 - val_accuracy: 0.9085
Epoch 298/350
391/391 - 24s - loss: 0.1027 - accuracy: 0.9792 - val_loss: 0.4999 - val_accuracy: 0.9080
Epoch 299/350
391/391 - 24s - loss: 0.1043 - accuracy: 0.9791 - val_loss: 0.4960 - val_accuracy: 0.9078
Epoch 300/350


Snapshot weight 8 shuffle 1 at epoch 300
Layer 11
Getting activations...


391/391 - 24s - loss: 0.1035 - accuracy: 0.9795 - val_loss: 0.4984 - val_accuracy: 0.9080
Epoch 301/350
391/391 - 24s - loss: 0.1027 - accuracy: 0.9799 - val_loss: 0.4982 - val_accuracy: 0.9076
Epoch 302/350
391/391 - 24s - loss: 0.1021 - accuracy: 0.9803 - val_loss: 0.4981 - val_accuracy: 0.9079
Epoch 303/350
391/391 - 24s - loss: 0.1052 - accuracy: 0.9793 - val_loss: 0.4978 - val_accuracy: 0.9076
Epoch 304/350
391/391 - 24s - loss: 0.1028 - accuracy: 0.9807 - val_loss: 0.4980 - val_accuracy: 0.9075
Epoch 305/350
391/391 - 24s - loss: 0.1037 - accuracy: 0.9789 - val_loss: 0.4981 - val_accuracy: 0.9080
Epoch 306/350
391/391 - 24s - loss: 0.1042 - accuracy: 0.9795 - val_loss: 0.4979 - val_accuracy: 0.9078
Epoch 307/350
391/391 - 24s - loss: 0.1036 - accuracy: 0.9789 - val_loss: 0.4976 - val_accuracy: 0.9078
Epoch 308/350
391/391 - 24s - loss: 0.1032 - accuracy: 0.9794 - val_loss: 0.4976 - val_accuracy: 0.9081
Epoch 309/350
391/391 - 24s - loss: 0.1005 - accuracy: 0.9803 - val_loss: 0.4979 - val_accuracy: 0.9078
Epoch 310/350
391/391 - 24s - loss: 0.1027 - accuracy: 0.9797 - val_loss: 0.4980 - val_accuracy: 0.9079
Epoch 311/350
391/391 - 24s - loss: 0.1009 - accuracy: 0.9810 - val_loss: 0.4978 - val_accuracy: 0.9081
Epoch 312/350
391/391 - 24s - loss: 0.1020 - accuracy: 0.9804 - val_loss: 0.4980 - val_accuracy: 0.9084
Epoch 313/350
391/391 - 24s - loss: 0.1040 - accuracy: 0.9793 - val_loss: 0.4976 - val_accuracy: 0.9083
Epoch 314/350
391/391 - 24s - loss: 0.1009 - accuracy: 0.9809 - val_loss: 0.4980 - val_accuracy: 0.9082
Epoch 315/350
391/391 - 24s - loss: 0.1029 - accuracy: 0.9795 - val_loss: 0.4985 - val_accuracy: 0.9082
Epoch 316/350
391/391 - 24s - loss: 0.0994 - accuracy: 0.9810 - val_loss: 0.4985 - val_accuracy: 0.9082
Epoch 317/350
391/391 - 24s - loss: 0.1006 - accuracy: 0.9808 - val_loss: 0.4988 - val_accuracy: 0.9078
Epoch 318/350
391/391 - 24s - loss: 0.1017 - accuracy: 0.9803 - val_loss: 0.4988 - val_accuracy: 0.9080
Epoch 319/350
391/391 - 24s - loss: 0.1011 - accuracy: 0.9803 - val_loss: 0.4991 - val_accuracy: 0.9079
Epoch 320/350
391/391 - 24s - loss: 0.1026 - accuracy: 0.9804 - val_loss: 0.4989 - val_accuracy: 0.9081
Epoch 321/350
391/391 - 24s - loss: 0.1024 - accuracy: 0.9797 - val_loss: 0.4992 - val_accuracy: 0.9080
Epoch 322/350
391/391 - 24s - loss: 0.1005 - accuracy: 0.9811 - val_loss: 0.4991 - val_accuracy: 0.9081
Epoch 323/350
391/391 - 24s - loss: 0.1029 - accuracy: 0.9801 - val_loss: 0.4991 - val_accuracy: 0.9081
Epoch 324/350
391/391 - 24s - loss: 0.1015 - accuracy: 0.9796 - val_loss: 0.4988 - val_accuracy: 0.9077
Epoch 325/350
391/391 - 24s - loss: 0.1008 - accuracy: 0.9807 - val_loss: 0.4993 - val_accuracy: 0.9081
Epoch 326/350
391/391 - 24s - loss: 0.1029 - accuracy: 0.9798 - val_loss: 0.4990 - val_accuracy: 0.9079
Epoch 327/350
391/391 - 24s - loss: 0.1040 - accuracy: 0.9798 - val_loss: 0.4990 - val_accuracy: 0.9079
Epoch 328/350
391/391 - 24s - loss: 0.1001 - accuracy: 0.9810 - val_loss: 0.4995 - val_accuracy: 0.9079
Epoch 329/350
391/391 - 24s - loss: 0.1009 - accuracy: 0.9806 - val_loss: 0.4997 - val_accuracy: 0.9078
Epoch 330/350
391/391 - 24s - loss: 0.1016 - accuracy: 0.9805 - val_loss: 0.4996 - val_accuracy: 0.9078
Epoch 331/350
391/391 - 24s - loss: 0.1018 - accuracy: 0.9800 - val_loss: 0.4993 - val_accuracy: 0.9080
Epoch 332/350
391/391 - 24s - loss: 0.1019 - accuracy: 0.9802 - val_loss: 0.4993 - val_accuracy: 0.9080
Epoch 333/350
391/391 - 24s - loss: 0.1011 - accuracy: 0.9807 - val_loss: 0.4994 - val_accuracy: 0.9080
Epoch 334/350
391/391 - 24s - loss: 0.1020 - accuracy: 0.9799 - val_loss: 0.4991 - val_accuracy: 0.9080
Epoch 335/350
391/391 - 24s - loss: 0.1030 - accuracy: 0.9794 - val_loss: 0.4991 - val_accuracy: 0.9079
Epoch 336/350
391/391 - 24s - loss: 0.1046 - accuracy: 0.9785 - val_loss: 0.4988 - val_accuracy: 0.9080
Epoch 337/350
391/391 - 24s - loss: 0.1014 - accuracy: 0.9803 - val_loss: 0.4991 - val_accuracy: 0.9080
Epoch 338/350
391/391 - 24s - loss: 0.1014 - accuracy: 0.9804 - val_loss: 0.4988 - val_accuracy: 0.9078
Epoch 339/350
391/391 - 24s - loss: 0.1017 - accuracy: 0.9802 - val_loss: 0.4989 - val_accuracy: 0.9078
Epoch 340/350
391/391 - 24s - loss: 0.1026 - accuracy: 0.9805 - val_loss: 0.4986 - val_accuracy: 0.9077
Epoch 341/350
391/391 - 24s - loss: 0.1036 - accuracy: 0.9792 - val_loss: 0.4989 - val_accuracy: 0.9079
Epoch 342/350
391/391 - 24s - loss: 0.1040 - accuracy: 0.9795 - val_loss: 0.4987 - val_accuracy: 0.9078
Epoch 343/350
391/391 - 24s - loss: 0.1024 - accuracy: 0.9801 - val_loss: 0.4991 - val_accuracy: 0.9079
Epoch 344/350
391/391 - 24s - loss: 0.1045 - accuracy: 0.9790 - val_loss: 0.4994 - val_accuracy: 0.9080
Epoch 345/350
391/391 - 24s - loss: 0.1040 - accuracy: 0.9790 - val_loss: 0.4993 - val_accuracy: 0.9084
Epoch 346/350
391/391 - 24s - loss: 0.1019 - accuracy: 0.9799 - val_loss: 0.4995 - val_accuracy: 0.9082
Epoch 347/350
391/391 - 24s - loss: 0.1032 - accuracy: 0.9791 - val_loss: 0.4990 - val_accuracy: 0.9082
Epoch 348/350
391/391 - 24s - loss: 0.1026 - accuracy: 0.9799 - val_loss: 0.4989 - val_accuracy: 0.9081
Epoch 349/350
391/391 - 24s - loss: 0.1014 - accuracy: 0.9799 - val_loss: 0.4992 - val_accuracy: 0.9082
Epoch 350/350


Snapshot weight 8 shuffle 1 at epoch 350
Layer 11
Getting activations...


391/391 - 24s - loss: 0.1059 - accuracy: 0.9788 - val_loss: 0.4989 - val_accuracy: 0.9083
/usr/local/lib/python3.6/dist-packages/tensorflow/python/autograph/impl/api.py:493: UserWarning: fill_value is not supported and is always 0 for TensorFlow < 2.4.0.
  return py_builtins.overload_of(f)(*args)
WARNING:tensorflow:From /usr/local/lib/python3.6/dist-packages/tensorflow/python/training/tracking/tracking.py:111: Model.state_updates (from tensorflow.python.keras.engine.training) is deprecated and will be removed in a future version.
Instructions for updating:
This property should not be used in TensorFlow 2.0, as updates are applied automatically.
2021-07-01 23:35:23.517693: W tensorflow/python/util/util.cc:348] Sets are not currently considered sequences, but this may change in the future, so consider avoiding using them.
WARNING:tensorflow:From /usr/local/lib/python3.6/dist-packages/tensorflow/python/training/tracking/tracking.py:111: Layer.updates (from tensorflow.python.keras.engine.base_layer) is deprecated and will be removed in a future version.
Instructions for updating:
This property should not be used in TensorFlow 2.0, as updates are applied automatically.
Saving, final validation acc: 0.90829998254776
